##########################################################
#    Opium Report File                                   #
##########################################################
     Opium version:        4.1

### copy of the parameter file #######################

[Atom]
Tb
15
100   2.00 -
200   2.00 -
210   6.00 -
300   2.00 -
310   6.00 -
320  10.00 -
400   2.00 -
410   6.00 -
420  10.00 -
500   2.00 -
510   6.00 -
520   2.00 -
430   7.00 -
600   0.00 -
610   0.00 -

[Pseudo]
6 1.160902 1.339367 1.782821 0.546182 2.960023 3.459753
g

[KBDesign]
s

[Relativity]
srl

[xc]
pbe

[Gaussinfo]
19 5
2 2 2 2 4
2 8.90603212346355 161.39022530929435
2 4.96601719824629 89.41632089864748
2 8.83345870749067 88.55825626055199
2 3.63590188577323 56.57082245062704
2 7.54272166412203 55.99597593754248
2 2.43521719793383 29.67049687194678
2 8.69719285794941 -41.82873085294512
2 2.02666103356726 -6.14858635639979
1 8.28981431101173 19.00
3 8.28357785349310 157.5064719092228700
2 8.31070585705733 -129.99997797275725
2 2.68718190149603 4.29433023134202

#[Configs]
#12
#
#500   2.00 -
#510   6.00 -
#520   0.00 -
#430   9.00 -
#600   2.00 -
#610   0.00 -
#
#500   2.00 -
#510   6.00 -
#520   1.00 -
#430   8.00 -
#600   2.00 -
#610   0.00 -
#
#500   2.00 -
#510   6.00 -
#520   2.00 -
#430   8.00 -
#600   1.00 -
#610   0.00 -
#
#500   2.00 -
#510   6.00 -
#520   0.00 -
#430   8.00 -
#600   2.00 -
#610   1.00 -
#
#500   2.00 -
#510   6.00 -
#520   0.00 -
#430   9.00 -
#600   1.00 -
#610   0.00 -
#
#500   2.00 -
#510   6.00 -
#520   1.00 -
#430   8.00 -
#600   1.00 -
#610   0.00 -
#
#500   2.00 -
#510   6.00 -
#520   0.00 -
#430   8.00 -
#600   2.00 -
#610   0.00 -
#
#500   2.00 -
#510   6.00 -
#520   0.00 -
#430   9.00 -
#600   0.00 -
#610   0.00 -
#
#500   2.00 -
#510   6.00 -
#520   1.00 -
#430   8.00 -
#600   0.00 -
#610   0.00 -
#
#500   2.00 -
#510   6.00 -
#520   0.00 -
#430   8.00 -
#600   1.00 -
#610   0.00 -
#
#500   2.00 -
#510   6.00 -
#520   0.00 -
#430   8.00 -
#600   0.00 -
#610   0.00 -
#
#500   2.00 -
#510   6.00 -
#520   1.00 -
#430   7.00 -
#600   0.00 -
#610   0.00 -
#
##500   2.00 -
##510   6.00 -
##520   0.00 -
##430   7.00 -
##600   1.00 -
##610   0.00 -
##
##500   2.00 -
##510   6.00 -
##520   0.00 -
##430   7.00 -
##600   0.00 -
##610   0.00 -

### AE report ########################################

 AE:Orbital    Filling       Eigenvalues[Ry]          Norm
    ----------------------------------------------------------
	500	 2.000	      -5.0584562423	  0.6046616472
	510	 6.000	      -3.3046065857	  0.6030640111
	520	 2.000	      -1.2308227777	  0.6639237914
	430	 7.000	      -2.1985333921	  0.6979340273
	600	 0.000	      -1.1697391968	  0.6131147314
	610	 0.000	      -0.8323272735	  0.6629784561

      E_tot =   -23407.9112366712 Ry

### PS report ########################################

    Orbital       Ghost
    -----------------------------------------------------------------
	100 	    no
	210 	    no
	320 	    no
	430 	    no


### NL/SL report #####################################


 NL:Orbital    Filling       Eigenvalues[Ry]          Norm       Ghost
    ------------------------------------------------------------------
	100 	 2.000	      -5.1178458296	  0.6152132693	    no
	210 	 6.000	      -3.2809849472	  0.6060311029	    no
	320 	 2.000	      -1.1930646610	  0.6957548369	    no
	430 	 7.000	      -2.5225804809	  0.7211986836	    no
	200 	 0.000	      -1.1806371529	  0.5966370861	    no
	310 	 0.000	      -0.8348461434	  0.6537059181	    no

	 ========== No ghosts in potential!!========== 

      E_tot =     -248.2099285617 Ry

### KE report ########################################

	 ===   Ecut necessary for ~1    eV convergence error / electron === 
	 --------------------------------------------------------------- 
		 	 Ecut[Ry] 	 error [meV/e] 
	100  		   34 	          999.720 
	210  		   30 	          989.647 
	320  		   10 	          980.554 
	430  		   428 	          995.019 
	200  		   34 	          999.720 
	310  		   30 	          989.647 
	 ===   Ecut necessary for ~100 meV convergence error / electron === 
	 --------------------------------------------------------------- 
		 	 Ecut[Ry] 	 error [meV/e] 
	100  		   87 	           99.238 
	210  		   45 	           98.004 
	320  		   2331 	           99.616 
	430  		   586 	           99.966 
	200  		   87 	           99.238 
	310  		   45 	           98.004 

	 ===   Ecut necessary for  ~10 meV convergence error / electron === 
	 --------------------------------------------------------------- 
		 	 Ecut[Ry] 	 error [meV/e] 
	100  		   121 	            9.976 
	210  		   97 	            9.965 
	320  		   2484 	            9.168 
	430  		   756 	            9.968 
	200  		   121 	            9.976 
	310  		   97 	            9.965 

	 ===   Ecut necessary for   ~1 meV convergence error / electron === 
	 --------------------------------------------------------------- 
		 	 Ecut[Ry] 	 error [meV/e] 
	100  		   220 	            0.990 
	210  		   129 	            0.997 
	320  		   2493 	            0.615 
	430  		   974 	            0.995 
	200  		   220 	            0.990 
	310  		   129 	            0.997 

### TC report ########################################

Comparison of total energies
Config	 E_sl(Ry)	 E_nl(Ry)	 Delta(eV)
0     -248.209926     -248.209927        0.000006
MAD (eV): 6.24594e-06
