
 Primary working directories    : /global/cscratch1/sd/haihan
 Secondary working directories  : /global/cscratch1/sd/haihan
 Wavefunction directory         : /global/homes/h/haihan/Research/ECP/f_group_element_ecps/Lu/Molpro/atom/AE/nr_basis/wfu/
 Main file repository           : /global/cscratch1/sd/haihan/

 SHA1      : 19cd028119e0e09f93f0674bd8af7968d9b3eff6
 NAME      : 2015.1.36
 ARCHNAME  : linux/x86_64
 FC        : /opt/cray/pe/craype/2.5.14/bin/ftn
 BLASLIB   : -L/opt/intel/compilers_and_libraries_2018.1.163/linux/mkl/lib/intel64 -Wl,-_start-group -lmkl_intel_ilp64 -lmkl_intel_thread -lmkl_core -Wl,-_end-group -liomp5
 id        : lbl

 Nodes     nprocs
 nid01276    11
 Number of processes for MPI-2 version of Molpro:   nprocs(total)=   12   nprocs(compute)=   11   nprocs(helper)=    1

 Using customized tuning parameters: mindgm=7; mindgv=16; mindgc=1; mindgr=1; noblas=0; minvec=7
 default implementation of scratch files=sf  

 ***,Calculation for Lu atom, singlet and triplet
 memory,1,g
 
 gthresh,twoint=1.e-15
 gthresh,oneint=1.e-15
 
 
 geometry={
 1
 Lu
 Lu  0.0 0.0 0.0
 }
 
 basis={
 Including file /global/u2/h/haihan/Research/ECP/f_group_element_ecps/Lu/Molpro/atom/AE/nr_basis/4/../aug-cc-pwCVTZ.basis
 }
 
 
 
 Including file /global/u2/h/haihan/Research/ECP/f_group_element_ecps/Lu/Molpro/atom/AE/nr_basis/4/../Lu_states_ae.proc
 
 
 do i=4,4
     if (i.eq.1) then
         Id1s2
     else if (i.eq.2) then
         Ip1s2
     else if (i.eq.3) then
 IEd2s1
     else if (i.eq.4) then
         IEf1s2
     else if (i.eq.5) then
         IIds2
     else if (i.eq.6) then
         IId1s1
     else if (i.eq.7) then
         IIIds1
     else if (i.eq.8) then
 IIIp1
     else if (i.eq.9) then
         IIId1
     else if (i.eq.10) then
         IIIEf1
     else if (i.eq.11) then
         VIp6
     else if (i.eq.12) then
         VIIp5
     else if (i.eq.13) then
         VIIIp4
     else if (i.eq.14) then
         IXp3
     else if (i.eq.15) then
         Xp
     else if (i.eq.16) then
         XIds2
     else if (i.eq.17) then
         IIIEf2
     endif
     scf(i)=energy
                                                                                 !_CC_NORM_MAX=2.0
                                                                                 !{rccsd(t),maxit=100;core}
                                                                                 !ccsd(i)=energy
 enddo
 
 table,scf,                                                                      !ccsd
 type,csv
 save

 Variables initialized (889), CPU time= 0.00 sec
 Commands  initialized (702), CPU time= 0.01 sec, 572 directives.
 Default parameters read. Elapsed time= 0.18 sec

 Checking input...
 Passed
1


                                         ***  PROGRAM SYSTEM MOLPRO  ***
                                       Copyright, TTI GmbH Stuttgart, 2015
                                    Version 2015.1 linked Dec 29 2018 15:55:43


 **********************************************************************************************************************************
 LABEL *   Calculation for Lu atom, singlet and triplet                                  
  64 bit mpp version                                                                     DATE: 21-Mar-23          TIME: 21:25:09  
 **********************************************************************************************************************************

 SHA1:             19cd028119e0e09f93f0674bd8af7968d9b3eff6
 **********************************************************************************************************************************

 THRESHOLDS:

 ZERO    =  1.00D-12  ONEINT  =  1.00D-12  TWOINT  =  1.00D-15  PREFAC  =  1.00D-14  LOCALI  =  1.00D-09  EORDER  =  1.00D-04
 ENERGY  =  0.00D+00  ETEST   =  0.00D+00  EDENS   =  0.00D+00  THRDEDEF=  1.00D-06  GRADIENT=  1.00D-02  STEP    =  1.00D-03
 ORBITAL =  1.00D-05  CIVEC   =  1.00D-05  COEFF   =  1.00D-04  PRINTCI =  5.00D-02  PUNCHCI =  9.90D+01  OPTGRAD =  3.00D-04
 OPTENERG=  1.00D-06  OPTSTEP =  3.00D-04  THRGRAD =  1.00D-10  COMPRESS=  1.00D-11  VARMIN  =  1.00D-07  VARMAX  =  1.00D-03
 THRDOUB =  0.00D+00  THRDIV  =  1.00D-05  THRRED  =  1.00D-07  THRPSP  =  1.00D+00  THRDC   =  1.00D-10  THRCS   =  1.00D-10
 THRNRM  =  1.00D-08  THREQ   =  0.00D+00  THRDE   =  1.00D+00  THRREF  =  1.00D-05  SPARFAC =  1.00D+00  THRDLP  =  1.00D-07
 THRDIA  =  1.00D-10  THRDLS  =  1.00D-07  THRGPS  =  0.00D+00  THRKEX  =  0.00D+00  THRDIS  =  2.00D-01  THRVAR  =  1.00D-10
 THRLOC  =  1.00D-06  THRGAP  =  1.00D-06  THRLOCT = -1.00D+00  THRGAPT = -1.00D+00  THRORB  =  1.00D-06  THRMLTP =  0.00D+00
 THRCPQCI=  1.00D-10  KEXTA   =  0.00D+00  THRCOARS=  0.00D+00  SYMTOL  =  1.00D-06  GRADTOL =  1.00D-06  THROVL  =  1.00D-08
 THRORTH =  1.00D-08  GRID    =  1.00D-06  GRIDMAX =  1.00D-03  DTMAX   =  0.00D+00  THROCCDE=  1.00D-01  THROCCDE=  1.00D-01



 THRESHOLDS:

 ZERO    =  1.00D-12  ONEINT  =  1.00D-15  TWOINT  =  1.00D-15  PREFAC  =  1.00D-14  LOCALI  =  1.00D-09  EORDER  =  1.00D-04
 ENERGY  =  0.00D+00  ETEST   =  0.00D+00  EDENS   =  0.00D+00  THRDEDEF=  1.00D-06  GRADIENT=  1.00D-02  STEP    =  1.00D-03
 ORBITAL =  1.00D-05  CIVEC   =  1.00D-05  COEFF   =  1.00D-04  PRINTCI =  5.00D-02  PUNCHCI =  9.90D+01  OPTGRAD =  3.00D-04
 OPTENERG=  1.00D-06  OPTSTEP =  3.00D-04  THRGRAD =  1.00D-10  COMPRESS=  1.00D-11  VARMIN  =  1.00D-07  VARMAX  =  1.00D-03
 THRDOUB =  0.00D+00  THRDIV  =  1.00D-05  THRRED  =  1.00D-07  THRPSP  =  1.00D+00  THRDC   =  1.00D-10  THRCS   =  1.00D-10
 THRNRM  =  1.00D-08  THREQ   =  0.00D+00  THRDE   =  1.00D+00  THRREF  =  1.00D-05  SPARFAC =  1.00D+00  THRDLP  =  1.00D-07
 THRDIA  =  1.00D-10  THRDLS  =  1.00D-07  THRGPS  =  0.00D+00  THRKEX  =  0.00D+00  THRDIS  =  2.00D-01  THRVAR  =  1.00D-10
 THRLOC  =  1.00D-06  THRGAP  =  1.00D-06  THRLOCT = -1.00D+00  THRGAPT = -1.00D+00  THRORB  =  1.00D-06  THRMLTP =  0.00D+00
 THRCPQCI=  1.00D-10  KEXTA   =  0.00D+00  THRCOARS=  0.00D+00  SYMTOL  =  1.00D-06  GRADTOL =  1.00D-06  THROVL  =  1.00D-08
 THRORTH =  1.00D-08  GRID    =  1.00D-06  GRIDMAX =  1.00D-03  DTMAX   =  0.00D+00  THROCCDE=  1.00D-01  THROCCDE=  1.00D-01



Geometry recognized as XYZ


 Variable memory set to 1000000000 words,  buffer space   230000 words

 SETTING BASIS          =    USERDEF

 DO I                   =         4.00000000   

 Running procedure=IEF1S2


 Recomputing integrals since basis changed


 Using spherical harmonics



 PROGRAM * SEWARD (Integral evaluation for generally contracted gaussian basis sets)     Author: Roland Lindh, 1990

 Geometry written to block  1 of record 700

 Orientation using atomic masses  
 Molecule type: Atom
 Symmetry elements: X,Y,Z
 Rotational constants:       0.0000000      0.0000000      0.0000000 GHz  (calculated with average atomic masses)

 Point group  D2h 



 ATOMIC COORDINATES

 NR  ATOM    CHARGE       X              Y              Z

   1  LU     71.00    0.000000000    0.000000000    0.000000000

 NUCLEAR CHARGE:                   71
 NUMBER OF PRIMITIVE AOS:         581
 NUMBER OF SYMMETRY AOS:          442
 NUMBER OF CONTRACTIONS:          442   ( 103Ag  +  70B3u +  70B2u +  36B1g +  70B1u +  36B2g +  36B3g +  21Au  )
 NUMBER OF CORE ORBITALS:          23   (   8Ag  +   3B3u +   3B2u +   2B1g +   3B1u +   2B2g +   2B3g +   0Au  )
 NUMBER OF VALENCE ORBITALS:       17   (   4Ag  +   3B3u +   3B2u +   1B1g +   3B1u +   1B2g +   1B3g +   1Au  )


 NUCLEAR REPULSION ENERGY    0.00000000

 EXTRA SYMMETRY OF AOS IN SYMMETRY 1:   1 1 1 1 1 1 1 1 1 1   1 1 1 1 1 1 1 1 1 1   1 1 1 1 1 1 1 1 1 1   1 1 1 1 1 1 1 1 2 3
                                        2 3 2 3 2 3 2 3 2 3   2 3 2 3 2 3 2 3 2 3   2 3 2 3 2 3 2 3 2 3   2 3 2 3 2 3 2 3 2 3
                                        2 3 4 5 6 4 5 6 4 5   6 4 5 6 4 5 6 4 5 6   4 5 6
 EXTRA SYMMETRY OF AOS IN SYMMETRY 2:   1 1 1 1 1 1 1 1 1 1   1 1 1 1 1 1 1 1 1 1   1 1 1 1 1 1 1 1 1 1   1 2 3 2 3 2 3 2 3 2
                                        3 2 3 2 3 2 3 2 3 2   3 2 3 2 3 2 3 2 3 2   3 4 5 6 4 5 6 4 5 6
 EXTRA SYMMETRY OF AOS IN SYMMETRY 3:   1 1 1 1 1 1 1 1 1 1   1 1 1 1 1 1 1 1 1 1   1 1 1 1 1 1 1 1 1 1   1 2 3 2 3 2 3 2 3 2
                                        3 2 3 2 3 2 3 2 3 2   3 2 3 2 3 2 3 2 3 2   3 4 5 6 4 5 6 4 5 6
 EXTRA SYMMETRY OF AOS IN SYMMETRY 4:   1 1 1 1 1 1 1 1 1 1   1 1 1 1 1 1 1 1 1 1   1 1 2 3 2 3 2 3 2 3   2 3 2 3 2 3
 EXTRA SYMMETRY OF AOS IN SYMMETRY 5:   1 1 1 1 1 1 1 1 1 1   1 1 1 1 1 1 1 1 1 1   1 1 1 1 1 1 1 1 1 1   1 2 3 2 3 2 3 2 3 2
                                        3 2 3 2 3 2 3 2 3 2   3 2 3 2 3 2 3 2 3 2   3 4 5 6 4 5 6 4 5 6
 EXTRA SYMMETRY OF AOS IN SYMMETRY 6:   1 1 1 1 1 1 1 1 1 1   1 1 1 1 1 1 1 1 1 1   1 1 2 3 2 3 2 3 2 3   2 3 2 3 2 3
 EXTRA SYMMETRY OF AOS IN SYMMETRY 7:   1 1 1 1 1 1 1 1 1 1   1 1 1 1 1 1 1 1 1 1   1 1 2 3 2 3 2 3 2 3   2 3 2 3 2 3
 EXTRA SYMMETRY OF AOS IN SYMMETRY 8:   1 1 1 1 1 1 1 1 1 1   1 1 1 1 1 2 3 2 3 2   3

 Eigenvalues of metric

         1 0.333E-06 0.964E-06 0.340E-05 0.186E-04 0.475E-04 0.703E-04 0.799E-04 0.799E-04
         2 0.960E-06 0.179E-05 0.251E-04 0.110E-03 0.525E-03 0.525E-03 0.534E-03 0.156E-02
         3 0.960E-06 0.179E-05 0.251E-04 0.110E-03 0.525E-03 0.525E-03 0.534E-03 0.156E-02
         4 0.799E-04 0.144E-03 0.223E-02 0.632E-02 0.897E-02 0.238E-01 0.240E-01 0.240E-01
         5 0.960E-06 0.179E-05 0.251E-04 0.110E-03 0.525E-03 0.525E-03 0.534E-03 0.156E-02
         6 0.799E-04 0.144E-03 0.223E-02 0.632E-02 0.897E-02 0.238E-01 0.240E-01 0.240E-01
         7 0.799E-04 0.144E-03 0.223E-02 0.632E-02 0.897E-02 0.238E-01 0.240E-01 0.240E-01
         8 0.525E-03 0.142E-01 0.219E-01 0.528E-01 0.103E+00 0.167E+00 0.268E+00 0.268E+00


 Contracted 2-electron integrals neglected if value below      1.0D-15
 AO integral compression algorithm  1   Integral accuracy      1.0D-15

     3532.390 MB (compressed) written to integral file ( 42.0%)

     Node minimum: 172.753 MB, node maximum: 426.508 MB


 NUMBER OF SORTED TWO-ELECTRON INTEGRALS:   55754337.     BUFFER LENGTH:  32768
 NUMBER OF SEGMENTS:   2  SEGMENT LENGTH:   31983219      RECORD LENGTH: 524288

 Memory used in sort:      32.54 MW

 SORT1 READ  1050599776. AND WROTE    32342641. INTEGRALS IN     94 RECORDS. CPU TIME:    27.67 SEC, REAL TIME:    32.45 SEC
 SORT2 READ   352987961. AND WROTE   613618504. INTEGRALS IN  17897 RECORDS. CPU TIME:     0.93 SEC, REAL TIME:     4.25 SEC

 Node minimum:    55639389.  Node maximum:    55868715. integrals

 OPERATOR DM      FOR CENTER  0  COORDINATES:    0.000000    0.000000    0.000000


 **********************************************************************************************************************************
 DATASETS  * FILE   NREC   LENGTH (MB)   RECORD NAMES
              1      18       21.14       500      610      700      900      950      970     1000      129      960     1100   
                                          VAR    BASINP    GEOM    SYMINP    ZMAT    AOBASIS   BASIS     P2S    ABASIS      S 
                                         1400     1410     1200     1210     1080     1600     1650     1700   
                                           T        V       H0       H01     AOSYM     SMH    MOLCAS    OPER   

 PROGRAMS   *        TOTAL       INT
 CPU TIMES  *       159.94    159.51
 REAL TIME  *       170.66 SEC
 DISK USED  *         7.79 GB      
 GA USED    *         0.00 MB       (max)       0.00 MB       (current)
 **********************************************************************************************************************************


 PROGRAM * RHF-SCF (OPEN SHELL)       Authors: W. Meyer, H.-J. Werner


 NUMBER OF ELECTRONS:      36+   35-    SPACE SYMMETRY=2    SPIN SYMMETRY: Doublet 
 CONVERGENCE THRESHOLDS:    1.00E-05 (Density)    1.42E-07 (Energy)
 MAX. NUMBER OF ITERATIONS:       60
 INTERPOLATION TYPE:            DIIS
 INTERPOLATION STEPS:              2 (START)      1 (STEP)
 LEVEL SHIFTS:                 -0.60 (CLOSED) -0.30 (OPEN) 

 Number of closed-shell orbitals:   35 (  10   6   6   2   6   2   2   1 )
 Number of open-shell orbitals:      1 (   0   1   0   0   0   0   0   0 )


 
 Extra symmetries of mos in symmetry 2:   1   1   1   3   2   1   3   2
 Extra symmetries of mos in symmetry 3:   1   1   1   3   2   1   3   2
 Extra symmetries of mos in symmetry 5:   1   1   1   3   2   1   3   2
 Orbital guess generated from atomic densities. Full valence occupancy:   12   6   6   3   6   3   3   1


 Molecular orbital dump at record        4202.2

 ITERATION    DDIFF          GRAD             ENERGY        2-EL.EN.            DIPOLE MOMENTS         DIIS   ORB.
    1      0.000D+00      0.000D+00    -13849.33164946  10263.303625    0.00000    0.00000    0.00000    0    start
    2      0.000D+00      0.183D+00    -13850.09354111  10833.862834    0.00000    0.00000    0.00000    1    diag,B
    3      0.259D+02      0.847D-01    -13851.15936769  10481.840301    0.00000    0.00000    0.00000    2    diag,B
    4      0.114D-01      0.423D-01    -13851.55266972  10599.601534    0.00000    0.00000    0.00000    3    diag,B
    5      0.334D-02      0.221D-02    -13851.56379269  10592.233136    0.00000    0.00000    0.00000    4    diag,B
    6      0.251D-02      0.822D-03    -13851.57039312  10590.691184    0.00000    0.00000    0.00000    5    diag,B
    7      0.303D-02      0.484D-03    -13851.57397331  10588.396211    0.00000    0.00000    0.00000    6    fixocc
    8      0.273D-02      0.316D-03    -13851.57577536  10588.174820    0.00000    0.00000    0.00000    7    diag,B
    9      0.161D-02      0.226D-03    -13851.57695368  10587.935499    0.00000    0.00000    0.00000    8    diag,B
   10      0.969D-03      0.219D-03    -13851.57798004  10587.823488    0.00000    0.00000    0.00000    9    orth
   11      0.636D-03      0.219D-03    -13851.57689285  10587.898189    0.00000    0.00000    0.00000    9    diag,B
   12      0.471D-03      0.216D-03    -13851.57073038  10587.225510    0.00000    0.00000    0.00000    9    diag,B
   13      0.254D-02      0.207D-03    -13851.57109637  10587.949056    0.00000    0.00000    0.00000    9    diag,B
   14      0.464D-03      0.169D-03    -13851.56760273  10585.574436    0.00000    0.00000    0.00000    9    diag,B
   15      0.316D-02      0.178D-03    -13851.56794817  10587.119402    0.00000    0.00000    0.00000    9    diag,B
   16      0.106D-02      0.781D-04    -13851.56799751  10587.147231    0.00000    0.00000    0.00000    9    diag,B
   17      0.684D-03      0.745D-04    -13851.56801145  10586.731438    0.00000    0.00000    0.00000    9    diag,B
   18      0.608D-03      0.190D-04    -13851.56803012  10586.769742    0.00000    0.00000    0.00000    9    diag,B
   19      0.435D-03      0.736D-05    -13851.56803285  10586.847379    0.00000    0.00000    0.00000    9    diag,B
   20      0.168D-03      0.702D-05    -13851.56803293  10586.780265    0.00000    0.00000    0.00000    9    orth
   21      0.571D-04      0.402D-05    -13851.56803296  10586.819586    0.00000    0.00000    0.00000    9    diag,B
   22      0.229D-04      0.113D-05    -13851.56803296  10586.809938    0.00000    0.00000    0.00000    9    diag,B
   23      0.160D-04      0.508D-06    -13851.56803297  10586.811693    0.00000    0.00000    0.00000    9    diag,B
   24      0.418D-05      0.437D-06    -13851.56803299  10586.811902    0.00000    0.00000    0.00000    0    orth

 Final alpha occupancy:  10   7   6   2   6   2   2   1
 Final beta  occupancy:  10   6   6   2   6   2   2   1

 !RHF STATE 1.2 Energy               -13851.5680329858    
 Nuclear energy                         0.00000000
 One-electron energy               -19144.97398401
 Two-electron energy                 5293.40595103
 Virial quotient                       -0.99999739
 !RHF STATE 1.2 Dipole moment           0.00000000     0.00000000     0.00000000
 Dipole moment /Debye                   0.00000000     0.00000000     0.00000000

 ELECTRON ORBITALS
 =================


   Orb  Occ    Energy  Couls-En    Coefficients

                                   1 1s      1 1s      1 1s      1 1s      1 1s      1 1s      1 1s      1 1s      1 1s      1 1s   
                                   1 1s      1 1s      1 1s      1 1s      1 1s      1 1s      1 1s      1 1s      1 1s      1 1s   
                                   1 1s      1 1s      1 1s      1 1s      1 1s      1 1s      1 1s      1 1s      1 1s      1 1s   
                                   1 1s      1 1s      1 1s      1 1s      1 1s      1 1s      1 1s      1 1s      1 3d0     1 3d2+ 
                                   1 3d0     1 3d2+    1 3d0     1 3d2+    1 3d0     1 3d2+    1 3d0     1 3d2+    1 3d0     1 3d2+ 
                                   1 3d0     1 3d2+    1 3d0     1 3d2+    1 3d0     1 3d2+    1 3d0     1 3d2+    1 3d0     1 3d2+ 
                                   1 3d0     1 3d2+    1 3d0     1 3d2+    1 3d0     1 3d2+    1 3d0     1 3d2+    1 3d0     1 3d2+ 
                                   1 3d0     1 3d2+    1 3d0     1 3d2+    1 3d0     1 3d2+    1 3d0     1 3d2+    1 3d0     1 3d2+ 
                                   1 3d0     1 3d2+    1 5g0     1 5g4+    1 5g2+    1 5g0     1 5g4+    1 5g2+    1 5g0     1 5g4+ 
                                   1 5g2+    1 5g0     1 5g4+    1 5g2+    1 5g0     1 5g4+    1 5g2+    1 5g0     1 5g4+    1 5g2+ 
                                   1 5g0     1 5g4+    1 5g2+ 

   1.1   2 -2167.7986-4688.1051  0.000003  0.000009  0.000034  0.000101  0.000294  0.000807  0.002139  0.005456  0.013351  0.031067
                                 0.067662  0.133946  0.227566  0.299096  0.253236  0.101138  0.010334  0.001394 -0.000942  0.000005
                                 0.001026 -0.002667  0.002608 -0.000771  0.000265 -0.000092  0.000043 -0.000028  0.000021 -0.000022
                                 0.000021 -0.000027  0.000039 -0.000028  0.000011 -0.000004  0.000001 -0.000000 -0.000000  0.000000
                                -0.000000  0.000000 -0.000000  0.000000 -0.000000 -0.000000 -0.000000 -0.000000  0.000000  0.000000
                                 0.000000  0.000000 -0.000000  0.000000  0.000000 -0.000000 -0.000000  0.000000  0.000000 -0.000000
                                -0.000000  0.000000  0.000000  0.000000  0.000000  0.000000  0.000000 -0.000000 -0.000000  0.000000
                                 0.000000 -0.000000 -0.000000  0.000000  0.000000 -0.000000 -0.000000 -0.000000  0.000000  0.000000
                                -0.000000 -0.000000  0.000000  0.000000 -0.000000 -0.000000 -0.000000  0.000000  0.000000  0.000000
                                -0.000000 -0.000000 -0.000000  0.000000  0.000000 -0.000000 -0.000000 -0.000000  0.000000 -0.000000
                                 0.000000 -0.000000  0.000000

   2.1   2  -357.6366 -984.9535 -0.000001 -0.000003 -0.000011 -0.000033 -0.000097 -0.000268 -0.000711 -0.001820 -0.004492 -0.010637
                                -0.023980 -0.050687 -0.097271 -0.158381 -0.183756 -0.053208  0.292126  0.519608  0.318322 -0.000050
                                 0.058181 -0.001510  0.002476 -0.000367 -0.000127 -0.000039  0.000005  0.000005  0.000001  0.000000
                                -0.000000  0.000000 -0.000001  0.000000 -0.000000  0.000000 -0.000000  0.000000 -0.000000 -0.000000
                                -0.000000 -0.000000 -0.000000 -0.000000  0.000000  0.000000 -0.000001 -0.000000 -0.000002  0.000000
                                -0.000001  0.000000 -0.000001 -0.000000  0.000000  0.000000 -0.000001 -0.000000  0.000000  0.000000
                                -0.000000 -0.000000  0.000000 -0.000000 -0.000000 -0.000000  0.000000  0.000000  0.000000 -0.000000
                                 0.000000  0.000000 -0.000000 -0.000000  0.000000  0.000000 -0.000000  0.000000  0.000000 -0.000000
                                -0.000000  0.000000 -0.000001 -0.000000  0.000000  0.000000  0.000000 -0.000000 -0.000000 -0.000000
                                 0.000000  0.000000  0.000000 -0.000000 -0.000000  0.000000  0.000000  0.000000 -0.000000 -0.000000
                                -0.000000  0.000000 -0.000000

   3.1   2   -82.3330 -352.6848  0.000000  0.000001  0.000005  0.000016  0.000046  0.000125  0.000333  0.000853  0.002108  0.005003
                                 0.011345  0.024204  0.047396  0.079805  0.099143  0.033282 -0.219312 -0.521505 -0.399542 -0.002133
                                 0.393305  0.711181  0.087342  0.252740  0.007780  0.007143 -0.002383  0.001529 -0.001244  0.001281
                                -0.001223  0.001588 -0.002293  0.001676 -0.000643  0.000244 -0.000062  0.000011 -0.000000  0.000000
                                -0.000000 -0.000000 -0.000000 -0.000000 -0.000002 -0.000000 -0.000008 -0.000000 -0.000023 -0.000000
                                -0.000045 -0.000000 -0.000056 -0.000000 -0.000048  0.000000  0.000005 -0.000000 -0.000011  0.000000
                                -0.000000 -0.000000 -0.000001  0.000000 -0.000000 -0.000000 -0.000000 -0.000000 -0.000000 -0.000000
                                 0.000000 -0.000000 -0.000000 -0.000000  0.000000  0.000000 -0.000000 -0.000000  0.000000  0.000000
                                -0.000000 -0.000000 -0.000000  0.000000  0.000000  0.000002  0.000000 -0.000000 -0.000004 -0.000000
                                 0.000000 -0.000001 -0.000000  0.000000  0.000001 -0.000000 -0.000000 -0.000000  0.000000 -0.000000
                                 0.000000 -0.000000  0.000000

   4.1   2   -61.3026 -327.4051 -0.000000 -0.000000 -0.000000 -0.000000 -0.000000 -0.000000 -0.000000 -0.000000 -0.000000 -0.000000
                                -0.000000 -0.000000 -0.000000 -0.000000 -0.000000 -0.000000  0.000000  0.000000  0.000000 -0.000000
                                -0.000000 -0.000000 -0.000000 -0.000000  0.000000 -0.000000 -0.000000 -0.000000 -0.000000  0.000000
                                -0.000000  0.000000 -0.000000  0.000000 -0.000000  0.000000 -0.000000  0.000000 -0.000000  0.000028
                                -0.000000  0.000416 -0.000000  0.003215 -0.000000  0.016833 -0.000000  0.062907 -0.000001  0.170046
                                -0.000002  0.315491 -0.000003  0.369907 -0.000002  0.222063  0.000000 -0.001491 -0.000000  0.052078
                                -0.000000  0.003076 -0.000000  0.000628  0.000000 -0.000017 -0.000000  0.000047  0.000000 -0.000043
                                -0.000000  0.000153  0.000000 -0.000221 -0.000000  0.000110  0.000000 -0.000022 -0.000000  0.000008
                                 0.000000 -0.000002  0.000000  0.000000 -0.000008 -0.000000  0.000000  0.000001  0.000000 -0.000000
                                 0.000001  0.000000 -0.000000  0.000000  0.000000 -0.000000  0.000000 -0.000000  0.000000 -0.000000
                                 0.000000 -0.000000  0.000000

   5.1   2   -61.3022 -327.4113  0.000000  0.000000  0.000000  0.000000  0.000000  0.000000  0.000000  0.000000  0.000000  0.000001
                                 0.000002  0.000003  0.000007  0.000011  0.000014  0.000004 -0.000029 -0.000072 -0.000067 -0.000000
                                 0.000049  0.000121  0.000002  0.000053  0.000004 -0.000001 -0.000004 -0.000000  0.000001  0.000001
                                -0.000000  0.000000 -0.000000  0.000000 -0.000000  0.000000 -0.000000  0.000000  0.000028  0.000000
                                 0.000417  0.000000  0.003216  0.000000  0.016836  0.000000  0.062916  0.000000  0.170071  0.000001
                                 0.315532  0.000002  0.369908  0.000003  0.221994  0.000002 -0.001480 -0.000000  0.052051  0.000000
                                 0.003074  0.000000  0.000624  0.000000 -0.000018 -0.000000  0.000048  0.000000 -0.000043 -0.000000
                                 0.000153  0.000000 -0.000221 -0.000000  0.000110  0.000000 -0.000022 -0.000000  0.000008  0.000000
                                -0.000002 -0.000000 -0.000021  0.000000 -0.000000  0.000003 -0.000000  0.000000 -0.000004  0.000000
                                 0.000000  0.000000 -0.000000  0.000000 -0.000000  0.000000 -0.000000  0.000000 -0.000000  0.000000
                                -0.000000  0.000000 -0.000000

   6.1   2   -17.0004 -152.6033 -0.000000 -0.000001 -0.000003 -0.000008 -0.000022 -0.000060 -0.000161 -0.000412 -0.001019 -0.002417
                                -0.005495 -0.011731 -0.023130 -0.039109 -0.050097 -0.019395  0.120137  0.299972  0.262807  0.003205
                                -0.341186 -0.887321 -0.071914 -0.232107  0.783831  0.670792  0.105147 -0.010190  0.008126 -0.007010
                                 0.006466 -0.008183  0.011744 -0.008556  0.003275 -0.001241  0.000316 -0.000056  0.000000 -0.000000
                                 0.000000 -0.000000  0.000001 -0.000000  0.000007 -0.000000  0.000028 -0.000000  0.000078 -0.000000
                                 0.000144 -0.000000  0.000156 -0.000000 -0.000007  0.000000 -0.000029 -0.000000 -0.000334  0.000000
                                -0.000406  0.000000 -0.000402  0.000000 -0.000036  0.000000  0.000022  0.000000 -0.000001  0.000000
                                 0.000020  0.000000 -0.000029 -0.000000  0.000015  0.000000 -0.000003  0.000000  0.000001 -0.000000
                                -0.000000  0.000000  0.000029  0.000000 -0.000000 -0.000101  0.000000  0.000000 -0.000027  0.000000
                                 0.000000  0.000074  0.000000 -0.000000 -0.000071  0.000000  0.000000  0.000029 -0.000000 -0.000000
                                -0.000009  0.000000 -0.000000

   7.1   2    -8.3328 -132.1795  0.000000  0.000000  0.000000  0.000000  0.000000  0.000000  0.000000  0.000000  0.000000  0.000000
                                 0.000000  0.000000  0.000000  0.000000  0.000000  0.000000 -0.000000 -0.000000 -0.000000 -0.000000
                                 0.000000  0.000000  0.000000 -0.000000 -0.000000 -0.000000 -0.000000  0.000000  0.000000 -0.000000
                                 0.000000 -0.000000  0.000000 -0.000000  0.000000 -0.000000  0.000000 -0.000000  0.000000 -0.000014
                                 0.000000 -0.000202  0.000000 -0.001558  0.000000 -0.008244  0.000000 -0.031194  0.000001 -0.086348
                                 0.000001 -0.159324  0.000001 -0.165916 -0.000000  0.042732 -0.000000  0.004358 -0.000003  0.371516
                                -0.000003  0.465620 -0.000002  0.231818 -0.000000  0.032291  0.000000 -0.000672 -0.000000  0.001435
                                 0.000000 -0.004875 -0.000000  0.006988  0.000000 -0.003491 -0.000000  0.000695  0.000000 -0.000251
                                -0.000000  0.000067  0.000000  0.000000 -0.000041  0.000000  0.000000 -0.000063  0.000000 -0.000000
                                -0.000234  0.000000 -0.000000 -0.000206 -0.000000 -0.000000  0.000193  0.000000  0.000000 -0.000077
                                -0.000000 -0.000000  0.000025

   8.1   2    -8.3301 -132.2959 -0.000000 -0.000000 -0.000000 -0.000000 -0.000000 -0.000000 -0.000000 -0.000001 -0.000001 -0.000003
                                -0.000008 -0.000016 -0.000032 -0.000053 -0.000072 -0.000037  0.000172  0.000403  0.000396  0.000014
                                -0.000547 -0.000970 -0.000479 -0.000167  0.000828  0.002246 -0.000676 -0.001055  0.000215 -0.000046
                                 0.000132 -0.000143  0.000215 -0.000159  0.000062 -0.000023  0.000006 -0.000001 -0.000014 -0.000000
                                -0.000202 -0.000000 -0.001561 -0.000000 -0.008259 -0.000000 -0.031253 -0.000000 -0.086505 -0.000001
                                -0.159631 -0.000001 -0.166150 -0.000001  0.042840  0.000000  0.004793  0.000000  0.372100  0.000003
                                 0.466611  0.000003  0.230140  0.000002  0.031082  0.000000 -0.000517 -0.000000  0.001360  0.000000
                                -0.004507 -0.000000  0.006455  0.000000 -0.003221 -0.000000  0.000641  0.000000 -0.000231 -0.000000
                                 0.000061  0.000000 -0.000042 -0.000000 -0.000000 -0.000346  0.000000 -0.000000 -0.000498 -0.000000
                                -0.000000  0.000103 -0.000000  0.000000 -0.000088  0.000000 -0.000000  0.000037  0.000000 -0.000000
                                -0.000012 -0.000000  0.000000

   9.1   2    -2.3767  -62.7453  0.000000  0.000000  0.000001  0.000003  0.000008  0.000023  0.000060  0.000154  0.000381  0.000902
                                 0.002057  0.004382  0.008677  0.014612  0.019179  0.008451 -0.046808 -0.115385 -0.107568 -0.002244
                                 0.150354  0.387910  0.052478  0.086352 -0.462997 -0.687070  0.034837  0.761575  0.486223  0.042345
                                 0.013727 -0.014289  0.020284 -0.014520  0.005452 -0.002041  0.000516 -0.000091 -0.000000  0.000000
                                -0.000001  0.000000 -0.000009  0.000000 -0.000049  0.000000 -0.000177  0.000000 -0.000518  0.000000
                                -0.000888  0.000000 -0.001081  0.000000  0.001029 -0.000000 -0.001463  0.000000  0.003914 -0.000000
                                 0.002298 -0.000000  0.001522 -0.000000 -0.010406  0.000000 -0.007936  0.000000  0.004337  0.000000
                                -0.011129 -0.000000  0.016136  0.000000 -0.008099 -0.000000  0.001635  0.000000 -0.000595 -0.000000
                                 0.000160  0.000000 -0.000023 -0.000000  0.000000 -0.000148 -0.000000  0.000000  0.000292  0.000000
                                -0.000000  0.004447  0.000000 -0.000000 -0.003149 -0.000000  0.000000  0.001407  0.000000 -0.000000
                                -0.000438 -0.000000  0.000000

  10.1   2    -0.2726  -32.7822 -0.000000 -0.000000 -0.000000 -0.000000 -0.000000 -0.000001 -0.000003 -0.000009 -0.000022 -0.000051
                                -0.000116 -0.000248 -0.000490 -0.000826 -0.001085 -0.000479  0.002654  0.006556  0.006137  0.000128
                                -0.008644 -0.022787 -0.002697 -0.005273  0.028443  0.045210 -0.004033 -0.062143 -0.075548 -0.062181
                                 0.075118  0.204907  0.018446  0.061041 -0.009673  0.004824 -0.001361  0.000259  0.000003 -0.000000
                                 0.000037 -0.000000  0.000290 -0.000000  0.001534 -0.000000  0.005831 -0.000000  0.016146 -0.000000
                                 0.029899 -0.000000  0.030138 -0.000000 -0.012472  0.000000 -0.004806  0.000000 -0.078847  0.000000
                                -0.103550  0.000000  0.001268 -0.000000  0.233202 -0.000001  0.421597 -0.000001  0.420354 -0.000002
                                -0.070703  0.000000  0.316409 -0.000001 -0.140812  0.000001  0.038490 -0.000000 -0.014603  0.000000
                                 0.004102 -0.000000 -0.000074 -0.000000  0.000000  0.000222  0.000000 -0.000000 -0.001908 -0.000000
                                 0.000000 -0.026384 -0.000000  0.000000  0.011566 -0.000000  0.000000 -0.013917  0.000000  0.000001
                                 0.003660 -0.000000  0.000000

  11.1   0    -0.0921  -19.0980 -0.000000 -0.000000 -0.000000 -0.000001 -0.000002 -0.000005 -0.000013 -0.000034 -0.000084 -0.000199
                                -0.000453 -0.000966 -0.001913 -0.003222 -0.004232 -0.001868  0.010350  0.025556  0.023913  0.000497
                                -0.033640 -0.088263 -0.010791 -0.020213  0.108990  0.172856 -0.013109 -0.236514 -0.257800 -0.142291
                                 0.160547  0.494721  0.159320  0.277305  0.090023  0.023115 -0.002315  0.000483 -0.000001  0.000000
                                -0.000008  0.000000 -0.000062  0.000000 -0.000324  0.000000 -0.001237  0.000000 -0.003411  0.000000
                                -0.006354  0.000000 -0.006311  0.000000  0.002272 -0.000000  0.001872  0.000000  0.015867 -0.000000
                                 0.022362 -0.000000 -0.000808 -0.000000 -0.046350  0.000001 -0.085781  0.000001 -0.122450  0.000002
                                -0.031691  0.000013 -0.068981 -0.000021  0.018105  0.000019 -0.019120 -0.000038  0.003945 -0.000008
                                -0.001345  0.000001  0.000045 -0.000000 -0.000000 -0.000088  0.000000 -0.000000  0.001053 -0.000000
                                -0.000000  0.009022  0.000004 -0.000001 -0.003926 -0.000008  0.000001  0.005889  0.000011 -0.000002
                                -0.000376 -0.000027  0.000005

  12.1   0    -0.0164  -22.3235 -0.000000 -0.000000 -0.000000 -0.000000 -0.000000 -0.000000 -0.000000 -0.000000 -0.000000 -0.000000
                                -0.000000 -0.000000 -0.000000 -0.000000 -0.000000 -0.000000  0.000000  0.000001  0.000001  0.000000
                                -0.000001 -0.000004 -0.000000 -0.000001  0.000005  0.000007 -0.000000 -0.000011 -0.000011 -0.000009
                                 0.000011  0.000037  0.000000  0.000030 -0.000026 -0.000024 -0.000010 -0.000002 -0.000000  0.000002
                                -0.000000  0.000025 -0.000000  0.000193 -0.000000  0.001017 -0.000000  0.003867 -0.000000  0.010704
                                -0.000000  0.019831 -0.000000  0.019985  0.000000 -0.008069  0.000000 -0.003346  0.000000 -0.051894
                                 0.000001 -0.068499 -0.000000 -0.000558 -0.000001  0.147104 -0.000002  0.272740 -0.000004  0.332426
                                -0.000001  0.099551 -0.000001  0.234525  0.000005  0.039316  0.000009  0.223234  0.000002  0.081908
                                -0.000000  0.024245  0.000000  0.000003 -0.000040 -0.000000 -0.000015  0.000145  0.000000  0.000061
                                -0.001331  0.000000 -0.005646 -0.014604 -0.000000  0.012749  0.003272  0.000000 -0.019631 -0.012218
                                -0.000000  0.037815 -0.006208

                                   1 2px     1 2px     1 2px     1 2px     1 2px     1 2px     1 2px     1 2px     1 2px     1 2px  
                                   1 2px     1 2px     1 2px     1 2px     1 2px     1 2px     1 2px     1 2px     1 2px     1 2px  
                                   1 2px     1 2px     1 2px     1 2px     1 2px     1 2px     1 2px     1 2px     1 2px     1 2px  
                                   1 2px     1 4f1+    1 4f3+    1 4f1+    1 4f3+    1 4f1+    1 4f3+    1 4f1+    1 4f3+    1 4f1+ 
                                   1 4f3+    1 4f1+    1 4f3+    1 4f1+    1 4f3+    1 4f1+    1 4f3+    1 4f1+    1 4f3+    1 4f1+ 
                                   1 4f3+    1 4f1+    1 4f3+    1 4f1+    1 4f3+    1 4f1+    1 4f3+    1 4f1+    1 4f3+    1 4f1+ 
                                   1 4f3+    1 6h1+    1 6h3+    1 6h5+    1 6h1+    1 6h3+    1 6h5+    1 6h1+    1 6h3+    1 6h5+ 


   1.2   2  -341.5555 -968.2977  0.000000  0.000000  0.000001  0.000013  0.000094  0.000578  0.002971  0.012728  0.045142  0.128439
                                 0.272906  0.376433  0.264986  0.067451  0.003829 -0.002267  0.004604 -0.005129  0.003801 -0.001493
                                 0.000302 -0.000303  0.000298 -0.000119  0.000302  0.000022 -0.000014 -0.000300  0.000007 -0.000003
                                 0.000001 -0.000001 -0.000000 -0.000002  0.000000 -0.000002  0.000000  0.000000 -0.000000  0.000001
                                 0.000000 -0.000000 -0.000000  0.000000  0.000000 -0.000000 -0.000000 -0.000000  0.000000 -0.000000
                                 0.000000 -0.000000  0.000000 -0.000000  0.000000  0.000000  0.000000 -0.000000  0.000000  0.000000
                                -0.000000 -0.000000  0.000000  0.000000  0.000000 -0.000000 -0.000000 -0.000000 -0.000000  0.000000

   2.2   2   -74.9266 -343.3715 -0.000000 -0.000000 -0.000001 -0.000006 -0.000047 -0.000287 -0.001478 -0.006403 -0.023181 -0.068784
                                -0.155652 -0.229201 -0.091539  0.325241  0.543551  0.247863  0.007288  0.017220  0.011978 -0.004022
                                 0.001549 -0.001546  0.001538 -0.000629  0.001645  0.000116 -0.000074 -0.001631  0.000037 -0.000016
                                 0.000003  0.000000  0.000000 -0.000001 -0.000000 -0.000004 -0.000000 -0.000006 -0.000000 -0.000014
                                -0.000000 -0.000003  0.000000 -0.000008  0.000000  0.000002 -0.000000  0.000004 -0.000000  0.000003
                                -0.000000  0.000001 -0.000000  0.000000 -0.000000 -0.000000 -0.000000  0.000000  0.000000 -0.000000
                                -0.000000 -0.000001  0.000000  0.000000 -0.000000  0.000000 -0.000000 -0.000000  0.000000 -0.000000

   3.2   2   -13.9123 -145.7835  0.000000  0.000000  0.000000  0.000003  0.000022  0.000136  0.000704  0.003055  0.011124  0.033290
                                 0.076601  0.114559  0.034731 -0.240236 -0.436355 -0.049377  0.057654  0.499891  0.064006  0.473731
                                 0.115387 -0.020132  0.022844 -0.008638  0.022730  0.001602 -0.001021 -0.022542  0.000506 -0.000216
                                 0.000048 -0.000000  0.000000 -0.000002  0.000000 -0.000008  0.000000 -0.000033  0.000000 -0.000101
                                 0.000000 -0.000016 -0.000000 -0.000177  0.000000 -0.000132  0.000000 -0.000141  0.000000 -0.000054
                                 0.000000 -0.000017  0.000000 -0.000005  0.000000  0.000001 -0.000000 -0.000001  0.000000  0.000000
                                -0.000000 -0.000073  0.000000  0.000000 -0.000004  0.000000 -0.000000  0.000016 -0.000000 -0.000000

   4.2   2    -1.1469 -105.2241  0.000000  0.000000  0.000000  0.000000  0.000000  0.000000  0.000000  0.000000  0.000000  0.000000
                                 0.000000  0.000000  0.000000 -0.000000 -0.000000  0.000000 -0.000000  0.000000 -0.000000  0.000000
                                -0.000000 -0.000000 -0.000000 -0.000000  0.000000  0.000000 -0.000000 -0.000000  0.000000 -0.000000
                                 0.000000 -0.000000  0.000745 -0.000000  0.007132 -0.000000  0.035373 -0.000000  0.109000 -0.000000
                                 0.225788 -0.000000  0.000410 -0.000000  0.315351 -0.000000  0.322010 -0.000000  0.242436 -0.000000
                                 0.124626 -0.000000  0.031515 -0.000000  0.000638  0.000000  0.000562 -0.000000 -0.000369  0.000000
                                 0.000132  0.000000 -0.000079  0.000000  0.000000 -0.000314 -0.000000  0.000000 -0.000600  0.000000

   5.2   2    -1.1358 -105.2665 -0.000000 -0.000000 -0.000000 -0.000000 -0.000000 -0.000002 -0.000009 -0.000040 -0.000145 -0.000434
                                -0.001002 -0.001503 -0.000423  0.003395  0.006361 -0.000400 -0.000178 -0.011066 -0.000119 -0.011046
                                 0.006289  0.021363 -0.001446  0.016997  0.007936  0.004100 -0.000058 -0.007855  0.000176 -0.000076
                                 0.000017  0.000746  0.000000  0.007141  0.000000  0.035414  0.000000  0.109133  0.000000  0.226060
                                 0.000000  0.000413  0.000000  0.315657  0.000000  0.322115  0.000000  0.241559  0.000000  0.122556
                                 0.000000  0.031872 -0.000000  0.002078 -0.000000  0.000108  0.000000 -0.000094  0.000000  0.000044
                                -0.000000 -0.000436  0.000000 -0.000000 -0.001290 -0.000000 -0.000000 -0.000966  0.000000  0.000000

   6.2   2    -1.4551  -55.8243 -0.000000 -0.000000 -0.000000 -0.000001 -0.000007 -0.000046 -0.000238 -0.001031 -0.003759 -0.011271
                                -0.026010 -0.039048 -0.010996  0.087879  0.164342 -0.010803 -0.000117 -0.287896  0.008738 -0.296104
                                 0.137273  0.547730 -0.020700  0.453928  0.265835  0.085415 -0.013019 -0.263383  0.005814 -0.002473
                                 0.000547 -0.000024  0.000000 -0.000231  0.000000 -0.001139  0.000000 -0.003524  0.000000 -0.007161
                                 0.000000 -0.000191  0.000000 -0.010008  0.000000 -0.010627  0.000000 -0.009179  0.000000 -0.012712
                                 0.000000 -0.010001  0.000000 -0.000992  0.000000 -0.000280 -0.000000  0.000131  0.000000 -0.000054
                                 0.000000  0.000003 -0.000000 -0.000000 -0.000511  0.000000  0.000000  0.000231 -0.000000 -0.000000

   7.2   +    -0.0248   -6.3472 -0.000000 -0.000000 -0.000000 -0.000000 -0.000000 -0.000000 -0.000000 -0.000000 -0.000000 -0.000001
                                -0.000002 -0.000003 -0.000001  0.000008  0.000015 -0.000001 -0.000001 -0.000024 -0.000002 -0.000026
                                 0.000014  0.000064 -0.000012  0.000073 -0.000889  0.000006 -0.000185  0.000564 -0.000138  0.000016
                                -0.000004 -0.000000 -0.000002 -0.000000 -0.000030 -0.000000 -0.000103 -0.000000 -0.000496 -0.000000
                                 0.000061 -0.000000 -0.001588 -0.000000  0.000214 -0.000000 -0.002320 -0.000000  0.001326 -0.000001
                                -0.003875  0.000002  0.013508  0.000011 -0.052295  0.000012  0.201056  0.000011 -0.248589  0.000003
                                 1.121113  0.000000 -0.000005 -0.000000 -0.000000  0.000048  0.000000  0.000000 -0.000141 -0.000000

   8.2   0     7.1740  -52.8216 -0.000000 -0.000000 -0.000000 -0.000000 -0.000000 -0.000001 -0.000003 -0.000017 -0.000055 -0.000190
                                -0.000375 -0.000719  0.000117  0.000594  0.005907 -0.026255  0.062530 -0.110394  0.126447 -0.092861
                                 0.081022 -0.122225  0.113071 -0.042408  0.149191  0.009241 -0.006793 -0.147850  0.003278 -0.001406
                                 0.000310 -0.000216 -0.000000 -0.009004 -0.000000 -0.016347 -0.000000 -0.157657 -0.000001  0.340529
                                 0.000002 -0.987106 -0.000004  0.621580  0.000003 -1.009734 -0.000005  2.249622  0.000010 -1.790618
                                -0.000008  0.905997  0.000004 -0.637689 -0.000003  0.537309  0.000003 -0.265986 -0.000001  0.086089
                                 0.000000 -0.001062  0.000000  0.000000 -0.002186 -0.000000 -0.000002 -0.001748  0.000000  0.000001

   9.2   0    -0.0271  -12.7000  0.000000  0.000000  0.000000  0.000000  0.000001  0.000007  0.000035  0.000151  0.000550  0.001649
                                 0.003808  0.005712  0.001611 -0.012974 -0.024123  0.000952  0.002161  0.039824  0.003059  0.042541
                                -0.022703 -0.104238  0.020380 -0.119804  1.826570 -0.010043  0.297869 -1.343542  0.324823  0.032263
                                 0.017139  0.000001 -0.000000  0.000007 -0.000000  0.000027 -0.000000  0.000108 -0.000000  0.000076
                                 0.000000  0.000213 -0.000001  0.000085  0.000001  0.000433 -0.000001  0.000009  0.000001  0.001389
                                -0.000003 -0.002429  0.000010 -0.017874 -0.000047 -0.017734  0.000146 -0.008821 -0.000258 -0.009557
                                 0.000712 -0.000001 -0.000000  0.000001  0.000174  0.000000 -0.000006 -0.000039 -0.000000  0.000015

                                   1 2py     1 2py     1 2py     1 2py     1 2py     1 2py     1 2py     1 2py     1 2py     1 2py  
                                   1 2py     1 2py     1 2py     1 2py     1 2py     1 2py     1 2py     1 2py     1 2py     1 2py  
                                   1 2py     1 2py     1 2py     1 2py     1 2py     1 2py     1 2py     1 2py     1 2py     1 2py  
                                   1 2py     1 4f1-    1 4f3-    1 4f1-    1 4f3-    1 4f1-    1 4f3-    1 4f1-    1 4f3-    1 4f1- 
                                   1 4f3-    1 4f1-    1 4f3-    1 4f1-    1 4f3-    1 4f1-    1 4f3-    1 4f1-    1 4f3-    1 4f1- 
                                   1 4f3-    1 4f1-    1 4f3-    1 4f1-    1 4f3-    1 4f1-    1 4f3-    1 4f1-    1 4f3-    1 4f1- 
                                   1 4f3-    1 6h1-    1 6h3-    1 6h5-    1 6h1-    1 6h3-    1 6h5-    1 6h1-    1 6h3-    1 6h5- 


   1.3   2  -341.5555 -968.2977  0.000000  0.000000  0.000001  0.000013  0.000094  0.000578  0.002971  0.012728  0.045142  0.128439
                                 0.272906  0.376433  0.264986  0.067451  0.003829 -0.002267  0.004604 -0.005129  0.003801 -0.001493
                                 0.000302 -0.000303  0.000298 -0.000119  0.000302  0.000022 -0.000014 -0.000300  0.000007 -0.000003
                                 0.000001 -0.000001 -0.000000 -0.000002  0.000000 -0.000002  0.000000  0.000000 -0.000000  0.000001
                                 0.000000 -0.000000 -0.000000  0.000000  0.000000 -0.000000 -0.000000 -0.000000  0.000000 -0.000000
                                 0.000000 -0.000000  0.000000 -0.000000  0.000000  0.000000  0.000000 -0.000000 -0.000000  0.000000
                                 0.000000 -0.000000  0.000000 -0.000000  0.000000 -0.000000  0.000000 -0.000000 -0.000000 -0.000000

   2.3   2   -74.9266 -343.3715 -0.000000 -0.000000 -0.000001 -0.000006 -0.000047 -0.000287 -0.001478 -0.006403 -0.023181 -0.068784
                                -0.155652 -0.229201 -0.091539  0.325241  0.543551  0.247863  0.007288  0.017220  0.011978 -0.004022
                                 0.001549 -0.001546  0.001538 -0.000629  0.001645  0.000116 -0.000074 -0.001631  0.000037 -0.000016
                                 0.000003  0.000000  0.000000 -0.000001 -0.000000 -0.000004  0.000000 -0.000006 -0.000000 -0.000014
                                -0.000000 -0.000003  0.000000 -0.000008  0.000000  0.000002  0.000000  0.000004 -0.000000  0.000003
                                -0.000000  0.000001 -0.000000  0.000000 -0.000000 -0.000000 -0.000000  0.000000  0.000000 -0.000000
                                -0.000000 -0.000001  0.000000 -0.000000 -0.000000  0.000000  0.000000 -0.000000  0.000000  0.000000

   3.3   2   -13.9123 -145.7835  0.000000  0.000000  0.000000  0.000003  0.000022  0.000136  0.000704  0.003055  0.011124  0.033290
                                 0.076601  0.114559  0.034731 -0.240236 -0.436355 -0.049377  0.057654  0.499891  0.064006  0.473731
                                 0.115387 -0.020132  0.022844 -0.008638  0.022730  0.001602 -0.001021 -0.022542  0.000506 -0.000216
                                 0.000048 -0.000000  0.000000 -0.000002  0.000000 -0.000008  0.000000 -0.000033  0.000000 -0.000101
                                 0.000000 -0.000016 -0.000000 -0.000177  0.000000 -0.000132  0.000000 -0.000141  0.000000 -0.000054
                                 0.000000 -0.000017  0.000000 -0.000005  0.000000  0.000001 -0.000000 -0.000001  0.000000  0.000000
                                -0.000000 -0.000073  0.000000 -0.000000 -0.000004  0.000000  0.000000  0.000016 -0.000000  0.000000

   4.3   2    -1.1469 -105.2240  0.000000  0.000000  0.000000  0.000000  0.000000  0.000000  0.000000  0.000000  0.000000  0.000000
                                 0.000000  0.000000  0.000000 -0.000000 -0.000000  0.000000 -0.000000  0.000000 -0.000000  0.000000
                                -0.000000 -0.000000 -0.000000 -0.000000  0.000000  0.000000  0.000000 -0.000000  0.000000 -0.000000
                                 0.000000 -0.000000  0.000745 -0.000000  0.007132 -0.000000  0.035373 -0.000000  0.109000 -0.000000
                                 0.225788 -0.000000  0.000410 -0.000000  0.315350 -0.000000  0.322010 -0.000000  0.242437 -0.000000
                                 0.124626 -0.000000  0.031517 -0.000000  0.000640  0.000000  0.000562 -0.000000 -0.000370  0.000000
                                 0.000133  0.000000 -0.000079  0.000000  0.000000 -0.000314 -0.000000  0.000000 -0.000600  0.000000

   5.3   2    -1.1358 -105.2665 -0.000000 -0.000000 -0.000000 -0.000000 -0.000000 -0.000002 -0.000009 -0.000040 -0.000145 -0.000434
                                -0.001002 -0.001503 -0.000423  0.003395  0.006361 -0.000400 -0.000178 -0.011066 -0.000119 -0.011046
                                 0.006289  0.021363 -0.001446  0.016997  0.007936  0.004100 -0.000058 -0.007855  0.000176 -0.000076
                                 0.000017  0.000746  0.000000  0.007141  0.000000  0.035414  0.000000  0.109133  0.000000  0.226060
                                 0.000000  0.000413  0.000000  0.315657  0.000000  0.322115  0.000000  0.241559  0.000000  0.122556
                                 0.000000  0.031872 -0.000000  0.002078 -0.000000  0.000108  0.000000 -0.000094 -0.000000  0.000044
                                 0.000000 -0.000436  0.000000  0.000000 -0.001290  0.000000  0.000000 -0.000966  0.000000 -0.000000

   6.3   2    -1.4551  -55.8243 -0.000000 -0.000000 -0.000000 -0.000001 -0.000007 -0.000046 -0.000238 -0.001031 -0.003759 -0.011271
                                -0.026010 -0.039048 -0.010996  0.087879  0.164342 -0.010803 -0.000117 -0.287896  0.008738 -0.296104
                                 0.137273  0.547731 -0.020700  0.453928  0.265834  0.085414 -0.013019 -0.263383  0.005814 -0.002473
                                 0.000547 -0.000024  0.000000 -0.000231  0.000000 -0.001139  0.000000 -0.003524  0.000000 -0.007161
                                 0.000000 -0.000191  0.000000 -0.010008  0.000000 -0.010627  0.000000 -0.009179  0.000000 -0.012712
                                 0.000000 -0.010001  0.000000 -0.000992  0.000000 -0.000280 -0.000000  0.000131  0.000000 -0.000054
                                -0.000000  0.000003 -0.000000  0.000000 -0.000511  0.000000 -0.000000  0.000231 -0.000000  0.000000

   7.3   0     0.0526   -5.8609 -0.000000 -0.000000 -0.000000 -0.000000 -0.000000 -0.000000 -0.000000 -0.000000 -0.000001 -0.000002
                                -0.000005 -0.000008 -0.000001  0.000014  0.000045 -0.000101  0.000234 -0.000436  0.000434 -0.000331
                                 0.000205 -0.000411  0.000950 -0.000588  0.187091  0.000621 -0.002364 -0.194210  0.018691 -0.013498
                                 0.003697 -0.000000 -0.000001 -0.000000 -0.000026 -0.000000 -0.000049 -0.000000 -0.000443 -0.000000
                                 0.000852 -0.000000 -0.002582 -0.000000  0.001386 -0.000001 -0.002744 -0.000000  0.002767 -0.000002
                                -0.006595  0.000005  0.019819  0.000028 -0.096194  0.000036  0.304510 -0.000042 -0.524510  0.000160
                                 1.287967  0.000000 -0.000003  0.000000 -0.000000  0.000032 -0.000000  0.000000 -0.000095  0.000000

   8.3   0     7.1740  -52.8216 -0.000000 -0.000000 -0.000000 -0.000000 -0.000000 -0.000001 -0.000003 -0.000017 -0.000055 -0.000190
                                -0.000375 -0.000719  0.000117  0.000594  0.005906 -0.026253  0.062526 -0.110388  0.126439 -0.092856
                                 0.081019 -0.122219  0.113064 -0.042404  0.149170  0.009240 -0.006792 -0.147829  0.003277 -0.001405
                                 0.000310 -0.000216 -0.000000 -0.009004 -0.000000 -0.016347 -0.000000 -0.157657 -0.000000  0.340529
                                 0.000001 -0.987106 -0.000003  0.621580  0.000002 -1.009734 -0.000003  2.249622  0.000007 -1.790618
                                -0.000005  0.905997  0.000003 -0.637689 -0.000002  0.537309  0.000002 -0.265986 -0.000001  0.086089
                                 0.000000 -0.001062  0.000000 -0.000000 -0.002186 -0.000000  0.000002 -0.001748  0.000000 -0.000001

                                   1 3d2-    1 3d2-    1 3d2-    1 3d2-    1 3d2-    1 3d2-    1 3d2-    1 3d2-    1 3d2-    1 3d2- 
                                   1 3d2-    1 3d2-    1 3d2-    1 3d2-    1 3d2-    1 3d2-    1 3d2-    1 3d2-    1 3d2-    1 3d2- 
                                   1 3d2-    1 3d2-    1 5g2-    1 5g4-    1 5g2-    1 5g4-    1 5g2-    1 5g4-    1 5g2-    1 5g4- 
                                   1 5g2-    1 5g4-    1 5g2-    1 5g4-    1 5g2-    1 5g4- 

   1.4   2   -61.3026 -327.4051  0.000028  0.000416  0.003215  0.016833  0.062907  0.170046  0.315491  0.369907  0.222063 -0.001491
                                 0.052078  0.003076  0.000628 -0.000017  0.000047 -0.000043  0.000153 -0.000221  0.000110 -0.000022
                                 0.000008 -0.000002 -0.000008 -0.000000  0.000001 -0.000000  0.000001  0.000000  0.000000  0.000000
                                 0.000000  0.000000 -0.000000 -0.000000  0.000000  0.000000

   2.4   2    -8.3328 -132.1795 -0.000014 -0.000202 -0.001558 -0.008244 -0.031194 -0.086348 -0.159324 -0.165916  0.042732  0.004358
                                 0.371516  0.465620  0.231818  0.032291 -0.000672  0.001435 -0.004875  0.006988 -0.003491  0.000695
                                -0.000251  0.000067 -0.000041 -0.000000 -0.000063 -0.000000 -0.000234  0.000000 -0.000206  0.000000
                                 0.000193  0.000000 -0.000077 -0.000000  0.000025  0.000000

   3.4   0    -0.0164  -22.3202  0.000002  0.000025  0.000193  0.001017  0.003867  0.010703  0.019828  0.019982 -0.008067 -0.003345
                                -0.051887 -0.068489 -0.000558  0.147084  0.272702  0.332379  0.099533  0.234540  0.039302  0.223334
                                 0.081973  0.024237 -0.000040 -0.000003  0.000145  0.000015 -0.001330 -0.000061 -0.014600  0.005653
                                 0.003268 -0.012761 -0.012212  0.019655 -0.006220 -0.037852

   4.4   0     0.0101   -4.9132 -0.000001 -0.000008 -0.000059 -0.000309 -0.001186 -0.003251 -0.006106 -0.005940  0.001680  0.002922
                                 0.014121  0.021922 -0.001049 -0.043081 -0.089815 -0.068933 -0.501180  1.039247 -0.974521  0.738744
                                -0.762075  1.340176  0.000012 -0.000003 -0.000042  0.000015  0.000394 -0.000059  0.005247  0.005786
                                -0.002968 -0.012996  0.005936  0.020526 -0.005860 -0.034694

                                   1 2pz     1 2pz     1 2pz     1 2pz     1 2pz     1 2pz     1 2pz     1 2pz     1 2pz     1 2pz  
                                   1 2pz     1 2pz     1 2pz     1 2pz     1 2pz     1 2pz     1 2pz     1 2pz     1 2pz     1 2pz  
                                   1 2pz     1 2pz     1 2pz     1 2pz     1 2pz     1 2pz     1 2pz     1 2pz     1 2pz     1 2pz  
                                   1 2pz     1 4f0     1 4f2+    1 4f0     1 4f2+    1 4f0     1 4f2+    1 4f0     1 4f2+    1 4f0  
                                   1 4f2+    1 4f0     1 4f2+    1 4f0     1 4f2+    1 4f0     1 4f2+    1 4f0     1 4f2+    1 4f0  
                                   1 4f2+    1 4f0     1 4f2+    1 4f0     1 4f2+    1 4f0     1 4f2+    1 4f0     1 4f2+    1 4f0  
                                   1 4f2+    1 6h2+    1 6h4+    1 6h0     1 6h2+    1 6h4+    1 6h0     1 6h2+    1 6h4+    1 6h0  


   1.5   2  -341.5543 -968.2966  0.000000  0.000000  0.000001  0.000013  0.000094  0.000578  0.002971  0.012728  0.045142  0.128439
                                 0.272906  0.376432  0.264987  0.067451  0.003827 -0.002267  0.004604 -0.005129  0.003801 -0.001493
                                 0.000302 -0.000303  0.000298 -0.000119  0.000302  0.000022 -0.000014 -0.000299  0.000007 -0.000003
                                 0.000001 -0.000000 -0.000000  0.000000 -0.000000  0.000002 -0.000000 -0.000002 -0.000000  0.000001
                                 0.000000 -0.000002 -0.000000  0.000000  0.000000  0.000000 -0.000000  0.000001 -0.000000  0.000000
                                -0.000000  0.000000 -0.000000  0.000000  0.000000  0.000000  0.000000 -0.000000 -0.000000  0.000000
                                 0.000000  0.000000 -0.000000 -0.000000 -0.000000  0.000000  0.000000  0.000000 -0.000000 -0.000000

   2.5   2   -74.9223 -343.3673 -0.000000 -0.000000 -0.000001 -0.000006 -0.000047 -0.000287 -0.001478 -0.006403 -0.023181 -0.068784
                                -0.155653 -0.229201 -0.091540  0.325248  0.543556  0.247835  0.007314  0.017203  0.011991 -0.004023
                                 0.001548 -0.001550  0.001539 -0.000634  0.001648  0.000113 -0.000075 -0.001634  0.000037 -0.000016
                                 0.000003  0.000000  0.000000 -0.000000 -0.000000 -0.000008  0.000000 -0.000028 -0.000000 -0.000024
                                -0.000000  0.000019  0.000000  0.000000 -0.000000 -0.000005  0.000000 -0.000009  0.000000 -0.000005
                                 0.000000 -0.000002  0.000000 -0.000001 -0.000000  0.000000 -0.000000 -0.000000  0.000000  0.000000
                                 0.000000  0.000000  0.000000 -0.000001  0.000000 -0.000000 -0.000000 -0.000000  0.000000  0.000000

   3.5   2   -13.9021 -145.7960  0.000000  0.000000  0.000000  0.000003  0.000022  0.000136  0.000705  0.003056  0.011128  0.033301
                                 0.076627  0.114597  0.034743 -0.240337 -0.436516 -0.049306  0.057632  0.500047  0.064319  0.473854
                                 0.114771 -0.020303  0.022897 -0.008619  0.022784  0.001634 -0.001016 -0.022596  0.000508 -0.000216
                                 0.000048 -0.000000  0.000000 -0.000001  0.000000 -0.000003  0.000000 -0.000006  0.000000  0.000071
                                 0.000000 -0.000133 -0.000000  0.000052  0.000000 -0.000444  0.000000 -0.000331  0.000000  0.000068
                                 0.000000  0.000023  0.000000  0.000013  0.000000 -0.000007 -0.000000  0.000004  0.000000 -0.000001
                                -0.000000  0.000000  0.000000 -0.000093 -0.000000  0.000000 -0.000005 -0.000000  0.000000  0.000017

   4.5   2    -1.1420 -105.3670  0.000000  0.000000  0.000000  0.000000  0.000000  0.000000  0.000000  0.000000  0.000000  0.000000
                                 0.000000  0.000000  0.000000 -0.000000 -0.000000  0.000000  0.000000  0.000000 -0.000000  0.000000
                                -0.000000 -0.000000  0.000000 -0.000000  0.000000 -0.000000 -0.000000 -0.000000  0.000000 -0.000000
                                 0.000000 -0.000000  0.000747 -0.000000  0.007145 -0.000000  0.035435 -0.000000  0.109196 -0.000001
                                 0.226172 -0.000000  0.000416 -0.000001  0.315834 -0.000001  0.322498 -0.000001  0.242293 -0.000000
                                 0.122732 -0.000000  0.029972 -0.000000  0.000637  0.000000  0.000492 -0.000000 -0.000325  0.000000
                                 0.000117 -0.000271  0.000000  0.000000 -0.000852  0.000000  0.000000 -0.000794 -0.000000  0.000000

   5.5   2    -1.1337 -105.2540 -0.000000 -0.000000 -0.000000 -0.000000 -0.000000 -0.000000 -0.000001 -0.000005 -0.000018 -0.000053
                                -0.000122 -0.000181 -0.000055  0.000412  0.000702  0.000300 -0.000712 -0.000042 -0.001137 -0.000650
                                -0.001429  0.002652 -0.003229  0.009284 -0.009571  0.009935  0.002841  0.009483 -0.000176  0.000070
                                -0.000015  0.000746  0.000000  0.007141  0.000000  0.035417  0.000000  0.109143  0.000000  0.226082
                                 0.000001  0.000424  0.000000  0.315684  0.000001  0.322075  0.000001  0.241440  0.000001  0.123296
                                 0.000000  0.033351  0.000000  0.002842 -0.000000 -0.000025  0.000000  0.000004 -0.000000  0.000016
                                 0.000000  0.000000 -0.000000 -0.000500 -0.000000  0.000000 -0.001420  0.000000 -0.000000 -0.001079

   6.5   2    -1.4343  -55.4717 -0.000000 -0.000000 -0.000000 -0.000001 -0.000007 -0.000046 -0.000236 -0.001025 -0.003736 -0.011204
                                -0.025854 -0.038816 -0.010924  0.087348  0.163435 -0.011296  0.001083 -0.288137  0.010792 -0.295978
                                 0.138886  0.544609 -0.024834  0.446373  0.207938  0.101125 -0.004335 -0.205954  0.004598 -0.001965
                                 0.000435 -0.000012  0.000000 -0.000116  0.000000 -0.000572  0.000000 -0.001779  0.000000 -0.003661
                                 0.000000 -0.000050  0.000000 -0.005176  0.000000 -0.005284  0.000000 -0.003129  0.000000 -0.003524
                                 0.000000  0.004810  0.000000  0.006560  0.000000 -0.002076 -0.000000  0.001230  0.000000 -0.000388
                                -0.000000  0.000000  0.000000 -0.000028  0.000000 -0.000000 -0.000588 -0.000000  0.000000 -0.000329

   7.5   0     0.0478   -5.8108 -0.000000  0.000000  0.000000  0.000000  0.000000  0.000000  0.000000  0.000000  0.000000  0.000000
                                 0.000000  0.000001 -0.000000 -0.000000 -0.000007  0.000036 -0.000084  0.000140 -0.000156  0.000102
                                -0.000065  0.000189 -0.000354  0.000264 -0.067181 -0.000221  0.000634  0.069580 -0.006225  0.004656
                                -0.001309  0.000000 -0.000000  0.000000 -0.000022  0.000000 -0.000033  0.000002 -0.000391 -0.000004
                                 0.000943  0.000012 -0.002557 -0.000007  0.001510  0.000012 -0.002580 -0.000013  0.002817  0.000031
                                -0.006553 -0.000092  0.019231  0.000446 -0.096353 -0.001373  0.295605  0.002629 -0.540636 -0.006057
                                 1.301356 -0.000005  0.000000  0.000000  0.000048 -0.000001 -0.000000 -0.000127  0.000003  0.000001

   8.5   0     7.1831  -52.7791 -0.000000 -0.000000 -0.000000 -0.000000 -0.000000 -0.000002 -0.000007 -0.000034 -0.000111 -0.000374
                                -0.000756 -0.001401  0.000152  0.001440  0.010884 -0.044586  0.105453 -0.187841  0.214121 -0.163741
                                 0.161316 -0.254288  0.232956 -0.084960  0.283372  0.017578 -0.012777 -0.280881  0.006227 -0.002650
                                 0.000583 -0.000216 -0.000000 -0.008997 -0.000000 -0.016346 -0.000000 -0.157533 -0.000001  0.339989
                                 0.000003 -0.985894 -0.000009  0.620625  0.000006 -1.008261 -0.000009  2.248878  0.000020 -1.791721
                                -0.000016  0.906657  0.000008 -0.637836 -0.000006  0.537332  0.000005 -0.265967 -0.000002  0.086079
                                 0.000001  0.000000 -0.000000 -0.001222 -0.000000  0.000000 -0.002406  0.000000 -0.000000 -0.002015

                                   1 3d1+    1 3d1+    1 3d1+    1 3d1+    1 3d1+    1 3d1+    1 3d1+    1 3d1+    1 3d1+    1 3d1+ 
                                   1 3d1+    1 3d1+    1 3d1+    1 3d1+    1 3d1+    1 3d1+    1 3d1+    1 3d1+    1 3d1+    1 3d1+ 
                                   1 3d1+    1 3d1+    1 5g1+    1 5g3+    1 5g1+    1 5g3+    1 5g1+    1 5g3+    1 5g1+    1 5g3+ 
                                   1 5g1+    1 5g3+    1 5g1+    1 5g3+    1 5g1+    1 5g3+ 

   1.6   2   -61.3004 -327.4035  0.000028  0.000416  0.003215  0.016833  0.062907  0.170046  0.315492  0.369915  0.222066 -0.001498
                                 0.052065  0.003075  0.000634 -0.000016  0.000047 -0.000043  0.000153 -0.000221  0.000111 -0.000022
                                 0.000008 -0.000002 -0.000017 -0.000000  0.000002  0.000000 -0.000003 -0.000000  0.000000  0.000000
                                -0.000000 -0.000000  0.000000  0.000000 -0.000000 -0.000000

   2.6   2    -8.3260 -132.1911 -0.000014 -0.000202 -0.001559 -0.008246 -0.031202 -0.086366 -0.159367 -0.165928  0.042677  0.004576
                                 0.371384  0.465902  0.231709  0.031825 -0.000712  0.001433 -0.004846  0.006946 -0.003469  0.000691
                                -0.000249  0.000066 -0.000042 -0.000000 -0.000260  0.000000 -0.000426  0.000000  0.000008  0.000000
                                 0.000000 -0.000000  0.000001  0.000000 -0.000000  0.000000

   3.6   0     0.0057  -13.3025  0.000001  0.000016  0.000124  0.000653  0.002480  0.006876  0.012710  0.012880 -0.005452 -0.001507
                                -0.033900 -0.043633 -0.000621  0.095314  0.170221  0.219152 -0.044509  0.441307 -0.168976  0.445201
                                -0.141173  0.557591 -0.000030 -0.000000  0.000090  0.000000 -0.000822 -0.000000 -0.011553  0.000002
                                 0.003750 -0.000003 -0.016406  0.000006 -0.002476 -0.000010

   4.6   0     0.0120   -7.6252 -0.000001 -0.000012 -0.000091 -0.000478 -0.001831 -0.005030 -0.009419 -0.009230  0.002847  0.003910
                                 0.022370  0.033551 -0.001286 -0.067130 -0.133869 -0.110458 -0.659287  1.291258 -1.294940  0.751859
                                -1.344869  1.585006  0.000022  0.000000 -0.000068 -0.000000  0.000613  0.000000  0.008157 -0.000001
                                -0.002021  0.000002  0.010591 -0.000004  0.001527  0.000006

                                   1 3d1-    1 3d1-    1 3d1-    1 3d1-    1 3d1-    1 3d1-    1 3d1-    1 3d1-    1 3d1-    1 3d1- 
                                   1 3d1-    1 3d1-    1 3d1-    1 3d1-    1 3d1-    1 3d1-    1 3d1-    1 3d1-    1 3d1-    1 3d1- 
                                   1 3d1-    1 3d1-    1 5g1-    1 5g3-    1 5g1-    1 5g3-    1 5g1-    1 5g3-    1 5g1-    1 5g3- 
                                   1 5g1-    1 5g3-    1 5g1-    1 5g3-    1 5g1-    1 5g3- 

   1.7   2   -61.3004 -327.4035  0.000028  0.000416  0.003215  0.016833  0.062907  0.170046  0.315492  0.369915  0.222066 -0.001498
                                 0.052065  0.003075  0.000634 -0.000016  0.000047 -0.000043  0.000153 -0.000221  0.000111 -0.000022
                                 0.000008 -0.000002 -0.000017 -0.000000  0.000002  0.000000 -0.000003 -0.000000  0.000000  0.000000
                                -0.000000 -0.000000  0.000000  0.000000 -0.000000 -0.000000

   2.7   2    -8.3260 -132.1911 -0.000014 -0.000202 -0.001559 -0.008246 -0.031202 -0.086366 -0.159367 -0.165928  0.042677  0.004576
                                 0.371384  0.465902  0.231709  0.031825 -0.000712  0.001433 -0.004846  0.006946 -0.003469  0.000691
                                -0.000249  0.000066 -0.000042 -0.000000 -0.000260  0.000000 -0.000426  0.000000  0.000008  0.000000
                                 0.000000 -0.000000  0.000001  0.000000 -0.000000 -0.000000

   3.7   0     0.0057  -13.3015  0.000001  0.000016  0.000124  0.000653  0.002480  0.006876  0.012709  0.012879 -0.005451 -0.001506
                                -0.033899 -0.043631 -0.000621  0.095310  0.170212  0.219145 -0.044565  0.441416 -0.169088  0.445262
                                -0.141284  0.557722 -0.000030  0.000000  0.000090 -0.000000 -0.000822  0.000000 -0.011553 -0.000001
                                 0.003751  0.000002 -0.016405 -0.000002 -0.002472  0.000010

   4.7   0     0.0120   -7.6261 -0.000001 -0.000012 -0.000091 -0.000478 -0.001831 -0.005030 -0.009420 -0.009231  0.002848  0.003910
                                 0.022373  0.033555 -0.001286 -0.067136 -0.133881 -0.110471 -0.659316  1.291305 -1.294993  0.751881
                                -1.344943  1.585001  0.000022 -0.000000 -0.000068  0.000000  0.000613 -0.000000  0.008158  0.000000
                                -0.002021 -0.000001  0.010592 -0.000000  0.001525 -0.000004

                                   1 4f2-    1 4f2-    1 4f2-    1 4f2-    1 4f2-    1 4f2-    1 4f2-    1 4f2-    1 4f2-    1 4f2- 
                                   1 4f2-    1 4f2-    1 4f2-    1 4f2-    1 4f2-    1 6h4-    1 6h2-    1 6h4-    1 6h2-    1 6h4- 
                                   1 6h2- 

   1.8   2    -1.1420 -105.3670  0.000747  0.007145  0.035435  0.109196  0.226172  0.000416  0.315834  0.322498  0.242293  0.122732
                                 0.029972  0.000637  0.000492 -0.000325  0.000117 -0.000000 -0.000271 -0.000000 -0.000852  0.000000
                                -0.000794

   2.8   0     0.0478   -5.8109 -0.000000 -0.000022 -0.000033 -0.000391  0.000943 -0.002557  0.001510 -0.002580  0.002817 -0.006552
                                 0.019230 -0.096350  0.295599 -0.540603  1.301346 -0.000000 -0.000005  0.000001  0.000048 -0.000003
                                -0.000127

   3.8   0     0.1219   -8.2720 -0.000010 -0.000052 -0.000424 -0.000686 -0.005171  0.005478 -0.007582  0.001235 -0.008601  0.015527
                                -0.033287  0.271058 -0.629541  2.058220 -1.206761 -0.000000 -0.000022  0.000002  0.000229 -0.000005
                                -0.000613

 HOMO      7.2    -0.024761 =      -0.6738eV
 LUMO     11.1    -0.092097 =      -2.5061eV
 LUMO-HOMO        -0.067336 =      -1.8323eV


 **********************************************************************************************************************************
 DATASETS  * FILE   NREC   LENGTH (MB)   RECORD NAMES
              1      18       21.19       500      610      700      900      950      970     1000      129      960     1100   
                                          VAR    BASINP    GEOM    SYMINP    ZMAT    AOBASIS   BASIS     P2S    ABASIS      S 
                                         1400     1410     1200     1210     1080     1600     1650     1700   
                                           T        V       H0       H01     AOSYM     SMH    MOLCAS    OPER   

              2       5        6.25       200      700     1000      520     4202   
                                        OPTIONS   GEOM     BASIS   MCVARS     RHF  

 PROGRAMS   *        TOTAL       RHF       INT
 CPU TIMES  *       164.96      5.00    159.51
 REAL TIME  *       176.69 SEC
 DISK USED  *         8.14 GB      
 SF USED    *         0.12 MB      
 GA USED    *         0.00 MB       (max)       0.00 MB       (current)
 **********************************************************************************************************************************


 PROGRAM * RHF-SCF (OPEN SHELL)       Authors: W. Meyer, H.-J. Werner


 NUMBER OF ELECTRONS:      36+   35-    SPACE SYMMETRY=2    SPIN SYMMETRY: Doublet 
 CONVERGENCE THRESHOLDS:    1.00E-05 (Density)    1.42E-07 (Energy)
 MAX. NUMBER OF ITERATIONS:        0
 INTERPOLATION TYPE:            DIIS
 INTERPOLATION STEPS:              2 (START)      1 (STEP)
 LEVEL SHIFTS:                 -0.60 (CLOSED) -0.30 (OPEN) 

 Number of closed-shell orbitals:   35 (  10   6   6   2   6   2   2   1 )
 Number of open-shell orbitals:      1 (   0   1   0   0   0   0   0   0 )


 Molecular orbitals read from record     4202.2  Type=RHF/CANONICAL (state 1.2)

 Molecular orbital dump at record        2107.2

 ITERATION    DDIFF          GRAD             ENERGY        2-EL.EN.            DIPOLE MOMENTS         DIIS   ORB.
    1      0.000D+00      0.000D+00    -13851.56803299  10586.811902    0.00000    0.00000    0.00000    0    start

 Final alpha occupancy:  10   7   6   2   6   2   2   1
 Final beta  occupancy:  10   6   6   2   6   2   2   1

 !RHF STATE 1.2 Energy               -13851.5680329858    
 Nuclear energy                         0.00000000
 One-electron energy               -19144.97398401
 Two-electron energy                 5293.40595103
 Virial quotient                       -0.99999739
 !RHF STATE 1.2 Dipole moment           0.00000000     0.00000000     0.00000000
 Dipole moment /Debye                   0.00000000     0.00000000     0.00000000

 Orbital energies:

         1.1          2.1          3.1          4.1          5.1          6.1          7.1          8.1          9.1         10.1
  -2167.798565  -357.636611   -82.332986   -61.302616   -61.302235   -17.000355    -8.332800    -8.330113    -2.376656    -0.272648

        11.1         12.1
     -0.092097    -0.016440

         1.2          2.2          3.2          4.2          5.2          6.2          7.2          8.2          9.2
   -341.555451   -74.926635   -13.912328    -1.146881    -1.135796    -1.455096    -0.024761     7.174012    -0.027114

         1.3          2.3          3.3          4.3          5.3          6.3          7.3          8.3
   -341.555451   -74.926635   -13.912328    -1.146875    -1.135796    -1.455096     0.052624     7.174012

         1.4          2.4          3.4          4.4
    -61.302616    -8.332800    -0.016449     0.010109

         1.5          2.5          3.5          4.5          5.5          6.5          7.5          8.5
   -341.554321   -74.922251   -13.902123    -1.141984    -1.133702    -1.434310     0.047774     7.183140

         1.6          2.6          3.6          4.6
    -61.300374    -8.325959     0.005740     0.012043

         1.7          2.7          3.7          4.7
    -61.300374    -8.325959     0.005742     0.012044

         1.8          2.8          3.8
     -1.141984     0.047773     0.121927

 HOMO      7.2    -0.024761 =      -0.6738eV
 LUMO     11.1    -0.092097 =      -2.5061eV
 LUMO-HOMO        -0.067336 =      -1.8323eV


 **********************************************************************************************************************************
 DATASETS  * FILE   NREC   LENGTH (MB)   RECORD NAMES
              1      18       21.19       500      610      700      900      950      970     1000      129      960     1100   
                                          VAR    BASINP    GEOM    SYMINP    ZMAT    AOBASIS   BASIS     P2S    ABASIS      S 
                                         1400     1410     1200     1210     1080     1600     1650     1700   
                                           T        V       H0       H01     AOSYM     SMH    MOLCAS    OPER   

              2       6        9.95       200      700     1000      520     4202     2107   
                                        OPTIONS   GEOM     BASIS   MCVARS     RHF      RHF  

 PROGRAMS   *        TOTAL       RHF       RHF       INT
 CPU TIMES  *       165.18      0.22      5.00    159.51
 REAL TIME  *       177.00 SEC
 DISK USED  *         8.14 GB      
 SF USED    *         0.12 MB      
 GA USED    *         0.00 MB       (max)       0.00 MB       (current)
 **********************************************************************************************************************************
 SETTING SCF(4)         =    -13851.56803299  AU                              
 Output type csv         
                                                                                                                                                                                                                                                                

          SCF
        0.00000
        0.00000
        0.00000
   -13851.56803
                                                  

 RHF/USERDEF energy= -13851.568032985826

        RHF-SCF 
 -13851.56803299
 **********************************************************************************************************************************
 Molpro calculation terminated
 Variable memory released
