Note: The following floating-point exceptions are signalling: IEEE_UNDERFLOW_FLAG
 ENTER Z, NR
 PLEASE ENTER RELATIVITY FACTOR.  (0=NR, 1=REL.)
 PLEASE ENTER IUFLAG. (0=U, 1=SU, 2=R).
 PLEASE ENTER NFC, NEL, RATIO, ETOL, XNUM
 PLEASE ENTER N L M J S OCC.
    7561.499999 -12396.469639
     341.770479 -13047.422198
     234.693231 -13429.951131
     158.677146 -13639.750148
     105.585562 -13745.819707
      69.242861 -13794.898121
      44.907966 -13815.588357
      28.968718 -13823.559971
      18.737602 -13826.429620
      12.260642 -13827.446099
       8.175240 -13827.829396
       5.571355 -13827.992123
       3.877309 -13828.069677
       2.745148 -13828.109366
       1.968389 -13828.130339
       1.423739 -13828.141560
       1.035667 -13828.147598
       0.756068 -13828.150866
       0.553174 -13828.152650
       0.405266 -13828.153636
       0.297150 -13828.154190
       0.217986 -13828.154508
       0.159961 -13828.154697
       0.117404 -13828.154811
       0.086179 -13828.154883
       0.063263 -13828.154930
       0.046444 -13828.154962
       0.034099 -13828.154983
       0.025036 -13828.154998
       0.018383 -13828.155009
       0.013499 -13828.155016
       0.009913 -13828.155024
       0.007281 -13828.155030
       0.005348 -13828.155036
       0.003928 -13828.155044
       0.002886 -13828.155058
       0.002121 -13828.155084
       0.001558 -13828.155135
       0.001144 -13828.155237
       0.000840 -13828.155441
       0.000614 -13828.155850
       0.000444 -13828.156670
       0.000312 -13828.158311
       0.000199 -13828.161597
       0.000128 -13828.168177
       0.000095 -13828.181350
    1   0 0   0/2   1    2.0000      -2173.009474
    2   0 0   0/2   1    2.0000       -362.740752
    2   1-1   2/2   1    2.0000       -346.672634
    2   1 0   2/2   1    2.0000       -346.672634
    2   1 1   2/2   1    2.0000       -346.672634
    3   0 0   0/2   1    2.0000        -87.339144
    3   1-1   2/2   1    2.0000        -79.929004
    3   1 0   2/2   1    2.0000        -79.929004
    3   1 1   2/2   1    2.0000        -79.929004
    3   2-2   4/2   1    2.0000        -66.328851
    3   2-1   4/2   1    2.0000        -66.328851
    3   2 0   4/2   1    2.0000        -66.328851
    3   2 1   4/2   1    2.0000        -66.328851
    3   2 2   4/2   1    2.0000        -66.328851
    4   0 0   0/2   1    2.0000        -21.997951
    4   1-1   2/2   1    2.0000        -18.894741
    4   1 0   2/2   1    2.0000        -18.894741
    4   1 1   2/2   1    2.0000        -18.894741
    4   2-2   4/2   1    2.0000        -13.339885
    4   2-1   4/2   1    2.0000        -13.339885
    4   2 0   4/2   1    2.0000        -13.339885
    4   2 1   4/2   1    2.0000        -13.339885
    4   2 2   4/2   1    2.0000        -13.339885
    4   3-3   6/2   1    2.0000         -6.126063
    4   3-2   6/2   1    2.0000         -6.126063
    4   3-1   6/2   1    2.0000         -6.126063
    4   3 0   6/2   1    2.0000         -6.126063
    4   3 1   6/2   1    2.0000         -6.126063
    4   3 2   6/2   1    2.0000         -6.126063
    4   3 3   6/2   1    2.0000         -6.126063
    5   0 0   0/2   1    2.0000         -6.660809
 TOTAL ENERGY =   -13828.181350-376286.939626
 PLEASE ENTER FULL FILENAME.
