
 Primary working directories    : /global/cscratch1/sd/haihan
 Secondary working directories  : /global/cscratch1/sd/haihan
 Wavefunction directory         : /global/homes/h/haihan/Research/ECP/f_group_element_ecps/Lu/Molpro/atom/UC60/wfu/
 Main file repository           : /global/cscratch1/sd/haihan/

 SHA1      : 19cd028119e0e09f93f0674bd8af7968d9b3eff6
 NAME      : 2015.1.36
 ARCHNAME  : linux/x86_64
 FC        : /opt/cray/pe/craype/2.5.14/bin/ftn
 BLASLIB   : -L/opt/intel/compilers_and_libraries_2018.1.163/linux/mkl/lib/intel64 -Wl,-_start-group -lmkl_intel_ilp64 -lmkl_intel_thread -lmkl_core -Wl,-_end-group -liomp5
 id        : lbl

 Nodes     nprocs
 nid12971     5
 Number of processes for MPI-2 version of Molpro:   nprocs(total)=    6   nprocs(compute)=    5   nprocs(helper)=    1

 Using customized tuning parameters: mindgm=7; mindgv=16; mindgc=1; mindgr=1; noblas=0; minvec=7
 default implementation of scratch files=sf  

 ***,Calculation for Gd atom, singlet and triplet
 memory,2,g
 
 gthresh,twoint=1.e-15
 gthresh,oneint=1.e-15
 
 set,dkroll=1,dkho=10,dkhp=4
 
 
 geometry={
 1
 Lu
 Lu  0.0 0.0 0.0
 }
 
 basis={
 Including file /global/u2/h/haihan/Research/ECP/f_group_element_ecps/Lu/Molpro/atom/UC60/10/../SapQZdiff.basis
 }
 
 
 
 Including file /global/u2/h/haihan/Research/ECP/f_group_element_ecps/Lu/Molpro/atom/UC60/10/../Lu_states_ae.proc
 
 
 do i=10,10
     if (i.eq.1) then
         Id1s2
     else if (i.eq.2) then
         Ip1s2
     else if (i.eq.3) then
 IEd2s1
     else if (i.eq.4) then
         IEf1s2
     else if (i.eq.5) then
         IIds2
     else if (i.eq.6) then
         IId1s1
     else if (i.eq.7) then
         IIIds1
     else if (i.eq.8) then
 IIIp1
     else if (i.eq.9) then
         IIId1
     else if (i.eq.10) then
         IIIEf1
     else if (i.eq.11) then
         VIp6
     else if (i.eq.12) then
         VIIp5
     else if (i.eq.13) then
         VIIIp4
     else if (i.eq.14) then
         IXp3
     else if (i.eq.15) then
         Xp
     else if (i.eq.16) then
         XIds2
     else if (i.eq.17) then
         IIIEf2
     endif
     scf(i)=energy
     _CC_NORM_MAX=2.0
     {rccsd(t),shifts=0.5,shiftp=0.5,thrdis=1.0;diis,1,1,15,1;maxit,100;core,8,5,5,2,5,2,2,1}
     ccsd(i)=energy
 enddo
 
 table,scf,ccsd
 type,csv
 save

 Variables initialized (889), CPU time= 0.00 sec
 Commands  initialized (702), CPU time= 0.01 sec, 572 directives.
 Default parameters read. Elapsed time= 0.10 sec

 Checking input...
 Passed
1


                                         ***  PROGRAM SYSTEM MOLPRO  ***
                                       Copyright, TTI GmbH Stuttgart, 2015
                                    Version 2015.1 linked Dec 29 2018 15:55:43


 **********************************************************************************************************************************
 LABEL *   Calculation for Gd atom, singlet and triplet                                  
  64 bit mpp version                                                                     DATE: 12-May-23          TIME: 06:32:01  
 **********************************************************************************************************************************

 SHA1:             19cd028119e0e09f93f0674bd8af7968d9b3eff6
 **********************************************************************************************************************************

 THRESHOLDS:

 ZERO    =  1.00D-12  ONEINT  =  1.00D-12  TWOINT  =  1.00D-15  PREFAC  =  1.00D-14  LOCALI  =  1.00D-09  EORDER  =  1.00D-04
 ENERGY  =  0.00D+00  ETEST   =  0.00D+00  EDENS   =  0.00D+00  THRDEDEF=  1.00D-06  GRADIENT=  1.00D-02  STEP    =  1.00D-03
 ORBITAL =  1.00D-05  CIVEC   =  1.00D-05  COEFF   =  1.00D-04  PRINTCI =  5.00D-02  PUNCHCI =  9.90D+01  OPTGRAD =  3.00D-04
 OPTENERG=  1.00D-06  OPTSTEP =  3.00D-04  THRGRAD =  1.00D-10  COMPRESS=  1.00D-11  VARMIN  =  1.00D-07  VARMAX  =  1.00D-03
 THRDOUB =  0.00D+00  THRDIV  =  1.00D-05  THRRED  =  1.00D-07  THRPSP  =  1.00D+00  THRDC   =  1.00D-10  THRCS   =  1.00D-10
 THRNRM  =  1.00D-08  THREQ   =  0.00D+00  THRDE   =  1.00D+00  THRREF  =  1.00D-05  SPARFAC =  1.00D+00  THRDLP  =  1.00D-07
 THRDIA  =  1.00D-10  THRDLS  =  1.00D-07  THRGPS  =  0.00D+00  THRKEX  =  0.00D+00  THRDIS  =  2.00D-01  THRVAR  =  1.00D-10
 THRLOC  =  1.00D-06  THRGAP  =  1.00D-06  THRLOCT = -1.00D+00  THRGAPT = -1.00D+00  THRORB  =  1.00D-06  THRMLTP =  0.00D+00
 THRCPQCI=  1.00D-10  KEXTA   =  0.00D+00  THRCOARS=  0.00D+00  SYMTOL  =  1.00D-06  GRADTOL =  1.00D-06  THROVL  =  1.00D-08
 THRORTH =  1.00D-08  GRID    =  1.00D-06  GRIDMAX =  1.00D-03  DTMAX   =  0.00D+00  THROCCDE=  1.00D-01  THROCCDE=  1.00D-01



 THRESHOLDS:

 ZERO    =  1.00D-12  ONEINT  =  1.00D-15  TWOINT  =  1.00D-15  PREFAC  =  1.00D-14  LOCALI  =  1.00D-09  EORDER  =  1.00D-04
 ENERGY  =  0.00D+00  ETEST   =  0.00D+00  EDENS   =  0.00D+00  THRDEDEF=  1.00D-06  GRADIENT=  1.00D-02  STEP    =  1.00D-03
 ORBITAL =  1.00D-05  CIVEC   =  1.00D-05  COEFF   =  1.00D-04  PRINTCI =  5.00D-02  PUNCHCI =  9.90D+01  OPTGRAD =  3.00D-04
 OPTENERG=  1.00D-06  OPTSTEP =  3.00D-04  THRGRAD =  1.00D-10  COMPRESS=  1.00D-11  VARMIN  =  1.00D-07  VARMAX  =  1.00D-03
 THRDOUB =  0.00D+00  THRDIV  =  1.00D-05  THRRED  =  1.00D-07  THRPSP  =  1.00D+00  THRDC   =  1.00D-10  THRCS   =  1.00D-10
 THRNRM  =  1.00D-08  THREQ   =  0.00D+00  THRDE   =  1.00D+00  THRREF  =  1.00D-05  SPARFAC =  1.00D+00  THRDLP  =  1.00D-07
 THRDIA  =  1.00D-10  THRDLS  =  1.00D-07  THRGPS  =  0.00D+00  THRKEX  =  0.00D+00  THRDIS  =  2.00D-01  THRVAR  =  1.00D-10
 THRLOC  =  1.00D-06  THRGAP  =  1.00D-06  THRLOCT = -1.00D+00  THRGAPT = -1.00D+00  THRORB  =  1.00D-06  THRMLTP =  0.00D+00
 THRCPQCI=  1.00D-10  KEXTA   =  0.00D+00  THRCOARS=  0.00D+00  SYMTOL  =  1.00D-06  GRADTOL =  1.00D-06  THROVL  =  1.00D-08
 THRORTH =  1.00D-08  GRID    =  1.00D-06  GRIDMAX =  1.00D-03  DTMAX   =  0.00D+00  THROCCDE=  1.00D-01  THROCCDE=  1.00D-01


 SETTING DKROLL         =         1.00000000                                  
 SETTING DKHO           =        10.00000000                                  
 SETTING DKHP           =         4.00000000                                  

Geometry recognized as XYZ


 Variable memory set to 2000000000 words,  buffer space   230000 words

 SETTING BASIS          =    USERDEF

 DO I                   =        10.00000000   

 Running procedure=IIIEF1


 Recomputing integrals since basis changed


 Using spherical harmonics



 PROGRAM * SEWARD (Integral evaluation for generally contracted gaussian basis sets)     Author: Roland Lindh, 1990

 Geometry written to block  1 of record 700

 Orientation using atomic masses  
 Molecule type: Atom
 Symmetry elements: X,Y,Z
 Rotational constants:       0.0000000      0.0000000      0.0000000 GHz  (calculated with average atomic masses)

 Point group  D2h 



 ATOMIC COORDINATES

 NR  ATOM    CHARGE       X              Y              Z

   1  LU     71.00    0.000000000    0.000000000    0.000000000

 NUCLEAR CHARGE:                   71
 NUMBER OF PRIMITIVE AOS:         463
 NUMBER OF SYMMETRY AOS:          341
 NUMBER OF CONTRACTIONS:          341   (  77Ag  +  54B3u +  54B2u +  28B1g +  54B1u +  28B2g +  28B3g +  18Au  )
 NUMBER OF CORE ORBITALS:          23   (   8Ag  +   3B3u +   3B2u +   2B1g +   3B1u +   2B2g +   2B3g +   0Au  )
 NUMBER OF VALENCE ORBITALS:       17   (   4Ag  +   3B3u +   3B2u +   1B1g +   3B1u +   1B2g +   1B3g +   1Au  )


 NUCLEAR REPULSION ENERGY    0.00000000

 One-electron integrals computed with SEWARD

 10nd-order Douglas-Kroll-Hess method activated. McWeeny DKH parametrization is used.

 Computing Douglas-Kroll / X2C integrals

 AO integral compression algorithm  1   Integral accuracy      1.0D-15

     1448.870 MB (compressed) written to integral file ( 50.0%)

     Node minimum: 244.056 MB, node maximum: 355.467 MB


 NUMBER OF SORTED TWO-ELECTRON INTEGRALS:   43571078.     BUFFER LENGTH:  32768
 NUMBER OF SEGMENTS:   2  SEGMENT LENGTH:   31998458      RECORD LENGTH: 524288

 Memory used in sort:      32.56 MW

 SORT1 READ   362089039. AND WROTE    27289252. INTEGRALS IN     79 RECORDS. CPU TIME:     8.28 SEC, REAL TIME:     8.69 SEC
 SORT2 READ   135657945. AND WROTE   217701552. INTEGRALS IN   6780 RECORDS. CPU TIME:     0.82 SEC, REAL TIME:     1.48 SEC

 Node minimum:    43453828.  Node maximum:    43660745. integrals

 OPERATOR DM      FOR CENTER  0  COORDINATES:    0.000000    0.000000    0.000000

 EXTRA SYMMETRY OF AOS IN SYMMETRY 1:   1 1 1 1 1 1 1 1 1 1   1 1 1 1 1 1 1 1 1 1   1 1 1 1 1 1 1 2 3 2   3 2 3 2 3 2 3 2 3 2
                                        3 2 3 2 3 2 3 2 3 2   3 2 3 2 3 2 3 2 3 4   5 6 4 5 6 4 5 6 4 5   6 4 5 6 4 5 6
 EXTRA SYMMETRY OF AOS IN SYMMETRY 2:   1 1 1 1 1 1 1 1 1 1   1 1 1 1 1 1 1 1 1 1   1 1 2 3 2 3 2 3 2 3   2 3 2 3 2 3 2 3 2 3
                                        2 3 4 5 6 4 5 6 4 5   6 4 5 6
 EXTRA SYMMETRY OF AOS IN SYMMETRY 3:   1 1 1 1 1 1 1 1 1 1   1 1 1 1 1 1 1 1 1 1   1 1 2 3 2 3 2 3 2 3   2 3 2 3 2 3 2 3 2 3
                                        2 3 4 5 6 4 5 6 4 5   6 4 5 6
 EXTRA SYMMETRY OF AOS IN SYMMETRY 4:   1 1 1 1 1 1 1 1 1 1   1 1 1 1 1 1 2 3 2 3   2 3 2 3 2 3 2 3
 EXTRA SYMMETRY OF AOS IN SYMMETRY 5:   1 1 1 1 1 1 1 1 1 1   1 1 1 1 1 1 1 1 1 1   1 1 2 3 2 3 2 3 2 3   2 3 2 3 2 3 2 3 2 3
                                        2 3 4 5 6 4 5 6 4 5   6 4 5 6
 EXTRA SYMMETRY OF AOS IN SYMMETRY 6:   1 1 1 1 1 1 1 1 1 1   1 1 1 1 1 1 2 3 2 3   2 3 2 3 2 3 2 3
 EXTRA SYMMETRY OF AOS IN SYMMETRY 7:   1 1 1 1 1 1 1 1 1 1   1 1 1 1 1 1 2 3 2 3   2 3 2 3 2 3 2 3
 EXTRA SYMMETRY OF AOS IN SYMMETRY 8:   1 1 1 1 1 1 1 1 1 1   2 3 2 3 2 3 2 3

 Eigenvalues of metric

         1 0.198E-06 0.285E-05 0.880E-05 0.110E-03 0.147E-03 0.147E-03 0.226E-03 0.428E-03
         2 0.115E-06 0.864E-04 0.280E-03 0.685E-03 0.202E-02 0.951E-02 0.162E-01 0.364E-01
         3 0.115E-06 0.864E-04 0.280E-03 0.685E-03 0.202E-02 0.951E-02 0.162E-01 0.364E-01
         4 0.147E-03 0.324E-02 0.233E-01 0.406E-01 0.866E-01 0.997E-01 0.997E-01 0.141E+00
         5 0.115E-06 0.864E-04 0.280E-03 0.685E-03 0.202E-02 0.951E-02 0.162E-01 0.364E-01
         6 0.147E-03 0.324E-02 0.233E-01 0.406E-01 0.866E-01 0.997E-01 0.997E-01 0.141E+00
         7 0.147E-03 0.324E-02 0.233E-01 0.406E-01 0.866E-01 0.997E-01 0.997E-01 0.141E+00
         8 0.437E-01 0.880E-01 0.207E+00 0.366E+00 0.366E+00 0.370E+00 0.551E+00 0.646E+00


 **********************************************************************************************************************************
 DATASETS  * FILE   NREC   LENGTH (MB)   RECORD NAMES
              1      22       21.15       500      610      700      900      950      970     1000      129      960     1700   
                                          VAR    BASINP    GEOM    SYMINP    ZMAT    AOBASIS   BASIS     P2S    ABASIS    OPER   
                                         1101     1401     1411     1412     1650     1100     1400     1410     1200     1210   
                                          SR      EKINR    POTR     PVPR    MOLCAS      S      EKIN      POT      H0       H01  
                                         1080     1600   
                                         AOSYM     SMH  

 PROGRAMS   *        TOTAL       INT
 CPU TIMES  *        38.98     38.63
 REAL TIME  *        41.99 SEC
 DISK USED  *         3.06 GB      
 GA USED    *         0.00 MB       (max)       0.00 MB       (current)
 **********************************************************************************************************************************


 PROGRAM * RHF-SCF (OPEN SHELL)       Authors: W. Meyer, H.-J. Werner


 NUMBER OF ELECTRONS:      35+   34-    SPACE SYMMETRY=2    SPIN SYMMETRY: Doublet 
 CONVERGENCE THRESHOLDS:    1.00E-05 (Density)    1.42E-07 (Energy)
 MAX. NUMBER OF ITERATIONS:       60
 INTERPOLATION TYPE:            DIIS
 INTERPOLATION STEPS:              2 (START)      1 (STEP)
 LEVEL SHIFTS:                 -0.60 (CLOSED) -0.30 (OPEN) 

 Number of closed-shell orbitals:   34 (   9   6   6   2   6   2   2   1 )
 Number of open-shell orbitals:      1 (   0   1   0   0   0   0   0   0 )


 
 Extra symmetries of mos in symmetry 2:   1   1   1   3   2   1   3   2
 Extra symmetries of mos in symmetry 3:   1   1   1   3   2   1   3   2
 Extra symmetries of mos in symmetry 5:   1   1   1   3   2   1   3   2
 Orbital guess generated from atomic densities. Full valence occupancy:   12   6   6   3   6   3   3   1


 Molecular orbital dump at record        4202.2

 ITERATION    DDIFF          GRAD             ENERGY        2-EL.EN.            DIPOLE MOMENTS         DIIS   ORB.
    1      0.000D+00      0.000D+00    -14558.15344246  10706.095995    0.00000    0.00000    0.00000    0    start
    2      0.000D+00      0.162D-01    -14558.23762721  10816.859351    0.00000    0.00000    0.00000    1    diag,B
    3      0.344D-01      0.215D-01    -14558.31997606  10771.911459    0.00000    0.00000    0.00000    2    diag,B
    4      0.188D-01      0.259D-02    -14558.33355673  10767.428462    0.00000    0.00000    0.00000    3    diag,B
    5      0.337D-02      0.806D-03    -14558.34045351  10770.086248    0.00000    0.00000    0.00000    4    diag,B
    6      0.182D-02      0.382D-03    -14558.34436305  10771.612815    0.00000    0.00000    0.00000    5    diag,B
    7      0.140D-02      0.227D-03    -14558.34641749  10773.254238    0.00000    0.00000    0.00000    6    fixocc
    8      0.166D-02      0.474D-04    -14558.34647008  10773.510313    0.00000    0.00000    0.00000    7    diag,B
    9      0.293D-03      0.639D-05    -14558.34647024  10773.517980    0.00000    0.00000    0.00000    8    diag,B
   10      0.169D-04      0.169D-05    -14558.34647025  10773.518686    0.00000    0.00000    0.00000    9    orth
   11      0.558D-05      0.407D-06    -14558.34647025  10773.518972    0.00000    0.00000    0.00000    0    orth

 Final alpha occupancy:   9   7   6   2   6   2   2   1
 Final beta  occupancy:   9   6   6   2   6   2   2   1

 !RHF STATE 1.2 Energy               -14558.3464702511    
 Nuclear energy                         0.00000000
 One-electron energy               -19945.10595643
 Two-electron energy                 5386.75948618
 Virial quotient                       -0.73507743
 !RHF STATE 1.2 Dipole moment           0.00000000     0.00000000     0.00000000
 Dipole moment /Debye                   0.00000000     0.00000000     0.00000000

 ELECTRON ORBITALS
 =================


   Orb  Occ    Energy  Couls-En    Coefficients

                                   1 1s      1 1s      1 1s      1 1s      1 1s      1 1s      1 1s      1 1s      1 1s      1 1s   
                                   1 1s      1 1s      1 1s      1 1s      1 1s      1 1s      1 1s      1 1s      1 1s      1 1s   
                                   1 1s      1 1s      1 1s      1 1s      1 1s      1 1s      1 1s      1 3d0     1 3d2+    1 3d0  
                                   1 3d2+    1 3d0     1 3d2+    1 3d0     1 3d2+    1 3d0     1 3d2+    1 3d0     1 3d2+    1 3d0  
                                   1 3d2+    1 3d0     1 3d2+    1 3d0     1 3d2+    1 3d0     1 3d2+    1 3d0     1 3d2+    1 3d0  
                                   1 3d2+    1 3d0     1 3d2+    1 3d0     1 3d2+    1 3d0     1 3d2+    1 3d0     1 3d2+    1 5g0  
                                   1 5g4+    1 5g2+    1 5g0     1 5g4+    1 5g2+    1 5g0     1 5g4+    1 5g2+    1 5g0     1 5g4+ 
                                   1 5g2+    1 5g0     1 5g4+    1 5g2+    1 5g0     1 5g4+    1 5g2+ 

   1.1   2 -2339.9261-5056.5568  0.001174  0.003283  0.009326  0.023782  0.058910  0.137441  0.014877  0.274166  0.517481 -0.099134
                                 0.260947 -0.045227  0.082235 -0.042156  0.545328 -0.567274  0.098971 -0.109750  0.051666 -0.011012
                                 0.005845 -0.003156  0.001219 -0.000569  0.000279 -0.000080  0.000017  0.000000 -0.000000  0.000000
                                -0.000000  0.000000  0.000000  0.000000 -0.000000  0.000000  0.000000  0.000000 -0.000000 -0.000000
                                 0.000000  0.000000 -0.000000 -0.000000  0.000000  0.000000 -0.000000  0.000000  0.000000 -0.000000
                                -0.000000  0.000000  0.000000 -0.000000 -0.000000  0.000000  0.000000 -0.000000 -0.000000 -0.000000
                                -0.000000  0.000000  0.000000  0.000000 -0.000000 -0.000000 -0.000000  0.000000  0.000000  0.000000
                                -0.000000 -0.000000  0.000000 -0.000000  0.000000  0.000000 -0.000000

   2.1   2  -403.8778-1092.7306 -0.000439 -0.001232 -0.003515 -0.009094 -0.022980 -0.057149  0.001446 -0.137398 -0.081676 -0.165154
                                -0.101329  0.535401  0.020215  0.560479 -0.169007  0.247624 -0.134704  0.166817 -0.084334  0.019523
                                -0.010790  0.005946 -0.002326  0.001096 -0.000539  0.000154 -0.000033  0.000000 -0.000000  0.000000
                                -0.000000  0.000000 -0.000000  0.000000 -0.000000  0.000000 -0.000000 -0.000000  0.000000  0.000000
                                -0.000000 -0.000000  0.000000  0.000000 -0.000000 -0.000000  0.000000 -0.000000 -0.000000  0.000000
                                -0.000000  0.000000 -0.000000  0.000000 -0.000000 -0.000000 -0.000000  0.000000 -0.000000  0.000000
                                 0.000000 -0.000000  0.000000 -0.000000  0.000000 -0.000000  0.000000 -0.000000 -0.000000 -0.000000
                                 0.000000 -0.000000 -0.000000  0.000000  0.000000 -0.000000  0.000000

   3.1   2   -94.2610 -385.8698  0.000207  0.000581  0.001660  0.004309  0.010905  0.027540 -0.002595  0.069925 -0.007246  0.135527
                                 0.038742 -0.355667 -0.192193 -0.453149  4.518304 -3.729021  1.118018 -0.931528  0.445934 -0.093398
                                 0.051642 -0.028652  0.011282 -0.005360  0.002648 -0.000758  0.000165  0.000000  0.000000  0.000000
                                 0.000000  0.000000  0.000000  0.000001  0.000000  0.000002 -0.000000  0.000004  0.000000  0.000000
                                 0.000000  0.000002 -0.000000 -0.000000 -0.000000  0.000000 -0.000000  0.000000  0.000000 -0.000000
                                 0.000000 -0.000000  0.000000 -0.000000  0.000000  0.000000  0.000000 -0.000000  0.000000 -0.000000
                                 0.000000 -0.000000  0.000000 -0.000000  0.000000 -0.000000  0.000000 -0.000000  0.000000 -0.000000
                                 0.000000 -0.000000  0.000000 -0.000000  0.000000  0.000000 -0.000000

   4.1   2   -61.5068 -330.1190 -0.000000 -0.000000 -0.000000 -0.000000 -0.000000 -0.000000  0.000000 -0.000001  0.000000 -0.000001
                                -0.000000  0.000003  0.000002  0.000004 -0.000055  0.000046 -0.000012  0.000014 -0.000005  0.000001
                                -0.000001 -0.000000  0.000000 -0.000000  0.000000 -0.000000  0.000000  0.001388 -0.000000  0.011211
                                -0.000000  0.056498 -0.000000  0.184667 -0.000000  0.376890 -0.000000  0.415806 -0.000000  0.003719
                                -0.000000  0.164974 -0.000000 -0.001601  0.000000  0.009707 -0.000000 -0.002125  0.000000  0.001278
                                -0.000000 -0.000588  0.000000  0.000203 -0.000000 -0.000101  0.000000  0.000031 -0.000000  0.000002
                                -0.000000  0.000000 -0.000000  0.000000 -0.000000  0.000000 -0.000000  0.000000 -0.000000  0.000000
                                -0.000000  0.000000 -0.000000 -0.000000 -0.000000 -0.000000  0.000000

   5.1   2   -61.5067 -330.1188  0.000000 -0.000000  0.000000  0.000000  0.000000  0.000000  0.000000 -0.000000  0.000000 -0.000000
                                 0.000000 -0.000000  0.000000 -0.000000  0.000000 -0.000000  0.000000 -0.000000  0.000000 -0.000000
                                 0.000000  0.000000 -0.000000 -0.000000 -0.000000  0.000000 -0.000000  0.000000  0.001388  0.000000
                                 0.011211  0.000000  0.056498  0.000000  0.184667  0.000000  0.376890  0.000000  0.415806  0.000000
                                 0.003719  0.000000  0.164973 -0.000000 -0.001600  0.000000  0.009708 -0.000000 -0.002125  0.000000
                                 0.001278 -0.000000 -0.000588  0.000000  0.000203 -0.000000 -0.000101  0.000000  0.000031  0.000000
                                 0.000001  0.000001 -0.000000  0.000000 -0.000000  0.000000  0.000000  0.000000 -0.000000 -0.000000
                                -0.000000  0.000000 -0.000000  0.000000 -0.000000 -0.000000  0.000000

   6.1   2   -20.4663 -165.7061 -0.000101 -0.000283 -0.000808 -0.002098 -0.005311 -0.013476  0.001620 -0.034824  0.012518 -0.076592
                                -0.016841  0.184088  0.137569  0.251067 -3.353087  2.396511 -0.914890  0.883279  0.560991  0.572179
                                -0.077653  0.059809 -0.023642  0.011689 -0.005856  0.001692 -0.000369 -0.000000  0.000000 -0.000000
                                 0.000000 -0.000001  0.000000 -0.000005  0.000000 -0.000009  0.000000 -0.000012  0.000000  0.000009
                                -0.000000 -0.000009  0.000000  0.000028 -0.000000  0.000025 -0.000000  0.000006 -0.000000  0.000001
                                -0.000000  0.000000 -0.000000  0.000000 -0.000000 -0.000000 -0.000000  0.000000 -0.000000 -0.000000
                                -0.000000  0.000000 -0.000000 -0.000000  0.000000  0.000000  0.000000 -0.000000 -0.000000 -0.000000
                                 0.000000 -0.000000 -0.000000  0.000000 -0.000000 -0.000000  0.000000

   7.1   2    -8.9315 -133.6121  0.000000  0.000000  0.000000  0.000000  0.000000  0.000001 -0.000000  0.000002 -0.000001  0.000005
                                 0.000001 -0.000012 -0.000009 -0.000016  0.000232 -0.000165  0.000057 -0.000056 -0.000058 -0.000027
                                -0.000027  0.000071 -0.000013  0.000029 -0.000017  0.000004 -0.000001 -0.000674 -0.000000 -0.005547
                                -0.000000 -0.027946 -0.000000 -0.094752 -0.000000 -0.186034 -0.000000 -0.208123 -0.000000  0.144434
                                 0.000000 -0.078324 -0.000000  0.479663  0.000000  0.510531  0.000000  0.160650  0.000000 -0.005243
                                -0.000000  0.006480  0.000000 -0.002166 -0.000000  0.001086  0.000000 -0.000329 -0.000000  0.000002
                                 0.000000  0.000000  0.000008  0.000000  0.000000  0.000015  0.000000 -0.000000  0.000020  0.000000
                                -0.000000  0.000006  0.000000 -0.000000 -0.000001  0.000000 -0.000000

   8.1   2    -8.9310 -133.6137 -0.000000 -0.000000 -0.000000 -0.000000 -0.000000 -0.000000  0.000000 -0.000000  0.000000 -0.000000
                                -0.000000  0.000000  0.000000  0.000000 -0.000000  0.000000 -0.000000  0.000000  0.000000  0.000000
                                 0.000000 -0.000000  0.000000 -0.000000  0.000000 -0.000000  0.000000  0.000000 -0.000674  0.000000
                                -0.005547  0.000000 -0.027947  0.000000 -0.094755  0.000000 -0.186040  0.000000 -0.208127 -0.000000
                                 0.144435  0.000000 -0.078317 -0.000000  0.479674 -0.000000  0.510542 -0.000000  0.160625  0.000000
                                -0.005269 -0.000000  0.006469  0.000000 -0.002171 -0.000000  0.001085  0.000000 -0.000329 -0.000000
                                 0.000002  0.000001 -0.000000  0.000003  0.000005 -0.000000  0.000004  0.000009 -0.000000 -0.000003
                                 0.000014 -0.000000 -0.000005  0.000006  0.000000 -0.000006  0.000000

   9.1   2    -3.4720  -69.3616  0.000039  0.000110  0.000315  0.000818  0.002069  0.005258 -0.000679  0.013663 -0.006109  0.031243
                                 0.006278 -0.072012 -0.059283 -0.099712  1.366115 -0.898113  0.328097 -0.256896 -0.645175 -0.529846
                                 0.353642  0.723236  0.388221 -0.023031  0.015647 -0.004652  0.001027  0.000000 -0.000000  0.000002
                                -0.000000  0.000009 -0.000000  0.000030 -0.000000  0.000056 -0.000000  0.000074 -0.000000 -0.000075
                                 0.000000  0.000061 -0.000000 -0.000203  0.000000 -0.000152  0.000000  0.000035 -0.000000  0.000592
                                -0.000000  0.000482 -0.000000 -0.000044  0.000000  0.000012 -0.000000 -0.000004  0.000000  0.000000
                                 0.000000 -0.000000 -0.000001 -0.000000  0.000000  0.000001  0.000000 -0.000000 -0.000007 -0.000000
                                 0.000000 -0.000025 -0.000000  0.000000  0.000009  0.000000 -0.000000

  10.1   0    -0.5569  -25.9619 -0.000013 -0.000036 -0.000102 -0.000266 -0.000674 -0.001712  0.000223 -0.004451  0.002046 -0.010235
                                -0.002030  0.023445  0.019576  0.032524 -0.446334  0.288994 -0.103326  0.072844  0.244305  0.199346
                                -0.146961 -0.400980 -0.499975  0.438339  0.848024  0.098768 -0.006993  0.000013  0.000000  0.000105
                                 0.000000  0.000537  0.000000  0.001798  0.000000  0.003622  0.000000  0.003361  0.000000 -0.001778
                                -0.000000 -0.000888  0.000000 -0.008858 -0.000000 -0.011983 -0.000000  0.010210  0.000000  0.022205
                                 0.000000  0.049722  0.000000  0.047869  0.000000 -0.007258  0.000000  0.002151 -0.000000 -0.000001
                                -0.000000  0.000000  0.000004  0.000000 -0.000000 -0.000008 -0.000000  0.000000  0.000037  0.000000
                                -0.000000  0.000003 -0.000000 -0.000000  0.001271  0.000000 -0.000000

  11.1   0    -0.5088  -35.7238 -0.000001 -0.000003 -0.000010 -0.000025 -0.000064 -0.000164  0.000021 -0.000426  0.000189 -0.000973
                                -0.000196  0.002255  0.001853  0.003135 -0.044227  0.029312 -0.010762  0.008574  0.022174  0.020017
                                -0.015443 -0.037440 -0.048734  0.040798  0.081052  0.017669 -0.000913 -0.000138 -0.000000 -0.001123
                                -0.000000 -0.005725 -0.000000 -0.019237 -0.000000 -0.038519 -0.000000 -0.037185 -0.000000  0.022244
                                 0.000000  0.004483  0.000000  0.098902  0.000000  0.125280  0.000000 -0.104814 -0.000000 -0.257686
                                -0.000001 -0.512088 -0.000001 -0.385459 -0.000001  0.046661  0.000000 -0.018355 -0.000000 -0.000003
                                 0.000000 -0.000000  0.000005 -0.000000  0.000000 -0.000027  0.000000 -0.000000 -0.000054 -0.000000
                                 0.000000 -0.001436  0.000000 -0.000000 -0.004963 -0.000000  0.000000

                                   1 2px     1 2px     1 2px     1 2px     1 2px     1 2px     1 2px     1 2px     1 2px     1 2px  
                                   1 2px     1 2px     1 2px     1 2px     1 2px     1 2px     1 2px     1 2px     1 2px     1 2px  
                                   1 2px     1 2px     1 4f1+    1 4f3+    1 4f1+    1 4f3+    1 4f1+    1 4f3+    1 4f1+    1 4f3+ 
                                   1 4f1+    1 4f3+    1 4f1+    1 4f3+    1 4f1+    1 4f3+    1 4f1+    1 4f3+    1 4f1+    1 4f3+ 
                                   1 4f1+    1 4f3+    1 6h1+    1 6h3+    1 6h5+    1 6h1+    1 6h3+    1 6h5+    1 6h1+    1 6h3+ 
                                   1 6h5+    1 6h1+    1 6h3+    1 6h5+ 

   1.2   2  -356.0729-1008.7057  0.000490  0.002254  0.009492  0.036996  0.123681  0.294183  0.011900  0.439622  0.298901 -0.055329
                                 0.065010 -0.840909  0.860949 -0.054076  0.006489 -0.004110  0.003101 -0.000881  0.000384 -0.000181
                                 0.000067 -0.000015  0.000000 -0.000000  0.000000 -0.000000 -0.000000  0.000000  0.000000 -0.000000
                                -0.000000  0.000000  0.000000 -0.000000 -0.000000  0.000000  0.000000 -0.000000 -0.000000  0.000000
                                 0.000000 -0.000000  0.000000 -0.000000  0.000000 -0.000000  0.000000 -0.000000  0.000000 -0.000000
                                 0.000000 -0.000000  0.000000 -0.000000

   2.2   2   -79.5944 -358.3208 -0.000248 -0.001143 -0.004873 -0.019180 -0.067114 -0.155412 -0.025287 -0.242038 -0.127401  0.325796
                                 0.591551  0.230511  0.038681  0.010632  0.014034 -0.007118  0.005650 -0.001681  0.000750 -0.000358
                                 0.000134 -0.000030  0.000000  0.000000  0.000001  0.000000  0.000001  0.000000  0.000000 -0.000000
                                -0.000000  0.000000  0.000000  0.000000 -0.000000  0.000000  0.000000 -0.000000  0.000000  0.000000
                                 0.000000 -0.000000 -0.000000 -0.000000  0.000000  0.000000  0.000000  0.000000 -0.000000 -0.000000
                                -0.000000 -0.000000 -0.000000 -0.000000

   3.2   2   -15.5487 -152.0667  0.000119  0.000549  0.002348  0.009259  0.032775  0.074901  0.015362  0.117733  0.054393 -0.222229
                                -0.484255  1.420201 -1.692473  0.653163  0.619563  0.205629 -0.061436  0.017419 -0.006646  0.003118
                                -0.001159  0.000259  0.000000 -0.000000  0.000001 -0.000000  0.000004 -0.000000  0.000013 -0.000000
                                 0.000015 -0.000000  0.000007 -0.000000  0.000002 -0.000000 -0.000000  0.000000  0.000000 -0.000000
                                -0.000000 -0.000000 -0.000000 -0.000000  0.000001 -0.000000  0.000000  0.000001 -0.000000  0.000000
                                -0.000000 -0.000000  0.000000 -0.000001

   4.2   2    -1.6027 -103.8661  0.000000  0.000000  0.000000  0.000000  0.000000  0.000000  0.000000  0.000000  0.000000 -0.000000
                                -0.000000  0.000000 -0.000000  0.000000  0.000000  0.000000 -0.000000 -0.000000 -0.000000  0.000000
                                -0.000000 -0.000000  0.000000  0.008249  0.000000  0.054880  0.000001  0.181763  0.000001  0.341386
                                 0.000002  0.389312  0.000001  0.288560  0.000001  0.130164  0.000000  0.023000  0.000000  0.005964
                                -0.000000 -0.001421  0.000000  0.000001  0.000000  0.000000  0.000007 -0.000000  0.000000  0.000036
                                -0.000000  0.000000  0.000114 -0.000000

   5.2   2    -1.6026 -103.8223  0.000000  0.000000  0.000001  0.000004  0.000015  0.000035  0.000007  0.000055  0.000021 -0.000105
                                -0.000263  0.001725 -0.001939  0.000548  0.000434  0.000083 -0.000701 -0.000878  0.000146  0.000069
                                -0.000015 -0.000006  0.008245 -0.000000  0.054851 -0.000000  0.181665 -0.000001  0.341216 -0.000001
                                 0.389157 -0.000002  0.288618 -0.000001  0.130497 -0.000001  0.023610 -0.000000  0.006110 -0.000000
                                -0.001437  0.000000  0.000002 -0.000000 -0.000000  0.000013 -0.000000 -0.000001  0.000058 -0.000000
                                 0.000002  0.000190 -0.000000 -0.000004

   6.2   2    -2.1967  -59.5337 -0.000042 -0.000193 -0.000825 -0.003257 -0.011538 -0.026543 -0.005304 -0.041732 -0.017007  0.081001
                                 0.195250 -1.089599  1.233149 -0.379802 -0.328727 -0.058293  0.434054  0.587563  0.189149 -0.007766
                                 0.003980 -0.000838  0.000006 -0.000000  0.000043 -0.000000  0.000141 -0.000000  0.000266 -0.000000
                                 0.000310 -0.000000  0.000305 -0.000000  0.000444 -0.000000  0.000750 -0.000000  0.000019 -0.000000
                                -0.000029 -0.000000  0.000000  0.000000 -0.000000 -0.000000 -0.000000  0.000001 -0.000002  0.000000
                                -0.000011 -0.000027  0.000000  0.000047

   7.2   +    -0.2814  -13.5506  0.000000  0.000000  0.000000  0.000000  0.000000  0.000000  0.000000  0.000000  0.000000 -0.000000
                                -0.000000  0.000000 -0.000001  0.000000  0.000000  0.000000 -0.000000 -0.000000 -0.000000  0.000001
                                 0.000001  0.000000 -0.000000 -0.000425 -0.000000 -0.002838 -0.000000 -0.009376 -0.000000 -0.017477
                                -0.000000 -0.019071 -0.000000 -0.010551 -0.000000  0.009646  0.000000  0.036114  0.000000  0.416309
                                 0.000000  0.702731 -0.000000  0.000000 -0.000000  0.000000 -0.000000  0.000000 -0.000000  0.000002
                                -0.000000  0.000000 -0.000020  0.000000

   8.2   0    -0.1440  -12.1573  0.000000  0.000001  0.000004  0.000014  0.000050  0.000109  0.000033  0.000173  0.000116 -0.000426
                                -0.000707 -0.003410  0.003509  0.000634  0.001983 -0.001147 -0.000339 -0.006315  0.001321  0.007607
                                 0.027997 -0.069906 -0.000325  0.000000 -0.002149  0.000000 -0.007169  0.000000 -0.013180  0.000000
                                -0.014900  0.000000 -0.007104  0.000000  0.002606 -0.000000  0.034315  0.000000  0.267418 -0.000000
                                 0.822782  0.000000 -0.000003  0.000000  0.000002  0.000010 -0.000000 -0.000008 -0.000083  0.000000
                                 0.000063  0.000544 -0.000000 -0.000411

   9.2   0    -0.3856  -20.4194  0.000012  0.000054  0.000232  0.000917  0.003250  0.007473  0.001502  0.011752  0.004779 -0.022987
                                -0.055554  0.315655 -0.356738  0.110630  0.097822  0.010545 -0.140267 -0.259653 -0.121199  0.582916
                                 0.572265  0.025566 -0.000009  0.000000 -0.000057  0.000000 -0.000190  0.000000 -0.000350  0.000000
                                -0.000404  0.000000 -0.000218  0.000000 -0.000174 -0.000000  0.000543 -0.000000  0.010645 -0.000001
                                 0.000815 -0.000001 -0.000000  0.000000 -0.000006  0.000001 -0.000000  0.000021 -0.000007  0.000000
                                -0.000169  0.000058 -0.000000  0.001112

                                   1 2py     1 2py     1 2py     1 2py     1 2py     1 2py     1 2py     1 2py     1 2py     1 2py  
                                   1 2py     1 2py     1 2py     1 2py     1 2py     1 2py     1 2py     1 2py     1 2py     1 2py  
                                   1 2py     1 2py     1 4f1-    1 4f3-    1 4f1-    1 4f3-    1 4f1-    1 4f3-    1 4f1-    1 4f3- 
                                   1 4f1-    1 4f3-    1 4f1-    1 4f3-    1 4f1-    1 4f3-    1 4f1-    1 4f3-    1 4f1-    1 4f3- 
                                   1 4f1-    1 4f3-    1 6h1-    1 6h3-    1 6h5-    1 6h1-    1 6h3-    1 6h5-    1 6h1-    1 6h3- 
                                   1 6h5-    1 6h1-    1 6h3-    1 6h5- 

   1.3   2  -356.0729-1008.7057  0.000490  0.002254  0.009492  0.036996  0.123681  0.294183  0.011900  0.439622  0.298901 -0.055329
                                 0.065010 -0.840910  0.860949 -0.054076  0.006489 -0.004110  0.003101 -0.000881  0.000384 -0.000181
                                 0.000067 -0.000015  0.000000 -0.000000  0.000000 -0.000000 -0.000000  0.000000  0.000000  0.000000
                                -0.000000  0.000000  0.000000 -0.000000 -0.000000  0.000000  0.000000 -0.000000 -0.000000  0.000000
                                 0.000000 -0.000000  0.000000 -0.000000 -0.000000 -0.000000  0.000000  0.000000  0.000000 -0.000000
                                -0.000000 -0.000000  0.000000  0.000000

   2.3   2   -79.5944 -358.3208 -0.000248 -0.001143 -0.004873 -0.019180 -0.067114 -0.155412 -0.025287 -0.242038 -0.127401  0.325796
                                 0.591551  0.230511  0.038681  0.010632  0.014034 -0.007118  0.005650 -0.001681  0.000750 -0.000358
                                 0.000134 -0.000030  0.000000 -0.000000  0.000001 -0.000000  0.000001  0.000000  0.000000 -0.000000
                                -0.000000 -0.000000  0.000000 -0.000000 -0.000000  0.000000  0.000000  0.000000  0.000000  0.000000
                                 0.000000 -0.000000 -0.000000 -0.000000 -0.000000  0.000000  0.000000 -0.000000 -0.000000 -0.000000
                                 0.000000 -0.000000  0.000000  0.000000

   3.3   2   -15.5487 -152.0667  0.000119  0.000549  0.002348  0.009259  0.032775  0.074901  0.015362  0.117733  0.054393 -0.222229
                                -0.484255  1.420201 -1.692473  0.653163  0.619563  0.205629 -0.061436  0.017419 -0.006646  0.003118
                                -0.001159  0.000259  0.000000 -0.000000  0.000001 -0.000000  0.000004 -0.000000  0.000013 -0.000000
                                 0.000015 -0.000000  0.000007 -0.000000  0.000002 -0.000000 -0.000000  0.000000  0.000000  0.000000
                                -0.000000  0.000000 -0.000000 -0.000000 -0.000001 -0.000000 -0.000000 -0.000001 -0.000000 -0.000000
                                 0.000000 -0.000000  0.000000  0.000001

   4.3   2    -1.6018 -103.8476 -0.000000 -0.000000 -0.000000 -0.000000 -0.000000 -0.000000 -0.000000 -0.000000 -0.000000  0.000000
                                 0.000000 -0.000000  0.000000 -0.000000 -0.000000 -0.000000  0.000000  0.000000  0.000000 -0.000000
                                -0.000000  0.000000 -0.000000  0.008247 -0.000000  0.054867 -0.000000  0.181720 -0.000000  0.341311
                                -0.000000  0.389251 -0.000000  0.288611 -0.000000  0.130309 -0.000000  0.023183 -0.000000  0.005970
                                 0.000000 -0.001421 -0.000000  0.000002  0.000000 -0.000000  0.000008 -0.000000 -0.000000  0.000033
                                -0.000000 -0.000000  0.000119 -0.000000

   5.3   2    -1.6026 -103.8223  0.000000  0.000000  0.000001  0.000004  0.000015  0.000035  0.000007  0.000055  0.000021 -0.000105
                                -0.000263  0.001725 -0.001939  0.000548  0.000434  0.000083 -0.000701 -0.000878  0.000146  0.000069
                                -0.000015 -0.000006  0.008245  0.000000  0.054851  0.000000  0.181665  0.000000  0.341216  0.000000
                                 0.389157  0.000000  0.288618  0.000000  0.130497  0.000000  0.023610  0.000000  0.006110  0.000000
                                -0.001437 -0.000000  0.000002  0.000000  0.000000  0.000013 -0.000000  0.000001  0.000058 -0.000000
                                -0.000002  0.000190 -0.000000  0.000004

   6.3   2    -2.1967  -59.5337 -0.000042 -0.000193 -0.000825 -0.003257 -0.011538 -0.026543 -0.005304 -0.041732 -0.017007  0.081001
                                 0.195250 -1.089599  1.233149 -0.379802 -0.328727 -0.058293  0.434054  0.587563  0.189149 -0.007766
                                 0.003980 -0.000838  0.000006 -0.000000  0.000043 -0.000000  0.000141 -0.000000  0.000266 -0.000000
                                 0.000310 -0.000000  0.000305 -0.000000  0.000444 -0.000000  0.000750 -0.000000  0.000019 -0.000000
                                -0.000029  0.000000  0.000000  0.000000  0.000000 -0.000000 -0.000000 -0.000001 -0.000002  0.000000
                                 0.000011 -0.000027 -0.000000 -0.000047

   7.3   0    -0.1300  -12.0376  0.000000  0.000000  0.000000  0.000000  0.000000  0.000000 -0.000000  0.000000 -0.000000 -0.000000
                                -0.000000  0.000000 -0.000000  0.000000  0.000000  0.000000 -0.000000  0.000000 -0.000000  0.000000
                                -0.000000  0.000000  0.000000 -0.000318  0.000000 -0.002096  0.000000 -0.007017  0.000000 -0.012821
                                 0.000000 -0.014695  0.000000 -0.006430 -0.000000  0.000864 -0.000000  0.038131 -0.000000  0.249198
                                -0.000000  0.836863  0.000000 -0.000002  0.000000 -0.000000  0.000008 -0.000000  0.000000 -0.000060
                                 0.000000 -0.000000  0.000388 -0.000000

   8.3   0    -0.1440  -12.1573  0.000000  0.000001  0.000004  0.000014  0.000050  0.000109  0.000033  0.000173  0.000116 -0.000426
                                -0.000707 -0.003410  0.003509  0.000634  0.001983 -0.001147 -0.000339 -0.006315  0.001321  0.007607
                                 0.027997 -0.069906 -0.000325 -0.000000 -0.002149 -0.000000 -0.007169 -0.000000 -0.013180 -0.000000
                                -0.014900 -0.000000 -0.007104 -0.000000  0.002606  0.000000  0.034315  0.000000  0.267418  0.000000
                                 0.822782  0.000000 -0.000003  0.000000 -0.000002  0.000010 -0.000000  0.000008 -0.000083  0.000000
                                -0.000063  0.000544 -0.000000  0.000411

                                   1 3d2-    1 3d2-    1 3d2-    1 3d2-    1 3d2-    1 3d2-    1 3d2-    1 3d2-    1 3d2-    1 3d2- 
                                   1 3d2-    1 3d2-    1 3d2-    1 3d2-    1 3d2-    1 3d2-    1 5g2-    1 5g4-    1 5g2-    1 5g4- 
                                   1 5g2-    1 5g4-    1 5g2-    1 5g4-    1 5g2-    1 5g4-    1 5g2-    1 5g4- 

   1.4   2   -61.5067 -330.1188  0.001388  0.011211  0.056498  0.184667  0.376890  0.415806  0.003719  0.164973 -0.001600  0.009708
                                -0.002125  0.001278 -0.000588  0.000203 -0.000101  0.000031  0.000001 -0.000001 -0.000000 -0.000000
                                 0.000000 -0.000000 -0.000000  0.000000  0.000000  0.000000  0.000000  0.000000

   2.4   2    -8.9310 -133.6137 -0.000674 -0.005547 -0.027947 -0.094755 -0.186040 -0.208127  0.144435 -0.078317  0.479674  0.510542
                                 0.160625 -0.005269  0.006469 -0.002171  0.001085 -0.000329  0.000001 -0.000002  0.000005 -0.000003
                                 0.000009 -0.000004  0.000014  0.000003  0.000006  0.000005  0.000000  0.000006

   3.4   0    -0.5080  -35.5459  0.000137  0.001119  0.005705  0.019172  0.038378  0.037111 -0.022303 -0.004256 -0.098736 -0.124727
                                 0.104230  0.257669  0.507356  0.391179 -0.030388  0.017710  0.000004  0.000011 -0.000009 -0.000032
                                 0.000034  0.000081 -0.000011 -0.000267  0.001082  0.000426  0.000818 -0.015929

   4.4   0    -0.2043  -14.3563 -0.000062 -0.000506 -0.002584 -0.008681 -0.017388 -0.016722  0.010008  0.002241  0.044782  0.056770
                                -0.050637 -0.125004 -0.268404  0.074286  0.854469  0.123267 -0.000004  0.000030  0.000011 -0.000118
                                -0.000031  0.000249  0.000043 -0.000868 -0.000908  0.003368 -0.000272 -0.036456

                                   1 2pz     1 2pz     1 2pz     1 2pz     1 2pz     1 2pz     1 2pz     1 2pz     1 2pz     1 2pz  
                                   1 2pz     1 2pz     1 2pz     1 2pz     1 2pz     1 2pz     1 2pz     1 2pz     1 2pz     1 2pz  
                                   1 2pz     1 2pz     1 4f0     1 4f2+    1 4f0     1 4f2+    1 4f0     1 4f2+    1 4f0     1 4f2+ 
                                   1 4f0     1 4f2+    1 4f0     1 4f2+    1 4f0     1 4f2+    1 4f0     1 4f2+    1 4f0     1 4f2+ 
                                   1 4f0     1 4f2+    1 6h2+    1 6h4+    1 6h0     1 6h2+    1 6h4+    1 6h0     1 6h2+    1 6h4+ 
                                   1 6h0     1 6h2+    1 6h4+    1 6h0  

   1.5   2  -356.0730-1008.7058  0.000490  0.002254  0.009492  0.036996  0.123681  0.294182  0.011899  0.439622  0.298902 -0.055329
                                 0.065011 -0.840912  0.860952 -0.054076  0.006489 -0.004110  0.003101 -0.000881  0.000384 -0.000181
                                 0.000067 -0.000015  0.000000 -0.000000  0.000000 -0.000000 -0.000000  0.000000  0.000000 -0.000000
                                -0.000000  0.000000  0.000000 -0.000000 -0.000000  0.000000  0.000000 -0.000000 -0.000000  0.000000
                                 0.000000 -0.000000 -0.000000  0.000000 -0.000000  0.000000 -0.000000  0.000000 -0.000000  0.000000
                                -0.000000  0.000000 -0.000000 -0.000000

   2.5   2   -79.5947 -358.3209 -0.000248 -0.001143 -0.004873 -0.019180 -0.067114 -0.155411 -0.025287 -0.242038 -0.127401  0.325794
                                 0.591550  0.230523  0.038671  0.010634  0.014034 -0.007118  0.005651 -0.001681  0.000750 -0.000358
                                 0.000134 -0.000030  0.000000 -0.000000  0.000001 -0.000000  0.000002  0.000000  0.000001 -0.000000
                                 0.000000  0.000000  0.000000 -0.000000 -0.000000  0.000000  0.000000 -0.000000 -0.000000  0.000000
                                 0.000000  0.000000 -0.000000  0.000000 -0.000000  0.000000 -0.000000  0.000000 -0.000000  0.000000
                                -0.000000 -0.000000  0.000000  0.000000

   3.5   2   -15.5493 -152.0664  0.000119  0.000549  0.002348  0.009259  0.032775  0.074900  0.015362  0.117731  0.054392 -0.222224
                                -0.484248  1.420184 -1.692457  0.653149  0.619559  0.205638 -0.061430  0.017428 -0.006647  0.003119
                                -0.001159  0.000259  0.000000 -0.000000  0.000001 -0.000000  0.000005 -0.000000  0.000015 -0.000000
                                 0.000019 -0.000000  0.000008 -0.000000  0.000002 -0.000000 -0.000000 -0.000000  0.000000 -0.000000
                                -0.000000  0.000000 -0.000000  0.000000 -0.000000  0.000000 -0.000000 -0.000000  0.000000 -0.000000
                                -0.000000  0.000000 -0.000000 -0.000000

   4.5   2    -1.6024 -103.8310 -0.000000 -0.000000 -0.000000 -0.000000 -0.000000 -0.000000 -0.000000 -0.000000 -0.000000  0.000000
                                 0.000000 -0.000000  0.000000 -0.000000 -0.000000 -0.000000  0.000000  0.000000 -0.000000 -0.000000
                                -0.000000  0.000000 -0.000000  0.008245 -0.000000  0.054856 -0.000000  0.181684 -0.000001  0.341250
                                -0.000001  0.389190 -0.000001  0.288613 -0.000000  0.130426 -0.000000  0.023474 -0.000000  0.006084
                                 0.000000 -0.001428  0.000002  0.000000 -0.000000  0.000011  0.000001 -0.000000  0.000049 -0.000002
                                -0.000000  0.000165  0.000004 -0.000000

   5.5   2    -1.6027 -103.8197  0.000000  0.000000  0.000001  0.000005  0.000017  0.000039  0.000008  0.000062  0.000024 -0.000118
                                -0.000294  0.001917 -0.002155  0.000612  0.000487  0.000093 -0.000785 -0.000981  0.000120  0.000111
                                 0.000004 -0.000006  0.008244  0.000000  0.054849  0.000000  0.181659  0.000000  0.341205  0.000001
                                 0.389147  0.000001  0.288621  0.000001  0.130521  0.000000  0.023649  0.000000  0.006111  0.000000
                                -0.001440 -0.000000  0.000000  0.000000  0.000002  0.000000  0.000000  0.000014  0.000000  0.000000
                                 0.000060  0.000000  0.000000  0.000198

   6.5   2    -2.2003  -59.5003 -0.000042 -0.000193 -0.000824 -0.003253 -0.011527 -0.026516 -0.005300 -0.041690 -0.016995  0.080928
                                 0.195034 -1.087393  1.230704 -0.379252 -0.328427 -0.058075  0.433010  0.586687  0.191028 -0.007781
                                 0.003860 -0.000837  0.000007 -0.000000  0.000048 -0.000000  0.000158 -0.000000  0.000298 -0.000000
                                 0.000346 -0.000000  0.000347 -0.000000  0.000503 -0.000000  0.000830 -0.000000  0.000097  0.000000
                                -0.000021  0.000000  0.000000 -0.000000  0.000000 -0.000000  0.000000 -0.000000  0.000000 -0.000000
                                -0.000002  0.000000 -0.000000 -0.000040

   7.5   0    -0.1417  -12.1488 -0.000000 -0.000000 -0.000000 -0.000000 -0.000000 -0.000000 -0.000000 -0.000000 -0.000000  0.000000
                                 0.000000  0.000000 -0.000000  0.000000 -0.000000  0.000000 -0.000000  0.000000 -0.000000  0.000000
                                -0.000000  0.000000  0.000000 -0.000324  0.000000 -0.002144  0.000000 -0.007154  0.000000 -0.013140
                                 0.000000 -0.014886  0.000000 -0.007001 -0.000000  0.002333 -0.000000  0.035008 -0.000001  0.265026
                                -0.000002  0.825916 -0.000002 -0.000002  0.000000  0.000008  0.000008 -0.000000 -0.000062 -0.000062
                                 0.000000  0.000404  0.000407 -0.000000

   8.5   0    -0.1437  -12.1312  0.000000  0.000001  0.000003  0.000011  0.000041  0.000081  0.000035  0.000130  0.000135 -0.000413
                                -0.000416 -0.010972  0.011779 -0.000564  0.002047 -0.002196  0.001546 -0.006987  0.004356 -0.002826
                                 0.054820 -0.124007 -0.000324 -0.000000 -0.002144 -0.000000 -0.007149 -0.000000 -0.013145 -0.000000
                                -0.014859 -0.000000 -0.007087 -0.000000  0.002603  0.000000  0.034215  0.000000  0.266606  0.000001
                                 0.820319  0.000002 -0.000000 -0.000000 -0.000003  0.000000  0.000000  0.000011 -0.000000 -0.000000
                                -0.000089  0.000000  0.000000  0.000584

                                   1 3d1+    1 3d1+    1 3d1+    1 3d1+    1 3d1+    1 3d1+    1 3d1+    1 3d1+    1 3d1+    1 3d1+ 
                                   1 3d1+    1 3d1+    1 3d1+    1 3d1+    1 3d1+    1 3d1+    1 5g1+    1 5g3+    1 5g1+    1 5g3+ 
                                   1 5g1+    1 5g3+    1 5g1+    1 5g3+    1 5g1+    1 5g3+    1 5g1+    1 5g3+ 

   1.6   2   -61.5068 -330.1189  0.001388  0.011211  0.056498  0.184667  0.376890  0.415806  0.003719  0.164974 -0.001601  0.009707
                                -0.002125  0.001278 -0.000588  0.000203 -0.000101  0.000031  0.000002  0.000000 -0.000000 -0.000000
                                 0.000000  0.000000 -0.000000 -0.000000  0.000000  0.000000 -0.000000  0.000000

   2.6   2    -8.9314 -133.6124 -0.000674 -0.005547 -0.027946 -0.094752 -0.186035 -0.208124  0.144435 -0.078324  0.479667  0.510532
                                 0.160644 -0.005247  0.006479 -0.002166  0.001086 -0.000329  0.000002 -0.000000  0.000007 -0.000000
                                 0.000014 -0.000000  0.000019 -0.000000  0.000006 -0.000000 -0.000001 -0.000000

   3.6   0    -0.5073  -35.8796  0.000139  0.001130  0.005765  0.019370  0.038784  0.037439 -0.022393 -0.004522 -0.099580 -0.126148
                                 0.105577  0.259558  0.515639  0.386078 -0.048231  0.018608  0.000003 -0.000000 -0.000004  0.000000
                                 0.000025 -0.000000  0.000052  0.000000  0.001345 -0.000000  0.004813  0.000000

   4.6   0    -0.1973  -13.8361 -0.000058 -0.000472 -0.002407 -0.008084 -0.016196 -0.015561  0.009289  0.002141  0.041671  0.052908
                                -0.047288 -0.116331 -0.251997  0.070041  0.850506  0.141895 -0.000012  0.000000  0.000042 -0.000000
                                -0.000099  0.000000  0.000265  0.000000 -0.001946  0.000000  0.008856  0.000000

                                   1 3d1-    1 3d1-    1 3d1-    1 3d1-    1 3d1-    1 3d1-    1 3d1-    1 3d1-    1 3d1-    1 3d1- 
                                   1 3d1-    1 3d1-    1 3d1-    1 3d1-    1 3d1-    1 3d1-    1 5g1-    1 5g3-    1 5g1-    1 5g3- 
                                   1 5g1-    1 5g3-    1 5g1-    1 5g3-    1 5g1-    1 5g3-    1 5g1-    1 5g3- 

   1.7   2   -61.5068 -330.1189  0.001388  0.011211  0.056498  0.184667  0.376890  0.415806  0.003719  0.164974 -0.001601  0.009707
                                -0.002125  0.001278 -0.000588  0.000203 -0.000101  0.000031  0.000002  0.000000 -0.000000 -0.000000
                                 0.000000 -0.000000 -0.000000 -0.000000  0.000000 -0.000000 -0.000000  0.000000

   2.7   2    -8.9314 -133.6124 -0.000674 -0.005547 -0.027946 -0.094752 -0.186035 -0.208124  0.144435 -0.078324  0.479667  0.510532
                                 0.160644 -0.005247  0.006479 -0.002166  0.001086 -0.000329  0.000002 -0.000000  0.000007 -0.000000
                                 0.000014 -0.000000  0.000019 -0.000000  0.000006 -0.000000 -0.000001  0.000000

   3.7   0    -0.5073  -35.8796  0.000139  0.001130  0.005765  0.019370  0.038784  0.037439 -0.022393 -0.004522 -0.099580 -0.126148
                                 0.105577  0.259558  0.515639  0.386078 -0.048231  0.018608  0.000003 -0.000000 -0.000004  0.000000
                                 0.000025 -0.000000  0.000052 -0.000000  0.001345 -0.000000  0.004813 -0.000000

   4.7   0    -0.1973  -13.8361 -0.000058 -0.000472 -0.002407 -0.008084 -0.016196 -0.015561  0.009289  0.002141  0.041671  0.052908
                                -0.047288 -0.116331 -0.251997  0.070041  0.850506  0.141895 -0.000012  0.000000  0.000042 -0.000000
                                -0.000099  0.000000  0.000265 -0.000000 -0.001946  0.000000  0.008856 -0.000000

                                   1 4f2-    1 4f2-    1 4f2-    1 4f2-    1 4f2-    1 4f2-    1 4f2-    1 4f2-    1 4f2-    1 4f2- 
                                   1 6h4-    1 6h2-    1 6h4-    1 6h2-    1 6h4-    1 6h2-    1 6h4-    1 6h2- 

   1.8   2    -1.6024 -103.8310  0.008245  0.054856  0.181684  0.341250  0.389190  0.288613  0.130426  0.023474  0.006084 -0.001428
                                -0.000000  0.000002 -0.000001  0.000011  0.000002  0.000049 -0.000004  0.000165

   2.8   0    -0.1417  -12.1488 -0.000324 -0.002144 -0.007154 -0.013140 -0.014886 -0.007001  0.002333  0.035008  0.265026  0.825916
                                 0.000002 -0.000002 -0.000008  0.000008  0.000062 -0.000062 -0.000407  0.000404

   3.8   0     0.0319  -16.2638 -0.000774 -0.005275 -0.017010 -0.032869 -0.032617 -0.025525  0.048151  0.017194  1.108839 -0.832155
                                 0.000002 -0.000006 -0.000007  0.000020  0.000060 -0.000163 -0.000428  0.001126

 HOMO      7.2    -0.281429 =      -7.6581eV
 LUMO     10.1    -0.556860 =     -15.1529eV
 LUMO-HOMO        -0.275431 =      -7.4949eV


 **********************************************************************************************************************************
 DATASETS  * FILE   NREC   LENGTH (MB)   RECORD NAMES
              1      22       21.15       500      610      700      900      950      970     1000      129      960     1700   
                                          VAR    BASINP    GEOM    SYMINP    ZMAT    AOBASIS   BASIS     P2S    ABASIS    OPER   
                                         1101     1401     1411     1412     1650     1100     1400     1410     1200     1210   
                                          SR      EKINR    POTR     PVPR    MOLCAS      S      EKIN      POT      H0       H01  
                                         1080     1600   
                                         AOSYM     SMH  

              2       5        5.89       200      700     1000      520     4202   
                                        OPTIONS   GEOM     BASIS   MCVARS     RHF  

 PROGRAMS   *        TOTAL       RHF       INT
 CPU TIMES  *        40.71      1.72     38.63
 REAL TIME  *        43.98 SEC
 DISK USED  *         3.21 GB      
 SF USED    *         0.07 MB      
 GA USED    *         0.00 MB       (max)       0.00 MB       (current)
 **********************************************************************************************************************************


 PROGRAM * POP (Mulliken population analysis)

 
 Density matrix read from record         4202.2  Type=RHF/CHARGE (state 1.2)
 
 Population analysis by basis function type

 Unique atom        s        p        d        f        g    Total    Charge
   1  LU     10.00000 23.99999 20.00000 15.00001  0.00000 69.00000  + 2.00000


 **********************************************************************************************************************************
 DATASETS  * FILE   NREC   LENGTH (MB)   RECORD NAMES
              1      22       21.15       500      610      700      900      950      970     1000      129      960     1700   
                                          VAR    BASINP    GEOM    SYMINP    ZMAT    AOBASIS   BASIS     P2S    ABASIS    OPER   
                                         1101     1401     1411     1412     1650     1100     1400     1410     1200     1210   
                                          SR      EKINR    POTR     PVPR    MOLCAS      S      EKIN      POT      H0       H01  
                                         1080     1600   
                                         AOSYM     SMH  

              2       5        5.89       200      700     1000      520     4202   
                                        OPTIONS   GEOM     BASIS   MCVARS     RHF  

 PROGRAMS   *        TOTAL       POP       RHF       INT
 CPU TIMES  *        40.71      0.00      1.72     38.63
 REAL TIME  *        43.99 SEC
 DISK USED  *         3.21 GB      
 SF USED    *         0.07 MB      
 GA USED    *         0.00 MB       (max)       0.00 MB       (current)
 **********************************************************************************************************************************


 PROGRAM * RHF-SCF (OPEN SHELL)       Authors: W. Meyer, H.-J. Werner


 NUMBER OF ELECTRONS:      35+   34-    SPACE SYMMETRY=2    SPIN SYMMETRY: Doublet 
 CONVERGENCE THRESHOLDS:    1.00E-05 (Density)    1.38E-07 (Energy)
 MAX. NUMBER OF ITERATIONS:        0
 INTERPOLATION TYPE:            DIIS
 INTERPOLATION STEPS:              2 (START)      1 (STEP)
 LEVEL SHIFTS:                 -0.60 (CLOSED) -0.30 (OPEN) 

 Number of closed-shell orbitals:   34 (   9   6   6   2   6   2   2   1 )
 Number of open-shell orbitals:      1 (   0   1   0   0   0   0   0   0 )


 Molecular orbitals read from record     4202.2  Type=RHF/CANONICAL (state 1.2)

 Molecular orbital dump at record        2122.2

 ITERATION    DDIFF          GRAD             ENERGY        2-EL.EN.            DIPOLE MOMENTS         DIIS   ORB.
    1      0.000D+00      0.000D+00    -14558.34647025  10773.518972    0.00000    0.00000    0.00000    0    start

 Final alpha occupancy:   9   7   6   2   6   2   2   1
 Final beta  occupancy:   9   6   6   2   6   2   2   1

 !RHF STATE 1.2 Energy               -14558.3464702511    
 Nuclear energy                         0.00000000
 One-electron energy               -19945.10595643
 Two-electron energy                 5386.75948618
 Virial quotient                       -0.73507743
 !RHF STATE 1.2 Dipole moment           0.00000000     0.00000000     0.00000000
 Dipole moment /Debye                   0.00000000     0.00000000     0.00000000

 Orbital energies:

         1.1          2.1          3.1          4.1          5.1          6.1          7.1          8.1          9.1         10.1
  -2339.926137  -403.877790   -94.260977   -61.506840   -61.506658   -20.466323    -8.931498    -8.931001    -3.472037    -0.556860

        11.1
     -0.508787

         1.2          2.2          3.2          4.2          5.2          6.2          7.2          8.2          9.2
   -356.072898   -79.594372   -15.548655    -1.602732    -1.602625    -2.196669    -0.281429    -0.143974    -0.385629

         1.3          2.3          3.3          4.3          5.3          6.3          7.3          8.3
   -356.072898   -79.594372   -15.548655    -1.601795    -1.602625    -2.196669    -0.129988    -0.143974

         1.4          2.4          3.4          4.4
    -61.506658    -8.931001    -0.507999    -0.204255

         1.5          2.5          3.5          4.5          5.5          6.5          7.5          8.5
   -356.072989   -79.594682   -15.549285    -1.602354    -1.602705    -2.200323    -0.141706    -0.143697

         1.6          2.6          3.6          4.6
    -61.506782    -8.931353    -0.507307    -0.197346

         1.7          2.7          3.7          4.7
    -61.506782    -8.931353    -0.507307    -0.197346

         1.8          2.8          3.8
     -1.602354    -0.141706     0.031925

 HOMO      7.2    -0.281429 =      -7.6581eV
 LUMO     10.1    -0.556860 =     -15.1529eV
 LUMO-HOMO        -0.275431 =      -7.4949eV


 **********************************************************************************************************************************
 DATASETS  * FILE   NREC   LENGTH (MB)   RECORD NAMES
              1      22       21.15       500      610      700      900      950      970     1000      129      960     1700   
                                          VAR    BASINP    GEOM    SYMINP    ZMAT    AOBASIS   BASIS     P2S    ABASIS    OPER   
                                         1101     1401     1411     1412     1650     1100     1400     1410     1200     1210   
                                          SR      EKINR    POTR     PVPR    MOLCAS      S      EKIN      POT      H0       H01  
                                         1080     1600   
                                         AOSYM     SMH  

              2       6        9.09       200      700     1000      520     4202     2122   
                                        OPTIONS   GEOM     BASIS   MCVARS     RHF      RHF  

 PROGRAMS   *        TOTAL       RHF       POP       RHF       INT
 CPU TIMES  *        40.83      0.12      0.00      1.72     38.63
 REAL TIME  *        44.16 SEC
 DISK USED  *         3.21 GB      
 SF USED    *         0.07 MB      
 GA USED    *         0.00 MB       (max)       0.00 MB       (current)
 **********************************************************************************************************************************
 SETTING SCF(10)        =    -14558.34647025  AU                              
 SETTING _CC_NORM_MAX   =         2.00000000                                  


 PROGRAM * CCSD (Restricted open-shell coupled cluster)     Authors: C. Hampel, H.-J. Werner, 1991, M. Deegan, P.J. Knowles, 1992


 Convergence thresholds:  THRVAR = 1.00D-08  THRDEN = 1.38D-06

 CCSD(T)     terms to be evaluated (factor= 1.000)


 Number of core orbitals:          30 (   8   5   5   2   5   2   2   1 )
 Number of closed-shell orbitals:   4 (   1   1   1   0   1   0   0   0 )
 Number of active  orbitals:        1 (   0   1   0   0   0   0   0   0 )
 Number of external orbitals:     306 (  68  47  48  26  48  26  26  17 )

 Memory could be reduced to 44.92 Mwords without degradation in triples

 Number of N-1 electron functions:               9
 Number of N-2 electron functions:              36
 Number of singly external CSFs:               472
 Number of doubly external CSFs:            339816
 Total number of CSFs:                      340288

 Molecular orbitals read from record     2122.2  Type=RHF/CANONICAL (state 1.2)

 Integral transformation finished. Total CPU:   0.86 sec, npass=  1  Memory used:   8.03 MW

 Starting RMP2 calculation

 Wavefunction is spin-projected

 ITER.      SQ.NORM     CORR.ENERGY   TOTAL ENERGY   ENERGY CHANGE        DEN1      VAR(S)    VAR(P)  DIIS     TIME
   1      1.03437482    -0.19195415-14558.53842440    -0.19195415    -0.00142261  0.17D-07  0.32D-03  1  1     1.00
   2      1.03519832    -0.19353455-14558.54000481    -0.00158040    -0.00000345  0.18D-09  0.13D-05  2  2     1.03
   3      1.03523127    -0.19356503-14558.54003528    -0.00003048    -0.00000004  0.49D-11  0.17D-07  3  3     1.05
   4      1.03523295    -0.19356553-14558.54003578    -0.00000050    -0.00000000  0.71D-11  0.48D-10  4  4     1.07

 Norm of t1 vector:      0.00083684      S-energy:    -0.00000155      T1 diagnostic:  0.00000249
 Norm of t2 vector:      0.18770256      P-energy:    -0.19356397
                                         Alpha-Beta:  -0.14817311
                                         Alpha-Alpha: -0.02369724
                                         Beta-Beta:   -0.02169363

 Spin contamination <S**2-Sz**2-Sz>     0.00000000
  Reference energy                   -14558.3464702511    
  RHF-RMP2 correlation energy          -0.193565526493
 !RHF-RMP2 energy                    -14558.5400357776    
 (NB above energy spin projected)

 Starting RCCSD calculation

 ITER.      SQ.NORM     CORR.ENERGY   TOTAL ENERGY   ENERGY CHANGE        DEN1      VAR(S)    VAR(P)  DIIS     TIME
   1      1.03738400    -0.19981038-14558.54628063    -0.19981038    -0.00412456  0.60D-04  0.74D-03  1  1     1.82
   2      1.03995415    -0.20444387-14558.55091412    -0.00463349    -0.00009950  0.37D-04  0.16D-04  2  2     2.54
   3      1.04051408    -0.20478425-14558.55125450    -0.00034038    -0.00002326  0.21D-04  0.22D-05  3  3     3.29
   4      1.04098702    -0.20488483-14558.55135508    -0.00010058    -0.00000853  0.96D-05  0.31D-06  4  4     4.02
   5      1.04158574    -0.20495737-14558.55142762    -0.00007254    -0.00000145  0.16D-05  0.39D-07  5  5     4.75
   6      1.04187659    -0.20497583-14558.55144609    -0.00001847    -0.00000018  0.15D-06  0.22D-07  6  6     5.48
   7      1.04196484    -0.20498239-14558.55145265    -0.00000656    -0.00000002  0.42D-07  0.25D-08  7  7     6.19
   8      1.04197277    -0.20498273-14558.55145298    -0.00000034    -0.00000004  0.99D-07  0.97D-09  8  8     6.94
   9      1.04197875    -0.20498310-14558.55145336    -0.00000038    -0.00000000  0.44D-08  0.50D-09  9  9     7.67

 Norm of t1 vector:      0.04034844      S-energy:    -0.00000154      T1 diagnostic:  0.00950829
                                                                       D1 diagnostic:  0.02836431
 Norm of t2 vector:      0.20087498      P-energy:    -0.20498156
                                         Alpha-Beta:  -0.15982784
                                         Alpha-Alpha: -0.02366580
                                         Beta-Beta:   -0.02148793

 Spin contamination <S**2-Sz**2-Sz>     0.00000000

 Memory could be reduced to 44.98 Mwords without degradation in triples
 

 RESULTS
 =======

  Reference energy                   -14558.3464702511    
  RCCSD singles energy                 -0.000001540079
  RCCSD pair energy                    -0.204981564822
  RCCSD correlation energy             -0.204983104901
  Triples (T) contribution             -0.003793608357
  Total correlation energy             -0.208776713258
 
  RHF-RCCSD energy                   -14558.5514533560    
  RHF-RCCSD[T] energy                -14558.5552751864    
  RHF-RCCSD-T energy                 -14558.5552406343    
 !RHF-RCCSD(T) energy                -14558.5552469644    

 Program statistics:

 Available memory in ccsd:              1999999650
 Min. memory needed in ccsd:               1345740
 Max. memory used in ccsd:                 1700829
 Max. memory used in cckext:               1816747 ( 9 integral passes)
 Max. memory used in cckint:               8029419 ( 1 integral passes)



 **********************************************************************************************************************************
 DATASETS  * FILE   NREC   LENGTH (MB)   RECORD NAMES
              1      22       21.15       500      610      700      900      950      970     1000      129      960     1700   
                                          VAR    BASINP    GEOM    SYMINP    ZMAT    AOBASIS   BASIS     P2S    ABASIS    OPER   
                                         1101     1401     1411     1412     1650     1100     1400     1410     1200     1210   
                                          SR      EKINR    POTR     PVPR    MOLCAS      S      EKIN      POT      H0       H01  
                                         1080     1600   
                                         AOSYM     SMH  

              2       6        9.09       200      700     1000      520     4202     2122   
                                        OPTIONS   GEOM     BASIS   MCVARS     RHF      RHF  

 PROGRAMS   *        TOTAL  RCCSD(T)       RHF       POP       RHF       INT
 CPU TIMES  *        52.49     11.64      0.12      0.00      1.72     38.63
 REAL TIME  *        57.91 SEC
 DISK USED  *         3.52 GB      
 SF USED    *       502.64 MB      
 GA USED    *         0.00 MB       (max)       0.00 MB       (current)
 **********************************************************************************************************************************
 SETTING CCSD(10)       =    -14558.55524696  AU                              
 Output type csv         
                                                                                                                                                                                                                                                                

          SCF,CCSD
        0.00000,        0.00000
        0.00000,        0.00000
        0.00000,        0.00000
        0.00000,        0.00000
        0.00000,        0.00000
        0.00000,        0.00000
        0.00000,        0.00000
        0.00000,        0.00000
        0.00000,        0.00000
   -14558.34647,   -14558.55525
                                                  

 RCCSD(T)/USERDEF energy= -14558.555246964397

        RCCSD(T)        RHF-SCF         RHF-SCF 
 -14558.55524696 -14558.34647025 -14558.34647025
 **********************************************************************************************************************************
 Molpro calculation terminated
 Variable memory released
