
 Primary working directories    : /global/cscratch1/sd/haihan
 Secondary working directories  : /global/cscratch1/sd/haihan
 Wavefunction directory         : /global/homes/h/haihan/Research/ECP/f_group_element_ecps/Lu/Molpro/atom/ECP46_1/wfu/
 Main file repository           : /global/cscratch1/sd/haihan/

 SHA1      : 19cd028119e0e09f93f0674bd8af7968d9b3eff6
 NAME      : 2015.1.36
 ARCHNAME  : linux/x86_64
 FC        : /opt/cray/pe/craype/2.5.14/bin/ftn
 BLASLIB   : -L/opt/intel/compilers_and_libraries_2018.1.163/linux/mkl/lib/intel64 -Wl,-_start-group -lmkl_intel_ilp64 -lmkl_intel_thread -lmkl_core -Wl,-_end-group -liomp5
 id        : lbl

 Nodes     nprocs
 nid01297    11
 Number of processes for MPI-2 version of Molpro:   nprocs(total)=   12   nprocs(compute)=   11   nprocs(helper)=    1

 Using customized tuning parameters: mindgm=7; mindgv=16; mindgc=1; mindgr=1; noblas=0; minvec=7
 default implementation of scratch files=sf  

 ***,Calculation for Lu atom, singlet and triplet
 memory,1,g
 
 gthresh,twoint=1.e-15
 gthresh,oneint=1.e-15
 
 
 geometry={
 1
 Lu
 Lu  0.0 0.0 0.0
 }
 
 basis={
 ECP,Lu,46,4,0;
 4                                                                               !ul
 1,    4.526254,   25.000000
 3,    3.879308,   113.15635
 2,    4.406058,  -85.722649
 2,    1.899664,   -3.133952
 2                                                                               !s
 2,    8.996757,  161.119164
 2,    5.104371,   89.334835
 2                                                                               !p
 2,    7.640657,   88.693021
 2,    3.878305,   57.109488
 2                                                                               !d
 2,    7.456305,   55.901690
 2,    2.530445,   29.364333
 2                                                                               !f
 2,    4.939345,  -23.952530
 2,    3.912490,   -7.090915
 Including file /global/u2/h/haihan/Research/ECP/f_group_element_ecps/Lu/Molpro/atom/ECP46_1/9/../aug-cc-pwCVTZ.basis
 }
 
 
 
 Including file /global/u2/h/haihan/Research/ECP/f_group_element_ecps/Lu/Molpro/atom/ECP46_1/9/../Lu46_states_ecp.proc
 
 do i=9,9
     if (i.eq.1) then
         Id1s2
     else if (i.eq.2) then
         Ip1s2
     else if (i.eq.3) then
         IEd2s1
     else if (i.eq.4) then
         IEf1s2
     else if (i.eq.5) then
         IIds2
     else if (i.eq.6) then
         IId1s1
     else if (i.eq.7) then
         IIIds1
     else if (i.eq.8) then
         IIIp1
     else if (i.eq.9) then
         IIId1
     else if (i.eq.10) then
         IIIEf1
     else if (i.eq.11) then
         VIp6
     else if (i.eq.12) then
         VIIp5
     else if (i.eq.13) then
         VIIIp4
     else if (i.eq.14) then
         IXp3
     else if (i.eq.15) then
         Xp
     else if (i.eq.16) then
         XIds2
     else if (i.eq.17) then
         IIIEf2
     endif
     scf(i)=energy
     _CC_NORM_MAX=2.0
     {rccsd(t),shifts=0.5,shiftp=0.5,thrdis=1.0;diis,1,1,15,1;maxit,100;core}
     ccsd(i)=energy
 enddo
 
 table,scf,ccsd
 type,csv
 save

 Variables initialized (889), CPU time= 0.00 sec
 Commands  initialized (702), CPU time= 0.02 sec, 572 directives.
 Default parameters read. Elapsed time= 0.21 sec

 Checking input...
 Passed
1


                                         ***  PROGRAM SYSTEM MOLPRO  ***
                                       Copyright, TTI GmbH Stuttgart, 2015
                                    Version 2015.1 linked Dec 29 2018 15:55:43


 **********************************************************************************************************************************
 LABEL *   Calculation for Lu atom, singlet and triplet                                  
  64 bit mpp version                                                                     DATE: 14-Apr-23          TIME: 11:14:56  
 **********************************************************************************************************************************

 SHA1:             19cd028119e0e09f93f0674bd8af7968d9b3eff6
 **********************************************************************************************************************************

 THRESHOLDS:

 ZERO    =  1.00D-12  ONEINT  =  1.00D-12  TWOINT  =  1.00D-15  PREFAC  =  1.00D-14  LOCALI  =  1.00D-09  EORDER  =  1.00D-04
 ENERGY  =  0.00D+00  ETEST   =  0.00D+00  EDENS   =  0.00D+00  THRDEDEF=  1.00D-06  GRADIENT=  1.00D-02  STEP    =  1.00D-03
 ORBITAL =  1.00D-05  CIVEC   =  1.00D-05  COEFF   =  1.00D-04  PRINTCI =  5.00D-02  PUNCHCI =  9.90D+01  OPTGRAD =  3.00D-04
 OPTENERG=  1.00D-06  OPTSTEP =  3.00D-04  THRGRAD =  1.00D-10  COMPRESS=  1.00D-11  VARMIN  =  1.00D-07  VARMAX  =  1.00D-03
 THRDOUB =  0.00D+00  THRDIV  =  1.00D-05  THRRED  =  1.00D-07  THRPSP  =  1.00D+00  THRDC   =  1.00D-10  THRCS   =  1.00D-10
 THRNRM  =  1.00D-08  THREQ   =  0.00D+00  THRDE   =  1.00D+00  THRREF  =  1.00D-05  SPARFAC =  1.00D+00  THRDLP  =  1.00D-07
 THRDIA  =  1.00D-10  THRDLS  =  1.00D-07  THRGPS  =  0.00D+00  THRKEX  =  0.00D+00  THRDIS  =  2.00D-01  THRVAR  =  1.00D-10
 THRLOC  =  1.00D-06  THRGAP  =  1.00D-06  THRLOCT = -1.00D+00  THRGAPT = -1.00D+00  THRORB  =  1.00D-06  THRMLTP =  0.00D+00
 THRCPQCI=  1.00D-10  KEXTA   =  0.00D+00  THRCOARS=  0.00D+00  SYMTOL  =  1.00D-06  GRADTOL =  1.00D-06  THROVL  =  1.00D-08
 THRORTH =  1.00D-08  GRID    =  1.00D-06  GRIDMAX =  1.00D-03  DTMAX   =  0.00D+00  THROCCDE=  1.00D-01  THROCCDE=  1.00D-01



 THRESHOLDS:

 ZERO    =  1.00D-12  ONEINT  =  1.00D-15  TWOINT  =  1.00D-15  PREFAC  =  1.00D-14  LOCALI  =  1.00D-09  EORDER  =  1.00D-04
 ENERGY  =  0.00D+00  ETEST   =  0.00D+00  EDENS   =  0.00D+00  THRDEDEF=  1.00D-06  GRADIENT=  1.00D-02  STEP    =  1.00D-03
 ORBITAL =  1.00D-05  CIVEC   =  1.00D-05  COEFF   =  1.00D-04  PRINTCI =  5.00D-02  PUNCHCI =  9.90D+01  OPTGRAD =  3.00D-04
 OPTENERG=  1.00D-06  OPTSTEP =  3.00D-04  THRGRAD =  1.00D-10  COMPRESS=  1.00D-11  VARMIN  =  1.00D-07  VARMAX  =  1.00D-03
 THRDOUB =  0.00D+00  THRDIV  =  1.00D-05  THRRED  =  1.00D-07  THRPSP  =  1.00D+00  THRDC   =  1.00D-10  THRCS   =  1.00D-10
 THRNRM  =  1.00D-08  THREQ   =  0.00D+00  THRDE   =  1.00D+00  THRREF  =  1.00D-05  SPARFAC =  1.00D+00  THRDLP  =  1.00D-07
 THRDIA  =  1.00D-10  THRDLS  =  1.00D-07  THRGPS  =  0.00D+00  THRKEX  =  0.00D+00  THRDIS  =  2.00D-01  THRVAR  =  1.00D-10
 THRLOC  =  1.00D-06  THRGAP  =  1.00D-06  THRLOCT = -1.00D+00  THRGAPT = -1.00D+00  THRORB  =  1.00D-06  THRMLTP =  0.00D+00
 THRCPQCI=  1.00D-10  KEXTA   =  0.00D+00  THRCOARS=  0.00D+00  SYMTOL  =  1.00D-06  GRADTOL =  1.00D-06  THROVL  =  1.00D-08
 THRORTH =  1.00D-08  GRID    =  1.00D-06  GRIDMAX =  1.00D-03  DTMAX   =  0.00D+00  THROCCDE=  1.00D-01  THROCCDE=  1.00D-01



Geometry recognized as XYZ


 Variable memory set to 1000000000 words,  buffer space   230000 words

 SETTING BASIS          =    USERDEF

 DO I                   =         9.00000000   

 Running procedure=IIID1


 Recomputing integrals since basis changed


 Using spherical harmonics



 PROGRAM * SEWARD (Integral evaluation for generally contracted gaussian basis sets)     Author: Roland Lindh, 1990

 Geometry written to block  1 of record 700

 Orientation using atomic masses  
 Molecule type: Atom
 Symmetry elements: X,Y,Z
 Rotational constants:       0.0000000      0.0000000      0.0000000 GHz  (calculated with average atomic masses)

 Point group  D2h 



 ATOMIC COORDINATES

 NR  ATOM    CHARGE       X              Y              Z

   1  LU     25.00    0.000000000    0.000000000    0.000000000

 NUCLEAR CHARGE:                   25
 NUMBER OF PRIMITIVE AOS:         516
 NUMBER OF SYMMETRY AOS:          389
 NUMBER OF CONTRACTIONS:          389   (  87Ag  +  63B3u +  63B2u +  31B1g +  63B1u +  31B2g +  31B3g +  20Au  )
 NUMBER OF CORE ORBITALS:           0   (   0Ag  +   0B3u +   0B2u +   0B1g +   0B1u +   0B2g +   0B3g +   0Au  )
 NUMBER OF VALENCE ORBITALS:       17   (   4Ag  +   3B3u +   3B2u +   1B1g +   3B1u +   1B2g +   1B3g +   1Au  )


 NUCLEAR REPULSION ENERGY    0.00000000

 EXTRA SYMMETRY OF AOS IN SYMMETRY 1:   1 1 1 1 1 1 1 1 1 1   1 1 1 1 1 1 1 1 1 1   1 1 1 1 1 1 1 1 1 1   1 2 3 2 3 2 3 2 3 2
                                        3 2 3 2 3 2 3 2 3 2   3 2 3 2 3 2 3 2 3 2   3 2 3 2 3 2 3 2 3 4   5 6 4 5 6 4 5 6 4 5
                                        6 4 5 6 4 5 6
 EXTRA SYMMETRY OF AOS IN SYMMETRY 2:   1 1 1 1 1 1 1 1 1 1   1 1 1 1 1 1 1 1 1 1   1 1 1 1 1 1 2 3 2 3   2 3 2 3 2 3 2 3 2 3
                                        2 3 2 3 2 3 2 3 2 3   2 3 2 3 4 5 6 4 5 6   4 5 6
 EXTRA SYMMETRY OF AOS IN SYMMETRY 3:   1 1 1 1 1 1 1 1 1 1   1 1 1 1 1 1 1 1 1 1   1 1 1 1 1 1 2 3 2 3   2 3 2 3 2 3 2 3 2 3
                                        2 3 2 3 2 3 2 3 2 3   2 3 2 3 4 5 6 4 5 6   4 5 6
 EXTRA SYMMETRY OF AOS IN SYMMETRY 4:   1 1 1 1 1 1 1 1 1 1   1 1 1 1 1 1 1 1 1 2   3 2 3 2 3 2 3 2 3 2   3
 EXTRA SYMMETRY OF AOS IN SYMMETRY 5:   1 1 1 1 1 1 1 1 1 1   1 1 1 1 1 1 1 1 1 1   1 1 1 1 1 1 2 3 2 3   2 3 2 3 2 3 2 3 2 3
                                        2 3 2 3 2 3 2 3 2 3   2 3 2 3 4 5 6 4 5 6   4 5 6
 EXTRA SYMMETRY OF AOS IN SYMMETRY 6:   1 1 1 1 1 1 1 1 1 1   1 1 1 1 1 1 1 1 1 2   3 2 3 2 3 2 3 2 3 2   3
 EXTRA SYMMETRY OF AOS IN SYMMETRY 7:   1 1 1 1 1 1 1 1 1 1   1 1 1 1 1 1 1 1 1 2   3 2 3 2 3 2 3 2 3 2   3
 EXTRA SYMMETRY OF AOS IN SYMMETRY 8:   1 1 1 1 1 1 1 1 1 1   1 1 1 1 2 3 2 3 2 3

 Eigenvalues of metric

         1 0.334E-06 0.975E-06 0.340E-05 0.187E-04 0.482E-04 0.711E-04 0.812E-04 0.812E-04
         2 0.961E-06 0.179E-05 0.251E-04 0.110E-03 0.535E-03 0.536E-03 0.536E-03 0.156E-02
         3 0.961E-06 0.179E-05 0.251E-04 0.110E-03 0.535E-03 0.536E-03 0.536E-03 0.156E-02
         4 0.812E-04 0.144E-03 0.238E-02 0.635E-02 0.105E-01 0.241E-01 0.241E-01 0.278E-01
         5 0.961E-06 0.179E-05 0.251E-04 0.110E-03 0.535E-03 0.536E-03 0.536E-03 0.156E-02
         6 0.812E-04 0.144E-03 0.238E-02 0.635E-02 0.105E-01 0.241E-01 0.241E-01 0.278E-01
         7 0.812E-04 0.144E-03 0.238E-02 0.635E-02 0.105E-01 0.241E-01 0.241E-01 0.278E-01
         8 0.536E-03 0.145E-01 0.220E-01 0.558E-01 0.111E+00 0.176E+00 0.268E+00 0.268E+00


 Contracted 2-electron integrals neglected if value below      1.0D-15
 AO integral compression algorithm  1   Integral accuracy      1.0D-15

     2533.097 MB (compressed) written to integral file ( 50.0%)

     Node minimum: 170.918 MB, node maximum: 293.601 MB


 NUMBER OF SORTED TWO-ELECTRON INTEGRALS:   33535790.     BUFFER LENGTH:  32768
 NUMBER OF SEGMENTS:   2  SEGMENT LENGTH:   31996385      RECORD LENGTH: 524288

 Memory used in sort:      32.55 MW

 SORT1 READ   632589735. AND WROTE    22214328. INTEGRALS IN     65 RECORDS. CPU TIME:    17.20 SEC, REAL TIME:    20.53 SEC
 SORT2 READ   243471794. AND WROTE   368240910. INTEGRALS IN   9526 RECORDS. CPU TIME:     0.82 SEC, REAL TIME:     1.41 SEC

 Node minimum:    33379029.  Node maximum:    33708496. integrals

 OPERATOR DM      FOR CENTER  0  COORDINATES:    0.000000    0.000000    0.000000


 **********************************************************************************************************************************
 DATASETS  * FILE   NREC   LENGTH (MB)   RECORD NAMES
              1      19       20.94       500      610      700      900      950      970     1000      129      960     1100   
                                          VAR    BASINP    GEOM    SYMINP    ZMAT    AOBASIS   BASIS     P2S    ABASIS      S 
                                         1400     1410     1420     1200     1210     1080     1600     1650     1700   
                                           T        V       ECP      H0       H01     AOSYM     SMH    MOLCAS    OPER   

 PROGRAMS   *        TOTAL       INT
 CPU TIMES  *        65.48     64.97
 REAL TIME  *        71.56 SEC
 DISK USED  *         5.44 GB      
 GA USED    *         0.00 MB       (max)       0.00 MB       (current)
 **********************************************************************************************************************************


 PROGRAM * RHF-SCF (OPEN SHELL)       Authors: W. Meyer, H.-J. Werner


 NUMBER OF ELECTRONS:      12+   11-    SPACE SYMMETRY=4    SPIN SYMMETRY: Doublet 
 CONVERGENCE THRESHOLDS:    1.00E-05 (Density)    1.00E-07 (Energy)
 MAX. NUMBER OF ITERATIONS:      150
 INTERPOLATION TYPE:            DIIS
 INTERPOLATION STEPS:              2 (START)      1 (STEP)
 LEVEL SHIFTS:                 -0.60 (CLOSED) -0.30 (OPEN) 

 Number of closed-shell orbitals:   11 (   1   3   3   0   3   0   0   1 )
 Number of open-shell orbitals:      1 (   0   0   0   1   0   0   0   0 )


 Guess basis ATOMIC-GUESS,LU=ECP46_GUESS not found. No density guess!


 Molecular orbital dump at record        4202.2

 ITERATION    DDIFF          GRAD             ENERGY        2-EL.EN.            DIPOLE MOMENTS         DIIS   ORB.
    1      0.000D+00      0.000D+00      -168.38267863    532.854395    0.00000    0.00000    0.00000    0    start
    2      0.000D+00      0.453D+00      -136.33074160     91.456100    0.00000    0.00000    0.00000    0    diag,B
    3      0.993D+01      0.230D+00      -177.23479460    512.718782    0.00000    0.00000    0.00000    1    diag,B
    4      0.993D+01      0.407D+00      -194.78243145    464.838316    0.00000    0.00000    0.00000    2    diag,B
    5      0.605D-01      0.257D+00      -204.41583745    422.624884    0.00000    0.00000    0.00000    3    diag,B
    6      0.383D-01      0.147D+00      -209.58181564    370.942202    0.00000    0.00000    0.00000    4    diag,B
    7      0.366D-01      0.261D-01      -209.85588037    355.235971    0.00000    0.00000    0.00000    5    diag,B
    8      0.102D-01      0.585D-02      -209.86732098    354.677360    0.00000    0.00000    0.00000    6    diag,B
    9      0.250D-02      0.322D-02      -209.87019472    355.184079    0.00000    0.00000    0.00000    7    diag,B
   10      0.138D-02      0.668D-03      -209.87032826    355.413516    0.00000    0.00000    0.00000    8    orth
   11      0.449D-03      0.903D-04      -209.87033623    355.374958    0.00000    0.00000    0.00000    9    diag,B
   12      0.133D-03      0.308D-04      -209.87033889    355.373600    0.00000    0.00000    0.00000    9    diag,B
   13      0.672D-04      0.156D-04      -209.87034011    355.370676    0.00000    0.00000    0.00000    9    diag,B
   14      0.870D-04      0.571D-05      -209.87034020    355.373363    0.00000    0.00000    0.00000    9    diag,B
   15      0.269D-04      0.209D-05      -209.87034021    355.372199    0.00000    0.00000    0.00000    9    diag,B
   16      0.746D-05      0.432D-06      -209.87034021    355.372301    0.00000    0.00000    0.00000    0    orth

 Final alpha occupancy:   1   3   3   1   3   0   0   1
 Final beta  occupancy:   1   3   3   0   3   0   0   1

 !RHF STATE 1.4 Energy               -209.870340208632
 Nuclear energy                         0.00000000
 One-electron energy                 -387.55649080
 Two-electron energy                  177.68615059
 Virial quotient                       -1.21956263
 !RHF STATE 1.4 Dipole moment           0.00000000     0.00000000     0.00000000
 Dipole moment /Debye                   0.00000000     0.00000000     0.00000000

 ELECTRON ORBITALS
 =================


   Orb  Occ    Energy  Couls-En    Coefficients

                                   1 1s      1 1s      1 1s      1 1s      1 1s      1 1s      1 1s      1 1s      1 1s      1 1s   
                                   1 1s      1 1s      1 1s      1 1s      1 1s      1 1s      1 1s      1 1s      1 1s      1 1s   
                                   1 1s      1 1s      1 1s      1 1s      1 1s      1 1s      1 1s      1 1s      1 1s      1 1s   
                                   1 1s      1 3d0     1 3d2+    1 3d0     1 3d2+    1 3d0     1 3d2+    1 3d0     1 3d2+    1 3d0  
                                   1 3d2+    1 3d0     1 3d2+    1 3d0     1 3d2+    1 3d0     1 3d2+    1 3d0     1 3d2+    1 3d0  
                                   1 3d2+    1 3d0     1 3d2+    1 3d0     1 3d2+    1 3d0     1 3d2+    1 3d0     1 3d2+    1 3d0  
                                   1 3d2+    1 3d0     1 3d2+    1 3d0     1 3d2+    1 3d0     1 3d2+    1 3d0     1 3d2+    1 5g0  
                                   1 5g4+    1 5g2+    1 5g0     1 5g4+    1 5g2+    1 5g0     1 5g4+    1 5g2+    1 5g0     1 5g4+ 
                                   1 5g2+    1 5g0     1 5g4+    1 5g2+    1 5g0     1 5g4+    1 5g2+ 

   1.1   2    -3.3176  -21.3132 -0.000000  0.000001 -0.000004  0.000011 -0.000032  0.000091 -0.000303  0.001717  0.005661 -0.004090
                                 0.006259 -0.012349 -0.005339  0.034616 -0.184860  0.220645 -0.125642  0.456397 -1.045712  0.073251
                                 0.972876  0.359775  0.041252 -0.027054  0.042594 -0.065435  0.049514 -0.019695  0.007631 -0.001977
                                 0.000353 -0.000000 -0.000000  0.000002  0.000000 -0.000006 -0.000000  0.000018  0.000000 -0.000058
                                -0.000000  0.000309  0.000000 -0.000800 -0.000000  0.000776  0.000000 -0.000442 -0.000000 -0.000796
                                 0.000000  0.005950 -0.000000  0.001235 -0.000000 -0.000981  0.000000  0.002744  0.000000 -0.003867
                                -0.000000  0.001909  0.000000 -0.000376 -0.000000  0.000135  0.000000 -0.000036  0.000000 -0.000014
                                 0.000075  0.000000  0.000056 -0.000241  0.000000  0.000490 -0.002741  0.000000 -0.000426  0.002359
                                -0.000000  0.000167 -0.000921  0.000000 -0.000054  0.000298 -0.000000

   2.1   0    -0.5442  -12.3187  0.000000 -0.000000  0.000000 -0.000000  0.000000 -0.000000  0.000001 -0.000007 -0.000024  0.000017
                                -0.000026  0.000052  0.000023 -0.000144  0.000806 -0.001030  0.000647 -0.001278  0.001983  0.000823
                                -0.000694 -0.001193 -0.004309 -0.000190 -0.001813  0.002637 -0.001934  0.000760 -0.000294  0.000076
                                -0.000014 -0.000015  0.000000  0.000077 -0.000000 -0.000276  0.000000  0.000873 -0.000000 -0.002898
                                 0.000000  0.015378 -0.000000 -0.039638  0.000000  0.037703 -0.000000 -0.019787  0.000000 -0.060475
                                 0.000000  0.363322 -0.000000  0.526996 -0.000000  0.333591 -0.000000 -0.164565  0.000000  0.284051
                                -0.000000 -0.139067  0.000000  0.027992 -0.000000 -0.010239  0.000000  0.002764 -0.000000 -0.000147
                                -0.000233  0.000000  0.001563  0.002625 -0.000000  0.010725  0.014798 -0.000000 -0.007972 -0.012134
                                 0.000000  0.004517  0.006202  0.000000 -0.001506 -0.002187 -0.000000

   3.1   0    -0.5091  -12.1834  0.000000 -0.000000  0.000000 -0.000000  0.000000 -0.000000  0.000000 -0.000000 -0.000000  0.000000
                                -0.000000  0.000000  0.000000 -0.000000  0.000000 -0.000000  0.000000 -0.000000  0.000000 -0.000000
                                 0.000000 -0.000000  0.000000  0.000000  0.000000 -0.000000  0.000000 -0.000000  0.000000 -0.000000
                                 0.000000 -0.000000 -0.000015  0.000000  0.000079 -0.000000 -0.000281  0.000000  0.000888 -0.000000
                                -0.002943  0.000000  0.015601 -0.000000 -0.040181  0.000000  0.038217 -0.000000 -0.020240 -0.000000
                                -0.058526  0.000000  0.357824  0.000000  0.516609  0.000000  0.344452 -0.000000 -0.150588  0.000000
                                 0.280797 -0.000000 -0.137902  0.000000  0.028298 -0.000000 -0.010413  0.000000  0.002820  0.000000
                                 0.000000 -0.000119  0.000000  0.000000  0.001293  0.000000 -0.000000  0.008649 -0.000000  0.000000
                                -0.006447  0.000000 -0.000000  0.003719 -0.000000  0.000000 -0.001234

                                   1 2px     1 2px     1 2px     1 2px     1 2px     1 2px     1 2px     1 2px     1 2px     1 2px  
                                   1 2px     1 2px     1 2px     1 2px     1 2px     1 2px     1 2px     1 2px     1 2px     1 2px  
                                   1 2px     1 2px     1 2px     1 2px     1 2px     1 2px     1 4f1+    1 4f3+    1 4f1+    1 4f3+ 
                                   1 4f1+    1 4f3+    1 4f1+    1 4f3+    1 4f1+    1 4f3+    1 4f1+    1 4f3+    1 4f1+    1 4f3+ 
                                   1 4f1+    1 4f3+    1 4f1+    1 4f3+    1 4f1+    1 4f3+    1 4f1+    1 4f3+    1 4f1+    1 4f3+ 
                                   1 4f1+    1 4f3+    1 4f1+    1 4f3+    1 6h1+    1 6h3+    1 6h5+    1 6h1+    1 6h3+    1 6h5+ 
                                   1 6h1+    1 6h3+    1 6h5+ 

   1.2   2    -2.2049  -18.2807 -0.000000  0.000000 -0.000002  0.000006 -0.000019  0.000056 -0.000155  0.000427 -0.001292  0.004782
                                -0.043795  0.116046 -0.238568  0.500273 -0.636596  0.145946  0.673434 -0.020959  0.403835  0.049318
                                 0.038689 -0.003671 -0.048483  0.000864 -0.000338  0.000071 -0.000001  0.000000  0.000004 -0.000000
                                -0.000017 -0.000001  0.000335 -0.000258 -0.000168 -0.000170  0.001203 -0.001356  0.000819 -0.001578
                                 0.002215 -0.002810  0.003439 -0.005606  0.000064 -0.004858 -0.000252 -0.000274  0.000131 -0.000081
                                -0.000058  0.000068  0.000018 -0.000025 -0.000001 -0.000003  0.000013 -0.000064 -0.000087  0.000540
                                 0.000019 -0.000001 -0.000101

   2.2   2    -0.8137  -18.1486 -0.000000  0.000000 -0.000000  0.000000 -0.000000  0.000000 -0.000001  0.000003 -0.000008  0.000027
                                -0.000230  0.000572 -0.000947  0.001923 -0.003221  0.002450  0.003267  0.002156 -0.002103  0.024250
                                -0.008706 -0.003435 -0.023914  0.000471 -0.000194  0.000042 -0.000021 -0.000006  0.000110  0.000032
                                 0.000028  0.000004  0.042031  0.011803  0.028086  0.007799  0.208058  0.058344  0.254794  0.071286
                                 0.338781  0.095023  0.289225  0.082568  0.159042  0.047797  0.042101  0.013488 -0.011007 -0.003596
                                 0.005178  0.001709 -0.001609 -0.000533  0.000325  0.000100 -0.000050  0.001481  0.000486 -0.000257
                                 0.001769  0.000405 -0.000129

   3.2   2    -0.8057  -18.1304  0.000000 -0.000000  0.000000 -0.000000  0.000000 -0.000001  0.000003 -0.000009  0.000027 -0.000100
                                 0.000906 -0.002367  0.004709 -0.010139  0.013825 -0.004860 -0.014820 -0.001303 -0.005037 -0.036062
                                 0.009966  0.004851  0.035578 -0.000707  0.000291 -0.000063 -0.000006  0.000021  0.000031 -0.000110
                                 0.000012 -0.000027  0.011998 -0.041975  0.008101 -0.028013  0.059458 -0.207707  0.072960 -0.254258
                                 0.096664 -0.337761  0.081200 -0.288837  0.043252 -0.161767  0.011218 -0.044682 -0.002898  0.011757
                                 0.001367 -0.005604 -0.000425  0.001748  0.000078 -0.000182 -0.000015  0.000350 -0.000823 -0.000093
                                 0.000452 -0.001003 -0.000014

   4.2   0    -0.3076   -6.2559 -0.000000  0.000000 -0.000000  0.000000 -0.000001  0.000002 -0.000005  0.000014 -0.000041  0.000138
                                -0.000096 -0.002032  0.013495 -0.072515  0.135125 -0.031366 -0.249147  0.103637 -0.257532  1.808015
                                 0.149016  0.700597 -1.514285  0.003891  0.002011 -0.000763 -0.000000 -0.000000  0.000002  0.000002
                                -0.000008  0.000000  0.000205  0.000746 -0.000026  0.000500  0.000780  0.003670  0.000764  0.004485
                                 0.001218  0.006057 -0.000291  0.003915  0.002339 -0.003133  0.009446 -0.004112  0.002347  0.000590
                                 0.002503 -0.000871 -0.000492  0.000255  0.000001  0.000002  0.000006  0.000013  0.000033 -0.000134
                                 0.000048  0.000011 -0.000135

   5.2   0    -0.1546   -3.3199  0.000000 -0.000000  0.000000 -0.000001  0.000002 -0.000006  0.000017 -0.000048  0.000144 -0.000518
                                 0.003611 -0.007350  0.006158  0.026497 -0.070116  0.012756  0.171129 -0.102379  0.196892 -8.233467
                                -0.131373 -0.680295  8.710124  0.690616 -0.040220  0.012706  0.000000  0.000000 -0.000001 -0.000001
                                 0.000006 -0.000001 -0.000078 -0.000359  0.000063 -0.000257 -0.000223 -0.001784 -0.000135 -0.002203
                                -0.000335 -0.002939  0.000552 -0.001661 -0.001725  0.002324 -0.006667  0.004226  0.001029  0.003437
                                 0.003910  0.005879  0.003808  0.001715 -0.000000 -0.000000 -0.000004 -0.000008 -0.000022  0.000093
                                -0.000025  0.000004  0.000044

                                   1 2py     1 2py     1 2py     1 2py     1 2py     1 2py     1 2py     1 2py     1 2py     1 2py  
                                   1 2py     1 2py     1 2py     1 2py     1 2py     1 2py     1 2py     1 2py     1 2py     1 2py  
                                   1 2py     1 2py     1 2py     1 2py     1 2py     1 2py     1 4f1-    1 4f3-    1 4f1-    1 4f3- 
                                   1 4f1-    1 4f3-    1 4f1-    1 4f3-    1 4f1-    1 4f3-    1 4f1-    1 4f3-    1 4f1-    1 4f3- 
                                   1 4f1-    1 4f3-    1 4f1-    1 4f3-    1 4f1-    1 4f3-    1 4f1-    1 4f3-    1 4f1-    1 4f3- 
                                   1 4f1-    1 4f3-    1 4f1-    1 4f3-    1 6h1-    1 6h3-    1 6h5-    1 6h1-    1 6h3-    1 6h5- 
                                   1 6h1-    1 6h3-    1 6h5- 

   1.3   2    -2.2049  -18.2807 -0.000000  0.000000 -0.000002  0.000006 -0.000019  0.000056 -0.000155  0.000427 -0.001292  0.004782
                                -0.043795  0.116046 -0.238568  0.500273 -0.636596  0.145946  0.673434 -0.020959  0.403835  0.049318
                                 0.038689 -0.003671 -0.048483  0.000864 -0.000338  0.000071 -0.000001 -0.000000  0.000004  0.000000
                                -0.000017  0.000001  0.000335  0.000258 -0.000168  0.000170  0.001203  0.001356  0.000819  0.001578
                                 0.002215  0.002810  0.003439  0.005606  0.000064  0.004858 -0.000252  0.000274  0.000131  0.000081
                                -0.000058 -0.000068  0.000018  0.000025 -0.000001  0.000003  0.000013 -0.000064  0.000087  0.000540
                                 0.000019  0.000001 -0.000101

   2.3   2    -0.8137  -18.1486 -0.000000  0.000000 -0.000000  0.000000 -0.000000  0.000000 -0.000001  0.000003 -0.000008  0.000027
                                -0.000230  0.000572 -0.000947  0.001923 -0.003221  0.002450  0.003267  0.002156 -0.002103  0.024250
                                -0.008706 -0.003435 -0.023914  0.000471 -0.000194  0.000042 -0.000021  0.000006  0.000110 -0.000032
                                 0.000028 -0.000004  0.042031 -0.011803  0.028086 -0.007799  0.208058 -0.058344  0.254794 -0.071286
                                 0.338781 -0.095023  0.289225 -0.082568  0.159042 -0.047797  0.042101 -0.013488 -0.011007  0.003596
                                 0.005178 -0.001709 -0.001609  0.000533  0.000325 -0.000100 -0.000050  0.001481 -0.000486 -0.000257
                                 0.001769 -0.000405 -0.000129

   3.3   2    -0.8057  -18.1304  0.000000 -0.000000  0.000000 -0.000000  0.000000 -0.000001  0.000003 -0.000009  0.000027 -0.000100
                                 0.000906 -0.002367  0.004709 -0.010139  0.013825 -0.004860 -0.014820 -0.001303 -0.005037 -0.036062
                                 0.009966  0.004851  0.035578 -0.000707  0.000291 -0.000063 -0.000006 -0.000021  0.000031  0.000110
                                 0.000012  0.000027  0.011998  0.041975  0.008101  0.028013  0.059458  0.207707  0.072960  0.254258
                                 0.096664  0.337761  0.081200  0.288837  0.043252  0.161767  0.011218  0.044682 -0.002898 -0.011757
                                 0.001367  0.005604 -0.000425 -0.001748  0.000078  0.000182 -0.000015  0.000350  0.000823 -0.000093
                                 0.000452  0.001003 -0.000014

   4.3   0    -0.3076   -6.2559 -0.000000  0.000000 -0.000000  0.000000 -0.000001  0.000002 -0.000005  0.000014 -0.000041  0.000138
                                -0.000096 -0.002032  0.013495 -0.072515  0.135125 -0.031366 -0.249147  0.103637 -0.257532  1.808015
                                 0.149016  0.700597 -1.514285  0.003891  0.002011 -0.000763 -0.000000  0.000000  0.000002 -0.000002
                                -0.000008 -0.000000  0.000205 -0.000746 -0.000026 -0.000500  0.000780 -0.003670  0.000764 -0.004485
                                 0.001218 -0.006057 -0.000291 -0.003915  0.002339  0.003133  0.009446  0.004112  0.002347 -0.000590
                                 0.002503  0.000871 -0.000492 -0.000255  0.000001 -0.000002  0.000006  0.000013 -0.000033 -0.000134
                                 0.000048 -0.000011 -0.000135

   5.3   0    -0.1546   -3.3199  0.000000 -0.000000  0.000000 -0.000001  0.000002 -0.000006  0.000017 -0.000048  0.000144 -0.000518
                                 0.003611 -0.007350  0.006158  0.026497 -0.070116  0.012756  0.171129 -0.102379  0.196892 -8.233467
                                -0.131373 -0.680295  8.710124  0.690616 -0.040220  0.012706  0.000000 -0.000000 -0.000001  0.000001
                                 0.000006  0.000001 -0.000078  0.000359  0.000063  0.000257 -0.000223  0.001784 -0.000135  0.002203
                                -0.000335  0.002939  0.000552  0.001661 -0.001725 -0.002324 -0.006667 -0.004226  0.001029 -0.003437
                                 0.003910 -0.005879  0.003808 -0.001715 -0.000000  0.000000 -0.000004 -0.000008  0.000022  0.000093
                                -0.000025 -0.000004  0.000044

                                   1 3d2-    1 3d2-    1 3d2-    1 3d2-    1 3d2-    1 3d2-    1 3d2-    1 3d2-    1 3d2-    1 3d2- 
                                   1 3d2-    1 3d2-    1 3d2-    1 3d2-    1 3d2-    1 3d2-    1 3d2-    1 3d2-    1 3d2-    1 5g2- 
                                   1 5g4-    1 5g2-    1 5g4-    1 5g2-    1 5g4-    1 5g2-    1 5g4-    1 5g2-    1 5g4-    1 5g2- 
                                   1 5g4- 

   1.4   +    -0.9595  -13.3317 -0.000015  0.000080 -0.000285  0.000903 -0.003006  0.016069 -0.041671  0.039849 -0.021206 -0.068173
                                 0.415653  0.568444  0.240135 -0.164288  0.219679 -0.100654  0.018073 -0.006261  0.001641  0.000026
                                -0.000000 -0.000365  0.000000 -0.001129 -0.000000  0.000971  0.000000 -0.000452 -0.000000  0.000156
                                 0.000000

   2.4   0    -0.1828   -4.1102  0.000004 -0.000019  0.000069 -0.000220  0.000729 -0.003869  0.009985 -0.009556  0.005369  0.012555
                                -0.085102 -0.131796 -0.047389  0.473329 -0.302814  0.717085  0.227910  0.003767  0.000688  0.000006
                                 0.000000 -0.000049  0.000000 -0.000730  0.000000  0.002580 -0.000000  0.002870  0.000000  0.004413
                                -0.000000

   3.4   0    -0.1059   -2.4328 -0.000003  0.000013 -0.000048  0.000151 -0.000500  0.002655 -0.006860  0.006574 -0.003717 -0.008661
                                 0.059137  0.092590  0.036481 -0.514888  0.424782 -0.819731  0.548725  0.720239  0.012116 -0.000005
                                -0.000000  0.000038 -0.000000  0.000286 -0.000000 -0.001620 -0.000000 -0.003114  0.000000 -0.001839
                                -0.000000

                                   1 2pz     1 2pz     1 2pz     1 2pz     1 2pz     1 2pz     1 2pz     1 2pz     1 2pz     1 2pz  
                                   1 2pz     1 2pz     1 2pz     1 2pz     1 2pz     1 2pz     1 2pz     1 2pz     1 2pz     1 2pz  
                                   1 2pz     1 2pz     1 2pz     1 2pz     1 2pz     1 2pz     1 4f0     1 4f2+    1 4f0     1 4f2+ 
                                   1 4f0     1 4f2+    1 4f0     1 4f2+    1 4f0     1 4f2+    1 4f0     1 4f2+    1 4f0     1 4f2+ 
                                   1 4f0     1 4f2+    1 4f0     1 4f2+    1 4f0     1 4f2+    1 4f0     1 4f2+    1 4f0     1 4f2+ 
                                   1 4f0     1 4f2+    1 4f0     1 4f2+    1 6h2+    1 6h4+    1 6h0     1 6h2+    1 6h4+    1 6h0  
                                   1 6h2+    1 6h4+    1 6h0  

   1.5   2    -2.2120  -18.3037 -0.000000  0.000000 -0.000002  0.000006 -0.000019  0.000056 -0.000157  0.000432 -0.001309  0.004846
                                -0.044351  0.117456 -0.241213  0.504083 -0.639501  0.145750  0.674673 -0.014260  0.398571  0.042036
                                 0.035241 -0.003408 -0.041258  0.000700 -0.000269  0.000056 -0.000001  0.000000  0.000005 -0.000000
                                -0.000021  0.000000  0.000495  0.000000 -0.000155  0.000000  0.001908  0.000000  0.001501  0.000000
                                 0.003613  0.000000  0.006008  0.000000  0.001604 -0.000000 -0.000222 -0.000000  0.000186  0.000000
                                -0.000093 -0.000000  0.000030  0.000000  0.000000  0.000008  0.000000 -0.000000  0.000340 -0.000078
                                 0.000000 -0.000068  0.000036

   2.5   2    -0.8142  -18.1645  0.000000 -0.000000  0.000000 -0.000000  0.000000 -0.000000  0.000001 -0.000003  0.000009 -0.000035
                                 0.000334 -0.000902  0.002000 -0.004401  0.005314 -0.000420 -0.005834  0.001440 -0.005438  0.004283
                                -0.003233 -0.000777 -0.004217  0.000080 -0.000033  0.000007 -0.000022  0.000000  0.000114 -0.000000
                                 0.000031  0.000000  0.043706 -0.000000  0.029229 -0.000000  0.216375 -0.000000  0.265025 -0.000000
                                 0.352346 -0.000000  0.300485 -0.000000  0.164668 -0.000000  0.043355 -0.000000 -0.011321  0.000000
                                 0.005319 -0.000000 -0.001652  0.000000 -0.000000 -0.000081  0.000348 -0.000000 -0.000428  0.001585
                                -0.000000 -0.000188  0.001913

   3.5   2    -0.8074  -18.1762 -0.000000  0.000000 -0.000000  0.000000 -0.000000  0.000000 -0.000000  0.000000 -0.000000  0.000000
                                -0.000000  0.000000 -0.000000  0.000000 -0.000000  0.000000 -0.000000  0.000000 -0.000000  0.000000
                                 0.000000 -0.000000 -0.000000  0.000000 -0.000000  0.000000  0.000000 -0.000022 -0.000000  0.000114
                                 0.000000  0.000034  0.000000  0.043810  0.000000  0.029384  0.000000  0.216931  0.000000  0.265830
                                 0.000000  0.352828  0.000000  0.299358  0.000000  0.163341  0.000000  0.043471 -0.000000 -0.011326
                                 0.000000  0.005360 -0.000000 -0.001668  0.000259 -0.000000  0.000000  0.001163 -0.000000  0.000000
                                 0.001471 -0.000000  0.000000

   4.5   0    -0.3132   -6.2859 -0.000000  0.000000 -0.000000  0.000000 -0.000001  0.000003 -0.000009  0.000024 -0.000073  0.000255
                                -0.001053  0.000272  0.009693 -0.067777  0.131491 -0.029004 -0.252788  0.113399 -0.269836  1.582115
                                 0.157153  0.714760 -1.303426 -0.001229  0.003992 -0.001193 -0.000000 -0.000000  0.000002  0.000000
                                -0.000010  0.000000  0.000025  0.000000 -0.000187  0.000000 -0.000162  0.000000 -0.000436  0.000000
                                -0.000359  0.000000 -0.001569  0.000000  0.003941  0.000000  0.012911  0.000000  0.002442 -0.000000
                                 0.003235  0.000000 -0.000688  0.000000  0.000000  0.000004 -0.000000  0.000000 -0.000084  0.000009
                                 0.000000 -0.000088  0.000068

   5.5   0    -0.1564   -3.3440  0.000000 -0.000000  0.000000 -0.000001  0.000003 -0.000007  0.000021 -0.000057  0.000172 -0.000619
                                 0.004435 -0.009325  0.009382  0.022739 -0.067655  0.010974  0.175689 -0.111213  0.208052 -7.785224
                                -0.143065 -0.695042  8.304213  0.675451 -0.047330  0.013637  0.000000  0.000000 -0.000001 -0.000000
                                 0.000007  0.000000  0.000017 -0.000000  0.000160  0.000000  0.000286  0.000000  0.000530  0.000000
                                 0.000513  0.000000  0.001213  0.000000 -0.002932  0.000000 -0.009586 -0.000000  0.000427  0.000000
                                 0.003003 -0.000000  0.003958  0.000000  0.000000 -0.000003  0.000000  0.000000  0.000058 -0.000005
                                 0.000000  0.000028 -0.000039

                                   1 3d1+    1 3d1+    1 3d1+    1 3d1+    1 3d1+    1 3d1+    1 3d1+    1 3d1+    1 3d1+    1 3d1+ 
                                   1 3d1+    1 3d1+    1 3d1+    1 3d1+    1 3d1+    1 3d1+    1 3d1+    1 3d1+    1 3d1+    1 5g1+ 
                                   1 5g3+    1 5g1+    1 5g3+    1 5g1+    1 5g3+    1 5g1+    1 5g3+    1 5g1+    1 5g3+    1 5g1+ 
                                   1 5g3+ 

   1.6   0    -0.5353  -12.2854 -0.000015  0.000078 -0.000277  0.000877 -0.002910  0.015439 -0.039788  0.037845 -0.019908 -0.059981
                                 0.361951  0.524457  0.336451 -0.161479  0.283614 -0.139004  0.028107 -0.010297  0.002782 -0.000117
                                 0.000140  0.001230 -0.001590  0.008706 -0.009020 -0.006354  0.007381  0.003693 -0.003788 -0.001216
                                 0.001335

   2.6   0    -0.1805   -4.1523  0.000005 -0.000024  0.000086 -0.000273  0.000904 -0.004776  0.012281 -0.011701  0.006426  0.015412
                                -0.100601 -0.160870 -0.092897  0.469244 -0.338598  0.750517  0.244269  0.006523  0.000278  0.000034
                                -0.000027 -0.000370  0.000315 -0.002603  0.001458  0.004450 -0.001015  0.002553  0.001255  0.006267
                                 0.000112

                                   1 3d1-    1 3d1-    1 3d1-    1 3d1-    1 3d1-    1 3d1-    1 3d1-    1 3d1-    1 3d1-    1 3d1- 
                                   1 3d1-    1 3d1-    1 3d1-    1 3d1-    1 3d1-    1 3d1-    1 3d1-    1 3d1-    1 3d1-    1 5g1- 
                                   1 5g3-    1 5g1-    1 5g3-    1 5g1-    1 5g3-    1 5g1-    1 5g3-    1 5g1-    1 5g3-    1 5g1- 
                                   1 5g3- 

   1.7   0    -0.5353  -12.2854 -0.000015  0.000078 -0.000277  0.000877 -0.002910  0.015439 -0.039788  0.037845 -0.019908 -0.059981
                                 0.361951  0.524457  0.336451 -0.161479  0.283614 -0.139004  0.028107 -0.010297  0.002782 -0.000117
                                -0.000140  0.001230  0.001590  0.008706  0.009020 -0.006354 -0.007381  0.003693  0.003788 -0.001216
                                -0.001335

   2.7   0    -0.1805   -4.1523  0.000005 -0.000024  0.000086 -0.000273  0.000904 -0.004776  0.012281 -0.011701  0.006426  0.015412
                                -0.100601 -0.160870 -0.092897  0.469244 -0.338598  0.750517  0.244269  0.006523  0.000278  0.000034
                                 0.000027 -0.000370 -0.000315 -0.002603 -0.001458  0.004450  0.001015  0.002553 -0.001255  0.006267
                                -0.000112

                                   1 4f2-    1 4f2-    1 4f2-    1 4f2-    1 4f2-    1 4f2-    1 4f2-    1 4f2-    1 4f2-    1 4f2- 
                                   1 4f2-    1 4f2-    1 4f2-    1 4f2-    1 6h4-    1 6h2-    1 6h4-    1 6h2-    1 6h4-    1 6h2- 


   1.8   2    -0.8126  -18.1275 -0.000022  0.000115  0.000027  0.043588  0.029052  0.215691  0.263997  0.351153  0.301082  0.168114
                                 0.045517 -0.011975  0.005659 -0.001762 -0.000000  0.000318  0.000000  0.001472 -0.000000  0.001637

   2.8   0    -0.1247   -3.1476 -0.000000  0.000003 -0.000048 -0.002098 -0.002412 -0.011616 -0.015634 -0.018487 -0.014498  0.005859
                                 0.049054  0.184681  0.438784  0.471693  0.000000 -0.000004  0.000000 -0.000171 -0.000000  0.000259

   3.8   0    -0.0690   -2.6756 -0.000005  0.000025 -0.000080  0.003760  0.000863  0.016184  0.017731  0.025552  0.011419  0.007123
                                -0.174431  0.011159 -1.247478  1.442072 -0.000000  0.000004 -0.000000  0.000222  0.000000 -0.000356

 HOMO      3.2    -0.805668 =     -21.9233eV
 LUMO      2.1    -0.544209 =     -14.8087eV
 LUMO-HOMO         0.261459 =       7.1147eV


 **********************************************************************************************************************************
 DATASETS  * FILE   NREC   LENGTH (MB)   RECORD NAMES
              1      19       20.98       500      610      700      900      950      970     1000      129      960     1100   
                                          VAR    BASINP    GEOM    SYMINP    ZMAT    AOBASIS   BASIS     P2S    ABASIS      S 
                                         1400     1410     1420     1200     1210     1080     1600     1650     1700   
                                           T        V       ECP      H0       H01     AOSYM     SMH    MOLCAS    OPER   

              2       5        6.05       200      700     1000      520     4202   
                                        OPTIONS   GEOM     BASIS   MCVARS     RHF  

 PROGRAMS   *        TOTAL       RHF       INT
 CPU TIMES  *        67.21      1.73     64.97
 REAL TIME  *        73.68 SEC
 DISK USED  *         5.78 GB      
 SF USED    *         0.09 MB      
 GA USED    *         0.00 MB       (max)       0.00 MB       (current)
 **********************************************************************************************************************************


 PROGRAM * POP (Mulliken population analysis)

 
 Density matrix read from record         4202.2  Type=RHF/CHARGE (state 1.4)
 
 Population analysis by basis function type

 Unique atom        s        p        d        f        g    Total    Charge
   1  LU      1.99992  6.00096  1.00007 13.99893  0.00000 23.00000  + 2.00000


 **********************************************************************************************************************************
 DATASETS  * FILE   NREC   LENGTH (MB)   RECORD NAMES
              1      19       20.98       500      610      700      900      950      970     1000      129      960     1100   
                                          VAR    BASINP    GEOM    SYMINP    ZMAT    AOBASIS   BASIS     P2S    ABASIS      S 
                                         1400     1410     1420     1200     1210     1080     1600     1650     1700   
                                           T        V       ECP      H0       H01     AOSYM     SMH    MOLCAS    OPER   

              2       5        6.05       200      700     1000      520     4202   
                                        OPTIONS   GEOM     BASIS   MCVARS     RHF  

 PROGRAMS   *        TOTAL       POP       RHF       INT
 CPU TIMES  *        67.22      0.00      1.73     64.97
 REAL TIME  *        73.70 SEC
 DISK USED  *         5.78 GB      
 SF USED    *         0.09 MB      
 GA USED    *         0.00 MB       (max)       0.00 MB       (current)
 **********************************************************************************************************************************


 PROGRAM * MULTI (Direct Multiconfiguration SCF)       Authors: P.J. Knowles, H.-J. Werner (1984)     S.T. Elbert (1988)


 Number of closed-shell orbitals:  11 (   1   3   3   0   3   0   0   1 )
 Number of active  orbitals:        5 (   2   0   0   1   0   1   1   0 )
 Number of external orbitals:     373 (  84  60  60  30  60  30  30  19 )

 State symmetry 1

 Number of electrons:     1    Spin symmetry=Doublet   Space symmetry=1
 Number of states:        2
 Number of CSFs:          2   (2 determinants, 5 intermediate states)

 State symmetry 2

 Number of electrons:     1    Spin symmetry=Doublet   Space symmetry=4
 Number of states:        1
 Number of CSFs:          1   (1 determinants, 5 intermediate states)

 State symmetry 3

 Number of electrons:     1    Spin symmetry=Doublet   Space symmetry=6
 Number of states:        1
 Number of CSFs:          1   (1 determinants, 5 intermediate states)

 State symmetry 4

 Number of electrons:     1    Spin symmetry=Doublet   Space symmetry=7
 Number of states:        1
 Number of CSFs:          1   (1 determinants, 5 intermediate states)

 Molecular orbitals read from record     4202.2  Type=RHF/CANONICAL (state 1.4)
 *** IN SYMMETRY 1 ORBITAL  1 SYMMETRY CONTAMINATION OF 0.746D-02 HAS BEEN REMOVED
 *** IN SYMMETRY 1 ORBITAL  2 SYMMETRY CONTAMINATION OF 0.404D-01 HAS BEEN REMOVED
 *** IN SYMMETRY 1 ORBITAL  3 SYMMETRY CONTAMINATION OF 0.106D-01 HAS BEEN REMOVED

 EXTRA SYMMETRY OF MOS IN SYMMETRY 1:   1 2 3 1 1 2 3 1 2 3   1 2 3 1 2 3 4 6 5 1   2 3 1 4 6 5 2 3 1 2   6 4 3 5 1 4 6 5 1 1
                                        3 4 6 5 1 2 3 1 4 6   5 2 3 1 2 3 1 2 3 1   2 3 1 2 3 1 2 3 1 1   2 3 1 2 3 1 1 2 3 1
                                        1 1 1 1 1 1 2
 *** IN SYMMETRY 2 ORBITAL  1 SYMMETRY CONTAMINATION OF 0.902D-02 HAS BEEN REMOVED
 *** IN SYMMETRY 2 ORBITAL  2 SYMMETRY CONTAMINATION OF 0.257D+00 HAS BEEN REMOVED
 *** IN SYMMETRY 2 ORBITAL  3 SYMMETRY CONTAMINATION OF 0.280D+00 HAS BEEN REMOVED
 EXTRA SYMMETRY OF MOS IN SYMMETRY 2:   1 2 3 1 1 2 3 1 2 3   1 1 2 3 1 2 3 1 2 3   1 4 5 6 2 3 1 4 5 6   1 1 1 1 2 3 4 5 6 1
                                        2 3 1 1 2 3 1 2 3 1   1 2 3 1 2 3 1 1 1 1   1 3 2
 *** IN SYMMETRY 3 ORBITAL  1 SYMMETRY CONTAMINATION OF 0.902D-02 HAS BEEN REMOVED
 *** IN SYMMETRY 3 ORBITAL  2 SYMMETRY CONTAMINATION OF 0.257D+00 HAS BEEN REMOVED
 *** IN SYMMETRY 3 ORBITAL  3 SYMMETRY CONTAMINATION OF 0.280D+00 HAS BEEN REMOVED
 EXTRA SYMMETRY OF MOS IN SYMMETRY 3:   1 2 3 1 1 2 3 1 2 3   1 1 2 3 1 2 3 1 2 3   1 4 5 6 2 3 1 4 5 6   1 1 1 1 2 3 4 5 6 1
                                        2 3 1 1 2 3 1 2 3 1   1 2 3 1 2 3 1 1 1 1   1 3 2
 *** IN SYMMETRY 4 ORBITAL  1 SYMMETRY CONTAMINATION OF 0.161D-02 HAS BEEN REMOVED
 EXTRA SYMMETRY OF MOS IN SYMMETRY 4:   1 1 1 1 1 2 3 1 2 3   1 2 2 3 2 3 1 2 3 1   1 3 1 1 1 1 1 1 1 1   1
 *** IN SYMMETRY 5 ORBITAL  1 SYMMETRY CONTAMINATION OF 0.560D-02 HAS BEEN REMOVED
 *** IN SYMMETRY 5 ORBITAL  2 SYMMETRY CONTAMINATION OF 0.293D-01 HAS BEEN REMOVED
 *** IN SYMMETRY 5 ORBITAL  3 SYMMETRY CONTAMINATION OF 0.201D-02 HAS BEEN REMOVED
 EXTRA SYMMETRY OF MOS IN SYMMETRY 5:   1 2 3 1 1 2 3 1 2 3   1 1 2 3 1 2 3 1 2 3   1 6 4 5 2 3 1 6 4 5   1 1 3 1 2 3 6 4 5 1
                                        2 3 1 1 2 3 1 2 3 1   1 2 3 1 2 3 1 1 1 1   1 1 2
 *** IN SYMMETRY 6 ORBITAL  1 SYMMETRY CONTAMINATION OF 0.215D-01 HAS BEEN REMOVED
 EXTRA SYMMETRY OF MOS IN SYMMETRY 6:   1 1 1 1 1 2 3 1 2 3   1 1 2 3 2 3 1 2 3 1   2 3 1 1 1 1 1 1 1 1   1
 *** IN SYMMETRY 7 ORBITAL  1 SYMMETRY CONTAMINATION OF 0.215D-01 HAS BEEN REMOVED
 EXTRA SYMMETRY OF MOS IN SYMMETRY 7:   1 1 1 1 1 2 3 1 2 3   1 1 2 3 2 3 1 2 3 1   2 3 1 1 1 1 1 1 1 1   1
 *** IN SYMMETRY 8 ORBITAL  1 SYMMETRY CONTAMINATION OF 0.238D-02 HAS BEEN REMOVED
 EXTRA SYMMETRY OF MOS IN SYMMETRY 8:   1 1 1 1 1 1 3 2 1 3   2 1 1 3 2 1 1 1 1 1

 Wavefunction dump at record             5202.2

 Convergence thresholds  0.10E-01 (gradient)  0.10E-05 (energy)  0.10E-02 (step length)

 Weight factors for state symmetry  1:    0.20000   0.20000
 Weight factors for state symmetry  2:    0.20000
 Weight factors for state symmetry  3:    0.20000
 Weight factors for state symmetry  4:    0.20000

 Number of orbital rotations:      903   (     2 Core/Active    643 Core/Virtual   0 Active/Active    258 Active/Virtual)
 Total number of variables:        910


 ITER. MIC  NCI  NEG     ENERGY(VAR)     ENERGY(PROJ)   ENERGY CHANGE     GRAD(0)  GRAD(ORB)   GRAD(CI)     STEP       TIME

   1   45   16    0    -209.86044609    -209.86859235   -0.00814626    1.67080519 0.00000013 0.00000000  0.24D+00      0.79
   2   32   20    0    -209.86855436    -209.86857430   -0.00001994    1.90847823 0.00000019 0.00000000  0.53D-03      1.61
   3   51   24    0    -209.86857430    -209.86857430    0.00000000    0.00000024 0.00000000 0.00000000  0.55D-07      2.39

 ** WVFN ****  CONVERGENCE REACHED, FINAL GRADIENT:  0.11D-09



 Results for state 1.1
 =====================

 !MCSCF STATE 1.1 Energy             -209.868574302227
 Nuclear energy                         0.00000000
 Kinetic energy                       172.08774497
 One electron energy                 -387.56055059
 Two electron energy                  177.69197629
 Virial ratio                           2.21954399

 !MCSCF STATE 1.1 Dipole moment         0.00000000     0.00000000     0.00000000
 Dipole moment /Debye                   0.00000000     0.00000000     0.00000000

 Results for state 2.1
 =====================

 !MCSCF STATE 2.1 Energy             -209.868574302227
 Nuclear energy                         0.00000000
 Kinetic energy                       172.08774497
 One electron energy                 -387.56055059
 Two electron energy                  177.69197629
 Virial ratio                           2.21954399

 !MCSCF STATE 2.1 Dipole moment         0.00000000     0.00000000     0.00000000
 Dipole moment /Debye                   0.00000000     0.00000000     0.00000000



 Results for state 1.4
 =====================

 !MCSCF STATE 1.4 Energy             -209.868574302227
 Nuclear energy                         0.00000000
 Kinetic energy                       172.08774497
 One electron energy                 -387.56055059
 Two electron energy                  177.69197629
 Virial ratio                           2.21954399

 !MCSCF STATE 1.4 Dipole moment         0.00000000     0.00000000     0.00000000
 Dipole moment /Debye                   0.00000000     0.00000000     0.00000000



 Results for state 1.6
 =====================

 !MCSCF STATE 1.6 Energy             -209.868574302227
 Nuclear energy                         0.00000000
 Kinetic energy                       172.08774497
 One electron energy                 -387.56055059
 Two electron energy                  177.69197629
 Virial ratio                           2.21954399

 !MCSCF STATE 1.6 Dipole moment         0.00000000     0.00000000     0.00000000
 Dipole moment /Debye                   0.00000000     0.00000000     0.00000000



 Results for state 1.7
 =====================

 !MCSCF STATE 1.7 Energy             -209.868574302227
 Nuclear energy                         0.00000000
 Kinetic energy                       172.08774497
 One electron energy                 -387.56055059
 Two electron energy                  177.69197629
 Virial ratio                           2.21954399

 !MCSCF STATE 1.7 Dipole moment         0.00000000     0.00000000     0.00000000
 Dipole moment /Debye                   0.00000000     0.00000000     0.00000000

 State-averaged charge density matrix saved on record  5202.2 (density set 1)


 NATURAL ORBITALS (state averaged)
 =================================

   Orb     Occ        Energy       Coefficients

                                   1 1s      1 1s      1 1s      1 1s      1 1s      1 1s      1 1s      1 1s      1 1s      1 1s   
                                   1 1s      1 1s      1 1s      1 1s      1 1s      1 1s      1 1s      1 1s      1 1s      1 1s   
                                   1 1s      1 1s      1 1s      1 1s      1 1s      1 1s      1 1s      1 1s      1 1s      1 1s   
                                   1 1s      1 3d0     1 3d2+    1 3d0     1 3d2+    1 3d0     1 3d2+    1 3d0     1 3d2+    1 3d0  
                                   1 3d2+    1 3d0     1 3d2+    1 3d0     1 3d2+    1 3d0     1 3d2+    1 3d0     1 3d2+    1 3d0  
                                   1 3d2+    1 3d0     1 3d2+    1 3d0     1 3d2+    1 3d0     1 3d2+    1 3d0     1 3d2+    1 3d0  
                                   1 3d2+    1 3d0     1 3d2+    1 3d0     1 3d2+    1 3d0     1 3d2+    1 3d0     1 3d2+    1 5g0  
                                   1 5g4+    1 5g2+    1 5g0     1 5g4+    1 5g2+    1 5g0     1 5g4+    1 5g2+    1 5g0     1 5g4+ 
                                   1 5g2+    1 5g0     1 5g4+    1 5g2+    1 5g0     1 5g4+    1 5g2+ 

   1.1  2.00000    -3.317368    -0.000000  0.000001 -0.000004  0.000011 -0.000032  0.000091 -0.000303  0.001718  0.005662 -0.004091
                                 0.006260 -0.012351 -0.005340  0.034621 -0.184892  0.220688 -0.125669  0.456425 -1.045753  0.073300
                                 0.972839  0.359765  0.041319 -0.027089  0.042639 -0.065499  0.049560 -0.019713  0.007638 -0.001978
                                 0.000353  0.000000  0.000000  0.000000  0.000000  0.000000  0.000000  0.000000  0.000000  0.000000
                                 0.000000  0.000000  0.000000  0.000000  0.000000  0.000000  0.000000  0.000000  0.000000  0.000000
                                 0.000000  0.000000  0.000000  0.000000  0.000000  0.000000  0.000000  0.000000  0.000000  0.000000
                                 0.000000  0.000000  0.000000  0.000000  0.000000  0.000000  0.000000  0.000000  0.000000  0.000000
                                 0.000000  0.000000  0.000000  0.000000  0.000000  0.000000  0.000000  0.000000  0.000000  0.000000
                                 0.000000  0.000000  0.000000  0.000000  0.000000  0.000000  0.000000

   2.1  0.20000    -0.551477     0.000000  0.000000  0.000000  0.000000  0.000000  0.000000  0.000000  0.000000  0.000000  0.000000
                                 0.000000  0.000000  0.000000  0.000000  0.000000  0.000000  0.000000  0.000000  0.000000  0.000000
                                 0.000000  0.000000  0.000000  0.000000  0.000000  0.000000  0.000000  0.000000  0.000000  0.000000
                                 0.000000  0.000000 -0.000015  0.000000  0.000080  0.000000 -0.000286  0.000000  0.000906  0.000000
                                -0.003016  0.000000  0.016117  0.000000 -0.041796  0.000000  0.039969  0.000000 -0.021302  0.000000
                                -0.067957  0.000000  0.415664  0.000000  0.568084  0.000000  0.240470  0.000000 -0.164157  0.000000
                                 0.219702  0.000000 -0.100698  0.000000  0.018088  0.000000 -0.006267  0.000000  0.001643  0.000000
                                 0.000000  0.000000  0.000000  0.000000  0.000000  0.000000  0.000000  0.000000  0.000000  0.000000
                                 0.000000  0.000000  0.000000  0.000000  0.000000  0.000000  0.000000

   3.1  0.20000    -0.551477     0.000000  0.000000  0.000000  0.000000  0.000000  0.000000  0.000000  0.000000  0.000000  0.000000
                                 0.000000  0.000000  0.000000  0.000000  0.000000  0.000000  0.000000  0.000000  0.000000  0.000000
                                 0.000000  0.000000  0.000000  0.000000  0.000000  0.000000  0.000000  0.000000  0.000000  0.000000
                                 0.000000 -0.000015  0.000000  0.000080  0.000000 -0.000286  0.000000  0.000906  0.000000 -0.003016
                                 0.000000  0.016117  0.000000 -0.041796  0.000000  0.039969  0.000000 -0.021302  0.000000 -0.067957
                                 0.000000  0.415664  0.000000  0.568084  0.000000  0.240470  0.000000 -0.164157  0.000000  0.219702
                                 0.000000 -0.100698  0.000000  0.018088  0.000000 -0.006267  0.000000  0.001643  0.000000  0.000000
                                 0.000000  0.000000  0.000000  0.000000  0.000000  0.000000  0.000000  0.000000  0.000000  0.000000
                                 0.000000  0.000000  0.000000  0.000000  0.000000  0.000000  0.000000

                                   1 2px     1 2px     1 2px     1 2px     1 2px     1 2px     1 2px     1 2px     1 2px     1 2px  
                                   1 2px     1 2px     1 2px     1 2px     1 2px     1 2px     1 2px     1 2px     1 2px     1 2px  
                                   1 2px     1 2px     1 2px     1 2px     1 2px     1 2px     1 4f1+    1 4f3+    1 4f1+    1 4f3+ 
                                   1 4f1+    1 4f3+    1 4f1+    1 4f3+    1 4f1+    1 4f3+    1 4f1+    1 4f3+    1 4f1+    1 4f3+ 
                                   1 4f1+    1 4f3+    1 4f1+    1 4f3+    1 4f1+    1 4f3+    1 4f1+    1 4f3+    1 4f1+    1 4f3+ 
                                   1 4f1+    1 4f3+    1 4f1+    1 4f3+    1 6h1+    1 6h3+    1 6h5+    1 6h1+    1 6h3+    1 6h5+ 
                                   1 6h1+    1 6h3+    1 6h5+ 

   1.2  2.00000    -2.206880    -0.000000  0.000000 -0.000002  0.000006 -0.000019  0.000056 -0.000156  0.000429 -0.001298  0.004804
                                -0.043985  0.116527 -0.239472  0.501591 -0.637627  0.145904  0.673913 -0.018775  0.402150  0.046945
                                 0.037548 -0.003587 -0.046128  0.000810 -0.000316  0.000066  0.000000  0.000000  0.000000  0.000000
                                 0.000000  0.000000  0.000000  0.000000  0.000000  0.000000  0.000000  0.000000  0.000000  0.000000
                                 0.000000  0.000000  0.000000  0.000000  0.000000  0.000000  0.000000  0.000000  0.000000  0.000000
                                 0.000000  0.000000  0.000000  0.000000  0.000000  0.000000  0.000000  0.000000  0.000000  0.000000
                                 0.000000  0.000000  0.000000

   2.2  2.00000    -0.810335     0.000000  0.000000  0.000000  0.000000  0.000000  0.000000  0.000000  0.000000  0.000000  0.000000
                                 0.000000  0.000000  0.000000  0.000000  0.000000  0.000000  0.000000  0.000000  0.000000  0.000000
                                 0.000000  0.000000  0.000000  0.000000  0.000000  0.000000  0.000000  0.000022  0.000000 -0.000114
                                 0.000000 -0.000029  0.000000 -0.043677  0.000000 -0.029182  0.000000 -0.216186  0.000000 -0.264724
                                 0.000000 -0.351825  0.000000 -0.300389  0.000000 -0.166228  0.000000 -0.044736  0.000000  0.011723
                                 0.000000 -0.005541  0.000000  0.001726  0.000000  0.000000  0.000000  0.000000  0.000000  0.000000
                                 0.000000  0.000000  0.000000

   3.2  2.00000    -0.810335     0.000000  0.000000  0.000000  0.000000  0.000000  0.000000  0.000000  0.000000  0.000000  0.000000
                                 0.000000  0.000000  0.000000  0.000000  0.000000  0.000000  0.000000  0.000000  0.000000  0.000000
                                 0.000000  0.000000  0.000000  0.000000  0.000000  0.000000 -0.000022  0.000000  0.000114  0.000000
                                 0.000029  0.000000  0.043677  0.000000  0.029182  0.000000  0.216186  0.000000  0.264724  0.000000
                                 0.351825  0.000000  0.300389  0.000000  0.166228  0.000000  0.044736  0.000000 -0.011723  0.000000
                                 0.005541  0.000000 -0.001726  0.000000  0.000000  0.000000  0.000000  0.000000  0.000000  0.000000
                                 0.000000  0.000000  0.000000

                                   1 2py     1 2py     1 2py     1 2py     1 2py     1 2py     1 2py     1 2py     1 2py     1 2py  
                                   1 2py     1 2py     1 2py     1 2py     1 2py     1 2py     1 2py     1 2py     1 2py     1 2py  
                                   1 2py     1 2py     1 2py     1 2py     1 2py     1 2py     1 4f1-    1 4f3-    1 4f1-    1 4f3- 
                                   1 4f1-    1 4f3-    1 4f1-    1 4f3-    1 4f1-    1 4f3-    1 4f1-    1 4f3-    1 4f1-    1 4f3- 
                                   1 4f1-    1 4f3-    1 4f1-    1 4f3-    1 4f1-    1 4f3-    1 4f1-    1 4f3-    1 4f1-    1 4f3- 
                                   1 4f1-    1 4f3-    1 4f1-    1 4f3-    1 6h1-    1 6h3-    1 6h5-    1 6h1-    1 6h3-    1 6h5- 
                                   1 6h1-    1 6h3-    1 6h5- 

   1.3  2.00000    -2.206880    -0.000000  0.000000 -0.000002  0.000006 -0.000019  0.000056 -0.000156  0.000429 -0.001298  0.004804
                                -0.043985  0.116527 -0.239472  0.501591 -0.637627  0.145904  0.673913 -0.018775  0.402150  0.046945
                                 0.037548 -0.003587 -0.046128  0.000810 -0.000316  0.000066  0.000000  0.000000  0.000000  0.000000
                                 0.000000  0.000000  0.000000  0.000000  0.000000  0.000000  0.000000  0.000000  0.000000  0.000000
                                 0.000000  0.000000  0.000000  0.000000  0.000000  0.000000  0.000000  0.000000  0.000000  0.000000
                                 0.000000  0.000000  0.000000  0.000000  0.000000  0.000000  0.000000  0.000000  0.000000  0.000000
                                 0.000000  0.000000  0.000000

   2.3  2.00000    -0.810335     0.000000  0.000000  0.000000  0.000000  0.000000  0.000000  0.000000  0.000000  0.000000  0.000000
                                 0.000000  0.000000  0.000000  0.000000  0.000000  0.000000  0.000000  0.000000  0.000000  0.000000
                                 0.000000  0.000000  0.000000  0.000000  0.000000  0.000000  0.000000 -0.000022  0.000000  0.000114
                                 0.000000  0.000029  0.000000  0.043677  0.000000  0.029182  0.000000  0.216186  0.000000  0.264724
                                 0.000000  0.351825  0.000000  0.300389  0.000000  0.166228  0.000000  0.044736  0.000000 -0.011723
                                 0.000000  0.005541  0.000000 -0.001726  0.000000  0.000000  0.000000  0.000000  0.000000  0.000000
                                 0.000000  0.000000  0.000000

   3.3  2.00000    -0.810335     0.000000  0.000000  0.000000  0.000000  0.000000  0.000000  0.000000  0.000000  0.000000  0.000000
                                 0.000000  0.000000  0.000000  0.000000  0.000000  0.000000  0.000000  0.000000  0.000000  0.000000
                                 0.000000  0.000000  0.000000  0.000000  0.000000  0.000000 -0.000022  0.000000  0.000114  0.000000
                                 0.000029  0.000000  0.043677  0.000000  0.029182  0.000000  0.216186  0.000000  0.264724  0.000000
                                 0.351825  0.000000  0.300389  0.000000  0.166228  0.000000  0.044736  0.000000 -0.011723  0.000000
                                 0.005541  0.000000 -0.001726  0.000000  0.000000  0.000000  0.000000  0.000000  0.000000  0.000000
                                 0.000000  0.000000  0.000000

                                   1 3d2-    1 3d2-    1 3d2-    1 3d2-    1 3d2-    1 3d2-    1 3d2-    1 3d2-    1 3d2-    1 3d2- 
                                   1 3d2-    1 3d2-    1 3d2-    1 3d2-    1 3d2-    1 3d2-    1 3d2-    1 3d2-    1 3d2-    1 5g2- 
                                   1 5g4-    1 5g2-    1 5g4-    1 5g2-    1 5g4-    1 5g2-    1 5g4-    1 5g2-    1 5g4-    1 5g2- 
                                   1 5g4- 

   1.4  0.20000    -0.551477    -0.000015  0.000080 -0.000286  0.000906 -0.003016  0.016117 -0.041796  0.039969 -0.021302 -0.067957
                                 0.415664  0.568084  0.240470 -0.164157  0.219702 -0.100698  0.018088 -0.006267  0.001643  0.000000
                                 0.000000  0.000000  0.000000  0.000000  0.000000  0.000000  0.000000  0.000000  0.000000  0.000000
                                 0.000000

                                   1 2pz     1 2pz     1 2pz     1 2pz     1 2pz     1 2pz     1 2pz     1 2pz     1 2pz     1 2pz  
                                   1 2pz     1 2pz     1 2pz     1 2pz     1 2pz     1 2pz     1 2pz     1 2pz     1 2pz     1 2pz  
                                   1 2pz     1 2pz     1 2pz     1 2pz     1 2pz     1 2pz     1 4f0     1 4f2+    1 4f0     1 4f2+ 
                                   1 4f0     1 4f2+    1 4f0     1 4f2+    1 4f0     1 4f2+    1 4f0     1 4f2+    1 4f0     1 4f2+ 
                                   1 4f0     1 4f2+    1 4f0     1 4f2+    1 4f0     1 4f2+    1 4f0     1 4f2+    1 4f0     1 4f2+ 
                                   1 4f0     1 4f2+    1 4f0     1 4f2+    1 6h2+    1 6h4+    1 6h0     1 6h2+    1 6h4+    1 6h0  
                                   1 6h2+    1 6h4+    1 6h0  

   1.5  2.00000    -2.206880    -0.000000  0.000000 -0.000002  0.000006 -0.000019  0.000056 -0.000156  0.000429 -0.001298  0.004804
                                -0.043985  0.116527 -0.239472  0.501591 -0.637627  0.145904  0.673913 -0.018775  0.402150  0.046945
                                 0.037548 -0.003587 -0.046128  0.000810 -0.000316  0.000066  0.000000  0.000000  0.000000  0.000000
                                 0.000000  0.000000  0.000000  0.000000  0.000000  0.000000  0.000000  0.000000  0.000000  0.000000
                                 0.000000  0.000000  0.000000  0.000000  0.000000  0.000000  0.000000  0.000000  0.000000  0.000000
                                 0.000000  0.000000  0.000000  0.000000  0.000000  0.000000  0.000000  0.000000  0.000000  0.000000
                                 0.000000  0.000000  0.000000

   2.5  2.00000    -0.810335    -0.000000  0.000000 -0.000000  0.000000 -0.000000  0.000000 -0.000000  0.000000 -0.000000  0.000000
                                -0.000000  0.000000 -0.000000  0.000000 -0.000000  0.000000  0.000000 -0.000000  0.000000  0.000000
                                 0.000000 -0.000000 -0.000000  0.000000 -0.000000  0.000000 -0.000022  0.000000  0.000114  0.000000
                                 0.000029  0.000000  0.043677  0.000000  0.029182  0.000000  0.216186  0.000000  0.264724  0.000000
                                 0.351825  0.000000  0.300389  0.000000  0.166228  0.000000  0.044736  0.000000 -0.011723  0.000000
                                 0.005541  0.000000 -0.001726  0.000000  0.000000  0.000000  0.000000  0.000000  0.000000  0.000000
                                 0.000000  0.000000  0.000000

   3.5  2.00000    -0.810335     0.000000  0.000000  0.000000  0.000000  0.000000  0.000000  0.000000  0.000000  0.000000  0.000000
                                 0.000000  0.000000  0.000000  0.000000  0.000000  0.000000  0.000000  0.000000  0.000000  0.000000
                                 0.000000  0.000000  0.000000  0.000000  0.000000  0.000000  0.000000 -0.000022  0.000000  0.000114
                                 0.000000  0.000029  0.000000  0.043677  0.000000  0.029182  0.000000  0.216186  0.000000  0.264724
                                 0.000000  0.351825  0.000000  0.300389  0.000000  0.166228  0.000000  0.044736  0.000000 -0.011723
                                 0.000000  0.005541  0.000000 -0.001726  0.000000  0.000000  0.000000  0.000000  0.000000  0.000000
                                 0.000000  0.000000  0.000000

                                   1 3d1+    1 3d1+    1 3d1+    1 3d1+    1 3d1+    1 3d1+    1 3d1+    1 3d1+    1 3d1+    1 3d1+ 
                                   1 3d1+    1 3d1+    1 3d1+    1 3d1+    1 3d1+    1 3d1+    1 3d1+    1 3d1+    1 3d1+    1 5g1+ 
                                   1 5g3+    1 5g1+    1 5g3+    1 5g1+    1 5g3+    1 5g1+    1 5g3+    1 5g1+    1 5g3+    1 5g1+ 
                                   1 5g3+ 

   1.6  0.20000    -0.551477    -0.000015  0.000080 -0.000286  0.000906 -0.003016  0.016117 -0.041796  0.039969 -0.021302 -0.067957
                                 0.415664  0.568084  0.240470 -0.164157  0.219702 -0.100698  0.018088 -0.006267  0.001643  0.000000
                                 0.000000  0.000000  0.000000  0.000000  0.000000  0.000000  0.000000  0.000000  0.000000  0.000000
                                 0.000000

                                   1 3d1-    1 3d1-    1 3d1-    1 3d1-    1 3d1-    1 3d1-    1 3d1-    1 3d1-    1 3d1-    1 3d1- 
                                   1 3d1-    1 3d1-    1 3d1-    1 3d1-    1 3d1-    1 3d1-    1 3d1-    1 3d1-    1 3d1-    1 5g1- 
                                   1 5g3-    1 5g1-    1 5g3-    1 5g1-    1 5g3-    1 5g1-    1 5g3-    1 5g1-    1 5g3-    1 5g1- 
                                   1 5g3- 

   1.7  0.20000    -0.551477    -0.000015  0.000080 -0.000286  0.000906 -0.003016  0.016117 -0.041796  0.039969 -0.021302 -0.067957
                                 0.415664  0.568084  0.240470 -0.164157  0.219702 -0.100698  0.018088 -0.006267  0.001643  0.000000
                                 0.000000  0.000000  0.000000  0.000000  0.000000  0.000000  0.000000  0.000000  0.000000  0.000000
                                 0.000000

                                   1 4f2-    1 4f2-    1 4f2-    1 4f2-    1 4f2-    1 4f2-    1 4f2-    1 4f2-    1 4f2-    1 4f2- 
                                   1 4f2-    1 4f2-    1 4f2-    1 4f2-    1 6h4-    1 6h2-    1 6h4-    1 6h2-    1 6h4-    1 6h2- 


   1.8  2.00000    -0.810335    -0.000022  0.000114  0.000029  0.043677  0.029182  0.216186  0.264724  0.351825  0.300389  0.166228
                                 0.044736 -0.011723  0.005541 -0.001726  0.000000  0.000000  0.000000  0.000000  0.000000  0.000000

 Total charge:   2.000000000000
 

 EXTRA SYMMETRY OF MOS IN SYMMETRY 1:   1 3 2 1 1 2 3 1 3 2   1 2 3 1 3 2 5 6 4 1   2 3 1 6 4 5 2 3 1 2   3 5 6 4 1 6 5 4 1 3
                                        2 4 5 6 1 2 3 1 6 5   4 3 2 1 3 2 1 3 2 1   3 2 1 2 3 1 2 3 1 1   2 3 1 2 3 1 1 2 3 1
                                        1 1 1 1 1 1 1
 EXTRA SYMMETRY OF MOS IN SYMMETRY 2:   1 3 2 1 1 2 3 1 2 3   1 1 3 2 1 3 2 1 3 2   1 6 5 4 2 3 1 6 5 4   3 2 1 1 3 2 5 6 4 1
                                        3 2 1 1 3 2 1 2 3 1   1 2 3 1 2 3 1 1 1 1   1 1 1
 EXTRA SYMMETRY OF MOS IN SYMMETRY 3:   1 3 2 1 1 2 3 1 3 2   1 1 3 2 1 3 2 1 3 2   1 6 5 4 2 3 1 6 5 4   3 2 1 1 3 2 5 6 4 1
                                        3 2 1 1 3 2 1 3 2 1   1 3 2 1 2 3 1 1 1 1   1 1 1
 EXTRA SYMMETRY OF MOS IN SYMMETRY 4:   1 1 1 1 1 3 2 1 3 2   1 1 3 2 3 2 1 3 2 1   3 2 1 1 1 1 1 1 1 1   1
 EXTRA SYMMETRY OF MOS IN SYMMETRY 5:   1 2 3 1 1 3 2 1 2 3   1 1 3 2 1 2 3 1 2 3   1 6 5 4 3 2 1 4 6 5   2 3 1 1 2 3 6 4 5 1
                                        2 3 1 1 2 3 1 2 3 1   1 3 2 1 3 2 1 1 1 1   1 1 1
 EXTRA SYMMETRY OF MOS IN SYMMETRY 8:   1 1 1 1 1 1 3 2 1 3   2 1 1 2 3 1 1 1 1 1

 Natural orbital dump (state averaged) at molpro section  5202.2    (Orbital set 2)


 CI vector for state symmetry 1
 ==============================

 0a 0 0 0          0.9974842   0.0708890
 a0 0 0 0         -0.0708890   0.9974842

 TOTAL ENERGIES                      -209.86857430  -209.86857430

 CI vector for state symmetry 2
 ==============================

 00 a 0 0          1.0000000

 TOTAL ENERGIES                      -209.86857430

 CI vector for state symmetry 3
 ==============================

 00 0 a 0          1.0000000

 TOTAL ENERGIES                      -209.86857430

 CI vector for state symmetry 4
 ==============================

 00 0 0 a          1.0000000

 TOTAL ENERGIES                      -209.86857430



 **********************************************************************************************************************************
 DATASETS  * FILE   NREC   LENGTH (MB)   RECORD NAMES
              1      20       53.00       500      610      700      900      950      970     1000      129      960     1100   
                                          VAR    BASINP    GEOM    SYMINP    ZMAT    AOBASIS   BASIS     P2S    ABASIS      S 
                                         1400     1410     1420     1200     1210     1080     1600     1650     1700     1380   
                                           T        V       ECP      H0       H01     AOSYM     SMH    MOLCAS    OPER     JKOP   

              2       6        9.38       200      700     1000      520     4202     5202   
                                        OPTIONS   GEOM     BASIS   MCVARS     RHF     MCSCF   

 PROGRAMS   *        TOTAL     MULTI       POP       RHF       INT
 CPU TIMES  *        70.43      3.22      0.00      1.73     64.97
 REAL TIME  *        78.81 SEC
 DISK USED  *         5.78 GB      
 SF USED    *       114.42 MB      
 GA USED    *         0.00 MB       (max)       0.00 MB       (current)
 **********************************************************************************************************************************


 PROGRAM * RHF-SCF (OPEN SHELL)       Authors: W. Meyer, H.-J. Werner


 NUMBER OF ELECTRONS:      12+   11-    SPACE SYMMETRY=4    SPIN SYMMETRY: Doublet 
 CONVERGENCE THRESHOLDS:    1.00E-05 (Density)    1.00E-07 (Energy)
 MAX. NUMBER OF ITERATIONS:        0
 INTERPOLATION TYPE:            DIIS
 INTERPOLATION STEPS:              2 (START)      1 (STEP)
 LEVEL SHIFTS:                 -0.60 (CLOSED) -0.30 (OPEN) 

 Number of closed-shell orbitals:   11 (   1   3   3   0   3   0   0   1 )
 Number of open-shell orbitals:      1 (   0   0   0   1   0   0   0   0 )


 Molecular orbitals read from record     5202.2  Type=MCSCF/NATURAL (state averaged)

 Molecular orbital dump at record        2120.2

 ITERATION    DDIFF          GRAD             ENERGY        2-EL.EN.            DIPOLE MOMENTS         DIIS   ORB.
    1      0.000D+00      0.000D+00      -209.86857430    355.383953    0.00000    0.00000    0.00000    0    start

 Final alpha occupancy:   1   3   3   1   3   0   0   1
 Final beta  occupancy:   1   3   3   0   3   0   0   1

 !RHF STATE 1.4 Energy               -209.868574302228
 Nuclear energy                         0.00000000
 One-electron energy                 -387.56055059
 Two-electron energy                  177.69197629
 Virial quotient                       -1.21954399
 !RHF STATE 1.4 Dipole moment           0.00000000     0.00000000     0.00000000
 Dipole moment /Debye                   0.00000000     0.00000000     0.00000000

 Orbital energies:

         1.1          2.1          3.1
     -3.317368    -0.551477    -0.551477

         1.2          2.2          3.2          4.2          5.2
     -2.206880    -0.810335    -0.810335    -0.306799    -0.154463

         1.3          2.3          3.3          4.3          5.3
     -2.206880    -0.810335    -0.810335    -0.306799    -0.154463

         1.4          2.4          3.4
     -0.551477    -0.181514    -0.105224

         1.5          2.5          3.5          4.5          5.5
     -2.206880    -0.810335    -0.810335    -0.306799    -0.154463

         1.6          2.6
     -0.551477    -0.181514

         1.7          2.7
     -0.551477    -0.181514

         1.8          2.8          3.8
     -0.810335    -0.124653    -0.068876

 HOMO      1.4    -0.551477 =     -15.0064eV
 LUMO      2.1    -0.551477 =     -15.0064eV
 LUMO-HOMO         0.000000 =       0.0000eV


 **********************************************************************************************************************************
 DATASETS  * FILE   NREC   LENGTH (MB)   RECORD NAMES
              1      20       53.00       500      610      700      900      950      970     1000      129      960     1100   
                                          VAR    BASINP    GEOM    SYMINP    ZMAT    AOBASIS   BASIS     P2S    ABASIS      S 
                                         1400     1410     1420     1200     1210     1080     1600     1650     1700     1380   
                                           T        V       ECP      H0       H01     AOSYM     SMH    MOLCAS    OPER     JKOP   

              2       7       13.09       200      700     1000      520     4202     5202     2120   
                                        OPTIONS   GEOM     BASIS   MCVARS     RHF     MCSCF     RHF  

 PROGRAMS   *        TOTAL       RHF     MULTI       POP       RHF       INT
 CPU TIMES  *        70.55      0.11      3.22      0.00      1.73     64.97
 REAL TIME  *        78.99 SEC
 DISK USED  *         5.78 GB      
 SF USED    *       114.42 MB      
 GA USED    *         0.00 MB       (max)       0.00 MB       (current)
 **********************************************************************************************************************************
 SETTING SCF(9)         =      -209.86857430  AU                              
 SETTING _CC_NORM_MAX   =         2.00000000                                  


 PROGRAM * CCSD (Restricted open-shell coupled cluster)     Authors: C. Hampel, H.-J. Werner, 1991, M. Deegan, P.J. Knowles, 1992


 Convergence thresholds:  THRVAR = 1.00D-08  THRDEN = 1.00D-06

 CCSD(T)     terms to be evaluated (factor= 1.000)


 Number of closed-shell orbitals:  11 (   1   3   3   0   3   0   0   1 )
 Number of active  orbitals:        1 (   0   0   0   1   0   0   0   0 )
 Number of external orbitals:     377 (  86  60  60  30  60  31  31  19 )

 Memory could be reduced to 139.16 Mwords without degradation in triples

 Number of N-1 electron functions:              23
 Number of N-2 electron functions:             253
 Number of singly external CSFs:              1321
 Number of doubly external CSFs:           3462076
 Total number of CSFs:                     3463397

 Molecular orbitals read from record     2120.2  Type=RHF/CANONICAL (state 1.4)

 Integral transformation finished. Total CPU:   3.12 sec, npass=  1  Memory used:  27.38 MW

 Starting RMP2 calculation

 Wavefunction is spin-projected

 ITER.      SQ.NORM     CORR.ENERGY   TOTAL ENERGY   ENERGY CHANGE        DEN1      VAR(S)    VAR(P)  DIIS     TIME
   1      1.76539460    -2.49128197  -212.35985627    -2.49128197    -0.04706686  0.34D-04  0.33D-01  1  1     3.52
   2      1.89082424    -2.54873309  -212.41730739    -0.05745113    -0.00359632  0.16D-05  0.31D-02  2  2     3.90
   3      1.95208192    -2.56606831  -212.43464261    -0.01733522    -0.00006960  0.65D-07  0.39D-04  3  3     4.34
   4      1.95575291    -2.56657196  -212.43514626    -0.00050365    -0.00000124  0.23D-08  0.72D-06  4  4     4.82
   5      1.95575705    -2.56656599  -212.43514029     0.00000597    -0.00000003  0.58D-10  0.17D-07  5  5     5.47
   6      1.95575761    -2.56656602  -212.43514033    -0.00000003    -0.00000000  0.16D-11  0.76D-09  6  6     6.09

 Norm of t1 vector:      0.03500707      S-energy:    -0.00353752      T1 diagnostic:  0.00352873
 Norm of t2 vector:      0.97700160      P-energy:    -2.56302851
                                         Alpha-Beta:  -1.69132345
                                         Alpha-Alpha: -0.41541532
                                         Beta-Beta:   -0.45628973

 Spin contamination <S**2-Sz**2-Sz>     0.00000000
  Reference energy                   -209.868574302227
  RHF-RMP2 correlation energy          -2.566566024742
 !RHF-RMP2 energy                    -212.435140326969
 (NB above energy spin projected)

 Starting RCCSD calculation

 ITER.      SQ.NORM     CORR.ENERGY   TOTAL ENERGY   ENERGY CHANGE        DEN1      VAR(S)    VAR(P)  DIIS     TIME
   1      1.24305128    -1.54720304  -211.41577734    -1.54720304    -0.33392870  0.29D-02  0.84D-01  0  0     8.74
   2      1.40383047    -1.88130279  -211.74987709    -0.33409975    -0.06703753  0.14D-02  0.25D-01  0  0    10.96
   3      1.36140779    -1.74913959  -211.61771389     0.13216320    -0.01451453  0.73D-03  0.43D-02  1  1    13.31
   4      1.39007885    -1.79278877  -211.66136307    -0.04364918    -0.00121051  0.23D-04  0.97D-03  2  2    15.71
   5      1.40995096    -1.79622905  -211.66480335    -0.00344028    -0.00061572  0.96D-05  0.51D-03  3  3    18.20
   6      1.44192161    -1.79954566  -211.66811997    -0.00331662    -0.00016743  0.22D-05  0.14D-03  4  4    20.66
   7      1.46407442    -1.80192525  -211.67049955    -0.00237958    -0.00002450  0.10D-05  0.16D-04  5  5    23.22
   8      1.47057863    -1.80251552  -211.67108982    -0.00059027    -0.00000561  0.18D-06  0.39D-05  6  6    25.90
   9      1.47165394    -1.80251089  -211.67108519     0.00000464    -0.00000107  0.16D-07  0.85D-06  7  7    28.58
  10      1.47181953    -1.80260362  -211.67117792    -0.00009273    -0.00000030  0.66D-08  0.23D-06  8  8    31.29
  11      1.47198281    -1.80259004  -211.67116435     0.00001358    -0.00000006  0.21D-08  0.45D-07  9  9    34.01
  12      1.47200953    -1.80256645  -211.67114076     0.00002359    -0.00000001  0.76D-09  0.93D-08 10 10    36.81
  13      1.47203153    -1.80257589  -211.67115019    -0.00000943    -0.00000000  0.17D-09  0.37D-08 11 11    39.60
  14      1.47205539    -1.80257850  -211.67115280    -0.00000261    -0.00000000  0.38D-10  0.11D-08 12 12    42.51
  15      1.47204708    -1.80257718  -211.67115149     0.00000131    -0.00000000  0.16D-10  0.20D-09 13 13    45.45
  16      1.47204525    -1.80257715  -211.67115145     0.00000003    -0.00000000  0.40D-11  0.46D-10 14 14    48.37

 Norm of t1 vector:      0.06402559      S-energy:    -0.00327531      T1 diagnostic:  0.00886107
                                                                       D1 diagnostic:  0.02886379
 Norm of t2 vector:      0.68406577      P-energy:    -1.79930184
                                         Alpha-Beta:  -1.30197777
                                         Alpha-Alpha: -0.24313942
                                         Beta-Beta:   -0.25418464

 Doubles amplitudes (print threshold =  0.500E-01):

         I         J         SYM. A    SYM. B    A         B      T(IJ, AB) [Beta-Beta]

         6         3         1         4         1         1     -0.05122658
         6         3         4         1         1         1      0.05122658
 
         I         J         SYM. A    SYM. B    A         B      T(IJ, AB) [Alpha-Beta]

         3         3         1         1         1         1     -0.08905864
         4         4         1         1         2         2     -0.07678318
         4         4         6         6         1         1     -0.10007278
         6         6         1         1         1         1     -0.08905864
         7         7         1         1         2         2     -0.07678318
         7         7         7         7         1         1     -0.10007278
        10        10         1         1         2         2     -0.11692905
        11        11         1         1         1         1     -0.06903264
        11        11         6         6         1         1     -0.07496537
        11        11         7         7         1         1     -0.07496537
        12        12         6         6         1         1     -0.07488567
        12        12         7         7         1         1     -0.07488567
         7         4         7         6         1         1     -0.05348211
         4         7         6         7         1         1     -0.05348211

 Spin contamination <S**2-Sz**2-Sz>     0.00000000

 Memory could be reduced to 143.31 Mwords without degradation in triples
 

 RESULTS
 =======

  Reference energy                   -209.868574302227
  RCCSD singles energy                 -0.003275314525
  RCCSD pair energy                    -1.799301838095
  RCCSD correlation energy             -1.802577152621
  Triples (T) contribution             -0.243226732052
  Total correlation energy             -2.045803884672
 
  RHF-RCCSD energy                   -211.671151454848
  RHF-RCCSD[T] energy                -211.917947483647
  RHF-RCCSD-T energy                 -211.910957323635
 !RHF-RCCSD(T) energy                -211.914378186900

 Program statistics:

 Available memory in ccsd:               999998628
 Min. memory needed in ccsd:               9929108
 Max. memory used in ccsd:                14236178
 Max. memory used in cckext:              10749063 (16 integral passes)
 Max. memory used in cckint:              27378158 ( 1 integral passes)



 **********************************************************************************************************************************
 DATASETS  * FILE   NREC   LENGTH (MB)   RECORD NAMES
              1      20       53.00       500      610      700      900      950      970     1000      129      960     1100   
                                          VAR    BASINP    GEOM    SYMINP    ZMAT    AOBASIS   BASIS     P2S    ABASIS      S 
                                         1400     1410     1420     1200     1210     1080     1600     1650     1700     1380   
                                           T        V       ECP      H0       H01     AOSYM     SMH    MOLCAS    OPER     JKOP   

              2       7       13.09       200      700     1000      520     4202     5202     2120   
                                        OPTIONS   GEOM     BASIS   MCVARS     RHF     MCSCF     RHF  

 PROGRAMS   *        TOTAL  RCCSD(T)       RHF     MULTI       POP       RHF       INT
 CPU TIMES  *       188.63    117.98      0.11      3.22      0.00      1.73     64.97
 REAL TIME  *       220.56 SEC
 DISK USED  *        17.37 GB      
 SF USED    *         2.33 GB      
 GA USED    *         0.00 MB       (max)       0.00 MB       (current)
 **********************************************************************************************************************************
 SETTING CCSD(9)        =      -211.91437819  AU                              
 Output type csv         
                                                                                                                                                                                                                                                                

        SCF,CCSD
      0.0000000,      0.0000000
      0.0000000,      0.0000000
      0.0000000,      0.0000000
      0.0000000,      0.0000000
      0.0000000,      0.0000000
      0.0000000,      0.0000000
      0.0000000,      0.0000000
      0.0000000,      0.0000000
   -209.8685743,   -211.9143782
                                                  

 RCCSD(T)/USERDEF energy=   -211.914378186900

        RCCSD(T)        RHF-SCF         MULTI           RHF-SCF 
   -211.91437819   -209.86857430   -209.86857430   -209.87034021
 **********************************************************************************************************************************
 Molpro calculation terminated
 Variable memory released
