
 Primary working directories    : /global/cscratch1/sd/haihan
 Secondary working directories  : /global/cscratch1/sd/haihan
 Wavefunction directory         : /global/homes/h/haihan/Research/ECP/f_group_element_ecps/Lu/Molpro/atom/ECP46_1/wfu/
 Main file repository           : /global/cscratch1/sd/haihan/

 SHA1      : 19cd028119e0e09f93f0674bd8af7968d9b3eff6
 NAME      : 2015.1.36
 ARCHNAME  : linux/x86_64
 FC        : /opt/cray/pe/craype/2.5.14/bin/ftn
 BLASLIB   : -L/opt/intel/compilers_and_libraries_2018.1.163/linux/mkl/lib/intel64 -Wl,-_start-group -lmkl_intel_ilp64 -lmkl_intel_thread -lmkl_core -Wl,-_end-group -liomp5
 id        : lbl

 Nodes     nprocs
 nid01079    11
 Number of processes for MPI-2 version of Molpro:   nprocs(total)=   12   nprocs(compute)=   11   nprocs(helper)=    1

 Using customized tuning parameters: mindgm=7; mindgv=16; mindgc=1; mindgr=1; noblas=0; minvec=7
 default implementation of scratch files=sf  

 ***,Calculation for Lu atom, singlet and triplet
 memory,1,g
 
 gthresh,twoint=1.e-15
 gthresh,oneint=1.e-15
 
 
 geometry={
 1
 Lu
 Lu  0.0 0.0 0.0
 }
 
 basis={
 ECP,Lu,46,4,0;
 4                                                                               !ul
 1,    4.526254,   25.000000
 3,    3.879308,   113.15635
 2,    4.406058,  -85.722649
 2,    1.899664,   -3.133952
 2                                                                               !s
 2,    8.996757,  161.119164
 2,    5.104371,   89.334835
 2                                                                               !p
 2,    7.640657,   88.693021
 2,    3.878305,   57.109488
 2                                                                               !d
 2,    7.456305,   55.901690
 2,    2.530445,   29.364333
 2                                                                               !f
 2,    4.939345,  -23.952530
 2,    3.912490,   -7.090915
 Including file /global/u2/h/haihan/Research/ECP/f_group_element_ecps/Lu/Molpro/atom/ECP46_1/10/../aug-cc-pwCVTZ.basis
 }
 
 
 
 Including file /global/u2/h/haihan/Research/ECP/f_group_element_ecps/Lu/Molpro/atom/ECP46_1/10/../Lu46_states_ecp.proc
 
 do i=10,10
     if (i.eq.1) then
         Id1s2
     else if (i.eq.2) then
         Ip1s2
     else if (i.eq.3) then
         IEd2s1
     else if (i.eq.4) then
         IEf1s2
     else if (i.eq.5) then
         IIds2
     else if (i.eq.6) then
         IId1s1
     else if (i.eq.7) then
         IIIds1
     else if (i.eq.8) then
         IIIp1
     else if (i.eq.9) then
         IIId1
     else if (i.eq.10) then
         IIIEf1
     else if (i.eq.11) then
         VIp6
     else if (i.eq.12) then
         VIIp5
     else if (i.eq.13) then
         VIIIp4
     else if (i.eq.14) then
         IXp3
     else if (i.eq.15) then
         Xp
     else if (i.eq.16) then
         XIds2
     else if (i.eq.17) then
         IIIEf2
     endif
     scf(i)=energy
     _CC_NORM_MAX=2.0
     {rccsd(t),shifts=2.5,shiftp=1.5,thrdis=1.0;diis,1,1,15,1;maxit,100;core}
     ccsd(i)=energy
 enddo
 
 table,scf,ccsd
 type,csv
 save

 Variables initialized (889), CPU time= 0.00 sec
 Commands  initialized (702), CPU time= 0.01 sec, 572 directives.
 Default parameters read. Elapsed time= 0.12 sec

 Checking input...
 Passed
1


                                         ***  PROGRAM SYSTEM MOLPRO  ***
                                       Copyright, TTI GmbH Stuttgart, 2015
                                    Version 2015.1 linked Dec 29 2018 15:55:43


 **********************************************************************************************************************************
 LABEL *   Calculation for Lu atom, singlet and triplet                                  
  64 bit mpp version                                                                     DATE: 07-Apr-23          TIME: 21:42:41  
 **********************************************************************************************************************************

 SHA1:             19cd028119e0e09f93f0674bd8af7968d9b3eff6
 **********************************************************************************************************************************

 THRESHOLDS:

 ZERO    =  1.00D-12  ONEINT  =  1.00D-12  TWOINT  =  1.00D-15  PREFAC  =  1.00D-14  LOCALI  =  1.00D-09  EORDER  =  1.00D-04
 ENERGY  =  0.00D+00  ETEST   =  0.00D+00  EDENS   =  0.00D+00  THRDEDEF=  1.00D-06  GRADIENT=  1.00D-02  STEP    =  1.00D-03
 ORBITAL =  1.00D-05  CIVEC   =  1.00D-05  COEFF   =  1.00D-04  PRINTCI =  5.00D-02  PUNCHCI =  9.90D+01  OPTGRAD =  3.00D-04
 OPTENERG=  1.00D-06  OPTSTEP =  3.00D-04  THRGRAD =  1.00D-10  COMPRESS=  1.00D-11  VARMIN  =  1.00D-07  VARMAX  =  1.00D-03
 THRDOUB =  0.00D+00  THRDIV  =  1.00D-05  THRRED  =  1.00D-07  THRPSP  =  1.00D+00  THRDC   =  1.00D-10  THRCS   =  1.00D-10
 THRNRM  =  1.00D-08  THREQ   =  0.00D+00  THRDE   =  1.00D+00  THRREF  =  1.00D-05  SPARFAC =  1.00D+00  THRDLP  =  1.00D-07
 THRDIA  =  1.00D-10  THRDLS  =  1.00D-07  THRGPS  =  0.00D+00  THRKEX  =  0.00D+00  THRDIS  =  2.00D-01  THRVAR  =  1.00D-10
 THRLOC  =  1.00D-06  THRGAP  =  1.00D-06  THRLOCT = -1.00D+00  THRGAPT = -1.00D+00  THRORB  =  1.00D-06  THRMLTP =  0.00D+00
 THRCPQCI=  1.00D-10  KEXTA   =  0.00D+00  THRCOARS=  0.00D+00  SYMTOL  =  1.00D-06  GRADTOL =  1.00D-06  THROVL  =  1.00D-08
 THRORTH =  1.00D-08  GRID    =  1.00D-06  GRIDMAX =  1.00D-03  DTMAX   =  0.00D+00  THROCCDE=  1.00D-01  THROCCDE=  1.00D-01



 THRESHOLDS:

 ZERO    =  1.00D-12  ONEINT  =  1.00D-15  TWOINT  =  1.00D-15  PREFAC  =  1.00D-14  LOCALI  =  1.00D-09  EORDER  =  1.00D-04
 ENERGY  =  0.00D+00  ETEST   =  0.00D+00  EDENS   =  0.00D+00  THRDEDEF=  1.00D-06  GRADIENT=  1.00D-02  STEP    =  1.00D-03
 ORBITAL =  1.00D-05  CIVEC   =  1.00D-05  COEFF   =  1.00D-04  PRINTCI =  5.00D-02  PUNCHCI =  9.90D+01  OPTGRAD =  3.00D-04
 OPTENERG=  1.00D-06  OPTSTEP =  3.00D-04  THRGRAD =  1.00D-10  COMPRESS=  1.00D-11  VARMIN  =  1.00D-07  VARMAX  =  1.00D-03
 THRDOUB =  0.00D+00  THRDIV  =  1.00D-05  THRRED  =  1.00D-07  THRPSP  =  1.00D+00  THRDC   =  1.00D-10  THRCS   =  1.00D-10
 THRNRM  =  1.00D-08  THREQ   =  0.00D+00  THRDE   =  1.00D+00  THRREF  =  1.00D-05  SPARFAC =  1.00D+00  THRDLP  =  1.00D-07
 THRDIA  =  1.00D-10  THRDLS  =  1.00D-07  THRGPS  =  0.00D+00  THRKEX  =  0.00D+00  THRDIS  =  2.00D-01  THRVAR  =  1.00D-10
 THRLOC  =  1.00D-06  THRGAP  =  1.00D-06  THRLOCT = -1.00D+00  THRGAPT = -1.00D+00  THRORB  =  1.00D-06  THRMLTP =  0.00D+00
 THRCPQCI=  1.00D-10  KEXTA   =  0.00D+00  THRCOARS=  0.00D+00  SYMTOL  =  1.00D-06  GRADTOL =  1.00D-06  THROVL  =  1.00D-08
 THRORTH =  1.00D-08  GRID    =  1.00D-06  GRIDMAX =  1.00D-03  DTMAX   =  0.00D+00  THROCCDE=  1.00D-01  THROCCDE=  1.00D-01



Geometry recognized as XYZ


 Variable memory set to 1000000000 words,  buffer space   230000 words

 SETTING BASIS          =    USERDEF

 DO I                   =        10.00000000   

 Running procedure=IIIEF1


 Recomputing integrals since basis changed


 Using spherical harmonics



 PROGRAM * SEWARD (Integral evaluation for generally contracted gaussian basis sets)     Author: Roland Lindh, 1990

 Geometry written to block  1 of record 700

 Orientation using atomic masses  
 Molecule type: Atom
 Symmetry elements: X,Y,Z
 Rotational constants:       0.0000000      0.0000000      0.0000000 GHz  (calculated with average atomic masses)

 Point group  D2h 



 ATOMIC COORDINATES

 NR  ATOM    CHARGE       X              Y              Z

   1  LU     25.00    0.000000000    0.000000000    0.000000000

 NUCLEAR CHARGE:                   25
 NUMBER OF PRIMITIVE AOS:         581
 NUMBER OF SYMMETRY AOS:          442
 NUMBER OF CONTRACTIONS:          442   ( 103Ag  +  70B3u +  70B2u +  36B1g +  70B1u +  36B2g +  36B3g +  21Au  )
 NUMBER OF CORE ORBITALS:           0   (   0Ag  +   0B3u +   0B2u +   0B1g +   0B1u +   0B2g +   0B3g +   0Au  )
 NUMBER OF VALENCE ORBITALS:       17   (   4Ag  +   3B3u +   3B2u +   1B1g +   3B1u +   1B2g +   1B3g +   1Au  )


 NUCLEAR REPULSION ENERGY    0.00000000

 EXTRA SYMMETRY OF AOS IN SYMMETRY 1:   1 1 1 1 1 1 1 1 1 1   1 1 1 1 1 1 1 1 1 1   1 1 1 1 1 1 1 1 1 1   1 1 1 1 1 1 1 1 2 3
                                        2 3 2 3 2 3 2 3 2 3   2 3 2 3 2 3 2 3 2 3   2 3 2 3 2 3 2 3 2 3   2 3 2 3 2 3 2 3 2 3
                                        2 3 4 5 6 4 5 6 4 5   6 4 5 6 4 5 6 4 5 6   4 5 6
 EXTRA SYMMETRY OF AOS IN SYMMETRY 2:   1 1 1 1 1 1 1 1 1 1   1 1 1 1 1 1 1 1 1 1   1 1 1 1 1 1 1 1 1 1   1 2 3 2 3 2 3 2 3 2
                                        3 2 3 2 3 2 3 2 3 2   3 2 3 2 3 2 3 2 3 2   3 4 5 6 4 5 6 4 5 6
 EXTRA SYMMETRY OF AOS IN SYMMETRY 3:   1 1 1 1 1 1 1 1 1 1   1 1 1 1 1 1 1 1 1 1   1 1 1 1 1 1 1 1 1 1   1 2 3 2 3 2 3 2 3 2
                                        3 2 3 2 3 2 3 2 3 2   3 2 3 2 3 2 3 2 3 2   3 4 5 6 4 5 6 4 5 6
 EXTRA SYMMETRY OF AOS IN SYMMETRY 4:   1 1 1 1 1 1 1 1 1 1   1 1 1 1 1 1 1 1 1 1   1 1 2 3 2 3 2 3 2 3   2 3 2 3 2 3
 EXTRA SYMMETRY OF AOS IN SYMMETRY 5:   1 1 1 1 1 1 1 1 1 1   1 1 1 1 1 1 1 1 1 1   1 1 1 1 1 1 1 1 1 1   1 2 3 2 3 2 3 2 3 2
                                        3 2 3 2 3 2 3 2 3 2   3 2 3 2 3 2 3 2 3 2   3 4 5 6 4 5 6 4 5 6
 EXTRA SYMMETRY OF AOS IN SYMMETRY 6:   1 1 1 1 1 1 1 1 1 1   1 1 1 1 1 1 1 1 1 1   1 1 2 3 2 3 2 3 2 3   2 3 2 3 2 3
 EXTRA SYMMETRY OF AOS IN SYMMETRY 7:   1 1 1 1 1 1 1 1 1 1   1 1 1 1 1 1 1 1 1 1   1 1 2 3 2 3 2 3 2 3   2 3 2 3 2 3
 EXTRA SYMMETRY OF AOS IN SYMMETRY 8:   1 1 1 1 1 1 1 1 1 1   1 1 1 1 1 2 3 2 3 2   3

 Eigenvalues of metric

         1 0.333E-06 0.964E-06 0.340E-05 0.186E-04 0.475E-04 0.703E-04 0.799E-04 0.799E-04
         2 0.960E-06 0.179E-05 0.251E-04 0.110E-03 0.525E-03 0.525E-03 0.534E-03 0.156E-02
         3 0.960E-06 0.179E-05 0.251E-04 0.110E-03 0.525E-03 0.525E-03 0.534E-03 0.156E-02
         4 0.799E-04 0.144E-03 0.223E-02 0.632E-02 0.897E-02 0.238E-01 0.240E-01 0.240E-01
         5 0.960E-06 0.179E-05 0.251E-04 0.110E-03 0.525E-03 0.525E-03 0.534E-03 0.156E-02
         6 0.799E-04 0.144E-03 0.223E-02 0.632E-02 0.897E-02 0.238E-01 0.240E-01 0.240E-01
         7 0.799E-04 0.144E-03 0.223E-02 0.632E-02 0.897E-02 0.238E-01 0.240E-01 0.240E-01
         8 0.525E-03 0.142E-01 0.219E-01 0.528E-01 0.103E+00 0.167E+00 0.268E+00 0.268E+00


 Contracted 2-electron integrals neglected if value below      1.0D-15
 AO integral compression algorithm  1   Integral accuracy      1.0D-15

     3532.128 MB (compressed) written to integral file ( 42.0%)

     Node minimum: 189.792 MB, node maximum: 440.140 MB


 NUMBER OF SORTED TWO-ELECTRON INTEGRALS:   55754337.     BUFFER LENGTH:  32768
 NUMBER OF SEGMENTS:   2  SEGMENT LENGTH:   31983219      RECORD LENGTH: 524288

 Memory used in sort:      32.54 MW

 SORT1 READ  1050599776. AND WROTE    32342641. INTEGRALS IN     94 RECORDS. CPU TIME:    27.05 SEC, REAL TIME:    31.51 SEC
 SORT2 READ   352987961. AND WROTE   613618504. INTEGRALS IN  15147 RECORDS. CPU TIME:     1.89 SEC, REAL TIME:     6.19 SEC

 Node minimum:    55639389.  Node maximum:    55868715. integrals

 OPERATOR DM      FOR CENTER  0  COORDINATES:    0.000000    0.000000    0.000000


 **********************************************************************************************************************************
 DATASETS  * FILE   NREC   LENGTH (MB)   RECORD NAMES
              1      19       21.26       500      610      700      900      950      970     1000      129      960     1100   
                                          VAR    BASINP    GEOM    SYMINP    ZMAT    AOBASIS   BASIS     P2S    ABASIS      S 
                                         1400     1410     1420     1200     1210     1080     1600     1650     1700   
                                           T        V       ECP      H0       H01     AOSYM     SMH    MOLCAS    OPER   

 PROGRAMS   *        TOTAL       INT
 CPU TIMES  *       159.82    159.54
 REAL TIME  *       171.96 SEC
 DISK USED  *         7.76 GB      
 GA USED    *         0.00 MB       (max)       0.00 MB       (current)
 **********************************************************************************************************************************


 PROGRAM * RHF-SCF (CLOSED SHELL)       Authors: W. Meyer, H.-J. Werner


 NUMBER OF ELECTRONS:      11+   11-    SPACE SYMMETRY=1    SPIN SYMMETRY: Singlet 
 CONVERGENCE THRESHOLDS:    1.00E-05 (Density)    1.00E-07 (Energy)
 MAX. NUMBER OF ITERATIONS:      150
 INTERPOLATION TYPE:            DIIS
 INTERPOLATION STEPS:              2 (START)      1 (STEP)
 LEVEL SHIFTS:                  0.00 (CLOSED)  0.00 (OPEN) 

 Number of closed-shell orbitals:   11 (   1   3   3   0   3   0   0   1 )


 
 Extra symmetries of mos in symmetry 2:   3   2   1   3   2
 Extra symmetries of mos in symmetry 3:   3   2   1   3   2
 Extra symmetries of mos in symmetry 5:   3   2   1   3   2
 Guess basis ATOMIC-GUESS,LU=ECP46_GUESS not found. No density guess!


 Molecular orbital dump at record        4202.2

 ITERATION    DDIFF          GRAD             ENERGY        2-EL.EN.            DIPOLE MOMENTS         DIIS   ORB.
    1      0.000D+00      0.000D+00      -171.42145305    496.307886    0.00000    0.00000    0.00000    0    start
    2      0.000D+00      0.424D+00      -130.80085337     95.821256    0.00000    0.00000    0.00000    0    diag
    3      0.137D+00      0.239D+00      -176.96524409    484.248761    0.00000    0.00000    0.00000    1    diag
    4      0.102D+00      0.395D+00      -195.44253070    434.698275    0.00000    0.00000    0.00000    2    diag
    5      0.685D-01      0.238D+00      -204.83859764    391.870002    0.00000    0.00000    0.00000    3    diag
    6      0.412D-01      0.126D+00      -208.85381864    344.944699    0.00000    0.00000    0.00000    4    diag
    7      0.316D-01      0.143D-01      -208.93721342    335.971193    0.00000    0.00000    0.00000    5    diag
    8      0.453D-02      0.323D-02      -208.93925708    336.647940    0.00000    0.00000    0.00000    6    diag
    9      0.837D-03      0.935D-03      -208.93943948    336.959271    0.00000    0.00000    0.00000    7    diag
   10      0.208D-03      0.661D-04      -208.93944039    336.992767    0.00000    0.00000    0.00000    8    orth
   11      0.115D-04      0.162D-04      -208.93944045    336.985977    0.00000    0.00000    0.00000    9    diag
   12      0.336D-05      0.131D-06      -208.93944045    336.985919    0.00000    0.00000    0.00000    0    orth

 Final occupancy:   1   3   3   0   3   0   0   1

 !RHF STATE 1.1 Energy               -208.939440452539
 Nuclear energy                         0.00000000
 One-electron energy                 -377.43239998
 Two-electron energy                  168.49295953
 Virial quotient                       -1.20783756
 !RHF STATE 1.1 Dipole moment           0.00000000     0.00000000     0.00000000
 Dipole moment /Debye                   0.00000000     0.00000000     0.00000000

 ELECTRON ORBITALS
 =================


   Orb  Occ    Energy  Couls-En    Coefficients

                                   1 1s      1 1s      1 1s      1 1s      1 1s      1 1s      1 1s      1 1s      1 1s      1 1s   
                                   1 1s      1 1s      1 1s      1 1s      1 1s      1 1s      1 1s      1 1s      1 1s      1 1s   
                                   1 1s      1 1s      1 1s      1 1s      1 1s      1 1s      1 1s      1 1s      1 1s      1 1s   
                                   1 1s      1 1s      1 1s      1 1s      1 1s      1 1s      1 1s      1 1s      1 3d0     1 3d2+ 
                                   1 3d0     1 3d2+    1 3d0     1 3d2+    1 3d0     1 3d2+    1 3d0     1 3d2+    1 3d0     1 3d2+ 
                                   1 3d0     1 3d2+    1 3d0     1 3d2+    1 3d0     1 3d2+    1 3d0     1 3d2+    1 3d0     1 3d2+ 
                                   1 3d0     1 3d2+    1 3d0     1 3d2+    1 3d0     1 3d2+    1 3d0     1 3d2+    1 3d0     1 3d2+ 
                                   1 3d0     1 3d2+    1 3d0     1 3d2+    1 3d0     1 3d2+    1 3d0     1 3d2+    1 3d0     1 3d2+ 
                                   1 3d0     1 3d2+    1 5g0     1 5g4+    1 5g2+    1 5g0     1 5g4+    1 5g2+    1 5g0     1 5g4+ 
                                   1 5g2+    1 5g0     1 5g4+    1 5g2+    1 5g0     1 5g4+    1 5g2+    1 5g0     1 5g4+    1 5g2+ 
                                   1 5g0     1 5g4+    1 5g2+ 

   1.1   2    -3.7453  -21.7684  0.000000 -0.000000  0.000000 -0.000000  0.000000 -0.000000  0.000000 -0.000001  0.000002 -0.000005
                                 0.000013 -0.000034  0.000094 -0.000310  0.001748  0.005748 -0.004148  0.006343 -0.012512 -0.005425
                                 0.035081 -0.187785  0.224773 -0.128836  0.460231 -1.047528  0.059246  1.000158  0.355656  0.023732
                                -0.018696  0.032243 -0.050505  0.038534 -0.015425  0.005992 -0.001554  0.000277 -0.000000 -0.000000
                                 0.000000  0.000000 -0.000000 -0.000000  0.000000  0.000000 -0.000000 -0.000000  0.000000  0.000000
                                -0.000000 -0.000000  0.000000  0.000000 -0.000000 -0.000000  0.000000  0.000000 -0.000000 -0.000000
                                 0.000000  0.000000 -0.000000 -0.000000  0.000000  0.000000  0.000000 -0.000000 -0.000000  0.000000
                                 0.000000 -0.000000 -0.000000  0.000000  0.000000 -0.000000 -0.000000  0.000000  0.000000 -0.000000
                                -0.000000  0.000000  0.000000 -0.000000 -0.000000 -0.000000  0.000000  0.000000 -0.000000 -0.000000
                                 0.000000  0.000000  0.000000 -0.000000 -0.000000  0.000000  0.000000  0.000000  0.000000 -0.000000
                                -0.000000  0.000000  0.000000

   2.1   0    -0.9050  -13.1035 -0.000000 -0.000000  0.000000 -0.000000  0.000000 -0.000000  0.000000 -0.000000  0.000000 -0.000000
                                 0.000000 -0.000000  0.000000 -0.000000  0.000000  0.000000 -0.000000  0.000000 -0.000000 -0.000000
                                 0.000000 -0.000000  0.000000  0.000000  0.000000 -0.000000  0.000000  0.000000  0.000000 -0.000000
                                -0.000000 -0.000000 -0.000000  0.000000 -0.000000  0.000000 -0.000000  0.000000 -0.000000  0.000000
                                 0.000000 -0.000001 -0.000000  0.000006  0.000002 -0.000026 -0.000007  0.000092  0.000021 -0.000292
                                -0.000063  0.000888  0.000206 -0.002905 -0.001090  0.015380  0.002814 -0.039717 -0.002680  0.037828
                                 0.001394 -0.019676  0.004706 -0.066424 -0.027816  0.392636 -0.039942  0.563806 -0.019256  0.271809
                                 0.013840 -0.195357 -0.019150  0.270311  0.008983 -0.126801 -0.001665  0.023509  0.000585 -0.008264
                                -0.000155  0.002181  0.000000 -0.000000  0.000000 -0.000000  0.000000 -0.000000  0.000000 -0.000000
                                 0.000000 -0.000000  0.000000 -0.000000  0.000000 -0.000000  0.000000 -0.000000 -0.000000 -0.000000
                                 0.000000 -0.000000  0.000000

   3.1   0    -0.9050  -13.1035  0.000000 -0.000000  0.000000 -0.000000  0.000000 -0.000000  0.000000 -0.000000  0.000000 -0.000000
                                 0.000000 -0.000000  0.000000 -0.000000  0.000000  0.000000 -0.000000  0.000000 -0.000000 -0.000000
                                 0.000000 -0.000000  0.000000 -0.000000  0.000000 -0.000000  0.000000 -0.000000  0.000000 -0.000000
                                 0.000000 -0.000000  0.000000 -0.000000  0.000000 -0.000000  0.000000 -0.000000  0.000000  0.000000
                                -0.000001 -0.000000  0.000006  0.000000 -0.000026 -0.000002  0.000092  0.000007 -0.000292 -0.000021
                                 0.000888  0.000063 -0.002905 -0.000206  0.015380  0.001090 -0.039717 -0.002814  0.037828  0.002680
                                -0.019676 -0.001394 -0.066424 -0.004706  0.392636  0.027816  0.563806  0.039942  0.271809  0.019256
                                -0.195357 -0.013840  0.270311  0.019150 -0.126801 -0.008983  0.023509  0.001665 -0.008264 -0.000585
                                 0.002181  0.000155  0.000000 -0.000000 -0.000000 -0.000000  0.000000  0.000000  0.000000 -0.000000
                                -0.000000 -0.000000 -0.000000  0.000000  0.000000  0.000000 -0.000000 -0.000000 -0.000000  0.000000
                                 0.000000  0.000000 -0.000000

                                   1 2px     1 2px     1 2px     1 2px     1 2px     1 2px     1 2px     1 2px     1 2px     1 2px  
                                   1 2px     1 2px     1 2px     1 2px     1 2px     1 2px     1 2px     1 2px     1 2px     1 2px  
                                   1 2px     1 2px     1 2px     1 2px     1 2px     1 2px     1 2px     1 2px     1 2px     1 2px  
                                   1 2px     1 4f1+    1 4f3+    1 4f1+    1 4f3+    1 4f1+    1 4f3+    1 4f1+    1 4f3+    1 4f1+ 
                                   1 4f3+    1 4f1+    1 4f3+    1 4f1+    1 4f3+    1 4f1+    1 4f3+    1 4f1+    1 4f3+    1 4f1+ 
                                   1 4f3+    1 4f1+    1 4f3+    1 4f1+    1 4f3+    1 4f1+    1 4f3+    1 4f1+    1 4f3+    1 4f1+ 
                                   1 4f3+    1 6h1+    1 6h3+    1 6h5+    1 6h1+    1 6h3+    1 6h5+    1 6h1+    1 6h3+    1 6h5+ 


   1.2   2    -1.2301  -18.6968 -0.000000  0.000000 -0.000000  0.000000 -0.000000  0.000000 -0.000000  0.000000 -0.000000  0.000000
                                -0.000000  0.000000 -0.000000  0.000000 -0.000000  0.000000 -0.000000  0.000000 -0.000000  0.000000
                                -0.000000  0.000000 -0.000000  0.000000 -0.000000 -0.000000  0.000000  0.000000 -0.000000  0.000000
                                -0.000000  0.000001  0.000004 -0.000009 -0.000026  0.000038  0.000113  0.000010  0.000029  0.014016
                                 0.041552  0.009413  0.027905  0.069472  0.205949  0.085168  0.252481  0.113827  0.337441  0.098192
                                 0.291090  0.048166  0.142787  0.006636  0.019671 -0.001485 -0.004401  0.000482  0.001429 -0.000129
                                -0.000382 -0.000000 -0.000000  0.000000  0.000000  0.000000 -0.000000 -0.000000 -0.000000  0.000000

   2.2   2    -1.2301  -18.6968 -0.000000  0.000000  0.000000 -0.000000  0.000000 -0.000000  0.000000 -0.000000  0.000000 -0.000000
                                 0.000000 -0.000000  0.000000 -0.000000  0.000000 -0.000000  0.000000 -0.000000  0.000000 -0.000000
                                 0.000000 -0.000000  0.000000 -0.000000  0.000000  0.000000 -0.000000 -0.000000  0.000000 -0.000000
                                 0.000000  0.000004 -0.000001 -0.000026  0.000009  0.000113 -0.000038  0.000029 -0.000010  0.041552
                                -0.014016  0.027905 -0.009413  0.205949 -0.069472  0.252481 -0.085168  0.337441 -0.113827  0.291090
                                -0.098192  0.142787 -0.048166  0.019671 -0.006636 -0.004401  0.001485  0.001429 -0.000482 -0.000382
                                 0.000129  0.000000  0.000000 -0.000000  0.000000 -0.000000  0.000000  0.000000  0.000000 -0.000000

   3.2   2    -2.6224  -18.7646  0.000000 -0.000000  0.000000 -0.000000  0.000000 -0.000000  0.000001 -0.000002  0.000006 -0.000020
                                 0.000059 -0.000164  0.000451 -0.001365  0.005048 -0.046032  0.121613 -0.248696  0.514885 -0.648486
                                 0.146378  0.678268  0.007545  0.380060  0.007466  0.024953 -0.001753 -0.007014 -0.000048  0.000047
                                -0.000014  0.000000 -0.000000 -0.000000  0.000000  0.000000 -0.000000 -0.000000  0.000000  0.000000
                                -0.000000 -0.000000  0.000000 -0.000000  0.000000 -0.000000  0.000000  0.000000 -0.000000 -0.000000
                                 0.000000  0.000000  0.000000 -0.000000 -0.000000  0.000000  0.000000 -0.000000 -0.000000  0.000000
                                 0.000000 -0.000000 -0.000000  0.000000 -0.000000 -0.000000 -0.000000  0.000000  0.000000  0.000000

   4.2   0    -0.2777   -4.6410 -0.000000 -0.000000  0.000000 -0.000000  0.000000 -0.000000  0.000000 -0.000000  0.000000 -0.000000
                                 0.000000 -0.000000  0.000000 -0.000000  0.000000 -0.000000  0.000000 -0.000000  0.000000 -0.000000
                                 0.000000  0.000000  0.000000  0.000000 -0.000000  0.000000  0.000000  0.000000 -0.000000  0.000000
                                -0.000000 -0.000000  0.000001  0.000001 -0.000005 -0.000004  0.000024  0.000031 -0.000183  0.000669
                                -0.003887  0.001113 -0.006471  0.004131 -0.024016  0.005991 -0.034827  0.006497 -0.037770  0.005096
                                -0.029627 -0.007272  0.042274 -0.043919  0.255328 -0.072745  0.422912 -0.068422  0.397781 -0.003318
                                 0.019291  0.000000 -0.000000 -0.000000 -0.000000  0.000000  0.000000  0.000000 -0.000000 -0.000000

   5.2   0    -0.2777   -4.6410 -0.000000  0.000000 -0.000000  0.000000 -0.000000  0.000000 -0.000000  0.000000 -0.000000  0.000000
                                -0.000000  0.000000 -0.000000  0.000000 -0.000000  0.000000 -0.000000  0.000000 -0.000000  0.000000
                                -0.000000  0.000000 -0.000000  0.000000  0.000000 -0.000000 -0.000000 -0.000000 -0.000000 -0.000000
                                 0.000000 -0.000001 -0.000000  0.000005  0.000001 -0.000024 -0.000004  0.000183  0.000031  0.003887
                                 0.000669  0.006471  0.001113  0.024016  0.004131  0.034827  0.005991  0.037770  0.006497  0.029627
                                 0.005096 -0.042274 -0.007272 -0.255328 -0.043919 -0.422912 -0.072745 -0.397781 -0.068422 -0.019291
                                -0.003318 -0.000000  0.000000  0.000000 -0.000000 -0.000000  0.000000  0.000000  0.000000 -0.000000

                                   1 2py     1 2py     1 2py     1 2py     1 2py     1 2py     1 2py     1 2py     1 2py     1 2py  
                                   1 2py     1 2py     1 2py     1 2py     1 2py     1 2py     1 2py     1 2py     1 2py     1 2py  
                                   1 2py     1 2py     1 2py     1 2py     1 2py     1 2py     1 2py     1 2py     1 2py     1 2py  
                                   1 2py     1 4f1-    1 4f3-    1 4f1-    1 4f3-    1 4f1-    1 4f3-    1 4f1-    1 4f3-    1 4f1- 
                                   1 4f3-    1 4f1-    1 4f3-    1 4f1-    1 4f3-    1 4f1-    1 4f3-    1 4f1-    1 4f3-    1 4f1- 
                                   1 4f3-    1 4f1-    1 4f3-    1 4f1-    1 4f3-    1 4f1-    1 4f3-    1 4f1-    1 4f3-    1 4f1- 
                                   1 4f3-    1 6h1-    1 6h3-    1 6h5-    1 6h1-    1 6h3-    1 6h5-    1 6h1-    1 6h3-    1 6h5- 


   1.3   2    -1.2301  -18.6968 -0.000000  0.000000 -0.000000  0.000000 -0.000000  0.000000 -0.000000  0.000000 -0.000000  0.000000
                                -0.000000  0.000000 -0.000000  0.000000 -0.000000  0.000000 -0.000000  0.000000 -0.000000  0.000000
                                -0.000000 -0.000000  0.000000 -0.000000  0.000000  0.000000 -0.000000 -0.000000  0.000000 -0.000000
                                 0.000000  0.000001  0.000004 -0.000008 -0.000026  0.000037  0.000114  0.000009  0.000029  0.013553
                                 0.041705  0.009102  0.028008  0.067177  0.206709  0.082355  0.253413  0.110067  0.338686  0.094948
                                 0.292164  0.046574  0.143314  0.006416  0.019744 -0.001435 -0.004417  0.000466  0.001435 -0.000124
                                -0.000383 -0.000000 -0.000000  0.000000  0.000000  0.000000 -0.000000 -0.000000 -0.000000  0.000000

   2.3   2    -1.2301  -18.6968  0.000000 -0.000000 -0.000000 -0.000000  0.000000 -0.000000  0.000000 -0.000000  0.000000 -0.000000
                                 0.000000 -0.000000  0.000000 -0.000000  0.000000 -0.000000  0.000000 -0.000000  0.000000 -0.000000
                                 0.000000  0.000000  0.000000 -0.000000  0.000000  0.000000 -0.000000 -0.000000  0.000000 -0.000000
                                 0.000000  0.000004 -0.000001 -0.000026  0.000008  0.000114 -0.000037  0.000029 -0.000009  0.041705
                                -0.013553  0.028008 -0.009102  0.206709 -0.067177  0.253413 -0.082355  0.338686 -0.110067  0.292164
                                -0.094948  0.143314 -0.046574  0.019744 -0.006416 -0.004417  0.001435  0.001435 -0.000466 -0.000383
                                 0.000124  0.000000  0.000000 -0.000000  0.000000 -0.000000  0.000000  0.000000  0.000000 -0.000000

   3.3   2    -2.6224  -18.7646  0.000000 -0.000000  0.000000 -0.000000  0.000000 -0.000000  0.000001 -0.000002  0.000006 -0.000020
                                 0.000059 -0.000164  0.000451 -0.001365  0.005048 -0.046032  0.121613 -0.248696  0.514885 -0.648486
                                 0.146378  0.678268  0.007545  0.380060  0.007466  0.024953 -0.001753 -0.007014 -0.000048  0.000047
                                -0.000014  0.000000  0.000000 -0.000000 -0.000000  0.000000  0.000000 -0.000000  0.000000  0.000000
                                 0.000000 -0.000000 -0.000000  0.000000  0.000000 -0.000000 -0.000000  0.000000  0.000000 -0.000000
                                -0.000000  0.000000 -0.000000 -0.000000  0.000000  0.000000  0.000000 -0.000000 -0.000000  0.000000
                                -0.000000  0.000000 -0.000000  0.000000 -0.000000  0.000000 -0.000000  0.000000 -0.000000  0.000000

   4.3   0    -0.2777   -4.6410 -0.000000  0.000000 -0.000000  0.000000 -0.000000  0.000000 -0.000000  0.000000 -0.000000  0.000000
                                -0.000000  0.000000 -0.000000  0.000000 -0.000000  0.000000 -0.000000  0.000000 -0.000000  0.000000
                                -0.000000  0.000000 -0.000000  0.000000 -0.000000  0.000000  0.000000  0.000000 -0.000000  0.000000
                                -0.000000  0.000000  0.000001 -0.000001 -0.000005  0.000005  0.000023 -0.000040 -0.000181 -0.000850
                                -0.003852 -0.001415 -0.006412 -0.005253 -0.023796 -0.007617 -0.034508 -0.008261 -0.037423 -0.006480
                                -0.029355  0.009246  0.041886  0.055846  0.252988  0.092500  0.419034  0.087004  0.394134  0.004219
                                 0.019114 -0.000000  0.000000 -0.000000  0.000000 -0.000000  0.000000 -0.000000  0.000000 -0.000000

   5.3   0    -0.2777   -4.6410  0.000000 -0.000000  0.000000 -0.000000  0.000000 -0.000000  0.000000 -0.000000  0.000000 -0.000000
                                 0.000000 -0.000000  0.000000 -0.000000  0.000000 -0.000000  0.000000 -0.000000  0.000000  0.000000
                                 0.000000 -0.000000  0.000000 -0.000000 -0.000000  0.000000  0.000000  0.000000 -0.000000  0.000000
                                -0.000000 -0.000001  0.000000  0.000005 -0.000001 -0.000023  0.000005  0.000181 -0.000040  0.003852
                                -0.000850  0.006412 -0.001415  0.023796 -0.005253  0.034508 -0.007617  0.037423 -0.008261  0.029355
                                -0.006480 -0.041886  0.009246 -0.252988  0.055846 -0.419034  0.092500 -0.394134  0.087004 -0.019114
                                 0.004219  0.000000  0.000000 -0.000000 -0.000000 -0.000000  0.000000 -0.000000  0.000000 -0.000000

                                   1 3d2-    1 3d2-    1 3d2-    1 3d2-    1 3d2-    1 3d2-    1 3d2-    1 3d2-    1 3d2-    1 3d2- 
                                   1 3d2-    1 3d2-    1 3d2-    1 3d2-    1 3d2-    1 3d2-    1 3d2-    1 3d2-    1 3d2-    1 3d2- 
                                   1 3d2-    1 3d2-    1 5g2-    1 5g4-    1 5g2-    1 5g4-    1 5g2-    1 5g4-    1 5g2-    1 5g4- 
                                   1 5g2-    1 5g4-    1 5g2-    1 5g4-    1 5g2-    1 5g4- 

   1.4   0    -0.9050  -13.1035  0.000000 -0.000001  0.000006 -0.000026  0.000092 -0.000293  0.000891 -0.002912  0.015419 -0.039817
                                 0.037922 -0.019725 -0.066591  0.393620  0.565219  0.272490 -0.195847  0.270989 -0.127119  0.023568
                                -0.008284  0.002187  0.000000 -0.000000 -0.000000  0.000000  0.000000  0.000000  0.000000  0.000000
                                -0.000000 -0.000000  0.000000 -0.000000 -0.000000  0.000000

   2.4   0    -0.3590   -5.3549 -0.000000  0.000000 -0.000003  0.000012 -0.000041  0.000131 -0.000398  0.001295 -0.006805  0.017495
                                -0.016696  0.009306  0.021690 -0.145630 -0.247874  0.030048  0.997866 -0.528072  0.588708 -0.028260
                                 0.016589 -0.004626 -0.000000 -0.000000  0.000000 -0.000000 -0.000000 -0.000000 -0.000000 -0.000000
                                -0.000000 -0.000000 -0.000000 -0.000000 -0.000000 -0.000000

                                   1 2pz     1 2pz     1 2pz     1 2pz     1 2pz     1 2pz     1 2pz     1 2pz     1 2pz     1 2pz  
                                   1 2pz     1 2pz     1 2pz     1 2pz     1 2pz     1 2pz     1 2pz     1 2pz     1 2pz     1 2pz  
                                   1 2pz     1 2pz     1 2pz     1 2pz     1 2pz     1 2pz     1 2pz     1 2pz     1 2pz     1 2pz  
                                   1 2pz     1 4f0     1 4f2+    1 4f0     1 4f2+    1 4f0     1 4f2+    1 4f0     1 4f2+    1 4f0  
                                   1 4f2+    1 4f0     1 4f2+    1 4f0     1 4f2+    1 4f0     1 4f2+    1 4f0     1 4f2+    1 4f0  
                                   1 4f2+    1 4f0     1 4f2+    1 4f0     1 4f2+    1 4f0     1 4f2+    1 4f0     1 4f2+    1 4f0  
                                   1 4f2+    1 6h2+    1 6h4+    1 6h0     1 6h2+    1 6h4+    1 6h0     1 6h2+    1 6h4+    1 6h0  


   1.5   2    -1.2301  -18.6968 -0.000000  0.000000 -0.000000  0.000000 -0.000000  0.000000 -0.000000  0.000000 -0.000000  0.000000
                                -0.000000  0.000000 -0.000000  0.000000 -0.000000  0.000000 -0.000000  0.000000 -0.000000  0.000000
                                 0.000000 -0.000000  0.000000 -0.000000 -0.000000  0.000000  0.000000  0.000000 -0.000000  0.000000
                                -0.000000  0.000003  0.000003 -0.000017 -0.000021  0.000074  0.000094  0.000019  0.000024  0.027229
                                 0.034374  0.018287  0.023085  0.134960  0.170374  0.165453  0.208868  0.221127  0.279152  0.190753
                                 0.240808  0.093569  0.118122  0.012891  0.016273 -0.002884 -0.003641  0.000937  0.001182 -0.000250
                                -0.000316  0.000000 -0.000000  0.000000  0.000000 -0.000000  0.000000  0.000000  0.000000 -0.000000

   2.5   2    -1.2301  -18.6968 -0.000000  0.000000 -0.000000  0.000000 -0.000000  0.000000 -0.000000  0.000000 -0.000000  0.000000
                                -0.000000  0.000000 -0.000000  0.000000 -0.000000  0.000000 -0.000000  0.000000 -0.000000  0.000000
                                 0.000000 -0.000000  0.000000 -0.000000 -0.000000  0.000000  0.000000  0.000000 -0.000000  0.000000
                                -0.000000  0.000003 -0.000003 -0.000021  0.000017  0.000094 -0.000074  0.000024 -0.000019  0.034374
                                -0.027229  0.023085 -0.018287  0.170374 -0.134960  0.208868 -0.165453  0.279152 -0.221127  0.240808
                                -0.190753  0.118122 -0.093569  0.016273 -0.012891 -0.003641  0.002884  0.001182 -0.000937 -0.000316
                                 0.000250 -0.000000  0.000000  0.000000 -0.000000  0.000000  0.000000  0.000000 -0.000000 -0.000000

   3.5   2    -2.6224  -18.7646  0.000000 -0.000000  0.000000 -0.000000  0.000000 -0.000000  0.000001 -0.000002  0.000006 -0.000020
                                 0.000059 -0.000164  0.000451 -0.001365  0.005048 -0.046032  0.121613 -0.248696  0.514885 -0.648486
                                 0.146378  0.678268  0.007545  0.380060  0.007466  0.024953 -0.001753 -0.007014 -0.000048  0.000047
                                -0.000014 -0.000000 -0.000000  0.000000  0.000000 -0.000000 -0.000000  0.000000  0.000000  0.000000
                                -0.000000 -0.000000  0.000000  0.000000 -0.000000  0.000000  0.000000 -0.000000 -0.000000 -0.000000
                                 0.000000  0.000000 -0.000000 -0.000000 -0.000000  0.000000 -0.000000 -0.000000 -0.000000  0.000000
                                -0.000000 -0.000000 -0.000000  0.000000 -0.000000  0.000000  0.000000  0.000000 -0.000000 -0.000000

   4.5   0    -0.2777   -4.6410  0.000000 -0.000000  0.000000 -0.000000  0.000000 -0.000000  0.000000 -0.000000  0.000000 -0.000000
                                 0.000000 -0.000000  0.000000 -0.000000  0.000000 -0.000000  0.000000 -0.000000  0.000000  0.000000
                                 0.000000 -0.000000  0.000000 -0.000001 -0.000016  0.000001  0.000001  0.000014 -0.000001  0.000000
                                -0.000000  0.000000  0.000001 -0.000001 -0.000005  0.000006  0.000023 -0.000048 -0.000179 -0.001016
                                -0.003811 -0.001692 -0.006344 -0.006280 -0.023546 -0.009106 -0.034145 -0.009876 -0.037030 -0.007747
                                -0.029047  0.011053  0.041446  0.066761  0.250329  0.110578  0.414630  0.104008  0.389992  0.005044
                                 0.018913 -0.000000  0.000000 -0.000000  0.000000 -0.000000 -0.000000 -0.000000 -0.000000  0.000000

   5.5   0    -0.2777   -4.6410  0.000000 -0.000000  0.000000 -0.000000  0.000000  0.000000 -0.000000 -0.000000  0.000000 -0.000000
                                 0.000000 -0.000000  0.000000 -0.000000  0.000000 -0.000000  0.000000 -0.000000  0.000000 -0.000000
                                 0.000000  0.000000 -0.000000  0.000000 -0.000000 -0.000000 -0.000000  0.000000 -0.000000  0.000000
                                -0.000000  0.000001 -0.000000 -0.000005  0.000001  0.000023 -0.000006 -0.000179  0.000048 -0.003811
                                 0.001016 -0.006344  0.001692 -0.023546  0.006280 -0.034145  0.009106 -0.037030  0.009876 -0.029047
                                 0.007747  0.041446 -0.011053  0.250329 -0.066761  0.414631 -0.110579  0.389992 -0.104008  0.018913
                                -0.005044 -0.000000  0.000000 -0.000000  0.000000 -0.000000 -0.000000 -0.000000  0.000000  0.000000

                                   1 3d1+    1 3d1+    1 3d1+    1 3d1+    1 3d1+    1 3d1+    1 3d1+    1 3d1+    1 3d1+    1 3d1+ 
                                   1 3d1+    1 3d1+    1 3d1+    1 3d1+    1 3d1+    1 3d1+    1 3d1+    1 3d1+    1 3d1+    1 3d1+ 
                                   1 3d1+    1 3d1+    1 5g1+    1 5g3+    1 5g1+    1 5g3+    1 5g1+    1 5g3+    1 5g1+    1 5g3+ 
                                   1 5g1+    1 5g3+    1 5g1+    1 5g3+    1 5g1+    1 5g3+ 

   1.6   0    -0.9050  -13.1035  0.000000 -0.000001  0.000006 -0.000026  0.000092 -0.000293  0.000891 -0.002912  0.015419 -0.039817
                                 0.037922 -0.019725 -0.066591  0.393620  0.565219  0.272490 -0.195847  0.270989 -0.127119  0.023568
                                -0.008284  0.002187 -0.000000  0.000000  0.000000 -0.000000  0.000000  0.000000  0.000000  0.000000
                                -0.000000 -0.000000  0.000000 -0.000000 -0.000000 -0.000000

   2.6   0    -0.3590   -5.3549 -0.000000  0.000000 -0.000003  0.000012 -0.000041  0.000131 -0.000398  0.001295 -0.006805  0.017495
                                -0.016696  0.009306  0.021690 -0.145630 -0.247874  0.030048  0.997866 -0.528072  0.588708 -0.028260
                                 0.016589 -0.004626  0.000000 -0.000000 -0.000000  0.000000 -0.000000 -0.000000 -0.000000 -0.000000
                                 0.000000 -0.000000 -0.000000 -0.000000  0.000000 -0.000000

                                   1 3d1-    1 3d1-    1 3d1-    1 3d1-    1 3d1-    1 3d1-    1 3d1-    1 3d1-    1 3d1-    1 3d1- 
                                   1 3d1-    1 3d1-    1 3d1-    1 3d1-    1 3d1-    1 3d1-    1 3d1-    1 3d1-    1 3d1-    1 3d1- 
                                   1 3d1-    1 3d1-    1 5g1-    1 5g3-    1 5g1-    1 5g3-    1 5g1-    1 5g3-    1 5g1-    1 5g3- 
                                   1 5g1-    1 5g3-    1 5g1-    1 5g3-    1 5g1-    1 5g3- 

   1.7   0    -0.9050  -13.1035  0.000000 -0.000001  0.000006 -0.000026  0.000092 -0.000293  0.000891 -0.002912  0.015419 -0.039817
                                 0.037922 -0.019725 -0.066591  0.393620  0.565219  0.272490 -0.195847  0.270989 -0.127119  0.023568
                                -0.008284  0.002187 -0.000000  0.000000  0.000000  0.000000  0.000000  0.000000 -0.000000 -0.000000
                                 0.000000  0.000000 -0.000000 -0.000000  0.000000  0.000000

   2.7   0    -0.3590   -5.3549 -0.000000  0.000000 -0.000003  0.000012 -0.000041  0.000131 -0.000398  0.001295 -0.006805  0.017495
                                -0.016696  0.009306  0.021690 -0.145630 -0.247874  0.030048  0.997866 -0.528072  0.588708 -0.028260
                                 0.016589 -0.004626  0.000000 -0.000000 -0.000000 -0.000000 -0.000000 -0.000000  0.000000  0.000000
                                -0.000000 -0.000000 -0.000000 -0.000000 -0.000000  0.000000

                                   1 4f2-    1 4f2-    1 4f2-    1 4f2-    1 4f2-    1 4f2-    1 4f2-    1 4f2-    1 4f2-    1 4f2- 
                                   1 4f2-    1 4f2-    1 4f2-    1 4f2-    1 4f2-    1 6h4-    1 6h2-    1 6h4-    1 6h2-    1 6h4- 
                                   1 6h2- 

   1.8   2    -1.2301  -18.6968  0.000004 -0.000027  0.000120  0.000031  0.043852  0.029450  0.217351  0.266459  0.356122  0.307205
                                 0.150692  0.020760 -0.004645  0.001509 -0.000403 -0.000000  0.000000 -0.000000  0.000000  0.000000
                                 0.000000

   2.8   0    -0.2777   -4.6410  0.000001 -0.000005  0.000024 -0.000185 -0.003944 -0.006566 -0.024369 -0.035339 -0.038324 -0.030062
                                 0.042895  0.259078  0.429122  0.403623  0.019574 -0.000000 -0.000000  0.000000  0.000000 -0.000000
                                -0.000000

   3.8   0    -0.1777   -2.9876 -0.000001  0.000005 -0.000024  0.000171  0.003027  0.005646  0.019441  0.028882  0.030324  0.023407
                                -0.044037 -0.264084 -0.381905  0.147415  0.901051  0.000000  0.000000 -0.000000 -0.000000  0.000000
                                 0.000000

 HOMO      1.8    -1.230101 =     -33.4727eV
 LUMO      2.1    -0.904957 =     -24.6251eV
 LUMO-HOMO         0.325143 =       8.8476eV


 **********************************************************************************************************************************
 DATASETS  * FILE   NREC   LENGTH (MB)   RECORD NAMES
              1      19       21.31       500      610      700      900      950      970     1000      129      960     1100   
                                          VAR    BASINP    GEOM    SYMINP    ZMAT    AOBASIS   BASIS     P2S    ABASIS      S 
                                         1400     1410     1420     1200     1210     1080     1600     1650     1700   
                                           T        V       ECP      H0       H01     AOSYM     SMH    MOLCAS    OPER   

              2       5        6.01       200      700     1000      520     4202   
                                        OPTIONS   GEOM     BASIS   MCVARS     RHF  

 PROGRAMS   *        TOTAL       RHF       INT
 CPU TIMES  *       161.80      1.98    159.54
 REAL TIME  *       174.67 SEC
 DISK USED  *         8.09 GB      
 SF USED    *         0.12 MB      
 GA USED    *         0.00 MB       (max)       0.00 MB       (current)
 **********************************************************************************************************************************


 PROGRAM * RHF-SCF (OPEN SHELL)       Authors: W. Meyer, H.-J. Werner


 NUMBER OF ELECTRONS:      12+   11-    SPACE SYMMETRY=2    SPIN SYMMETRY: Doublet 
 CONVERGENCE THRESHOLDS:    1.00E-05 (Density)    1.00E-07 (Energy)
 MAX. NUMBER OF ITERATIONS:       60
 INTERPOLATION TYPE:            DIIS
 INTERPOLATION STEPS:              2 (START)      1 (STEP)
 LEVEL SHIFTS:                 -0.60 (CLOSED) -0.30 (OPEN) 

 Number of closed-shell orbitals:   11 (   1   3   3   0   3   0   0   1 )
 Number of open-shell orbitals:      1 (   0   1   0   0   0   0   0   0 )


 Molecular orbitals read from record     4202.2  Type=RHF/CANONICAL (state 1.1)

 Molecular orbital dump at record        2122.2

 ITERATION    DDIFF          GRAD             ENERGY        2-EL.EN.            DIPOLE MOMENTS         DIIS   ORB.
    1      0.000D+00      0.000D+00      -209.21718588    345.156844    0.00000    0.00000    0.00000    0    start
    2      0.000D+00      0.386D-03      -209.21724855    344.915790    0.00000    0.00000    0.00000    1    diag,B
    3      0.102D-03      0.300D-03      -209.21727236    345.028930    0.00000    0.00000    0.00000    2    fixocc
    4      0.493D-04      0.772D-04      -209.21728034    345.009042    0.00000    0.00000    0.00000    3    diag,B
    5      0.536D-04      0.275D-04      -209.21728377    345.008129    0.00000    0.00000    0.00000    4    diag,B
    6      0.647D-04      0.159D-04      -209.21729136    345.009064    0.00000    0.00000    0.00000    5    diag,B
    7      0.626D-04      0.294D-04      -209.21728228    345.009330    0.00000    0.00000    0.00000    6    diag,B
    8      0.948D-04      0.568D-05      -209.21728236    345.010533    0.00000    0.00000    0.00000    7    orth
    9      0.211D-04      0.176D-05      -209.21728237    345.011152    0.00000    0.00000    0.00000    8    diag,B
   10      0.559D-05      0.504D-06      -209.21728238    345.011254    0.00000    0.00000    0.00000    0    orth

 Final alpha occupancy:   1   4   3   0   3   0   0   1
 Final beta  occupancy:   1   3   3   0   3   0   0   1

 !RHF STATE 1.2 Energy               -209.217282376513
 Nuclear energy                         0.00000000
 One-electron energy                 -381.72290932
 Two-electron energy                  172.50562694
 Virial quotient                       -1.20734223
 !RHF STATE 1.2 Dipole moment           0.00000000     0.00000000     0.00000000
 Dipole moment /Debye                   0.00000000     0.00000000     0.00000000

 ELECTRON ORBITALS
 =================


   Orb  Occ    Energy  Couls-En    Coefficients

                                   1 1s      1 1s      1 1s      1 1s      1 1s      1 1s      1 1s      1 1s      1 1s      1 1s   
                                   1 1s      1 1s      1 1s      1 1s      1 1s      1 1s      1 1s      1 1s      1 1s      1 1s   
                                   1 1s      1 1s      1 1s      1 1s      1 1s      1 1s      1 1s      1 1s      1 1s      1 1s   
                                   1 1s      1 1s      1 1s      1 1s      1 1s      1 1s      1 1s      1 1s      1 3d0     1 3d2+ 
                                   1 3d0     1 3d2+    1 3d0     1 3d2+    1 3d0     1 3d2+    1 3d0     1 3d2+    1 3d0     1 3d2+ 
                                   1 3d0     1 3d2+    1 3d0     1 3d2+    1 3d0     1 3d2+    1 3d0     1 3d2+    1 3d0     1 3d2+ 
                                   1 3d0     1 3d2+    1 3d0     1 3d2+    1 3d0     1 3d2+    1 3d0     1 3d2+    1 3d0     1 3d2+ 
                                   1 3d0     1 3d2+    1 3d0     1 3d2+    1 3d0     1 3d2+    1 3d0     1 3d2+    1 3d0     1 3d2+ 
                                   1 3d0     1 3d2+    1 5g0     1 5g4+    1 5g2+    1 5g0     1 5g4+    1 5g2+    1 5g0     1 5g4+ 
                                   1 5g2+    1 5g0     1 5g4+    1 5g2+    1 5g0     1 5g4+    1 5g2+    1 5g0     1 5g4+    1 5g2+ 
                                   1 5g0     1 5g4+    1 5g2+ 

   1.1   2    -3.5628  -21.5852  0.000000 -0.000000  0.000000 -0.000000  0.000000 -0.000000  0.000000 -0.000001  0.000002 -0.000005
                                 0.000013 -0.000034  0.000094 -0.000310  0.001748  0.005748 -0.004148  0.006343 -0.012512 -0.005425
                                 0.035080 -0.187788  0.224788 -0.128861  0.460195 -1.047321  0.059059  1.000093  0.355467  0.024130
                                -0.018877  0.032753 -0.051375  0.039256 -0.015747  0.006127 -0.001591  0.000284  0.000000 -0.000000
                                -0.000000  0.000000  0.000000 -0.000000 -0.000000  0.000000  0.000000 -0.000000 -0.000000  0.000000
                                 0.000001 -0.000000 -0.000004  0.000001  0.000023 -0.000004 -0.000061  0.000010  0.000063 -0.000011
                                -0.000056  0.000010 -0.000043  0.000008  0.000501 -0.000088  0.000689 -0.000121 -0.000047  0.000009
                                 0.000186 -0.000034 -0.000283  0.000052  0.000145 -0.000027 -0.000030  0.000005  0.000011 -0.000002
                                -0.000003  0.000001 -0.000000 -0.000000  0.000000  0.000001  0.000001 -0.000001 -0.000009 -0.000005
                                 0.000005 -0.000059 -0.000031  0.000033  0.000057  0.000030 -0.000031 -0.000019 -0.000010  0.000010
                                 0.000007  0.000003 -0.000004

   2.1   0    -0.7274  -12.8863 -0.000000  0.000000 -0.000000  0.000000 -0.000000  0.000000 -0.000000  0.000000 -0.000000  0.000000
                                -0.000000  0.000000 -0.000000  0.000001 -0.000006 -0.000021  0.000015 -0.000023  0.000047  0.000019
                                -0.000134  0.000606 -0.000517  0.000128 -0.003663  0.010611 -0.001445 -0.011787 -0.013371  0.004764
                                 0.021367  0.006010 -0.005464  0.003353 -0.001407  0.000576 -0.000158  0.000029  0.000000  0.000000
                                -0.000001 -0.000000  0.000006  0.000000 -0.000026 -0.000002  0.000091  0.000006 -0.000291 -0.000019
                                 0.000883  0.000057 -0.002887 -0.000186  0.015287  0.000982 -0.039477 -0.002535  0.037597  0.002414
                                -0.019544 -0.001256 -0.066127 -0.004219  0.390502  0.024941  0.560208  0.035886  0.275837  0.017601
                                -0.185309 -0.013306  0.265135  0.018060 -0.125357 -0.008745  0.023688  0.001598 -0.008434 -0.000571
                                 0.002247  0.000152  0.000007  0.000000 -0.000000 -0.000023 -0.000001  0.000002  0.000273  0.000003
                                -0.000018  0.003111  0.000034 -0.000192 -0.000762 -0.000186  0.000125  0.001068 -0.000365  0.000045
                                -0.000388 -0.000177  0.000077

   3.1   0    -0.7236  -12.8686  0.000000 -0.000000  0.000000 -0.000000  0.000000 -0.000000  0.000000 -0.000000  0.000000 -0.000000
                                 0.000000 -0.000000  0.000000 -0.000000  0.000002  0.000005 -0.000004  0.000006 -0.000012 -0.000005
                                 0.000033 -0.000150  0.000128 -0.000032  0.000905 -0.002623  0.000357  0.002916  0.003302 -0.001199
                                -0.005184 -0.001630  0.001411 -0.000863  0.000358 -0.000145  0.000040 -0.000007 -0.000000  0.000000
                                 0.000000 -0.000001 -0.000000  0.000006  0.000002 -0.000025 -0.000006  0.000091  0.000018 -0.000288
                                -0.000055  0.000876  0.000180 -0.002866 -0.000954  0.015181  0.002464 -0.039217 -0.002348  0.037358
                                 0.001218 -0.019405  0.004190 -0.066224 -0.024690  0.390632 -0.035230  0.559101 -0.017219  0.272172
                                 0.009242 -0.169960 -0.014784  0.252120  0.006618 -0.116645 -0.001343  0.022628  0.000474 -0.008024
                                -0.000126  0.002137 -0.000001 -0.000001  0.000005  0.000004  0.000013 -0.000019 -0.000031 -0.000057
                                 0.000195 -0.000348 -0.000408  0.002229  0.000340  0.002641 -0.001244  0.000396  0.004533 -0.000668
                                 0.000281  0.002182 -0.000935

                                   1 2px     1 2px     1 2px     1 2px     1 2px     1 2px     1 2px     1 2px     1 2px     1 2px  
                                   1 2px     1 2px     1 2px     1 2px     1 2px     1 2px     1 2px     1 2px     1 2px     1 2px  
                                   1 2px     1 2px     1 2px     1 2px     1 2px     1 2px     1 2px     1 2px     1 2px     1 2px  
                                   1 2px     1 4f1+    1 4f3+    1 4f1+    1 4f3+    1 4f1+    1 4f3+    1 4f1+    1 4f3+    1 4f1+ 
                                   1 4f3+    1 4f1+    1 4f3+    1 4f1+    1 4f3+    1 4f1+    1 4f3+    1 4f1+    1 4f3+    1 4f1+ 
                                   1 4f3+    1 4f1+    1 4f3+    1 4f1+    1 4f3+    1 4f1+    1 4f3+    1 4f1+    1 4f3+    1 4f1+ 
                                   1 4f3+    1 6h1+    1 6h3+    1 6h5+    1 6h1+    1 6h3+    1 6h5+    1 6h1+    1 6h3+    1 6h5+ 


   1.2   2    -2.4386  -18.5809  0.000000 -0.000000  0.000000 -0.000000  0.000000 -0.000000  0.000001 -0.000002  0.000006 -0.000020
                                 0.000059 -0.000164  0.000451 -0.001366  0.005053 -0.046074  0.121716 -0.248875  0.515097 -0.648607
                                 0.146376  0.678156  0.008263  0.379260  0.004417  0.025111 -0.001501 -0.003978 -0.000119  0.000078
                                -0.000020 -0.000000  0.000000  0.000000 -0.000000 -0.000000  0.000000  0.000002 -0.000000  0.000011
                                -0.000001  0.000038 -0.000008  0.000100 -0.000017  0.000157 -0.000029  0.000251 -0.000046  0.000507
                                -0.000102  0.000659 -0.000146 -0.000064  0.000013  0.000030 -0.000021 -0.000022 -0.000008  0.000008
                                -0.000003 -0.000001 -0.000000  0.000006  0.000000  0.000001 -0.000006 -0.000032  0.000017 -0.000026

   2.2   2    -1.0488  -18.5281  0.000000 -0.000000  0.000000 -0.000000  0.000000 -0.000000  0.000000 -0.000000  0.000000 -0.000000
                                 0.000000 -0.000000  0.000001 -0.000002  0.000006 -0.000058  0.000152 -0.000309  0.000678 -0.000876
                                 0.000165  0.000988  0.000255  0.000542  0.002961 -0.001521 -0.000213 -0.002879  0.000046 -0.000018
                                 0.000004 -0.000001  0.000004  0.000010 -0.000025 -0.000044  0.000111 -0.000011  0.000031 -0.016039
                                 0.040876 -0.010766  0.027499 -0.079487  0.202630 -0.097441  0.248470 -0.130231  0.331828 -0.112294
                                 0.285705 -0.055074  0.138533 -0.007895  0.018876  0.001674 -0.003608 -0.000587  0.001299  0.000154
                                -0.000309 -0.000025  0.000034 -0.000010 -0.000002  0.000001 -0.000000 -0.000214  0.000320 -0.000107

   3.2   2    -1.0479  -18.5060 -0.000000  0.000000 -0.000000  0.000000 -0.000000  0.000000 -0.000000  0.000000 -0.000000  0.000000
                                -0.000000  0.000000 -0.000001  0.000002 -0.000009  0.000085 -0.000224  0.000461 -0.001026  0.001329
                                -0.000233 -0.001526 -0.000340 -0.000889 -0.005106  0.002269  0.000434  0.004987 -0.000085  0.000033
                                -0.000007  0.000004  0.000001 -0.000025 -0.000010  0.000112  0.000044  0.000026  0.000011  0.040787
                                 0.016048  0.027344  0.010783  0.202110  0.079542  0.247716  0.097519  0.331239  0.130299  0.285889
                                 0.112295  0.141057  0.054777  0.020796  0.007677 -0.004563 -0.001555  0.001592  0.000530 -0.000436
                                -0.000140  0.000062  0.000006 -0.000009  0.000008 -0.000000 -0.000001  0.000490  0.000065 -0.000019

   4.2   +    -0.2779   -4.6454  0.000000 -0.000000  0.000000 -0.000000  0.000000 -0.000000  0.000000 -0.000000  0.000000 -0.000000
                                 0.000000 -0.000000  0.000000 -0.000000  0.000001 -0.000007  0.000018 -0.000034  0.000062 -0.000074
                                 0.000023  0.000062  0.000019  0.000021 -0.002881  0.000057 -0.000071  0.002699 -0.000041  0.000016
                                -0.000003 -0.000000  0.000001  0.000001 -0.000005 -0.000004  0.000024  0.000032 -0.000184  0.000672
                                -0.003890  0.001117 -0.006497  0.004147 -0.024055  0.006012 -0.034909  0.006516 -0.037793  0.005094
                                -0.029544 -0.007317  0.042810 -0.043940  0.256460 -0.072552  0.422689 -0.068196  0.396974 -0.003289
                                 0.019072  0.000001 -0.000002  0.000001 -0.000003  0.000010 -0.000003  0.000008 -0.000024  0.000008

   5.2   0    -0.3911   -6.9896  0.000000 -0.000000  0.000000 -0.000000  0.000000 -0.000000  0.000000 -0.000000  0.000001 -0.000003
                                 0.000010 -0.000028  0.000076 -0.000229  0.000818 -0.005406  0.010227 -0.004412 -0.064644  0.150995
                                -0.029223 -0.335653  0.161230 -0.363795 -1.575577  0.368482  0.773805  1.685517 -0.057799  0.026309
                                -0.006012  0.000000 -0.000000 -0.000000  0.000000  0.000001 -0.000000 -0.000007  0.000001 -0.000121
                                 0.000012 -0.000219  0.000031 -0.000780  0.000091 -0.001141  0.000142 -0.001281  0.000152 -0.001328
                                 0.000186  0.000333 -0.000028  0.009070 -0.001155 -0.000347  0.001557 -0.001165  0.000837 -0.000169
                                 0.000010  0.000002 -0.000004  0.000024 -0.000032  0.000050 -0.000320  0.000076 -0.000119  0.000764

   6.2   0    -0.1738   -3.6645 -0.000000  0.000000 -0.000000  0.000000 -0.000000  0.000000 -0.000000  0.000001 -0.000002  0.000006
                                -0.000017  0.000049 -0.000133  0.000402 -0.001454  0.011114 -0.025131  0.034315  0.000255 -0.064365
                                 0.003104  0.245676 -0.182983  0.304519 -0.071866 -0.360948 -0.707847  0.958755  0.536434 -0.101638
                                 0.022374 -0.000000  0.000000  0.000000 -0.000000 -0.000000  0.000000  0.000002 -0.000003 -0.000024
                                -0.000057  0.000017 -0.000099 -0.000073 -0.000359 -0.000046 -0.000524 -0.000102 -0.000568  0.000067
                                -0.000471  0.000094  0.000545 -0.006739  0.004840  0.010467  0.004628  0.041944  0.000651  0.016043
                                -0.001187  0.000002 -0.000001  0.000003 -0.000015  0.000005  0.000011  0.000036 -0.000012 -0.000029

                                   1 2py     1 2py     1 2py     1 2py     1 2py     1 2py     1 2py     1 2py     1 2py     1 2py  
                                   1 2py     1 2py     1 2py     1 2py     1 2py     1 2py     1 2py     1 2py     1 2py     1 2py  
                                   1 2py     1 2py     1 2py     1 2py     1 2py     1 2py     1 2py     1 2py     1 2py     1 2py  
                                   1 2py     1 4f1-    1 4f3-    1 4f1-    1 4f3-    1 4f1-    1 4f3-    1 4f1-    1 4f3-    1 4f1- 
                                   1 4f3-    1 4f1-    1 4f3-    1 4f1-    1 4f3-    1 4f1-    1 4f3-    1 4f1-    1 4f3-    1 4f1- 
                                   1 4f3-    1 4f1-    1 4f3-    1 4f1-    1 4f3-    1 4f1-    1 4f3-    1 4f1-    1 4f3-    1 4f1- 
                                   1 4f3-    1 6h1-    1 6h3-    1 6h5-    1 6h1-    1 6h3-    1 6h5-    1 6h1-    1 6h3-    1 6h5- 


   1.3   2    -2.4394  -18.5809  0.000000 -0.000000  0.000000 -0.000000  0.000000 -0.000000  0.000001 -0.000002  0.000006 -0.000020
                                 0.000059 -0.000164  0.000451 -0.001365  0.005050 -0.046048  0.121652 -0.248765  0.514944 -0.648465
                                 0.146319  0.678139  0.007909  0.379588  0.005195  0.025236 -0.001557 -0.004751 -0.000102  0.000070
                                -0.000019 -0.000000  0.000000  0.000000 -0.000000 -0.000000  0.000000  0.000001 -0.000000  0.000011
                                -0.000003  0.000032 -0.000006  0.000093 -0.000021  0.000142 -0.000029  0.000227 -0.000047  0.000444
                                -0.000083  0.000559 -0.000092 -0.000042 -0.000002  0.000024 -0.000005 -0.000019  0.000002  0.000006
                                -0.000001 -0.000001  0.000001 -0.000007  0.000001 -0.000001  0.000007 -0.000019  0.000010 -0.000007

   2.3   2    -1.0482  -18.5037 -0.000000  0.000000 -0.000000  0.000000 -0.000000  0.000000 -0.000000  0.000000 -0.000000  0.000000
                                -0.000000  0.000000 -0.000001  0.000002 -0.000009  0.000083 -0.000220  0.000457 -0.001024  0.001327
                                -0.000221 -0.001540 -0.000311 -0.000928 -0.005288  0.002233  0.000497  0.005176 -0.000090  0.000036
                                -0.000008  0.000004  0.000000 -0.000027 -0.000001  0.000120  0.000006  0.000028  0.000001  0.043769
                                 0.002131  0.029342  0.001429  0.216887  0.010562  0.265827  0.012945  0.355457  0.017309  0.306793
                                 0.014938  0.151442  0.007372  0.022341  0.001088 -0.004940 -0.000238  0.001715  0.000083 -0.000471
                                -0.000023  0.000059 -0.000004  0.000004  0.000010 -0.000003 -0.000002  0.000469 -0.000024 -0.000003

   3.3   2    -1.0457  -18.5118  0.000000 -0.000000  0.000000 -0.000000  0.000000 -0.000000  0.000000 -0.000000  0.000000 -0.000000
                                 0.000000 -0.000000  0.000000 -0.000000  0.000002 -0.000018  0.000048 -0.000101  0.000231 -0.000298
                                 0.000039  0.000354  0.000052  0.000235  0.001252 -0.000462 -0.000165 -0.001234  0.000023 -0.000009
                                 0.000002 -0.000000  0.000004  0.000001 -0.000027 -0.000006  0.000120 -0.000001  0.000030 -0.002133
                                 0.043800 -0.001432  0.029405 -0.010569  0.217074 -0.012956  0.266098 -0.017321  0.355719 -0.014948
                                 0.306973 -0.007318  0.150248 -0.001024  0.021034  0.000220 -0.004455 -0.000072  0.001470  0.000019
                                -0.000393 -0.000004  0.000040 -0.000013  0.000000  0.000000 -0.000000 -0.000035  0.000315 -0.000106

   4.3   0    -0.3921   -6.9956  0.000000 -0.000000  0.000000 -0.000000  0.000000 -0.000000  0.000000 -0.000000  0.000001 -0.000004
                                 0.000010 -0.000028  0.000078 -0.000235  0.000840 -0.005579  0.010637 -0.005067 -0.063962  0.150678
                                -0.028925 -0.337120  0.163659 -0.366090 -1.633042  0.369228  0.777005  1.739729 -0.058807  0.026709
                                -0.006098  0.000000 -0.000000 -0.000000  0.000000  0.000001 -0.000000 -0.000006  0.000002 -0.000127
                                 0.000036 -0.000217  0.000057 -0.000800  0.000219 -0.001159  0.000313 -0.001309  0.000356 -0.001307
                                 0.000332  0.000391 -0.000150  0.009204 -0.002495  0.002222 -0.002025 -0.000008 -0.000683 -0.000193
                                 0.000068 -0.000000  0.000003 -0.000024  0.000000 -0.000035  0.000310 -0.000000  0.000083 -0.000738

   5.3   0    -0.1750   -3.6691 -0.000000  0.000000 -0.000000  0.000000 -0.000000  0.000000 -0.000000  0.000001 -0.000002  0.000006
                                -0.000018  0.000049 -0.000135  0.000405 -0.001466  0.011210 -0.025361  0.034697 -0.000231 -0.063985
                                 0.002887  0.246140 -0.184300  0.305489  0.020093 -0.360371 -0.712470  0.876381  0.530665 -0.102242
                                 0.022411 -0.000000 -0.000000  0.000000  0.000000 -0.000000 -0.000000 -0.000001  0.000001 -0.000076
                                 0.000029 -0.000065  0.000031 -0.000390  0.000157 -0.000500  0.000209 -0.000605  0.000247 -0.000341
                                 0.000162  0.000503 -0.000177 -0.003249 -0.000046  0.015648 -0.004704  0.045493 -0.010684  0.015646
                                -0.003353  0.000001 -0.000000 -0.000001 -0.000012  0.000008 -0.000025  0.000029 -0.000020  0.000062

                                   1 3d2-    1 3d2-    1 3d2-    1 3d2-    1 3d2-    1 3d2-    1 3d2-    1 3d2-    1 3d2-    1 3d2- 
                                   1 3d2-    1 3d2-    1 3d2-    1 3d2-    1 3d2-    1 3d2-    1 3d2-    1 3d2-    1 3d2-    1 3d2- 
                                   1 3d2-    1 3d2-    1 5g2-    1 5g4-    1 5g2-    1 5g4-    1 5g2-    1 5g4-    1 5g2-    1 5g4- 
                                   1 5g2-    1 5g4-    1 5g2-    1 5g4-    1 5g2-    1 5g4- 

   1.4   0    -0.7234  -12.8755  0.000000 -0.000001  0.000006 -0.000025  0.000091 -0.000289  0.000879 -0.002875  0.015232 -0.039347
                                 0.037481 -0.019471 -0.066400  0.391705  0.560832  0.272782 -0.173545  0.255110 -0.118509  0.022861
                                -0.008112  0.002160  0.000005 -0.000001 -0.000016 -0.000004  0.000189 -0.000045  0.002205 -0.000770
                                -0.000602 -0.002158  0.000525 -0.004509 -0.000381 -0.001830

   2.4   0    -0.2265   -4.8566 -0.000000  0.000000 -0.000002  0.000010 -0.000035  0.000112 -0.000339  0.001106 -0.005828  0.015013
                                -0.014342  0.007942  0.019940 -0.131104 -0.216601  0.001178  0.784994 -0.458030  0.682716  0.059392
                                 0.007551 -0.002260 -0.000000 -0.000007  0.000004  0.000039 -0.000013 -0.000224 -0.000757 -0.000878
                                 0.001200 -0.010017  0.005948 -0.038197  0.008165 -0.068535

                                   1 2pz     1 2pz     1 2pz     1 2pz     1 2pz     1 2pz     1 2pz     1 2pz     1 2pz     1 2pz  
                                   1 2pz     1 2pz     1 2pz     1 2pz     1 2pz     1 2pz     1 2pz     1 2pz     1 2pz     1 2pz  
                                   1 2pz     1 2pz     1 2pz     1 2pz     1 2pz     1 2pz     1 2pz     1 2pz     1 2pz     1 2pz  
                                   1 2pz     1 4f0     1 4f2+    1 4f0     1 4f2+    1 4f0     1 4f2+    1 4f0     1 4f2+    1 4f0  
                                   1 4f2+    1 4f0     1 4f2+    1 4f0     1 4f2+    1 4f0     1 4f2+    1 4f0     1 4f2+    1 4f0  
                                   1 4f2+    1 4f0     1 4f2+    1 4f0     1 4f2+    1 4f0     1 4f2+    1 4f0     1 4f2+    1 4f0  
                                   1 4f2+    1 6h2+    1 6h4+    1 6h0     1 6h2+    1 6h4+    1 6h0     1 6h2+    1 6h4+    1 6h0  


   1.5   2    -2.4427  -18.5808  0.000000 -0.000000  0.000000 -0.000000  0.000000 -0.000000  0.000001 -0.000002  0.000006 -0.000020
                                 0.000059 -0.000163  0.000450 -0.001361  0.005036 -0.045931  0.121368 -0.248282  0.514269 -0.647838
                                 0.146070  0.678070  0.006341  0.381035  0.008702  0.025798 -0.001806 -0.008233 -0.000025  0.000038
                                -0.000012 -0.000000  0.000000  0.000000 -0.000000 -0.000000  0.000000  0.000001 -0.000000  0.000016
                                -0.000003  0.000038 -0.000004  0.000123 -0.000017  0.000181 -0.000024  0.000292 -0.000038  0.000544
                                -0.000065  0.000650 -0.000066 -0.000020 -0.000006  0.000029 -0.000004 -0.000018  0.000001  0.000006
                                -0.000000  0.000001 -0.000001 -0.000002 -0.000001  0.000001  0.000002  0.000016 -0.000009 -0.000031

   2.5   2    -1.0483  -18.5033 -0.000000  0.000000 -0.000000  0.000000 -0.000000  0.000000 -0.000000  0.000000 -0.000000  0.000000
                                -0.000000  0.000000 -0.000001  0.000002 -0.000009  0.000089 -0.000239  0.000507 -0.001169  0.001527
                                -0.000220 -0.001839 -0.000253 -0.001207 -0.006966  0.002514  0.000769  0.006849 -0.000127  0.000051
                                -0.000011  0.000004  0.000001 -0.000027 -0.000005  0.000118  0.000024  0.000027  0.000006  0.042933
                                 0.008764  0.028780  0.005875  0.212746  0.043427  0.260749  0.053226  0.348674  0.071172  0.300949
                                 0.061428  0.148621  0.030331  0.021959  0.004484 -0.004876 -0.000990  0.001690  0.000345 -0.000465
                                -0.000095  0.000004  0.000001  0.000064 -0.000000 -0.000003  0.000011  0.000036  0.000000  0.000504

   3.5   2    -1.0472  -18.5071 -0.000000  0.000000 -0.000000  0.000000 -0.000000  0.000000 -0.000000  0.000000 -0.000000  0.000000
                                -0.000000  0.000000 -0.000000  0.000001 -0.000003  0.000028 -0.000075  0.000161 -0.000376  0.000490
                                -0.000061 -0.000597 -0.000065 -0.000411 -0.002302  0.000771  0.000296  0.002271 -0.000044  0.000018
                                -0.000004  0.000001 -0.000004 -0.000005  0.000027  0.000024 -0.000118  0.000006 -0.000028  0.008766
                                -0.042949  0.005880 -0.028809  0.043442 -0.212836  0.053248 -0.260879  0.071194 -0.348796  0.061442
                                -0.301002  0.030229 -0.148070  0.004378 -0.021454 -0.000951  0.004629  0.000325 -0.001594 -0.000088
                                 0.000432 -0.000054  0.000005  0.000017 -0.000004  0.000002  0.000000 -0.000450  0.000078  0.000139

   4.5   0    -0.3967   -7.0219  0.000000 -0.000000  0.000000 -0.000000  0.000000 -0.000000  0.000000 -0.000000  0.000001 -0.000004
                                 0.000011 -0.000032  0.000087 -0.000261  0.000938 -0.006363  0.012500 -0.008044 -0.060855  0.149223
                                -0.027570 -0.343738  0.174621 -0.376384 -1.902669  0.372476  0.791666  1.994569 -0.063490  0.028569
                                -0.006498  0.000000 -0.000000 -0.000000  0.000000  0.000001 -0.000000 -0.000009  0.000001 -0.000199
                                 0.000034 -0.000318  0.000051 -0.001224  0.000204 -0.001752  0.000288 -0.001994  0.000329 -0.001903
                                 0.000299  0.000673 -0.000142  0.013889 -0.002293  0.007755 -0.002262  0.001952 -0.000788 -0.000320
                                 0.000065  0.000002 -0.000003 -0.000002 -0.000025  0.000041  0.000018  0.000058 -0.000098 -0.000044

   5.5   0    -0.1803   -3.6858 -0.000000  0.000000 -0.000000  0.000000 -0.000000  0.000000 -0.000000  0.000001 -0.000002  0.000006
                                -0.000018  0.000050 -0.000139  0.000418 -0.001512  0.011588 -0.026276  0.036236 -0.002287 -0.062232
                                 0.001965  0.247530 -0.189439  0.308832  0.449067 -0.356513 -0.733020  0.488892  0.505627 -0.104277
                                 0.022500  0.000000 -0.000000 -0.000000  0.000000  0.000000 -0.000000 -0.000003  0.000001 -0.000164
                                 0.000037 -0.000180  0.000044 -0.000894  0.000204 -0.001197  0.000278 -0.001401  0.000321 -0.000931
                                 0.000227  0.001104 -0.000237 -0.000946 -0.000673  0.028596 -0.005422  0.066035 -0.010320  0.018887
                                -0.002695 -0.000001  0.000000  0.000002  0.000010 -0.000005 -0.000024 -0.000025  0.000013  0.000057

                                   1 3d1+    1 3d1+    1 3d1+    1 3d1+    1 3d1+    1 3d1+    1 3d1+    1 3d1+    1 3d1+    1 3d1+ 
                                   1 3d1+    1 3d1+    1 3d1+    1 3d1+    1 3d1+    1 3d1+    1 3d1+    1 3d1+    1 3d1+    1 3d1+ 
                                   1 3d1+    1 3d1+    1 5g1+    1 5g3+    1 5g1+    1 5g3+    1 5g1+    1 5g3+    1 5g1+    1 5g3+ 
                                   1 5g1+    1 5g3+    1 5g1+    1 5g3+    1 5g1+    1 5g3+ 

   1.6   0    -0.7257  -12.8938  0.000000 -0.000001  0.000006 -0.000026  0.000092 -0.000291  0.000885 -0.002894  0.015323 -0.039571
                                 0.037689 -0.019591 -0.066382  0.391936  0.562208  0.275208 -0.186730  0.266119 -0.125759  0.023746
                                -0.008453  0.002252  0.000007 -0.000001 -0.000023  0.000002  0.000270 -0.000034  0.003138 -0.000422
                                -0.000627 -0.000206  0.001238 -0.000692 -0.000312 -0.000190

   2.6   0    -0.2166   -4.8092 -0.000000  0.000000 -0.000002  0.000010 -0.000035  0.000110 -0.000333  0.001086 -0.005721  0.014730
                                -0.014068  0.007797  0.019314 -0.127231 -0.211679  0.001611  0.780380 -0.460000  0.687805  0.068968
                                 0.008159 -0.002321  0.000001 -0.000001 -0.000001  0.000005  0.000019 -0.000034 -0.000945 -0.000003
                                 0.003185 -0.001722  0.013192 -0.006438  0.022442 -0.012034

                                   1 3d1-    1 3d1-    1 3d1-    1 3d1-    1 3d1-    1 3d1-    1 3d1-    1 3d1-    1 3d1-    1 3d1- 
                                   1 3d1-    1 3d1-    1 3d1-    1 3d1-    1 3d1-    1 3d1-    1 3d1-    1 3d1-    1 3d1-    1 3d1- 
                                   1 3d1-    1 3d1-    1 5g1-    1 5g3-    1 5g1-    1 5g3-    1 5g1-    1 5g3-    1 5g1-    1 5g3- 
                                   1 5g1-    1 5g3-    1 5g1-    1 5g3-    1 5g1-    1 5g3- 

   1.7   0    -0.7264  -12.8920  0.000000 -0.000001  0.000006 -0.000026  0.000092 -0.000291  0.000885 -0.002894  0.015325 -0.039577
                                 0.037693 -0.019594 -0.066340  0.391730  0.561975  0.275705 -0.186696  0.266276 -0.125904  0.023768
                                -0.008462  0.002254  0.000006 -0.000001 -0.000020  0.000002  0.000240 -0.000028  0.002754 -0.000292
                                -0.000641  0.000108  0.000968 -0.000100 -0.000328  0.000036

   2.7   0    -0.2179   -4.8162 -0.000000  0.000000 -0.000002  0.000010 -0.000035  0.000110 -0.000334  0.001090 -0.005740  0.014778
                                -0.014112  0.007821  0.019343 -0.127449 -0.212108  0.000687  0.783298 -0.459432  0.686977  0.066694
                                 0.008213 -0.002353  0.000000  0.000000  0.000001 -0.000000  0.000007  0.000002 -0.000855  0.000099
                                 0.002473 -0.000266  0.010340 -0.000696  0.017266 -0.001382

                                   1 4f2-    1 4f2-    1 4f2-    1 4f2-    1 4f2-    1 4f2-    1 4f2-    1 4f2-    1 4f2-    1 4f2- 
                                   1 4f2-    1 4f2-    1 4f2-    1 4f2-    1 4f2-    1 6h4-    1 6h2-    1 6h4-    1 6h2-    1 6h4- 
                                   1 6h2- 

   1.8   2    -1.0473  -18.5067  0.000004 -0.000027  0.000120  0.000029  0.043834  0.029400  0.217220  0.266249  0.355977  0.307183
                                 0.151168  0.022014 -0.004731  0.001647 -0.000447 -0.000014  0.000054 -0.000002  0.000005 -0.000057
                                 0.000434

   2.8   0    -0.1450   -3.8488  0.000000 -0.000003  0.000014 -0.000120 -0.002950 -0.004521 -0.017737 -0.025292 -0.028001 -0.021890
                                 0.026615  0.166051  0.296076  0.481619  0.221983 -0.000011  0.000007  0.000131 -0.000108 -0.000318
                                 0.000260

   3.8   0    -0.0827   -2.6530  0.000000 -0.000001  0.000005  0.000026  0.003305  0.002818  0.016863  0.021650  0.026451  0.015272
                                -0.017438 -0.235207 -0.109474 -0.746444  1.334497  0.000007 -0.000007 -0.000091  0.000103  0.000222
                                -0.000254

 HOMO      4.2    -0.277940 =      -7.5631eV
 LUMO      2.1    -0.727411 =     -19.7939eV
 LUMO-HOMO        -0.449471 =     -12.2307eV


 **********************************************************************************************************************************
 DATASETS  * FILE   NREC   LENGTH (MB)   RECORD NAMES
              1      19       21.31       500      610      700      900      950      970     1000      129      960     1100   
                                          VAR    BASINP    GEOM    SYMINP    ZMAT    AOBASIS   BASIS     P2S    ABASIS      S 
                                         1400     1410     1420     1200     1210     1080     1600     1650     1700   
                                           T        V       ECP      H0       H01     AOSYM     SMH    MOLCAS    OPER   

              2       6        9.95       200      700     1000      520     4202     2122   
                                        OPTIONS   GEOM     BASIS   MCVARS     RHF      RHF  

 PROGRAMS   *        TOTAL       RHF       RHF       INT
 CPU TIMES  *       163.60      1.80      1.98    159.54
 REAL TIME  *       176.75 SEC
 DISK USED  *         8.15 GB      
 SF USED    *         0.12 MB      
 GA USED    *         0.00 MB       (max)       0.00 MB       (current)
 **********************************************************************************************************************************
 SETTING SCF(10)        =      -209.21728238  AU                              
 SETTING _CC_NORM_MAX   =         2.00000000                                  


 PROGRAM * CCSD (Restricted open-shell coupled cluster)     Authors: C. Hampel, H.-J. Werner, 1991, M. Deegan, P.J. Knowles, 1992


 Convergence thresholds:  THRVAR = 1.00D-08  THRDEN = 1.00D-06

 CCSD(T)     terms to be evaluated (factor= 1.000)


 Number of closed-shell orbitals:  11 (   1   3   3   0   3   0   0   1 )
 Number of active  orbitals:        1 (   0   1   0   0   0   0   0   0 )
 Number of external orbitals:     430 ( 102  66  67  36  67  36  36  20 )

 Memory could be reduced to 205.18 Mwords without degradation in triples

 Number of N-1 electron functions:              23
 Number of N-2 electron functions:             253
 Number of singly external CSFs:              1517
 Number of doubly external CSFs:           4512323
 Total number of CSFs:                     4513840

 Molecular orbitals read from record     2122.2  Type=RHF/CANONICAL (state 1.2)

 Integral transformation finished. Total CPU:   4.63 sec, npass=  1  Memory used:  39.34 MW

 Starting RMP2 calculation

 Wavefunction is spin-projected

 ITER.      SQ.NORM     CORR.ENERGY   TOTAL ENERGY   ENERGY CHANGE        DEN1      VAR(S)    VAR(P)  DIIS     TIME
   1      1.52020048    -2.36750602  -211.58478839    -2.36750602    -0.14467671  0.12D-06  0.45D-01  0  0     5.08
   2      1.67414660    -2.51218273  -211.72946510    -0.14467671    -0.03720297  0.32D-07  0.15D-01  1  1     5.55
   3      1.89472424    -2.64210253  -211.85938490    -0.12991980    -0.00574903  0.16D-08  0.26D-02  2  2     6.01
   4      2.03017108    -2.68144211  -211.89872449    -0.03933959    -0.00096556  0.46D-09  0.58D-03  3  3     6.60
   5      2.05431729    -2.68507432  -211.90235669    -0.00363220    -0.00086738  0.99D-10  0.62D-03  4  4     7.44
   6      2.03384093    -2.68349955  -211.90078193     0.00157477    -0.00055266  0.38D-09  0.36D-03  5  5     8.09
   7      2.04590452    -2.68148115  -211.89876353     0.00201840    -0.00009147  0.19D-09  0.47D-04  6  6     8.77
   8      2.05380309    -2.68138795  -211.89867033     0.00009320    -0.00003777  0.66D-10  0.20D-04  6  1     9.38
   9      2.05705992    -2.68139772  -211.89868010    -0.00000977    -0.00001318  0.43D-10  0.75D-05  6  2    10.15
  10      2.05781566    -2.68133235  -211.89861473     0.00006537    -0.00000675  0.29D-10  0.42D-05  6  3    10.94
  11      2.05810647    -2.68136769  -211.89865007    -0.00003534    -0.00000580  0.20D-10  0.38D-05  6  4    11.71
  12      2.05859910    -2.68146449  -211.89874686    -0.00009679    -0.00000549  0.15D-10  0.36D-05  6  5    12.52
  13      2.05894373    -2.68152912  -211.89881149    -0.00006463    -0.00000548  0.12D-10  0.37D-05  6  6    13.22
  14      2.05908029    -2.68154056  -211.89882294    -0.00001144    -0.00000518  0.13D-10  0.34D-05  6  1    13.99
  15      2.06083688    -2.68168105  -211.89896343    -0.00014049    -0.00000372  0.10D-10  0.24D-05  6  2    14.77
  16      2.06284918    -2.68165967  -211.89894205     0.00002138    -0.00000249  0.41D-11  0.16D-05  6  3    15.58
  17      2.06415484    -2.68149089  -211.89877327     0.00016878    -0.00000208  0.88D-12  0.14D-05  6  1    16.32
  18      2.06409575    -2.68151736  -211.89879974    -0.00002647    -0.00000214  0.90D-12  0.15D-05  6  4    17.12
  19      2.06404477    -2.68155474  -211.89883711    -0.00003737    -0.00000179  0.15D-11  0.12D-05  6  5    17.97
  20      2.06470053    -2.68171357  -211.89899595    -0.00015884    -0.00000120  0.72D-11  0.77D-06  6  6    18.80
  21      2.06518945    -2.68177395  -211.89905632    -0.00006038    -0.00000098  0.11D-10  0.63D-06  6  2    19.59
  22      2.06559589    -2.68181230  -211.89909467    -0.00003835    -0.00000059  0.14D-10  0.35D-06  6  3    20.31
  23      2.06579776    -2.68176423  -211.89904660     0.00004807    -0.00000033  0.13D-10  0.21D-06  6  1    21.07
  24      2.06556622    -2.68168666  -211.89896904     0.00007756    -0.00000026  0.98D-11  0.17D-06  6  5    21.83
  25      2.06548106    -2.68168625  -211.89896863     0.00000041    -0.00000024  0.87D-11  0.16D-06  6  4    22.62
  26      2.06514612    -2.68174338  -211.89902575    -0.00005712    -0.00000017  0.36D-11  0.11D-06  6  6    23.30
  27      2.06486472    -2.68176070  -211.89904308    -0.00001732    -0.00000014  0.98D-12  0.93D-07  6  2    23.99
  28      2.06482385    -2.68175032  -211.89903269     0.00001038    -0.00000014  0.84D-12  0.96D-07  6  3    24.75
  29      2.06489327    -2.68177971  -211.89906209    -0.00002939    -0.00000012  0.97D-12  0.82D-07  6  1    25.46

 Norm of t1 vector:      0.00169795      S-energy:    -0.00000512      T1 diagnostic:  0.00002638
 Norm of t2 vector:      1.03193526      P-energy:    -2.68177459
                                         Alpha-Beta:  -1.77520081
                                         Alpha-Alpha: -0.45638421
                                         Beta-Beta:   -0.45018957

 ?CONVERGENCE NOT REACHED AFTER MAX. ITERATIONS

 Spin contamination <S**2-Sz**2-Sz>     0.00000000
  Reference energy                   -209.217282376513
  RHF-RMP2 correlation energy          -2.681779710883
 !RHF-RMP2 energy                    -211.899062087396
 (NB above energy spin projected)

 Starting RCCSD calculation

 ITER.      SQ.NORM     CORR.ENERGY   TOTAL ENERGY   ENERGY CHANGE        DEN1      VAR(S)    VAR(P)  DIIS     TIME
   1      1.26413980    -1.73453902  -210.95182139    -1.73453902    -0.08161983  0.16D-03  0.12D-01  0  0    29.90
   2      1.31192354    -1.81107731  -211.02835969    -0.07653830    -0.01088682  0.58D-04  0.38D-02  1  1    33.66
   3      1.33485082    -1.81441454  -211.03169692    -0.00333723    -0.00464484  0.36D-04  0.19D-02  2  2    37.17
   4      1.38269713    -1.83129306  -211.04857544    -0.01687852    -0.00257283  0.19D-04  0.14D-02  3  3    40.84
   5      1.38753385    -1.83188248  -211.04916486    -0.00058942    -0.00263584  0.19D-04  0.15D-02  4  4    44.90
   6      1.38021114    -1.83149552  -211.04877790     0.00038696    -0.00117922  0.11D-04  0.52D-03  5  5    49.38
   7      1.40864150    -1.83690989  -211.05419227    -0.00541437    -0.00069805  0.75D-05  0.31D-03  6  6    53.99
   8      1.43535115    -1.84055851  -211.05784089    -0.00364862    -0.00044340  0.55D-05  0.22D-03  7  7    58.77
   9      1.44522656    -1.84154732  -211.05882970    -0.00098881    -0.00049346  0.46D-05  0.29D-03  8  8    64.75
  10      1.45056154    -1.84215947  -211.05944185    -0.00061215    -0.00026055  0.44D-05  0.12D-03  9  9    70.91
  11      1.48101449    -1.84608618  -211.06336856    -0.00392671    -0.00016509  0.30D-05  0.88D-04 10 10    76.45
  12      1.48031580    -1.84585256  -211.06313494     0.00023362    -0.00018123  0.28D-05  0.10D-03 11 11    80.42
  13      1.47862081    -1.84552776  -211.06281014     0.00032480    -0.00007635  0.31D-05  0.34D-04 12 12    85.65
  14      1.48809071    -1.84651887  -211.06380125    -0.00099111    -0.00005735  0.25D-05  0.30D-04 13 13    89.91
  15      1.48801164    -1.84650874  -211.06379111     0.00001013    -0.00005663  0.25D-05  0.29D-04 14 14   101.79
  16      1.49283848    -1.84720993  -211.06449230    -0.00070119    -0.00003048  0.26D-05  0.11D-04 15 15   109.31
  17      1.49239004    -1.84708250  -211.06436488     0.00012743    -0.00002069  0.22D-05  0.74D-05 15  1   116.10
  18      1.49501893    -1.84722285  -211.06450523    -0.00014035    -0.00001776  0.16D-05  0.76D-05 15  2   121.58
  19      1.49501601    -1.84722254  -211.06450491     0.00000032    -0.00001772  0.16D-05  0.76D-05 15 10   128.15
  20      1.49512203    -1.84729616  -211.06457853    -0.00007362    -0.00001245  0.16D-05  0.42D-05 15  3   133.86
  21      1.49637129    -1.84733732  -211.06461969    -0.00004116    -0.00001170  0.14D-05  0.44D-05 15  6   142.74
  22      1.49646656    -1.84734446  -211.06462684    -0.00000714    -0.00001198  0.13D-05  0.47D-05 15  4   149.10
  23      1.49625739    -1.84736207  -211.06464445    -0.00001761    -0.00001047  0.14D-05  0.35D-05 15  5   156.75
  24      1.49698818    -1.84738381  -211.06466619    -0.00002174    -0.00000963  0.12D-05  0.34D-05 15  7   161.42
  25      1.49738096    -1.84740559  -211.06468797    -0.00002178    -0.00000993  0.11D-05  0.38D-05 15  9   167.71
  26      1.49723733    -1.84740355  -211.06468593     0.00000204    -0.00000922  0.12D-05  0.32D-05 15 12   174.48
  27      1.49749386    -1.84738818  -211.06467055     0.00001538    -0.00000827  0.99D-06  0.30D-05 15 13   181.26
  28      1.49753547    -1.84739286  -211.06467523    -0.00000468    -0.00000849  0.90D-06  0.34D-05 15 11   189.44
  29      1.49766305    -1.84738610  -211.06466848     0.00000676    -0.00000741  0.90D-06  0.27D-05 15  8   194.71
  30      1.49761007    -1.84734589  -211.06462827     0.00004021    -0.00000716  0.77D-06  0.28D-05 15  1   204.92
  31      1.49764863    -1.84734456  -211.06462694     0.00000133    -0.00000709  0.78D-06  0.28D-05 15  2   210.41
  32      1.49810403    -1.84735188  -211.06463426    -0.00000732    -0.00000648  0.70D-06  0.25D-05 15 13   216.42
  33      1.49924814    -1.84740448  -211.06468685    -0.00005260    -0.00000536  0.48D-06  0.22D-05 15 12   223.28
  34      1.49980919    -1.84748649  -211.06476887    -0.00008201    -0.00000548  0.40D-06  0.26D-05 15  7   229.85
  35      1.50005250    -1.84747676  -211.06475914     0.00000973    -0.00000477  0.38D-06  0.21D-05 15 12   235.78
  36      1.50227426    -1.84773757  -211.06501994    -0.00026080    -0.00000311  0.19D-06  0.14D-05 15  6   244.25
  37      1.50276454    -1.84777077  -211.06505315    -0.00003321    -0.00000294  0.12D-06  0.14D-05 15 14   252.14
