
 Primary working directories    : /global/cscratch1/sd/haihan
 Secondary working directories  : /global/cscratch1/sd/haihan
 Wavefunction directory         : /global/homes/h/haihan/wfu/
 Main file repository           : /global/cscratch1/sd/haihan/

 SHA1      : 19cd028119e0e09f93f0674bd8af7968d9b3eff6
 NAME      : 2015.1.36
 ARCHNAME  : linux/x86_64
 FC        : /opt/cray/pe/craype/2.5.14/bin/ftn
 BLASLIB   : -L/opt/intel/compilers_and_libraries_2018.1.163/linux/mkl/lib/intel64 -Wl,-_start-group -lmkl_intel_ilp64 -lmkl_intel_thread -lmkl_core -Wl,-_end-group -liomp5
 id        : lbl

 Nodes     nprocs
 nid00139    11
 Number of processes for MPI-2 version of Molpro:   nprocs(total)=   12   nprocs(compute)=   11   nprocs(helper)=    1

 Using customized tuning parameters: mindgm=7; mindgv=16; mindgc=1; mindgr=1; noblas=0; minvec=7
 default implementation of scratch files=sf  

 ***,Calculation for Nb atom, singlet and triplet
 memory,1,g
 
 gthresh,twoint=1.e-15
 gthresh,oneint=1.e-15
 
 geometry={
 1
 Nb
 Nb  0.0 0.0 0.0
 }
 
 basis={
 Including file /global/u2/h/haihan/Research/ECP/f_group_element_ecps/Nb/Molpro/atom/AE/dkh/Nb.basis
 }
 
 set,dkroll=1,dkho=10,dkhp=4
 
 
 
 Including file /global/u2/h/haihan/Research/ECP/f_group_element_ecps/Nb/Molpro/atom/AE/dkh/Nb_states_ae.proc
 
 
 do i=1,1
     if (i.eq.1) then
         Id4s1
     else if (i.eq.2) then
         Id5
     else if (i.eq.3) then
         EAd4s2
     else if (i.eq.4) then
         IPd4
     else if (i.eq.5) then
         IPd3s1
     else if (i.eq.6) then
         IId3
     else if (i.eq.7) then
         IIId2
     else if (i.eq.8) then
         IVd1
     else if (i.eq.9) then
         IVp1
     else if (i.eq.10) then
         IVf1
     else if (i.eq.11) then
         Vp6
     else if (i.eq.12) then
         VIp5
     else if (i.eq.13) then
         VIIp4
     else if (i.eq.14) then
         VIIIp3
     else if (i.eq.15) then
         IXp2
     else if (i.eq.16) then
         Xp1
     else if (i.eq.17) then
         XIp
     endif
     scf(i)=energy
     _CC_NORM_MAX=2.0
     {rccsd(t),maxit=100;core}
     ccsd(i)=energy
 enddo
 
 table,scf,ccsd
 type,csv
 save
 

 Variables initialized (889), CPU time= 0.01 sec
 Commands  initialized (702), CPU time= 0.01 sec, 572 directives.
 Default parameters read. Elapsed time= 0.16 sec

 Checking input...
 Passed
1


                                         ***  PROGRAM SYSTEM MOLPRO  ***
                                       Copyright, TTI GmbH Stuttgart, 2015
                                    Version 2015.1 linked Dec 29 2018 15:55:43


 **********************************************************************************************************************************
 LABEL *   Calculation for Nb atom, singlet and triplet                                  
  64 bit mpp version                                                                     DATE: 01-Oct-22          TIME: 20:07:24  
 **********************************************************************************************************************************

 SHA1:             19cd028119e0e09f93f0674bd8af7968d9b3eff6
 **********************************************************************************************************************************

 THRESHOLDS:

 ZERO    =  1.00D-12  ONEINT  =  1.00D-12  TWOINT  =  1.00D-15  PREFAC  =  1.00D-14  LOCALI  =  1.00D-09  EORDER  =  1.00D-04
 ENERGY  =  0.00D+00  ETEST   =  0.00D+00  EDENS   =  0.00D+00  THRDEDEF=  1.00D-06  GRADIENT=  1.00D-02  STEP    =  1.00D-03
 ORBITAL =  1.00D-05  CIVEC   =  1.00D-05  COEFF   =  1.00D-04  PRINTCI =  5.00D-02  PUNCHCI =  9.90D+01  OPTGRAD =  3.00D-04
 OPTENERG=  1.00D-06  OPTSTEP =  3.00D-04  THRGRAD =  1.00D-10  COMPRESS=  1.00D-11  VARMIN  =  1.00D-07  VARMAX  =  1.00D-03
 THRDOUB =  0.00D+00  THRDIV  =  1.00D-05  THRRED  =  1.00D-07  THRPSP  =  1.00D+00  THRDC   =  1.00D-10  THRCS   =  1.00D-10
 THRNRM  =  1.00D-08  THREQ   =  0.00D+00  THRDE   =  1.00D+00  THRREF  =  1.00D-05  SPARFAC =  1.00D+00  THRDLP  =  1.00D-07
 THRDIA  =  1.00D-10  THRDLS  =  1.00D-07  THRGPS  =  0.00D+00  THRKEX  =  0.00D+00  THRDIS  =  2.00D-01  THRVAR  =  1.00D-10
 THRLOC  =  1.00D-06  THRGAP  =  1.00D-06  THRLOCT = -1.00D+00  THRGAPT = -1.00D+00  THRORB  =  1.00D-06  THRMLTP =  0.00D+00
 THRCPQCI=  1.00D-10  KEXTA   =  0.00D+00  THRCOARS=  0.00D+00  SYMTOL  =  1.00D-06  GRADTOL =  1.00D-06  THROVL  =  1.00D-08
 THRORTH =  1.00D-08  GRID    =  1.00D-06  GRIDMAX =  1.00D-03  DTMAX   =  0.00D+00  THROCCDE=  1.00D-01  THROCCDE=  1.00D-01



 THRESHOLDS:

 ZERO    =  1.00D-12  ONEINT  =  1.00D-15  TWOINT  =  1.00D-15  PREFAC  =  1.00D-14  LOCALI  =  1.00D-09  EORDER  =  1.00D-04
 ENERGY  =  0.00D+00  ETEST   =  0.00D+00  EDENS   =  0.00D+00  THRDEDEF=  1.00D-06  GRADIENT=  1.00D-02  STEP    =  1.00D-03
 ORBITAL =  1.00D-05  CIVEC   =  1.00D-05  COEFF   =  1.00D-04  PRINTCI =  5.00D-02  PUNCHCI =  9.90D+01  OPTGRAD =  3.00D-04
 OPTENERG=  1.00D-06  OPTSTEP =  3.00D-04  THRGRAD =  1.00D-10  COMPRESS=  1.00D-11  VARMIN  =  1.00D-07  VARMAX  =  1.00D-03
 THRDOUB =  0.00D+00  THRDIV  =  1.00D-05  THRRED  =  1.00D-07  THRPSP  =  1.00D+00  THRDC   =  1.00D-10  THRCS   =  1.00D-10
 THRNRM  =  1.00D-08  THREQ   =  0.00D+00  THRDE   =  1.00D+00  THRREF  =  1.00D-05  SPARFAC =  1.00D+00  THRDLP  =  1.00D-07
 THRDIA  =  1.00D-10  THRDLS  =  1.00D-07  THRGPS  =  0.00D+00  THRKEX  =  0.00D+00  THRDIS  =  2.00D-01  THRVAR  =  1.00D-10
 THRLOC  =  1.00D-06  THRGAP  =  1.00D-06  THRLOCT = -1.00D+00  THRGAPT = -1.00D+00  THRORB  =  1.00D-06  THRMLTP =  0.00D+00
 THRCPQCI=  1.00D-10  KEXTA   =  0.00D+00  THRCOARS=  0.00D+00  SYMTOL  =  1.00D-06  GRADTOL =  1.00D-06  THROVL  =  1.00D-08
 THRORTH =  1.00D-08  GRID    =  1.00D-06  GRIDMAX =  1.00D-03  DTMAX   =  0.00D+00  THROCCDE=  1.00D-01  THROCCDE=  1.00D-01



Geometry recognized as XYZ


 Variable memory set to 1000000000 words,  buffer space   230000 words

 SETTING BASIS          =    USERDEF
 SETTING DKROLL         =         1.00000000                                  
 SETTING DKHO           =        10.00000000                                  
 SETTING DKHP           =         4.00000000                                  

 DO I                   =         1.00000000   

 Running procedure=ID4S1


 Recomputing integrals since basis changed


 Using spherical harmonics



 PROGRAM * SEWARD (Integral evaluation for generally contracted gaussian basis sets)     Author: Roland Lindh, 1990

 Geometry written to block  1 of record 700

 Orientation using atomic masses  
 Molecule type: Atom
 Symmetry elements: X,Y,Z
 Rotational constants:       0.0000000      0.0000000      0.0000000 GHz  (calculated with average atomic masses)

 Point group  D2h 



 ATOMIC COORDINATES

 NR  ATOM    CHARGE       X              Y              Z

   1  NB     41.00    0.000000000    0.000000000    0.000000000

 NUCLEAR CHARGE:                   41
 NUMBER OF PRIMITIVE AOS:         270
 NUMBER OF SYMMETRY AOS:          215
 NUMBER OF CONTRACTIONS:          215   (  60Ag  +  26B3u +  26B2u +  24B1g +  26B1u +  24B2g +  24B3g +   5Au  )
 NUMBER OF CORE ORBITALS:          18   (   6Ag  +   3B3u +   3B2u +   1B1g +   3B1u +   1B2g +   1B3g +   0Au  )
 NUMBER OF VALENCE ORBITALS:        6   (   3Ag  +   0B3u +   0B2u +   1B1g +   0B1u +   1B2g +   1B3g +   0Au  )


 NUCLEAR REPULSION ENERGY    0.00000000

 One-electron integrals computed with SEWARD

 10nd-order Douglas-Kroll-Hess method activated. McWeeny DKH parametrization is used.

 Computing Douglas-Kroll / X2C integrals

 AO integral compression algorithm  1   Integral accuracy      1.0D-15

     384.565 MB (compressed) written to integral file ( 67.5%)

     Node minimum: 23.331 MB, node maximum: 57.672 MB


 NUMBER OF SORTED TWO-ELECTRON INTEGRALS:    3165154.     BUFFER LENGTH:  32768
 NUMBER OF SEGMENTS:   1  SEGMENT LENGTH:    3165154      RECORD LENGTH: 524288

 Memory used in sort:       3.72 MW

 SORT1 READ    71074857. AND WROTE     2417478. INTEGRALS IN      7 RECORDS. CPU TIME:     1.45 SEC, REAL TIME:     1.54 SEC
 SORT2 READ    26847586. AND WROTE    35026401. INTEGRALS IN   2420 RECORDS. CPU TIME:     0.20 SEC, REAL TIME:     0.30 SEC

 Node minimum:     3140939.  Node maximum:     3225673. integrals

 OPERATOR DM      FOR CENTER  0  COORDINATES:    0.000000    0.000000    0.000000

 EXTRA SYMMETRY OF AOS IN SYMMETRY 1:   1 1 1 1 1 1 1 1 1 1   1 1 1 1 1 1 2 3 2 3   2 3 2 3 2 3 2 3 2 3   2 3 2 3 2 3 2 3 2 3
                                        2 3 2 3 2 3 2 3 4 5   6 4 5 6 4 5 6 4 5 6
 EXTRA SYMMETRY OF AOS IN SYMMETRY 2:   1 1 1 1 1 1 1 1 1 1   1 1 1 1 1 1 2 3 2 3   2 3 2 3 2 3
 EXTRA SYMMETRY OF AOS IN SYMMETRY 3:   1 1 1 1 1 1 1 1 1 1   1 1 1 1 1 1 2 3 2 3   2 3 2 3 2 3
 EXTRA SYMMETRY OF AOS IN SYMMETRY 4:   1 1 1 1 1 1 1 1 1 1   1 1 1 1 1 1 2 3 2 3   2 3 2 3
 EXTRA SYMMETRY OF AOS IN SYMMETRY 5:   1 1 1 1 1 1 1 1 1 1   1 1 1 1 1 1 2 3 2 3   2 3 2 3 2 3
 EXTRA SYMMETRY OF AOS IN SYMMETRY 6:   1 1 1 1 1 1 1 1 1 1   1 1 1 1 1 1 2 3 2 3   2 3 2 3
 EXTRA SYMMETRY OF AOS IN SYMMETRY 7:   1 1 1 1 1 1 1 1 1 1   1 1 1 1 1 1 2 3 2 3   2 3 2 3

 Eigenvalues of metric

         1 0.254E-03 0.397E-03 0.397E-03 0.539E-03 0.956E-03 0.956E-03 0.122E-02 0.236E-02
         2 0.293E-03 0.682E-03 0.165E-02 0.388E-02 0.879E-02 0.193E-01 0.409E-01 0.694E-01
         3 0.293E-03 0.682E-03 0.165E-02 0.388E-02 0.879E-02 0.193E-01 0.409E-01 0.694E-01
         4 0.397E-03 0.956E-03 0.236E-02 0.561E-02 0.128E-01 0.279E-01 0.586E-01 0.115E+00
         5 0.293E-03 0.682E-03 0.165E-02 0.388E-02 0.879E-02 0.193E-01 0.409E-01 0.694E-01
         6 0.397E-03 0.956E-03 0.236E-02 0.561E-02 0.128E-01 0.279E-01 0.586E-01 0.115E+00
         7 0.397E-03 0.956E-03 0.236E-02 0.561E-02 0.128E-01 0.279E-01 0.586E-01 0.115E+00
         8 0.694E-01 0.203E+00 0.662E+00 0.159E+01 0.247E+01


 **********************************************************************************************************************************
 DATASETS  * FILE   NREC   LENGTH (MB)   RECORD NAMES
              1      22       20.43       500      610      700      900      950      970     1000      129      960     1700   
                                          VAR    BASINP    GEOM    SYMINP    ZMAT    AOBASIS   BASIS     P2S    ABASIS    OPER   
                                         1101     1401     1411     1412     1650     1100     1400     1410     1200     1210   
                                          SR      EKINR    POTR     PVPR    MOLCAS      S      EKIN      POT      H0       H01  
                                         1080     1600   
                                         AOSYM     SMH  

 PROGRAMS   *        TOTAL       INT
 CPU TIMES  *         6.67      6.10
 REAL TIME  *         8.38 SEC
 DISK USED  *       683.35 MB      
 GA USED    *         0.00 MB       (max)       0.00 MB       (current)
 **********************************************************************************************************************************


 PROGRAM * RHF-SCF (OPEN SHELL)       Authors: W. Meyer, H.-J. Werner


 NUMBER OF ELECTRONS:      23+   18-    SPACE SYMMETRY=1    SPIN SYMMETRY: Sextet  
 CONVERGENCE THRESHOLDS:    1.00E-05 (Density)    1.00E-07 (Energy)
 MAX. NUMBER OF ITERATIONS:       60
 INTERPOLATION TYPE:            DIIS
 INTERPOLATION STEPS:              2 (START)      1 (STEP)
 LEVEL SHIFTS:                 -0.60 (CLOSED) -0.30 (OPEN) 

 Number of closed-shell orbitals:   18 (   6   3   3   1   3   1   1   0 )
 Number of open-shell orbitals:      5 (   2   0   0   1   0   1   1   0 )


 
 Extra symmetries of mos in symmetry 1:   1   1   1   3   2   1   1   3   2
     Symmetry restrictions:    1             1
 Orbital guess generated from atomic densities. Full valence occupancy:    9   3   3   2   3   2   2   0


 Molecular orbital dump at record        3202.2

 ITERATION    DDIFF          GRAD             ENERGY        2-EL.EN.            DIPOLE MOMENTS         DIIS   ORB.
    1      0.000D+00      0.000D+00     -3649.36919104   2711.351459    0.00000    0.00000    0.00000    0    start
    2      0.000D+00      0.314D-01     -3652.01220284   2946.620215    0.00000    0.00000    0.00000    1    diag,B
    3      0.311D+00      0.336D-01     -3652.52446074   2905.945813    0.00000    0.00000    0.00000    2    diag,B
    4      0.146D-01      0.117D-01     -3652.67401807   2884.287080    0.00000    0.00000    0.00000    3    diag,B
    5      0.937D-02      0.317D-02     -3652.69578035   2875.778493    0.00000    0.00000    0.00000    4    diag,B
    6      0.525D-02      0.817D-03     -3652.69860191   2873.984323    0.00000    0.00000    0.00000    5    diag,B
    7      0.282D-02      0.437D-03     -3652.69910619   2873.728621    0.00000    0.00000    0.00000    6    fixocc
    8      0.191D-02      0.126D-03     -3652.69916354   2873.695920    0.00000    0.00000    0.00000    7    diag,B
    9      0.118D-02      0.303D-04     -3652.69917156   2873.706273    0.00000    0.00000    0.00000    8    diag,B
   10      0.529D-03      0.151D-04     -3652.69917549   2873.710152    0.00000    0.00000    0.00000    9    orth
   11      0.269D-03      0.101D-04     -3652.69917810   2873.713880    0.00000    0.00000    0.00000    9    diag,B
   12      0.107D-03      0.688D-05     -3652.69917978   2873.717522    0.00000    0.00000    0.00000    9    diag,B
   13      0.479D-04      0.396D-05     -3652.69918042   2873.718569    0.00000    0.00000    0.00000    9    diag,B
   14      0.559D-04      0.170D-05     -3652.69918050   2873.717115    0.00000    0.00000    0.00000    9    diag,B
   15      0.115D-04      0.776D-06     -3652.69918051   2873.716329    0.00000    0.00000    0.00000    9    diag,B
   16      0.103D-04      0.277D-06     -3652.69918051   2873.716071    0.00000    0.00000    0.00000    9    diag,B
   17      0.256D-05      0.112D-06     -3652.69918051   2873.716074    0.00000    0.00000    0.00000    0    orth

 Final alpha occupancy:   8   3   3   2   3   2   2   0
 Final beta  occupancy:   6   3   3   1   3   1   1   0

 !RHF STATE 1.1 Energy              -3652.699180514604
 Nuclear energy                         0.00000000
 One-electron energy                -5089.55721775
 Two-electron energy                 1436.85803723
 Virial quotient                       -1.05800898
 !RHF STATE 1.1 Dipole moment           0.00000000     0.00000000     0.00000000
 Dipole moment /Debye                   0.00000000     0.00000000     0.00000000

 ELECTRON ORBITALS
 =================


   Orb  Occ    Energy  Couls-En    Coefficients

                                   1 1s      1 1s      1 1s      1 1s      1 1s      1 1s      1 1s      1 1s      1 1s      1 1s   
                                   1 1s      1 1s      1 1s      1 1s      1 1s      1 1s      1 3d0     1 3d2+    1 3d0     1 3d2+ 
                                   1 3d0     1 3d2+    1 3d0     1 3d2+    1 3d0     1 3d2+    1 3d0     1 3d2+    1 3d0     1 3d2+ 
                                   1 3d0     1 3d2+    1 3d0     1 3d2+    1 3d0     1 3d2+    1 3d0     1 3d2+    1 3d0     1 3d2+ 
                                   1 3d0     1 3d2+    1 3d0     1 3d2+    1 3d0     1 3d2+    1 3d0     1 3d2+    1 5g0     1 5g4+ 
                                   1 5g2+    1 5g0     1 5g4+    1 5g2+    1 5g0     1 5g4+    1 5g2+    1 5g0     1 5g4+    1 5g2+ 


   1.1   2  -637.4237-1427.6977  0.796812 -0.553838  1.263349 -0.812779  0.731570 -0.556619  0.407057 -0.289146  0.201262 -0.137980
                                 0.093113 -0.061336  0.038580 -0.022041  0.010289 -0.002847  0.000002 -0.000000 -0.000003  0.000000
                                 0.000003 -0.000000 -0.000004  0.000000  0.000005 -0.000000 -0.000005  0.000000  0.000005 -0.000000
                                -0.000003  0.000000  0.000002 -0.000000 -0.000001  0.000000  0.000000 -0.000000 -0.000000  0.000000
                                 0.000000 -0.000000 -0.000000  0.000000  0.000000 -0.000000 -0.000000  0.000000 -0.000000  0.000000
                                 0.000000  0.000000 -0.000000 -0.000000 -0.000000  0.000000  0.000000  0.000000 -0.000000 -0.000000

   2.1   2   -93.6706 -297.5389 -0.313552  0.177901 -0.623380  0.460869  0.172323  0.813309 -0.184908  0.206184 -0.149481  0.106384
                                -0.073675  0.049237 -0.031247  0.017938 -0.008400  0.002327  0.000004 -0.000000  0.000010  0.000000
                                 0.000017 -0.000000  0.000009  0.000000 -0.000006 -0.000000  0.000013  0.000000 -0.000011 -0.000000
                                 0.000008  0.000000 -0.000003  0.000000 -0.000001 -0.000000  0.000002  0.000000 -0.000002 -0.000000
                                 0.000001  0.000000 -0.000001 -0.000000  0.000000  0.000000 -0.000000 -0.000000  0.000004 -0.000000
                                 0.000000 -0.000002  0.000000  0.000000  0.000001 -0.000000 -0.000000 -0.000000  0.000000  0.000000

   3.1   2   -16.7244 -101.1869  0.135686 -0.075088  0.284579 -0.219085 -0.216814 -0.694679  0.412974  0.698415  0.360598 -0.075725
                                 0.062530 -0.041859  0.027228 -0.015863  0.007482 -0.002085  0.000032 -0.000000  0.000003  0.000000
                                 0.000105 -0.000000  0.000126  0.000000  0.000247 -0.000000  0.000251  0.000000  0.000333 -0.000000
                                 0.000004  0.000000  0.000001 -0.000000 -0.000012  0.000000 -0.000004 -0.000000  0.000001  0.000000
                                -0.000001 -0.000000  0.000000  0.000000 -0.000000 -0.000000  0.000000  0.000000  0.000004  0.000000
                                -0.000000 -0.000048 -0.000000 -0.000000  0.000012  0.000000  0.000000 -0.000007 -0.000000 -0.000000

   4.1   2    -8.3563  -88.4490 -0.000000  0.000000 -0.000000  0.000000 -0.000000  0.000000 -0.000000 -0.000000 -0.000000 -0.000000
                                 0.000000 -0.000000  0.000000 -0.000000  0.000000 -0.000000  0.000000  0.055945  0.000000  0.017292
                                 0.000000  0.197373  0.000000  0.179763  0.000000  0.356385  0.000000  0.226799  0.000000  0.194387
                                 0.000000  0.006585  0.000000  0.035253 -0.000000 -0.022683  0.000000  0.017481 -0.000000 -0.012372
                                 0.000000  0.008139 -0.000000 -0.004643  0.000000  0.001977 -0.000000 -0.000461  0.000000 -0.000000
                                 0.000166 -0.000000  0.000000 -0.000054  0.000000 -0.000000  0.000039 -0.000000  0.000000 -0.000017

   5.1   2    -8.3557  -88.3922 -0.000147  0.000081 -0.000310  0.000240  0.000251  0.000807 -0.000426 -0.001415 -0.000011  0.000722
                                -0.000229  0.000078 -0.000072  0.000048 -0.000016  0.000006  0.055839 -0.000000  0.017252 -0.000000
                                 0.196991 -0.000000  0.179442 -0.000000  0.355875 -0.000000  0.226935 -0.000000  0.195243 -0.000000
                                 0.007326  0.000000  0.035329 -0.000000 -0.022670  0.000000  0.017437 -0.000000 -0.012361  0.000000
                                 0.008118 -0.000000 -0.004636  0.000000  0.001972 -0.000000 -0.000460  0.000000  0.000337 -0.000000
                                -0.000000 -0.000265  0.000000  0.000000  0.000101 -0.000000 -0.000000 -0.000051 -0.000000  0.000000

   6.1   2    -2.4600  -38.9751 -0.052379  0.028812 -0.110827  0.085625  0.099025  0.304367 -0.191644 -0.622899 -0.352580  0.746233
                                 0.569539  0.138133 -0.023498  0.012428 -0.008691  0.002020 -0.000147  0.000000 -0.000043  0.000000
                                -0.000525  0.000000 -0.000488  0.000000 -0.000940  0.000000 -0.000545  0.000000 -0.000316  0.000000
                                 0.002023 -0.000000  0.003441 -0.000000  0.001493 -0.000000 -0.000293 -0.000000 -0.000140 -0.000000
                                -0.000070 -0.000000 -0.000001 -0.000000 -0.000011  0.000000  0.000002  0.000000 -0.000168 -0.000000
                                -0.000000 -0.000925  0.000000 -0.000000 -0.000597 -0.000000 -0.000000  0.000086  0.000000  0.000000

   7.1   +    -0.2087  -12.0597  0.013201 -0.007254  0.027964 -0.021606 -0.025597 -0.078121  0.049364  0.178964  0.100935 -0.263084
                                -0.318268 -0.158511  0.299129  0.621182  0.314152  0.011366  0.000195  0.000000  0.000060 -0.000000
                                 0.000699  0.000000  0.000627  0.000000  0.001225  0.000000  0.000630  0.000000 -0.000039 -0.000000
                                -0.002295 -0.000000 -0.003850 -0.000000 -0.004579 -0.000000 -0.001931 -0.000000  0.002131 -0.000000
                                 0.004683 -0.000000  0.003273 -0.000000  0.000933 -0.000000  0.000033  0.000000 -0.000163 -0.000000
                                -0.000000 -0.001957  0.000000 -0.000000 -0.003081  0.000000 -0.000000 -0.001210 -0.000000 -0.000000

   8.1   +    -0.2915  -23.5023  0.000000 -0.000000  0.000000 -0.000000 -0.000000 -0.000000  0.000000  0.000000  0.000000 -0.000000
                                 0.000000 -0.000000 -0.000000 -0.000000  0.000000 -0.000000 -0.000000  0.013768 -0.000000  0.004321
                                -0.000000  0.049418 -0.000000  0.044285 -0.000000  0.086005 -0.000000  0.043368  0.000000 -0.007744
                                 0.000000 -0.154872  0.000000 -0.229702  0.000000 -0.287006  0.000000 -0.246625  0.000000 -0.197200
                                 0.000000 -0.098608  0.000000 -0.035522 -0.000000 -0.001582  0.000000 -0.000496 -0.000000  0.000000
                                -0.001934 -0.000000  0.000000 -0.003872 -0.000000  0.000000 -0.004962 -0.000000  0.000000 -0.000948

   9.1   0     0.0334   -3.3899  0.000126 -0.000075  0.000282 -0.000252 -0.000127 -0.000989  0.001035  0.000378  0.003700 -0.008268
                                 0.010308 -0.029794  0.059952 -0.113262  0.217109 -0.169573 -0.001086 -0.000000 -0.000065 -0.000000
                                -0.004391 -0.000000 -0.001691 -0.000000 -0.009799 -0.000000  0.003488  0.000000 -0.012987 -0.000000
                                 0.036985  0.000000 -0.033709 -0.000000  0.117414  0.000000 -0.164504 -0.000000  0.366904  0.000000
                                -0.604964 -0.000000  1.070658  0.000000 -1.398382 -0.000000  1.655194  0.000000 -0.000079  0.000000
                                 0.000000 -0.000021 -0.000000  0.000000 -0.000424  0.000000  0.000000  0.001128 -0.000000 -0.000000

  10.1   0     0.0262   -3.9489  0.003346 -0.001938  0.007376 -0.006297 -0.004439 -0.024219  0.022606  0.022707  0.074668 -0.173632
                                 0.149339 -0.541100  1.119138 -1.925341  3.919426 -3.183372  0.000121 -0.000000  0.000026  0.000000
                                 0.000456 -0.000000  0.000315  0.000000  0.000886 -0.000000  0.000094 -0.000000  0.000536  0.000000
                                -0.002445 -0.000000  0.000035  0.000000 -0.006559 -0.000000  0.005562  0.000000 -0.013860 -0.000000
                                 0.023522  0.000000 -0.040765 -0.000000  0.050819  0.000000 -0.074694 -0.000000 -0.000025  0.000000
                                 0.000000 -0.000482 -0.000000 -0.000000 -0.000520  0.000000 -0.000000 -0.000605 -0.000000  0.000000

                                   1 2px     1 2px     1 2px     1 2px     1 2px     1 2px     1 2px     1 2px     1 2px     1 2px  
                                   1 2px     1 2px     1 2px     1 2px     1 2px     1 2px     1 4f1+    1 4f3+    1 4f1+    1 4f3+ 
                                   1 4f1+    1 4f3+    1 4f1+    1 4f3+    1 4f1+    1 4f3+ 

   1.2   2   -89.2705 -297.1409  0.249395 -0.050668  0.606497  0.041415  0.413750 -0.185560  0.171976 -0.130218  0.096813 -0.069936
                                 0.049074 -0.033196  0.021099 -0.011903  0.005193 -0.001282 -0.000002 -0.000000 -0.000004  0.000000
                                 0.000000 -0.000000 -0.000001  0.000000  0.000000 -0.000000

   2.2   2   -14.1937  -98.0682 -0.113241  0.019429 -0.298667 -0.018938 -0.092221  0.489068  0.366096  0.309597 -0.047127  0.060306
                                -0.043310  0.030776 -0.020113  0.011573 -0.005112  0.001272  0.000242 -0.000000 -0.000074  0.000000
                                 0.000078 -0.000000 -0.000028  0.000000  0.000014 -0.000000

   3.2   2    -1.5733  -35.3591  0.040480 -0.006790  0.108454  0.006266  0.022704 -0.220039 -0.216976 -0.109036  0.362951  0.440662
                                 0.326285  0.055569  0.025191 -0.008959  0.004869 -0.001234  0.001997 -0.000000  0.004249 -0.000000
                                 0.004024 -0.000000  0.000919  0.000000 -0.000042  0.000000

   4.2   0     0.0137   -6.2186 -0.004674  0.000869 -0.012746 -0.000107 -0.003803  0.028653  0.020590  0.023420 -0.073224 -0.019643
                                -0.148003  0.183392 -0.256121  0.748332 -0.663517  1.176652  0.000106  0.000000 -0.000311  0.000000
                                 0.002452  0.000000  0.003194  0.000000  0.007959 -0.000000

   5.2   0     0.0600   -5.9084  0.005496 -0.000616  0.014037  0.002988 -0.001667 -0.021278 -0.051360  0.026129 -0.021108  0.242408
                                -0.257015  0.636381 -1.332750  2.015412 -3.605192  2.346036 -0.000121 -0.000000  0.000299  0.000000
                                -0.002857 -0.000000 -0.004582  0.000000 -0.009012 -0.000000

                                   1 2py     1 2py     1 2py     1 2py     1 2py     1 2py     1 2py     1 2py     1 2py     1 2py  
                                   1 2py     1 2py     1 2py     1 2py     1 2py     1 2py     1 4f1-    1 4f3-    1 4f1-    1 4f3- 
                                   1 4f1-    1 4f3-    1 4f1-    1 4f3-    1 4f1-    1 4f3- 

   1.3   2   -89.2705 -297.1409  0.249395 -0.050668  0.606497  0.041415  0.413750 -0.185560  0.171976 -0.130218  0.096813 -0.069936
                                 0.049074 -0.033196  0.021099 -0.011903  0.005193 -0.001282 -0.000002 -0.000000 -0.000004  0.000000
                                 0.000000 -0.000000 -0.000001  0.000000  0.000000 -0.000000

   2.3   2   -14.1937  -98.0682 -0.113241  0.019429 -0.298667 -0.018938 -0.092221  0.489068  0.366096  0.309597 -0.047127  0.060306
                                -0.043310  0.030776 -0.020113  0.011573 -0.005112  0.001272  0.000242 -0.000000 -0.000074  0.000000
                                 0.000078 -0.000000 -0.000028  0.000000  0.000014 -0.000000

   3.3   2    -1.5733  -35.3591  0.040480 -0.006790  0.108454  0.006266  0.022704 -0.220039 -0.216976 -0.109036  0.362951  0.440662
                                 0.326285  0.055569  0.025191 -0.008959  0.004869 -0.001234  0.001997 -0.000000  0.004249 -0.000000
                                 0.004024 -0.000000  0.000919  0.000000 -0.000042 -0.000000

   4.3   0     0.0137   -6.2186 -0.004674  0.000869 -0.012746 -0.000107 -0.003803  0.028653  0.020590  0.023420 -0.073224 -0.019643
                                -0.148003  0.183392 -0.256121  0.748332 -0.663517  1.176652  0.000106  0.000000 -0.000311  0.000000
                                 0.002452  0.000000  0.003194  0.000000  0.007959 -0.000000

   5.3   0     0.0600   -5.9084  0.005496 -0.000616  0.014037  0.002988 -0.001667 -0.021278 -0.051360  0.026129 -0.021108  0.242408
                                -0.257015  0.636381 -1.332750  2.015412 -3.605192  2.346036 -0.000121  0.000000  0.000299 -0.000000
                                -0.002857  0.000000 -0.004582 -0.000000 -0.009012  0.000000

                                   1 3d2-    1 3d2-    1 3d2-    1 3d2-    1 3d2-    1 3d2-    1 3d2-    1 3d2-    1 3d2-    1 3d2- 
                                   1 3d2-    1 3d2-    1 3d2-    1 3d2-    1 3d2-    1 3d2-    1 5g2-    1 5g4-    1 5g2-    1 5g4- 
                                   1 5g2-    1 5g4-    1 5g2-    1 5g4- 

   1.4   2    -8.3563  -88.4490  0.055945  0.017292  0.197373  0.179763  0.356385  0.226799  0.194387  0.006585  0.035253 -0.022683
                                 0.017481 -0.012372  0.008139 -0.004643  0.001977 -0.000461  0.000166 -0.000000 -0.000054  0.000000
                                 0.000039 -0.000000 -0.000017  0.000000

   2.4   +    -0.2915  -23.5023  0.013768  0.004321  0.049418  0.044285  0.086005  0.043368 -0.007744 -0.154872 -0.229702 -0.287006
                                -0.246625 -0.197200 -0.098608 -0.035522 -0.001582 -0.000496 -0.001934  0.000000 -0.003872  0.000000
                                -0.004962  0.000000 -0.000948  0.000000

   3.4   0     0.0347   -3.1194  0.000490  0.000447  0.001230  0.003498 -0.000146  0.008962 -0.014573  0.021325 -0.062835  0.091046
                                -0.206501  0.361062 -0.670447  1.120560 -1.517603  1.729630 -0.000089  0.000000 -0.000097 -0.000000
                                -0.000275  0.000000  0.000417 -0.000000

   4.4   0     0.0992   -4.5263  0.002051  0.000000  0.008523  0.002379  0.019841 -0.009901  0.029964 -0.082985  0.085628 -0.269912
                                 0.405639 -0.869814  1.565583 -2.717583  3.770383 -1.633742 -0.000309  0.000000 -0.000302 -0.000000
                                -0.000927  0.000000  0.001739 -0.000000

                                   1 2pz     1 2pz     1 2pz     1 2pz     1 2pz     1 2pz     1 2pz     1 2pz     1 2pz     1 2pz  
                                   1 2pz     1 2pz     1 2pz     1 2pz     1 2pz     1 2pz     1 4f0     1 4f2+    1 4f0     1 4f2+ 
                                   1 4f0     1 4f2+    1 4f0     1 4f2+    1 4f0     1 4f2+ 

   1.5   2   -89.2732 -297.1436  0.249393 -0.050670  0.606497  0.041422  0.413755 -0.185582  0.171988 -0.130228  0.096828 -0.069939
                                 0.049079 -0.033196  0.021099 -0.011903  0.005192 -0.001282  0.000012  0.000000  0.000003  0.000000
                                 0.000003 -0.000000  0.000000  0.000000  0.000000 -0.000000

   2.5   2   -14.2038  -98.0699 -0.113210  0.019425 -0.298584 -0.018947 -0.092217  0.488892  0.365876  0.309958 -0.046976  0.060221
                                -0.043331  0.030742 -0.020104  0.011563 -0.005108  0.001271  0.000521 -0.000000 -0.000421  0.000000
                                 0.000137 -0.000000 -0.000095  0.000000  0.000040 -0.000000

   3.5   2    -1.5798  -35.4201  0.040563 -0.006805  0.108677  0.006282  0.022761 -0.220510 -0.217237 -0.109790  0.363252  0.444207
                                 0.326620  0.051755  0.023619 -0.009274  0.004866 -0.001238 -0.000589 -0.000000 -0.000336 -0.000000
                                -0.003886 -0.000000 -0.002146 -0.000000  0.000161  0.000000

   4.5   0     0.0121   -6.2926 -0.004624  0.000856 -0.012601 -0.000133 -0.003708  0.028225  0.020601  0.022729 -0.071277 -0.021400
                                -0.143714  0.171713 -0.238035  0.721207 -0.605426  1.137063 -0.000466 -0.000000 -0.001093  0.000000
                                -0.003488 -0.000000 -0.004914 -0.000000  0.003942 -0.000000

   5.5   0     0.0588   -5.8222  0.005298 -0.000586  0.013511  0.002942 -0.001736 -0.020238 -0.050077  0.026306 -0.022950  0.238618
                                -0.256167  0.635226 -1.323338  1.999049 -3.590835  2.357582  0.000579  0.000000  0.001111 -0.000000
                                 0.004350  0.000000  0.003836  0.000000 -0.001200  0.000000

                                   1 3d1+    1 3d1+    1 3d1+    1 3d1+    1 3d1+    1 3d1+    1 3d1+    1 3d1+    1 3d1+    1 3d1+ 
                                   1 3d1+    1 3d1+    1 3d1+    1 3d1+    1 3d1+    1 3d1+    1 5g1+    1 5g3+    1 5g1+    1 5g3+ 
                                   1 5g1+    1 5g3+    1 5g1+    1 5g3+ 

   1.6   2    -8.3634  -88.4504  0.055937  0.017289  0.197348  0.179750  0.356337  0.226740  0.194438  0.006744  0.035327 -0.022665
                                 0.017471 -0.012373  0.008131 -0.004642  0.001975 -0.000461  0.000288 -0.000000 -0.000199  0.000000
                                 0.000083 -0.000000 -0.000041  0.000000

   2.6   +    -0.3193  -23.8072  0.013953  0.004379  0.050085  0.044888  0.087164  0.043998 -0.007623 -0.156836 -0.233745 -0.292551
                                -0.248854 -0.192414 -0.088765 -0.028834 -0.000355 -0.000469 -0.000403  0.000000 -0.001021  0.000000
                                -0.001293  0.000000 -0.000267  0.000000

   3.6   0     0.0344   -3.1278  0.000464  0.000436  0.001142  0.003396 -0.000278  0.008808 -0.014417  0.021358 -0.061945  0.090575
                                -0.204209  0.358464 -0.663178  1.111469 -1.500567  1.721329 -0.000042  0.000000  0.000012 -0.000000
                                -0.000308  0.000000  0.000760 -0.000000

   4.6   0     0.0979   -4.5306  0.001984 -0.000011  0.008268  0.002225  0.019325 -0.009877  0.029574 -0.081432  0.084890 -0.265716
                                 0.400797 -0.855583  1.546946 -2.670501  3.736316 -1.631762 -0.000153 -0.000000  0.000041  0.000000
                                -0.001104 -0.000000  0.003119  0.000000

                                   1 3d1-    1 3d1-    1 3d1-    1 3d1-    1 3d1-    1 3d1-    1 3d1-    1 3d1-    1 3d1-    1 3d1- 
                                   1 3d1-    1 3d1-    1 3d1-    1 3d1-    1 3d1-    1 3d1-    1 5g1-    1 5g3-    1 5g1-    1 5g3- 
                                   1 5g1-    1 5g3-    1 5g1-    1 5g3- 

   1.7   2    -8.3634  -88.4504  0.055937  0.017289  0.197348  0.179750  0.356337  0.226740  0.194438  0.006744  0.035327 -0.022665
                                 0.017471 -0.012373  0.008131 -0.004642  0.001975 -0.000461  0.000288 -0.000000 -0.000199  0.000000
                                 0.000083 -0.000000 -0.000041  0.000000

   2.7   +    -0.3193  -23.8072  0.013953  0.004379  0.050085  0.044888  0.087164  0.043998 -0.007623 -0.156836 -0.233745 -0.292551
                                -0.248854 -0.192414 -0.088765 -0.028834 -0.000355 -0.000469 -0.000403  0.000000 -0.001021  0.000000
                                -0.001293  0.000000 -0.000267  0.000000

   3.7   0     0.0344   -3.1278  0.000464  0.000436  0.001142  0.003396 -0.000278  0.008808 -0.014417  0.021358 -0.061945  0.090575
                                -0.204209  0.358464 -0.663178  1.111469 -1.500567  1.721329 -0.000042 -0.000000  0.000012  0.000000
                                -0.000308 -0.000000  0.000760  0.000000

   4.7   0     0.0979   -4.5306  0.001984 -0.000011  0.008268  0.002225  0.019325 -0.009877  0.029574 -0.081432  0.084890 -0.265716
                                 0.400797 -0.855583  1.546946 -2.670501  3.736316 -1.631762 -0.000153  0.000000  0.000041 -0.000000
                                -0.001104  0.000000  0.003119 -0.000000

                                   1 4f2-    1 4f2-    1 4f2-    1 4f2-    1 4f2- 

   1.8   0     0.2681   -6.8293  0.015835 -0.033592  0.130972 -0.403641  1.261054

   2.8   0     0.6560  -10.4397 -0.006876 -0.122899  0.095411 -1.574847  1.010337

 HOMO      8.1    -0.291496 =      -7.9320eV
 LUMO      4.5     0.012091 =       0.3290eV
 LUMO-HOMO         0.303587 =       8.2610eV


 **********************************************************************************************************************************
 DATASETS  * FILE   NREC   LENGTH (MB)   RECORD NAMES
              1      22       20.43       500      610      700      900      950      970     1000      129      960     1700   
                                          VAR    BASINP    GEOM    SYMINP    ZMAT    AOBASIS   BASIS     P2S    ABASIS    OPER   
                                         1101     1401     1411     1412     1650     1100     1400     1410     1200     1210   
                                          SR      EKINR    POTR     PVPR    MOLCAS      S      EKIN      POT      H0       H01  
                                         1080     1600   
                                         AOSYM     SMH  

              2       5        5.58       200      700     1000      520     3202   
                                        OPTIONS   GEOM     BASIS   MCVARS     RHF  

 PROGRAMS   *        TOTAL       RHF       INT
 CPU TIMES  *         7.28      0.59      6.10
 REAL TIME  *         9.21 SEC
 DISK USED  *       982.22 MB      
 SF USED    *         0.03 MB      
 GA USED    *         0.00 MB       (max)       0.00 MB       (current)
 **********************************************************************************************************************************


 PROGRAM * POP (Mulliken population analysis)

 
 Density matrix read from record         3202.2  Type=RHF/CHARGE (state 1.1)
 
 Population analysis by basis function type

 Unique atom        s        p        d        f        g    Total    Charge
   1  NB      8.99973 17.99959 14.00006  0.00041  0.00022 41.00000  + 0.00000


 **********************************************************************************************************************************
 DATASETS  * FILE   NREC   LENGTH (MB)   RECORD NAMES
              1      22       20.43       500      610      700      900      950      970     1000      129      960     1700   
                                          VAR    BASINP    GEOM    SYMINP    ZMAT    AOBASIS   BASIS     P2S    ABASIS    OPER   
                                         1101     1401     1411     1412     1650     1100     1400     1410     1200     1210   
                                          SR      EKINR    POTR     PVPR    MOLCAS      S      EKIN      POT      H0       H01  
                                         1080     1600   
                                         AOSYM     SMH  

              2       5        5.58       200      700     1000      520     3202   
                                        OPTIONS   GEOM     BASIS   MCVARS     RHF  

 PROGRAMS   *        TOTAL       POP       RHF       INT
 CPU TIMES  *         7.29      0.01      0.59      6.10
 REAL TIME  *         9.23 SEC
 DISK USED  *       982.22 MB      
 SF USED    *         0.03 MB      
 GA USED    *         0.00 MB       (max)       0.00 MB       (current)
 **********************************************************************************************************************************


 PROGRAM * MULTI (Direct Multiconfiguration SCF)       Authors: P.J. Knowles, H.-J. Werner (1984)     S.T. Elbert (1988)


 Number of frozen core orbitals:   18 (   6   3   3   1   3   1   1   0 )
 Number of active  orbitals:        6 (   3   0   0   1   0   1   1   0 )
 Number of external orbitals:     191 (  51  23  23  22  23  22  22   5 )

 State symmetry 1

 Orbital occupancy restrictions for symmetry 7
  1      1       200000                          

 Number of electrons:     5    Spin symmetry=Sextet    Space symmetry=7
 Number of states:        1
 Number of CSFs:          1

 State symmetry 2

 Orbital occupancy restrictions for symmetry 6
  1      1       200000                          

 Number of electrons:     5    Spin symmetry=Sextet    Space symmetry=6
 Number of states:        1
 Number of CSFs:          1

 State symmetry 3

 Orbital occupancy restrictions for symmetry 4
  1      1       200000                          

 Number of electrons:     5    Spin symmetry=Sextet    Space symmetry=4
 Number of states:        1
 Number of CSFs:          1

 State symmetry 4

 Orbital occupancy restrictions for symmetry 1
  1      1       200000                          

 Number of electrons:     5    Spin symmetry=Sextet    Space symmetry=1
 Number of states:        2
 Number of CSFs:          2
 
 Maximum number of shells:             1
 Maximum number of spin couplings:     1

 Storage for configuration lists      46, coupling coefficients      5, address lists    266

 Valence orbitals read from record       3202.2  Type=RHF/CANONICAL (state 1.1)
 Frozen core orbitals read from record   3202.2  Type=RHF/CANONICAL (state 1.1)
 *** IN SYMMETRY 1 ORBITAL  2 SYMMETRY CONTAMINATION OF 0.272D-04 HAS BEEN REMOVED
 *** IN SYMMETRY 1 ORBITAL  3 SYMMETRY CONTAMINATION OF 0.357D-03 HAS BEEN REMOVED
 *** IN SYMMETRY 1 ORBITAL  4 SYMMETRY CONTAMINATION OF 0.206D-03 HAS BEEN REMOVED
 *** IN SYMMETRY 1 ORBITAL  5 SYMMETRY CONTAMINATION OF 0.418D-02 HAS BEEN REMOVED
 *** IN SYMMETRY 1 ORBITAL  6 SYMMETRY CONTAMINATION OF 0.365D-02 HAS BEEN REMOVED
 *** IN SYMMETRY 1 ORBITAL  7 SYMMETRY CONTAMINATION OF 0.133D-01 HAS BEEN REMOVED
 *** IN SYMMETRY 1 ORBITAL  8 SYMMETRY CONTAMINATION OF 0.775D-02 HAS BEEN REMOVED
 *** IN SYMMETRY 1 ORBITAL  9 SYMMETRY CONTAMINATION OF 0.101D+00 HAS BEEN REMOVED

 EXTRA SYMMETRY OF MOS IN SYMMETRY 1:   0 0 0 0 0 0 1 3 2 1   3 2 3 2 1 3 2 1 3 2   4 6 5 3 2 1 4 6 5 3   2 4 6 5 1 2 3 4 6 5
                                        2 3 1 2 3 2 3 1 2 3   1 2 3 2 3 1 2 3 1 1
 *** IN SYMMETRY 2 ORBITAL  2 SYMMETRY CONTAMINATION OF 0.226D-03 HAS BEEN REMOVED
 *** IN SYMMETRY 2 ORBITAL  3 SYMMETRY CONTAMINATION OF 0.571D-02 HAS BEEN REMOVED
 EXTRA SYMMETRY OF MOS IN SYMMETRY 2:   0 0 0 1 1 1 2 3 1 3   2 1 3 2 1 2 3 1 2 3   1 1 1 1 1 1
 *** IN SYMMETRY 3 ORBITAL  2 SYMMETRY CONTAMINATION OF 0.226D-03 HAS BEEN REMOVED
 *** IN SYMMETRY 3 ORBITAL  3 SYMMETRY CONTAMINATION OF 0.571D-02 HAS BEEN REMOVED
 EXTRA SYMMETRY OF MOS IN SYMMETRY 3:   0 0 0 1 1 1 2 3 1 3   2 1 3 2 1 2 3 1 2 3   1 1 1 1 1 1
 *** IN SYMMETRY 4 ORBITAL  1 SYMMETRY CONTAMINATION OF 0.206D-03 HAS BEEN REMOVED
 *** IN SYMMETRY 4 ORBITAL  2 SYMMETRY CONTAMINATION OF 0.775D-02 HAS BEEN REMOVED
 EXTRA SYMMETRY OF MOS IN SYMMETRY 4:   0 1 1 1 1 1 2 3 1 2   3 1 2 3 1 2 3 1 1 1   1 1 1 1
 *** IN SYMMETRY 5 ORBITAL  2 SYMMETRY CONTAMINATION OF 0.630D-03 HAS BEEN REMOVED
 *** IN SYMMETRY 5 ORBITAL  3 SYMMETRY CONTAMINATION OF 0.362D-02 HAS BEEN REMOVED
 EXTRA SYMMETRY OF MOS IN SYMMETRY 5:   0 0 0 1 1 1 3 2 1 3   2 1 3 2 1 3 2 1 2 3   1 1 1 1 1 1
 *** IN SYMMETRY 6 ORBITAL  1 SYMMETRY CONTAMINATION OF 0.457D-03 HAS BEEN REMOVED
 *** IN SYMMETRY 6 ORBITAL  2 SYMMETRY CONTAMINATION OF 0.199D-02 HAS BEEN REMOVED
 EXTRA SYMMETRY OF MOS IN SYMMETRY 6:   0 1 1 1 1 1 2 3 1 2   3 1 2 3 1 2 3 1 1 1   1 1 1 1
 *** IN SYMMETRY 7 ORBITAL  1 SYMMETRY CONTAMINATION OF 0.457D-03 HAS BEEN REMOVED
 *** IN SYMMETRY 7 ORBITAL  2 SYMMETRY CONTAMINATION OF 0.199D-02 HAS BEEN REMOVED
 EXTRA SYMMETRY OF MOS IN SYMMETRY 7:   0 1 1 1 1 1 2 3 1 2   3 1 2 3 1 2 3 1 1 1   1 1 1 1

 Wavefunction dump at record             4202.2

 Convergence thresholds  0.10E-01 (gradient)  0.10E-05 (energy)  0.10E-02 (step length)

 Weight factors for state symmetry  1:    0.20000
 Weight factors for state symmetry  2:    0.20000
 Weight factors for state symmetry  3:    0.20000
 Weight factors for state symmetry  4:    0.20000   0.20000

 Eigenvalues of redundancy matrix
   1-  3    0.000000    0.000000    1.000000

 Non-redundant active-active orbital rotations:
     1  2  3  4  5
  2   
  3  +   
  4         
  5            
  6               

 Number of orbital rotations:      220   (     0 Core/Active      0 Core/Virtual   1 Active/Active    219 Active/Virtual)
 Total number of variables:        227


 ITER. MIC  NCI  NEG     ENERGY(VAR)     ENERGY(PROJ)   ENERGY CHANGE     GRAD(0)  GRAD(ORB)   GRAD(CI)     STEP       TIME

   1   63   16    2   -3652.49377791   -3652.71565589   -0.22187798    0.13693695 0.00000000 0.00000000  0.10D+01      0.09
   2   24   20    0   -3652.68139543   -3652.69656856   -0.01517313    0.10521352 0.00000000 0.00000000  0.18D+00      0.16
   3   18   20    0   -3652.69708225   -3652.69713000   -0.00004775    0.00570051 0.00000000 0.00000000  0.11D-01      0.23
   4   16   20    0   -3652.69713010   -3652.69713010   -0.00000000    0.00001830 0.00000000 0.00000000  0.35D-04      0.30

 ** WVFN ****  CONVERGENCE REACHED, FINAL GRADIENT:  0.19D-09



 Results for state 1.7
 =====================

 !MCSCF STATE 1.7 Energy            -3652.697166339237
 Nuclear energy                         0.00000000
 Kinetic energy                      3452.43118462
 One electron energy                -5089.54671989
 Two electron energy                 1436.84955355
 Virial ratio                           2.05800723

 !MCSCF STATE 1.7 Dipole moment         0.00000000     0.00000000     0.00000000
 Dipole moment /Debye                   0.00000000     0.00000000     0.00000000



 Results for state 1.6
 =====================

 !MCSCF STATE 1.6 Energy            -3652.697166339237
 Nuclear energy                         0.00000000
 Kinetic energy                      3452.43118462
 One electron energy                -5089.54671989
 Two electron energy                 1436.84955355
 Virial ratio                           2.05800723

 !MCSCF STATE 1.6 Dipole moment         0.00000000     0.00000000     0.00000000
 Dipole moment /Debye                   0.00000000     0.00000000     0.00000000



 Results for state 1.4
 =====================

 !MCSCF STATE 1.4 Energy            -3652.697005338170
 Nuclear energy                         0.00000000
 Kinetic energy                      3452.43368096
 One electron energy                -5089.54804885
 Two electron energy                 1436.85104351
 Virial ratio                           2.05800642

 !MCSCF STATE 1.4 Dipole moment         0.00000000     0.00000000     0.00000000
 Dipole moment /Debye                   0.00000000     0.00000000     0.00000000



 Results for state 1.1
 =====================

 !MCSCF STATE 1.1 Energy            -3652.697307152100
 Nuclear energy                         0.00000000
 Kinetic energy                      3452.42184601
 One electron energy                -5089.54153605
 Two electron energy                 1436.84422890
 Virial ratio                           2.05801014

 !MCSCF STATE 1.1 Dipole moment         0.00000000     0.00000000     0.00000000
 Dipole moment /Debye                   0.00000000     0.00000000     0.00000000

 Results for state 2.1
 =====================

 !MCSCF STATE 2.1 Energy            -3652.697005338170
 Nuclear energy                         0.00000000
 Kinetic energy                      3452.43368096
 One electron energy                -5089.54804885
 Two electron energy                 1436.85104351
 Virial ratio                           2.05800642

 !MCSCF STATE 2.1 Dipole moment         0.00000000     0.00000000     0.00000000
 Dipole moment /Debye                   0.00000000     0.00000000     0.00000000

 State-averaged charge density matrix saved on record  4202.2 (density set 1)


 NATURAL ORBITALS (state averaged)
 =================================

   Orb     Occ        Energy       Coefficients

                                   1 1s      1 1s      1 1s      1 1s      1 1s      1 1s      1 1s      1 1s      1 1s      1 1s   
                                   1 1s      1 1s      1 1s      1 1s      1 1s      1 1s      1 3d0     1 3d2+    1 3d0     1 3d2+ 
                                   1 3d0     1 3d2+    1 3d0     1 3d2+    1 3d0     1 3d2+    1 3d0     1 3d2+    1 3d0     1 3d2+ 
                                   1 3d0     1 3d2+    1 3d0     1 3d2+    1 3d0     1 3d2+    1 3d0     1 3d2+    1 3d0     1 3d2+ 
                                   1 3d0     1 3d2+    1 3d0     1 3d2+    1 3d0     1 3d2+    1 3d0     1 3d2+    1 5g0     1 5g4+ 
                                   1 5g2+    1 5g0     1 5g4+    1 5g2+    1 5g0     1 5g4+    1 5g2+    1 5g0     1 5g4+    1 5g2+ 


   7.1  1.00000    -0.075606     0.013208 -0.007257  0.027977 -0.021616 -0.025608 -0.078157  0.049387  0.179043  0.100994 -0.263221
                                -0.318423 -0.158432  0.299299  0.621145  0.314138  0.011368 -0.000000 -0.000000 -0.000000 -0.000000
                                -0.000000 -0.000000 -0.000000 -0.000000 -0.000000 -0.000000 -0.000000 -0.000000 -0.000000 -0.000000
                                -0.000000 -0.000000 -0.000000 -0.000000  0.000000  0.000000 -0.000000 -0.000000  0.000000  0.000000
                                -0.000000 -0.000000  0.000000  0.000000 -0.000000 -0.000000  0.000000  0.000000  0.000000  0.000000
                                 0.000000  0.000000  0.000000  0.000000  0.000000  0.000000  0.000000  0.000000  0.000000  0.000000

   8.1  0.80000     0.003562    -0.000000  0.000000 -0.000000  0.000000 -0.000000  0.000000 -0.000000  0.000000 -0.000000  0.000000
                                 0.000000  0.000000 -0.000000 -0.000000 -0.000000 -0.000000 -0.013898  0.000000 -0.004361  0.000000
                                -0.049881  0.000000 -0.044706  0.000000 -0.086824  0.000000 -0.043844  0.000000  0.007524  0.000000
                                 0.155760 -0.000000  0.231559 -0.000000  0.289614 -0.000000  0.247709 -0.000000  0.195091 -0.000000
                                 0.094028 -0.000000  0.032288 -0.000000  0.000933 -0.000000  0.000484 -0.000000  0.000000  0.000000
                                 0.000000  0.000000  0.000000  0.000000  0.000000  0.000000  0.000000  0.000000  0.000000  0.000000

   9.1  0.80000     0.003280    -0.000000  0.000000 -0.000000  0.000000 -0.000000 -0.000000  0.000000  0.000000  0.000000 -0.000000
                                -0.000000 -0.000000  0.000000  0.000000  0.000000 -0.000000  0.000000  0.013853  0.000000  0.004347
                                 0.000000  0.049723  0.000000  0.044560  0.000000  0.086533  0.000000  0.043652  0.000000 -0.007708
                                 0.000000 -0.155820  0.000000 -0.231632 -0.000000 -0.289639  0.000000 -0.247756 -0.000000 -0.195024
                                 0.000000 -0.093911 -0.000000 -0.032200  0.000000 -0.000920 -0.000000 -0.000484  0.000000  0.000000
                                 0.000000  0.000000  0.000000  0.000000  0.000000  0.000000  0.000000  0.000000  0.000000  0.000000

                                   1 3d2-    1 3d2-    1 3d2-    1 3d2-    1 3d2-    1 3d2-    1 3d2-    1 3d2-    1 3d2-    1 3d2- 
                                   1 3d2-    1 3d2-    1 3d2-    1 3d2-    1 3d2-    1 3d2-    1 5g2-    1 5g4-    1 5g2-    1 5g4- 
                                   1 5g2-    1 5g4-    1 5g2-    1 5g4- 

   2.4  0.80000     0.003280     0.013853  0.004347  0.049723  0.044560  0.086533  0.043652 -0.007708 -0.155820 -0.231632 -0.289639
                                -0.247756 -0.195024 -0.093911 -0.032200 -0.000920 -0.000484  0.000000  0.000000  0.000000  0.000000
                                 0.000000  0.000000  0.000000  0.000000

                                   1 3d1+    1 3d1+    1 3d1+    1 3d1+    1 3d1+    1 3d1+    1 3d1+    1 3d1+    1 3d1+    1 3d1+ 
                                   1 3d1+    1 3d1+    1 3d1+    1 3d1+    1 3d1+    1 3d1+    1 5g1+    1 5g3+    1 5g1+    1 5g3+ 
                                   1 5g1+    1 5g3+    1 5g1+    1 5g3+ 

   2.6  0.80000     0.003438     0.013862  0.004350  0.049757  0.044592  0.086594  0.043688 -0.007677 -0.155812 -0.231625 -0.289628
                                -0.247718 -0.195033 -0.093960 -0.032241 -0.000926 -0.000484  0.000000  0.000000  0.000000  0.000000
                                 0.000000  0.000000  0.000000  0.000000

                                   1 3d1-    1 3d1-    1 3d1-    1 3d1-    1 3d1-    1 3d1-    1 3d1-    1 3d1-    1 3d1-    1 3d1- 
                                   1 3d1-    1 3d1-    1 3d1-    1 3d1-    1 3d1-    1 3d1-    1 5g1-    1 5g3-    1 5g1-    1 5g3- 
                                   1 5g1-    1 5g3-    1 5g1-    1 5g3- 

   2.7  0.80000     0.003438     0.013862  0.004350  0.049757  0.044592  0.086594  0.043688 -0.007677 -0.155812 -0.231625 -0.289628
                                -0.247718 -0.195033 -0.093960 -0.032241 -0.000926 -0.000484  0.000000  0.000000  0.000000  0.000000
                                 0.000000  0.000000  0.000000  0.000000
 

 EXTRA SYMMETRY OF MOS IN SYMMETRY 1:   0 0 0 0 0 0 1 2 3 1   2 3 2 3 1 2 3 1 2 3   4 6 5 2 3 1 4 6 5 2   3 6 4 5 1 3 2 5 6 4
                                        3 2 1 3 2 3 2 1 3 2   1 3 2 2 3 1 2 3 1 1
 EXTRA SYMMETRY OF MOS IN SYMMETRY 2:   0 0 0 1 1 1 2 3 1 2   3 1 3 2 1 3 2 1 3 2   1 1 1 1 1 1
 EXTRA SYMMETRY OF MOS IN SYMMETRY 3:   0 0 0 1 1 1 2 3 1 2   3 1 3 2 1 3 2 1 3 2   1 1 1 1 1 1
 EXTRA SYMMETRY OF MOS IN SYMMETRY 4:   0 1 1 1 1 1 2 3 1 2   3 1 2 3 1 3 2 1 1 1   1 1 1 1
 EXTRA SYMMETRY OF MOS IN SYMMETRY 5:   0 0 0 1 1 1 2 3 1 2   3 1 3 2 1 3 2 1 3 2   1 1 1 1 1 1
 EXTRA SYMMETRY OF MOS IN SYMMETRY 6:   0 1 1 1 1 1 2 3 1 2   3 1 2 3 1 3 2 1 1 1   1 1 1 1
 EXTRA SYMMETRY OF MOS IN SYMMETRY 7:   0 1 1 1 1 1 2 3 1 2   3 1 2 3 1 3 2 1 1 1   1 1 1 1

 Natural orbital dump (state averaged) at molpro section  4202.2    (Orbital set 2)


 CI vector for state symmetry 1
 ==============================

 /// / / 0          1.0000000

 TOTAL ENERGIES                     -3652.69716634

 CI vector for state symmetry 2
 ==============================

 /// / 0 /          1.0000000

 TOTAL ENERGIES                     -3652.69716634

 CI vector for state symmetry 3
 ==============================

 /// 0 / /          1.0000000

 TOTAL ENERGIES                     -3652.69700534

 CI vector for state symmetry 4
 ==============================

 /0/ / / /          1.0000000   0.0000000
 //0 / / /         -0.0000000   1.0000000

 TOTAL ENERGIES                     -3652.69730715 -3652.69700534



 **********************************************************************************************************************************
 DATASETS  * FILE   NREC   LENGTH (MB)   RECORD NAMES
              1      23       22.17       500      610      700      900      950      970     1000      129      960     1700   
                                          VAR    BASINP    GEOM    SYMINP    ZMAT    AOBASIS   BASIS     P2S    ABASIS    OPER   
                                         1101     1401     1411     1412     1650     1100     1400     1410     1200     1210   
                                          SR      EKINR    POTR     PVPR    MOLCAS      S      EKIN      POT      H0       H01  
                                         1080     1600     1380   
                                         AOSYM     SMH     JKOP   

              2       6        8.34       200      700     1000      520     3202     4202   
                                        OPTIONS   GEOM     BASIS   MCVARS     RHF     MCSCF   

 PROGRAMS   *        TOTAL     MULTI       POP       RHF       INT
 CPU TIMES  *         7.67      0.38      0.01      0.59      6.10
 REAL TIME  *        11.33 SEC
 DISK USED  *       982.22 MB      
 SF USED    *        17.71 MB      
 GA USED    *         0.00 MB       (max)       0.00 MB       (current)
 **********************************************************************************************************************************


 PROGRAM * MULTI (Direct Multiconfiguration SCF)       Authors: P.J. Knowles, H.-J. Werner (1984)     S.T. Elbert (1988)


 Number of closed-shell orbitals:  18 (   6   3   3   1   3   1   1   0 )
 Number of active  orbitals:        6 (   3   0   0   1   0   1   1   0 )
 Number of external orbitals:     191 (  51  23  23  22  23  22  22   5 )

 State symmetry 1

 Orbital occupancy restrictions for symmetry 7
  1      1       200000                          

 Number of electrons:     5    Spin symmetry=Sextet    Space symmetry=7
 Number of states:        1
 Number of CSFs:          1

 State symmetry 2

 Orbital occupancy restrictions for symmetry 6
  1      1       200000                          

 Number of electrons:     5    Spin symmetry=Sextet    Space symmetry=6
 Number of states:        1
 Number of CSFs:          1

 State symmetry 3

 Orbital occupancy restrictions for symmetry 4
  1      1       200000                          

 Number of electrons:     5    Spin symmetry=Sextet    Space symmetry=4
 Number of states:        1
 Number of CSFs:          1

 State symmetry 4

 Orbital occupancy restrictions for symmetry 1
  1      1       200000                          

 Number of electrons:     5    Spin symmetry=Sextet    Space symmetry=1
 Number of states:        2
 Number of CSFs:          2
 
 Maximum number of shells:             1
 Maximum number of spin couplings:     1

 Storage for configuration lists      46, coupling coefficients      5, address lists    266

 Molecular orbitals read from record     4202.2  Type=MCSCF/NATURAL (state averaged)

 EXTRA SYMMETRY OF MOS IN SYMMETRY 1:   1 1 1 3 2 1 1 2 3 1   2 3 2 3 1 2 3 1 2 3   4 6 5 2 3 1 4 6 5 2   3 6 4 5 1 3 2 5 6 4
                                        3 2 1 3 2 3 2 1 3 2   1 3 2 2 3 1 2 3 1 1
 EXTRA SYMMETRY OF MOS IN SYMMETRY 2:   1 1 1 1 1 1 2 3 1 2   3 1 3 2 1 3 2 1 3 2   1 1 1 1 1 1
 EXTRA SYMMETRY OF MOS IN SYMMETRY 3:   1 1 1 1 1 1 2 3 1 2   3 1 3 2 1 3 2 1 3 2   1 1 1 1 1 1
 EXTRA SYMMETRY OF MOS IN SYMMETRY 4:   1 1 1 1 1 1 2 3 1 2   3 1 2 3 1 3 2 1 1 1   1 1 1 1
 EXTRA SYMMETRY OF MOS IN SYMMETRY 5:   1 1 1 1 1 1 2 3 1 2   3 1 3 2 1 3 2 1 3 2   1 1 1 1 1 1
 EXTRA SYMMETRY OF MOS IN SYMMETRY 6:   1 1 1 1 1 1 2 3 1 2   3 1 2 3 1 3 2 1 1 1   1 1 1 1
 EXTRA SYMMETRY OF MOS IN SYMMETRY 7:   1 1 1 1 1 1 2 3 1 2   3 1 2 3 1 3 2 1 1 1   1 1 1 1

 Wavefunction dump at record             5202.2

 Convergence thresholds  0.10E-01 (gradient)  0.10E-05 (energy)  0.10E-02 (step length)

 Weight factors for state symmetry  1:    0.20000
 Weight factors for state symmetry  2:    0.20000
 Weight factors for state symmetry  3:    0.20000
 Weight factors for state symmetry  4:    0.20000   0.20000

 Eigenvalues of redundancy matrix
   1-  3    0.000000    0.000000    1.000000

 Non-redundant active-active orbital rotations:
     1  2  3  4  5
  2   
  3  +   
  4         
  5            
  6               

 Number of orbital rotations:      820   (    21 Core/Active    579 Core/Virtual   1 Active/Active    219 Active/Virtual)
 Total number of variables:        827


 ITER. MIC  NCI  NEG     ENERGY(VAR)     ENERGY(PROJ)   ENERGY CHANGE     GRAD(0)  GRAD(ORB)   GRAD(CI)     STEP       TIME

   1   20   28    0   -3652.69713010   -3652.69721527   -0.00008517    0.03500181 0.00000000 0.00000000  0.39D-02      0.48
   2   27   20    0   -3652.69721527   -3652.69721527   -0.00000000    0.00000714 0.00000000 0.00000000  0.94D-05      0.79

 ** WVFN ****  CONVERGENCE REACHED, FINAL GRADIENT:  0.23D-10



 Results for state 1.7
 =====================

 !MCSCF STATE 1.7 Energy            -3652.697215267688
 Nuclear energy                         0.00000000
 Kinetic energy                      3452.42545581
 One electron energy                -5089.54423916
 Two electron energy                 1436.84702390
 Virial ratio                           2.05800900

 !MCSCF STATE 1.7 Dipole moment         0.00000000     0.00000000     0.00000000
 Dipole moment /Debye                   0.00000000     0.00000000     0.00000000



 Results for state 1.6
 =====================

 !MCSCF STATE 1.6 Energy            -3652.697215267688
 Nuclear energy                         0.00000000
 Kinetic energy                      3452.42545581
 One electron energy                -5089.54423916
 Two electron energy                 1436.84702390
 Virial ratio                           2.05800900

 !MCSCF STATE 1.6 Dipole moment         0.00000000     0.00000000     0.00000000
 Dipole moment /Debye                   0.00000000     0.00000000     0.00000000



 Results for state 1.4
 =====================

 !MCSCF STATE 1.4 Energy            -3652.697215267688
 Nuclear energy                         0.00000000
 Kinetic energy                      3452.42545581
 One electron energy                -5089.54423916
 Two electron energy                 1436.84702390
 Virial ratio                           2.05800900

 !MCSCF STATE 1.4 Dipole moment         0.00000000     0.00000000     0.00000000
 Dipole moment /Debye                   0.00000000     0.00000000     0.00000000



 Results for state 1.1
 =====================

 !MCSCF STATE 1.1 Energy            -3652.697215267688
 Nuclear energy                         0.00000000
 Kinetic energy                      3452.42545581
 One electron energy                -5089.54423916
 Two electron energy                 1436.84702390
 Virial ratio                           2.05800900

 !MCSCF STATE 1.1 Dipole moment         0.00000000     0.00000000     0.00000000
 Dipole moment /Debye                   0.00000000     0.00000000     0.00000000

 Results for state 2.1
 =====================

 !MCSCF STATE 2.1 Energy            -3652.697215267688
 Nuclear energy                         0.00000000
 Kinetic energy                      3452.42545581
 One electron energy                -5089.54423916
 Two electron energy                 1436.84702390
 Virial ratio                           2.05800900

 !MCSCF STATE 2.1 Dipole moment         0.00000000     0.00000000     0.00000000
 Dipole moment /Debye                   0.00000000     0.00000000     0.00000000

 State-averaged charge density matrix saved on record  5202.2 (density set 1)


 NATURAL ORBITALS (state averaged)
 =================================

   Orb     Occ        Energy       Coefficients

                                   1 1s      1 1s      1 1s      1 1s      1 1s      1 1s      1 1s      1 1s      1 1s      1 1s   
                                   1 1s      1 1s      1 1s      1 1s      1 1s      1 1s      1 3d0     1 3d2+    1 3d0     1 3d2+ 
                                   1 3d0     1 3d2+    1 3d0     1 3d2+    1 3d0     1 3d2+    1 3d0     1 3d2+    1 3d0     1 3d2+ 
                                   1 3d0     1 3d2+    1 3d0     1 3d2+    1 3d0     1 3d2+    1 3d0     1 3d2+    1 3d0     1 3d2+ 
                                   1 3d0     1 3d2+    1 3d0     1 3d2+    1 3d0     1 3d2+    1 3d0     1 3d2+    1 5g0     1 5g4+ 
                                   1 5g2+    1 5g0     1 5g4+    1 5g2+    1 5g0     1 5g4+    1 5g2+    1 5g0     1 5g4+    1 5g2+ 


   1.1  2.00000  -637.424040     0.796812 -0.553838  1.263349 -0.812779  0.731570 -0.556619  0.407057 -0.289146  0.201262 -0.137980
                                 0.093113 -0.061336  0.038580 -0.022041  0.010289 -0.002847  0.000000  0.000000  0.000000  0.000000
                                 0.000000  0.000000  0.000000  0.000000  0.000000  0.000000  0.000000  0.000000  0.000000  0.000000
                                 0.000000  0.000000  0.000000  0.000000 -0.000000 -0.000000  0.000000  0.000000 -0.000000 -0.000000
                                 0.000000  0.000000 -0.000000 -0.000000  0.000000  0.000000 -0.000000 -0.000000  0.000000  0.000000
                                 0.000000  0.000000  0.000000  0.000000  0.000000  0.000000  0.000000  0.000000  0.000000  0.000000

   2.1  2.00000   -93.671046    -0.313552  0.177901 -0.623380  0.460869  0.172323  0.813309 -0.184908  0.206184 -0.149481  0.106384
                                -0.073675  0.049236 -0.031247  0.017938 -0.008400  0.002327 -0.000000 -0.000000 -0.000000 -0.000000
                                -0.000000 -0.000000 -0.000000 -0.000000 -0.000000 -0.000000 -0.000000 -0.000000 -0.000000 -0.000000
                                -0.000000 -0.000000 -0.000000 -0.000000  0.000000  0.000000 -0.000000 -0.000000  0.000000  0.000000
                                -0.000000 -0.000000  0.000000  0.000000 -0.000000 -0.000000  0.000000  0.000000  0.000000  0.000000
                                 0.000000  0.000000  0.000000  0.000000  0.000000  0.000000  0.000000  0.000000  0.000000  0.000000

   3.1  2.00000   -16.724823     0.135686 -0.075088  0.284579 -0.219085 -0.216815 -0.694680  0.412977  0.698415  0.360597 -0.075725
                                 0.062530 -0.041858  0.027228 -0.015862  0.007482 -0.002085 -0.000000 -0.000000 -0.000000 -0.000000
                                -0.000000 -0.000000 -0.000000 -0.000000 -0.000000 -0.000000 -0.000000 -0.000000 -0.000000 -0.000000
                                -0.000000 -0.000000 -0.000000 -0.000000  0.000000  0.000000 -0.000000 -0.000000  0.000000  0.000000
                                -0.000000 -0.000000  0.000000  0.000000 -0.000000 -0.000000  0.000000  0.000000  0.000000  0.000000
                                 0.000000  0.000000  0.000000  0.000000  0.000000  0.000000  0.000000  0.000000  0.000000  0.000000

   4.1  2.00000    -8.359411    -0.000000  0.000000 -0.000000  0.000000  0.000000  0.000000 -0.000000  0.000000 -0.000000 -0.000000
                                -0.000000  0.000000 -0.000000  0.000000 -0.000000  0.000000  0.055915  0.000658  0.017281  0.000203
                                 0.197267  0.002320  0.179677  0.002113  0.356230  0.004190  0.226782  0.002667  0.194566  0.002289
                                 0.006814  0.000080  0.035319  0.000415 -0.022639 -0.000266  0.017493  0.000206 -0.012348 -0.000145
                                 0.008141  0.000096 -0.004637 -0.000055  0.001975  0.000023 -0.000461 -0.000005  0.000000  0.000000
                                 0.000000  0.000000  0.000000  0.000000  0.000000  0.000000  0.000000  0.000000  0.000000  0.000000

   5.1  2.00000    -8.359411    -0.000000  0.000000 -0.000000  0.000000 -0.000000 -0.000000  0.000000  0.000000  0.000000 -0.000000
                                -0.000000 -0.000000  0.000000 -0.000000  0.000000 -0.000000 -0.000658  0.055915 -0.000203  0.017281
                                -0.002320  0.197267 -0.002113  0.179677 -0.004190  0.356230 -0.002667  0.226782 -0.002289  0.194566
                                -0.000080  0.006814 -0.000415  0.035319  0.000266 -0.022639 -0.000206  0.017493  0.000145 -0.012348
                                -0.000096  0.008141  0.000055 -0.004637 -0.000023  0.001975  0.000005 -0.000461  0.000000  0.000000
                                 0.000000  0.000000  0.000000  0.000000  0.000000  0.000000  0.000000  0.000000  0.000000  0.000000

   6.1  2.00000    -2.460268    -0.052381  0.028813 -0.110831  0.085627  0.099028  0.304376 -0.191650 -0.622924 -0.352596  0.746322
                                 0.569487  0.138087 -0.023464  0.012470 -0.008665  0.002021  0.000000  0.000000  0.000000  0.000000
                                 0.000000  0.000000  0.000000  0.000000  0.000000  0.000000  0.000000  0.000000  0.000000  0.000000
                                 0.000000  0.000000  0.000000  0.000000 -0.000000 -0.000000  0.000000  0.000000 -0.000000 -0.000000
                                 0.000000  0.000000 -0.000000 -0.000000  0.000000  0.000000 -0.000000 -0.000000  0.000000  0.000000
                                 0.000000  0.000000  0.000000  0.000000  0.000000  0.000000  0.000000  0.000000  0.000000  0.000000

   7.1  1.00000    -0.075605     0.013211 -0.007259  0.027983 -0.021621 -0.025614 -0.078175  0.049399  0.179077  0.101011 -0.263252
                                -0.318459 -0.158451  0.299301  0.621152  0.314135  0.011367 -0.000000 -0.000000 -0.000000 -0.000000
                                -0.000000 -0.000000 -0.000000 -0.000000 -0.000000 -0.000000 -0.000000 -0.000000 -0.000000 -0.000000
                                -0.000000 -0.000000 -0.000000 -0.000000  0.000000  0.000000 -0.000000 -0.000000  0.000000  0.000000
                                -0.000000 -0.000000  0.000000  0.000000 -0.000000 -0.000000  0.000000  0.000000  0.000000  0.000000
                                 0.000000  0.000000  0.000000  0.000000  0.000000  0.000000  0.000000  0.000000  0.000000  0.000000

   8.1  0.80000     0.003415    -0.000000  0.000000 -0.000000  0.000000 -0.000000 -0.000000  0.000000  0.000000  0.000000 -0.000000
                                -0.000000 -0.000000  0.000000  0.000000  0.000000 -0.000000 -0.000000  0.013871 -0.000000  0.004353
                                -0.000000  0.049789 -0.000000  0.044621 -0.000000  0.086653 -0.000000  0.043727  0.000000 -0.007639
                                 0.000000 -0.155798  0.000000 -0.231600  0.000000 -0.289624  0.000000 -0.247731  0.000000 -0.195053
                                 0.000000 -0.093967  0.000000 -0.032242  0.000000 -0.000926  0.000000 -0.000484  0.000000  0.000000
                                 0.000000  0.000000  0.000000  0.000000  0.000000  0.000000  0.000000  0.000000  0.000000  0.000000

   9.1  0.80000     0.003415    -0.000000  0.000000 -0.000000  0.000000 -0.000000  0.000000 -0.000000  0.000000 -0.000000  0.000000
                                 0.000000  0.000000 -0.000000 -0.000000 -0.000000 -0.000000 -0.013871  0.000000 -0.004353  0.000000
                                -0.049789  0.000000 -0.044621  0.000000 -0.086653  0.000000 -0.043727  0.000000  0.007639  0.000000
                                 0.155798  0.000000  0.231600  0.000000  0.289624 -0.000000  0.247731  0.000000  0.195053 -0.000000
                                 0.093967  0.000000  0.032242 -0.000000  0.000926  0.000000  0.000484 -0.000000  0.000000  0.000000
                                 0.000000  0.000000  0.000000  0.000000  0.000000  0.000000  0.000000  0.000000  0.000000  0.000000

                                   1 2px     1 2px     1 2px     1 2px     1 2px     1 2px     1 2px     1 2px     1 2px     1 2px  
                                   1 2px     1 2px     1 2px     1 2px     1 2px     1 2px     1 4f1+    1 4f3+    1 4f1+    1 4f3+ 
                                   1 4f1+    1 4f3+    1 4f1+    1 4f3+    1 4f1+    1 4f3+ 

   1.2  2.00000   -89.271784     0.249394 -0.050669  0.606497  0.041417  0.413752 -0.185567  0.171980 -0.130221  0.096818 -0.069937
                                 0.049076 -0.033196  0.021099 -0.011903  0.005192 -0.001282  0.000000  0.000000  0.000000  0.000000
                                 0.000000  0.000000  0.000000  0.000000  0.000000  0.000000

   2.2  2.00000   -14.197454    -0.113231  0.019427 -0.298640 -0.018941 -0.092220  0.489010  0.366022  0.309718 -0.047077  0.060277
                                -0.043316  0.030764 -0.020110  0.011569 -0.005111  0.001272  0.000000  0.000000  0.000000  0.000000
                                 0.000000  0.000000  0.000000  0.000000  0.000000  0.000000

   3.2  2.00000    -1.575643     0.040511 -0.006796  0.108538  0.006272  0.022725 -0.220217 -0.217083 -0.109297  0.363109  0.441896
                                 0.326369  0.054265  0.024661 -0.009065  0.004868 -0.001235  0.000000  0.000000  0.000000  0.000000
                                 0.000000  0.000000  0.000000  0.000000  0.000000  0.000000

                                   1 2py     1 2py     1 2py     1 2py     1 2py     1 2py     1 2py     1 2py     1 2py     1 2py  
                                   1 2py     1 2py     1 2py     1 2py     1 2py     1 2py     1 4f1-    1 4f3-    1 4f1-    1 4f3- 
                                   1 4f1-    1 4f3-    1 4f1-    1 4f3-    1 4f1-    1 4f3- 

   1.3  2.00000   -89.271784     0.249394 -0.050669  0.606497  0.041417  0.413752 -0.185567  0.171980 -0.130221  0.096818 -0.069937
                                 0.049076 -0.033196  0.021099 -0.011903  0.005192 -0.001282  0.000000  0.000000  0.000000  0.000000
                                 0.000000  0.000000  0.000000  0.000000  0.000000  0.000000

   2.3  2.00000   -14.197454    -0.113231  0.019427 -0.298640 -0.018941 -0.092220  0.489010  0.366022  0.309718 -0.047077  0.060277
                                -0.043316  0.030764 -0.020110  0.011569 -0.005111  0.001272  0.000000  0.000000  0.000000  0.000000
                                 0.000000  0.000000  0.000000  0.000000  0.000000  0.000000

   3.3  2.00000    -1.575643     0.040511 -0.006796  0.108538  0.006272  0.022725 -0.220217 -0.217083 -0.109297  0.363109  0.441896
                                 0.326369  0.054265  0.024661 -0.009065  0.004868 -0.001235  0.000000  0.000000  0.000000  0.000000
                                 0.000000  0.000000  0.000000  0.000000  0.000000  0.000000

                                   1 3d2-    1 3d2-    1 3d2-    1 3d2-    1 3d2-    1 3d2-    1 3d2-    1 3d2-    1 3d2-    1 3d2- 
                                   1 3d2-    1 3d2-    1 3d2-    1 3d2-    1 3d2-    1 3d2-    1 5g2-    1 5g4-    1 5g2-    1 5g4- 
                                   1 5g2-    1 5g4-    1 5g2-    1 5g4- 

   1.4  2.00000    -8.359411     0.055919  0.017283  0.197281  0.179689  0.356254  0.226797  0.194580  0.006815  0.035322 -0.022640
                                 0.017495 -0.012348  0.008141 -0.004638  0.001975 -0.000461  0.000000  0.000000  0.000000  0.000000
                                 0.000000  0.000000  0.000000  0.000000

   2.4  0.80000     0.003415     0.013871  0.004353  0.049789  0.044621  0.086653  0.043727 -0.007639 -0.155798 -0.231600 -0.289624
                                -0.247731 -0.195053 -0.093967 -0.032242 -0.000926 -0.000484  0.000000  0.000000  0.000000  0.000000
                                 0.000000  0.000000  0.000000  0.000000

                                   1 2pz     1 2pz     1 2pz     1 2pz     1 2pz     1 2pz     1 2pz     1 2pz     1 2pz     1 2pz  
                                   1 2pz     1 2pz     1 2pz     1 2pz     1 2pz     1 2pz     1 4f0     1 4f2+    1 4f0     1 4f2+ 
                                   1 4f0     1 4f2+    1 4f0     1 4f2+    1 4f0     1 4f2+ 

   1.5  2.00000   -89.271784     0.249394 -0.050669  0.606497  0.041417  0.413752 -0.185567  0.171980 -0.130221  0.096818 -0.069937
                                 0.049076 -0.033196  0.021099 -0.011903  0.005192 -0.001282  0.000000  0.000000  0.000000  0.000000
                                 0.000000  0.000000  0.000000  0.000000  0.000000  0.000000

   2.5  2.00000   -14.197454    -0.113231  0.019427 -0.298640 -0.018941 -0.092220  0.489010  0.366022  0.309718 -0.047077  0.060277
                                -0.043316  0.030764 -0.020110  0.011569 -0.005111  0.001272  0.000000  0.000000  0.000000  0.000000
                                 0.000000  0.000000  0.000000  0.000000  0.000000  0.000000

   3.5  2.00000    -1.575643     0.040511 -0.006796  0.108538  0.006272  0.022725 -0.220217 -0.217083 -0.109297  0.363109  0.441896
                                 0.326369  0.054265  0.024661 -0.009065  0.004868 -0.001235  0.000000  0.000000  0.000000  0.000000
                                 0.000000  0.000000  0.000000  0.000000  0.000000  0.000000

                                   1 3d1+    1 3d1+    1 3d1+    1 3d1+    1 3d1+    1 3d1+    1 3d1+    1 3d1+    1 3d1+    1 3d1+ 
                                   1 3d1+    1 3d1+    1 3d1+    1 3d1+    1 3d1+    1 3d1+    1 5g1+    1 5g3+    1 5g1+    1 5g3+ 
                                   1 5g1+    1 5g3+    1 5g1+    1 5g3+ 

   1.6  2.00000    -8.359411     0.055919  0.017283  0.197281  0.179689  0.356254  0.226797  0.194580  0.006815  0.035322 -0.022640
                                 0.017495 -0.012348  0.008141 -0.004638  0.001975 -0.000461  0.000000  0.000000  0.000000  0.000000
                                 0.000000  0.000000  0.000000  0.000000

   2.6  0.80000     0.003415     0.013871  0.004353  0.049789  0.044621  0.086653  0.043727 -0.007639 -0.155798 -0.231600 -0.289624
                                -0.247731 -0.195053 -0.093967 -0.032242 -0.000926 -0.000484  0.000000  0.000000  0.000000  0.000000
                                 0.000000  0.000000  0.000000  0.000000

                                   1 3d1-    1 3d1-    1 3d1-    1 3d1-    1 3d1-    1 3d1-    1 3d1-    1 3d1-    1 3d1-    1 3d1- 
                                   1 3d1-    1 3d1-    1 3d1-    1 3d1-    1 3d1-    1 3d1-    1 5g1-    1 5g3-    1 5g1-    1 5g3- 
                                   1 5g1-    1 5g3-    1 5g1-    1 5g3- 

   1.7  2.00000    -8.359411     0.055919  0.017283  0.197281  0.179689  0.356254  0.226797  0.194580  0.006815  0.035322 -0.022640
                                 0.017495 -0.012348  0.008141 -0.004638  0.001975 -0.000461  0.000000  0.000000  0.000000  0.000000
                                 0.000000  0.000000  0.000000  0.000000

   2.7  0.80000     0.003415     0.013871  0.004353  0.049789  0.044621  0.086653  0.043727 -0.007639 -0.155798 -0.231600 -0.289624
                                -0.247731 -0.195053 -0.093967 -0.032242 -0.000926 -0.000484  0.000000  0.000000  0.000000  0.000000
                                 0.000000  0.000000  0.000000  0.000000
 
 *** IN SYMMETRY 1 ORBITAL  4 SYMMETRY CONTAMINATION OF 0.116D-01 HAS BEEN REMOVED
 *** IN SYMMETRY 1 ORBITAL  5 SYMMETRY CONTAMINATION OF 0.116D-01 HAS BEEN REMOVED

 EXTRA SYMMETRY OF MOS IN SYMMETRY 1:   1 1 1 2 3 1 1 3 2 1   2 3 3 2 1 3 2 1 3 2   6 5 4 3 2 1 6 4 5 3   2 4 5 6 1 3 2 4 5 6
                                        2 3 1 2 3 2 3 1 2 3   1 2 3 2 3 1 2 3 1 1
 EXTRA SYMMETRY OF MOS IN SYMMETRY 2:   1 1 1 1 1 1 2 3 1 3   2 1 2 3 1 3 2 1 2 3   1 1 1 1 1 1
 EXTRA SYMMETRY OF MOS IN SYMMETRY 3:   1 1 1 1 1 1 2 3 1 3   2 1 3 2 1 3 2 1 2 3   1 1 1 1 1 1
 EXTRA SYMMETRY OF MOS IN SYMMETRY 4:   1 1 1 1 1 1 2 3 1 3   2 1 3 2 1 3 2 1 1 1   1 1 1 1
 EXTRA SYMMETRY OF MOS IN SYMMETRY 5:   1 1 1 1 1 1 2 3 1 3   2 1 2 3 1 3 2 1 3 2   1 1 1 1 1 1
 EXTRA SYMMETRY OF MOS IN SYMMETRY 6:   1 1 1 1 1 1 3 2 1 3   2 1 2 3 1 3 2 1 1 1   1 1 1 1
 EXTRA SYMMETRY OF MOS IN SYMMETRY 7:   1 1 1 1 1 1 3 2 1 2   3 1 2 3 1 2 3 1 1 1   1 1 1 1

 Natural orbital dump (state averaged) at molpro section  5202.2    (Orbital set 2)


 CI vector for state symmetry 1
 ==============================

 /// / / 0          1.0000000

 TOTAL ENERGIES                     -3652.69721527

 CI vector for state symmetry 2
 ==============================

 /// / 0 /          1.0000000

 TOTAL ENERGIES                     -3652.69721527

 CI vector for state symmetry 3
 ==============================

 /// 0 / /          1.0000000

 TOTAL ENERGIES                     -3652.69721527

 CI vector for state symmetry 4
 ==============================

 /0/ / / /         -0.0711345   0.9974667
 //0 / / /          0.9974667   0.0711345

 TOTAL ENERGIES                     -3652.69721527 -3652.69721527



 **********************************************************************************************************************************
 DATASETS  * FILE   NREC   LENGTH (MB)   RECORD NAMES
              1      23       42.45       500      610      700      900      950      970     1000      129      960     1700   
                                          VAR    BASINP    GEOM    SYMINP    ZMAT    AOBASIS   BASIS     P2S    ABASIS    OPER   
                                         1101     1401     1411     1412     1650     1100     1400     1410     1200     1210   
                                          SR      EKINR    POTR     PVPR    MOLCAS      S      EKIN      POT      H0       H01  
                                         1080     1600     1380   
                                         AOSYM     SMH     JKOP   

              2       7       11.20       200      700     1000      520     3202     4202     5202   
                                        OPTIONS   GEOM     BASIS   MCVARS     RHF     MCSCF    MCSCF   

 PROGRAMS   *        TOTAL     MULTI     MULTI       POP       RHF       INT
 CPU TIMES  *         8.88      1.20      0.38      0.01      0.59      6.10
 REAL TIME  *        14.21 SEC
 DISK USED  *       982.22 MB      
 SF USED    *        97.31 MB      
 GA USED    *         0.00 MB       (max)       0.00 MB       (current)
 **********************************************************************************************************************************


 PROGRAM * RHF-SCF (OPEN SHELL)       Authors: W. Meyer, H.-J. Werner


 NUMBER OF ELECTRONS:      23+   18-    SPACE SYMMETRY=1    SPIN SYMMETRY: Sextet  
 CONVERGENCE THRESHOLDS:    1.00E-05 (Density)    1.00E-07 (Energy)
 MAX. NUMBER OF ITERATIONS:        0
 INTERPOLATION TYPE:            DIIS
 INTERPOLATION STEPS:              2 (START)      1 (STEP)
 LEVEL SHIFTS:                 -0.60 (CLOSED) -0.30 (OPEN) 

 Number of closed-shell orbitals:   18 (   6   3   3   1   3   1   1   0 )
 Number of open-shell orbitals:      5 (   2   0   0   1   0   1   1   0 )


 Molecular orbitals read from record     5202.2  Type=MCSCF/NATURAL (state averaged)

 Molecular orbital dump at record        2101.2

 ITERATION    DDIFF          GRAD             ENERGY        2-EL.EN.            DIPOLE MOMENTS         DIIS   ORB.
    1      0.000D+00      0.000D+00     -3652.69721527   2873.694048    0.00000    0.00000    0.00000    0    start

 Final alpha occupancy:   8   3   3   2   3   2   2   0
 Final beta  occupancy:   6   3   3   1   3   1   1   0

 !RHF STATE 1.1 Energy              -3652.697215267691
 Nuclear energy                         0.00000000
 One-electron energy                -5089.54423916
 Two-electron energy                 1436.84702390
 Virial quotient                       -1.05800900
 !RHF STATE 1.1 Dipole moment           0.00000000     0.00000000     0.00000000
 Dipole moment /Debye                   0.00000000     0.00000000     0.00000000

 Orbital energies:

         1.1          2.1          3.1          4.1          5.1          6.1          7.1          8.1          9.1         10.1
   -637.424040   -93.671046   -16.724823    -8.359411    -8.359411    -2.460268    -0.075605     0.003415     0.003415     0.028624

         1.2          2.2          3.2          4.2          5.2
    -89.271784   -14.197454    -1.575643     0.023318     0.075894

         1.3          2.3          3.3          4.3          5.3
    -89.271784   -14.197454    -1.575643     0.023318     0.075894

         1.4          2.4          3.4          4.4
     -8.359411     0.003415     0.034818     0.101526

         1.5          2.5          3.5          4.5          5.5
    -89.271784   -14.197454    -1.575643     0.023318     0.075894

         1.6          2.6          3.6          4.6
     -8.359411     0.003415     0.034818     0.101526

         1.7          2.7          3.7          4.7
     -8.359411     0.003415     0.034818     0.101526

         1.8          2.8
      0.275619     0.692082

 HOMO      8.1     0.003415 =       0.0929eV
 LUMO      9.1     0.003415 =       0.0929eV
 LUMO-HOMO         0.000000 =       0.0000eV


 **********************************************************************************************************************************
 DATASETS  * FILE   NREC   LENGTH (MB)   RECORD NAMES
              1      23       42.45       500      610      700      900      950      970     1000      129      960     1700   
                                          VAR    BASINP    GEOM    SYMINP    ZMAT    AOBASIS   BASIS     P2S    ABASIS    OPER   
                                         1101     1401     1411     1412     1650     1100     1400     1410     1200     1210   
                                          SR      EKINR    POTR     PVPR    MOLCAS      S      EKIN      POT      H0       H01  
                                         1080     1600     1380   
                                         AOSYM     SMH     JKOP   

              2       8       14.09       200      700     1000      520     3202     4202     5202     2101   
                                        OPTIONS   GEOM     BASIS   MCVARS     RHF     MCSCF    MCSCF     RHF  

 PROGRAMS   *        TOTAL       RHF     MULTI     MULTI       POP       RHF       INT
 CPU TIMES  *         8.90      0.03      1.20      0.38      0.01      0.59      6.10
 REAL TIME  *        14.29 SEC
 DISK USED  *       982.22 MB      
 SF USED    *        97.31 MB      
 GA USED    *         0.00 MB       (max)       0.00 MB       (current)
 **********************************************************************************************************************************
 SETTING SCF(1)         =     -3652.69721527  AU                              
 SETTING _CC_NORM_MAX   =         2.00000000                                  


 PROGRAM * CCSD (Restricted open-shell coupled cluster)     Authors: C. Hampel, H.-J. Werner, 1991, M. Deegan, P.J. Knowles, 1992


 Convergence thresholds:  THRVAR = 1.00D-08  THRDEN = 1.00D-06

 CCSD(T)     terms to be evaluated (factor= 1.000)


 Number of closed-shell orbitals:  18 (   6   3   3   1   3   1   1   0 )
 Number of active  orbitals:        5 (   2   0   0   1   0   1   1   0 )
 Number of external orbitals:     192 (  52  23  23  22  23  22  22   5 )

 Memory could be reduced to 40.90 Mwords without degradation in triples

 Number of N-1 electron functions:              41
 Number of N-2 electron functions:             820
 Number of singly external CSFs:              1377
 Number of doubly external CSFs:           3073813
 Total number of CSFs:                     3075190

 Molecular orbitals read from record     2101.2  Type=RHF/CANONICAL (state 1.1)

 Integral transformation finished. Total CPU:   0.77 sec, npass=  1  Memory used:   9.06 MW

 Starting RMP2 calculation

 Wavefunction is spin-projected

 ITER.      SQ.NORM     CORR.ENERGY   TOTAL ENERGY   ENERGY CHANGE        DEN1      VAR(S)    VAR(P)  DIIS     TIME
   1      1.10253523    -1.15033462 -3653.84754989    -1.15033462    -0.00115984  0.15D-04  0.52D-03  1  1     1.23
   2      1.10389806    -1.15160282 -3653.84881809    -0.00126820    -0.00000756  0.72D-06  0.52D-05  2  2     1.54
   3      1.10401878    -1.15165988 -3653.84887515    -0.00005705    -0.00000009  0.71D-07  0.45D-07  3  3     2.13
   4      1.10402585    -1.15166092 -3653.84887619    -0.00000104    -0.00000000  0.64D-08  0.30D-09  4  4     2.97
   5      1.10402655    -1.15166106 -3653.84887633    -0.00000014    -0.00000000  0.22D-09  0.13D-10  5  5     4.83

 Norm of t1 vector:      0.04459717      S-energy:    -0.00535281      T1 diagnostic:  0.00303147
 Norm of t2 vector:      0.31943331      P-energy:    -1.14630825
                                         Alpha-Beta:  -0.74551171
                                         Alpha-Alpha: -0.24050372
                                         Beta-Beta:   -0.16029283

 Spin contamination <S**2-Sz**2-Sz>     0.00000000
  Reference energy                  -3652.697215267690
  RHF-RMP2 correlation energy          -1.151661060909
 !RHF-RMP2 energy                   -3653.848876328599
 (NB above energy spin projected)

 Starting RCCSD calculation

 ITER.      SQ.NORM     CORR.ENERGY   TOTAL ENERGY   ENERGY CHANGE        DEN1      VAR(S)    VAR(P)  DIIS     TIME
   1      1.09683133    -1.10314963 -3653.80036490    -1.10314963    -0.01319547  0.86D-03  0.13D-02  0  0     7.34
   2      1.10213025    -1.11545870 -3653.81267397    -0.01230906    -0.00058700  0.20D-03  0.14D-03  1  1    10.44
   3      1.10392932    -1.11535182 -3653.81256709     0.00010688    -0.00011663  0.10D-03  0.34D-04  2  2    13.02
   4      1.10619197    -1.11610460 -3653.81331986    -0.00075278    -0.00001687  0.21D-04  0.35D-05  3  3    15.61
   5      1.10732355    -1.11622689 -3653.81344216    -0.00012230    -0.00000148  0.19D-05  0.30D-06  4  4    19.03
   6      1.10761061    -1.11624251 -3653.81345778    -0.00001561    -0.00000015  0.18D-06  0.46D-07  5  5    21.48
   7      1.10766835    -1.11624741 -3653.81346267    -0.00000490    -0.00000001  0.19D-07  0.45D-08  6  6    23.93
   8      1.10768096    -1.11624821 -3653.81346348    -0.00000081    -0.00000000  0.46D-08  0.68D-09  6  1    26.67

 Norm of t1 vector:      0.08106724      S-energy:    -0.00523694      T1 diagnostic:  0.00815495
                                                                       D1 diagnostic:  0.04681417
 Norm of t2 vector:      0.31797651      P-energy:    -1.11101127
                                         Alpha-Beta:  -0.73751263
                                         Alpha-Alpha: -0.22550655
                                         Beta-Beta:   -0.14799210

 Spin contamination <S**2-Sz**2-Sz>     0.00000000

 Memory could be reduced to 47.01 Mwords without degradation in triples
 

  Correlated core orbitals:             1.1       2.1       3.1       4.1       5.1       6.1       1.2       2.2       3.2       1.3
                                        2.3       3.3       1.4       1.5       2.5       3.5       1.6       1.7
  Orbital energies:                  -637.4248  -93.6835  -16.7327   -8.3642   -8.3749   -2.5495  -89.2830  -14.2024   -1.6963  -89.2830
                                      -14.2024   -1.6963   -8.3749  -89.2828  -14.2136   -1.6722   -8.3847   -8.3847
 
  RCCSD core-core energy               -0.881597462243
  RCCSD core-valence energy            -0.182109607729
  RCCSD valence correlation energy     -0.052541144590
 

 RESULTS
 =======

  Reference energy                  -3652.697215267690
  RCCSD singles energy                 -0.005236944766
  RCCSD pair energy                    -1.111011269795
  RCCSD correlation energy             -1.116248214561
  Triples (T) contribution             -0.017537800317
  Total correlation energy             -1.133786014878
 
  RHF-RCCSD energy                  -3653.813463482251
  RHF-RCCSD[T] energy               -3653.831163567934
  RHF-RCCSD-T energy                -3653.830926303001
 !RHF-RCCSD(T) energy               -3653.831001282568

 Program statistics:

 Available memory in ccsd:               999995438
 Min. memory needed in ccsd:               8685769
 Max. memory used in ccsd:                12623835
 Max. memory used in cckext:              10522410 ( 8 integral passes)
 Max. memory used in cckint:               9060384 ( 1 integral passes)



 **********************************************************************************************************************************
 DATASETS  * FILE   NREC   LENGTH (MB)   RECORD NAMES
              1      23       42.45       500      610      700      900      950      970     1000      129      960     1700   
                                          VAR    BASINP    GEOM    SYMINP    ZMAT    AOBASIS   BASIS     P2S    ABASIS    OPER   
                                         1101     1401     1411     1412     1650     1100     1400     1410     1200     1210   
                                          SR      EKINR    POTR     PVPR    MOLCAS      S      EKIN      POT      H0       H01  
                                         1080     1600     1380   
                                         AOSYM     SMH     JKOP   

              2       8       14.09       200      700     1000      520     3202     4202     5202     2101   
                                        OPTIONS   GEOM     BASIS   MCVARS     RHF     MCSCF    MCSCF     RHF  

 PROGRAMS   *        TOTAL  RCCSD(T)       RHF     MULTI     MULTI       POP       RHF       INT
 CPU TIMES  *        79.40     70.23      0.03      1.20      0.38      0.01      0.59      6.10
 REAL TIME  *       146.76 SEC
 DISK USED  *         5.62 GB      
 SF USED    *       900.36 MB      
 GA USED    *         0.00 MB       (max)       0.00 MB       (current)
 **********************************************************************************************************************************
 SETTING CCSD(1)        =     -3653.83100128  AU                              
 Output type csv         
                                                                                                                                                                                                                                                                

         SCF,CCSD
   -3652.697215,   -3653.831001
                                                  

 RCCSD(T)/USERDEF energy=  -3653.831001282568

        RCCSD(T)        RHF-SCF         MULTI           MULTI           RHF-SCF 
  -3653.83100128  -3652.69721527  -3652.69721527  -3652.69700534  -3652.69918051
 **********************************************************************************************************************************
 Molpro calculation terminated
 Variable memory released
