
 Primary working directories    : /global/cscratch1/sd/haihan
 Secondary working directories  : /global/cscratch1/sd/haihan
 Wavefunction directory         : /global/homes/h/haihan/Research/ECP/f_group_element_ecps/Gd/Molpro/atom/AE/nr/wfu/
 Main file repository           : /global/cscratch1/sd/haihan/

 SHA1      : 19cd028119e0e09f93f0674bd8af7968d9b3eff6
 NAME      : 2015.1.36
 ARCHNAME  : linux/x86_64
 FC        : /opt/cray/pe/craype/2.5.14/bin/ftn
 BLASLIB   : -L/opt/intel/compilers_and_libraries_2018.1.163/linux/mkl/lib/intel64 -Wl,-_start-group -lmkl_intel_ilp64 -lmkl_intel_thread -lmkl_core -Wl,-_end-group -liomp5
 id        : lbl

 Nodes     nprocs
 nid01662    11
 Number of processes for MPI-2 version of Molpro:   nprocs(total)=   12   nprocs(compute)=   11   nprocs(helper)=    1

 Using customized tuning parameters: mindgm=7; mindgv=16; mindgc=1; mindgr=1; noblas=0; minvec=7
 default implementation of scratch files=sf  

 ***,Calculation for Gd atom, singlet and triplet
 memory,1,g
 
 gthresh,twoint=1.e-15
 gthresh,oneint=1.e-15
 
 
 geometry={
 1
 Gd
 Gd  0.0 0.0 0.0
 }
 
 basis={
 Including file /global/u2/h/haihan/Research/ECP/f_group_element_ecps/Gd/Molpro/atom/AE/nr/8/../aug-cc-pwCVTZ.basis
 }
 
 
 
 Including file /global/u2/h/haihan/Research/ECP/f_group_element_ecps/Gd/Molpro/atom/AE/nr/8/../Gd_states_ae.proc
 
 
 do i=8,8
     if (i.eq.1) then
         Id1f7s2
     else if (i.eq.2) then
         Id2f7s1
     else if (i.eq.3) then
         EAd2f7s2
     else if (i.eq.4) then
         IId1f7s1
     else if (i.eq.5) then
         IIdf7s2
     else if (i.eq.6) then
         IIId1f7
     else if (i.eq.7) then
         IVdf7
     else if (i.eq.8) then
         Vdf6
     else if (i.eq.9) then
         VIdf5
     else if (i.eq.10) then
         VIIdf4
     else if (i.eq.11) then
         VIIIdf3
     else if (i.eq.12) then
         IXdf2
     else if (i.eq.13) then
         Xdf1
     else if (i.eq.14) then
         XIdf
     else if (i.eq.15) then
         XIIp4
     else if (i.eq.16) then
         XIIIp3
     endif
     scf(i)=energy
                                                                                 !_CC_NORM_MAX=2.0
                                                                                 !{rccsd(t),maxit=100;core}
                                                                                 !ccsd(i)=energy
 enddo
 
 table,scf,                                                                      !ccsd
 type,csv
 save

 Variables initialized (889), CPU time= 0.01 sec
 Commands  initialized (702), CPU time= 0.01 sec, 572 directives.
 Default parameters read. Elapsed time= 0.18 sec

 Checking input...
 Passed
1


                                         ***  PROGRAM SYSTEM MOLPRO  ***
                                       Copyright, TTI GmbH Stuttgart, 2015
                                    Version 2015.1 linked Dec 29 2018 15:55:43


 **********************************************************************************************************************************
 LABEL *   Calculation for Gd atom, singlet and triplet                                  
  64 bit mpp version                                                                     DATE: 10-Nov-22          TIME: 20:21:42  
 **********************************************************************************************************************************

 SHA1:             19cd028119e0e09f93f0674bd8af7968d9b3eff6
 **********************************************************************************************************************************

 THRESHOLDS:

 ZERO    =  1.00D-12  ONEINT  =  1.00D-12  TWOINT  =  1.00D-15  PREFAC  =  1.00D-14  LOCALI  =  1.00D-09  EORDER  =  1.00D-04
 ENERGY  =  0.00D+00  ETEST   =  0.00D+00  EDENS   =  0.00D+00  THRDEDEF=  1.00D-06  GRADIENT=  1.00D-02  STEP    =  1.00D-03
 ORBITAL =  1.00D-05  CIVEC   =  1.00D-05  COEFF   =  1.00D-04  PRINTCI =  5.00D-02  PUNCHCI =  9.90D+01  OPTGRAD =  3.00D-04
 OPTENERG=  1.00D-06  OPTSTEP =  3.00D-04  THRGRAD =  1.00D-10  COMPRESS=  1.00D-11  VARMIN  =  1.00D-07  VARMAX  =  1.00D-03
 THRDOUB =  0.00D+00  THRDIV  =  1.00D-05  THRRED  =  1.00D-07  THRPSP  =  1.00D+00  THRDC   =  1.00D-10  THRCS   =  1.00D-10
 THRNRM  =  1.00D-08  THREQ   =  0.00D+00  THRDE   =  1.00D+00  THRREF  =  1.00D-05  SPARFAC =  1.00D+00  THRDLP  =  1.00D-07
 THRDIA  =  1.00D-10  THRDLS  =  1.00D-07  THRGPS  =  0.00D+00  THRKEX  =  0.00D+00  THRDIS  =  2.00D-01  THRVAR  =  1.00D-10
 THRLOC  =  1.00D-06  THRGAP  =  1.00D-06  THRLOCT = -1.00D+00  THRGAPT = -1.00D+00  THRORB  =  1.00D-06  THRMLTP =  0.00D+00
 THRCPQCI=  1.00D-10  KEXTA   =  0.00D+00  THRCOARS=  0.00D+00  SYMTOL  =  1.00D-06  GRADTOL =  1.00D-06  THROVL  =  1.00D-08
 THRORTH =  1.00D-08  GRID    =  1.00D-06  GRIDMAX =  1.00D-03  DTMAX   =  0.00D+00  THROCCDE=  1.00D-01  THROCCDE=  1.00D-01



 THRESHOLDS:

 ZERO    =  1.00D-12  ONEINT  =  1.00D-15  TWOINT  =  1.00D-15  PREFAC  =  1.00D-14  LOCALI  =  1.00D-09  EORDER  =  1.00D-04
 ENERGY  =  0.00D+00  ETEST   =  0.00D+00  EDENS   =  0.00D+00  THRDEDEF=  1.00D-06  GRADIENT=  1.00D-02  STEP    =  1.00D-03
 ORBITAL =  1.00D-05  CIVEC   =  1.00D-05  COEFF   =  1.00D-04  PRINTCI =  5.00D-02  PUNCHCI =  9.90D+01  OPTGRAD =  3.00D-04
 OPTENERG=  1.00D-06  OPTSTEP =  3.00D-04  THRGRAD =  1.00D-10  COMPRESS=  1.00D-11  VARMIN  =  1.00D-07  VARMAX  =  1.00D-03
 THRDOUB =  0.00D+00  THRDIV  =  1.00D-05  THRRED  =  1.00D-07  THRPSP  =  1.00D+00  THRDC   =  1.00D-10  THRCS   =  1.00D-10
 THRNRM  =  1.00D-08  THREQ   =  0.00D+00  THRDE   =  1.00D+00  THRREF  =  1.00D-05  SPARFAC =  1.00D+00  THRDLP  =  1.00D-07
 THRDIA  =  1.00D-10  THRDLS  =  1.00D-07  THRGPS  =  0.00D+00  THRKEX  =  0.00D+00  THRDIS  =  2.00D-01  THRVAR  =  1.00D-10
 THRLOC  =  1.00D-06  THRGAP  =  1.00D-06  THRLOCT = -1.00D+00  THRGAPT = -1.00D+00  THRORB  =  1.00D-06  THRMLTP =  0.00D+00
 THRCPQCI=  1.00D-10  KEXTA   =  0.00D+00  THRCOARS=  0.00D+00  SYMTOL  =  1.00D-06  GRADTOL =  1.00D-06  THROVL  =  1.00D-08
 THRORTH =  1.00D-08  GRID    =  1.00D-06  GRIDMAX =  1.00D-03  DTMAX   =  0.00D+00  THROCCDE=  1.00D-01  THROCCDE=  1.00D-01



Geometry recognized as XYZ


 Variable memory set to 1000000000 words,  buffer space   230000 words

 SETTING BASIS          =    USERDEF

 DO I                   =         8.00000000   

 Running procedure=VDF6


 Recomputing integrals since basis changed


 Using spherical harmonics



 PROGRAM * SEWARD (Integral evaluation for generally contracted gaussian basis sets)     Author: Roland Lindh, 1990

 Geometry written to block  1 of record 700

 Orientation using atomic masses  
 Molecule type: Atom
 Symmetry elements: X,Y,Z
 Rotational constants:       0.0000000      0.0000000      0.0000000 GHz  (calculated with average atomic masses)

 Point group  D2h 



 ATOMIC COORDINATES

 NR  ATOM    CHARGE       X              Y              Z

   1  GD     64.00    0.000000000    0.000000000    0.000000000

 NUCLEAR CHARGE:                   64
 NUMBER OF PRIMITIVE AOS:         631
 NUMBER OF SYMMETRY AOS:          481
 NUMBER OF CONTRACTIONS:          481   ( 113Ag  +  74B3u +  74B2u +  42B1g +  74B1u +  42B2g +  42B3g +  20Au  )
 NUMBER OF CORE ORBITALS:          23   (   8Ag  +   3B3u +   3B2u +   2B1g +   3B1u +   2B2g +   2B3g +   0Au  )
 NUMBER OF VALENCE ORBITALS:       17   (   4Ag  +   3B3u +   3B2u +   1B1g +   3B1u +   1B2g +   1B3g +   1Au  )


 NUCLEAR REPULSION ENERGY    0.00000000

 EXTRA SYMMETRY OF AOS IN SYMMETRY 1:   1 1 1 1 1 1 1 1 1 1   1 1 1 1 1 1 1 1 1 1   1 1 1 1 1 1 1 1 1 1   1 1 1 1 1 1 1 1 2 3
                                        2 3 2 3 2 3 2 3 2 3   2 3 2 3 2 3 2 3 2 3   2 3 2 3 2 3 2 3 2 3   2 3 2 3 2 3 2 3 2 3
                                        2 3 2 3 2 3 4 5 6 4   5 6 4 5 6 4 5 6 4 5   6 4 5 6 4 5 6 4 5 6   4 5 6
 EXTRA SYMMETRY OF AOS IN SYMMETRY 2:   1 1 1 1 1 1 1 1 1 1   1 1 1 1 1 1 1 1 1 1   1 1 1 1 1 1 1 1 1 1   1 1 1 1 1 1 1 2 3 2
                                        3 2 3 2 3 2 3 2 3 2   3 2 3 2 3 2 3 2 3 2   3 2 3 2 3 4 5 6 4 5   6 4 5 6
 EXTRA SYMMETRY OF AOS IN SYMMETRY 3:   1 1 1 1 1 1 1 1 1 1   1 1 1 1 1 1 1 1 1 1   1 1 1 1 1 1 1 1 1 1   1 1 1 1 1 1 1 2 3 2
                                        3 2 3 2 3 2 3 2 3 2   3 2 3 2 3 2 3 2 3 2   3 2 3 2 3 4 5 6 4 5   6 4 5 6
 EXTRA SYMMETRY OF AOS IN SYMMETRY 4:   1 1 1 1 1 1 1 1 1 1   1 1 1 1 1 1 1 1 1 1   1 1 1 1 2 3 2 3 2 3   2 3 2 3 2 3 2 3 2 3
                                        2 3
 EXTRA SYMMETRY OF AOS IN SYMMETRY 5:   1 1 1 1 1 1 1 1 1 1   1 1 1 1 1 1 1 1 1 1   1 1 1 1 1 1 1 1 1 1   1 1 1 1 1 1 1 2 3 2
                                        3 2 3 2 3 2 3 2 3 2   3 2 3 2 3 2 3 2 3 2   3 2 3 2 3 4 5 6 4 5   6 4 5 6
 EXTRA SYMMETRY OF AOS IN SYMMETRY 6:   1 1 1 1 1 1 1 1 1 1   1 1 1 1 1 1 1 1 1 1   1 1 1 1 2 3 2 3 2 3   2 3 2 3 2 3 2 3 2 3
                                        2 3
 EXTRA SYMMETRY OF AOS IN SYMMETRY 7:   1 1 1 1 1 1 1 1 1 1   1 1 1 1 1 1 1 1 1 1   1 1 1 1 2 3 2 3 2 3   2 3 2 3 2 3 2 3 2 3
                                        2 3
 EXTRA SYMMETRY OF AOS IN SYMMETRY 8:   1 1 1 1 1 1 1 1 1 1   1 1 1 1 2 3 2 3 2 3

 Eigenvalues of metric

         1 0.117E-06 0.313E-06 0.724E-06 0.724E-06 0.728E-06 0.135E-05 0.447E-05 0.619E-05
         2 0.616E-06 0.439E-05 0.139E-04 0.449E-04 0.885E-04 0.303E-03 0.501E-03 0.668E-03
         3 0.616E-06 0.439E-05 0.139E-04 0.449E-04 0.885E-04 0.303E-03 0.501E-03 0.668E-03
         4 0.724E-06 0.237E-04 0.148E-03 0.537E-03 0.925E-03 0.419E-02 0.877E-02 0.166E-01
         5 0.616E-06 0.439E-05 0.139E-04 0.449E-04 0.885E-04 0.303E-03 0.501E-03 0.668E-03
         6 0.724E-06 0.237E-04 0.148E-03 0.537E-03 0.925E-03 0.419E-02 0.877E-02 0.166E-01
         7 0.724E-06 0.237E-04 0.148E-03 0.537E-03 0.925E-03 0.419E-02 0.877E-02 0.166E-01
         8 0.826E-03 0.126E-01 0.208E-01 0.681E-01 0.138E+00 0.253E+00 0.351E+00 0.351E+00


 Contracted 2-electron integrals neglected if value below      1.0D-15
 AO integral compression algorithm  1   Integral accuracy      1.0D-15

     5088.215 MB (compressed) written to integral file ( 43.1%)

     Node minimum: 292.028 MB, node maximum: 696.254 MB


 NUMBER OF SORTED TWO-ELECTRON INTEGRALS:   78183143.     BUFFER LENGTH:  32768
 NUMBER OF SEGMENTS:   3  SEGMENT LENGTH:   31996376      RECORD LENGTH: 524288

 Memory used in sort:      32.55 MW

 SORT1 READ  1474683826. AND WROTE    44645090. INTEGRALS IN    128 RECORDS. CPU TIME:    37.11 SEC, REAL TIME:    42.54 SEC
 SORT2 READ   489175758. AND WROTE   859050309. INTEGRALS IN  20636 RECORDS. CPU TIME:     1.67 SEC, REAL TIME:     4.79 SEC

 Node minimum:    77943337.  Node maximum:    78455531. integrals

 OPERATOR DM      FOR CENTER  0  COORDINATES:    0.000000    0.000000    0.000000


 **********************************************************************************************************************************
 DATASETS  * FILE   NREC   LENGTH (MB)   RECORD NAMES
              1      18       21.36       500      610      700      900      950      970     1000      129      960     1100   
                                          VAR    BASINP    GEOM    SYMINP    ZMAT    AOBASIS   BASIS     P2S    ABASIS      S 
                                         1400     1410     1200     1210     1080     1600     1650     1700   
                                           T        V       H0       H01     AOSYM     SMH    MOLCAS    OPER   

 PROGRAMS   *        TOTAL       INT
 CPU TIMES  *       453.69    453.25
 REAL TIME  *       464.89 SEC
 DISK USED  *        10.92 GB      
 GA USED    *         0.00 MB       (max)       0.00 MB       (current)
 **********************************************************************************************************************************


 PROGRAM * RHF-SCF (OPEN SHELL)       Authors: W. Meyer, H.-J. Werner


 NUMBER OF ELECTRONS:      33+   27-    SPACE SYMMETRY=1    SPIN SYMMETRY: Septet  
 CONVERGENCE THRESHOLDS:    1.00E-05 (Density)    1.28E-07 (Energy)
 MAX. NUMBER OF ITERATIONS:       60
 INTERPOLATION TYPE:            DIIS
 INTERPOLATION STEPS:              2 (START)      1 (STEP)
 LEVEL SHIFTS:                 -0.60 (CLOSED) -0.30 (OPEN) 

 Number of closed-shell orbitals:   27 (   9   4   4   2   4   2   2   0 )
 Number of open-shell orbitals:      6 (   0   2   2   0   2   0   0   0 )


 
 Extra symmetries of mos in symmetry 1:   1   1   1   3   2   1   3   2   1   3   2
 Extra symmetries of mos in symmetry 2:   1   1   1   1   3   2
 Extra symmetries of mos in symmetry 3:   1   1   1   1   3   2
 Extra symmetries of mos in symmetry 5:   1   1   1   1   3   2
 Orbital guess generated from atomic densities. Full valence occupancy:   12   6   6   3   6   3   3   1


 Molecular orbital dump at record        4202.2

 ITERATION    DDIFF          GRAD             ENERGY        2-EL.EN.            DIPOLE MOMENTS         DIIS   ORB.
    1      0.000D+00      0.000D+00    -10817.01635800   7766.779477    0.00000    0.00000    0.00000    0    start
    2      0.000D+00      0.118D+00    -10817.45557767   7922.964050    0.00000    0.00000    0.00000    1    diag,B
    3      0.119D-01      0.277D-01    -10817.57124474   7854.242883    0.00000    0.00000    0.00000    2    diag,B
    4      0.753D-02      0.782D-02    -10817.58625417   7873.311848    0.00000    0.00000    0.00000    3    diag,B
    5      0.196D-02      0.666D-03    -10817.58654921   7872.241237    0.00000    0.00000    0.00000    4    diag,B
    6      0.116D-02      0.878D-04    -10817.58657554   7872.362281    0.00000    0.00000    0.00000    5    diag,B
    7      0.326D-03      0.202D-04    -10817.58657892   7872.348933    0.00000    0.00000    0.00000    6    fixocc
    8      0.260D-04      0.921D-05    -10817.58657987   7872.355224    0.00000    0.00000    0.00000    7    diag,B
    9      0.215D-04      0.202D-05    -10817.58657991   7872.354236    0.00000    0.00000    0.00000    8    diag,B
   10      0.810D-05      0.319D-06    -10817.58657990   7872.353563    0.00000    0.00000    0.00000    0    orth

 Final alpha occupancy:   9   6   6   2   6   2   2   0
 Final beta  occupancy:   9   4   4   2   4   2   2   0

 !RHF STATE 1.1 Energy               -10817.5865799047    
 Nuclear energy                         0.00000000
 One-electron energy               -14753.76336125
 Two-electron energy                 3936.17678135
 Virial quotient                       -1.00000361
 !RHF STATE 1.1 Dipole moment           0.00000000     0.00000000     0.00000000
 Dipole moment /Debye                   0.00000000     0.00000000     0.00000000

 ELECTRON ORBITALS
 =================


   Orb  Occ    Energy  Couls-En    Coefficients

                                   1 1s      1 1s      1 1s      1 1s      1 1s      1 1s      1 1s      1 1s      1 1s      1 1s   
                                   1 1s      1 1s      1 1s      1 1s      1 1s      1 1s      1 1s      1 1s      1 1s      1 1s   
                                   1 1s      1 1s      1 1s      1 1s      1 1s      1 1s      1 1s      1 1s      1 1s      1 1s   
                                   1 1s      1 1s      1 1s      1 1s      1 1s      1 1s      1 1s      1 1s      1 3d0     1 3d2+ 
                                   1 3d0     1 3d2+    1 3d0     1 3d2+    1 3d0     1 3d2+    1 3d0     1 3d2+    1 3d0     1 3d2+ 
                                   1 3d0     1 3d2+    1 3d0     1 3d2+    1 3d0     1 3d2+    1 3d0     1 3d2+    1 3d0     1 3d2+ 
                                   1 3d0     1 3d2+    1 3d0     1 3d2+    1 3d0     1 3d2+    1 3d0     1 3d2+    1 3d0     1 3d2+ 
                                   1 3d0     1 3d2+    1 3d0     1 3d2+    1 3d0     1 3d2+    1 3d0     1 3d2+    1 3d0     1 3d2+ 
                                   1 3d0     1 3d2+    1 3d0     1 3d2+    1 3d0     1 3d2+    1 5g0     1 5g4+    1 5g2+    1 5g0  
                                   1 5g4+    1 5g2+    1 5g0     1 5g4+    1 5g2+    1 5g0     1 5g4+    1 5g2+    1 5g0     1 5g4+ 
                                   1 5g2+    1 5g0     1 5g4+    1 5g2+    1 5g0     1 5g4+    1 5g2+    1 5g0     1 5g4+    1 5g2+ 
                                   1 5g0     1 5g4+    1 5g2+ 

   1.1   2 -1749.0730-3796.8825  0.000003  0.000001  0.000039  0.000256  0.000983  0.002934  0.008898  0.024314  0.068183  0.157923
                                 0.316627  0.363276  0.155885  0.060286 -0.008211  0.006881 -0.027046 -0.030499 -0.018360  0.015452
                                 0.017740 -0.002121 -0.005721 -0.003683 -0.001403  0.028719  0.046752 -0.007686 -0.074082  0.030371
                                 0.034064 -0.025246  0.002935  0.006679  0.002105  0.000063 -0.000022  0.000005 -0.000000  0.000000
                                -0.000000  0.000000  0.000000 -0.000000 -0.000000  0.000000 -0.000000  0.000000 -0.000000 -0.000000
                                 0.000000  0.000000  0.000000  0.000000 -0.000000 -0.000000  0.000000  0.000000  0.000000  0.000000
                                 0.000000  0.000000 -0.000000 -0.000000 -0.000000 -0.000000  0.000000  0.000000 -0.000000 -0.000000
                                -0.000000 -0.000000 -0.000000 -0.000000  0.000000  0.000000 -0.000000 -0.000000  0.000000  0.000000
                                -0.000000 -0.000000  0.000000  0.000000 -0.000000 -0.000000 -0.000000 -0.000000 -0.000000  0.000000
                                 0.000000  0.000000 -0.000000 -0.000000 -0.000000  0.000000  0.000000  0.000000 -0.000000 -0.000000
                                -0.000000  0.000000  0.000000  0.000000 -0.000000 -0.000000 -0.000000  0.000000  0.000000  0.000000
                                -0.000000 -0.000000 -0.000000

   2.1   2  -284.4054 -793.6693 -0.000001 -0.000000 -0.000013 -0.000084 -0.000325 -0.000964 -0.002972 -0.008128 -0.023982 -0.054498
                                -0.121562 -0.168319  0.059170  0.619983  0.512805  0.079750 -0.081986 -0.042214 -0.017825  0.012735
                                 0.013179 -0.001460 -0.003790 -0.002420 -0.000917 -0.019491 -0.062917 -0.114444 -0.064697  0.072770
                                 0.040280 -0.019176  0.001965  0.004403  0.001377  0.000041 -0.000014  0.000003 -0.000000 -0.000000
                                 0.000000 -0.000000 -0.000000 -0.000000 -0.000000 -0.000000 -0.000000 -0.000000 -0.000000 -0.000000
                                 0.000000 -0.000000  0.000000  0.000000 -0.000000 -0.000000  0.000000  0.000000  0.000000  0.000000
                                 0.000000  0.000000 -0.000000 -0.000000 -0.000000 -0.000000  0.000000  0.000000 -0.000000 -0.000000
                                -0.000000 -0.000000 -0.000000 -0.000000  0.000000  0.000000 -0.000000 -0.000000  0.000000  0.000000
                                -0.000000 -0.000000  0.000000  0.000000 -0.000000 -0.000000  0.000000  0.000000  0.000000  0.000001
                                 0.000000 -0.000000 -0.000000 -0.000000  0.000000  0.000000  0.000000 -0.000000 -0.000000 -0.000000
                                 0.000000  0.000000  0.000000 -0.000000 -0.000000 -0.000000  0.000000  0.000000  0.000000 -0.000000
                                -0.000000 -0.000000  0.000000

   3.1   2   -65.9077 -284.1903  0.000000  0.000000  0.000006  0.000039  0.000150  0.000443  0.001380  0.003736  0.011271  0.023598
                                 0.049953  0.058483 -0.102421 -0.692589 -0.515231  0.717578  0.647429  0.073402 -0.019574  0.030970
                                 0.044789 -0.006211 -0.017990 -0.011780 -0.004538  0.012769  0.047176  0.112775  0.220933 -0.031844
                                -0.008280 -0.061033  0.009042  0.021207  0.006797  0.000205 -0.000072  0.000016  0.000000  0.000000
                                 0.000000  0.000000  0.000000  0.000000  0.000000  0.000000  0.000000  0.000000  0.000000  0.000000
                                -0.000000  0.000000 -0.000000  0.000000  0.000000 -0.000000 -0.000000  0.000000 -0.000000  0.000000
                                -0.000000  0.000000  0.000000 -0.000000  0.000000 -0.000000 -0.000000  0.000000  0.000000 -0.000000
                                 0.000000 -0.000000  0.000000 -0.000000 -0.000000  0.000000  0.000000  0.000000 -0.000000 -0.000000
                                 0.000000  0.000000 -0.000000 -0.000000  0.000000  0.000000 -0.000082 -0.000070  0.000000  0.000094
                                 0.000080 -0.000000 -0.000055 -0.000046  0.000000  0.000040  0.000033 -0.000000 -0.000025 -0.000021
                                 0.000000  0.000016  0.000013 -0.000000 -0.000009 -0.000008  0.000000  0.000005  0.000004 -0.000000
                                -0.000002 -0.000001  0.000000

   4.1   2   -47.7755 -261.6293  0.000000 -0.000000 -0.000000 -0.000000 -0.000000 -0.000000 -0.000000 -0.000000 -0.000000 -0.000000
                                -0.000000 -0.000000 -0.000000 -0.000000  0.000000 -0.000000  0.000000  0.000000  0.000000 -0.000000
                                -0.000000  0.000000  0.000000  0.000000  0.000000  0.000000  0.000000  0.000000  0.000000 -0.000000
                                -0.000000  0.000000 -0.000000 -0.000000 -0.000000 -0.000000  0.000000 -0.000000 -0.000000  0.000037
                                -0.000000  0.000858 -0.000001  0.006914 -0.000004  0.034926 -0.000017  0.136035 -0.000041  0.327303
                                -0.000059  0.479244 -0.000051  0.410736  0.000010 -0.076728 -0.000001  0.010106 -0.000001  0.005631
                                -0.000000  0.000633  0.000010 -0.077867  0.000030 -0.238821 -0.000026  0.209867  0.000001 -0.007847
                                 0.000000 -0.002035  0.000000 -0.000524 -0.000000  0.000439  0.000000 -0.000284 -0.000000  0.000162
                                 0.000000 -0.000059 -0.000000  0.000025  0.000000 -0.000007  0.000000 -0.000000  0.000122 -0.000000
                                 0.000000 -0.000074  0.000000 -0.000000  0.000060 -0.000000  0.000000 -0.000042  0.000000 -0.000000
                                 0.000027 -0.000000  0.000000 -0.000017  0.000000 -0.000000  0.000010 -0.000000  0.000000 -0.000005
                                 0.000000 -0.000000  0.000002

   5.1   2   -47.7755 -261.6293 -0.000000  0.000000 -0.000000 -0.000000 -0.000000 -0.000000 -0.000000 -0.000000 -0.000000 -0.000000
                                 0.000000  0.000000  0.000000  0.000000 -0.000000 -0.000000  0.000000 -0.000000  0.000000  0.000000
                                 0.000000  0.000000  0.000000  0.000000  0.000000 -0.000000 -0.000000 -0.000000 -0.000000 -0.000000
                                -0.000000  0.000000 -0.000000 -0.000000 -0.000000 -0.000000  0.000000 -0.000000  0.000037  0.000000
                                 0.000858  0.000000  0.006914  0.000001  0.034926  0.000004  0.136035  0.000017  0.327303  0.000041
                                 0.479244  0.000059  0.410736  0.000051 -0.076728 -0.000010  0.010106  0.000001  0.005631  0.000001
                                 0.000633  0.000000 -0.077867 -0.000010 -0.238821 -0.000030  0.209867  0.000026 -0.007847 -0.000001
                                -0.002035 -0.000000 -0.000524 -0.000000  0.000439  0.000000 -0.000284 -0.000000  0.000162  0.000000
                                -0.000059 -0.000000  0.000025  0.000000 -0.000007 -0.000000 -0.000079  0.000093  0.000000  0.000048
                                -0.000056 -0.000000 -0.000038  0.000046  0.000000  0.000027 -0.000032 -0.000000 -0.000017  0.000020
                                 0.000000  0.000011 -0.000013 -0.000000 -0.000006  0.000007  0.000000  0.000003 -0.000004 -0.000000
                                -0.000001  0.000001  0.000000

   6.1   2   -15.2857 -124.1046 -0.000000 -0.000000 -0.000003 -0.000019 -0.000072 -0.000213 -0.000664 -0.001797 -0.005427 -0.011402
                                -0.024319 -0.029033  0.051695  0.378121  0.320097 -0.681491 -1.176517  0.361096  0.340023  0.103950
                                 0.054265 -0.005364 -0.015975 -0.010456 -0.004036 -0.006158 -0.022948 -0.056013 -0.115951  0.550773
                                 0.601399 -0.073059  0.008063  0.018819  0.006043  0.000183 -0.000064  0.000014  0.000000 -0.000000
                                 0.000000  0.000000  0.000000 -0.000000  0.000000  0.000000  0.000000  0.000000  0.000000  0.000000
                                 0.000000 -0.000000  0.000000 -0.000000 -0.000000  0.000000 -0.000000 -0.000000 -0.000000 -0.000000
                                -0.000000 -0.000000 -0.000000  0.000000 -0.000000  0.000000  0.000000 -0.000000  0.000000  0.000000
                                 0.000000  0.000000  0.000000  0.000000 -0.000000 -0.000000  0.000000  0.000000 -0.000000 -0.000000
                                 0.000000  0.000000 -0.000000 -0.000000  0.000000  0.000000 -0.000083 -0.000070 -0.000000 -0.000306
                                -0.000259 -0.000000  0.000111  0.000094 -0.000000 -0.000032 -0.000027  0.000000  0.000038  0.000032
                                -0.000000 -0.000024 -0.000020 -0.000000  0.000014  0.000012 -0.000000 -0.000007 -0.000006  0.000000
                                 0.000002  0.000002 -0.000000

   7.1   2    -8.0713 -106.3366 -0.000000 -0.000000 -0.000000 -0.000000 -0.000000 -0.000000 -0.000000 -0.000000 -0.000000 -0.000000
                                -0.000000 -0.000000 -0.000000 -0.000000  0.000000 -0.000000  0.000000  0.000000  0.000000  0.000000
                                 0.000000 -0.000000 -0.000000 -0.000000 -0.000000  0.000000  0.000000  0.000000  0.000000 -0.000000
                                -0.000000 -0.000000  0.000000  0.000000  0.000000  0.000000 -0.000000  0.000000  0.000000 -0.000018
                                 0.000000 -0.000406  0.000001 -0.003331  0.000006 -0.016828  0.000024 -0.067537  0.000057 -0.162026
                                 0.000086 -0.242868  0.000090 -0.254225 -0.000324  0.914229 -0.000141  0.398971 -0.000031  0.087460
                                -0.000003  0.007276 -0.000036  0.100475 -0.000201  0.566532  0.000238 -0.672237 -0.000017  0.047138
                                 0.000002 -0.006833  0.000002 -0.005863 -0.000002  0.005031  0.000001 -0.003322 -0.000001  0.001915
                                 0.000000 -0.000698 -0.000000  0.000298  0.000000 -0.000085  0.000000 -0.000000  0.000251  0.000000
                                -0.000000  0.000473  0.000000 -0.000000  0.000290  0.000000 -0.000000  0.000029  0.000000 -0.000000
                                 0.000006 -0.000000  0.000000 -0.000006  0.000000 -0.000000  0.000003 -0.000000  0.000000 -0.000002
                                 0.000000 -0.000000  0.000001

   8.1   2    -8.0713 -106.3365 -0.000000 -0.000000 -0.000000 -0.000000 -0.000000 -0.000000 -0.000000 -0.000000 -0.000000 -0.000000
                                -0.000000 -0.000000  0.000000  0.000000  0.000000 -0.000000 -0.000000  0.000000 -0.000000 -0.000000
                                 0.000000  0.000000  0.000000  0.000000  0.000000 -0.000000 -0.000000 -0.000000 -0.000000  0.000000
                                 0.000000 -0.000000 -0.000000 -0.000000 -0.000000 -0.000000  0.000000 -0.000000 -0.000018 -0.000000
                                -0.000406 -0.000000 -0.003331 -0.000001 -0.016828 -0.000006 -0.067537 -0.000024 -0.162026 -0.000057
                                -0.242868 -0.000086 -0.254225 -0.000090  0.914229  0.000324  0.398970  0.000141  0.087460  0.000031
                                 0.007276  0.000003  0.100475  0.000036  0.566531  0.000201 -0.672237 -0.000238  0.047138  0.000017
                                -0.006832 -0.000002 -0.005863 -0.000002  0.005031  0.000002 -0.003322 -0.000001  0.001915  0.000001
                                -0.000698 -0.000000  0.000298  0.000000 -0.000085 -0.000000 -0.000162  0.000192  0.000000 -0.000305
                                 0.000361  0.000000 -0.000187  0.000221  0.000000 -0.000019  0.000022  0.000000 -0.000004  0.000005
                                 0.000000  0.000004 -0.000005 -0.000000 -0.000002  0.000003  0.000000  0.000001 -0.000001 -0.000000
                                -0.000000  0.000000  0.000000

   9.1   2    -3.5087  -54.2759  0.000000  0.000000  0.000001  0.000008  0.000029  0.000087  0.000270  0.000731  0.002206  0.004673
                                 0.010053  0.012318 -0.020311 -0.155913 -0.139370  0.328508  0.607471 -0.286938 -0.568316  0.299337
                                 1.437812  0.428966  0.376006  0.235506  0.089429  0.002452  0.009113  0.022206  0.045779 -0.304585
                                -0.452488 -0.605519 -0.199344 -0.430890 -0.134100 -0.004040  0.001418 -0.000306  0.000000  0.000000
                                 0.000000 -0.000000  0.000000  0.000000  0.000000 -0.000000  0.000000  0.000000  0.000000 -0.000000
                                 0.000000  0.000000  0.000000  0.000000 -0.000000 -0.000000 -0.000000  0.000000 -0.000000  0.000000
                                 0.000000  0.000000 -0.000000 -0.000000 -0.000000 -0.000000  0.000000  0.000000  0.000000 -0.000000
                                 0.000000 -0.000000  0.000000 -0.000000  0.000000  0.000000 -0.000000 -0.000000  0.000000  0.000000
                                -0.000000 -0.000000  0.000000  0.000000 -0.000000 -0.000000  0.000106  0.000089  0.000000  0.000188
                                 0.000159  0.000000 -0.000381 -0.000322  0.000000 -0.000379 -0.000320  0.000000 -0.000130 -0.000110
                                 0.000000  0.000004  0.000003 -0.000000 -0.000008 -0.000007  0.000000  0.000004  0.000004  0.000000
                                -0.000001 -0.000001 -0.000000

  10.1   0    -1.1788  -36.6774 -0.000000 -0.000000 -0.000000 -0.000000 -0.000000 -0.000000 -0.000000 -0.000000 -0.000000 -0.000000
                                -0.000000 -0.000000  0.000000  0.000000  0.000000 -0.000000 -0.000000  0.000000  0.000000 -0.000000
                                -0.000000  0.000000  0.000000  0.000000  0.000000 -0.000000 -0.000000 -0.000000 -0.000000 -0.000000
                                -0.000000  0.000000 -0.000000 -0.000000 -0.000000 -0.000000  0.000000  0.000000 -0.000000  0.000005
                                -0.000000  0.000121 -0.000001  0.000992 -0.000003  0.005028 -0.000012  0.020212 -0.000029  0.048699
                                -0.000042  0.070201 -0.000030  0.050402  0.000160 -0.269791  0.000092 -0.155338  0.000006 -0.010865
                                -0.000279  0.469201  0.000016 -0.026529  0.000085 -0.143590 -0.000093  0.156285 -0.000066  0.111192
                                -0.000230  0.386975 -0.000126  0.212438 -0.000015  0.024717 -0.000003  0.005478  0.000001 -0.001328
                                -0.000000  0.000238  0.000000 -0.000064 -0.000000  0.000013 -0.000000  0.000000 -0.000070 -0.000000
                                 0.000000 -0.000107  0.000000 -0.000000  0.000074  0.000000 -0.000000  0.000307  0.000000 -0.000000
                                 0.000259  0.000000 -0.000000  0.000121  0.000000 -0.000000  0.000023  0.000000 -0.000000  0.000001
                                -0.000000  0.000000 -0.000000

  11.1   0    -1.1788  -36.6774  0.000000  0.000000  0.000000  0.000000  0.000000  0.000000  0.000000  0.000000  0.000000  0.000000
                                 0.000000  0.000000 -0.000000 -0.000000 -0.000000  0.000000  0.000000 -0.000000 -0.000000  0.000000
                                 0.000001  0.000000  0.000000  0.000000  0.000000  0.000000  0.000000  0.000000  0.000000 -0.000000
                                -0.000000 -0.000001 -0.000001 -0.000001 -0.000000 -0.000000  0.000000 -0.000000  0.000005  0.000000
                                 0.000121  0.000000  0.000992  0.000001  0.005028  0.000003  0.020212  0.000012  0.048699  0.000029
                                 0.070201  0.000042  0.050402  0.000030 -0.269791 -0.000160 -0.155338 -0.000092 -0.010865 -0.000006
                                 0.469201  0.000279 -0.026529 -0.000016 -0.143590 -0.000085  0.156285  0.000093  0.111192  0.000066
                                 0.386975  0.000230  0.212438  0.000126  0.024717  0.000015  0.005478  0.000003 -0.001328 -0.000001
                                 0.000238  0.000000 -0.000064 -0.000000  0.000013  0.000000  0.000045 -0.000053 -0.000000  0.000069
                                -0.000082 -0.000000 -0.000048  0.000057  0.000000 -0.000198  0.000234  0.000000 -0.000167  0.000198
                                 0.000000 -0.000078  0.000092  0.000000 -0.000015  0.000018  0.000000 -0.000001  0.000001  0.000000
                                 0.000000 -0.000000 -0.000000

                                   1 2px     1 2px     1 2px     1 2px     1 2px     1 2px     1 2px     1 2px     1 2px     1 2px  
                                   1 2px     1 2px     1 2px     1 2px     1 2px     1 2px     1 2px     1 2px     1 2px     1 2px  
                                   1 2px     1 2px     1 2px     1 2px     1 2px     1 2px     1 2px     1 2px     1 2px     1 2px  
                                   1 2px     1 2px     1 2px     1 2px     1 2px     1 2px     1 2px     1 4f1+    1 4f3+    1 4f1+ 
                                   1 4f3+    1 4f1+    1 4f3+    1 4f1+    1 4f3+    1 4f1+    1 4f3+    1 4f1+    1 4f3+    1 4f1+ 
                                   1 4f3+    1 4f1+    1 4f3+    1 4f1+    1 4f3+    1 4f1+    1 4f3+    1 4f1+    1 4f3+    1 4f1+ 
                                   1 4f3+    1 4f1+    1 4f3+    1 4f1+    1 4f3+    1 6h1+    1 6h3+    1 6h5+    1 6h1+    1 6h3+ 
                                   1 6h5+    1 6h1+    1 6h3+    1 6h5+ 

   1.2   2  -270.1759 -778.8529  0.000000  0.000000  0.000000  0.000001  0.000001  0.000011  0.000023  0.000125  0.000246  0.001625
                                 0.000795  0.008499  0.031199  0.105213  0.279727  0.428807  0.278204  0.040287 -0.011643 -0.036656
                                -0.013927 -0.005971 -0.000959  0.000480 -0.000322  0.000318 -0.000070  0.008673  0.034679  0.019205
                                 0.004649  0.003700 -0.000107 -0.000385  0.000280  0.000028 -0.000005 -0.000000  0.000000  0.000001
                                -0.000002  0.000001 -0.000001 -0.000003  0.000004 -0.000003  0.000004  0.000000 -0.000000  0.000000
                                -0.000000  0.000003 -0.000004  0.000002 -0.000003 -0.000000  0.000000  0.000000 -0.000000 -0.000000
                                 0.000000  0.000000 -0.000000 -0.000000  0.000000  0.000001  0.000002 -0.000000 -0.000000 -0.000001
                                 0.000000  0.000000  0.000000 -0.000000

   2.2   2   -59.5214 -275.8934 -0.000000 -0.000000 -0.000000 -0.000000 -0.000001 -0.000005 -0.000012 -0.000058 -0.000126 -0.000774
                                -0.000439 -0.004115 -0.015686 -0.054284 -0.154926 -0.252076 -0.096067  0.286190  0.388237 -0.069973
                                -0.003989  0.001333  0.000328 -0.000182  0.000128 -0.000130  0.134590  0.238758  0.173010  0.013705
                                -0.000536 -0.001032  0.000044  0.000158 -0.000115 -0.000012  0.000002  0.000000 -0.000000  0.000001
                                -0.000001  0.000028 -0.000036  0.000072 -0.000093  0.000073 -0.000095  0.000050 -0.000065  0.000018
                                -0.000023 -0.000060  0.000077 -0.000022  0.000029 -0.000003  0.000004  0.000003 -0.000003 -0.000002
                                 0.000002  0.000001 -0.000001 -0.000000  0.000000  0.000001  0.000090 -0.000039  0.000022  0.000005
                                 0.000019 -0.000002  0.000006 -0.000005

   3.2   2   -12.7005 -118.1880  0.000000  0.000000  0.000000  0.000000  0.000000  0.000002  0.000006  0.000026  0.000061  0.000360
                                 0.000224  0.001929  0.007489  0.025960  0.075550  0.124226  0.040026 -0.160951 -0.185192  0.495598
                                 0.220171 -0.147645 -0.021577  0.010899 -0.007379  0.007381 -0.106954 -0.276005 -0.015291  0.394477
                                 0.182100  0.088486 -0.002510 -0.008962  0.006545  0.000668 -0.000119  0.000001 -0.000001  0.000022
                                -0.000029  0.000118 -0.000152  0.000317 -0.000410  0.000574 -0.000741  0.000460 -0.000594  0.000224
                                -0.000290  0.000180 -0.000232  0.000059 -0.000076 -0.000049  0.000064  0.000039 -0.000051 -0.000027
                                 0.000035  0.000014 -0.000019 -0.000005  0.000006 -0.000090  0.000263 -0.000205  0.000008  0.000318
                                -0.000134  0.000054  0.000091  0.000011

   4.2   2    -2.6607  -49.3242 -0.000000 -0.000000 -0.000000 -0.000000 -0.000000 -0.000001 -0.000002 -0.000010 -0.000024 -0.000137
                                -0.000087 -0.000734 -0.002865 -0.009931 -0.029028 -0.047808 -0.014949  0.061966  0.062087 -0.263162
                                -0.101024  0.221205  0.305230  0.007073  0.011122 -0.012277  0.045541  0.126933 -0.013609 -0.285150
                                 0.189076  0.454618  0.004417  0.015359 -0.011382 -0.001186  0.000211  0.000000 -0.000000  0.000003
                                -0.000003  0.000025 -0.000030  0.000096 -0.000116  0.000192 -0.000238  0.000586 -0.000747  0.000403
                                -0.000517 -0.000168  0.000218 -0.000186  0.000242 -0.000087  0.000112  0.000077 -0.000098 -0.000054
                                 0.000069  0.000029 -0.000037 -0.000010  0.000012  0.000105 -0.000028  0.000114 -0.000099  0.000120
                                -0.000149 -0.000275  0.000201 -0.000356

   5.2   +    -2.7124  -85.8353  0.000000  0.000000  0.000000  0.000000  0.000000  0.000000  0.000000  0.000000  0.000000  0.000000
                                 0.000000  0.000002  0.000010  0.000033  0.000096  0.000157  0.000056 -0.000198 -0.000324  0.000234
                                 0.000370 -0.000255 -0.000504 -0.000161  0.000024 -0.000020 -0.000151 -0.000330  0.000235  0.000521
                                 0.001585  0.000789  0.000006  0.000022 -0.000015 -0.000001  0.000000 -0.000583  0.000752 -0.010036
                                 0.012956 -0.063895  0.082488 -0.175289  0.226297 -0.246510  0.318243 -0.221166  0.285524 -0.086988
                                 0.112302 -0.017175  0.022173 -0.028439  0.036714  0.019502 -0.025176 -0.014880  0.019210  0.010308
                                -0.013308 -0.005447  0.007032  0.001809 -0.002335 -0.000375 -0.000588 -0.000099 -0.000592 -0.000943
                                -0.000150 -0.000393 -0.000682 -0.000075

   6.2   +    -2.7645  -86.1028  0.000000  0.000000  0.000000  0.000000  0.000000  0.000000  0.000000  0.000000  0.000000  0.000000
                                 0.000000  0.000000  0.000000  0.000000  0.000000  0.000001  0.000000 -0.000001 -0.000001  0.000004
                                 0.000002 -0.000004 -0.000005 -0.000000 -0.000000  0.000000 -0.000001 -0.000002  0.000000  0.000004
                                -0.000003 -0.000007 -0.000000 -0.000000  0.000000  0.000000 -0.000000  0.000755  0.000585  0.012993
                                 0.010064  0.082752  0.064099  0.226936  0.175784  0.318247  0.246514  0.283713  0.219763  0.109226
                                 0.084606  0.022913  0.017748  0.038257  0.029634 -0.025100 -0.019443  0.018753  0.014526 -0.012987
                                -0.010060  0.006860  0.005314 -0.002277 -0.001764 -0.000124  0.000057  0.000128 -0.000187  0.000087
                                 0.000194 -0.000092  0.000043  0.000095

   7.2   0    -0.8003  -20.8832  0.000000  0.000000  0.000000  0.000000  0.000000  0.000000  0.000001  0.000004  0.000009  0.000053
                                 0.000034  0.000285  0.001110  0.003848  0.011251  0.018543  0.005706 -0.024702 -0.024608  0.101571
                                 0.025862 -0.100216 -0.266530  0.455882  0.697995  0.132555 -0.017650 -0.049481  0.011318  0.133983
                                -0.109260 -0.292928 -0.002753 -0.028965  0.012136  0.000477 -0.000063 -0.000001  0.000001 -0.000009
                                 0.000012 -0.000060  0.000078 -0.000166  0.000215 -0.000163  0.000211 -0.000084  0.000109  0.000082
                                -0.000106 -0.000010  0.000013 -0.000005  0.000007  0.000212 -0.000274  0.000145 -0.000187 -0.000003
                                 0.000004  0.000009 -0.000012 -0.000003  0.000004 -0.000009  0.000043 -0.000028 -0.000014 -0.000124
                                 0.000042 -0.000033 -0.000179  0.000048

   8.2   0    -0.5099  -17.1419 -0.000000 -0.000000 -0.000000 -0.000000 -0.000000 -0.000000 -0.000000 -0.000000 -0.000000 -0.000000
                                -0.000000 -0.000000 -0.000000 -0.000000 -0.000000 -0.000000 -0.000000  0.000000  0.000000 -0.000000
                                -0.000000  0.000000  0.000000 -0.000000  0.000000  0.000000  0.000000  0.000000 -0.000000 -0.000000
                                 0.000000  0.000000 -0.000000 -0.000000  0.000000  0.000000 -0.000000 -0.000092 -0.000071 -0.001517
                                -0.001176 -0.009981 -0.007732 -0.024878 -0.019274 -0.021079 -0.016330 -0.006012 -0.004658  0.042539
                                 0.032956 -0.008488 -0.006576 -0.021711 -0.016820  0.165378  0.128122  0.408031  0.316110  0.271879
                                 0.210630  0.047921  0.037126 -0.004375 -0.003389  0.000014 -0.000006 -0.000014  0.000014 -0.000007
                                -0.000015 -0.000025  0.000012  0.000026

                                   1 2py     1 2py     1 2py     1 2py     1 2py     1 2py     1 2py     1 2py     1 2py     1 2py  
                                   1 2py     1 2py     1 2py     1 2py     1 2py     1 2py     1 2py     1 2py     1 2py     1 2py  
                                   1 2py     1 2py     1 2py     1 2py     1 2py     1 2py     1 2py     1 2py     1 2py     1 2py  
                                   1 2py     1 2py     1 2py     1 2py     1 2py     1 2py     1 2py     1 4f1-    1 4f3-    1 4f1- 
                                   1 4f3-    1 4f1-    1 4f3-    1 4f1-    1 4f3-    1 4f1-    1 4f3-    1 4f1-    1 4f3-    1 4f1- 
                                   1 4f3-    1 4f1-    1 4f3-    1 4f1-    1 4f3-    1 4f1-    1 4f3-    1 4f1-    1 4f3-    1 4f1- 
                                   1 4f3-    1 4f1-    1 4f3-    1 4f1-    1 4f3-    1 6h1-    1 6h3-    1 6h5-    1 6h1-    1 6h3- 
                                   1 6h5-    1 6h1-    1 6h3-    1 6h5- 

   1.3   2  -270.1759 -778.8529  0.000000  0.000000  0.000000  0.000001  0.000001  0.000011  0.000023  0.000125  0.000246  0.001625
                                 0.000795  0.008499  0.031199  0.105213  0.279727  0.428807  0.278204  0.040287 -0.011643 -0.036656
                                -0.013927 -0.005971 -0.000959  0.000480 -0.000322  0.000318 -0.000070  0.008673  0.034679  0.019205
                                 0.004649  0.003700 -0.000107 -0.000385  0.000280  0.000028 -0.000005 -0.000000 -0.000000  0.000001
                                 0.000002  0.000001  0.000001 -0.000003 -0.000004 -0.000003 -0.000004  0.000000  0.000000  0.000000
                                 0.000000  0.000003  0.000004  0.000002  0.000003 -0.000000 -0.000000  0.000000  0.000000 -0.000000
                                -0.000000  0.000000  0.000000 -0.000000 -0.000000  0.000001 -0.000002 -0.000000 -0.000000  0.000001
                                 0.000000  0.000000 -0.000000 -0.000000

   2.3   2   -59.5214 -275.8934 -0.000000 -0.000000 -0.000000 -0.000000 -0.000001 -0.000005 -0.000012 -0.000058 -0.000126 -0.000774
                                -0.000439 -0.004115 -0.015686 -0.054284 -0.154926 -0.252076 -0.096067  0.286190  0.388237 -0.069973
                                -0.003989  0.001333  0.000328 -0.000182  0.000128 -0.000130  0.134590  0.238758  0.173010  0.013705
                                -0.000536 -0.001032  0.000044  0.000158 -0.000115 -0.000012  0.000002  0.000000  0.000000  0.000001
                                 0.000001  0.000028  0.000036  0.000072  0.000093  0.000073  0.000095  0.000050  0.000065  0.000018
                                 0.000023 -0.000060 -0.000077 -0.000022 -0.000029 -0.000003 -0.000004  0.000003  0.000003 -0.000002
                                -0.000002  0.000001  0.000001 -0.000000 -0.000000  0.000001 -0.000090 -0.000039  0.000022 -0.000005
                                 0.000019 -0.000002 -0.000006 -0.000005

   3.3   2   -12.7005 -118.1880  0.000000  0.000000  0.000000  0.000000  0.000000  0.000002  0.000006  0.000026  0.000061  0.000360
                                 0.000224  0.001929  0.007489  0.025960  0.075550  0.124226  0.040026 -0.160951 -0.185192  0.495598
                                 0.220171 -0.147645 -0.021577  0.010899 -0.007379  0.007381 -0.106954 -0.276005 -0.015291  0.394477
                                 0.182100  0.088486 -0.002510 -0.008962  0.006545  0.000668 -0.000119  0.000001  0.000001  0.000022
                                 0.000029  0.000118  0.000152  0.000317  0.000410  0.000574  0.000741  0.000460  0.000594  0.000224
                                 0.000290  0.000180  0.000232  0.000059  0.000076 -0.000049 -0.000064  0.000039  0.000051 -0.000027
                                -0.000035  0.000014  0.000019 -0.000005 -0.000006 -0.000090 -0.000263 -0.000205  0.000008 -0.000318
                                -0.000134  0.000054 -0.000091  0.000011

   4.3   2    -2.6607  -49.3242 -0.000000 -0.000000 -0.000000 -0.000000 -0.000000 -0.000001 -0.000002 -0.000010 -0.000024 -0.000137
                                -0.000087 -0.000734 -0.002865 -0.009931 -0.029028 -0.047808 -0.014949  0.061966  0.062087 -0.263162
                                -0.101024  0.221205  0.305230  0.007073  0.011122 -0.012277  0.045541  0.126933 -0.013609 -0.285150
                                 0.189076  0.454618  0.004417  0.015359 -0.011382 -0.001186  0.000211  0.000000  0.000000  0.000003
                                 0.000003  0.000025  0.000030  0.000096  0.000116  0.000192  0.000238  0.000586  0.000747  0.000403
                                 0.000517 -0.000168 -0.000218 -0.000186 -0.000242 -0.000087 -0.000112  0.000077  0.000098 -0.000054
                                -0.000069  0.000029  0.000037 -0.000010 -0.000012  0.000105  0.000028  0.000114 -0.000099 -0.000120
                                -0.000149 -0.000275 -0.000201 -0.000356

   5.3   +    -2.7124  -85.8353 -0.000000 -0.000000 -0.000000 -0.000000 -0.000000 -0.000000 -0.000000 -0.000000 -0.000000 -0.000000
                                -0.000000 -0.000002 -0.000010 -0.000033 -0.000096 -0.000157 -0.000056  0.000198  0.000324 -0.000234
                                -0.000370  0.000255  0.000504  0.000161 -0.000024  0.000020  0.000151  0.000330 -0.000235 -0.000521
                                -0.001585 -0.000789 -0.000006 -0.000022  0.000015  0.000001 -0.000000  0.000583  0.000752  0.010036
                                 0.012956  0.063895  0.082488  0.175289  0.226297  0.246510  0.318243  0.221166  0.285524  0.086988
                                 0.112302  0.017175  0.022173  0.028439  0.036714 -0.019502 -0.025176  0.014880  0.019210 -0.010308
                                -0.013308  0.005447  0.007032 -0.001809 -0.002335  0.000375 -0.000588  0.000099  0.000592 -0.000943
                                 0.000150  0.000393 -0.000682  0.000075

   6.3   +    -2.7645  -86.1028  0.000000  0.000000  0.000000  0.000000  0.000000  0.000000  0.000000  0.000000  0.000000  0.000000
                                 0.000000  0.000000  0.000000  0.000000  0.000000  0.000001  0.000000 -0.000001 -0.000001  0.000004
                                 0.000002 -0.000004 -0.000005 -0.000000 -0.000000  0.000000 -0.000001 -0.000002  0.000000  0.000004
                                -0.000003 -0.000007 -0.000000 -0.000000  0.000000  0.000000 -0.000000  0.000755 -0.000585  0.012993
                                -0.010064  0.082752 -0.064099  0.226936 -0.175784  0.318247 -0.246514  0.283713 -0.219763  0.109226
                                -0.084606  0.022913 -0.017748  0.038257 -0.029634 -0.025100  0.019443  0.018753 -0.014526 -0.012987
                                 0.010060  0.006860 -0.005314 -0.002277  0.001764 -0.000124 -0.000057  0.000128 -0.000187 -0.000087
                                 0.000194 -0.000092 -0.000043  0.000095

   7.3   0    -0.8003  -20.8832  0.000000  0.000000  0.000000  0.000000  0.000000  0.000000  0.000001  0.000004  0.000009  0.000053
                                 0.000034  0.000285  0.001110  0.003848  0.011251  0.018543  0.005706 -0.024702 -0.024608  0.101571
                                 0.025862 -0.100216 -0.266530  0.455882  0.697995  0.132555 -0.017650 -0.049481  0.011318  0.133983
                                -0.109260 -0.292928 -0.002753 -0.028965  0.012136  0.000477 -0.000063 -0.000001 -0.000001 -0.000009
                                -0.000012 -0.000060 -0.000078 -0.000166 -0.000215 -0.000163 -0.000211 -0.000084 -0.000109  0.000082
                                 0.000106 -0.000010 -0.000013 -0.000005 -0.000007  0.000212  0.000274  0.000145  0.000187 -0.000003
                                -0.000004  0.000009  0.000012 -0.000003 -0.000004 -0.000009 -0.000043 -0.000028 -0.000014  0.000124
                                 0.000042 -0.000033  0.000179  0.000048

   8.3   0    -0.5099  -17.1419 -0.000000 -0.000000 -0.000000 -0.000000 -0.000000 -0.000000 -0.000000 -0.000000 -0.000000 -0.000000
                                -0.000000 -0.000000 -0.000000 -0.000000 -0.000000 -0.000000 -0.000000  0.000000  0.000000 -0.000000
                                -0.000000  0.000000  0.000000 -0.000000  0.000000  0.000000  0.000000  0.000000 -0.000000 -0.000000
                                 0.000000  0.000000 -0.000000 -0.000000  0.000000  0.000000 -0.000000 -0.000092  0.000071 -0.001517
                                 0.001176 -0.009981  0.007732 -0.024878  0.019274 -0.021079  0.016330 -0.006012  0.004658  0.042539
                                -0.032956 -0.008488  0.006576 -0.021711  0.016820  0.165378 -0.128122  0.408031 -0.316110  0.271879
                                -0.210630  0.047921 -0.037126 -0.004375  0.003389  0.000014  0.000006 -0.000014  0.000014  0.000007
                                -0.000015 -0.000025 -0.000012  0.000026

                                   1 3d2-    1 3d2-    1 3d2-    1 3d2-    1 3d2-    1 3d2-    1 3d2-    1 3d2-    1 3d2-    1 3d2- 
                                   1 3d2-    1 3d2-    1 3d2-    1 3d2-    1 3d2-    1 3d2-    1 3d2-    1 3d2-    1 3d2-    1 3d2- 
                                   1 3d2-    1 3d2-    1 3d2-    1 3d2-    1 5g2-    1 5g4-    1 5g2-    1 5g4-    1 5g2-    1 5g4- 
                                   1 5g2-    1 5g4-    1 5g2-    1 5g4-    1 5g2-    1 5g4-    1 5g2-    1 5g4-    1 5g2-    1 5g4- 
                                   1 5g2-    1 5g4- 

   1.4   2   -47.7687 -261.6382  0.000037  0.000858  0.006915  0.034933  0.136062  0.327365  0.479345  0.410976 -0.077285  0.009991
                                 0.005617  0.000632 -0.077904 -0.239269  0.210354 -0.007867 -0.002039 -0.000522  0.000437 -0.000283
                                 0.000161 -0.000058  0.000025 -0.000007 -0.000300  0.000000 -0.000039 -0.000000 -0.000143  0.000000
                                 0.000043 -0.000000 -0.000040  0.000000  0.000023 -0.000000 -0.000014  0.000000  0.000007 -0.000000
                                -0.000002  0.000000

   2.4   2    -8.0445 -106.3117 -0.000018 -0.000405 -0.003328 -0.016816 -0.067490 -0.161911 -0.242649 -0.253814  0.914380  0.399256
                                 0.087456  0.007253  0.100297  0.565935 -0.671749  0.046578 -0.007075 -0.005847  0.005015 -0.003311
                                 0.001909 -0.000696  0.000297 -0.000085 -0.000928  0.000000 -0.000836  0.000000 -0.001494 -0.000000
                                -0.000386 -0.000000 -0.000250 -0.000000  0.000087  0.000000 -0.000055 -0.000000  0.000027  0.000000
                                -0.000009 -0.000000

   3.4   0    -1.1753  -36.5633  0.000005  0.000120  0.000984  0.004987  0.020045  0.048295  0.069643  0.050236 -0.267996 -0.154541
                                -0.011228  0.469633 -0.026358 -0.142786  0.155679  0.109633  0.385089  0.214896  0.024907  0.005896
                                -0.001534  0.000310 -0.000094  0.000022  0.000256 -0.000000 -0.000002 -0.000000 -0.000486 -0.000000
                                -0.001017 -0.000000 -0.000667 -0.000000 -0.000349 -0.000000 -0.000007 -0.000000 -0.000035 -0.000000
                                 0.000013 -0.000000

   4.4   0    -0.5566  -16.4667 -0.000002 -0.000055 -0.000450 -0.002285 -0.009175 -0.022154 -0.031273 -0.017208  0.112924  0.076044
                                 0.018022 -0.278137  0.010712  0.055400 -0.055926 -0.067718 -0.218318 -0.030350  0.537920  0.525588
                                 0.047470  0.013638 -0.005176  0.001436 -0.000116  0.000000  0.000007  0.000000  0.000220  0.000000
                                 0.000462  0.000000  0.000364  0.000000  0.000342  0.000000  0.000202  0.000000  0.000122  0.000000
                                 0.000005  0.000000

                                   1 2pz     1 2pz     1 2pz     1 2pz     1 2pz     1 2pz     1 2pz     1 2pz     1 2pz     1 2pz  
                                   1 2pz     1 2pz     1 2pz     1 2pz     1 2pz     1 2pz     1 2pz     1 2pz     1 2pz     1 2pz  
                                   1 2pz     1 2pz     1 2pz     1 2pz     1 2pz     1 2pz     1 2pz     1 2pz     1 2pz     1 2pz  
                                   1 2pz     1 2pz     1 2pz     1 2pz     1 2pz     1 2pz     1 2pz     1 4f0     1 4f2+    1 4f0  
                                   1 4f2+    1 4f0     1 4f2+    1 4f0     1 4f2+    1 4f0     1 4f2+    1 4f0     1 4f2+    1 4f0  
                                   1 4f2+    1 4f0     1 4f2+    1 4f0     1 4f2+    1 4f0     1 4f2+    1 4f0     1 4f2+    1 4f0  
                                   1 4f2+    1 4f0     1 4f2+    1 4f0     1 4f2+    1 6h2+    1 6h4+    1 6h0     1 6h2+    1 6h4+ 
                                   1 6h0     1 6h2+    1 6h4+    1 6h0  

   1.5   2  -270.1759 -778.8529  0.000000  0.000000  0.000000  0.000001  0.000001  0.000011  0.000023  0.000125  0.000246  0.001625
                                 0.000795  0.008499  0.031199  0.105213  0.279727  0.428807  0.278204  0.040287 -0.011643 -0.036656
                                -0.013927 -0.005971 -0.000959  0.000480 -0.000322  0.000318 -0.000070  0.008673  0.034679  0.019205
                                 0.004649  0.003700 -0.000107 -0.000385  0.000280  0.000028 -0.000005  0.000000 -0.000000 -0.000002
                                -0.000000 -0.000002 -0.000000  0.000005 -0.000000  0.000005 -0.000000 -0.000000 -0.000000 -0.000001
                                 0.000000 -0.000006  0.000000 -0.000003  0.000000  0.000000 -0.000000 -0.000000  0.000000  0.000000
                                -0.000000 -0.000000  0.000000  0.000000 -0.000000  0.000000  0.000002 -0.000001 -0.000000 -0.000000
                                 0.000000  0.000000  0.000000 -0.000000

   2.5   2   -59.5214 -275.8934 -0.000000 -0.000000 -0.000000 -0.000000 -0.000001 -0.000005 -0.000012 -0.000058 -0.000126 -0.000774
                                -0.000439 -0.004115 -0.015686 -0.054284 -0.154926 -0.252076 -0.096067  0.286190  0.388237 -0.069973
                                -0.003989  0.001333  0.000328 -0.000182  0.000128 -0.000130  0.134590  0.238758  0.173010  0.013705
                                -0.000536 -0.001032  0.000044  0.000158 -0.000115 -0.000012  0.000002 -0.000000  0.000000 -0.000002
                                -0.000000 -0.000045  0.000000 -0.000117  0.000000 -0.000120  0.000000 -0.000082  0.000000 -0.000029
                                 0.000000  0.000098 -0.000000  0.000037 -0.000000  0.000005 -0.000000 -0.000004  0.000000  0.000003
                                -0.000000 -0.000002  0.000000  0.000001 -0.000000  0.000000  0.000064 -0.000074 -0.000000  0.000020
                                 0.000021  0.000000  0.000003 -0.000008

   3.5   2   -12.7005 -118.1880  0.000000  0.000000  0.000000  0.000000  0.000000  0.000002  0.000006  0.000026  0.000061  0.000360
                                 0.000224  0.001929  0.007489  0.025960  0.075550  0.124226  0.040026 -0.160951 -0.185192  0.495598
                                 0.220171 -0.147645 -0.021577  0.010899 -0.007379  0.007381 -0.106954 -0.276005 -0.015291  0.394477
                                 0.182100  0.088486 -0.002510 -0.008962  0.006545  0.000668 -0.000119 -0.000002 -0.000000 -0.000036
                                 0.000000 -0.000192  0.000000 -0.000518  0.000000 -0.000937  0.000000 -0.000751  0.000000 -0.000367
                                 0.000000 -0.000294  0.000000 -0.000096 -0.000000  0.000081 -0.000000 -0.000064  0.000000  0.000045
                                -0.000000 -0.000024  0.000000  0.000008 -0.000000 -0.000000  0.000117 -0.000325 -0.000000  0.000231
                                -0.000256  0.000000  0.000105 -0.000014

   4.5   2    -2.6607  -49.3242 -0.000000 -0.000000 -0.000000 -0.000000 -0.000000 -0.000001 -0.000002 -0.000010 -0.000024 -0.000137
                                -0.000087 -0.000734 -0.002865 -0.009931 -0.029028 -0.047808 -0.014949  0.061966  0.062087 -0.263162
                                -0.101024  0.221205  0.305229  0.007072  0.011122 -0.012277  0.045541  0.126933 -0.013609 -0.285151
                                 0.189076  0.454618  0.004417  0.015359 -0.011382 -0.001186  0.000211 -0.000000  0.000000 -0.000005
                                 0.000000 -0.000043  0.000000 -0.000160  0.000000 -0.000319  0.000000 -0.000961  0.000000 -0.000659
                                 0.000000  0.000274  0.000000  0.000303  0.000000  0.000143 -0.000000 -0.000125  0.000000  0.000088
                                -0.000000 -0.000047  0.000000  0.000016 -0.000000  0.000000  0.000061  0.000146  0.000000  0.000009
                                -0.000215 -0.000000 -0.000068 -0.000488

   5.5   +    -2.7645  -86.1027  0.000000 -0.000000  0.000000 -0.000000  0.000000  0.000000  0.000000  0.000000  0.000000  0.000000
                                 0.000000  0.000000  0.000000  0.000000  0.000000  0.000000  0.000000 -0.000000 -0.000000  0.000000
                                 0.000000 -0.000000 -0.000000 -0.000000  0.000000 -0.000000 -0.000000 -0.000000  0.000000  0.000000
                                -0.000000 -0.000000  0.000000  0.000000 -0.000000 -0.000000  0.000000 -0.000000  0.000955 -0.000000
                                 0.016435 -0.000000  0.104673 -0.000000  0.287053 -0.000000  0.402555 -0.000000  0.358872 -0.000000
                                 0.138161 -0.000000  0.028983 -0.000000  0.048391  0.000000 -0.031750 -0.000000  0.023721  0.000000
                                -0.016427 -0.000000  0.008677  0.000000 -0.002880  0.000188 -0.000000 -0.000000  0.000283  0.000000
                                 0.000000  0.000139  0.000000  0.000000

   6.5   +    -2.7124  -85.8353  0.000000  0.000000  0.000000  0.000000  0.000000  0.000000  0.000000  0.000000  0.000000  0.000000
                                 0.000000  0.000002  0.000009  0.000032  0.000095  0.000155  0.000055 -0.000196 -0.000322  0.000226
                                 0.000366 -0.000248 -0.000493 -0.000160  0.000024 -0.000021 -0.000149 -0.000326  0.000234  0.000512
                                 0.001590  0.000804  0.000006  0.000023 -0.000016 -0.000002  0.000000  0.000952  0.000000  0.016388
                                 0.000000  0.104340  0.000000  0.286246  0.000000  0.402549  0.000000  0.361163  0.000000  0.142051
                                 0.000000  0.028047  0.000000  0.046440  0.000000 -0.031846 -0.000000  0.024299  0.000000 -0.016833
                                -0.000000  0.008895  0.000000 -0.002953 -0.000000  0.000000 -0.000702  0.000057  0.000000 -0.001119
                                 0.000101  0.000000 -0.000782  0.000114

   7.5   0    -0.8003  -20.8832  0.000000  0.000000  0.000000  0.000000  0.000000  0.000000  0.000001  0.000004  0.000009  0.000053
                                 0.000034  0.000285  0.001110  0.003848  0.011251  0.018543  0.005706 -0.024702 -0.024608  0.101571
                                 0.025862 -0.100216 -0.266530  0.455881  0.697995  0.132555 -0.017650 -0.049481  0.011318  0.133983
                                -0.109260 -0.292927 -0.002753 -0.028965  0.012136  0.000477 -0.000063  0.000001  0.000000  0.000015
                                 0.000000  0.000098  0.000000  0.000271  0.000000  0.000266  0.000000  0.000138  0.000000 -0.000134
                                 0.000000  0.000016  0.000000  0.000008  0.000000 -0.000347 -0.000000 -0.000237 -0.000000  0.000005
                                -0.000000 -0.000015 -0.000000  0.000005  0.000000 -0.000000  0.000023 -0.000046 -0.000000 -0.000098
                                 0.000087 -0.000000 -0.000152  0.000111

   8.5   0    -0.5099  -17.1419  0.000000 -0.000000  0.000000 -0.000000 -0.000000  0.000000 -0.000000  0.000000 -0.000000  0.000000
                                -0.000000  0.000000  0.000000  0.000000  0.000000  0.000000  0.000000 -0.000000 -0.000000  0.000000
                                 0.000000 -0.000000 -0.000000 -0.000000  0.000000  0.000000 -0.000000 -0.000000  0.000000  0.000000
                                 0.000000 -0.000000 -0.000000 -0.000000  0.000000  0.000000 -0.000000 -0.000000 -0.000117 -0.000000
                                -0.001919 -0.000000 -0.012626 -0.000000 -0.031471 -0.000000 -0.026664 -0.000000 -0.007605  0.000000
                                 0.053811 -0.000000 -0.010737 -0.000000 -0.027465  0.000000  0.209201  0.000000  0.516155  0.000000
                                 0.343923  0.000000  0.060620 -0.000000 -0.005534 -0.000020  0.000000 -0.000000 -0.000022  0.000000
                                 0.000000  0.000038  0.000000 -0.000000

                                   1 3d1+    1 3d1+    1 3d1+    1 3d1+    1 3d1+    1 3d1+    1 3d1+    1 3d1+    1 3d1+    1 3d1+ 
                                   1 3d1+    1 3d1+    1 3d1+    1 3d1+    1 3d1+    1 3d1+    1 3d1+    1 3d1+    1 3d1+    1 3d1+ 
                                   1 3d1+    1 3d1+    1 3d1+    1 3d1+    1 5g1+    1 5g3+    1 5g1+    1 5g3+    1 5g1+    1 5g3+ 
                                   1 5g1+    1 5g3+    1 5g1+    1 5g3+    1 5g1+    1 5g3+    1 5g1+    1 5g3+    1 5g1+    1 5g3+ 
                                   1 5g1+    1 5g3+ 

   1.6   2   -47.7687 -261.6382  0.000037  0.000858  0.006915  0.034933  0.136062  0.327365  0.479345  0.410976 -0.077285  0.009991
                                 0.005617  0.000632 -0.077904 -0.239269  0.210354 -0.007867 -0.002039 -0.000522  0.000437 -0.000283
                                 0.000161 -0.000058  0.000025 -0.000007  0.000106  0.000280  0.000014  0.000037  0.000051  0.000134
                                -0.000015 -0.000041  0.000014  0.000038 -0.000008 -0.000022  0.000005  0.000013 -0.000002 -0.000006
                                 0.000001  0.000002

   2.6   2    -8.0445 -106.3118 -0.000018 -0.000405 -0.003328 -0.016816 -0.067490 -0.161911 -0.242649 -0.253814  0.914380  0.399256
                                 0.087456  0.007253  0.100297  0.565935 -0.671749  0.046578 -0.007075 -0.005847  0.005015 -0.003311
                                 0.001909 -0.000696  0.000297 -0.000085  0.000328  0.000869  0.000296  0.000782  0.000528  0.001398
                                 0.000136  0.000361  0.000088  0.000234 -0.000031 -0.000082  0.000019  0.000051 -0.000010 -0.000026
                                 0.000003  0.000009

   3.6   0    -1.1753  -36.5633 -0.000005 -0.000120 -0.000984 -0.004987 -0.020045 -0.048295 -0.069643 -0.050236  0.267996  0.154541
                                 0.011228 -0.469633  0.026358  0.142786 -0.155679 -0.109633 -0.385089 -0.214896 -0.024907 -0.005896
                                 0.001534 -0.000310  0.000094 -0.000022  0.000090  0.000239 -0.000001 -0.000002 -0.000172 -0.000455
                                -0.000359 -0.000951 -0.000236 -0.000624 -0.000123 -0.000326 -0.000002 -0.000006 -0.000012 -0.000033
                                 0.000005  0.000012

   4.6   0    -0.5566  -16.4667 -0.000002 -0.000055 -0.000450 -0.002285 -0.009175 -0.022154 -0.031273 -0.017208  0.112924  0.076044
                                 0.018022 -0.278137  0.010712  0.055400 -0.055926 -0.067718 -0.218318 -0.030350  0.537920  0.525588
                                 0.047470  0.013638 -0.005176  0.001436  0.000041  0.000109 -0.000002 -0.000006 -0.000078 -0.000206
                                -0.000163 -0.000432 -0.000129 -0.000341 -0.000121 -0.000320 -0.000072 -0.000189 -0.000043 -0.000114
                                -0.000002 -0.000005

                                   1 3d1-    1 3d1-    1 3d1-    1 3d1-    1 3d1-    1 3d1-    1 3d1-    1 3d1-    1 3d1-    1 3d1- 
                                   1 3d1-    1 3d1-    1 3d1-    1 3d1-    1 3d1-    1 3d1-    1 3d1-    1 3d1-    1 3d1-    1 3d1- 
                                   1 3d1-    1 3d1-    1 3d1-    1 3d1-    1 5g1-    1 5g3-    1 5g1-    1 5g3-    1 5g1-    1 5g3- 
                                   1 5g1-    1 5g3-    1 5g1-    1 5g3-    1 5g1-    1 5g3-    1 5g1-    1 5g3-    1 5g1-    1 5g3- 
                                   1 5g1-    1 5g3- 

   1.7   2   -47.7687 -261.6382  0.000037  0.000858  0.006915  0.034933  0.136062  0.327365  0.479345  0.410976 -0.077285  0.009991
                                 0.005617  0.000632 -0.077904 -0.239269  0.210354 -0.007867 -0.002039 -0.000522  0.000437 -0.000283
                                 0.000161 -0.000058  0.000025 -0.000007  0.000106 -0.000280  0.000014 -0.000037  0.000051 -0.000134
                                -0.000015  0.000041  0.000014 -0.000038 -0.000008  0.000022  0.000005 -0.000013 -0.000002  0.000006
                                 0.000001 -0.000002

   2.7   2    -8.0445 -106.3118 -0.000018 -0.000405 -0.003328 -0.016816 -0.067490 -0.161911 -0.242649 -0.253814  0.914380  0.399256
                                 0.087456  0.007253  0.100297  0.565935 -0.671749  0.046578 -0.007075 -0.005847  0.005015 -0.003311
                                 0.001909 -0.000696  0.000297 -0.000085  0.000328 -0.000869  0.000296 -0.000782  0.000528 -0.001398
                                 0.000136 -0.000361  0.000088 -0.000234 -0.000031  0.000082  0.000019 -0.000051 -0.000010  0.000026
                                 0.000003 -0.000009

   3.7   0    -1.1753  -36.5633 -0.000005 -0.000120 -0.000984 -0.004987 -0.020045 -0.048295 -0.069643 -0.050236  0.267996  0.154541
                                 0.011228 -0.469633  0.026358  0.142786 -0.155679 -0.109633 -0.385089 -0.214896 -0.024907 -0.005896
                                 0.001534 -0.000310  0.000094 -0.000022  0.000090 -0.000239 -0.000001  0.000002 -0.000172  0.000455
                                -0.000359  0.000951 -0.000236  0.000624 -0.000123  0.000326 -0.000002  0.000006 -0.000012  0.000033
                                 0.000005 -0.000012

   4.7   0    -0.5566  -16.4667 -0.000002 -0.000055 -0.000450 -0.002285 -0.009175 -0.022154 -0.031273 -0.017208  0.112924  0.076044
                                 0.018022 -0.278137  0.010712  0.055400 -0.055926 -0.067718 -0.218318 -0.030350  0.537920  0.525588
                                 0.047470  0.013638 -0.005176  0.001436  0.000041 -0.000109 -0.000002  0.000006 -0.000078  0.000206
                                -0.000163  0.000432 -0.000129  0.000341 -0.000121  0.000320 -0.000072  0.000189 -0.000043  0.000114
                                -0.000002  0.000005

                                   1 4f2-    1 4f2-    1 4f2-    1 4f2-    1 4f2-    1 4f2-    1 4f2-    1 4f2-    1 4f2-    1 4f2- 
                                   1 4f2-    1 4f2-    1 4f2-    1 4f2-    1 6h4-    1 6h2-    1 6h4-    1 6h2-    1 6h4-    1 6h2- 


   1.8   0    -1.5847  -79.9993  0.000860  0.014913  0.094425  0.262964  0.393246  0.390817  0.211926  0.017884  0.023164 -0.017936
                                 0.038472 -0.025667  0.013782 -0.004630  0.000000  0.000000  0.000000 -0.000000 -0.000000 -0.000000

   2.8   0    -0.5027  -17.0593 -0.000142 -0.002384 -0.015465 -0.040161 -0.044297 -0.031736  0.027341 -0.009631 -0.023767  0.193341
                                 0.506996  0.372900  0.065393 -0.004872 -0.000000 -0.000000  0.000000  0.000000 -0.000000 -0.000000

 HOMO      6.5    -2.712383 =     -73.8077eV
 LUMO      1.8    -1.584747 =     -43.1232eV
 LUMO-HOMO         1.127636 =      30.6845eV


 **********************************************************************************************************************************
 DATASETS  * FILE   NREC   LENGTH (MB)   RECORD NAMES
              1      18       21.41       500      610      700      900      950      970     1000      129      960     1100   
                                          VAR    BASINP    GEOM    SYMINP    ZMAT    AOBASIS   BASIS     P2S    ABASIS      S 
                                         1400     1410     1200     1210     1080     1600     1650     1700   
                                           T        V       H0       H01     AOSYM     SMH    MOLCAS    OPER   

              2       5        6.41       200      700     1000      520     4202   
                                        OPTIONS   GEOM     BASIS   MCVARS     RHF  

 PROGRAMS   *        TOTAL       RHF       INT
 CPU TIMES  *       457.69      3.97    453.25
 REAL TIME  *       469.62 SEC
 DISK USED  *        11.28 GB      
 SF USED    *         0.14 MB      
 GA USED    *         0.00 MB       (max)       0.00 MB       (current)
 **********************************************************************************************************************************


 PROGRAM * POP (Mulliken population analysis)

 
 Density matrix read from record         4202.2  Type=RHF/CHARGE (state 1.1)
 
 Population analysis by basis function type

 Unique atom        s        p        d        f        g    Total    Charge
   1  GD     10.00000 23.99997 19.99994  6.00001  0.00006 60.00000  + 4.00000


 **********************************************************************************************************************************
 DATASETS  * FILE   NREC   LENGTH (MB)   RECORD NAMES
              1      18       21.41       500      610      700      900      950      970     1000      129      960     1100   
                                          VAR    BASINP    GEOM    SYMINP    ZMAT    AOBASIS   BASIS     P2S    ABASIS      S 
                                         1400     1410     1200     1210     1080     1600     1650     1700   
                                           T        V       H0       H01     AOSYM     SMH    MOLCAS    OPER   

              2       5        6.41       200      700     1000      520     4202   
                                        OPTIONS   GEOM     BASIS   MCVARS     RHF  

 PROGRAMS   *        TOTAL       POP       RHF       INT
 CPU TIMES  *       457.69      0.00      3.97    453.25
 REAL TIME  *       469.64 SEC
 DISK USED  *        11.28 GB      
 SF USED    *         0.14 MB      
 GA USED    *         0.00 MB       (max)       0.00 MB       (current)
 **********************************************************************************************************************************


 PROGRAM * RHF-SCF (OPEN SHELL)       Authors: W. Meyer, H.-J. Werner


 NUMBER OF ELECTRONS:      33+   27-    SPACE SYMMETRY=1    SPIN SYMMETRY: Septet  
 CONVERGENCE THRESHOLDS:    1.00E-05 (Density)    1.20E-07 (Energy)
 MAX. NUMBER OF ITERATIONS:        0
 INTERPOLATION TYPE:            DIIS
 INTERPOLATION STEPS:              2 (START)      1 (STEP)
 LEVEL SHIFTS:                 -0.60 (CLOSED) -0.30 (OPEN) 

 Number of closed-shell orbitals:   27 (   9   4   4   2   4   2   2   0 )
 Number of open-shell orbitals:      6 (   0   2   2   0   2   0   0   0 )


 Molecular orbitals read from record     4202.2  Type=RHF/CANONICAL (state 1.1)

 Molecular orbital dump at record        2115.2

 ITERATION    DDIFF          GRAD             ENERGY        2-EL.EN.            DIPOLE MOMENTS         DIIS   ORB.
    1      0.000D+00      0.000D+00    -10817.58657990   7872.353563    0.00000    0.00000    0.00000    0    start

 Final alpha occupancy:   9   6   6   2   6   2   2   0
 Final beta  occupancy:   9   4   4   2   4   2   2   0

 !RHF STATE 1.1 Energy               -10817.5865799047    
 Nuclear energy                         0.00000000
 One-electron energy               -14753.76336125
 Two-electron energy                 3936.17678135
 Virial quotient                       -1.00000361
 !RHF STATE 1.1 Dipole moment           0.00000000     0.00000000     0.00000000
 Dipole moment /Debye                   0.00000000     0.00000000     0.00000000

 Orbital energies:

         1.1          2.1          3.1          4.1          5.1          6.1          7.1          8.1          9.1         10.1
  -1749.073028  -284.405367   -65.907726   -47.775500   -47.775501   -15.285679    -8.071306    -8.071305    -3.508660    -1.178828

        11.1
     -1.178827

         1.2          2.2          3.2          4.2          5.2          6.2          7.2          8.2
   -270.175931   -59.521354   -12.700520    -2.660721    -2.712383    -2.764540    -0.800329    -0.509867

         1.3          2.3          3.3          4.3          5.3          6.3          7.3          8.3
   -270.175931   -59.521354   -12.700520    -2.660721    -2.712383    -2.764540    -0.800329    -0.509867

         1.4          2.4          3.4          4.4
    -47.768730    -8.044501    -1.175271    -0.556621

         1.5          2.5          3.5          4.5          5.5          6.5          7.5          8.5
   -270.175931   -59.521354   -12.700520    -2.660721    -2.764540    -2.712383    -0.800328    -0.509868

         1.6          2.6          3.6          4.6
    -47.768730    -8.044501    -1.175271    -0.556621

         1.7          2.7          3.7          4.7
    -47.768730    -8.044501    -1.175271    -0.556621

         1.8          2.8
     -1.584747    -0.502741

 HOMO      6.5    -2.712383 =     -73.8077eV
 LUMO      1.8    -1.584747 =     -43.1232eV
 LUMO-HOMO         1.127636 =      30.6845eV


 **********************************************************************************************************************************
 DATASETS  * FILE   NREC   LENGTH (MB)   RECORD NAMES
              1      18       21.41       500      610      700      900      950      970     1000      129      960     1100   
                                          VAR    BASINP    GEOM    SYMINP    ZMAT    AOBASIS   BASIS     P2S    ABASIS      S 
                                         1400     1410     1200     1210     1080     1600     1650     1700   
                                           T        V       H0       H01     AOSYM     SMH    MOLCAS    OPER   

              2       6       10.32       200      700     1000      520     4202     2115   
                                        OPTIONS   GEOM     BASIS   MCVARS     RHF      RHF  

 PROGRAMS   *        TOTAL       RHF       POP       RHF       INT
 CPU TIMES  *       458.00      0.30      0.00      3.97    453.25
 REAL TIME  *       470.01 SEC
 DISK USED  *        11.28 GB      
 SF USED    *         0.14 MB      
 GA USED    *         0.00 MB       (max)       0.00 MB       (current)
 **********************************************************************************************************************************
 SETTING SCF(8)         =    -10817.58657990  AU                              
 Output type csv         
                                                                                                                                                                                                                                                                

          SCF
        0.00000
        0.00000
        0.00000
        0.00000
        0.00000
        0.00000
        0.00000
   -10817.58658
                                                  

 RHF/USERDEF energy= -10817.586579904750

        RHF-SCF         RHF-SCF 
 -10817.58657990 -10817.58657990
 **********************************************************************************************************************************
 Molpro calculation terminated
 Variable memory released
