Molecule: TbH3_TZ.csv
\begin{tabular}{lllll}
\toprule
{} &        AE &      SBKJC &        UC &      ccECP \\
\midrule
0 &   8.17(2) &   -0.32(3) &   0.06(3) &    0.04(3) \\
1 &  2.007(5) &   0.007(7) &  0.001(7) &  -0.001(7) \\
2 &  1407(14) &      7(18) &    -4(19) &      1(19) \\
3 &         0 &  -0.08(40) &  0.06(42) &   0.02(41) \\
\bottomrule
\end{tabular}

Molecule: TbO_TZ.csv
\begin{tabular}{lllll}
\toprule
{} &          AE &      SBKJC &         UC &      ccECP \\
\midrule
0 &     7.22(1) &   -0.26(1) &    0.01(1) &   -0.04(1) \\
1 &    1.806(2) &   0.007(3) &   0.001(3) &   0.001(3) \\
2 &  812.5(4.1) &  -5.1(5.7) &  -1.9(5.9) &   0.2(6.1) \\
3 &           0 &  -0.15(18) &   0.02(19) &  -0.01(20) \\
\bottomrule
\end{tabular}

