
 Primary working directories    : /global/cscratch1/sd/haihan
 Secondary working directories  : /global/cscratch1/sd/haihan
 Wavefunction directory         : /global/homes/h/haihan/wfu/
 Main file repository           : /global/cscratch1/sd/haihan/

 SHA1      : 19cd028119e0e09f93f0674bd8af7968d9b3eff6
 NAME      : 2015.1.36
 ARCHNAME  : linux/x86_64
 FC        : /opt/cray/pe/craype/2.5.14/bin/ftn
 BLASLIB   : -L/opt/intel/compilers_and_libraries_2018.1.163/linux/mkl/lib/intel64 -Wl,-_start-group -lmkl_intel_ilp64 -lmkl_intel_thread -lmkl_core -Wl,-_end-group -liomp5
 id        : lbl

 Nodes     nprocs
 nid12778     5
 Number of processes for MPI-2 version of Molpro:   nprocs(total)=    6   nprocs(compute)=    5   nprocs(helper)=    1

 Using customized tuning parameters: mindgm=7; mindgv=16; mindgc=1; mindgr=1; noblas=0; minvec=7
 default implementation of scratch files=sf  

 ***,Calculation for Gd atom, singlet and triplet
 memory,2,g
 
 gthresh,twoint=1.e-15
 gthresh,oneint=1.e-15
 
 set,dkroll=1,dkho=10,dkhp=4
 
 
 geometry={
 1
 Lu
 Lu  0.0 0.0 0.0
 }
 
 basis={
 Including file /global/u2/h/haihan/Research/ECP/f_group_element_ecps/Lu/Molpro/atom/AE/dkh/4/../aug-cc-pwCVTZ.basis
 }
 
 
 
 Including file /global/u2/h/haihan/Research/ECP/f_group_element_ecps/Lu/Molpro/atom/AE/dkh/4/../Lu_states_ae.proc
 
 
 do i=4,4
     if (i.eq.1) then
         Id1s2
     else if (i.eq.2) then
         Ip1s2
     else if (i.eq.3) then
 IEd2s1
     else if (i.eq.4) then
         IEf1s2
     else if (i.eq.5) then
         IIds2
     else if (i.eq.6) then
         IId1s1
     else if (i.eq.7) then
         IIIds1
     else if (i.eq.8) then
 IIIp1
     else if (i.eq.9) then
         IIId1
     else if (i.eq.10) then
         IIIEf1
     else if (i.eq.11) then
         VIp6
     else if (i.eq.12) then
         VIIp5
     else if (i.eq.13) then
         VIIIp4
     else if (i.eq.14) then
         IXp3
     else if (i.eq.15) then
         Xp
     else if (i.eq.16) then
         XIds2
     else if (i.eq.17) then
         IIIEf2
     endif
     scf(i)=energy
     _CC_NORM_MAX=2.0
     {rccsd(t),shifts=0.5,shiftp=0.5,thrdis=1.0;diis,1,1,15,1;maxit,100;core}
     ccsd(i)=energy
 enddo
 
 table,scf,ccsd
 type,csv
 save

 Variables initialized (889), CPU time= 0.00 sec
 Commands  initialized (702), CPU time= 0.01 sec, 572 directives.
 Default parameters read. Elapsed time= 0.13 sec

 Checking input...
 Passed
1


                                         ***  PROGRAM SYSTEM MOLPRO  ***
                                       Copyright, TTI GmbH Stuttgart, 2015
                                    Version 2015.1 linked Dec 29 2018 15:55:43


 **********************************************************************************************************************************
 LABEL *   Calculation for Gd atom, singlet and triplet                                  
  64 bit mpp version                                                                     DATE: 22-Mar-23          TIME: 17:09:03  
 **********************************************************************************************************************************

 SHA1:             19cd028119e0e09f93f0674bd8af7968d9b3eff6
 **********************************************************************************************************************************

 THRESHOLDS:

 ZERO    =  1.00D-12  ONEINT  =  1.00D-12  TWOINT  =  1.00D-15  PREFAC  =  1.00D-14  LOCALI  =  1.00D-09  EORDER  =  1.00D-04
 ENERGY  =  0.00D+00  ETEST   =  0.00D+00  EDENS   =  0.00D+00  THRDEDEF=  1.00D-06  GRADIENT=  1.00D-02  STEP    =  1.00D-03
 ORBITAL =  1.00D-05  CIVEC   =  1.00D-05  COEFF   =  1.00D-04  PRINTCI =  5.00D-02  PUNCHCI =  9.90D+01  OPTGRAD =  3.00D-04
 OPTENERG=  1.00D-06  OPTSTEP =  3.00D-04  THRGRAD =  1.00D-10  COMPRESS=  1.00D-11  VARMIN  =  1.00D-07  VARMAX  =  1.00D-03
 THRDOUB =  0.00D+00  THRDIV  =  1.00D-05  THRRED  =  1.00D-07  THRPSP  =  1.00D+00  THRDC   =  1.00D-10  THRCS   =  1.00D-10
 THRNRM  =  1.00D-08  THREQ   =  0.00D+00  THRDE   =  1.00D+00  THRREF  =  1.00D-05  SPARFAC =  1.00D+00  THRDLP  =  1.00D-07
 THRDIA  =  1.00D-10  THRDLS  =  1.00D-07  THRGPS  =  0.00D+00  THRKEX  =  0.00D+00  THRDIS  =  2.00D-01  THRVAR  =  1.00D-10
 THRLOC  =  1.00D-06  THRGAP  =  1.00D-06  THRLOCT = -1.00D+00  THRGAPT = -1.00D+00  THRORB  =  1.00D-06  THRMLTP =  0.00D+00
 THRCPQCI=  1.00D-10  KEXTA   =  0.00D+00  THRCOARS=  0.00D+00  SYMTOL  =  1.00D-06  GRADTOL =  1.00D-06  THROVL  =  1.00D-08
 THRORTH =  1.00D-08  GRID    =  1.00D-06  GRIDMAX =  1.00D-03  DTMAX   =  0.00D+00  THROCCDE=  1.00D-01  THROCCDE=  1.00D-01



 THRESHOLDS:

 ZERO    =  1.00D-12  ONEINT  =  1.00D-15  TWOINT  =  1.00D-15  PREFAC  =  1.00D-14  LOCALI  =  1.00D-09  EORDER  =  1.00D-04
 ENERGY  =  0.00D+00  ETEST   =  0.00D+00  EDENS   =  0.00D+00  THRDEDEF=  1.00D-06  GRADIENT=  1.00D-02  STEP    =  1.00D-03
 ORBITAL =  1.00D-05  CIVEC   =  1.00D-05  COEFF   =  1.00D-04  PRINTCI =  5.00D-02  PUNCHCI =  9.90D+01  OPTGRAD =  3.00D-04
 OPTENERG=  1.00D-06  OPTSTEP =  3.00D-04  THRGRAD =  1.00D-10  COMPRESS=  1.00D-11  VARMIN  =  1.00D-07  VARMAX  =  1.00D-03
 THRDOUB =  0.00D+00  THRDIV  =  1.00D-05  THRRED  =  1.00D-07  THRPSP  =  1.00D+00  THRDC   =  1.00D-10  THRCS   =  1.00D-10
 THRNRM  =  1.00D-08  THREQ   =  0.00D+00  THRDE   =  1.00D+00  THRREF  =  1.00D-05  SPARFAC =  1.00D+00  THRDLP  =  1.00D-07
 THRDIA  =  1.00D-10  THRDLS  =  1.00D-07  THRGPS  =  0.00D+00  THRKEX  =  0.00D+00  THRDIS  =  2.00D-01  THRVAR  =  1.00D-10
 THRLOC  =  1.00D-06  THRGAP  =  1.00D-06  THRLOCT = -1.00D+00  THRGAPT = -1.00D+00  THRORB  =  1.00D-06  THRMLTP =  0.00D+00
 THRCPQCI=  1.00D-10  KEXTA   =  0.00D+00  THRCOARS=  0.00D+00  SYMTOL  =  1.00D-06  GRADTOL =  1.00D-06  THROVL  =  1.00D-08
 THRORTH =  1.00D-08  GRID    =  1.00D-06  GRIDMAX =  1.00D-03  DTMAX   =  0.00D+00  THROCCDE=  1.00D-01  THROCCDE=  1.00D-01


 SETTING DKROLL         =         1.00000000                                  
 SETTING DKHO           =        10.00000000                                  
 SETTING DKHP           =         4.00000000                                  

Geometry recognized as XYZ


 Variable memory set to 2000000000 words,  buffer space   230000 words

 SETTING BASIS          =    USERDEF

 DO I                   =         4.00000000   

 Running procedure=IEF1S2


 Recomputing integrals since basis changed


 Using spherical harmonics



 PROGRAM * SEWARD (Integral evaluation for generally contracted gaussian basis sets)     Author: Roland Lindh, 1990

 Geometry written to block  1 of record 700

 Orientation using atomic masses  
 Molecule type: Atom
 Symmetry elements: X,Y,Z
 Rotational constants:       0.0000000      0.0000000      0.0000000 GHz  (calculated with average atomic masses)

 Point group  D2h 



 ATOMIC COORDINATES

 NR  ATOM    CHARGE       X              Y              Z

   1  LU     71.00    0.000000000    0.000000000    0.000000000

 NUCLEAR CHARGE:                   71
 NUMBER OF PRIMITIVE AOS:         581
 NUMBER OF SYMMETRY AOS:          442
 NUMBER OF CONTRACTIONS:          442   ( 103Ag  +  70B3u +  70B2u +  36B1g +  70B1u +  36B2g +  36B3g +  21Au  )
 NUMBER OF CORE ORBITALS:          23   (   8Ag  +   3B3u +   3B2u +   2B1g +   3B1u +   2B2g +   2B3g +   0Au  )
 NUMBER OF VALENCE ORBITALS:       17   (   4Ag  +   3B3u +   3B2u +   1B1g +   3B1u +   1B2g +   1B3g +   1Au  )


 NUCLEAR REPULSION ENERGY    0.00000000

 One-electron integrals computed with SEWARD

 10nd-order Douglas-Kroll-Hess method activated. McWeeny DKH parametrization is used.

 Computing Douglas-Kroll / X2C integrals

 AO integral compression algorithm  1   Integral accuracy      1.0D-15

     3531.342 MB (compressed) written to integral file ( 42.0%)

     Node minimum: 521.929 MB, node maximum: 872.940 MB


 NUMBER OF SORTED TWO-ELECTRON INTEGRALS:  122769956.     BUFFER LENGTH:  32768
 NUMBER OF SEGMENTS:   4  SEGMENT LENGTH:   31998750      RECORD LENGTH: 524288

 Memory used in sort:      32.56 MW

 SORT1 READ  1050599776. AND WROTE    70509520. INTEGRALS IN    204 RECORDS. CPU TIME:    23.30 SEC, REAL TIME:    27.70 SEC
 SORT2 READ   352987772. AND WROTE   613618504. INTEGRALS IN  12080 RECORDS. CPU TIME:     2.22 SEC, REAL TIME:     3.73 SEC

 Node minimum:   122669171.  Node maximum:   122832014. integrals

 OPERATOR DM      FOR CENTER  0  COORDINATES:    0.000000    0.000000    0.000000

 EXTRA SYMMETRY OF AOS IN SYMMETRY 1:   1 1 1 1 1 1 1 1 1 1   1 1 1 1 1 1 1 1 1 1   1 1 1 1 1 1 1 1 1 1   1 1 1 1 1 1 1 1 2 3
                                        2 3 2 3 2 3 2 3 2 3   2 3 2 3 2 3 2 3 2 3   2 3 2 3 2 3 2 3 2 3   2 3 2 3 2 3 2 3 2 3
                                        2 3 4 5 6 4 5 6 4 5   6 4 5 6 4 5 6 4 5 6   4 5 6
 EXTRA SYMMETRY OF AOS IN SYMMETRY 2:   1 1 1 1 1 1 1 1 1 1   1 1 1 1 1 1 1 1 1 1   1 1 1 1 1 1 1 1 1 1   1 2 3 2 3 2 3 2 3 2
                                        3 2 3 2 3 2 3 2 3 2   3 2 3 2 3 2 3 2 3 2   3 4 5 6 4 5 6 4 5 6
 EXTRA SYMMETRY OF AOS IN SYMMETRY 3:   1 1 1 1 1 1 1 1 1 1   1 1 1 1 1 1 1 1 1 1   1 1 1 1 1 1 1 1 1 1   1 2 3 2 3 2 3 2 3 2
                                        3 2 3 2 3 2 3 2 3 2   3 2 3 2 3 2 3 2 3 2   3 4 5 6 4 5 6 4 5 6
 EXTRA SYMMETRY OF AOS IN SYMMETRY 4:   1 1 1 1 1 1 1 1 1 1   1 1 1 1 1 1 1 1 1 1   1 1 2 3 2 3 2 3 2 3   2 3 2 3 2 3
 EXTRA SYMMETRY OF AOS IN SYMMETRY 5:   1 1 1 1 1 1 1 1 1 1   1 1 1 1 1 1 1 1 1 1   1 1 1 1 1 1 1 1 1 1   1 2 3 2 3 2 3 2 3 2
                                        3 2 3 2 3 2 3 2 3 2   3 2 3 2 3 2 3 2 3 2   3 4 5 6 4 5 6 4 5 6
 EXTRA SYMMETRY OF AOS IN SYMMETRY 6:   1 1 1 1 1 1 1 1 1 1   1 1 1 1 1 1 1 1 1 1   1 1 2 3 2 3 2 3 2 3   2 3 2 3 2 3
 EXTRA SYMMETRY OF AOS IN SYMMETRY 7:   1 1 1 1 1 1 1 1 1 1   1 1 1 1 1 1 1 1 1 1   1 1 2 3 2 3 2 3 2 3   2 3 2 3 2 3
 EXTRA SYMMETRY OF AOS IN SYMMETRY 8:   1 1 1 1 1 1 1 1 1 1   1 1 1 1 1 2 3 2 3 2   3

 Eigenvalues of metric

         1 0.333E-06 0.964E-06 0.340E-05 0.186E-04 0.475E-04 0.703E-04 0.799E-04 0.799E-04
         2 0.960E-06 0.179E-05 0.251E-04 0.110E-03 0.525E-03 0.525E-03 0.534E-03 0.156E-02
         3 0.960E-06 0.179E-05 0.251E-04 0.110E-03 0.525E-03 0.525E-03 0.534E-03 0.156E-02
         4 0.799E-04 0.144E-03 0.223E-02 0.632E-02 0.897E-02 0.238E-01 0.240E-01 0.240E-01
         5 0.960E-06 0.179E-05 0.251E-04 0.110E-03 0.525E-03 0.525E-03 0.534E-03 0.156E-02
         6 0.799E-04 0.144E-03 0.223E-02 0.632E-02 0.897E-02 0.238E-01 0.240E-01 0.240E-01
         7 0.799E-04 0.144E-03 0.223E-02 0.632E-02 0.897E-02 0.238E-01 0.240E-01 0.240E-01
         8 0.525E-03 0.142E-01 0.219E-01 0.528E-01 0.103E+00 0.167E+00 0.268E+00 0.268E+00


 **********************************************************************************************************************************
 DATASETS  * FILE   NREC   LENGTH (MB)   RECORD NAMES
              1      22       22.03       500      610      700      900      950      970     1000      129      960     1700   
                                          VAR    BASINP    GEOM    SYMINP    ZMAT    AOBASIS   BASIS     P2S    ABASIS    OPER   
                                         1101     1401     1411     1412     1650     1100     1400     1410     1200     1210   
                                          SR      EKINR    POTR     PVPR    MOLCAS      S      EKIN      POT      H0       H01  
                                         1080     1600   
                                         AOSYM     SMH  

 PROGRAMS   *        TOTAL       INT
 CPU TIMES  *       202.19    201.91
 REAL TIME  *       211.28 SEC
 DISK USED  *         7.75 GB      
 GA USED    *         0.00 MB       (max)       0.00 MB       (current)
 **********************************************************************************************************************************


 PROGRAM * RHF-SCF (OPEN SHELL)       Authors: W. Meyer, H.-J. Werner


 NUMBER OF ELECTRONS:      36+   35-    SPACE SYMMETRY=2    SPIN SYMMETRY: Doublet 
 CONVERGENCE THRESHOLDS:    1.00E-05 (Density)    1.42E-07 (Energy)
 MAX. NUMBER OF ITERATIONS:       60
 INTERPOLATION TYPE:            DIIS
 INTERPOLATION STEPS:              2 (START)      1 (STEP)
 LEVEL SHIFTS:                 -0.60 (CLOSED) -0.30 (OPEN) 

 Number of closed-shell orbitals:   35 (  10   6   6   2   6   2   2   1 )
 Number of open-shell orbitals:      1 (   0   1   0   0   0   0   0   0 )


 
 Extra symmetries of mos in symmetry 2:   1   1   1   3   2   1   3   2
 Extra symmetries of mos in symmetry 3:   1   1   1   3   2   1   3   2
 Extra symmetries of mos in symmetry 5:   1   1   1   3   2   1   3   2
 Orbital guess generated from atomic densities. Full valence occupancy:   12   6   6   3   6   3   3   1


 Molecular orbital dump at record        4202.2

 ITERATION    DDIFF          GRAD             ENERGY        2-EL.EN.            DIPOLE MOMENTS         DIIS   ORB.
    1      0.000D+00      0.000D+00    -14558.47619075  10706.859798    0.00000    0.00000    0.00000    0    start
    2      0.000D+00      0.137D-01    -14559.22636282  10952.905923    0.00000    0.00000    0.00000    1    diag,B
    3      0.259D+02      0.219D-01    -14559.39628460  10888.548741    0.00000    0.00000    0.00000    2    diag,B
    4      0.532D-02      0.411D-02    -14559.42469151  10873.245233    0.00000    0.00000    0.00000    3    diag,B
    5      0.480D-02      0.161D-02    -14559.44382565  10865.012666    0.00000    0.00000    0.00000    4    diag,B
    6      0.565D-02      0.962D-03    -14559.45562037  10861.854495    0.00000    0.00000    0.00000    5    diag,B
    7      0.329D-02      0.934D-03    -14559.46567657  10860.473830    0.00000    0.00000    0.00000    6    fixocc
    8      0.193D-02      0.954D-03    -14559.44722594  10862.499074    0.00000    0.00000    0.00000    7    diag,B
     Orbital 10.1 strongly deviates from fixed occupation: 1.86567  (now: 2.00)
     Note:  Use {hf,nitord=N} to fix occupations at iteration N
            Use {gthresh,occdev=1.0} to suppress deviation warnings
    9      0.245D-02      0.871D-03    -14559.42053589  10865.589103    0.00000    0.00000    0.00000    8    diag,B
   10      0.633D-02      0.566D-03    -14559.41935038  10867.162220    0.00000    0.00000    0.00000    9    orth
   11      0.586D-02      0.211D-03    -14559.41950380  10866.792698    0.00000    0.00000    0.00000    9    diag,B
   12      0.230D-02      0.129D-03    -14559.41993050  10867.071184    0.00000    0.00000    0.00000    9    diag,B
   13      0.139D-02      0.664D-04    -14559.42021099  10867.483177    0.00000    0.00000    0.00000    9    diag,B
   14      0.164D-02      0.574D-04    -14559.42026641  10867.364592    0.00000    0.00000    0.00000    9    diag,B
   15      0.700D-03      0.243D-04    -14559.42031373  10867.429789    0.00000    0.00000    0.00000    9    diag,B
   16      0.602D-03      0.134D-04    -14559.42032637  10867.522884    0.00000    0.00000    0.00000    9    diag,B
   17      0.459D-03      0.584D-05    -14559.42032847  10867.558583    0.00000    0.00000    0.00000    9    diag,B
   18      0.230D-03      0.317D-05    -14559.42032893  10867.578374    0.00000    0.00000    0.00000    9    diag,B
   19      0.864D-04      0.153D-05    -14559.42032898  10867.583954    0.00000    0.00000    0.00000    9    diag,B
   20      0.397D-04      0.732D-06    -14559.42032899  10867.587121    0.00000    0.00000    0.00000    9    orth
   21      0.440D-04      0.284D-06    -14559.42032899  10867.587888    0.00000    0.00000    0.00000    9    diag,B
   22      0.121D-04      0.160D-06    -14559.42032899  10867.587898    0.00000    0.00000    0.00000    9    diag,B
   23      0.262D-05      0.127D-06    -14559.42032899  10867.587928    0.00000    0.00000    0.00000    0    orth

 Final alpha occupancy:  10   7   6   2   6   2   2   1
 Final beta  occupancy:  10   6   6   2   6   2   2   1

 !RHF STATE 1.2 Energy               -14559.4203289932    
 Nuclear energy                         0.00000000
 One-electron energy               -19993.21429279
 Two-electron energy                 5433.79396380
 Virial quotient                       -0.73342127
 !RHF STATE 1.2 Dipole moment           0.00000000     0.00000000     0.00000000
 Dipole moment /Debye                   0.00000000     0.00000000     0.00000000

 ELECTRON ORBITALS
 =================


   Orb  Occ    Energy  Couls-En    Coefficients

                                   1 1s      1 1s      1 1s      1 1s      1 1s      1 1s      1 1s      1 1s      1 1s      1 1s   
                                   1 1s      1 1s      1 1s      1 1s      1 1s      1 1s      1 1s      1 1s      1 1s      1 1s   
                                   1 1s      1 1s      1 1s      1 1s      1 1s      1 1s      1 1s      1 1s      1 1s      1 1s   
                                   1 1s      1 1s      1 1s      1 1s      1 1s      1 1s      1 1s      1 1s      1 3d0     1 3d2+ 
                                   1 3d0     1 3d2+    1 3d0     1 3d2+    1 3d0     1 3d2+    1 3d0     1 3d2+    1 3d0     1 3d2+ 
                                   1 3d0     1 3d2+    1 3d0     1 3d2+    1 3d0     1 3d2+    1 3d0     1 3d2+    1 3d0     1 3d2+ 
                                   1 3d0     1 3d2+    1 3d0     1 3d2+    1 3d0     1 3d2+    1 3d0     1 3d2+    1 3d0     1 3d2+ 
                                   1 3d0     1 3d2+    1 3d0     1 3d2+    1 3d0     1 3d2+    1 3d0     1 3d2+    1 3d0     1 3d2+ 
                                   1 3d0     1 3d2+    1 5g0     1 5g4+    1 5g2+    1 5g0     1 5g4+    1 5g2+    1 5g0     1 5g4+ 
                                   1 5g2+    1 5g0     1 5g4+    1 5g2+    1 5g0     1 5g4+    1 5g2+    1 5g0     1 5g4+    1 5g2+ 
                                   1 5g0     1 5g4+    1 5g2+ 

   1.1   2 -2339.3305-5056.0620  0.000557  0.000534  0.001533  0.002162  0.004338  0.006949  0.012527  0.020942  0.036467  0.061405
                                 0.103343  0.164150  0.236136  0.269729  0.207066  0.077677  0.006033  0.001625 -0.001238 -0.003741
                                 0.001345 -0.003408  0.003340 -0.000987  0.000337 -0.000119  0.000055 -0.000036  0.000027 -0.000028
                                 0.000027 -0.000034  0.000049 -0.000036  0.000014 -0.000005  0.000001 -0.000000 -0.000000 -0.000000
                                -0.000000 -0.000000 -0.000000  0.000000 -0.000000  0.000000 -0.000000 -0.000000  0.000000 -0.000000
                                 0.000000 -0.000000 -0.000000 -0.000000  0.000000 -0.000000 -0.000000  0.000000  0.000000 -0.000000
                                -0.000000 -0.000000  0.000000 -0.000000  0.000000 -0.000000  0.000000  0.000000 -0.000000 -0.000000
                                 0.000000  0.000000 -0.000000 -0.000000  0.000000  0.000000 -0.000000  0.000000  0.000000 -0.000000
                                -0.000000  0.000000  0.000000 -0.000000  0.000000 -0.000000  0.000000 -0.000000  0.000000 -0.000000
                                 0.000000 -0.000000  0.000000 -0.000000  0.000000  0.000000  0.000000 -0.000000 -0.000000  0.000000
                                 0.000000  0.000000 -0.000000

   2.1   2  -403.2052-1092.0812 -0.000208 -0.000200 -0.000574 -0.000812 -0.001633 -0.002630 -0.004775 -0.008076 -0.014296 -0.024711
                                -0.043281 -0.073363 -0.117105 -0.156699 -0.133737  0.052250  0.375337  0.474139  0.225877  0.001378
                                 0.029561  0.000971 -0.000402  0.000129 -0.000199  0.000005 -0.000007  0.000011 -0.000005  0.000006
                                -0.000005  0.000007 -0.000010  0.000007 -0.000003  0.000001 -0.000000  0.000000 -0.000000  0.000000
                                -0.000000  0.000000 -0.000000  0.000000 -0.000000  0.000000 -0.000001  0.000000 -0.000002 -0.000000
                                -0.000001 -0.000000 -0.000001  0.000000  0.000000 -0.000000 -0.000001  0.000000  0.000000 -0.000000
                                -0.000000  0.000000  0.000000  0.000000 -0.000000  0.000000  0.000000 -0.000000  0.000000  0.000000
                                 0.000000 -0.000000 -0.000000  0.000000  0.000000 -0.000000 -0.000000 -0.000000  0.000000  0.000000
                                -0.000000 -0.000000 -0.000001  0.000000 -0.000000  0.000000 -0.000000  0.000000 -0.000000  0.000000
                                -0.000000  0.000000 -0.000000  0.000000 -0.000000 -0.000000 -0.000000  0.000000  0.000000  0.000000
                                -0.000000 -0.000000  0.000000

   3.1   2   -93.5822 -385.2013  0.000098  0.000094  0.000271  0.000383  0.000771  0.001244  0.002260  0.003829  0.006797  0.011800
                                 0.020802  0.035657  0.057954  0.079933  0.069996 -0.042322 -0.305921 -0.508415 -0.205925 -0.000303
                                 0.563413  0.609266  0.072917  0.158399  0.001640  0.004072 -0.001316  0.000804 -0.000655  0.000668
                                -0.000636  0.000823 -0.001188  0.000868 -0.000333  0.000126 -0.000032  0.000006 -0.000000  0.000000
                                -0.000000  0.000000 -0.000000  0.000000 -0.000002  0.000000 -0.000005 -0.000000 -0.000014  0.000000
                                -0.000027 -0.000000 -0.000039  0.000000 -0.000040  0.000000  0.000008 -0.000000 -0.000009 -0.000000
                                 0.000000 -0.000000 -0.000001 -0.000000 -0.000000 -0.000000 -0.000000  0.000000 -0.000000 -0.000000
                                -0.000000  0.000000  0.000000 -0.000000 -0.000000  0.000000  0.000000  0.000000 -0.000000 -0.000000
                                 0.000000  0.000000 -0.000001 -0.000000 -0.000000  0.000002 -0.000000  0.000000 -0.000003  0.000000
                                -0.000000 -0.000000  0.000000 -0.000000  0.000000  0.000000 -0.000000 -0.000000 -0.000000  0.000000
                                 0.000000  0.000000 -0.000000

   4.1   2   -60.8240 -329.4342 -0.000000  0.000000 -0.000000 -0.000000 -0.000000 -0.000000 -0.000000 -0.000000 -0.000000 -0.000000
                                -0.000000 -0.000000 -0.000000 -0.000000 -0.000000  0.000000 -0.000000  0.000000 -0.000000 -0.000000
                                -0.000000  0.000000  0.000000 -0.000000 -0.000000  0.000000  0.000000  0.000000  0.000000 -0.000000
                                 0.000000 -0.000000  0.000000 -0.000000  0.000000 -0.000000  0.000000 -0.000000 -0.000000  0.000105
                                -0.000000  0.000790 -0.000000  0.004461 -0.000000  0.019793 -0.000000  0.067751 -0.000000  0.174602
                                -0.000000  0.315599 -0.000000  0.365648 -0.000000  0.218333  0.000000 -0.000318 -0.000000  0.051466
                                -0.000000  0.003184 -0.000000  0.000579 -0.000000  0.000003  0.000000  0.000043  0.000000 -0.000036
                                -0.000000  0.000129  0.000000 -0.000185 -0.000000  0.000093  0.000000 -0.000018 -0.000000  0.000007
                                 0.000000 -0.000002  0.000000  0.000000 -0.000010 -0.000000  0.000000  0.000001  0.000000 -0.000000
                                 0.000000 -0.000000 -0.000000 -0.000000  0.000000 -0.000000  0.000000 -0.000000  0.000000 -0.000000
                                 0.000000 -0.000000  0.000000

   5.1   2   -60.8231 -329.4404  0.000000  0.000000  0.000000  0.000000  0.000000  0.000000  0.000000  0.000000  0.000001  0.000001
                                 0.000002  0.000004  0.000006  0.000008  0.000007 -0.000005 -0.000031 -0.000055 -0.000031  0.000000
                                 0.000077  0.000092 -0.000022  0.000017 -0.000004 -0.000003 -0.000003 -0.000000  0.000000  0.000001
                                 0.000000  0.000000 -0.000000  0.000000 -0.000000  0.000000  0.000000 -0.000000  0.000105  0.000000
                                 0.000790  0.000000  0.004462  0.000000  0.019796  0.000000  0.067761  0.000000  0.174628  0.000000
                                 0.315640  0.000000  0.365649  0.000000  0.218261  0.000000 -0.000306  0.000000  0.051440  0.000000
                                 0.003180  0.000000  0.000573  0.000000  0.000002  0.000000  0.000044  0.000000 -0.000036 -0.000000
                                 0.000128  0.000000 -0.000185 -0.000000  0.000092  0.000000 -0.000018 -0.000000  0.000007  0.000000
                                -0.000002 -0.000000 -0.000024 -0.000000  0.000000  0.000003  0.000000 -0.000000 -0.000005 -0.000000
                                 0.000000  0.000000  0.000000 -0.000000 -0.000000 -0.000000  0.000000  0.000000  0.000000 -0.000000
                                -0.000000 -0.000000  0.000000

   6.1   2   -19.7829 -165.0357 -0.000048 -0.000046 -0.000132 -0.000187 -0.000375 -0.000605 -0.001101 -0.001865 -0.003313 -0.005756
                                -0.010169 -0.017464 -0.028544 -0.039548 -0.035390  0.021435  0.171481  0.300341  0.134492  0.001585
                                -0.530452 -0.849102 -0.002489  0.025120  0.859940  0.510222  0.050113 -0.002263  0.001741 -0.000989
                                 0.000797 -0.000885  0.001213 -0.000861  0.000321 -0.000120  0.000030 -0.000005  0.000000  0.000000
                                 0.000000  0.000000  0.000001  0.000000  0.000006  0.000000  0.000022  0.000000  0.000058  0.000000
                                 0.000106  0.000000  0.000110  0.000000  0.000031 -0.000000 -0.000102  0.000000 -0.000164 -0.000000
                                -0.000341 -0.000000 -0.000266 -0.000000 -0.000007 -0.000000  0.000006 -0.000000  0.000002 -0.000000
                                -0.000003 -0.000000  0.000004  0.000000 -0.000002 -0.000000  0.000000 -0.000000 -0.000000  0.000000
                                 0.000000 -0.000000  0.000028 -0.000000  0.000000 -0.000069 -0.000000 -0.000000 -0.000026  0.000000
                                -0.000000  0.000038 -0.000000  0.000000 -0.000037 -0.000000 -0.000000  0.000015  0.000000  0.000000
                                -0.000005 -0.000000  0.000000

   7.1   2    -8.2501 -132.9384 -0.000000 -0.000000 -0.000000 -0.000000 -0.000000 -0.000000 -0.000000 -0.000000 -0.000000 -0.000000
                                -0.000000 -0.000000 -0.000000 -0.000000 -0.000000  0.000000  0.000000  0.000000  0.000000  0.000000
                                -0.000000 -0.000000 -0.000000  0.000000  0.000000  0.000000 -0.000000 -0.000000 -0.000000  0.000000
                                -0.000000  0.000000 -0.000000  0.000000 -0.000000  0.000000 -0.000000  0.000000 -0.000000 -0.000051
                                -0.000000 -0.000386 -0.000000 -0.002187 -0.000000 -0.009782 -0.000000 -0.033902 -0.000000 -0.089044
                                -0.000000 -0.159125 -0.000000 -0.162413  0.000000  0.049493  0.000000  0.001229  0.000001  0.375352
                                 0.000001  0.461018  0.000000  0.230140  0.000000  0.033511 -0.000000 -0.000659  0.000000  0.001576
                                -0.000000 -0.005349  0.000000  0.007676 -0.000000 -0.003837  0.000000  0.000765 -0.000000 -0.000276
                                 0.000000  0.000074 -0.000000  0.000000 -0.000044 -0.000000  0.000000 -0.000094 -0.000000 -0.000000
                                -0.000232 -0.000000 -0.000000 -0.000190  0.000000 -0.000000  0.000175 -0.000000  0.000000 -0.000070
                                 0.000000 -0.000000  0.000022

   8.1   2    -8.2459 -133.0539 -0.000000 -0.000000 -0.000000 -0.000000 -0.000000 -0.000001 -0.000001 -0.000002 -0.000004 -0.000007
                                -0.000013 -0.000023 -0.000037 -0.000051 -0.000047  0.000025  0.000228  0.000395  0.000195  0.000005
                                -0.000772 -0.001211  0.000028  0.000014  0.001465  0.001777 -0.001380 -0.001004  0.000176  0.000013
                                 0.000077 -0.000066  0.000103 -0.000076  0.000029 -0.000011  0.000003 -0.000000 -0.000051  0.000000
                                -0.000386  0.000000 -0.002191  0.000000 -0.009799  0.000000 -0.033966  0.000000 -0.089203  0.000000
                                -0.159426  0.000000 -0.162640  0.000000  0.049643 -0.000000  0.001587 -0.000000  0.376006 -0.000001
                                 0.461946 -0.000001  0.228452 -0.000000  0.032385 -0.000000 -0.000498  0.000000  0.001504 -0.000000
                                -0.004993  0.000000  0.007160 -0.000000 -0.003576  0.000000  0.000712 -0.000000 -0.000257  0.000000
                                 0.000068 -0.000000 -0.000049  0.000000  0.000000 -0.000378 -0.000000  0.000000 -0.000497  0.000000
                                -0.000000  0.000120  0.000000 -0.000000 -0.000102  0.000000  0.000000  0.000043 -0.000000 -0.000000
                                -0.000014  0.000000 -0.000000

   9.1   2    -2.7880  -68.3037  0.000018  0.000018  0.000051  0.000072  0.000145  0.000234  0.000425  0.000721  0.001281  0.002225
                                 0.003933  0.006757  0.011059  0.015333  0.013810 -0.008296 -0.068432 -0.121158 -0.056400 -0.000801
                                 0.239531  0.425807 -0.028663 -0.022365 -0.618089 -0.561801  0.277283  0.758983  0.359971  0.001971
                                 0.021456 -0.023983  0.033945 -0.024477  0.009293 -0.003509  0.000894 -0.000158 -0.000000 -0.000000
                                -0.000002 -0.000000 -0.000010 -0.000000 -0.000048 -0.000000 -0.000162 -0.000000 -0.000438 -0.000000
                                -0.000751 -0.000000 -0.000833 -0.000000  0.000633  0.000000 -0.000633 -0.000000  0.002693  0.000000
                                 0.002194  0.000000  0.000838  0.000000 -0.007884 -0.000000 -0.003853 -0.000000  0.002832 -0.000000
                                -0.007080  0.000000  0.010178 -0.000000 -0.005075  0.000000  0.001016 -0.000000 -0.000368  0.000000
                                 0.000099 -0.000000 -0.000027  0.000000 -0.000000 -0.000177  0.000000 -0.000000  0.000123 -0.000000
                                 0.000000  0.003617 -0.000000  0.000000 -0.002588  0.000000 -0.000000  0.001145 -0.000000  0.000000
                                -0.000353  0.000000 -0.000000

  10.1   2    -0.2553  -32.0690  0.000000  0.000000  0.000001  0.000002  0.000004  0.000006  0.000010  0.000017  0.000031  0.000054
                                 0.000095  0.000164  0.000268  0.000373  0.000333 -0.000210 -0.001662 -0.002969 -0.001364 -0.000012
                                 0.005892  0.011069 -0.001284 -0.000245 -0.016915 -0.015878  0.009655  0.028317  0.029340  0.024502
                                -0.026798 -0.097222 -0.026377 -0.034790  0.003237 -0.002227  0.000705 -0.000144 -0.000009 -0.000000
                                -0.000069 -0.000000 -0.000395 -0.000000 -0.001762 -0.000000 -0.006139 -0.000000 -0.016106 -0.000000
                                -0.028899 -0.000000 -0.028378 -0.000000  0.013126  0.000000  0.004471  0.000000  0.076645  0.000000
                                 0.099362  0.000000 -0.004042 -0.000000 -0.217473 -0.000000 -0.406417 -0.000000 -0.446672 -0.000000
                                 0.040501 -0.000000 -0.322834 -0.000000  0.135732  0.000000 -0.041614  0.000000  0.015631  0.000000
                                -0.004406  0.000000  0.000069 -0.000000  0.000000 -0.000213 -0.000000 -0.000000  0.001840 -0.000000
                                 0.000000  0.024117 -0.000000  0.000000 -0.010137  0.000000  0.000000  0.013378 -0.000000  0.000000
                                -0.003597  0.000000  0.000000

  11.1   0    -0.1154  -20.5608 -0.000004 -0.000004 -0.000012 -0.000017 -0.000034 -0.000055 -0.000100 -0.000170 -0.000302 -0.000525
                                -0.000927 -0.001593 -0.002605 -0.003621 -0.003225  0.002067  0.016112  0.028832  0.013187  0.000090
                                -0.056918 -0.107504  0.013120  0.002003  0.161129  0.151955 -0.086603 -0.281321 -0.253593 -0.064407
                                 0.261785  0.599018  0.036998  0.288426  0.014579  0.023891 -0.005418  0.001039 -0.000001 -0.000000
                                -0.000007 -0.000000 -0.000042 -0.000000 -0.000184 -0.000000 -0.000647 -0.000000 -0.001683 -0.000000
                                -0.003059 -0.000000 -0.002904 -0.000000  0.000994  0.000000  0.001365 -0.000000  0.007193  0.000000
                                 0.010886  0.000000 -0.000997  0.000000 -0.019638 -0.000000 -0.042422 -0.000000 -0.077642 -0.000000
                                -0.011815 -0.000003 -0.050353  0.000004  0.021457 -0.000003 -0.011692  0.000008  0.003007  0.000001
                                -0.000952 -0.000000  0.000041  0.000000  0.000000 -0.000060 -0.000000  0.000000  0.000981  0.000000
                                 0.000000  0.006703 -0.000001  0.000000 -0.003097  0.000002 -0.000000  0.004470 -0.000002  0.000000
                                -0.000113  0.000006 -0.000001

  12.1   0    -0.0088  -18.7271  0.000000  0.000000  0.000000  0.000000  0.000000  0.000000  0.000000  0.000000  0.000000  0.000000
                                 0.000000  0.000000  0.000000  0.000000  0.000000 -0.000000 -0.000000 -0.000000 -0.000000  0.000000
                                 0.000001  0.000002 -0.000000  0.000000 -0.000003 -0.000003  0.000001  0.000005  0.000004  0.000002
                                -0.000006 -0.000018  0.000001 -0.000011  0.000010  0.000016  0.000008  0.000005  0.000000  0.000005
                                 0.000000  0.000039  0.000000  0.000223  0.000000  0.000997  0.000000  0.003474  0.000000  0.009114
                                 0.000000  0.016353  0.000000  0.016075 -0.000000 -0.007329 -0.000000 -0.002500 -0.000000 -0.043199
                                -0.000000 -0.056014  0.000000  0.001036  0.000000  0.117311  0.000000  0.222301  0.000001  0.290749
                                -0.000000  0.098735  0.000000  0.230936 -0.000002  0.046874 -0.000003  0.279409 -0.000001  0.133366
                                 0.000001  0.063522 -0.000000  0.000004 -0.000033  0.000000 -0.000020  0.000119 -0.000000  0.000078
                                -0.001093 -0.000000 -0.007273 -0.011538  0.000000  0.016409  0.001958 -0.000000 -0.025465 -0.009954
                                 0.000000  0.047909 -0.006819

                                   1 2px     1 2px     1 2px     1 2px     1 2px     1 2px     1 2px     1 2px     1 2px     1 2px  
                                   1 2px     1 2px     1 2px     1 2px     1 2px     1 2px     1 2px     1 2px     1 2px     1 2px  
                                   1 2px     1 2px     1 2px     1 2px     1 2px     1 2px     1 2px     1 2px     1 2px     1 2px  
                                   1 2px     1 4f1+    1 4f3+    1 4f1+    1 4f3+    1 4f1+    1 4f3+    1 4f1+    1 4f3+    1 4f1+ 
                                   1 4f3+    1 4f1+    1 4f3+    1 4f1+    1 4f3+    1 4f1+    1 4f3+    1 4f1+    1 4f3+    1 4f1+ 
                                   1 4f3+    1 4f1+    1 4f3+    1 4f1+    1 4f3+    1 4f1+    1 4f3+    1 4f1+    1 4f3+    1 4f1+ 
                                   1 4f3+    1 6h1+    1 6h3+    1 6h5+    1 6h1+    1 6h3+    1 6h5+    1 6h1+    1 6h3+    1 6h5+ 


   1.2   2  -355.3868-1008.0254  0.000016  0.000042  0.000122  0.000334  0.000941  0.002702  0.007905  0.022919  0.063093  0.152098
                                 0.288638  0.364193  0.236686  0.055894  0.002700 -0.001238  0.002734 -0.003221  0.002403 -0.000958
                                 0.000193 -0.000195  0.000192 -0.000077  0.000194  0.000014 -0.000009 -0.000193  0.000004 -0.000002
                                 0.000000 -0.000001  0.000000 -0.000002 -0.000000 -0.000002 -0.000000  0.000000  0.000000  0.000001
                                -0.000000 -0.000000  0.000000  0.000000 -0.000000 -0.000000  0.000000 -0.000000 -0.000000 -0.000000
                                -0.000000 -0.000000 -0.000000 -0.000000 -0.000000  0.000000 -0.000000 -0.000000  0.000000  0.000000
                                 0.000000 -0.000000 -0.000000  0.000000  0.000000  0.000000 -0.000000 -0.000000  0.000000  0.000000

   2.2   2   -78.9129 -357.6396 -0.000008 -0.000021 -0.000061 -0.000169 -0.000477 -0.001375 -0.004052 -0.011890 -0.033438 -0.083583
                                -0.167010 -0.215931 -0.041721  0.366862  0.520396  0.209497  0.012480  0.005773  0.014700 -0.005174
                                 0.001592 -0.001592  0.001577 -0.000642  0.001669  0.000117 -0.000075 -0.001655  0.000037 -0.000016
                                 0.000003  0.000000 -0.000000 -0.000001  0.000000 -0.000004  0.000000 -0.000007  0.000000 -0.000016
                                 0.000000  0.000001 -0.000000 -0.000007  0.000000  0.000002  0.000000  0.000003  0.000000  0.000002
                                 0.000000  0.000001  0.000000  0.000000  0.000000 -0.000000  0.000000  0.000000 -0.000000 -0.000000
                                 0.000000 -0.000001 -0.000000  0.000000 -0.000000 -0.000000 -0.000000 -0.000000 -0.000000  0.000000

   3.2   2   -14.8670 -151.3897  0.000004  0.000010  0.000029  0.000081  0.000229  0.000661  0.001953  0.005739  0.016244  0.040881
                                 0.082950  0.107372  0.004043 -0.274271 -0.415880  0.025647  0.054915  0.530368  0.062333  0.427160
                                 0.091783 -0.015144  0.016974 -0.006286  0.016073  0.001150 -0.000724 -0.015939  0.000358 -0.000152
                                 0.000034 -0.000000 -0.000000 -0.000002 -0.000000 -0.000009 -0.000000 -0.000033 -0.000000 -0.000102
                                -0.000000 -0.000021  0.000000 -0.000179 -0.000000 -0.000158 -0.000000 -0.000101 -0.000000 -0.000028
                                -0.000000 -0.000011 -0.000000 -0.000002 -0.000000 -0.000000  0.000000 -0.000000 -0.000000  0.000000
                                 0.000000 -0.000060 -0.000000  0.000000 -0.000003 -0.000000 -0.000000  0.000012  0.000000 -0.000000

   4.2   2    -0.9232 -102.8405 -0.000000 -0.000000 -0.000000 -0.000000 -0.000000 -0.000000 -0.000000 -0.000000 -0.000000 -0.000000
                                -0.000000 -0.000000  0.000000  0.000000  0.000000 -0.000000 -0.000000 -0.000000 -0.000000 -0.000000
                                 0.000000  0.000000  0.000000  0.000000  0.000000 -0.000000 -0.000000  0.000000  0.000000 -0.000000
                                 0.000000  0.000000  0.000825  0.000000  0.007174  0.000000  0.034174  0.000000  0.104213  0.000000
                                 0.217752 -0.000000 -0.000198  0.000000  0.308059  0.000000  0.320004  0.000000  0.250608  0.000000
                                 0.141837  0.000000  0.044914  0.000000  0.003104 -0.000000  0.000006  0.000000 -0.000177 -0.000000
                                 0.000079 -0.000000 -0.000117 -0.000000 -0.000000 -0.000335  0.000000 -0.000000 -0.000651 -0.000000

   5.2   2    -0.9107 -102.9067 -0.000000 -0.000000 -0.000000 -0.000001 -0.000002 -0.000005 -0.000014 -0.000041 -0.000118 -0.000296
                                -0.000603 -0.000781 -0.000001  0.002172  0.003379 -0.000980 -0.000084 -0.006635 -0.000329 -0.005153
                                 0.005290  0.012076 -0.000202  0.007371  0.005522  0.000155 -0.000470 -0.005452  0.000111 -0.000047
                                 0.000010  0.000826 -0.000000  0.007185 -0.000000  0.034226 -0.000000  0.104375 -0.000000  0.218095
                                -0.000000 -0.000216 -0.000000  0.308475 -0.000000  0.320182 -0.000000  0.249855 -0.000000  0.140108
                                -0.000000  0.045802 -0.000000  0.005261  0.000000 -0.000513 -0.000000  0.000200 -0.000000 -0.000039
                                 0.000000 -0.000480 -0.000000 -0.000000 -0.001325  0.000000 -0.000000 -0.001185 -0.000000  0.000000

   6.2   2    -1.5454  -58.0798 -0.000001 -0.000003 -0.000010 -0.000028 -0.000079 -0.000228 -0.000672 -0.001977 -0.005601 -0.014118
                                -0.028727 -0.037209 -0.000094  0.102710  0.159249 -0.044652 -0.000144 -0.308906 -0.003007 -0.257366
                                 0.197611  0.551805 -0.009791  0.406561  0.199784  0.067764 -0.009773 -0.197852  0.004324 -0.001833
                                 0.000404 -0.000011 -0.000000 -0.000099 -0.000000 -0.000467 -0.000000 -0.001430 -0.000000 -0.002917
                                -0.000000 -0.000076 -0.000000 -0.004139 -0.000000 -0.004539 -0.000000 -0.004922 -0.000000 -0.009531
                                -0.000000 -0.008049 -0.000000 -0.001277 -0.000000 -0.000114  0.000000  0.000018 -0.000000 -0.000017
                                -0.000000 -0.000015  0.000000 -0.000000 -0.000518 -0.000000  0.000000  0.000198  0.000000 -0.000000

   7.2   +    -0.0244   -6.3283  0.000000  0.000000  0.000000  0.000000  0.000000  0.000000  0.000000  0.000000  0.000000  0.000000
                                 0.000001  0.000001  0.000000 -0.000002 -0.000004  0.000001  0.000001  0.000006  0.000001  0.000005
                                -0.000005 -0.000017  0.000003 -0.000018  0.000230  0.000002  0.000052 -0.000149  0.000032 -0.000004
                                 0.000001  0.000000 -0.000003  0.000000 -0.000037  0.000000 -0.000126  0.000000 -0.000569  0.000000
                                -0.000077  0.000000 -0.001614  0.000000  0.000001  0.000000 -0.002604  0.000000  0.001094  0.000000
                                -0.004211 -0.000001  0.013397 -0.000003 -0.053185 -0.000003  0.201783 -0.000003 -0.256553 -0.000001
                                 1.126943  0.000000 -0.000004  0.000000  0.000000  0.000042 -0.000000 -0.000000 -0.000127  0.000000

   8.2   0     7.2819  -53.3311 -0.000000 -0.000000 -0.000000 -0.000001 -0.000001 -0.000005 -0.000012 -0.000041 -0.000099 -0.000308
                                -0.000469 -0.000994  0.000753 -0.000136  0.011475 -0.067935  0.160656 -0.274410  0.317005 -0.216701
                                 0.172296 -0.331254  0.366822 -0.157570  0.423506  0.030715 -0.019668 -0.419684  0.009247 -0.003922
                                 0.000861 -0.000296  0.000000 -0.009392  0.000000 -0.016215  0.000000 -0.158744  0.000000  0.350746
                                -0.000000 -1.006594  0.000001  0.632647 -0.000001 -1.036119  0.000001  2.259008 -0.000003 -1.776229
                                 0.000002  0.894420 -0.000001 -0.629243  0.000001  0.530304 -0.000001 -0.262585  0.000000  0.085004
                                -0.000000 -0.000962 -0.000000  0.000000 -0.005833  0.000000 -0.000002  0.000499 -0.000000  0.000001

   9.2   0    -0.0298  -13.2462  0.000000  0.000001  0.000002  0.000004  0.000012  0.000034  0.000100  0.000294  0.000832  0.002097
                                 0.004271  0.005524  0.000016 -0.015416 -0.023663  0.005591  0.003432  0.041708  0.007340  0.035518
                                -0.032188 -0.110059  0.021401 -0.118383  1.795319  0.013183  0.328611 -1.316811  0.298593  0.022340
                                 0.013720  0.000003  0.000000  0.000026  0.000000  0.000119  0.000000  0.000389  0.000000  0.000653
                                -0.000000  0.000225  0.000000  0.000903 -0.000000  0.001294  0.000000  0.000597 -0.000000  0.001358
                                 0.000001 -0.004628 -0.000002 -0.020673  0.000012 -0.015972 -0.000038 -0.007930  0.000067 -0.007989
                                -0.000184 -0.000000  0.000000  0.000001  0.000176 -0.000000 -0.000006 -0.000024  0.000000  0.000014

                                   1 2py     1 2py     1 2py     1 2py     1 2py     1 2py     1 2py     1 2py     1 2py     1 2py  
                                   1 2py     1 2py     1 2py     1 2py     1 2py     1 2py     1 2py     1 2py     1 2py     1 2py  
                                   1 2py     1 2py     1 2py     1 2py     1 2py     1 2py     1 2py     1 2py     1 2py     1 2py  
                                   1 2py     1 4f1-    1 4f3-    1 4f1-    1 4f3-    1 4f1-    1 4f3-    1 4f1-    1 4f3-    1 4f1- 
                                   1 4f3-    1 4f1-    1 4f3-    1 4f1-    1 4f3-    1 4f1-    1 4f3-    1 4f1-    1 4f3-    1 4f1- 
                                   1 4f3-    1 4f1-    1 4f3-    1 4f1-    1 4f3-    1 4f1-    1 4f3-    1 4f1-    1 4f3-    1 4f1- 
                                   1 4f3-    1 6h1-    1 6h3-    1 6h5-    1 6h1-    1 6h3-    1 6h5-    1 6h1-    1 6h3-    1 6h5- 


   1.3   2  -355.3868-1008.0254  0.000016  0.000042  0.000122  0.000334  0.000941  0.002702  0.007905  0.022919  0.063093  0.152098
                                 0.288638  0.364193  0.236686  0.055894  0.002700 -0.001238  0.002734 -0.003221  0.002403 -0.000958
                                 0.000193 -0.000195  0.000192 -0.000077  0.000194  0.000014 -0.000009 -0.000193  0.000004 -0.000002
                                 0.000000 -0.000001  0.000000 -0.000002 -0.000000 -0.000002 -0.000000  0.000000  0.000000  0.000001
                                -0.000000 -0.000000  0.000000  0.000000 -0.000000 -0.000000  0.000000 -0.000000 -0.000000 -0.000000
                                -0.000000 -0.000000 -0.000000 -0.000000 -0.000000  0.000000 -0.000000 -0.000000  0.000000  0.000000
                                 0.000000 -0.000000 -0.000000 -0.000000  0.000000  0.000000  0.000000 -0.000000  0.000000 -0.000000

   2.3   2   -78.9129 -357.6396 -0.000008 -0.000021 -0.000061 -0.000169 -0.000477 -0.001375 -0.004052 -0.011890 -0.033438 -0.083583
                                -0.167010 -0.215931 -0.041721  0.366862  0.520396  0.209497  0.012480  0.005773  0.014700 -0.005174
                                 0.001592 -0.001592  0.001577 -0.000642  0.001669  0.000117 -0.000075 -0.001655  0.000037 -0.000016
                                 0.000003  0.000000 -0.000000 -0.000001  0.000000 -0.000004 -0.000000 -0.000007  0.000000 -0.000016
                                 0.000000  0.000001 -0.000000 -0.000007  0.000000  0.000002 -0.000000  0.000003  0.000000  0.000002
                                 0.000000  0.000001  0.000000  0.000000  0.000000 -0.000000  0.000000  0.000000 -0.000000 -0.000000
                                -0.000000 -0.000001 -0.000000 -0.000000 -0.000000 -0.000000  0.000000 -0.000000 -0.000000 -0.000000

   3.3   2   -14.8670 -151.3897  0.000004  0.000010  0.000029  0.000081  0.000229  0.000661  0.001953  0.005739  0.016244  0.040881
                                 0.082950  0.107372  0.004043 -0.274271 -0.415880  0.025647  0.054915  0.530368  0.062333  0.427160
                                 0.091783 -0.015144  0.016974 -0.006286  0.016073  0.001150 -0.000724 -0.015939  0.000358 -0.000152
                                 0.000034 -0.000000 -0.000000 -0.000002 -0.000000 -0.000009 -0.000000 -0.000033 -0.000000 -0.000102
                                -0.000000 -0.000021  0.000000 -0.000179 -0.000000 -0.000158 -0.000000 -0.000101 -0.000000 -0.000028
                                -0.000000 -0.000011 -0.000000 -0.000002 -0.000000 -0.000000  0.000000 -0.000000 -0.000000  0.000000
                                 0.000000 -0.000060 -0.000000 -0.000000 -0.000003 -0.000000  0.000000  0.000012  0.000000  0.000000

   4.3   2    -0.9232 -102.8403 -0.000000 -0.000000 -0.000000 -0.000000 -0.000000 -0.000000 -0.000000 -0.000000 -0.000000 -0.000000
                                -0.000000 -0.000000  0.000000  0.000000  0.000000 -0.000000  0.000000 -0.000000  0.000000 -0.000000
                                 0.000000  0.000000  0.000000  0.000000  0.000000 -0.000000 -0.000000 -0.000000 -0.000000  0.000000
                                -0.000000  0.000000  0.000825  0.000000  0.007174  0.000000  0.034174  0.000000  0.104213  0.000000
                                 0.217751 -0.000000 -0.000198  0.000000  0.308058  0.000000  0.320003  0.000000  0.250609  0.000000
                                 0.141838  0.000000  0.044917  0.000000  0.003108 -0.000000  0.000005  0.000000 -0.000179 -0.000000
                                 0.000081 -0.000000 -0.000117 -0.000000 -0.000000 -0.000335  0.000000 -0.000000 -0.000651 -0.000000

   5.3   2    -0.9107 -102.9067 -0.000000 -0.000000 -0.000000 -0.000001 -0.000002 -0.000005 -0.000014 -0.000041 -0.000118 -0.000296
                                -0.000603 -0.000781 -0.000001  0.002172  0.003379 -0.000980 -0.000084 -0.006635 -0.000329 -0.005153
                                 0.005290  0.012076 -0.000202  0.007371  0.005522  0.000155 -0.000470 -0.005452  0.000111 -0.000047
                                 0.000010  0.000826 -0.000000  0.007185 -0.000000  0.034226 -0.000000  0.104375 -0.000000  0.218095
                                -0.000000 -0.000216  0.000000  0.308475 -0.000000  0.320182 -0.000000  0.249855 -0.000000  0.140108
                                -0.000000  0.045802 -0.000000  0.005261  0.000000 -0.000513 -0.000000  0.000200  0.000000 -0.000039
                                -0.000000 -0.000480 -0.000000  0.000000 -0.001325  0.000000  0.000000 -0.001185 -0.000000 -0.000000

   6.3   2    -1.5454  -58.0798 -0.000001 -0.000003 -0.000010 -0.000028 -0.000079 -0.000228 -0.000672 -0.001977 -0.005601 -0.014118
                                -0.028727 -0.037209 -0.000094  0.102710  0.159249 -0.044652 -0.000144 -0.308906 -0.003007 -0.257366
                                 0.197611  0.551805 -0.009791  0.406561  0.199785  0.067764 -0.009773 -0.197852  0.004324 -0.001833
                                 0.000404 -0.000011 -0.000000 -0.000099 -0.000000 -0.000467 -0.000000 -0.001430 -0.000000 -0.002917
                                -0.000000 -0.000076 -0.000000 -0.004139 -0.000000 -0.004539 -0.000000 -0.004922 -0.000000 -0.009531
                                -0.000000 -0.008049 -0.000000 -0.001277 -0.000000 -0.000114  0.000000  0.000018 -0.000000 -0.000017
                                 0.000000 -0.000015  0.000000  0.000000 -0.000518 -0.000000 -0.000000  0.000198  0.000000  0.000000

   7.3   0     0.0528   -5.8519 -0.000000 -0.000000 -0.000000 -0.000000 -0.000000 -0.000000 -0.000000 -0.000000 -0.000000 -0.000001
                                -0.000001 -0.000002  0.000000  0.000003  0.000009 -0.000022  0.000048 -0.000091  0.000089 -0.000066
                                 0.000045 -0.000084  0.000196 -0.000123  0.038374  0.000121 -0.000496 -0.039821  0.003863 -0.002781
                                 0.000760 -0.000000 -0.000001 -0.000000 -0.000030 -0.000000 -0.000066 -0.000000 -0.000497 -0.000000
                                 0.000756  0.000000 -0.002608 -0.000000  0.001236 -0.000000 -0.002951 -0.000000  0.002601  0.000000
                                -0.006828 -0.000001  0.019746  0.000017 -0.096705 -0.000025  0.304913  0.000054 -0.528925 -0.000101
                                 1.290872  0.000000 -0.000003 -0.000000 -0.000000  0.000028  0.000000  0.000000 -0.000085 -0.000000

   8.3   0     7.2819  -53.3311 -0.000000 -0.000000 -0.000000 -0.000001 -0.000001 -0.000005 -0.000012 -0.000041 -0.000099 -0.000308
                                -0.000469 -0.000994  0.000753 -0.000136  0.011475 -0.067935  0.160658 -0.274413  0.317008 -0.216703
                                 0.172297 -0.331257  0.366826 -0.157571  0.423513  0.030715 -0.019668 -0.419691  0.009247 -0.003922
                                 0.000861 -0.000296  0.000000 -0.009392  0.000000 -0.016215  0.000000 -0.158744  0.000000  0.350746
                                -0.000000 -1.006594  0.000001  0.632647 -0.000000 -1.036119  0.000001  2.259008 -0.000002 -1.776229
                                 0.000001  0.894420 -0.000001 -0.629242  0.000000  0.530304 -0.000000 -0.262585  0.000000  0.085004
                                -0.000000 -0.000962 -0.000000 -0.000000 -0.005833  0.000000  0.000002  0.000499 -0.000000 -0.000001

                                   1 3d2-    1 3d2-    1 3d2-    1 3d2-    1 3d2-    1 3d2-    1 3d2-    1 3d2-    1 3d2-    1 3d2- 
                                   1 3d2-    1 3d2-    1 3d2-    1 3d2-    1 3d2-    1 3d2-    1 3d2-    1 3d2-    1 3d2-    1 3d2- 
                                   1 3d2-    1 3d2-    1 5g2-    1 5g4-    1 5g2-    1 5g4-    1 5g2-    1 5g4-    1 5g2-    1 5g4- 
                                   1 5g2-    1 5g4-    1 5g2-    1 5g4-    1 5g2-    1 5g4- 

   1.4   2   -60.8240 -329.4342  0.000105  0.000790  0.004461  0.019793  0.067751  0.174602  0.315599  0.365648  0.218333 -0.000318
                                 0.051466  0.003184  0.000579  0.000003  0.000043 -0.000036  0.000129 -0.000185  0.000093 -0.000018
                                 0.000007 -0.000002 -0.000010 -0.000000  0.000001 -0.000000  0.000000  0.000000 -0.000000  0.000000
                                 0.000000  0.000000 -0.000000 -0.000000  0.000000  0.000000

   2.4   2    -8.2501 -132.9384 -0.000051 -0.000386 -0.002187 -0.009782 -0.033902 -0.089044 -0.159125 -0.162413  0.049493  0.001229
                                 0.375352  0.461018  0.230140  0.033511 -0.000659  0.001576 -0.005349  0.007676 -0.003837  0.000765
                                -0.000276  0.000074 -0.000044 -0.000000 -0.000094 -0.000000 -0.000232  0.000000 -0.000190  0.000000
                                 0.000175  0.000000 -0.000070 -0.000000  0.000022  0.000000

   3.4   0    -0.0088  -18.7279  0.000005  0.000039  0.000223  0.000997  0.003474  0.009115  0.016354  0.016076 -0.007330 -0.002501
                                -0.043200 -0.056017  0.001036  0.117316  0.222310  0.290762  0.098739  0.230937  0.046875  0.279388
                                 0.133347  0.063535 -0.000033 -0.000004  0.000119  0.000020 -0.001093 -0.000078 -0.011538  0.007271
                                 0.001959 -0.016406 -0.009956  0.025459 -0.006816 -0.047901

   4.4   0     0.0110   -5.1213 -0.000002 -0.000015 -0.000088 -0.000389 -0.001367 -0.003552 -0.006467 -0.006114  0.001980  0.003137
                                 0.014970  0.023086 -0.001766 -0.043818 -0.094276 -0.076122 -0.575186  1.170211 -1.119077  0.777813
                                -0.957731  1.460944  0.000012 -0.000002 -0.000045  0.000011  0.000417 -0.000042  0.005152  0.004112
                                -0.002412 -0.009216  0.005868  0.014586 -0.003553 -0.023603

                                   1 2pz     1 2pz     1 2pz     1 2pz     1 2pz     1 2pz     1 2pz     1 2pz     1 2pz     1 2pz  
                                   1 2pz     1 2pz     1 2pz     1 2pz     1 2pz     1 2pz     1 2pz     1 2pz     1 2pz     1 2pz  
                                   1 2pz     1 2pz     1 2pz     1 2pz     1 2pz     1 2pz     1 2pz     1 2pz     1 2pz     1 2pz  
                                   1 2pz     1 4f0     1 4f2+    1 4f0     1 4f2+    1 4f0     1 4f2+    1 4f0     1 4f2+    1 4f0  
                                   1 4f2+    1 4f0     1 4f2+    1 4f0     1 4f2+    1 4f0     1 4f2+    1 4f0     1 4f2+    1 4f0  
                                   1 4f2+    1 4f0     1 4f2+    1 4f0     1 4f2+    1 4f0     1 4f2+    1 4f0     1 4f2+    1 4f0  
                                   1 4f2+    1 6h2+    1 6h4+    1 6h0     1 6h2+    1 6h4+    1 6h0     1 6h2+    1 6h4+    1 6h0  


   1.5   2  -355.3856-1008.0243  0.000016  0.000042  0.000122  0.000334  0.000941  0.002702  0.007905  0.022919  0.063093  0.152098
                                 0.288639  0.364192  0.236687  0.055895  0.002699 -0.001238  0.002732 -0.003220  0.002402 -0.000958
                                 0.000193 -0.000195  0.000191 -0.000077  0.000194  0.000014 -0.000009 -0.000193  0.000004 -0.000002
                                 0.000000 -0.000000  0.000000  0.000000  0.000000  0.000001  0.000000 -0.000002  0.000000  0.000000
                                -0.000000 -0.000002  0.000000  0.000000 -0.000000  0.000000  0.000000  0.000000  0.000000  0.000000
                                 0.000000  0.000000  0.000000  0.000000  0.000000  0.000000 -0.000000 -0.000000  0.000000  0.000000
                                -0.000000 -0.000000  0.000000 -0.000000  0.000000 -0.000000  0.000000 -0.000000  0.000000 -0.000000

   2.5   2   -78.9082 -357.6356 -0.000008 -0.000021 -0.000061 -0.000169 -0.000477 -0.001375 -0.004052 -0.011890 -0.033438 -0.083584
                                -0.167012 -0.215932 -0.041721  0.366877  0.520400  0.209449  0.012528  0.005740  0.014725 -0.005181
                                 0.001591 -0.001596  0.001578 -0.000645  0.001671  0.000116 -0.000076 -0.001657  0.000037 -0.000016
                                 0.000003  0.000000 -0.000000 -0.000000  0.000000 -0.000008 -0.000000 -0.000029  0.000000 -0.000024
                                 0.000000  0.000019 -0.000000 -0.000001 -0.000000 -0.000004 -0.000000 -0.000007 -0.000000 -0.000004
                                -0.000000 -0.000002 -0.000000 -0.000001 -0.000000  0.000000  0.000000 -0.000000 -0.000000  0.000000
                                 0.000000 -0.000000 -0.000000 -0.000001 -0.000000  0.000000 -0.000000  0.000000 -0.000000  0.000000

   3.5   2   -14.8568 -151.4027  0.000004  0.000010  0.000029  0.000081  0.000229  0.000661  0.001954  0.005741  0.016249  0.040895
                                 0.082979  0.107407  0.004045 -0.274387 -0.416027  0.025734  0.054942  0.530465  0.062835  0.426999
                                 0.091228 -0.015212  0.016975 -0.006260  0.016075  0.001164 -0.000720 -0.015942  0.000358 -0.000152
                                 0.000034 -0.000000 -0.000000 -0.000001 -0.000000 -0.000003 -0.000000 -0.000002 -0.000000  0.000061
                                -0.000000 -0.000112  0.000000  0.000041 -0.000000 -0.000426 -0.000000 -0.000276 -0.000000  0.000048
                                -0.000000  0.000014 -0.000000  0.000011 -0.000000 -0.000006 -0.000000  0.000003 -0.000000 -0.000001
                                -0.000000 -0.000000 -0.000000 -0.000076 -0.000000 -0.000000 -0.000003  0.000000 -0.000000  0.000014

   4.5   2    -0.9172 -103.0062 -0.000000 -0.000000 -0.000000 -0.000000 -0.000000 -0.000000 -0.000000 -0.000000 -0.000000 -0.000000
                                -0.000000 -0.000000 -0.000000  0.000000  0.000000 -0.000000 -0.000000 -0.000000 -0.000000 -0.000000
                                 0.000000  0.000000 -0.000000  0.000000 -0.000000 -0.000000  0.000000  0.000000 -0.000000  0.000000
                                -0.000000  0.000000  0.000826  0.000000  0.007189  0.000000  0.034245  0.000000  0.104432  0.000000
                                 0.218192 -0.000000 -0.000203  0.000000  0.308630  0.000000  0.320546  0.000000  0.250483  0.000000
                                 0.140005  0.000000  0.043028  0.000000  0.002858 -0.000000  0.000040  0.000000 -0.000182 -0.000000
                                 0.000081 -0.000315  0.000000 -0.000000 -0.000888  0.000000 -0.000000 -0.000928 -0.000000 -0.000000

   5.5   2    -0.9081 -102.8277  0.000000  0.000000  0.000000  0.000000  0.000000  0.000001  0.000002  0.000005  0.000015  0.000038
                                 0.000076  0.000100 -0.000003 -0.000280 -0.000486  0.000417 -0.000535  0.001902 -0.000819  0.001134
                                -0.002750 -0.001834 -0.002786  0.006024 -0.023223  0.011941  0.004827  0.023050 -0.000472  0.000195
                                -0.000043  0.000826 -0.000000  0.007181 -0.000000  0.034207 -0.000000  0.104320 -0.000000  0.217986
                                -0.000000 -0.000212  0.000000  0.308318 -0.000000  0.319948 -0.000000  0.249602 -0.000000  0.140672
                                -0.000000  0.047313 -0.000000  0.006366  0.000000 -0.000669 -0.000000  0.000354  0.000000 -0.000084
                                -0.000000 -0.000000  0.000000 -0.000542  0.000000 -0.000000 -0.001457 -0.000000  0.000000 -0.001336

   6.5   2    -1.5272  -57.8347 -0.000001 -0.000003 -0.000010 -0.000028 -0.000078 -0.000226 -0.000669 -0.001967 -0.005574 -0.014050
                                -0.028589 -0.037030 -0.000090  0.102220  0.158522 -0.044746  0.000467 -0.308367 -0.002161 -0.256928
                                 0.198682  0.549404 -0.014758  0.403200  0.165896  0.079630 -0.004050 -0.164193  0.003611 -0.001536
                                 0.000339 -0.000009 -0.000000 -0.000075 -0.000000 -0.000359 -0.000000 -0.001100 -0.000000 -0.002347
                                -0.000000  0.000071 -0.000000 -0.003402 -0.000000 -0.003337 -0.000000 -0.002291 -0.000000 -0.002783
                                -0.000000  0.005544 -0.000000  0.006166 -0.000000 -0.001809  0.000000  0.001113 -0.000000 -0.000346
                                 0.000000 -0.000000 -0.000000 -0.000041 -0.000000  0.000000 -0.000594 -0.000000 -0.000000 -0.000260

   7.5   0     0.0477   -5.8143 -0.000000 -0.000000 -0.000000 -0.000000 -0.000000 -0.000000 -0.000000 -0.000000 -0.000000 -0.000001
                                -0.000001 -0.000002  0.000001  0.000003  0.000015 -0.000059  0.000135 -0.000232  0.000248 -0.000167
                                 0.000110 -0.000285  0.000560 -0.000403  0.108636  0.000346 -0.001091 -0.112600  0.010276 -0.007675
                                 0.002158 -0.000000 -0.000001 -0.000000 -0.000027 -0.000000 -0.000049 -0.000003 -0.000441  0.000005
                                 0.000844 -0.000015 -0.002564  0.000008  0.001355 -0.000016 -0.002757  0.000016  0.002650 -0.000039
                                -0.006700  0.000113  0.019086 -0.000546 -0.096145  0.001708  0.295212 -0.003240 -0.538635  0.007531
                                 1.300121 -0.000004  0.000000 -0.000000  0.000044 -0.000001  0.000000 -0.000115  0.000003 -0.000001

   8.5   0     7.2905  -53.2876 -0.000000 -0.000000 -0.000000 -0.000001 -0.000003 -0.000010 -0.000026 -0.000090 -0.000213 -0.000664
                                -0.001000 -0.002161  0.001684 -0.000472  0.025442 -0.151821  0.358866 -0.612447  0.708638 -0.486542
                                 0.396527 -0.779133  0.864085 -0.370105  0.984280  0.071332 -0.045525 -0.975478  0.021490 -0.009085
                                 0.001992 -0.000296  0.000000 -0.009384  0.000000 -0.016209  0.000000 -0.158609  0.000000  0.350268
                                -0.000001 -1.005443  0.000002  0.631779 -0.000001 -1.034672  0.000002  2.258074 -0.000005 -1.777056
                                 0.000004  0.894933 -0.000002 -0.629319  0.000002  0.530275 -0.000001 -0.262542  0.000001  0.084986
                                -0.000000 -0.000000  0.000000 -0.001113  0.000000 -0.000000 -0.006151 -0.000000  0.000000  0.000320

                                   1 3d1+    1 3d1+    1 3d1+    1 3d1+    1 3d1+    1 3d1+    1 3d1+    1 3d1+    1 3d1+    1 3d1+ 
                                   1 3d1+    1 3d1+    1 3d1+    1 3d1+    1 3d1+    1 3d1+    1 3d1+    1 3d1+    1 3d1+    1 3d1+ 
                                   1 3d1+    1 3d1+    1 5g1+    1 5g3+    1 5g1+    1 5g3+    1 5g1+    1 5g3+    1 5g1+    1 5g3+ 
                                   1 5g1+    1 5g3+    1 5g1+    1 5g3+    1 5g1+    1 5g3+ 

   1.6   2   -60.8215 -329.4327  0.000105  0.000790  0.004461  0.019793  0.067752  0.174603  0.315603  0.365658  0.218329 -0.000324
                                 0.051450  0.003183  0.000585  0.000004  0.000043 -0.000036  0.000129 -0.000185  0.000093 -0.000018
                                 0.000007 -0.000002 -0.000020  0.000000  0.000002 -0.000000 -0.000003  0.000000  0.000000 -0.000000
                                -0.000000  0.000000  0.000000 -0.000000 -0.000000  0.000000

   2.6   2    -8.2424 -132.9488 -0.000051 -0.000386 -0.002187 -0.009784 -0.033910 -0.089062 -0.159166 -0.162428  0.049466  0.001390
                                 0.375280  0.461268  0.229998  0.033128 -0.000710  0.001564 -0.005312  0.007622 -0.003810  0.000760
                                -0.000274  0.000073 -0.000048 -0.000000 -0.000293 -0.000000 -0.000425 -0.000000  0.000025 -0.000000
                                -0.000016  0.000000  0.000008 -0.000000 -0.000002 -0.000000

   3.6   0     0.0076   -7.9372  0.000002  0.000018  0.000101  0.000453  0.001571  0.004141  0.007379  0.007382 -0.003798  0.000008
                                -0.020618 -0.024790 -0.000162  0.054454  0.095508  0.147965 -0.202564  0.700774 -0.459453  0.602557
                                -0.417787  0.944322 -0.000016  0.000000  0.000050 -0.000000 -0.000457  0.000000 -0.006751 -0.000000
                                 0.002917  0.000001 -0.011304 -0.000001 -0.000078  0.000002

   4.6   0     0.0140   -9.6945 -0.000003 -0.000024 -0.000136 -0.000602 -0.002110 -0.005496 -0.009967 -0.009527  0.003445  0.003918
                                 0.023974  0.035182 -0.002210 -0.068626 -0.139721 -0.126743 -0.697090  1.322588 -1.373053  0.695854
                                -1.489576  1.474581  0.000022 -0.000000 -0.000068  0.000000  0.000621 -0.000000  0.008502  0.000000
                                -0.002783 -0.000001  0.013136  0.000001  0.000545 -0.000002

                                   1 3d1-    1 3d1-    1 3d1-    1 3d1-    1 3d1-    1 3d1-    1 3d1-    1 3d1-    1 3d1-    1 3d1- 
                                   1 3d1-    1 3d1-    1 3d1-    1 3d1-    1 3d1-    1 3d1-    1 3d1-    1 3d1-    1 3d1-    1 3d1- 
                                   1 3d1-    1 3d1-    1 5g1-    1 5g3-    1 5g1-    1 5g3-    1 5g1-    1 5g3-    1 5g1-    1 5g3- 
                                   1 5g1-    1 5g3-    1 5g1-    1 5g3-    1 5g1-    1 5g3- 

   1.7   2   -60.8215 -329.4327  0.000105  0.000790  0.004461  0.019793  0.067752  0.174603  0.315603  0.365658  0.218329 -0.000324
                                 0.051450  0.003183  0.000585  0.000004  0.000043 -0.000036  0.000129 -0.000185  0.000093 -0.000018
                                 0.000007 -0.000002 -0.000020  0.000000  0.000002 -0.000000 -0.000003 -0.000000  0.000000 -0.000000
                                -0.000000  0.000000  0.000000 -0.000000 -0.000000  0.000000

   2.7   2    -8.2424 -132.9488 -0.000051 -0.000386 -0.002187 -0.009784 -0.033910 -0.089062 -0.159166 -0.162428  0.049466  0.001390
                                 0.375280  0.461268  0.229998  0.033128 -0.000710  0.001564 -0.005312  0.007622 -0.003810  0.000760
                                -0.000274  0.000073 -0.000048  0.000000 -0.000293 -0.000000 -0.000425 -0.000000  0.000025 -0.000000
                                -0.000016  0.000000  0.000008 -0.000000 -0.000002  0.000000

   3.7   0     0.0076   -7.9375  0.000002  0.000018  0.000101  0.000453  0.001571  0.004141  0.007380  0.007382 -0.003799  0.000008
                                -0.020619 -0.024791 -0.000162  0.054456  0.095511  0.147968 -0.202546  0.700739 -0.459416  0.602538
                                -0.417748  0.944285 -0.000016 -0.000000  0.000050  0.000000 -0.000457 -0.000000 -0.006751  0.000000
                                 0.002917 -0.000001 -0.011304  0.000001 -0.000079 -0.000002

   4.7   0     0.0140   -9.6943 -0.000003 -0.000024 -0.000136 -0.000602 -0.002110 -0.005496 -0.009967 -0.009526  0.003445  0.003918
                                 0.023973  0.035182 -0.002210 -0.068625 -0.139719 -0.126740 -0.697086  1.322583 -1.373047  0.695852
                                -1.489565  1.474594  0.000022  0.000000 -0.000068 -0.000000  0.000621  0.000000  0.008502 -0.000000
                                -0.002783  0.000000  0.013135 -0.000000  0.000546  0.000002

                                   1 4f2-    1 4f2-    1 4f2-    1 4f2-    1 4f2-    1 4f2-    1 4f2-    1 4f2-    1 4f2-    1 4f2- 
                                   1 4f2-    1 4f2-    1 4f2-    1 4f2-    1 4f2-    1 6h4-    1 6h2-    1 6h4-    1 6h2-    1 6h4- 
                                   1 6h2- 

   1.8   2    -0.9172 -103.0062  0.000826  0.007189  0.034245  0.104432  0.218192 -0.000203  0.308630  0.320546  0.250483  0.140005
                                 0.043028  0.002858  0.000040 -0.000182  0.000081 -0.000000 -0.000315 -0.000000 -0.000888  0.000000
                                -0.000928

   2.8   0     0.0477   -5.8143 -0.000001 -0.000027 -0.000049 -0.000441  0.000844 -0.002564  0.001355 -0.002757  0.002650 -0.006700
                                 0.019086 -0.096148  0.295219 -0.538653  1.300149 -0.000000 -0.000004  0.000001  0.000044 -0.000003
                                -0.000115

   3.8   0     0.1217   -8.2757  0.000013  0.000069  0.000495  0.000886  0.005625 -0.005499  0.008259 -0.000477  0.009303 -0.014737
                                 0.033793 -0.270623  0.627340 -2.056569  1.207325  0.000000  0.000018 -0.000002 -0.000204  0.000004
                                 0.000547

 HOMO      7.2    -0.024428 =      -0.6647eV
 LUMO     11.1    -0.115411 =      -3.1405eV
 LUMO-HOMO        -0.090983 =      -2.4758eV


 **********************************************************************************************************************************
 DATASETS  * FILE   NREC   LENGTH (MB)   RECORD NAMES
              1      22       22.03       500      610      700      900      950      970     1000      129      960     1700   
                                          VAR    BASINP    GEOM    SYMINP    ZMAT    AOBASIS   BASIS     P2S    ABASIS    OPER   
                                         1101     1401     1411     1412     1650     1100     1400     1410     1200     1210   
                                          SR      EKINR    POTR     PVPR    MOLCAS      S      EKIN      POT      H0       H01  
                                         1080     1600   
                                         AOSYM     SMH  

              2       5        6.25       200      700     1000      520     4202   
                                        OPTIONS   GEOM     BASIS   MCVARS     RHF  

 PROGRAMS   *        TOTAL       RHF       INT
 CPU TIMES  *       210.39      8.20    201.91
 REAL TIME  *       220.35 SEC
 DISK USED  *         7.91 GB      
 SF USED    *         0.12 MB      
 GA USED    *         0.00 MB       (max)       0.00 MB       (current)
 **********************************************************************************************************************************


 PROGRAM * RHF-SCF (OPEN SHELL)       Authors: W. Meyer, H.-J. Werner


 NUMBER OF ELECTRONS:      36+   35-    SPACE SYMMETRY=2    SPIN SYMMETRY: Doublet 
 CONVERGENCE THRESHOLDS:    1.00E-05 (Density)    1.42E-07 (Energy)
 MAX. NUMBER OF ITERATIONS:        0
 INTERPOLATION TYPE:            DIIS
 INTERPOLATION STEPS:              2 (START)      1 (STEP)
 LEVEL SHIFTS:                 -0.60 (CLOSED) -0.30 (OPEN) 

 Number of closed-shell orbitals:   35 (  10   6   6   2   6   2   2   1 )
 Number of open-shell orbitals:      1 (   0   1   0   0   0   0   0   0 )


 Molecular orbitals read from record     4202.2  Type=RHF/CANONICAL (state 1.2)

 Molecular orbital dump at record        2108.2

 ITERATION    DDIFF          GRAD             ENERGY        2-EL.EN.            DIPOLE MOMENTS         DIIS   ORB.
    1      0.000D+00      0.000D+00    -14559.42032899  10867.587928    0.00000    0.00000    0.00000    0    start

 Final alpha occupancy:  10   7   6   2   6   2   2   1
 Final beta  occupancy:  10   6   6   2   6   2   2   1

 !RHF STATE 1.2 Energy               -14559.4203289932    
 Nuclear energy                         0.00000000
 One-electron energy               -19993.21429279
 Two-electron energy                 5433.79396380
 Virial quotient                       -0.73342127
 !RHF STATE 1.2 Dipole moment           0.00000000     0.00000000     0.00000000
 Dipole moment /Debye                   0.00000000     0.00000000     0.00000000

 Orbital energies:

         1.1          2.1          3.1          4.1          5.1          6.1          7.1          8.1          9.1         10.1
  -2339.330534  -403.205231   -93.582150   -60.824022   -60.823106   -19.782934    -8.250084    -8.245855    -2.787950    -0.255269

        11.1         12.1
     -0.115411    -0.008769

         1.2          2.2          3.2          4.2          5.2          6.2          7.2          8.2          9.2
   -355.386806   -78.912937   -14.866986    -0.923167    -0.910658    -1.545362    -0.024428     7.281867    -0.029820

         1.3          2.3          3.3          4.3          5.3          6.3          7.3          8.3
   -355.386806   -78.912937   -14.866986    -0.923159    -0.910658    -1.545363     0.052831     7.281867

         1.4          2.4          3.4          4.4
    -60.824022    -8.250084    -0.008766     0.011012

         1.5          2.5          3.5          4.5          5.5          6.5          7.5          8.5
   -355.385587   -78.908161   -14.856763    -0.917243    -0.908098    -1.527166     0.047676     7.290532

         1.6          2.6          3.6          4.6
    -60.821453    -8.242370     0.007625     0.013966

         1.7          2.7          3.7          4.7
    -60.821453    -8.242370     0.007625     0.013966

         1.8          2.8          3.8
     -0.917243     0.047677     0.121670

 HOMO      7.2    -0.024428 =      -0.6647eV
 LUMO     11.1    -0.115411 =      -3.1405eV
 LUMO-HOMO        -0.090983 =      -2.4758eV


 **********************************************************************************************************************************
 DATASETS  * FILE   NREC   LENGTH (MB)   RECORD NAMES
              1      22       22.03       500      610      700      900      950      970     1000      129      960     1700   
                                          VAR    BASINP    GEOM    SYMINP    ZMAT    AOBASIS   BASIS     P2S    ABASIS    OPER   
                                         1101     1401     1411     1412     1650     1100     1400     1410     1200     1210   
                                          SR      EKINR    POTR     PVPR    MOLCAS      S      EKIN      POT      H0       H01  
                                         1080     1600   
                                         AOSYM     SMH  

              2       6        9.95       200      700     1000      520     4202     2108   
                                        OPTIONS   GEOM     BASIS   MCVARS     RHF      RHF  

 PROGRAMS   *        TOTAL       RHF       RHF       INT
 CPU TIMES  *       210.73      0.34      8.20    201.91
 REAL TIME  *       220.74 SEC
 DISK USED  *         7.91 GB      
 SF USED    *         0.12 MB      
 GA USED    *         0.00 MB       (max)       0.00 MB       (current)
 **********************************************************************************************************************************
 SETTING SCF(4)         =    -14559.42032899  AU                              
 SETTING _CC_NORM_MAX   =         2.00000000                                  


 PROGRAM * CCSD (Restricted open-shell coupled cluster)     Authors: C. Hampel, H.-J. Werner, 1991, M. Deegan, P.J. Knowles, 1992


 Convergence thresholds:  THRVAR = 1.00D-08  THRDEN = 1.42D-06

 CCSD(T)     terms to be evaluated (factor= 1.000)


 Number of closed-shell orbitals:  35 (  10   6   6   2   6   2   2   1 )
 Number of active  orbitals:        1 (   0   1   0   0   0   0   0   0 )
 Number of external orbitals:     406 (  93  63  64  34  64  34  34  20 )

 Memory could be reduced to 521.00 Mwords without degradation in triples

 Number of N-1 electron functions:              71
 Number of N-2 electron functions:            2485
 Number of singly external CSFs:              4676
 Number of doubly external CSFs:          39697457
 Total number of CSFs:                    39702133

 Molecular orbitals read from record     2108.2  Type=RHF/CANONICAL (state 1.2)

 Integral transformation finished. Total CPU:  12.30 sec, npass=  1  Memory used: 117.83 MW

 Starting RMP2 calculation

 Wavefunction is spin-projected

 ITER.      SQ.NORM     CORR.ENERGY   TOTAL ENERGY   ENERGY CHANGE        DEN1      VAR(S)    VAR(P)  DIIS     TIME
   1      1.20930272    -4.16889402-14563.58922301    -4.16889402    -0.00686037  0.29D-07  0.21D-02  1  1    16.91
   2      1.21543750    -4.17624958-14563.59657857    -0.00735556    -0.00021001  0.11D-07  0.19D-03  2  2    20.98
   3      1.21767780    -4.17717024-14563.59749923    -0.00092066    -0.00002147  0.37D-08  0.24D-04  3  3    25.29
   4      1.21861542    -4.17734077-14563.59766976    -0.00017053    -0.00000163  0.13D-08  0.19D-05  4  4    30.26
   5      1.21878016    -4.17735642-14563.59768541    -0.00001565    -0.00000014  0.94D-09  0.16D-06  5  5    35.65
   6      1.21880865    -4.17735794-14563.59768694    -0.00000152    -0.00000001  0.90D-09  0.78D-08  6  6    42.24
   7      1.21881183    -4.17735824-14563.59768723    -0.00000030    -0.00000000  0.92D-09  0.45D-09  6  1    47.47

 Norm of t1 vector:      0.00076053      S-energy:    -0.00000014      T1 diagnostic:  0.00002732
 Norm of t2 vector:      0.46777265      P-energy:    -4.17735810
                                         Alpha-Beta:  -2.65116783
                                         Alpha-Alpha: -0.76332156
                                         Beta-Beta:   -0.76286871

 Spin contamination <S**2-Sz**2-Sz>     0.00000000
  Reference energy                   -14559.4203289932    
  RHF-RMP2 correlation energy          -4.177358241196
 !RHF-RMP2 energy                    -14563.5976872344    
 (NB above energy spin projected)

 Starting RCCSD calculation

 ITER.      SQ.NORM     CORR.ENERGY   TOTAL ENERGY   ENERGY CHANGE        DEN1      VAR(S)    VAR(P)  DIIS     TIME
   1      1.14261518    -3.56904372-14562.98937271    -3.56904372    -0.22124492  0.95D-02  0.16D-01  0  0   119.40
   2      1.17013501    -3.76596455-14563.18629354    -0.19692083    -0.03899276  0.16D-02  0.41D-02  0  0   185.84
   3      1.16993275    -3.69015066-14563.11047966     0.07581388    -0.01140326  0.14D-02  0.12D-02  1  1   252.01
   4      1.17530335    -3.71525637-14563.13558536    -0.02510571    -0.00049746  0.48D-04  0.38D-03  2  2   316.57
   5      1.18065783    -3.71681248-14563.13714147    -0.00155611    -0.00035831  0.45D-04  0.33D-03  3  3   382.16
   6      1.19055658    -3.71819421-14563.13852320    -0.00138172    -0.00029526  0.33D-04  0.31D-03  4  4   450.22
   7      1.19434297    -3.71842363-14563.13875263    -0.00022943    -0.00030604  0.35D-04  0.33D-03  5  5   518.10
   8      1.18397976    -3.71788943-14563.13821842     0.00053421    -0.00026052  0.30D-04  0.27D-03  6  6   583.51
   9      1.17886376    -3.71706144-14563.13739044     0.00082799    -0.00013647  0.19D-04  0.13D-03  7  7   650.74
  10      1.18973689    -3.71662372-14563.13695271     0.00043772    -0.00006469  0.13D-04  0.53D-04  8  8   722.14
  11      1.19935046    -3.71667335-14563.13700235    -0.00004963    -0.00003151  0.11D-04  0.23D-04  9  9   790.19
  12      1.20512123    -3.71676849-14563.13709749    -0.00009514    -0.00002039  0.13D-04  0.12D-04 10 10   870.11
  13      1.20707824    -3.71676331-14563.13709231     0.00000518    -0.00001827  0.15D-04  0.83D-05 11 11   953.96
  14      1.20683897    -3.71676339-14563.13709239    -0.00000008    -0.00001755  0.13D-04  0.91D-05 12 12  1037.34
  15      1.20724192    -3.71680731-14563.13713630    -0.00004392    -0.00001144  0.45D-05  0.84D-05 13 13  1106.81
  16      1.20862092    -3.71685329-14563.13718229    -0.00004599    -0.00000579  0.22D-05  0.47D-05 14 14  1222.86
  17      1.20980417    -3.71686419-14563.13719318    -0.00001089    -0.00000407  0.23D-05  0.32D-05 15 15  1314.85
  18      1.21021846    -3.71686284-14563.13719183     0.00000135    -0.00000412  0.32D-05  0.30D-05 15  1  1385.94
  19      1.21013266    -3.71685420-14563.13718319     0.00000864    -0.00000397  0.29D-05  0.30D-05 15  2  1488.75
  20      1.21012441    -3.71687962-14563.13720861    -0.00002542    -0.00000281  0.11D-05  0.26D-05 15  8  1586.18
  21      1.21021184    -3.71687118-14563.13720018     0.00000843    -0.00000221  0.46D-06  0.24D-05 15  4  1679.35
  22      1.21040633    -3.71687325-14563.13720224    -0.00000206    -0.00000205  0.30D-06  0.23D-05 15  9  1783.97
  23      1.21052830    -3.71687726-14563.13720625    -0.00000401    -0.00000205  0.23D-06  0.24D-05 15  3  1857.31
  24      1.21049551    -3.71687570-14563.13720469     0.00000156    -0.00000201  0.25D-06  0.23D-05 15 11  1948.65
  25      1.21049153    -3.71687407-14563.13720306     0.00000163    -0.00000184  0.23D-06  0.21D-05 15  7  2037.89
  26      1.21057709    -3.71688064-14563.13720963    -0.00000657    -0.00000174  0.19D-06  0.20D-05 15 10  2123.42
  27      1.21063732    -3.71688150-14563.13721049    -0.00000086    -0.00000176  0.17D-06  0.21D-05 15 13  2235.66
  28      1.21060762    -3.71688015-14563.13720915     0.00000134    -0.00000167  0.18D-06  0.20D-05 15  6  2308.83
  29      1.21067887    -3.71687054-14563.13719953     0.00000961    -0.00000132  0.14D-06  0.15D-05 15  5  2396.47
  30      1.21112917    -3.71686332-14563.13719231     0.00000722    -0.00000093  0.66D-07  0.11D-05 15 12  2514.25
  31      1.21159260    -3.71686082-14563.13718981     0.00000250    -0.00000074  0.34D-07  0.90D-06 15 15  2600.03
  32      1.21173978    -3.71686397-14563.13719296    -0.00000315    -0.00000073  0.33D-07  0.91D-06 15 14  2703.36
  33      1.21172829    -3.71686339-14563.13719238     0.00000057    -0.00000074  0.35D-07  0.92D-06 15  1  2779.10
  34      1.21185250    -3.71686527-14563.13719426    -0.00000188    -0.00000067  0.19D-07  0.83D-06 15  3  2862.38
  35      1.21194833    -3.71686410-14563.13719309     0.00000117    -0.00000062  0.19D-07  0.76D-06 15  5  2929.33
  36      1.21197339    -3.71686488-14563.13719387    -0.00000078    -0.00000057  0.29D-07  0.69D-06 15 12  3016.10
  37      1.21195866    -3.71686488-14563.13719388    -0.00000001    -0.00000056  0.34D-07  0.69D-06 15 15  3091.70
  38      1.21197013    -3.71686348-14563.13719247     0.00000141    -0.00000055  0.29D-07  0.67D-06 15  5  3169.76
  39      1.21198188    -3.71686623-14563.13719522    -0.00000275    -0.00000051  0.22D-07  0.61D-06 15  4  3268.29
  40      1.21195675    -3.71686733-14563.13719633    -0.00000111    -0.00000044  0.10D-07  0.54D-06 15 13  3340.65
  41      1.21202306    -3.71686675-14563.13719574     0.00000058    -0.00000038  0.66D-08  0.45D-06 15  9  3425.88
  42      1.21211308    -3.71686482-14563.13719382     0.00000193    -0.00000029  0.79D-08  0.34D-06 15  6  3522.43
  43      1.21226572    -3.71685238-14563.13718137     0.00001244    -0.00000021  0.10D-07  0.25D-06 15 10  3599.72
  44      1.21245039    -3.71685065-14563.13717964     0.00000173    -0.00000020  0.13D-07  0.23D-06 15 11  3690.61
  45      1.21254547    -3.71685082-14563.13717981    -0.00000017    -0.00000019  0.15D-07  0.23D-06 15  7  3770.19
  46      1.21251761    -3.71685047-14563.13717947     0.00000035    -0.00000019  0.14D-07  0.23D-06 15  6  3839.20
  47      1.21243546    -3.71685132-14563.13718032    -0.00000085    -0.00000018  0.10D-07  0.21D-06 15 11  3938.87
  48      1.21247374    -3.71685811-14563.13718710    -0.00000678    -0.00000013  0.39D-08  0.16D-06 15  4  4012.58
  49      1.21266172    -3.71686632-14563.13719532    -0.00000822    -0.00000010  0.21D-08  0.13D-06 15  9  4095.63
  50      1.21276413    -3.71686746-14563.13719646    -0.00000114    -0.00000010  0.23D-08  0.13D-06 15 13  4186.05
  51      1.21279971    -3.71686693-14563.13719592     0.00000053    -0.00000010  0.26D-08  0.13D-06 15 14  4257.24
  52      1.21277580    -3.71686884-14563.13719783    -0.00000191    -0.00000010  0.25D-08  0.12D-06 15 10  4327.20
  53      1.21279379    -3.71687139-14563.13720038    -0.00000255    -0.00000009  0.37D-08  0.11D-06 15  2  4406.57
  54      1.21282325    -3.71687118-14563.13720018     0.00000021    -0.00000009  0.95D-08  0.10D-06 15  8  4480.70
  55      1.21284883    -3.71687168-14563.13720067    -0.00000050    -0.00000009  0.16D-07  0.97D-07 15 12  4584.17
  56      1.21284577    -3.71687177-14563.13720077    -0.00000009    -0.00000009  0.15D-07  0.97D-07 15  6  4660.18
  57      1.21283454    -3.71687357-14563.13720256    -0.00000180    -0.00000008  0.98D-08  0.90D-07 15 15  4730.99
  58      1.21283999    -3.71687524-14563.13720424    -0.00000168    -0.00000007  0.62D-08  0.81D-07 15  5  4809.02
  59      1.21288940    -3.71687406-14563.13720305     0.00000119    -0.00000006  0.62D-08  0.75D-07 15 13  4895.33
  60      1.21290241    -3.71687317-14563.13720216     0.00000089    -0.00000006  0.71D-08  0.74D-07 15  3  4967.99
  61      1.21292902    -3.71687267-14563.13720166     0.00000050    -0.00000006  0.87D-08  0.74D-07 15  1  5060.02
  62      1.21289877    -3.71687326-14563.13720226    -0.00000059    -0.00000006  0.71D-08  0.72D-07 15  3  5128.39
  63      1.21283181    -3.71687478-14563.13720378    -0.00000152    -0.00000005  0.36D-08  0.62D-07 15 11  5200.31
  64      1.21281735    -3.71687804-14563.13720703    -0.00000325    -0.00000005  0.23D-08  0.55D-07 15  2  5276.23
  65      1.21281810    -3.71687961-14563.13720860    -0.00000157    -0.00000004  0.23D-08  0.54D-07 15  9  5358.75
  66      1.21281482    -3.71687952-14563.13720851     0.00000009    -0.00000004  0.24D-08  0.54D-07 15  7  5428.54
  67      1.21281345    -3.71687900-14563.13720800     0.00000052    -0.00000004  0.21D-08  0.53D-07 15  4  5508.50
  68      1.21281675    -3.71687874-14563.13720773     0.00000027    -0.00000004  0.21D-08  0.54D-07 15 12  5589.38
  69      1.21282161    -3.71687913-14563.13720812    -0.00000039    -0.00000004  0.22D-08  0.53D-07 15  8  5657.42
  70      1.21281412    -3.71688125-14563.13721024    -0.00000212    -0.00000004  0.26D-08  0.48D-07 15 10  5738.89
  71      1.21276648    -3.71688083-14563.13720982     0.00000042    -0.00000003  0.27D-08  0.40D-07 15 14  5821.22
  72      1.21271740    -3.71687995-14563.13720894     0.00000088    -0.00000003  0.30D-08  0.34D-07 15 13  5892.80
  73      1.21268807    -3.71687925-14563.13720824     0.00000069    -0.00000003  0.33D-08  0.30D-07 15  2  5966.71
  74      1.21269523    -3.71687867-14563.13720767     0.00000058    -0.00000003  0.41D-08  0.28D-07 15  5  6050.20
  75      1.21274382    -3.71688026-14563.13720926    -0.00000159    -0.00000002  0.61D-08  0.26D-07 15  6  6141.00
  76      1.21274178    -3.71688018-14563.13720918     0.00000008    -0.00000002  0.54D-08  0.25D-07 15 15  6215.25
  77      1.21278465    -3.71688023-14563.13720922    -0.00000004    -0.00000002  0.33D-08  0.21D-07 15  3  6302.52
  78      1.21288656    -3.71688073-14563.13720973    -0.00000051    -0.00000001  0.21D-08  0.16D-07 15  9  6371.53
  79      1.21297546    -3.71688037-14563.13720936     0.00000036    -0.00000001  0.15D-08  0.12D-07 15 13  6457.99
  80      1.21300512    -3.71688026-14563.13720926     0.00000011    -0.00000001  0.13D-08  0.12D-07 15 11  6529.34
  81      1.21300461    -3.71688008-14563.13720908     0.00000018    -0.00000001  0.14D-08  0.12D-07 15  1  6618.41
  82      1.21300369    -3.71688014-14563.13720913    -0.00000005    -0.00000001  0.15D-08  0.12D-07 15 15  6691.46
  83      1.21301217    -3.71688008-14563.13720907     0.00000006    -0.00000001  0.12D-08  0.11D-07 15 11  6790.40
  84      1.21303839    -3.71688001-14563.13720901     0.00000006    -0.00000001  0.88D-09  0.98D-08 15  3  6861.04
  85      1.21306674    -3.71687955-14563.13720855     0.00000046    -0.00000001  0.10D-08  0.86D-08 15  9  6970.90

 Norm of t1 vector:      0.11893963      S-energy:     0.00000003      T1 diagnostic:  0.00998001
                                                                       D1 diagnostic:  0.04525938
 Norm of t2 vector:      0.44600460      P-energy:    -3.71687958
                                         Alpha-Beta:  -2.42679940
                                         Alpha-Alpha: -0.64532914
                                         Beta-Beta:   -0.64475104

 Doubles amplitudes (print threshold =  0.500E-01):

         I         J         SYM. A    SYM. B    A         B      T(IJ, AB) [Alpha-Beta]

        10        10         1         1         1         1      0.10609664
        10        10         5         5         3         3     -0.05532837

 Spin contamination <S**2-Sz**2-Sz>     0.00000000

 Memory could be reduced to 569.35 Mwords without degradation in triples
 

  Correlated core orbitals:             1.1       2.1       3.1       4.1       5.1       6.1       7.1       8.1       1.2       2.2
                                        3.2       1.3       2.3       3.3       1.4       2.4       1.5       2.5       3.5       1.6
                                        2.6       1.7       2.7
  Orbital energies:                 -2339.3305 -403.2052  -93.5822  -60.8240  -60.8231  -19.7829   -8.2501   -8.2459 -355.3868  -78.9129
                                      -14.8670 -355.3868  -78.9129  -14.8670  -60.8240   -8.2501 -355.3856  -78.9082  -14.8568  -60.8215
                                       -8.2424  -60.8215   -8.2424
 
  RCCSD core-core energy               -1.647965660370
  RCCSD core-valence energy            -0.846074071084
  RCCSD valence correlation energy     -1.222839822386
 

 RESULTS
 =======

  Reference energy                   -14559.4203289932    
  RCCSD singles energy                  0.000000026946
  RCCSD pair energy                    -3.716879580786
  RCCSD correlation energy             -3.716879553840
  Triples (T) contribution             -0.070805099475
  Total correlation energy             -3.787684653315
 
  RHF-RCCSD energy                   -14563.1372085471    
  RHF-RCCSD[T] energy                -14563.2169938239    
  RHF-RCCSD-T energy                 -14563.2078268247    
 !RHF-RCCSD(T) energy                -14563.2080136465    

 Program statistics:

 Available memory in ccsd:              1999989172
 Min. memory needed in ccsd:             108402959
 Max. memory used in ccsd:               160141906
 Max. memory used in cckext:             129051281 (85 integral passes)
 Max. memory used in cckint:             117831573 ( 1 integral passes)



 **********************************************************************************************************************************
 DATASETS  * FILE   NREC   LENGTH (MB)   RECORD NAMES
              1      22       22.03       500      610      700      900      950      970     1000      129      960     1700   
                                          VAR    BASINP    GEOM    SYMINP    ZMAT    AOBASIS   BASIS     P2S    ABASIS    OPER   
                                         1101     1401     1411     1412     1650     1100     1400     1410     1200     1210   
                                          SR      EKINR    POTR     PVPR    MOLCAS      S      EKIN      POT      H0       H01  
                                         1080     1600   
                                         AOSYM     SMH  

              2       6        9.95       200      700     1000      520     4202     2108   
                                        OPTIONS   GEOM     BASIS   MCVARS     RHF      RHF  

 PROGRAMS   *        TOTAL  RCCSD(T)       RHF       RHF       INT
 CPU TIMES  *     11261.39  11050.66      0.34      8.20    201.91
 REAL TIME  *     18492.59 SEC
 DISK USED  *        71.14 GB      
 SF USED    *        11.65 GB      
 GA USED    *         0.00 MB       (max)       0.00 MB       (current)
 **********************************************************************************************************************************
 SETTING CCSD(4)        =    -14563.20801365  AU                              
 Output type csv         
                                                                                                                                                                                                                                                                

          SCF,CCSD
        0.00000,        0.00000
        0.00000,        0.00000
        0.00000,        0.00000
   -14559.42033,   -14563.20801
                                                  

 RCCSD(T)/USERDEF energy= -14563.208013646537

        RCCSD(T)        RHF-SCF 
 -14563.20801365 -14559.42032899
 **********************************************************************************************************************************
 Molpro calculation terminated
 Variable memory released
