Note: The following floating-point exceptions are signalling: IEEE_UNDERFLOW_FLAG
 ENTER Z, NR
 PLEASE ENTER RELATIVITY FACTOR.  (0=NR, 1=REL.)
 PLEASE ENTER IUFLAG. (0=U, 1=SU, 2=R).
 PLEASE ENTER NFC, NEL, RATIO, ETOL, XNUM
 PLEASE ENTER N L M J S OCC.
     760.500000  -3070.683660
      87.357491  -3264.492673
      33.061896  -3302.898113
      11.360817  -3307.690067
       3.788934  -3308.148766
       1.369533  -3308.208645
       0.558208  -3308.220764
       0.247142  -3308.223624
       0.113902  -3308.224345
       0.053350  -3308.224543
       0.025117  -3308.224605
       0.011832  -3308.224628
       0.005659  -3308.224637
       0.002726  -3308.224642
       0.001339  -3308.224644
       0.000663  -3308.224645
       0.000329  -3308.224645
       0.000163  -3308.224645
       0.000081  -3308.224646
    1   0 0   0/2   1    2.0000       -622.541351
    2   0 0   0/2   1    2.0000        -91.466988
    2   1-1   2/2   1    2.0000        -83.830190
    2   1 0   2/2   1    2.0000        -83.830190
    2   1 1   2/2   1    2.0000        -83.830190
    3   0 0   0/2   1    2.0000        -20.236558
    3   1-1   2/2   1    2.0000        -17.311616
    3   1 0   2/2   1    2.0000        -17.311616
    3   1 1   2/2   1    2.0000        -17.311616
    3   2-2   4/2   1    2.0000        -12.089384
    3   2-1   4/2   1    2.0000        -12.089384
    3   2 0   4/2   1    2.0000        -12.089384
    3   2 1   4/2   1    2.0000        -12.089384
    3   2 2   4/2   1    2.0000        -12.089384
    4   0 0   0/2   1    2.0000         -6.635681
 TOTAL ENERGY =    -3308.224646 -90022.085764
 PLEASE ENTER FULL FILENAME.
