
 Primary working directories    : /global/cscratch1/sd/haihan
 Secondary working directories  : /global/cscratch1/sd/haihan
 Wavefunction directory         : /global/homes/h/haihan/Research/ECP/f_group_element_ecps/Gd/Molpro/atom/AE/nr/wfu/
 Main file repository           : /global/cscratch1/sd/haihan/

 SHA1      : 19cd028119e0e09f93f0674bd8af7968d9b3eff6
 NAME      : 2015.1.36
 ARCHNAME  : linux/x86_64
 FC        : /opt/cray/pe/craype/2.5.14/bin/ftn
 BLASLIB   : -L/opt/intel/compilers_and_libraries_2018.1.163/linux/mkl/lib/intel64 -Wl,-_start-group -lmkl_intel_ilp64 -lmkl_intel_thread -lmkl_core -Wl,-_end-group -liomp5
 id        : lbl

 Nodes     nprocs
 nid01122    11
 Number of processes for MPI-2 version of Molpro:   nprocs(total)=   12   nprocs(compute)=   11   nprocs(helper)=    1

 Using customized tuning parameters: mindgm=7; mindgv=16; mindgc=1; mindgr=1; noblas=0; minvec=7
 default implementation of scratch files=sf  

 ***,Calculation for Gd atom, singlet and triplet
 memory,1,g
 
 gthresh,twoint=1.e-15
 gthresh,oneint=1.e-15
 
 
 geometry={
 1
 Gd
 Gd  0.0 0.0 0.0
 }
 
 basis={
 Including file /global/u2/h/haihan/Research/ECP/f_group_element_ecps/Gd/Molpro/atom/AE/nr/11/../aug-cc-pwCVTZ.basis
 }
 
 
 
 Including file /global/u2/h/haihan/Research/ECP/f_group_element_ecps/Gd/Molpro/atom/AE/nr/11/../Gd_states_ae.proc
 
 
 do i=11,11
     if (i.eq.1) then
         Id1f7s2
     else if (i.eq.2) then
         Id2f7s1
     else if (i.eq.3) then
         EAd2f7s2
     else if (i.eq.4) then
         IId1f7s1
     else if (i.eq.5) then
         IIdf7s2
     else if (i.eq.6) then
         IIId1f7
     else if (i.eq.7) then
         IVdf7
     else if (i.eq.8) then
         Vdf6
     else if (i.eq.9) then
         VIdf5
     else if (i.eq.10) then
         VIIdf4
     else if (i.eq.11) then
         VIIIdf3
     else if (i.eq.12) then
         IXdf2
     else if (i.eq.13) then
         Xdf1
     else if (i.eq.14) then
         XIdf
     else if (i.eq.15) then
         XIIp4
     else if (i.eq.16) then
         XIIIp3
     endif
     scf(i)=energy
                                                                                 !_CC_NORM_MAX=2.0
                                                                                 !{rccsd(t),maxit=100;core}
                                                                                 !ccsd(i)=energy
 enddo
 
 table,scf,                                                                      !ccsd
 type,csv
 save

 Variables initialized (889), CPU time= 0.01 sec
 Commands  initialized (702), CPU time= 0.00 sec, 572 directives.
 Default parameters read. Elapsed time= 0.16 sec

 Checking input...
 Passed
1


                                         ***  PROGRAM SYSTEM MOLPRO  ***
                                       Copyright, TTI GmbH Stuttgart, 2015
                                    Version 2015.1 linked Dec 29 2018 15:55:43


 **********************************************************************************************************************************
 LABEL *   Calculation for Gd atom, singlet and triplet                                  
  64 bit mpp version                                                                     DATE: 10-Nov-22          TIME: 20:26:48  
 **********************************************************************************************************************************

 SHA1:             19cd028119e0e09f93f0674bd8af7968d9b3eff6
 **********************************************************************************************************************************

 THRESHOLDS:

 ZERO    =  1.00D-12  ONEINT  =  1.00D-12  TWOINT  =  1.00D-15  PREFAC  =  1.00D-14  LOCALI  =  1.00D-09  EORDER  =  1.00D-04
 ENERGY  =  0.00D+00  ETEST   =  0.00D+00  EDENS   =  0.00D+00  THRDEDEF=  1.00D-06  GRADIENT=  1.00D-02  STEP    =  1.00D-03
 ORBITAL =  1.00D-05  CIVEC   =  1.00D-05  COEFF   =  1.00D-04  PRINTCI =  5.00D-02  PUNCHCI =  9.90D+01  OPTGRAD =  3.00D-04
 OPTENERG=  1.00D-06  OPTSTEP =  3.00D-04  THRGRAD =  1.00D-10  COMPRESS=  1.00D-11  VARMIN  =  1.00D-07  VARMAX  =  1.00D-03
 THRDOUB =  0.00D+00  THRDIV  =  1.00D-05  THRRED  =  1.00D-07  THRPSP  =  1.00D+00  THRDC   =  1.00D-10  THRCS   =  1.00D-10
 THRNRM  =  1.00D-08  THREQ   =  0.00D+00  THRDE   =  1.00D+00  THRREF  =  1.00D-05  SPARFAC =  1.00D+00  THRDLP  =  1.00D-07
 THRDIA  =  1.00D-10  THRDLS  =  1.00D-07  THRGPS  =  0.00D+00  THRKEX  =  0.00D+00  THRDIS  =  2.00D-01  THRVAR  =  1.00D-10
 THRLOC  =  1.00D-06  THRGAP  =  1.00D-06  THRLOCT = -1.00D+00  THRGAPT = -1.00D+00  THRORB  =  1.00D-06  THRMLTP =  0.00D+00
 THRCPQCI=  1.00D-10  KEXTA   =  0.00D+00  THRCOARS=  0.00D+00  SYMTOL  =  1.00D-06  GRADTOL =  1.00D-06  THROVL  =  1.00D-08
 THRORTH =  1.00D-08  GRID    =  1.00D-06  GRIDMAX =  1.00D-03  DTMAX   =  0.00D+00  THROCCDE=  1.00D-01  THROCCDE=  1.00D-01



 THRESHOLDS:

 ZERO    =  1.00D-12  ONEINT  =  1.00D-15  TWOINT  =  1.00D-15  PREFAC  =  1.00D-14  LOCALI  =  1.00D-09  EORDER  =  1.00D-04
 ENERGY  =  0.00D+00  ETEST   =  0.00D+00  EDENS   =  0.00D+00  THRDEDEF=  1.00D-06  GRADIENT=  1.00D-02  STEP    =  1.00D-03
 ORBITAL =  1.00D-05  CIVEC   =  1.00D-05  COEFF   =  1.00D-04  PRINTCI =  5.00D-02  PUNCHCI =  9.90D+01  OPTGRAD =  3.00D-04
 OPTENERG=  1.00D-06  OPTSTEP =  3.00D-04  THRGRAD =  1.00D-10  COMPRESS=  1.00D-11  VARMIN  =  1.00D-07  VARMAX  =  1.00D-03
 THRDOUB =  0.00D+00  THRDIV  =  1.00D-05  THRRED  =  1.00D-07  THRPSP  =  1.00D+00  THRDC   =  1.00D-10  THRCS   =  1.00D-10
 THRNRM  =  1.00D-08  THREQ   =  0.00D+00  THRDE   =  1.00D+00  THRREF  =  1.00D-05  SPARFAC =  1.00D+00  THRDLP  =  1.00D-07
 THRDIA  =  1.00D-10  THRDLS  =  1.00D-07  THRGPS  =  0.00D+00  THRKEX  =  0.00D+00  THRDIS  =  2.00D-01  THRVAR  =  1.00D-10
 THRLOC  =  1.00D-06  THRGAP  =  1.00D-06  THRLOCT = -1.00D+00  THRGAPT = -1.00D+00  THRORB  =  1.00D-06  THRMLTP =  0.00D+00
 THRCPQCI=  1.00D-10  KEXTA   =  0.00D+00  THRCOARS=  0.00D+00  SYMTOL  =  1.00D-06  GRADTOL =  1.00D-06  THROVL  =  1.00D-08
 THRORTH =  1.00D-08  GRID    =  1.00D-06  GRIDMAX =  1.00D-03  DTMAX   =  0.00D+00  THROCCDE=  1.00D-01  THROCCDE=  1.00D-01



Geometry recognized as XYZ


 Variable memory set to 1000000000 words,  buffer space   230000 words

 SETTING BASIS          =    USERDEF

 DO I                   =        11.00000000   

 Running procedure=VIIIDF3


 Recomputing integrals since basis changed


 Using spherical harmonics



 PROGRAM * SEWARD (Integral evaluation for generally contracted gaussian basis sets)     Author: Roland Lindh, 1990

 Geometry written to block  1 of record 700

 Orientation using atomic masses  
 Molecule type: Atom
 Symmetry elements: X,Y,Z
 Rotational constants:       0.0000000      0.0000000      0.0000000 GHz  (calculated with average atomic masses)

 Point group  D2h 



 ATOMIC COORDINATES

 NR  ATOM    CHARGE       X              Y              Z

   1  GD     64.00    0.000000000    0.000000000    0.000000000

 NUCLEAR CHARGE:                   64
 NUMBER OF PRIMITIVE AOS:         631
 NUMBER OF SYMMETRY AOS:          481
 NUMBER OF CONTRACTIONS:          481   ( 113Ag  +  74B3u +  74B2u +  42B1g +  74B1u +  42B2g +  42B3g +  20Au  )
 NUMBER OF CORE ORBITALS:          23   (   8Ag  +   3B3u +   3B2u +   2B1g +   3B1u +   2B2g +   2B3g +   0Au  )
 NUMBER OF VALENCE ORBITALS:       17   (   4Ag  +   3B3u +   3B2u +   1B1g +   3B1u +   1B2g +   1B3g +   1Au  )


 NUCLEAR REPULSION ENERGY    0.00000000

 EXTRA SYMMETRY OF AOS IN SYMMETRY 1:   1 1 1 1 1 1 1 1 1 1   1 1 1 1 1 1 1 1 1 1   1 1 1 1 1 1 1 1 1 1   1 1 1 1 1 1 1 1 2 3
                                        2 3 2 3 2 3 2 3 2 3   2 3 2 3 2 3 2 3 2 3   2 3 2 3 2 3 2 3 2 3   2 3 2 3 2 3 2 3 2 3
                                        2 3 2 3 2 3 4 5 6 4   5 6 4 5 6 4 5 6 4 5   6 4 5 6 4 5 6 4 5 6   4 5 6
 EXTRA SYMMETRY OF AOS IN SYMMETRY 2:   1 1 1 1 1 1 1 1 1 1   1 1 1 1 1 1 1 1 1 1   1 1 1 1 1 1 1 1 1 1   1 1 1 1 1 1 1 2 3 2
                                        3 2 3 2 3 2 3 2 3 2   3 2 3 2 3 2 3 2 3 2   3 2 3 2 3 4 5 6 4 5   6 4 5 6
 EXTRA SYMMETRY OF AOS IN SYMMETRY 3:   1 1 1 1 1 1 1 1 1 1   1 1 1 1 1 1 1 1 1 1   1 1 1 1 1 1 1 1 1 1   1 1 1 1 1 1 1 2 3 2
                                        3 2 3 2 3 2 3 2 3 2   3 2 3 2 3 2 3 2 3 2   3 2 3 2 3 4 5 6 4 5   6 4 5 6
 EXTRA SYMMETRY OF AOS IN SYMMETRY 4:   1 1 1 1 1 1 1 1 1 1   1 1 1 1 1 1 1 1 1 1   1 1 1 1 2 3 2 3 2 3   2 3 2 3 2 3 2 3 2 3
                                        2 3
 EXTRA SYMMETRY OF AOS IN SYMMETRY 5:   1 1 1 1 1 1 1 1 1 1   1 1 1 1 1 1 1 1 1 1   1 1 1 1 1 1 1 1 1 1   1 1 1 1 1 1 1 2 3 2
                                        3 2 3 2 3 2 3 2 3 2   3 2 3 2 3 2 3 2 3 2   3 2 3 2 3 4 5 6 4 5   6 4 5 6
 EXTRA SYMMETRY OF AOS IN SYMMETRY 6:   1 1 1 1 1 1 1 1 1 1   1 1 1 1 1 1 1 1 1 1   1 1 1 1 2 3 2 3 2 3   2 3 2 3 2 3 2 3 2 3
                                        2 3
 EXTRA SYMMETRY OF AOS IN SYMMETRY 7:   1 1 1 1 1 1 1 1 1 1   1 1 1 1 1 1 1 1 1 1   1 1 1 1 2 3 2 3 2 3   2 3 2 3 2 3 2 3 2 3
                                        2 3
 EXTRA SYMMETRY OF AOS IN SYMMETRY 8:   1 1 1 1 1 1 1 1 1 1   1 1 1 1 2 3 2 3 2 3

 Eigenvalues of metric

         1 0.117E-06 0.313E-06 0.724E-06 0.724E-06 0.728E-06 0.135E-05 0.447E-05 0.619E-05
         2 0.616E-06 0.439E-05 0.139E-04 0.449E-04 0.885E-04 0.303E-03 0.501E-03 0.668E-03
         3 0.616E-06 0.439E-05 0.139E-04 0.449E-04 0.885E-04 0.303E-03 0.501E-03 0.668E-03
         4 0.724E-06 0.237E-04 0.148E-03 0.537E-03 0.925E-03 0.419E-02 0.877E-02 0.166E-01
         5 0.616E-06 0.439E-05 0.139E-04 0.449E-04 0.885E-04 0.303E-03 0.501E-03 0.668E-03
         6 0.724E-06 0.237E-04 0.148E-03 0.537E-03 0.925E-03 0.419E-02 0.877E-02 0.166E-01
         7 0.724E-06 0.237E-04 0.148E-03 0.537E-03 0.925E-03 0.419E-02 0.877E-02 0.166E-01
         8 0.826E-03 0.126E-01 0.208E-01 0.681E-01 0.138E+00 0.253E+00 0.351E+00 0.351E+00


 Contracted 2-electron integrals neglected if value below      1.0D-15
 AO integral compression algorithm  1   Integral accuracy      1.0D-15

     5088.477 MB (compressed) written to integral file ( 43.1%)

     Node minimum: 273.154 MB, node maximum: 664.797 MB


 NUMBER OF SORTED TWO-ELECTRON INTEGRALS:   78183143.     BUFFER LENGTH:  32768
 NUMBER OF SEGMENTS:   3  SEGMENT LENGTH:   31996376      RECORD LENGTH: 524288

 Memory used in sort:      32.55 MW

 SORT1 READ  1474683826. AND WROTE    44645090. INTEGRALS IN    128 RECORDS. CPU TIME:    39.50 SEC, REAL TIME:    45.51 SEC
 SORT2 READ   489175758. AND WROTE   859050309. INTEGRALS IN  22880 RECORDS. CPU TIME:     2.50 SEC, REAL TIME:     6.62 SEC

 Node minimum:    77943337.  Node maximum:    78455531. integrals

 OPERATOR DM      FOR CENTER  0  COORDINATES:    0.000000    0.000000    0.000000


 **********************************************************************************************************************************
 DATASETS  * FILE   NREC   LENGTH (MB)   RECORD NAMES
              1      18       21.36       500      610      700      900      950      970     1000      129      960     1100   
                                          VAR    BASINP    GEOM    SYMINP    ZMAT    AOBASIS   BASIS     P2S    ABASIS      S 
                                         1400     1410     1200     1210     1080     1600     1650     1700   
                                           T        V       H0       H01     AOSYM     SMH    MOLCAS    OPER   

 PROGRAMS   *        TOTAL       INT
 CPU TIMES  *       454.80    454.35
 REAL TIME  *       468.11 SEC
 DISK USED  *        10.92 GB      
 GA USED    *         0.00 MB       (max)       0.00 MB       (current)
 **********************************************************************************************************************************


 PROGRAM * RHF-SCF (OPEN SHELL)       Authors: W. Meyer, H.-J. Werner


 NUMBER OF ELECTRONS:      30+   27-    SPACE SYMMETRY=3    SPIN SYMMETRY: Quartet 
 CONVERGENCE THRESHOLDS:    1.00E-05 (Density)    1.28E-07 (Energy)
 MAX. NUMBER OF ITERATIONS:       60
 INTERPOLATION TYPE:            DIIS
 INTERPOLATION STEPS:              2 (START)      1 (STEP)
 LEVEL SHIFTS:                 -0.60 (CLOSED) -0.30 (OPEN) 

 Number of closed-shell orbitals:   27 (   9   4   4   2   4   2   2   0 )
 Number of open-shell orbitals:      3 (   0   2   1   0   0   0   0   0 )


 
 Extra symmetries of mos in symmetry 1:   1   1   1   3   2   1   3   2   1   3   2
 Extra symmetries of mos in symmetry 2:   1   1   1   1   3   2
 Extra symmetries of mos in symmetry 3:   1   1   1   1   3   2
 Extra symmetries of mos in symmetry 5:   1   1   1   1   3   2
 Orbital guess generated from atomic densities. Full valence occupancy:   12   6   6   3   6   3   3   1


 Molecular orbital dump at record        4202.2

 ITERATION    DDIFF          GRAD             ENERGY        2-EL.EN.            DIPOLE MOMENTS         DIIS   ORB.
    1      0.000D+00      0.000D+00    -10804.35905256   7317.907227    0.00000    0.00000    0.00000    0    start
    2      0.000D+00      0.140D+00    -10806.86155135   7646.355117    0.00000    0.00000    0.00000    1    diag,B
    3      0.242D-01      0.525D-01    -10807.34101863   7552.233464    0.00000    0.00000    0.00000    2    diag,B
    4      0.115D-01      0.646D-02    -10807.41356323   7573.177481    0.00000    0.00000    0.00000    3    diag,B
    5      0.244D-02      0.379D-02    -10807.49188343   7583.471277    0.00000    0.00000    0.00000    4    diag,B
    6      0.245D-02      0.379D-02    -10807.45145429   7578.604094    0.00000    0.00000    0.00000    5    diag,B
    7      0.105D-02      0.383D-02    -10806.81741377   7471.078868    0.00000    0.00000    0.00000    6    fixocc
    8      0.133D-01      0.329D-01    -10807.28556551   7530.489278    0.00000    0.00000    0.00000    7    diag,B
    9      0.695D-02      0.140D-01    -10807.44603218   7572.960104    0.00000    0.00000    0.00000    8    diag,B
   10      0.372D-02      0.651D-02    -10807.51065460   7586.410702    0.00000    0.00000    0.00000    9    orth
     Orbital  4.3 strongly deviates from fixed occupation: 1.55923  (now: 2.00)
     Note:  Use {hf,nitord=N} to fix occupations at iteration N
            Use {gthresh,occdev=1.0} to suppress deviation warnings
   11      0.775D-02      0.440D-02    -10807.25538290   7545.661255    0.00000    0.00000    0.00000    9    diag,B
   12      0.517D-02      0.262D-02    -10807.31289363   7546.972461    0.00000    0.00000    0.00000    9    diag,B
   13      0.247D-02      0.486D-02    -10807.32565326   7549.921360    0.00000    0.00000    0.00000    9    diag,B
     Orbital  4.3 strongly deviates from fixed occupation: 1.88011  (now: 2.00)
   14      0.480D-03      0.452D-02    -10807.21926466   7538.415384    0.00000    0.00000    0.00000    9    diag,B
   15      0.304D-02      0.295D-02    -10807.22425630   7541.039662    0.00000    0.00000    0.00000    9    diag,B
   16      0.519D-03      0.212D-02    -10807.22169427   7539.822085    0.00000    0.00000    0.00000    9    diag,B
   17      0.620D-03      0.214D-02    -10807.21196689   7539.914653    0.00000    0.00000    0.00000    9    diag,B
   18      0.563D-03      0.162D-02    -10807.23284843   7536.114064    0.00000    0.00000    0.00000    9    diag,B
   19      0.207D-02      0.472D-02    -10807.22364201   7535.127776    0.00000    0.00000    0.00000    9    diag,B
   20      0.387D-03      0.449D-02    -10807.20210169   7542.797490    0.00000    0.00000    0.00000    9    orth
   21      0.283D-02      0.808D-03    -10807.20313255   7542.869966    0.00000    0.00000    0.00000    9    diag,B
   22      0.156D-03      0.685D-03    -10807.20625568   7543.102802    0.00000    0.00000    0.00000    9    diag,B
   23      0.202D-03      0.768D-03    -10807.19778117   7543.148193    0.00000    0.00000    0.00000    9    diag,B
   24      0.656D-03      0.125D-02    -10807.19743832   7542.110779    0.00000    0.00000    0.00000    9    diag,B
   25      0.255D-03      0.715D-03    -10807.19808308   7541.513445    0.00000    0.00000    0.00000    9    diag,B
   26      0.132D-03      0.409D-03    -10807.19721437   7540.573297    0.00000    0.00000    0.00000    9    diag,B
   27      0.156D-03      0.198D-03    -10807.19656618   7540.986029    0.00000    0.00000    0.00000    9    diag,B
   28      0.231D-03      0.138D-03    -10807.19653664   7540.901274    0.00000    0.00000    0.00000    9    diag,B
   29      0.392D-04      0.105D-03    -10807.19657944   7540.855023    0.00000    0.00000    0.00000    9    diag,B
   30      0.318D-04      0.906D-04    -10807.19641987   7540.877540    0.00000    0.00000    0.00000    9    orth
   31      0.510D-04      0.871D-04    -10807.19629658   7540.840014    0.00000    0.00000    0.00000    9    diag,B
   32      0.632D-04      0.737D-04    -10807.19633822   7540.724476    0.00000    0.00000    0.00000    9    diag,B
   33      0.330D-04      0.587D-04    -10807.19630539   7540.673707    0.00000    0.00000    0.00000    9    diag,B
   34      0.299D-04      0.607D-04    -10807.19630429   7540.678905    0.00000    0.00000    0.00000    9    diag,B
   35      0.507D-05      0.607D-04    -10807.19628087   7540.690674    0.00000    0.00000    0.00000    9    diag,B
   36      0.221D-04      0.558D-04    -10807.19626926   7540.682902    0.00000    0.00000    0.00000    9    diag,B
   37      0.110D-04      0.557D-04    -10807.19625804   7540.675367    0.00000    0.00000    0.00000    9    diag,B
   38      0.110D-04      0.536D-04    -10807.19621152   7540.680193    0.00000    0.00000    0.00000    9    diag,B
   39      0.261D-04      0.410D-04    -10807.19615765   7540.708450    0.00000    0.00000    0.00000    9    diag,B
   40      0.640D-04      0.187D-04    -10807.19615992   7540.705388    0.00000    0.00000    0.00000    9    orth
   41      0.628D-05      0.212D-04    -10807.19615385   7540.702010    0.00000    0.00000    0.00000    9    diag,B
   42      0.262D-04      0.112D-04    -10807.19615401   7540.701738    0.00000    0.00000    0.00000    9    diag,B
   43      0.344D-05      0.107D-04    -10807.19615426   7540.703122    0.00000    0.00000    0.00000    9    diag,B
   44      0.526D-05      0.107D-04    -10807.19615433   7540.703508    0.00000    0.00000    0.00000    9    diag,B
   45      0.496D-05      0.113D-04    -10807.19615426   7540.702626    0.00000    0.00000    0.00000    9    diag,B
   46      0.892D-05      0.102D-04    -10807.19615423   7540.702767    0.00000    0.00000    0.00000    9    diag,B
   47      0.384D-06      0.102D-04    -10807.19615339   7540.701178    0.00000    0.00000    0.00000    9    diag,B
   48      0.420D-05      0.889D-05    -10807.19615337   7540.703424    0.00000    0.00000    0.00000    9    diag,B
   49      0.986D-05      0.762D-05    -10807.19615355   7540.701962    0.00000    0.00000    0.00000    0    orth

 Final alpha occupancy:   9   6   5   2   4   2   2   0
 Final beta  occupancy:   9   4   4   2   4   2   2   0

 !RHF STATE 1.3 Energy               -10807.1961535467    
 Nuclear energy                         0.00000000
 One-electron energy               -14577.54713432
 Two-electron energy                 3770.35098077
 Virial quotient                       -1.00000415
 !RHF STATE 1.3 Dipole moment           0.00000000     0.00000000     0.00000000
 Dipole moment /Debye                   0.00000000     0.00000000     0.00000000

 ELECTRON ORBITALS
 =================


   Orb  Occ    Energy  Couls-En    Coefficients

                                   1 1s      1 1s      1 1s      1 1s      1 1s      1 1s      1 1s      1 1s      1 1s      1 1s   
                                   1 1s      1 1s      1 1s      1 1s      1 1s      1 1s      1 1s      1 1s      1 1s      1 1s   
                                   1 1s      1 1s      1 1s      1 1s      1 1s      1 1s      1 1s      1 1s      1 1s      1 1s   
                                   1 1s      1 1s      1 1s      1 1s      1 1s      1 1s      1 1s      1 1s      1 3d0     1 3d2+ 
                                   1 3d0     1 3d2+    1 3d0     1 3d2+    1 3d0     1 3d2+    1 3d0     1 3d2+    1 3d0     1 3d2+ 
                                   1 3d0     1 3d2+    1 3d0     1 3d2+    1 3d0     1 3d2+    1 3d0     1 3d2+    1 3d0     1 3d2+ 
                                   1 3d0     1 3d2+    1 3d0     1 3d2+    1 3d0     1 3d2+    1 3d0     1 3d2+    1 3d0     1 3d2+ 
                                   1 3d0     1 3d2+    1 3d0     1 3d2+    1 3d0     1 3d2+    1 3d0     1 3d2+    1 3d0     1 3d2+ 
                                   1 3d0     1 3d2+    1 3d0     1 3d2+    1 3d0     1 3d2+    1 5g0     1 5g4+    1 5g2+    1 5g0  
                                   1 5g4+    1 5g2+    1 5g0     1 5g4+    1 5g2+    1 5g0     1 5g4+    1 5g2+    1 5g0     1 5g4+ 
                                   1 5g2+    1 5g0     1 5g4+    1 5g2+    1 5g0     1 5g4+    1 5g2+    1 5g0     1 5g4+    1 5g2+ 
                                   1 5g0     1 5g4+    1 5g2+ 

   1.1   2 -1752.0249-3799.8339  0.000003  0.000001  0.000039  0.000256  0.000983  0.002934  0.008898  0.024314  0.068183  0.157922
                                 0.316624  0.363272  0.155897  0.060288 -0.008213  0.006878 -0.027038 -0.030486 -0.018350  0.015442
                                 0.017728 -0.002119 -0.005716 -0.003680 -0.001402  0.028718  0.046748 -0.007684 -0.074078  0.030363
                                 0.034048 -0.025230  0.002932  0.006673  0.002103  0.000063 -0.000022  0.000005  0.000000 -0.000000
                                 0.000000 -0.000000  0.000000 -0.000000  0.000001 -0.000000  0.000000 -0.000000  0.000000  0.000000
                                -0.000000  0.000000 -0.000001  0.000001  0.000001 -0.000000 -0.000000  0.000000 -0.000000  0.000000
                                -0.000000  0.000000  0.000001 -0.000000  0.000002 -0.000001 -0.000002  0.000001  0.000000 -0.000000
                                 0.000000 -0.000000  0.000000 -0.000000 -0.000000  0.000000  0.000000 -0.000000 -0.000000  0.000000
                                 0.000000 -0.000000 -0.000000  0.000000  0.000000 -0.000000  0.000000 -0.000000  0.000000 -0.000000
                                 0.000000 -0.000000  0.000000 -0.000000  0.000000 -0.000000  0.000000 -0.000000  0.000000 -0.000000
                                 0.000000 -0.000000  0.000000 -0.000000  0.000000 -0.000000  0.000000 -0.000000  0.000000 -0.000000
                                 0.000000 -0.000000  0.000000

   2.1   2  -287.4897 -796.7401 -0.000001 -0.000000 -0.000013 -0.000084 -0.000325 -0.000964 -0.002972 -0.008126 -0.023977 -0.054495
                                -0.121571 -0.168389  0.058863  0.618968  0.513087  0.080228 -0.083105 -0.043338 -0.018466  0.013282
                                 0.013797 -0.001534 -0.003989 -0.002548 -0.000966 -0.019472 -0.062835 -0.114216 -0.064037  0.073915
                                 0.041500 -0.020056  0.002067  0.004635  0.001450  0.000043 -0.000015  0.000003  0.000000 -0.000000
                                 0.000000 -0.000000  0.000001 -0.000000  0.000003 -0.000002  0.000024 -0.000011  0.000070 -0.000033
                                 0.000026 -0.000013 -0.000040  0.000017  0.000028 -0.000012 -0.000003  0.000001 -0.000002  0.000001
                                -0.000000  0.000000  0.000006 -0.000002  0.000055 -0.000024 -0.000054  0.000023  0.000003 -0.000001
                                 0.000001 -0.000000  0.000000 -0.000000 -0.000000  0.000000  0.000000 -0.000000 -0.000000  0.000000
                                 0.000000 -0.000000 -0.000000  0.000000  0.000000 -0.000000  0.000000  0.000000  0.000000  0.000001
                                 0.000000  0.000000 -0.000001 -0.000000 -0.000000  0.000000  0.000000  0.000000 -0.000000 -0.000000
                                -0.000000  0.000000  0.000000  0.000000 -0.000000 -0.000000 -0.000000  0.000000  0.000000  0.000000
                                -0.000000 -0.000000 -0.000000

   3.1   2   -69.1282 -287.4225  0.000000  0.000000  0.000006  0.000039  0.000150  0.000443  0.001380  0.003737  0.011272  0.023620
                                 0.050040  0.058746 -0.101779 -0.690530 -0.516561  0.717299  0.651994  0.077068 -0.016821  0.028039
                                 0.041274 -0.005734 -0.016638 -0.010891 -0.004193  0.012738  0.047031  0.112314  0.219252 -0.036007
                                -0.013437 -0.056133  0.008363  0.019610  0.006281  0.000190 -0.000067  0.000014  0.000000 -0.000000
                                 0.000002 -0.000001  0.000020 -0.000009  0.000100 -0.000047  0.000373 -0.000177  0.000869 -0.000413
                                 0.001526 -0.000720  0.001991 -0.000942 -0.000499  0.000235  0.000029 -0.000013  0.000028 -0.000013
                                 0.000003 -0.000002  0.000085 -0.000047 -0.001034  0.000486  0.001097 -0.000515 -0.000042  0.000020
                                -0.000011  0.000005 -0.000003  0.000001  0.000002 -0.000001 -0.000001  0.000001  0.000001 -0.000000
                                -0.000000  0.000000  0.000000 -0.000000 -0.000000  0.000000 -0.000092 -0.000005 -0.000066  0.000111
                                 0.000006  0.000079 -0.000065 -0.000003 -0.000046  0.000046  0.000002  0.000033 -0.000030 -0.000001
                                -0.000021  0.000018  0.000001  0.000013 -0.000011 -0.000001 -0.000008  0.000005  0.000000  0.000004
                                -0.000002 -0.000000 -0.000001

   4.1   2   -50.9312 -264.7993  0.000000  0.000000  0.000000  0.000000  0.000000  0.000001  0.000004  0.000010  0.000030  0.000061
                                 0.000124  0.000127 -0.000343 -0.002099 -0.001359  0.002459  0.000979 -0.000692 -0.000566  0.000549
                                 0.000670 -0.000085 -0.000237 -0.000154 -0.000059  0.000038  0.000143  0.000354  0.000776  0.000394
                                 0.000978 -0.000938  0.000120  0.000278  0.000089  0.000003 -0.000001  0.000000 -0.000009  0.000036
                                -0.000209  0.000831 -0.001688  0.006700 -0.008526  0.033847 -0.033207  0.131822 -0.079916  0.317246
                                -0.117285  0.465562 -0.100717  0.399632  0.019304 -0.076147 -0.002391  0.009585 -0.001365  0.005432
                                -0.000153  0.000609  0.019171 -0.076078  0.058904 -0.233444 -0.051838  0.205356  0.001931 -0.007657
                                 0.000498 -0.001979  0.000126 -0.000501 -0.000105  0.000418  0.000068 -0.000270 -0.000039  0.000154
                                 0.000014 -0.000056 -0.000006  0.000024  0.000002 -0.000007 -0.000002 -0.000335  0.000245  0.000113
                                 0.000236 -0.000447 -0.000019 -0.000181  0.000167  0.000031  0.000126 -0.000163 -0.000018 -0.000082
                                 0.000099  0.000011  0.000051 -0.000062 -0.000007 -0.000029  0.000036  0.000003  0.000015 -0.000018
                                -0.000001 -0.000005  0.000006

   5.1   2   -50.9901 -264.8554  0.000000  0.000000  0.000000  0.000000  0.000000  0.000001  0.000004  0.000012  0.000036  0.000074
                                 0.000151  0.000156 -0.000414 -0.002541 -0.001651  0.002979  0.001247 -0.000828 -0.000668  0.000653
                                 0.000794 -0.000100 -0.000281 -0.000182 -0.000070  0.000046  0.000172  0.000428  0.000935  0.000425
                                 0.001151 -0.001111  0.000142  0.000329  0.000105  0.000003 -0.000001  0.000000 -0.000036 -0.000009
                                -0.000831 -0.000209 -0.006698 -0.001687 -0.033836 -0.008521 -0.131768 -0.033186 -0.317128 -0.079869
                                -0.465633 -0.117262 -0.400403 -0.100793  0.077263  0.019337 -0.009390 -0.002389 -0.005414 -0.001367
                                -0.000607 -0.000153  0.076036  0.019143  0.234396  0.058935 -0.206548 -0.051911  0.007697  0.001936
                                 0.001981  0.000499  0.000499  0.000126 -0.000417 -0.000105  0.000269  0.000068 -0.000153 -0.000039
                                 0.000055  0.000014 -0.000024 -0.000006  0.000007  0.000002 -0.000379  0.000100 -0.000164  0.000471
                                -0.000056 -0.000068 -0.000234  0.000052 -0.000062  0.000196 -0.000034  0.000013 -0.000123  0.000022
                                -0.000012  0.000076 -0.000014  0.000007 -0.000044  0.000008 -0.000004  0.000022 -0.000004  0.000002
                                -0.000007  0.000001 -0.000001

   6.1   2   -18.2313 -127.8742 -0.000000 -0.000000 -0.000003 -0.000019 -0.000073 -0.000216 -0.000674 -0.001826 -0.005513 -0.011606
                                -0.024803 -0.029800  0.051806  0.382180  0.327252 -0.696064 -1.218140  0.419950  0.313822  0.080935
                                 0.045362 -0.004924 -0.014096 -0.009198 -0.003539 -0.006219 -0.023147 -0.056380 -0.115906  0.576514
                                 0.602447 -0.061590  0.007126  0.016580  0.005301  0.000160 -0.000056  0.000012 -0.000000  0.000000
                                -0.000005  0.000002 -0.000043  0.000020 -0.000217  0.000101 -0.000862  0.000401 -0.002040  0.000948
                                -0.003313  0.001535 -0.004748  0.002206  0.015385 -0.007135  0.004181 -0.001933  0.000868 -0.000404
                                 0.000094 -0.000044  0.001007 -0.000456  0.009165 -0.004256 -0.010805  0.004986 -0.000903  0.000415
                                -0.000292  0.000135 -0.000079  0.000036  0.000066 -0.000031 -0.000043  0.000020  0.000025 -0.000011
                                -0.000009  0.000004  0.000004 -0.000002 -0.000001  0.000000 -0.000088 -0.000004 -0.000068 -0.000295
                                -0.000014 -0.000224  0.000139  0.000007  0.000108 -0.000060 -0.000003 -0.000043  0.000047  0.000002
                                 0.000035 -0.000030 -0.000001 -0.000022  0.000018  0.000001  0.000013 -0.000009 -0.000000 -0.000007
                                 0.000003  0.000000  0.000002

   7.1   2   -10.8632 -110.7209 -0.000000 -0.000000 -0.000000 -0.000000 -0.000001 -0.000002 -0.000006 -0.000015 -0.000045 -0.000093
                                -0.000194 -0.000214  0.000502  0.003391  0.002660 -0.006277 -0.009146  0.002491  0.004443  0.002122
                                 0.000333  0.000005  0.000026  0.000020  0.000009 -0.000055 -0.000209 -0.000522 -0.001150  0.004840
                                 0.003245 -0.000285 -0.000010 -0.000034 -0.000013 -0.000000  0.000000 -0.000000  0.000006 -0.000017
                                 0.000130 -0.000397  0.001067 -0.003258  0.005390 -0.016457  0.021639 -0.066068  0.051917 -0.158511
                                 0.078226 -0.238809  0.082416 -0.251533 -0.298732  0.910462 -0.123215  0.375928 -0.024127  0.073773
                                -0.002034  0.006209 -0.032772  0.100136 -0.184973  0.564437  0.219222 -0.668598 -0.007973  0.025131
                                 0.004379 -0.013188  0.001716 -0.005240 -0.001458  0.004453  0.000955 -0.002916 -0.000548  0.001672
                                 0.000199 -0.000607 -0.000085  0.000258  0.000024 -0.000073  0.000118 -0.000626  0.000079 -0.000093
                                -0.000963  0.000906  0.000336 -0.000495 -0.000526  0.000036 -0.000046 -0.000061  0.000062 -0.000019
                                -0.000150 -0.000034  0.000011  0.000081  0.000020 -0.000006 -0.000048 -0.000010  0.000003  0.000024
                                 0.000003 -0.000001 -0.000008

   8.1   2   -10.9144 -110.8490  0.000000  0.000000  0.000000  0.000000  0.000001  0.000002  0.000006  0.000016  0.000049  0.000100
                                 0.000208  0.000230 -0.000535 -0.003619 -0.002843  0.006693  0.009851 -0.002732 -0.004648 -0.002302
                                -0.000412 -0.000010 -0.000030 -0.000023 -0.000010  0.000059  0.000223  0.000557  0.001225 -0.005237
                                -0.003424  0.000303  0.000012  0.000039  0.000014  0.000000 -0.000000  0.000000 -0.000017 -0.000006
                                -0.000397 -0.000130 -0.003257 -0.001068 -0.016455 -0.005397 -0.066059 -0.021665 -0.158490 -0.051979
                                -0.238947 -0.078357 -0.252238 -0.082695  0.914324  0.299342  0.375842  0.123178  0.073288  0.024070
                                 0.006212  0.002036  0.100005  0.032824  0.565730  0.185438 -0.670794 -0.219763  0.023012  0.007804
                                -0.013602 -0.004402 -0.005239 -0.001718  0.004451  0.001460 -0.002913 -0.000956  0.001671  0.000548
                                -0.000606 -0.000199  0.000258  0.000085 -0.000073 -0.000024  0.000471 -0.000254  0.000565  0.001215
                                -0.000349  0.000476 -0.000005 -0.000231  0.000789 -0.000010 -0.000022  0.000073 -0.000082 -0.000016
                                 0.000100  0.000044  0.000009 -0.000055 -0.000026 -0.000005  0.000033  0.000013  0.000003 -0.000017
                                -0.000004 -0.000001  0.000006

   9.1   2    -5.5757  -60.0380  0.000000  0.000000  0.000001  0.000009  0.000033  0.000098  0.000304  0.000823  0.002482  0.005268
                                 0.011351  0.013987 -0.022582 -0.174955 -0.158633  0.376497  0.711454 -0.359531 -0.562853  0.472500
                                 1.099880  0.201149  0.250754  0.152977  0.056940  0.002745  0.010192  0.024792  0.050768 -0.360363
                                -0.626399 -0.091777 -0.141295 -0.283028 -0.085664 -0.002536  0.000885 -0.000190  0.000000 -0.000000
                                 0.000004 -0.000002  0.000031 -0.000014  0.000155 -0.000071  0.000623 -0.000287  0.001476 -0.000680
                                 0.002422 -0.001112  0.003652 -0.001665 -0.014976  0.006836 -0.000896  0.000378  0.004675 -0.002107
                                 0.000480 -0.000215 -0.001076  0.000484 -0.008557  0.003906  0.010557 -0.004772  0.008406 -0.003833
                                 0.005715 -0.002581 -0.000076  0.000035  0.000041 -0.000019 -0.000018  0.000009  0.000008 -0.000004
                                -0.000002  0.000001  0.000001 -0.000000 -0.000000  0.000000  0.000133  0.000006  0.000113  0.000153
                                 0.000010  0.000126 -0.000509 -0.000017 -0.000393 -0.000286 -0.000009 -0.000228 -0.000090 -0.000003
                                -0.000067  0.000019  0.000001  0.000014 -0.000012 -0.000000 -0.000009  0.000006  0.000000  0.000005
                                -0.000002 -0.000000 -0.000002

  10.1   0    -2.7802  -45.6128  0.000000  0.000000  0.000000  0.000000  0.000000  0.000001  0.000002  0.000005  0.000017  0.000035
                                 0.000073  0.000085 -0.000171 -0.001226 -0.001026  0.002519  0.004073 -0.002967 -0.004460 -0.001440
                                 0.012797  0.011259  0.001970  0.001583  0.000651  0.000019  0.000073  0.000181  0.000391 -0.002084
                                 0.000480 -0.012004  0.000654 -0.002673 -0.000968 -0.000030  0.000011 -0.000002 -0.000002  0.000007
                                -0.000038  0.000157 -0.000309  0.001287 -0.001565  0.006529 -0.006293  0.026252 -0.015184  0.063341
                                -0.021756  0.090747 -0.013688  0.056985  0.084996 -0.354146  0.047352 -0.196822 -0.003494  0.014731
                                -0.084422  0.350998  0.008056 -0.033594  0.042923 -0.178899 -0.045809  0.190620 -0.051897  0.216271
                                -0.138945  0.577810  0.003765 -0.015704 -0.007854  0.032697  0.005294 -0.022038 -0.003058  0.012730
                                 0.001113 -0.004631 -0.000473  0.001967  0.000134 -0.000558 -0.000079  0.000236  0.000018  0.000081
                                 0.000258 -0.000451 -0.000032 -0.000481  0.000512 -0.000178 -0.001078  0.001235 -0.000289 -0.000758
                                 0.001138 -0.000068 -0.000208  0.000248 -0.000013  0.000004  0.000035  0.000006 -0.000006 -0.000014
                                -0.000002  0.000002  0.000005

  11.1   0    -2.8026  -45.8034 -0.000000 -0.000000 -0.000000 -0.000000 -0.000000 -0.000001 -0.000003 -0.000007 -0.000022 -0.000046
                                -0.000097 -0.000113  0.000224  0.001617  0.001362 -0.003335 -0.005487  0.004017  0.005823  0.001412
                                -0.016974 -0.013987 -0.002858 -0.002202 -0.000895 -0.000026 -0.000096 -0.000238 -0.000512  0.002816
                                -0.000365  0.015417 -0.000470  0.003767  0.001332  0.000041 -0.000015  0.000003  0.000007  0.000002
                                 0.000158  0.000038  0.001291  0.000311  0.006550  0.001580  0.026338  0.006351  0.063540  0.015323
                                 0.091241  0.022001  0.058621  0.014108 -0.359863 -0.086680 -0.196775 -0.047285  0.018975  0.004608
                                 0.344544  0.082815 -0.033983 -0.008192 -0.182328 -0.043930  0.195842  0.047111  0.219772  0.052944
                                 0.579067  0.139214 -0.017471 -0.004211  0.032900  0.007918 -0.022082 -0.005314  0.012738  0.003065
                                -0.004631 -0.001114  0.001966  0.000473 -0.000558 -0.000134 -0.000129  0.000079 -0.000243 -0.000488
                                 0.000060  0.000031  0.000671 -0.000132  0.000146  0.001668 -0.000286  0.000276  0.001415 -0.000185
                                -0.000012  0.000345 -0.000053  0.000032  0.000022  0.000003 -0.000026 -0.000005 -0.000003  0.000014
                                 0.000002  0.000001 -0.000005

                                   1 2px     1 2px     1 2px     1 2px     1 2px     1 2px     1 2px     1 2px     1 2px     1 2px  
                                   1 2px     1 2px     1 2px     1 2px     1 2px     1 2px     1 2px     1 2px     1 2px     1 2px  
                                   1 2px     1 2px     1 2px     1 2px     1 2px     1 2px     1 2px     1 2px     1 2px     1 2px  
                                   1 2px     1 2px     1 2px     1 2px     1 2px     1 2px     1 2px     1 4f1+    1 4f3+    1 4f1+ 
                                   1 4f3+    1 4f1+    1 4f3+    1 4f1+    1 4f3+    1 4f1+    1 4f3+    1 4f1+    1 4f3+    1 4f1+ 
                                   1 4f3+    1 4f1+    1 4f3+    1 4f1+    1 4f3+    1 4f1+    1 4f3+    1 4f1+    1 4f3+    1 4f1+ 
                                   1 4f3+    1 4f1+    1 4f3+    1 4f1+    1 4f3+    1 6h1+    1 6h3+    1 6h5+    1 6h1+    1 6h3+ 
                                   1 6h5+    1 6h1+    1 6h3+    1 6h5+ 

   1.2   2  -273.2223 -781.8876  0.000000  0.000000  0.000000  0.000001  0.000001  0.000011  0.000023  0.000125  0.000246  0.001625
                                 0.000795  0.008497  0.031193  0.105186  0.279656  0.428727  0.278252  0.040340 -0.011639 -0.036573
                                -0.013882 -0.005947 -0.000954  0.000478 -0.000320  0.000317  0.000072  0.008660  0.034591  0.019149
                                 0.004633  0.003684 -0.000106 -0.000382  0.000278  0.000028 -0.000005  0.000003 -0.000002  0.000032
                                -0.000015  0.000025 -0.000011 -0.000025  0.000011 -0.000033  0.000015 -0.000003  0.000002  0.000001
                                -0.000001  0.000035 -0.000015  0.000021 -0.000009 -0.000001  0.000000  0.000001 -0.000000 -0.000000
                                 0.000000  0.000000 -0.000000 -0.000000  0.000000  0.000004 -0.000001  0.000000 -0.000001  0.000000
                                -0.000000  0.000000 -0.000000  0.000000

   2.2   2   -62.6755 -279.0746 -0.000000 -0.000000 -0.000000 -0.000000 -0.000001 -0.000005 -0.000012 -0.000058 -0.000126 -0.000775
                                -0.000439 -0.004116 -0.015690 -0.054295 -0.154955 -0.252147 -0.096305  0.286683  0.388281 -0.070793
                                -0.004175  0.001345  0.000326 -0.000180  0.000126 -0.000127  0.134245  0.239217  0.173205  0.013586
                                -0.000597 -0.001032  0.000044  0.000155 -0.000113 -0.000012  0.000002  0.000001 -0.000001  0.000035
                                -0.000016  0.000522 -0.000236  0.000989 -0.000446  0.000656 -0.000290  0.000152 -0.000061 -0.000002
                                 0.000003 -0.000597  0.000268 -0.000311  0.000143  0.000009 -0.000004 -0.000006  0.000003  0.000004
                                -0.000002 -0.000002  0.000001  0.000001 -0.000000  0.000141 -0.000057 -0.000001  0.000022  0.000013
                                 0.000001  0.000006 -0.000005 -0.000000

   3.2   2   -15.5459 -122.0145  0.000000  0.000000  0.000000  0.000000  0.000000  0.000002  0.000006  0.000027  0.000062  0.000367
                                 0.000229  0.001965  0.007629  0.026444  0.076964  0.126580  0.040801 -0.165185 -0.188663  0.513537
                                 0.182434 -0.136146 -0.019683  0.009822 -0.006607  0.006569 -0.108753 -0.283041 -0.008254  0.427527
                                 0.159338  0.080203 -0.002218 -0.007951  0.005795  0.000589 -0.000104  0.000008 -0.000003  0.000128
                                -0.000053  0.000616 -0.000248  0.002325 -0.000981  0.003836 -0.001626  0.001345 -0.000530  0.000170
                                -0.000060  0.002251 -0.000998  0.001154 -0.000501 -0.000042  0.000013  0.000021 -0.000006 -0.000014
                                 0.000004  0.000007 -0.000002 -0.000002  0.000001  0.000321 -0.000236 -0.000007  0.000418 -0.000159
                                -0.000000  0.000104 -0.000009  0.000002

   4.2   2    -4.5793  -55.5722 -0.000000 -0.000000 -0.000000 -0.000000 -0.000000 -0.000001 -0.000003 -0.000012 -0.000027 -0.000159
                                -0.000101 -0.000850 -0.003313 -0.011488 -0.033586 -0.055375 -0.017015  0.075153  0.074324 -0.297515
                                -0.002458  0.317946  0.130418 -0.017982  0.011834 -0.011414  0.052105  0.146369 -0.040171 -0.434110
                                 0.358276  0.408628  0.003784  0.013684 -0.009925 -0.001002  0.000177 -0.000000 -0.000001  0.000008
                                -0.000025  0.000094 -0.000176  0.000247 -0.000460  0.001991 -0.001346  0.008403 -0.004040  0.004394
                                -0.002003 -0.001971  0.000813 -0.001237  0.000425 -0.001429  0.000650  0.000876 -0.000397 -0.000596
                                 0.000270  0.000310 -0.000140 -0.000102  0.000046  0.000070  0.000098  0.000010  0.000007 -0.000176
                                -0.000007 -0.000041 -0.000216 -0.000014

   5.2   +    -5.4412  -93.6029  0.000000  0.000000  0.000000  0.000000  0.000000  0.000000  0.000000  0.000000  0.000000  0.000000
                                 0.000000  0.000002  0.000009  0.000030  0.000088  0.000145  0.000043 -0.000185 -0.000206  0.000858
                                 0.001305  0.000516  0.000300 -0.000010  0.000005 -0.000004 -0.000127 -0.000350 -0.000417 -0.000659
                                 0.002145  0.001622  0.000001  0.000004 -0.000003 -0.000000  0.000000  0.000058  0.001064  0.000987
                                 0.018125  0.006342  0.116403  0.017084  0.313554  0.022001  0.404462  0.016082  0.297916  0.003364
                                 0.062680  0.002423  0.044372  0.004291  0.079282 -0.001085 -0.020270  0.000597  0.011170 -0.000397
                                -0.007431  0.000205  0.003827 -0.000067 -0.001252  0.000385 -0.000128 -0.000664  0.000465 -0.000251
                                -0.000732  0.000176 -0.000158 -0.000286

   6.2   +    -5.5501  -93.9944  0.000000  0.000000  0.000000  0.000000  0.000000  0.000000  0.000000  0.000000  0.000000  0.000002
                                 0.000001  0.000009  0.000037  0.000127  0.000371  0.000612  0.000187 -0.000794 -0.000891  0.003258
                                 0.003211  0.000330  0.000409  0.000026 -0.000021  0.000023 -0.000554 -0.001506 -0.000776  0.000071
                                 0.004591  0.003135 -0.000008 -0.000029  0.000021  0.000002 -0.000000 -0.001069  0.000058 -0.018190
                                 0.000984 -0.116906  0.006323 -0.314839  0.017028 -0.404230  0.021898 -0.292434  0.015972 -0.058724
                                 0.003230 -0.046106  0.002486 -0.081839  0.004454  0.019029 -0.001049 -0.010403  0.000574  0.006908
                                -0.000382 -0.003555  0.000196  0.001163 -0.000064 -0.001936 -0.000120  0.000003 -0.002217 -0.000211
                                 0.000008 -0.000860 -0.000116  0.000005

   7.2   0    -1.8447  -27.7192 -0.000000 -0.000000 -0.000000 -0.000000 -0.000000 -0.000000 -0.000001 -0.000006 -0.000013 -0.000077
                                -0.000050 -0.000412 -0.001616 -0.005592 -0.016388 -0.026958 -0.008702  0.031628  0.028083 -0.206272
                                -0.032596  0.043552 -0.450994 -0.904453 -0.036229 -0.053911  0.027851  0.081492  0.014823 -0.198021
                                 0.363463  0.691846  0.019549  0.068347 -0.050606 -0.005215  0.000924 -0.000004  0.000002 -0.000059
                                 0.000028 -0.000369  0.000179 -0.000945  0.000462 -0.000181  0.000094  0.003898 -0.001765  0.002672
                                -0.001342 -0.001102  0.000507 -0.001014  0.000466 -0.002280  0.000882  0.000203 -0.000129 -0.000349
                                 0.000168  0.000192 -0.000091 -0.000064  0.000030 -0.000076  0.000048  0.000001  0.000200 -0.000106
                                -0.000002  0.000276 -0.000076  0.000004

   8.2   0    -1.5746  -30.5682  0.000000  0.000000  0.000000  0.000000  0.000000  0.000000  0.000000  0.000000  0.000000  0.000001
                                 0.000001  0.000005  0.000020  0.000068  0.000200  0.000329  0.000105 -0.000361 -0.000285  0.002703
                                 0.000668 -0.001163 -0.002651  0.002583  0.001055 -0.000074 -0.000342 -0.001039 -0.000523  0.001612
                                -0.000740 -0.003534  0.000006  0.000054 -0.000025 -0.000001  0.000000 -0.000320 -0.000019 -0.005095
                                -0.000303 -0.034421 -0.002043 -0.079572 -0.004738 -0.025658 -0.001680  0.094487  0.005226  0.400076
                                 0.023280 -0.042987 -0.002496 -0.112257 -0.006561  0.484427  0.028606  0.236638  0.013911 -0.058935
                                -0.003441  0.029067  0.001696 -0.009230 -0.000538 -0.000492  0.000012  0.000018 -0.000101 -0.000015
                                 0.000005  0.001772 -0.000439 -0.000036

                                   1 2py     1 2py     1 2py     1 2py     1 2py     1 2py     1 2py     1 2py     1 2py     1 2py  
                                   1 2py     1 2py     1 2py     1 2py     1 2py     1 2py     1 2py     1 2py     1 2py     1 2py  
                                   1 2py     1 2py     1 2py     1 2py     1 2py     1 2py     1 2py     1 2py     1 2py     1 2py  
                                   1 2py     1 2py     1 2py     1 2py     1 2py     1 2py     1 2py     1 4f1-    1 4f3-    1 4f1- 
                                   1 4f3-    1 4f1-    1 4f3-    1 4f1-    1 4f3-    1 4f1-    1 4f3-    1 4f1-    1 4f3-    1 4f1- 
                                   1 4f3-    1 4f1-    1 4f3-    1 4f1-    1 4f3-    1 4f1-    1 4f3-    1 4f1-    1 4f3-    1 4f1- 
                                   1 4f3-    1 4f1-    1 4f3-    1 4f1-    1 4f3-    1 6h1-    1 6h3-    1 6h5-    1 6h1-    1 6h3- 
                                   1 6h5-    1 6h1-    1 6h3-    1 6h5- 

   1.3   2  -273.2344 -781.8973  0.000000  0.000000  0.000000  0.000001  0.000001  0.000011  0.000023  0.000125  0.000246  0.001624
                                 0.000795  0.008496  0.031191  0.105182  0.279643  0.428708  0.278262  0.040363 -0.011638 -0.036561
                                -0.013877 -0.005945 -0.000954  0.000478 -0.000320  0.000317  0.000093  0.008655  0.034578  0.019143
                                 0.004631  0.003683 -0.000106 -0.000382  0.000278  0.000028 -0.000005  0.000003 -0.000002  0.000027
                                -0.000014  0.000020 -0.000011 -0.000026  0.000010 -0.000033  0.000014 -0.000004  0.000002  0.000001
                                -0.000001  0.000033 -0.000015  0.000020 -0.000009 -0.000001  0.000000  0.000001 -0.000000 -0.000000
                                 0.000000  0.000000 -0.000000 -0.000000  0.000000  0.000001 -0.000000  0.000000 -0.000000  0.000000
                                -0.000000  0.000000 -0.000000  0.000000

   2.3   2   -62.7270 -279.1150 -0.000000 -0.000000 -0.000000 -0.000000 -0.000001 -0.000005 -0.000012 -0.000058 -0.000126 -0.000775
                                -0.000439 -0.004116 -0.015686 -0.054283 -0.154917 -0.252082 -0.096327  0.286475  0.388574 -0.071131
                                -0.004232  0.001343  0.000325 -0.000180  0.000125 -0.000127  0.134099  0.239208  0.173566  0.013597
                                -0.000601 -0.001029  0.000043  0.000155 -0.000113 -0.000012  0.000002  0.000001 -0.000000  0.000020
                                -0.000015  0.000396 -0.000228  0.000736 -0.000424  0.000441 -0.000265  0.000054 -0.000045 -0.000018
                                 0.000006 -0.000588  0.000258 -0.000306  0.000142  0.000013 -0.000005 -0.000008  0.000003  0.000005
                                -0.000002 -0.000003  0.000001  0.000001 -0.000000 -0.000019 -0.000046 -0.000001  0.000029  0.000014
                                 0.000001 -0.000006 -0.000005 -0.000000

   3.3   2   -15.6049 -122.1138  0.000000  0.000000  0.000000  0.000000  0.000000  0.000002  0.000006  0.000027  0.000063  0.000367
                                 0.000229  0.001966  0.007633  0.026458  0.077003  0.126645  0.040839 -0.165196 -0.189449  0.516107
                                 0.180221 -0.135340 -0.019568  0.009766 -0.006569  0.006531 -0.108688 -0.283229 -0.009321  0.429391
                                 0.158047  0.079739 -0.002205 -0.007906  0.005761  0.000586 -0.000104  0.000002 -0.000003  0.000039
                                -0.000043  0.000046 -0.000189  0.000629 -0.000821  0.001652 -0.001399  0.000078 -0.000372 -0.000025
                                -0.000024  0.001850 -0.000945  0.000607 -0.000457  0.000014  0.000001 -0.000009  0.000000  0.000006
                                -0.000000 -0.000003  0.000000  0.000001 -0.000000 -0.000195 -0.000207 -0.000009 -0.000042 -0.000127
                                -0.000002  0.000032 -0.000003  0.000002

   4.3   2    -4.6082  -55.7349  0.000000  0.000000  0.000000  0.000000  0.000000  0.000001  0.000003  0.000012  0.000027  0.000159
                                 0.000101  0.000853  0.003327  0.011536  0.033723  0.055603  0.017071 -0.075652 -0.075310  0.298611
                                -0.005912 -0.317847 -0.126572  0.017633 -0.011547  0.011126 -0.052196 -0.146748  0.041462  0.443073
                                -0.366420 -0.404606 -0.003686 -0.013333  0.009669  0.000976 -0.000172  0.000003  0.000002  0.000033
                                 0.000034  0.000161  0.000236  0.000412  0.000618 -0.000766  0.001546 -0.006682  0.004114 -0.003608
                                 0.001982  0.001935 -0.000758  0.001230 -0.000355  0.001188 -0.000647 -0.000728  0.000394  0.000496
                                -0.000267 -0.000258  0.000139  0.000085 -0.000046 -0.000175 -0.000099 -0.000011  0.000244  0.000172
                                 0.000007  0.000322  0.000212  0.000014

   5.3   +    -5.4411  -93.6021  0.000000  0.000000  0.000000  0.000000  0.000000  0.000000  0.000000  0.000000  0.000000  0.000000
                                 0.000000  0.000001  0.000005  0.000017  0.000048  0.000080  0.000022 -0.000095 -0.000094  0.000624
                                 0.001404  0.000770  0.000378 -0.000022  0.000013 -0.000011 -0.000066 -0.000193 -0.000540 -0.001203
                                 0.002384  0.001856  0.000003  0.000012 -0.000009 -0.000001  0.000000  0.000046  0.001065  0.000781
                                 0.018135  0.005016  0.116467  0.013510  0.313726  0.017391  0.404686  0.012690  0.298086  0.002656
                                 0.062719  0.001912  0.044395  0.003375  0.079323 -0.000856 -0.020283  0.000471  0.011177 -0.000313
                                -0.007436  0.000161  0.003829 -0.000053 -0.001253  0.000243 -0.000127 -0.000663  0.000292 -0.000251
                                -0.000732  0.000105 -0.000159 -0.000286

   6.3   0    -4.2703  -89.8832 -0.000000 -0.000000 -0.000000 -0.000000 -0.000000 -0.000000 -0.000000 -0.000000 -0.000000 -0.000001
                                -0.000000 -0.000003 -0.000013 -0.000046 -0.000135 -0.000221 -0.000071  0.000312  0.000455 -0.000534
                                -0.001141 -0.000219 -0.000346  0.000002 -0.000002  0.000001  0.000196  0.000444 -0.000116 -0.000094
                                -0.002439 -0.001852 -0.000000 -0.000001  0.000000  0.000000 -0.000000  0.000997 -0.000043  0.017055
                                -0.000728  0.109096 -0.004657  0.297449 -0.012699  0.404334 -0.017292  0.334155 -0.014385  0.096818
                                -0.004174  0.036703 -0.001567  0.064571 -0.002788 -0.028970  0.001252  0.017307 -0.000748 -0.011708
                                 0.000506  0.006080 -0.000263 -0.001997  0.000086  0.000732  0.000130 -0.000008  0.000909  0.000198
                                -0.000012  0.000441  0.000097 -0.000005

   7.3   0    -1.8499  -27.7609 -0.000000 -0.000000 -0.000000 -0.000000 -0.000000 -0.000000 -0.000001 -0.000006 -0.000013 -0.000077
                                -0.000050 -0.000412 -0.001616 -0.005593 -0.016393 -0.026968 -0.008697  0.031745  0.028378 -0.206218
                                -0.028001  0.044848 -0.461608 -0.899086 -0.033148 -0.054538  0.027803  0.081416  0.014237 -0.202165
                                 0.368158  0.687158  0.019693  0.068968 -0.051014 -0.005251  0.000930 -0.000002  0.000002 -0.000031
                                 0.000030 -0.000177  0.000188 -0.000468  0.000488 -0.000206  0.000103  0.002575 -0.001768  0.000723
                                -0.001405 -0.000763  0.000509 -0.000488  0.000470 -0.002541  0.000824 -0.000129 -0.000148 -0.000159
                                 0.000173  0.000093 -0.000094 -0.000032  0.000031  0.000033  0.000041  0.000001 -0.000058 -0.000091
                                -0.000003  0.000028 -0.000055  0.000003

                                   1 3d2-    1 3d2-    1 3d2-    1 3d2-    1 3d2-    1 3d2-    1 3d2-    1 3d2-    1 3d2-    1 3d2- 
                                   1 3d2-    1 3d2-    1 3d2-    1 3d2-    1 3d2-    1 3d2-    1 3d2-    1 3d2-    1 3d2-    1 3d2- 
                                   1 3d2-    1 3d2-    1 3d2-    1 3d2-    1 5g2-    1 5g4-    1 5g2-    1 5g4-    1 5g2-    1 5g4- 
                                   1 5g2-    1 5g4-    1 5g2-    1 5g4-    1 5g2-    1 5g4-    1 5g2-    1 5g4-    1 5g2-    1 5g4- 
                                   1 5g2-    1 5g4- 

   1.4   2   -50.9341 -264.8019  0.000037  0.000857  0.006910  0.034904  0.135937  0.327151  0.480111  0.412166 -0.078606  0.009870
                                 0.005600  0.000628 -0.078452 -0.240803  0.211853 -0.007898 -0.002041 -0.000516  0.000431 -0.000279
                                 0.000159 -0.000057  0.000024 -0.000007  0.000311 -0.000352 -0.000415  0.000243  0.000192 -0.000190
                                -0.000167  0.000130  0.000104 -0.000085 -0.000064  0.000053  0.000037 -0.000030 -0.000019  0.000015
                                 0.000006 -0.000005

   2.4   2   -10.8666 -110.7281 -0.000018 -0.000418 -0.003428 -0.017318 -0.069527 -0.166809 -0.251323 -0.264760  0.958456  0.395609
                                 0.077597  0.006534  0.105366  0.594096 -0.703783  0.026274 -0.013912 -0.005514  0.004686 -0.003068
                                 0.001760 -0.000638  0.000272 -0.000077  0.000350 -0.000680  0.001098 -0.001030 -0.000123 -0.000551
                                -0.000022 -0.000051 -0.000095 -0.000024  0.000051  0.000013 -0.000030 -0.000008  0.000015  0.000004
                                -0.000005 -0.000001

   3.4   0    -2.7813  -45.6222  0.000007  0.000161  0.001324  0.006715  0.027001  0.065148  0.093348  0.058687 -0.364499 -0.202446
                                 0.015352  0.360709 -0.034566 -0.184151  0.196304  0.222610  0.594389 -0.016243  0.033643 -0.022671
                                 0.013094 -0.004764  0.002023 -0.000574 -0.000082  0.000250 -0.000437  0.000265  0.000567 -0.000500
                                 0.001337 -0.001120  0.001125 -0.000782  0.000259 -0.000215  0.000024  0.000005 -0.000008 -0.000007
                                 0.000003  0.000002

   4.4   0    -1.4324  -23.6199 -0.000004 -0.000086 -0.000700 -0.003572 -0.014294 -0.034809 -0.045541  0.005880  0.124965  0.137621
                                 0.077889 -0.015425  0.009214  0.030860 -0.002407 -0.217518 -0.535246  0.857274  0.175972  0.097243
                                -0.046621  0.016345 -0.006841  0.001923  0.000051 -0.000132  0.000216 -0.000117 -0.000474  0.000374
                                -0.000868  0.000722 -0.000367  0.000415  0.000855 -0.000338  0.000769 -0.000427  0.000065 -0.000030
                                 0.000002 -0.000004

                                   1 2pz     1 2pz     1 2pz     1 2pz     1 2pz     1 2pz     1 2pz     1 2pz     1 2pz     1 2pz  
                                   1 2pz     1 2pz     1 2pz     1 2pz     1 2pz     1 2pz     1 2pz     1 2pz     1 2pz     1 2pz  
                                   1 2pz     1 2pz     1 2pz     1 2pz     1 2pz     1 2pz     1 2pz     1 2pz     1 2pz     1 2pz  
                                   1 2pz     1 2pz     1 2pz     1 2pz     1 2pz     1 2pz     1 2pz     1 4f0     1 4f2+    1 4f0  
                                   1 4f2+    1 4f0     1 4f2+    1 4f0     1 4f2+    1 4f0     1 4f2+    1 4f0     1 4f2+    1 4f0  
                                   1 4f2+    1 4f0     1 4f2+    1 4f0     1 4f2+    1 4f0     1 4f2+    1 4f0     1 4f2+    1 4f0  
                                   1 4f2+    1 4f0     1 4f2+    1 4f0     1 4f2+    1 6h2+    1 6h4+    1 6h0     1 6h2+    1 6h4+ 
                                   1 6h0     1 6h2+    1 6h4+    1 6h0  

   1.5   2  -273.2505 -781.9102  0.000000  0.000000  0.000000  0.000001  0.000001  0.000011  0.000023  0.000125  0.000246  0.001624
                                 0.000795  0.008496  0.031190  0.105176  0.279626  0.428683  0.278275  0.040394 -0.011635 -0.036546
                                -0.013871 -0.005942 -0.000954  0.000478 -0.000320  0.000316  0.000120  0.008648  0.034560  0.019134
                                 0.004630  0.003681 -0.000106 -0.000382  0.000278  0.000028 -0.000005  0.000004 -0.000001  0.000032
                                -0.000014  0.000024 -0.000010 -0.000020  0.000014 -0.000029  0.000017 -0.000004  0.000002  0.000001
                                -0.000001  0.000030 -0.000017  0.000018 -0.000010 -0.000001  0.000000  0.000000 -0.000000 -0.000000
                                 0.000000  0.000000 -0.000000 -0.000000  0.000000  0.000003 -0.000000 -0.000003 -0.000001  0.000000
                                 0.000001  0.000000 -0.000000 -0.000000

   2.5   2   -62.7948 -279.1679 -0.000000 -0.000000 -0.000000 -0.000000 -0.000001 -0.000005 -0.000012 -0.000058 -0.000126 -0.000774
                                -0.000439 -0.004114 -0.015682 -0.054267 -0.154866 -0.251997 -0.096356  0.286210  0.388946 -0.071578
                                -0.004313  0.001340  0.000325 -0.000179  0.000125 -0.000127  0.133908  0.239190  0.174056  0.013619
                                -0.000609 -0.001028  0.000043  0.000154 -0.000113 -0.000012  0.000002  0.000001 -0.000001  0.000034
                                -0.000010  0.000489 -0.000201  0.000890 -0.000377  0.000530 -0.000228  0.000065 -0.000028 -0.000018
                                 0.000009 -0.000508  0.000308 -0.000297  0.000159  0.000013 -0.000007 -0.000008  0.000004  0.000006
                                -0.000003 -0.000003  0.000001  0.000001 -0.000000  0.000083 -0.000006 -0.000171  0.000022  0.000001
                                 0.000023  0.000002 -0.000000 -0.000014

   3.5   2   -15.6841 -122.2447  0.000000  0.000000  0.000000  0.000000  0.000000  0.000002  0.000006  0.000027  0.000063  0.000368
                                 0.000229  0.001967  0.007638  0.026476  0.077052  0.126725  0.040889 -0.165213 -0.190462  0.519481
                                 0.177294 -0.134267 -0.019416  0.009691 -0.006519  0.006481 -0.108598 -0.283450 -0.010806  0.431890
                                 0.156294  0.079103 -0.002188 -0.007845  0.005717  0.000581 -0.000103  0.000006 -0.000001  0.000083
                                -0.000018  0.000369 -0.000008  0.001714 -0.000276  0.002894 -0.000781  0.000577 -0.000024 -0.000032
                                 0.000010  0.001953 -0.000947  0.000989 -0.000288  0.000028 -0.000006 -0.000018  0.000003  0.000013
                                -0.000002 -0.000007  0.000001  0.000002 -0.000000  0.000127 -0.000021 -0.000601  0.000240 -0.000017
                                -0.000470  0.000073 -0.000002 -0.000053

   4.5   2    -4.6480  -55.9520 -0.000000 -0.000000 -0.000000 -0.000000 -0.000000 -0.000001 -0.000003 -0.000012 -0.000028 -0.000160
                                -0.000102 -0.000858 -0.003344 -0.011598 -0.033902 -0.055903 -0.017144  0.076319  0.076612 -0.299995
                                 0.017085  0.317686  0.121487 -0.017150  0.011158 -0.010736  0.052311  0.147228 -0.043152 -0.455105
                                 0.377331  0.399129  0.003554  0.012860 -0.009324 -0.000941  0.000166 -0.000007  0.000000 -0.000096
                                -0.000004 -0.000592 -0.000053 -0.001659 -0.000145 -0.000534 -0.000811  0.005920 -0.003627  0.003570
                                -0.001810 -0.001954  0.000926 -0.001509  0.000459 -0.001185  0.000601  0.000728 -0.000366 -0.000496
                                 0.000249  0.000258 -0.000129 -0.000085  0.000042  0.000102  0.000007  0.000190 -0.000097 -0.000008
                                -0.000368 -0.000147 -0.000012 -0.000433

   5.5   0    -4.2573  -89.8241 -0.000000 -0.000000 -0.000000 -0.000000 -0.000000 -0.000000 -0.000000 -0.000000 -0.000000 -0.000001
                                -0.000001 -0.000006 -0.000023 -0.000081 -0.000235 -0.000389 -0.000112  0.000510  0.000430 -0.002835
                                -0.001504  0.000926  0.000373 -0.000080  0.000058 -0.000058  0.000348  0.001054  0.000713 -0.001087
                                 0.000240  0.000744  0.000020  0.000070 -0.000051 -0.000005  0.000001  0.000631  0.000772  0.010788
                                 0.013216  0.069002  0.084529  0.188146  0.230482  0.255919  0.313554  0.211862  0.259749  0.061721
                                 0.075690  0.023075  0.028266  0.040568  0.049738 -0.018429 -0.022604  0.011026  0.013524 -0.007460
                                -0.009151  0.003874  0.004753 -0.001273 -0.001561  0.001059 -0.000500  0.000115  0.001339 -0.000606
                                 0.000128  0.000612 -0.000269  0.000076

   6.5   0    -4.1675  -89.4057 -0.000000 -0.000000 -0.000000 -0.000000 -0.000000 -0.000000 -0.000000 -0.000000 -0.000000 -0.000002
                                -0.000001 -0.000008 -0.000032 -0.000111 -0.000324 -0.000536 -0.000158  0.000722  0.000741 -0.003169
                                -0.002600  0.000444 -0.000083 -0.000064  0.000046 -0.000047  0.000474  0.001333  0.000737 -0.000717
                                -0.002136 -0.001242  0.000016  0.000058 -0.000042 -0.000004  0.000001  0.000768 -0.000627  0.013160
                                -0.010736  0.084115 -0.068618  0.229473 -0.187194  0.313753 -0.255990  0.263530 -0.215168  0.079788
                                -0.065163  0.026913 -0.021950  0.047285 -0.038606 -0.023474  0.019176  0.014198 -0.011598 -0.009618
                                 0.007857  0.004998 -0.004083 -0.001642  0.001342 -0.001018  0.000414  0.001075 -0.001266  0.000511
                                 0.001356 -0.000595  0.000231  0.000684

                                   1 3d1+    1 3d1+    1 3d1+    1 3d1+    1 3d1+    1 3d1+    1 3d1+    1 3d1+    1 3d1+    1 3d1+ 
                                   1 3d1+    1 3d1+    1 3d1+    1 3d1+    1 3d1+    1 3d1+    1 3d1+    1 3d1+    1 3d1+    1 3d1+ 
                                   1 3d1+    1 3d1+    1 3d1+    1 3d1+    1 5g1+    1 5g3+    1 5g1+    1 5g3+    1 5g1+    1 5g3+ 
                                   1 5g1+    1 5g3+    1 5g1+    1 5g3+    1 5g1+    1 5g3+    1 5g1+    1 5g3+    1 5g1+    1 5g3+ 
                                   1 5g1+    1 5g3+ 

   1.6   2   -50.9593 -264.8347  0.000037  0.000857  0.006909  0.034902  0.135925  0.327125  0.480207  0.412685 -0.079464  0.009716
                                 0.005583  0.000626 -0.078454 -0.241531  0.212709 -0.007922 -0.002041 -0.000515  0.000430 -0.000278
                                 0.000158 -0.000057  0.000024 -0.000007  0.001374 -0.000319 -0.000556  0.000221  0.000682 -0.000170
                                -0.000405  0.000118  0.000272 -0.000076 -0.000168  0.000047  0.000097 -0.000027 -0.000049  0.000014
                                 0.000016 -0.000005

   2.6   2   -10.8782 -110.7686 -0.000018 -0.000417 -0.003426 -0.017309 -0.069487 -0.166713 -0.251240 -0.264884  0.960347  0.395630
                                 0.077366  0.006536  0.105192  0.594370 -0.704573  0.025062 -0.014150 -0.005513  0.004683 -0.003066
                                 0.001759 -0.000638  0.000271 -0.000077  0.003189 -0.000622  0.003913 -0.000980  0.003406 -0.000489
                                 0.000317 -0.000044  0.000311 -0.000017 -0.000171  0.000009  0.000102 -0.000006 -0.000051  0.000003
                                 0.000017 -0.000001

   3.6   0    -2.7911  -45.6853 -0.000007 -0.000161 -0.001323 -0.006714 -0.026995 -0.065128 -0.093420 -0.059422  0.366778  0.202551
                                -0.017111 -0.357967  0.034688  0.185511 -0.198661 -0.223988 -0.595183  0.017030 -0.033729  0.022687
                                -0.013097  0.004763 -0.002023  0.000574  0.001251 -0.000226  0.000729 -0.000254 -0.001826  0.000475
                                -0.003994  0.001019 -0.002339  0.000675 -0.000711  0.000176  0.000071 -0.000003 -0.000050  0.000005
                                 0.000018 -0.000002

   4.6   0    -1.4355  -23.6576 -0.000004 -0.000086 -0.000700 -0.003573 -0.014299 -0.034818 -0.045601  0.005524  0.126323  0.137643
                                 0.076613 -0.008899  0.009277  0.031573 -0.003656 -0.218795 -0.535775  0.858486  0.171289  0.097219
                                -0.046797  0.016414 -0.006870  0.001931  0.000642 -0.000120  0.000283 -0.000114 -0.001287  0.000355
                                -0.002584  0.000657 -0.001658  0.000362  0.000190 -0.000233  0.000825 -0.000306  0.000035 -0.000021
                                 0.000016 -0.000003

                                   1 3d1-    1 3d1-    1 3d1-    1 3d1-    1 3d1-    1 3d1-    1 3d1-    1 3d1-    1 3d1-    1 3d1- 
                                   1 3d1-    1 3d1-    1 3d1-    1 3d1-    1 3d1-    1 3d1-    1 3d1-    1 3d1-    1 3d1-    1 3d1- 
                                   1 3d1-    1 3d1-    1 3d1-    1 3d1-    1 5g1-    1 5g3-    1 5g1-    1 5g3-    1 5g1-    1 5g3- 
                                   1 5g1-    1 5g3-    1 5g1-    1 5g3-    1 5g1-    1 5g3-    1 5g1-    1 5g3-    1 5g1-    1 5g3- 
                                   1 5g1-    1 5g3- 

   1.7   2   -50.9739 -264.8652  0.000037  0.000857  0.006910  0.034904  0.135933  0.327145  0.480341  0.413228 -0.080447  0.009536
                                 0.005561  0.000624 -0.078472 -0.242362  0.213635 -0.007940 -0.002039 -0.000512  0.000428 -0.000276
                                 0.000158 -0.000057  0.000024 -0.000007  0.000634 -0.000292 -0.000443  0.000216  0.000340 -0.000158
                                -0.000235  0.000111  0.000153 -0.000072 -0.000095  0.000045  0.000055 -0.000026 -0.000028  0.000013
                                 0.000009 -0.000004

   2.7   2   -10.8704 -110.7796 -0.000018 -0.000417 -0.003423 -0.017292 -0.069423 -0.166558 -0.251022 -0.264711  0.961790  0.395682
                                 0.077219  0.006539  0.104937  0.594185 -0.704808  0.024002 -0.014348 -0.005512  0.004681 -0.003064
                                 0.001758 -0.000638  0.000271 -0.000077  0.001234 -0.000555  0.001929 -0.000904  0.001006 -0.000411
                                 0.000087 -0.000037  0.000040 -0.000009 -0.000023  0.000005  0.000013 -0.000003 -0.000007  0.000002
                                 0.000002 -0.000001

   3.7   0    -2.7968  -45.6991 -0.000007 -0.000161 -0.001320 -0.006698 -0.026932 -0.064971 -0.093265 -0.059847  0.367769  0.202727
                                -0.018006 -0.356527  0.034685  0.186077 -0.200056 -0.224630 -0.595857  0.017454 -0.033767  0.022690
                                -0.013094  0.004762 -0.002022  0.000574  0.000450 -0.000200  0.000513 -0.000243 -0.000956  0.000444
                                -0.002184  0.000951 -0.001510  0.000644 -0.000405  0.000165  0.000008 -0.000002 -0.000012  0.000004
                                 0.000004 -0.000001

   4.7   0    -1.4374  -23.6801 -0.000004 -0.000086 -0.000699 -0.003570 -0.014286 -0.034784 -0.045587  0.005256  0.127232  0.137803
                                 0.075860 -0.005048  0.009299  0.032024 -0.004602 -0.219626 -0.536372  0.859252  0.168447  0.097213
                                -0.046908  0.016457 -0.006888  0.001936  0.000238 -0.000107  0.000230 -0.000110 -0.000719  0.000334
                                -0.001409  0.000614 -0.000772  0.000332  0.000673 -0.000254  0.000808 -0.000310  0.000055 -0.000021
                                 0.000007 -0.000003

                                   1 4f2-    1 4f2-    1 4f2-    1 4f2-    1 4f2-    1 4f2-    1 4f2-    1 4f2-    1 4f2-    1 4f2- 
                                   1 4f2-    1 4f2-    1 4f2-    1 4f2-    1 6h4-    1 6h2-    1 6h4-    1 6h2-    1 6h4-    1 6h2- 


   1.8   0    -4.2257  -89.6713  0.000995  0.017030  0.108902  0.296993  0.404770  0.337052  0.099556  0.035862  0.063110 -0.029584
                                 0.017767 -0.012026  0.006247 -0.002052 -0.000652  0.001504 -0.000795  0.001885 -0.000355  0.000869

   2.8   0    -1.5477  -30.4139 -0.000334 -0.005382 -0.036037 -0.085553 -0.043845  0.060683  0.366177 -0.040496 -0.106443  0.508600
                                 0.255688 -0.058935  0.029223 -0.009262  0.000197 -0.000438  0.000076 -0.000191 -0.000630  0.001328

 HOMO      4.5    -4.648018 =    -126.4790eV
 LUMO      6.3    -4.270284 =    -116.2003eV
 LUMO-HOMO         0.377734 =      10.2787eV


 **********************************************************************************************************************************
 DATASETS  * FILE   NREC   LENGTH (MB)   RECORD NAMES
              1      18       21.41       500      610      700      900      950      970     1000      129      960     1100   
                                          VAR    BASINP    GEOM    SYMINP    ZMAT    AOBASIS   BASIS     P2S    ABASIS      S 
                                         1400     1410     1200     1210     1080     1600     1650     1700   
                                           T        V       H0       H01     AOSYM     SMH    MOLCAS    OPER   

              2       5        6.41       200      700     1000      520     4202   
                                        OPTIONS   GEOM     BASIS   MCVARS     RHF  

 PROGRAMS   *        TOTAL       RHF       INT
 CPU TIMES  *       467.16     12.34    454.35
 REAL TIME  *       482.78 SEC
 DISK USED  *        11.28 GB      
 SF USED    *         0.14 MB      
 GA USED    *         0.00 MB       (max)       0.00 MB       (current)
 **********************************************************************************************************************************


 PROGRAM * POP (Mulliken population analysis)

 
 Density matrix read from record         4202.2  Type=RHF/CHARGE (state 1.3)
 
 Population analysis by basis function type

 Unique atom        s        p        d        f        g    Total    Charge
   1  GD      9.99933 23.99915 20.00042  3.00083  0.00025 57.00000  + 7.00000


 **********************************************************************************************************************************
 DATASETS  * FILE   NREC   LENGTH (MB)   RECORD NAMES
              1      18       21.41       500      610      700      900      950      970     1000      129      960     1100   
                                          VAR    BASINP    GEOM    SYMINP    ZMAT    AOBASIS   BASIS     P2S    ABASIS      S 
                                         1400     1410     1200     1210     1080     1600     1650     1700   
                                           T        V       H0       H01     AOSYM     SMH    MOLCAS    OPER   

              2       5        6.41       200      700     1000      520     4202   
                                        OPTIONS   GEOM     BASIS   MCVARS     RHF  

 PROGRAMS   *        TOTAL       POP       RHF       INT
 CPU TIMES  *       467.16      0.00     12.34    454.35
 REAL TIME  *       482.80 SEC
 DISK USED  *        11.28 GB      
 SF USED    *         0.14 MB      
 GA USED    *         0.00 MB       (max)       0.00 MB       (current)
 **********************************************************************************************************************************


 PROGRAM * RHF-SCF (OPEN SHELL)       Authors: W. Meyer, H.-J. Werner


 NUMBER OF ELECTRONS:      30+   27-    SPACE SYMMETRY=3    SPIN SYMMETRY: Quartet 
 CONVERGENCE THRESHOLDS:    1.00E-05 (Density)    1.14E-07 (Energy)
 MAX. NUMBER OF ITERATIONS:        0
 INTERPOLATION TYPE:            DIIS
 INTERPOLATION STEPS:              2 (START)      1 (STEP)
 LEVEL SHIFTS:                 -0.60 (CLOSED) -0.30 (OPEN) 

 Number of closed-shell orbitals:   27 (   9   4   4   2   4   2   2   0 )
 Number of open-shell orbitals:      3 (   0   2   1   0   0   0   0   0 )


 Molecular orbitals read from record     4202.2  Type=RHF/CANONICAL (state 1.3)

 Molecular orbital dump at record        2121.2

 ITERATION    DDIFF          GRAD             ENERGY        2-EL.EN.            DIPOLE MOMENTS         DIIS   ORB.
    1      0.000D+00      0.000D+00    -10807.19615355   7540.701962    0.00000    0.00000    0.00000    0    start

 Final alpha occupancy:   9   6   5   2   4   2   2   0
 Final beta  occupancy:   9   4   4   2   4   2   2   0

 !RHF STATE 1.3 Energy               -10807.1961535467    
 Nuclear energy                         0.00000000
 One-electron energy               -14577.54713432
 Two-electron energy                 3770.35098077
 Virial quotient                       -1.00000415
 !RHF STATE 1.3 Dipole moment           0.00000000     0.00000000     0.00000000
 Dipole moment /Debye                   0.00000000     0.00000000     0.00000000

 Orbital energies:

         1.1          2.1          3.1          4.1          5.1          6.1          7.1          8.1          9.1         10.1
  -1752.024889  -287.489702   -69.128152   -50.931162   -50.990101   -18.231277   -10.863228   -10.914354    -5.575727    -2.780188

        11.1
     -2.802631

         1.2          2.2          3.2          4.2          5.2          6.2          7.2          8.2
   -273.222342   -62.675451   -15.545850    -4.579311    -5.441245    -5.550104    -1.844681    -1.574646

         1.3          2.3          3.3          4.3          5.3          6.3          7.3
   -273.234430   -62.726985   -15.604855    -4.608195    -5.441067    -4.270284    -1.849914

         1.4          2.4          3.4          4.4
    -50.934143   -10.866588    -2.781275    -1.432423

         1.5          2.5          3.5          4.5          5.5          6.5
   -273.250532   -62.794750   -15.684131    -4.648018    -4.257272    -4.167531

         1.6          2.6          3.6          4.6
    -50.959251   -10.878200    -2.791116    -1.435506

         1.7          2.7          3.7          4.7
    -50.973938   -10.870450    -2.796837    -1.437412

         1.8          2.8
     -4.225700    -1.547712

 HOMO      4.5    -4.648018 =    -126.4790eV
 LUMO      6.3    -4.270284 =    -116.2003eV
 LUMO-HOMO         0.377734 =      10.2787eV


 **********************************************************************************************************************************
 DATASETS  * FILE   NREC   LENGTH (MB)   RECORD NAMES
              1      18       21.41       500      610      700      900      950      970     1000      129      960     1100   
                                          VAR    BASINP    GEOM    SYMINP    ZMAT    AOBASIS   BASIS     P2S    ABASIS      S 
                                         1400     1410     1200     1210     1080     1600     1650     1700   
                                           T        V       H0       H01     AOSYM     SMH    MOLCAS    OPER   

              2       6       10.32       200      700     1000      520     4202     2121   
                                        OPTIONS   GEOM     BASIS   MCVARS     RHF      RHF  

 PROGRAMS   *        TOTAL       RHF       POP       RHF       INT
 CPU TIMES  *       467.43      0.27      0.00     12.34    454.35
 REAL TIME  *       483.18 SEC
 DISK USED  *        11.28 GB      
 SF USED    *         0.14 MB      
 GA USED    *         0.00 MB       (max)       0.00 MB       (current)
 **********************************************************************************************************************************
 SETTING SCF(11)        =    -10807.19615355  AU                              
 Output type csv         
                                                                                                                                                                                                                                                                

          SCF
        0.00000
        0.00000
        0.00000
        0.00000
        0.00000
        0.00000
        0.00000
        0.00000
        0.00000
        0.00000
   -10807.19615
                                                  

 RHF/USERDEF energy= -10807.196153546669

        RHF-SCF         RHF-SCF 
 -10807.19615355 -10807.19615355
 **********************************************************************************************************************************
 Molpro calculation terminated
 Variable memory released
