
 Primary working directories    : /global/cscratch1/sd/haihan
 Secondary working directories  : /global/cscratch1/sd/haihan
 Wavefunction directory         : /global/homes/h/haihan/Research/ECP/f_group_element_ecps/Gd/Molpro/atom/AE/nr_basis/wfu/
 Main file repository           : /global/cscratch1/sd/haihan/

 SHA1      : 19cd028119e0e09f93f0674bd8af7968d9b3eff6
 NAME      : 2015.1.36
 ARCHNAME  : linux/x86_64
 FC        : /opt/cray/pe/craype/2.5.14/bin/ftn
 BLASLIB   : -L/opt/intel/compilers_and_libraries_2018.1.163/linux/mkl/lib/intel64 -Wl,-_start-group -lmkl_intel_ilp64 -lmkl_intel_thread -lmkl_core -Wl,-_end-group -liomp5
 id        : lbl

 Nodes     nprocs
 nid12978     5
 Number of processes for MPI-2 version of Molpro:   nprocs(total)=    6   nprocs(compute)=    5   nprocs(helper)=    1

 Using customized tuning parameters: mindgm=7; mindgv=16; mindgc=1; mindgr=1; noblas=0; minvec=7
 default implementation of scratch files=sf  

 ***,Calculation for Gd atom, singlet and triplet
 memory,2,g
 
 gthresh,twoint=1.e-15
 gthresh,oneint=1.e-15
 
 
 geometry={
 1
 Gd
 Gd  0.0 0.0 0.0
 }
 
 basis={
 Including file /global/u2/h/haihan/Research/ECP/f_group_element_ecps/Gd/Molpro/atom/AE/nr_basis/16/../aug-cc-pwCVTZ.basis
 }
 
 
 
 Including file /global/u2/h/haihan/Research/ECP/f_group_element_ecps/Gd/Molpro/atom/AE/nr_basis/16/../Gd_states_ae.proc
 
 
 do i=16,16
     if (i.eq.1) then
         Id1f7s2
     else if (i.eq.2) then
         Id2f7s1
     else if (i.eq.3) then
         EAd2f7s2
     else if (i.eq.4) then
         IId1f7s1
     else if (i.eq.5) then
         IIdf7s2
     else if (i.eq.6) then
         IIId1f7
     else if (i.eq.7) then
         IVdf7
     else if (i.eq.8) then
         Vdf6
     else if (i.eq.9) then
         VIdf5
     else if (i.eq.10) then
         VIIdf4
     else if (i.eq.11) then
         VIIIdf3
     else if (i.eq.12) then
         IXdf2
     else if (i.eq.13) then
         Xdf1
     else if (i.eq.14) then
         XIdf
     else if (i.eq.15) then
         XIIp4
     else if (i.eq.16) then
         XIIIp3
     endif
     scf(i)=energy
                                                                                 !_CC_NORM_MAX=2.0
                                                                                 !{rccsd(t),maxit=100;core}
                                                                                 !ccsd(i)=energy
 enddo
 
 table,scf,                                                                      !ccsd
 type,csv
 save

 Variables initialized (889), CPU time= 0.00 sec
 Commands  initialized (702), CPU time= 0.01 sec, 572 directives.
 Default parameters read. Elapsed time= 0.48 sec

 Checking input...
 Passed
1


                                         ***  PROGRAM SYSTEM MOLPRO  ***
                                       Copyright, TTI GmbH Stuttgart, 2015
                                    Version 2015.1 linked Dec 29 2018 15:55:43


 **********************************************************************************************************************************
 LABEL *   Calculation for Gd atom, singlet and triplet                                  
  64 bit mpp version                                                                     DATE: 03-Nov-22          TIME: 21:55:59  
 **********************************************************************************************************************************

 SHA1:             19cd028119e0e09f93f0674bd8af7968d9b3eff6
 **********************************************************************************************************************************

 THRESHOLDS:

 ZERO    =  1.00D-12  ONEINT  =  1.00D-12  TWOINT  =  1.00D-15  PREFAC  =  1.00D-14  LOCALI  =  1.00D-09  EORDER  =  1.00D-04
 ENERGY  =  0.00D+00  ETEST   =  0.00D+00  EDENS   =  0.00D+00  THRDEDEF=  1.00D-06  GRADIENT=  1.00D-02  STEP    =  1.00D-03
 ORBITAL =  1.00D-05  CIVEC   =  1.00D-05  COEFF   =  1.00D-04  PRINTCI =  5.00D-02  PUNCHCI =  9.90D+01  OPTGRAD =  3.00D-04
 OPTENERG=  1.00D-06  OPTSTEP =  3.00D-04  THRGRAD =  1.00D-10  COMPRESS=  1.00D-11  VARMIN  =  1.00D-07  VARMAX  =  1.00D-03
 THRDOUB =  0.00D+00  THRDIV  =  1.00D-05  THRRED  =  1.00D-07  THRPSP  =  1.00D+00  THRDC   =  1.00D-10  THRCS   =  1.00D-10
 THRNRM  =  1.00D-08  THREQ   =  0.00D+00  THRDE   =  1.00D+00  THRREF  =  1.00D-05  SPARFAC =  1.00D+00  THRDLP  =  1.00D-07
 THRDIA  =  1.00D-10  THRDLS  =  1.00D-07  THRGPS  =  0.00D+00  THRKEX  =  0.00D+00  THRDIS  =  2.00D-01  THRVAR  =  1.00D-10
 THRLOC  =  1.00D-06  THRGAP  =  1.00D-06  THRLOCT = -1.00D+00  THRGAPT = -1.00D+00  THRORB  =  1.00D-06  THRMLTP =  0.00D+00
 THRCPQCI=  1.00D-10  KEXTA   =  0.00D+00  THRCOARS=  0.00D+00  SYMTOL  =  1.00D-06  GRADTOL =  1.00D-06  THROVL  =  1.00D-08
 THRORTH =  1.00D-08  GRID    =  1.00D-06  GRIDMAX =  1.00D-03  DTMAX   =  0.00D+00  THROCCDE=  1.00D-01  THROCCDE=  1.00D-01



 THRESHOLDS:

 ZERO    =  1.00D-12  ONEINT  =  1.00D-15  TWOINT  =  1.00D-15  PREFAC  =  1.00D-14  LOCALI  =  1.00D-09  EORDER  =  1.00D-04
 ENERGY  =  0.00D+00  ETEST   =  0.00D+00  EDENS   =  0.00D+00  THRDEDEF=  1.00D-06  GRADIENT=  1.00D-02  STEP    =  1.00D-03
 ORBITAL =  1.00D-05  CIVEC   =  1.00D-05  COEFF   =  1.00D-04  PRINTCI =  5.00D-02  PUNCHCI =  9.90D+01  OPTGRAD =  3.00D-04
 OPTENERG=  1.00D-06  OPTSTEP =  3.00D-04  THRGRAD =  1.00D-10  COMPRESS=  1.00D-11  VARMIN  =  1.00D-07  VARMAX  =  1.00D-03
 THRDOUB =  0.00D+00  THRDIV  =  1.00D-05  THRRED  =  1.00D-07  THRPSP  =  1.00D+00  THRDC   =  1.00D-10  THRCS   =  1.00D-10
 THRNRM  =  1.00D-08  THREQ   =  0.00D+00  THRDE   =  1.00D+00  THRREF  =  1.00D-05  SPARFAC =  1.00D+00  THRDLP  =  1.00D-07
 THRDIA  =  1.00D-10  THRDLS  =  1.00D-07  THRGPS  =  0.00D+00  THRKEX  =  0.00D+00  THRDIS  =  2.00D-01  THRVAR  =  1.00D-10
 THRLOC  =  1.00D-06  THRGAP  =  1.00D-06  THRLOCT = -1.00D+00  THRGAPT = -1.00D+00  THRORB  =  1.00D-06  THRMLTP =  0.00D+00
 THRCPQCI=  1.00D-10  KEXTA   =  0.00D+00  THRCOARS=  0.00D+00  SYMTOL  =  1.00D-06  GRADTOL =  1.00D-06  THROVL  =  1.00D-08
 THRORTH =  1.00D-08  GRID    =  1.00D-06  GRIDMAX =  1.00D-03  DTMAX   =  0.00D+00  THROCCDE=  1.00D-01  THROCCDE=  1.00D-01



Geometry recognized as XYZ


 Variable memory set to 2000000000 words,  buffer space   230000 words

 SETTING BASIS          =    USERDEF

 DO I                   =        16.00000000   

 Running procedure=XIIIP3


 Recomputing integrals since basis changed


 Using spherical harmonics



 PROGRAM * SEWARD (Integral evaluation for generally contracted gaussian basis sets)     Author: Roland Lindh, 1990

 Geometry written to block  1 of record 700

 Orientation using atomic masses  
 Molecule type: Atom
 Symmetry elements: X,Y,Z
 Rotational constants:       0.0000000      0.0000000      0.0000000 GHz  (calculated with average atomic masses)

 Point group  D2h 



 ATOMIC COORDINATES

 NR  ATOM    CHARGE       X              Y              Z

   1  GD     64.00    0.000000000    0.000000000    0.000000000

 NUCLEAR CHARGE:                   64
 NUMBER OF PRIMITIVE AOS:         414
 NUMBER OF SYMMETRY AOS:          325
 NUMBER OF CONTRACTIONS:          325   (  76Ag  +  54B3u +  54B2u +  24B1g +  54B1u +  24B2g +  24B3g +  15Au  )
 NUMBER OF CORE ORBITALS:          23   (   8Ag  +   3B3u +   3B2u +   2B1g +   3B1u +   2B2g +   2B3g +   0Au  )
 NUMBER OF VALENCE ORBITALS:       17   (   4Ag  +   3B3u +   3B2u +   1B1g +   3B1u +   1B2g +   1B3g +   1Au  )


 NUCLEAR REPULSION ENERGY    0.00000000

 EXTRA SYMMETRY OF AOS IN SYMMETRY 1:   1 1 1 1 1 1 1 1 1 1   1 1 1 1 1 1 1 1 1 1   1 1 1 1 1 1 1 1 1 1   1 1 2 3 2 3 2 3 2 3
                                        2 3 2 3 2 3 2 3 2 3   2 3 2 3 2 3 2 3 2 3   2 3 2 3 4 5 6 4 5 6   4 5 6 4 5 6
 EXTRA SYMMETRY OF AOS IN SYMMETRY 2:   1 1 1 1 1 1 1 1 1 1   1 1 1 1 1 1 1 1 1 1   1 1 1 1 1 2 3 2 3 2   3 2 3 2 3 2 3 2 3 2
                                        3 2 3 2 3 2 3 2 3 2   3 4 5 6
 EXTRA SYMMETRY OF AOS IN SYMMETRY 3:   1 1 1 1 1 1 1 1 1 1   1 1 1 1 1 1 1 1 1 1   1 1 1 1 1 2 3 2 3 2   3 2 3 2 3 2 3 2 3 2
                                        3 2 3 2 3 2 3 2 3 2   3 4 5 6
 EXTRA SYMMETRY OF AOS IN SYMMETRY 4:   1 1 1 1 1 1 1 1 1 1   1 1 1 1 1 1 2 3 2 3   2 3 2 3
 EXTRA SYMMETRY OF AOS IN SYMMETRY 5:   1 1 1 1 1 1 1 1 1 1   1 1 1 1 1 1 1 1 1 1   1 1 1 1 1 2 3 2 3 2   3 2 3 2 3 2 3 2 3 2
                                        3 2 3 2 3 2 3 2 3 2   3 4 5 6
 EXTRA SYMMETRY OF AOS IN SYMMETRY 6:   1 1 1 1 1 1 1 1 1 1   1 1 1 1 1 1 2 3 2 3   2 3 2 3
 EXTRA SYMMETRY OF AOS IN SYMMETRY 7:   1 1 1 1 1 1 1 1 1 1   1 1 1 1 1 1 2 3 2 3   2 3 2 3
 EXTRA SYMMETRY OF AOS IN SYMMETRY 8:   1 1 1 1 1 1 1 1 1 1   1 1 1 2 3

 Eigenvalues of metric

         1 0.174E-07 0.170E-05 0.261E-04 0.729E-04 0.180E-03 0.394E-03 0.729E-03 0.126E-02
         2 0.126E-04 0.938E-04 0.938E-04 0.388E-03 0.125E-02 0.125E-02 0.137E-02 0.320E-02
         3 0.126E-04 0.938E-04 0.938E-04 0.388E-03 0.125E-02 0.125E-02 0.137E-02 0.320E-02
         4 0.184E-02 0.680E-02 0.180E-01 0.396E-01 0.757E-01 0.134E+00 0.224E+00 0.352E+00
         5 0.126E-04 0.938E-04 0.938E-04 0.388E-03 0.125E-02 0.125E-02 0.137E-02 0.320E-02
         6 0.184E-02 0.680E-02 0.180E-01 0.396E-01 0.757E-01 0.134E+00 0.224E+00 0.352E+00
         7 0.184E-02 0.680E-02 0.180E-01 0.396E-01 0.757E-01 0.134E+00 0.224E+00 0.352E+00
         8 0.938E-04 0.125E-02 0.170E-01 0.623E-01 0.116E+00 0.257E+00 0.404E+00 0.708E+00


 Contracted 2-electron integrals neglected if value below      1.0D-15
 AO integral compression algorithm  1   Integral accuracy      1.0D-15

     1349.255 MB (compressed) written to integral file ( 50.7%)

     Node minimum: 177.996 MB, node maximum: 339.739 MB


 NUMBER OF SORTED TWO-ELECTRON INTEGRALS:   36275361.     BUFFER LENGTH:  32768
 NUMBER OF SEGMENTS:   2  SEGMENT LENGTH:   31997589      RECORD LENGTH: 524288

 Memory used in sort:      32.55 MW

 SORT1 READ   332410225. AND WROTE    22817081. INTEGRALS IN     66 RECORDS. CPU TIME:     6.46 SEC, REAL TIME:     6.87 SEC
 SORT2 READ   113207958. AND WROTE   181127203. INTEGRALS IN   4840 RECORDS. CPU TIME:     0.62 SEC, REAL TIME:     1.15 SEC

 Node minimum:    36211389.  Node maximum:    36275361. integrals
