
 Primary working directories    : /global/cscratch1/sd/aannabe
 Secondary working directories  : /global/cscratch1/sd/aannabe
 Wavefunction directory         : /global/homes/a/aannabe/wfu/
 Main file repository           : /global/cscratch1/sd/aannabe/

 SHA1      : 19cd028119e0e09f93f0674bd8af7968d9b3eff6
 NAME      : 2015.1.36
 ARCHNAME  : linux/x86_64
 FC        : /opt/cray/pe/craype/2.5.14/bin/ftn
 BLASLIB   : -L/opt/intel/compilers_and_libraries_2018.1.163/linux/mkl/lib/intel64 -Wl,-_start-group -lmkl_intel_ilp64 -lmkl_intel_thread -lmkl_core -Wl,-_end-group -liomp5
 id        : lbl

 Nodes     nprocs
 nid00857    11
 Number of processes for MPI-2 version of Molpro:   nprocs(total)=   12   nprocs(compute)=   11   nprocs(helper)=    1

 Using customized tuning parameters: mindgm=7; mindgv=16; mindgc=1; mindgr=1; noblas=0; minvec=7
 default implementation of scratch files=sf  

 ***,atomic
 memory,1,g
 
 gthresh,twoint=1.e-15
 gthresh,oneint=1.e-15
 
 angstrom
 geometry={
 1
 Tb  0.0 0.0 0.0
 }
 
 basis={
 Including file /global/homes/a/aannabe/docs/Tb_project/ccECP/basis_sets/Tb_aug-cc-pwCVTZ.basis
 }
 
 set,dkroll=1,dkho=99,dkhp=2
 
 Including file /global/u1/a/aannabe/docs/Tb_project/ccECP/atoms/AE/core/states.proc
 Including file /global/homes/a/aannabe/docs/Tb_project/ccECP/basis_sets/Tb_con-cc-pVDZ.basis
 Including file /global/homes/a/aannabe/docs/Tb_project/ccECP/basis_sets/Tb_aug-cc-pwCVTZ.basis
 Including file /global/homes/a/aannabe/docs/Tb_project/ccECP/basis_sets/Tb_con-cc-pVDZ.basis
 Including file /global/homes/a/aannabe/docs/Tb_project/ccECP/basis_sets/Tb_aug-cc-pwCVTZ.basis
 Including file /global/homes/a/aannabe/docs/Tb_project/ccECP/basis_sets/Tb_con-cc-pVDZ.basis
 Including file /global/homes/a/aannabe/docs/Tb_project/ccECP/basis_sets/Tb_aug-cc-pwCVTZ.basis
 Including file /global/homes/a/aannabe/docs/Tb_project/ccECP/basis_sets/Tb_con-cc-pVDZ.basis
 Including file /global/homes/a/aannabe/docs/Tb_project/ccECP/basis_sets/Tb_aug-cc-pwCVTZ.basis
 
 do i=16,16
    if (i.eq.1) then
       GS_5s2_5p6_6s2_4f9
    else if (i.eq.2) then
       EX_5s2_5p6_6s2_4f8_5d1
    else if (i.eq.3) then
       EX_5s2_5p6_6s1_4f8_5d2
    else if (i.eq.4) then
       EX_5s2_5p6_6s2_4f8_6p1
    else if (i.eq.5) then
       IP1_5s2_5p6_6s1_4f9
    else if (i.eq.6) then
       IP1_5s2_5p6_6s1_4f8_5d
    else if (i.eq.7) then
       IP1_5s2_5p6_6s2_4f8
    else if (i.eq.8) then
       IP2_5s2_5p6_4f9
    else if (i.eq.9) then
       IP2_5s2_5p6_4f8_5d1
    else if (i.eq.10) then
       IP2_5s2_5p6_6s1_4f8
    else if (i.eq.11) then
       IP3_5s2_5p6_4f8
    else if (i.eq.12) then
       IP3_5s2_5p6_4f7_5d1
    else if (i.eq.13) then
       IP3_5s2_5p6_6s1_4f7
    else if (i.eq.14) then
       IP4_5s2_5p6_4f7
    else if (i.eq.15) then
       IP7_5s2_5p3_4f7
    else if (i.eq.16) then
       AE_core
    end if
    scf(i)=energy
    pop
    _CC_NORM_MAX=2.0
    {uccsd(t),shifts=0.2,shiftp=0.2,thrdis=1.0;diis,1,1,15,1;maxit,100;core;
    THRESH,ENERGY=5.e-6,COEFF=1e-3
    }
    ccsd(i)=energy
 enddo
 
 table,scf,ccsd
 save, 3.csv, new
 

 Variables initialized (889), CPU time= 0.01 sec
 Commands  initialized (702), CPU time= 0.01 sec, 572 directives.
 Default parameters read. Elapsed time= 0.14 sec

 Checking input...
 Passed
1


                                         ***  PROGRAM SYSTEM MOLPRO  ***
                                       Copyright, TTI GmbH Stuttgart, 2015
                                    Version 2015.1 linked Dec 29 2018 15:55:43


 **********************************************************************************************************************************
 LABEL *   atomic                                                                        
  64 bit mpp version                                                                     DATE: 07-Feb-22          TIME: 11:06:30  
 **********************************************************************************************************************************

 SHA1:             19cd028119e0e09f93f0674bd8af7968d9b3eff6
 **********************************************************************************************************************************

 THRESHOLDS:

 ZERO    =  1.00D-12  ONEINT  =  1.00D-12  TWOINT  =  1.00D-15  PREFAC  =  1.00D-14  LOCALI  =  1.00D-09  EORDER  =  1.00D-04
 ENERGY  =  0.00D+00  ETEST   =  0.00D+00  EDENS   =  0.00D+00  THRDEDEF=  1.00D-06  GRADIENT=  1.00D-02  STEP    =  1.00D-03
 ORBITAL =  1.00D-05  CIVEC   =  1.00D-05  COEFF   =  1.00D-04  PRINTCI =  5.00D-02  PUNCHCI =  9.90D+01  OPTGRAD =  3.00D-04
 OPTENERG=  1.00D-06  OPTSTEP =  3.00D-04  THRGRAD =  1.00D-10  COMPRESS=  1.00D-11  VARMIN  =  1.00D-07  VARMAX  =  1.00D-03
 THRDOUB =  0.00D+00  THRDIV  =  1.00D-05  THRRED  =  1.00D-07  THRPSP  =  1.00D+00  THRDC   =  1.00D-10  THRCS   =  1.00D-10
 THRNRM  =  1.00D-08  THREQ   =  0.00D+00  THRDE   =  1.00D+00  THRREF  =  1.00D-05  SPARFAC =  1.00D+00  THRDLP  =  1.00D-07
 THRDIA  =  1.00D-10  THRDLS  =  1.00D-07  THRGPS  =  0.00D+00  THRKEX  =  0.00D+00  THRDIS  =  2.00D-01  THRVAR  =  1.00D-10
 THRLOC  =  1.00D-06  THRGAP  =  1.00D-06  THRLOCT = -1.00D+00  THRGAPT = -1.00D+00  THRORB  =  1.00D-06  THRMLTP =  0.00D+00
 THRCPQCI=  1.00D-10  KEXTA   =  0.00D+00  THRCOARS=  0.00D+00  SYMTOL  =  1.00D-06  GRADTOL =  1.00D-06  THROVL  =  1.00D-08
 THRORTH =  1.00D-08  GRID    =  1.00D-06  GRIDMAX =  1.00D-03  DTMAX   =  0.00D+00  THROCCDE=  1.00D-01  THROCCDE=  1.00D-01



 THRESHOLDS:

 ZERO    =  1.00D-12  ONEINT  =  1.00D-15  TWOINT  =  1.00D-15  PREFAC  =  1.00D-14  LOCALI  =  1.00D-09  EORDER  =  1.00D-04
 ENERGY  =  0.00D+00  ETEST   =  0.00D+00  EDENS   =  0.00D+00  THRDEDEF=  1.00D-06  GRADIENT=  1.00D-02  STEP    =  1.00D-03
 ORBITAL =  1.00D-05  CIVEC   =  1.00D-05  COEFF   =  1.00D-04  PRINTCI =  5.00D-02  PUNCHCI =  9.90D+01  OPTGRAD =  3.00D-04
 OPTENERG=  1.00D-06  OPTSTEP =  3.00D-04  THRGRAD =  1.00D-10  COMPRESS=  1.00D-11  VARMIN  =  1.00D-07  VARMAX  =  1.00D-03
 THRDOUB =  0.00D+00  THRDIV  =  1.00D-05  THRRED  =  1.00D-07  THRPSP  =  1.00D+00  THRDC   =  1.00D-10  THRCS   =  1.00D-10
 THRNRM  =  1.00D-08  THREQ   =  0.00D+00  THRDE   =  1.00D+00  THRREF  =  1.00D-05  SPARFAC =  1.00D+00  THRDLP  =  1.00D-07
 THRDIA  =  1.00D-10  THRDLS  =  1.00D-07  THRGPS  =  0.00D+00  THRKEX  =  0.00D+00  THRDIS  =  2.00D-01  THRVAR  =  1.00D-10
 THRLOC  =  1.00D-06  THRGAP  =  1.00D-06  THRLOCT = -1.00D+00  THRGAPT = -1.00D+00  THRORB  =  1.00D-06  THRMLTP =  0.00D+00
 THRCPQCI=  1.00D-10  KEXTA   =  0.00D+00  THRCOARS=  0.00D+00  SYMTOL  =  1.00D-06  GRADTOL =  1.00D-06  THROVL  =  1.00D-08
 THRORTH =  1.00D-08  GRID    =  1.00D-06  GRIDMAX =  1.00D-03  DTMAX   =  0.00D+00  THROCCDE=  1.00D-01  THROCCDE=  1.00D-01


 ZUNIT=ANG
 

Geometry recognized as XYZ


 Variable memory set to 1000000000 words,  buffer space   230000 words

 SETTING BASIS          =    USERDEF
 SETTING DKROLL         =         1.00000000                                  
 SETTING DKHO           =        99.00000000                                  
 SETTING DKHP           =         2.00000000                                  

 DO I                   =        16.00000000   

 Running procedure=AE_CORE


 Recomputing integrals since basis changed


 Using spherical harmonics



 PROGRAM * SEWARD (Integral evaluation for generally contracted gaussian basis sets)     Author: Roland Lindh, 1990

 Geometry written to block  1 of record 700

 Orientation using atomic masses  
 Molecule type: Atom
 Symmetry elements: X,Y,Z
 Rotational constants:       0.0000000      0.0000000      0.0000000 GHz  (calculated with average atomic masses)

 Point group  D2h 



 ATOMIC COORDINATES

 NR  ATOM    CHARGE       X              Y              Z

   1  TB     65.00    0.000000000    0.000000000    0.000000000

 NUCLEAR CHARGE:                   65
 NUMBER OF PRIMITIVE AOS:         470
 NUMBER OF SYMMETRY AOS:          361
 NUMBER OF CONTRACTIONS:          361   (  82Ag  +  60B3u +  60B2u +  27B1g +  60B1u +  27B2g +  27B3g +  18Au  )
 NUMBER OF CORE ORBITALS:          23   (   8Ag  +   3B3u +   3B2u +   2B1g +   3B1u +   2B2g +   2B3g +   0Au  )
 NUMBER OF VALENCE ORBITALS:       17   (   4Ag  +   3B3u +   3B2u +   1B1g +   3B1u +   1B2g +   1B3g +   1Au  )


 NUCLEAR REPULSION ENERGY    0.00000000

 One-electron integrals computed with SEWARD

 99nd-order Douglas-Kroll-Hess method activated. Exponential DKH parametrization is used.

 Computing Douglas-Kroll / X2C integrals

 AO integral compression algorithm  1   Integral accuracy      1.0D-15

     1802.240 MB (compressed) written to integral file ( 46.5%)

     Node minimum: 77.595 MB, node maximum: 234.881 MB


 NUMBER OF SORTED TWO-ELECTRON INTEGRALS:   24984912.     BUFFER LENGTH:  32768
 NUMBER OF SEGMENTS:   1  SEGMENT LENGTH:   24984912      RECORD LENGTH: 524288

 Memory used in sort:      25.54 MW

 SORT1 READ   484076335. AND WROTE    14890225. INTEGRALS IN     43 RECORDS. CPU TIME:    11.77 SEC, REAL TIME:    12.30 SEC
 SORT2 READ   163021228. AND WROTE   274384081. INTEGRALS IN   4829 RECORDS. CPU TIME:     0.40 SEC, REAL TIME:     1.27 SEC

 Node minimum:    24848232.  Node maximum:    25142105. integrals

 OPERATOR DM      FOR CENTER  0  COORDINATES:    0.000000    0.000000    0.000000

 EXTRA SYMMETRY OF AOS IN SYMMETRY 1:   1 1 1 1 1 1 1 1 1 1   1 1 1 1 1 1 1 1 1 1   1 1 1 1 1 1 1 1 1 1   1 1 1 2 3 2 3 2 3 2
                                        3 2 3 2 3 2 3 2 3 2   3 2 3 2 3 2 3 2 3 2   3 2 3 2 3 2 3 4 5 6   4 5 6 4 5 6 4 5 6 4
                                        5 6
 EXTRA SYMMETRY OF AOS IN SYMMETRY 2:   1 1 1 1 1 1 1 1 1 1   1 1 1 1 1 1 1 1 1 1   1 1 1 1 1 1 2 3 2 3   2 3 2 3 2 3 2 3 2 3
                                        2 3 2 3 2 3 2 3 2 3   2 3 2 3 4 5 6 4 5 6
 EXTRA SYMMETRY OF AOS IN SYMMETRY 3:   1 1 1 1 1 1 1 1 1 1   1 1 1 1 1 1 1 1 1 1   1 1 1 1 1 1 2 3 2 3   2 3 2 3 2 3 2 3 2 3
                                        2 3 2 3 2 3 2 3 2 3   2 3 2 3 4 5 6 4 5 6
 EXTRA SYMMETRY OF AOS IN SYMMETRY 4:   1 1 1 1 1 1 1 1 1 1   1 1 1 1 1 1 1 2 3 2   3 2 3 2 3 2 3
 EXTRA SYMMETRY OF AOS IN SYMMETRY 5:   1 1 1 1 1 1 1 1 1 1   1 1 1 1 1 1 1 1 1 1   1 1 1 1 1 1 2 3 2 3   2 3 2 3 2 3 2 3 2 3
                                        2 3 2 3 2 3 2 3 2 3   2 3 2 3 4 5 6 4 5 6
 EXTRA SYMMETRY OF AOS IN SYMMETRY 6:   1 1 1 1 1 1 1 1 1 1   1 1 1 1 1 1 1 2 3 2   3 2 3 2 3 2 3
 EXTRA SYMMETRY OF AOS IN SYMMETRY 7:   1 1 1 1 1 1 1 1 1 1   1 1 1 1 1 1 1 2 3 2   3 2 3 2 3 2 3
 EXTRA SYMMETRY OF AOS IN SYMMETRY 8:   1 1 1 1 1 1 1 1 1 1   1 1 1 1 2 3 2 3

 Eigenvalues of metric

         1 0.154E-07 0.147E-05 0.266E-04 0.749E-04 0.181E-03 0.390E-03 0.717E-03 0.122E-02
         2 0.148E-04 0.893E-04 0.893E-04 0.408E-03 0.125E-02 0.125E-02 0.141E-02 0.331E-02
         3 0.148E-04 0.893E-04 0.893E-04 0.408E-03 0.125E-02 0.125E-02 0.141E-02 0.331E-02
         4 0.186E-02 0.687E-02 0.180E-01 0.386E-01 0.694E-01 0.115E+00 0.185E+00 0.289E+00
         5 0.148E-04 0.893E-04 0.893E-04 0.408E-03 0.125E-02 0.125E-02 0.141E-02 0.331E-02
         6 0.186E-02 0.687E-02 0.180E-01 0.386E-01 0.694E-01 0.115E+00 0.185E+00 0.289E+00
         7 0.186E-02 0.687E-02 0.180E-01 0.386E-01 0.694E-01 0.115E+00 0.185E+00 0.289E+00
         8 0.893E-04 0.125E-02 0.174E-01 0.609E-01 0.108E+00 0.212E+00 0.329E+00 0.483E+00


 **********************************************************************************************************************************
 DATASETS  * FILE   NREC   LENGTH (MB)   RECORD NAMES
              1      22       21.35       500      610      700      900      950      970     1000      129      960     1700   
                                          VAR    BASINP    GEOM    SYMINP    ZMAT    AOBASIS   BASIS     P2S    ABASIS    OPER   
                                         1101     1401     1411     1412     1650     1100     1400     1410     1200     1210   
                                          SR      EKINR    POTR     PVPR    MOLCAS      S      EKIN      POT      H0       H01  
                                         1080     1600   
                                         AOSYM     SMH  

 PROGRAMS   *        TOTAL       INT
 CPU TIMES  *        91.51     90.86
 REAL TIME  *        95.91 SEC
 DISK USED  *         3.78 GB      
 GA USED    *         0.00 MB       (max)       0.00 MB       (current)
 **********************************************************************************************************************************


 PROGRAM * RHF-SCF (CLOSED SHELL)       Authors: W. Meyer, H.-J. Werner


 NUMBER OF ELECTRONS:      23+   23-    SPACE SYMMETRY=1    SPIN SYMMETRY: Singlet 
 CONVERGENCE THRESHOLDS:    1.00E-05 (Density)    1.30E-07 (Energy)
 MAX. NUMBER OF ITERATIONS:      100
 INTERPOLATION TYPE:            DIIS
 INTERPOLATION STEPS:              2 (START)      1 (STEP)
 LEVEL SHIFTS:                  0.00 (CLOSED)  0.00 (OPEN) 

 Number of closed-shell orbitals:   23 (   8   3   3   2   3   2   2   0 )


 
 Extra symmetries of mos in symmetry 1:   1   1   1   3   2   3   2   1
 Orbital guess generated from atomic densities. Full valence occupancy:   10   6   6   2   6   2   2   1


 Molecular orbital dump at record        2119.2

 ITERATION    DDIFF          GRAD             ENERGY        2-EL.EN.            DIPOLE MOMENTS         DIIS   ORB.
    1      0.000D+00      0.000D+00    -11576.54662591   6655.435222    0.00000    0.00000    0.00000    0    start
    2      0.000D+00      0.147D+00    -11579.61381406   6854.994675    0.00000    0.00000    0.00000    1    diag
    3      0.243D-01      0.512D-01    -11579.76043550   6814.995438    0.00000    0.00000    0.00000    2    diag
    4      0.575D-02      0.344D-02    -11579.76074560   6814.961462    0.00000    0.00000    0.00000    3    diag
    5      0.123D-02      0.123D-03    -11579.76074733   6815.023027    0.00000    0.00000    0.00000    4    diag
    6      0.139D-03      0.456D-05    -11579.76074733   6815.024676    0.00000    0.00000    0.00000    5    diag
    7      0.472D-05      0.163D-06    -11579.76074733   6815.024720    0.00000    0.00000    0.00000    0    orth

 Final occupancy:   8   3   3   2   3   2   2   0

 !RHF STATE 1.1 Energy               -11579.7607473316    
 Nuclear energy                         0.00000000
 One-electron energy               -14987.27310731
 Two-electron energy                 3407.51235997
 Virial quotient                       -0.77492848
 !RHF STATE 1.1 Dipole moment           0.00000000     0.00000000     0.00000000
 Dipole moment /Debye                   0.00000000     0.00000000     0.00000000

 ELECTRON ORBITALS
 =================


   Orb  Occ    Energy  Couls-En    Coefficients

                                   1 1s      1 1s      1 1s      1 1s      1 1s      1 1s      1 1s      1 1s      1 1s      1 1s   
                                   1 1s      1 1s      1 1s      1 1s      1 1s      1 1s      1 1s      1 1s      1 1s      1 1s   
                                   1 1s      1 1s      1 1s      1 1s      1 1s      1 1s      1 1s      1 1s      1 1s      1 1s   
                                   1 1s      1 1s      1 1s      1 3d0     1 3d2+    1 3d0     1 3d2+    1 3d0     1 3d2+    1 3d0  
                                   1 3d2+    1 3d0     1 3d2+    1 3d0     1 3d2+    1 3d0     1 3d2+    1 3d0     1 3d2+    1 3d0  
                                   1 3d2+    1 3d0     1 3d2+    1 3d0     1 3d2+    1 3d0     1 3d2+    1 3d0     1 3d2+    1 3d0  
                                   1 3d2+    1 3d0     1 3d2+    1 3d0     1 3d2+    1 3d0     1 3d2+    1 5g0     1 5g4+    1 5g2+ 
                                   1 5g0     1 5g4+    1 5g2+    1 5g0     1 5g4+    1 5g2+    1 5g0     1 5g4+    1 5g2+    1 5g0  
                                   1 5g4+    1 5g2+ 

   1.1   2 -1938.3360-4184.9796  0.000372  0.000370  0.001056  0.001565  0.003155  0.005254  0.009597  0.016539  0.029434  0.051305
                                 0.089392  0.148555  0.224678  0.275560  0.230696  0.098375  0.013286  0.000371 -0.000020 -0.000013
                                -0.000142  0.000247 -0.000318  0.000195 -0.000017  0.000004 -0.000001  0.000000 -0.000000  0.000000
                                -0.000000  0.000000 -0.000000 -0.000000  0.000000 -0.000000 -0.000000  0.000000  0.000000  0.000000
                                -0.000000 -0.000000  0.000000  0.000000  0.000000 -0.000000 -0.000000  0.000000  0.000000  0.000000
                                -0.000000  0.000000  0.000000 -0.000000 -0.000000 -0.000000  0.000000 -0.000000 -0.000000  0.000000
                                 0.000000 -0.000000 -0.000000  0.000000 -0.000000 -0.000000  0.000000  0.000000 -0.000000  0.000000
                                -0.000000  0.000000 -0.000000  0.000000 -0.000000  0.000000 -0.000000 -0.000000 -0.000000  0.000000
                                 0.000000 -0.000000

   2.1   2  -340.8826 -908.2494 -0.000135 -0.000135 -0.000385 -0.000572 -0.001156 -0.001933 -0.003554 -0.006186 -0.011173 -0.019928
                                -0.036020 -0.063512 -0.106149 -0.152497 -0.153309 -0.006794  0.318207  0.500005  0.284305  0.045218
                                -0.001212  0.000459  0.002112 -0.001893  0.000117 -0.000065  0.000011 -0.000005  0.000002 -0.000001
                                 0.000001 -0.000000  0.000000 -0.000000 -0.000000  0.000000  0.000000 -0.000000 -0.000000 -0.000000
                                 0.000000 -0.000000 -0.000000 -0.000000 -0.000000  0.000000  0.000000  0.000000  0.000000  0.000000
                                -0.000000 -0.000000 -0.000000 -0.000000 -0.000000 -0.000000  0.000000  0.000000  0.000000 -0.000000
                                -0.000000  0.000000  0.000000 -0.000000  0.000000  0.000000 -0.000000 -0.000000  0.000000  0.000000
                                 0.000000  0.000000  0.000000 -0.000000  0.000000  0.000000  0.000000  0.000000  0.000000 -0.000000
                                -0.000000 -0.000000

   3.1   2   -91.7164 -331.6896  0.000063  0.000063  0.000180  0.000267  0.000539  0.000902  0.001661  0.002894  0.005241  0.009380
                                 0.017059  0.030361  0.051629  0.076252  0.079795 -0.002513 -0.242352 -0.501663 -0.310038  0.459591
                                 0.728540 -0.042560  0.297734 -0.046246  0.019340 -0.000001  0.000133 -0.000047  0.000013 -0.000005
                                 0.000004 -0.000002  0.000000  0.000000 -0.000000  0.000000  0.000000  0.000000  0.000000  0.000000
                                -0.000000  0.000000  0.000000  0.000000 -0.000000  0.000000 -0.000000 -0.000000 -0.000000 -0.000000
                                -0.000000  0.000000  0.000000  0.000000 -0.000000  0.000000  0.000000 -0.000000  0.000000  0.000000
                                 0.000000 -0.000000 -0.000000  0.000000  0.000000 -0.000000 -0.000000 -0.000000 -0.000000 -0.000000
                                 0.000000 -0.000000 -0.000000 -0.000000 -0.000000 -0.000000  0.000000 -0.000000  0.000000 -0.000000
                                 0.000000 -0.000000

   4.1   2   -65.4361 -288.2597  0.000000 -0.000000  0.000000 -0.000000  0.000000  0.000000 -0.000000  0.000000 -0.000000  0.000000
                                -0.000000  0.000000 -0.000000  0.000000 -0.000000  0.000000 -0.000000  0.000000 -0.000000  0.000000
                                -0.000000  0.000000 -0.000000  0.000000 -0.000000  0.000000 -0.000000  0.000000 -0.000000  0.000000
                                -0.000000  0.000000 -0.000000  0.000000  0.000090  0.000000  0.000697  0.000000  0.003996  0.000000
                                 0.017866  0.000001  0.061434  0.000002  0.159939  0.000003  0.296688  0.000004  0.366770  0.000002
                                 0.244260  0.000001  0.065453  0.000000  0.003342  0.000000  0.000231 -0.000000 -0.000090  0.000000
                                 0.000038 -0.000000 -0.000016  0.000000  0.000007 -0.000000 -0.000002 -0.000000 -0.000000 -0.000000
                                -0.000000  0.000000  0.000000  0.000000  0.000000 -0.000000 -0.000000 -0.000000  0.000000  0.000000
                                -0.000000 -0.000000

   5.1   2   -65.4361 -288.2597  0.000000  0.000000  0.000000  0.000000  0.000000  0.000000  0.000000  0.000000  0.000000  0.000000
                                 0.000000  0.000000  0.000000  0.000000  0.000000 -0.000000 -0.000000 -0.000000 -0.000000  0.000000
                                -0.000000 -0.000000 -0.000000  0.000000  0.000000  0.000000 -0.000000  0.000000 -0.000000  0.000000
                                -0.000000  0.000000 -0.000000  0.000090 -0.000000  0.000697 -0.000000  0.003996 -0.000000  0.017866
                                -0.000000  0.061434 -0.000001  0.159939 -0.000002  0.296688 -0.000003  0.366770 -0.000004  0.244260
                                -0.000002  0.065453 -0.000001  0.003342 -0.000000  0.000231 -0.000000 -0.000090  0.000000  0.000038
                                -0.000000 -0.000016  0.000000  0.000007 -0.000000 -0.000002  0.000000 -0.000000 -0.000000 -0.000000
                                 0.000000 -0.000000  0.000000 -0.000000 -0.000000 -0.000000  0.000000 -0.000000 -0.000000 -0.000000
                                 0.000000  0.000000

   6.1   2   -22.7273 -130.4236 -0.000000 -0.000000 -0.000000 -0.000000 -0.000000 -0.000000 -0.000000 -0.000000 -0.000000 -0.000000
                                -0.000000 -0.000000 -0.000000 -0.000000 -0.000000 -0.000000  0.000000  0.000000  0.000000 -0.000000
                                 0.000000 -0.000000  0.000000 -0.000000  0.000000 -0.000000  0.000000 -0.000000  0.000000 -0.000000
                                 0.000000 -0.000000  0.000000 -0.000000 -0.000047 -0.000000 -0.000369 -0.000000 -0.002116 -0.000001
                                -0.009559 -0.000004 -0.033182 -0.000010 -0.088333 -0.000019 -0.162086 -0.000022 -0.184979  0.000001
                                 0.009296  0.000046  0.384512  0.000062  0.526858  0.000021  0.177377 -0.000000 -0.002434  0.000000
                                 0.002108 -0.000000 -0.000868  0.000000  0.000367 -0.000000 -0.000131 -0.000000 -0.000000 -0.000000
                                 0.000000  0.000000  0.000000 -0.000000 -0.000000  0.000000  0.000000  0.000000 -0.000000 -0.000000
                                -0.000000  0.000000

   7.1   2   -22.7273 -130.4236 -0.000000 -0.000000 -0.000000 -0.000000 -0.000000 -0.000000 -0.000000 -0.000000 -0.000000 -0.000000
                                -0.000000 -0.000000 -0.000000 -0.000000 -0.000000 -0.000000  0.000000  0.000000  0.000000 -0.000000
                                 0.000000 -0.000000  0.000000 -0.000000  0.000000 -0.000000 -0.000000  0.000000 -0.000000  0.000000
                                -0.000000  0.000000 -0.000000 -0.000047  0.000000 -0.000369  0.000000 -0.002116  0.000000 -0.009559
                                 0.000001 -0.033182  0.000004 -0.088333  0.000010 -0.162086  0.000019 -0.184979  0.000022  0.009296
                                -0.000001  0.384512 -0.000046  0.526858 -0.000062  0.177377 -0.000021 -0.002434  0.000000  0.002108
                                -0.000000 -0.000868  0.000000  0.000367 -0.000000 -0.000131  0.000000 -0.000000  0.000000  0.000000
                                 0.000000 -0.000000 -0.000000 -0.000000  0.000000  0.000000  0.000000 -0.000000 -0.000000 -0.000000
                                 0.000000  0.000000

   8.1   2   -32.4468 -153.6003 -0.000032 -0.000032 -0.000090 -0.000134 -0.000271 -0.000453 -0.000834 -0.001454 -0.002632 -0.004721
                                -0.008582 -0.015347 -0.026114 -0.039031 -0.040819  0.001353  0.138533  0.299444  0.211750 -0.439492
                                -0.862402 -0.292785  0.487647 -0.470144  1.132728  0.457921  0.000327  0.003245 -0.001178  0.000489
                                -0.000448  0.000207 -0.000044 -0.000000 -0.000000 -0.000000  0.000000 -0.000000 -0.000000 -0.000000
                                 0.000000 -0.000000 -0.000000 -0.000000  0.000000 -0.000000  0.000000 -0.000000 -0.000000  0.000000
                                 0.000000  0.000000 -0.000000  0.000000  0.000000 -0.000000  0.000000  0.000000  0.000000 -0.000000
                                 0.000000  0.000000  0.000000 -0.000000  0.000000  0.000000  0.000000  0.000000 -0.000000 -0.000000
                                -0.000000  0.000000  0.000000 -0.000000 -0.000000 -0.000000  0.000000  0.000000  0.000000 -0.000000
                                -0.000000 -0.000000

   9.1   0   -14.3365  -81.0139  0.000017  0.000017  0.000049  0.000073  0.000147  0.000247  0.000453  0.000792  0.001429  0.002578
                                 0.004650  0.008417  0.014109  0.021647  0.021638  0.000797 -0.081795 -0.162506 -0.149183  0.375908
                                -0.067557  2.431192 -5.426554  4.605799 -2.572824 -0.172459  1.576419  0.075140  0.010499 -0.005233
                                 0.004819 -0.002222  0.000474 -0.000000 -0.000000 -0.000000  0.000000 -0.000000 -0.000000 -0.000000
                                -0.000000 -0.000000 -0.000000 -0.000000 -0.000000 -0.000000 -0.000000 -0.000000 -0.000000  0.000000
                                -0.000000  0.000000  0.000000  0.000000  0.000000  0.000000  0.000000  0.000000 -0.000000 -0.000000
                                 0.000000  0.000000 -0.000000  0.000000  0.000000 -0.000000 -0.000000 -0.000000  0.000000  0.000000
                                -0.000000  0.000000  0.000000 -0.000000  0.000000  0.000000  0.000000 -0.000000 -0.000000 -0.000000
                                -0.000000  0.000000

  10.1   0   -10.9728  -68.5669 -0.000000 -0.000000 -0.000000 -0.000000 -0.000000 -0.000000 -0.000000 -0.000000 -0.000000 -0.000000
                                -0.000000 -0.000000 -0.000000 -0.000000 -0.000000  0.000000  0.000000  0.000000  0.000000 -0.000000
                                -0.000000  0.000000 -0.000000  0.000000  0.000000  0.000000 -0.000000 -0.000000  0.000000 -0.000000
                                 0.000000 -0.000000  0.000000  0.000025  0.000000  0.000208  0.000000  0.001136  0.000000  0.005400
                                 0.000001  0.017928  0.000003  0.050453  0.000008  0.086493  0.000014  0.108241  0.000017 -0.052620
                                -0.000008 -0.259179 -0.000042 -0.448689 -0.000072  0.474688  0.000077  0.749274  0.000121 -0.002122
                                -0.000000  0.009714  0.000002 -0.004304 -0.000001  0.001527  0.000000 -0.000000 -0.000000 -0.000000
                                 0.000000  0.000000  0.000000  0.000000  0.000000  0.000000 -0.000000 -0.000000  0.000000  0.000000
                                -0.000000 -0.000000

                                   1 2px     1 2px     1 2px     1 2px     1 2px     1 2px     1 2px     1 2px     1 2px     1 2px  
                                   1 2px     1 2px     1 2px     1 2px     1 2px     1 2px     1 2px     1 2px     1 2px     1 2px  
                                   1 2px     1 2px     1 2px     1 2px     1 2px     1 2px     1 4f1+    1 4f3+    1 4f1+    1 4f3+ 
                                   1 4f1+    1 4f3+    1 4f1+    1 4f3+    1 4f1+    1 4f3+    1 4f1+    1 4f3+    1 4f1+    1 4f3+ 
                                   1 4f1+    1 4f3+    1 4f1+    1 4f3+    1 4f1+    1 4f3+    1 4f1+    1 4f3+    1 4f1+    1 4f3+ 
                                   1 4f1+    1 4f3+    1 4f1+    1 4f3+    1 6h1+    1 6h3+    1 6h5+    1 6h1+    1 6h3+    1 6h5+ 


   1.2   2  -305.1250 -847.8014  0.000013  0.000036  0.000109  0.000314  0.000925  0.002775  0.008416  0.025010  0.069299  0.164599
                                 0.301452  0.359031  0.215774  0.045975  0.001960 -0.000308  0.000645 -0.000602  0.000088 -0.000044
                                 0.000022 -0.000010  0.000004 -0.000002  0.000001 -0.000000 -0.000000 -0.000000 -0.000000 -0.000000
                                -0.000000 -0.000000 -0.000000  0.000000  0.000000 -0.000000 -0.000000  0.000000  0.000000 -0.000000
                                -0.000000  0.000000  0.000000 -0.000000 -0.000000  0.000000  0.000000 -0.000000 -0.000000  0.000000
                                 0.000000 -0.000000 -0.000000  0.000000  0.000000 -0.000000 -0.000000  0.000000 -0.000000 -0.000000

   2.2   2   -80.4118 -311.0602 -0.000006 -0.000018 -0.000054 -0.000156 -0.000461 -0.001388 -0.004241 -0.012758 -0.036182 -0.089264
                                -0.172661 -0.208268 -0.013950  0.388971  0.509032  0.196959 -0.001695  0.017508  0.000702 -0.000118
                                 0.000082 -0.000042  0.000019 -0.000009  0.000004 -0.000001  0.000000 -0.000000  0.000000  0.000000
                                -0.000000 -0.000000 -0.000000  0.000000 -0.000000 -0.000000  0.000000  0.000000 -0.000000 -0.000000
                                 0.000000  0.000000 -0.000000 -0.000000  0.000000  0.000000 -0.000000 -0.000000  0.000000  0.000000
                                -0.000000 -0.000000  0.000000  0.000000 -0.000000  0.000000  0.000000 -0.000000 -0.000000  0.000000

   3.2   2   -28.4384 -143.7469  0.000003  0.000009  0.000027  0.000078  0.000231  0.000698  0.002137  0.006445  0.018381  0.045746
                                 0.089748  0.108388 -0.013542 -0.301715 -0.442846  0.115814 -0.041521  0.745442  0.380359  0.009047
                                 0.002857 -0.001595  0.000728 -0.000345  0.000153 -0.000046 -0.000000  0.000000 -0.000000 -0.000000
                                -0.000000  0.000000 -0.000000 -0.000000 -0.000000  0.000000 -0.000000 -0.000000 -0.000000  0.000000
                                 0.000000 -0.000000 -0.000000  0.000000  0.000000 -0.000000 -0.000000 -0.000000  0.000000 -0.000000
                                -0.000000  0.000000  0.000000 -0.000000 -0.000000  0.000000  0.000000  0.000000 -0.000000  0.000000

   4.2   0   -15.4999 -112.8202 -0.000000 -0.000000 -0.000000 -0.000000 -0.000000  0.000000 -0.000000  0.000000 -0.000000  0.000000
                                -0.000000  0.000000 -0.000000  0.000000 -0.000000  0.000000 -0.000000  0.000000 -0.000000  0.000000
                                -0.000000  0.000000 -0.000000  0.000000 -0.000000  0.000000 -0.000000  0.001356 -0.000000  0.011582
                                -0.000000  0.052469 -0.000000  0.156470 -0.000001  0.311199 -0.000000  0.005271 -0.000001  0.397814
                                -0.000000  0.024228 -0.000001  0.272443 -0.000000  0.045186  0.000000 -0.003113 -0.000000  0.001070
                                 0.000000 -0.000405 -0.000000  0.000144  0.000000  0.000000  0.000000 -0.000000 -0.000000 -0.000000

   5.2   0   -15.4999 -112.8202  0.000000  0.000000  0.000000  0.000000  0.000000  0.000000  0.000000  0.000000  0.000000  0.000000
                                 0.000000  0.000000 -0.000000 -0.000000 -0.000000  0.000000 -0.000000  0.000000  0.000000 -0.000000
                                 0.000000 -0.000000  0.000000 -0.000000  0.000000 -0.000000  0.001356  0.000000  0.011582  0.000000
                                 0.052469  0.000000  0.156470  0.000000  0.311199  0.000001  0.005271  0.000000  0.397814  0.000001
                                 0.024228  0.000000  0.272443  0.000001  0.045186  0.000000 -0.003113 -0.000000  0.001070  0.000000
                                -0.000405 -0.000000  0.000144  0.000000  0.000000 -0.000000  0.000000 -0.000000  0.000000  0.000000

                                   1 2py     1 2py     1 2py     1 2py     1 2py     1 2py     1 2py     1 2py     1 2py     1 2py  
                                   1 2py     1 2py     1 2py     1 2py     1 2py     1 2py     1 2py     1 2py     1 2py     1 2py  
                                   1 2py     1 2py     1 2py     1 2py     1 2py     1 2py     1 4f1-    1 4f3-    1 4f1-    1 4f3- 
                                   1 4f1-    1 4f3-    1 4f1-    1 4f3-    1 4f1-    1 4f3-    1 4f1-    1 4f3-    1 4f1-    1 4f3- 
                                   1 4f1-    1 4f3-    1 4f1-    1 4f3-    1 4f1-    1 4f3-    1 4f1-    1 4f3-    1 4f1-    1 4f3- 
                                   1 4f1-    1 4f3-    1 4f1-    1 4f3-    1 6h1-    1 6h3-    1 6h5-    1 6h1-    1 6h3-    1 6h5- 


   1.3   2  -305.1250 -847.8014  0.000013  0.000036  0.000109  0.000314  0.000925  0.002775  0.008416  0.025010  0.069299  0.164599
                                 0.301452  0.359031  0.215774  0.045975  0.001960 -0.000308  0.000645 -0.000602  0.000088 -0.000044
                                 0.000022 -0.000010  0.000004 -0.000002  0.000001 -0.000000 -0.000000 -0.000000 -0.000000 -0.000000
                                -0.000000  0.000000 -0.000000 -0.000000  0.000000  0.000000 -0.000000 -0.000000  0.000000  0.000000
                                -0.000000 -0.000000  0.000000  0.000000 -0.000000 -0.000000  0.000000  0.000000 -0.000000 -0.000000
                                 0.000000  0.000000 -0.000000 -0.000000  0.000000  0.000000 -0.000000  0.000000  0.000000 -0.000000

   2.3   2   -80.4118 -311.0602 -0.000006 -0.000018 -0.000054 -0.000156 -0.000461 -0.001388 -0.004241 -0.012758 -0.036182 -0.089264
                                -0.172661 -0.208268 -0.013950  0.388971  0.509032  0.196959 -0.001695  0.017508  0.000702 -0.000118
                                 0.000082 -0.000042  0.000019 -0.000009  0.000004 -0.000001  0.000000  0.000000  0.000000  0.000000
                                -0.000000  0.000000 -0.000000 -0.000000 -0.000000  0.000000  0.000000 -0.000000 -0.000000  0.000000
                                 0.000000 -0.000000 -0.000000  0.000000  0.000000  0.000000 -0.000000 -0.000000  0.000000 -0.000000
                                -0.000000  0.000000  0.000000 -0.000000 -0.000000 -0.000000  0.000000 -0.000000 -0.000000  0.000000

   3.3   2   -28.4384 -143.7469  0.000003  0.000009  0.000027  0.000078  0.000231  0.000698  0.002137  0.006445  0.018381  0.045746
                                 0.089748  0.108388 -0.013542 -0.301715 -0.442846  0.115814 -0.041521  0.745442  0.380359  0.009047
                                 0.002857 -0.001595  0.000728 -0.000345  0.000153 -0.000046 -0.000000  0.000000 -0.000000  0.000000
                                -0.000000  0.000000 -0.000000  0.000000 -0.000000 -0.000000 -0.000000  0.000000 -0.000000 -0.000000
                                 0.000000  0.000000 -0.000000 -0.000000  0.000000  0.000000 -0.000000 -0.000000  0.000000  0.000000
                                -0.000000 -0.000000  0.000000  0.000000 -0.000000  0.000000 -0.000000  0.000000  0.000000  0.000000

   4.3   0   -15.4999 -112.8202 -0.000000 -0.000000 -0.000000 -0.000000 -0.000000 -0.000000 -0.000000 -0.000000 -0.000000 -0.000000
                                 0.000000 -0.000000  0.000000 -0.000000  0.000000 -0.000000  0.000000 -0.000000  0.000000 -0.000000
                                 0.000000 -0.000000  0.000000 -0.000000  0.000000 -0.000000 -0.000000  0.001356 -0.000000  0.011582
                                -0.000000  0.052469 -0.000000  0.156470 -0.000000  0.311199 -0.000000  0.005271 -0.000000  0.397814
                                -0.000000  0.024228 -0.000000  0.272443 -0.000000  0.045186  0.000000 -0.003113 -0.000000  0.001070
                                 0.000000 -0.000405 -0.000000  0.000144  0.000000  0.000000  0.000000 -0.000000 -0.000000 -0.000000

   5.3   0   -15.4999 -112.8202  0.000000  0.000000  0.000000  0.000000  0.000000  0.000000  0.000000  0.000000  0.000000  0.000000
                                 0.000000  0.000000 -0.000000 -0.000000 -0.000000  0.000000 -0.000000  0.000000  0.000000 -0.000000
                                 0.000000 -0.000000  0.000000 -0.000000  0.000000 -0.000000  0.001356  0.000000  0.011582  0.000000
                                 0.052469  0.000000  0.156470  0.000000  0.311199  0.000000  0.005271  0.000000  0.397814  0.000000
                                 0.024228  0.000000  0.272443  0.000000  0.045186  0.000000 -0.003113 -0.000000  0.001070  0.000000
                                -0.000405 -0.000000  0.000144  0.000000  0.000000  0.000000 -0.000000 -0.000000 -0.000000 -0.000000

                                   1 3d2-    1 3d2-    1 3d2-    1 3d2-    1 3d2-    1 3d2-    1 3d2-    1 3d2-    1 3d2-    1 3d2- 
                                   1 3d2-    1 3d2-    1 3d2-    1 3d2-    1 3d2-    1 3d2-    1 3d2-    1 5g2-    1 5g4-    1 5g2- 
                                   1 5g4-    1 5g2-    1 5g4-    1 5g2-    1 5g4-    1 5g2-    1 5g4- 

   1.4   2   -65.4361 -288.2597  0.000090  0.000697  0.003996  0.017866  0.061434  0.159939  0.296688  0.366770  0.244260  0.065453
                                 0.003342  0.000231 -0.000090  0.000038 -0.000016  0.000007 -0.000002 -0.000000 -0.000000  0.000000
                                 0.000000 -0.000000 -0.000000  0.000000  0.000000 -0.000000 -0.000000

   2.4   2   -22.7273 -130.4236 -0.000047 -0.000369 -0.002116 -0.009559 -0.033182 -0.088333 -0.162086 -0.184979  0.009296  0.384512
                                 0.526858  0.177377 -0.002434  0.002108 -0.000868  0.000367 -0.000131 -0.000000 -0.000000  0.000000
                                -0.000000  0.000000  0.000000 -0.000000  0.000000  0.000000 -0.000000

   3.4   0   -10.9728  -68.5669  0.000025  0.000208  0.001136  0.005400  0.017928  0.050453  0.086493  0.108241 -0.052620 -0.259179
                                -0.448689  0.474688  0.749274 -0.002122  0.009714 -0.004304  0.001527  0.000000 -0.000000  0.000000
                                 0.000000  0.000000  0.000000 -0.000000 -0.000000  0.000000  0.000000

   4.4   0    -7.3504  -53.0081  0.000000  0.000000  0.000000  0.000000  0.000000  0.000000  0.000000  0.000000 -0.000000 -0.000000
                                -0.000000  0.000000 -0.000000 -0.000000  0.000000 -0.000000  0.000000  0.044312 -0.000003  0.279598
                                -0.000020  0.817461 -0.000057  0.081879 -0.000006 -0.027634  0.000002

                                   1 2pz     1 2pz     1 2pz     1 2pz     1 2pz     1 2pz     1 2pz     1 2pz     1 2pz     1 2pz  
                                   1 2pz     1 2pz     1 2pz     1 2pz     1 2pz     1 2pz     1 2pz     1 2pz     1 2pz     1 2pz  
                                   1 2pz     1 2pz     1 2pz     1 2pz     1 2pz     1 2pz     1 4f0     1 4f2+    1 4f0     1 4f2+ 
                                   1 4f0     1 4f2+    1 4f0     1 4f2+    1 4f0     1 4f2+    1 4f0     1 4f2+    1 4f0     1 4f2+ 
                                   1 4f0     1 4f2+    1 4f0     1 4f2+    1 4f0     1 4f2+    1 4f0     1 4f2+    1 4f0     1 4f2+ 
                                   1 4f0     1 4f2+    1 4f0     1 4f2+    1 6h2+    1 6h4+    1 6h0     1 6h2+    1 6h4+    1 6h0  


   1.5   2  -305.1250 -847.8014  0.000013  0.000036  0.000109  0.000314  0.000925  0.002775  0.008416  0.025010  0.069299  0.164599
                                 0.301452  0.359031  0.215774  0.045975  0.001960 -0.000308  0.000645 -0.000602  0.000088 -0.000044
                                 0.000022 -0.000010  0.000004 -0.000002  0.000001 -0.000000 -0.000000 -0.000000 -0.000000 -0.000000
                                 0.000000 -0.000000 -0.000000  0.000000  0.000000  0.000000 -0.000000 -0.000000  0.000000  0.000000
                                -0.000000 -0.000000  0.000000  0.000000 -0.000000 -0.000000  0.000000  0.000000 -0.000000 -0.000000
                                 0.000000  0.000000 -0.000000 -0.000000  0.000000 -0.000000  0.000000  0.000000 -0.000000  0.000000

   2.5   2   -80.4118 -311.0602 -0.000006 -0.000018 -0.000054 -0.000156 -0.000461 -0.001388 -0.004241 -0.012758 -0.036182 -0.089264
                                -0.172661 -0.208268 -0.013950  0.388971  0.509032  0.196959 -0.001695  0.017508  0.000702 -0.000118
                                 0.000082 -0.000042  0.000019 -0.000009  0.000004 -0.000001  0.000000  0.000000  0.000000  0.000000
                                -0.000000  0.000000 -0.000000  0.000000  0.000000  0.000000  0.000000  0.000000  0.000000  0.000000
                                -0.000000  0.000000  0.000000  0.000000 -0.000000 -0.000000  0.000000 -0.000000 -0.000000  0.000000
                                 0.000000 -0.000000 -0.000000  0.000000  0.000000  0.000000 -0.000000  0.000000  0.000000 -0.000000

   3.5   2   -28.4384 -143.7469  0.000003  0.000009  0.000027  0.000078  0.000231  0.000698  0.002137  0.006445  0.018381  0.045746
                                 0.089748  0.108388 -0.013542 -0.301715 -0.442846  0.115814 -0.041521  0.745442  0.380359  0.009047
                                 0.002857 -0.001595  0.000728 -0.000345  0.000153 -0.000046  0.000000 -0.000000  0.000000 -0.000000
                                 0.000000 -0.000000  0.000000 -0.000000  0.000000 -0.000000  0.000000 -0.000000  0.000000 -0.000000
                                -0.000000 -0.000000 -0.000000 -0.000000 -0.000000 -0.000000  0.000000  0.000000 -0.000000  0.000000
                                 0.000000  0.000000 -0.000000 -0.000000  0.000000  0.000000 -0.000000  0.000000 -0.000000  0.000000

   4.5   0   -15.4999 -112.8202  0.000000  0.000000  0.000000  0.000000  0.000000  0.000000  0.000000  0.000000  0.000000  0.000000
                                 0.000000  0.000000 -0.000000 -0.000000 -0.000000  0.000000 -0.000000  0.000000 -0.000000  0.000000
                                 0.000000  0.000000 -0.000000  0.000000 -0.000000  0.000000 -0.000000  0.001356 -0.000000  0.011582
                                -0.000000  0.052469 -0.000000  0.156470 -0.000000  0.311199 -0.000000  0.005271 -0.000000  0.397814
                                -0.000000  0.024228 -0.000000  0.272443 -0.000000  0.045186  0.000000 -0.003113 -0.000000  0.001070
                                 0.000000 -0.000405 -0.000000  0.000144  0.000000  0.000000  0.000000 -0.000000 -0.000000 -0.000000

   5.5   0   -15.4999 -112.8202 -0.000000 -0.000000 -0.000000 -0.000000 -0.000000 -0.000000 -0.000000 -0.000000 -0.000000 -0.000000
                                -0.000000 -0.000000  0.000000  0.000000  0.000000  0.000000 -0.000000  0.000000 -0.000000 -0.000000
                                 0.000000 -0.000000  0.000000 -0.000000  0.000000 -0.000000  0.001356  0.000000  0.011582  0.000000
                                 0.052469  0.000000  0.156470  0.000000  0.311199  0.000000  0.005271  0.000000  0.397814  0.000000
                                 0.024228  0.000000  0.272443  0.000000  0.045186  0.000000 -0.003113 -0.000000  0.001070  0.000000
                                -0.000405 -0.000000  0.000144  0.000000 -0.000000 -0.000000  0.000000  0.000000 -0.000000 -0.000000

                                   1 3d1+    1 3d1+    1 3d1+    1 3d1+    1 3d1+    1 3d1+    1 3d1+    1 3d1+    1 3d1+    1 3d1+ 
                                   1 3d1+    1 3d1+    1 3d1+    1 3d1+    1 3d1+    1 3d1+    1 3d1+    1 5g1+    1 5g3+    1 5g1+ 
                                   1 5g3+    1 5g1+    1 5g3+    1 5g1+    1 5g3+    1 5g1+    1 5g3+ 

   1.6   2   -65.4361 -288.2597  0.000090  0.000697  0.003996  0.017866  0.061434  0.159939  0.296688  0.366770  0.244260  0.065453
                                 0.003342  0.000231 -0.000090  0.000038 -0.000016  0.000007 -0.000002 -0.000000 -0.000000  0.000000
                                 0.000000 -0.000000 -0.000000  0.000000  0.000000 -0.000000 -0.000000

   2.6   2   -22.7273 -130.4236 -0.000047 -0.000369 -0.002116 -0.009559 -0.033182 -0.088333 -0.162086 -0.184979  0.009296  0.384512
                                 0.526858  0.177377 -0.002434  0.002108 -0.000868  0.000367 -0.000131 -0.000000 -0.000000  0.000000
                                 0.000000  0.000000 -0.000000  0.000000 -0.000000 -0.000000  0.000000

   3.6   0   -10.9728  -68.5669  0.000025  0.000208  0.001136  0.005400  0.017928  0.050453  0.086493  0.108241 -0.052620 -0.259179
                                -0.448689  0.474688  0.749274 -0.002122  0.009714 -0.004304  0.001527 -0.000000  0.000000  0.000000
                                 0.000000  0.000000  0.000000 -0.000000 -0.000000  0.000000  0.000000

   4.6   0    -7.3504  -53.0081  0.000000  0.000000  0.000000  0.000000  0.000000  0.000000  0.000000  0.000000  0.000000  0.000000
                                -0.000000 -0.000000 -0.000000 -0.000000  0.000000 -0.000000  0.000000  0.044312  0.000001  0.279598
                                 0.000008  0.817461  0.000023  0.081879  0.000002 -0.027634 -0.000001

                                   1 3d1-    1 3d1-    1 3d1-    1 3d1-    1 3d1-    1 3d1-    1 3d1-    1 3d1-    1 3d1-    1 3d1- 
                                   1 3d1-    1 3d1-    1 3d1-    1 3d1-    1 3d1-    1 3d1-    1 3d1-    1 5g1-    1 5g3-    1 5g1- 
                                   1 5g3-    1 5g1-    1 5g3-    1 5g1-    1 5g3-    1 5g1-    1 5g3- 

   1.7   2   -65.4361 -288.2597  0.000090  0.000697  0.003996  0.017866  0.061434  0.159939  0.296688  0.366770  0.244260  0.065453
                                 0.003342  0.000231 -0.000090  0.000038 -0.000016  0.000007 -0.000002 -0.000000 -0.000000  0.000000
                                 0.000000 -0.000000 -0.000000  0.000000  0.000000 -0.000000 -0.000000

   2.7   2   -22.7273 -130.4236 -0.000047 -0.000369 -0.002116 -0.009559 -0.033182 -0.088333 -0.162086 -0.184979  0.009296  0.384512
                                 0.526858  0.177377 -0.002434  0.002108 -0.000868  0.000367 -0.000131 -0.000000 -0.000000  0.000000
                                 0.000000  0.000000  0.000000  0.000000 -0.000000 -0.000000  0.000000

   3.7   0   -10.9728  -68.5669  0.000025  0.000208  0.001136  0.005400  0.017928  0.050453  0.086493  0.108241 -0.052620 -0.259179
                                -0.448689  0.474688  0.749274 -0.002122  0.009714 -0.004304  0.001527 -0.000000  0.000000  0.000000
                                 0.000000  0.000000  0.000000 -0.000000  0.000000  0.000000 -0.000000

   4.7   0    -7.3504  -53.0081  0.000000  0.000000  0.000000  0.000000  0.000000  0.000000  0.000000  0.000000  0.000000  0.000000
                                -0.000000 -0.000000 -0.000000 -0.000000  0.000000 -0.000000  0.000000  0.044312 -0.000003  0.279598
                                -0.000022  0.817461 -0.000064  0.081879 -0.000006 -0.027634  0.000002

                                   1 4f2-    1 4f2-    1 4f2-    1 4f2-    1 4f2-    1 4f2-    1 4f2-    1 4f2-    1 4f2-    1 4f2- 
                                   1 4f2-    1 4f2-    1 4f2-    1 4f2-    1 6h4-    1 6h2-    1 6h4-    1 6h2- 

   1.8   0   -15.4999 -112.8202  0.001356  0.011582  0.052469  0.156470  0.311199  0.005271  0.397814  0.024228  0.272443  0.045186
                                -0.003113  0.001070 -0.000405  0.000144  0.000000  0.000000 -0.000000 -0.000000

   2.8   0    -8.8563  -61.2726 -0.000900 -0.007702 -0.035070 -0.104938 -0.200494 -0.002135 -0.192032 -0.067379  0.206527  0.752462
                                 0.176875 -0.021363  0.007177 -0.002441  0.000000  0.000000  0.000000  0.000000

 HOMO      2.6   -22.727274 =    -618.4406eV
 LUMO      4.2   -15.499899 =    -421.7737eV
 LUMO-HOMO         7.227375 =     196.6669eV


 **********************************************************************************************************************************
 DATASETS  * FILE   NREC   LENGTH (MB)   RECORD NAMES
              1      22       21.35       500      610      700      900      950      970     1000      129      960     1700   
                                          VAR    BASINP    GEOM    SYMINP    ZMAT    AOBASIS   BASIS     P2S    ABASIS    OPER   
                                         1101     1401     1411     1412     1650     1100     1400     1410     1200     1210   
                                          SR      EKINR    POTR     PVPR    MOLCAS      S      EKIN      POT      H0       H01  
                                         1080     1600   
                                         AOSYM     SMH  

              2       5        5.80       200      700     1000      520     2119   
                                        OPTIONS   GEOM     BASIS   MCVARS     RHF  

 PROGRAMS   *        TOTAL       RHF       INT
 CPU TIMES  *        92.68      1.17     90.86
 REAL TIME  *        97.24 SEC
 DISK USED  *         4.09 GB      
 SF USED    *         0.08 MB      
 GA USED    *         0.00 MB       (max)       0.00 MB       (current)
 **********************************************************************************************************************************
 SETTING SCF(16)        =    -11579.76074733  AU                              


 PROGRAM * POP (Mulliken population analysis)

 
 Density matrix read from record         2119.2  Type=RHF/CHARGE (state 1.1)
 
 Population analysis by basis function type

 Unique atom        s        p        d        f        g    Total    Charge
   1  TB      8.00000 18.00000 20.00000  0.00000  0.00000 46.00000  +19.00000


 **********************************************************************************************************************************
 DATASETS  * FILE   NREC   LENGTH (MB)   RECORD NAMES
              1      22       21.35       500      610      700      900      950      970     1000      129      960     1700   
                                          VAR    BASINP    GEOM    SYMINP    ZMAT    AOBASIS   BASIS     P2S    ABASIS    OPER   
                                         1101     1401     1411     1412     1650     1100     1400     1410     1200     1210   
                                          SR      EKINR    POTR     PVPR    MOLCAS      S      EKIN      POT      H0       H01  
                                         1080     1600   
                                         AOSYM     SMH  

              2       5        5.80       200      700     1000      520     2119   
                                        OPTIONS   GEOM     BASIS   MCVARS     RHF  

 PROGRAMS   *        TOTAL       POP       RHF       INT
 CPU TIMES  *        92.69      0.00      1.17     90.86
 REAL TIME  *        97.30 SEC
 DISK USED  *         4.09 GB      
 SF USED    *         0.08 MB      
 GA USED    *         0.00 MB       (max)       0.00 MB       (current)
 **********************************************************************************************************************************
 SETTING _CC_NORM_MAX   =         2.00000000                                  


 PROGRAM * CCSD (Unrestricted open-shell coupled cluster)     Authors: C. Hampel, H.-J. Werner, 1991, M. Deegan, P.J. Knowles, 1992


 Input parameters for THRESH:

 THRDIS =    1.000000
 ONEINT =    1.00D-15
 TWOINT =    1.00D-15
 ENERGY =    5.00D-06
 COEFF  =    0.001000

 Convergence thresholds:  THRVAR = 1.00D-06  THRDEN = 5.00D-06

 CCSD(T)     terms to be evaluated (factor= 1.000)


 Number of closed-shell orbitals:  23 (   8   3   3   2   3   2   2   0 )
 Number of external orbitals:     338 (  74  57  57  25  57  25  25  18 )

 Memory could be reduced to 188.77 Mwords without degradation in triples

 Number of N-1 electron functions:              46
 Number of N-2 electron functions:            1035
 Number of singly external CSFs:              2510
 Number of doubly external CSFs:          11478546
 Total number of CSFs:                    11481056

 Molecular orbitals read from record     2119.2  Type=RHF/CANONICAL (state 1.1)

 Integral transformation finished. Total CPU:   3.95 sec, npass=  1  Memory used:  40.95 MW

 Starting RMP2 calculation

 ITER.      SQ.NORM     CORR.ENERGY   TOTAL ENERGY   ENERGY CHANGE        DEN1      VAR(S)    VAR(P)  DIIS     TIME
   1      1.03681850    -2.27702713-11582.03777446    -2.27702713    -0.00006626  0.10D-17  0.40D-05  1  1     5.52
   2      1.03682663    -2.27709401-11582.03784134    -0.00006688    -0.00000000  0.17D-21  0.75D-10  2  2     7.20
   3      1.03682666    -2.27709419-11582.03784152    -0.00000019    -0.00000000  0.35D-25  0.29D-15  3  3     9.06

 Norm of t1 vector:      0.00000006      S-energy:    -0.00000000      T1 diagnostic:  0.00000001
 Norm of t2 vector:      0.19190275      P-energy:    -2.27709419
                                         Alpha-Beta:  -1.49558189
                                         Alpha-Alpha: -0.39075615
                                         Beta-Beta:   -0.39075615

 Spin contamination <S**2-Sz**2-Sz>     0.00000000
  Reference energy                   -11579.7607473316    
  RHF-RMP2 correlation energy          -2.277094193245
 !RHF-RMP2 energy                    -11582.0378415248    

 Starting UCCSD calculation

 ITER.      SQ.NORM     CORR.ENERGY   TOTAL ENERGY   ENERGY CHANGE        DEN1      VAR(S)    VAR(P)  DIIS     TIME
   1      1.03371847    -2.20206754-11581.96281487    -2.20206754    -0.00920292  0.18D-04  0.18D-03  0  0    19.66
   2      1.03424530    -2.21107115-11581.97181848    -0.00900361    -0.00008830  0.77D-07  0.31D-05  1  1    30.93
   3      1.03423453    -2.21059636-11581.97134369     0.00047479    -0.00000141  0.30D-08  0.77D-07  2  2    43.00
   4      1.03424084    -2.21064321-11581.97139054    -0.00004685    -0.00000001  0.98D-11  0.46D-09  3  3    54.13
   5      1.03424100    -2.21064359-11581.97139092    -0.00000038    -0.00000000  0.34D-12  0.34D-10  4  4    64.20

 Norm of t1 vector:      0.00411213      S-energy:     0.00000000      T1 diagnostic:  0.00042872
                                                                       D1 diagnostic:  0.00111346
 Norm of t2 vector:      0.18499753      P-energy:    -2.21064359
                                         Alpha-Beta:  -1.47012574
                                         Alpha-Alpha: -0.37025892
                                         Beta-Beta:   -0.37025892

 Spin contamination <S**2-Sz**2-Sz>     0.00000000

 Memory could be reduced to 203.12 Mwords without degradation in triples
 

  Correlated core orbitals:             1.1       2.1       3.1       4.1       5.1       6.1       7.1       8.1       1.2       2.2
                                        3.2       1.3       2.3       3.3       1.4       2.4       1.5       2.5       3.5       1.6
                                        2.6       1.7       2.7
  Orbital energies:                 -1938.3360 -340.8826  -91.7164  -65.4361  -65.4361  -22.7273  -22.7273  -32.4468 -305.1250  -80.4118
                                      -28.4384 -305.1250  -80.4118  -28.4384  -65.4361  -22.7273 -305.1250  -80.4118  -28.4384  -65.4361
                                      -22.7273  -65.4361  -22.7273
 
  UCCSD core-core energy               -2.210643588148
 

 RESULTS
 =======

  Reference energy                   -11579.7607473316    
  UCCSD singles energy                  0.000000000196
  UCCSD pair energy                    -2.210643588344
  UCCSD correlation energy             -2.210643588148
  Triples (T) contribution             -0.010000212742
  Total correlation energy             -2.220643800889
 
  RHF-UCCSD energy                   -11581.9713909197    
  RHF-UCCSD[T] energy                -11581.9814273667    
  RHF-UCCSD-T energy                 -11581.9813782688    
 !RHF-UCCSD(T) energy                -11581.9813911325    

 Program statistics:

 Available memory in ccsd:               999995438
 Min. memory needed in ccsd:              31575524
 Max. memory used in ccsd:                46354239
 Max. memory used in cckext:              36417531 ( 5 integral passes)
 Max. memory used in cckint:              40949898 ( 1 integral passes)



 **********************************************************************************************************************************
 DATASETS  * FILE   NREC   LENGTH (MB)   RECORD NAMES
              1      22       21.35       500      610      700      900      950      970     1000      129      960     1700   
                                          VAR    BASINP    GEOM    SYMINP    ZMAT    AOBASIS   BASIS     P2S    ABASIS    OPER   
                                         1101     1401     1411     1412     1650     1100     1400     1410     1200     1210   
                                          SR      EKINR    POTR     PVPR    MOLCAS      S      EKIN      POT      H0       H01  
                                         1080     1600   
                                         AOSYM     SMH  

              2       5        5.80       200      700     1000      520     2119   
                                        OPTIONS   GEOM     BASIS   MCVARS     RHF  

 PROGRAMS   *        TOTAL  UCCSD(T)       POP       RHF       INT
 CPU TIMES  *       505.33    412.58      0.00      1.17     90.86
 REAL TIME  *       604.82 SEC
 DISK USED  *        14.78 GB      
 SF USED    *         3.92 GB      
 GA USED    *         0.00 MB       (max)       0.00 MB       (current)
 **********************************************************************************************************************************
 SETTING CCSD(16)       =    -11581.98139113  AU                              
                                                                                                                                                                                                                                                                

           SCF            CCSD
         0.00000        0.00000
         0.00000        0.00000
         0.00000        0.00000
         0.00000        0.00000
         0.00000        0.00000
         0.00000        0.00000
         0.00000        0.00000
         0.00000        0.00000
         0.00000        0.00000
         0.00000        0.00000
         0.00000        0.00000
         0.00000        0.00000
         0.00000        0.00000
         0.00000        0.00000
         0.00000        0.00000
    -11579.76075   -11581.98139
                                                  

 UCCSD(T)/USERDEF energy= -11581.981391132462

        UCCSD(T)        RHF-SCF 
 -11581.98139113 -11579.76074733
 **********************************************************************************************************************************
 Molpro calculation terminated
 Variable memory released
