Note: The following floating-point exceptions are signalling: IEEE_UNDERFLOW_FLAG IEEE_DENORMAL
 ENTER Z, NR
 PLEASE ENTER RELATIVITY FACTOR.  (0=NR, 1=REL.)
 PLEASE ENTER IUFLAG. (0=U, 1=SU, 2=R).
 PLEASE ENTER NFC, NEL, RATIO, ETOL, XNUM
 PLEASE ENTER N L M J S OCC.
    2812.500000 -14204.218757
     245.042863 -15489.374417
      88.654636 -15731.381900
      27.821512 -15754.004097
       8.624479 -15755.712529
       3.415953 -15756.053873
       1.584836 -15756.129619
       0.742573 -15756.145826
       0.347960 -15756.149352
       0.162688 -15756.150179
       0.075882 -15756.150402
       0.035322 -15756.150474
       0.016417 -15756.150502
       0.007622 -15756.150514
       0.003536 -15756.150520
       0.001640 -15756.150523
       0.000760 -15756.150524
       0.000352 -15756.150525
       0.000163 -15756.150525
       0.000076 -15756.150525
    1   0 0   0/2   1    2.0000      -2435.960727
    2   0 0   0/2   1    2.0000       -411.973047
    2   1-1   2/2   1    2.0000       -394.808997
    2   1 0   2/2   1    2.0000       -394.808997
    2   1 1   2/2   1    2.0000       -394.808997
    3   0 0   0/2   1    2.0000       -101.336131
    3   1-1   2/2   1    2.0000        -93.320004
    3   1 0   2/2   1    2.0000        -93.320004
    3   1 1   2/2   1    2.0000        -93.320004
    3   2-2   4/2   1    2.0000        -78.583662
    3   2-1   4/2   1    2.0000        -78.583662
    3   2 0   4/2   1    2.0000        -78.583662
    3   2 1   4/2   1    2.0000        -78.583662
    3   2 2   4/2   1    2.0000        -78.583662
    4   0 0   0/2   1    2.0000        -26.538884
    4   1-1   2/2   1    2.0000        -23.098315
    4   1 0   2/2   1    2.0000        -23.098315
    4   1 1   2/2   1    2.0000        -23.098315
    4   2-2   4/2   1    2.0000        -16.863666
    4   2-1   4/2   1    2.0000        -16.863666
    4   2 0   4/2   1    2.0000        -16.863666
    4   2 1   4/2   1    2.0000        -16.863666
    4   2 2   4/2   1    2.0000        -16.863666
    4   3-3   6/2   1    2.0000         -8.600773
    4   3-2   6/2   1    2.0000         -8.600773
    4   3-1   6/2   1    2.0000         -8.600773
    4   3 0   6/2   1    2.0000         -8.600773
    4   3 1   6/2   1    2.0000         -8.600773
    4   3 2   6/2   1    2.0000         -8.600773
    4   3 3   6/2   1    2.0000         -8.600773
    5   0 0   0/2   1    2.0000         -8.461883
    5   1-1   2/2   1    1.0000         -7.470461
    5   1 0   2/2   1    1.0000         -7.470461
    5   1 1   2/2   1    1.0000         -7.470461
 TOTAL ENERGY =   -15756.150525-428750.065640
 PLEASE ENTER FULL FILENAME.
