
 Primary working directories    : /global/cscratch1/sd/aannabe
 Secondary working directories  : /global/cscratch1/sd/aannabe
 Wavefunction directory         : /global/homes/a/aannabe/wfu/
 Main file repository           : /global/cscratch1/sd/aannabe/

 SHA1      : 19cd028119e0e09f93f0674bd8af7968d9b3eff6
 NAME      : 2015.1.36
 ARCHNAME  : linux/x86_64
 FC        : /opt/cray/pe/craype/2.5.14/bin/ftn
 BLASLIB   : -L/opt/intel/compilers_and_libraries_2018.1.163/linux/mkl/lib/intel64 -Wl,-_start-group -lmkl_intel_ilp64 -lmkl_intel_thread -lmkl_core -Wl,-_end-group -liomp5
 id        : lbl

 Nodes     nprocs
 nid01046    11
 Number of processes for MPI-2 version of Molpro:   nprocs(total)=   12   nprocs(compute)=   11   nprocs(helper)=    1

 Using customized tuning parameters: mindgm=7; mindgv=16; mindgc=1; mindgr=1; noblas=0; minvec=7
 default implementation of scratch files=sf  

 ***,atomic
 memory,1,g
 
 gthresh,twoint=1.e-15
 gthresh,oneint=1.e-15
 
 angstrom
 geometry={
 1
 Tb  0.0 0.0 0.0
 }
 
 basis={
 Including file /global/homes/a/aannabe/docs/Tb_project/ccECP/basis_sets/Tb_aug-cc-pwCVTZ.basis
 }
 
 set,dkroll=1,dkho=99,dkhp=2
 
 Including file /global/u1/a/aannabe/docs/Tb_project/ccECP/atoms/AE/14/states.proc
 Including file /global/homes/a/aannabe/docs/Tb_project/ccECP/basis_sets/Tb_con-cc-pVDZ.basis
 Including file /global/homes/a/aannabe/docs/Tb_project/ccECP/basis_sets/Tb_aug-cc-pwCVTZ.basis
 Including file /global/homes/a/aannabe/docs/Tb_project/ccECP/basis_sets/Tb_con-cc-pVDZ.basis
 Including file /global/homes/a/aannabe/docs/Tb_project/ccECP/basis_sets/Tb_aug-cc-pwCVTZ.basis
 Including file /global/homes/a/aannabe/docs/Tb_project/ccECP/basis_sets/Tb_con-cc-pVDZ.basis
 Including file /global/homes/a/aannabe/docs/Tb_project/ccECP/basis_sets/Tb_aug-cc-pwCVTZ.basis
 Including file /global/homes/a/aannabe/docs/Tb_project/ccECP/basis_sets/Tb_con-cc-pVDZ.basis
 Including file /global/homes/a/aannabe/docs/Tb_project/ccECP/basis_sets/Tb_aug-cc-pwCVTZ.basis
 
 do i=14,14
    if (i.eq.1) then
       GS_5s2_5p6_6s2_4f9
    else if (i.eq.2) then
       EX_5s2_5p6_6s2_4f8_5d1
    else if (i.eq.3) then
       EX_5s2_5p6_6s1_4f8_5d2
    else if (i.eq.4) then
       EX_5s2_5p6_6s2_4f8_6p1
    else if (i.eq.5) then
       IP1_5s2_5p6_6s1_4f9
    else if (i.eq.6) then
       IP1_5s2_5p6_6s1_4f8_5d
    else if (i.eq.7) then
       IP1_5s2_5p6_6s2_4f8
    else if (i.eq.8) then
       IP2_5s2_5p6_4f9
    else if (i.eq.9) then
       IP2_5s2_5p6_4f8_5d1
    else if (i.eq.10) then
       IP2_5s2_5p6_6s1_4f8
    else if (i.eq.11) then
       IP3_5s2_5p6_4f8
    else if (i.eq.12) then
       IP3_5s2_5p6_4f7_5d1
    else if (i.eq.13) then
       IP3_5s2_5p6_6s1_4f7
    else if (i.eq.14) then
       IP4_5s2_5p6_4f7
    else if (i.eq.15) then
       IP7_5s2_5p3_4f7
    end if
    scf(i)=energy
    pop
    _CC_NORM_MAX=2.0
    {uccsd(t),shifts=0.2,shiftp=0.2,thrdis=1.0;diis,1,1,15,1;maxit,100;core;
    THRESH,ENERGY=5.e-6,COEFF=1e-3
    }
    ccsd(i)=energy
 enddo
 
 table,scf,ccsd
 save, 3.csv, new
 

 Variables initialized (889), CPU time= 0.01 sec
 Commands  initialized (702), CPU time= 0.00 sec, 572 directives.
 Default parameters read. Elapsed time= 0.14 sec

 Checking input...
 Passed
1


                                         ***  PROGRAM SYSTEM MOLPRO  ***
                                       Copyright, TTI GmbH Stuttgart, 2015
                                    Version 2015.1 linked Dec 29 2018 15:55:43


 **********************************************************************************************************************************
 LABEL *   atomic                                                                        
  64 bit mpp version                                                                     DATE: 02-Feb-22          TIME: 12:15:10  
 **********************************************************************************************************************************

 SHA1:             19cd028119e0e09f93f0674bd8af7968d9b3eff6
 **********************************************************************************************************************************

 THRESHOLDS:

 ZERO    =  1.00D-12  ONEINT  =  1.00D-12  TWOINT  =  1.00D-15  PREFAC  =  1.00D-14  LOCALI  =  1.00D-09  EORDER  =  1.00D-04
 ENERGY  =  0.00D+00  ETEST   =  0.00D+00  EDENS   =  0.00D+00  THRDEDEF=  1.00D-06  GRADIENT=  1.00D-02  STEP    =  1.00D-03
 ORBITAL =  1.00D-05  CIVEC   =  1.00D-05  COEFF   =  1.00D-04  PRINTCI =  5.00D-02  PUNCHCI =  9.90D+01  OPTGRAD =  3.00D-04
 OPTENERG=  1.00D-06  OPTSTEP =  3.00D-04  THRGRAD =  1.00D-10  COMPRESS=  1.00D-11  VARMIN  =  1.00D-07  VARMAX  =  1.00D-03
 THRDOUB =  0.00D+00  THRDIV  =  1.00D-05  THRRED  =  1.00D-07  THRPSP  =  1.00D+00  THRDC   =  1.00D-10  THRCS   =  1.00D-10
 THRNRM  =  1.00D-08  THREQ   =  0.00D+00  THRDE   =  1.00D+00  THRREF  =  1.00D-05  SPARFAC =  1.00D+00  THRDLP  =  1.00D-07
 THRDIA  =  1.00D-10  THRDLS  =  1.00D-07  THRGPS  =  0.00D+00  THRKEX  =  0.00D+00  THRDIS  =  2.00D-01  THRVAR  =  1.00D-10
 THRLOC  =  1.00D-06  THRGAP  =  1.00D-06  THRLOCT = -1.00D+00  THRGAPT = -1.00D+00  THRORB  =  1.00D-06  THRMLTP =  0.00D+00
 THRCPQCI=  1.00D-10  KEXTA   =  0.00D+00  THRCOARS=  0.00D+00  SYMTOL  =  1.00D-06  GRADTOL =  1.00D-06  THROVL  =  1.00D-08
 THRORTH =  1.00D-08  GRID    =  1.00D-06  GRIDMAX =  1.00D-03  DTMAX   =  0.00D+00  THROCCDE=  1.00D-01  THROCCDE=  1.00D-01



 THRESHOLDS:

 ZERO    =  1.00D-12  ONEINT  =  1.00D-15  TWOINT  =  1.00D-15  PREFAC  =  1.00D-14  LOCALI  =  1.00D-09  EORDER  =  1.00D-04
 ENERGY  =  0.00D+00  ETEST   =  0.00D+00  EDENS   =  0.00D+00  THRDEDEF=  1.00D-06  GRADIENT=  1.00D-02  STEP    =  1.00D-03
 ORBITAL =  1.00D-05  CIVEC   =  1.00D-05  COEFF   =  1.00D-04  PRINTCI =  5.00D-02  PUNCHCI =  9.90D+01  OPTGRAD =  3.00D-04
 OPTENERG=  1.00D-06  OPTSTEP =  3.00D-04  THRGRAD =  1.00D-10  COMPRESS=  1.00D-11  VARMIN  =  1.00D-07  VARMAX  =  1.00D-03
 THRDOUB =  0.00D+00  THRDIV  =  1.00D-05  THRRED  =  1.00D-07  THRPSP  =  1.00D+00  THRDC   =  1.00D-10  THRCS   =  1.00D-10
 THRNRM  =  1.00D-08  THREQ   =  0.00D+00  THRDE   =  1.00D+00  THRREF  =  1.00D-05  SPARFAC =  1.00D+00  THRDLP  =  1.00D-07
 THRDIA  =  1.00D-10  THRDLS  =  1.00D-07  THRGPS  =  0.00D+00  THRKEX  =  0.00D+00  THRDIS  =  2.00D-01  THRVAR  =  1.00D-10
 THRLOC  =  1.00D-06  THRGAP  =  1.00D-06  THRLOCT = -1.00D+00  THRGAPT = -1.00D+00  THRORB  =  1.00D-06  THRMLTP =  0.00D+00
 THRCPQCI=  1.00D-10  KEXTA   =  0.00D+00  THRCOARS=  0.00D+00  SYMTOL  =  1.00D-06  GRADTOL =  1.00D-06  THROVL  =  1.00D-08
 THRORTH =  1.00D-08  GRID    =  1.00D-06  GRIDMAX =  1.00D-03  DTMAX   =  0.00D+00  THROCCDE=  1.00D-01  THROCCDE=  1.00D-01


 ZUNIT=ANG
 

Geometry recognized as XYZ


 Variable memory set to 1000000000 words,  buffer space   230000 words

 SETTING BASIS          =    USERDEF
 SETTING DKROLL         =         1.00000000                                  
 SETTING DKHO           =        99.00000000                                  
 SETTING DKHP           =         2.00000000                                  

 DO I                   =        14.00000000   

 Running procedure=IP4_5S2_5P6_4F7


 Recomputing integrals since basis changed


 Using spherical harmonics



 PROGRAM * SEWARD (Integral evaluation for generally contracted gaussian basis sets)     Author: Roland Lindh, 1990

 Geometry written to block  1 of record 700

 Orientation using atomic masses  
 Molecule type: Atom
 Symmetry elements: X,Y,Z
 Rotational constants:       0.0000000      0.0000000      0.0000000 GHz  (calculated with average atomic masses)

 Point group  D2h 



 ATOMIC COORDINATES

 NR  ATOM    CHARGE       X              Y              Z

   1  TB     65.00    0.000000000    0.000000000    0.000000000

 NUCLEAR CHARGE:                   65
 NUMBER OF PRIMITIVE AOS:         470
 NUMBER OF SYMMETRY AOS:          361
 NUMBER OF CONTRACTIONS:          361   (  82Ag  +  60B3u +  60B2u +  27B1g +  60B1u +  27B2g +  27B3g +  18Au  )
 NUMBER OF CORE ORBITALS:          23   (   8Ag  +   3B3u +   3B2u +   2B1g +   3B1u +   2B2g +   2B3g +   0Au  )
 NUMBER OF VALENCE ORBITALS:       17   (   4Ag  +   3B3u +   3B2u +   1B1g +   3B1u +   1B2g +   1B3g +   1Au  )


 NUCLEAR REPULSION ENERGY    0.00000000

 One-electron integrals computed with SEWARD

 99nd-order Douglas-Kroll-Hess method activated. Exponential DKH parametrization is used.

 Computing Douglas-Kroll / X2C integrals

 AO integral compression algorithm  1   Integral accuracy      1.0D-15

     1802.502 MB (compressed) written to integral file ( 46.5%)

     Node minimum: 77.595 MB, node maximum: 234.881 MB


 NUMBER OF SORTED TWO-ELECTRON INTEGRALS:   24984912.     BUFFER LENGTH:  32768
 NUMBER OF SEGMENTS:   1  SEGMENT LENGTH:   24984912      RECORD LENGTH: 524288

 Memory used in sort:      25.54 MW

 SORT1 READ   484076335. AND WROTE    14890225. INTEGRALS IN     43 RECORDS. CPU TIME:    10.79 SEC, REAL TIME:    11.21 SEC
 SORT2 READ   163021228. AND WROTE   274384081. INTEGRALS IN   6413 RECORDS. CPU TIME:     1.17 SEC, REAL TIME:     1.75 SEC

 Node minimum:    24848232.  Node maximum:    25142105. integrals

 OPERATOR DM      FOR CENTER  0  COORDINATES:    0.000000    0.000000    0.000000

 EXTRA SYMMETRY OF AOS IN SYMMETRY 1:   1 1 1 1 1 1 1 1 1 1   1 1 1 1 1 1 1 1 1 1   1 1 1 1 1 1 1 1 1 1   1 1 1 2 3 2 3 2 3 2
                                        3 2 3 2 3 2 3 2 3 2   3 2 3 2 3 2 3 2 3 2   3 2 3 2 3 2 3 4 5 6   4 5 6 4 5 6 4 5 6 4
                                        5 6
 EXTRA SYMMETRY OF AOS IN SYMMETRY 2:   1 1 1 1 1 1 1 1 1 1   1 1 1 1 1 1 1 1 1 1   1 1 1 1 1 1 2 3 2 3   2 3 2 3 2 3 2 3 2 3
                                        2 3 2 3 2 3 2 3 2 3   2 3 2 3 4 5 6 4 5 6
 EXTRA SYMMETRY OF AOS IN SYMMETRY 3:   1 1 1 1 1 1 1 1 1 1   1 1 1 1 1 1 1 1 1 1   1 1 1 1 1 1 2 3 2 3   2 3 2 3 2 3 2 3 2 3
                                        2 3 2 3 2 3 2 3 2 3   2 3 2 3 4 5 6 4 5 6
 EXTRA SYMMETRY OF AOS IN SYMMETRY 4:   1 1 1 1 1 1 1 1 1 1   1 1 1 1 1 1 1 2 3 2   3 2 3 2 3 2 3
 EXTRA SYMMETRY OF AOS IN SYMMETRY 5:   1 1 1 1 1 1 1 1 1 1   1 1 1 1 1 1 1 1 1 1   1 1 1 1 1 1 2 3 2 3   2 3 2 3 2 3 2 3 2 3
                                        2 3 2 3 2 3 2 3 2 3   2 3 2 3 4 5 6 4 5 6
 EXTRA SYMMETRY OF AOS IN SYMMETRY 6:   1 1 1 1 1 1 1 1 1 1   1 1 1 1 1 1 1 2 3 2   3 2 3 2 3 2 3
 EXTRA SYMMETRY OF AOS IN SYMMETRY 7:   1 1 1 1 1 1 1 1 1 1   1 1 1 1 1 1 1 2 3 2   3 2 3 2 3 2 3
 EXTRA SYMMETRY OF AOS IN SYMMETRY 8:   1 1 1 1 1 1 1 1 1 1   1 1 1 1 2 3 2 3

 Eigenvalues of metric

         1 0.154E-07 0.147E-05 0.266E-04 0.749E-04 0.181E-03 0.390E-03 0.717E-03 0.122E-02
         2 0.148E-04 0.893E-04 0.893E-04 0.408E-03 0.125E-02 0.125E-02 0.141E-02 0.331E-02
         3 0.148E-04 0.893E-04 0.893E-04 0.408E-03 0.125E-02 0.125E-02 0.141E-02 0.331E-02
         4 0.186E-02 0.687E-02 0.180E-01 0.386E-01 0.694E-01 0.115E+00 0.185E+00 0.289E+00
         5 0.148E-04 0.893E-04 0.893E-04 0.408E-03 0.125E-02 0.125E-02 0.141E-02 0.331E-02
         6 0.186E-02 0.687E-02 0.180E-01 0.386E-01 0.694E-01 0.115E+00 0.185E+00 0.289E+00
         7 0.186E-02 0.687E-02 0.180E-01 0.386E-01 0.694E-01 0.115E+00 0.185E+00 0.289E+00
         8 0.893E-04 0.125E-02 0.174E-01 0.609E-01 0.108E+00 0.212E+00 0.329E+00 0.483E+00


 **********************************************************************************************************************************
 DATASETS  * FILE   NREC   LENGTH (MB)   RECORD NAMES
              1      22       21.35       500      610      700      900      950      970     1000      129      960     1700   
                                          VAR    BASINP    GEOM    SYMINP    ZMAT    AOBASIS   BASIS     P2S    ABASIS    OPER   
                                         1101     1401     1411     1412     1650     1100     1400     1410     1200     1210   
                                          SR      EKINR    POTR     PVPR    MOLCAS      S      EKIN      POT      H0       H01  
                                         1080     1600   
                                         AOSYM     SMH  

 PROGRAMS   *        TOTAL       INT
 CPU TIMES  *        90.93     90.59
 REAL TIME  *        93.60 SEC
 DISK USED  *         3.78 GB      
 GA USED    *         0.00 MB       (max)       0.00 MB       (current)
 **********************************************************************************************************************************


 PROGRAM * RHF-SCF (OPEN SHELL)       Authors: W. Meyer, H.-J. Werner


 NUMBER OF ELECTRONS:      34+   27-    SPACE SYMMETRY=8    SPIN SYMMETRY: Octet   
 CONVERGENCE THRESHOLDS:    1.00E-05 (Density)    1.30E-07 (Energy)
 MAX. NUMBER OF ITERATIONS:      100
 INTERPOLATION TYPE:            DIIS
 INTERPOLATION STEPS:              2 (START)      1 (STEP)
 LEVEL SHIFTS:                 -0.60 (CLOSED) -0.30 (OPEN) 

 Number of closed-shell orbitals:   27 (   9   4   4   2   4   2   2   0 )
 Number of open-shell orbitals:      7 (   0   2   2   0   2   0   0   1 )


 
 Extra symmetries of mos in symmetry 1:   1   1   1   1   3   2   1   3   2   1   3   2
 Orbital guess generated from atomic densities. Full valence occupancy:   10   6   6   2   6   2   2   1


 Molecular orbital dump at record        2117.2

 ITERATION    DDIFF          GRAD             ENERGY        2-EL.EN.            DIPOLE MOMENTS         DIIS   ORB.
    1      0.000D+00      0.000D+00    -11690.11458649   7864.506471    0.00000    0.00000    0.00000    0    start
    2      0.000D+00      0.771D-01    -11698.84059875   8690.867967    0.00000    0.00000    0.00000    1    diag,B
    3      0.881D-01      0.110D+00    -11701.70871166   8518.746558    0.00000    0.00000    0.00000    2    diag,B
    4      0.486D-01      0.384D-01    -11702.21650576   8448.582357    0.00000    0.00000    0.00000    3    diag,B
    5      0.121D-01      0.139D-01    -11702.29577385   8416.844571    0.00000    0.00000    0.00000    4    diag,B
    6      0.800D-02      0.351D-02    -11702.30113916   8408.532891    0.00000    0.00000    0.00000    5    diag,B
    7      0.287D-02      0.811D-03    -11702.30143796   8406.428291    0.00000    0.00000    0.00000    6    diag,B
    8      0.329D-03      0.116D-03    -11702.30144445   8406.122818    0.00000    0.00000    0.00000    7    diag,B
    9      0.177D-03      0.128D-04    -11702.30144458   8406.084504    0.00000    0.00000    0.00000    8    diag,B
   10      0.119D-04      0.112D-05    -11702.30144458   8406.083016    0.00000    0.00000    0.00000    9    orth
   11      0.526D-05      0.846D-06    -11702.30144458   8406.086793    0.00000    0.00000    0.00000    0    orth

 Final alpha occupancy:   9   6   6   2   6   2   2   1
 Final beta  occupancy:   9   4   4   2   4   2   2   0

 !RHF STATE 1.8 Energy               -11702.3014445836    
 Nuclear energy                         0.00000000
 One-electron energy               -15905.34484088
 Two-electron energy                 4203.04339629
 Virial quotient                       -0.77668010
 !RHF STATE 1.8 Dipole moment           0.00000000     0.00000000     0.00000000
 Dipole moment /Debye                   0.00000000     0.00000000     0.00000000

 ELECTRON ORBITALS
 =================


   Orb  Occ    Energy  Couls-En    Coefficients

                                   1 1s      1 1s      1 1s      1 1s      1 1s      1 1s      1 1s      1 1s      1 1s      1 1s   
                                   1 1s      1 1s      1 1s      1 1s      1 1s      1 1s      1 1s      1 1s      1 1s      1 1s   
                                   1 1s      1 1s      1 1s      1 1s      1 1s      1 1s      1 1s      1 1s      1 1s      1 1s   
                                   1 1s      1 1s      1 1s      1 3d0     1 3d2+    1 3d0     1 3d2+    1 3d0     1 3d2+    1 3d0  
                                   1 3d2+    1 3d0     1 3d2+    1 3d0     1 3d2+    1 3d0     1 3d2+    1 3d0     1 3d2+    1 3d0  
                                   1 3d2+    1 3d0     1 3d2+    1 3d0     1 3d2+    1 3d0     1 3d2+    1 3d0     1 3d2+    1 3d0  
                                   1 3d2+    1 3d0     1 3d2+    1 3d0     1 3d2+    1 3d0     1 3d2+    1 5g0     1 5g4+    1 5g2+ 
                                   1 5g0     1 5g4+    1 5g2+    1 5g0     1 5g4+    1 5g2+    1 5g0     1 5g4+    1 5g2+    1 5g0  
                                   1 5g4+    1 5g2+ 

   1.1   2 -1922.3548-4168.9983  0.000372  0.000370  0.001056  0.001565  0.003155  0.005253  0.009597  0.016539  0.029433  0.051305
                                 0.089392  0.148555  0.224677  0.275559  0.230697  0.098381  0.013283  0.000370 -0.000022 -0.000013
                                -0.000144  0.000250 -0.000321  0.000197 -0.000017  0.000004 -0.000001  0.000000 -0.000000  0.000000
                                -0.000000  0.000000 -0.000000  0.000000  0.000000  0.000000 -0.000000  0.000000  0.000000  0.000000
                                -0.000000  0.000000  0.000000  0.000000 -0.000000  0.000000  0.000000  0.000000 -0.000000  0.000000
                                -0.000000  0.000000  0.000000  0.000000 -0.000000  0.000000  0.000000  0.000000 -0.000000  0.000000
                                 0.000000  0.000000 -0.000000 -0.000000  0.000000  0.000000 -0.000000 -0.000000 -0.000000 -0.000000
                                 0.000000 -0.000000  0.000000 -0.000000 -0.000000 -0.000000  0.000000 -0.000000  0.000000 -0.000000
                                -0.000000 -0.000000

   2.1   2  -324.8258 -892.2119 -0.000135 -0.000135 -0.000385 -0.000572 -0.001156 -0.001934 -0.003555 -0.006187 -0.011176 -0.019934
                                -0.036030 -0.063529 -0.106178 -0.152544 -0.153355 -0.006833  0.318504  0.500470  0.283745  0.044969
                                -0.001088  0.000439  0.002066 -0.001814  0.000101 -0.000068  0.000018 -0.000001  0.000002 -0.000001
                                 0.000001 -0.000000  0.000000  0.000000 -0.000000  0.000000  0.000000  0.000000  0.000000  0.000000
                                 0.000000  0.000000  0.000000  0.000000  0.000000 -0.000000 -0.000000 -0.000000  0.000000 -0.000000
                                -0.000000 -0.000000  0.000000 -0.000000 -0.000000 -0.000000  0.000000 -0.000000 -0.000000 -0.000000
                                 0.000000  0.000000  0.000000 -0.000000  0.000000  0.000000 -0.000000  0.000000  0.000000 -0.000000
                                -0.000000 -0.000000  0.000000  0.000000  0.000000 -0.000000 -0.000000 -0.000000  0.000000  0.000000
                                 0.000000 -0.000000

   3.1   2   -75.5568 -315.4290  0.000063  0.000063  0.000179  0.000266  0.000538  0.000901  0.001659  0.002891  0.005235  0.009369
                                 0.017039  0.030326  0.051572  0.076166  0.079716 -0.002499 -0.242266 -0.501999 -0.307064  0.460229
                                 0.715794 -0.030224  0.282006 -0.033381  0.020412  0.000651  0.000023 -0.000098 -0.000001 -0.000002
                                 0.000002 -0.000001  0.000000 -0.000000  0.000000 -0.000000 -0.000000 -0.000000 -0.000000 -0.000000
                                -0.000000 -0.000000 -0.000000 -0.000000 -0.000000 -0.000000 -0.000000 -0.000000 -0.000000 -0.000000
                                -0.000000  0.000000 -0.000000  0.000000 -0.000000  0.000000 -0.000000  0.000000 -0.000000  0.000000
                                -0.000000 -0.000000 -0.000000  0.000000 -0.000000 -0.000000  0.000000 -0.000000 -0.000000 -0.000000
                                -0.000000 -0.000000  0.000000  0.000000  0.000000 -0.000000 -0.000000 -0.000000  0.000000  0.000000
                                 0.000000 -0.000000

   4.1   2   -17.4655 -136.3170 -0.000030 -0.000030 -0.000087 -0.000129 -0.000260 -0.000435 -0.000801 -0.001397 -0.002529 -0.004533
                                -0.008247 -0.014733 -0.025100 -0.037437 -0.039298  0.001507  0.132351  0.288465  0.196946 -0.406932
                                -0.873813 -0.044194 -0.044327 -0.059792  0.880749  0.564541  0.050434 -0.003388  0.001217 -0.000334
                                 0.000295 -0.000134  0.000028 -0.000000  0.000000 -0.000000  0.000000 -0.000000  0.000000 -0.000000
                                 0.000000 -0.000000  0.000000 -0.000000  0.000000 -0.000000  0.000000 -0.000000  0.000000  0.000000
                                 0.000000 -0.000000 -0.000000  0.000000  0.000000  0.000000 -0.000000 -0.000000  0.000000  0.000000
                                -0.000000 -0.000000 -0.000000  0.000000 -0.000000 -0.000000  0.000000 -0.000000 -0.000000 -0.000000
                                -0.000000  0.000000 -0.000000  0.000000  0.000000  0.000000 -0.000000 -0.000000 -0.000000  0.000000
                                -0.000000 -0.000000

   5.1   2   -49.2941 -271.8877  0.000000 -0.000000  0.000000 -0.000000  0.000000  0.000000  0.000000  0.000000  0.000000  0.000000
                                 0.000000  0.000000 -0.000000  0.000000 -0.000000  0.000000 -0.000000  0.000000 -0.000000  0.000000
                                -0.000000  0.000000 -0.000000  0.000000 -0.000000  0.000000 -0.000000  0.000000 -0.000000  0.000000
                                -0.000000  0.000000 -0.000000 -0.000000  0.000090 -0.000000  0.000696 -0.000000  0.003988 -0.000000
                                 0.017830 -0.000000  0.061310 -0.000000  0.159686 -0.000001  0.296039 -0.000001  0.364712 -0.000001
                                 0.244224 -0.000000  0.069332 -0.000000  0.005392 -0.000000  0.000475  0.000000 -0.000042 -0.000000
                                 0.000033  0.000000 -0.000014 -0.000000  0.000006  0.000000 -0.000002  0.000000  0.000000 -0.000000
                                -0.000000 -0.000000  0.000000  0.000000  0.000000 -0.000000  0.000000 -0.000000  0.000000 -0.000000
                                 0.000000 -0.000000

   6.1   2   -49.2941 -271.8877  0.000000  0.000000  0.000000  0.000000  0.000000  0.000000  0.000000  0.000000  0.000000  0.000000
                                 0.000000  0.000000  0.000000  0.000000  0.000000 -0.000000 -0.000000 -0.000000 -0.000000  0.000000
                                -0.000000 -0.000000 -0.000000  0.000000  0.000000  0.000000 -0.000000 -0.000000 -0.000000  0.000000
                                -0.000000  0.000000 -0.000000  0.000090  0.000000  0.000696  0.000000  0.003988  0.000000  0.017830
                                 0.000000  0.061310  0.000000  0.159686  0.000000  0.296039  0.000001  0.364712  0.000001  0.244224
                                 0.000001  0.069332  0.000000  0.005392  0.000000  0.000475  0.000000 -0.000042 -0.000000  0.000033
                                 0.000000 -0.000014 -0.000000  0.000006  0.000000 -0.000002 -0.000000 -0.000000  0.000000 -0.000000
                                 0.000000  0.000000 -0.000000 -0.000000 -0.000000  0.000000  0.000000 -0.000000  0.000000 -0.000000
                                 0.000000 -0.000000

   7.1   2    -3.8444  -59.2041  0.000012  0.000012  0.000035  0.000053  0.000106  0.000178  0.000328  0.000572  0.001035  0.001857
                                 0.003378  0.006039  0.010295  0.015385  0.016169 -0.000656 -0.055706 -0.122907 -0.086531  0.191106
                                 0.462399 -0.018421  0.040785  0.028845 -0.666843 -0.665726  0.378509  0.884914  0.195998 -0.006798
                                 0.005928 -0.002648  0.000556 -0.000000 -0.000000 -0.000000  0.000000 -0.000000  0.000000 -0.000000
                                 0.000000 -0.000000  0.000000 -0.000000  0.000000 -0.000000  0.000000 -0.000000  0.000000 -0.000000
                                -0.000000  0.000000 -0.000000 -0.000000 -0.000000 -0.000000 -0.000000  0.000000  0.000000  0.000000
                                 0.000000 -0.000000  0.000000  0.000000 -0.000000 -0.000000 -0.000000  0.000000  0.000000  0.000000
                                 0.000000  0.000000  0.000000  0.000000  0.000000  0.000000  0.000000 -0.000000 -0.000000 -0.000000
                                 0.000000  0.000000

   8.1   2    -8.1783 -110.3111 -0.000000  0.000000 -0.000000  0.000000  0.000000 -0.000000  0.000000 -0.000000  0.000000  0.000000
                                 0.000000  0.000000  0.000000  0.000000  0.000000 -0.000000  0.000000 -0.000000  0.000000 -0.000000
                                 0.000000 -0.000000  0.000000 -0.000000  0.000000 -0.000000  0.000000  0.000000 -0.000000 -0.000000
                                 0.000000 -0.000000  0.000000 -0.000000 -0.000043 -0.000000 -0.000334 -0.000000 -0.001919 -0.000000
                                -0.008659 -0.000000 -0.030075 -0.000000 -0.079954 -0.000000 -0.146811 -0.000000 -0.166867 -0.000000
                                -0.000584  0.000000  0.321066  0.000001  0.470958  0.000000  0.281551  0.000000  0.054222  0.000000
                                 0.000187  0.000000  0.000519 -0.000000 -0.000221  0.000000  0.000080 -0.000000  0.000000 -0.000000
                                -0.000000 -0.000000  0.000000  0.000000  0.000000  0.000000 -0.000000  0.000000 -0.000000  0.000000
                                -0.000000  0.000000

   9.1   2    -8.1783 -110.3111  0.000000  0.000000  0.000000  0.000000  0.000000  0.000000  0.000000  0.000000  0.000000  0.000000
                                 0.000000  0.000000  0.000000  0.000000  0.000000  0.000000 -0.000000 -0.000000 -0.000000  0.000000
                                -0.000000  0.000000 -0.000001  0.000001 -0.000000  0.000000  0.000000 -0.000000 -0.000000 -0.000000
                                 0.000000 -0.000000  0.000000 -0.000043  0.000000 -0.000334  0.000000 -0.001919  0.000000 -0.008659
                                 0.000000 -0.030075  0.000000 -0.079954  0.000000 -0.146811  0.000000 -0.166867  0.000000 -0.000584
                                 0.000000  0.321066 -0.000000  0.470958 -0.000001  0.281551 -0.000000  0.054222 -0.000000  0.000187
                                -0.000000  0.000519 -0.000000 -0.000221  0.000000  0.000080 -0.000000 -0.000000  0.000000 -0.000000
                                 0.000000  0.000000 -0.000000  0.000000  0.000000  0.000000 -0.000000 -0.000000  0.000000  0.000000
                                 0.000000 -0.000000

  10.1   0    -1.0198  -25.5833 -0.000005 -0.000005 -0.000014 -0.000022 -0.000043 -0.000073 -0.000134 -0.000236 -0.000420 -0.000770
                                -0.001357 -0.002536 -0.004061 -0.006663 -0.005794 -0.001595  0.027236  0.040354  0.062157 -0.182307
                                 0.594527 -2.434648  5.156108 -4.168632  1.284603 -0.097111  0.200840 -1.384944  0.457564  1.536140
                                -0.723665  0.297668 -0.060134 -0.000000  0.000000 -0.000000  0.000000 -0.000000  0.000000 -0.000000
                                 0.000000 -0.000000  0.000000 -0.000000  0.000000 -0.000000  0.000000 -0.000000  0.000000  0.000000
                                -0.000000  0.000000  0.000000  0.000000 -0.000000  0.000000  0.000000 -0.000001  0.000000 -0.000001
                                 0.000000 -0.000000  0.000000  0.000000 -0.000000 -0.000000 -0.000000  0.000000 -0.000000 -0.000000
                                 0.000000  0.000000 -0.000000  0.000000 -0.000000 -0.000000 -0.000000  0.000000 -0.000000  0.000000
                                -0.000000  0.000000

  11.1   0    -1.1569  -37.1762  0.000000  0.000000  0.000000  0.000000  0.000000  0.000000  0.000000  0.000000  0.000000  0.000000
                                 0.000000  0.000000  0.000000  0.000000  0.000000 -0.000000 -0.000000 -0.000000  0.000000 -0.000000
                                 0.000000 -0.000000  0.000000 -0.000000 -0.000000  0.000000 -0.000000  0.000000 -0.000000 -0.000000
                                 0.000000 -0.000000  0.000000  0.000000  0.000012  0.000000  0.000097  0.000000  0.000554  0.000000
                                 0.002511  0.000000  0.008703  0.000000  0.023299  0.000000  0.042498  0.000000  0.048107 -0.000000
                                -0.007971 -0.000001 -0.112477 -0.000001 -0.166386 -0.000000 -0.037031  0.000001  0.280021  0.000003
                                 0.576415  0.000001  0.310918 -0.000000 -0.007466  0.000000  0.005244 -0.000000 -0.000000  0.000000
                                 0.000000  0.000000  0.000000 -0.000000 -0.000000  0.000000  0.000000 -0.000000  0.000000 -0.000000
                                -0.000000 -0.000000

                                   1 2px     1 2px     1 2px     1 2px     1 2px     1 2px     1 2px     1 2px     1 2px     1 2px  
                                   1 2px     1 2px     1 2px     1 2px     1 2px     1 2px     1 2px     1 2px     1 2px     1 2px  
                                   1 2px     1 2px     1 2px     1 2px     1 2px     1 2px     1 4f1+    1 4f3+    1 4f1+    1 4f3+ 
                                   1 4f1+    1 4f3+    1 4f1+    1 4f3+    1 4f1+    1 4f3+    1 4f1+    1 4f3+    1 4f1+    1 4f3+ 
                                   1 4f1+    1 4f3+    1 4f1+    1 4f3+    1 4f1+    1 4f3+    1 4f1+    1 4f3+    1 4f1+    1 4f3+ 
                                   1 4f1+    1 4f3+    1 4f1+    1 4f3+    1 6h1+    1 6h3+    1 6h5+    1 6h1+    1 6h3+    1 6h5+ 


   1.2   2  -289.0799 -831.7782  0.000013  0.000036  0.000109  0.000314  0.000925  0.002776  0.008419  0.025018  0.069320  0.164649
                                 0.301580  0.359206  0.215501  0.045710  0.002047 -0.000335  0.000747 -0.000645  0.000095 -0.000049
                                 0.000024 -0.000011  0.000005 -0.000002  0.000001 -0.000000  0.000000 -0.000000  0.000000 -0.000000
                                -0.000000 -0.000000 -0.000000  0.000000  0.000000 -0.000000 -0.000000  0.000000  0.000000 -0.000000
                                -0.000000  0.000000  0.000000 -0.000000 -0.000000  0.000000  0.000000 -0.000000 -0.000000 -0.000000
                                 0.000000  0.000000 -0.000000 -0.000000  0.000000  0.000000  0.000000 -0.000000 -0.000000 -0.000000

   2.2   2   -64.2669 -294.7673 -0.000006 -0.000018 -0.000054 -0.000156 -0.000460 -0.001386 -0.004234 -0.012738 -0.036124 -0.089133
                                -0.172403 -0.208079 -0.013022  0.388301  0.505020  0.199183 -0.001326  0.020102  0.001096 -0.000067
                                 0.000056 -0.000037  0.000017 -0.000008  0.000004 -0.000001 -0.000000 -0.000000 -0.000000  0.000000
                                -0.000000 -0.000000 -0.000000  0.000000 -0.000000 -0.000000  0.000000  0.000000  0.000000 -0.000000
                                -0.000000  0.000000  0.000000 -0.000000  0.000000  0.000000  0.000000 -0.000000  0.000000  0.000000
                                 0.000000 -0.000000 -0.000000  0.000000 -0.000000  0.000000 -0.000000  0.000000 -0.000000  0.000000

   3.2   2   -13.6267 -125.7282  0.000003  0.000008  0.000026  0.000074  0.000219  0.000660  0.002022  0.006093  0.017386  0.043226
                                 0.084882  0.102328 -0.012423 -0.283138 -0.405199  0.072942  0.003102  0.607288  0.443122  0.071956
                                -0.000572  0.001040 -0.000348  0.000152 -0.000065  0.000020  0.000000 -0.000000  0.000000  0.000000
                                 0.000000 -0.000000  0.000000 -0.000000  0.000000  0.000000 -0.000000 -0.000000  0.000000  0.000000
                                 0.000000 -0.000000  0.000000  0.000000  0.000000  0.000000  0.000000 -0.000000  0.000000  0.000000
                                -0.000000 -0.000000 -0.000000  0.000000 -0.000000 -0.000000  0.000000  0.000000  0.000000  0.000000

   4.2   2    -2.7525  -52.0378 -0.000001 -0.000003 -0.000010 -0.000028 -0.000083 -0.000251 -0.000770 -0.002322 -0.006635 -0.016514
                                -0.032555 -0.039173  0.006284  0.117854  0.171190 -0.064437  0.012160 -0.367821 -0.281669  0.278093
                                 0.657420  0.281833  0.000428  0.002904 -0.001347  0.000409  0.000000 -0.000000  0.000000  0.000000
                                 0.000000  0.000000  0.000001  0.000000  0.000003  0.000000  0.000000  0.000000  0.000004  0.000000
                                 0.000000  0.000000  0.000004  0.000000  0.000002  0.000000  0.000000 -0.000000 -0.000000  0.000000
                                 0.000000  0.000000 -0.000000 -0.000000  0.000000 -0.000000  0.000000 -0.000000 -0.000000 -0.000000

   5.2   +    -2.5836  -87.4895  0.000000  0.000000  0.000000  0.000000  0.000000  0.000000  0.000000  0.000000  0.000000  0.000000
                                 0.000000  0.000000 -0.000000 -0.000001 -0.000002  0.000001 -0.000000  0.000003  0.000003 -0.000002
                                -0.000007 -0.000004 -0.000000 -0.000000  0.000000 -0.000000  0.001046  0.000000  0.008928  0.000000
                                 0.040465  0.000000  0.119746  0.000001  0.241666  0.000002  0.002165  0.000000  0.333368  0.000003
                                 0.004800  0.000000  0.329583  0.000003  0.222602  0.000002  0.072713  0.000001  0.002170  0.000000
                                 0.000482  0.000000 -0.000199 -0.000000  0.000000  0.000000  0.000000  0.000000  0.000000 -0.000000

   6.2   +    -2.5836  -87.4895 -0.000000 -0.000000 -0.000000 -0.000000 -0.000000 -0.000000 -0.000000 -0.000000 -0.000000 -0.000000
                                -0.000000 -0.000000  0.000000  0.000000  0.000000 -0.000000  0.000000 -0.000000 -0.000000  0.000000
                                 0.000000  0.000000  0.000000 -0.000000 -0.000000  0.000000 -0.000000  0.001046 -0.000000  0.008928
                                -0.000000  0.040465 -0.000001  0.119745 -0.000002  0.241666 -0.000000  0.002165 -0.000003  0.333368
                                -0.000000  0.004800 -0.000003  0.329583 -0.000002  0.222602 -0.000001  0.072713 -0.000000  0.002170
                                -0.000000  0.000482  0.000000 -0.000199 -0.000000  0.000000 -0.000000 -0.000000  0.000000  0.000000

   7.2   0    -0.8182  -21.7506  0.000000  0.000001  0.000004  0.000011  0.000032  0.000096  0.000294  0.000886  0.002533  0.006308
                                 0.012434  0.014979 -0.002525 -0.045405 -0.066775  0.028511 -0.011079  0.157411  0.110684 -0.140753
                                -0.388110 -0.211094  0.915200  0.353194 -0.046942  0.012249  0.000000  0.000000  0.000000  0.000000
                                 0.000000  0.000000  0.000000  0.000000  0.000000 -0.000000 -0.000000  0.000000  0.000000 -0.000000
                                -0.000000  0.000000  0.000000 -0.000000  0.000000  0.000000  0.000000 -0.000000  0.000000  0.000000
                                 0.000000 -0.000000 -0.000000  0.000000  0.000000  0.000000  0.000000 -0.000000 -0.000000 -0.000000

   8.2   0    -0.5051  -17.0630  0.000000  0.000000  0.000000  0.000000  0.000000  0.000000  0.000000  0.000000  0.000000  0.000000
                                 0.000000  0.000000 -0.000000 -0.000000 -0.000000  0.000000 -0.000000  0.000000 -0.000000 -0.000000
                                -0.000000  0.000000  0.000001 -0.000002 -0.000000  0.000000 -0.000125 -0.000000 -0.001018 -0.000000
                                -0.004826 -0.000000 -0.013421 -0.000000 -0.034548 -0.000000  0.012679  0.000000 -0.056211 -0.000001
                                 0.027125  0.000000 -0.053530 -0.000000  0.011797  0.000000  0.059201  0.000001  0.433909  0.000004
                                 0.635069  0.000006  0.036661  0.000000 -0.000000 -0.000000 -0.000000  0.000000 -0.000000 -0.000000

                                   1 2py     1 2py     1 2py     1 2py     1 2py     1 2py     1 2py     1 2py     1 2py     1 2py  
                                   1 2py     1 2py     1 2py     1 2py     1 2py     1 2py     1 2py     1 2py     1 2py     1 2py  
                                   1 2py     1 2py     1 2py     1 2py     1 2py     1 2py     1 4f1-    1 4f3-    1 4f1-    1 4f3- 
                                   1 4f1-    1 4f3-    1 4f1-    1 4f3-    1 4f1-    1 4f3-    1 4f1-    1 4f3-    1 4f1-    1 4f3- 
                                   1 4f1-    1 4f3-    1 4f1-    1 4f3-    1 4f1-    1 4f3-    1 4f1-    1 4f3-    1 4f1-    1 4f3- 
                                   1 4f1-    1 4f3-    1 4f1-    1 4f3-    1 6h1-    1 6h3-    1 6h5-    1 6h1-    1 6h3-    1 6h5- 


   1.3   2  -289.0799 -831.7782  0.000013  0.000036  0.000109  0.000314  0.000925  0.002776  0.008419  0.025018  0.069320  0.164649
                                 0.301580  0.359206  0.215501  0.045710  0.002047 -0.000335  0.000747 -0.000645  0.000095 -0.000049
                                 0.000024 -0.000011  0.000005 -0.000002  0.000001 -0.000000  0.000000  0.000000  0.000000  0.000000
                                -0.000000  0.000000 -0.000000 -0.000000  0.000000  0.000000 -0.000000 -0.000000  0.000000  0.000000
                                -0.000000 -0.000000  0.000000  0.000000 -0.000000 -0.000000  0.000000  0.000000 -0.000000 -0.000000
                                 0.000000 -0.000000 -0.000000 -0.000000  0.000000  0.000000  0.000000 -0.000000 -0.000000 -0.000000

   2.3   2   -64.2669 -294.7673 -0.000006 -0.000018 -0.000054 -0.000156 -0.000460 -0.001386 -0.004234 -0.012738 -0.036124 -0.089133
                                -0.172403 -0.208079 -0.013022  0.388301  0.505020  0.199183 -0.001326  0.020102  0.001096 -0.000067
                                 0.000056 -0.000037  0.000017 -0.000008  0.000004 -0.000001 -0.000000 -0.000000 -0.000000  0.000000
                                -0.000000 -0.000000 -0.000000  0.000000 -0.000000 -0.000000  0.000000  0.000000  0.000000 -0.000000
                                -0.000000  0.000000  0.000000 -0.000000  0.000000  0.000000  0.000000 -0.000000  0.000000 -0.000000
                                 0.000000  0.000000 -0.000000 -0.000000 -0.000000  0.000000 -0.000000  0.000000 -0.000000  0.000000

   3.3   2   -13.6267 -125.7282  0.000003  0.000008  0.000026  0.000074  0.000219  0.000660  0.002022  0.006093  0.017386  0.043226
                                 0.084882  0.102328 -0.012423 -0.283138 -0.405199  0.072942  0.003102  0.607288  0.443122  0.071956
                                -0.000572  0.001040 -0.000348  0.000152 -0.000065  0.000020  0.000000 -0.000000  0.000000  0.000000
                                 0.000000 -0.000000  0.000000  0.000000  0.000000 -0.000000 -0.000000  0.000000  0.000000 -0.000000
                                 0.000000  0.000000  0.000000 -0.000000  0.000000 -0.000000  0.000000  0.000000  0.000000 -0.000000
                                -0.000000  0.000000 -0.000000 -0.000000 -0.000000 -0.000000  0.000000  0.000000  0.000000  0.000000

   4.3   2    -2.7525  -52.0378 -0.000001 -0.000003 -0.000010 -0.000028 -0.000083 -0.000251 -0.000770 -0.002322 -0.006635 -0.016514
                                -0.032555 -0.039173  0.006284  0.117854  0.171190 -0.064437  0.012160 -0.367821 -0.281669  0.278093
                                 0.657420  0.281833  0.000428  0.002904 -0.001347  0.000409  0.000000 -0.000000  0.000000 -0.000000
                                 0.000000 -0.000000  0.000001 -0.000000  0.000003 -0.000000  0.000000 -0.000000  0.000004 -0.000000
                                 0.000000 -0.000000  0.000004 -0.000000  0.000002 -0.000000  0.000000 -0.000000 -0.000000 -0.000000
                                 0.000000 -0.000000 -0.000000 -0.000000  0.000000 -0.000000  0.000000 -0.000000 -0.000000 -0.000000

   5.3   +    -2.5836  -87.4895  0.000000  0.000000  0.000000  0.000000  0.000000  0.000000  0.000000  0.000000  0.000000  0.000000
                                 0.000000  0.000000 -0.000000 -0.000001 -0.000002  0.000001 -0.000000  0.000003  0.000003 -0.000002
                                -0.000007 -0.000004 -0.000000 -0.000000  0.000000 -0.000000  0.001046 -0.000000  0.008928 -0.000000
                                 0.040465 -0.000000  0.119746 -0.000000  0.241666 -0.000000  0.002165 -0.000000  0.333368 -0.000001
                                 0.004800 -0.000000  0.329583 -0.000001  0.222602 -0.000000  0.072713 -0.000000  0.002170 -0.000000
                                 0.000482 -0.000000 -0.000199  0.000000  0.000000 -0.000000 -0.000000  0.000000  0.000000  0.000000

   6.3   +    -2.5836  -87.4895  0.000000  0.000000  0.000000  0.000000  0.000000  0.000000  0.000000  0.000000  0.000000  0.000000
                                 0.000000  0.000000 -0.000000 -0.000000 -0.000000  0.000000 -0.000000  0.000000 -0.000000  0.000000
                                -0.000000  0.000000 -0.000000  0.000000 -0.000000  0.000000  0.000000  0.001046  0.000000  0.008928
                                 0.000000  0.040465  0.000000  0.119745  0.000000  0.241666  0.000000  0.002165  0.000001  0.333368
                                 0.000000  0.004800  0.000001  0.329583  0.000000  0.222602  0.000000  0.072713  0.000000  0.002170
                                 0.000000  0.000482 -0.000000 -0.000199  0.000000  0.000000 -0.000000  0.000000  0.000000  0.000000

   7.3   0    -0.8182  -21.7506  0.000000  0.000001  0.000004  0.000011  0.000032  0.000096  0.000294  0.000886  0.002533  0.006308
                                 0.012434  0.014979 -0.002525 -0.045405 -0.066775  0.028511 -0.011079  0.157411  0.110684 -0.140753
                                -0.388110 -0.211094  0.915200  0.353194 -0.046942  0.012249  0.000000 -0.000000  0.000000 -0.000000
                                 0.000000 -0.000000  0.000000 -0.000000  0.000000  0.000000 -0.000000 -0.000000  0.000000  0.000000
                                -0.000000 -0.000000  0.000000 -0.000000  0.000000  0.000000  0.000000 -0.000000  0.000000  0.000000
                                 0.000000 -0.000000 -0.000000  0.000000  0.000000 -0.000000 -0.000000 -0.000000 -0.000000  0.000000

   8.3   0    -0.5051  -17.0630  0.000000  0.000000  0.000000  0.000000  0.000000  0.000000  0.000000  0.000000  0.000000  0.000000
                                 0.000000  0.000000 -0.000000 -0.000000 -0.000000  0.000000 -0.000000  0.000000 -0.000000 -0.000000
                                -0.000000  0.000000  0.000001 -0.000002 -0.000000  0.000000 -0.000125 -0.000000 -0.001018 -0.000000
                                -0.004826 -0.000000 -0.013421 -0.000000 -0.034548 -0.000000  0.012679  0.000000 -0.056211 -0.000000
                                 0.027125  0.000000 -0.053530 -0.000000  0.011797  0.000000  0.059201  0.000000  0.433909  0.000000
                                 0.635069  0.000000  0.036661  0.000000 -0.000000  0.000000 -0.000000  0.000000 -0.000000  0.000000

                                   1 3d2-    1 3d2-    1 3d2-    1 3d2-    1 3d2-    1 3d2-    1 3d2-    1 3d2-    1 3d2-    1 3d2- 
                                   1 3d2-    1 3d2-    1 3d2-    1 3d2-    1 3d2-    1 3d2-    1 3d2-    1 5g2-    1 5g4-    1 5g2- 
                                   1 5g4-    1 5g2-    1 5g4-    1 5g2-    1 5g4-    1 5g2-    1 5g4- 

   1.4   2   -49.2941 -271.8877  0.000090  0.000696  0.003988  0.017830  0.061310  0.159686  0.296039  0.364712  0.244224  0.069332
                                 0.005392  0.000475 -0.000042  0.000033 -0.000014  0.000006 -0.000002 -0.000000  0.000000  0.000000
                                -0.000000 -0.000000  0.000000  0.000000 -0.000000 -0.000000  0.000000

   2.4   2    -8.1783 -110.3111 -0.000043 -0.000334 -0.001919 -0.008659 -0.030075 -0.079954 -0.146811 -0.166867 -0.000584  0.321066
                                 0.470958  0.281551  0.054222  0.000187  0.000519 -0.000221  0.000080 -0.000000  0.000000  0.000000
                                -0.000000  0.000000 -0.000000 -0.000000  0.000000  0.000000 -0.000000

   3.4   0    -1.1569  -37.1762  0.000012  0.000097  0.000554  0.002511  0.008703  0.023299  0.042498  0.048107 -0.007971 -0.112477
                                -0.166386 -0.037031  0.280021  0.576415  0.310918 -0.007466  0.005244  0.000000 -0.000000  0.000000
                                 0.000000  0.000000 -0.000000  0.000000 -0.000000 -0.000000  0.000000

   4.4   0    -0.5543  -16.6758 -0.000006 -0.000046 -0.000253 -0.001182 -0.003980 -0.010995 -0.019263 -0.023388  0.006306  0.048864
                                 0.086129  0.000543 -0.123664 -0.406212  0.235341  0.883133 -0.020762 -0.000000 -0.000000 -0.000000
                                -0.000000 -0.000000 -0.000000  0.000000  0.000000  0.000000  0.000000

                                   1 2pz     1 2pz     1 2pz     1 2pz     1 2pz     1 2pz     1 2pz     1 2pz     1 2pz     1 2pz  
                                   1 2pz     1 2pz     1 2pz     1 2pz     1 2pz     1 2pz     1 2pz     1 2pz     1 2pz     1 2pz  
                                   1 2pz     1 2pz     1 2pz     1 2pz     1 2pz     1 2pz     1 4f0     1 4f2+    1 4f0     1 4f2+ 
                                   1 4f0     1 4f2+    1 4f0     1 4f2+    1 4f0     1 4f2+    1 4f0     1 4f2+    1 4f0     1 4f2+ 
                                   1 4f0     1 4f2+    1 4f0     1 4f2+    1 4f0     1 4f2+    1 4f0     1 4f2+    1 4f0     1 4f2+ 
                                   1 4f0     1 4f2+    1 4f0     1 4f2+    1 6h2+    1 6h4+    1 6h0     1 6h2+    1 6h4+    1 6h0  


   1.5   2  -289.0799 -831.7782  0.000013  0.000036  0.000109  0.000314  0.000925  0.002776  0.008419  0.025018  0.069320  0.164649
                                 0.301580  0.359206  0.215501  0.045710  0.002047 -0.000335  0.000747 -0.000645  0.000095 -0.000049
                                 0.000024 -0.000011  0.000005 -0.000002  0.000001 -0.000000 -0.000000  0.000000 -0.000000  0.000000
                                -0.000000  0.000000  0.000000 -0.000000 -0.000000  0.000000  0.000000 -0.000000 -0.000000  0.000000
                                 0.000000 -0.000000 -0.000000  0.000000 -0.000000 -0.000000 -0.000000  0.000000  0.000000 -0.000000
                                -0.000000  0.000000  0.000000 -0.000000 -0.000000  0.000000  0.000000  0.000000 -0.000000 -0.000000

   2.5   2   -64.2669 -294.7673 -0.000006 -0.000018 -0.000054 -0.000156 -0.000460 -0.001386 -0.004234 -0.012738 -0.036124 -0.089133
                                -0.172403 -0.208079 -0.013022  0.388301  0.505020  0.199183 -0.001326  0.020102  0.001096 -0.000067
                                 0.000056 -0.000037  0.000017 -0.000008  0.000004 -0.000001 -0.000000  0.000000  0.000000 -0.000000
                                 0.000000  0.000000 -0.000000 -0.000000 -0.000000  0.000000  0.000000 -0.000000 -0.000000  0.000000
                                 0.000000 -0.000000 -0.000000  0.000000 -0.000000 -0.000000 -0.000000  0.000000 -0.000000 -0.000000
                                -0.000000  0.000000  0.000000 -0.000000 -0.000000  0.000000 -0.000000  0.000000 -0.000000  0.000000

   3.5   2   -13.6267 -125.7282  0.000003  0.000008  0.000026  0.000074  0.000219  0.000660  0.002022  0.006093  0.017386  0.043226
                                 0.084882  0.102328 -0.012423 -0.283138 -0.405199  0.072942  0.003102  0.607288  0.443123  0.071956
                                -0.000572  0.001040 -0.000348  0.000152 -0.000065  0.000020 -0.000000  0.000000 -0.000000 -0.000000
                                -0.000000 -0.000000 -0.000000 -0.000000 -0.000000  0.000000 -0.000000 -0.000000 -0.000000 -0.000000
                                -0.000000 -0.000000  0.000000  0.000000  0.000000 -0.000000 -0.000000 -0.000000 -0.000000  0.000000
                                -0.000000  0.000000  0.000000  0.000000 -0.000000  0.000000 -0.000000  0.000000 -0.000000  0.000000

   4.5   2    -2.7525  -52.0378 -0.000001 -0.000003 -0.000010 -0.000028 -0.000083 -0.000251 -0.000770 -0.002322 -0.006635 -0.016514
                                -0.032555 -0.039173  0.006284  0.117854  0.171189 -0.064437  0.012160 -0.367820 -0.281669  0.278093
                                 0.657420  0.281833  0.000428  0.002904 -0.001347  0.000409 -0.000000 -0.000000 -0.000000 -0.000000
                                -0.000000 -0.000000 -0.000000 -0.000000 -0.000001 -0.000000  0.000000  0.000000 -0.000001 -0.000000
                                 0.000000 -0.000000 -0.000001 -0.000000 -0.000000 -0.000000  0.000000 -0.000000 -0.000000 -0.000000
                                -0.000000  0.000000  0.000000  0.000000 -0.000000  0.000000  0.000000 -0.000000 -0.000000 -0.000000

   5.5   +    -2.5836  -87.4895 -0.000000 -0.000000 -0.000000 -0.000000 -0.000000 -0.000000 -0.000000 -0.000000 -0.000000 -0.000000
                                -0.000000 -0.000000  0.000000  0.000000  0.000000 -0.000000  0.000000 -0.000001 -0.000001  0.000001
                                 0.000002  0.000001 -0.000000  0.000000 -0.000000  0.000000  0.001046  0.000000  0.008928  0.000000
                                 0.040465  0.000000  0.119745  0.000000  0.241666  0.000001  0.002165  0.000000  0.333368  0.000001
                                 0.004800  0.000000  0.329583  0.000001  0.222602  0.000001  0.072713  0.000000  0.002170  0.000000
                                 0.000482  0.000000 -0.000199 -0.000000 -0.000000 -0.000000  0.000000  0.000000  0.000000  0.000000

   6.5   +    -2.5836  -87.4895  0.000000 -0.000000 -0.000000 -0.000000 -0.000000 -0.000000 -0.000000 -0.000000 -0.000000 -0.000000
                                -0.000000 -0.000000  0.000000  0.000000  0.000000 -0.000000  0.000000 -0.000000  0.000000 -0.000000
                                 0.000000 -0.000000  0.000000 -0.000000  0.000000 -0.000000 -0.000000  0.001046 -0.000000  0.008928
                                -0.000000  0.040465 -0.000000  0.119745 -0.000001  0.241666 -0.000000  0.002165 -0.000001  0.333368
                                -0.000000  0.004800 -0.000001  0.329583 -0.000001  0.222603 -0.000000  0.072713 -0.000000  0.002170
                                -0.000000  0.000482  0.000000 -0.000199  0.000000 -0.000000 -0.000000  0.000000  0.000000  0.000000

   7.5   0    -0.8182  -21.7506  0.000000  0.000001  0.000004  0.000011  0.000032  0.000096  0.000294  0.000886  0.002533  0.006308
                                 0.012434  0.014979 -0.002525 -0.045405 -0.066775  0.028511 -0.011079  0.157411  0.110684 -0.140753
                                -0.388111 -0.211093  0.915200  0.353193 -0.046942  0.012249  0.000000  0.000000  0.000000 -0.000000
                                 0.000000  0.000000  0.000000 -0.000000  0.000000  0.000000 -0.000000 -0.000000  0.000000  0.000000
                                -0.000000 -0.000000  0.000000  0.000000 -0.000000 -0.000000  0.000000  0.000000  0.000000  0.000000
                                 0.000000 -0.000000 -0.000000  0.000000  0.000000  0.000000  0.000000 -0.000000 -0.000000 -0.000000

   8.5   0    -0.5051  -17.0630  0.000000  0.000000  0.000000  0.000000  0.000000  0.000000  0.000000  0.000000  0.000000  0.000000
                                 0.000000  0.000000 -0.000000 -0.000000 -0.000000  0.000000 -0.000000  0.000000  0.000000 -0.000000
                                -0.000000  0.000000  0.000001 -0.000001 -0.000000  0.000000 -0.000125 -0.000000 -0.001018 -0.000000
                                -0.004826 -0.000000 -0.013421 -0.000000 -0.034548 -0.000000  0.012679  0.000000 -0.056211 -0.000000
                                 0.027125  0.000000 -0.053530 -0.000000  0.011797  0.000000  0.059201  0.000000  0.433909  0.000002
                                 0.635069  0.000002  0.036661  0.000000  0.000000  0.000000 -0.000000 -0.000000 -0.000000  0.000000

                                   1 3d1+    1 3d1+    1 3d1+    1 3d1+    1 3d1+    1 3d1+    1 3d1+    1 3d1+    1 3d1+    1 3d1+ 
                                   1 3d1+    1 3d1+    1 3d1+    1 3d1+    1 3d1+    1 3d1+    1 3d1+    1 5g1+    1 5g3+    1 5g1+ 
                                   1 5g3+    1 5g1+    1 5g3+    1 5g1+    1 5g3+    1 5g1+    1 5g3+ 

   1.6   2   -49.2941 -271.8877  0.000090  0.000696  0.003988  0.017830  0.061310  0.159686  0.296039  0.364712  0.244224  0.069332
                                 0.005392  0.000475 -0.000042  0.000033 -0.000014  0.000006 -0.000002 -0.000000  0.000000  0.000000
                                -0.000000 -0.000000  0.000000  0.000000 -0.000000 -0.000000  0.000000

   2.6   2    -8.1783 -110.3111 -0.000043 -0.000334 -0.001919 -0.008659 -0.030075 -0.079954 -0.146811 -0.166867 -0.000584  0.321066
                                 0.470958  0.281551  0.054222  0.000187  0.000519 -0.000221  0.000080 -0.000000  0.000000  0.000000
                                -0.000000  0.000000  0.000000 -0.000000 -0.000000  0.000000  0.000000

   3.6   0    -1.1569  -37.1762  0.000012  0.000097  0.000554  0.002511  0.008703  0.023299  0.042498  0.048107 -0.007971 -0.112477
                                -0.166386 -0.037032  0.280022  0.576416  0.310918 -0.007466  0.005244  0.000000 -0.000000 -0.000000
                                 0.000000  0.000000 -0.000000  0.000000 -0.000000 -0.000000  0.000000

   4.6   0    -0.5543  -16.6758 -0.000006 -0.000046 -0.000253 -0.001182 -0.003980 -0.010995 -0.019263 -0.023388  0.006306  0.048864
                                 0.086129  0.000543 -0.123664 -0.406212  0.235342  0.883133 -0.020762 -0.000000  0.000000  0.000000
                                -0.000000 -0.000000 -0.000000  0.000000  0.000000  0.000000  0.000000

                                   1 3d1-    1 3d1-    1 3d1-    1 3d1-    1 3d1-    1 3d1-    1 3d1-    1 3d1-    1 3d1-    1 3d1- 
                                   1 3d1-    1 3d1-    1 3d1-    1 3d1-    1 3d1-    1 3d1-    1 3d1-    1 5g1-    1 5g3-    1 5g1- 
                                   1 5g3-    1 5g1-    1 5g3-    1 5g1-    1 5g3-    1 5g1-    1 5g3- 

   1.7   2   -49.2941 -271.8877  0.000090  0.000696  0.003988  0.017830  0.061310  0.159686  0.296039  0.364712  0.244224  0.069332
                                 0.005392  0.000475 -0.000042  0.000033 -0.000014  0.000006 -0.000002 -0.000000  0.000000  0.000000
                                -0.000000 -0.000000 -0.000000  0.000000  0.000000 -0.000000 -0.000000

   2.7   2    -8.1783 -110.3111 -0.000043 -0.000334 -0.001919 -0.008659 -0.030075 -0.079954 -0.146811 -0.166867 -0.000584  0.321066
                                 0.470958  0.281551  0.054222  0.000187  0.000519 -0.000221  0.000080 -0.000000  0.000000  0.000000
                                -0.000000  0.000000 -0.000000 -0.000000  0.000000  0.000000 -0.000000

   3.7   0    -1.1569  -37.1762  0.000012  0.000097  0.000554  0.002511  0.008703  0.023299  0.042498  0.048107 -0.007971 -0.112477
                                -0.166386 -0.037032  0.280022  0.576416  0.310918 -0.007466  0.005244  0.000000 -0.000000 -0.000000
                                -0.000000  0.000000 -0.000000  0.000000  0.000000 -0.000000  0.000000

   4.7   0    -0.5543  -16.6758 -0.000006 -0.000046 -0.000253 -0.001182 -0.003980 -0.010995 -0.019263 -0.023388  0.006306  0.048864
                                 0.086129  0.000543 -0.123664 -0.406212  0.235342  0.883133 -0.020762 -0.000000  0.000000  0.000000
                                -0.000000 -0.000000  0.000000  0.000000 -0.000000  0.000000 -0.000000

                                   1 4f2-    1 4f2-    1 4f2-    1 4f2-    1 4f2-    1 4f2-    1 4f2-    1 4f2-    1 4f2-    1 4f2- 
                                   1 4f2-    1 4f2-    1 4f2-    1 4f2-    1 6h4-    1 6h2-    1 6h4-    1 6h2- 

   1.8   +    -2.5836  -87.4895  0.001046  0.008928  0.040465  0.119745  0.241666  0.002165  0.333368  0.004800  0.329583  0.222603
                                 0.072713  0.002170  0.000482 -0.000199 -0.000000  0.000000  0.000000  0.000000

   2.8   0    -0.5051  -17.0630 -0.000125 -0.001018 -0.004826 -0.013421 -0.034548  0.012679 -0.056211  0.027125 -0.053530  0.011797
                                 0.059201  0.433909  0.635069  0.036662 -0.000000 -0.000000 -0.000000  0.000000

   3.8   0    -0.3219  -10.7411  0.000104  0.000829  0.004007  0.010839  0.030720 -0.014990  0.052800 -0.032242  0.051050 -0.016514
                                -0.051319 -0.435038 -0.122236  0.995596  0.000000  0.000000  0.000000 -0.000000

 HOMO      6.5    -2.583636 =     -70.3043eV
 LUMO      3.6    -1.156867 =     -31.4799eV
 LUMO-HOMO         1.426769 =      38.8244eV


 **********************************************************************************************************************************
 DATASETS  * FILE   NREC   LENGTH (MB)   RECORD NAMES
              1      22       21.35       500      610      700      900      950      970     1000      129      960     1700   
                                          VAR    BASINP    GEOM    SYMINP    ZMAT    AOBASIS   BASIS     P2S    ABASIS    OPER   
                                         1101     1401     1411     1412     1650     1100     1400     1410     1200     1210   
                                          SR      EKINR    POTR     PVPR    MOLCAS      S      EKIN      POT      H0       H01  
                                         1080     1600   
                                         AOSYM     SMH  

              2       5        5.97       200      700     1000      520     2117   
                                        OPTIONS   GEOM     BASIS   MCVARS     RHF  

 PROGRAMS   *        TOTAL       RHF       INT
 CPU TIMES  *        92.78      1.85     90.59
 REAL TIME  *        95.88 SEC
 DISK USED  *         4.12 GB      
 SF USED    *         0.08 MB      
 GA USED    *         0.00 MB       (max)       0.00 MB       (current)
 **********************************************************************************************************************************
 SETTING SCF(14)        =    -11702.30144458  AU                              


 PROGRAM * POP (Mulliken population analysis)

 
 Density matrix read from record         2117.2  Type=RHF/CHARGE (state 1.8)
 
 Population analysis by basis function type

 Unique atom        s        p        d        f        g    Total    Charge
   1  TB     10.00000 24.00000 20.00000  7.00000  0.00000 61.00000  + 4.00000


 **********************************************************************************************************************************
 DATASETS  * FILE   NREC   LENGTH (MB)   RECORD NAMES
              1      22       21.35       500      610      700      900      950      970     1000      129      960     1700   
                                          VAR    BASINP    GEOM    SYMINP    ZMAT    AOBASIS   BASIS     P2S    ABASIS    OPER   
                                         1101     1401     1411     1412     1650     1100     1400     1410     1200     1210   
                                          SR      EKINR    POTR     PVPR    MOLCAS      S      EKIN      POT      H0       H01  
                                         1080     1600   
                                         AOSYM     SMH  

              2       5        5.97       200      700     1000      520     2117   
                                        OPTIONS   GEOM     BASIS   MCVARS     RHF  

 PROGRAMS   *        TOTAL       POP       RHF       INT
 CPU TIMES  *        92.79      0.00      1.85     90.59
 REAL TIME  *        95.90 SEC
 DISK USED  *         4.12 GB      
 SF USED    *         0.08 MB      
 GA USED    *         0.00 MB       (max)       0.00 MB       (current)
 **********************************************************************************************************************************
 SETTING _CC_NORM_MAX   =         2.00000000                                  


 PROGRAM * CCSD (Unrestricted open-shell coupled cluster)     Authors: C. Hampel, H.-J. Werner, 1991, M. Deegan, P.J. Knowles, 1992


 Input parameters for THRESH:

 THRDIS =    1.000000
 ONEINT =    1.00D-15
 TWOINT =    1.00D-15
 ENERGY =    5.00D-06
 COEFF  =    0.001000

 Convergence thresholds:  THRVAR = 1.00D-06  THRDEN = 5.00D-06

 CCSD(T)     terms to be evaluated (factor= 1.000)


 Number of closed-shell orbitals:  27 (   9   4   4   2   4   2   2   0 )
 Number of active  orbitals:        7 (   0   2   2   0   2   0   0   1 )
 Number of external orbitals:     327 (  73  54  54  25  54  25  25  17 )

 Memory could be reduced to 264.26 Mwords without degradation in triples

 Number of N-1 electron functions:              61
 Number of N-2 electron functions:            1830
 Number of singly external CSFs:              3312
 Number of doubly external CSFs:          19639731
 Total number of CSFs:                    19643043

 Molecular orbitals read from record     2117.2  Type=RHF/CANONICAL (state 1.8)

 Integral transformation finished. Total CPU:   6.41 sec, npass=  1  Memory used:  61.28 MW

 Starting RMP2 calculation

 ITER.      SQ.NORM     CORR.ENERGY   TOTAL ENERGY   ENERGY CHANGE        DEN1      VAR(S)    VAR(P)  DIIS     TIME
   1      1.12361248    -3.14257926-11705.44402384    -3.14257926    -0.00080677  0.43D-05  0.12D-03  1  1     8.77
   2      1.12390177    -3.14339951-11705.44484410    -0.00082026    -0.00000258  0.18D-07  0.51D-06  2  2    12.17
   3      1.12391620    -3.14342614-11705.44487072    -0.00002662    -0.00000002  0.90D-11  0.33D-08  3  3    18.05
   4      1.12391638    -3.14342631-11705.44487090    -0.00000018    -0.00000000  0.71D-12  0.15D-10  4  4    21.75

 Norm of t1 vector:      0.03583030      S-energy:    -0.00530810      T1 diagnostic:  0.00004311
 Norm of t2 vector:      0.35018933      P-energy:    -3.13811821
                                         Alpha-Beta:  -1.97346792
                                         Alpha-Alpha: -0.69489057
                                         Beta-Beta:   -0.46975972

 Spin contamination <S**2-Sz**2-Sz>     0.00217274
  Reference energy                   -11702.3014445836    
  RHF-RMP2 correlation energy          -3.143426311862
 !RHF-RMP2 energy                    -11705.4448708954    

 Starting UCCSD calculation

 ITER.      SQ.NORM     CORR.ENERGY   TOTAL ENERGY   ENERGY CHANGE        DEN1      VAR(S)    VAR(P)  DIIS     TIME
   1      1.09910390    -2.89970479-11705.20114937    -2.89970479    -0.05956832  0.15D-02  0.37D-02  0  0    49.56
   2      1.10748444    -2.95629617-11705.25774075    -0.05659138    -0.00318854  0.26D-04  0.29D-03  1  1    77.05
   3      1.10698993    -2.94792066-11705.24936524     0.00837551    -0.00010146  0.16D-04  0.10D-04  2  2   102.11
   4      1.10740905    -2.94865666-11705.25010124    -0.00073600    -0.00000982  0.73D-06  0.13D-05  3  3   127.58
   5      1.10757641    -2.94891042-11705.25035500    -0.00025376    -0.00000031  0.29D-07  0.48D-07  4  4   154.95
   6      1.10758412    -2.94891222-11705.25035680    -0.00000180    -0.00000003  0.11D-08  0.63D-08  5  5   183.44

 Norm of t1 vector:      0.06080964      S-energy:    -0.00625408      T1 diagnostic:  0.00380995
                                                                       D1 diagnostic:  0.00964714
 Norm of t2 vector:      0.32231399      P-energy:    -2.94265814
                                         Alpha-Beta:  -1.89203393
                                         Alpha-Alpha: -0.62139245
                                         Beta-Beta:   -0.42923177

 Spin contamination <S**2-Sz**2-Sz>     0.00103289

 Memory could be reduced to 303.24 Mwords without degradation in triples
 

  Correlated core orbitals:             1.1       2.1       3.1       4.1       5.1       6.1       7.1       8.1       1.2       2.2
                                        3.2       1.3       2.3       3.3       1.4       2.4       1.5       2.5       3.5       1.6
                                        2.6       1.7       2.7
  Orbital energies:                 -1922.3547 -324.8298  -75.6514  -17.7049  -49.4107  -49.4107   -3.9138   -8.5213 -289.0833  -64.3737
                                      -13.8910 -289.0833  -64.3737  -13.8910  -49.4107   -8.5213 -289.0833  -64.3737  -13.8910  -49.4107
                                       -8.5213  -49.4107   -8.5213
 
  UCCSD core-core energy               -1.693908738011
  UCCSD core-valence energy            -0.766299508291
  UCCSD valence correlation energy     -0.488703970583
 

 RESULTS
 =======

  Reference energy                   -11702.3014445836    
  UCCSD singles energy                 -0.006254078327
  UCCSD pair energy                    -2.942658138558
  UCCSD correlation energy             -2.948912216885
  Triples (T) contribution             -0.033581549024
  Total correlation energy             -2.982493765909
 
  RHF-UCCSD energy                   -11705.2503568004    
  RHF-UCCSD[T] energy                -11705.2847800090    
  RHF-UCCSD-T energy                 -11705.2837661148    
 !RHF-UCCSD(T) energy                -11705.2839383495    

 Program statistics:

 Available memory in ccsd:               999990312
 Min. memory needed in ccsd:              54351424
 Max. memory used in ccsd:                79912650
 Max. memory used in cckext:              64000176 ( 6 integral passes)
 Max. memory used in cckint:              61277717 ( 1 integral passes)



 **********************************************************************************************************************************
 DATASETS  * FILE   NREC   LENGTH (MB)   RECORD NAMES
              1      22       21.35       500      610      700      900      950      970     1000      129      960     1700   
                                          VAR    BASINP    GEOM    SYMINP    ZMAT    AOBASIS   BASIS     P2S    ABASIS    OPER   
                                         1101     1401     1411     1412     1650     1100     1400     1410     1200     1210   
                                          SR      EKINR    POTR     PVPR    MOLCAS      S      EKIN      POT      H0       H01  
                                         1080     1600   
                                         AOSYM     SMH  

              2       5        5.97       200      700     1000      520     2117   
                                        OPTIONS   GEOM     BASIS   MCVARS     RHF  

 PROGRAMS   *        TOTAL  UCCSD(T)       POP       RHF       INT
 CPU TIMES  *      1070.00    977.14      0.00      1.85     90.59
 REAL TIME  *      1304.88 SEC
 DISK USED  *        27.11 GB      
 SF USED    *         6.10 GB      
 GA USED    *         0.00 MB       (max)       0.00 MB       (current)
 **********************************************************************************************************************************
 SETTING CCSD(14)       =    -11705.28393835  AU                              
                                                                                                                                                                                                                                                                

           SCF            CCSD
         0.00000        0.00000
         0.00000        0.00000
         0.00000        0.00000
         0.00000        0.00000
         0.00000        0.00000
         0.00000        0.00000
         0.00000        0.00000
         0.00000        0.00000
         0.00000        0.00000
         0.00000        0.00000
         0.00000        0.00000
         0.00000        0.00000
         0.00000        0.00000
    -11702.30144   -11705.28394
                                                  

 UCCSD(T)/USERDEF energy= -11705.283938349470

        UCCSD(T)        RHF-SCF 
 -11705.28393835 -11702.30144458
 **********************************************************************************************************************************
 Molpro calculation terminated
 Variable memory released
