
 Primary working directories    : /global/cscratch1/sd/haihan
 Secondary working directories  : /global/cscratch1/sd/haihan
 Wavefunction directory         : /global/homes/h/haihan/Research/ECP/f_group_element_ecps/Lu/Molpro/atom/UC60/wfu/
 Main file repository           : /global/cscratch1/sd/haihan/

 SHA1      : 19cd028119e0e09f93f0674bd8af7968d9b3eff6
 NAME      : 2015.1.36
 ARCHNAME  : linux/x86_64
 FC        : /opt/cray/pe/craype/2.5.14/bin/ftn
 BLASLIB   : -L/opt/intel/compilers_and_libraries_2018.1.163/linux/mkl/lib/intel64 -Wl,-_start-group -lmkl_intel_ilp64 -lmkl_intel_thread -lmkl_core -Wl,-_end-group -liomp5
 id        : lbl

 Nodes     nprocs
 nid12965     5
 Number of processes for MPI-2 version of Molpro:   nprocs(total)=    6   nprocs(compute)=    5   nprocs(helper)=    1

 Using customized tuning parameters: mindgm=7; mindgv=16; mindgc=1; mindgr=1; noblas=0; minvec=7
 default implementation of scratch files=sf  

 ***,Calculation for Gd atom, singlet and triplet
 memory,2,g
 
 gthresh,twoint=1.e-15
 gthresh,oneint=1.e-15
 
 set,dkroll=1,dkho=10,dkhp=4
 
 
 geometry={
 1
 Lu
 Lu  0.0 0.0 0.0
 }
 
 basis={
 Including file /global/u2/h/haihan/Research/ECP/f_group_element_ecps/Lu/Molpro/atom/UC60/4/../SapQZdiff.basis
 }
 
 
 
 Including file /global/u2/h/haihan/Research/ECP/f_group_element_ecps/Lu/Molpro/atom/UC60/4/../Lu_states_ae.proc
 
 
 do i=4,4
     if (i.eq.1) then
         Id1s2
     else if (i.eq.2) then
         Ip1s2
     else if (i.eq.3) then
 IEd2s1
     else if (i.eq.4) then
         IEf1s2
     else if (i.eq.5) then
         IIds2
     else if (i.eq.6) then
         IId1s1
     else if (i.eq.7) then
         IIIds1
     else if (i.eq.8) then
 IIIp1
     else if (i.eq.9) then
         IIId1
     else if (i.eq.10) then
         IIIEf1
     else if (i.eq.11) then
         VIp6
     else if (i.eq.12) then
         VIIp5
     else if (i.eq.13) then
         VIIIp4
     else if (i.eq.14) then
         IXp3
     else if (i.eq.15) then
         Xp
     else if (i.eq.16) then
         XIds2
     else if (i.eq.17) then
         IIIEf2
     endif
     scf(i)=energy
     _CC_NORM_MAX=2.0
     {rccsd(t),shifts=0.5,shiftp=0.5,thrdis=1.0;diis,1,1,15,1;maxit,100;core,8,5,5,2,5,2,2,1}
     ccsd(i)=energy
 enddo
 
 table,scf,ccsd
 type,csv
 save

 Variables initialized (889), CPU time= 0.00 sec
 Commands  initialized (702), CPU time= 0.01 sec, 572 directives.
 Default parameters read. Elapsed time= 0.13 sec

 Checking input...
 Passed
1


                                         ***  PROGRAM SYSTEM MOLPRO  ***
                                       Copyright, TTI GmbH Stuttgart, 2015
                                    Version 2015.1 linked Dec 29 2018 15:55:43


 **********************************************************************************************************************************
 LABEL *   Calculation for Gd atom, singlet and triplet                                  
  64 bit mpp version                                                                     DATE: 12-May-23          TIME: 06:32:01  
 **********************************************************************************************************************************

 SHA1:             19cd028119e0e09f93f0674bd8af7968d9b3eff6
 **********************************************************************************************************************************

 THRESHOLDS:

 ZERO    =  1.00D-12  ONEINT  =  1.00D-12  TWOINT  =  1.00D-15  PREFAC  =  1.00D-14  LOCALI  =  1.00D-09  EORDER  =  1.00D-04
 ENERGY  =  0.00D+00  ETEST   =  0.00D+00  EDENS   =  0.00D+00  THRDEDEF=  1.00D-06  GRADIENT=  1.00D-02  STEP    =  1.00D-03
 ORBITAL =  1.00D-05  CIVEC   =  1.00D-05  COEFF   =  1.00D-04  PRINTCI =  5.00D-02  PUNCHCI =  9.90D+01  OPTGRAD =  3.00D-04
 OPTENERG=  1.00D-06  OPTSTEP =  3.00D-04  THRGRAD =  1.00D-10  COMPRESS=  1.00D-11  VARMIN  =  1.00D-07  VARMAX  =  1.00D-03
 THRDOUB =  0.00D+00  THRDIV  =  1.00D-05  THRRED  =  1.00D-07  THRPSP  =  1.00D+00  THRDC   =  1.00D-10  THRCS   =  1.00D-10
 THRNRM  =  1.00D-08  THREQ   =  0.00D+00  THRDE   =  1.00D+00  THRREF  =  1.00D-05  SPARFAC =  1.00D+00  THRDLP  =  1.00D-07
 THRDIA  =  1.00D-10  THRDLS  =  1.00D-07  THRGPS  =  0.00D+00  THRKEX  =  0.00D+00  THRDIS  =  2.00D-01  THRVAR  =  1.00D-10
 THRLOC  =  1.00D-06  THRGAP  =  1.00D-06  THRLOCT = -1.00D+00  THRGAPT = -1.00D+00  THRORB  =  1.00D-06  THRMLTP =  0.00D+00
 THRCPQCI=  1.00D-10  KEXTA   =  0.00D+00  THRCOARS=  0.00D+00  SYMTOL  =  1.00D-06  GRADTOL =  1.00D-06  THROVL  =  1.00D-08
 THRORTH =  1.00D-08  GRID    =  1.00D-06  GRIDMAX =  1.00D-03  DTMAX   =  0.00D+00  THROCCDE=  1.00D-01  THROCCDE=  1.00D-01



 THRESHOLDS:

 ZERO    =  1.00D-12  ONEINT  =  1.00D-15  TWOINT  =  1.00D-15  PREFAC  =  1.00D-14  LOCALI  =  1.00D-09  EORDER  =  1.00D-04
 ENERGY  =  0.00D+00  ETEST   =  0.00D+00  EDENS   =  0.00D+00  THRDEDEF=  1.00D-06  GRADIENT=  1.00D-02  STEP    =  1.00D-03
 ORBITAL =  1.00D-05  CIVEC   =  1.00D-05  COEFF   =  1.00D-04  PRINTCI =  5.00D-02  PUNCHCI =  9.90D+01  OPTGRAD =  3.00D-04
 OPTENERG=  1.00D-06  OPTSTEP =  3.00D-04  THRGRAD =  1.00D-10  COMPRESS=  1.00D-11  VARMIN  =  1.00D-07  VARMAX  =  1.00D-03
 THRDOUB =  0.00D+00  THRDIV  =  1.00D-05  THRRED  =  1.00D-07  THRPSP  =  1.00D+00  THRDC   =  1.00D-10  THRCS   =  1.00D-10
 THRNRM  =  1.00D-08  THREQ   =  0.00D+00  THRDE   =  1.00D+00  THRREF  =  1.00D-05  SPARFAC =  1.00D+00  THRDLP  =  1.00D-07
 THRDIA  =  1.00D-10  THRDLS  =  1.00D-07  THRGPS  =  0.00D+00  THRKEX  =  0.00D+00  THRDIS  =  2.00D-01  THRVAR  =  1.00D-10
 THRLOC  =  1.00D-06  THRGAP  =  1.00D-06  THRLOCT = -1.00D+00  THRGAPT = -1.00D+00  THRORB  =  1.00D-06  THRMLTP =  0.00D+00
 THRCPQCI=  1.00D-10  KEXTA   =  0.00D+00  THRCOARS=  0.00D+00  SYMTOL  =  1.00D-06  GRADTOL =  1.00D-06  THROVL  =  1.00D-08
 THRORTH =  1.00D-08  GRID    =  1.00D-06  GRIDMAX =  1.00D-03  DTMAX   =  0.00D+00  THROCCDE=  1.00D-01  THROCCDE=  1.00D-01


 SETTING DKROLL         =         1.00000000                                  
 SETTING DKHO           =        10.00000000                                  
 SETTING DKHP           =         4.00000000                                  

Geometry recognized as XYZ


 Variable memory set to 2000000000 words,  buffer space   230000 words

 SETTING BASIS          =    USERDEF

 DO I                   =         4.00000000   

 Running procedure=IEF1S2


 Recomputing integrals since basis changed


 Using spherical harmonics



 PROGRAM * SEWARD (Integral evaluation for generally contracted gaussian basis sets)     Author: Roland Lindh, 1990

 Geometry written to block  1 of record 700

 Orientation using atomic masses  
 Molecule type: Atom
 Symmetry elements: X,Y,Z
 Rotational constants:       0.0000000      0.0000000      0.0000000 GHz  (calculated with average atomic masses)

 Point group  D2h 



 ATOMIC COORDINATES

 NR  ATOM    CHARGE       X              Y              Z

   1  LU     71.00    0.000000000    0.000000000    0.000000000

 NUCLEAR CHARGE:                   71
 NUMBER OF PRIMITIVE AOS:         463
 NUMBER OF SYMMETRY AOS:          341
 NUMBER OF CONTRACTIONS:          341   (  77Ag  +  54B3u +  54B2u +  28B1g +  54B1u +  28B2g +  28B3g +  18Au  )
 NUMBER OF CORE ORBITALS:          23   (   8Ag  +   3B3u +   3B2u +   2B1g +   3B1u +   2B2g +   2B3g +   0Au  )
 NUMBER OF VALENCE ORBITALS:       17   (   4Ag  +   3B3u +   3B2u +   1B1g +   3B1u +   1B2g +   1B3g +   1Au  )


 NUCLEAR REPULSION ENERGY    0.00000000

 One-electron integrals computed with SEWARD

 10nd-order Douglas-Kroll-Hess method activated. McWeeny DKH parametrization is used.

 Computing Douglas-Kroll / X2C integrals

 AO integral compression algorithm  1   Integral accuracy      1.0D-15

     1449.132 MB (compressed) written to integral file ( 50.0%)

     Node minimum: 201.327 MB, node maximum: 345.506 MB


 NUMBER OF SORTED TWO-ELECTRON INTEGRALS:   43571078.     BUFFER LENGTH:  32768
 NUMBER OF SEGMENTS:   2  SEGMENT LENGTH:   31998458      RECORD LENGTH: 524288

 Memory used in sort:      32.56 MW

 SORT1 READ   362089039. AND WROTE    27289252. INTEGRALS IN     79 RECORDS. CPU TIME:     8.08 SEC, REAL TIME:     8.53 SEC
 SORT2 READ   135657947. AND WROTE   217701552. INTEGRALS IN   6360 RECORDS. CPU TIME:     1.01 SEC, REAL TIME:     1.52 SEC

 Node minimum:    43453828.  Node maximum:    43660745. integrals

 OPERATOR DM      FOR CENTER  0  COORDINATES:    0.000000    0.000000    0.000000

 EXTRA SYMMETRY OF AOS IN SYMMETRY 1:   1 1 1 1 1 1 1 1 1 1   1 1 1 1 1 1 1 1 1 1   1 1 1 1 1 1 1 2 3 2   3 2 3 2 3 2 3 2 3 2
                                        3 2 3 2 3 2 3 2 3 2   3 2 3 2 3 2 3 2 3 4   5 6 4 5 6 4 5 6 4 5   6 4 5 6 4 5 6
 EXTRA SYMMETRY OF AOS IN SYMMETRY 2:   1 1 1 1 1 1 1 1 1 1   1 1 1 1 1 1 1 1 1 1   1 1 2 3 2 3 2 3 2 3   2 3 2 3 2 3 2 3 2 3
                                        2 3 4 5 6 4 5 6 4 5   6 4 5 6
 EXTRA SYMMETRY OF AOS IN SYMMETRY 3:   1 1 1 1 1 1 1 1 1 1   1 1 1 1 1 1 1 1 1 1   1 1 2 3 2 3 2 3 2 3   2 3 2 3 2 3 2 3 2 3
                                        2 3 4 5 6 4 5 6 4 5   6 4 5 6
 EXTRA SYMMETRY OF AOS IN SYMMETRY 4:   1 1 1 1 1 1 1 1 1 1   1 1 1 1 1 1 2 3 2 3   2 3 2 3 2 3 2 3
 EXTRA SYMMETRY OF AOS IN SYMMETRY 5:   1 1 1 1 1 1 1 1 1 1   1 1 1 1 1 1 1 1 1 1   1 1 2 3 2 3 2 3 2 3   2 3 2 3 2 3 2 3 2 3
                                        2 3 4 5 6 4 5 6 4 5   6 4 5 6
 EXTRA SYMMETRY OF AOS IN SYMMETRY 6:   1 1 1 1 1 1 1 1 1 1   1 1 1 1 1 1 2 3 2 3   2 3 2 3 2 3 2 3
 EXTRA SYMMETRY OF AOS IN SYMMETRY 7:   1 1 1 1 1 1 1 1 1 1   1 1 1 1 1 1 2 3 2 3   2 3 2 3 2 3 2 3
 EXTRA SYMMETRY OF AOS IN SYMMETRY 8:   1 1 1 1 1 1 1 1 1 1   2 3 2 3 2 3 2 3

 Eigenvalues of metric

         1 0.198E-06 0.285E-05 0.880E-05 0.110E-03 0.147E-03 0.147E-03 0.226E-03 0.428E-03
         2 0.115E-06 0.864E-04 0.280E-03 0.685E-03 0.202E-02 0.951E-02 0.162E-01 0.364E-01
         3 0.115E-06 0.864E-04 0.280E-03 0.685E-03 0.202E-02 0.951E-02 0.162E-01 0.364E-01
         4 0.147E-03 0.324E-02 0.233E-01 0.406E-01 0.866E-01 0.997E-01 0.997E-01 0.141E+00
         5 0.115E-06 0.864E-04 0.280E-03 0.685E-03 0.202E-02 0.951E-02 0.162E-01 0.364E-01
         6 0.147E-03 0.324E-02 0.233E-01 0.406E-01 0.866E-01 0.997E-01 0.997E-01 0.141E+00
         7 0.147E-03 0.324E-02 0.233E-01 0.406E-01 0.866E-01 0.997E-01 0.997E-01 0.141E+00
         8 0.437E-01 0.880E-01 0.207E+00 0.366E+00 0.366E+00 0.370E+00 0.551E+00 0.646E+00


 **********************************************************************************************************************************
 DATASETS  * FILE   NREC   LENGTH (MB)   RECORD NAMES
              1      22       21.15       500      610      700      900      950      970     1000      129      960     1700   
                                          VAR    BASINP    GEOM    SYMINP    ZMAT    AOBASIS   BASIS     P2S    ABASIS    OPER   
                                         1101     1401     1411     1412     1650     1100     1400     1410     1200     1210   
                                          SR      EKINR    POTR     PVPR    MOLCAS      S      EKIN      POT      H0       H01  
                                         1080     1600   
                                         AOSYM     SMH  

 PROGRAMS   *        TOTAL       INT
 CPU TIMES  *        39.78     39.41
 REAL TIME  *        42.61 SEC
 DISK USED  *         3.06 GB      
 GA USED    *         0.00 MB       (max)       0.00 MB       (current)
 **********************************************************************************************************************************


 PROGRAM * RHF-SCF (OPEN SHELL)       Authors: W. Meyer, H.-J. Werner


 NUMBER OF ELECTRONS:      36+   35-    SPACE SYMMETRY=2    SPIN SYMMETRY: Doublet 
 CONVERGENCE THRESHOLDS:    1.00E-05 (Density)    1.42E-07 (Energy)
 MAX. NUMBER OF ITERATIONS:      150
 INTERPOLATION TYPE:            DIIS
 INTERPOLATION STEPS:              2 (START)      1 (STEP)
 LEVEL SHIFTS:                 -0.60 (CLOSED) -0.30 (OPEN) 

 Number of closed-shell orbitals:   35 (  10   6   6   2   6   2   2   1 )
 Number of open-shell orbitals:      1 (   0   1   0   0   0   0   0   0 )


 
 Extra symmetries of mos in symmetry 2:   1   1   1   3   2   1   3   2
 Extra symmetries of mos in symmetry 3:   1   1   1   3   2   1   3   2
 Extra symmetries of mos in symmetry 5:   1   1   1   3   2   1   3   2
 Orbital guess generated from atomic densities. Full valence occupancy:   12   6   6   3   6   3   3   1


 Molecular orbital dump at record        4202.2

 ITERATION    DDIFF          GRAD             ENERGY        2-EL.EN.            DIPOLE MOMENTS         DIIS   ORB.
    1      0.000D+00      0.000D+00    -14558.54124695  10739.657765    0.00000    0.00000    0.00000    0    start
    2      0.000D+00      0.162D-01    -14558.82833702  10867.955850    0.00000    0.00000    0.00000    1    diag,B
    3      0.891D-01      0.217D-01    -14558.98992445  10830.505683    0.00000    0.00000    0.00000    2    diag,B
    4      0.273D-01      0.467D-02    -14559.10905483  10837.138478    0.00000    0.00000    0.00000    3    diag,B
    5      0.277D-01      0.298D-02    -14559.20054480  10849.932436    0.00000    0.00000    0.00000    4    diag,B
    6      0.229D-01      0.158D-02    -14559.23012647  10853.749721    0.00000    0.00000    0.00000    5    diag,B
    7      0.121D-01      0.434D-03    -14559.23248234  10854.443865    0.00000    0.00000    0.00000    6    diag,B
    8      0.287D-02      0.163D-03    -14559.23280687  10854.638025    0.00000    0.00000    0.00000    7    diag,B
    9      0.172D-02      0.966D-04    -14559.23294064  10854.694290    0.00000    0.00000    0.00000    8    diag,B
   10      0.132D-02      0.546D-04    -14559.23298658  10854.754928    0.00000    0.00000    0.00000    9    orth
   11      0.326D-03      0.388D-04    -14559.23302368  10854.796587    0.00000    0.00000    0.00000    9    diag,B
   12      0.207D-03      0.199D-04    -14559.23303332  10854.791479    0.00000    0.00000    0.00000    9    diag,B
   13      0.156D-03      0.720D-05    -14559.23303415  10854.771321    0.00000    0.00000    0.00000    9    diag,B
   14      0.401D-04      0.281D-05    -14559.23303425  10854.764424    0.00000    0.00000    0.00000    9    diag,B
   15      0.171D-04      0.910D-06    -14559.23303426  10854.763792    0.00000    0.00000    0.00000    9    diag,B
   16      0.693D-05      0.430D-06    -14559.23303426  10854.763081    0.00000    0.00000    0.00000    0    orth

 Final alpha occupancy:  10   7   6   2   6   2   2   1
 Final beta  occupancy:  10   6   6   2   6   2   2   1

 !RHF STATE 1.2 Energy               -14559.2330342597    
 Nuclear energy                         0.00000000
 One-electron energy               -19986.61457480
 Two-electron energy                 5427.38154054
 Virial quotient                       -0.73506230
 !RHF STATE 1.2 Dipole moment           0.00000000     0.00000000     0.00000000
 Dipole moment /Debye                   0.00000000     0.00000000     0.00000000

 ELECTRON ORBITALS
 =================


   Orb  Occ    Energy  Couls-En    Coefficients

                                   1 1s      1 1s      1 1s      1 1s      1 1s      1 1s      1 1s      1 1s      1 1s      1 1s   
                                   1 1s      1 1s      1 1s      1 1s      1 1s      1 1s      1 1s      1 1s      1 1s      1 1s   
                                   1 1s      1 1s      1 1s      1 1s      1 1s      1 1s      1 1s      1 3d0     1 3d2+    1 3d0  
                                   1 3d2+    1 3d0     1 3d2+    1 3d0     1 3d2+    1 3d0     1 3d2+    1 3d0     1 3d2+    1 3d0  
                                   1 3d2+    1 3d0     1 3d2+    1 3d0     1 3d2+    1 3d0     1 3d2+    1 3d0     1 3d2+    1 3d0  
                                   1 3d2+    1 3d0     1 3d2+    1 3d0     1 3d2+    1 3d0     1 3d2+    1 3d0     1 3d2+    1 5g0  
                                   1 5g4+    1 5g2+    1 5g0     1 5g4+    1 5g2+    1 5g0     1 5g4+    1 5g2+    1 5g0     1 5g4+ 
                                   1 5g2+    1 5g0     1 5g4+    1 5g2+    1 5g0     1 5g4+    1 5g2+ 

   1.1   2 -2339.3301-5055.9608  0.001174  0.003283  0.009326  0.023782  0.058910  0.137441  0.014877  0.274166  0.517482 -0.099135
                                 0.260947 -0.045227  0.082235 -0.042156  0.545329 -0.567275  0.098971 -0.109750  0.051666 -0.011012
                                 0.005845 -0.003156  0.001219 -0.000569  0.000279 -0.000080  0.000017 -0.000000  0.000000 -0.000000
                                -0.000000  0.000000  0.000000  0.000000 -0.000000  0.000000  0.000000  0.000000 -0.000000 -0.000000
                                 0.000000  0.000000 -0.000000 -0.000000  0.000000  0.000000 -0.000000 -0.000000  0.000000  0.000000
                                -0.000000 -0.000000  0.000000  0.000000 -0.000000 -0.000000  0.000000  0.000000 -0.000000  0.000000
                                 0.000000 -0.000000 -0.000000 -0.000000  0.000000  0.000000  0.000000 -0.000000 -0.000000 -0.000000
                                 0.000000  0.000000  0.000000 -0.000000 -0.000000 -0.000000  0.000000

   2.1   2  -403.2858-1092.1387 -0.000439 -0.001232 -0.003515 -0.009094 -0.022980 -0.057149  0.001446 -0.137398 -0.081677 -0.165154
                                -0.101329  0.535405  0.020210  0.560479 -0.169000  0.247616 -0.134704  0.166818 -0.084334  0.019523
                                -0.010791  0.005946 -0.002326  0.001096 -0.000540  0.000154 -0.000033  0.000000  0.000000  0.000000
                                 0.000000  0.000000  0.000000  0.000000  0.000000  0.000000 -0.000000  0.000000  0.000000 -0.000000
                                -0.000000  0.000000  0.000000 -0.000000 -0.000000 -0.000000  0.000000 -0.000000 -0.000000 -0.000000
                                 0.000000  0.000000 -0.000000 -0.000000  0.000000  0.000000  0.000000 -0.000000  0.000000 -0.000000
                                -0.000000  0.000000  0.000000  0.000000 -0.000000 -0.000000 -0.000000  0.000000  0.000000  0.000000
                                -0.000000 -0.000000  0.000000 -0.000000  0.000000  0.000000 -0.000000

   3.1   2   -93.6724 -385.2822  0.000207  0.000581  0.001660  0.004309  0.010905  0.027540 -0.002596  0.069926 -0.007247  0.135530
                                 0.038743 -0.355673 -0.192202 -0.453153  4.518980 -3.729700  1.118106 -0.931645  0.445984 -0.093417
                                 0.051661 -0.028665  0.011291 -0.005367  0.002653 -0.000759  0.000165 -0.000000  0.000000 -0.000000
                                 0.000000 -0.000000  0.000000 -0.000000  0.000000  0.000000  0.000000  0.000002 -0.000000  0.000001
                                 0.000000  0.000001 -0.000000  0.000000  0.000000  0.000000 -0.000000  0.000000  0.000000  0.000000
                                -0.000000 -0.000000  0.000000  0.000000 -0.000000 -0.000000 -0.000000  0.000000  0.000000 -0.000000
                                -0.000000  0.000000  0.000000  0.000000 -0.000000 -0.000000 -0.000000  0.000000  0.000000  0.000000
                                -0.000000 -0.000000 -0.000000  0.000000 -0.000000 -0.000000  0.000000

   4.1   2   -60.9164 -329.5278 -0.000000 -0.000000 -0.000000 -0.000000 -0.000000 -0.000000  0.000000 -0.000000  0.000000 -0.000001
                                -0.000000  0.000002  0.000003  0.000002 -0.000125  0.000120 -0.000011  0.000013 -0.000005  0.000002
                                -0.000001  0.000000  0.000000  0.000000  0.000000 -0.000000 -0.000000  0.001388 -0.000000  0.011211
                                -0.000000  0.056496 -0.000000  0.184662 -0.000000  0.376886 -0.000000  0.415812 -0.000000  0.003715
                                -0.000000  0.164992 -0.000000 -0.001610  0.000000  0.009705 -0.000000 -0.002126  0.000000  0.001279
                                -0.000000 -0.000588  0.000000  0.000204 -0.000000 -0.000102  0.000000  0.000031 -0.000000  0.000001
                                 0.000000  0.000000 -0.000001 -0.000000  0.000000  0.000000  0.000000  0.000000 -0.000000 -0.000000
                                 0.000000  0.000000  0.000000  0.000000 -0.000000  0.000000 -0.000000

   5.1   2   -60.9162 -329.5276 -0.000000 -0.000000 -0.000000 -0.000000 -0.000000 -0.000000  0.000000 -0.000000  0.000000 -0.000000
                                -0.000000  0.000000  0.000000  0.000000 -0.000000  0.000000  0.000000 -0.000000  0.000000 -0.000000
                                 0.000000 -0.000000  0.000000 -0.000000  0.000000 -0.000000  0.000000  0.000000  0.001388  0.000000
                                 0.011211  0.000000  0.056496  0.000000  0.184663  0.000000  0.376886  0.000000  0.415812  0.000000
                                 0.003713  0.000000  0.164992 -0.000000 -0.001611  0.000000  0.009704 -0.000000 -0.002126  0.000000
                                 0.001279 -0.000000 -0.000588  0.000000  0.000204 -0.000000 -0.000102  0.000000  0.000031  0.000000
                                 0.000000  0.000001 -0.000000  0.000000 -0.000000  0.000000  0.000000  0.000000 -0.000000 -0.000000
                                -0.000000  0.000000 -0.000000  0.000000  0.000000 -0.000000  0.000000

   6.1   2   -19.8786 -165.1304 -0.000101 -0.000283 -0.000808 -0.002099 -0.005312 -0.013479  0.001620 -0.034831  0.012519 -0.076606
                                -0.016844  0.184131  0.137594  0.251133 -3.354871  2.398030 -0.915598  0.884977  0.560395  0.571936
                                -0.077733  0.059863 -0.023705  0.011755 -0.005897  0.001708 -0.000373 -0.000000 -0.000000 -0.000000
                                -0.000000 -0.000000 -0.000000 -0.000000 -0.000000 -0.000001 -0.000000 -0.000000 -0.000000 -0.000005
                                 0.000000  0.000003 -0.000000 -0.000008  0.000000  0.000019  0.000000 -0.000000  0.000000 -0.000001
                                -0.000000  0.000001  0.000000 -0.000000  0.000000  0.000000  0.000000 -0.000000 -0.000000  0.000000
                                 0.000000 -0.000000 -0.000000  0.000000 -0.000000 -0.000000 -0.000000  0.000000 -0.000000  0.000000
                                -0.000000  0.000000  0.000000 -0.000000  0.000000  0.000000 -0.000000

   7.1   2    -8.3408 -133.0208  0.000000  0.000000  0.000000  0.000000  0.000000  0.000001 -0.000000  0.000002 -0.000001  0.000004
                                 0.000001 -0.000009 -0.000009 -0.000012  0.000172 -0.000103  0.000005  0.000025 -0.000184  0.000087
                                 0.000087 -0.000071 -0.000000  0.000011 -0.000005  0.000001 -0.000000 -0.000674  0.000000 -0.005547
                                 0.000000 -0.027946  0.000000 -0.094751  0.000000 -0.186036  0.000000 -0.208128  0.000000  0.144420
                                -0.000000 -0.078301  0.000000  0.479693 -0.000000  0.510423 -0.000000  0.160787 -0.000000 -0.005342
                                 0.000000  0.006555 -0.000000 -0.002202  0.000000  0.001112 -0.000000 -0.000339  0.000000  0.000002
                                -0.000000 -0.000000  0.000005 -0.000000  0.000000  0.000012  0.000000  0.000000 -0.000010 -0.000000
                                 0.000000 -0.000001 -0.000000  0.000000  0.000000 -0.000000  0.000000

   8.1   2    -8.3403 -133.0197  0.000000  0.000000  0.000000  0.000000  0.000000  0.000000 -0.000000  0.000000 -0.000000  0.000000
                                 0.000000 -0.000000 -0.000000 -0.000000  0.000000 -0.000000  0.000000 -0.000000 -0.000000  0.000000
                                 0.000000  0.000000 -0.000000  0.000000 -0.000000  0.000000 -0.000000 -0.000000 -0.000674 -0.000000
                                -0.005547 -0.000000 -0.027945 -0.000000 -0.094750 -0.000000 -0.186034 -0.000000 -0.208134  0.000000
                                 0.144439 -0.000000 -0.078330  0.000000  0.479720  0.000000  0.510391  0.000000  0.160810 -0.000000
                                -0.005315  0.000000  0.006540 -0.000000 -0.002201  0.000000  0.001110 -0.000000 -0.000339  0.000000
                                 0.000000  0.000001  0.000000  0.000000  0.000003  0.000000  0.000000  0.000008 -0.000000 -0.000000
                                -0.000006  0.000000 -0.000000 -0.000001 -0.000000 -0.000001  0.000000

   9.1   2    -2.8935  -68.8309  0.000039  0.000110  0.000315  0.000819  0.002073  0.005267 -0.000679  0.013685 -0.006093  0.031270
                                 0.006296 -0.072190 -0.059302 -0.099988  1.375620 -0.907326  0.332774 -0.265094 -0.641362 -0.534488
                                 0.364213  0.718751  0.382798 -0.017978  0.014865 -0.004528  0.001016 -0.000000  0.000000 -0.000001
                                 0.000000 -0.000005  0.000000 -0.000016  0.000000 -0.000031  0.000000 -0.000033  0.000000  0.000028
                                -0.000000 -0.000011  0.000000  0.000100 -0.000000  0.000086 -0.000000 -0.000082  0.000000 -0.000505
                                 0.000000  0.000121  0.000000  0.000058  0.000000 -0.000019  0.000000  0.000005 -0.000000 -0.000000
                                -0.000000  0.000000 -0.000000 -0.000000  0.000000 -0.000000 -0.000000  0.000000 -0.000001  0.000000
                                -0.000000 -0.000005  0.000000 -0.000000  0.000001 -0.000000  0.000000

  10.1   2    -0.3278  -24.4492 -0.000012 -0.000034 -0.000096 -0.000249 -0.000631 -0.001603  0.000211 -0.004172  0.001968 -0.009639
                                -0.001889  0.021866  0.018499  0.030287 -0.406311  0.257777 -0.090005  0.055885  0.238532  0.179173
                                -0.126268 -0.394338 -0.401849  0.253011  0.843740  0.225461 -0.012403  0.000004  0.000000  0.000034
                                 0.000000  0.000171  0.000000  0.000577  0.000000  0.001141  0.000000  0.001188  0.000000 -0.000854
                                -0.000000  0.000163 -0.000000 -0.003200 -0.000000 -0.003572 -0.000000  0.002749  0.000000  0.008596
                                 0.000000  0.012240  0.000000  0.022562  0.000000  0.005974 -0.000000 -0.000498  0.000000  0.000000
                                 0.000000 -0.000000 -0.000001 -0.000000  0.000000  0.000001  0.000000 -0.000000 -0.000004 -0.000000
                                 0.000000  0.000021  0.000000 -0.000000 -0.000344 -0.000000  0.000000

  11.1   0    -0.0026  -25.8121 -0.000000 -0.000000 -0.000000 -0.000000 -0.000000 -0.000000  0.000000 -0.000000  0.000000 -0.000000
                                -0.000000  0.000000  0.000000  0.000000 -0.000000  0.000000 -0.000000  0.000000  0.000000  0.000000
                                -0.000000 -0.000000 -0.000000  0.000000  0.000000  0.000000 -0.000000  0.000000  0.000099  0.000000
                                 0.000811  0.000000  0.004134  0.000000  0.013897  0.000000  0.027802  0.000000  0.026997 -0.000000
                                -0.016360 -0.000000 -0.002700 -0.000000 -0.071740 -0.000000 -0.090088  0.000000  0.073831  0.000000
                                 0.181768  0.000000  0.355185  0.000000  0.410329  0.000000  0.210270  0.000000  0.214538 -0.000000
                                -0.000015 -0.000001  0.000000  0.000053  0.000003 -0.000000 -0.000122 -0.000008  0.000000  0.000365
                                 0.000032  0.000000 -0.001687 -0.000231  0.000000  0.010229  0.001186

  12.1   0    -0.0010  -26.7320  0.000000  0.000001  0.000004  0.000010  0.000025  0.000063 -0.000007  0.000162 -0.000046  0.000346
                                 0.000082 -0.000915 -0.000626 -0.001296  0.023140 -0.018042  0.007742 -0.009975 -0.003168 -0.011180
                                 0.011458  0.005887  0.028112 -0.029602 -0.004607 -0.043872  0.027758  0.000102 -0.000000  0.000835
                                -0.000000  0.004256 -0.000000  0.014314 -0.000000  0.028612 -0.000000  0.027925 -0.000000 -0.017159
                                 0.000000 -0.002298  0.000000 -0.074277  0.000000 -0.092507  0.000000  0.075549 -0.000000  0.188703
                                -0.000000  0.362675 -0.000000  0.437538 -0.000000  0.172589  0.000000  0.193881  0.000000 -0.000005
                                -0.000000 -0.000000  0.000016  0.000000  0.000000 -0.000039 -0.000000 -0.000000  0.000130  0.000000
                                 0.000000 -0.000745 -0.000000  0.000000  0.003979  0.000000  0.000000

                                   1 2px     1 2px     1 2px     1 2px     1 2px     1 2px     1 2px     1 2px     1 2px     1 2px  
                                   1 2px     1 2px     1 2px     1 2px     1 2px     1 2px     1 2px     1 2px     1 2px     1 2px  
                                   1 2px     1 2px     1 4f1+    1 4f3+    1 4f1+    1 4f3+    1 4f1+    1 4f3+    1 4f1+    1 4f3+ 
                                   1 4f1+    1 4f3+    1 4f1+    1 4f3+    1 4f1+    1 4f3+    1 4f1+    1 4f3+    1 4f1+    1 4f3+ 
                                   1 4f1+    1 4f3+    1 6h1+    1 6h3+    1 6h5+    1 6h1+    1 6h3+    1 6h5+    1 6h1+    1 6h3+ 
                                   1 6h5+    1 6h1+    1 6h3+    1 6h5+ 

   1.2   2  -355.4797-1008.1123  0.000490  0.002254  0.009492  0.036995  0.123680  0.294181  0.011900  0.439621  0.298902 -0.055326
                                 0.065012 -0.840928  0.860967 -0.054078  0.006490 -0.004110  0.003101 -0.000882  0.000384 -0.000182
                                 0.000067 -0.000015  0.000000  0.000000  0.000000  0.000000  0.000000 -0.000000  0.000000  0.000000
                                -0.000000 -0.000000 -0.000000  0.000000 -0.000000 -0.000000 -0.000000  0.000000 -0.000000 -0.000000
                                 0.000000  0.000000 -0.000000  0.000000  0.000000  0.000000 -0.000000 -0.000000 -0.000000  0.000000
                                 0.000000  0.000000 -0.000000 -0.000000

   2.2   2   -79.0044 -357.7300 -0.000248 -0.001143 -0.004873 -0.019180 -0.067113 -0.155409 -0.025287 -0.242037 -0.127409  0.325795
                                 0.591540  0.230527  0.038682  0.010640  0.014029 -0.007126  0.005652 -0.001681  0.000753 -0.000358
                                 0.000134 -0.000030 -0.000000 -0.000000  0.000001 -0.000000  0.000001 -0.000000 -0.000000  0.000000
                                 0.000000 -0.000000  0.000000  0.000000  0.000000 -0.000000  0.000000  0.000000  0.000000 -0.000000
                                 0.000000  0.000000 -0.000000  0.000000  0.000000  0.000000 -0.000000  0.000000 -0.000000  0.000000
                                 0.000000 -0.000000  0.000000 -0.000000

   3.2   2   -14.9585 -151.4741  0.000119  0.000549  0.002348  0.009259  0.032774  0.074899  0.015361  0.117732  0.054395 -0.222217
                                -0.484277  1.421219 -1.693640  0.653465  0.619252  0.205810 -0.061360  0.017430 -0.006747  0.003110
                                -0.001174  0.000263  0.000000  0.000000  0.000001  0.000000  0.000002  0.000000  0.000006  0.000000
                                 0.000014  0.000000 -0.000005  0.000000 -0.000003  0.000000 -0.000001 -0.000000 -0.000001  0.000000
                                -0.000000 -0.000000 -0.000000  0.000000  0.000000 -0.000000 -0.000000  0.000000 -0.000000 -0.000000
                                -0.000000  0.000000 -0.000000 -0.000000

   4.2   2    -1.0119 -103.1390  0.000000  0.000000  0.000000  0.000000  0.000000  0.000000  0.000000  0.000000  0.000000 -0.000000
                                -0.000000  0.000000 -0.000000  0.000000  0.000000  0.000000 -0.000000 -0.000000  0.000000  0.000000
                                 0.000000 -0.000000  0.000000  0.008237  0.000000  0.054805  0.000000  0.181510  0.000000  0.340967
                                 0.000000  0.388718  0.000000  0.288672  0.000000  0.130400  0.000000  0.026019  0.000000  0.008103
                                -0.000000 -0.001839  0.000000  0.000000 -0.000000  0.000000  0.000006  0.000000 -0.000000 -0.000007
                                 0.000000 -0.000000 -0.000011  0.000000

   5.2   2    -1.0121 -103.1446 -0.000000 -0.000000 -0.000000 -0.000000 -0.000001 -0.000002 -0.000000 -0.000003 -0.000000  0.000003
                                 0.000015 -0.000241  0.000267 -0.000049 -0.000004  0.000030 -0.000010 -0.000206  0.000215  0.000422
                                 0.000034 -0.000011  0.008238 -0.000000  0.054808 -0.000000  0.181521 -0.000000  0.340985 -0.000000
                                 0.388751 -0.000000  0.288673 -0.000000  0.130239 -0.000000  0.026054 -0.000000  0.008220 -0.000000
                                -0.001841  0.000000  0.000001 -0.000000 -0.000000  0.000011  0.000000 -0.000000 -0.000014  0.000000
                                 0.000000 -0.000027  0.000000  0.000001

   6.2   2    -1.6183  -58.5868 -0.000041 -0.000191 -0.000818 -0.003230 -0.011442 -0.026339 -0.005239 -0.041407 -0.016776  0.080165
                                 0.193968 -1.099644  1.243787 -0.379230 -0.324640 -0.060780  0.434424  0.571192  0.201514  0.004646
                                 0.003572 -0.000637 -0.000002  0.000000 -0.000011  0.000000 -0.000037  0.000000 -0.000067  0.000000
                                -0.000085  0.000000 -0.000032  0.000000 -0.000232  0.000000  0.000161  0.000000  0.000195  0.000000
                                -0.000026  0.000000  0.000000  0.000000 -0.000000 -0.000000  0.000000  0.000000 -0.000000 -0.000000
                                -0.000001 -0.000009 -0.000000  0.000000

   7.2   +     0.0277  -10.0724 -0.000000 -0.000000 -0.000000 -0.000000 -0.000000 -0.000000 -0.000000 -0.000000 -0.000000  0.000000
                                 0.000000 -0.000000  0.000000 -0.000000 -0.000000  0.000000  0.000000  0.000000  0.000000 -0.000000
                                -0.000001 -0.000001  0.000000 -0.000134  0.000000 -0.000811  0.000000 -0.002976  0.000000 -0.004713
                                 0.000000 -0.007396  0.000000  0.001337 -0.000000 -0.017002  0.000000  0.046173 -0.000000 -0.048949
                                -0.000000  1.020634 -0.000000  0.000000  0.000000  0.000000 -0.000001 -0.000000 -0.000000  0.000009
                                 0.000000  0.000000 -0.000052 -0.000000

   8.2   0     0.1427   -9.7770 -0.000000 -0.000000 -0.000001 -0.000004 -0.000014 -0.000054  0.000020 -0.000079  0.000102 -0.000106
                                 0.000706 -0.026151  0.028526 -0.003726  0.000920 -0.003864  0.006081 -0.004552  0.010871 -0.020953
                                 0.021176 -0.021231 -0.000116 -0.000000 -0.000668 -0.000000 -0.002588 -0.000000 -0.003746 -0.000000
                                -0.006960 -0.000000  0.003244 -0.000000 -0.022560  0.000000  0.055856 -0.000000 -0.095352  0.000000
                                 1.042544 -0.000000 -0.000000 -0.000000  0.000000  0.000000  0.000000 -0.000001 -0.000003 -0.000000
                                 0.000011  0.000019  0.000000 -0.000066

   9.2   0    -0.0160  -14.8808  0.000008  0.000036  0.000155  0.000611  0.002166  0.004965  0.001020  0.007811  0.003280 -0.015456
                                -0.036616  0.190789 -0.216473  0.070954  0.065682  0.005184 -0.088392 -0.165818 -0.065054  0.213907
                                 0.452358  0.516445 -0.000007 -0.000000 -0.000046 -0.000000 -0.000148 -0.000000 -0.000288 -0.000000
                                -0.000292 -0.000000 -0.000267  0.000000  0.000396 -0.000000 -0.000345  0.000000  0.004082 -0.000000
                                 0.008087  0.000002  0.000000  0.000000 -0.000001 -0.000000 -0.000000  0.000004  0.000001  0.000000
                                -0.000028 -0.000002 -0.000000  0.000164

                                   1 2py     1 2py     1 2py     1 2py     1 2py     1 2py     1 2py     1 2py     1 2py     1 2py  
                                   1 2py     1 2py     1 2py     1 2py     1 2py     1 2py     1 2py     1 2py     1 2py     1 2py  
                                   1 2py     1 2py     1 4f1-    1 4f3-    1 4f1-    1 4f3-    1 4f1-    1 4f3-    1 4f1-    1 4f3- 
                                   1 4f1-    1 4f3-    1 4f1-    1 4f3-    1 4f1-    1 4f3-    1 4f1-    1 4f3-    1 4f1-    1 4f3- 
                                   1 4f1-    1 4f3-    1 6h1-    1 6h3-    1 6h5-    1 6h1-    1 6h3-    1 6h5-    1 6h1-    1 6h3- 
                                   1 6h5-    1 6h1-    1 6h3-    1 6h5- 

   1.3   2  -355.4797-1008.1123  0.000490  0.002254  0.009492  0.036995  0.123680  0.294181  0.011900  0.439621  0.298902 -0.055326
                                 0.065012 -0.840928  0.860967 -0.054077  0.006490 -0.004110  0.003101 -0.000882  0.000384 -0.000182
                                 0.000067 -0.000015  0.000000  0.000000  0.000000  0.000000  0.000000 -0.000000  0.000000  0.000000
                                -0.000000 -0.000000 -0.000000  0.000000 -0.000000 -0.000000 -0.000000  0.000000 -0.000000 -0.000000
                                 0.000000  0.000000 -0.000000 -0.000000 -0.000000  0.000000  0.000000  0.000000 -0.000000 -0.000000
                                -0.000000  0.000000 -0.000000  0.000000

   2.3   2   -79.0044 -357.7300 -0.000248 -0.001143 -0.004873 -0.019180 -0.067113 -0.155409 -0.025287 -0.242037 -0.127409  0.325795
                                 0.591540  0.230527  0.038682  0.010640  0.014029 -0.007126  0.005652 -0.001681  0.000753 -0.000358
                                 0.000134 -0.000030 -0.000000 -0.000000  0.000001  0.000000  0.000001  0.000000 -0.000000  0.000000
                                 0.000000  0.000000  0.000000  0.000000  0.000000  0.000000  0.000000  0.000000  0.000000 -0.000000
                                 0.000000  0.000000 -0.000000  0.000000 -0.000000  0.000000  0.000000 -0.000000 -0.000000 -0.000000
                                -0.000000 -0.000000  0.000000  0.000000

   3.3   2   -14.9585 -151.4741  0.000119  0.000549  0.002348  0.009259  0.032774  0.074899  0.015361  0.117732  0.054395 -0.222217
                                -0.484277  1.421218 -1.693640  0.653465  0.619252  0.205810 -0.061360  0.017430 -0.006747  0.003110
                                -0.001174  0.000263  0.000000  0.000000  0.000001  0.000000  0.000002  0.000000  0.000006  0.000000
                                 0.000014  0.000000 -0.000005  0.000000 -0.000003  0.000000 -0.000001 -0.000000 -0.000001 -0.000000
                                -0.000000 -0.000000 -0.000000  0.000000 -0.000000 -0.000000 -0.000000 -0.000000 -0.000000 -0.000000
                                 0.000000  0.000000 -0.000000  0.000000

   4.3   2    -1.0118 -103.1368  0.000000  0.000000  0.000000  0.000000  0.000000  0.000000  0.000000  0.000000  0.000000 -0.000000
                                -0.000000  0.000000 -0.000000  0.000000  0.000000  0.000000 -0.000000 -0.000000  0.000000  0.000000
                                 0.000000 -0.000000  0.000000  0.008237  0.000000  0.054804  0.000000  0.181505  0.000000  0.340959
                                 0.000000  0.388710  0.000000  0.288677  0.000000  0.130409  0.000000  0.026050  0.000000  0.008117
                                -0.000000 -0.001834  0.000000  0.000001 -0.000000  0.000000  0.000006  0.000000 -0.000000 -0.000007
                                 0.000000 -0.000000 -0.000012  0.000000

   5.3   2    -1.0121 -103.1446 -0.000000 -0.000000 -0.000000 -0.000000 -0.000001 -0.000002 -0.000000 -0.000003 -0.000000  0.000003
                                 0.000015 -0.000241  0.000267 -0.000049 -0.000004  0.000030 -0.000010 -0.000206  0.000215  0.000422
                                 0.000034 -0.000011  0.008238 -0.000000  0.054808 -0.000000  0.181521 -0.000000  0.340985 -0.000000
                                 0.388751 -0.000000  0.288673 -0.000000  0.130239 -0.000000  0.026054 -0.000000  0.008220 -0.000000
                                -0.001841  0.000000  0.000001 -0.000000  0.000000  0.000011  0.000000  0.000000 -0.000014  0.000000
                                -0.000000 -0.000027  0.000000 -0.000001

   6.3   2    -1.6183  -58.5868 -0.000041 -0.000191 -0.000818 -0.003230 -0.011442 -0.026339 -0.005239 -0.041407 -0.016776  0.080165
                                 0.193968 -1.099643  1.243787 -0.379230 -0.324640 -0.060780  0.434424  0.571192  0.201514  0.004646
                                 0.003572 -0.000637 -0.000002  0.000000 -0.000011  0.000000 -0.000037  0.000000 -0.000067  0.000000
                                -0.000085  0.000000 -0.000032  0.000000 -0.000232  0.000000  0.000161  0.000000  0.000195  0.000000
                                -0.000026 -0.000000  0.000000 -0.000000  0.000000 -0.000000  0.000000 -0.000000 -0.000000 -0.000000
                                 0.000001 -0.000009  0.000000 -0.000000

   7.3   0     0.1553   -9.7775 -0.000000 -0.000000 -0.000000 -0.000000 -0.000000 -0.000000  0.000000 -0.000000  0.000000  0.000000
                                 0.000000 -0.000000  0.000000 -0.000000  0.000000 -0.000000  0.000000 -0.000000  0.000000 -0.000000
                                 0.000000 -0.000000 -0.000000 -0.000118 -0.000000 -0.000683 -0.000000 -0.002640 -0.000000 -0.003835
                                -0.000000 -0.007079  0.000000  0.003244 -0.000000 -0.022702  0.000000  0.056460 -0.000000 -0.092663
                                 0.000001  1.041300 -0.000000 -0.000000 -0.000000  0.000000  0.000000  0.000000 -0.000000 -0.000004
                                -0.000000  0.000000  0.000022  0.000000

   8.3   0     0.1427   -9.7770 -0.000000 -0.000000 -0.000001 -0.000004 -0.000014 -0.000054  0.000020 -0.000079  0.000102 -0.000106
                                 0.000706 -0.026151  0.028526 -0.003726  0.000920 -0.003864  0.006081 -0.004552  0.010871 -0.020953
                                 0.021176 -0.021231 -0.000116  0.000000 -0.000668  0.000000 -0.002588  0.000000 -0.003746  0.000000
                                -0.006960  0.000000  0.003244 -0.000000 -0.022560  0.000000  0.055856 -0.000000 -0.095352  0.000000
                                 1.042544 -0.000001 -0.000000 -0.000000 -0.000000  0.000000  0.000000  0.000001 -0.000003 -0.000000
                                -0.000011  0.000019  0.000000  0.000066

                                   1 3d2-    1 3d2-    1 3d2-    1 3d2-    1 3d2-    1 3d2-    1 3d2-    1 3d2-    1 3d2-    1 3d2- 
                                   1 3d2-    1 3d2-    1 3d2-    1 3d2-    1 3d2-    1 3d2-    1 5g2-    1 5g4-    1 5g2-    1 5g4- 
                                   1 5g2-    1 5g4-    1 5g2-    1 5g4-    1 5g2-    1 5g4-    1 5g2-    1 5g4- 

   1.4   2   -60.9162 -329.5276  0.001388  0.011211  0.056496  0.184663  0.376886  0.415812  0.003713  0.164992 -0.001611  0.009704
                                -0.002126  0.001279 -0.000588  0.000204 -0.000102  0.000031  0.000001 -0.000000 -0.000000 -0.000000
                                 0.000000 -0.000000 -0.000000  0.000000  0.000000  0.000000  0.000000  0.000000

   2.4   2    -8.3403 -133.0197 -0.000674 -0.005547 -0.027945 -0.094750 -0.186034 -0.208134  0.144439 -0.078330  0.479720  0.510391
                                 0.160810 -0.005315  0.006540 -0.002201  0.001110 -0.000339  0.000001 -0.000000  0.000003 -0.000000
                                 0.000008 -0.000000 -0.000006  0.000000 -0.000001  0.000000  0.000000  0.000001

   3.4   0    -0.0026  -25.8121  0.000099  0.000811  0.004134  0.013897  0.027802  0.026997 -0.016360 -0.002700 -0.071740 -0.090088
                                 0.073831  0.181768  0.355185  0.410329  0.210271  0.214538 -0.000001  0.000015  0.000003 -0.000053
                                -0.000008  0.000122  0.000032 -0.000365 -0.000231  0.001687  0.001186 -0.010229

   4.4   0     0.0411   -9.3013 -0.000046 -0.000372 -0.001906 -0.006366 -0.012880 -0.011637  0.005621  0.004205  0.030551  0.043026
                                -0.037267 -0.076359 -0.182683 -0.125747 -0.236760  1.071306  0.000002  0.000007 -0.000006 -0.000024
                                 0.000014  0.000054 -0.000046 -0.000162  0.000258  0.000779 -0.001484 -0.003966

                                   1 2pz     1 2pz     1 2pz     1 2pz     1 2pz     1 2pz     1 2pz     1 2pz     1 2pz     1 2pz  
                                   1 2pz     1 2pz     1 2pz     1 2pz     1 2pz     1 2pz     1 2pz     1 2pz     1 2pz     1 2pz  
                                   1 2pz     1 2pz     1 4f0     1 4f2+    1 4f0     1 4f2+    1 4f0     1 4f2+    1 4f0     1 4f2+ 
                                   1 4f0     1 4f2+    1 4f0     1 4f2+    1 4f0     1 4f2+    1 4f0     1 4f2+    1 4f0     1 4f2+ 
                                   1 4f0     1 4f2+    1 6h2+    1 6h4+    1 6h0     1 6h2+    1 6h4+    1 6h0     1 6h2+    1 6h4+ 
                                   1 6h0     1 6h2+    1 6h4+    1 6h0  

   1.5   2  -355.4798-1008.1124  0.000490  0.002254  0.009492  0.036995  0.123680  0.294181  0.011900  0.439621  0.298903 -0.055326
                                 0.065012 -0.840929  0.860968 -0.054077  0.006490 -0.004110  0.003101 -0.000882  0.000384 -0.000182
                                 0.000067 -0.000015  0.000000  0.000000  0.000000  0.000000  0.000000 -0.000000  0.000000  0.000000
                                -0.000000 -0.000000 -0.000000  0.000000 -0.000000 -0.000000 -0.000000  0.000000 -0.000000 -0.000000
                                 0.000000  0.000000  0.000000 -0.000000 -0.000000 -0.000000  0.000000  0.000000  0.000000 -0.000000
                                -0.000000 -0.000000  0.000000  0.000000

   2.5   2   -79.0047 -357.7302 -0.000248 -0.001143 -0.004873 -0.019180 -0.067113 -0.155409 -0.025287 -0.242037 -0.127409  0.325793
                                 0.591540  0.230566  0.038644  0.010640  0.014029 -0.007125  0.005652 -0.001681  0.000753 -0.000358
                                 0.000134 -0.000030 -0.000000 -0.000000  0.000001  0.000000  0.000002  0.000000 -0.000000  0.000000
                                 0.000000  0.000000  0.000000  0.000000  0.000000 -0.000000  0.000000  0.000000  0.000000 -0.000000
                                -0.000000 -0.000000  0.000000 -0.000000 -0.000000 -0.000000  0.000000  0.000000  0.000000 -0.000000
                                -0.000000  0.000000 -0.000000  0.000000

   3.5   2   -14.9588 -151.4738  0.000119  0.000549  0.002348  0.009259  0.032774  0.074898  0.015361  0.117730  0.054396 -0.222216
                                -0.484261  1.420685 -1.693057  0.653368  0.619282  0.205849 -0.061402  0.017429 -0.006750  0.003111
                                -0.001175  0.000263  0.000000  0.000000  0.000001  0.000000  0.000002  0.000000  0.000007  0.000000
                                 0.000017  0.000000 -0.000006  0.000000 -0.000004  0.000000 -0.000001 -0.000000 -0.000001  0.000000
                                -0.000000  0.000000  0.000000 -0.000000 -0.000000 -0.000000  0.000000 -0.000000 -0.000000  0.000000
                                -0.000000 -0.000000  0.000000  0.000000

   4.5   2    -1.0120 -103.1417  0.000000  0.000000  0.000000  0.000000  0.000000  0.000000  0.000000  0.000000  0.000000 -0.000000
                                -0.000000  0.000000 -0.000000  0.000000  0.000000  0.000000 -0.000000 -0.000000  0.000000  0.000000
                                 0.000000 -0.000000  0.000000  0.008238  0.000000  0.054806  0.000001  0.181515  0.000001  0.340975
                                 0.000001  0.388736  0.000001  0.288675  0.000000  0.130302  0.000000  0.026054  0.000000  0.008187
                                -0.000000 -0.001835  0.000001  0.000000  0.000000  0.000010  0.000000  0.000000 -0.000011 -0.000000
                                -0.000000 -0.000021 -0.000001 -0.000000

   5.5   2    -1.0121 -103.1456 -0.000000 -0.000000 -0.000000 -0.000000 -0.000001 -0.000002 -0.000000 -0.000003 -0.000000  0.000004
                                 0.000017 -0.000291  0.000322 -0.000058 -0.000004  0.000034 -0.000015 -0.000251  0.000266  0.000509
                                 0.000060 -0.000010  0.008238 -0.000000  0.054809 -0.000000  0.181524 -0.000001  0.340989 -0.000001
                                 0.388756 -0.000001  0.288673 -0.000001  0.130218 -0.000000  0.026054 -0.000000  0.008229 -0.000000
                                -0.001844  0.000000 -0.000000  0.000000  0.000001 -0.000000 -0.000000  0.000012  0.000000 -0.000000
                                -0.000014  0.000000 -0.000000 -0.000029

   6.5   2    -1.6178  -58.5483 -0.000041 -0.000191 -0.000818 -0.003227 -0.011432 -0.026316 -0.005234 -0.041371 -0.016757  0.080087
                                 0.193808 -1.099265  1.243328 -0.378959 -0.324296 -0.060946  0.434345  0.569777  0.202322  0.006201
                                 0.003575 -0.000627 -0.000002  0.000000 -0.000014  0.000000 -0.000046  0.000000 -0.000083  0.000000
                                -0.000105  0.000000 -0.000040  0.000000 -0.000272  0.000000  0.000177  0.000000  0.000247  0.000000
                                -0.000013 -0.000000  0.000000 -0.000000  0.000000  0.000000 -0.000000 -0.000000 -0.000000  0.000000
                                -0.000000 -0.000000  0.000000 -0.000012

   7.5   0     0.1446   -9.7801 -0.000000 -0.000000 -0.000000 -0.000000 -0.000000 -0.000000  0.000000 -0.000000  0.000000 -0.000000
                                 0.000000 -0.000000  0.000001 -0.000000  0.000000 -0.000000  0.000000 -0.000000  0.000000 -0.000000
                                 0.000000 -0.000000 -0.000000 -0.000116 -0.000000 -0.000672 -0.000000 -0.002602 -0.000000 -0.003775
                                -0.000000 -0.006987  0.000000  0.003219 -0.000000 -0.022515  0.000000  0.055822 -0.000000 -0.094234
                                 0.000005  1.042110 -0.000000 -0.000000 -0.000000  0.000000  0.000001  0.000000 -0.000001 -0.000011
                                -0.000000  0.000006  0.000065  0.000000

   8.5   0     0.1430   -9.7755 -0.000000 -0.000001 -0.000005 -0.000019 -0.000062 -0.000200  0.000046 -0.000300  0.000249 -0.000132
                                 0.002332 -0.074290  0.081123 -0.011039  0.001863 -0.010764  0.017804 -0.010891  0.031378 -0.064385
                                 0.057821 -0.054622 -0.000115  0.000000 -0.000665  0.000000 -0.002580  0.000000 -0.003732  0.000000
                                -0.006947  0.000000  0.003259 -0.000000 -0.022586  0.000000  0.055891 -0.000000 -0.095736  0.000000
                                 1.042120 -0.000005 -0.000000  0.000000 -0.000000  0.000000 -0.000000  0.000000 -0.000000  0.000000
                                -0.000004  0.000000 -0.000000  0.000023

                                   1 3d1+    1 3d1+    1 3d1+    1 3d1+    1 3d1+    1 3d1+    1 3d1+    1 3d1+    1 3d1+    1 3d1+ 
                                   1 3d1+    1 3d1+    1 3d1+    1 3d1+    1 3d1+    1 3d1+    1 5g1+    1 5g3+    1 5g1+    1 5g3+ 
                                   1 5g1+    1 5g3+    1 5g1+    1 5g3+    1 5g1+    1 5g3+    1 5g1+    1 5g3+ 

   1.6   2   -60.9164 -329.5277  0.001388  0.011211  0.056496  0.184662  0.376886  0.415812  0.003715  0.164992 -0.001611  0.009704
                                -0.002126  0.001279 -0.000588  0.000204 -0.000102  0.000031  0.000001  0.000000 -0.000001  0.000000
                                 0.000000  0.000000 -0.000000  0.000000  0.000000  0.000000 -0.000000 -0.000000

   2.6   2    -8.3407 -133.0204 -0.000674 -0.005547 -0.027945 -0.094750 -0.186035 -0.208129  0.144424 -0.078307  0.479698  0.510415
                                 0.160794 -0.005335  0.006551 -0.002202  0.001112 -0.000339  0.000001  0.000000  0.000005  0.000000
                                 0.000011  0.000000 -0.000009  0.000000 -0.000001  0.000000  0.000000  0.000000

   3.6   0     0.0001  -27.0393  0.000103  0.000845  0.004304  0.014475  0.028933  0.028251 -0.017380 -0.002281 -0.075152 -0.093527
                                 0.076373  0.190993  0.366739  0.443056  0.163956  0.186178 -0.000005  0.000000  0.000016 -0.000000
                                -0.000037  0.000000  0.000124 -0.000000 -0.000704  0.000000  0.003831 -0.000000

   4.6   0     0.0395   -8.1911 -0.000038 -0.000307 -0.001575 -0.005248 -0.010666 -0.009342  0.003987  0.004486  0.024375  0.036066
                                -0.031787 -0.060188 -0.156366 -0.081870 -0.288690  1.110049  0.000001  0.000000 -0.000002 -0.000000
                                 0.000005  0.000000 -0.000018 -0.000000  0.000134 -0.000000 -0.000776 -0.000000

                                   1 3d1-    1 3d1-    1 3d1-    1 3d1-    1 3d1-    1 3d1-    1 3d1-    1 3d1-    1 3d1-    1 3d1- 
                                   1 3d1-    1 3d1-    1 3d1-    1 3d1-    1 3d1-    1 3d1-    1 5g1-    1 5g3-    1 5g1-    1 5g3- 
                                   1 5g1-    1 5g3-    1 5g1-    1 5g3-    1 5g1-    1 5g3-    1 5g1-    1 5g3- 

   1.7   2   -60.9164 -329.5277  0.001388  0.011211  0.056496  0.184662  0.376886  0.415812  0.003715  0.164992 -0.001611  0.009704
                                -0.002126  0.001279 -0.000588  0.000204 -0.000102  0.000031  0.000001  0.000000 -0.000001  0.000000
                                 0.000000  0.000000 -0.000000 -0.000000  0.000000  0.000000 -0.000000 -0.000000

   2.7   2    -8.3407 -133.0204 -0.000674 -0.005547 -0.027945 -0.094750 -0.186035 -0.208129  0.144424 -0.078307  0.479698  0.510415
                                 0.160794 -0.005335  0.006551 -0.002202  0.001112 -0.000339  0.000001  0.000000  0.000005  0.000000
                                 0.000011  0.000000 -0.000009  0.000000 -0.000001  0.000000  0.000000 -0.000000

   3.7   0     0.0001  -27.0393  0.000103  0.000845  0.004304  0.014475  0.028933  0.028251 -0.017380 -0.002281 -0.075152 -0.093527
                                 0.076373  0.190993  0.366739  0.443056  0.163956  0.186178 -0.000005 -0.000000  0.000016  0.000000
                                -0.000037 -0.000000  0.000124  0.000000 -0.000704 -0.000000  0.003831  0.000000

   4.7   0     0.0395   -8.1911 -0.000038 -0.000307 -0.001575 -0.005248 -0.010666 -0.009342  0.003987  0.004486  0.024375  0.036066
                                -0.031787 -0.060188 -0.156366 -0.081870 -0.288690  1.110049  0.000001 -0.000000 -0.000002  0.000000
                                 0.000005 -0.000000 -0.000018  0.000000  0.000134 -0.000000 -0.000776 -0.000000

                                   1 4f2-    1 4f2-    1 4f2-    1 4f2-    1 4f2-    1 4f2-    1 4f2-    1 4f2-    1 4f2-    1 4f2- 
                                   1 6h4-    1 6h2-    1 6h4-    1 6h2-    1 6h4-    1 6h2-    1 6h4-    1 6h2- 

   1.8   2    -1.0120 -103.1417  0.008238  0.054806  0.181515  0.340975  0.388736  0.288675  0.130302  0.026054  0.008187 -0.001835
                                -0.000000  0.000001 -0.000000  0.000010  0.000000 -0.000011  0.000001 -0.000021

   2.8   0     0.1446   -9.7801 -0.000116 -0.000672 -0.002602 -0.003775 -0.006987  0.003219 -0.022515  0.055822 -0.094234  1.042110
                                 0.000000 -0.000000 -0.000001  0.000000  0.000011 -0.000001 -0.000065  0.000006

   3.8   0     0.4304  -16.8604 -0.000677 -0.004825 -0.014793 -0.030897 -0.025225 -0.037296  0.090097 -0.117601  1.223376 -0.576248
                                 0.000000 -0.000001 -0.000001  0.000002  0.000008 -0.000019 -0.000053  0.000105

 HOMO      7.2     0.027740 =       0.7549eV
 LUMO      3.4    -0.002583 =      -0.0703eV
 LUMO-HOMO        -0.030323 =      -0.8251eV


 **********************************************************************************************************************************
 DATASETS  * FILE   NREC   LENGTH (MB)   RECORD NAMES
              1      22       21.15       500      610      700      900      950      970     1000      129      960     1700   
                                          VAR    BASINP    GEOM    SYMINP    ZMAT    AOBASIS   BASIS     P2S    ABASIS    OPER   
                                         1101     1401     1411     1412     1650     1100     1400     1410     1200     1210   
                                          SR      EKINR    POTR     PVPR    MOLCAS      S      EKIN      POT      H0       H01  
                                         1080     1600   
                                         AOSYM     SMH  

              2       5        5.89       200      700     1000      520     4202   
                                        OPTIONS   GEOM     BASIS   MCVARS     RHF  

 PROGRAMS   *        TOTAL       RHF       INT
 CPU TIMES  *        42.12      2.34     39.41
 REAL TIME  *        45.28 SEC
 DISK USED  *         3.21 GB      
 SF USED    *         0.07 MB      
 GA USED    *         0.00 MB       (max)       0.00 MB       (current)
 **********************************************************************************************************************************


 PROGRAM * RHF-SCF (OPEN SHELL)       Authors: W. Meyer, H.-J. Werner


 NUMBER OF ELECTRONS:      36+   35-    SPACE SYMMETRY=2    SPIN SYMMETRY: Doublet 
 CONVERGENCE THRESHOLDS:    1.00E-05 (Density)    1.42E-07 (Energy)
 MAX. NUMBER OF ITERATIONS:        0
 INTERPOLATION TYPE:            DIIS
 INTERPOLATION STEPS:              2 (START)      1 (STEP)
 LEVEL SHIFTS:                 -0.60 (CLOSED) -0.30 (OPEN) 

 Number of closed-shell orbitals:   35 (  10   6   6   2   6   2   2   1 )
 Number of open-shell orbitals:      1 (   0   1   0   0   0   0   0   0 )


 Molecular orbitals read from record     4202.2  Type=RHF/CANONICAL (state 1.2)

 Molecular orbital dump at record        2108.2

 ITERATION    DDIFF          GRAD             ENERGY        2-EL.EN.            DIPOLE MOMENTS         DIIS   ORB.
    1      0.000D+00      0.000D+00    -14559.23303426  10854.763081    0.00000    0.00000    0.00000    0    start

 Final alpha occupancy:  10   7   6   2   6   2   2   1
 Final beta  occupancy:  10   6   6   2   6   2   2   1

 !RHF STATE 1.2 Energy               -14559.2330342597    
 Nuclear energy                         0.00000000
 One-electron energy               -19986.61457480
 Two-electron energy                 5427.38154054
 Virial quotient                       -0.73506230
 !RHF STATE 1.2 Dipole moment           0.00000000     0.00000000     0.00000000
 Dipole moment /Debye                   0.00000000     0.00000000     0.00000000

 Orbital energies:

         1.1          2.1          3.1          4.1          5.1          6.1          7.1          8.1          9.1         10.1
  -2339.330129  -403.285824   -93.672363   -60.916428   -60.916154   -19.878646    -8.340763    -8.340345    -2.893489    -0.327773

        11.1         12.1
     -0.002583    -0.000957

         1.2          2.2          3.2          4.2          5.2          6.2          7.2          8.2          9.2
   -355.479742   -79.004419   -14.958521    -1.011852    -1.012107    -1.618261     0.027740     0.142750    -0.015967

         1.3          2.3          3.3          4.3          5.3          6.3          7.3          8.3
   -355.479742   -79.004419   -14.958521    -1.011754    -1.012107    -1.618261     0.155301     0.142750

         1.4          2.4          3.4          4.4
    -60.916154    -8.340345    -0.002583     0.041056

         1.5          2.5          3.5          4.5          5.5          6.5          7.5          8.5
   -355.479841   -79.004671   -14.958844    -1.011981    -1.012148    -1.617835     0.144561     0.143024

         1.6          2.6          3.6          4.6
    -60.916356    -8.340651     0.000116     0.039466

         1.7          2.7          3.7          4.7
    -60.916356    -8.340651     0.000116     0.039466

         1.8          2.8          3.8
     -1.011981     0.144561     0.430388

 HOMO      7.2     0.027740 =       0.7549eV
 LUMO      3.4    -0.002583 =      -0.0703eV
 LUMO-HOMO        -0.030323 =      -0.8251eV


 **********************************************************************************************************************************
 DATASETS  * FILE   NREC   LENGTH (MB)   RECORD NAMES
              1      22       21.15       500      610      700      900      950      970     1000      129      960     1700   
                                          VAR    BASINP    GEOM    SYMINP    ZMAT    AOBASIS   BASIS     P2S    ABASIS    OPER   
                                         1101     1401     1411     1412     1650     1100     1400     1410     1200     1210   
                                          SR      EKINR    POTR     PVPR    MOLCAS      S      EKIN      POT      H0       H01  
                                         1080     1600   
                                         AOSYM     SMH  

              2       6        9.09       200      700     1000      520     4202     2108   
                                        OPTIONS   GEOM     BASIS   MCVARS     RHF      RHF  

 PROGRAMS   *        TOTAL       RHF       RHF       INT
 CPU TIMES  *        42.31      0.19      2.34     39.41
 REAL TIME  *        45.51 SEC
 DISK USED  *         3.21 GB      
 SF USED    *         0.07 MB      
 GA USED    *         0.00 MB       (max)       0.00 MB       (current)
 **********************************************************************************************************************************
 SETTING SCF(4)         =    -14559.23303426  AU                              
 SETTING _CC_NORM_MAX   =         2.00000000                                  


 PROGRAM * CCSD (Restricted open-shell coupled cluster)     Authors: C. Hampel, H.-J. Werner, 1991, M. Deegan, P.J. Knowles, 1992


 Convergence thresholds:  THRVAR = 1.00D-08  THRDEN = 1.42D-06

 CCSD(T)     terms to be evaluated (factor= 1.000)


 Number of core orbitals:          30 (   8   5   5   2   5   2   2   1 )
 Number of closed-shell orbitals:   5 (   2   1   1   0   1   0   0   0 )
 Number of active  orbitals:        1 (   0   1   0   0   0   0   0   0 )
 Number of external orbitals:     305 (  67  47  48  26  48  26  26  17 )

 Memory could be reduced to 48.90 Mwords without degradation in triples

 Number of N-1 electron functions:              11
 Number of N-2 electron functions:              55
 Number of singly external CSFs:               604
 Number of doubly external CSFs:            521242
 Total number of CSFs:                      521846

 Molecular orbitals read from record     2108.2  Type=RHF/CANONICAL (state 1.2)

 Integral transformation finished. Total CPU:   1.03 sec, npass=  1  Memory used:   9.13 MW

 Starting RMP2 calculation

 Wavefunction is spin-projected

 ITER.      SQ.NORM     CORR.ENERGY   TOTAL ENERGY   ENERGY CHANGE        DEN1      VAR(S)    VAR(P)  DIIS     TIME
   1      1.07327565    -0.25405261-14559.48708687    -0.25405261    -0.00485289  0.24D-05  0.29D-02  1  1     1.18
   2      1.08361915    -0.25982427-14559.49285853    -0.00577166    -0.00033632  0.40D-06  0.33D-03  2  2     1.26
   3      1.08908211    -0.26130906-14559.49434332    -0.00148479    -0.00001929  0.10D-07  0.22D-04  3  3     1.28
   4      1.09020919    -0.26147041-14559.49450467    -0.00016136    -0.00000207  0.31D-09  0.23D-05  4  4     1.31
   5      1.09043329    -0.26148274-14559.49451700    -0.00001232    -0.00000008  0.12D-09  0.80D-07  5  5     1.34
   6      1.09045336    -0.26148376-14559.49451802    -0.00000102    -0.00000001  0.14D-10  0.56D-08  6  6     1.37

 Norm of t1 vector:      0.00573642      S-energy:    -0.00001653      T1 diagnostic:  0.00001524
 Norm of t2 vector:      0.30069993      P-energy:    -0.26146723
                                         Alpha-Beta:  -0.19611166
                                         Alpha-Alpha: -0.03407226
                                         Beta-Beta:   -0.03128331

 Spin contamination <S**2-Sz**2-Sz>     0.00000000
  Reference energy                   -14559.2330342598    
  RHF-RMP2 correlation energy          -0.261483758175
 !RHF-RMP2 energy                    -14559.4945180179    
 (NB above energy spin projected)

 Starting RCCSD calculation

 ITER.      SQ.NORM     CORR.ENERGY   TOTAL ENERGY   ENERGY CHANGE        DEN1      VAR(S)    VAR(P)  DIIS     TIME
   1      1.07509687    -0.25723391-14559.49026817    -0.25723391    -0.00755141  0.43D-03  0.36D-02  1  1     2.20
   2      1.09225686    -0.26576729-14559.49880155    -0.00853338    -0.00122034  0.17D-03  0.98D-03  2  2     2.99
   3      1.10898825    -0.26904919-14559.50208345    -0.00328190    -0.00040354  0.45D-04  0.40D-03  3  3     3.81
   4      1.12570213    -0.27093530-14559.50396956    -0.00188611    -0.00022477  0.12D-04  0.26D-03  4  4     4.60
   5      1.13754250    -0.27160805-14559.50464231    -0.00067274    -0.00019715  0.65D-05  0.23D-03  5  5     5.42
   6      1.15054764    -0.27206866-14559.50510292    -0.00046061    -0.00019329  0.48D-05  0.23D-03  6  6     6.22
   7      1.15462509    -0.27218992-14559.50522418    -0.00012126    -0.00019407  0.47D-05  0.23D-03  7  7     7.04
   8      1.13680237    -0.27161603-14559.50465029     0.00057389    -0.00018397  0.45D-05  0.22D-03  8  8     7.82
   9      1.12375513    -0.27017405-14559.50320831     0.00144198    -0.00014729  0.42D-05  0.17D-03  9  9     8.63
  10      1.16783817    -0.26872154-14559.50175580     0.00145251    -0.00008924  0.44D-05  0.10D-03 10 10     9.45
  11      1.25635877    -0.26763564-14559.50066989     0.00108590    -0.00004854  0.16D-04  0.44D-04 11 11    10.24
  12      1.29823811    -0.26732809-14559.50036235     0.00030755    -0.00004922  0.53D-04  0.28D-04 12 12    11.03
  13      1.31401849    -0.26716649-14559.50020075     0.00016160    -0.00003472  0.22D-04  0.27D-04 13 13    11.83
  14      1.34471548    -0.26701778-14559.50005204     0.00014871    -0.00001592  0.18D-05  0.17D-04 14 14    12.62
  15      1.37798726    -0.26677465-14559.49980891     0.00024312    -0.00001353  0.44D-06  0.16D-04 15 15    13.43
  16      1.35717633    -0.26703720-14559.50007146    -0.00026254    -0.00001200  0.88D-07  0.15D-04 15 12    14.25
  17      1.31191404    -0.26746487-14559.50049913    -0.00042767    -0.00001072  0.15D-06  0.13D-04 15  1    15.04
  18      1.25762639    -0.26818591-14559.50122017    -0.00072104    -0.00000992  0.94D-07  0.12D-04 15  2    15.85
  19      1.18627198    -0.26918719-14559.50222145    -0.00100128    -0.00000628  0.27D-06  0.66D-05 15  3    16.62
  20      1.21110780    -0.26868215-14559.50171641     0.00050504    -0.00000616  0.31D-06  0.65D-05 15  4    17.44
  21      1.29778979    -0.26754451-14559.50057877     0.00113763    -0.00000330  0.11D-06  0.34D-05 15 10    18.24
  22      1.38263250    -0.26679974-14559.49983400     0.00074478    -0.00000182  0.99D-07  0.18D-05 15  5    19.04
  23      1.45556178    -0.26621765-14559.49925191     0.00058209    -0.00000071  0.57D-07  0.66D-06 15 11    19.84
  24      1.46171097    -0.26616866-14559.49920292     0.00004899    -0.00000018  0.24D-07  0.15D-06 15 13    20.65
  25      1.47817164    -0.26607209-14559.49910635     0.00009657    -0.00000006  0.26D-07  0.43D-07 15 14    21.46
  26      1.46904539    -0.26612334-14559.49915759    -0.00005124    -0.00000004  0.35D-07  0.27D-07 15  8    22.30
  27      1.47052415    -0.26611679-14559.49915105     0.00000655    -0.00000004  0.41D-07  0.27D-07 15  6    23.10
  28      1.47148281    -0.26611243-14559.49914669     0.00000436    -0.00000004  0.29D-07  0.26D-07 15  9    23.93
  29      1.47129916    -0.26611459-14559.49914885    -0.00000216    -0.00000003  0.10D-07  0.23D-07 15  7    24.74
  30      1.47169277    -0.26611419-14559.49914845     0.00000040    -0.00000002  0.27D-08  0.17D-07 15  1    25.53
  31      1.47137997    -0.26611532-14559.49914958    -0.00000114    -0.00000001  0.14D-08  0.13D-07 15 12    26.32
  32      1.47166583    -0.26611491-14559.49914917     0.00000042    -0.00000001  0.23D-08  0.13D-07 15 15    27.14
  33      1.47154637    -0.26611571-14559.49914997    -0.00000081    -0.00000001  0.30D-08  0.13D-07 15 11    27.96
  34      1.47134249    -0.26611648-14559.49915074    -0.00000077    -0.00000001  0.21D-08  0.12D-07 15  2    28.77
  35      1.47122643    -0.26611833-14559.49915259    -0.00000186    -0.00000001  0.85D-09  0.97D-08 15  5    29.56
  36      1.47125776    -0.26611879-14559.49915305    -0.00000046    -0.00000001  0.17D-08  0.91D-08 15 14    30.38
  37      1.47143565    -0.26611776-14559.49915202     0.00000103    -0.00000001  0.22D-08  0.92D-08 15  3    31.19
  38      1.47146243    -0.26611743-14559.49915169     0.00000033    -0.00000001  0.24D-08  0.93D-08 15 10    31.99
  39      1.47160922    -0.26611730-14559.49915156     0.00000013    -0.00000001  0.20D-08  0.86D-08 15  4    32.82
  40      1.47162628    -0.26612040-14559.49915466    -0.00000310    -0.00000001  0.13D-08  0.73D-08 15 13    33.62
  41      1.47162279    -0.26612097-14559.49915523    -0.00000057    -0.00000001  0.11D-08  0.63D-08 15 12    34.40

 Norm of t1 vector:      0.06989842      S-energy:    -0.00002797      T1 diagnostic:  0.01459802
                                                                       D1 diagnostic:  0.04713823
 Norm of t2 vector:      0.68318153      P-energy:    -0.26609300
                                         Alpha-Beta:  -0.20424343
                                         Alpha-Alpha: -0.03203594
                                         Beta-Beta:   -0.02981363

 Doubles amplitudes (print threshold =  0.500E-01):

         I         J         SYM. A    SYM. B    A         B      T(IJ, AB) [Alpha-Alpha]

         4         2         1         2         1         3      0.16574119
         4         2         1         2         1         4      0.08944628
         4         2         1         2         5         3     -0.06811476
         4         2         1         2         7         3      0.06210737
         4         2         2         1         3         1     -0.16574119
         4         2         2         1         3         5      0.06811476
         4         2         2         1         3         7     -0.06210737
         4         2         2         1         4         1     -0.08944628
         4         2         3         4         3         1      0.16568397
         4         2         3         4         3         2     -0.06811800
         4         2         3         4         3         3      0.06211353
         4         2         3         4         4         1      0.08948953
         4         2         4         3         1         3     -0.16568397
         4         2         4         3         1         4     -0.08948953
         4         2         4         3         2         3      0.06811800
         4         2         4         3         3         3     -0.06211353
 
         I         J         SYM. A    SYM. B    A         B      T(IJ, AB) [Alpha-Beta]

         2         2         1         1         2         2     -0.05058726
         2         2         2         2         3         3     -0.05987015
         2         2         3         3         3         3     -0.05987152
         2         2         5         5         3         3     -0.06704278
         4         2         1         2         1         3      0.24484411
         4         2         1         2         1         4      0.15922408
         4         2         1         2         5         3     -0.13345701
         4         2         1         2         7         3      0.11953980
         4         2         2         1         3         1      0.07910291
         4         2         2         1         3         5     -0.06534225
         4         2         2         1         3         7      0.05743243
         4         2         2         1         4         1      0.06977780
         4         2         3         4         3         1     -0.07956983
         4         2         3         4         3         2      0.06545656
         4         2         3         4         3         3     -0.05748035
         4         2         3         4         4         1     -0.06965839
         4         2         4         3         1         3     -0.24525380
         4         2         4         3         1         4     -0.15914791
         4         2         4         3         2         3      0.13357456
         4         2         4         3         3         3     -0.11959387

 Spin contamination <S**2-Sz**2-Sz>     0.00000000

 Memory could be reduced to 49.24 Mwords without degradation in triples
 

 RESULTS
 =======

  Reference energy                   -14559.2330342598    
  RCCSD singles energy                 -0.000027966390
  RCCSD pair energy                    -0.266093003543
  RCCSD correlation energy             -0.266120969933
  Triples (T) contribution             -0.025465106232
  Total correlation energy             -0.291586076164
 
  RHF-RCCSD energy                   -14559.4991552297    
  RHF-RCCSD[T] energy                -14559.5247946709    
  RHF-RCCSD-T energy                 -14559.5245675359    
 !RHF-RCCSD(T) energy                -14559.5246203359    

 Program statistics:

 Available memory in ccsd:              1999999552
 Min. memory needed in ccsd:               1840582
 Max. memory used in ccsd:                 2416102
 Max. memory used in cckext:               2434846 (41 integral passes)
 Max. memory used in cckint:               9134514 ( 1 integral passes)



 **********************************************************************************************************************************
 DATASETS  * FILE   NREC   LENGTH (MB)   RECORD NAMES
              1      22       21.15       500      610      700      900      950      970     1000      129      960     1700   
                                          VAR    BASINP    GEOM    SYMINP    ZMAT    AOBASIS   BASIS     P2S    ABASIS    OPER   
                                         1101     1401     1411     1412     1650     1100     1400     1410     1200     1210   
                                          SR      EKINR    POTR     PVPR    MOLCAS      S      EKIN      POT      H0       H01  
                                         1080     1600   
                                         AOSYM     SMH  

              2       6        9.09       200      700     1000      520     4202     2108   
                                        OPTIONS   GEOM     BASIS   MCVARS     RHF      RHF  

 PROGRAMS   *        TOTAL  RCCSD(T)       RHF       RHF       INT
 CPU TIMES  *        83.67     41.33      0.19      2.34     39.41
 REAL TIME  *        94.19 SEC
 DISK USED  *         4.02 GB      
 SF USED    *       611.61 MB      
 GA USED    *         0.00 MB       (max)       0.00 MB       (current)
 **********************************************************************************************************************************
 SETTING CCSD(4)        =    -14559.52462034  AU                              
 Output type csv         
                                                                                                                                                                                                                                                                

          SCF,CCSD
        0.00000,        0.00000
        0.00000,        0.00000
        0.00000,        0.00000
   -14559.23303,   -14559.52462
                                                  

 RCCSD(T)/USERDEF energy= -14559.524620335937

        RCCSD(T)        RHF-SCF         RHF-SCF 
 -14559.52462034 -14559.23303426 -14559.23303426
 **********************************************************************************************************************************
 Molpro calculation terminated
 Variable memory released
