
 Primary working directories    : /global/cscratch1/sd/haihan
 Secondary working directories  : /global/cscratch1/sd/haihan
 Wavefunction directory         : /global/homes/h/haihan/Research/ECP/f_group_element_ecps/Lu/Molpro/atom/ECP46_1_SapQZdiff/wfu/
 Main file repository           : /global/cscratch1/sd/haihan/

 SHA1      : 19cd028119e0e09f93f0674bd8af7968d9b3eff6
 NAME      : 2015.1.36
 ARCHNAME  : linux/x86_64
 FC        : /opt/cray/pe/craype/2.5.14/bin/ftn
 BLASLIB   : -L/opt/intel/compilers_and_libraries_2018.1.163/linux/mkl/lib/intel64 -Wl,-_start-group -lmkl_intel_ilp64 -lmkl_intel_thread -lmkl_core -Wl,-_end-group -liomp5
 id        : lbl

 Nodes     nprocs
 nid13003    11
 Number of processes for MPI-2 version of Molpro:   nprocs(total)=   12   nprocs(compute)=   11   nprocs(helper)=    1

 Using customized tuning parameters: mindgm=7; mindgv=16; mindgc=1; mindgr=1; noblas=0; minvec=7
 default implementation of scratch files=sf  

 ***,Calculation for Lu atom, singlet and triplet
 memory,1,g
 
 gthresh,twoint=1.e-15
 gthresh,oneint=1.e-15
 
 
 geometry={
 1
 Lu
 Lu  0.0 0.0 0.0
 }
 
 basis={
 ECP,Lu,46,4,0;
 4                                                                               !ul
 1,    4.526254,   25.000000
 3,    3.879308,   113.15635
 2,    4.406058,  -85.722649
 2,    1.899664,   -3.133952
 2                                                                               !s
 2,    8.996757,  161.119164
 2,    5.104371,   89.334835
 2                                                                               !p
 2,    7.640657,   88.693021
 2,    3.878305,   57.109488
 2                                                                               !d
 2,    7.456305,   55.901690
 2,    2.530445,   29.364333
 2                                                                               !f
 2,    4.939345,  -23.952530
 2,    3.912490,   -7.090915
 Including file /global/u2/h/haihan/Research/ECP/f_group_element_ecps/Lu/Molpro/atom/ECP46_1_SapQZdiff/9/../SapQZdiff.basis
 }
 
 
 
 Including file /global/u2/h/haihan/Research/ECP/f_group_element_ecps/Lu/Molpro/atom/ECP46_1_SapQZdiff/9/../Lu46_states_ecp.proc
 
 do i=9,9
     if (i.eq.1) then
         Id1s2
     else if (i.eq.2) then
         Ip1s2
     else if (i.eq.3) then
         IEd2s1
     else if (i.eq.4) then
         IEf1s2
     else if (i.eq.5) then
         IIds2
     else if (i.eq.6) then
         IId1s1
     else if (i.eq.7) then
         IIIds1
     else if (i.eq.8) then
         IIIp1
     else if (i.eq.9) then
         IIId1
     else if (i.eq.10) then
         IIIEf1
     else if (i.eq.11) then
         VIp6
     else if (i.eq.12) then
         VIIp5
     else if (i.eq.13) then
         VIIIp4
     else if (i.eq.14) then
         IXp3
     else if (i.eq.15) then
         Xp
     else if (i.eq.16) then
         XIds2
     else if (i.eq.17) then
         IIIEf2
     endif
     scf(i)=energy
     _CC_NORM_MAX=2.0
     {rccsd(t),shifts=0.5,shiftp=0.5,thrdis=1.0;diis,1,1,15,1;maxit,100;core}
     ccsd(i)=energy
 enddo
 
 table,scf,ccsd
 type,csv
 save

 Variables initialized (889), CPU time= 0.01 sec
 Commands  initialized (702), CPU time= 0.01 sec, 572 directives.
 Default parameters read. Elapsed time= 0.12 sec

 Checking input...
 Passed
1


                                         ***  PROGRAM SYSTEM MOLPRO  ***
                                       Copyright, TTI GmbH Stuttgart, 2015
                                    Version 2015.1 linked Dec 29 2018 15:55:43


 **********************************************************************************************************************************
 LABEL *   Calculation for Lu atom, singlet and triplet                                  
  64 bit mpp version                                                                     DATE: 17-Apr-23          TIME: 12:14:44  
 **********************************************************************************************************************************

 SHA1:             19cd028119e0e09f93f0674bd8af7968d9b3eff6
 **********************************************************************************************************************************

 THRESHOLDS:

 ZERO    =  1.00D-12  ONEINT  =  1.00D-12  TWOINT  =  1.00D-15  PREFAC  =  1.00D-14  LOCALI  =  1.00D-09  EORDER  =  1.00D-04
 ENERGY  =  0.00D+00  ETEST   =  0.00D+00  EDENS   =  0.00D+00  THRDEDEF=  1.00D-06  GRADIENT=  1.00D-02  STEP    =  1.00D-03
 ORBITAL =  1.00D-05  CIVEC   =  1.00D-05  COEFF   =  1.00D-04  PRINTCI =  5.00D-02  PUNCHCI =  9.90D+01  OPTGRAD =  3.00D-04
 OPTENERG=  1.00D-06  OPTSTEP =  3.00D-04  THRGRAD =  1.00D-10  COMPRESS=  1.00D-11  VARMIN  =  1.00D-07  VARMAX  =  1.00D-03
 THRDOUB =  0.00D+00  THRDIV  =  1.00D-05  THRRED  =  1.00D-07  THRPSP  =  1.00D+00  THRDC   =  1.00D-10  THRCS   =  1.00D-10
 THRNRM  =  1.00D-08  THREQ   =  0.00D+00  THRDE   =  1.00D+00  THRREF  =  1.00D-05  SPARFAC =  1.00D+00  THRDLP  =  1.00D-07
 THRDIA  =  1.00D-10  THRDLS  =  1.00D-07  THRGPS  =  0.00D+00  THRKEX  =  0.00D+00  THRDIS  =  2.00D-01  THRVAR  =  1.00D-10
 THRLOC  =  1.00D-06  THRGAP  =  1.00D-06  THRLOCT = -1.00D+00  THRGAPT = -1.00D+00  THRORB  =  1.00D-06  THRMLTP =  0.00D+00
 THRCPQCI=  1.00D-10  KEXTA   =  0.00D+00  THRCOARS=  0.00D+00  SYMTOL  =  1.00D-06  GRADTOL =  1.00D-06  THROVL  =  1.00D-08
 THRORTH =  1.00D-08  GRID    =  1.00D-06  GRIDMAX =  1.00D-03  DTMAX   =  0.00D+00  THROCCDE=  1.00D-01  THROCCDE=  1.00D-01



 THRESHOLDS:

 ZERO    =  1.00D-12  ONEINT  =  1.00D-15  TWOINT  =  1.00D-15  PREFAC  =  1.00D-14  LOCALI  =  1.00D-09  EORDER  =  1.00D-04
 ENERGY  =  0.00D+00  ETEST   =  0.00D+00  EDENS   =  0.00D+00  THRDEDEF=  1.00D-06  GRADIENT=  1.00D-02  STEP    =  1.00D-03
 ORBITAL =  1.00D-05  CIVEC   =  1.00D-05  COEFF   =  1.00D-04  PRINTCI =  5.00D-02  PUNCHCI =  9.90D+01  OPTGRAD =  3.00D-04
 OPTENERG=  1.00D-06  OPTSTEP =  3.00D-04  THRGRAD =  1.00D-10  COMPRESS=  1.00D-11  VARMIN  =  1.00D-07  VARMAX  =  1.00D-03
 THRDOUB =  0.00D+00  THRDIV  =  1.00D-05  THRRED  =  1.00D-07  THRPSP  =  1.00D+00  THRDC   =  1.00D-10  THRCS   =  1.00D-10
 THRNRM  =  1.00D-08  THREQ   =  0.00D+00  THRDE   =  1.00D+00  THRREF  =  1.00D-05  SPARFAC =  1.00D+00  THRDLP  =  1.00D-07
 THRDIA  =  1.00D-10  THRDLS  =  1.00D-07  THRGPS  =  0.00D+00  THRKEX  =  0.00D+00  THRDIS  =  2.00D-01  THRVAR  =  1.00D-10
 THRLOC  =  1.00D-06  THRGAP  =  1.00D-06  THRLOCT = -1.00D+00  THRGAPT = -1.00D+00  THRORB  =  1.00D-06  THRMLTP =  0.00D+00
 THRCPQCI=  1.00D-10  KEXTA   =  0.00D+00  THRCOARS=  0.00D+00  SYMTOL  =  1.00D-06  GRADTOL =  1.00D-06  THROVL  =  1.00D-08
 THRORTH =  1.00D-08  GRID    =  1.00D-06  GRIDMAX =  1.00D-03  DTMAX   =  0.00D+00  THROCCDE=  1.00D-01  THROCCDE=  1.00D-01



Geometry recognized as XYZ


 Variable memory set to 1000000000 words,  buffer space   230000 words

 SETTING BASIS          =    USERDEF

 DO I                   =         9.00000000   

 Running procedure=IIID1


 Recomputing integrals since basis changed


 Using spherical harmonics



 PROGRAM * SEWARD (Integral evaluation for generally contracted gaussian basis sets)     Author: Roland Lindh, 1990

 Geometry written to block  1 of record 700

 Orientation using atomic masses  
 Molecule type: Atom
 Symmetry elements: X,Y,Z
 Rotational constants:       0.0000000      0.0000000      0.0000000 GHz  (calculated with average atomic masses)

 Point group  D2h 



 ATOMIC COORDINATES

 NR  ATOM    CHARGE       X              Y              Z

   1  LU     25.00    0.000000000    0.000000000    0.000000000

 NUCLEAR CHARGE:                   25
 NUMBER OF PRIMITIVE AOS:         463
 NUMBER OF SYMMETRY AOS:          341
 NUMBER OF CONTRACTIONS:          341   (  77Ag  +  54B3u +  54B2u +  28B1g +  54B1u +  28B2g +  28B3g +  18Au  )
 NUMBER OF CORE ORBITALS:           0   (   0Ag  +   0B3u +   0B2u +   0B1g +   0B1u +   0B2g +   0B3g +   0Au  )
 NUMBER OF VALENCE ORBITALS:       17   (   4Ag  +   3B3u +   3B2u +   1B1g +   3B1u +   1B2g +   1B3g +   1Au  )


 NUCLEAR REPULSION ENERGY    0.00000000

 EXTRA SYMMETRY OF AOS IN SYMMETRY 1:   1 1 1 1 1 1 1 1 1 1   1 1 1 1 1 1 1 1 1 1   1 1 1 1 1 1 1 2 3 2   3 2 3 2 3 2 3 2 3 2
                                        3 2 3 2 3 2 3 2 3 2   3 2 3 2 3 2 3 2 3 4   5 6 4 5 6 4 5 6 4 5   6 4 5 6 4 5 6
 EXTRA SYMMETRY OF AOS IN SYMMETRY 2:   1 1 1 1 1 1 1 1 1 1   1 1 1 1 1 1 1 1 1 1   1 1 2 3 2 3 2 3 2 3   2 3 2 3 2 3 2 3 2 3
                                        2 3 4 5 6 4 5 6 4 5   6 4 5 6
 EXTRA SYMMETRY OF AOS IN SYMMETRY 3:   1 1 1 1 1 1 1 1 1 1   1 1 1 1 1 1 1 1 1 1   1 1 2 3 2 3 2 3 2 3   2 3 2 3 2 3 2 3 2 3
                                        2 3 4 5 6 4 5 6 4 5   6 4 5 6
 EXTRA SYMMETRY OF AOS IN SYMMETRY 4:   1 1 1 1 1 1 1 1 1 1   1 1 1 1 1 1 2 3 2 3   2 3 2 3 2 3 2 3
 EXTRA SYMMETRY OF AOS IN SYMMETRY 5:   1 1 1 1 1 1 1 1 1 1   1 1 1 1 1 1 1 1 1 1   1 1 2 3 2 3 2 3 2 3   2 3 2 3 2 3 2 3 2 3
                                        2 3 4 5 6 4 5 6 4 5   6 4 5 6
 EXTRA SYMMETRY OF AOS IN SYMMETRY 6:   1 1 1 1 1 1 1 1 1 1   1 1 1 1 1 1 2 3 2 3   2 3 2 3 2 3 2 3
 EXTRA SYMMETRY OF AOS IN SYMMETRY 7:   1 1 1 1 1 1 1 1 1 1   1 1 1 1 1 1 2 3 2 3   2 3 2 3 2 3 2 3
 EXTRA SYMMETRY OF AOS IN SYMMETRY 8:   1 1 1 1 1 1 1 1 1 1   2 3 2 3 2 3 2 3

 Eigenvalues of metric

         1 0.198E-06 0.285E-05 0.880E-05 0.110E-03 0.147E-03 0.147E-03 0.226E-03 0.428E-03
         2 0.115E-06 0.864E-04 0.280E-03 0.685E-03 0.202E-02 0.951E-02 0.162E-01 0.364E-01
         3 0.115E-06 0.864E-04 0.280E-03 0.685E-03 0.202E-02 0.951E-02 0.162E-01 0.364E-01
         4 0.147E-03 0.324E-02 0.233E-01 0.406E-01 0.866E-01 0.997E-01 0.997E-01 0.141E+00
         5 0.115E-06 0.864E-04 0.280E-03 0.685E-03 0.202E-02 0.951E-02 0.162E-01 0.364E-01
         6 0.147E-03 0.324E-02 0.233E-01 0.406E-01 0.866E-01 0.997E-01 0.997E-01 0.141E+00
         7 0.147E-03 0.324E-02 0.233E-01 0.406E-01 0.866E-01 0.997E-01 0.997E-01 0.141E+00
         8 0.437E-01 0.880E-01 0.207E+00 0.366E+00 0.366E+00 0.370E+00 0.551E+00 0.646E+00


 Contracted 2-electron integrals neglected if value below      1.0D-15
 AO integral compression algorithm  1   Integral accuracy      1.0D-15

     1449.918 MB (compressed) written to integral file ( 50.1%)

     Node minimum: 96.731 MB, node maximum: 172.491 MB


 NUMBER OF SORTED TWO-ELECTRON INTEGRALS:   19772499.     BUFFER LENGTH:  32768
 NUMBER OF SEGMENTS:   1  SEGMENT LENGTH:   19772499      RECORD LENGTH: 524288

 Memory used in sort:      20.33 MW

 SORT1 READ   362089039. AND WROTE    12327426. INTEGRALS IN     36 RECORDS. CPU TIME:     8.93 SEC, REAL TIME:     9.28 SEC
 SORT2 READ   135657947. AND WROTE   217701552. INTEGRALS IN   4983 RECORDS. CPU TIME:     0.88 SEC, REAL TIME:     1.18 SEC

 Node minimum:    19722951.  Node maximum:    19859000. integrals

 OPERATOR DM      FOR CENTER  0  COORDINATES:    0.000000    0.000000    0.000000


 **********************************************************************************************************************************
 DATASETS  * FILE   NREC   LENGTH (MB)   RECORD NAMES
              1      19       20.70       500      610      700      900      950      970     1000      129      960     1100   
                                          VAR    BASINP    GEOM    SYMINP    ZMAT    AOBASIS   BASIS     P2S    ABASIS      S 
                                         1400     1410     1420     1200     1210     1080     1600     1650     1700   
                                           T        V       ECP      H0       H01     AOSYM     SMH    MOLCAS    OPER   

 PROGRAMS   *        TOTAL       INT
 CPU TIMES  *        31.23     30.87
 REAL TIME  *        33.45 SEC
 DISK USED  *         3.08 GB      
 GA USED    *         0.00 MB       (max)       0.00 MB       (current)
 **********************************************************************************************************************************


 PROGRAM * RHF-SCF (OPEN SHELL)       Authors: W. Meyer, H.-J. Werner


 NUMBER OF ELECTRONS:      12+   11-    SPACE SYMMETRY=4    SPIN SYMMETRY: Doublet 
 CONVERGENCE THRESHOLDS:    1.00E-05 (Density)    1.00E-07 (Energy)
 MAX. NUMBER OF ITERATIONS:      150
 INTERPOLATION TYPE:            DIIS
 INTERPOLATION STEPS:              2 (START)      1 (STEP)
 LEVEL SHIFTS:                 -0.60 (CLOSED) -0.30 (OPEN) 

 Number of closed-shell orbitals:   11 (   1   3   3   0   3   0   0   1 )
 Number of open-shell orbitals:      1 (   0   0   0   1   0   0   0   0 )


 Guess basis ATOMIC-GUESS,LU=ECP46_GUESS not found. No density guess!


 Molecular orbital dump at record        4202.2

 ITERATION    DDIFF          GRAD             ENERGY        2-EL.EN.            DIPOLE MOMENTS         DIIS   ORB.
    1      0.000D+00      0.000D+00      -168.29590838    532.972959    0.00000    0.00000    0.00000    0    start
    2      0.000D+00      0.489D+00      -137.45996901     96.099446    0.00000    0.00000    0.00000    0    diag,B
    3      0.189D+01      0.247D+00      -177.20706730    512.709516    0.00000    0.00000    0.00000    1    diag,B
    4      0.110D+01      0.439D+00      -194.74970069    464.861134    0.00000    0.00000    0.00000    2    diag,B
    5      0.331D+00      0.278D+00      -204.38624130    422.696018    0.00000    0.00000    0.00000    3    diag,B
    6      0.430D+00      0.159D+00      -209.54176845    371.600956    0.00000    0.00000    0.00000    4    diag,B
    7      0.129D+00      0.296D-01      -209.83442400    355.330474    0.00000    0.00000    0.00000    5    diag,B
    8      0.130D-01      0.640D-02      -209.84657210    354.805912    0.00000    0.00000    0.00000    6    diag,B
    9      0.694D-02      0.339D-02      -209.84947266    355.226704    0.00000    0.00000    0.00000    7    diag,B
   10      0.555D-02      0.702D-03      -209.84959566    355.464423    0.00000    0.00000    0.00000    8    orth
   11      0.168D-02      0.928D-04      -209.84960290    355.428211    0.00000    0.00000    0.00000    9    diag,B
   12      0.223D-03      0.383D-04      -209.84960621    355.421801    0.00000    0.00000    0.00000    9    diag,B
   13      0.664D-04      0.198D-04      -209.84960728    355.423208    0.00000    0.00000    0.00000    9    diag,B
   14      0.822D-04      0.104D-04      -209.84960743    355.424517    0.00000    0.00000    0.00000    9    diag,B
   15      0.284D-04      0.249D-05      -209.84960743    355.423209    0.00000    0.00000    0.00000    9    diag,B
   16      0.616D-05      0.313D-06      -209.84960743    355.423229    0.00000    0.00000    0.00000    0    orth

 Final alpha occupancy:   1   3   3   1   3   0   0   1
 Final beta  occupancy:   1   3   3   0   3   0   0   1

 !RHF STATE 1.4 Energy               -209.849607433530
 Nuclear energy                         0.00000000
 One-electron energy                 -387.56122173
 Two-electron energy                  177.71161429
 Virial quotient                       -1.21910224
 !RHF STATE 1.4 Dipole moment           0.00000000     0.00000000     0.00000000
 Dipole moment /Debye                   0.00000000     0.00000000     0.00000000

 ELECTRON ORBITALS
 =================


   Orb  Occ    Energy  Couls-En    Coefficients

                                   1 1s      1 1s      1 1s      1 1s      1 1s      1 1s      1 1s      1 1s      1 1s      1 1s   
                                   1 1s      1 1s      1 1s      1 1s      1 1s      1 1s      1 1s      1 1s      1 1s      1 1s   
                                   1 1s      1 1s      1 1s      1 1s      1 1s      1 1s      1 1s      1 3d0     1 3d2+    1 3d0  
                                   1 3d2+    1 3d0     1 3d2+    1 3d0     1 3d2+    1 3d0     1 3d2+    1 3d0     1 3d2+    1 3d0  
                                   1 3d2+    1 3d0     1 3d2+    1 3d0     1 3d2+    1 3d0     1 3d2+    1 3d0     1 3d2+    1 3d0  
                                   1 3d2+    1 3d0     1 3d2+    1 3d0     1 3d2+    1 3d0     1 3d2+    1 3d0     1 3d2+    1 5g0  
                                   1 5g4+    1 5g2+    1 5g0     1 5g4+    1 5g2+    1 5g0     1 5g4+    1 5g2+    1 5g0     1 5g4+ 
                                   1 5g2+    1 5g0     1 5g4+    1 5g2+    1 5g0     1 5g4+    1 5g2+ 

   1.1   2    -3.3165  -21.3112 -0.000000  0.000000 -0.000000  0.000000 -0.000000  0.000001 -0.000015  0.000023 -0.000382  0.000405
                                -0.000084  0.000604 -0.001123  0.001052 -0.043406  0.047583 -0.107843  0.263028  0.057342 -0.961901
                                 0.210408  0.882432  0.431541 -0.006808  0.009622 -0.002912  0.000642  0.000000  0.000000 -0.000001
                                -0.000000  0.000003  0.000000 -0.000015 -0.000000  0.000064  0.000000 -0.000517 -0.000000  0.001314
                                 0.000000 -0.002142 -0.000000  0.001894  0.000000 -0.001532 -0.000000  0.001704  0.000000  0.005720
                                -0.000000 -0.000850  0.000000  0.000127 -0.000000 -0.000087  0.000000  0.000028 -0.000000 -0.000001
                                 0.000007 -0.000000  0.000002 -0.000008  0.000000 -0.000013  0.000063  0.000000  0.000037 -0.000123
                                 0.000000  0.000228 -0.001277  0.000000  0.000006 -0.000054 -0.000000

   2.1   0    -0.5415  -12.3048 -0.000000  0.000000 -0.000000  0.000000 -0.000000  0.000000 -0.000000  0.000000 -0.000001  0.000001
                                -0.000000  0.000002 -0.000003  0.000004 -0.000372  0.000415 -0.000134  0.000290 -0.000918  0.001984
                                 0.000235  0.000080 -0.002063 -0.004321 -0.000417 -0.000074  0.000016  0.000004 -0.000000 -0.000035
                                 0.000000  0.000182 -0.000000 -0.000781  0.000000  0.003390 -0.000000 -0.027749  0.000000  0.070785
                                -0.000000 -0.116145  0.000000  0.102885 -0.000000 -0.084878  0.000000  0.079336 -0.000000  0.413233
                                -0.000000  0.466442 -0.000000  0.286419 -0.000000 -0.050747  0.000000  0.017053 -0.000000 -0.000014
                                -0.000023 -0.000000  0.000071  0.000116  0.000000 -0.000112 -0.000187 -0.000000  0.001348  0.002400
                                -0.000000  0.004553  0.006279 -0.000000  0.002366  0.002041  0.000000

   3.1   0    -0.5064  -12.1638  0.000000 -0.000000  0.000000 -0.000000  0.000000 -0.000000  0.000000 -0.000000  0.000000 -0.000000
                                 0.000000 -0.000000  0.000000 -0.000000  0.000000 -0.000000  0.000000 -0.000000  0.000000  0.000000
                                -0.000000 -0.000000 -0.000000 -0.000000  0.000000  0.000000 -0.000000  0.000000  0.000004 -0.000000
                                -0.000035  0.000000  0.000180 -0.000000 -0.000774  0.000000  0.003358 -0.000000 -0.027482  0.000000
                                 0.070100 -0.000000 -0.115011  0.000000  0.101869 -0.000000 -0.084068  0.000000  0.079702  0.000000
                                 0.404609  0.000000  0.460477  0.000000  0.306061 -0.000000 -0.047893  0.000000  0.017175 -0.000000
                                -0.000000 -0.000011  0.000000  0.000000  0.000058 -0.000000  0.000000 -0.000090  0.000000 -0.000000
                                 0.001127  0.000000 -0.000000  0.003658  0.000000  0.000000  0.001946

                                   1 2px     1 2px     1 2px     1 2px     1 2px     1 2px     1 2px     1 2px     1 2px     1 2px  
                                   1 2px     1 2px     1 2px     1 2px     1 2px     1 2px     1 2px     1 2px     1 2px     1 2px  
                                   1 2px     1 2px     1 4f1+    1 4f3+    1 4f1+    1 4f3+    1 4f1+    1 4f3+    1 4f1+    1 4f3+ 
                                   1 4f1+    1 4f3+    1 4f1+    1 4f3+    1 4f1+    1 4f3+    1 4f1+    1 4f3+    1 4f1+    1 4f3+ 
                                   1 4f1+    1 4f3+    1 6h1+    1 6h3+    1 6h5+    1 6h1+    1 6h3+    1 6h5+    1 6h1+    1 6h3+ 
                                   1 6h5+    1 6h1+    1 6h3+    1 6h5+ 

   1.2   2    -2.2038  -18.2783 -0.000000  0.000000 -0.000002  0.000012 -0.000079  0.001636 -0.002407  0.002114 -0.011072  0.019195
                                -0.042593  2.710136 -2.981489  0.416109 -0.227969 -0.409198  0.687219  0.575757  0.214360 -0.018885
                                 0.008906 -0.002033 -0.000001  0.000000  0.000004 -0.000002  0.000020 -0.000043  0.000956 -0.001313
                                 0.001167 -0.001854  0.002456 -0.003415  0.003619 -0.005400 -0.000452 -0.004137 -0.000036 -0.000911
                                -0.000021  0.000145 -0.000001 -0.000001  0.000007  0.000003  0.000003 -0.000019 -0.000051 -0.000072
                                 0.000436  0.000002 -0.000024  0.000046

   2.2   2    -0.8112  -18.1467 -0.000000  0.000000 -0.000000  0.000000 -0.000000  0.000006 -0.000009  0.000008 -0.000043  0.000074
                                -0.000168  0.011310 -0.012503  0.001895 -0.001515 -0.001078  0.004473  0.003336 -0.004899 -0.007758
                                -0.000776  0.000016  0.000003  0.000000 -0.000156 -0.000042  0.009338  0.002616  0.200320  0.056363
                                 0.307918  0.086512  0.381093  0.107452  0.280714  0.080311  0.120903  0.037000  0.062271  0.019326
                                -0.008797 -0.002630 -0.000006 -0.000003  0.000002  0.000124  0.000037 -0.000019  0.001516  0.000480
                                -0.000244  0.002282  0.000568 -0.000213

   3.2   2    -0.8032  -18.1286 -0.000000  0.000000 -0.000000  0.000000 -0.000002  0.000031 -0.000046  0.000040 -0.000211  0.000367
                                -0.000822  0.053404 -0.058857  0.008443 -0.005096 -0.008529  0.016713  0.012648 -0.001746 -0.009906
                                -0.001178  0.000049 -0.000001  0.000003  0.000047 -0.000155 -0.002692  0.009321 -0.057515  0.199983
                                -0.088504  0.307289 -0.109068  0.380041 -0.079187  0.280112 -0.032707  0.123584 -0.016922  0.064784
                                 0.002420 -0.008923  0.000001 -0.000003 -0.000000 -0.000030  0.000069  0.000005 -0.000364  0.000844
                                 0.000084 -0.000578  0.001288  0.000042

   4.2   0    -0.3077   -6.2588  0.000000 -0.000000  0.000000 -0.000003  0.000020 -0.000421  0.000620 -0.000545  0.002859 -0.004964
                                 0.011073 -0.712865  0.784959 -0.111066  0.065099  0.096395 -0.183367 -0.195953 -0.117988  0.312843
                                 0.747677  0.098016  0.000000  0.000000 -0.000001 -0.000004  0.000032  0.000171  0.000672  0.003527
                                 0.001037  0.005465  0.001242  0.006645 -0.000361  0.004124  0.001926 -0.003339  0.010186 -0.003907
                                 0.004244 -0.000590  0.000000  0.000000 -0.000003 -0.000000 -0.000000  0.000010  0.000015  0.000028
                                -0.000112  0.000050  0.000016 -0.000141

   5.2   0    -0.1540   -3.4259 -0.000000  0.000000 -0.000000  0.000002 -0.000012  0.000246 -0.000362  0.000318 -0.001673  0.002907
                                -0.006507  0.422008 -0.464937  0.066280 -0.039466 -0.061608  0.117402  0.119862  0.098825 -0.306628
                                -0.737820  1.311503  0.000000 -0.000000  0.000000  0.000002 -0.000006 -0.000087 -0.000142 -0.001771
                                -0.000212 -0.002749 -0.000268 -0.003311  0.000668 -0.001764 -0.001552  0.002222 -0.007282  0.005008
                                 0.004774  0.009209 -0.000000 -0.000000  0.000002  0.000000  0.000000 -0.000007 -0.000009 -0.000017
                                 0.000075 -0.000028  0.000001  0.000055

                                   1 2py     1 2py     1 2py     1 2py     1 2py     1 2py     1 2py     1 2py     1 2py     1 2py  
                                   1 2py     1 2py     1 2py     1 2py     1 2py     1 2py     1 2py     1 2py     1 2py     1 2py  
                                   1 2py     1 2py     1 4f1-    1 4f3-    1 4f1-    1 4f3-    1 4f1-    1 4f3-    1 4f1-    1 4f3- 
                                   1 4f1-    1 4f3-    1 4f1-    1 4f3-    1 4f1-    1 4f3-    1 4f1-    1 4f3-    1 4f1-    1 4f3- 
                                   1 4f1-    1 4f3-    1 6h1-    1 6h3-    1 6h5-    1 6h1-    1 6h3-    1 6h5-    1 6h1-    1 6h3- 
                                   1 6h5-    1 6h1-    1 6h3-    1 6h5- 

   1.3   2    -2.2038  -18.2783 -0.000000  0.000000 -0.000002  0.000012 -0.000079  0.001636 -0.002407  0.002114 -0.011072  0.019195
                                -0.042593  2.710136 -2.981489  0.416109 -0.227969 -0.409198  0.687219  0.575757  0.214360 -0.018885
                                 0.008906 -0.002033 -0.000001 -0.000000  0.000004  0.000002  0.000020  0.000043  0.000956  0.001313
                                 0.001167  0.001854  0.002456  0.003415  0.003619  0.005400 -0.000452  0.004137 -0.000036  0.000911
                                -0.000021 -0.000145 -0.000001  0.000001  0.000007  0.000003 -0.000003 -0.000019 -0.000051  0.000072
                                 0.000436  0.000002  0.000024  0.000046

   2.3   2    -0.8112  -18.1467 -0.000000  0.000000 -0.000000  0.000000 -0.000000  0.000006 -0.000009  0.000008 -0.000043  0.000074
                                -0.000168  0.011310 -0.012503  0.001895 -0.001515 -0.001078  0.004473  0.003336 -0.004899 -0.007758
                                -0.000776  0.000016  0.000003 -0.000000 -0.000156  0.000042  0.009338 -0.002616  0.200320 -0.056363
                                 0.307918 -0.086512  0.381093 -0.107452  0.280714 -0.080311  0.120903 -0.037000  0.062271 -0.019326
                                -0.008797  0.002630 -0.000006  0.000003  0.000002  0.000124 -0.000037 -0.000019  0.001516 -0.000480
                                -0.000244  0.002282 -0.000568 -0.000213

   3.3   2    -0.8032  -18.1286  0.000000 -0.000000  0.000000 -0.000000  0.000002 -0.000031  0.000046 -0.000040  0.000211 -0.000367
                                 0.000822 -0.053404  0.058857 -0.008443  0.005096  0.008529 -0.016713 -0.012648  0.001746  0.009906
                                 0.001178 -0.000049  0.000001  0.000003 -0.000047 -0.000155  0.002692  0.009321  0.057515  0.199983
                                 0.088504  0.307289  0.109068  0.380041  0.079187  0.280112  0.032707  0.123584  0.016922  0.064784
                                -0.002420 -0.008923 -0.000001 -0.000003  0.000000  0.000030  0.000069 -0.000005  0.000364  0.000844
                                -0.000084  0.000578  0.001288 -0.000042

   4.3   0    -0.3077   -6.2588  0.000000 -0.000000  0.000000 -0.000003  0.000020 -0.000421  0.000620 -0.000545  0.002859 -0.004964
                                 0.011073 -0.712865  0.784959 -0.111066  0.065099  0.096395 -0.183367 -0.195953 -0.117988  0.312843
                                 0.747677  0.098016  0.000000 -0.000000 -0.000001  0.000004  0.000032 -0.000171  0.000672 -0.003527
                                 0.001037 -0.005465  0.001242 -0.006645 -0.000361 -0.004124  0.001926  0.003339  0.010186  0.003907
                                 0.004244  0.000590  0.000000 -0.000000 -0.000003 -0.000000  0.000000  0.000010  0.000015 -0.000028
                                -0.000112  0.000050 -0.000016 -0.000141

   5.3   0    -0.1540   -3.4259 -0.000000  0.000000 -0.000000  0.000002 -0.000012  0.000246 -0.000362  0.000318 -0.001673  0.002907
                                -0.006507  0.422008 -0.464937  0.066280 -0.039466 -0.061608  0.117402  0.119862  0.098825 -0.306628
                                -0.737820  1.311503  0.000000  0.000000  0.000000 -0.000002 -0.000006  0.000087 -0.000142  0.001771
                                -0.000212  0.002749 -0.000268  0.003311  0.000668  0.001764 -0.001552 -0.002222 -0.007282 -0.005008
                                 0.004774 -0.009209 -0.000000  0.000000  0.000002  0.000000 -0.000000 -0.000007 -0.000009  0.000017
                                 0.000075 -0.000028 -0.000001  0.000055

                                   1 3d2-    1 3d2-    1 3d2-    1 3d2-    1 3d2-    1 3d2-    1 3d2-    1 3d2-    1 3d2-    1 3d2- 
                                   1 3d2-    1 3d2-    1 3d2-    1 3d2-    1 3d2-    1 3d2-    1 5g2-    1 5g4-    1 5g2-    1 5g4- 
                                   1 5g2-    1 5g4-    1 5g2-    1 5g4-    1 5g2-    1 5g4-    1 5g2-    1 5g4- 

   1.4   +    -0.9571  -13.3350 -0.000005  0.000038 -0.000198  0.000847 -0.003678  0.030135 -0.076939  0.126453 -0.112247  0.093506
                                -0.088096 -0.480350 -0.465277 -0.174408  0.046002 -0.013019 -0.000002 -0.000000  0.000010  0.000000
                                -0.000015  0.000000  0.000363  0.000000  0.000493 -0.000000  0.000086 -0.000000

   2.4   0    -0.1827   -4.1226 -0.000001  0.000008 -0.000041  0.000175 -0.000759  0.006226 -0.015906  0.026173 -0.023277  0.019619
                                -0.019598 -0.099633 -0.118016  0.084397  0.806519  0.216147 -0.000001 -0.000000  0.000001  0.000000
                                -0.000008 -0.000000  0.000010  0.000000 -0.000549 -0.000000  0.004178  0.000000

   3.4   0    -0.1045   -2.6345  0.000001 -0.000006  0.000032 -0.000137  0.000594 -0.004870  0.012436 -0.020443  0.018162 -0.015262
                                 0.015639  0.074588  0.096615 -0.112143 -0.813319  1.207519  0.000000  0.000000  0.000001 -0.000000
                                 0.000002  0.000000  0.000007 -0.000000  0.000379  0.000000 -0.003496 -0.000000

                                   1 2pz     1 2pz     1 2pz     1 2pz     1 2pz     1 2pz     1 2pz     1 2pz     1 2pz     1 2pz  
                                   1 2pz     1 2pz     1 2pz     1 2pz     1 2pz     1 2pz     1 2pz     1 2pz     1 2pz     1 2pz  
                                   1 2pz     1 2pz     1 4f0     1 4f2+    1 4f0     1 4f2+    1 4f0     1 4f2+    1 4f0     1 4f2+ 
                                   1 4f0     1 4f2+    1 4f0     1 4f2+    1 4f0     1 4f2+    1 4f0     1 4f2+    1 4f0     1 4f2+ 
                                   1 4f0     1 4f2+    1 6h2+    1 6h4+    1 6h0     1 6h2+    1 6h4+    1 6h0     1 6h2+    1 6h4+ 
                                   1 6h0     1 6h2+    1 6h4+    1 6h0  

   1.5   2    -2.2109  -18.3013 -0.000000  0.000000 -0.000002  0.000012 -0.000079  0.001633 -0.002402  0.002110 -0.011052  0.019160
                                -0.042519  2.706212 -2.977235  0.415626 -0.227575 -0.412943  0.691180  0.579790  0.209403 -0.020164
                                 0.008875 -0.002012 -0.000001  0.000000  0.000006 -0.000000  0.000038  0.000000  0.001589  0.000000
                                 0.002018  0.000000  0.004100  0.000000  0.006167  0.000000  0.000739  0.000000  0.000243 -0.000000
                                -0.000072 -0.000000 -0.000000  0.000005 -0.000001  0.000000 -0.000012  0.000004 -0.000000  0.000274
                                -0.000060  0.000000  0.000024  0.000015

   2.5   2    -0.8117  -18.1626  0.000000 -0.000000  0.000000 -0.000000  0.000001 -0.000013  0.000019 -0.000017  0.000088 -0.000153
                                 0.000340 -0.021645  0.023814 -0.003307  0.001588  0.004293 -0.005798 -0.004437 -0.004209 -0.002276
                                -0.000140 -0.000012  0.000003  0.000000 -0.000163 -0.000000  0.009717  0.000000  0.208399  0.000000
                                 0.320372  0.000000  0.396442  0.000000  0.291759  0.000000  0.125096  0.000000  0.064324  0.000000
                                -0.009116 -0.000000  0.000000  0.000003 -0.000006 -0.000000 -0.000030  0.000133  0.000000 -0.000403
                                 0.001624  0.000000 -0.000326  0.002463

   3.5   2    -0.8049  -18.1742  0.000000  0.000000 -0.000000  0.000000 -0.000000  0.000000 -0.000000  0.000000 -0.000000  0.000000
                                -0.000000  0.000000 -0.000000  0.000000 -0.000000  0.000000 -0.000000  0.000000 -0.000000  0.000000
                                -0.000000  0.000000 -0.000000  0.000003  0.000000 -0.000166 -0.000000  0.009758 -0.000000  0.208984
                                -0.000000  0.321338 -0.000000  0.396886 -0.000000  0.290669 -0.000000  0.123905 -0.000000  0.064320
                                 0.000000 -0.009057 -0.000005 -0.000000 -0.000000  0.000099 -0.000000  0.000000  0.001200 -0.000000
                                -0.000000  0.001877  0.000000 -0.000000

   4.5   0    -0.3133   -6.2896  0.000000 -0.000000  0.000000 -0.000003  0.000020 -0.000418  0.000616 -0.000541  0.002841 -0.004931
                                 0.011000 -0.708236  0.779865 -0.110346  0.064633  0.095917 -0.181614 -0.195889 -0.126124  0.333374
                                 0.740450  0.090013 -0.000000  0.000000  0.000001 -0.000000 -0.000013  0.000000 -0.000253  0.000000
                                -0.000398  0.000000 -0.000505  0.000000 -0.001736  0.000000  0.003518  0.000000  0.013677  0.000000
                                 0.005098  0.000000 -0.000000 -0.000002  0.000000  0.000000  0.000006 -0.000001  0.000000 -0.000071
                                 0.000013  0.000000 -0.000092  0.000069

   5.5   0    -0.1559   -3.4328 -0.000000  0.000000 -0.000000  0.000002 -0.000011  0.000235 -0.000346  0.000304 -0.001599  0.002781
                                -0.006239  0.406553 -0.448064  0.064171 -0.038444 -0.063181  0.118933  0.117156  0.109333 -0.339260
                                -0.697997  1.300844  0.000000  0.000000 -0.000001  0.000000  0.000020 -0.000000  0.000378 -0.000000
                                 0.000599 -0.000000  0.000700 -0.000000  0.001394 -0.000000 -0.002694 -0.000000 -0.010418 -0.000000
                                 0.003270 -0.000000  0.000000  0.000001 -0.000000 -0.000000 -0.000004  0.000001  0.000000  0.000047
                                -0.000008 -0.000000  0.000035 -0.000041

                                   1 3d1+    1 3d1+    1 3d1+    1 3d1+    1 3d1+    1 3d1+    1 3d1+    1 3d1+    1 3d1+    1 3d1+ 
                                   1 3d1+    1 3d1+    1 3d1+    1 3d1+    1 3d1+    1 3d1+    1 5g1+    1 5g3+    1 5g1+    1 5g3+ 
                                   1 5g1+    1 5g3+    1 5g1+    1 5g3+    1 5g1+    1 5g3+    1 5g1+    1 5g3+ 

   1.6   0    -0.5325  -12.2701  0.000004 -0.000035  0.000182 -0.000780  0.003383 -0.027687  0.070624 -0.115879  0.102646 -0.084687
                                 0.079448  0.411051  0.465079  0.291334 -0.050181  0.017101 -0.000011  0.000014  0.000056 -0.000070
                                -0.000088  0.000112  0.001051 -0.001450  0.003694 -0.003821  0.002065 -0.001264

   2.6   0    -0.1801   -4.1634 -0.000001  0.000010 -0.000050  0.000216 -0.000937  0.007676 -0.019596  0.032200 -0.028582  0.023850
                                -0.023218 -0.116855 -0.150199  0.024674  0.821625  0.236803  0.000002 -0.000003 -0.000011  0.000015
                                 0.000011 -0.000026 -0.000283  0.000319 -0.001404  0.000588  0.004650  0.000788

                                   1 3d1-    1 3d1-    1 3d1-    1 3d1-    1 3d1-    1 3d1-    1 3d1-    1 3d1-    1 3d1-    1 3d1- 
                                   1 3d1-    1 3d1-    1 3d1-    1 3d1-    1 3d1-    1 3d1-    1 5g1-    1 5g3-    1 5g1-    1 5g3- 
                                   1 5g1-    1 5g3-    1 5g1-    1 5g3-    1 5g1-    1 5g3-    1 5g1-    1 5g3- 

   1.7   0    -0.5325  -12.2701  0.000004 -0.000035  0.000182 -0.000780  0.003383 -0.027687  0.070624 -0.115879  0.102646 -0.084687
                                 0.079448  0.411051  0.465079  0.291334 -0.050181  0.017101 -0.000011 -0.000014  0.000056  0.000070
                                -0.000088 -0.000112  0.001051  0.001450  0.003694  0.003821  0.002065  0.001264

   2.7   0    -0.1801   -4.1634 -0.000001  0.000010 -0.000050  0.000216 -0.000937  0.007676 -0.019596  0.032200 -0.028582  0.023850
                                -0.023218 -0.116855 -0.150199  0.024674  0.821625  0.236803  0.000002  0.000003 -0.000011 -0.000015
                                 0.000011  0.000026 -0.000283 -0.000319 -0.001404 -0.000588  0.004650 -0.000788

                                   1 4f2-    1 4f2-    1 4f2-    1 4f2-    1 4f2-    1 4f2-    1 4f2-    1 4f2-    1 4f2-    1 4f2- 
                                   1 6h4-    1 6h2-    1 6h4-    1 6h2-    1 6h4-    1 6h2-    1 6h4-    1 6h2- 

   1.8   2    -0.8101  -18.1258  0.000003 -0.000160  0.009673  0.207704  0.319149  0.395261  0.292137  0.128396  0.066527 -0.009277
                                 0.000000 -0.000007 -0.000000  0.000121 -0.000000  0.001494  0.000000  0.002143

   2.8   0    -0.1131   -3.7775 -0.000003  0.000031 -0.000856 -0.016350 -0.026115 -0.028609 -0.022680  0.012815  0.080044  0.952871
                                -0.000000 -0.000002  0.000000 -0.000001 -0.000000 -0.000152 -0.000000  0.000369

   3.8   0     0.1142   -5.4755  0.000013 -0.000050 -0.001985 -0.051920 -0.072747 -0.106079  0.025020 -0.127367  1.225692 -0.709383
                                -0.000000 -0.000005  0.000000 -0.000001 -0.000000 -0.000487  0.000000  0.001619

 HOMO      3.2    -0.803152 =     -21.8549eV
 LUMO      2.1    -0.541504 =     -14.7351eV
 LUMO-HOMO         0.261649 =       7.1198eV


 **********************************************************************************************************************************
 DATASETS  * FILE   NREC   LENGTH (MB)   RECORD NAMES
              1      19       20.73       500      610      700      900      950      970     1000      129      960     1100   
                                          VAR    BASINP    GEOM    SYMINP    ZMAT    AOBASIS   BASIS     P2S    ABASIS      S 
                                         1400     1410     1420     1200     1210     1080     1600     1650     1700   
                                           T        V       ECP      H0       H01     AOSYM     SMH    MOLCAS    OPER   

              2       5        5.89       200      700     1000      520     4202   
                                        OPTIONS   GEOM     BASIS   MCVARS     RHF  

 PROGRAMS   *        TOTAL       RHF       INT
 CPU TIMES  *        32.41      1.18     30.87
 REAL TIME  *        34.91 SEC
 DISK USED  *         3.40 GB      
 SF USED    *         0.07 MB      
 GA USED    *         0.00 MB       (max)       0.00 MB       (current)
 **********************************************************************************************************************************


 PROGRAM * POP (Mulliken population analysis)

 
 Density matrix read from record         4202.2  Type=RHF/CHARGE (state 1.4)
 
 Population analysis by basis function type

 Unique atom        s        p        d        f        g    Total    Charge
   1  LU      1.99992  6.00096  1.00007 13.99892  0.00000 23.00000  + 2.00000


 **********************************************************************************************************************************
 DATASETS  * FILE   NREC   LENGTH (MB)   RECORD NAMES
              1      19       20.73       500      610      700      900      950      970     1000      129      960     1100   
                                          VAR    BASINP    GEOM    SYMINP    ZMAT    AOBASIS   BASIS     P2S    ABASIS      S 
                                         1400     1410     1420     1200     1210     1080     1600     1650     1700   
                                           T        V       ECP      H0       H01     AOSYM     SMH    MOLCAS    OPER   

              2       5        5.89       200      700     1000      520     4202   
                                        OPTIONS   GEOM     BASIS   MCVARS     RHF  

 PROGRAMS   *        TOTAL       POP       RHF       INT
 CPU TIMES  *        32.42      0.01      1.18     30.87
 REAL TIME  *        34.93 SEC
 DISK USED  *         3.40 GB      
 SF USED    *         0.07 MB      
 GA USED    *         0.00 MB       (max)       0.00 MB       (current)
 **********************************************************************************************************************************


 PROGRAM * MULTI (Direct Multiconfiguration SCF)       Authors: P.J. Knowles, H.-J. Werner (1984)     S.T. Elbert (1988)


 Number of closed-shell orbitals:  11 (   1   3   3   0   3   0   0   1 )
 Number of active  orbitals:        5 (   2   0   0   1   0   1   1   0 )
 Number of external orbitals:     325 (  74  51  51  27  51  27  27  17 )

 State symmetry 1

 Number of electrons:     1    Spin symmetry=Doublet   Space symmetry=1
 Number of states:        2
 Number of CSFs:          2   (2 determinants, 5 intermediate states)

 State symmetry 2

 Number of electrons:     1    Spin symmetry=Doublet   Space symmetry=4
 Number of states:        1
 Number of CSFs:          1   (1 determinants, 5 intermediate states)

 State symmetry 3

 Number of electrons:     1    Spin symmetry=Doublet   Space symmetry=6
 Number of states:        1
 Number of CSFs:          1   (1 determinants, 5 intermediate states)

 State symmetry 4

 Number of electrons:     1    Spin symmetry=Doublet   Space symmetry=7
 Number of states:        1
 Number of CSFs:          1   (1 determinants, 5 intermediate states)

 Molecular orbitals read from record     4202.2  Type=RHF/CANONICAL (state 1.4)
 *** IN SYMMETRY 1 ORBITAL  1 SYMMETRY CONTAMINATION OF 0.585D-02 HAS BEEN REMOVED
 *** IN SYMMETRY 1 ORBITAL  2 SYMMETRY CONTAMINATION OF 0.176D-01 HAS BEEN REMOVED
 *** IN SYMMETRY 1 ORBITAL  3 SYMMETRY CONTAMINATION OF 0.399D-02 HAS BEEN REMOVED

 EXTRA SYMMETRY OF MOS IN SYMMETRY 1:   1 2 3 1 1 2 3 2 1 3   2 3 1 4 6 5 2 3 1 4   6 5 4 6 5 1 2 3 1 4   6 5 2 3 1 4 6 5 2 3
                                        1 2 3 4 6 5 1 2 3 1   2 3 1 2 3 1 1 2 3 1   2 3 1 1 2 3 1 2 3 1   1 1 1 1 1 1 1
 *** IN SYMMETRY 2 ORBITAL  1 SYMMETRY CONTAMINATION OF 0.318D-02 HAS BEEN REMOVED
 *** IN SYMMETRY 2 ORBITAL  2 SYMMETRY CONTAMINATION OF 0.246D+00 HAS BEEN REMOVED
 *** IN SYMMETRY 2 ORBITAL  3 SYMMETRY CONTAMINATION OF 0.293D+00 HAS BEEN REMOVED
 EXTRA SYMMETRY OF MOS IN SYMMETRY 2:   1 2 3 1 1 2 3 1 2 3   1 2 3 4 5 6 2 3 1 2   3 4 5 6 1 1 2 3 4 5   6 1 2 3 4 5 6 1 1 1
                                        2 3 1 1 2 3 1 1 1 1   1 1 1 1
 *** IN SYMMETRY 3 ORBITAL  1 SYMMETRY CONTAMINATION OF 0.318D-02 HAS BEEN REMOVED
 *** IN SYMMETRY 3 ORBITAL  2 SYMMETRY CONTAMINATION OF 0.246D+00 HAS BEEN REMOVED
 *** IN SYMMETRY 3 ORBITAL  3 SYMMETRY CONTAMINATION OF 0.293D+00 HAS BEEN REMOVED
 EXTRA SYMMETRY OF MOS IN SYMMETRY 3:   1 2 3 1 1 2 3 1 2 3   1 2 3 4 5 6 2 3 1 2   3 4 5 6 1 1 2 3 4 5   6 1 2 3 4 5 6 1 1 1
                                        2 3 1 1 2 3 1 1 1 1   1 1 1 1
 *** IN SYMMETRY 4 ORBITAL  1 SYMMETRY CONTAMINATION OF 0.566D-03 HAS BEEN REMOVED
 EXTRA SYMMETRY OF MOS IN SYMMETRY 4:   1 1 1 1 2 3 1 2 3 2   3 1 2 3 1 2 3 1 1 2   3 1 1 1 1 1 1 1
 *** IN SYMMETRY 5 ORBITAL  1 SYMMETRY CONTAMINATION OF 0.184D-02 HAS BEEN REMOVED
 *** IN SYMMETRY 5 ORBITAL  2 SYMMETRY CONTAMINATION OF 0.513D-01 HAS BEEN REMOVED
 *** IN SYMMETRY 5 ORBITAL  3 SYMMETRY CONTAMINATION OF 0.223D-02 HAS BEEN REMOVED
 EXTRA SYMMETRY OF MOS IN SYMMETRY 5:   1 2 3 1 1 2 3 1 2 3   1 2 3 6 4 5 2 3 1 2   3 6 4 5 1 1 2 3 6 4   5 1 2 3 6 4 5 1 1 1
                                        2 3 1 1 2 3 1 1 1 1   1 1 1 1
 *** IN SYMMETRY 6 ORBITAL  1 SYMMETRY CONTAMINATION OF 0.790D-02 HAS BEEN REMOVED
 EXTRA SYMMETRY OF MOS IN SYMMETRY 6:   1 1 1 1 2 3 1 2 3 2   3 1 2 3 1 2 3 1 1 2   3 1 1 1 1 1 1 1
 *** IN SYMMETRY 7 ORBITAL  1 SYMMETRY CONTAMINATION OF 0.790D-02 HAS BEEN REMOVED
 EXTRA SYMMETRY OF MOS IN SYMMETRY 7:   1 1 1 1 2 3 1 2 3 2   3 1 2 3 1 2 3 1 1 2   3 1 1 1 1 1 1 1
 *** IN SYMMETRY 8 ORBITAL  1 SYMMETRY CONTAMINATION OF 0.263D-02 HAS BEEN REMOVED
 EXTRA SYMMETRY OF MOS IN SYMMETRY 8:   1 1 1 1 3 2 1 1 3 2   1 3 2 1 3 2 1 1

 Wavefunction dump at record             5202.2

 Convergence thresholds  0.10E-01 (gradient)  0.10E-05 (energy)  0.10E-02 (step length)

 Weight factors for state symmetry  1:    0.20000   0.20000
 Weight factors for state symmetry  2:    0.20000
 Weight factors for state symmetry  3:    0.20000
 Weight factors for state symmetry  4:    0.20000

 Number of orbital rotations:      781   (     2 Core/Active    550 Core/Virtual   0 Active/Active    229 Active/Virtual)
 Total number of variables:        788


 ITER. MIC  NCI  NEG     ENERGY(VAR)     ENERGY(PROJ)   ENERGY CHANGE     GRAD(0)  GRAD(ORB)   GRAD(CI)     STEP       TIME

   1   34   16    0    -209.83935750    -209.84782756   -0.00847006    0.05683486 0.00000000 0.00000000  0.25D+00      0.57
   2   22   20    0    -209.84782567    -209.84782629   -0.00000062    0.00191829 0.00000000 0.00000000  0.56D-03      1.08
   3   18   20    0    -209.84782629    -209.84782629   -0.00000000    0.00000016 0.00000000 0.00000000  0.59D-07      1.56

 ** WVFN ****  CONVERGENCE REACHED, FINAL GRADIENT:  0.28D-08



 Results for state 1.1
 =====================

 !MCSCF STATE 1.1 Energy             -209.847826291534
 Nuclear energy                         0.00000000
 Kinetic energy                       172.13584774
 One electron energy                 -387.56539625
 Two electron energy                  177.71756996
 Virial ratio                           2.21908266

 !MCSCF STATE 1.1 Dipole moment         0.00000000     0.00000000     0.00000000
 Dipole moment /Debye                   0.00000000     0.00000000     0.00000000

 Results for state 2.1
 =====================

 !MCSCF STATE 2.1 Energy             -209.847826291534
 Nuclear energy                         0.00000000
 Kinetic energy                       172.13584774
 One electron energy                 -387.56539625
 Two electron energy                  177.71756996
 Virial ratio                           2.21908266

 !MCSCF STATE 2.1 Dipole moment         0.00000000     0.00000000     0.00000000
 Dipole moment /Debye                   0.00000000     0.00000000     0.00000000



 Results for state 1.4
 =====================

 !MCSCF STATE 1.4 Energy             -209.847826291534
 Nuclear energy                         0.00000000
 Kinetic energy                       172.13584774
 One electron energy                 -387.56539625
 Two electron energy                  177.71756996
 Virial ratio                           2.21908266

 !MCSCF STATE 1.4 Dipole moment         0.00000000     0.00000000     0.00000000
 Dipole moment /Debye                   0.00000000     0.00000000     0.00000000



 Results for state 1.6
 =====================

 !MCSCF STATE 1.6 Energy             -209.847826291534
 Nuclear energy                         0.00000000
 Kinetic energy                       172.13584774
 One electron energy                 -387.56539625
 Two electron energy                  177.71756996
 Virial ratio                           2.21908266

 !MCSCF STATE 1.6 Dipole moment         0.00000000     0.00000000     0.00000000
 Dipole moment /Debye                   0.00000000     0.00000000     0.00000000



 Results for state 1.7
 =====================

 !MCSCF STATE 1.7 Energy             -209.847826291534
 Nuclear energy                         0.00000000
 Kinetic energy                       172.13584774
 One electron energy                 -387.56539625
 Two electron energy                  177.71756996
 Virial ratio                           2.21908266

 !MCSCF STATE 1.7 Dipole moment         0.00000000     0.00000000     0.00000000
 Dipole moment /Debye                   0.00000000     0.00000000     0.00000000

 State-averaged charge density matrix saved on record  5202.2 (density set 1)


 NATURAL ORBITALS (state averaged)
 =================================

   Orb     Occ        Energy       Coefficients

                                   1 1s      1 1s      1 1s      1 1s      1 1s      1 1s      1 1s      1 1s      1 1s      1 1s   
                                   1 1s      1 1s      1 1s      1 1s      1 1s      1 1s      1 1s      1 1s      1 1s      1 1s   
                                   1 1s      1 1s      1 1s      1 1s      1 1s      1 1s      1 1s      1 3d0     1 3d2+    1 3d0  
                                   1 3d2+    1 3d0     1 3d2+    1 3d0     1 3d2+    1 3d0     1 3d2+    1 3d0     1 3d2+    1 3d0  
                                   1 3d2+    1 3d0     1 3d2+    1 3d0     1 3d2+    1 3d0     1 3d2+    1 3d0     1 3d2+    1 3d0  
                                   1 3d2+    1 3d0     1 3d2+    1 3d0     1 3d2+    1 3d0     1 3d2+    1 3d0     1 3d2+    1 5g0  
                                   1 5g4+    1 5g2+    1 5g0     1 5g4+    1 5g2+    1 5g0     1 5g4+    1 5g2+    1 5g0     1 5g4+ 
                                   1 5g2+    1 5g0     1 5g4+    1 5g2+    1 5g0     1 5g4+    1 5g2+ 

   1.1  2.00000    -3.316264    -0.000000  0.000000 -0.000000  0.000000 -0.000000  0.000001 -0.000015  0.000023 -0.000382  0.000405
                                -0.000084  0.000604 -0.001122  0.001051 -0.043365  0.047538 -0.107820  0.262986  0.057379 -0.961945
                                 0.210474  0.882373  0.431555 -0.006769  0.009612 -0.002909  0.000642  0.000000  0.000000  0.000000
                                 0.000000  0.000000  0.000000  0.000000  0.000000  0.000000  0.000000  0.000000  0.000000  0.000000
                                 0.000000  0.000000  0.000000  0.000000  0.000000  0.000000  0.000000  0.000000  0.000000  0.000000
                                 0.000000  0.000000  0.000000  0.000000  0.000000  0.000000  0.000000  0.000000  0.000000  0.000000
                                 0.000000  0.000000  0.000000  0.000000  0.000000  0.000000  0.000000  0.000000  0.000000  0.000000
                                 0.000000  0.000000  0.000000  0.000000  0.000000  0.000000  0.000000

   2.1  0.20000    -0.548436     0.000000  0.000000  0.000000  0.000000  0.000000  0.000000  0.000000  0.000000  0.000000  0.000000
                                 0.000000  0.000000  0.000000  0.000000  0.000000  0.000000  0.000000  0.000000  0.000000  0.000000
                                 0.000000  0.000000  0.000000  0.000000  0.000000  0.000000  0.000000  0.000000  0.000005  0.000000
                                -0.000038  0.000000  0.000197  0.000000 -0.000847  0.000000  0.003678  0.000000 -0.030128  0.000000
                                 0.076921  0.000000 -0.126427  0.000000  0.112225  0.000000 -0.093503  0.000000  0.088320  0.000000
                                 0.480196  0.000000  0.465043  0.000000  0.174897  0.000000 -0.046072  0.000000  0.013044  0.000000
                                 0.000000  0.000000  0.000000  0.000000  0.000000  0.000000  0.000000  0.000000  0.000000  0.000000
                                 0.000000  0.000000  0.000000  0.000000  0.000000  0.000000  0.000000

   3.1  0.20000    -0.548436     0.000000  0.000000  0.000000  0.000000  0.000000  0.000000  0.000000  0.000000  0.000000  0.000000
                                 0.000000  0.000000  0.000000  0.000000  0.000000  0.000000  0.000000  0.000000  0.000000  0.000000
                                 0.000000  0.000000  0.000000  0.000000  0.000000  0.000000  0.000000  0.000005  0.000000 -0.000038
                                 0.000000  0.000197  0.000000 -0.000847  0.000000  0.003678  0.000000 -0.030128  0.000000  0.076921
                                 0.000000 -0.126427  0.000000  0.112225  0.000000 -0.093503  0.000000  0.088320  0.000000  0.480196
                                 0.000000  0.465043  0.000000  0.174897  0.000000 -0.046072  0.000000  0.013044  0.000000  0.000000
                                 0.000000  0.000000  0.000000  0.000000  0.000000  0.000000  0.000000  0.000000  0.000000  0.000000
                                 0.000000  0.000000  0.000000  0.000000  0.000000  0.000000  0.000000

                                   1 2px     1 2px     1 2px     1 2px     1 2px     1 2px     1 2px     1 2px     1 2px     1 2px  
                                   1 2px     1 2px     1 2px     1 2px     1 2px     1 2px     1 2px     1 2px     1 2px     1 2px  
                                   1 2px     1 2px     1 4f1+    1 4f3+    1 4f1+    1 4f3+    1 4f1+    1 4f3+    1 4f1+    1 4f3+ 
                                   1 4f1+    1 4f3+    1 4f1+    1 4f3+    1 4f1+    1 4f3+    1 4f1+    1 4f3+    1 4f1+    1 4f3+ 
                                   1 4f1+    1 4f3+    1 6h1+    1 6h3+    1 6h5+    1 6h1+    1 6h3+    1 6h5+    1 6h1+    1 6h3+ 
                                   1 6h5+    1 6h1+    1 6h3+    1 6h5+ 

   1.2  2.00000    -2.205825    -0.000000  0.000000 -0.000002  0.000012 -0.000079  0.001635 -0.002405  0.002113 -0.011066  0.019185
                                -0.042572  2.709057 -2.980324  0.415984 -0.227859 -0.410483  0.688612  0.577123  0.212752 -0.019317
                                 0.008896 -0.002026  0.000000  0.000000  0.000000  0.000000  0.000000  0.000000  0.000000  0.000000
                                 0.000000  0.000000  0.000000  0.000000  0.000000  0.000000  0.000000  0.000000  0.000000  0.000000
                                 0.000000  0.000000  0.000000  0.000000  0.000000  0.000000  0.000000  0.000000  0.000000  0.000000
                                 0.000000  0.000000  0.000000  0.000000

   2.2  2.00000    -0.807809     0.000000  0.000000  0.000000  0.000000  0.000000  0.000000  0.000000  0.000000  0.000000  0.000000
                                 0.000000  0.000000  0.000000  0.000000  0.000000  0.000000  0.000000  0.000000  0.000000  0.000000
                                 0.000000  0.000000  0.000003  0.000000 -0.000162  0.000000  0.009707  0.000000  0.208213  0.000000
                                 0.320020  0.000000  0.395910  0.000000  0.291551  0.000000  0.126619  0.000000  0.065681  0.000000
                                -0.009190  0.000000  0.000000  0.000000  0.000000  0.000000  0.000000  0.000000  0.000000  0.000000
                                 0.000000  0.000000  0.000000  0.000000

   3.2  2.00000    -0.807809     0.000000  0.000000  0.000000  0.000000  0.000000  0.000000  0.000000  0.000000  0.000000  0.000000
                                 0.000000  0.000000  0.000000  0.000000  0.000000  0.000000  0.000000  0.000000  0.000000  0.000000
                                 0.000000  0.000000  0.000000  0.000003  0.000000 -0.000162  0.000000  0.009707  0.000000  0.208213
                                 0.000000  0.320020  0.000000  0.395910  0.000000  0.291551  0.000000  0.126619  0.000000  0.065681
                                 0.000000 -0.009190  0.000000  0.000000  0.000000  0.000000  0.000000  0.000000  0.000000  0.000000
                                 0.000000  0.000000  0.000000  0.000000

                                   1 2py     1 2py     1 2py     1 2py     1 2py     1 2py     1 2py     1 2py     1 2py     1 2py  
                                   1 2py     1 2py     1 2py     1 2py     1 2py     1 2py     1 2py     1 2py     1 2py     1 2py  
                                   1 2py     1 2py     1 4f1-    1 4f3-    1 4f1-    1 4f3-    1 4f1-    1 4f3-    1 4f1-    1 4f3- 
                                   1 4f1-    1 4f3-    1 4f1-    1 4f3-    1 4f1-    1 4f3-    1 4f1-    1 4f3-    1 4f1-    1 4f3- 
                                   1 4f1-    1 4f3-    1 6h1-    1 6h3-    1 6h5-    1 6h1-    1 6h3-    1 6h5-    1 6h1-    1 6h3- 
                                   1 6h5-    1 6h1-    1 6h3-    1 6h5- 

   1.3  2.00000    -2.205825    -0.000000  0.000000 -0.000002  0.000012 -0.000079  0.001635 -0.002405  0.002113 -0.011066  0.019185
                                -0.042572  2.709057 -2.980324  0.415984 -0.227859 -0.410483  0.688612  0.577123  0.212752 -0.019317
                                 0.008896 -0.002026  0.000000  0.000000  0.000000  0.000000  0.000000  0.000000  0.000000  0.000000
                                 0.000000  0.000000  0.000000  0.000000  0.000000  0.000000  0.000000  0.000000  0.000000  0.000000
                                 0.000000  0.000000  0.000000  0.000000  0.000000  0.000000  0.000000  0.000000  0.000000  0.000000
                                 0.000000  0.000000  0.000000  0.000000

   2.3  2.00000    -0.807809     0.000000  0.000000  0.000000  0.000000  0.000000  0.000000  0.000000  0.000000  0.000000  0.000000
                                 0.000000  0.000000  0.000000  0.000000  0.000000  0.000000  0.000000  0.000000  0.000000  0.000000
                                 0.000000  0.000000  0.000003  0.000000 -0.000162  0.000000  0.009707  0.000000  0.208213  0.000000
                                 0.320020  0.000000  0.395910  0.000000  0.291551  0.000000  0.126619  0.000000  0.065681  0.000000
                                -0.009190  0.000000  0.000000  0.000000  0.000000  0.000000  0.000000  0.000000  0.000000  0.000000
                                 0.000000  0.000000  0.000000  0.000000

   3.3  2.00000    -0.807809     0.000000  0.000000  0.000000  0.000000  0.000000  0.000000  0.000000  0.000000  0.000000  0.000000
                                 0.000000  0.000000  0.000000  0.000000  0.000000  0.000000  0.000000  0.000000  0.000000  0.000000
                                 0.000000  0.000000  0.000000  0.000003  0.000000 -0.000162  0.000000  0.009707  0.000000  0.208213
                                 0.000000  0.320020  0.000000  0.395910  0.000000  0.291551  0.000000  0.126619  0.000000  0.065681
                                 0.000000 -0.009190  0.000000  0.000000  0.000000  0.000000  0.000000  0.000000  0.000000  0.000000
                                 0.000000  0.000000  0.000000  0.000000

                                   1 3d2-    1 3d2-    1 3d2-    1 3d2-    1 3d2-    1 3d2-    1 3d2-    1 3d2-    1 3d2-    1 3d2- 
                                   1 3d2-    1 3d2-    1 3d2-    1 3d2-    1 3d2-    1 3d2-    1 5g2-    1 5g4-    1 5g2-    1 5g4- 
                                   1 5g2-    1 5g4-    1 5g2-    1 5g4-    1 5g2-    1 5g4-    1 5g2-    1 5g4- 

   1.4  0.20000    -0.548436    -0.000005  0.000038 -0.000197  0.000847 -0.003678  0.030128 -0.076921  0.126427 -0.112225  0.093503
                                -0.088320 -0.480196 -0.465043 -0.174897  0.046072 -0.013044  0.000000  0.000000  0.000000  0.000000
                                 0.000000  0.000000  0.000000  0.000000  0.000000  0.000000  0.000000  0.000000

                                   1 2pz     1 2pz     1 2pz     1 2pz     1 2pz     1 2pz     1 2pz     1 2pz     1 2pz     1 2pz  
                                   1 2pz     1 2pz     1 2pz     1 2pz     1 2pz     1 2pz     1 2pz     1 2pz     1 2pz     1 2pz  
                                   1 2pz     1 2pz     1 4f0     1 4f2+    1 4f0     1 4f2+    1 4f0     1 4f2+    1 4f0     1 4f2+ 
                                   1 4f0     1 4f2+    1 4f0     1 4f2+    1 4f0     1 4f2+    1 4f0     1 4f2+    1 4f0     1 4f2+ 
                                   1 4f0     1 4f2+    1 6h2+    1 6h4+    1 6h0     1 6h2+    1 6h4+    1 6h0     1 6h2+    1 6h4+ 
                                   1 6h0     1 6h2+    1 6h4+    1 6h0  

   1.5  2.00000    -2.205825    -0.000000  0.000000 -0.000002  0.000012 -0.000079  0.001635 -0.002405  0.002113 -0.011066  0.019185
                                -0.042572  2.709057 -2.980324  0.415984 -0.227859 -0.410483  0.688612  0.577123  0.212752 -0.019317
                                 0.008896 -0.002026  0.000000  0.000000  0.000000  0.000000  0.000000  0.000000  0.000000  0.000000
                                 0.000000  0.000000  0.000000  0.000000  0.000000  0.000000  0.000000  0.000000  0.000000  0.000000
                                 0.000000  0.000000  0.000000  0.000000  0.000000  0.000000  0.000000  0.000000  0.000000  0.000000
                                 0.000000  0.000000  0.000000  0.000000

   2.5  2.00000    -0.807809     0.000000 -0.000000  0.000000 -0.000000  0.000000 -0.000000  0.000000 -0.000000  0.000000 -0.000000
                                 0.000000 -0.000000  0.000000 -0.000000  0.000000  0.000000 -0.000000 -0.000000 -0.000000  0.000000
                                -0.000000  0.000000  0.000003  0.000000 -0.000162  0.000000  0.009707  0.000000  0.208213  0.000000
                                 0.320020  0.000000  0.395910  0.000000  0.291551  0.000000  0.126619  0.000000  0.065681  0.000000
                                -0.009190  0.000000  0.000000  0.000000  0.000000  0.000000  0.000000  0.000000  0.000000  0.000000
                                 0.000000  0.000000  0.000000  0.000000

   3.5  2.00000    -0.807809     0.000000  0.000000  0.000000  0.000000  0.000000  0.000000  0.000000  0.000000  0.000000  0.000000
                                 0.000000  0.000000  0.000000  0.000000  0.000000  0.000000  0.000000  0.000000  0.000000  0.000000
                                 0.000000  0.000000  0.000000  0.000003  0.000000 -0.000162  0.000000  0.009707  0.000000  0.208213
                                 0.000000  0.320020  0.000000  0.395910  0.000000  0.291551  0.000000  0.126619  0.000000  0.065681
                                 0.000000 -0.009190  0.000000  0.000000  0.000000  0.000000  0.000000  0.000000  0.000000  0.000000
                                 0.000000  0.000000  0.000000  0.000000

                                   1 3d1+    1 3d1+    1 3d1+    1 3d1+    1 3d1+    1 3d1+    1 3d1+    1 3d1+    1 3d1+    1 3d1+ 
                                   1 3d1+    1 3d1+    1 3d1+    1 3d1+    1 3d1+    1 3d1+    1 5g1+    1 5g3+    1 5g1+    1 5g3+ 
                                   1 5g1+    1 5g3+    1 5g1+    1 5g3+    1 5g1+    1 5g3+    1 5g1+    1 5g3+ 

   1.6  0.20000    -0.548436     0.000005 -0.000038  0.000197 -0.000847  0.003678 -0.030128  0.076921 -0.126427  0.112225 -0.093503
                                 0.088320  0.480196  0.465043  0.174897 -0.046072  0.013044  0.000000  0.000000  0.000000  0.000000
                                 0.000000  0.000000  0.000000  0.000000  0.000000  0.000000  0.000000  0.000000

                                   1 3d1-    1 3d1-    1 3d1-    1 3d1-    1 3d1-    1 3d1-    1 3d1-    1 3d1-    1 3d1-    1 3d1- 
                                   1 3d1-    1 3d1-    1 3d1-    1 3d1-    1 3d1-    1 3d1-    1 5g1-    1 5g3-    1 5g1-    1 5g3- 
                                   1 5g1-    1 5g3-    1 5g1-    1 5g3-    1 5g1-    1 5g3-    1 5g1-    1 5g3- 

   1.7  0.20000    -0.548436     0.000005 -0.000038  0.000197 -0.000847  0.003678 -0.030128  0.076921 -0.126427  0.112225 -0.093503
                                 0.088320  0.480196  0.465043  0.174897 -0.046072  0.013044  0.000000  0.000000  0.000000  0.000000
                                 0.000000  0.000000  0.000000  0.000000  0.000000  0.000000  0.000000  0.000000

                                   1 4f2-    1 4f2-    1 4f2-    1 4f2-    1 4f2-    1 4f2-    1 4f2-    1 4f2-    1 4f2-    1 4f2- 
                                   1 6h4-    1 6h2-    1 6h4-    1 6h2-    1 6h4-    1 6h2-    1 6h4-    1 6h2- 

   1.8  2.00000    -0.807809     0.000003 -0.000162  0.009707  0.208213  0.320020  0.395910  0.291551  0.126619  0.065681 -0.009190
                                 0.000000  0.000000  0.000000  0.000000  0.000000  0.000000  0.000000  0.000000

 Total charge:   2.000000000000
 

 EXTRA SYMMETRY OF MOS IN SYMMETRY 1:   1 3 2 1 1 3 2 2 3 1   2 3 1 5 4 6 3 2 1 4   5 6 6 4 5 1 3 2 1 6   5 4 3 2 1 6 5 4 3 2
                                        1 3 2 4 5 6 1 3 2 1   3 2 1 3 2 1 1 3 2 1   3 2 1 1 3 2 1 3 2 1   1 1 1 1 1 1 1
 EXTRA SYMMETRY OF MOS IN SYMMETRY 2:   1 2 3 1 1 2 3 1 3 2   1 3 2 6 5 4 2 3 1 2   3 6 5 4 1 1 2 3 5 6   4 1 2 3 5 6 4 1 1 1
                                        3 2 1 1 2 3 1 1 1 1   1 1 1 1
 EXTRA SYMMETRY OF MOS IN SYMMETRY 3:   1 2 3 1 1 2 3 1 2 3   1 3 2 4 5 6 2 3 1 2   3 6 5 4 1 1 2 3 4 5   6 1 3 2 4 5 6 1 1 1
                                        3 2 1 1 3 2 1 1 1 1   1 1 1 1
 EXTRA SYMMETRY OF MOS IN SYMMETRY 4:   1 1 1 1 3 2 1 3 2 3   2 1 3 2 1 2 3 1 1 2   3 1 1 1 1 1 1 1
 EXTRA SYMMETRY OF MOS IN SYMMETRY 5:   1 2 3 1 1 2 3 1 3 2   1 2 3 5 4 6 2 3 1 3   2 6 4 5 1 1 2 3 6 5   4 1 2 3 6 4 5 1 1 1
                                        2 3 1 1 3 2 1 1 1 1   1 1 1 1
 EXTRA SYMMETRY OF MOS IN SYMMETRY 6:   1 1 1 1 2 3 1 2 3 2   3 1 3 2 1 3 2 1 1 3   2 1 1 1 1 1 1 1
 EXTRA SYMMETRY OF MOS IN SYMMETRY 7:   1 1 1 1 2 3 1 2 3 2   3 1 2 3 1 2 3 1 1 3   2 1 1 1 1 1 1 1
 EXTRA SYMMETRY OF MOS IN SYMMETRY 8:   1 1 1 1 3 2 1 1 3 2   1 2 3 1 2 3 1 1

 Natural orbital dump (state averaged) at molpro section  5202.2    (Orbital set 2)


 CI vector for state symmetry 1
 ==============================

 0a 0 0 0          0.0222924   0.9997515
 a0 0 0 0          0.9997515  -0.0222924

 TOTAL ENERGIES                      -209.84782629  -209.84782629

 CI vector for state symmetry 2
 ==============================

 00 a 0 0          1.0000000

 TOTAL ENERGIES                      -209.84782629

 CI vector for state symmetry 3
 ==============================

 00 0 a 0          1.0000000

 TOTAL ENERGIES                      -209.84782629

 CI vector for state symmetry 4
 ==============================

 00 0 0 a          1.0000000

 TOTAL ENERGIES                      -209.84782629



 **********************************************************************************************************************************
 DATASETS  * FILE   NREC   LENGTH (MB)   RECORD NAMES
              1      20       45.31       500      610      700      900      950      970     1000      129      960     1100   
                                          VAR    BASINP    GEOM    SYMINP    ZMAT    AOBASIS   BASIS     P2S    ABASIS      S 
                                         1400     1410     1420     1200     1210     1080     1600     1650     1700     1380   
                                           T        V       ECP      H0       H01     AOSYM     SMH    MOLCAS    OPER     JKOP   

              2       6        9.02       200      700     1000      520     4202     5202   
                                        OPTIONS   GEOM     BASIS   MCVARS     RHF     MCSCF   

 PROGRAMS   *        TOTAL     MULTI       POP       RHF       INT
 CPU TIMES  *        34.72      2.21      0.01      1.18     30.87
 REAL TIME  *        39.93 SEC
 DISK USED  *         3.40 GB      
 SF USED    *        90.52 MB      
 GA USED    *         0.00 MB       (max)       0.00 MB       (current)
 **********************************************************************************************************************************


 PROGRAM * RHF-SCF (OPEN SHELL)       Authors: W. Meyer, H.-J. Werner


 NUMBER OF ELECTRONS:      12+   11-    SPACE SYMMETRY=4    SPIN SYMMETRY: Doublet 
 CONVERGENCE THRESHOLDS:    1.00E-05 (Density)    1.00E-07 (Energy)
 MAX. NUMBER OF ITERATIONS:        0
 INTERPOLATION TYPE:            DIIS
 INTERPOLATION STEPS:              2 (START)      1 (STEP)
 LEVEL SHIFTS:                 -0.60 (CLOSED) -0.30 (OPEN) 

 Number of closed-shell orbitals:   11 (   1   3   3   0   3   0   0   1 )
 Number of open-shell orbitals:      1 (   0   0   0   1   0   0   0   0 )


 Molecular orbitals read from record     5202.2  Type=MCSCF/NATURAL (state averaged)

 Molecular orbital dump at record        2120.2

 ITERATION    DDIFF          GRAD             ENERGY        2-EL.EN.            DIPOLE MOMENTS         DIIS   ORB.
    1      0.000D+00      0.000D+00      -209.84782629    355.435140    0.00000    0.00000    0.00000    0    start

 Final alpha occupancy:   1   3   3   1   3   0   0   1
 Final beta  occupancy:   1   3   3   0   3   0   0   1

 !RHF STATE 1.4 Energy               -209.847826291537
 Nuclear energy                         0.00000000
 One-electron energy                 -387.56539625
 Two-electron energy                  177.71756996
 Virial quotient                       -1.21908266
 !RHF STATE 1.4 Dipole moment           0.00000000     0.00000000     0.00000000
 Dipole moment /Debye                   0.00000000     0.00000000     0.00000000

 Orbital energies:

         1.1          2.1          3.1
     -3.316264    -0.548436    -0.548436

         1.2          2.2          3.2          4.2          5.2
     -2.205825    -0.807809    -0.807809    -0.306962    -0.153866

         1.3          2.3          3.3          4.3          5.3
     -2.205825    -0.807809    -0.807809    -0.306962    -0.153866

         1.4          2.4          3.4
     -0.548436    -0.181209    -0.103577

         1.5          2.5          3.5          4.5          5.5
     -2.205825    -0.807809    -0.807809    -0.306962    -0.153866

         1.6          2.6
     -0.548436    -0.181209

         1.7          2.7
     -0.548436    -0.181209

         1.8          2.8          3.8
     -0.807809    -0.112960     0.116499

 HOMO      1.4    -0.548436 =     -14.9237eV
 LUMO      2.1    -0.548436 =     -14.9237eV
 LUMO-HOMO         0.000000 =       0.0000eV


 **********************************************************************************************************************************
 DATASETS  * FILE   NREC   LENGTH (MB)   RECORD NAMES
              1      20       45.31       500      610      700      900      950      970     1000      129      960     1100   
                                          VAR    BASINP    GEOM    SYMINP    ZMAT    AOBASIS   BASIS     P2S    ABASIS      S 
                                         1400     1410     1420     1200     1210     1080     1600     1650     1700     1380   
                                           T        V       ECP      H0       H01     AOSYM     SMH    MOLCAS    OPER     JKOP   

              2       7       12.44       200      700     1000      520     4202     5202     2120   
                                        OPTIONS   GEOM     BASIS   MCVARS     RHF     MCSCF     RHF  

 PROGRAMS   *        TOTAL       RHF     MULTI       POP       RHF       INT
 CPU TIMES  *        34.82      0.10      2.21      0.01      1.18     30.87
 REAL TIME  *        40.42 SEC
 DISK USED  *         3.40 GB      
 SF USED    *        90.52 MB      
 GA USED    *         0.00 MB       (max)       0.00 MB       (current)
 **********************************************************************************************************************************
 SETTING SCF(9)         =      -209.84782629  AU                              
 SETTING _CC_NORM_MAX   =         2.00000000                                  


 PROGRAM * CCSD (Restricted open-shell coupled cluster)     Authors: C. Hampel, H.-J. Werner, 1991, M. Deegan, P.J. Knowles, 1992


 Convergence thresholds:  THRVAR = 1.00D-08  THRDEN = 1.00D-06

 CCSD(T)     terms to be evaluated (factor= 1.000)


 Number of closed-shell orbitals:  11 (   1   3   3   0   3   0   0   1 )
 Number of active  orbitals:        1 (   0   0   0   1   0   0   0   0 )
 Number of external orbitals:     329 (  76  51  51  27  51  28  28  17 )

 Memory could be reduced to 93.75 Mwords without degradation in triples

 Number of N-1 electron functions:              23
 Number of N-2 electron functions:             253
 Number of singly external CSFs:              1132
 Number of doubly external CSFs:           2634850
 Total number of CSFs:                     2635982

 Molecular orbitals read from record     2120.2  Type=RHF/CANONICAL (state 1.4)

 Integral transformation finished. Total CPU:   1.95 sec, npass=  1  Memory used:  19.09 MW

 Starting RMP2 calculation

 Wavefunction is spin-projected

 ITER.      SQ.NORM     CORR.ENERGY   TOTAL ENERGY   ENERGY CHANGE        DEN1      VAR(S)    VAR(P)  DIIS     TIME
   1      1.78064876    -2.54873073  -212.39655703    -2.54873073    -0.04778929  0.34D-04  0.33D-01  1  1     2.25
   2      1.90603910    -2.60695559  -212.45478188    -0.05822485    -0.00360871  0.16D-05  0.31D-02  2  2     2.52
   3      1.96718719    -2.62428077  -212.47210706    -0.01732518    -0.00007012  0.62D-07  0.40D-04  3  3     2.87
   4      1.97088911    -2.62479284  -212.47261914    -0.00051207    -0.00000133  0.23D-08  0.77D-06  4  4     3.47
   5      1.97089450    -2.62478629  -212.47261258     0.00000656    -0.00000002  0.60D-10  0.16D-07  5  5     3.82
   6      1.97089526    -2.62478643  -212.47261272    -0.00000014    -0.00000000  0.18D-11  0.83D-09  6  6     4.60

 Norm of t1 vector:      0.03527180      S-energy:    -0.00359034      T1 diagnostic:  0.00355333
 Norm of t2 vector:      0.98470867      P-energy:    -2.62119609
                                         Alpha-Beta:  -1.73031710
                                         Alpha-Alpha: -0.42501667
                                         Beta-Beta:   -0.46586233

 Spin contamination <S**2-Sz**2-Sz>     0.00000000
  Reference energy                   -209.847826291536
  RHF-RMP2 correlation energy          -2.624786427551
 !RHF-RMP2 energy                    -212.472612719087
 (NB above energy spin projected)

 Starting RCCSD calculation

 ITER.      SQ.NORM     CORR.ENERGY   TOTAL ENERGY   ENERGY CHANGE        DEN1      VAR(S)    VAR(P)  DIIS     TIME
   1      1.24044778    -1.56786897  -211.41569526    -1.56786897    -0.35449547  0.33D-02  0.92D-01  0  0     6.80
   2      1.40736162    -1.92179546  -211.76962175    -0.35392650    -0.07439675  0.17D-02  0.27D-01  0  0     8.37
   3      1.35876694    -1.77770562  -211.62553191     0.14408985    -0.01681530  0.91D-03  0.49D-02  1  1    10.45
   4      1.38835507    -1.82523495  -211.67306124    -0.04752934    -0.00114802  0.24D-04  0.91D-03  2  2    12.83
   5      1.40484466    -1.82844613  -211.67627243    -0.00321118    -0.00062216  0.87D-05  0.52D-03  3  3    15.61
   6      1.43657922    -1.83182998  -211.67965627    -0.00338385    -0.00014725  0.20D-05  0.12D-03  4  4    18.08
   7      1.45516434    -1.83394057  -211.68176686    -0.00211058    -0.00002312  0.11D-05  0.15D-04  5  5    20.06
   8      1.46097367    -1.83447912  -211.68230542    -0.00053856    -0.00000467  0.17D-06  0.32D-05  6  6    22.53
   9      1.46177827    -1.83444517  -211.68227146     0.00003395    -0.00000083  0.14D-07  0.65D-06  7  7    24.84
  10      1.46190101    -1.83454507  -211.68237136    -0.00009990    -0.00000025  0.43D-08  0.20D-06  8  8    27.88
  11      1.46202778    -1.83453109  -211.68235738     0.00001398    -0.00000005  0.13D-08  0.39D-07  9  9    30.58
  12      1.46203972    -1.83450612  -211.68233241     0.00002497    -0.00000001  0.59D-09  0.73D-08 10 10    34.66
  13      1.46206031    -1.83451476  -211.68234105    -0.00000864    -0.00000000  0.12D-09  0.28D-08 11 11    37.34
  14      1.46207830    -1.83451639  -211.68234268    -0.00000163    -0.00000000  0.16D-10  0.96D-09 12 12    41.02
  15      1.46207654    -1.83451625  -211.68234254     0.00000014    -0.00000000  0.82D-11  0.28D-09 13 13    45.81

 Norm of t1 vector:      0.06413636      S-energy:    -0.00330152      T1 diagnostic:  0.00887873
                                                                       D1 diagnostic:  0.02835316
 Norm of t2 vector:      0.67672968      P-energy:    -1.83121473
                                         Alpha-Beta:  -1.32315559
                                         Alpha-Alpha: -0.24874589
                                         Beta-Beta:   -0.25931325

 Doubles amplitudes (print threshold =  0.500E-01):

         I         J         SYM. A    SYM. B    A         B      T(IJ, AB) [Beta-Beta]

         7         4         1         4         1         1     -0.05054673
         7         4         4         1         1         1      0.05054673
 
         I         J         SYM. A    SYM. B    A         B      T(IJ, AB) [Alpha-Beta]

         3         3         1         1         2         2     -0.07451938
         3         3         6         6         1         1     -0.09719016
         4         4         1         1         1         1     -0.08627884
         6         6         1         1         2         2     -0.07451938
         6         6         7         7         1         1     -0.09719016
         7         7         1         1         1         1     -0.08627884
        10        10         1         1         2         2     -0.11349601
        11        11         1         1         1         1     -0.06737543
        11        11         6         6         1         1     -0.07289929
        11        11         7         7         1         1     -0.07289929
        12        12         6         6         1         1     -0.07277510
        12        12         7         7         1         1     -0.07277510
         6         3         7         6         1         1     -0.05186491
         3         6         6         7         1         1     -0.05186491

 Spin contamination <S**2-Sz**2-Sz>     0.00000000

 Memory could be reduced to 97.15 Mwords without degradation in triples
 

 RESULTS
 =======

  Reference energy                   -209.847826291536
  RCCSD singles energy                 -0.003301518578
  RCCSD pair energy                    -1.831214730229
  RCCSD correlation energy             -1.834516248807
  Triples (T) contribution             -0.243660788299
  Total correlation energy             -2.078177037107
 
  RHF-RCCSD energy                   -211.682342540343
  RHF-RCCSD[T] energy                -211.929970051346
  RHF-RCCSD-T energy                 -211.922456218851
 !RHF-RCCSD(T) energy                -211.926003328642

 Program statistics:

 Available memory in ccsd:               999998628
 Min. memory needed in ccsd:               7571418
 Max. memory used in ccsd:                10845514
 Max. memory used in cckext:               8313894 (15 integral passes)
 Max. memory used in cckint:              19090071 ( 1 integral passes)



 **********************************************************************************************************************************
 DATASETS  * FILE   NREC   LENGTH (MB)   RECORD NAMES
              1      20       45.31       500      610      700      900      950      970     1000      129      960     1100   
                                          VAR    BASINP    GEOM    SYMINP    ZMAT    AOBASIS   BASIS     P2S    ABASIS      S 
                                         1400     1410     1420     1200     1210     1080     1600     1650     1700     1380   
                                           T        V       ECP      H0       H01     AOSYM     SMH    MOLCAS    OPER     JKOP   

              2       7       12.44       200      700     1000      520     4202     5202     2120   
                                        OPTIONS   GEOM     BASIS   MCVARS     RHF     MCSCF     RHF  

 PROGRAMS   *        TOTAL  RCCSD(T)       RHF     MULTI       POP       RHF       INT
 CPU TIMES  *       126.19     91.25      0.10      2.21      0.01      1.18     30.87
 REAL TIME  *       166.17 SEC
 DISK USED  *        11.63 GB      
 SF USED    *         1.59 GB      
 GA USED    *         0.00 MB       (max)       0.00 MB       (current)
 **********************************************************************************************************************************
 SETTING CCSD(9)        =      -211.92600333  AU                              
 Output type csv         
                                                                                                                                                                                                                                                                

        SCF,CCSD
      0.0000000,      0.0000000
      0.0000000,      0.0000000
      0.0000000,      0.0000000
      0.0000000,      0.0000000
      0.0000000,      0.0000000
      0.0000000,      0.0000000
      0.0000000,      0.0000000
      0.0000000,      0.0000000
   -209.8478263,   -211.9260033
                                                  

 RCCSD(T)/USERDEF energy=   -211.926003328642

        RCCSD(T)        RHF-SCF         MULTI           RHF-SCF 
   -211.92600333   -209.84782629   -209.84782629   -209.84960743
 **********************************************************************************************************************************
 Molpro calculation terminated
 Variable memory released
