
 Primary working directories    : /global/cscratch1/sd/haihan
 Secondary working directories  : /global/cscratch1/sd/haihan
 Wavefunction directory         : /global/homes/h/haihan/Research/ECP/f_group_element_ecps/Ta/Molpro/atom/UC/wfu/
 Main file repository           : /global/cscratch1/sd/haihan/

 SHA1      : 19cd028119e0e09f93f0674bd8af7968d9b3eff6
 NAME      : 2015.1.36
 ARCHNAME  : linux/x86_64
 FC        : /opt/cray/pe/craype/2.5.14/bin/ftn
 BLASLIB   : -L/opt/intel/compilers_and_libraries_2018.1.163/linux/mkl/lib/intel64 -Wl,-_start-group -lmkl_intel_ilp64 -lmkl_intel_thread -lmkl_core -Wl,-_end-group -liomp5
 id        : lbl

 Nodes     nprocs
 nid01011     3
 Number of processes for MPI-2 version of Molpro:   nprocs(total)=    4   nprocs(compute)=    3   nprocs(helper)=    1

 Using customized tuning parameters: mindgm=7; mindgv=16; mindgc=1; mindgr=1; noblas=0; minvec=7
 default implementation of scratch files=sf  

 ***,Calculation for Nb atom, singlet and triplet
 memory,3,g
 
 gthresh,twoint=1.e-15
 gthresh,oneint=1.e-15
 
 set,dkroll=1,dkho=10,dkhp=4
 
 geometry={
 1
 Ta
 Ta  0.0 0.0 0.0
 }
 
 basis={
 Including file /global/u2/h/haihan/Research/ECP/f_group_element_ecps/Ta/Molpro/atom/UC/12/../aug-cc-pwCVTZ.basis
 }
 
 
 
 Including file /global/u2/h/haihan/Research/ECP/f_group_element_ecps/Ta/Molpro/atom/UC/12/../Ta_states_ae.proc
 Including file /global/u2/h/haihan/Research/ECP/f_group_element_ecps/Ta/Molpro/atom/UC/12/../contracted.basis
 Including file /global/u2/h/haihan/Research/ECP/f_group_element_ecps/Ta/Molpro/atom/UC/12/../aug-cc-pwCVTZ.basis
 Including file /global/u2/h/haihan/Research/ECP/f_group_element_ecps/Ta/Molpro/atom/UC/12/../contracted.basis
 Including file /global/u2/h/haihan/Research/ECP/f_group_element_ecps/Ta/Molpro/atom/UC/12/../aug-cc-pwCVTZ.basis
 Including file /global/u2/h/haihan/Research/ECP/f_group_element_ecps/Ta/Molpro/atom/UC/12/../contracted.basis
 Including file /global/u2/h/haihan/Research/ECP/f_group_element_ecps/Ta/Molpro/atom/UC/12/../aug-cc-pwCVTZ.basis
 Including file /global/u2/h/haihan/Research/ECP/f_group_element_ecps/Ta/Molpro/atom/UC/12/../contracted.basis
 Including file /global/u2/h/haihan/Research/ECP/f_group_element_ecps/Ta/Molpro/atom/UC/12/../aug-cc-pwCVTZ.basis
 Including file /global/u2/h/haihan/Research/ECP/f_group_element_ecps/Ta/Molpro/atom/UC/12/../contracted.basis
 Including file /global/u2/h/haihan/Research/ECP/f_group_element_ecps/Ta/Molpro/atom/UC/12/../aug-cc-pwCVTZ.basis
 Including file /global/u2/h/haihan/Research/ECP/f_group_element_ecps/Ta/Molpro/atom/UC/12/../contracted.basis
 Including file /global/u2/h/haihan/Research/ECP/f_group_element_ecps/Ta/Molpro/atom/UC/12/../aug-cc-pwCVTZ.basis
 Including file /global/u2/h/haihan/Research/ECP/f_group_element_ecps/Ta/Molpro/atom/UC/12/../contracted.basis
 Including file /global/u2/h/haihan/Research/ECP/f_group_element_ecps/Ta/Molpro/atom/UC/12/../aug-cc-pwCVTZ.basis
 Including file /global/u2/h/haihan/Research/ECP/f_group_element_ecps/Ta/Molpro/atom/UC/12/../contracted.basis
 Including file /global/u2/h/haihan/Research/ECP/f_group_element_ecps/Ta/Molpro/atom/UC/12/../aug-cc-pwCVTZ.basis
 Including file /global/u2/h/haihan/Research/ECP/f_group_element_ecps/Ta/Molpro/atom/UC/12/../contracted.basis
 Including file /global/u2/h/haihan/Research/ECP/f_group_element_ecps/Ta/Molpro/atom/UC/12/../aug-cc-pwCVTZ.basis
 Including file /global/u2/h/haihan/Research/ECP/f_group_element_ecps/Ta/Molpro/atom/UC/12/../contracted.basis
 Including file /global/u2/h/haihan/Research/ECP/f_group_element_ecps/Ta/Molpro/atom/UC/12/../aug-cc-pwCVTZ.basis
 Including file /global/u2/h/haihan/Research/ECP/f_group_element_ecps/Ta/Molpro/atom/UC/12/../contracted.basis
 Including file /global/u2/h/haihan/Research/ECP/f_group_element_ecps/Ta/Molpro/atom/UC/12/../aug-cc-pwCVTZ.basis
 Including file /global/u2/h/haihan/Research/ECP/f_group_element_ecps/Ta/Molpro/atom/UC/12/../contracted.basis
 Including file /global/u2/h/haihan/Research/ECP/f_group_element_ecps/Ta/Molpro/atom/UC/12/../aug-cc-pwCVTZ.basis
 Including file /global/u2/h/haihan/Research/ECP/f_group_element_ecps/Ta/Molpro/atom/UC/12/../contracted.basis
 Including file /global/u2/h/haihan/Research/ECP/f_group_element_ecps/Ta/Molpro/atom/UC/12/../aug-cc-pwCVTZ.basis
 Including file /global/u2/h/haihan/Research/ECP/f_group_element_ecps/Ta/Molpro/atom/UC/12/../contracted.basis
 Including file /global/u2/h/haihan/Research/ECP/f_group_element_ecps/Ta/Molpro/atom/UC/12/../aug-cc-pwCVTZ.basis
 Including file /global/u2/h/haihan/Research/ECP/f_group_element_ecps/Ta/Molpro/atom/UC/12/../contracted.basis
 Including file /global/u2/h/haihan/Research/ECP/f_group_element_ecps/Ta/Molpro/atom/UC/12/../aug-cc-pwCVTZ.basis
 Including file /global/u2/h/haihan/Research/ECP/f_group_element_ecps/Ta/Molpro/atom/UC/12/../contracted.basis
 Including file /global/u2/h/haihan/Research/ECP/f_group_element_ecps/Ta/Molpro/atom/UC/12/../aug-cc-pwCVTZ.basis
 Including file /global/u2/h/haihan/Research/ECP/f_group_element_ecps/Ta/Molpro/atom/UC/12/../contracted.basis
 Including file /global/u2/h/haihan/Research/ECP/f_group_element_ecps/Ta/Molpro/atom/UC/12/../aug-cc-pwCVTZ.basis
 
 
 do i=12,12
     if (i.eq.1) then
         Id3s2
     else if (i.eq.2) then
         Id4s1
     else if (i.eq.3) then
         EAd5s1
     else if (i.eq.4) then
         IPd4
     else if (i.eq.5) then
         IPd3s1
     else if (i.eq.6) then
         IId3
     else if (i.eq.7) then
         IIId2
     else if (i.eq.8) then
         IVd1
     else if (i.eq.9) then
         IVf1
     else if (i.eq.10) then
         IVs1
     else if (i.eq.11) then
         IVp1
     else if (i.eq.12) then
         Vp6
     else if (i.eq.13) then
         VIIp4
     else if (i.eq.14) then
         VIIIp3
     else if (i.eq.15) then
         IXp2
     else if (i.eq.16) then
         Xp1
     else if (i.eq.17) then
         XIp
     endif
     scf(i)=energy
     _CC_NORM_MAX=2.0
     {rccsd(t),maxit=100;core,8,5,5,2,5,2,2,1}
     ccsd(i)=energy
 enddo
 
 table,scf,ccsd
 type,csv
 save

 Variables initialized (889), CPU time= 0.01 sec
 Commands  initialized (702), CPU time= 0.01 sec, 572 directives.
 Default parameters read. Elapsed time= 0.14 sec

 Checking input...
 Passed
1


                                         ***  PROGRAM SYSTEM MOLPRO  ***
                                       Copyright, TTI GmbH Stuttgart, 2015
                                    Version 2015.1 linked Dec 29 2018 15:55:43


 **********************************************************************************************************************************
 LABEL *   Calculation for Nb atom, singlet and triplet                                  
  64 bit mpp version                                                                     DATE: 09-Oct-22          TIME: 09:44:20  
 **********************************************************************************************************************************

 SHA1:             19cd028119e0e09f93f0674bd8af7968d9b3eff6
 **********************************************************************************************************************************

 THRESHOLDS:

 ZERO    =  1.00D-12  ONEINT  =  1.00D-12  TWOINT  =  1.00D-15  PREFAC  =  1.00D-14  LOCALI  =  1.00D-09  EORDER  =  1.00D-04
 ENERGY  =  0.00D+00  ETEST   =  0.00D+00  EDENS   =  0.00D+00  THRDEDEF=  1.00D-06  GRADIENT=  1.00D-02  STEP    =  1.00D-03
 ORBITAL =  1.00D-05  CIVEC   =  1.00D-05  COEFF   =  1.00D-04  PRINTCI =  5.00D-02  PUNCHCI =  9.90D+01  OPTGRAD =  3.00D-04
 OPTENERG=  1.00D-06  OPTSTEP =  3.00D-04  THRGRAD =  1.00D-10  COMPRESS=  1.00D-11  VARMIN  =  1.00D-07  VARMAX  =  1.00D-03
 THRDOUB =  0.00D+00  THRDIV  =  1.00D-05  THRRED  =  1.00D-07  THRPSP  =  1.00D+00  THRDC   =  1.00D-10  THRCS   =  1.00D-10
 THRNRM  =  1.00D-08  THREQ   =  0.00D+00  THRDE   =  1.00D+00  THRREF  =  1.00D-05  SPARFAC =  1.00D+00  THRDLP  =  1.00D-07
 THRDIA  =  1.00D-10  THRDLS  =  1.00D-07  THRGPS  =  0.00D+00  THRKEX  =  0.00D+00  THRDIS  =  2.00D-01  THRVAR  =  1.00D-10
 THRLOC  =  1.00D-06  THRGAP  =  1.00D-06  THRLOCT = -1.00D+00  THRGAPT = -1.00D+00  THRORB  =  1.00D-06  THRMLTP =  0.00D+00
 THRCPQCI=  1.00D-10  KEXTA   =  0.00D+00  THRCOARS=  0.00D+00  SYMTOL  =  1.00D-06  GRADTOL =  1.00D-06  THROVL  =  1.00D-08
 THRORTH =  1.00D-08  GRID    =  1.00D-06  GRIDMAX =  1.00D-03  DTMAX   =  0.00D+00  THROCCDE=  1.00D-01  THROCCDE=  1.00D-01



 THRESHOLDS:

 ZERO    =  1.00D-12  ONEINT  =  1.00D-15  TWOINT  =  1.00D-15  PREFAC  =  1.00D-14  LOCALI  =  1.00D-09  EORDER  =  1.00D-04
 ENERGY  =  0.00D+00  ETEST   =  0.00D+00  EDENS   =  0.00D+00  THRDEDEF=  1.00D-06  GRADIENT=  1.00D-02  STEP    =  1.00D-03
 ORBITAL =  1.00D-05  CIVEC   =  1.00D-05  COEFF   =  1.00D-04  PRINTCI =  5.00D-02  PUNCHCI =  9.90D+01  OPTGRAD =  3.00D-04
 OPTENERG=  1.00D-06  OPTSTEP =  3.00D-04  THRGRAD =  1.00D-10  COMPRESS=  1.00D-11  VARMIN  =  1.00D-07  VARMAX  =  1.00D-03
 THRDOUB =  0.00D+00  THRDIV  =  1.00D-05  THRRED  =  1.00D-07  THRPSP  =  1.00D+00  THRDC   =  1.00D-10  THRCS   =  1.00D-10
 THRNRM  =  1.00D-08  THREQ   =  0.00D+00  THRDE   =  1.00D+00  THRREF  =  1.00D-05  SPARFAC =  1.00D+00  THRDLP  =  1.00D-07
 THRDIA  =  1.00D-10  THRDLS  =  1.00D-07  THRGPS  =  0.00D+00  THRKEX  =  0.00D+00  THRDIS  =  2.00D-01  THRVAR  =  1.00D-10
 THRLOC  =  1.00D-06  THRGAP  =  1.00D-06  THRLOCT = -1.00D+00  THRGAPT = -1.00D+00  THRORB  =  1.00D-06  THRMLTP =  0.00D+00
 THRCPQCI=  1.00D-10  KEXTA   =  0.00D+00  THRCOARS=  0.00D+00  SYMTOL  =  1.00D-06  GRADTOL =  1.00D-06  THROVL  =  1.00D-08
 THRORTH =  1.00D-08  GRID    =  1.00D-06  GRIDMAX =  1.00D-03  DTMAX   =  0.00D+00  THROCCDE=  1.00D-01  THROCCDE=  1.00D-01


 SETTING DKROLL         =         1.00000000                                  
 SETTING DKHO           =        10.00000000                                  
 SETTING DKHP           =         4.00000000                                  

Geometry recognized as XYZ


 Variable memory set to 3000000000 words,  buffer space   230000 words

 SETTING BASIS          =    USERDEF

 DO I                   =        12.00000000   

 Running procedure=VP6
 SETTING BASIS          =    USERDEF


 Recomputing integrals since basis changed


 Using spherical harmonics



 PROGRAM * SEWARD (Integral evaluation for generally contracted gaussian basis sets)     Author: Roland Lindh, 1990

 Geometry written to block  1 of record 700

 Orientation using atomic masses  
 Molecule type: Atom
 Symmetry elements: X,Y,Z
 Rotational constants:       0.0000000      0.0000000      0.0000000 GHz  (calculated with average atomic masses)

 Point group  D2h 



 ATOMIC COORDINATES

 NR  ATOM    CHARGE       X              Y              Z

   1  TA     73.00    0.000000000    0.000000000    0.000000000

 NUCLEAR CHARGE:                   73
 NUMBER OF PRIMITIVE AOS:         455
 NUMBER OF SYMMETRY AOS:          370
 NUMBER OF CONTRACTIONS:          138   (  38Ag  +  18B3u +  18B2u +  14B1g +  18B1u +  14B2g +  14B3g +   4Au  )
 NUMBER OF CORE ORBITALS:          34   (   9Ag  +   6B3u +   6B2u +   2B1g +   6B1u +   2B2g +   2B3g +   1Au  )
 NUMBER OF VALENCE ORBITALS:        6   (   3Ag  +   0B3u +   0B2u +   1B1g +   0B1u +   1B2g +   1B3g +   0Au  )


 NUCLEAR REPULSION ENERGY    0.00000000

 One-electron integrals computed with SEWARD

 10nd-order Douglas-Kroll-Hess method activated. McWeeny DKH parametrization is used.

 Computing Douglas-Kroll / X2C integrals

 AO integral compression algorithm  1   Integral accuracy      1.0D-15

     66.847 MB (compressed) written to integral file ( 75.5%)

     Node minimum: 18.874 MB, node maximum: 24.379 MB


 NUMBER OF SORTED TWO-ELECTRON INTEGRALS:    2018811.     BUFFER LENGTH:  32768
 NUMBER OF SEGMENTS:   1  SEGMENT LENGTH:    2018811      RECORD LENGTH: 524288

 Memory used in sort:       2.58 MW

 SORT1 READ    11127267. AND WROTE     1487512. INTEGRALS IN      5 RECORDS. CPU TIME:     0.21 SEC, REAL TIME:     0.25 SEC
 SORT2 READ     4469215. AND WROTE     6048064. INTEGRALS IN    279 RECORDS. CPU TIME:     0.08 SEC, REAL TIME:     0.14 SEC

 Node minimum:     2009345.  Node maximum:     2019908. integrals

 OPERATOR DM      FOR CENTER  0  COORDINATES:    0.000000    0.000000    0.000000

 EXTRA SYMMETRY OF AOS IN SYMMETRY 1:   1 1 1 1 1 1 1 1 1 1   1 1 1 2 3 2 3 2 3 2   3 2 3 2 3 2 3 2 3 4   5 6 4 5 6 4 5 6
 EXTRA SYMMETRY OF AOS IN SYMMETRY 2:   1 1 1 1 1 1 1 1 1 1   2 3 2 3 2 3 2 3
 EXTRA SYMMETRY OF AOS IN SYMMETRY 3:   1 1 1 1 1 1 1 1 1 1   2 3 2 3 2 3 2 3
 EXTRA SYMMETRY OF AOS IN SYMMETRY 4:   1 1 1 1 1 1 1 1 2 3   2 3 2 3
 EXTRA SYMMETRY OF AOS IN SYMMETRY 5:   1 1 1 1 1 1 1 1 1 1   2 3 2 3 2 3 2 3
 EXTRA SYMMETRY OF AOS IN SYMMETRY 6:   1 1 1 1 1 1 1 1 2 3   2 3 2 3
 EXTRA SYMMETRY OF AOS IN SYMMETRY 7:   1 1 1 1 1 1 1 1 2 3   2 3 2 3

 Eigenvalues of metric

         1 0.204E-05 0.603E-04 0.139E-03 0.178E-03 0.178E-03 0.400E-02 0.702E-02 0.702E-02
         2 0.771E-04 0.761E-03 0.535E-02 0.838E-01 0.247E+00 0.247E+00 0.601E+00 0.703E+00
         3 0.771E-04 0.761E-03 0.535E-02 0.838E-01 0.247E+00 0.247E+00 0.601E+00 0.703E+00
         4 0.178E-03 0.702E-02 0.282E+00 0.282E+00 0.620E+00 0.891E+00 0.891E+00 0.905E+00
         5 0.771E-04 0.761E-03 0.535E-02 0.838E-01 0.247E+00 0.247E+00 0.601E+00 0.703E+00
         6 0.178E-03 0.702E-02 0.282E+00 0.282E+00 0.620E+00 0.891E+00 0.891E+00 0.905E+00
         7 0.178E-03 0.702E-02 0.282E+00 0.282E+00 0.620E+00 0.891E+00 0.891E+00 0.905E+00
         8 0.247E+00 0.703E+00 0.111E+01 0.194E+01


 **********************************************************************************************************************************
 DATASETS  * FILE   NREC   LENGTH (MB)   RECORD NAMES
              1      22       20.53       500      610      700      900      950      970     1000      129      960     1700   
                                          VAR    BASINP    GEOM    SYMINP    ZMAT    AOBASIS   BASIS     P2S    ABASIS    OPER   
                                         1101     1401     1411     1412     1650     1100     1400     1410     1200     1210   
                                          SR      EKINR    POTR     PVPR    MOLCAS      S      EKIN      POT      H0       H01  
                                         1080     1600   
                                         AOSYM     SMH  

 PROGRAMS   *        TOTAL       INT
 CPU TIMES  *        19.93     19.65
 REAL TIME  *        22.06 SEC
 DISK USED  *       118.24 MB      
 GA USED    *         0.00 MB       (max)       0.00 MB       (current)
 **********************************************************************************************************************************


 PROGRAM * RHF-SCF (CLOSED SHELL)       Authors: W. Meyer, H.-J. Werner


 NUMBER OF ELECTRONS:      34+   34-    SPACE SYMMETRY=1    SPIN SYMMETRY: Singlet 
 CONVERGENCE THRESHOLDS:    1.00E-05 (Density)    1.46E-07 (Energy)
 MAX. NUMBER OF ITERATIONS:       60
 INTERPOLATION TYPE:            DIIS
 INTERPOLATION STEPS:              2 (START)      1 (STEP)
 LEVEL SHIFTS:                  0.00 (CLOSED)  0.00 (OPEN) 

 Number of closed-shell orbitals:   34 (   9   6   6   2   6   2   2   1 )


 Orbital guess generated from atomic densities. Full valence occupancy:   12   6   6   3   6   3   3   1


 Molecular orbital dump at record        4202.2

 ITERATION    DDIFF          GRAD             ENERGY        2-EL.EN.            DIPOLE MOMENTS         DIIS   ORB.
    1      0.000D+00      0.000D+00    -15220.52624721  11163.493017    0.00000    0.00000    0.00000    0    start
    2      0.000D+00      0.720D-01    -15220.73713118  11095.662224    0.00000    0.00000    0.00000    1    diag
    3      0.480D+01      0.210D-01    -15220.76441770  11134.601861    0.00000    0.00000    0.00000    2    diag
    4      0.228D+00      0.589D-02    -15220.76742940  11125.411956    0.00000    0.00000    0.00000    3    diag
    5      0.384D-01      0.165D-03    -15220.76743524  11125.543932    0.00000    0.00000    0.00000    4    diag
    6      0.430D-02      0.206D-04    -15220.76743529  11125.572562    0.00000    0.00000    0.00000    5    diag
    7      0.159D-03      0.965D-06    -15220.76743529  11125.572989    0.00000    0.00000    0.00000    6    diag
    8      0.169D-04      0.660D-07    -15220.76743529  11125.573065    0.00000    0.00000    0.00000    7    diag
    9      0.848D-06      0.808D-08    -15220.76743529  11125.573051    0.00000    0.00000    0.00000    0    orth

 Final occupancy:   9   6   6   2   6   2   2   1

 !RHF STATE 1.1 Energy               -15220.7674352854    
 Nuclear energy                         0.00000000
 One-electron energy               -20783.55396068
 Two-electron energy                 5562.78652539
 Virial quotient                       -1.01759062
 !RHF STATE 1.1 Dipole moment           0.00000000     0.00000000     0.00000000
 Dipole moment /Debye                   0.00000000     0.00000000     0.00000000

 ELECTRON ORBITALS
 =================


   Orb  Occ    Energy  Couls-En    Coefficients

                                   1 1s      1 1s      1 1s      1 1s      1 1s      1 1s      1 1s      1 1s      1 1s      1 1s   
                                   1 1s      1 1s      1 1s      1 3d0     1 3d2+    1 3d0     1 3d2+    1 3d0     1 3d2+    1 3d0  
                                   1 3d2+    1 3d0     1 3d2+    1 3d0     1 3d2+    1 3d0     1 3d2+    1 3d0     1 3d2+    1 5g0  
                                   1 5g4+    1 5g2+    1 5g0     1 5g4+    1 5g2+    1 5g0     1 5g4+    1 5g2+ 

   1.1   2 -2377.6991-5124.0981  1.003071 -0.009292  0.029103 -0.219874 -0.797323  0.038710 -0.262443 -0.120304 -0.380676  1.884641
                                -1.003714 -0.136866 -0.021872  0.000000 -0.000000  0.000000 -0.000000  0.000000 -0.000000 -0.000000
                                 0.000000 -0.000000  0.000000  0.000000 -0.000000 -0.000000  0.000000 -0.000000  0.000000  0.000000
                                -0.000000 -0.000000 -0.000000  0.000000 -0.000000  0.000000  0.000000 -0.000000

   2.1   2  -412.5618-1108.7145  0.024691  0.975455 -0.022679  0.598768  1.879375 -0.095912  0.790078  0.040272  1.100643 -4.520061
                                 1.882097  0.446834  0.053601 -0.000000  0.000000 -0.000000  0.000000 -0.000000  0.000000 -0.000000
                                -0.000000  0.000000 -0.000000 -0.000000  0.000000  0.000000 -0.000000  0.000000 -0.000000 -0.000000
                                 0.000000  0.000000  0.000000 -0.000000 -0.000000 -0.000000  0.000000  0.000000

   3.1   2   -97.4833 -392.5123 -0.003566  0.090336  0.976694 -1.053664 -3.271004  0.168606 -1.395695 -0.055506 -1.952767  8.016245
                                -3.343309 -0.866627 -0.096587 -0.000000  0.000000  0.000000 -0.000000  0.000000 -0.000000  0.000000
                                 0.000000 -0.000000  0.000000  0.000000 -0.000000 -0.000000  0.000000 -0.000000  0.000000  0.000000
                                -0.000000 -0.000000 -0.000000  0.000000 -0.000000  0.000000 -0.000000  0.000000

   4.1   2   -69.4932 -354.1141  0.000000  0.000000  0.000000  0.000000  0.000000 -0.000000  0.000000  0.000000  0.000000 -0.000000
                                 0.000000 -0.000000  0.000000  0.001196  1.000803  0.000004  0.002996  0.000049  0.041158  0.000014
                                 0.011999 -0.000431 -0.360641  0.000456  0.381539 -0.000085 -0.071397 -0.000005 -0.004106  0.000000
                                 0.000000 -0.000000 -0.000000 -0.000000  0.000000 -0.000000 -0.000000 -0.000000

   5.1   2   -69.4932 -354.1141 -0.000000 -0.000000 -0.000000 -0.000000 -0.000000  0.000000 -0.000000 -0.000000 -0.000000  0.000000
                                -0.000000  0.000000 -0.000000  1.000803 -0.001196  0.002996 -0.000004  0.041158 -0.000049  0.011999
                                -0.000014 -0.360641  0.000431  0.381539 -0.000456 -0.071397  0.000085 -0.004106  0.000005  0.000000
                                 0.000000  0.000000  0.000000 -0.000000 -0.000000  0.000000  0.000000  0.000000

   6.1   2   -22.3408 -169.5090 -0.014142 -0.124790 -0.046815  1.967261  4.052778 -0.217419  1.795255  0.166912  2.647870-11.401273
                                 5.041050  1.925755  0.148828 -0.000000 -0.000000 -0.000000  0.000000 -0.000000  0.000000 -0.000000
                                -0.000000  0.000000 -0.000000 -0.000000  0.000000  0.000000 -0.000000  0.000000 -0.000000 -0.000000
                                 0.000000  0.000000  0.000000 -0.000000 -0.000000 -0.000000  0.000000  0.000000

   7.1   2   -11.6692 -144.9679  0.000000  0.000000  0.000000  0.000000  0.000000 -0.000000  0.000000 -0.000000  0.000000 -0.000000
                                -0.000000  0.000000  0.000000  0.010100  0.000011  0.980243  0.001100 -0.061285 -0.000069 -0.016473
                                -0.000018  0.601654  0.000675 -0.635981 -0.000713  0.104368  0.000117  0.006937  0.000008 -0.000000
                                -0.000000  0.000000  0.000000  0.000000 -0.000000 -0.000000 -0.000000  0.000000

   8.1   2   -11.6692 -144.9679 -0.000000 -0.000000 -0.000000 -0.000000 -0.000000  0.000000 -0.000000 -0.000000 -0.000000  0.000000
                                -0.000000  0.000000 -0.000000 -0.000011  0.010100 -0.001100  0.980243  0.000069 -0.061285  0.000018
                                -0.016473 -0.000675  0.601654  0.000713 -0.635981 -0.000117  0.104368 -0.000008  0.006937  0.000000
                                -0.000000  0.000000 -0.000000  0.000000 -0.000000  0.000000 -0.000000  0.000000

   9.1   2    -5.0253  -74.3551  0.022830  0.149924  0.243926 -0.496504 -1.745629  0.127993 -1.121234 -0.371244 -2.019488  9.666449
                                -4.860003 -2.262770 -0.149008 -0.000000 -0.000000  0.000000 -0.000000  0.000000 -0.000000  0.000000
                                -0.000000 -0.000000  0.000000  0.000000 -0.000000 -0.000000  0.000000 -0.000000  0.000000 -0.000000
                                 0.000000 -0.000000  0.000000 -0.000000  0.000000 -0.000000  0.000000 -0.000000

  10.1   0    -1.7351  -49.1601 -0.000000 -0.000000 -0.000000  0.000000  0.000000 -0.000000  0.000000  0.000000  0.000000 -0.000000
                                 0.000000  0.000000  0.000000  0.000522  0.000000  0.058870  0.000004  1.130793  0.000075  0.232368
                                 0.000015 -0.385049 -0.000025  0.533725  0.000035 -0.229256 -0.000015 -0.005079 -0.000000  0.000000
                                 0.000000  0.000000  0.000000  0.000000 -0.000000  0.000000 -0.000000 -0.000000

  11.1   0    -1.7351  -49.1601  0.000000  0.000000  0.000000  0.000000  0.000000 -0.000000  0.000000  0.000000 -0.000000  0.000000
                                 0.000000 -0.000000 -0.000000 -0.000000  0.000522 -0.000004  0.058870 -0.000075  1.130793 -0.000015
                                 0.232368  0.000025 -0.385049 -0.000035  0.533725  0.000015 -0.229256  0.000000 -0.005079  0.000000
                                 0.000000 -0.000000 -0.000000 -0.000000 -0.000000 -0.000000 -0.000000 -0.000000

                                   1 2px     1 2px     1 2px     1 2px     1 2px     1 2px     1 2px     1 2px     1 2px     1 2px  
                                   1 4f1+    1 4f3+    1 4f1+    1 4f3+    1 4f1+    1 4f3+    1 4f1+    1 4f3+ 

   1.2   2  -384.5112-1068.8605  1.004111  0.011152  0.239560  0.499353 -0.061358 -0.042149 -0.890795  0.345714  0.004567 -0.000382
                                 0.000000  0.000000 -0.000000 -0.000000  0.000000  0.000000 -0.000000 -0.000000

   2.2   2   -87.4050 -378.2606  0.024279  0.907516 -0.501606 -1.028402  0.125983  0.084215  1.848339 -0.712979 -0.031534  0.000837
                                 0.000000  0.000000 -0.000000 -0.000000 -0.000000  0.000000  0.000000 -0.000000

   3.2   2   -18.4390 -161.5847  0.002170  0.174785  1.670080  1.524631 -0.183999 -0.107230 -2.827596  1.053871  0.147151 -0.001667
                                -0.000000 -0.000000  0.000000  0.000000 -0.000000 -0.000000  0.000000  0.000000

   4.2   2    -3.7937  -67.3964  0.007029  0.118498  0.513012  0.087493 -0.057163  0.068658 -2.046546  0.717766  0.043311 -0.001637
                                -0.000000 -0.000000  0.000000  0.000000  0.000000 -0.000000 -0.000000 -0.000000

   5.2   2    -3.6602 -118.2659  0.000000  0.000000  0.000000  0.000000  0.000000  0.000000 -0.000000  0.000000 -0.000000  0.000000
                                -0.560038  0.821398 -0.011589  0.016997  0.005407 -0.007930 -0.001619  0.002375

   6.2   2    -3.6602 -118.2659 -0.000000 -0.000000 -0.000000 -0.000000 -0.000000 -0.000000  0.000000 -0.000000  0.000000 -0.000000
                                 0.821398  0.560038  0.016997  0.011589 -0.007930 -0.005407  0.002375  0.001619

   7.2   0    -1.2191  -29.0685 -0.004128 -0.016771 -0.118270 -0.132355  1.130236  0.354534  2.625005  1.069089 -3.359059 -0.009835
                                 0.000000  0.000000  0.000000  0.000000  0.000000  0.000000  0.000000  0.000000

   8.2   0    -0.7921  -23.9876 -0.000000 -0.000000 -0.000000 -0.000000 -0.000000  0.000000  0.000000  0.000000 -0.000000 -0.000000
                                -0.107056 -0.001483  0.127720  0.001769  0.542319  0.007512  0.530128  0.007343

                                   1 2py     1 2py     1 2py     1 2py     1 2py     1 2py     1 2py     1 2py     1 2py     1 2py  
                                   1 4f1-    1 4f3-    1 4f1-    1 4f3-    1 4f1-    1 4f3-    1 4f1-    1 4f3- 

   1.3   2  -384.5112-1068.8605  1.004111  0.011152  0.239560  0.499353 -0.061358 -0.042149 -0.890795  0.345714  0.004567 -0.000382
                                 0.000000 -0.000000 -0.000000  0.000000  0.000000 -0.000000 -0.000000  0.000000

   2.3   2   -87.4050 -378.2606  0.024279  0.907516 -0.501606 -1.028402  0.125983  0.084215  1.848339 -0.712979 -0.031534  0.000837
                                 0.000000 -0.000000 -0.000000  0.000000 -0.000000 -0.000000  0.000000  0.000000

   3.3   2   -18.4390 -161.5847  0.002170  0.174785  1.670080  1.524631 -0.183999 -0.107230 -2.827596  1.053871  0.147151 -0.001667
                                -0.000000  0.000000  0.000000 -0.000000 -0.000000  0.000000  0.000000 -0.000000

   4.3   2    -3.7937  -67.3964  0.007029  0.118498  0.513012  0.087493 -0.057163  0.068658 -2.046546  0.717766  0.043311 -0.001637
                                -0.000000  0.000000  0.000000 -0.000000  0.000000  0.000000 -0.000000  0.000000

   5.3   2    -3.6602 -118.2659 -0.000000 -0.000000 -0.000000 -0.000000 -0.000000 -0.000000  0.000000 -0.000000  0.000000 -0.000000
                                 0.606691  0.787568  0.012554  0.016297 -0.005858 -0.007604  0.001754  0.002277

   6.3   2    -3.6602 -118.2659 -0.000000 -0.000000 -0.000000 -0.000000 -0.000000 -0.000000  0.000000 -0.000000  0.000000 -0.000000
                                 0.787568 -0.606691  0.016297 -0.012554 -0.007604  0.005858  0.002277 -0.001754

   7.3   0    -1.2191  -29.0685 -0.004128 -0.016771 -0.118270 -0.132355  1.130236  0.354534  2.625005  1.069089 -3.359059 -0.009835
                                 0.000000 -0.000000  0.000000 -0.000000  0.000000 -0.000000  0.000000 -0.000000

   8.3   0    -0.7921  -23.9876 -0.000000 -0.000000 -0.000000 -0.000000 -0.000000  0.000000  0.000000  0.000000 -0.000000 -0.000000
                                -0.107061  0.001108  0.127726 -0.001322  0.542342 -0.005612  0.530151 -0.005486

                                   1 3d2-    1 3d2-    1 3d2-    1 3d2-    1 3d2-    1 3d2-    1 3d2-    1 3d2-    1 5g2-    1 5g4- 
                                   1 5g2-    1 5g4-    1 5g2-    1 5g4- 

   1.4   2   -69.4932 -354.1141  1.000804  0.002996  0.041158  0.011999 -0.360642  0.381539 -0.071397 -0.004106 -0.000000 -0.000000
                                 0.000000  0.000000 -0.000000 -0.000000

   2.4   2   -11.6692 -144.9679  0.010100  0.980244 -0.061285 -0.016473  0.601654 -0.635981  0.104368  0.006937  0.000000 -0.000000
                                -0.000000  0.000000  0.000000 -0.000000

   3.4   0    -1.7351  -49.1601  0.000522  0.058870  1.130793  0.232368 -0.385049  0.533725 -0.229256 -0.005079 -0.000000  0.000000
                                -0.000000 -0.000000 -0.000000 -0.000000

   4.4   0    -0.8476  -23.4900  0.020860  0.353964  0.841852  1.260535  0.255447  0.541065 -1.388754 -0.005069  0.000000 -0.000000
                                -0.000000  0.000000 -0.000000  0.000000

                                   1 2pz     1 2pz     1 2pz     1 2pz     1 2pz     1 2pz     1 2pz     1 2pz     1 2pz     1 2pz  
                                   1 4f0     1 4f2+    1 4f0     1 4f2+    1 4f0     1 4f2+    1 4f0     1 4f2+ 

   1.5   2  -384.5112-1068.8605  1.004111  0.011152  0.239560  0.499353 -0.061358 -0.042149 -0.890795  0.345714  0.004567 -0.000382
                                -0.000000 -0.000000  0.000000  0.000000 -0.000000 -0.000000  0.000000  0.000000

   2.5   2   -87.4050 -378.2606  0.024279  0.907516 -0.501606 -1.028402  0.125983  0.084215  1.848339 -0.712979 -0.031534  0.000837
                                -0.000000  0.000000  0.000000 -0.000000 -0.000000  0.000000  0.000000 -0.000000

   3.5   2   -18.4390 -161.5847  0.002170  0.174785  1.670080  1.524631 -0.183999 -0.107230 -2.827596  1.053871  0.147151 -0.001667
                                 0.000000  0.000000 -0.000000 -0.000000  0.000000  0.000000 -0.000000 -0.000000

   4.5   2    -3.7937  -67.3964 -0.007029 -0.118498 -0.513012 -0.087493  0.057163 -0.068658  2.046546 -0.717766 -0.043311  0.001637
                                -0.000000 -0.000000  0.000000 -0.000000  0.000000 -0.000000 -0.000000  0.000000

   5.5   2    -3.6602 -118.2659 -0.000000 -0.000000 -0.000000 -0.000000 -0.000000 -0.000000  0.000000 -0.000000  0.000000 -0.000000
                                -0.001108  0.994151 -0.000023  0.020572  0.000011 -0.009598 -0.000003  0.002874

   6.5   2    -3.6602 -118.2659  0.000000  0.000000  0.000000  0.000000  0.000000  0.000000 -0.000000  0.000000 -0.000000 -0.000000
                                 0.994151  0.001108  0.020572  0.000023 -0.009598 -0.000011  0.002874  0.000003

   7.5   0    -1.2191  -29.0685 -0.004128 -0.016771 -0.118270 -0.132355  1.130236  0.354534  2.625005  1.069089 -3.359059 -0.009835
                                -0.000000  0.000000 -0.000000 -0.000000 -0.000000 -0.000000 -0.000000  0.000000

   8.5   0    -0.7921  -23.9876  0.000000  0.000000  0.000000  0.000000  0.000000 -0.000000 -0.000000 -0.000000  0.000000  0.000000
                                -0.107066 -0.000399  0.127732  0.000476  0.542368  0.002020  0.530175  0.001975

                                   1 3d1+    1 3d1+    1 3d1+    1 3d1+    1 3d1+    1 3d1+    1 3d1+    1 3d1+    1 5g1+    1 5g3+ 
                                   1 5g1+    1 5g3+    1 5g1+    1 5g3+ 

   1.6   2   -69.4932 -354.1141  1.000804  0.002996  0.041158  0.011999 -0.360642  0.381539 -0.071397 -0.004106 -0.000000 -0.000000
                                 0.000000  0.000000 -0.000000 -0.000000

   2.6   2   -11.6692 -144.9679  0.010100  0.980244 -0.061285 -0.016473  0.601654 -0.635981  0.104368  0.006937 -0.000000  0.000000
                                 0.000000 -0.000000 -0.000000  0.000000

   3.6   0    -1.7351  -49.1601  0.000522  0.058870  1.130793  0.232368 -0.385049  0.533725 -0.229256 -0.005079  0.000000 -0.000000
                                 0.000000 -0.000000  0.000000  0.000000

   4.6   0    -0.8476  -23.4900  0.020860  0.353964  0.841852  1.260535  0.255447  0.541065 -1.388754 -0.005069 -0.000000  0.000000
                                 0.000000 -0.000000 -0.000000 -0.000000

                                   1 3d1-    1 3d1-    1 3d1-    1 3d1-    1 3d1-    1 3d1-    1 3d1-    1 3d1-    1 5g1-    1 5g3- 
                                   1 5g1-    1 5g3-    1 5g1-    1 5g3- 

   1.7   2   -69.4932 -354.1141  1.000804  0.002996  0.041158  0.011999 -0.360642  0.381539 -0.071397 -0.004106 -0.000000  0.000000
                                 0.000000 -0.000000 -0.000000  0.000000

   2.7   2   -11.6692 -144.9679  0.010100  0.980244 -0.061285 -0.016473  0.601654 -0.635981  0.104368  0.006937 -0.000000 -0.000000
                                 0.000000  0.000000 -0.000000 -0.000000

   3.7   0    -1.7351  -49.1601  0.000522  0.058870  1.130793  0.232368 -0.385049  0.533725 -0.229256 -0.005079  0.000000  0.000000
                                 0.000000  0.000000  0.000000 -0.000000

   4.7   0    -0.8476  -23.4900  0.020860  0.353964  0.841852  1.260535  0.255447  0.541065 -1.388754 -0.005069 -0.000000 -0.000000
                                 0.000000  0.000000 -0.000000  0.000000

                                   1 4f2-    1 4f2-    1 4f2-    1 4f2- 

   1.8   2    -3.6602 -118.2659  0.994152  0.020572 -0.009598  0.002874

   2.8   0    -0.7921  -23.9876 -0.107066  0.127733  0.542372  0.530179

   3.8   0    -0.4366  -22.0533 -0.131658  0.184915  0.888024 -1.047661

 HOMO      6.2    -3.660225 =     -99.5998eV
 LUMO     10.1    -1.735062 =     -47.2134eV
 LUMO-HOMO         1.925163 =      52.3864eV


 **********************************************************************************************************************************
 DATASETS  * FILE   NREC   LENGTH (MB)   RECORD NAMES
              1      22       20.53       500      610      700      900      950      970     1000      129      960     1700   
                                          VAR    BASINP    GEOM    SYMINP    ZMAT    AOBASIS   BASIS     P2S    ABASIS    OPER   
                                         1101     1401     1411     1412     1650     1100     1400     1410     1200     1210   
                                          SR      EKINR    POTR     PVPR    MOLCAS      S      EKIN      POT      H0       H01  
                                         1080     1600   
                                         AOSYM     SMH  

              2       5        5.45       200      700     1000      520     4202   
                                        OPTIONS   GEOM     BASIS   MCVARS     RHF  

 PROGRAMS   *        TOTAL       RHF       INT
 CPU TIMES  *        20.03      0.10     19.65
 REAL TIME  *        22.24 SEC
 DISK USED  *       197.02 MB      
 SF USED    *         0.01 MB      
 GA USED    *         0.00 MB       (max)       0.00 MB       (current)
 **********************************************************************************************************************************


 PROGRAM * POP (Mulliken population analysis)

 
 Density matrix read from record         4202.2  Type=RHF/CHARGE (state 1.1)
 
 Population analysis by basis function type

 Unique atom        s        p        d        f        g    Total    Charge
   1  TA     10.00000 24.00000 20.00000 14.00000  0.00000 68.00000  + 5.00000


 **********************************************************************************************************************************
 DATASETS  * FILE   NREC   LENGTH (MB)   RECORD NAMES
              1      22       20.53       500      610      700      900      950      970     1000      129      960     1700   
                                          VAR    BASINP    GEOM    SYMINP    ZMAT    AOBASIS   BASIS     P2S    ABASIS    OPER   
                                         1101     1401     1411     1412     1650     1100     1400     1410     1200     1210   
                                          SR      EKINR    POTR     PVPR    MOLCAS      S      EKIN      POT      H0       H01  
                                         1080     1600   
                                         AOSYM     SMH  

              2       5        5.45       200      700     1000      520     4202   
                                        OPTIONS   GEOM     BASIS   MCVARS     RHF  

 PROGRAMS   *        TOTAL       POP       RHF       INT
 CPU TIMES  *        20.03      0.00      0.10     19.65
 REAL TIME  *        22.24 SEC
 DISK USED  *       197.02 MB      
 SF USED    *         0.01 MB      
 GA USED    *         0.00 MB       (max)       0.00 MB       (current)
 **********************************************************************************************************************************
 SETTING BASIS          =    USERDEF


 Recomputing integrals since basis changed


 Using spherical harmonics



 PROGRAM * SEWARD (Integral evaluation for generally contracted gaussian basis sets)     Author: Roland Lindh, 1990

 Geometry written to block  1 of record 700

 Orientation using atomic masses  
 Molecule type: Atom
 Symmetry elements: X,Y,Z
 Rotational constants:       0.0000000      0.0000000      0.0000000 GHz  (calculated with average atomic masses)

 Point group  D2h 



 ATOMIC COORDINATES

 NR  ATOM    CHARGE       X              Y              Z

   1  TA     73.00    0.000000000    0.000000000    0.000000000

 NUCLEAR CHARGE:                   73
 NUMBER OF PRIMITIVE AOS:         455
 NUMBER OF SYMMETRY AOS:          370
 NUMBER OF CONTRACTIONS:          370   (  88Ag  +  61B3u +  61B2u +  28B1g +  61B1u +  28B2g +  28B3g +  15Au  )
 NUMBER OF CORE ORBITALS:          34   (   9Ag  +   6B3u +   6B2u +   2B1g +   6B1u +   2B2g +   2B3g +   1Au  )
 NUMBER OF VALENCE ORBITALS:        6   (   3Ag  +   0B3u +   0B2u +   1B1g +   0B1u +   1B2g +   1B3g +   0Au  )


 NUCLEAR REPULSION ENERGY    0.00000000

 One-electron integrals computed with SEWARD

 10nd-order Douglas-Kroll-Hess method activated. McWeeny DKH parametrization is used.

 Computing Douglas-Kroll / X2C integrals

 AO integral compression algorithm  1   Integral accuracy      1.0D-15

     2357.461 MB (compressed) written to integral file ( 47.5%)

     Node minimum: 618.922 MB, node maximum: 1042.809 MB


 NUMBER OF SORTED TWO-ELECTRON INTEGRALS:  101359485.     BUFFER LENGTH:  32768
 NUMBER OF SEGMENTS:   4  SEGMENT LENGTH:   31999029      RECORD LENGTH: 524288

 Memory used in sort:      32.56 MW

 SORT1 READ   620842336. AND WROTE    63934281. INTEGRALS IN    185 RECORDS. CPU TIME:    11.39 SEC, REAL TIME:    13.60 SEC
 SORT2 READ   190733767. AND WROTE   304061875. INTEGRALS IN   7083 RECORDS. CPU TIME:     1.51 SEC, REAL TIME:     2.55 SEC

 Node minimum:   101278730.  Node maximum:   101423660. integrals

 OPERATOR DM      FOR CENTER  0  COORDINATES:    0.000000    0.000000    0.000000

 EXTRA SYMMETRY OF AOS IN SYMMETRY 1:   1 1 1 1 1 1 1 1 1 1   1 1 1 1 1 1 1 1 1 1   1 1 1 1 1 1 1 1 1 1   1 1 1 1 1 1 1 1 1 1
                                        1 1 1 1 1 1 1 1 1 1   1 1 1 1 1 1 1 1 1 1   1 1 1 1 1 1 1 1 1 1   1 1 1 1 1 1 1 1 1 2
                                        3 4 2 3 4 2 3 4
 EXTRA SYMMETRY OF AOS IN SYMMETRY 2:   1 1 1 1 1 1 1 1 1 1   1 1 1 1 1 1 1 1 1 1   1 1 1 1 1 1 1 1 1 1   1 2 3 2 3 2 3 2 3 2
                                        3 2 3 2 3 2 3 2 3 2   3 2 3 2 3 2 3 2 3 2   3
 EXTRA SYMMETRY OF AOS IN SYMMETRY 3:   1 1 1 1 1 1 1 1 1 1   1 1 1 1 1 1 1 1 1 1   1 1 1 1 1 1 1 1 1 1   1 2 3 2 3 2 3 2 3 2
                                        3 2 3 2 3 2 3 2 3 2   3 2 3 2 3 2 3 2 3 2   3
 EXTRA SYMMETRY OF AOS IN SYMMETRY 4:   1 1 1 1 1 1 1 1 1 1   1 1 1 1 1 1 1 1 1 1   1 1 2 3 2 3 2 3
 EXTRA SYMMETRY OF AOS IN SYMMETRY 5:   1 1 1 1 1 1 1 1 1 1   1 1 1 1 1 1 1 1 1 1   1 1 1 1 1 1 1 1 1 1   1 2 3 2 3 2 3 2 3 2
                                        3 2 3 2 3 2 3 2 3 2   3 2 3 2 3 2 3 2 3 2   3
 EXTRA SYMMETRY OF AOS IN SYMMETRY 6:   1 1 1 1 1 1 1 1 1 1   1 1 1 1 1 1 1 1 1 1   1 1 2 3 2 3 2 3
 EXTRA SYMMETRY OF AOS IN SYMMETRY 7:   1 1 1 1 1 1 1 1 1 1   1 1 1 1 1 1 1 1 1 1   1 1 2 3 2 3 2 3

 Eigenvalues of metric

         1 0.694E-06 0.139E-04 0.139E-04 0.237E-04 0.481E-04 0.143E-03 0.143E-03 0.146E-03
         2 0.469E-06 0.114E-04 0.100E-03 0.100E-03 0.132E-03 0.442E-03 0.112E-02 0.146E-02
         3 0.469E-06 0.114E-04 0.100E-03 0.100E-03 0.132E-03 0.442E-03 0.112E-02 0.146E-02
         4 0.139E-04 0.143E-03 0.607E-03 0.227E-02 0.654E-02 0.151E-01 0.281E-01 0.503E-01
         5 0.469E-06 0.114E-04 0.100E-03 0.100E-03 0.132E-03 0.442E-03 0.112E-02 0.146E-02
         6 0.139E-04 0.143E-03 0.607E-03 0.227E-02 0.654E-02 0.151E-01 0.281E-01 0.503E-01
         7 0.139E-04 0.143E-03 0.607E-03 0.227E-02 0.654E-02 0.151E-01 0.281E-01 0.503E-01
         8 0.100E-03 0.146E-02 0.736E-02 0.189E-01 0.417E-01 0.101E+00 0.199E+00 0.345E+00


 **********************************************************************************************************************************
 DATASETS  * FILE   NREC   LENGTH (MB)   RECORD NAMES
              1      22       21.46       500      610      700      900      950      970     1001      129      960     1700   
                                          VAR    BASINP    GEOM    SYMINP    ZMAT    AOBASIS   BASIS     P2S    ABASIS    OPER   
                                         1101     1401     1411     1412     1650     1100     1400     1410     1200     1210   
                                          SR      EKINR    POTR     PVPR    MOLCAS      S      EKIN      POT      H0       H01  
                                         1080     1600   
                                         AOSYM     SMH  

              2       6        5.57       200      700     1000      520     4202     1001   
                                        OPTIONS   GEOM     BASIS   MCVARS     RHF     BASIS   

 PROGRAMS   *        TOTAL       INT       POP       RHF       INT
 CPU TIMES  *       202.47    182.43      0.00      0.10     19.65
 REAL TIME  *       209.74 SEC
 DISK USED  *         4.71 GB      
 SF USED    *         0.01 MB      
 GA USED    *         0.00 MB       (max)       0.00 MB       (current)
 **********************************************************************************************************************************


 PROGRAM * MULTI (Direct Multiconfiguration SCF)       Authors: P.J. Knowles, H.-J. Werner (1984)     S.T. Elbert (1988)


 Number of closed-shell orbitals:  34 (   9   6   6   2   6   2   2   1 )
 Number of active  orbitals:        0 (   0   0   0   0   0   0   0   0 )
 Number of external orbitals:     336 (  79  55  55  26  55  26  26  14 )

 State symmetry 1

 Number of electrons:     0    Spin symmetry=Singlet   Space symmetry=1
 Number of states:        1
 Number of CSFs:          1   (1 determinants, 1 intermediate states)

 State symmetry 1

 Number of electrons:   -68    Spin symmetry=Singlet   Space symmetry=1
 Number of states:        1
 Number of CSFs:          0   (1 determinants, 0 intermediate states)

 Molecular orbitals read from record     4202.2  Type=RHF/CANONICAL (state 1.1)
 
 Present basis size:      88  61  61  28  61  28  28  15
 Previous basis size:     38  18  18  14  18  14  14   4
 Previous occupation:      9   6   6   2   6   2   2   1
 Previous closed-shells:   9   6   6   2   6   2   2   1
 Previous core-orbitals:   9   6   6   2   6   2   2   1
 Present occupation:       9   6   6   2   6   2   2   1
 Present closed-shells:    9   6   6   2   6   2   2   1
 Present core-orbitals:    9   6   6   2   6   2   2   1
 Wavefunction symmetry:    1   Singlet 

 Orbital overlap <old|new>:  < 1.1| 1.1> = 1.000000   < 2.1| 2.1> = 1.000000   < 3.1| 3.1> = 1.000000   < 4.1| 4.1> = 1.000000
                             < 5.1| 5.1> = 1.000000   < 6.1| 6.1> = 1.000000   < 7.1| 7.1> = 1.000000   < 8.1| 8.1> = 1.000000
                             < 9.1| 9.1> = 1.000000   < 1.2| 1.2> = 1.000000   < 2.2| 2.2> = 1.000000   < 3.2| 3.2> = 1.000000
                             < 4.2| 4.2> = 1.000000   < 5.2| 5.2> = 1.000000   < 6.2| 6.2> = 1.000000   < 1.3| 1.3> = 1.000000
                             < 2.3| 2.3> = 1.000000   < 3.3| 3.3> = 1.000000   < 4.3| 4.3> = 1.000000   < 5.3| 5.3> = 1.000000
                             < 6.3| 6.3> = 1.000000   < 1.4| 1.4> = 1.000000   < 2.4| 2.4> = 1.000000   < 1.5| 1.5> = 1.000000
                             < 2.5| 2.5> = 1.000000   < 3.5| 3.5> = 1.000000   < 4.5| 4.5> = 1.000000   < 5.5| 5.5> = 1.000000
                             < 6.5| 6.5> = 1.000000   < 1.6| 1.6> = 1.000000   < 2.6| 2.6> = 1.000000   < 1.7| 1.7> = 1.000000
                             < 2.7| 2.7> = 1.000000   < 1.8| 1.8> = 1.000000

 EXTRA SYMMETRY OF MOS IN SYMMETRY 1:   1 1 1 1 1 1 1 1 1 1   1 1 1 1 1 1 1 3 4 2   1 1 1 1 1 1 4 2 3 1   1 1 1 1 1 3 4 2 1 1
                                        1 1 1 1 1 1 1 1 1 1   1 1 1 1 1 1 1 1 1 1   1 1 1 1 1 1 1 1 1 1   1 1 1 1 1 1 1 1 1 1
                                        1 1 1 1 1 1 1 1
 *** IN SYMMETRY 2 ORBITAL  5 SYMMETRY CONTAMINATION OF 0.405D+00 HAS BEEN REMOVED
 *** IN SYMMETRY 2 ORBITAL  6 SYMMETRY CONTAMINATION OF 0.405D+00 HAS BEEN REMOVED
 EXTRA SYMMETRY OF MOS IN SYMMETRY 2:   1 1 1 1 3 2 1 3 2 3   2 1 3 2 1 3 2 1 3 2   1 3 2 1 2 3 2 3 1 2   3 1 1 3 2 1 1 2 3 1
                                        1 2 3 1 2 3 1 3 2 1   1 1 1 1 1 1 1 1 1 1   1
 *** IN SYMMETRY 3 ORBITAL  5 SYMMETRY CONTAMINATION OF 0.435D+00 HAS BEEN REMOVED
 *** IN SYMMETRY 3 ORBITAL  6 SYMMETRY CONTAMINATION OF 0.435D+00 HAS BEEN REMOVED
 EXTRA SYMMETRY OF MOS IN SYMMETRY 3:   1 1 1 1 3 2 1 3 2 3   2 1 2 3 1 3 2 1 3 2   1 3 2 1 2 3 2 3 1 2   3 1 1 3 2 1 1 3 2 1
                                        1 2 3 1 3 2 1 3 2 1   1 1 1 1 1 1 1 1 1 1   1
 EXTRA SYMMETRY OF MOS IN SYMMETRY 4:   1 1 1 1 1 2 3 1 1 2   3 1 1 2 3 1 1 1 1 1   1 1 1 1 1 1 1 1
 *** IN SYMMETRY 5 ORBITAL  5 SYMMETRY CONTAMINATION OF 0.111D-02 HAS BEEN REMOVED
 *** IN SYMMETRY 5 ORBITAL  6 SYMMETRY CONTAMINATION OF 0.111D-02 HAS BEEN REMOVED
 EXTRA SYMMETRY OF MOS IN SYMMETRY 5:   1 1 1 1 3 2 1 2 3 3   2 1 3 2 1 2 3 1 2 3   1 3 2 1 3 2 2 3 1 3   2 1 1 2 3 1 1 3 2 1
                                        1 2 3 1 2 3 1 2 3 1   1 1 1 1 1 1 1 1 1 1   1
 EXTRA SYMMETRY OF MOS IN SYMMETRY 6:   1 1 1 1 1 3 2 1 1 2   3 1 1 2 3 1 1 1 1 1   1 1 1 1 1 1 1 1
 EXTRA SYMMETRY OF MOS IN SYMMETRY 7:   1 1 1 1 1 2 3 1 1 2   3 1 1 2 3 1 1 1 1 1   1 1 1 1 1 1 1 1

 Wavefunction dump at record             5202.2

 Convergence thresholds  0.10E-01 (gradient)  0.14E-05 (energy)  0.10E-02 (step length)

 Number of orbital rotations:     1871   (     0 Core/Active   1871 Core/Virtual   0 Active/Active      0 Active/Virtual)
 Total number of variables:       1872


 ITER. MIC  NCI  NEG     ENERGY(VAR)     ENERGY(PROJ)   ENERGY CHANGE     GRAD(0)  GRAD(ORB)   GRAD(CI)     STEP       TIME

   1   43    4    0  -15220.76743528  -15599.04432715 -378.27689186   *********** 0.06521725 0.00000000  0.32D+00      2.30
   2   50    4    0  -15597.24686674  -15597.32737179   -0.08050504   11.13548266 0.00053224 0.00000000  0.36D-01      4.59
   3   40    4    0  -15597.32768563  -15597.32769028   -0.00000465    0.01912533 0.00003650 0.00000000  0.44D-03      6.96
   4   40    4    0  -15597.32769029  -15597.32769029   -0.00000000    0.00003678 0.00000005 0.00000000  0.11D-05      9.30

 ** WVFN ****  CONVERGENCE REACHED, FINAL GRADIENT:  0.47D-07


 First order charge density matrix for state 1.1 saved on record  5202.2 (density set 1)

 Results for state 1.1
 =====================

 !MCSCF STATE 1.1 Energy             -15597.3276902852    
 Nuclear energy                         0.00000000
 Kinetic energy                     21850.42623495
 One electron energy               -21269.25542657
 Two electron energy                 5671.92773629
 Virial ratio                           1.71382258

 !MCSCF STATE 1.1 Dipole moment         0.00000000     0.00000000     0.00000000
 Dipole moment /Debye                   0.00000000     0.00000000     0.00000000


 NATURAL ORBITALS
 ================

   Orb     Occ        Energy       Coefficients

                                   1 1s      1 1s      1 1s      1 1s      1 1s      1 1s      1 1s      1 1s      1 1s      1 1s   
                                   1 1s      1 1s      1 1s      1 1s      1 1s      1 1s      1 1s      1 1s      1 1s      1 1s   
                                   1 1s      1 1s      1 1s      1 1s      1 1s      1 1s      1 1s      1 1s      1 1s      1 1s   
                                   1 1s      1 1s      1 1s      1 1s      1 1s      1 3d0     1 3d2+    1 3d0     1 3d2+    1 3d0  
                                   1 3d2+    1 3d0     1 3d2+    1 3d0     1 3d2+    1 3d0     1 3d2+    1 3d0     1 3d2+    1 3d0  
                                   1 3d2+    1 3d0     1 3d2+    1 3d0     1 3d2+    1 3d0     1 3d2+    1 3d0     1 3d2+    1 3d0  
                                   1 3d2+    1 3d0     1 3d2+    1 3d0     1 3d2+    1 3d0     1 3d2+    1 3d0     1 3d2+    1 3d0  
                                   1 3d2+    1 3d0     1 3d2+    1 3d0     1 3d2+    1 3d0     1 3d2+    1 3d0     1 3d2+    1 5g0  
                                   1 5g4+    1 5g2+    1 5g0     1 5g4+    1 5g2+    1 5g0     1 5g4+    1 5g2+ 

   1.1  2.00000 -2493.131728     0.000015  0.000042  0.000113  0.000255  0.000526  0.001001  0.001823  0.003218  0.005605  0.009712
                                 0.016883  0.029528  0.051948  0.091004  0.154442  0.238051  0.293120  0.229228  0.079043  0.006386
                                 0.000439 -0.000226  0.000084 -0.000084  0.000066 -0.000066 -0.000195  0.000038  0.000015 -0.000001
                                 0.000001 -0.000000  0.000213 -0.000030  0.000000  0.000000 -0.000000 -0.000000 -0.000000  0.000000
                                -0.000000 -0.000000  0.000000  0.000000 -0.000000 -0.000000  0.000000  0.000000 -0.000000 -0.000000
                                 0.000000  0.000000 -0.000000  0.000000  0.000000 -0.000000 -0.000000 -0.000000 -0.000000  0.000000
                                 0.000000  0.000000  0.000000 -0.000000 -0.000000 -0.000000 -0.000000  0.000000  0.000000 -0.000000
                                -0.000000  0.000000  0.000000 -0.000000 -0.000000  0.000000  0.000000  0.000000 -0.000000  0.000000
                                 0.000000  0.000000  0.000000  0.000000  0.000000  0.000000  0.000000  0.000000

   2.1  2.00000  -435.197485    -0.000006 -0.000016 -0.000043 -0.000096 -0.000198 -0.000378 -0.000690 -0.001221 -0.002134 -0.003720
                                -0.006526 -0.011577 -0.020816 -0.037779 -0.067916 -0.115461 -0.166043 -0.148001  0.063141  0.425743
                                 0.481511  0.172796  0.013928  0.000317  0.000022 -0.000441 -0.001321  0.000291  0.000119 -0.000008
                                 0.000005 -0.000002  0.001402 -0.000236  0.000001  0.000000 -0.000000  0.000000  0.000000 -0.000000
                                 0.000000  0.000000  0.000000  0.000000  0.000000 -0.000000  0.000000  0.000000  0.000000 -0.000000
                                 0.000000  0.000000 -0.000000 -0.000000 -0.000000  0.000000  0.000000  0.000000  0.000000 -0.000000
                                -0.000000 -0.000000 -0.000000  0.000000  0.000000  0.000000  0.000000 -0.000000 -0.000000  0.000000
                                 0.000000 -0.000000 -0.000000  0.000000  0.000000 -0.000000 -0.000000 -0.000000  0.000000  0.000000
                                 0.000000  0.000000  0.000000  0.000000  0.000000  0.000000  0.000000  0.000000

   3.1  2.00000  -103.570791     0.000003  0.000007  0.000020  0.000046  0.000094  0.000179  0.000327  0.000579  0.001012  0.001767
                                 0.003104  0.005519  0.009959  0.018181  0.033005  0.057083  0.084521  0.077702 -0.050259 -0.356925
                                -0.538337 -0.061869  0.730922  0.541116  0.073230  0.012948  0.030851 -0.006453 -0.002625  0.000175
                                -0.000104  0.000044 -0.032884  0.005225 -0.000012 -0.000000 -0.000000 -0.000000  0.000000 -0.000000
                                -0.000000 -0.000000  0.000000 -0.000000  0.000000  0.000000  0.000000 -0.000000  0.000000  0.000000
                                -0.000000 -0.000000 -0.000000  0.000000  0.000000 -0.000000 -0.000000  0.000000  0.000000 -0.000000
                                 0.000000  0.000000  0.000000 -0.000000 -0.000000 -0.000000 -0.000000  0.000000  0.000000 -0.000000
                                -0.000000  0.000000  0.000000 -0.000000 -0.000000  0.000000  0.000000  0.000000 -0.000000  0.000000
                                 0.000000  0.000000  0.000000  0.000000  0.000000  0.000000  0.000000  0.000000

   4.1  2.00000   -68.295107    -0.000000  0.000000  0.000000  0.000000  0.000000  0.000000  0.000000  0.000000  0.000000  0.000000
                                 0.000000 -0.000000  0.000000 -0.000000  0.000000 -0.000000  0.000000 -0.000000  0.000000 -0.000000
                                 0.000000 -0.000000  0.000000 -0.000000  0.000000 -0.000000 -0.000000  0.000000  0.000000 -0.000000
                                 0.000000 -0.000000  0.000000 -0.000000  0.000000  0.000024  0.000003  0.000147  0.000020  0.000832
                                 0.000114  0.003864  0.000530  0.014858  0.002039  0.045607  0.006258  0.113687  0.015599  0.219712
                                 0.030147  0.317586  0.043576  0.303527  0.041647  0.152970  0.020989  0.034164  0.004688  0.002239
                                 0.000307 -0.000711 -0.000098  0.000267  0.000037  0.000218  0.000030 -0.000016 -0.000002  0.000005
                                 0.000001 -0.000002 -0.000000  0.001361  0.000187 -0.000286 -0.000039  0.000001  0.000000  0.000000
                                 0.000000  0.000000  0.000000  0.000000  0.000000  0.000000  0.000000  0.000000

   5.1  2.00000   -68.295107     0.000000 -0.000000  0.000000 -0.000000  0.000000 -0.000000  0.000000 -0.000000  0.000000 -0.000000
                                 0.000000 -0.000000  0.000000 -0.000000  0.000000 -0.000000  0.000000 -0.000000  0.000000 -0.000000
                                 0.000000 -0.000000  0.000000 -0.000000  0.000000 -0.000000 -0.000000  0.000000  0.000000 -0.000000
                                 0.000000 -0.000000  0.000000 -0.000000  0.000000 -0.000003  0.000024 -0.000020  0.000147 -0.000114
                                 0.000832 -0.000530  0.003864 -0.002039  0.014858 -0.006258  0.045607 -0.015599  0.113687 -0.030147
                                 0.219712 -0.043576  0.317586 -0.041647  0.303527 -0.020989  0.152970 -0.004688  0.034164 -0.000307
                                 0.002239  0.000098 -0.000711 -0.000037  0.000267 -0.000030  0.000218  0.000002 -0.000016 -0.000001
                                 0.000005  0.000000 -0.000002 -0.000187  0.001361  0.000039 -0.000286 -0.000000  0.000001  0.000000
                                 0.000000  0.000000  0.000000  0.000000  0.000000  0.000000  0.000000  0.000000

   6.1  2.00000   -23.965621    -0.000001 -0.000004 -0.000010 -0.000022 -0.000046 -0.000088 -0.000160 -0.000283 -0.000496 -0.000866
                                -0.001521 -0.002706 -0.004888 -0.008932 -0.016264 -0.028217 -0.042147 -0.038897  0.027228  0.201921
                                 0.324764  0.036446 -0.764110 -0.732850  0.497241  0.903563  0.252454 -0.029182 -0.014812  0.001065
                                -0.000634  0.000267 -0.043902  0.030412 -0.000072  0.000000  0.000000  0.000000 -0.000000 -0.000000
                                 0.000000  0.000000  0.000000 -0.000000  0.000000  0.000000  0.000000 -0.000000  0.000000  0.000000
                                 0.000000 -0.000000  0.000000  0.000000 -0.000000 -0.000000  0.000000  0.000000 -0.000000 -0.000000
                                -0.000000 -0.000000 -0.000000  0.000000  0.000000  0.000000  0.000000 -0.000000 -0.000000  0.000000
                                 0.000000 -0.000000 -0.000000  0.000000  0.000000 -0.000000 -0.000000  0.000000  0.000000  0.000000
                                 0.000000  0.000000  0.000000  0.000000  0.000000  0.000000  0.000000  0.000000

   7.1  2.00000   -11.498472     0.000000  0.000000  0.000000  0.000000  0.000000  0.000000  0.000000  0.000000  0.000000  0.000000
                                 0.000000  0.000000  0.000000  0.000000  0.000000  0.000000  0.000000  0.000000 -0.000000 -0.000000
                                -0.000000  0.000000  0.000000 -0.000000  0.000000 -0.000000 -0.000000  0.000000  0.000000 -0.000000
                                 0.000000 -0.000000  0.000000 -0.000000  0.000000 -0.000011 -0.000004 -0.000068 -0.000027 -0.000387
                                -0.000154 -0.001800 -0.000716 -0.006987 -0.002778 -0.021612 -0.008595 -0.054964 -0.021858 -0.106403
                                -0.042313 -0.149546 -0.059470 -0.103250 -0.041059  0.111413  0.044306  0.345133  0.137249  0.381829
                                 0.151842  0.199097  0.079175  0.041162  0.016369  0.005420  0.002155 -0.000196 -0.000078  0.000052
                                 0.000021 -0.000018 -0.000007  0.001679  0.000668 -0.005305 -0.002110  0.000005  0.000002  0.000000
                                 0.000000  0.000000  0.000000  0.000000  0.000000  0.000000  0.000000  0.000000

   8.1  2.00000   -11.498472    -0.000000  0.000000 -0.000000 -0.000000 -0.000000 -0.000000 -0.000000 -0.000000 -0.000000 -0.000000
                                -0.000000 -0.000000 -0.000000 -0.000000 -0.000000 -0.000000 -0.000000  0.000000  0.000000  0.000000
                                -0.000000 -0.000000 -0.000000  0.000000 -0.000000  0.000000  0.000000 -0.000000 -0.000000  0.000000
                                -0.000000  0.000000 -0.000000  0.000000 -0.000000  0.000004 -0.000011  0.000027 -0.000068  0.000154
                                -0.000387  0.000716 -0.001800  0.002778 -0.006987  0.008595 -0.021612  0.021858 -0.054964  0.042313
                                -0.106403  0.059470 -0.149546  0.041059 -0.103250 -0.044306  0.111413 -0.137249  0.345133 -0.151842
                                 0.381829 -0.079175  0.199097 -0.016369  0.041162 -0.002155  0.005420  0.000078 -0.000196 -0.000021
                                 0.000052  0.000007 -0.000018 -0.000668  0.001679  0.002110 -0.005305 -0.000002  0.000005  0.000000
                                 0.000000  0.000000  0.000000  0.000000  0.000000  0.000000  0.000000  0.000000

   9.1  2.00000    -5.274139     0.000001  0.000001  0.000004  0.000009  0.000019  0.000036  0.000065  0.000116  0.000203  0.000354
                                 0.000621  0.001105  0.001998  0.003650  0.006654  0.011546  0.017294  0.015946 -0.011326 -0.085371
                                -0.138953 -0.017081  0.376979  0.371865 -0.334162 -0.819297 -0.035458  0.768117  0.441468  0.019760
                                -0.008512  0.003210 -0.166297  0.197220 -0.000835  0.000000  0.000000 -0.000000 -0.000000 -0.000000
                                -0.000000 -0.000000 -0.000000 -0.000000 -0.000000 -0.000000 -0.000000 -0.000000 -0.000000 -0.000000
                                -0.000000 -0.000000  0.000000  0.000000  0.000000 -0.000000 -0.000000 -0.000000 -0.000000  0.000000
                                 0.000000  0.000000  0.000000 -0.000000 -0.000000 -0.000000 -0.000000  0.000000  0.000000 -0.000000
                                -0.000000  0.000000  0.000000 -0.000000 -0.000000  0.000000  0.000000 -0.000000 -0.000000  0.000000
                                 0.000000  0.000000  0.000000  0.000000  0.000000  0.000000  0.000000  0.000000

                                   1 2px     1 2px     1 2px     1 2px     1 2px     1 2px     1 2px     1 2px     1 2px     1 2px  
                                   1 2px     1 2px     1 2px     1 2px     1 2px     1 2px     1 2px     1 2px     1 2px     1 2px  
                                   1 2px     1 2px     1 2px     1 2px     1 2px     1 2px     1 2px     1 2px     1 2px     1 2px  
                                   1 2px     1 4f1+    1 4f3+    1 4f1+    1 4f3+    1 4f1+    1 4f3+    1 4f1+    1 4f3+    1 4f1+ 
                                   1 4f3+    1 4f1+    1 4f3+    1 4f1+    1 4f3+    1 4f1+    1 4f3+    1 4f1+    1 4f3+    1 4f1+ 
                                   1 4f3+    1 4f1+    1 4f3+    1 4f1+    1 4f3+    1 4f1+    1 4f3+    1 4f1+    1 4f3+    1 4f1+ 
                                   1 4f3+ 

   1.2  2.00000  -382.500734     0.000003  0.000007  0.000021  0.000056  0.000141  0.000341  0.000821  0.001991  0.004899  0.012167
                                 0.029918  0.070294  0.147905  0.256861  0.325608  0.248186  0.089513  0.010160  0.000518 -0.000249
                                 0.000105 -0.000374 -0.000211  0.000587  0.000013 -0.000002  0.000001 -0.000000  0.000429 -0.000540
                                 0.000000  0.000000  0.000000  0.000000  0.000000  0.000000  0.000000  0.000000  0.000000  0.000000
                                 0.000000  0.000000  0.000000  0.000000  0.000000  0.000000  0.000000  0.000000  0.000000  0.000000
                                 0.000000  0.000000  0.000000  0.000000  0.000000  0.000000  0.000000  0.000000  0.000000  0.000000
                                 0.000000

   2.2  2.00000   -87.555830    -0.000001 -0.000004 -0.000011 -0.000028 -0.000071 -0.000173 -0.000418 -0.001019 -0.002519 -0.006312
                                -0.015718 -0.037788 -0.082194 -0.149636 -0.194609 -0.092340  0.217942  0.493967  0.345635  0.080780
                                 0.007938 -0.003595 -0.002725  0.008242  0.000196 -0.000035  0.000014 -0.000005  0.005237 -0.007627
                                 0.000001  0.000000  0.000000  0.000000  0.000000  0.000000  0.000000  0.000000  0.000000  0.000000
                                 0.000000  0.000000  0.000000  0.000000  0.000000  0.000000  0.000000  0.000000  0.000000  0.000000
                                 0.000000  0.000000  0.000000  0.000000  0.000000  0.000000  0.000000  0.000000  0.000000  0.000000
                                 0.000000

   3.2  2.00000   -18.599375     0.000001  0.000002  0.000005  0.000014  0.000034  0.000084  0.000202  0.000494  0.001222  0.003069
                                 0.007668  0.018523  0.040641  0.074809  0.098129  0.035990 -0.164130 -0.396779 -0.214764  0.334079
                                 0.570648  0.317657  0.056117 -0.032287 -0.000615  0.000111 -0.000042  0.000016 -0.025929  0.031161
                                -0.000005  0.000000  0.000000  0.000000  0.000000  0.000000  0.000000  0.000000  0.000000  0.000000
                                 0.000000  0.000000  0.000000  0.000000  0.000000  0.000000  0.000000  0.000000  0.000000  0.000000
                                 0.000000  0.000000  0.000000  0.000000  0.000000  0.000000  0.000000  0.000000  0.000000  0.000000
                                 0.000000

   4.2  2.00000    -3.796167     0.000000  0.000001  0.000002  0.000005  0.000013  0.000032  0.000077  0.000187  0.000463  0.001161
                                 0.002907  0.007019  0.015453  0.028451  0.037514  0.012629 -0.067191 -0.167982 -0.078096  0.186794
                                 0.355161  0.147383 -0.361722 -0.229768 -0.254022 -0.006820  0.000258  0.000020  0.042140 -0.388416
                                -0.000015  0.000000  0.000000  0.000000  0.000000  0.000000  0.000000  0.000000  0.000000  0.000000
                                 0.000000  0.000000  0.000000  0.000000  0.000000  0.000000  0.000000  0.000000  0.000000  0.000000
                                 0.000000  0.000000  0.000000  0.000000  0.000000  0.000000  0.000000  0.000000  0.000000  0.000000
                                 0.000000

   5.2  2.00000    -3.605143     0.000000  0.000000  0.000000  0.000000  0.000000  0.000000  0.000000  0.000000  0.000000  0.000000
                                 0.000000  0.000000  0.000000  0.000000  0.000000  0.000000 -0.000000 -0.000000 -0.000000  0.000000
                                 0.000000  0.000000  0.000000 -0.000000 -0.000000 -0.000000 -0.000000  0.000000 -0.000000  0.000000
                                -0.000000  0.000000  0.000272  0.000000  0.002353  0.000000  0.012786  0.000000  0.044193  0.000000
                                 0.114397  0.000000  0.220261  0.000000  0.298310  0.000000  0.308101  0.000000  0.232201  0.000000
                                 0.114642  0.000000  0.021316  0.000000  0.010292  0.000000  0.006311  0.000000 -0.001650  0.000000
                                 0.000313

   6.2  2.00000    -3.605143     0.000000  0.000000  0.000000  0.000000  0.000000  0.000000  0.000000  0.000000  0.000000  0.000000
                                 0.000000  0.000000  0.000000  0.000000  0.000000  0.000000  0.000000  0.000000  0.000000 -0.000000
                                -0.000000 -0.000000 -0.000000 -0.000000 -0.000000 -0.000000  0.000000  0.000000  0.000000 -0.000000
                                -0.000000  0.000272 -0.000000  0.002353 -0.000000  0.012786 -0.000000  0.044193 -0.000000  0.114397
                                -0.000000  0.220261 -0.000000  0.298310 -0.000000  0.308101 -0.000000  0.232201 -0.000000  0.114642
                                -0.000000  0.021316 -0.000000  0.010292 -0.000000  0.006311 -0.000000 -0.001650  0.000000  0.000313
                                -0.000000

                                   1 2py     1 2py     1 2py     1 2py     1 2py     1 2py     1 2py     1 2py     1 2py     1 2py  
                                   1 2py     1 2py     1 2py     1 2py     1 2py     1 2py     1 2py     1 2py     1 2py     1 2py  
                                   1 2py     1 2py     1 2py     1 2py     1 2py     1 2py     1 2py     1 2py     1 2py     1 2py  
                                   1 2py     1 4f1-    1 4f3-    1 4f1-    1 4f3-    1 4f1-    1 4f3-    1 4f1-    1 4f3-    1 4f1- 
                                   1 4f3-    1 4f1-    1 4f3-    1 4f1-    1 4f3-    1 4f1-    1 4f3-    1 4f1-    1 4f3-    1 4f1- 
                                   1 4f3-    1 4f1-    1 4f3-    1 4f1-    1 4f3-    1 4f1-    1 4f3-    1 4f1-    1 4f3-    1 4f1- 
                                   1 4f3- 

   1.3  2.00000  -382.500734     0.000003  0.000007  0.000021  0.000056  0.000141  0.000341  0.000821  0.001991  0.004899  0.012167
                                 0.029918  0.070294  0.147905  0.256861  0.325608  0.248186  0.089513  0.010160  0.000518 -0.000249
                                 0.000105 -0.000374 -0.000211  0.000587  0.000013 -0.000002  0.000001 -0.000000  0.000429 -0.000540
                                 0.000000  0.000000  0.000000  0.000000  0.000000  0.000000  0.000000  0.000000  0.000000  0.000000
                                 0.000000  0.000000  0.000000  0.000000  0.000000  0.000000  0.000000  0.000000  0.000000  0.000000
                                 0.000000  0.000000  0.000000  0.000000  0.000000  0.000000  0.000000  0.000000  0.000000  0.000000
                                 0.000000

   2.3  2.00000   -87.555830    -0.000001 -0.000004 -0.000011 -0.000028 -0.000071 -0.000173 -0.000418 -0.001019 -0.002519 -0.006312
                                -0.015718 -0.037788 -0.082194 -0.149636 -0.194609 -0.092340  0.217942  0.493967  0.345635  0.080780
                                 0.007938 -0.003595 -0.002725  0.008242  0.000196 -0.000035  0.000014 -0.000005  0.005237 -0.007627
                                 0.000001  0.000000  0.000000  0.000000  0.000000  0.000000  0.000000  0.000000  0.000000  0.000000
                                 0.000000  0.000000  0.000000  0.000000  0.000000  0.000000  0.000000  0.000000  0.000000  0.000000
                                 0.000000  0.000000  0.000000  0.000000  0.000000  0.000000  0.000000  0.000000  0.000000  0.000000
                                 0.000000

   3.3  2.00000   -18.599375     0.000001  0.000002  0.000005  0.000014  0.000034  0.000084  0.000202  0.000494  0.001222  0.003069
                                 0.007668  0.018523  0.040641  0.074809  0.098129  0.035990 -0.164130 -0.396779 -0.214764  0.334079
                                 0.570648  0.317656  0.056117 -0.032287 -0.000615  0.000111 -0.000042  0.000016 -0.025929  0.031161
                                -0.000005  0.000000  0.000000  0.000000  0.000000  0.000000  0.000000  0.000000  0.000000  0.000000
                                 0.000000  0.000000  0.000000  0.000000  0.000000  0.000000  0.000000  0.000000  0.000000  0.000000
                                 0.000000  0.000000  0.000000  0.000000  0.000000  0.000000  0.000000  0.000000  0.000000  0.000000
                                 0.000000

   4.3  2.00000    -3.796167     0.000000  0.000001  0.000002  0.000005  0.000013  0.000032  0.000077  0.000187  0.000463  0.001161
                                 0.002907  0.007019  0.015453  0.028451  0.037514  0.012629 -0.067191 -0.167982 -0.078096  0.186794
                                 0.355161  0.147383 -0.361722 -0.229768 -0.254022 -0.006820  0.000258  0.000020  0.042140 -0.388416
                                -0.000015  0.000000  0.000000  0.000000  0.000000  0.000000  0.000000  0.000000  0.000000  0.000000
                                 0.000000  0.000000  0.000000  0.000000  0.000000  0.000000  0.000000  0.000000  0.000000  0.000000
                                 0.000000  0.000000  0.000000  0.000000  0.000000  0.000000  0.000000  0.000000  0.000000  0.000000
                                 0.000000

   5.3  2.00000    -3.605143     0.000000  0.000000  0.000000  0.000000  0.000000  0.000000  0.000000  0.000000  0.000000  0.000000
                                 0.000000  0.000000  0.000000  0.000000  0.000000  0.000000 -0.000000 -0.000000 -0.000000  0.000000
                                 0.000000  0.000000 -0.000000 -0.000000 -0.000000 -0.000000  0.000000  0.000000  0.000000 -0.000000
                                -0.000000  0.000272  0.000000  0.002353  0.000000  0.012786  0.000000  0.044193  0.000000  0.114397
                                 0.000000  0.220261  0.000000  0.298310  0.000000  0.308101  0.000000  0.232201  0.000000  0.114642
                                 0.000000  0.021316  0.000000  0.010292  0.000000  0.006311  0.000000 -0.001650 -0.000000  0.000313
                                 0.000000

   6.3  2.00000    -3.605143     0.000000  0.000000  0.000000  0.000000  0.000000  0.000000  0.000000  0.000000  0.000000  0.000000
                                 0.000000  0.000000  0.000000  0.000000  0.000000  0.000000 -0.000000 -0.000000 -0.000000 -0.000000
                                -0.000000 -0.000000 -0.000000 -0.000000 -0.000000 -0.000000  0.000000 -0.000000  0.000000 -0.000000
                                -0.000000  0.000000  0.000272  0.000000  0.002353  0.000000  0.012786  0.000000  0.044193  0.000000
                                 0.114397  0.000000  0.220261  0.000000  0.298310  0.000000  0.308101  0.000000  0.232201  0.000000
                                 0.114642  0.000000  0.021316  0.000000  0.010292  0.000000  0.006311  0.000000 -0.001650  0.000000
                                 0.000313

                                   1 3d2-    1 3d2-    1 3d2-    1 3d2-    1 3d2-    1 3d2-    1 3d2-    1 3d2-    1 3d2-    1 3d2- 
                                   1 3d2-    1 3d2-    1 3d2-    1 3d2-    1 3d2-    1 3d2-    1 3d2-    1 3d2-    1 3d2-    1 3d2- 
                                   1 3d2-    1 3d2-    1 5g2-    1 5g4-    1 5g2-    1 5g4-    1 5g2-    1 5g4- 

   1.4  2.00000   -68.295107     0.000024  0.000149  0.000839  0.003900  0.014997  0.046034  0.114753  0.221770  0.320561  0.306371
                                 0.154403  0.034484  0.002260 -0.000718  0.000270  0.000220 -0.000016  0.000005 -0.000002  0.001374
                                -0.000288  0.000001  0.000000  0.000000  0.000000  0.000000  0.000000  0.000000

   2.4  2.00000   -11.498472    -0.000012 -0.000073 -0.000416 -0.001937 -0.007519 -0.023258 -0.059151 -0.114507 -0.160937 -0.111114
                                 0.119900  0.371422  0.410913  0.214262  0.044297  0.005832 -0.000211  0.000056 -0.000019  0.001807
                                -0.005709  0.000006  0.000000  0.000000  0.000000  0.000000  0.000000  0.000000

                                   1 2pz     1 2pz     1 2pz     1 2pz     1 2pz     1 2pz     1 2pz     1 2pz     1 2pz     1 2pz  
                                   1 2pz     1 2pz     1 2pz     1 2pz     1 2pz     1 2pz     1 2pz     1 2pz     1 2pz     1 2pz  
                                   1 2pz     1 2pz     1 2pz     1 2pz     1 2pz     1 2pz     1 2pz     1 2pz     1 2pz     1 2pz  
                                   1 2pz     1 4f0     1 4f2+    1 4f0     1 4f2+    1 4f0     1 4f2+    1 4f0     1 4f2+    1 4f0  
                                   1 4f2+    1 4f0     1 4f2+    1 4f0     1 4f2+    1 4f0     1 4f2+    1 4f0     1 4f2+    1 4f0  
                                   1 4f2+    1 4f0     1 4f2+    1 4f0     1 4f2+    1 4f0     1 4f2+    1 4f0     1 4f2+    1 4f0  
                                   1 4f2+ 

   1.5  2.00000  -382.500734     0.000003  0.000007  0.000021  0.000056  0.000141  0.000341  0.000821  0.001991  0.004899  0.012167
                                 0.029918  0.070294  0.147905  0.256861  0.325608  0.248186  0.089513  0.010160  0.000518 -0.000249
                                 0.000105 -0.000374 -0.000211  0.000587  0.000013 -0.000002  0.000001 -0.000000  0.000429 -0.000540
                                 0.000000  0.000000  0.000000  0.000000  0.000000  0.000000  0.000000  0.000000  0.000000  0.000000
                                 0.000000  0.000000  0.000000  0.000000  0.000000  0.000000  0.000000  0.000000  0.000000  0.000000
                                 0.000000  0.000000  0.000000  0.000000  0.000000  0.000000  0.000000  0.000000  0.000000  0.000000
                                 0.000000

   2.5  2.00000   -87.555830    -0.000001 -0.000004 -0.000011 -0.000028 -0.000071 -0.000173 -0.000418 -0.001019 -0.002519 -0.006312
                                -0.015718 -0.037788 -0.082194 -0.149636 -0.194609 -0.092340  0.217942  0.493967  0.345635  0.080780
                                 0.007938 -0.003595 -0.002725  0.008242  0.000196 -0.000035  0.000014 -0.000005  0.005237 -0.007627
                                 0.000001  0.000000  0.000000  0.000000  0.000000  0.000000  0.000000  0.000000  0.000000  0.000000
                                 0.000000  0.000000  0.000000  0.000000  0.000000  0.000000  0.000000  0.000000  0.000000  0.000000
                                 0.000000  0.000000  0.000000  0.000000  0.000000  0.000000  0.000000  0.000000  0.000000  0.000000
                                 0.000000

   3.5  2.00000   -18.599375     0.000001  0.000002  0.000005  0.000014  0.000034  0.000084  0.000202  0.000494  0.001222  0.003069
                                 0.007668  0.018523  0.040641  0.074809  0.098129  0.035990 -0.164130 -0.396779 -0.214764  0.334079
                                 0.570648  0.317656  0.056117 -0.032286 -0.000615  0.000111 -0.000042  0.000016 -0.025929  0.031161
                                -0.000005  0.000000  0.000000  0.000000  0.000000  0.000000  0.000000  0.000000  0.000000  0.000000
                                 0.000000  0.000000  0.000000  0.000000  0.000000  0.000000  0.000000  0.000000  0.000000  0.000000
                                 0.000000  0.000000  0.000000  0.000000  0.000000  0.000000  0.000000  0.000000  0.000000  0.000000
                                 0.000000

   4.5  2.00000    -3.796167    -0.000000 -0.000001 -0.000002 -0.000005 -0.000013 -0.000032 -0.000077 -0.000187 -0.000463 -0.001161
                                -0.002907 -0.007019 -0.015453 -0.028451 -0.037514 -0.012629  0.067191  0.167982  0.078096 -0.186794
                                -0.355161 -0.147383  0.361722  0.229768  0.254022  0.006820 -0.000258 -0.000020 -0.042140  0.388416
                                 0.000015  0.000000  0.000000  0.000000  0.000000  0.000000  0.000000  0.000000  0.000000  0.000000
                                 0.000000  0.000000  0.000000  0.000000  0.000000  0.000000  0.000000  0.000000  0.000000  0.000000
                                 0.000000  0.000000  0.000000  0.000000  0.000000  0.000000  0.000000  0.000000  0.000000  0.000000
                                 0.000000

   5.5  2.00000    -3.605143    -0.000000 -0.000000 -0.000000 -0.000000 -0.000000 -0.000000 -0.000000 -0.000000 -0.000000 -0.000000
                                -0.000000 -0.000000 -0.000000 -0.000000 -0.000000 -0.000000  0.000000  0.000000  0.000000  0.000000
                                 0.000000  0.000000  0.000000  0.000000  0.000000  0.000000 -0.000000 -0.000000 -0.000000  0.000000
                                 0.000000  0.000272  0.000000  0.002353  0.000000  0.012786  0.000000  0.044193  0.000000  0.114397
                                 0.000000  0.220261  0.000000  0.298310  0.000000  0.308101  0.000000  0.232201  0.000000  0.114642
                                 0.000000  0.021316  0.000000  0.010292  0.000000  0.006311  0.000000 -0.001650 -0.000000  0.000313
                                 0.000000

   6.5  2.00000    -3.605143    -0.000000 -0.000000 -0.000000 -0.000000 -0.000000 -0.000000 -0.000000 -0.000000 -0.000000 -0.000000
                                -0.000000 -0.000000 -0.000000 -0.000000 -0.000000 -0.000000  0.000000  0.000000  0.000000 -0.000000
                                -0.000000 -0.000000  0.000000  0.000000  0.000000  0.000000 -0.000000 -0.000000 -0.000000  0.000000
                                 0.000000  0.000000  0.000272  0.000000  0.002353  0.000000  0.012786  0.000000  0.044193  0.000000
                                 0.114397  0.000000  0.220261  0.000000  0.298310  0.000000  0.308101  0.000000  0.232201  0.000000
                                 0.114642  0.000000  0.021316  0.000000  0.010292  0.000000  0.006311  0.000000 -0.001650  0.000000
                                 0.000313

                                   1 3d1+    1 3d1+    1 3d1+    1 3d1+    1 3d1+    1 3d1+    1 3d1+    1 3d1+    1 3d1+    1 3d1+ 
                                   1 3d1+    1 3d1+    1 3d1+    1 3d1+    1 3d1+    1 3d1+    1 3d1+    1 3d1+    1 3d1+    1 3d1+ 
                                   1 3d1+    1 3d1+    1 5g1+    1 5g3+    1 5g1+    1 5g3+    1 5g1+    1 5g3+ 

   1.6  2.00000   -68.295107     0.000024  0.000149  0.000839  0.003900  0.014997  0.046034  0.114753  0.221770  0.320561  0.306371
                                 0.154403  0.034484  0.002260 -0.000718  0.000270  0.000220 -0.000016  0.000005 -0.000002  0.001374
                                -0.000288  0.000001  0.000000  0.000000  0.000000  0.000000  0.000000  0.000000

   2.6  2.00000   -11.498472    -0.000012 -0.000073 -0.000416 -0.001937 -0.007519 -0.023258 -0.059151 -0.114507 -0.160937 -0.111114
                                 0.119900  0.371422  0.410913  0.214262  0.044297  0.005832 -0.000211  0.000056 -0.000019  0.001807
                                -0.005709  0.000006  0.000000  0.000000  0.000000  0.000000  0.000000  0.000000

                                   1 3d1-    1 3d1-    1 3d1-    1 3d1-    1 3d1-    1 3d1-    1 3d1-    1 3d1-    1 3d1-    1 3d1- 
                                   1 3d1-    1 3d1-    1 3d1-    1 3d1-    1 3d1-    1 3d1-    1 3d1-    1 3d1-    1 3d1-    1 3d1- 
                                   1 3d1-    1 3d1-    1 5g1-    1 5g3-    1 5g1-    1 5g3-    1 5g1-    1 5g3- 

   1.7  2.00000   -68.295107     0.000024  0.000149  0.000839  0.003900  0.014997  0.046034  0.114753  0.221770  0.320561  0.306371
                                 0.154403  0.034484  0.002260 -0.000718  0.000270  0.000220 -0.000016  0.000005 -0.000002  0.001374
                                -0.000288  0.000001  0.000000  0.000000  0.000000  0.000000  0.000000  0.000000

   2.7  2.00000   -11.498472    -0.000012 -0.000073 -0.000416 -0.001937 -0.007519 -0.023258 -0.059151 -0.114507 -0.160937 -0.111114
                                 0.119900  0.371422  0.410913  0.214262  0.044297  0.005832 -0.000211  0.000056 -0.000019  0.001807
                                -0.005709  0.000006  0.000000  0.000000  0.000000  0.000000  0.000000  0.000000

                                   1 4f2-    1 4f2-    1 4f2-    1 4f2-    1 4f2-    1 4f2-    1 4f2-    1 4f2-    1 4f2-    1 4f2- 
                                   1 4f2-    1 4f2-    1 4f2-    1 4f2-    1 4f2- 

   1.8  2.00000    -3.605143     0.000272  0.002353  0.012786  0.044193  0.114397  0.220261  0.298310  0.308101  0.232201  0.114642
                                 0.021316  0.010292  0.006311 -0.001650  0.000313

 Total charge:   5.000000000000
 

 EXTRA SYMMETRY OF MOS IN SYMMETRY 1:   1 1 1 1 1 1 1 1 1 1   1 1 1 1 1 1 1 1 1 1   1 4 2 3 1 1 1 4 2 3   1 1 1 1 1 4 2 3 1 1
                                        1 1 1 1 1 1 1 1 1 1   1 1 1 1 1 1 1 1 1 1   1 1 1 1 1 1 1 1 1 1   1 1 1 1 1 1 1 1 1 1
                                        1 1 1 1 1 1 1 1
 EXTRA SYMMETRY OF MOS IN SYMMETRY 2:   1 1 1 1 3 2 1 3 2 1   1 3 2 1 1 3 2 3 2 1   3 2 1 3 2 1 2 3 1 3   2 1 3 2 1 2 3 2 3 1
                                        1 2 3 1 3 2 1 2 3 1   1 1 1 1 1 1 1 1 1 1   1
 EXTRA SYMMETRY OF MOS IN SYMMETRY 3:   1 1 1 1 2 3 1 3 2 1   1 2 3 1 1 2 3 2 3 1   3 2 1 2 3 1 2 3 1 3   2 1 2 3 1 3 2 2 3 1
                                        1 3 2 1 3 2 1 2 3 1   1 1 1 1 1 1 1 1 1 1   1
 EXTRA SYMMETRY OF MOS IN SYMMETRY 4:   1 1 1 1 1 1 3 2 1 3   2 1 1 3 2 1 1 1 1 1   1 1 1 1 1 1 1 1
 EXTRA SYMMETRY OF MOS IN SYMMETRY 5:   1 1 1 1 2 3 1 2 3 1   1 3 2 1 1 2 3 2 3 1   2 3 1 2 3 1 3 2 1 3   2 1 2 3 1 2 3 2 3 1
                                        1 2 3 1 2 3 1 2 3 1   1 1 1 1 1 1 1 1 1 1   1
 EXTRA SYMMETRY OF MOS IN SYMMETRY 6:   1 1 1 1 1 1 3 2 1 3   2 1 1 3 2 1 1 1 1 1   1 1 1 1 1 1 1 1
 EXTRA SYMMETRY OF MOS IN SYMMETRY 7:   1 1 1 1 1 1 3 2 1 2   3 1 1 2 3 1 1 1 1 1   1 1 1 1 1 1 1 1

 Natural orbital dump at molpro section  5202.2    (Orbital set 2)


 CI vector
 =========

              1.0000000

 TOTAL ENERGIES                    -15597.32769029



 **********************************************************************************************************************************
 DATASETS  * FILE   NREC   LENGTH (MB)   RECORD NAMES
              1      23      148.72       500      610      700      900      950      970     1001      129      960     1700   
                                          VAR    BASINP    GEOM    SYMINP    ZMAT    AOBASIS   BASIS     P2S    ABASIS    OPER   
                                         1101     1401     1411     1412     1650     1100     1400     1410     1200     1210   
                                          SR      EKINR    POTR     PVPR    MOLCAS      S      EKIN      POT      H0       H01  
                                         1080     1600     1380   
                                         AOSYM     SMH     JKOP   

              2       7        8.59       200      700     1000      520     4202     1001     5202   
                                        OPTIONS   GEOM     BASIS   MCVARS     RHF     BASIS    MCSCF   

 PROGRAMS   *        TOTAL     MULTI       INT       POP       RHF       INT
 CPU TIMES  *       214.05     11.58    182.43      0.00      0.10     19.65
 REAL TIME  *       226.71 SEC
 DISK USED  *         4.71 GB      
 SF USED    *       405.86 MB      
 GA USED    *         0.00 MB       (max)       0.00 MB       (current)
 **********************************************************************************************************************************


 PROGRAM * RHF-SCF (CLOSED SHELL)       Authors: W. Meyer, H.-J. Werner


 NUMBER OF ELECTRONS:      34+   34-    SPACE SYMMETRY=1    SPIN SYMMETRY: Singlet 
 CONVERGENCE THRESHOLDS:    1.00E-05 (Density)    1.00E-07 (Energy)
 MAX. NUMBER OF ITERATIONS:        0
 INTERPOLATION TYPE:            DIIS
 INTERPOLATION STEPS:              2 (START)      1 (STEP)
 LEVEL SHIFTS:                  0.00 (CLOSED)  0.00 (OPEN) 

 Number of closed-shell orbitals:   34 (   9   6   6   2   6   2   2   1 )


 Molecular orbitals read from record     5202.2  Type=MCSCF/NATURAL (state 1.1)

 Molecular orbital dump at record        2124.2

 ITERATION    DDIFF          GRAD             ENERGY        2-EL.EN.            DIPOLE MOMENTS         DIIS   ORB.
    1      0.000D+00      0.000D+00    -15597.32769029  11343.855473    0.00000    0.00000    0.00000    0    start

 Final occupancy:   9   6   6   2   6   2   2   1

 !RHF STATE 1.1 Energy               -15597.3276902853    
 Nuclear energy                         0.00000000
 One-electron energy               -21269.25542657
 Two-electron energy                 5671.92773629
 Virial quotient                       -0.71382258
 !RHF STATE 1.1 Dipole moment           0.00000000     0.00000000     0.00000000
 Dipole moment /Debye                   0.00000000     0.00000000     0.00000000

 Orbital energies:

         1.1          2.1          3.1          4.1          5.1          6.1          7.1          8.1          9.1         10.1
  -2493.131728  -435.197485  -103.570791   -68.295107   -68.295107   -23.965621   -11.498472   -11.498472    -5.274139    -1.703629

        11.1
     -1.703629

         1.2          2.2          3.2          4.2          5.2          6.2          7.2          8.2
   -382.500734   -87.555830   -18.599375    -3.796167    -3.605143    -3.605143    -1.219852    -0.790121

         1.3          2.3          3.3          4.3          5.3          6.3          7.3          8.3
   -382.500734   -87.555830   -18.599375    -3.796167    -3.605143    -3.605143    -1.219852    -0.790121

         1.4          2.4          3.4          4.4
    -68.295107   -11.498472    -1.703629    -0.842905

         1.5          2.5          3.5          4.5          5.5          6.5          7.5          8.5
   -382.500734   -87.555830   -18.599375    -3.796167    -3.605143    -3.605143    -1.219852    -0.790121

         1.6          2.6          3.6          4.6
    -68.295107   -11.498472    -1.703629    -0.842905

         1.7          2.7          3.7          4.7
    -68.295107   -11.498472    -1.703629    -0.842905

         1.8          2.8          3.8
     -3.605143    -0.790121    -0.443472

 HOMO      6.2    -3.605143 =     -98.1009eV
 LUMO     10.1    -1.703629 =     -46.3581eV
 LUMO-HOMO         1.901514 =      51.7428eV


 **********************************************************************************************************************************
 DATASETS  * FILE   NREC   LENGTH (MB)   RECORD NAMES
              1      23      148.72       500      610      700      900      950      970     1001      129      960     1700   
                                          VAR    BASINP    GEOM    SYMINP    ZMAT    AOBASIS   BASIS     P2S    ABASIS    OPER   
                                         1101     1401     1411     1412     1650     1100     1400     1410     1200     1210   
                                          SR      EKINR    POTR     PVPR    MOLCAS      S      EKIN      POT      H0       H01  
                                         1080     1600     1380   
                                         AOSYM     SMH     JKOP   

              2       8       11.61       200      700     1000      520     4202     1001     5202     2124   
                                        OPTIONS   GEOM     BASIS   MCVARS     RHF     BASIS    MCSCF     RHF  

 PROGRAMS   *        TOTAL       RHF     MULTI       INT       POP       RHF       INT
 CPU TIMES  *       214.30      0.25     11.58    182.43      0.00      0.10     19.65
 REAL TIME  *       227.02 SEC
 DISK USED  *         4.71 GB      
 SF USED    *       405.86 MB      
 GA USED    *         0.00 MB       (max)       0.00 MB       (current)
 **********************************************************************************************************************************
 SETTING SCF(12)        =    -15597.32769029  AU                              
 SETTING _CC_NORM_MAX   =         2.00000000                                  


 PROGRAM * CCSD (Restricted open-shell coupled cluster)     Authors: C. Hampel, H.-J. Werner, 1991, M. Deegan, P.J. Knowles, 1992


 Convergence thresholds:  THRVAR = 1.00D-08  THRDEN = 1.36D-06

 CCSD(T)     terms to be evaluated (factor= 1.000)


 Number of core orbitals:          30 (   8   5   5   2   5   2   2   1 )
 Number of closed-shell orbitals:   4 (   1   1   1   0   1   0   0   0 )
 Number of external orbitals:     336 (  79  55  55  26  55  26  26  14 )

 Memory could be reduced to 54.25 Mwords without degradation in triples

 Number of N-1 electron functions:               8
 Number of N-2 electron functions:              28
 Number of singly external CSFs:               488
 Number of doubly external CSFs:            323852
 Total number of CSFs:                      324340

 Molecular orbitals read from record     2124.2  Type=RHF/CANONICAL (state 1.1)

 Integral transformation finished. Total CPU:   1.33 sec, npass=  1  Memory used:   8.16 MW

 Starting RMP2 calculation

 Wavefunction is spin-projected

 ITER.      SQ.NORM     CORR.ENERGY   TOTAL ENERGY   ENERGY CHANGE        DEN1      VAR(S)    VAR(P)  DIIS     TIME
   1      1.00710581    -0.09777348-15597.42546376    -0.09777348    -0.00002560  0.85D-21  0.30D-05  1  1     1.60
   2      1.00711205    -0.09779956-15597.42548984    -0.00002608    -0.00000000  0.19D-24  0.75D-09  2  2     1.62
   3      1.00711212    -0.09779969-15597.42548998    -0.00000013    -0.00000000  0.34D-28  0.21D-12  3  3     1.64

 Norm of t1 vector:      0.00000000      S-energy:    -0.00000000      T1 diagnostic:  0.00000000
 Norm of t2 vector:      0.08433336      P-energy:    -0.09779969
                                         Alpha-Beta:  -0.06880415
                                         Alpha-Alpha: -0.01449777
                                         Beta-Beta:   -0.01449777

 Spin contamination <S**2-Sz**2-Sz>     0.00000000
  Reference energy                   -15597.3276902852    
  RHF-RMP2 correlation energy          -0.097799690186
 !RHF-RMP2 energy                    -15597.4254899754    
 (NB above energy spin projected)

 Starting RCCSD calculation

 ITER.      SQ.NORM     CORR.ENERGY   TOTAL ENERGY   ENERGY CHANGE        DEN1      VAR(S)    VAR(P)  DIIS     TIME
   1      1.00738218    -0.09811717-15597.42580745    -0.09811717    -0.00081748  0.11D-03  0.36D-04  1  1     3.04
   2      1.00764544    -0.09895514-15597.42664543    -0.00083797    -0.00002052  0.46D-06  0.27D-05  2  2     4.43
   3      1.00768408    -0.09902234-15597.42671263    -0.00006720    -0.00000040  0.50D-07  0.35D-07  3  3     5.86
   4      1.00768982    -0.09903320-15597.42672348    -0.00001085    -0.00000000  0.17D-09  0.59D-09  4  4     7.26
   5      1.00768988    -0.09903278-15597.42672307     0.00000041    -0.00000000  0.33D-11  0.85D-11  5  5     8.69

 Norm of t1 vector:      0.01229164      S-energy:    -0.00000000      T1 diagnostic:  0.00307291
                                                                       D1 diagnostic:  0.00495521
 Norm of t2 vector:      0.08682624      P-energy:    -0.09903278
                                         Alpha-Beta:  -0.07038125
                                         Alpha-Alpha: -0.01432577
                                         Beta-Beta:   -0.01432577

 Spin contamination <S**2-Sz**2-Sz>     0.00000000

 Memory could be reduced to 54.03 Mwords without degradation in triples
 

  Correlated core orbitals:             9.1       6.2       6.3       6.5
  Orbital energies:                    -5.2741   -3.6051   -3.6051   -3.6051
 
  RCCSD core-core energy               -0.099032784454
 

 RESULTS
 =======

  Reference energy                   -15597.3276902852    
  RCCSD singles energy                 -0.000000000012
  RCCSD pair energy                    -0.099032784441
  RCCSD correlation energy             -0.099032784454
  Triples (T) contribution             -0.000829262037
  Total correlation energy             -0.099862046491
 
  RHF-RCCSD energy                   -15597.4267230697    
  RHF-RCCSD[T] energy                -15597.4276012217    
  RHF-RCCSD-T energy                 -15597.4275276977    
 !RHF-RCCSD(T) energy                -15597.4275523317    

 Program statistics:

 Available memory in ccsd:              2999999732
 Min. memory needed in ccsd:               1384724
 Max. memory used in ccsd:                 1716154
 Max. memory used in cckext:               1980909 ( 5 integral passes)
 Max. memory used in cckint:               8156782 ( 1 integral passes)



 **********************************************************************************************************************************
 DATASETS  * FILE   NREC   LENGTH (MB)   RECORD NAMES
              1      23      148.72       500      610      700      900      950      970     1001      129      960     1700   
                                          VAR    BASINP    GEOM    SYMINP    ZMAT    AOBASIS   BASIS     P2S    ABASIS    OPER   
                                         1101     1401     1411     1412     1650     1100     1400     1410     1200     1210   
                                          SR      EKINR    POTR     PVPR    MOLCAS      S      EKIN      POT      H0       H01  
                                         1080     1600     1380   
                                         AOSYM     SMH     JKOP   

              2       8       11.61       200      700     1000      520     4202     1001     5202     2124   
                                        OPTIONS   GEOM     BASIS   MCVARS     RHF     BASIS    MCSCF     RHF  

 PROGRAMS   *        TOTAL  RCCSD(T)       RHF     MULTI       INT       POP       RHF       INT
 CPU TIMES  *       227.79     13.49      0.25     11.58    182.43      0.00      0.10     19.65
 REAL TIME  *       242.48 SEC
 DISK USED  *         5.21 GB      
 SF USED    *       524.93 MB      
 GA USED    *         0.00 MB       (max)       0.00 MB       (current)
 **********************************************************************************************************************************
 SETTING CCSD(12)       =    -15597.42755233  AU                              
 Output type csv         
                                                                                                                                                                                                                                                                

          SCF,CCSD
        0.00000,        0.00000
        0.00000,        0.00000
        0.00000,        0.00000
        0.00000,        0.00000
        0.00000,        0.00000
        0.00000,        0.00000
        0.00000,        0.00000
        0.00000,        0.00000
        0.00000,        0.00000
        0.00000,        0.00000
        0.00000,        0.00000
   -15597.32769,   -15597.42755
                                                  

 RCCSD(T)/USERDEF energy= -15597.427552331710

        RCCSD(T)        RHF-SCF         MULTI           RHF-SCF 
 -15597.42755233 -15597.32769029 -15597.32769029 -15220.76743529
 **********************************************************************************************************************************
 Molpro calculation terminated
 Variable memory released
