
 Primary working directories    : /global/cscratch1/sd/aannabe
 Secondary working directories  : /global/cscratch1/sd/aannabe
 Wavefunction directory         : /global/homes/a/aannabe/wfu/
 Main file repository           : /global/cscratch1/sd/aannabe/

 SHA1      : 19cd028119e0e09f93f0674bd8af7968d9b3eff6
 NAME      : 2015.1.36
 ARCHNAME  : linux/x86_64
 FC        : /opt/cray/pe/craype/2.5.14/bin/ftn
 BLASLIB   : -L/opt/intel/compilers_and_libraries_2018.1.163/linux/mkl/lib/intel64 -Wl,-_start-group -lmkl_intel_ilp64 -lmkl_intel_thread -lmkl_core -Wl,-_end-group -liomp5
 id        : lbl

 Nodes     nprocs
 nid12920    11
 Number of processes for MPI-2 version of Molpro:   nprocs(total)=   12   nprocs(compute)=   11   nprocs(helper)=    1

 Using customized tuning parameters: mindgm=7; mindgv=16; mindgc=1; mindgr=1; noblas=0; minvec=7
 default implementation of scratch files=sf  

 ***,atomic
 memory,1,g
 
 gthresh,twoint=1.e-15
 gthresh,oneint=1.e-15
 
 angstrom
 geometry={
 1
 Tb  0.0 0.0 0.0
 }
 
 basis={
 Including file /global/homes/a/aannabe/docs/Tb_project/ccECP/basis_sets/Tb_aug-cc-pwCVTZ.basis
 }
 
 set,dkroll=1,dkho=99,dkhp=2
 
 Including file /global/u1/a/aannabe/docs/Tb_project/ccECP/atoms/UC/11/states.proc
 Including file /global/homes/a/aannabe/docs/Tb_project/ccECP/basis_sets/Tb_con-cc-pVDZ.basis
 Including file /global/homes/a/aannabe/docs/Tb_project/ccECP/basis_sets/Tb_aug-cc-pwCVTZ.basis
 Including file /global/homes/a/aannabe/docs/Tb_project/ccECP/basis_sets/Tb_con-cc-pVDZ.basis
 Including file /global/homes/a/aannabe/docs/Tb_project/ccECP/basis_sets/Tb_aug-cc-pwCVTZ.basis
 Including file /global/homes/a/aannabe/docs/Tb_project/ccECP/basis_sets/Tb_con-cc-pVDZ.basis
 Including file /global/homes/a/aannabe/docs/Tb_project/ccECP/basis_sets/Tb_aug-cc-pwCVTZ.basis
 Including file /global/homes/a/aannabe/docs/Tb_project/ccECP/basis_sets/Tb_con-cc-pVDZ.basis
 Including file /global/homes/a/aannabe/docs/Tb_project/ccECP/basis_sets/Tb_aug-cc-pwCVTZ.basis
 
 do i=11,11
    if (i.eq.1) then
       GS_5s2_5p6_6s2_4f9
    else if (i.eq.2) then
       EX_5s2_5p6_6s2_4f8_5d1
    else if (i.eq.3) then
       EX_5s2_5p6_6s1_4f8_5d2
    else if (i.eq.4) then
       EX_5s2_5p6_6s2_4f8_6p1
    else if (i.eq.5) then
       IP1_5s2_5p6_6s1_4f9
    else if (i.eq.6) then
       IP1_5s2_5p6_6s1_4f8_5d
    else if (i.eq.7) then
       IP1_5s2_5p6_6s2_4f8
    else if (i.eq.8) then
       IP2_5s2_5p6_4f9
    else if (i.eq.9) then
       IP2_5s2_5p6_4f8_5d1
    else if (i.eq.10) then
       IP2_5s2_5p6_6s1_4f8
    else if (i.eq.11) then
       IP3_5s2_5p6_4f8
    else if (i.eq.12) then
       IP3_5s2_5p6_4f7_5d1
    else if (i.eq.13) then
       IP3_5s2_5p6_6s1_4f7
    else if (i.eq.14) then
       IP4_5s2_5p6_4f7
    else if (i.eq.15) then
       IP7_5s2_5p3_4f7
    end if
    scf(i)=energy
    pop
    _CC_NORM_MAX=2.0
    {uccsd(t),shifts=0.2,shiftp=0.2,thrdis=1.0;diis,1,1,15,1;maxit,100;core,8,3,3,2,3,2,2,0;
    THRESH,ENERGY=5.e-6,COEFF=1e-3
    }
    ccsd(i)=energy
 enddo
 
 table,scf,ccsd
 save, 3.csv, new
 

 Variables initialized (889), CPU time= 0.01 sec
 Commands  initialized (702), CPU time= 0.01 sec, 572 directives.
 Default parameters read. Elapsed time= 0.14 sec

 Checking input...
 Passed
1


                                         ***  PROGRAM SYSTEM MOLPRO  ***
                                       Copyright, TTI GmbH Stuttgart, 2015
                                    Version 2015.1 linked Dec 29 2018 15:55:43


 **********************************************************************************************************************************
 LABEL *   atomic                                                                        
  64 bit mpp version                                                                     DATE: 14-Feb-22          TIME: 09:34:33  
 **********************************************************************************************************************************

 SHA1:             19cd028119e0e09f93f0674bd8af7968d9b3eff6
 **********************************************************************************************************************************

 THRESHOLDS:

 ZERO    =  1.00D-12  ONEINT  =  1.00D-12  TWOINT  =  1.00D-15  PREFAC  =  1.00D-14  LOCALI  =  1.00D-09  EORDER  =  1.00D-04
 ENERGY  =  0.00D+00  ETEST   =  0.00D+00  EDENS   =  0.00D+00  THRDEDEF=  1.00D-06  GRADIENT=  1.00D-02  STEP    =  1.00D-03
 ORBITAL =  1.00D-05  CIVEC   =  1.00D-05  COEFF   =  1.00D-04  PRINTCI =  5.00D-02  PUNCHCI =  9.90D+01  OPTGRAD =  3.00D-04
 OPTENERG=  1.00D-06  OPTSTEP =  3.00D-04  THRGRAD =  1.00D-10  COMPRESS=  1.00D-11  VARMIN  =  1.00D-07  VARMAX  =  1.00D-03
 THRDOUB =  0.00D+00  THRDIV  =  1.00D-05  THRRED  =  1.00D-07  THRPSP  =  1.00D+00  THRDC   =  1.00D-10  THRCS   =  1.00D-10
 THRNRM  =  1.00D-08  THREQ   =  0.00D+00  THRDE   =  1.00D+00  THRREF  =  1.00D-05  SPARFAC =  1.00D+00  THRDLP  =  1.00D-07
 THRDIA  =  1.00D-10  THRDLS  =  1.00D-07  THRGPS  =  0.00D+00  THRKEX  =  0.00D+00  THRDIS  =  2.00D-01  THRVAR  =  1.00D-10
 THRLOC  =  1.00D-06  THRGAP  =  1.00D-06  THRLOCT = -1.00D+00  THRGAPT = -1.00D+00  THRORB  =  1.00D-06  THRMLTP =  0.00D+00
 THRCPQCI=  1.00D-10  KEXTA   =  0.00D+00  THRCOARS=  0.00D+00  SYMTOL  =  1.00D-06  GRADTOL =  1.00D-06  THROVL  =  1.00D-08
 THRORTH =  1.00D-08  GRID    =  1.00D-06  GRIDMAX =  1.00D-03  DTMAX   =  0.00D+00  THROCCDE=  1.00D-01  THROCCDE=  1.00D-01



 THRESHOLDS:

 ZERO    =  1.00D-12  ONEINT  =  1.00D-15  TWOINT  =  1.00D-15  PREFAC  =  1.00D-14  LOCALI  =  1.00D-09  EORDER  =  1.00D-04
 ENERGY  =  0.00D+00  ETEST   =  0.00D+00  EDENS   =  0.00D+00  THRDEDEF=  1.00D-06  GRADIENT=  1.00D-02  STEP    =  1.00D-03
 ORBITAL =  1.00D-05  CIVEC   =  1.00D-05  COEFF   =  1.00D-04  PRINTCI =  5.00D-02  PUNCHCI =  9.90D+01  OPTGRAD =  3.00D-04
 OPTENERG=  1.00D-06  OPTSTEP =  3.00D-04  THRGRAD =  1.00D-10  COMPRESS=  1.00D-11  VARMIN  =  1.00D-07  VARMAX  =  1.00D-03
 THRDOUB =  0.00D+00  THRDIV  =  1.00D-05  THRRED  =  1.00D-07  THRPSP  =  1.00D+00  THRDC   =  1.00D-10  THRCS   =  1.00D-10
 THRNRM  =  1.00D-08  THREQ   =  0.00D+00  THRDE   =  1.00D+00  THRREF  =  1.00D-05  SPARFAC =  1.00D+00  THRDLP  =  1.00D-07
 THRDIA  =  1.00D-10  THRDLS  =  1.00D-07  THRGPS  =  0.00D+00  THRKEX  =  0.00D+00  THRDIS  =  2.00D-01  THRVAR  =  1.00D-10
 THRLOC  =  1.00D-06  THRGAP  =  1.00D-06  THRLOCT = -1.00D+00  THRGAPT = -1.00D+00  THRORB  =  1.00D-06  THRMLTP =  0.00D+00
 THRCPQCI=  1.00D-10  KEXTA   =  0.00D+00  THRCOARS=  0.00D+00  SYMTOL  =  1.00D-06  GRADTOL =  1.00D-06  THROVL  =  1.00D-08
 THRORTH =  1.00D-08  GRID    =  1.00D-06  GRIDMAX =  1.00D-03  DTMAX   =  0.00D+00  THROCCDE=  1.00D-01  THROCCDE=  1.00D-01


 ZUNIT=ANG
 

Geometry recognized as XYZ


 Variable memory set to 1000000000 words,  buffer space   230000 words

 SETTING BASIS          =    USERDEF
 SETTING DKROLL         =         1.00000000                                  
 SETTING DKHO           =        99.00000000                                  
 SETTING DKHP           =         2.00000000                                  

 DO I                   =        11.00000000   

 Running procedure=IP3_5S2_5P6_4F8


 Recomputing integrals since basis changed


 Using spherical harmonics



 PROGRAM * SEWARD (Integral evaluation for generally contracted gaussian basis sets)     Author: Roland Lindh, 1990

 Geometry written to block  1 of record 700

 Orientation using atomic masses  
 Molecule type: Atom
 Symmetry elements: X,Y,Z
 Rotational constants:       0.0000000      0.0000000      0.0000000 GHz  (calculated with average atomic masses)

 Point group  D2h 



 ATOMIC COORDINATES

 NR  ATOM    CHARGE       X              Y              Z

   1  TB     65.00    0.000000000    0.000000000    0.000000000

 NUCLEAR CHARGE:                   65
 NUMBER OF PRIMITIVE AOS:         470
 NUMBER OF SYMMETRY AOS:          361
 NUMBER OF CONTRACTIONS:          361   (  82Ag  +  60B3u +  60B2u +  27B1g +  60B1u +  27B2g +  27B3g +  18Au  )
 NUMBER OF CORE ORBITALS:          23   (   8Ag  +   3B3u +   3B2u +   2B1g +   3B1u +   2B2g +   2B3g +   0Au  )
 NUMBER OF VALENCE ORBITALS:       17   (   4Ag  +   3B3u +   3B2u +   1B1g +   3B1u +   1B2g +   1B3g +   1Au  )


 NUCLEAR REPULSION ENERGY    0.00000000

 One-electron integrals computed with SEWARD

 99nd-order Douglas-Kroll-Hess method activated. Exponential DKH parametrization is used.

 Computing Douglas-Kroll / X2C integrals

 AO integral compression algorithm  1   Integral accuracy      1.0D-15

     1801.978 MB (compressed) written to integral file ( 46.5%)

     Node minimum: 77.595 MB, node maximum: 234.881 MB


 NUMBER OF SORTED TWO-ELECTRON INTEGRALS:   24984912.     BUFFER LENGTH:  32768
 NUMBER OF SEGMENTS:   1  SEGMENT LENGTH:   24984912      RECORD LENGTH: 524288

 Memory used in sort:      25.54 MW

 SORT1 READ   484076335. AND WROTE    14890225. INTEGRALS IN     43 RECORDS. CPU TIME:    10.59 SEC, REAL TIME:    10.98 SEC
 SORT2 READ   163021228. AND WROTE   274384081. INTEGRALS IN   8206 RECORDS. CPU TIME:     0.80 SEC, REAL TIME:     1.25 SEC

 Node minimum:    24848232.  Node maximum:    25142105. integrals

 OPERATOR DM      FOR CENTER  0  COORDINATES:    0.000000    0.000000    0.000000

 EXTRA SYMMETRY OF AOS IN SYMMETRY 1:   1 1 1 1 1 1 1 1 1 1   1 1 1 1 1 1 1 1 1 1   1 1 1 1 1 1 1 1 1 1   1 1 1 2 3 2 3 2 3 2
                                        3 2 3 2 3 2 3 2 3 2   3 2 3 2 3 2 3 2 3 2   3 2 3 2 3 2 3 4 5 6   4 5 6 4 5 6 4 5 6 4
                                        5 6
 EXTRA SYMMETRY OF AOS IN SYMMETRY 2:   1 1 1 1 1 1 1 1 1 1   1 1 1 1 1 1 1 1 1 1   1 1 1 1 1 1 2 3 2 3   2 3 2 3 2 3 2 3 2 3
                                        2 3 2 3 2 3 2 3 2 3   2 3 2 3 4 5 6 4 5 6
 EXTRA SYMMETRY OF AOS IN SYMMETRY 3:   1 1 1 1 1 1 1 1 1 1   1 1 1 1 1 1 1 1 1 1   1 1 1 1 1 1 2 3 2 3   2 3 2 3 2 3 2 3 2 3
                                        2 3 2 3 2 3 2 3 2 3   2 3 2 3 4 5 6 4 5 6
 EXTRA SYMMETRY OF AOS IN SYMMETRY 4:   1 1 1 1 1 1 1 1 1 1   1 1 1 1 1 1 1 2 3 2   3 2 3 2 3 2 3
 EXTRA SYMMETRY OF AOS IN SYMMETRY 5:   1 1 1 1 1 1 1 1 1 1   1 1 1 1 1 1 1 1 1 1   1 1 1 1 1 1 2 3 2 3   2 3 2 3 2 3 2 3 2 3
                                        2 3 2 3 2 3 2 3 2 3   2 3 2 3 4 5 6 4 5 6
 EXTRA SYMMETRY OF AOS IN SYMMETRY 6:   1 1 1 1 1 1 1 1 1 1   1 1 1 1 1 1 1 2 3 2   3 2 3 2 3 2 3
 EXTRA SYMMETRY OF AOS IN SYMMETRY 7:   1 1 1 1 1 1 1 1 1 1   1 1 1 1 1 1 1 2 3 2   3 2 3 2 3 2 3
 EXTRA SYMMETRY OF AOS IN SYMMETRY 8:   1 1 1 1 1 1 1 1 1 1   1 1 1 1 2 3 2 3

 Eigenvalues of metric

         1 0.154E-07 0.147E-05 0.266E-04 0.749E-04 0.181E-03 0.390E-03 0.717E-03 0.122E-02
         2 0.148E-04 0.893E-04 0.893E-04 0.408E-03 0.125E-02 0.125E-02 0.141E-02 0.331E-02
         3 0.148E-04 0.893E-04 0.893E-04 0.408E-03 0.125E-02 0.125E-02 0.141E-02 0.331E-02
         4 0.186E-02 0.687E-02 0.180E-01 0.386E-01 0.694E-01 0.115E+00 0.185E+00 0.289E+00
         5 0.148E-04 0.893E-04 0.893E-04 0.408E-03 0.125E-02 0.125E-02 0.141E-02 0.331E-02
         6 0.186E-02 0.687E-02 0.180E-01 0.386E-01 0.694E-01 0.115E+00 0.185E+00 0.289E+00
         7 0.186E-02 0.687E-02 0.180E-01 0.386E-01 0.694E-01 0.115E+00 0.185E+00 0.289E+00
         8 0.893E-04 0.125E-02 0.174E-01 0.609E-01 0.108E+00 0.212E+00 0.329E+00 0.483E+00


 **********************************************************************************************************************************
 DATASETS  * FILE   NREC   LENGTH (MB)   RECORD NAMES
              1      22       21.35       500      610      700      900      950      970     1000      129      960     1700   
                                          VAR    BASINP    GEOM    SYMINP    ZMAT    AOBASIS   BASIS     P2S    ABASIS    OPER   
                                         1101     1401     1411     1412     1650     1100     1400     1410     1200     1210   
                                          SR      EKINR    POTR     PVPR    MOLCAS      S      EKIN      POT      H0       H01  
                                         1080     1600   
                                         AOSYM     SMH  

 PROGRAMS   *        TOTAL       INT
 CPU TIMES  *        89.97     89.61
 REAL TIME  *        93.32 SEC
 DISK USED  *         3.78 GB      
 GA USED    *         0.00 MB       (max)       0.00 MB       (current)
 **********************************************************************************************************************************


 PROGRAM * RHF-SCF (OPEN SHELL)       Authors: W. Meyer, H.-J. Werner


 NUMBER OF ELECTRONS:      34+   28-    SPACE SYMMETRY=6    SPIN SYMMETRY: Septet  
 CONVERGENCE THRESHOLDS:    1.00E-05 (Density)    1.30E-07 (Energy)
 MAX. NUMBER OF ITERATIONS:      100
 INTERPOLATION TYPE:            DIIS
 INTERPOLATION STEPS:              2 (START)      1 (STEP)
 LEVEL SHIFTS:                 -0.60 (CLOSED) -0.30 (OPEN) 

 Number of closed-shell orbitals:   28 (   9   4   5   2   4   2   2   0 )
 Number of open-shell orbitals:      6 (   0   2   1   0   2   0   0   1 )


 
 Extra symmetries of mos in symmetry 1:   1   1   1   1   3   2   3   2   1   1   3   2
 Orbital guess generated from atomic densities. Full valence occupancy:   10   6   6   2   6   2   2   1


 Molecular orbital dump at record        2114.2

 ITERATION    DDIFF          GRAD             ENERGY        2-EL.EN.            DIPOLE MOMENTS         DIIS   ORB.
    1      0.000D+00      0.000D+00    -11690.40985312   7873.292575    0.00000    0.00000    0.00000    0    start
    2      0.000D+00      0.772D-01    -11698.06091881   8877.030568    0.00000    0.00000    0.00000    1    diag,B
    3      0.110D+00      0.136D+00    -11702.27261525   8680.042789    0.00000    0.00000    0.00000    2    diag,B
    4      0.488D-01      0.567D-01    -11703.31109816   8585.366696    0.00000    0.00000    0.00000    3    diag,B
    5      0.122D-01      0.254D-01    -11703.56798249   8530.917219    0.00000    0.00000    0.00000    4    diag,B
    6      0.998D-02      0.869D-02    -11703.60291935   8508.123342    0.00000    0.00000    0.00000    5    diag,B
    7      0.337D-02      0.194D-02    -11703.60486140   8502.191217    0.00000    0.00000    0.00000    6    diag,B
    8      0.159D-02      0.204D-03    -11703.60489307   8501.483479    0.00000    0.00000    0.00000    7    diag,B
    9      0.463D-03      0.203D-04    -11703.60489377   8501.483548    0.00000    0.00000    0.00000    8    diag,B
   10      0.681D-04      0.111D-04    -11703.60489385   8501.511878    0.00000    0.00000    0.00000    9    orth
   11      0.237D-04      0.225D-05    -11703.60489385   8501.518673    0.00000    0.00000    0.00000    9    diag,B
   12      0.292D-05      0.186D-06    -11703.60489385   8501.519649    0.00000    0.00000    0.00000    0    orth

 Final alpha occupancy:   9   6   6   2   6   2   2   1
 Final beta  occupancy:   9   4   5   2   4   2   2   0

 !RHF STATE 1.6 Energy               -11703.6048938525    
 Nuclear energy                         0.00000000
 One-electron energy               -15954.36471854
 Two-electron energy                 4250.75982469
 Virial quotient                       -0.77673483
 !RHF STATE 1.6 Dipole moment           0.00000000     0.00000000     0.00000000
 Dipole moment /Debye                   0.00000000     0.00000000     0.00000000

 ELECTRON ORBITALS
 =================


   Orb  Occ    Energy  Couls-En    Coefficients

                                   1 1s      1 1s      1 1s      1 1s      1 1s      1 1s      1 1s      1 1s      1 1s      1 1s   
                                   1 1s      1 1s      1 1s      1 1s      1 1s      1 1s      1 1s      1 1s      1 1s      1 1s   
                                   1 1s      1 1s      1 1s      1 1s      1 1s      1 1s      1 1s      1 1s      1 1s      1 1s   
                                   1 1s      1 1s      1 1s      1 3d0     1 3d2+    1 3d0     1 3d2+    1 3d0     1 3d2+    1 3d0  
                                   1 3d2+    1 3d0     1 3d2+    1 3d0     1 3d2+    1 3d0     1 3d2+    1 3d0     1 3d2+    1 3d0  
                                   1 3d2+    1 3d0     1 3d2+    1 3d0     1 3d2+    1 3d0     1 3d2+    1 3d0     1 3d2+    1 3d0  
                                   1 3d2+    1 3d0     1 3d2+    1 3d0     1 3d2+    1 3d0     1 3d2+    1 5g0     1 5g4+    1 5g2+ 
                                   1 5g0     1 5g4+    1 5g2+    1 5g0     1 5g4+    1 5g2+    1 5g0     1 5g4+    1 5g2+    1 5g0  
                                   1 5g4+    1 5g2+ 

   1.1   2 -1921.5766-4168.2203  0.000372  0.000370  0.001056  0.001565  0.003155  0.005254  0.009597  0.016539  0.029434  0.051305
                                 0.089392  0.148555  0.224678  0.275560  0.230697  0.098378  0.013282  0.000370 -0.000021 -0.000013
                                -0.000144  0.000250 -0.000321  0.000197 -0.000017  0.000004 -0.000001  0.000000 -0.000000  0.000000
                                -0.000000  0.000000 -0.000000  0.000000 -0.000000  0.000000 -0.000000  0.000000 -0.000000  0.000000
                                -0.000000  0.000000 -0.000000  0.000000 -0.000000 -0.000000  0.000000 -0.000000  0.000000  0.000000
                                -0.000000  0.000000 -0.000000  0.000000 -0.000000 -0.000000  0.000000 -0.000000  0.000000 -0.000000
                                 0.000000  0.000000 -0.000000 -0.000000  0.000000  0.000000 -0.000000  0.000000 -0.000000 -0.000000
                                -0.000000  0.000000  0.000000  0.000000 -0.000000 -0.000000 -0.000000  0.000000  0.000000  0.000000
                                -0.000000 -0.000000

   2.1   2  -324.0181 -891.4071 -0.000135 -0.000135 -0.000385 -0.000572 -0.001156 -0.001934 -0.003555 -0.006188 -0.011177 -0.019934
                                -0.036031 -0.063532 -0.106182 -0.152551 -0.153362 -0.006825  0.318534  0.500529  0.283692  0.044912
                                -0.001039  0.000355  0.002176 -0.001876  0.000111 -0.000070  0.000017 -0.000001  0.000002 -0.000001
                                 0.000001 -0.000000  0.000000  0.000000 -0.000000  0.000000 -0.000000  0.000000 -0.000000  0.000001
                                -0.000000  0.000003 -0.000000  0.000014 -0.000000  0.000023 -0.000000  0.000006 -0.000000 -0.000001
                                 0.000000 -0.000001  0.000000 -0.000000  0.000000  0.000000 -0.000000  0.000000 -0.000000  0.000000
                                -0.000000 -0.000000  0.000000  0.000000 -0.000000 -0.000000  0.000000  0.000000 -0.000000 -0.000000
                                 0.000000 -0.000000 -0.000000 -0.000000  0.000000  0.000000  0.000000 -0.000000 -0.000000 -0.000000
                                 0.000000  0.000000

   3.1   2   -74.7120 -314.5882  0.000063  0.000063  0.000179  0.000266  0.000539  0.000901  0.001659  0.002891  0.005235  0.009370
                                 0.017040  0.030327  0.051576  0.076171  0.079722 -0.002509 -0.242300 -0.502131 -0.306862  0.460375
                                 0.715490 -0.029563  0.280823 -0.032729  0.020348  0.000712  0.000050 -0.000095 -0.000004 -0.000002
                                 0.000002 -0.000001  0.000000  0.000000 -0.000000  0.000001 -0.000000  0.000004 -0.000000  0.000018
                                -0.000000  0.000059 -0.000000  0.000150 -0.000000  0.000266 -0.000000  0.000519 -0.000000  0.000566
                                -0.000000  0.000120 -0.000000 -0.000013  0.000000 -0.000004  0.000000 -0.000001  0.000000  0.000000
                                -0.000000 -0.000000  0.000000  0.000000 -0.000000 -0.000000  0.000000 -0.000012  0.000000  0.000000
                                 0.000012 -0.000000 -0.000000 -0.000002  0.000000  0.000000  0.000000 -0.000000 -0.000000 -0.000000
                                 0.000000  0.000000

   4.1   2   -16.6446 -135.3592 -0.000030 -0.000030 -0.000086 -0.000128 -0.000259 -0.000434 -0.000799 -0.001393 -0.002523 -0.004522
                                -0.008227 -0.014697 -0.025041 -0.037345 -0.039210  0.001522  0.132002  0.287895  0.196046 -0.405324
                                -0.874798 -0.031061 -0.071148 -0.036928  0.865243  0.569808  0.053953 -0.003762  0.001432 -0.000388
                                 0.000346 -0.000158  0.000034 -0.000000  0.000000 -0.000002  0.000000 -0.000013  0.000000 -0.000057
                                 0.000000 -0.000198  0.000000 -0.000517  0.000000 -0.000950  0.000000 -0.001239  0.000000 -0.000506
                                 0.000000  0.002777 -0.000000  0.003523 -0.000000  0.000623 -0.000000 -0.000007  0.000000 -0.000002
                                 0.000000  0.000000 -0.000000 -0.000000  0.000000  0.000000 -0.000000 -0.000067  0.000000  0.000000
                                -0.000036  0.000000  0.000000  0.000034 -0.000000 -0.000000 -0.000003  0.000000  0.000000  0.000001
                                -0.000000 -0.000000

   5.1   2   -48.4434 -271.0415  0.000000  0.000000  0.000000  0.000000  0.000000  0.000000  0.000000  0.000000  0.000000  0.000000
                                 0.000000  0.000000  0.000000  0.000000  0.000000 -0.000000 -0.000000 -0.000000 -0.000000  0.000000
                                 0.000000 -0.000000  0.000000 -0.000000 -0.000000  0.000000  0.000000  0.000000  0.000000  0.000000
                                -0.000000  0.000000 -0.000000 -0.000000  0.000090 -0.000000  0.000696 -0.000000  0.003989 -0.000001
                                 0.017837 -0.000003  0.061332 -0.000008  0.159751 -0.000015  0.296120 -0.000018  0.364627 -0.000012
                                 0.244023 -0.000003  0.069370 -0.000000  0.005635 -0.000000  0.000577 -0.000000  0.000002 -0.000000
                                 0.000039  0.000000 -0.000013 -0.000000  0.000006  0.000000 -0.000002  0.000000 -0.000371  0.000157
                                 0.000000 -0.000151 -0.000086  0.000000 -0.000043  0.000011  0.000000 -0.000001 -0.000004 -0.000000
                                 0.000000  0.000002

   6.1   2   -48.4721 -271.0688 -0.000000 -0.000000 -0.000000 -0.000000 -0.000001 -0.000001 -0.000003 -0.000004 -0.000008 -0.000014
                                -0.000026 -0.000047 -0.000079 -0.000117 -0.000124  0.000005  0.000390  0.000838  0.000485 -0.001050
                                -0.001289  0.000181 -0.000266  0.000263  0.000066 -0.000027 -0.000006 -0.000002 -0.000001 -0.000000
                                 0.000000 -0.000000  0.000000  0.000090  0.000000  0.000696  0.000000  0.003988  0.000000  0.017834
                                 0.000001  0.061320  0.000003  0.159718  0.000008  0.296062  0.000015  0.364664  0.000018  0.244211
                                 0.000012  0.069313  0.000003  0.005436  0.000000  0.000485  0.000000 -0.000030 -0.000000  0.000034
                                 0.000000 -0.000013 -0.000000  0.000006  0.000000 -0.000002 -0.000000  0.000292  0.000000 -0.000000
                                -0.000075  0.000000  0.000000  0.000026  0.000000 -0.000000 -0.000004  0.000000  0.000000  0.000002
                                -0.000000 -0.000000

   7.1   2    -7.3865 -109.1301 -0.000000 -0.000000 -0.000000 -0.000000 -0.000000 -0.000000 -0.000000 -0.000000 -0.000000 -0.000000
                                -0.000000 -0.000000 -0.000000 -0.000000 -0.000000  0.000000  0.000000  0.000000  0.000000 -0.000000
                                -0.000001  0.000000 -0.000000  0.000000  0.000000  0.000000 -0.000000 -0.000000  0.000000  0.000000
                                -0.000000  0.000000 -0.000000 -0.000000 -0.000043 -0.000000 -0.000332 -0.000000 -0.001908 -0.000000
                                -0.008611 -0.000002 -0.029904 -0.000004 -0.079504 -0.000008 -0.145957 -0.000009 -0.165782 -0.000000
                                -0.000603  0.000017  0.317725  0.000025  0.466078  0.000015  0.286032  0.000003  0.060562  0.000000
                                 0.001256  0.000000  0.000539 -0.000000 -0.000224  0.000000  0.000081  0.000000 -0.001376  0.000568
                                 0.000000 -0.002630  0.001032  0.000000 -0.001522 -0.000062  0.000000 -0.000090 -0.000022 -0.000000
                                 0.000027  0.000007

   8.1   2    -7.4090 -109.2163  0.000000  0.000000  0.000001  0.000001  0.000002  0.000003  0.000005  0.000009  0.000016  0.000029
                                 0.000053  0.000095  0.000162  0.000242  0.000255 -0.000011 -0.000870 -0.001921 -0.001301  0.002998
                                 0.006304 -0.000602  0.001357 -0.001619 -0.005647 -0.002846  0.000049  0.000099 -0.000054 -0.000001
                                -0.000000  0.000000 -0.000000 -0.000043  0.000000 -0.000332  0.000000 -0.001909  0.000000 -0.008611
                                 0.000000 -0.029906  0.000002 -0.079510  0.000004 -0.145967  0.000008 -0.165880  0.000009 -0.000829
                                 0.000000  0.318249 -0.000017  0.467469 -0.000025  0.285178 -0.000015  0.059002 -0.000003  0.000936
                                -0.000000  0.000530 -0.000000 -0.000224  0.000000  0.000081 -0.000000  0.001056  0.000000 -0.000000
                                 0.001924  0.000000 -0.000000  0.000290  0.000000  0.000000 -0.000005  0.000000  0.000000  0.000003
                                -0.000000 -0.000000

   9.1   2    -3.2097  -57.4492  0.000012  0.000012  0.000034  0.000051  0.000103  0.000172  0.000317  0.000553  0.001002  0.001796
                                 0.003267  0.005842  0.009956  0.014887  0.015627 -0.000608 -0.053928 -0.118690 -0.083884  0.185986
                                 0.433216  0.018429 -0.032523  0.080346 -0.640513 -0.630281  0.300518  0.850088  0.270181 -0.004107
                                 0.004618 -0.002222  0.000483  0.000000 -0.000000  0.000002 -0.000000  0.000014 -0.000000  0.000062
                                -0.000000  0.000214 -0.000000  0.000570 -0.000000  0.001038 -0.000000  0.001250 -0.000000 -0.000010
                                 0.000000 -0.003352  0.000000 -0.004634  0.000001  0.002520 -0.000000  0.007824 -0.000001  0.002462
                                -0.000000 -0.000183  0.000000  0.000078 -0.000000 -0.000028  0.000000  0.000069 -0.000000 -0.000000
                                -0.000063  0.000000  0.000000 -0.000206  0.000000  0.000000  0.000006 -0.000000 -0.000000 -0.000003
                                 0.000000  0.000000

  10.1   0    -0.6866  -22.7935 -0.000004 -0.000004 -0.000012 -0.000018 -0.000037 -0.000062 -0.000114 -0.000200 -0.000359 -0.000652
                                -0.001165 -0.002136 -0.003515 -0.005541 -0.005237 -0.000678  0.021601  0.038049  0.043271 -0.117861
                                 0.221346 -1.189218  2.518774 -2.045062  0.730178  0.062636  0.048094 -0.845348 -0.066292  1.424966
                                -0.348387  0.177604 -0.036884  0.000000 -0.000000  0.000002 -0.000000  0.000009 -0.000000  0.000042
                                -0.000000  0.000145 -0.000000  0.000391 -0.000000  0.000709 -0.000000  0.000787 -0.000000 -0.000189
                                 0.000000 -0.001431  0.000001 -0.002474  0.000002 -0.003019  0.000001  0.002360 -0.000002  0.016509
                                -0.000006  0.022972 -0.000007  0.004457 -0.000001 -0.000431  0.000000 -0.000052  0.000000  0.000000
                                 0.000119 -0.000000 -0.000000  0.000236 -0.000000 -0.000000 -0.000068  0.000000  0.000000  0.000015
                                -0.000000 -0.000000

  11.1   0    -0.6975  -32.4404 -0.000000 -0.000000 -0.000000 -0.000000 -0.000000 -0.000000 -0.000000 -0.000000 -0.000000 -0.000000
                                -0.000000 -0.000000 -0.000000 -0.000000 -0.000000 -0.000000  0.000000  0.000000  0.000001 -0.000002
                                 0.000006 -0.000024  0.000051 -0.000041  0.000013  0.000000  0.000001 -0.000016  0.000001  0.000026
                                -0.000007  0.000004 -0.000001 -0.000000  0.000010 -0.000000  0.000080 -0.000000  0.000458 -0.000000
                                 0.002079 -0.000001  0.007204 -0.000002  0.019287 -0.000004  0.035173 -0.000004  0.039818  0.000001
                                -0.006260  0.000010 -0.091551  0.000014 -0.135277  0.000004 -0.038737 -0.000022  0.203045 -0.000050
                                 0.472096 -0.000049  0.457267 -0.000008  0.071375  0.000001 -0.005951  0.000000 -0.000117 -0.000283
                                 0.000000 -0.000069 -0.000159 -0.000001  0.000327  0.002306 -0.000001 -0.000020  0.002379  0.000000
                                -0.000019 -0.000469

                                   1 2px     1 2px     1 2px     1 2px     1 2px     1 2px     1 2px     1 2px     1 2px     1 2px  
                                   1 2px     1 2px     1 2px     1 2px     1 2px     1 2px     1 2px     1 2px     1 2px     1 2px  
                                   1 2px     1 2px     1 2px     1 2px     1 2px     1 2px     1 4f1+    1 4f3+    1 4f1+    1 4f3+ 
                                   1 4f1+    1 4f3+    1 4f1+    1 4f3+    1 4f1+    1 4f3+    1 4f1+    1 4f3+    1 4f1+    1 4f3+ 
                                   1 4f1+    1 4f3+    1 4f1+    1 4f3+    1 4f1+    1 4f3+    1 4f1+    1 4f3+    1 4f1+    1 4f3+ 
                                   1 4f1+    1 4f3+    1 4f1+    1 4f3+    1 6h1+    1 6h3+    1 6h5+    1 6h1+    1 6h3+    1 6h5+ 


   1.2   2  -288.2725 -830.9749  0.000013  0.000036  0.000109  0.000314  0.000925  0.002776  0.008419  0.025019  0.069325  0.164662
                                 0.301601  0.359226  0.215468  0.045662  0.002056 -0.000345  0.000767 -0.000655  0.000097 -0.000050
                                 0.000025 -0.000011  0.000005 -0.000002  0.000001 -0.000000  0.000001 -0.000000  0.000009 -0.000000
                                 0.000012 -0.000000 -0.000002 -0.000000  0.000004 -0.000000 -0.000007  0.000000  0.000004 -0.000000
                                -0.000004  0.000000  0.000001 -0.000000 -0.000001 -0.000000 -0.000000 -0.000000 -0.000000  0.000000
                                 0.000000 -0.000000 -0.000000  0.000000  0.000000  0.000000 -0.000000 -0.000000 -0.000000  0.000000

   2.2   2   -63.4070 -293.9161 -0.000006 -0.000018 -0.000054 -0.000156 -0.000460 -0.001386 -0.004235 -0.012740 -0.036130 -0.089151
                                -0.172434 -0.208119 -0.012900  0.388492  0.504903  0.199013 -0.001410  0.020229  0.001155 -0.000041
                                 0.000057 -0.000036  0.000017 -0.000008  0.000004 -0.000001  0.000001 -0.000000  0.000004 -0.000000
                                 0.000068 -0.000000  0.000253 -0.000000  0.000112 -0.000000 -0.000008 -0.000000 -0.000075 -0.000000
                                 0.000017 -0.000000 -0.000065 -0.000000 -0.000035 -0.000000 -0.000015 -0.000000 -0.000001 -0.000000
                                -0.000000  0.000000  0.000000 -0.000000  0.000003  0.000000 -0.000051 -0.000001 -0.000000  0.000016

   3.2   2   -12.7947 -124.6926  0.000003  0.000008  0.000026  0.000074  0.000218  0.000658  0.002015  0.006073  0.017328  0.043081
                                 0.084598  0.101977 -0.012429 -0.282229 -0.403047  0.071663  0.005873  0.598449  0.445572  0.076457
                                -0.000250  0.001239 -0.000404  0.000180 -0.000078  0.000024 -0.000000 -0.000000  0.000002 -0.000000
                                -0.000030 -0.000000 -0.000113 -0.000000  0.000299 -0.000000  0.000377 -0.000000  0.000893 -0.000000
                                 0.000289 -0.000000 -0.000193 -0.000000 -0.000501 -0.000000 -0.000217 -0.000000 -0.000023 -0.000000
                                 0.000000  0.000000 -0.000000 -0.000000 -0.000023  0.000000 -0.000641  0.000020 -0.000000  0.000087

   4.2   2    -2.1555  -49.8101 -0.000001 -0.000003 -0.000009 -0.000027 -0.000079 -0.000238 -0.000730 -0.002202 -0.006292 -0.015661
                                -0.030868 -0.037147  0.005951  0.111526  0.161664 -0.059790  0.009110 -0.339569 -0.266757  0.229819
                                 0.606342  0.353156  0.020462 -0.000231 -0.000195  0.000083 -0.000002 -0.000000 -0.000017 -0.000000
                                -0.000063 -0.000000 -0.000178 -0.000000 -0.000611 -0.000000 -0.000150  0.000000 -0.000932 -0.000000
                                -0.000223  0.000000  0.001170 -0.000000  0.003445 -0.000001  0.001992 -0.000000  0.000072 -0.000000
                                 0.000017 -0.000000 -0.000007  0.000000 -0.000081  0.000000 -0.000362 -0.000080  0.000000 -0.000332

   5.2   +    -1.8057  -84.7305 -0.000000 -0.000000 -0.000000 -0.000000 -0.000000 -0.000001 -0.000002 -0.000007 -0.000021 -0.000051
                                -0.000102 -0.000122  0.000026  0.000399  0.000544 -0.000423  0.000135 -0.001325 -0.000049  0.001622
                                 0.000080 -0.003379 -0.001005  0.000130 -0.000050  0.000014  0.001011  0.000000  0.008626  0.000000
                                 0.039094  0.000002  0.115645  0.000005  0.233270  0.000010  0.002352  0.000000  0.322590  0.000014
                                 0.004820  0.000000  0.325790  0.000014  0.237317  0.000010  0.100746  0.000004  0.010874  0.000000
                                -0.000225 -0.000000  0.000054  0.000000  0.002512 -0.000000 -0.000409  0.000106 -0.000000  0.000068

   6.2   +    -1.7302  -84.1893  0.000000  0.000000  0.000000  0.000000  0.000000  0.000000  0.000000  0.000000  0.000000  0.000000
                                 0.000000  0.000000 -0.000000 -0.000000 -0.000000  0.000000 -0.000000  0.000000  0.000000  0.000000
                                 0.000001  0.000001  0.000000 -0.000000  0.000000 -0.000000 -0.000000  0.001004 -0.000000  0.008570
                                -0.000002  0.038847 -0.000005  0.114890 -0.000010  0.231486 -0.000000  0.002346 -0.000014  0.319897
                                -0.000000  0.004745 -0.000014  0.324531 -0.000010  0.240727 -0.000005  0.107295 -0.000001  0.013263
                                 0.000000 -0.000370 -0.000000  0.000113 -0.000000  0.001628 -0.000000 -0.000000  0.000089 -0.000000

   7.2   0    -0.5269  -18.6864  0.000000  0.000001  0.000003  0.000009  0.000026  0.000077  0.000237  0.000712  0.002045  0.005061
                                 0.010060  0.011921 -0.001658 -0.037372 -0.050585  0.009812  0.024935  0.090378  0.105452 -0.116255
                                -0.234519 -0.310078  0.563945  0.688018 -0.029415  0.013299  0.000003 -0.000000  0.000028 -0.000000
                                 0.000120 -0.000000  0.000354 -0.000000  0.000778 -0.000000  0.000126 -0.000000  0.001028 -0.000000
                                 0.000211 -0.000000 -0.000021 -0.000000 -0.001018  0.000000 -0.000150  0.000000  0.002774 -0.000000
                                 0.001894 -0.000000 -0.000112  0.000000  0.000082 -0.000000 -0.000136  0.000009 -0.000000 -0.000011

   8.2   0    -0.2858  -10.6362 -0.000000 -0.000001 -0.000002 -0.000005 -0.000016 -0.000049 -0.000150 -0.000447 -0.001297 -0.003170
                                -0.006410 -0.007345  0.000600  0.024825  0.028500  0.008981 -0.056067 -0.019560 -0.087703  0.101861
                                 0.114382  0.318850 -0.784984 -0.376561  1.307112 -0.043907  0.000002 -0.000000  0.000017 -0.000000
                                 0.000084 -0.000000  0.000231 -0.000000  0.000579 -0.000000 -0.000337  0.000000  0.001011 -0.000000
                                -0.000691  0.000000  0.001666 -0.000000  0.000835 -0.000000 -0.000856  0.000000 -0.011793  0.000001
                                -0.035559  0.000002 -0.019040  0.000001 -0.000044  0.000000  0.000087 -0.000019  0.000000  0.000003

                                   1 2py     1 2py     1 2py     1 2py     1 2py     1 2py     1 2py     1 2py     1 2py     1 2py  
                                   1 2py     1 2py     1 2py     1 2py     1 2py     1 2py     1 2py     1 2py     1 2py     1 2py  
                                   1 2py     1 2py     1 2py     1 2py     1 2py     1 2py     1 4f1-    1 4f3-    1 4f1-    1 4f3- 
                                   1 4f1-    1 4f3-    1 4f1-    1 4f3-    1 4f1-    1 4f3-    1 4f1-    1 4f3-    1 4f1-    1 4f3- 
                                   1 4f1-    1 4f3-    1 4f1-    1 4f3-    1 4f1-    1 4f3-    1 4f1-    1 4f3-    1 4f1-    1 4f3- 
                                   1 4f1-    1 4f3-    1 4f1-    1 4f3-    1 6h1-    1 6h3-    1 6h5-    1 6h1-    1 6h3-    1 6h5- 


   1.3   2  -288.2725 -830.9749  0.000013  0.000036  0.000109  0.000314  0.000925  0.002776  0.008419  0.025019  0.069325  0.164662
                                 0.301601  0.359226  0.215468  0.045662  0.002056 -0.000345  0.000767 -0.000655  0.000097 -0.000050
                                 0.000025 -0.000011  0.000005 -0.000002  0.000001 -0.000000  0.000001 -0.000000  0.000009 -0.000000
                                 0.000012 -0.000000 -0.000002  0.000000  0.000004 -0.000000 -0.000007  0.000000  0.000004 -0.000000
                                -0.000004  0.000000  0.000001 -0.000000 -0.000001 -0.000000 -0.000000 -0.000000 -0.000000  0.000000
                                 0.000000 -0.000000 -0.000000  0.000000  0.000000 -0.000000  0.000000 -0.000000  0.000000 -0.000000

   2.3   2   -63.4070 -293.9161 -0.000006 -0.000018 -0.000054 -0.000156 -0.000460 -0.001386 -0.004235 -0.012740 -0.036130 -0.089151
                                -0.172434 -0.208119 -0.012900  0.388492  0.504903  0.199014 -0.001410  0.020229  0.001155 -0.000041
                                 0.000057 -0.000036  0.000017 -0.000008  0.000004 -0.000001  0.000001 -0.000000  0.000004 -0.000000
                                 0.000068 -0.000000  0.000253 -0.000000  0.000112 -0.000000 -0.000008  0.000000 -0.000075  0.000000
                                 0.000017 -0.000000 -0.000065 -0.000000 -0.000035 -0.000000 -0.000015 -0.000000 -0.000001 -0.000000
                                -0.000000  0.000000  0.000000 -0.000000  0.000003 -0.000000  0.000051 -0.000001  0.000000 -0.000016

   3.3   2   -12.7947 -124.6926  0.000003  0.000008  0.000026  0.000074  0.000218  0.000658  0.002015  0.006073  0.017328  0.043081
                                 0.084598  0.101977 -0.012429 -0.282229 -0.403047  0.071663  0.005873  0.598450  0.445571  0.076457
                                -0.000250  0.001239 -0.000404  0.000180 -0.000078  0.000024 -0.000000 -0.000000  0.000002 -0.000000
                                -0.000030 -0.000000 -0.000113 -0.000000  0.000299 -0.000000  0.000377 -0.000000  0.000893 -0.000000
                                 0.000289 -0.000000 -0.000192 -0.000000 -0.000501 -0.000000 -0.000217 -0.000000 -0.000023 -0.000000
                                 0.000000  0.000000 -0.000000 -0.000000 -0.000023 -0.000000  0.000641  0.000020 -0.000000 -0.000087

   4.3   2    -2.1555  -49.8102 -0.000001 -0.000003 -0.000009 -0.000027 -0.000079 -0.000238 -0.000730 -0.002202 -0.006292 -0.015661
                                -0.030868 -0.037147  0.005951  0.111526  0.161664 -0.059790  0.009110 -0.339570 -0.266758  0.229820
                                 0.606343  0.353154  0.020461 -0.000231 -0.000195  0.000083 -0.000002 -0.000000 -0.000017 -0.000000
                                -0.000063 -0.000000 -0.000178 -0.000000 -0.000611 -0.000000 -0.000150  0.000000 -0.000932 -0.000000
                                -0.000223  0.000000  0.001170 -0.000001  0.003445 -0.000001  0.001992 -0.000000  0.000072 -0.000000
                                 0.000017 -0.000000 -0.000007  0.000000 -0.000081  0.000000  0.000362 -0.000080  0.000000  0.000332

   5.3   2    -1.5977  -83.0641  0.000000  0.000000  0.000000  0.000000  0.000000  0.000000  0.000000  0.000000  0.000000  0.000000
                                 0.000000  0.000000 -0.000000 -0.000000 -0.000000  0.000000 -0.000000  0.000000 -0.000000  0.000000
                                 0.000001  0.000001  0.000000 -0.000000  0.000000 -0.000000 -0.000000  0.000991 -0.000001  0.008458
                                -0.000005  0.038345 -0.000015  0.113404 -0.000031  0.227936 -0.000000  0.002279 -0.000043  0.314147
                                -0.000001  0.004529 -0.000044  0.321509 -0.000034  0.247492 -0.000017  0.121172 -0.000003  0.018935
                                 0.000000 -0.000641 -0.000000  0.000237 -0.000000  0.000892 -0.000000  0.000000  0.000008 -0.000000

   6.3   +    -1.8057  -84.7306 -0.000000 -0.000000 -0.000000 -0.000000 -0.000000 -0.000001 -0.000002 -0.000007 -0.000021 -0.000051
                                -0.000102 -0.000122  0.000026  0.000399  0.000544 -0.000423  0.000135 -0.001324 -0.000049  0.001621
                                 0.000079 -0.003379 -0.001005  0.000130 -0.000050  0.000014  0.001011  0.000000  0.008626  0.000001
                                 0.039094  0.000005  0.115645  0.000016  0.233270  0.000032  0.002352  0.000000  0.322590  0.000044
                                 0.004820  0.000001  0.325790  0.000044  0.237317  0.000032  0.100745  0.000014  0.010873  0.000002
                                -0.000225 -0.000000  0.000054  0.000000  0.002511  0.000000  0.000409  0.000106 -0.000000 -0.000068

   7.3   0    -0.5269  -18.6864  0.000000  0.000001  0.000003  0.000009  0.000026  0.000077  0.000237  0.000712  0.002045  0.005062
                                 0.010060  0.011921 -0.001658 -0.037372 -0.050585  0.009812  0.024934  0.090379  0.105452 -0.116255
                                -0.234521 -0.310076  0.563948  0.688016 -0.029416  0.013299  0.000003 -0.000000  0.000028 -0.000000
                                 0.000120 -0.000000  0.000353 -0.000000  0.000778 -0.000000  0.000126 -0.000000  0.001027 -0.000000
                                 0.000211 -0.000000 -0.000021  0.000000 -0.001018  0.000000 -0.000150  0.000000  0.002774 -0.000001
                                 0.001894 -0.000000 -0.000112  0.000000  0.000082 -0.000000  0.000136  0.000009 -0.000000  0.000011

   8.3   0    -0.2858  -10.6362 -0.000000 -0.000001 -0.000002 -0.000005 -0.000016 -0.000049 -0.000150 -0.000447 -0.001297 -0.003170
                                -0.006410 -0.007345  0.000600  0.024825  0.028500  0.008981 -0.056067 -0.019561 -0.087703  0.101861
                                 0.114383  0.318849 -0.784988 -0.376554  1.307111 -0.043908  0.000002 -0.000000  0.000017 -0.000000
                                 0.000084 -0.000000  0.000231 -0.000000  0.000579 -0.000000 -0.000337  0.000000  0.001011 -0.000000
                                -0.000691  0.000000  0.001666 -0.000000  0.000835 -0.000000 -0.000856  0.000000 -0.011790  0.000001
                                -0.035552  0.000004 -0.019036  0.000002 -0.000044  0.000000 -0.000087 -0.000019  0.000000 -0.000003

                                   1 3d2-    1 3d2-    1 3d2-    1 3d2-    1 3d2-    1 3d2-    1 3d2-    1 3d2-    1 3d2-    1 3d2- 
                                   1 3d2-    1 3d2-    1 3d2-    1 3d2-    1 3d2-    1 3d2-    1 3d2-    1 5g2-    1 5g4-    1 5g2- 
                                   1 5g4-    1 5g2-    1 5g4-    1 5g2-    1 5g4-    1 5g2-    1 5g4- 

   1.4   2   -48.4434 -271.0415  0.000090  0.000696  0.003989  0.017837  0.061332  0.159751  0.296120  0.364627  0.244023  0.069370
                                 0.005635  0.000577  0.000002  0.000039 -0.000013  0.000006 -0.000002  0.000157  0.000371 -0.000086
                                 0.000151  0.000011  0.000043 -0.000004  0.000001  0.000002 -0.000000

   2.4   2    -7.3865 -109.1301 -0.000043 -0.000332 -0.001908 -0.008611 -0.029904 -0.079504 -0.145957 -0.165782 -0.000603  0.317725
                                 0.466078  0.286032  0.060562  0.001256  0.000539 -0.000224  0.000081  0.000568  0.001375  0.001032
                                 0.002629 -0.000063  0.001522 -0.000022  0.000090  0.000007 -0.000027

   3.4   0    -0.6975  -32.4403  0.000010  0.000080  0.000458  0.002079  0.007204  0.019287  0.035173  0.039818 -0.006260 -0.091551
                                -0.135277 -0.038737  0.203044  0.472096  0.457268  0.071376 -0.005951 -0.000283  0.000117 -0.000159
                                 0.000069  0.002306 -0.000328  0.002380  0.000019 -0.000469  0.000020

   4.4   0    -0.3325  -13.8657 -0.000005 -0.000036 -0.000206 -0.000945 -0.003243 -0.008773 -0.015786 -0.018290  0.003612  0.040691
                                 0.063849  0.012482 -0.092700 -0.267381 -0.169826  0.831720  0.291648  0.000128 -0.000052  0.000048
                                -0.000020 -0.001099  0.000187 -0.000717 -0.000012  0.001562 -0.000049

                                   1 2pz     1 2pz     1 2pz     1 2pz     1 2pz     1 2pz     1 2pz     1 2pz     1 2pz     1 2pz  
                                   1 2pz     1 2pz     1 2pz     1 2pz     1 2pz     1 2pz     1 2pz     1 2pz     1 2pz     1 2pz  
                                   1 2pz     1 2pz     1 2pz     1 2pz     1 2pz     1 2pz     1 4f0     1 4f2+    1 4f0     1 4f2+ 
                                   1 4f0     1 4f2+    1 4f0     1 4f2+    1 4f0     1 4f2+    1 4f0     1 4f2+    1 4f0     1 4f2+ 
                                   1 4f0     1 4f2+    1 4f0     1 4f2+    1 4f0     1 4f2+    1 4f0     1 4f2+    1 4f0     1 4f2+ 
                                   1 4f0     1 4f2+    1 4f0     1 4f2+    1 6h2+    1 6h4+    1 6h0     1 6h2+    1 6h4+    1 6h0  


   1.5   2  -288.2831 -830.9832  0.000013  0.000036  0.000109  0.000314  0.000925  0.002776  0.008419  0.025019  0.069323  0.164656
                                 0.301589  0.359213  0.215484  0.045691  0.002054 -0.000342  0.000760 -0.000653  0.000097 -0.000050
                                 0.000025 -0.000011  0.000005 -0.000002  0.000001 -0.000000  0.000002 -0.000000  0.000011 -0.000000
                                 0.000013 -0.000000 -0.000001 -0.000000  0.000005 -0.000000 -0.000007  0.000000  0.000005 -0.000000
                                -0.000004  0.000000  0.000001 -0.000000 -0.000000 -0.000000  0.000000 -0.000000 -0.000000 -0.000000
                                 0.000000 -0.000000 -0.000000  0.000000  0.000000  0.000000  0.000000 -0.000000 -0.000000 -0.000000

   2.5   2   -63.4571 -293.9523 -0.000006 -0.000018 -0.000054 -0.000156 -0.000460 -0.001386 -0.004234 -0.012737 -0.036121 -0.089128
                                -0.172389 -0.208064 -0.012967  0.388180  0.504991  0.199358 -0.001508  0.020234  0.001097 -0.000050
                                 0.000053 -0.000035  0.000016 -0.000008  0.000004 -0.000001  0.000001 -0.000000  0.000006 -0.000000
                                 0.000086 -0.000000  0.000299 -0.000000  0.000172 -0.000000  0.000001 -0.000000 -0.000022 -0.000000
                                 0.000020 -0.000000 -0.000027 -0.000000 -0.000010 -0.000000 -0.000005 -0.000000 -0.000000 -0.000000
                                -0.000000  0.000000  0.000000 -0.000000  0.000000  0.000000 -0.000000 -0.000000 -0.000000  0.000000

   3.5   2   -12.8623 -124.7959  0.000003  0.000008  0.000026  0.000074  0.000218  0.000658  0.002016  0.006075  0.017334  0.043097
                                 0.084624  0.102017 -0.012399 -0.282083 -0.403598  0.071239  0.005099  0.601003  0.445255  0.075172
                                -0.000305  0.001183 -0.000386  0.000171 -0.000074  0.000022  0.000002 -0.000000  0.000021 -0.000000
                                 0.000049 -0.000000  0.000143 -0.000000  0.000886 -0.000000  0.000368 -0.000000  0.001713 -0.000000
                                 0.000303 -0.000000  0.000537 -0.000000 -0.000095 -0.000000 -0.000075 -0.000000 -0.000007 -0.000000
                                -0.000000  0.000000  0.000000 -0.000000  0.000000  0.000000 -0.000082 -0.000000 -0.000000  0.000034

   4.5   2    -2.1903  -50.0869 -0.000001 -0.000003 -0.000009 -0.000027 -0.000080 -0.000240 -0.000736 -0.002218 -0.006339 -0.015778
                                -0.031098 -0.037427  0.005988  0.112292  0.163131 -0.060227  0.010015 -0.344717 -0.268940  0.238690
                                 0.612035  0.343414  0.017813  0.000146 -0.000334  0.000122  0.000001 -0.000000  0.000009 -0.000000
                                 0.000057 -0.000000  0.000167 -0.000000  0.000054 -0.000000 -0.000116 -0.000000  0.000044 -0.000000
                                -0.000170 -0.000000  0.002398 -0.000000  0.004707 -0.000001  0.002656 -0.000000  0.000128 -0.000000
                                 0.000017 -0.000000 -0.000007  0.000000  0.000000  0.000000 -0.000132  0.000000  0.000000 -0.000131

   5.5   +    -1.8127  -84.7837 -0.000000 -0.000000 -0.000000 -0.000000 -0.000000 -0.000001 -0.000003 -0.000009 -0.000026 -0.000064
                                -0.000126 -0.000151  0.000028  0.000463  0.000642 -0.000282  0.000049 -0.001108 -0.000075  0.000244
                                -0.002342 -0.004402 -0.000961  0.000115 -0.000043  0.000012  0.001012  0.000000  0.008631  0.000001
                                 0.039121  0.000007  0.115726  0.000020  0.233458  0.000040  0.002351  0.000000  0.322861  0.000056
                                 0.004826  0.000001  0.325886  0.000056  0.236941  0.000041  0.100115  0.000017  0.010665  0.000002
                                -0.000212 -0.000000  0.000049  0.000000  0.000000 -0.000000  0.002563  0.000000 -0.000000  0.000113

   6.5   +    -1.7812  -84.5532  0.000000  0.000000  0.000000  0.000000  0.000000  0.000000  0.000000  0.000000  0.000000  0.000000
                                 0.000000  0.000000 -0.000000 -0.000000 -0.000000  0.000000  0.000000  0.000000  0.000000  0.000000
                                 0.000001  0.000001  0.000000 -0.000000  0.000000 -0.000000 -0.000000  0.001009 -0.000001  0.008607
                                -0.000007  0.039010 -0.000020  0.115389 -0.000040  0.232669 -0.000000  0.002359 -0.000056  0.321694
                                -0.000001  0.004810 -0.000056  0.325392 -0.000041  0.238478 -0.000018  0.102870 -0.000002  0.011612
                                 0.000000 -0.000271 -0.000000  0.000073  0.002333  0.000419 -0.000001  0.000086 -0.000065 -0.000000

   7.5   0    -0.5324  -18.8638  0.000000  0.000001  0.000003  0.000009  0.000026  0.000078  0.000241  0.000723  0.002076  0.005140
                                 0.010210  0.012112 -0.001704 -0.037868 -0.051647  0.010739  0.022981  0.094989  0.105999 -0.121025
                                -0.242372 -0.300246  0.584277  0.669931 -0.031917  0.013505  0.000003 -0.000000  0.000025 -0.000000
                                 0.000106 -0.000000  0.000318 -0.000000  0.000711 -0.000000  0.000107 -0.000000  0.000936 -0.000000
                                 0.000183 -0.000000 -0.000055  0.000000 -0.001023  0.000000 -0.000143  0.000000  0.003134 -0.000000
                                 0.002133 -0.000000 -0.000134  0.000000 -0.000000 -0.000000  0.000095 -0.000000 -0.000000  0.000009

   8.5   0    -0.2878  -10.7046 -0.000000 -0.000001 -0.000002 -0.000006 -0.000016 -0.000049 -0.000152 -0.000453 -0.001313 -0.003210
                                -0.006488 -0.007442  0.000622  0.025085  0.029044  0.008572 -0.055214 -0.021937 -0.088080  0.105069
                                 0.119119  0.311978 -0.809403 -0.329702  1.292041 -0.048765  0.000001 -0.000000  0.000007 -0.000000
                                 0.000037 -0.000000  0.000095 -0.000000  0.000247 -0.000000 -0.000233  0.000000  0.000488 -0.000000
                                -0.000476  0.000000  0.001112 -0.000000  0.000782 -0.000000 -0.000543  0.000000 -0.008609  0.000000
                                -0.022140  0.000001 -0.010497  0.000000  0.000000  0.000000 -0.000055  0.000000  0.000000 -0.000012

                                   1 3d1+    1 3d1+    1 3d1+    1 3d1+    1 3d1+    1 3d1+    1 3d1+    1 3d1+    1 3d1+    1 3d1+ 
                                   1 3d1+    1 3d1+    1 3d1+    1 3d1+    1 3d1+    1 3d1+    1 3d1+    1 5g1+    1 5g3+    1 5g1+ 
                                   1 5g3+    1 5g1+    1 5g3+    1 5g1+    1 5g3+    1 5g1+    1 5g3+ 

   1.6   2   -48.4629 -271.0652  0.000090  0.000696  0.003989  0.017836  0.061327  0.159737  0.296093  0.364680  0.244178  0.069266
                                 0.005419  0.000482 -0.000031  0.000034 -0.000013  0.000006 -0.000002  0.000280 -0.000000 -0.000072
                                 0.000000  0.000024 -0.000000 -0.000004  0.000000  0.000002 -0.000000

   2.6   2    -7.3935 -109.1911 -0.000043 -0.000332 -0.001908 -0.008610 -0.029902 -0.079499 -0.145945 -0.165834 -0.000774  0.318208
                                 0.467335  0.285294  0.059126  0.000944  0.000533 -0.000224  0.000082  0.001016 -0.000000  0.001860
                                -0.000000  0.000279 -0.000000 -0.000006 -0.000000  0.000003  0.000000

   3.6   0    -0.7107  -32.8765  0.000010  0.000082  0.000468  0.002121  0.007347  0.019673  0.035870  0.040637 -0.006362 -0.093652
                                -0.138735 -0.037865  0.211887  0.480647  0.445665  0.063409 -0.004967 -0.000324  0.000000 -0.000173
                                 0.000000  0.002819 -0.000000  0.003019 -0.000000 -0.000591  0.000000

   4.6   0    -0.3352  -13.9299 -0.000005 -0.000037 -0.000207 -0.000949 -0.003256 -0.008815 -0.015844 -0.018401  0.003666  0.040920
                                 0.064635  0.011456 -0.095092 -0.269953 -0.151091  0.839172  0.276695  0.000145 -0.000000  0.000049
                                -0.000000 -0.001312  0.000000 -0.000831  0.000000  0.002112 -0.000000

                                   1 3d1-    1 3d1-    1 3d1-    1 3d1-    1 3d1-    1 3d1-    1 3d1-    1 3d1-    1 3d1-    1 3d1- 
                                   1 3d1-    1 3d1-    1 3d1-    1 3d1-    1 3d1-    1 3d1-    1 3d1-    1 5g1-    1 5g3-    1 5g1- 
                                   1 5g3-    1 5g1-    1 5g3-    1 5g1-    1 5g3-    1 5g1-    1 5g3- 

   1.7   2   -48.4629 -271.0652  0.000090  0.000696  0.003989  0.017836  0.061327  0.159737  0.296093  0.364680  0.244178  0.069266
                                 0.005419  0.000482 -0.000031  0.000034 -0.000013  0.000006 -0.000002  0.000280 -0.000000 -0.000072
                                -0.000000  0.000024 -0.000000 -0.000004  0.000000  0.000002 -0.000000

   2.7   2    -7.3935 -109.1911 -0.000043 -0.000332 -0.001908 -0.008610 -0.029902 -0.079499 -0.145945 -0.165834 -0.000774  0.318208
                                 0.467335  0.285294  0.059126  0.000944  0.000533 -0.000224  0.000082  0.001016 -0.000000  0.001860
                                -0.000000  0.000279 -0.000000 -0.000006 -0.000000  0.000003  0.000000

   3.7   0    -0.7107  -32.8765  0.000010  0.000082  0.000468  0.002121  0.007347  0.019673  0.035870  0.040637 -0.006362 -0.093652
                                -0.138735 -0.037865  0.211888  0.480648  0.445665  0.063409 -0.004967 -0.000324  0.000000 -0.000173
                                 0.000000  0.002818 -0.000000  0.003018 -0.000000 -0.000591  0.000000

   4.7   0    -0.3352  -13.9299 -0.000005 -0.000037 -0.000207 -0.000949 -0.003256 -0.008815 -0.015844 -0.018401  0.003666  0.040920
                                 0.064635  0.011456 -0.095092 -0.269953 -0.151089  0.839173  0.276693  0.000145 -0.000000  0.000049
                                -0.000000 -0.001312  0.000000 -0.000831  0.000000  0.002111 -0.000000

                                   1 4f2-    1 4f2-    1 4f2-    1 4f2-    1 4f2-    1 4f2-    1 4f2-    1 4f2-    1 4f2-    1 4f2- 
                                   1 4f2-    1 4f2-    1 4f2-    1 4f2-    1 6h4-    1 6h2-    1 6h4-    1 6h2- 

   1.8   +    -1.7812  -84.5532  0.001009  0.008607  0.039010  0.115389  0.232668  0.002359  0.321694  0.004810  0.325392  0.238478
                                 0.102871  0.011612 -0.000271  0.000073 -0.000420  0.002334  0.000065  0.000086

   2.8   0    -0.2827  -12.5228 -0.000068 -0.000560 -0.002611 -0.007437 -0.017487  0.004182 -0.027043  0.009068 -0.026640 -0.002476
                                 0.015202  0.161881  0.619043  0.383077  0.000022 -0.000138 -0.000026  0.000280

   3.8   0    -0.1685  -10.2479  0.000076  0.000650  0.002956  0.008706  0.017850 -0.000552  0.024687 -0.001191  0.023236  0.005802
                                -0.027562 -0.197828 -0.847295  1.167014 -0.000024  0.000153  0.000032 -0.000340

 HOMO      6.2    -1.730180 =     -47.0806eV
 LUMO      3.7    -0.710737 =     -19.3401eV
 LUMO-HOMO         1.019442 =      27.7404eV


 **********************************************************************************************************************************
 DATASETS  * FILE   NREC   LENGTH (MB)   RECORD NAMES
              1      22       21.35       500      610      700      900      950      970     1000      129      960     1700   
                                          VAR    BASINP    GEOM    SYMINP    ZMAT    AOBASIS   BASIS     P2S    ABASIS    OPER   
                                         1101     1401     1411     1412     1650     1100     1400     1410     1200     1210   
                                          SR      EKINR    POTR     PVPR    MOLCAS      S      EKIN      POT      H0       H01  
                                         1080     1600   
                                         AOSYM     SMH  

              2       5        5.97       200      700     1000      520     2114   
                                        OPTIONS   GEOM     BASIS   MCVARS     RHF  

 PROGRAMS   *        TOTAL       RHF       INT
 CPU TIMES  *        91.47      1.50     89.61
 REAL TIME  *        95.06 SEC
 DISK USED  *         4.12 GB      
 SF USED    *         0.08 MB      
 GA USED    *         0.00 MB       (max)       0.00 MB       (current)
 **********************************************************************************************************************************
 SETTING SCF(11)        =    -11703.60489385  AU                              


 PROGRAM * POP (Mulliken population analysis)

 
 Density matrix read from record         2114.2  Type=RHF/CHARGE (state 1.6)
 
 Population analysis by basis function type

 Unique atom        s        p        d        f        g    Total    Charge
   1  TB      9.99976 23.99978 20.00012  8.00018  0.00013 62.00000  + 3.00000


 **********************************************************************************************************************************
 DATASETS  * FILE   NREC   LENGTH (MB)   RECORD NAMES
              1      22       21.35       500      610      700      900      950      970     1000      129      960     1700   
                                          VAR    BASINP    GEOM    SYMINP    ZMAT    AOBASIS   BASIS     P2S    ABASIS    OPER   
                                         1101     1401     1411     1412     1650     1100     1400     1410     1200     1210   
                                          SR      EKINR    POTR     PVPR    MOLCAS      S      EKIN      POT      H0       H01  
                                         1080     1600   
                                         AOSYM     SMH  

              2       5        5.97       200      700     1000      520     2114   
                                        OPTIONS   GEOM     BASIS   MCVARS     RHF  

 PROGRAMS   *        TOTAL       POP       RHF       INT
 CPU TIMES  *        91.48      0.01      1.50     89.61
 REAL TIME  *        95.08 SEC
 DISK USED  *         4.12 GB      
 SF USED    *         0.08 MB      
 GA USED    *         0.00 MB       (max)       0.00 MB       (current)
 **********************************************************************************************************************************
 SETTING _CC_NORM_MAX   =         2.00000000                                  


 PROGRAM * CCSD (Unrestricted open-shell coupled cluster)     Authors: C. Hampel, H.-J. Werner, 1991, M. Deegan, P.J. Knowles, 1992


 Input parameters for THRESH:

 THRDIS =    1.000000
 ONEINT =    1.00D-15
 TWOINT =    1.00D-15
 ENERGY =    5.00D-06
 COEFF  =    0.001000

 Convergence thresholds:  THRVAR = 1.00D-06  THRDEN = 5.00D-06

 CCSD(T)     terms to be evaluated (factor= 1.000)


 Number of core orbitals:          23 (   8   3   3   2   3   2   2   0 )
 Number of closed-shell orbitals:   5 (   1   1   2   0   1   0   0   0 )
 Number of active  orbitals:        6 (   0   2   1   0   2   0   0   1 )
 Number of external orbitals:     327 (  73  54  54  25  54  25  25  17 )

 Memory could be reduced to 86.35 Mwords without degradation in triples

 Number of N-1 electron functions:              16
 Number of N-2 electron functions:             120
 Number of singly external CSFs:               887
 Number of doubly external CSFs:           1237427
 Total number of CSFs:                     1238314

 Molecular orbitals read from record     2114.2  Type=RHF/CANONICAL (state 1.6)

 Integral transformation finished. Total CPU:   1.93 sec, npass=  1  Memory used:  19.26 MW

 Starting RMP2 calculation

 ITER.      SQ.NORM     CORR.ENERGY   TOTAL ENERGY   ENERGY CHANGE        DEN1      VAR(S)    VAR(P)  DIIS     TIME
   1      1.09169721    -0.65740898-11704.26230283    -0.65740898    -0.00064390  0.73D-05  0.14D-03  1  1     2.23
   2      1.09203831    -0.65808621-11704.26298006    -0.00067723    -0.00000113  0.19D-07  0.24D-06  2  2     2.32
   3      1.09204616    -0.65809656-11704.26299041    -0.00001035    -0.00000001  0.48D-10  0.17D-08  3  3     2.43
   4      1.09204591    -0.65809623-11704.26299008     0.00000033    -0.00000000  0.13D-11  0.18D-10  4  4     2.54

 Norm of t1 vector:      0.03820079      S-energy:    -0.00402468      T1 diagnostic:  0.00016327
 Norm of t2 vector:      0.30097610      P-energy:    -0.65407155
                                         Alpha-Beta:  -0.36402340
                                         Alpha-Alpha: -0.25410993
                                         Beta-Beta:   -0.03593822

 Spin contamination <S**2-Sz**2-Sz>     0.00411572
  Reference energy                   -11703.6048938525    
  RHF-RMP2 correlation energy          -0.658096227272
 !RHF-RMP2 energy                    -11704.2629900798    

 Starting UCCSD calculation

 ITER.      SQ.NORM     CORR.ENERGY   TOTAL ENERGY   ENERGY CHANGE        DEN1      VAR(S)    VAR(P)  DIIS     TIME
   1      1.08325240    -0.61109303-11704.21598689    -0.61109303    -0.01522968  0.17D-02  0.16D-02  1  1     3.76
   2      1.08867030    -0.62388176-11704.22877561    -0.01278873    -0.00092439  0.58D-04  0.18D-03  2  2     4.74
   3      1.09054746    -0.62551103-11704.23040488    -0.00162927    -0.00006673  0.15D-04  0.91D-05  3  3     5.82
   4      1.09108693    -0.62607275-11704.23096661    -0.00056172    -0.00000571  0.23D-06  0.14D-05  4  4     6.81
   5      1.09119554    -0.62612282-11704.23101667    -0.00005006    -0.00000048  0.27D-07  0.12D-06  5  5     7.83
   6      1.09120820    -0.62612481-11704.23101866    -0.00000199    -0.00000007  0.38D-08  0.17D-07  6  6     8.84

 Norm of t1 vector:      0.07004298      S-energy:    -0.00513871      T1 diagnostic:  0.00857396
                                                                       D1 diagnostic:  0.01903707
 Norm of t2 vector:      0.29377233      P-energy:    -0.62098610
                                         Alpha-Beta:  -0.35924102
                                         Alpha-Alpha: -0.23101809
                                         Beta-Beta:   -0.03072699

 Spin contamination <S**2-Sz**2-Sz>     0.00154646

 Memory could be reduced to 91.64 Mwords without degradation in triples
 

 RESULTS
 =======

  Reference energy                   -11703.6048938525    
  UCCSD singles energy                 -0.005138711230
  UCCSD pair energy                    -0.620986096265
  UCCSD correlation energy             -0.626124807495
  Triples (T) contribution             -0.019961426219
  Total correlation energy             -0.646086233714
 
  RHF-UCCSD energy                   -11704.2310186600    
  RHF-UCCSD[T] energy                -11704.2518497574    
  RHF-UCCSD-T energy                 -11704.2506326888    
 !RHF-UCCSD(T) energy                -11704.2509800862    

 Program statistics:

 Available memory in ccsd:               999998822
 Min. memory needed in ccsd:               4077426
 Max. memory used in ccsd:                 5579894
 Max. memory used in cckext:               4965169 ( 6 integral passes)
 Max. memory used in cckint:              19264969 ( 1 integral passes)



 **********************************************************************************************************************************
 DATASETS  * FILE   NREC   LENGTH (MB)   RECORD NAMES
              1      22       21.35       500      610      700      900      950      970     1000      129      960     1700   
                                          VAR    BASINP    GEOM    SYMINP    ZMAT    AOBASIS   BASIS     P2S    ABASIS    OPER   
                                         1101     1401     1411     1412     1650     1100     1400     1410     1200     1210   
                                          SR      EKINR    POTR     PVPR    MOLCAS      S      EKIN      POT      H0       H01  
                                         1080     1600   
                                         AOSYM     SMH  

              2       5        5.97       200      700     1000      520     2114   
                                        OPTIONS   GEOM     BASIS   MCVARS     RHF  

 PROGRAMS   *        TOTAL  UCCSD(T)       POP       RHF       INT
 CPU TIMES  *       116.53     25.05      0.01      1.50     89.61
 REAL TIME  *       128.54 SEC
 DISK USED  *         5.87 GB      
 SF USED    *         1.45 GB      
 GA USED    *         0.00 MB       (max)       0.00 MB       (current)
 **********************************************************************************************************************************
 SETTING CCSD(11)       =    -11704.25098009  AU                              
                                                                                                                                                                                                                                                                

           SCF            CCSD
         0.00000        0.00000
         0.00000        0.00000
         0.00000        0.00000
         0.00000        0.00000
         0.00000        0.00000
         0.00000        0.00000
         0.00000        0.00000
         0.00000        0.00000
         0.00000        0.00000
         0.00000        0.00000
    -11703.60489   -11704.25098
                                                  

 UCCSD(T)/USERDEF energy= -11704.250980086234

        UCCSD(T)        RHF-SCF 
 -11704.25098009 -11703.60489385
 **********************************************************************************************************************************
 Molpro calculation terminated
 Variable memory released
