
 Primary working directories    : /global/cscratch1/sd/haihan
 Secondary working directories  : /global/cscratch1/sd/haihan
 Wavefunction directory         : /global/homes/h/haihan/Research/ECP/f_group_element_ecps/Gd/Molpro/atom/AE/dkh/wfu/
 Main file repository           : /global/cscratch1/sd/haihan/

 SHA1      : 19cd028119e0e09f93f0674bd8af7968d9b3eff6
 NAME      : 2015.1.36
 ARCHNAME  : linux/x86_64
 FC        : /opt/cray/pe/craype/2.5.14/bin/ftn
 BLASLIB   : -L/opt/intel/compilers_and_libraries_2018.1.163/linux/mkl/lib/intel64 -Wl,-_start-group -lmkl_intel_ilp64 -lmkl_intel_thread -lmkl_core -Wl,-_end-group -liomp5
 id        : lbl

 Nodes     nprocs
 nid02221     5
 Number of processes for MPI-2 version of Molpro:   nprocs(total)=    6   nprocs(compute)=    5   nprocs(helper)=    1

 Using customized tuning parameters: mindgm=7; mindgv=16; mindgc=1; mindgr=1; noblas=0; minvec=7
 default implementation of scratch files=sf  

 ***,Calculation for Gd atom, singlet and triplet
 memory,2,g
 
 
 gthresh,twoint=1.e-15
 gthresh,oneint=1.e-15
 
 set,dkroll=1,dkho=10,dkhp=4
 
 geometry={
 1
 Gd
 Gd  0.0 0.0 0.0
 }
 
 basis={
 Including file /global/u2/h/haihan/Research/ECP/f_group_element_ecps/Gd/Molpro/atom/AE/dkh/8/../aug-cc-pwCVTZ.basis
 }
 
 
 
 Including file /global/u2/h/haihan/Research/ECP/f_group_element_ecps/Gd/Molpro/atom/AE/dkh/8/../Gd_states_ae.proc
 
 
 do i=8,8
     if (i.eq.1) then
         Id1f7s2
     else if (i.eq.2) then
         Id2f7s1
     else if (i.eq.3) then
         EAd2f7s2
     else if (i.eq.4) then
         IId1f7s1
     else if (i.eq.5) then
         IIdf7s2
     else if (i.eq.6) then
         IIId1f7
     else if (i.eq.7) then
         IVdf7
     else if (i.eq.8) then
         Vdf6
     else if (i.eq.9) then
         VIdf5
     else if (i.eq.10) then
         VIIdf4
     else if (i.eq.11) then
         VIIIdf3
     else if (i.eq.12) then
         IXdf2
     else if (i.eq.13) then
         Xdf1
     else if (i.eq.14) then
         XIdf
     else if (i.eq.15) then
         XIIp4
     else if (i.eq.16) then
         XIIIp3
     endif
     scf(i)=energy
     _CC_NORM_MAX=2.0
     {rccsd(t),shifts=0.5,shiftp=0.5,thrdis=1.0;diis,1,1,15,1;maxit,100;core}
     ccsd(i)=energy
 enddo
 
 table,scf,ccsd
 type,csv
 save

 Variables initialized (889), CPU time= 0.00 sec
 Commands  initialized (702), CPU time= 0.01 sec, 572 directives.
 Default parameters read. Elapsed time= 0.73 sec

 Checking input...
 Passed
1


                                         ***  PROGRAM SYSTEM MOLPRO  ***
                                       Copyright, TTI GmbH Stuttgart, 2015
                                    Version 2015.1 linked Dec 29 2018 15:55:43


 **********************************************************************************************************************************
 LABEL *   Calculation for Gd atom, singlet and triplet                                  
  64 bit mpp version                                                                     DATE: 11-Nov-22          TIME: 05:22:47  
 **********************************************************************************************************************************

 SHA1:             19cd028119e0e09f93f0674bd8af7968d9b3eff6
 **********************************************************************************************************************************

 THRESHOLDS:

 ZERO    =  1.00D-12  ONEINT  =  1.00D-12  TWOINT  =  1.00D-15  PREFAC  =  1.00D-14  LOCALI  =  1.00D-09  EORDER  =  1.00D-04
 ENERGY  =  0.00D+00  ETEST   =  0.00D+00  EDENS   =  0.00D+00  THRDEDEF=  1.00D-06  GRADIENT=  1.00D-02  STEP    =  1.00D-03
 ORBITAL =  1.00D-05  CIVEC   =  1.00D-05  COEFF   =  1.00D-04  PRINTCI =  5.00D-02  PUNCHCI =  9.90D+01  OPTGRAD =  3.00D-04
 OPTENERG=  1.00D-06  OPTSTEP =  3.00D-04  THRGRAD =  1.00D-10  COMPRESS=  1.00D-11  VARMIN  =  1.00D-07  VARMAX  =  1.00D-03
 THRDOUB =  0.00D+00  THRDIV  =  1.00D-05  THRRED  =  1.00D-07  THRPSP  =  1.00D+00  THRDC   =  1.00D-10  THRCS   =  1.00D-10
 THRNRM  =  1.00D-08  THREQ   =  0.00D+00  THRDE   =  1.00D+00  THRREF  =  1.00D-05  SPARFAC =  1.00D+00  THRDLP  =  1.00D-07
 THRDIA  =  1.00D-10  THRDLS  =  1.00D-07  THRGPS  =  0.00D+00  THRKEX  =  0.00D+00  THRDIS  =  2.00D-01  THRVAR  =  1.00D-10
 THRLOC  =  1.00D-06  THRGAP  =  1.00D-06  THRLOCT = -1.00D+00  THRGAPT = -1.00D+00  THRORB  =  1.00D-06  THRMLTP =  0.00D+00
 THRCPQCI=  1.00D-10  KEXTA   =  0.00D+00  THRCOARS=  0.00D+00  SYMTOL  =  1.00D-06  GRADTOL =  1.00D-06  THROVL  =  1.00D-08
 THRORTH =  1.00D-08  GRID    =  1.00D-06  GRIDMAX =  1.00D-03  DTMAX   =  0.00D+00  THROCCDE=  1.00D-01  THROCCDE=  1.00D-01



 THRESHOLDS:

 ZERO    =  1.00D-12  ONEINT  =  1.00D-15  TWOINT  =  1.00D-15  PREFAC  =  1.00D-14  LOCALI  =  1.00D-09  EORDER  =  1.00D-04
 ENERGY  =  0.00D+00  ETEST   =  0.00D+00  EDENS   =  0.00D+00  THRDEDEF=  1.00D-06  GRADIENT=  1.00D-02  STEP    =  1.00D-03
 ORBITAL =  1.00D-05  CIVEC   =  1.00D-05  COEFF   =  1.00D-04  PRINTCI =  5.00D-02  PUNCHCI =  9.90D+01  OPTGRAD =  3.00D-04
 OPTENERG=  1.00D-06  OPTSTEP =  3.00D-04  THRGRAD =  1.00D-10  COMPRESS=  1.00D-11  VARMIN  =  1.00D-07  VARMAX  =  1.00D-03
 THRDOUB =  0.00D+00  THRDIV  =  1.00D-05  THRRED  =  1.00D-07  THRPSP  =  1.00D+00  THRDC   =  1.00D-10  THRCS   =  1.00D-10
 THRNRM  =  1.00D-08  THREQ   =  0.00D+00  THRDE   =  1.00D+00  THRREF  =  1.00D-05  SPARFAC =  1.00D+00  THRDLP  =  1.00D-07
 THRDIA  =  1.00D-10  THRDLS  =  1.00D-07  THRGPS  =  0.00D+00  THRKEX  =  0.00D+00  THRDIS  =  2.00D-01  THRVAR  =  1.00D-10
 THRLOC  =  1.00D-06  THRGAP  =  1.00D-06  THRLOCT = -1.00D+00  THRGAPT = -1.00D+00  THRORB  =  1.00D-06  THRMLTP =  0.00D+00
 THRCPQCI=  1.00D-10  KEXTA   =  0.00D+00  THRCOARS=  0.00D+00  SYMTOL  =  1.00D-06  GRADTOL =  1.00D-06  THROVL  =  1.00D-08
 THRORTH =  1.00D-08  GRID    =  1.00D-06  GRIDMAX =  1.00D-03  DTMAX   =  0.00D+00  THROCCDE=  1.00D-01  THROCCDE=  1.00D-01


 SETTING DKROLL         =         1.00000000                                  
 SETTING DKHO           =        10.00000000                                  
 SETTING DKHP           =         4.00000000                                  

Geometry recognized as XYZ


 Variable memory set to 2000000000 words,  buffer space   230000 words

 SETTING BASIS          =    USERDEF

 DO I                   =         8.00000000   

 Running procedure=VDF6


 Recomputing integrals since basis changed


 Using spherical harmonics



 PROGRAM * SEWARD (Integral evaluation for generally contracted gaussian basis sets)     Author: Roland Lindh, 1990

 Geometry written to block  1 of record 700

 Orientation using atomic masses  
 Molecule type: Atom
 Symmetry elements: X,Y,Z
 Rotational constants:       0.0000000      0.0000000      0.0000000 GHz  (calculated with average atomic masses)

 Point group  D2h 



 ATOMIC COORDINATES

 NR  ATOM    CHARGE       X              Y              Z

   1  GD     64.00    0.000000000    0.000000000    0.000000000

 NUCLEAR CHARGE:                   64
 NUMBER OF PRIMITIVE AOS:         631
 NUMBER OF SYMMETRY AOS:          481
 NUMBER OF CONTRACTIONS:          481   ( 113Ag  +  74B3u +  74B2u +  42B1g +  74B1u +  42B2g +  42B3g +  20Au  )
 NUMBER OF CORE ORBITALS:          23   (   8Ag  +   3B3u +   3B2u +   2B1g +   3B1u +   2B2g +   2B3g +   0Au  )
 NUMBER OF VALENCE ORBITALS:       17   (   4Ag  +   3B3u +   3B2u +   1B1g +   3B1u +   1B2g +   1B3g +   1Au  )


 NUCLEAR REPULSION ENERGY    0.00000000

 One-electron integrals computed with SEWARD

 10nd-order Douglas-Kroll-Hess method activated. McWeeny DKH parametrization is used.

 Computing Douglas-Kroll / X2C integrals

 AO integral compression algorithm  1   Integral accuracy      1.0D-15

     5087.429 MB (compressed) written to integral file ( 43.1%)

     Node minimum: 665.584 MB, node maximum: 1357.382 MB


 NUMBER OF SORTED TWO-ELECTRON INTEGRALS:  171778298.     BUFFER LENGTH:  32768
 NUMBER OF SEGMENTS:   6  SEGMENT LENGTH:   31998348      RECORD LENGTH: 524288

 Memory used in sort:      32.56 MW

 SORT1 READ  1474683826. AND WROTE    98537690. INTEGRALS IN    285 RECORDS. CPU TIME:    32.85 SEC, REAL TIME:    38.48 SEC
 SORT2 READ   489175435. AND WROTE   859050309. INTEGRALS IN  25890 RECORDS. CPU TIME:     2.78 SEC, REAL TIME:     5.44 SEC

 Node minimum:   171650191.  Node maximum:   171905998. integrals

 OPERATOR DM      FOR CENTER  0  COORDINATES:    0.000000    0.000000    0.000000

 EXTRA SYMMETRY OF AOS IN SYMMETRY 1:   1 1 1 1 1 1 1 1 1 1   1 1 1 1 1 1 1 1 1 1   1 1 1 1 1 1 1 1 1 1   1 1 1 1 1 1 1 1 2 3
                                        2 3 2 3 2 3 2 3 2 3   2 3 2 3 2 3 2 3 2 3   2 3 2 3 2 3 2 3 2 3   2 3 2 3 2 3 2 3 2 3
                                        2 3 2 3 2 3 4 5 6 4   5 6 4 5 6 4 5 6 4 5   6 4 5 6 4 5 6 4 5 6   4 5 6
 EXTRA SYMMETRY OF AOS IN SYMMETRY 2:   1 1 1 1 1 1 1 1 1 1   1 1 1 1 1 1 1 1 1 1   1 1 1 1 1 1 1 1 1 1   1 1 1 1 1 1 1 2 3 2
                                        3 2 3 2 3 2 3 2 3 2   3 2 3 2 3 2 3 2 3 2   3 2 3 2 3 4 5 6 4 5   6 4 5 6
 EXTRA SYMMETRY OF AOS IN SYMMETRY 3:   1 1 1 1 1 1 1 1 1 1   1 1 1 1 1 1 1 1 1 1   1 1 1 1 1 1 1 1 1 1   1 1 1 1 1 1 1 2 3 2
                                        3 2 3 2 3 2 3 2 3 2   3 2 3 2 3 2 3 2 3 2   3 2 3 2 3 4 5 6 4 5   6 4 5 6
 EXTRA SYMMETRY OF AOS IN SYMMETRY 4:   1 1 1 1 1 1 1 1 1 1   1 1 1 1 1 1 1 1 1 1   1 1 1 1 2 3 2 3 2 3   2 3 2 3 2 3 2 3 2 3
                                        2 3
 EXTRA SYMMETRY OF AOS IN SYMMETRY 5:   1 1 1 1 1 1 1 1 1 1   1 1 1 1 1 1 1 1 1 1   1 1 1 1 1 1 1 1 1 1   1 1 1 1 1 1 1 2 3 2
                                        3 2 3 2 3 2 3 2 3 2   3 2 3 2 3 2 3 2 3 2   3 2 3 2 3 4 5 6 4 5   6 4 5 6
 EXTRA SYMMETRY OF AOS IN SYMMETRY 6:   1 1 1 1 1 1 1 1 1 1   1 1 1 1 1 1 1 1 1 1   1 1 1 1 2 3 2 3 2 3   2 3 2 3 2 3 2 3 2 3
                                        2 3
 EXTRA SYMMETRY OF AOS IN SYMMETRY 7:   1 1 1 1 1 1 1 1 1 1   1 1 1 1 1 1 1 1 1 1   1 1 1 1 2 3 2 3 2 3   2 3 2 3 2 3 2 3 2 3
                                        2 3
 EXTRA SYMMETRY OF AOS IN SYMMETRY 8:   1 1 1 1 1 1 1 1 1 1   1 1 1 1 2 3 2 3 2 3

 Eigenvalues of metric

         1 0.117E-06 0.313E-06 0.724E-06 0.724E-06 0.728E-06 0.135E-05 0.447E-05 0.619E-05
         2 0.616E-06 0.439E-05 0.139E-04 0.449E-04 0.885E-04 0.303E-03 0.501E-03 0.668E-03
         3 0.616E-06 0.439E-05 0.139E-04 0.449E-04 0.885E-04 0.303E-03 0.501E-03 0.668E-03
         4 0.724E-06 0.237E-04 0.148E-03 0.537E-03 0.925E-03 0.419E-02 0.877E-02 0.166E-01
         5 0.616E-06 0.439E-05 0.139E-04 0.449E-04 0.885E-04 0.303E-03 0.501E-03 0.668E-03
         6 0.724E-06 0.237E-04 0.148E-03 0.537E-03 0.925E-03 0.419E-02 0.877E-02 0.166E-01
         7 0.724E-06 0.237E-04 0.148E-03 0.537E-03 0.925E-03 0.419E-02 0.877E-02 0.166E-01
         8 0.826E-03 0.126E-01 0.208E-01 0.681E-01 0.138E+00 0.253E+00 0.351E+00 0.351E+00


 **********************************************************************************************************************************
 DATASETS  * FILE   NREC   LENGTH (MB)   RECORD NAMES
              1      22       22.40       500      610      700      900      950      970     1000      129      960     1700   
                                          VAR    BASINP    GEOM    SYMINP    ZMAT    AOBASIS   BASIS     P2S    ABASIS    OPER   
                                         1101     1401     1411     1412     1650     1100     1400     1410     1200     1210   
                                          SR      EKINR    POTR     PVPR    MOLCAS      S      EKIN      POT      H0       H01  
                                         1080     1600   
                                         AOSYM     SMH  

 PROGRAMS   *        TOTAL       INT
 CPU TIMES  *       337.42    337.14
 REAL TIME  *       350.20 SEC
 DISK USED  *        10.93 GB      
 GA USED    *         0.00 MB       (max)       0.00 MB       (current)
 **********************************************************************************************************************************


 PROGRAM * RHF-SCF (OPEN SHELL)       Authors: W. Meyer, H.-J. Werner


 NUMBER OF ELECTRONS:      33+   27-    SPACE SYMMETRY=1    SPIN SYMMETRY: Septet  
 CONVERGENCE THRESHOLDS:    1.00E-05 (Density)    1.28E-07 (Energy)
 MAX. NUMBER OF ITERATIONS:       60
 INTERPOLATION TYPE:            DIIS
 INTERPOLATION STEPS:              2 (START)      1 (STEP)
 LEVEL SHIFTS:                 -0.60 (CLOSED) -0.30 (OPEN) 

 Number of closed-shell orbitals:   27 (   9   4   4   2   4   2   2   0 )
 Number of open-shell orbitals:      6 (   0   2   2   0   2   0   0   0 )


 
 Extra symmetries of mos in symmetry 1:   1   1   1   3   2   1   3   2   1   3   2
 Extra symmetries of mos in symmetry 2:   1   1   1   1   3   2
 Extra symmetries of mos in symmetry 3:   1   1   1   1   3   2
 Extra symmetries of mos in symmetry 5:   1   1   1   1   3   2
 Orbital guess generated from atomic densities. Full valence occupancy:   12   6   6   3   6   3   3   1


 Molecular orbital dump at record        4202.2

 ITERATION    DDIFF          GRAD             ENERGY        2-EL.EN.            DIPOLE MOMENTS         DIIS   ORB.
    1      0.000D+00      0.000D+00    -11264.35734642   8048.580337    0.00000    0.00000    0.00000    0    start
    2      0.000D+00      0.824D-02    -11264.45554441   8074.345757    0.00000    0.00000    0.00000    1    diag,B
    3      0.760D-02      0.358D-02    -11264.46193559   8065.375978    0.00000    0.00000    0.00000    2    diag,B
    4      0.445D-02      0.151D-02    -11264.46291928   8070.369022    0.00000    0.00000    0.00000    3    diag,B
    5      0.119D-02      0.543D-03    -11264.46309609   8069.536058    0.00000    0.00000    0.00000    4    diag,B
    6      0.100D-02      0.457D-04    -11264.46310355   8069.593640    0.00000    0.00000    0.00000    5    diag,B
    7      0.169D-03      0.128D-04    -11264.46310469   8069.590792    0.00000    0.00000    0.00000    6    fixocc
    8      0.161D-04      0.461D-05    -11264.46310488   8069.592559    0.00000    0.00000    0.00000    7    diag,B
    9      0.125D-04      0.883D-06    -11264.46310489   8069.592427    0.00000    0.00000    0.00000    8    diag,B
   10      0.311D-05      0.140D-06    -11264.46310489   8069.592119    0.00000    0.00000    0.00000    0    orth

 Final alpha occupancy:   9   6   6   2   6   2   2   0
 Final beta  occupancy:   9   4   4   2   4   2   2   0

 !RHF STATE 1.1 Energy               -11264.4631048908    
 Nuclear energy                         0.00000000
 One-electron energy               -15299.25916424
 Two-electron energy                 4034.79605935
 Virial quotient                       -0.78343287
 !RHF STATE 1.1 Dipole moment           0.00000000     0.00000000     0.00000000
 Dipole moment /Debye                   0.00000000     0.00000000     0.00000000

 ELECTRON ORBITALS
 =================


   Orb  Occ    Energy  Couls-En    Coefficients

                                   1 1s      1 1s      1 1s      1 1s      1 1s      1 1s      1 1s      1 1s      1 1s      1 1s   
                                   1 1s      1 1s      1 1s      1 1s      1 1s      1 1s      1 1s      1 1s      1 1s      1 1s   
                                   1 1s      1 1s      1 1s      1 1s      1 1s      1 1s      1 1s      1 1s      1 1s      1 1s   
                                   1 1s      1 1s      1 1s      1 1s      1 1s      1 1s      1 1s      1 1s      1 3d0     1 3d2+ 
                                   1 3d0     1 3d2+    1 3d0     1 3d2+    1 3d0     1 3d2+    1 3d0     1 3d2+    1 3d0     1 3d2+ 
                                   1 3d0     1 3d2+    1 3d0     1 3d2+    1 3d0     1 3d2+    1 3d0     1 3d2+    1 3d0     1 3d2+ 
                                   1 3d0     1 3d2+    1 3d0     1 3d2+    1 3d0     1 3d2+    1 3d0     1 3d2+    1 3d0     1 3d2+ 
                                   1 3d0     1 3d2+    1 3d0     1 3d2+    1 3d0     1 3d2+    1 3d0     1 3d2+    1 3d0     1 3d2+ 
                                   1 3d0     1 3d2+    1 3d0     1 3d2+    1 3d0     1 3d2+    1 5g0     1 5g4+    1 5g2+    1 5g0  
                                   1 5g4+    1 5g2+    1 5g0     1 5g4+    1 5g2+    1 5g0     1 5g4+    1 5g2+    1 5g0     1 5g4+ 
                                   1 5g2+    1 5g0     1 5g4+    1 5g2+    1 5g0     1 5g4+    1 5g2+    1 5g0     1 5g4+    1 5g2+ 
                                   1 5g0     1 5g4+    1 5g2+ 

   1.1   2 -1857.4298-4030.9698  0.000378  0.000162  0.001374  0.003951  0.007271  0.013555  0.025766  0.050323  0.101574  0.199604
                                 0.335902  0.343651  0.145953  0.063934 -0.008681  0.007229 -0.028317 -0.031895 -0.019190  0.016147
                                 0.018535 -0.002215 -0.005976 -0.003848 -0.001466  0.015513  0.014988 -0.037651 -0.081848  0.031788
                                 0.035614 -0.026379  0.003066  0.006977  0.002199  0.000066 -0.000023  0.000005 -0.000000 -0.000000
                                -0.000000  0.000000  0.000000 -0.000000  0.000000  0.000000 -0.000000 -0.000000 -0.000000  0.000000
                                 0.000000 -0.000000  0.000000 -0.000000 -0.000000  0.000000  0.000000 -0.000000  0.000000 -0.000000
                                 0.000000 -0.000000 -0.000000  0.000000 -0.000000  0.000000  0.000000 -0.000000 -0.000000  0.000000
                                -0.000000  0.000000 -0.000000  0.000000  0.000000 -0.000000 -0.000000  0.000000  0.000000 -0.000000
                                -0.000000  0.000000  0.000000 -0.000000 -0.000000  0.000000 -0.000000 -0.000000 -0.000000  0.000000
                                 0.000000  0.000000 -0.000000 -0.000000 -0.000000  0.000000  0.000000  0.000000 -0.000000 -0.000000
                                -0.000000  0.000000  0.000000  0.000000 -0.000000 -0.000000 -0.000000  0.000000  0.000000  0.000000
                                -0.000000 -0.000000 -0.000000

   2.1   2  -312.5652 -861.1334 -0.000137 -0.000059 -0.000499 -0.001440 -0.002668 -0.005007 -0.009688 -0.019226 -0.040876 -0.080324
                                -0.146000 -0.154096  0.138520  0.601753  0.419856  0.033309  0.013279  0.048785  0.035114 -0.031485
                                -0.037523  0.004609  0.012621  0.008154  0.003114 -0.016680 -0.050910 -0.078948  0.001474 -0.027662
                                -0.059525  0.052977 -0.006447 -0.014764 -0.004670 -0.000140  0.000049 -0.000011 -0.000000  0.000000
                                 0.000000 -0.000000 -0.000000  0.000000 -0.000000 -0.000000 -0.000000  0.000000 -0.000000 -0.000000
                                 0.000000  0.000000  0.000000  0.000000 -0.000000 -0.000000  0.000000  0.000000  0.000000  0.000000
                                 0.000000  0.000000 -0.000000 -0.000000 -0.000000 -0.000000  0.000000  0.000000 -0.000000 -0.000000
                                -0.000000 -0.000000 -0.000000 -0.000000  0.000000  0.000000 -0.000000 -0.000000  0.000000  0.000000
                                -0.000000  0.000000  0.000000 -0.000000 -0.000000  0.000000  0.000000  0.000000 -0.000000  0.000000
                                 0.000000  0.000000 -0.000000 -0.000000 -0.000000  0.000000  0.000000  0.000000 -0.000000 -0.000000
                                -0.000000  0.000000  0.000000  0.000000 -0.000000 -0.000000 -0.000000  0.000000  0.000000  0.000000
                                -0.000000 -0.000000  0.000000

   3.1   2   -72.5426 -304.3665  0.000064  0.000027  0.000232  0.000669  0.001241  0.002327  0.004534  0.008950  0.019481  0.034543
                                 0.055433  0.028490 -0.207840 -0.820433 -0.326824  0.921002  0.054561 -0.489864 -0.353581  0.318499
                                 0.383549 -0.047831 -0.132688 -0.086071 -0.032965  0.014536  0.054473  0.131608  0.281440  0.480950
                                 0.605480 -0.539888  0.067490  0.155557  0.049416  0.001487 -0.000521  0.000112  0.000000 -0.000000
                                 0.000000  0.000000  0.000000 -0.000000  0.000000  0.000000  0.000000 -0.000000  0.000000  0.000000
                                -0.000000 -0.000000 -0.000000 -0.000000  0.000000  0.000000 -0.000000 -0.000000 -0.000000 -0.000000
                                -0.000000 -0.000000  0.000000  0.000000  0.000000  0.000000 -0.000000 -0.000000  0.000000  0.000000
                                 0.000000  0.000000  0.000000  0.000000 -0.000000 -0.000000  0.000000  0.000000 -0.000000 -0.000000
                                 0.000000  0.000000 -0.000000 -0.000000  0.000000  0.000000 -0.000063 -0.000053 -0.000000  0.000076
                                 0.000065  0.000000 -0.000045 -0.000038 -0.000000  0.000033  0.000028  0.000000 -0.000021 -0.000018
                                -0.000000  0.000013  0.000011  0.000000 -0.000007 -0.000006 -0.000000  0.000004  0.000003 -0.000000
                                -0.000001 -0.000001 -0.000000

   4.1   2   -47.2401 -262.5643 -0.000000 -0.000000 -0.000000 -0.000000 -0.000000 -0.000000 -0.000000 -0.000000 -0.000000  0.000000
                                 0.000000  0.000000  0.000000  0.000000 -0.000000  0.000000 -0.000000 -0.000000 -0.000000 -0.000000
                                -0.000000  0.000000  0.000000  0.000000  0.000000 -0.000000 -0.000000 -0.000000 -0.000000  0.000000
                                 0.000000  0.000000 -0.000000 -0.000000 -0.000000 -0.000000  0.000000 -0.000000  0.000000  0.000109
                                 0.000000  0.001341  0.000000  0.008437  0.000000  0.038112  0.000000  0.140252  0.000000  0.328053
                                 0.000000  0.474812  0.000000  0.405452 -0.000000 -0.074454  0.000000  0.009974  0.000000  0.005529
                                 0.000000  0.000622 -0.000000 -0.076584 -0.000000 -0.233614  0.000000  0.206220 -0.000000 -0.007709
                                -0.000000 -0.001994 -0.000000 -0.000514  0.000000  0.000431 -0.000000 -0.000279  0.000000  0.000159
                                -0.000000 -0.000058  0.000000  0.000024 -0.000000 -0.000007 -0.000000  0.000000  0.000116  0.000000
                                -0.000000 -0.000069 -0.000000  0.000000  0.000056  0.000000 -0.000000 -0.000039 -0.000000  0.000000
                                 0.000025  0.000000 -0.000000 -0.000016 -0.000000  0.000000  0.000009  0.000000 -0.000000 -0.000005
                                -0.000000  0.000000  0.000002

   5.1   2   -47.2401 -262.5643  0.000000  0.000000  0.000000  0.000000  0.000000  0.000000  0.000000  0.000000  0.000000  0.000000
                                 0.000000  0.000000  0.000000  0.000000 -0.000000  0.000000  0.000000 -0.000000  0.000000  0.000000
                                 0.000000  0.000000 -0.000000 -0.000000 -0.000000 -0.000000 -0.000000 -0.000000 -0.000000 -0.000000
                                -0.000000 -0.000000  0.000000  0.000000  0.000000  0.000000 -0.000000  0.000000  0.000109 -0.000000
                                 0.001341 -0.000000  0.008437 -0.000000  0.038112 -0.000000  0.140252 -0.000000  0.328053 -0.000000
                                 0.474812 -0.000000  0.405452 -0.000000 -0.074454  0.000000  0.009974 -0.000000  0.005529 -0.000000
                                 0.000622 -0.000000 -0.076584  0.000000 -0.233614  0.000000  0.206220 -0.000000 -0.007709  0.000000
                                -0.001994  0.000000 -0.000514  0.000000  0.000431 -0.000000 -0.000279  0.000000  0.000159 -0.000000
                                -0.000058  0.000000  0.000024 -0.000000 -0.000007  0.000000 -0.000075  0.000089 -0.000000  0.000044
                                -0.000053  0.000000 -0.000036  0.000043 -0.000000  0.000025 -0.000030  0.000000 -0.000016  0.000019
                                -0.000000  0.000010 -0.000012  0.000000 -0.000006  0.000007 -0.000000  0.000003 -0.000004  0.000000
                                -0.000001  0.000001 -0.000000

   6.1   2   -16.8516 -131.5801 -0.000031 -0.000013 -0.000112 -0.000322 -0.000598 -0.001121 -0.002188 -0.004313 -0.009442 -0.016283
                                -0.025085 -0.007934  0.120415  0.484446  0.190406 -0.898731 -0.637423  1.094008  0.667512 -0.304196
                                -0.423899  0.056474  0.163520  0.107595  0.041656 -0.007848 -0.030182 -0.076316 -0.179613  0.199264
                                -0.203864  0.592057 -0.081949 -0.193232 -0.062341 -0.001891  0.000665 -0.000143  0.000000  0.000000
                                 0.000000 -0.000000  0.000000 -0.000000  0.000000 -0.000000  0.000000 -0.000000  0.000000  0.000000
                                 0.000000 -0.000000  0.000000 -0.000000 -0.000000  0.000000 -0.000000 -0.000000 -0.000000 -0.000000
                                -0.000000 -0.000000 -0.000000  0.000000 -0.000000  0.000000  0.000000 -0.000000  0.000000  0.000000
                                 0.000000  0.000000  0.000000  0.000000 -0.000000 -0.000000  0.000000  0.000000 -0.000000 -0.000000
                                 0.000000  0.000000 -0.000000 -0.000000  0.000000  0.000000 -0.000115 -0.000097  0.000000 -0.000238
                                -0.000201 -0.000000  0.000108  0.000091  0.000000 -0.000023 -0.000019 -0.000000  0.000030  0.000025
                                 0.000000 -0.000019 -0.000016 -0.000000  0.000011  0.000009  0.000000 -0.000006 -0.000005  0.000000
                                 0.000002  0.000002 -0.000000

   7.1   2    -7.9216 -106.4606  0.000000  0.000000  0.000000  0.000000  0.000000  0.000000  0.000000  0.000000  0.000000  0.000000
                                 0.000000  0.000000  0.000000  0.000000 -0.000000  0.000000 -0.000000 -0.000000 -0.000000  0.000000
                                 0.000000 -0.000000 -0.000000 -0.000000 -0.000000 -0.000000 -0.000000 -0.000000 -0.000000  0.000000
                                 0.000000 -0.000000  0.000000  0.000000  0.000000  0.000000 -0.000000  0.000000  0.000000 -0.000052
                                 0.000000 -0.000639  0.000000 -0.004078  0.000001 -0.018446  0.000002 -0.069746  0.000006 -0.161856
                                 0.000008 -0.239163  0.000009 -0.247078 -0.000031  0.905165 -0.000014  0.396991 -0.000003  0.088950
                                -0.000000  0.007349 -0.000003  0.099592 -0.000019  0.557880  0.000023 -0.662232 -0.000002  0.049488
                                 0.000000 -0.005708  0.000000 -0.005887 -0.000000  0.005054  0.000000 -0.003339 -0.000000  0.001924
                                 0.000000 -0.000701 -0.000000  0.000299  0.000000 -0.000085  0.000000 -0.000000  0.000239  0.000000
                                -0.000000  0.000462  0.000000 -0.000000  0.000298  0.000000 -0.000000  0.000034  0.000000 -0.000000
                                 0.000006 -0.000000  0.000000 -0.000006  0.000000 -0.000000  0.000003 -0.000000  0.000000 -0.000002
                                 0.000000 -0.000000  0.000001

   8.1   2    -7.9216 -106.4606 -0.000000 -0.000000 -0.000000 -0.000000 -0.000000 -0.000000 -0.000000 -0.000000 -0.000000 -0.000000
                                -0.000000 -0.000000  0.000000  0.000000  0.000000 -0.000000 -0.000000  0.000000 -0.000000 -0.000000
                                 0.000000  0.000000  0.000000  0.000000  0.000000 -0.000000 -0.000000 -0.000000 -0.000000  0.000000
                                -0.000000  0.000000 -0.000000 -0.000000 -0.000000 -0.000000  0.000000 -0.000000 -0.000052 -0.000000
                                -0.000639 -0.000000 -0.004078 -0.000000 -0.018446 -0.000001 -0.069746 -0.000002 -0.161856 -0.000006
                                -0.239163 -0.000008 -0.247078 -0.000009  0.905165  0.000031  0.396991  0.000014  0.088950  0.000003
                                 0.007349  0.000000  0.099592  0.000003  0.557880  0.000019 -0.662232 -0.000023  0.049488  0.000002
                                -0.005708 -0.000000 -0.005887 -0.000000  0.005054  0.000000 -0.003339 -0.000000  0.001924  0.000000
                                -0.000701 -0.000000  0.000299  0.000000 -0.000085 -0.000000 -0.000154  0.000183  0.000000 -0.000298
                                 0.000353  0.000000 -0.000192  0.000227  0.000000 -0.000022  0.000026  0.000000 -0.000004  0.000004
                                 0.000000  0.000004 -0.000005 -0.000000 -0.000002  0.000003  0.000000  0.000001 -0.000001 -0.000000
                                -0.000000  0.000000  0.000000

   9.1   2    -3.7674  -57.3227  0.000013  0.000005  0.000046  0.000132  0.000246  0.000461  0.000900  0.001774  0.003888  0.006681
                                 0.010239  0.002942 -0.051009 -0.207164 -0.082964  0.441815  0.357645 -0.737768 -0.677955  0.660641
                                 1.600830  0.285558  0.162955  0.091961  0.032576  0.003278  0.012656  0.032236  0.077061 -0.159340
                                -0.030070 -0.900553 -0.097247 -0.175946 -0.049344 -0.001418  0.000492 -0.000105  0.000000  0.000000
                                 0.000000  0.000000  0.000000  0.000000  0.000000  0.000000  0.000000  0.000000  0.000000  0.000000
                                 0.000000  0.000000 -0.000000  0.000000 -0.000000 -0.000000  0.000000 -0.000000 -0.000000 -0.000000
                                -0.000000 -0.000000  0.000000 -0.000000  0.000000 -0.000000 -0.000000  0.000000 -0.000000 -0.000000
                                 0.000000  0.000000 -0.000000  0.000000  0.000000 -0.000000 -0.000000  0.000000  0.000000 -0.000000
                                -0.000000  0.000000  0.000000 -0.000000 -0.000000  0.000000  0.000126  0.000107  0.000000  0.000128
                                 0.000108 -0.000000 -0.000413 -0.000349  0.000000 -0.000356 -0.000301 -0.000000 -0.000101 -0.000085
                                 0.000000  0.000004  0.000003  0.000000 -0.000006 -0.000005  0.000000  0.000003  0.000003  0.000000
                                -0.000001 -0.000001 -0.000000

  10.1   0    -1.1505  -36.2220  0.000000  0.000000  0.000000  0.000000  0.000000  0.000000  0.000000  0.000000  0.000000  0.000000
                                 0.000000  0.000000 -0.000000 -0.000000 -0.000000  0.000000 -0.000000 -0.000000 -0.000000  0.000000
                                 0.000000 -0.000000 -0.000000 -0.000000 -0.000000  0.000000  0.000000  0.000000 -0.000000  0.000000
                                 0.000000 -0.000000  0.000000  0.000000  0.000000  0.000000 -0.000000  0.000000  0.000000  0.000015
                                 0.000000  0.000188  0.000000  0.001199  0.000000  0.005437  0.000000  0.020587  0.000000  0.047935
                                 0.000000  0.068160  0.000000  0.048595 -0.000000 -0.265460 -0.000000 -0.150898 -0.000000 -0.012382
                                 0.000001  0.469238 -0.000000 -0.026196 -0.000000 -0.140550  0.000000  0.154153  0.000000  0.106262
                                 0.000001  0.371794  0.000000  0.228486  0.000000  0.027841  0.000000  0.007808 -0.000000 -0.002408
                                 0.000000  0.000626 -0.000000 -0.000230  0.000000  0.000061  0.000000 -0.000000 -0.000067  0.000000
                                -0.000000 -0.000105 -0.000000  0.000000  0.000066 -0.000000  0.000000  0.000302 -0.000000  0.000000
                                 0.000270 -0.000000  0.000000  0.000131 -0.000000  0.000000  0.000027 -0.000000  0.000000  0.000001
                                 0.000000  0.000000  0.000000

  11.1   0    -1.1505  -36.2220  0.000000  0.000000  0.000000  0.000000  0.000000  0.000000  0.000000  0.000000  0.000000  0.000000
                                 0.000000  0.000000 -0.000000 -0.000000 -0.000000  0.000000  0.000000 -0.000000 -0.000000  0.000000
                                 0.000001  0.000000  0.000000  0.000000  0.000000  0.000000  0.000000  0.000000  0.000000 -0.000000
                                -0.000000 -0.000001 -0.000001 -0.000000 -0.000000 -0.000000  0.000000 -0.000000  0.000015 -0.000000
                                 0.000188 -0.000000  0.001199 -0.000000  0.005437 -0.000000  0.020587 -0.000000  0.047935 -0.000000
                                 0.068160 -0.000000  0.048595 -0.000000 -0.265461  0.000000 -0.150898  0.000000 -0.012382  0.000000
                                 0.469238 -0.000001 -0.026196  0.000000 -0.140550  0.000000  0.154153 -0.000000  0.106262 -0.000000
                                 0.371794 -0.000001  0.228487 -0.000000  0.027841 -0.000000  0.007808 -0.000000 -0.002408  0.000000
                                 0.000626 -0.000000 -0.000230  0.000000  0.000061 -0.000000  0.000043 -0.000051  0.000000  0.000068
                                -0.000080  0.000000 -0.000043  0.000051 -0.000000 -0.000195  0.000231 -0.000000 -0.000174  0.000206
                                -0.000000 -0.000085  0.000100 -0.000000 -0.000018  0.000021 -0.000000 -0.000001  0.000001 -0.000000
                                -0.000000  0.000000 -0.000000

                                   1 2px     1 2px     1 2px     1 2px     1 2px     1 2px     1 2px     1 2px     1 2px     1 2px  
                                   1 2px     1 2px     1 2px     1 2px     1 2px     1 2px     1 2px     1 2px     1 2px     1 2px  
                                   1 2px     1 2px     1 2px     1 2px     1 2px     1 2px     1 2px     1 2px     1 2px     1 2px  
                                   1 2px     1 2px     1 2px     1 2px     1 2px     1 2px     1 2px     1 4f1+    1 4f3+    1 4f1+ 
                                   1 4f3+    1 4f1+    1 4f3+    1 4f1+    1 4f3+    1 4f1+    1 4f3+    1 4f1+    1 4f3+    1 4f1+ 
                                   1 4f3+    1 4f1+    1 4f3+    1 4f1+    1 4f3+    1 4f1+    1 4f3+    1 4f1+    1 4f3+    1 4f1+ 
                                   1 4f3+    1 4f1+    1 4f3+    1 4f1+    1 4f3+    1 6h1+    1 6h3+    1 6h5+    1 6h1+    1 6h3+ 
                                   1 6h5+    1 6h1+    1 6h3+    1 6h5+ 

   1.2   2  -278.5146 -803.9768  0.000012  0.000002  0.000028  0.000033  0.000094  0.000159  0.000333  0.000651  0.001194  0.004145
                                 0.002035  0.014540  0.043317  0.124424  0.296689  0.419035  0.251124  0.023938 -0.015614 -0.041889
                                -0.015474 -0.006553 -0.001049  0.000525 -0.000352  0.000348  0.005278  0.017614  0.040064  0.021453
                                 0.005115  0.004055 -0.000117 -0.000420  0.000306  0.000031 -0.000006  0.000000 -0.000000  0.000001
                                -0.000001  0.000001 -0.000001 -0.000002  0.000003 -0.000002  0.000003  0.000000 -0.000000  0.000000
                                -0.000000  0.000003 -0.000004  0.000002 -0.000002 -0.000000  0.000000  0.000000 -0.000000 -0.000000
                                 0.000000  0.000000 -0.000000 -0.000000  0.000000  0.000001  0.000002 -0.000000 -0.000000 -0.000000
                                 0.000000  0.000000  0.000000 -0.000000

   2.2   2   -61.7362 -284.6726 -0.000006 -0.000001 -0.000014 -0.000016 -0.000047 -0.000078 -0.000166 -0.000319 -0.000600 -0.002046
                                -0.001082 -0.007252 -0.022319 -0.065649 -0.166612 -0.241761 -0.049651  0.331171  0.374852 -0.025532
                                 0.010139  0.007210  0.001281 -0.000663  0.000452 -0.000451  0.131318  0.205516  0.115163 -0.007142
                                -0.005129 -0.004680  0.000153  0.000547 -0.000399 -0.000041  0.000007  0.000000 -0.000000  0.000001
                                -0.000001  0.000025 -0.000032  0.000060 -0.000077  0.000061 -0.000079  0.000044 -0.000056  0.000017
                                -0.000022 -0.000052  0.000068 -0.000020  0.000026 -0.000003  0.000004  0.000003 -0.000003 -0.000002
                                 0.000002  0.000001 -0.000001 -0.000000  0.000000  0.000002  0.000079 -0.000034  0.000019  0.000004
                                 0.000016 -0.000002  0.000006 -0.000004

   3.2   2   -13.1713 -121.4247  0.000003  0.000001  0.000007  0.000008  0.000022  0.000037  0.000079  0.000151  0.000288  0.000966
                                 0.000535  0.003433  0.010717  0.031579  0.081592  0.118473  0.011738 -0.191504 -0.153221  0.423130
                                 0.162109 -0.145808 -0.021678  0.010982 -0.007446  0.007452 -0.106688 -0.257448  0.092343  0.427816
                                 0.171310  0.087806 -0.002535 -0.009051  0.006610  0.000675 -0.000120  0.000001 -0.000001  0.000020
                                -0.000025  0.000100 -0.000129  0.000282 -0.000364  0.000520 -0.000672  0.000430 -0.000555  0.000235
                                -0.000303  0.000162 -0.000209  0.000033 -0.000043 -0.000045  0.000058  0.000040 -0.000052 -0.000028
                                 0.000036  0.000015 -0.000019 -0.000005  0.000006 -0.000090  0.000255 -0.000201  0.000019  0.000308
                                -0.000119  0.000053  0.000091  0.000011

   4.2   2    -2.7105  -50.4768 -0.000001 -0.000000 -0.000003 -0.000003 -0.000008 -0.000014 -0.000030 -0.000058 -0.000111 -0.000370
                                -0.000207 -0.001315 -0.004120 -0.012142 -0.031495 -0.045719 -0.003502  0.075980  0.047626 -0.222652
                                -0.031509  0.213898  0.280007  0.003960  0.010719 -0.011707  0.045442  0.118536 -0.074198 -0.327526
                                 0.228059  0.447199  0.004187  0.014597 -0.010801 -0.001123  0.000200  0.000001 -0.000001  0.000014
                                -0.000019  0.000095 -0.000123  0.000287 -0.000370  0.000485 -0.000625  0.000877 -0.001132  0.000544
                                -0.000702 -0.000148  0.000191 -0.000150  0.000194 -0.000109  0.000140  0.000101 -0.000130 -0.000071
                                 0.000091  0.000038 -0.000049 -0.000013  0.000016  0.000107 -0.000020  0.000112 -0.000108  0.000146
                                -0.000169 -0.000268  0.000244 -0.000368

   5.2   +    -2.4975  -83.9715  0.000000  0.000000  0.000000  0.000000  0.000000  0.000000  0.000000  0.000000  0.000000  0.000000
                                 0.000000  0.000001  0.000003  0.000009  0.000023  0.000033  0.000012 -0.000027 -0.000150 -0.000283
                                 0.000730  0.000079 -0.000734 -0.000341  0.000058 -0.000052 -0.000035 -0.000014 -0.000014 -0.000559
                                 0.002501  0.001385  0.000015  0.000059 -0.000041 -0.000004  0.000001 -0.000621  0.000802 -0.009777
                                 0.012622 -0.060873  0.078587 -0.168564  0.217616 -0.244762  0.315986 -0.230323  0.297345 -0.100424
                                 0.129647 -0.015462  0.019961 -0.024477  0.031600  0.019964 -0.025773 -0.017004  0.021952  0.011782
                                -0.015210 -0.006238  0.008053  0.002073 -0.002676 -0.000352 -0.000552 -0.000093 -0.000601 -0.000955
                                -0.000153 -0.000443 -0.000766 -0.000085

   6.2   +    -2.5481  -84.2603  0.000000  0.000000  0.000000  0.000000  0.000000  0.000000  0.000000  0.000000  0.000000  0.000000
                                 0.000000  0.000000  0.000000  0.000000  0.000000  0.000000  0.000000 -0.000000 -0.000000  0.000000
                                 0.000000 -0.000000 -0.000000  0.000000 -0.000000  0.000000 -0.000000 -0.000000  0.000000  0.000000
                                -0.000000 -0.000001 -0.000000 -0.000000  0.000000  0.000000 -0.000000  0.000805  0.000623  0.012663
                                 0.009809  0.078868  0.061091  0.218297  0.169092  0.316086  0.244839  0.295723  0.229066  0.126274
                                 0.097811  0.020698  0.016032  0.033200  0.025716 -0.025964 -0.020112  0.021460  0.016623 -0.014873
                                -0.011521  0.007871  0.006097 -0.002615 -0.002026 -0.000117  0.000054  0.000121 -0.000191  0.000089
                                 0.000198 -0.000105  0.000049  0.000108

   7.2   0    -0.8102  -21.1726  0.000000  0.000000  0.000001  0.000001  0.000003  0.000005  0.000012  0.000022  0.000042  0.000142
                                 0.000079  0.000503  0.001576  0.004646  0.012054  0.017505  0.001228 -0.029776 -0.018477  0.084922
                                -0.003401 -0.092331 -0.236479  0.482941  0.674790  0.118008 -0.017409 -0.045657  0.034790  0.148810
                                -0.126505 -0.296442 -0.001791 -0.023800  0.009130  0.000248 -0.000025 -0.000001  0.000001 -0.000013
                                 0.000017 -0.000083  0.000107 -0.000230  0.000297 -0.000269  0.000347 -0.000199  0.000256 -0.000004
                                 0.000005 -0.000012  0.000016 -0.000006  0.000008  0.000200 -0.000259  0.000112 -0.000145  0.000007
                                -0.000009  0.000002 -0.000003 -0.000001  0.000001 -0.000012  0.000036 -0.000028 -0.000020 -0.000143
                                 0.000045 -0.000051 -0.000196  0.000038

   8.2   0    -0.5058  -16.8733 -0.000000 -0.000000 -0.000000 -0.000000 -0.000000 -0.000000 -0.000000 -0.000000 -0.000000 -0.000000
                                -0.000000 -0.000000 -0.000000 -0.000000 -0.000000 -0.000000 -0.000000  0.000000  0.000000 -0.000000
                                 0.000000  0.000000  0.000000 -0.000000 -0.000000  0.000000  0.000000  0.000000 -0.000000 -0.000000
                                 0.000000  0.000000 -0.000000 -0.000000  0.000000  0.000000 -0.000000 -0.000101 -0.000078 -0.001526
                                -0.001182 -0.009785 -0.007579 -0.024830 -0.019234 -0.023743 -0.018392 -0.011668 -0.009038  0.032459
                                 0.025143 -0.007729 -0.005987 -0.019403 -0.015030  0.157926  0.122333  0.405015  0.313735  0.284581
                                 0.220443  0.050218  0.038900 -0.004157 -0.003220  0.000013 -0.000006 -0.000014  0.000017 -0.000008
                                -0.000017 -0.000023  0.000011  0.000024

                                   1 2py     1 2py     1 2py     1 2py     1 2py     1 2py     1 2py     1 2py     1 2py     1 2py  
                                   1 2py     1 2py     1 2py     1 2py     1 2py     1 2py     1 2py     1 2py     1 2py     1 2py  
                                   1 2py     1 2py     1 2py     1 2py     1 2py     1 2py     1 2py     1 2py     1 2py     1 2py  
                                   1 2py     1 2py     1 2py     1 2py     1 2py     1 2py     1 2py     1 4f1-    1 4f3-    1 4f1- 
                                   1 4f3-    1 4f1-    1 4f3-    1 4f1-    1 4f3-    1 4f1-    1 4f3-    1 4f1-    1 4f3-    1 4f1- 
                                   1 4f3-    1 4f1-    1 4f3-    1 4f1-    1 4f3-    1 4f1-    1 4f3-    1 4f1-    1 4f3-    1 4f1- 
                                   1 4f3-    1 4f1-    1 4f3-    1 4f1-    1 4f3-    1 6h1-    1 6h3-    1 6h5-    1 6h1-    1 6h3- 
                                   1 6h5-    1 6h1-    1 6h3-    1 6h5- 

   1.3   2  -278.5146 -803.9768  0.000012  0.000002  0.000028  0.000033  0.000094  0.000159  0.000333  0.000651  0.001194  0.004145
                                 0.002035  0.014540  0.043317  0.124424  0.296689  0.419035  0.251124  0.023938 -0.015614 -0.041889
                                -0.015474 -0.006553 -0.001049  0.000525 -0.000352  0.000348  0.005278  0.017614  0.040064  0.021453
                                 0.005115  0.004055 -0.000117 -0.000420  0.000306  0.000031 -0.000006  0.000000  0.000000  0.000001
                                 0.000001  0.000001  0.000001 -0.000002 -0.000003 -0.000002 -0.000003  0.000000  0.000000  0.000000
                                 0.000000  0.000003  0.000004  0.000002  0.000002 -0.000000 -0.000000  0.000000  0.000000 -0.000000
                                -0.000000  0.000000  0.000000 -0.000000 -0.000000  0.000001 -0.000002 -0.000000 -0.000000  0.000000
                                 0.000000  0.000000 -0.000000 -0.000000

   2.3   2   -61.7362 -284.6726 -0.000006 -0.000001 -0.000014 -0.000016 -0.000047 -0.000078 -0.000166 -0.000319 -0.000600 -0.002046
                                -0.001082 -0.007252 -0.022319 -0.065649 -0.166612 -0.241761 -0.049651  0.331171  0.374852 -0.025532
                                 0.010139  0.007210  0.001281 -0.000663  0.000452 -0.000451  0.131318  0.205516  0.115163 -0.007142
                                -0.005129 -0.004680  0.000153  0.000547 -0.000399 -0.000041  0.000007  0.000000  0.000000  0.000001
                                 0.000001  0.000025  0.000032  0.000060  0.000077  0.000061  0.000079  0.000044  0.000056  0.000017
                                 0.000022 -0.000052 -0.000068 -0.000020 -0.000026 -0.000003 -0.000004  0.000003  0.000003 -0.000002
                                -0.000002  0.000001  0.000001 -0.000000 -0.000000  0.000002 -0.000079 -0.000034  0.000019 -0.000004
                                 0.000016 -0.000002 -0.000006 -0.000004

   3.3   2   -13.1713 -121.4247  0.000003  0.000001  0.000007  0.000008  0.000022  0.000037  0.000079  0.000151  0.000288  0.000966
                                 0.000535  0.003433  0.010717  0.031579  0.081592  0.118473  0.011738 -0.191504 -0.153221  0.423130
                                 0.162109 -0.145808 -0.021678  0.010982 -0.007446  0.007452 -0.106688 -0.257448  0.092343  0.427816
                                 0.171310  0.087806 -0.002535 -0.009051  0.006610  0.000675 -0.000120  0.000001  0.000001  0.000020
                                 0.000025  0.000100  0.000129  0.000282  0.000364  0.000520  0.000672  0.000430  0.000555  0.000235
                                 0.000303  0.000162  0.000209  0.000033  0.000043 -0.000045 -0.000058  0.000040  0.000052 -0.000028
                                -0.000036  0.000015  0.000019 -0.000005 -0.000006 -0.000090 -0.000255 -0.000201  0.000019 -0.000308
                                -0.000119  0.000053 -0.000091  0.000011

   4.3   2    -2.7105  -50.4768 -0.000001 -0.000000 -0.000003 -0.000003 -0.000008 -0.000014 -0.000030 -0.000058 -0.000111 -0.000370
                                -0.000207 -0.001315 -0.004120 -0.012142 -0.031495 -0.045719 -0.003502  0.075980  0.047626 -0.222652
                                -0.031509  0.213898  0.280007  0.003960  0.010719 -0.011707  0.045442  0.118536 -0.074198 -0.327526
                                 0.228059  0.447199  0.004187  0.014597 -0.010801 -0.001123  0.000200  0.000001  0.000001  0.000014
                                 0.000019  0.000095  0.000123  0.000287  0.000370  0.000485  0.000625  0.000877  0.001132  0.000544
                                 0.000702 -0.000148 -0.000191 -0.000150 -0.000194 -0.000109 -0.000140  0.000101  0.000130 -0.000071
                                -0.000091  0.000038  0.000049 -0.000013 -0.000016  0.000107  0.000020  0.000112 -0.000108 -0.000146
                                -0.000169 -0.000268 -0.000244 -0.000368

   5.3   +    -2.4975  -83.9715 -0.000000 -0.000000 -0.000000 -0.000000 -0.000000 -0.000000 -0.000000 -0.000000 -0.000000 -0.000000
                                -0.000000 -0.000001 -0.000003 -0.000009 -0.000023 -0.000033 -0.000012  0.000027  0.000150  0.000283
                                -0.000730 -0.000079  0.000734  0.000341 -0.000058  0.000052  0.000035  0.000014  0.000014  0.000559
                                -0.002501 -0.001385 -0.000015 -0.000059  0.000041  0.000004 -0.000001  0.000621  0.000802  0.009777
                                 0.012622  0.060873  0.078587  0.168564  0.217616  0.244762  0.315986  0.230323  0.297345  0.100424
                                 0.129647  0.015462  0.019961  0.024477  0.031600 -0.019964 -0.025773  0.017004  0.021952 -0.011782
                                -0.015210  0.006238  0.008053 -0.002073 -0.002676  0.000352 -0.000552  0.000093  0.000601 -0.000955
                                 0.000153  0.000443 -0.000766  0.000085

   6.3   +    -2.5481  -84.2603  0.000000  0.000000  0.000000  0.000000  0.000000  0.000000  0.000000  0.000000  0.000000  0.000000
                                 0.000000  0.000000  0.000000  0.000000  0.000000  0.000000  0.000000 -0.000000 -0.000000  0.000000
                                 0.000000 -0.000000 -0.000000  0.000000 -0.000000  0.000000 -0.000000 -0.000000  0.000000  0.000000
                                -0.000000 -0.000001 -0.000000 -0.000000  0.000000  0.000000 -0.000000  0.000805 -0.000623  0.012663
                                -0.009809  0.078868 -0.061091  0.218297 -0.169092  0.316086 -0.244839  0.295723 -0.229066  0.126274
                                -0.097811  0.020698 -0.016032  0.033200 -0.025716 -0.025964  0.020112  0.021460 -0.016623 -0.014873
                                 0.011521  0.007871 -0.006097 -0.002615  0.002026 -0.000117 -0.000054  0.000121 -0.000191 -0.000089
                                 0.000198 -0.000105 -0.000049  0.000108

   7.3   0    -0.8102  -21.1726  0.000000  0.000000  0.000001  0.000001  0.000003  0.000005  0.000012  0.000022  0.000042  0.000142
                                 0.000079  0.000503  0.001576  0.004646  0.012054  0.017505  0.001228 -0.029776 -0.018477  0.084922
                                -0.003401 -0.092331 -0.236479  0.482941  0.674790  0.118008 -0.017409 -0.045657  0.034790  0.148810
                                -0.126505 -0.296442 -0.001791 -0.023800  0.009130  0.000248 -0.000025 -0.000001 -0.000001 -0.000013
                                -0.000017 -0.000083 -0.000107 -0.000230 -0.000297 -0.000269 -0.000347 -0.000199 -0.000256 -0.000004
                                -0.000005 -0.000012 -0.000016 -0.000006 -0.000008  0.000200  0.000259  0.000112  0.000145  0.000007
                                 0.000009  0.000002  0.000003 -0.000001 -0.000001 -0.000012 -0.000036 -0.000028 -0.000020  0.000143
                                 0.000045 -0.000051  0.000196  0.000038

   8.3   0    -0.5058  -16.8733 -0.000000 -0.000000 -0.000000 -0.000000 -0.000000 -0.000000 -0.000000 -0.000000 -0.000000 -0.000000
                                -0.000000 -0.000000 -0.000000 -0.000000 -0.000000 -0.000000 -0.000000  0.000000  0.000000 -0.000000
                                 0.000000  0.000000  0.000000 -0.000000 -0.000000  0.000000  0.000000  0.000000 -0.000000 -0.000000
                                 0.000000  0.000000 -0.000000 -0.000000  0.000000  0.000000 -0.000000 -0.000101  0.000078 -0.001526
                                 0.001182 -0.009785  0.007579 -0.024830  0.019234 -0.023743  0.018392 -0.011668  0.009038  0.032459
                                -0.025143 -0.007729  0.005987 -0.019403  0.015030  0.157926 -0.122333  0.405015 -0.313735  0.284581
                                -0.220443  0.050218 -0.038900 -0.004157  0.003220  0.000013  0.000006 -0.000014  0.000017  0.000008
                                -0.000017 -0.000023 -0.000011  0.000024

                                   1 3d2-    1 3d2-    1 3d2-    1 3d2-    1 3d2-    1 3d2-    1 3d2-    1 3d2-    1 3d2-    1 3d2- 
                                   1 3d2-    1 3d2-    1 3d2-    1 3d2-    1 3d2-    1 3d2-    1 3d2-    1 3d2-    1 3d2-    1 3d2- 
                                   1 3d2-    1 3d2-    1 3d2-    1 3d2-    1 5g2-    1 5g4-    1 5g2-    1 5g4-    1 5g2-    1 5g4- 
                                   1 5g2-    1 5g4-    1 5g2-    1 5g4-    1 5g2-    1 5g4-    1 5g2-    1 5g4-    1 5g2-    1 5g4- 
                                   1 5g2-    1 5g4- 

   1.4   2   -47.2339 -262.5733  0.000109  0.001341  0.008438  0.038119  0.140278  0.328110  0.474906  0.405678 -0.074987  0.009861
                                 0.005516  0.000620 -0.076619 -0.234033  0.206687 -0.007732 -0.001999 -0.000513  0.000429 -0.000278
                                 0.000159 -0.000057  0.000024 -0.000007 -0.000279 -0.000000 -0.000043  0.000000 -0.000138 -0.000000
                                 0.000038  0.000000 -0.000038 -0.000000  0.000022 -0.000000 -0.000013  0.000000  0.000006  0.000000
                                -0.000002 -0.000000

   2.4   2    -7.8951 -106.4402 -0.000052 -0.000639 -0.004076 -0.018435 -0.069705 -0.161759 -0.238975 -0.246685  0.905347  0.397303
                                 0.088943  0.007318  0.099431  0.557327 -0.661764  0.048878 -0.005995 -0.005867  0.005034 -0.003325
                                 0.001917 -0.000699  0.000298 -0.000085 -0.000887  0.000000 -0.000821 -0.000000 -0.001494 -0.000000
                                -0.000442  0.000000 -0.000268 -0.000000  0.000081  0.000000 -0.000052 -0.000000  0.000026  0.000000
                                -0.000009 -0.000000

   3.4   0    -1.1464  -36.0911  0.000015  0.000186  0.001188  0.005387  0.020398  0.047491  0.067563  0.048474 -0.263593 -0.149881
                                -0.012657  0.469492 -0.026023 -0.139786  0.153628  0.104522  0.369433  0.231437  0.028163  0.008337
                                -0.002663  0.000715 -0.000267  0.000071  0.000219 -0.000000 -0.000027  0.000000 -0.000563 -0.000000
                                -0.001154  0.000000 -0.000854 -0.000000 -0.000445 -0.000000 -0.000031 -0.000000 -0.000038 -0.000000
                                 0.000014 -0.000000

   4.4   0    -0.5525  -16.4366 -0.000007 -0.000087 -0.000556 -0.002525 -0.009551 -0.022284 -0.031033 -0.016970  0.113728  0.075385
                                 0.019258 -0.285130  0.010846  0.055563 -0.056723 -0.065934 -0.214523 -0.050714  0.532661  0.536067
                                 0.054102  0.013536 -0.005081  0.001407 -0.000102 -0.000000  0.000017 -0.000000  0.000259 -0.000000
                                 0.000531  0.000000  0.000451 -0.000000  0.000416  0.000000  0.000258 -0.000000  0.000151 -0.000000
                                 0.000008 -0.000000

                                   1 2pz     1 2pz     1 2pz     1 2pz     1 2pz     1 2pz     1 2pz     1 2pz     1 2pz     1 2pz  
                                   1 2pz     1 2pz     1 2pz     1 2pz     1 2pz     1 2pz     1 2pz     1 2pz     1 2pz     1 2pz  
                                   1 2pz     1 2pz     1 2pz     1 2pz     1 2pz     1 2pz     1 2pz     1 2pz     1 2pz     1 2pz  
                                   1 2pz     1 2pz     1 2pz     1 2pz     1 2pz     1 2pz     1 2pz     1 4f0     1 4f2+    1 4f0  
                                   1 4f2+    1 4f0     1 4f2+    1 4f0     1 4f2+    1 4f0     1 4f2+    1 4f0     1 4f2+    1 4f0  
                                   1 4f2+    1 4f0     1 4f2+    1 4f0     1 4f2+    1 4f0     1 4f2+    1 4f0     1 4f2+    1 4f0  
                                   1 4f2+    1 4f0     1 4f2+    1 4f0     1 4f2+    1 6h2+    1 6h4+    1 6h0     1 6h2+    1 6h4+ 
                                   1 6h0     1 6h2+    1 6h4+    1 6h0  

   1.5   2  -278.5146 -803.9768  0.000012  0.000002  0.000028  0.000033  0.000094  0.000159  0.000333  0.000651  0.001194  0.004145
                                 0.002035  0.014540  0.043317  0.124424  0.296689  0.419035  0.251124  0.023938 -0.015614 -0.041889
                                -0.015474 -0.006553 -0.001049  0.000525 -0.000352  0.000348  0.005278  0.017614  0.040064  0.021453
                                 0.005115  0.004055 -0.000117 -0.000420  0.000306  0.000031 -0.000006 -0.000000 -0.000000 -0.000002
                                -0.000000 -0.000001  0.000000  0.000004  0.000000  0.000004  0.000000 -0.000000  0.000000 -0.000001
                                -0.000000 -0.000004 -0.000000 -0.000003 -0.000000  0.000000  0.000000 -0.000000 -0.000000  0.000000
                                 0.000000 -0.000000 -0.000000  0.000000  0.000000  0.000000  0.000002 -0.000000  0.000000 -0.000000
                                 0.000000 -0.000000  0.000000 -0.000000

   2.5   2   -61.7362 -284.6726 -0.000006 -0.000001 -0.000014 -0.000016 -0.000047 -0.000078 -0.000166 -0.000319 -0.000600 -0.002046
                                -0.001082 -0.007252 -0.022319 -0.065649 -0.166612 -0.241761 -0.049651  0.331171  0.374852 -0.025532
                                 0.010139  0.007210  0.001281 -0.000663  0.000452 -0.000451  0.131318  0.205516  0.115163 -0.007142
                                -0.005129 -0.004680  0.000153  0.000547 -0.000399 -0.000041  0.000007 -0.000000  0.000000 -0.000002
                                 0.000000 -0.000040 -0.000000 -0.000097  0.000000 -0.000100  0.000000 -0.000071  0.000000 -0.000028
                                -0.000000  0.000086 -0.000000  0.000033 -0.000000  0.000005  0.000000 -0.000004 -0.000000  0.000003
                                 0.000000 -0.000002 -0.000000  0.000001 -0.000000 -0.000000  0.000057 -0.000064  0.000000  0.000018
                                 0.000019 -0.000000  0.000003 -0.000007

   3.5   2   -13.1713 -121.4247  0.000003  0.000001  0.000007  0.000008  0.000022  0.000037  0.000079  0.000151  0.000288  0.000966
                                 0.000535  0.003433  0.010717  0.031579  0.081592  0.118473  0.011738 -0.191504 -0.153221  0.423130
                                 0.162109 -0.145808 -0.021678  0.010982 -0.007446  0.007452 -0.106688 -0.257448  0.092343  0.427816
                                 0.171310  0.087806 -0.002535 -0.009051  0.006610  0.000675 -0.000120 -0.000002 -0.000000 -0.000032
                                -0.000000 -0.000164 -0.000000 -0.000460 -0.000000 -0.000849 -0.000000 -0.000703 -0.000000 -0.000383
                                -0.000000 -0.000265  0.000000 -0.000055  0.000000  0.000074  0.000000 -0.000066  0.000000  0.000046
                                 0.000000 -0.000024  0.000000  0.000008  0.000000  0.000000  0.000111 -0.000318 -0.000000  0.000232
                                -0.000235  0.000000  0.000105 -0.000014

   4.5   2    -2.7105  -50.4768 -0.000001 -0.000000 -0.000003 -0.000003 -0.000008 -0.000014 -0.000030 -0.000058 -0.000111 -0.000370
                                -0.000207 -0.001315 -0.004120 -0.012142 -0.031495 -0.045719 -0.003502  0.075980  0.047626 -0.222652
                                -0.031509  0.213898  0.280007  0.003960  0.010719 -0.011707  0.045443  0.118536 -0.074198 -0.327526
                                 0.228059  0.447199  0.004187  0.014597 -0.010801 -0.001123  0.000200 -0.000002 -0.000000 -0.000024
                                -0.000000 -0.000156 -0.000000 -0.000469 -0.000000 -0.000793 -0.000000 -0.001434 -0.000000 -0.000888
                                -0.000000  0.000241 -0.000000  0.000246 -0.000000  0.000178  0.000000 -0.000165  0.000000  0.000115
                                 0.000000 -0.000061  0.000000  0.000020  0.000000 -0.000000  0.000067  0.000141 -0.000000  0.000021
                                -0.000247 -0.000000 -0.000032 -0.000515

   5.5   +    -2.5481  -84.2603  0.000000 -0.000000  0.000000 -0.000000 -0.000000  0.000000 -0.000000  0.000000 -0.000000 -0.000000
                                -0.000000 -0.000000 -0.000000 -0.000000 -0.000000 -0.000000 -0.000000  0.000000  0.000000 -0.000000
                                 0.000000  0.000000  0.000000 -0.000000 -0.000000 -0.000000  0.000000  0.000000 -0.000000 -0.000000
                                 0.000000  0.000000 -0.000000  0.000000 -0.000000  0.000000  0.000000  0.000000  0.001018  0.000000
                                 0.016017  0.000000  0.099761  0.000000  0.276126  0.000000  0.399821  0.000000  0.374063  0.000000
                                 0.159725  0.000000  0.026181  0.000000  0.041995 -0.000000 -0.032843  0.000000  0.027145 -0.000000
                                -0.018813  0.000000  0.009957 -0.000000 -0.003308  0.000176 -0.000000  0.000000  0.000289 -0.000000
                                 0.000000  0.000158 -0.000000  0.000000

   6.5   +    -2.4975  -83.9715  0.000000  0.000000  0.000000  0.000000  0.000000  0.000000  0.000000  0.000000  0.000000  0.000000
                                 0.000000  0.000001  0.000003  0.000009  0.000023  0.000033  0.000012 -0.000027 -0.000150 -0.000284
                                 0.000730  0.000080 -0.000733 -0.000341  0.000058 -0.000052 -0.000035 -0.000013 -0.000014 -0.000560
                                 0.002502  0.001387  0.000015  0.000059 -0.000042 -0.000004  0.000001  0.001014 -0.000000  0.015966
                                -0.000000  0.099406 -0.000000  0.275265 -0.000000  0.399695 -0.000000  0.376115 -0.000000  0.163992
                                -0.000000  0.025249 -0.000000  0.039971 -0.000000 -0.032600  0.000000  0.027768 -0.000000 -0.019239
                                 0.000000  0.010186 -0.000000 -0.003385  0.000000 -0.000000 -0.000659  0.000053  0.000000 -0.001135
                                 0.000101 -0.000000 -0.000880  0.000127

   7.5   0    -0.8102  -21.1725  0.000000  0.000000  0.000001  0.000001  0.000003  0.000005  0.000012  0.000022  0.000042  0.000142
                                 0.000079  0.000503  0.001576  0.004645  0.012054  0.017505  0.001228 -0.029776 -0.018477  0.084922
                                -0.003401 -0.092331 -0.236479  0.482941  0.674790  0.118008 -0.017409 -0.045657  0.034790  0.148810
                                -0.126505 -0.296442 -0.001791 -0.023800  0.009130  0.000248 -0.000025  0.000001 -0.000000  0.000021
                                -0.000000  0.000135 -0.000000  0.000375 -0.000000  0.000439  0.000000  0.000324  0.000000  0.000006
                                 0.000000  0.000020 -0.000000  0.000010 -0.000000 -0.000327  0.000000 -0.000184  0.000000 -0.000011
                                 0.000000 -0.000004  0.000000  0.000001  0.000000  0.000000  0.000016 -0.000045 -0.000000 -0.000117
                                 0.000096  0.000000 -0.000178  0.000104

   8.5   0    -0.5058  -16.8733 -0.000000 -0.000000  0.000000  0.000000 -0.000000  0.000000 -0.000000 -0.000000 -0.000000 -0.000000
                                -0.000000 -0.000000 -0.000000 -0.000000 -0.000000 -0.000000 -0.000000  0.000000  0.000000 -0.000000
                                 0.000000  0.000000  0.000000 -0.000000 -0.000000 -0.000000  0.000000  0.000000 -0.000000 -0.000000
                                 0.000000  0.000000 -0.000000 -0.000000 -0.000000  0.000000  0.000000 -0.000000 -0.000127 -0.000000
                                -0.001930 -0.000000 -0.012377 -0.000000 -0.031409 -0.000000 -0.030033 -0.000000 -0.014759  0.000000
                                 0.041058 -0.000000 -0.009776 -0.000000 -0.024543  0.000000  0.199765  0.000000  0.512315  0.000000
                                 0.359974  0.000000  0.063522 -0.000000 -0.005258 -0.000020  0.000000 -0.000000 -0.000025  0.000000
                                -0.000000  0.000034  0.000000 -0.000000

                                   1 3d1+    1 3d1+    1 3d1+    1 3d1+    1 3d1+    1 3d1+    1 3d1+    1 3d1+    1 3d1+    1 3d1+ 
                                   1 3d1+    1 3d1+    1 3d1+    1 3d1+    1 3d1+    1 3d1+    1 3d1+    1 3d1+    1 3d1+    1 3d1+ 
                                   1 3d1+    1 3d1+    1 3d1+    1 3d1+    1 5g1+    1 5g3+    1 5g1+    1 5g3+    1 5g1+    1 5g3+ 
                                   1 5g1+    1 5g3+    1 5g1+    1 5g3+    1 5g1+    1 5g3+    1 5g1+    1 5g3+    1 5g1+    1 5g3+ 
                                   1 5g1+    1 5g3+ 

   1.6   2   -47.2339 -262.5733  0.000109  0.001341  0.008438  0.038119  0.140278  0.328110  0.474906  0.405678 -0.074987  0.009861
                                 0.005516  0.000620 -0.076619 -0.234033  0.206687 -0.007732 -0.001999 -0.000513  0.000429 -0.000278
                                 0.000159 -0.000057  0.000024 -0.000007  0.000099  0.000261  0.000015  0.000040  0.000049  0.000129
                                -0.000013 -0.000035  0.000013  0.000035 -0.000008 -0.000020  0.000004  0.000012 -0.000002 -0.000006
                                 0.000001  0.000002

   2.6   2    -7.8951 -106.4402 -0.000052 -0.000639 -0.004076 -0.018435 -0.069705 -0.161759 -0.238975 -0.246686  0.905347  0.397303
                                 0.088943  0.007318  0.099431  0.557327 -0.661764  0.048878 -0.005995 -0.005867  0.005034 -0.003325
                                 0.001917 -0.000699  0.000298 -0.000085  0.000313  0.000829  0.000290  0.000768  0.000528  0.001397
                                 0.000156  0.000414  0.000095  0.000251 -0.000029 -0.000076  0.000018  0.000049 -0.000009 -0.000024
                                 0.000003  0.000008

   3.6   0    -1.1464  -36.0911 -0.000015 -0.000186 -0.001188 -0.005387 -0.020398 -0.047491 -0.067563 -0.048474  0.263593  0.149881
                                 0.012657 -0.469492  0.026023  0.139786 -0.153628 -0.104522 -0.369433 -0.231437 -0.028163 -0.008337
                                 0.002663 -0.000715  0.000267 -0.000071  0.000077  0.000204 -0.000010 -0.000026 -0.000199 -0.000527
                                -0.000408 -0.001079 -0.000302 -0.000799 -0.000157 -0.000416 -0.000011 -0.000029 -0.000014 -0.000036
                                 0.000005  0.000013

   4.6   0    -0.5525  -16.4366 -0.000007 -0.000087 -0.000556 -0.002525 -0.009551 -0.022284 -0.031033 -0.016970  0.113728  0.075385
                                 0.019258 -0.285130  0.010846  0.055563 -0.056723 -0.065934 -0.214523 -0.050714  0.532661  0.536067
                                 0.054102  0.013536 -0.005081  0.001407  0.000036  0.000096 -0.000006 -0.000016 -0.000092 -0.000243
                                -0.000188 -0.000497 -0.000160 -0.000422 -0.000147 -0.000389 -0.000091 -0.000242 -0.000053 -0.000141
                                -0.000003 -0.000008

                                   1 3d1-    1 3d1-    1 3d1-    1 3d1-    1 3d1-    1 3d1-    1 3d1-    1 3d1-    1 3d1-    1 3d1- 
                                   1 3d1-    1 3d1-    1 3d1-    1 3d1-    1 3d1-    1 3d1-    1 3d1-    1 3d1-    1 3d1-    1 3d1- 
                                   1 3d1-    1 3d1-    1 3d1-    1 3d1-    1 5g1-    1 5g3-    1 5g1-    1 5g3-    1 5g1-    1 5g3- 
                                   1 5g1-    1 5g3-    1 5g1-    1 5g3-    1 5g1-    1 5g3-    1 5g1-    1 5g3-    1 5g1-    1 5g3- 
                                   1 5g1-    1 5g3- 

   1.7   2   -47.2339 -262.5733  0.000109  0.001341  0.008438  0.038119  0.140278  0.328110  0.474906  0.405678 -0.074987  0.009861
                                 0.005516  0.000620 -0.076619 -0.234033  0.206687 -0.007732 -0.001999 -0.000513  0.000429 -0.000278
                                 0.000159 -0.000057  0.000024 -0.000007  0.000099 -0.000261  0.000015 -0.000040  0.000049 -0.000129
                                -0.000013  0.000035  0.000013 -0.000035 -0.000008  0.000020  0.000004 -0.000012 -0.000002  0.000006
                                 0.000001 -0.000002

   2.7   2    -7.8951 -106.4402 -0.000052 -0.000639 -0.004076 -0.018435 -0.069705 -0.161759 -0.238975 -0.246686  0.905347  0.397303
                                 0.088943  0.007318  0.099431  0.557327 -0.661764  0.048878 -0.005995 -0.005867  0.005034 -0.003325
                                 0.001917 -0.000699  0.000298 -0.000085  0.000313 -0.000829  0.000290 -0.000768  0.000528 -0.001397
                                 0.000156 -0.000414  0.000095 -0.000251 -0.000029  0.000076  0.000018 -0.000049 -0.000009  0.000024
                                 0.000003 -0.000008

   3.7   0    -1.1464  -36.0911 -0.000015 -0.000186 -0.001188 -0.005387 -0.020398 -0.047491 -0.067563 -0.048474  0.263593  0.149881
                                 0.012657 -0.469492  0.026023  0.139786 -0.153628 -0.104522 -0.369433 -0.231437 -0.028163 -0.008337
                                 0.002663 -0.000715  0.000267 -0.000071  0.000077 -0.000204 -0.000010  0.000026 -0.000199  0.000527
                                -0.000408  0.001079 -0.000302  0.000799 -0.000157  0.000416 -0.000011  0.000029 -0.000014  0.000036
                                 0.000005 -0.000013

   4.7   0    -0.5525  -16.4366 -0.000007 -0.000087 -0.000556 -0.002525 -0.009551 -0.022284 -0.031033 -0.016970  0.113728  0.075385
                                 0.019258 -0.285130  0.010846  0.055563 -0.056723 -0.065934 -0.214523 -0.050714  0.532661  0.536067
                                 0.054102  0.013536 -0.005081  0.001407  0.000036 -0.000096 -0.000006  0.000016 -0.000092  0.000243
                                -0.000188  0.000497 -0.000160  0.000422 -0.000147  0.000389 -0.000091  0.000242 -0.000053  0.000141
                                -0.000003  0.000008

                                   1 4f2-    1 4f2-    1 4f2-    1 4f2-    1 4f2-    1 4f2-    1 4f2-    1 4f2-    1 4f2-    1 4f2- 
                                   1 4f2-    1 4f2-    1 4f2-    1 4f2-    1 6h4-    1 6h2-    1 6h4-    1 6h2-    1 6h4-    1 6h2- 


   1.8   0    -1.4073  -77.5643  0.000907  0.014382  0.089034  0.250474  0.386763  0.400314  0.238185  0.014930  0.016028 -0.007342
                                 0.046180 -0.029343  0.015780 -0.005308 -0.000000  0.000000  0.000000 -0.000000 -0.000000 -0.000000

   2.8   0    -0.4978  -16.8895 -0.000162 -0.002502 -0.015811 -0.041874 -0.050843 -0.042666  0.010737 -0.008642 -0.020561  0.180589
                                 0.499569  0.393108  0.069525 -0.004501  0.000000 -0.000000  0.000000  0.000000 -0.000000 -0.000000

 HOMO      6.5    -2.497506 =     -67.9606eV
 LUMO      1.8    -1.407292 =     -38.2944eV
 LUMO-HOMO         1.090215 =      29.6662eV


 **********************************************************************************************************************************
 DATASETS  * FILE   NREC   LENGTH (MB)   RECORD NAMES
              1      22       22.40       500      610      700      900      950      970     1000      129      960     1700   
                                          VAR    BASINP    GEOM    SYMINP    ZMAT    AOBASIS   BASIS     P2S    ABASIS    OPER   
                                         1101     1401     1411     1412     1650     1100     1400     1410     1200     1210   
                                          SR      EKINR    POTR     PVPR    MOLCAS      S      EKIN      POT      H0       H01  
                                         1080     1600   
                                         AOSYM     SMH  

              2       5        6.41       200      700     1000      520     4202   
                                        OPTIONS   GEOM     BASIS   MCVARS     RHF  

 PROGRAMS   *        TOTAL       RHF       INT
 CPU TIMES  *       343.20      5.76    337.14
 REAL TIME  *       356.97 SEC
 DISK USED  *        11.09 GB      
 SF USED    *         0.14 MB      
 GA USED    *         0.00 MB       (max)       0.00 MB       (current)
 **********************************************************************************************************************************


 PROGRAM * POP (Mulliken population analysis)

 
 Density matrix read from record         4202.2  Type=RHF/CHARGE (state 1.1)
 
 Population analysis by basis function type

 Unique atom        s        p        d        f        g    Total    Charge
   1  GD     10.00000 23.99997 19.99994  6.00001  0.00006 60.00000  + 4.00000


 **********************************************************************************************************************************
 DATASETS  * FILE   NREC   LENGTH (MB)   RECORD NAMES
              1      22       22.40       500      610      700      900      950      970     1000      129      960     1700   
                                          VAR    BASINP    GEOM    SYMINP    ZMAT    AOBASIS   BASIS     P2S    ABASIS    OPER   
                                         1101     1401     1411     1412     1650     1100     1400     1410     1200     1210   
                                          SR      EKINR    POTR     PVPR    MOLCAS      S      EKIN      POT      H0       H01  
                                         1080     1600   
                                         AOSYM     SMH  

              2       5        6.41       200      700     1000      520     4202   
                                        OPTIONS   GEOM     BASIS   MCVARS     RHF  

 PROGRAMS   *        TOTAL       POP       RHF       INT
 CPU TIMES  *       343.20      0.00      5.76    337.14
 REAL TIME  *       356.98 SEC
 DISK USED  *        11.09 GB      
 SF USED    *         0.14 MB      
 GA USED    *         0.00 MB       (max)       0.00 MB       (current)
 **********************************************************************************************************************************


 PROGRAM * RHF-SCF (OPEN SHELL)       Authors: W. Meyer, H.-J. Werner


 NUMBER OF ELECTRONS:      33+   27-    SPACE SYMMETRY=1    SPIN SYMMETRY: Septet  
 CONVERGENCE THRESHOLDS:    1.00E-05 (Density)    1.20E-07 (Energy)
 MAX. NUMBER OF ITERATIONS:        0
 INTERPOLATION TYPE:            DIIS
 INTERPOLATION STEPS:              2 (START)      1 (STEP)
 LEVEL SHIFTS:                 -0.60 (CLOSED) -0.30 (OPEN) 

 Number of closed-shell orbitals:   27 (   9   4   4   2   4   2   2   0 )
 Number of open-shell orbitals:      6 (   0   2   2   0   2   0   0   0 )


 Molecular orbitals read from record     4202.2  Type=RHF/CANONICAL (state 1.1)

 Molecular orbital dump at record        2115.2

 ITERATION    DDIFF          GRAD             ENERGY        2-EL.EN.            DIPOLE MOMENTS         DIIS   ORB.
    1      0.000D+00      0.000D+00    -11264.46310489   8069.592119    0.00000    0.00000    0.00000    0    start

 Final alpha occupancy:   9   6   6   2   6   2   2   0
 Final beta  occupancy:   9   4   4   2   4   2   2   0

 !RHF STATE 1.1 Energy               -11264.4631048908    
 Nuclear energy                         0.00000000
 One-electron energy               -15299.25916424
 Two-electron energy                 4034.79605935
 Virial quotient                       -0.78343287
 !RHF STATE 1.1 Dipole moment           0.00000000     0.00000000     0.00000000
 Dipole moment /Debye                   0.00000000     0.00000000     0.00000000

 Orbital energies:

         1.1          2.1          3.1          4.1          5.1          6.1          7.1          8.1          9.1         10.1
  -1857.429790  -312.565211   -72.542644   -47.240079   -47.240079   -16.851561    -7.921576    -7.921576    -3.767357    -1.150482

        11.1
     -1.150482

         1.2          2.2          3.2          4.2          5.2          6.2          7.2          8.2
   -278.514647   -61.736238   -13.171289    -2.710493    -2.497506    -2.548085    -0.810248    -0.505843

         1.3          2.3          3.3          4.3          5.3          6.3          7.3          8.3
   -278.514647   -61.736238   -13.171289    -2.710493    -2.497506    -2.548085    -0.810248    -0.505843

         1.4          2.4          3.4          4.4
    -47.233935    -7.895128    -1.146362    -0.552478

         1.5          2.5          3.5          4.5          5.5          6.5          7.5          8.5
   -278.514647   -61.736238   -13.171288    -2.710493    -2.548085    -2.497506    -0.810248    -0.505843

         1.6          2.6          3.6          4.6
    -47.233935    -7.895128    -1.146362    -0.552478

         1.7          2.7          3.7          4.7
    -47.233935    -7.895128    -1.146362    -0.552478

         1.8          2.8
     -1.407292    -0.497781

 HOMO      6.5    -2.497506 =     -67.9606eV
 LUMO      1.8    -1.407292 =     -38.2944eV
 LUMO-HOMO         1.090215 =      29.6662eV


 **********************************************************************************************************************************
 DATASETS  * FILE   NREC   LENGTH (MB)   RECORD NAMES
              1      22       22.40       500      610      700      900      950      970     1000      129      960     1700   
                                          VAR    BASINP    GEOM    SYMINP    ZMAT    AOBASIS   BASIS     P2S    ABASIS    OPER   
                                         1101     1401     1411     1412     1650     1100     1400     1410     1200     1210   
                                          SR      EKINR    POTR     PVPR    MOLCAS      S      EKIN      POT      H0       H01  
                                         1080     1600   
                                         AOSYM     SMH  

              2       6       10.32       200      700     1000      520     4202     2115   
                                        OPTIONS   GEOM     BASIS   MCVARS     RHF      RHF  

 PROGRAMS   *        TOTAL       RHF       POP       RHF       INT
 CPU TIMES  *       343.66      0.46      0.00      5.76    337.14
 REAL TIME  *       357.52 SEC
 DISK USED  *        11.09 GB      
 SF USED    *         0.14 MB      
 GA USED    *         0.00 MB       (max)       0.00 MB       (current)
 **********************************************************************************************************************************
 SETTING SCF(8)         =    -11264.46310489  AU                              
 SETTING _CC_NORM_MAX   =         2.00000000                                  


 PROGRAM * CCSD (Restricted open-shell coupled cluster)     Authors: C. Hampel, H.-J. Werner, 1991, M. Deegan, P.J. Knowles, 1992


 Convergence thresholds:  THRVAR = 1.00D-08  THRDEN = 1.20D-06

 CCSD(T)     terms to be evaluated (factor= 1.000)


 Number of closed-shell orbitals:  27 (   9   4   4   2   4   2   2   0 )
 Number of active  orbitals:        6 (   0   2   2   0   2   0   0   0 )
 Number of external orbitals:     448 ( 104  68  68  40  68  40  40  20 )

 Memory could be reduced to 603.34 Mwords without degradation in triples

 Number of N-1 electron functions:              60
 Number of N-2 electron functions:            1770
 Number of singly external CSFs:              4452
 Number of doubly external CSFs:          35224011
 Total number of CSFs:                    35228463

 Molecular orbitals read from record     2115.2  Type=RHF/CANONICAL (state 1.1)

 Integral transformation finished. Total CPU:  14.63 sec, npass=  1  Memory used: 137.39 MW

 Starting RMP2 calculation

 Wavefunction is spin-projected

 ITER.      SQ.NORM     CORR.ENERGY   TOTAL ENERGY   ENERGY CHANGE        DEN1      VAR(S)    VAR(P)  DIIS     TIME
   1      1.12499742    -3.19803071-11267.66113560    -3.19803071    -0.00288850  0.10D-04  0.53D-03  1  1    18.29
   2      1.12628283    -3.20111147-11267.66421636    -0.00308075    -0.00001042  0.78D-07  0.25D-05  2  2    21.84
   3      1.12636210    -3.20123486-11267.66433975    -0.00012339    -0.00000003  0.33D-09  0.66D-08  3  3    25.03
   4      1.12636274    -3.20123463-11267.66433952     0.00000023    -0.00000000  0.79D-11  0.38D-10  4  4    28.48

 Norm of t1 vector:      0.02986229      S-energy:    -0.00561708      T1 diagnostic:  0.00004702
 Norm of t2 vector:      0.35421884      P-energy:    -3.19561755
                                         Alpha-Beta:  -2.04172527
                                         Alpha-Alpha: -0.67908188
                                         Beta-Beta:   -0.47481040

 Spin contamination <S**2-Sz**2-Sz>     0.00000000
  Reference energy                   -11264.4631048908    
  RHF-RMP2 correlation energy          -3.201234625216
 !RHF-RMP2 energy                    -11267.6643395160    
 (NB above energy spin projected)

 Starting RCCSD calculation

 ITER.      SQ.NORM     CORR.ENERGY   TOTAL ENERGY   ENERGY CHANGE        DEN1      VAR(S)    VAR(P)  DIIS     TIME
   1      1.10270505    -2.98218348-11267.44528837    -2.98218348    -0.04338090  0.92D-03  0.25D-02  0  0    86.98
   2      1.10967305    -3.02328723-11267.48639212    -0.04110374    -0.00179494  0.25D-04  0.18D-03  1  1   143.20
   3      1.11006309    -3.01946799-11267.48257288     0.00381924    -0.00013016  0.14D-04  0.18D-04  2  2   199.71
   4      1.11084511    -3.02062821-11267.48373310    -0.00116022    -0.00000601  0.28D-06  0.11D-05  3  3   256.35
   5      1.11096194    -3.02073922-11267.48384411    -0.00011101    -0.00000090  0.27D-07  0.23D-06  4  4   316.88
   6      1.11097946    -3.02073304-11267.48383793     0.00000619    -0.00000013  0.14D-08  0.37D-07  5  5   375.24
   7      1.11098440    -3.02073504-11267.48383993    -0.00000200    -0.00000001  0.39D-09  0.33D-08  6  6   433.10
   8      1.11098570    -3.02073626-11267.48384115    -0.00000122    -0.00000000  0.46D-10  0.13D-09  7  7   488.44
   9      1.11098608    -3.02073630-11267.48384119    -0.00000004    -0.00000000  0.20D-11  0.73D-11  8  8   545.04

 Norm of t1 vector:      0.05242496      S-energy:    -0.00616232      T1 diagnostic:  0.00338860
                                                                       D1 diagnostic:  0.00887437
 Norm of t2 vector:      0.32899499      P-energy:    -3.01457398
                                         Alpha-Beta:  -1.96863574
                                         Alpha-Alpha: -0.61033971
                                         Beta-Beta:   -0.43559853

 Spin contamination <S**2-Sz**2-Sz>     0.00000000

 Memory could be reduced to 662.28 Mwords without degradation in triples
 

  Correlated core orbitals:             1.1       2.1       3.1       4.1       5.1       6.1       7.1       8.1       1.2       2.2
                                        3.2       1.3       2.3       3.3       1.4       2.4       1.5       2.5       3.5       1.6
                                        2.6       1.7       2.7
  Orbital energies:                 -1857.4298 -312.5685  -72.6202  -47.3495  -47.3495  -17.0515   -8.2503   -8.2503 -278.5174  -61.8238
                                      -13.3923 -278.5174  -61.8238  -13.3923  -47.3204   -8.1550 -278.5174  -61.8238  -13.3923  -47.3204
                                       -8.1550  -47.3204   -8.1550
 
  RCCSD core-core energy               -1.870801738963
  RCCSD core-valence energy            -0.702508188149
  RCCSD valence correlation energy     -0.447426376521
 

 RESULTS
 =======

  Reference energy                   -11264.4631048908    
  RCCSD singles energy                 -0.006162320605
  RCCSD pair energy                    -3.014573983028
  RCCSD correlation energy             -3.020736303633
  Triples (T) contribution             -0.036216496747
  Total correlation energy             -3.056952800380
 
  RHF-RCCSD energy                   -11267.4838411944    
  RHF-RCCSD[T] energy                -11267.5205774528    
  RHF-RCCSD-T energy                 -11267.5199558816    
 !RHF-RCCSD(T) energy                -11267.5200576912    

 Program statistics:

 Available memory in ccsd:              1999990858
 Min. memory needed in ccsd:              96773125
 Max. memory used in ccsd:               142592860
 Max. memory used in cckext:             109853425 ( 9 integral passes)
 Max. memory used in cckint:             137389227 ( 1 integral passes)



 **********************************************************************************************************************************
 DATASETS  * FILE   NREC   LENGTH (MB)   RECORD NAMES
              1      22       22.40       500      610      700      900      950      970     1000      129      960     1700   
                                          VAR    BASINP    GEOM    SYMINP    ZMAT    AOBASIS   BASIS     P2S    ABASIS    OPER   
                                         1101     1401     1411     1412     1650     1100     1400     1410     1200     1210   
                                          SR      EKINR    POTR     PVPR    MOLCAS      S      EKIN      POT      H0       H01  
                                         1080     1600   
                                         AOSYM     SMH  

              2       6       10.32       200      700     1000      520     4202     2115   
                                        OPTIONS   GEOM     BASIS   MCVARS     RHF      RHF  

 PROGRAMS   *        TOTAL  RCCSD(T)       RHF       POP       RHF       INT
 CPU TIMES  *      4442.57   4098.85      0.46      0.00      5.76    337.14
 REAL TIME  *      4949.78 SEC
 DISK USED  *        41.08 GB      
 SF USED    *        13.32 GB      
 GA USED    *         0.00 MB       (max)       0.00 MB       (current)
 **********************************************************************************************************************************
 SETTING CCSD(8)        =    -11267.52005769  AU                              
 Output type csv         
                                                                                                                                                                                                                                                                

          SCF,CCSD
        0.00000,        0.00000
        0.00000,        0.00000
        0.00000,        0.00000
        0.00000,        0.00000
        0.00000,        0.00000
        0.00000,        0.00000
        0.00000,        0.00000
   -11264.46310,   -11267.52006
                                                  

 RCCSD(T)/USERDEF energy= -11267.520057691188

        RCCSD(T)        RHF-SCF         RHF-SCF 
 -11267.52005769 -11264.46310489 -11264.46310489
 **********************************************************************************************************************************
 Molpro calculation terminated
 Variable memory released
