Note: The following floating-point exceptions are signalling: IEEE_UNDERFLOW_FLAG IEEE_DENORMAL
 ENTER Z, NR
 PLEASE ENTER RELATIVITY FACTOR.  (0=NR, 1=REL.)
 PLEASE ENTER IUFLAG. (0=U, 1=SU, 2=R).
 PLEASE ENTER NFC, NEL, RATIO, ETOL, XNUM
 PLEASE ENTER N L M J S OCC.
    6143.999999  -9777.654934
     289.309321 -10241.618570
     199.536917 -10513.623259
     135.799987 -10664.372131
      91.158606 -10742.625882
      60.450861 -10781.128948
      39.616792 -10798.729181
      25.777269 -10806.367662
      16.708478 -10809.509267
      10.855602 -10810.776345
       7.099204 -10811.290341
       4.686590 -10811.505016
       3.129665 -10811.598737
       2.116313 -10811.641942
       1.448161 -10811.662844
       1.001877 -10811.673401
       0.699474 -10811.678928
       0.492215 -10811.681922
       0.348687 -10811.683597
       0.248356 -10811.684568
       0.177659 -10811.685152
       0.127533 -10811.685515
       0.091803 -10811.685750
       0.066223 -10811.685906
       0.047849 -10811.686013
       0.034616 -10811.686089
       0.025066 -10811.686142
       0.018163 -10811.686181
       0.013168 -10811.686209
       0.009550 -10811.686230
       0.006928 -10811.686246
       0.005026 -10811.686257
       0.003647 -10811.686266
       0.002647 -10811.686272
       0.001921 -10811.686277
       0.001394 -10811.686280
       0.001011 -10811.686283
       0.000734 -10811.686285
       0.000532 -10811.686287
       0.000386 -10811.686288
       0.000280 -10811.686289
       0.000203 -10811.686289
       0.000149 -10811.686290
       0.000111 -10811.686290
       0.000083 -10811.686290
    1   0 0   0/2   1    2.0000      -1750.959651
    2   0 0   0/2   1    2.0000       -286.375549
    2   1-1   2/2   1    2.0000       -272.130582
    2   1 0   2/2   1    2.0000       -272.130582
    2   1 1   2/2   1    2.0000       -272.130582
    3   0 0   0/2   1    2.0000        -67.967608
    3   1-1   2/2   1    2.0000        -61.575215
    3   1 0   2/2   1    2.0000        -61.575215
    3   1 1   2/2   1    2.0000        -61.575215
    3   2-2   4/2   1    2.0000        -49.808956
    3   2-1   4/2   1    2.0000        -49.808956
    3   2 0   4/2   1    2.0000        -49.808956
    3   2 1   4/2   1    2.0000        -49.808956
    3   2 2   4/2   1    2.0000        -49.808956
    4   0 0   0/2   1    2.0000        -17.185936
    4   1-1   2/2   1    2.0000        -14.579417
    4   1 0   2/2   1    2.0000        -14.579417
    4   1 1   2/2   1    2.0000        -14.579417
    4   2-2   4/2   1    2.0000         -9.877499
    4   2-1   4/2   1    2.0000         -9.877499
    4   2 0   4/2   1    2.0000         -9.877499
    4   2 1   4/2   1    2.0000         -9.877499
    4   2 2   4/2   1    2.0000         -9.877499
    4   3-3   6/2   1    1.0000         -4.563483
    4   3-2   6/2   1    1.0000         -4.563483
    4   3-1   6/2   1    1.0000         -4.563483
    4   3 0   6/2   1    1.0000         -4.563483
    5   0 0   0/2   1    2.0000         -4.852892
    5   1-1   2/2   1    2.0000         -3.927136
    5   1 0   2/2   1    2.0000         -3.927136
    5   1 1   2/2   1    2.0000         -3.927136
 TOTAL ENERGY =   -10811.686290-294203.282657
 PLEASE ENTER FULL FILENAME.
