
 Primary working directories    : /global/cscratch1/sd/aannabe
 Secondary working directories  : /global/cscratch1/sd/aannabe
 Wavefunction directory         : /global/homes/a/aannabe/wfu/
 Main file repository           : /global/cscratch1/sd/aannabe/

 SHA1      : 19cd028119e0e09f93f0674bd8af7968d9b3eff6
 NAME      : 2015.1.36
 ARCHNAME  : linux/x86_64
 FC        : /opt/cray/pe/craype/2.5.14/bin/ftn
 BLASLIB   : -L/opt/intel/compilers_and_libraries_2018.1.163/linux/mkl/lib/intel64 -Wl,-_start-group -lmkl_intel_ilp64 -lmkl_intel_thread -lmkl_core -Wl,-_end-group -liomp5
 id        : lbl

 Nodes     nprocs
 nid01616    11
 Number of processes for MPI-2 version of Molpro:   nprocs(total)=   12   nprocs(compute)=   11   nprocs(helper)=    1

 Using customized tuning parameters: mindgm=7; mindgv=16; mindgc=1; mindgr=1; noblas=0; minvec=7
 default implementation of scratch files=sf  

 ***,atomic
 memory,1,g
 
 gthresh,twoint=1.e-15
 gthresh,oneint=1.e-15
 
 angstrom
 geometry={
 1
 Tb  0.0 0.0 0.0
 }
 
 basis={
 Including file /global/homes/a/aannabe/docs/Tb_project/ccECP/basis_sets/Tb_aug-cc-pwCVTZ.basis
 }
 
 set,dkroll=1,dkho=99,dkhp=2
 
 Including file /global/u1/a/aannabe/docs/Tb_project/ccECP/atoms/UC/15/states.proc
 Including file /global/homes/a/aannabe/docs/Tb_project/ccECP/basis_sets/Tb_con-cc-pVDZ.basis
 Including file /global/homes/a/aannabe/docs/Tb_project/ccECP/basis_sets/Tb_aug-cc-pwCVTZ.basis
 Including file /global/homes/a/aannabe/docs/Tb_project/ccECP/basis_sets/Tb_con-cc-pVDZ.basis
 Including file /global/homes/a/aannabe/docs/Tb_project/ccECP/basis_sets/Tb_aug-cc-pwCVTZ.basis
 Including file /global/homes/a/aannabe/docs/Tb_project/ccECP/basis_sets/Tb_con-cc-pVDZ.basis
 Including file /global/homes/a/aannabe/docs/Tb_project/ccECP/basis_sets/Tb_aug-cc-pwCVTZ.basis
 Including file /global/homes/a/aannabe/docs/Tb_project/ccECP/basis_sets/Tb_con-cc-pVDZ.basis
 Including file /global/homes/a/aannabe/docs/Tb_project/ccECP/basis_sets/Tb_aug-cc-pwCVTZ.basis
 
 do i=15,15
    if (i.eq.1) then
       GS_5s2_5p6_6s2_4f9
    else if (i.eq.2) then
       EX_5s2_5p6_6s2_4f8_5d1
    else if (i.eq.3) then
       EX_5s2_5p6_6s1_4f8_5d2
    else if (i.eq.4) then
       EX_5s2_5p6_6s2_4f8_6p1
    else if (i.eq.5) then
       IP1_5s2_5p6_6s1_4f9
    else if (i.eq.6) then
       IP1_5s2_5p6_6s1_4f8_5d
    else if (i.eq.7) then
       IP1_5s2_5p6_6s2_4f8
    else if (i.eq.8) then
       IP2_5s2_5p6_4f9
    else if (i.eq.9) then
       IP2_5s2_5p6_4f8_5d1
    else if (i.eq.10) then
       IP2_5s2_5p6_6s1_4f8
    else if (i.eq.11) then
       IP3_5s2_5p6_4f8
    else if (i.eq.12) then
       IP3_5s2_5p6_4f7_5d1
    else if (i.eq.13) then
       IP3_5s2_5p6_6s1_4f7
    else if (i.eq.14) then
       IP4_5s2_5p6_4f7
    else if (i.eq.15) then
       IP7_5s2_5p3_4f7
    end if
    scf(i)=energy
    pop
    _CC_NORM_MAX=2.0
    {uccsd(t),shifts=0.2,shiftp=0.2,thrdis=1.0;diis,1,1,15,1;maxit,100;core,8,3,3,2,3,2,2,0;
    THRESH,ENERGY=5.e-6,COEFF=1e-3
    }
    ccsd(i)=energy
 enddo
 
 table,scf,ccsd
 save, 3.csv, new
 

 Variables initialized (889), CPU time= 0.01 sec
 Commands  initialized (702), CPU time= 0.00 sec, 572 directives.
 Default parameters read. Elapsed time= 0.18 sec

 Checking input...
 Passed
1


                                         ***  PROGRAM SYSTEM MOLPRO  ***
                                       Copyright, TTI GmbH Stuttgart, 2015
                                    Version 2015.1 linked Dec 29 2018 15:55:43


 **********************************************************************************************************************************
 LABEL *   atomic                                                                        
  64 bit mpp version                                                                     DATE: 14-Feb-22          TIME: 09:48:38  
 **********************************************************************************************************************************

 SHA1:             19cd028119e0e09f93f0674bd8af7968d9b3eff6
 **********************************************************************************************************************************

 THRESHOLDS:

 ZERO    =  1.00D-12  ONEINT  =  1.00D-12  TWOINT  =  1.00D-15  PREFAC  =  1.00D-14  LOCALI  =  1.00D-09  EORDER  =  1.00D-04
 ENERGY  =  0.00D+00  ETEST   =  0.00D+00  EDENS   =  0.00D+00  THRDEDEF=  1.00D-06  GRADIENT=  1.00D-02  STEP    =  1.00D-03
 ORBITAL =  1.00D-05  CIVEC   =  1.00D-05  COEFF   =  1.00D-04  PRINTCI =  5.00D-02  PUNCHCI =  9.90D+01  OPTGRAD =  3.00D-04
 OPTENERG=  1.00D-06  OPTSTEP =  3.00D-04  THRGRAD =  1.00D-10  COMPRESS=  1.00D-11  VARMIN  =  1.00D-07  VARMAX  =  1.00D-03
 THRDOUB =  0.00D+00  THRDIV  =  1.00D-05  THRRED  =  1.00D-07  THRPSP  =  1.00D+00  THRDC   =  1.00D-10  THRCS   =  1.00D-10
 THRNRM  =  1.00D-08  THREQ   =  0.00D+00  THRDE   =  1.00D+00  THRREF  =  1.00D-05  SPARFAC =  1.00D+00  THRDLP  =  1.00D-07
 THRDIA  =  1.00D-10  THRDLS  =  1.00D-07  THRGPS  =  0.00D+00  THRKEX  =  0.00D+00  THRDIS  =  2.00D-01  THRVAR  =  1.00D-10
 THRLOC  =  1.00D-06  THRGAP  =  1.00D-06  THRLOCT = -1.00D+00  THRGAPT = -1.00D+00  THRORB  =  1.00D-06  THRMLTP =  0.00D+00
 THRCPQCI=  1.00D-10  KEXTA   =  0.00D+00  THRCOARS=  0.00D+00  SYMTOL  =  1.00D-06  GRADTOL =  1.00D-06  THROVL  =  1.00D-08
 THRORTH =  1.00D-08  GRID    =  1.00D-06  GRIDMAX =  1.00D-03  DTMAX   =  0.00D+00  THROCCDE=  1.00D-01  THROCCDE=  1.00D-01



 THRESHOLDS:

 ZERO    =  1.00D-12  ONEINT  =  1.00D-15  TWOINT  =  1.00D-15  PREFAC  =  1.00D-14  LOCALI  =  1.00D-09  EORDER  =  1.00D-04
 ENERGY  =  0.00D+00  ETEST   =  0.00D+00  EDENS   =  0.00D+00  THRDEDEF=  1.00D-06  GRADIENT=  1.00D-02  STEP    =  1.00D-03
 ORBITAL =  1.00D-05  CIVEC   =  1.00D-05  COEFF   =  1.00D-04  PRINTCI =  5.00D-02  PUNCHCI =  9.90D+01  OPTGRAD =  3.00D-04
 OPTENERG=  1.00D-06  OPTSTEP =  3.00D-04  THRGRAD =  1.00D-10  COMPRESS=  1.00D-11  VARMIN  =  1.00D-07  VARMAX  =  1.00D-03
 THRDOUB =  0.00D+00  THRDIV  =  1.00D-05  THRRED  =  1.00D-07  THRPSP  =  1.00D+00  THRDC   =  1.00D-10  THRCS   =  1.00D-10
 THRNRM  =  1.00D-08  THREQ   =  0.00D+00  THRDE   =  1.00D+00  THRREF  =  1.00D-05  SPARFAC =  1.00D+00  THRDLP  =  1.00D-07
 THRDIA  =  1.00D-10  THRDLS  =  1.00D-07  THRGPS  =  0.00D+00  THRKEX  =  0.00D+00  THRDIS  =  2.00D-01  THRVAR  =  1.00D-10
 THRLOC  =  1.00D-06  THRGAP  =  1.00D-06  THRLOCT = -1.00D+00  THRGAPT = -1.00D+00  THRORB  =  1.00D-06  THRMLTP =  0.00D+00
 THRCPQCI=  1.00D-10  KEXTA   =  0.00D+00  THRCOARS=  0.00D+00  SYMTOL  =  1.00D-06  GRADTOL =  1.00D-06  THROVL  =  1.00D-08
 THRORTH =  1.00D-08  GRID    =  1.00D-06  GRIDMAX =  1.00D-03  DTMAX   =  0.00D+00  THROCCDE=  1.00D-01  THROCCDE=  1.00D-01


 ZUNIT=ANG
 

Geometry recognized as XYZ


 Variable memory set to 1000000000 words,  buffer space   230000 words

 SETTING BASIS          =    USERDEF
 SETTING DKROLL         =         1.00000000                                  
 SETTING DKHO           =        99.00000000                                  
 SETTING DKHP           =         2.00000000                                  

 DO I                   =        15.00000000   

 Running procedure=IP7_5S2_5P3_4F7


 Recomputing integrals since basis changed


 Using spherical harmonics



 PROGRAM * SEWARD (Integral evaluation for generally contracted gaussian basis sets)     Author: Roland Lindh, 1990

 Geometry written to block  1 of record 700

 Orientation using atomic masses  
 Molecule type: Atom
 Symmetry elements: X,Y,Z
 Rotational constants:       0.0000000      0.0000000      0.0000000 GHz  (calculated with average atomic masses)

 Point group  D2h 



 ATOMIC COORDINATES

 NR  ATOM    CHARGE       X              Y              Z

   1  TB     65.00    0.000000000    0.000000000    0.000000000

 NUCLEAR CHARGE:                   65
 NUMBER OF PRIMITIVE AOS:         470
 NUMBER OF SYMMETRY AOS:          361
 NUMBER OF CONTRACTIONS:          361   (  82Ag  +  60B3u +  60B2u +  27B1g +  60B1u +  27B2g +  27B3g +  18Au  )
 NUMBER OF CORE ORBITALS:          23   (   8Ag  +   3B3u +   3B2u +   2B1g +   3B1u +   2B2g +   2B3g +   0Au  )
 NUMBER OF VALENCE ORBITALS:       17   (   4Ag  +   3B3u +   3B2u +   1B1g +   3B1u +   1B2g +   1B3g +   1Au  )


 NUCLEAR REPULSION ENERGY    0.00000000

 One-electron integrals computed with SEWARD

 99nd-order Douglas-Kroll-Hess method activated. Exponential DKH parametrization is used.

 Computing Douglas-Kroll / X2C integrals

 AO integral compression algorithm  1   Integral accuracy      1.0D-15

     1801.978 MB (compressed) written to integral file ( 46.5%)

     Node minimum: 77.595 MB, node maximum: 234.881 MB


 NUMBER OF SORTED TWO-ELECTRON INTEGRALS:   24984912.     BUFFER LENGTH:  32768
 NUMBER OF SEGMENTS:   1  SEGMENT LENGTH:   24984912      RECORD LENGTH: 524288

 Memory used in sort:      25.54 MW

 SORT1 READ   484076335. AND WROTE    14890225. INTEGRALS IN     43 RECORDS. CPU TIME:    11.90 SEC, REAL TIME:    12.65 SEC
 SORT2 READ   163021227. AND WROTE   274384081. INTEGRALS IN   5940 RECORDS. CPU TIME:     0.69 SEC, REAL TIME:     1.58 SEC

 Node minimum:    24848232.  Node maximum:    25142105. integrals

 OPERATOR DM      FOR CENTER  0  COORDINATES:    0.000000    0.000000    0.000000

 EXTRA SYMMETRY OF AOS IN SYMMETRY 1:   1 1 1 1 1 1 1 1 1 1   1 1 1 1 1 1 1 1 1 1   1 1 1 1 1 1 1 1 1 1   1 1 1 2 3 2 3 2 3 2
                                        3 2 3 2 3 2 3 2 3 2   3 2 3 2 3 2 3 2 3 2   3 2 3 2 3 2 3 4 5 6   4 5 6 4 5 6 4 5 6 4
                                        5 6
 EXTRA SYMMETRY OF AOS IN SYMMETRY 2:   1 1 1 1 1 1 1 1 1 1   1 1 1 1 1 1 1 1 1 1   1 1 1 1 1 1 2 3 2 3   2 3 2 3 2 3 2 3 2 3
                                        2 3 2 3 2 3 2 3 2 3   2 3 2 3 4 5 6 4 5 6
 EXTRA SYMMETRY OF AOS IN SYMMETRY 3:   1 1 1 1 1 1 1 1 1 1   1 1 1 1 1 1 1 1 1 1   1 1 1 1 1 1 2 3 2 3   2 3 2 3 2 3 2 3 2 3
                                        2 3 2 3 2 3 2 3 2 3   2 3 2 3 4 5 6 4 5 6
 EXTRA SYMMETRY OF AOS IN SYMMETRY 4:   1 1 1 1 1 1 1 1 1 1   1 1 1 1 1 1 1 2 3 2   3 2 3 2 3 2 3
 EXTRA SYMMETRY OF AOS IN SYMMETRY 5:   1 1 1 1 1 1 1 1 1 1   1 1 1 1 1 1 1 1 1 1   1 1 1 1 1 1 2 3 2 3   2 3 2 3 2 3 2 3 2 3
                                        2 3 2 3 2 3 2 3 2 3   2 3 2 3 4 5 6 4 5 6
 EXTRA SYMMETRY OF AOS IN SYMMETRY 6:   1 1 1 1 1 1 1 1 1 1   1 1 1 1 1 1 1 2 3 2   3 2 3 2 3 2 3
 EXTRA SYMMETRY OF AOS IN SYMMETRY 7:   1 1 1 1 1 1 1 1 1 1   1 1 1 1 1 1 1 2 3 2   3 2 3 2 3 2 3
 EXTRA SYMMETRY OF AOS IN SYMMETRY 8:   1 1 1 1 1 1 1 1 1 1   1 1 1 1 2 3 2 3

 Eigenvalues of metric

         1 0.154E-07 0.147E-05 0.266E-04 0.749E-04 0.181E-03 0.390E-03 0.717E-03 0.122E-02
         2 0.148E-04 0.893E-04 0.893E-04 0.408E-03 0.125E-02 0.125E-02 0.141E-02 0.331E-02
         3 0.148E-04 0.893E-04 0.893E-04 0.408E-03 0.125E-02 0.125E-02 0.141E-02 0.331E-02
         4 0.186E-02 0.687E-02 0.180E-01 0.386E-01 0.694E-01 0.115E+00 0.185E+00 0.289E+00
         5 0.148E-04 0.893E-04 0.893E-04 0.408E-03 0.125E-02 0.125E-02 0.141E-02 0.331E-02
         6 0.186E-02 0.687E-02 0.180E-01 0.386E-01 0.694E-01 0.115E+00 0.185E+00 0.289E+00
         7 0.186E-02 0.687E-02 0.180E-01 0.386E-01 0.694E-01 0.115E+00 0.185E+00 0.289E+00
         8 0.893E-04 0.125E-02 0.174E-01 0.609E-01 0.108E+00 0.212E+00 0.329E+00 0.483E+00


 **********************************************************************************************************************************
 DATASETS  * FILE   NREC   LENGTH (MB)   RECORD NAMES
              1      22       21.35       500      610      700      900      950      970     1000      129      960     1700   
                                          VAR    BASINP    GEOM    SYMINP    ZMAT    AOBASIS   BASIS     P2S    ABASIS    OPER   
                                         1101     1401     1411     1412     1650     1100     1400     1410     1200     1210   
                                          SR      EKINR    POTR     PVPR    MOLCAS      S      EKIN      POT      H0       H01  
                                         1080     1600   
                                         AOSYM     SMH  

 PROGRAMS   *        TOTAL       INT
 CPU TIMES  *        91.83     91.35
 REAL TIME  *        95.95 SEC
 DISK USED  *         3.78 GB      
 GA USED    *         0.00 MB       (max)       0.00 MB       (current)
 **********************************************************************************************************************************


 PROGRAM * RHF-SCF (OPEN SHELL)       Authors: W. Meyer, H.-J. Werner


 NUMBER OF ELECTRONS:      34+   24-    SPACE SYMMETRY=1    SPIN SYMMETRY: S=5     
 CONVERGENCE THRESHOLDS:    1.00E-05 (Density)    1.30E-07 (Energy)
 MAX. NUMBER OF ITERATIONS:      100
 INTERPOLATION TYPE:            DIIS
 INTERPOLATION STEPS:              2 (START)      1 (STEP)
 LEVEL SHIFTS:                 -0.60 (CLOSED) -0.30 (OPEN) 

 Number of closed-shell orbitals:   24 (   9   3   3   2   3   2   2   0 )
 Number of open-shell orbitals:     10 (   0   3   3   0   3   0   0   1 )


 
 Extra symmetries of mos in symmetry 1:   1   1   1   1   3   2   3   2   1   1   3   2
 Orbital guess generated from atomic densities. Full valence occupancy:   10   6   6   2   6   2   2   1


 Molecular orbital dump at record        2118.2

 ITERATION    DDIFF          GRAD             ENERGY        2-EL.EN.            DIPOLE MOMENTS         DIIS   ORB.
    1      0.000D+00      0.000D+00    -11674.29482955   7617.394690    0.00000    0.00000    0.00000    0    start
    2      0.000D+00      0.796D-01    -11689.77921083   8424.757599    0.00000    0.00000    0.00000    1    diag,B
    3      0.984D-01      0.104D+00    -11692.32035671   8268.144290    0.00000    0.00000    0.00000    2    diag,B
    4      0.700D-01      0.344D-01    -11692.72527504   8204.495026    0.00000    0.00000    0.00000    3    diag,B
    5      0.360D-01      0.101D-01    -11692.76582038   8181.161901    0.00000    0.00000    0.00000    4    diag,B
    6      0.651D-02      0.164D-02    -11692.76697100   8177.271693    0.00000    0.00000    0.00000    5    diag,B
    7      0.549D-02      0.254D-03    -11692.76699815   8176.686654    0.00000    0.00000    0.00000    6    diag,B
    8      0.103D-02      0.382D-04    -11692.76699874   8176.597011    0.00000    0.00000    0.00000    7    diag,B
    9      0.244D-04      0.334D-05    -11692.76699875   8176.589160    0.00000    0.00000    0.00000    8    diag,B
   10      0.160D-04      0.126D-06    -11692.76699875   8176.588897    0.00000    0.00000    0.00000    9    orth
   11      0.243D-06      0.768D-08    -11692.76699875   8176.588902    0.00000    0.00000    0.00000    0    orth

 Final alpha occupancy:   9   6   6   2   6   2   2   1
 Final beta  occupancy:   9   3   3   2   3   2   2   0

 !RHF STATE 1.1 Energy               -11692.7669987475    
 Nuclear energy                         0.00000000
 One-electron energy               -15781.06144994
 Two-electron energy                 4088.29445119
 Virial quotient                       -0.77655442
 !RHF STATE 1.1 Dipole moment           0.00000000     0.00000000     0.00000000
 Dipole moment /Debye                   0.00000000     0.00000000     0.00000000

 ELECTRON ORBITALS
 =================


   Orb  Occ    Energy  Couls-En    Coefficients

                                   1 1s      1 1s      1 1s      1 1s      1 1s      1 1s      1 1s      1 1s      1 1s      1 1s   
                                   1 1s      1 1s      1 1s      1 1s      1 1s      1 1s      1 1s      1 1s      1 1s      1 1s   
                                   1 1s      1 1s      1 1s      1 1s      1 1s      1 1s      1 1s      1 1s      1 1s      1 1s   
                                   1 1s      1 1s      1 1s      1 3d0     1 3d2+    1 3d0     1 3d2+    1 3d0     1 3d2+    1 3d0  
                                   1 3d2+    1 3d0     1 3d2+    1 3d0     1 3d2+    1 3d0     1 3d2+    1 3d0     1 3d2+    1 3d0  
                                   1 3d2+    1 3d0     1 3d2+    1 3d0     1 3d2+    1 3d0     1 3d2+    1 3d0     1 3d2+    1 3d0  
                                   1 3d2+    1 3d0     1 3d2+    1 3d0     1 3d2+    1 3d0     1 3d2+    1 5g0     1 5g4+    1 5g2+ 
                                   1 5g0     1 5g4+    1 5g2+    1 5g0     1 5g4+    1 5g2+    1 5g0     1 5g4+    1 5g2+    1 5g0  
                                   1 5g4+    1 5g2+ 

   1.1   2 -1924.4148-4171.0586  0.000372  0.000370  0.001056  0.001565  0.003155  0.005254  0.009597  0.016539  0.029434  0.051305
                                 0.089392  0.148556  0.224679  0.275562  0.230697  0.098374  0.013281  0.000370 -0.000021 -0.000012
                                -0.000143  0.000249 -0.000320  0.000196 -0.000017  0.000004 -0.000001  0.000000 -0.000000  0.000000
                                -0.000000  0.000000 -0.000000 -0.000000  0.000000  0.000000 -0.000000 -0.000000  0.000000  0.000000
                                -0.000000 -0.000000  0.000000  0.000000  0.000000 -0.000000 -0.000000  0.000000  0.000000 -0.000000
                                -0.000000  0.000000  0.000000 -0.000000 -0.000000  0.000000  0.000000 -0.000000 -0.000000  0.000000
                                 0.000000 -0.000000 -0.000000  0.000000  0.000000 -0.000000 -0.000000 -0.000000  0.000000 -0.000000
                                 0.000000 -0.000000  0.000000 -0.000000  0.000000 -0.000000  0.000000 -0.000000  0.000000 -0.000000
                                -0.000000 -0.000000

   2.1   2  -326.8440 -894.2340 -0.000135 -0.000135 -0.000385 -0.000572 -0.001156 -0.001934 -0.003555 -0.006188 -0.011177 -0.019935
                                -0.036032 -0.063533 -0.106185 -0.152555 -0.153364 -0.006810  0.318542  0.500525  0.283693  0.044891
                                -0.001019  0.000310  0.002242 -0.001913  0.000120 -0.000071  0.000016 -0.000003  0.000002 -0.000001
                                 0.000001 -0.000000  0.000000 -0.000000 -0.000000 -0.000000  0.000000 -0.000000 -0.000000 -0.000000
                                 0.000000 -0.000000  0.000000 -0.000000  0.000000  0.000000 -0.000000 -0.000000  0.000000 -0.000000
                                -0.000000 -0.000000  0.000000  0.000000 -0.000000 -0.000000  0.000000 -0.000000 -0.000000  0.000000
                                 0.000000  0.000000 -0.000000 -0.000000  0.000000  0.000000 -0.000000  0.000000 -0.000000 -0.000000
                                -0.000000 -0.000000  0.000000  0.000000 -0.000000 -0.000000 -0.000000 -0.000000  0.000000  0.000000
                                -0.000000 -0.000000

   3.1   2   -77.5362 -317.4191  0.000063  0.000063  0.000179  0.000266  0.000539  0.000902  0.001659  0.002891  0.005236  0.009370
                                 0.017042  0.030330  0.051580  0.076178  0.079729 -0.002522 -0.242319 -0.502166 -0.306919  0.460460
                                 0.715674 -0.029430  0.280697 -0.032804  0.020183  0.000686  0.000062 -0.000063  0.000007 -0.000003
                                 0.000002 -0.000001  0.000000  0.000000 -0.000000  0.000000  0.000000  0.000000  0.000000  0.000000
                                 0.000000  0.000000  0.000000  0.000000  0.000000  0.000000  0.000000  0.000000  0.000000 -0.000000
                                 0.000000  0.000000  0.000000 -0.000000 -0.000000  0.000000 -0.000000 -0.000000  0.000000 -0.000000
                                 0.000000 -0.000000  0.000000  0.000000  0.000000 -0.000000 -0.000000  0.000000  0.000000 -0.000000
                                -0.000000  0.000000 -0.000000  0.000000 -0.000000  0.000000 -0.000000 -0.000000  0.000000  0.000000
                                -0.000000  0.000000

   4.1   2   -19.4154 -138.2872 -0.000030 -0.000030 -0.000087 -0.000129 -0.000260 -0.000435 -0.000801 -0.001397 -0.002529 -0.004534
                                -0.008249 -0.014735 -0.025106 -0.037445 -0.039310  0.001525  0.132383  0.288658  0.196766 -0.407256
                                -0.874565 -0.042634 -0.046736 -0.055583  0.875652  0.569783  0.048398 -0.004364  0.001109 -0.000339
                                 0.000298 -0.000135  0.000029 -0.000000  0.000000 -0.000000 -0.000000 -0.000000  0.000000 -0.000000
                                -0.000000 -0.000000  0.000000 -0.000000  0.000000 -0.000000  0.000000 -0.000000  0.000000  0.000000
                                 0.000000  0.000000 -0.000000  0.000000 -0.000000 -0.000000 -0.000000  0.000000  0.000000  0.000000
                                 0.000000  0.000000  0.000000 -0.000000  0.000000  0.000000  0.000000 -0.000000  0.000000  0.000000
                                 0.000000  0.000000 -0.000000  0.000000 -0.000000  0.000000 -0.000000 -0.000000  0.000000  0.000000
                                -0.000000  0.000000

   5.1   2   -51.2794 -273.8892  0.000000  0.000000 -0.000000 -0.000000  0.000000 -0.000000 -0.000000  0.000000 -0.000000  0.000000
                                -0.000000  0.000000 -0.000000  0.000000 -0.000000  0.000000 -0.000000  0.000000 -0.000000  0.000000
                                -0.000000  0.000000 -0.000000  0.000000 -0.000000  0.000000 -0.000000  0.000000 -0.000000  0.000000
                                -0.000000 -0.000000  0.000000  0.000000  0.000090  0.000000  0.000696  0.000002  0.003990  0.000010
                                 0.017839  0.000033  0.061338  0.000086  0.159756  0.000160  0.296131  0.000197  0.364708  0.000132
                                 0.244140  0.000037  0.069178  0.000003  0.005408  0.000000  0.000496 -0.000000 -0.000032  0.000000
                                 0.000031 -0.000000 -0.000013  0.000000  0.000006 -0.000000 -0.000002  0.000000  0.000000  0.000000
                                 0.000000 -0.000000  0.000000 -0.000000  0.000000 -0.000000  0.000000 -0.000000 -0.000000 -0.000000
                                -0.000000  0.000000

   6.1   2   -51.2794 -273.8892  0.000000  0.000000  0.000000  0.000000  0.000000  0.000000  0.000000  0.000000  0.000000  0.000000
                                 0.000000  0.000000  0.000000  0.000000  0.000000  0.000000 -0.000000 -0.000000 -0.000000  0.000000
                                -0.000000  0.000000 -0.000000  0.000000 -0.000000 -0.000000 -0.000000  0.000000  0.000000  0.000000
                                -0.000000  0.000000 -0.000000  0.000090 -0.000000  0.000696 -0.000000  0.003990 -0.000002  0.017839
                                -0.000010  0.061338 -0.000033  0.159756 -0.000086  0.296131 -0.000160  0.364708 -0.000197  0.244140
                                -0.000132  0.069178 -0.000037  0.005408 -0.000003  0.000496 -0.000000 -0.000032  0.000000  0.000031
                                -0.000000 -0.000013  0.000000  0.000006 -0.000000 -0.000002  0.000000  0.000000  0.000000 -0.000000
                                 0.000000  0.000000 -0.000000 -0.000000 -0.000000  0.000000 -0.000000  0.000000  0.000000  0.000000
                                 0.000000 -0.000000

   7.1   2   -10.1269 -112.4705 -0.000000 -0.000000 -0.000000 -0.000000 -0.000000 -0.000000 -0.000000 -0.000000 -0.000000 -0.000000
                                -0.000000  0.000000 -0.000000  0.000000 -0.000000  0.000000 -0.000000  0.000000 -0.000000  0.000000
                                -0.000000  0.000000 -0.000000  0.000000 -0.000000  0.000000 -0.000000  0.000000 -0.000000  0.000000
                                -0.000000  0.000000 -0.000000  0.000000 -0.000043  0.000000 -0.000335  0.000001 -0.001925  0.000002
                                -0.008690  0.000008 -0.030172  0.000022 -0.080234  0.000041 -0.147251  0.000047 -0.167350  0.000000
                                -0.000148 -0.000090  0.321931 -0.000132  0.472617 -0.000079  0.283458 -0.000013  0.046894  0.000000
                                -0.001348 -0.000000  0.000648  0.000000 -0.000267 -0.000000  0.000095  0.000000 -0.000000  0.000000
                                -0.000000 -0.000000 -0.000000  0.000000 -0.000000 -0.000000 -0.000000  0.000000  0.000000  0.000000
                                -0.000000 -0.000000

   8.1   2   -10.1269 -112.4705 -0.000000 -0.000000 -0.000000 -0.000000 -0.000000 -0.000000 -0.000000 -0.000000 -0.000000 -0.000000
                                -0.000000 -0.000000 -0.000000 -0.000000 -0.000000 -0.000000  0.000000  0.000000  0.000000 -0.000000
                                 0.000000 -0.000000  0.000000 -0.000000  0.000000  0.000000 -0.000000  0.000000  0.000000 -0.000000
                                 0.000000 -0.000000  0.000000 -0.000043 -0.000000 -0.000335 -0.000000 -0.001925 -0.000001 -0.008690
                                -0.000002 -0.030172 -0.000008 -0.080234 -0.000022 -0.147251 -0.000041 -0.167350 -0.000047 -0.000148
                                -0.000000  0.321931  0.000090  0.472617  0.000132  0.283458  0.000079  0.046894  0.000013 -0.001348
                                -0.000000  0.000648  0.000000 -0.000267 -0.000000  0.000095  0.000000  0.000000  0.000000 -0.000000
                                -0.000000  0.000000 -0.000000 -0.000000 -0.000000  0.000000 -0.000000 -0.000000 -0.000000  0.000000
                                 0.000000  0.000000

   9.1   2    -5.4692  -62.6970  0.000013  0.000013  0.000037  0.000056  0.000113  0.000188  0.000347  0.000605  0.001096  0.001964
                                 0.003579  0.006382  0.010920  0.016233  0.017238 -0.000974 -0.058377 -0.131775 -0.087811  0.188261
                                 0.608556 -0.380791  0.813626 -0.595515 -0.560905 -0.805048  0.566347  0.908830  0.071395  0.000140
                                -0.000707  0.000443 -0.000108  0.000000  0.000000  0.000000  0.000000  0.000000  0.000000  0.000000
                                 0.000000  0.000000  0.000000  0.000000  0.000000  0.000000  0.000000  0.000000  0.000000 -0.000000
                                 0.000000 -0.000000 -0.000000 -0.000000 -0.000000 -0.000000 -0.000000  0.000000  0.000000  0.000000
                                 0.000000  0.000000 -0.000000 -0.000000 -0.000000  0.000000  0.000000  0.000000 -0.000000  0.000000
                                 0.000000 -0.000000  0.000000 -0.000000 -0.000000  0.000000 -0.000000 -0.000000 -0.000000  0.000000
                                -0.000000  0.000000

  10.1   0    -2.1622  -32.0831 -0.000007 -0.000007 -0.000019 -0.000029 -0.000058 -0.000098 -0.000179 -0.000316 -0.000564 -0.001031
                                -0.001825 -0.003388 -0.005480 -0.008858 -0.007958 -0.001714  0.035592  0.056666  0.077460 -0.221701
                                 0.607984 -2.687148  5.671170 -4.576186  1.478538  0.063813 -0.001021 -2.199079  1.778832  0.819466
                                -0.539102  0.219637 -0.043920  0.000000 -0.000000  0.000000  0.000000  0.000000 -0.000000  0.000000
                                 0.000000  0.000000 -0.000000  0.000000  0.000000  0.000000 -0.000000  0.000000  0.000000 -0.000000
                                -0.000000 -0.000000  0.000000 -0.000000 -0.000000 -0.000000  0.000000  0.000000  0.000000 -0.000000
                                 0.000000 -0.000000 -0.000000  0.000000  0.000000 -0.000000 -0.000000 -0.000000  0.000000 -0.000000
                                -0.000000  0.000000 -0.000000 -0.000000  0.000000 -0.000000 -0.000000 -0.000000 -0.000000  0.000000
                                 0.000000  0.000000

  11.1   0    -2.6846  -45.0279 -0.000000 -0.000000 -0.000000 -0.000000 -0.000000 -0.000000 -0.000000 -0.000000 -0.000000 -0.000000
                                -0.000000 -0.000000 -0.000000  0.000000 -0.000000  0.000000 -0.000000  0.000000 -0.000000  0.000000
                                -0.000000  0.000000 -0.000000  0.000000 -0.000000  0.000000 -0.000000  0.000000 -0.000000  0.000000
                                -0.000000  0.000000 -0.000000 -0.000000  0.000016 -0.000000  0.000123 -0.000000  0.000715 -0.000000
                                 0.003186 -0.000000  0.011228 -0.000000  0.029539 -0.000000  0.055119 -0.000000  0.059733  0.000000
                                -0.007488  0.000000 -0.153241  0.000000 -0.202562  0.000000 -0.068414 -0.000001  0.497746 -0.000001
                                 0.595214 -0.000000  0.044999  0.000000 -0.000421  0.000000 -0.000292  0.000000 -0.000000 -0.000000
                                -0.000000 -0.000000 -0.000000  0.000000  0.000000 -0.000000 -0.000000  0.000000 -0.000000  0.000000
                                 0.000000  0.000000

                                   1 2px     1 2px     1 2px     1 2px     1 2px     1 2px     1 2px     1 2px     1 2px     1 2px  
                                   1 2px     1 2px     1 2px     1 2px     1 2px     1 2px     1 2px     1 2px     1 2px     1 2px  
                                   1 2px     1 2px     1 2px     1 2px     1 2px     1 2px     1 4f1+    1 4f3+    1 4f1+    1 4f3+ 
                                   1 4f1+    1 4f3+    1 4f1+    1 4f3+    1 4f1+    1 4f3+    1 4f1+    1 4f3+    1 4f1+    1 4f3+ 
                                   1 4f1+    1 4f3+    1 4f1+    1 4f3+    1 4f1+    1 4f3+    1 4f1+    1 4f3+    1 4f1+    1 4f3+ 
                                   1 4f1+    1 4f3+    1 4f1+    1 4f3+    1 6h1+    1 6h3+    1 6h5+    1 6h1+    1 6h3+    1 6h5+ 


   1.2   2  -291.1006 -833.8019  0.000013  0.000036  0.000109  0.000314  0.000925  0.002776  0.008419  0.025019  0.069324  0.164662
                                 0.301594  0.359213  0.215482  0.045678  0.002055 -0.000348  0.000766 -0.000658  0.000097 -0.000049
                                 0.000026 -0.000011  0.000005 -0.000002  0.000001 -0.000000  0.000000  0.000000 -0.000000  0.000000
                                 0.000000 -0.000000 -0.000000  0.000000  0.000000 -0.000000 -0.000000  0.000000  0.000000 -0.000000
                                -0.000000  0.000000  0.000000 -0.000000 -0.000000  0.000000  0.000000 -0.000000 -0.000000  0.000000
                                 0.000000 -0.000000 -0.000000  0.000000 -0.000000  0.000000  0.000000  0.000000  0.000000  0.000000

   2.2   2   -66.2435 -296.7531 -0.000006 -0.000018 -0.000054 -0.000156 -0.000460 -0.001386 -0.004235 -0.012740 -0.036129 -0.089149
                                -0.172423 -0.208103 -0.012953  0.388387  0.505069  0.199199 -0.001566  0.020121  0.000987  0.000055
                                 0.000264 -0.000001  0.000015 -0.000007  0.000003 -0.000001 -0.000000  0.000000 -0.000000 -0.000000
                                -0.000000  0.000000 -0.000000 -0.000000 -0.000000  0.000000  0.000000 -0.000000 -0.000000  0.000000
                                -0.000000 -0.000000 -0.000000  0.000000 -0.000000 -0.000000  0.000000  0.000000  0.000000 -0.000000
                                -0.000000  0.000000  0.000000 -0.000000 -0.000000 -0.000000 -0.000000  0.000000 -0.000000 -0.000000

   3.2   2   -15.5699 -127.6682  0.000003  0.000008  0.000026  0.000074  0.000219  0.000660  0.002021  0.006092  0.017381  0.043216
                                 0.084858  0.102295 -0.012457 -0.283104 -0.404770  0.072231  0.005548  0.602968  0.447155  0.070630
                                -0.001913  0.001176 -0.000421  0.000185 -0.000080  0.000024  0.000000  0.000000  0.000000  0.000000
                                 0.000000  0.000000  0.000000 -0.000000 -0.000000  0.000000  0.000000 -0.000000 -0.000000  0.000000
                                 0.000000 -0.000000 -0.000000  0.000000  0.000000 -0.000000  0.000000  0.000000  0.000000  0.000000
                                 0.000000 -0.000000 -0.000000 -0.000000 -0.000000 -0.000000 -0.000000  0.000000 -0.000000 -0.000000

   4.2   +    -4.5909  -57.0015 -0.000001 -0.000004 -0.000011 -0.000031 -0.000092 -0.000278 -0.000853 -0.002567 -0.007354 -0.018256
                                -0.036124 -0.043156  0.006490  0.132293  0.186007 -0.051163 -0.046787 -0.355219 -0.357519  0.414453
                                 0.732252  0.114737 -0.003312  0.000697 -0.000185  0.000043 -0.000000 -0.000000 -0.000000 -0.000000
                                -0.000000 -0.000000 -0.000000 -0.000000 -0.000000 -0.000000  0.000000 -0.000000 -0.000000 -0.000000
                                 0.000000 -0.000000 -0.000000 -0.000000 -0.000000 -0.000000 -0.000000 -0.000000  0.000000  0.000000
                                -0.000000 -0.000000  0.000000  0.000000  0.000000 -0.000000 -0.000000  0.000000 -0.000000 -0.000000

   5.2   +    -4.5419  -90.6002 -0.000000 -0.000000 -0.000000 -0.000000 -0.000000 -0.000000 -0.000000 -0.000000 -0.000000 -0.000000
                                -0.000000 -0.000000  0.000000  0.000000  0.000000  0.000000 -0.000000 -0.000000 -0.000000  0.000000
                                 0.000000  0.000000 -0.000000  0.000000 -0.000000  0.000000  0.000000  0.001066  0.000003  0.009082
                                 0.000013  0.041237  0.000039  0.121663  0.000080  0.247844 -0.000000 -0.001133  0.000111  0.343672
                                -0.000002 -0.005630  0.000111  0.343388  0.000069  0.215155  0.000014  0.043395 -0.000001 -0.002088
                                 0.000000  0.000877 -0.000000 -0.000311 -0.000000 -0.000000 -0.000000 -0.000000 -0.000000 -0.000000

   6.2   +    -4.5419  -90.6002 -0.000000 -0.000000 -0.000000 -0.000000 -0.000000 -0.000000 -0.000000 -0.000000 -0.000000 -0.000000
                                -0.000000 -0.000000  0.000000  0.000000  0.000000 -0.000000 -0.000000 -0.000000 -0.000000  0.000000
                                 0.000000  0.000000 -0.000000  0.000000 -0.000000  0.000000  0.001066 -0.000000  0.009082 -0.000003
                                 0.041237 -0.000013  0.121663 -0.000039  0.247844 -0.000080 -0.001133  0.000000  0.343672 -0.000111
                                -0.005630  0.000002  0.343388 -0.000111  0.215155 -0.000069  0.043395 -0.000014 -0.002088  0.000001
                                 0.000877 -0.000000 -0.000311  0.000000 -0.000000  0.000000  0.000000 -0.000000  0.000000  0.000000

   7.2   0    -1.8479  -28.2492  0.000001  0.000002  0.000005  0.000015  0.000045  0.000135  0.000411  0.001251  0.003540  0.008922
                                 0.017311  0.021494 -0.004794 -0.061234 -0.103449  0.080315 -0.113677  0.319204  0.125999 -0.210765
                                -0.889764  0.671917  0.819889 -0.088691  0.037204 -0.010709 -0.000000 -0.000000 -0.000000 -0.000000
                                -0.000000 -0.000000 -0.000000 -0.000000 -0.000000  0.000000  0.000000 -0.000000 -0.000000  0.000000
                                 0.000000 -0.000000 -0.000000  0.000000 -0.000000 -0.000000 -0.000000 -0.000000 -0.000000 -0.000000
                                 0.000000 -0.000000 -0.000000 -0.000000 -0.000000  0.000000  0.000000 -0.000000 -0.000000  0.000000

   8.2   0    -1.5099  -29.5637  0.000000  0.000000  0.000000  0.000000  0.000000  0.000000  0.000000  0.000000  0.000000  0.000000
                                 0.000000  0.000000 -0.000000 -0.000000 -0.000000  0.000000 -0.000000  0.000000  0.000000 -0.000000
                                -0.000000  0.000000  0.000000  0.000000  0.000000 -0.000000 -0.000000 -0.000314 -0.000002 -0.002782
                                -0.000009 -0.012227 -0.000027 -0.037838 -0.000044 -0.061171 -0.000017 -0.024131 -0.000044 -0.060348
                                -0.000039 -0.053642 -0.000026 -0.035698  0.000021  0.029385  0.000341  0.471292  0.000426  0.589624
                                 0.000025  0.034602 -0.000001 -0.001316 -0.000000  0.000000  0.000000  0.000000 -0.000000  0.000000

                                   1 2py     1 2py     1 2py     1 2py     1 2py     1 2py     1 2py     1 2py     1 2py     1 2py  
                                   1 2py     1 2py     1 2py     1 2py     1 2py     1 2py     1 2py     1 2py     1 2py     1 2py  
                                   1 2py     1 2py     1 2py     1 2py     1 2py     1 2py     1 4f1-    1 4f3-    1 4f1-    1 4f3- 
                                   1 4f1-    1 4f3-    1 4f1-    1 4f3-    1 4f1-    1 4f3-    1 4f1-    1 4f3-    1 4f1-    1 4f3- 
                                   1 4f1-    1 4f3-    1 4f1-    1 4f3-    1 4f1-    1 4f3-    1 4f1-    1 4f3-    1 4f1-    1 4f3- 
                                   1 4f1-    1 4f3-    1 4f1-    1 4f3-    1 6h1-    1 6h3-    1 6h5-    1 6h1-    1 6h3-    1 6h5- 


   1.3   2  -291.1006 -833.8019  0.000013  0.000036  0.000109  0.000314  0.000925  0.002776  0.008419  0.025019  0.069324  0.164662
                                 0.301594  0.359213  0.215482  0.045678  0.002055 -0.000348  0.000766 -0.000658  0.000097 -0.000049
                                 0.000026 -0.000011  0.000005 -0.000002  0.000001 -0.000000  0.000000  0.000000 -0.000000  0.000000
                                 0.000000  0.000000 -0.000000 -0.000000  0.000000  0.000000 -0.000000 -0.000000  0.000000  0.000000
                                -0.000000 -0.000000  0.000000  0.000000 -0.000000 -0.000000  0.000000  0.000000 -0.000000 -0.000000
                                 0.000000  0.000000 -0.000000 -0.000000 -0.000000 -0.000000 -0.000000  0.000000 -0.000000 -0.000000

   2.3   2   -66.2435 -296.7531 -0.000006 -0.000018 -0.000054 -0.000156 -0.000460 -0.001386 -0.004235 -0.012740 -0.036129 -0.089149
                                -0.172423 -0.208103 -0.012953  0.388387  0.505069  0.199199 -0.001566  0.020121  0.000987  0.000055
                                 0.000264 -0.000001  0.000015 -0.000007  0.000003 -0.000001 -0.000000 -0.000000 -0.000000 -0.000000
                                -0.000000  0.000000 -0.000000 -0.000000 -0.000000  0.000000  0.000000 -0.000000 -0.000000  0.000000
                                 0.000000 -0.000000 -0.000000  0.000000 -0.000000 -0.000000  0.000000  0.000000  0.000000 -0.000000
                                -0.000000  0.000000  0.000000 -0.000000 -0.000000  0.000000  0.000000  0.000000  0.000000  0.000000

   3.3   2   -15.5699 -127.6682  0.000003  0.000008  0.000026  0.000074  0.000219  0.000660  0.002021  0.006092  0.017381  0.043216
                                 0.084858  0.102295 -0.012457 -0.283104 -0.404770  0.072231  0.005548  0.602968  0.447155  0.070630
                                -0.001913  0.001176 -0.000421  0.000185 -0.000080  0.000024  0.000000 -0.000000  0.000000  0.000000
                                 0.000000 -0.000000  0.000000  0.000000 -0.000000 -0.000000  0.000000  0.000000 -0.000000 -0.000000
                                 0.000000  0.000000 -0.000000 -0.000000  0.000000  0.000000  0.000000 -0.000000  0.000000  0.000000
                                 0.000000 -0.000000 -0.000000  0.000000 -0.000000  0.000000  0.000000  0.000000  0.000000  0.000000

   4.3   +    -4.5909  -57.0015 -0.000001 -0.000004 -0.000011 -0.000031 -0.000092 -0.000278 -0.000853 -0.002567 -0.007354 -0.018256
                                -0.036124 -0.043156  0.006490  0.132293  0.186007 -0.051163 -0.046787 -0.355219 -0.357519  0.414453
                                 0.732252  0.114737 -0.003312  0.000697 -0.000185  0.000043 -0.000000  0.000000 -0.000000  0.000000
                                -0.000000  0.000000 -0.000000  0.000000 -0.000000  0.000000  0.000000  0.000000 -0.000000  0.000000
                                 0.000000 -0.000000 -0.000000  0.000000 -0.000000  0.000000 -0.000000  0.000000  0.000000 -0.000000
                                -0.000000  0.000000  0.000000 -0.000000  0.000000  0.000000  0.000000  0.000000  0.000000  0.000000

   5.3   +    -4.5419  -90.6002  0.000000  0.000000  0.000000  0.000000  0.000000  0.000000  0.000000  0.000000  0.000000  0.000000
                                 0.000000  0.000000 -0.000000 -0.000000 -0.000000  0.000000  0.000000  0.000000  0.000000 -0.000000
                                -0.000000 -0.000000  0.000000 -0.000000  0.000000  0.000000 -0.000000  0.001066 -0.000001  0.009082
                                -0.000003  0.041237 -0.000008  0.121663 -0.000017  0.247844  0.000000 -0.001133 -0.000023  0.343672
                                 0.000000 -0.005630 -0.000023  0.343388 -0.000015  0.215155 -0.000003  0.043395  0.000000 -0.002088
                                -0.000000  0.000877  0.000000 -0.000311  0.000000 -0.000000 -0.000000 -0.000000 -0.000000 -0.000000

   6.3   +    -4.5419  -90.6002 -0.000000 -0.000000 -0.000000 -0.000000 -0.000000 -0.000000 -0.000000 -0.000000 -0.000000 -0.000000
                                -0.000000 -0.000000  0.000000  0.000000  0.000000 -0.000000 -0.000000 -0.000000 -0.000000  0.000000
                                 0.000000  0.000000 -0.000000  0.000000 -0.000000  0.000000  0.001066  0.000000  0.009082  0.000001
                                 0.041237  0.000003  0.121663  0.000008  0.247844  0.000017 -0.001133 -0.000000  0.343672  0.000023
                                -0.005630 -0.000000  0.343388  0.000023  0.215155  0.000015  0.043395  0.000003 -0.002088 -0.000000
                                 0.000877  0.000000 -0.000311 -0.000000 -0.000000  0.000000 -0.000000 -0.000000 -0.000000 -0.000000

   7.3   0    -1.8479  -28.2492  0.000001  0.000002  0.000005  0.000015  0.000045  0.000135  0.000411  0.001251  0.003540  0.008922
                                 0.017311  0.021494 -0.004794 -0.061234 -0.103449  0.080315 -0.113677  0.319204  0.125999 -0.210765
                                -0.889764  0.671917  0.819889 -0.088691  0.037204 -0.010709 -0.000000 -0.000000 -0.000000  0.000000
                                -0.000000  0.000000 -0.000000  0.000000 -0.000000 -0.000000  0.000000  0.000000 -0.000000 -0.000000
                                 0.000000  0.000000 -0.000000 -0.000000 -0.000000  0.000000 -0.000000 -0.000000 -0.000000  0.000000
                                 0.000000 -0.000000 -0.000000  0.000000 -0.000000 -0.000000  0.000000 -0.000000  0.000000  0.000000

   8.3   0    -1.5099  -29.5637  0.000000  0.000000  0.000000  0.000000  0.000000  0.000000  0.000000  0.000000  0.000000  0.000000
                                 0.000000  0.000000 -0.000000 -0.000000 -0.000000  0.000000 -0.000000  0.000000  0.000000 -0.000000
                                -0.000000 -0.000000  0.000000  0.000000  0.000000 -0.000000 -0.000000 -0.000314 -0.000003 -0.002782
                                -0.000013 -0.012227 -0.000039 -0.037838 -0.000063 -0.061171 -0.000025 -0.024131 -0.000062 -0.060348
                                -0.000055 -0.053642 -0.000037 -0.035698  0.000030  0.029385  0.000483  0.471292  0.000604  0.589624
                                 0.000035  0.034602 -0.000001 -0.001316  0.000000  0.000000  0.000000  0.000000 -0.000000  0.000000

                                   1 3d2-    1 3d2-    1 3d2-    1 3d2-    1 3d2-    1 3d2-    1 3d2-    1 3d2-    1 3d2-    1 3d2- 
                                   1 3d2-    1 3d2-    1 3d2-    1 3d2-    1 3d2-    1 3d2-    1 3d2-    1 5g2-    1 5g4-    1 5g2- 
                                   1 5g4-    1 5g2-    1 5g4-    1 5g2-    1 5g4-    1 5g2-    1 5g4- 

   1.4   2   -51.2794 -273.8892  0.000090  0.000696  0.003990  0.017839  0.061338  0.159756  0.296131  0.364708  0.244140  0.069178
                                 0.005408  0.000496 -0.000032  0.000031 -0.000013  0.000006 -0.000002  0.000000  0.000000  0.000000
                                -0.000000 -0.000000  0.000000 -0.000000 -0.000000  0.000000  0.000000

   2.4   2   -10.1269 -112.4705 -0.000043 -0.000335 -0.001925 -0.008690 -0.030172 -0.080234 -0.147251 -0.167350 -0.000148  0.321931
                                 0.472617  0.283458  0.046894 -0.001348  0.000648 -0.000267  0.000095  0.000000  0.000000 -0.000000
                                 0.000000 -0.000000  0.000000  0.000000 -0.000000 -0.000000  0.000000

   3.4   0    -2.6846  -45.0279  0.000016  0.000123  0.000715  0.003186  0.011228  0.029539  0.055119  0.059733 -0.007488 -0.153241
                                -0.202562 -0.068414  0.497746  0.595214  0.044999 -0.000421 -0.000292 -0.000000 -0.000000 -0.000000
                                -0.000000 -0.000000  0.000000 -0.000000  0.000000  0.000000  0.000000

   4.4   0    -1.4065  -23.5965  0.000009  0.000066  0.000394  0.001707  0.006185  0.015812  0.030629  0.030810 -0.001951 -0.092446
                                -0.102175 -0.049822  0.412608  0.322949 -1.054498 -0.138811  0.019912 -0.000000 -0.000000 -0.000000
                                -0.000000 -0.000000 -0.000000  0.000000 -0.000000  0.000000 -0.000000

                                   1 2pz     1 2pz     1 2pz     1 2pz     1 2pz     1 2pz     1 2pz     1 2pz     1 2pz     1 2pz  
                                   1 2pz     1 2pz     1 2pz     1 2pz     1 2pz     1 2pz     1 2pz     1 2pz     1 2pz     1 2pz  
                                   1 2pz     1 2pz     1 2pz     1 2pz     1 2pz     1 2pz     1 4f0     1 4f2+    1 4f0     1 4f2+ 
                                   1 4f0     1 4f2+    1 4f0     1 4f2+    1 4f0     1 4f2+    1 4f0     1 4f2+    1 4f0     1 4f2+ 
                                   1 4f0     1 4f2+    1 4f0     1 4f2+    1 4f0     1 4f2+    1 4f0     1 4f2+    1 4f0     1 4f2+ 
                                   1 4f0     1 4f2+    1 4f0     1 4f2+    1 6h2+    1 6h4+    1 6h0     1 6h2+    1 6h4+    1 6h0  


   1.5   2  -291.1006 -833.8019  0.000013  0.000036  0.000109  0.000314  0.000925  0.002776  0.008419  0.025019  0.069324  0.164662
                                 0.301594  0.359213  0.215482  0.045678  0.002055 -0.000348  0.000766 -0.000658  0.000097 -0.000049
                                 0.000026 -0.000011  0.000005 -0.000002  0.000001 -0.000000  0.000000 -0.000000 -0.000000  0.000000
                                 0.000000 -0.000000 -0.000000  0.000000  0.000000  0.000000 -0.000000 -0.000000  0.000000  0.000000
                                -0.000000 -0.000000  0.000000  0.000000 -0.000000 -0.000000  0.000000  0.000000 -0.000000 -0.000000
                                 0.000000  0.000000 -0.000000 -0.000000  0.000000  0.000000  0.000000 -0.000000 -0.000000 -0.000000

   2.5   2   -66.2435 -296.7531 -0.000006 -0.000018 -0.000054 -0.000156 -0.000460 -0.001386 -0.004235 -0.012740 -0.036129 -0.089149
                                -0.172423 -0.208103 -0.012953  0.388387  0.505069  0.199199 -0.001566  0.020121  0.000987  0.000055
                                 0.000264 -0.000001  0.000015 -0.000007  0.000003 -0.000001  0.000000 -0.000000  0.000000  0.000000
                                 0.000000 -0.000000 -0.000000  0.000000 -0.000000 -0.000000  0.000000  0.000000 -0.000000 -0.000000
                                 0.000000  0.000000  0.000000 -0.000000  0.000000  0.000000 -0.000000 -0.000000  0.000000  0.000000
                                -0.000000 -0.000000  0.000000  0.000000 -0.000000  0.000000  0.000000  0.000000 -0.000000 -0.000000

   3.5   2   -15.5699 -127.6682  0.000003  0.000008  0.000026  0.000074  0.000219  0.000660  0.002021  0.006092  0.017381  0.043216
                                 0.084858  0.102295 -0.012457 -0.283104 -0.404770  0.072231  0.005548  0.602968  0.447155  0.070630
                                -0.001913  0.001176 -0.000421  0.000185 -0.000080  0.000024 -0.000000  0.000000 -0.000000 -0.000000
                                -0.000000  0.000000  0.000000  0.000000 -0.000000  0.000000  0.000000 -0.000000 -0.000000  0.000000
                                -0.000000 -0.000000 -0.000000  0.000000  0.000000 -0.000000  0.000000 -0.000000  0.000000 -0.000000
                                 0.000000 -0.000000 -0.000000  0.000000 -0.000000 -0.000000  0.000000  0.000000  0.000000 -0.000000

   4.5   +    -4.5909  -57.0015 -0.000001 -0.000004 -0.000011 -0.000031 -0.000092 -0.000278 -0.000853 -0.002567 -0.007354 -0.018256
                                -0.036124 -0.043156  0.006490  0.132293  0.186007 -0.051163 -0.046787 -0.355219 -0.357519  0.414453
                                 0.732252  0.114737 -0.003312  0.000697 -0.000185  0.000043 -0.000000  0.000000 -0.000000  0.000000
                                -0.000000  0.000000 -0.000000  0.000000 -0.000000  0.000000 -0.000000  0.000000 -0.000000  0.000000
                                -0.000000  0.000000 -0.000000  0.000000 -0.000000  0.000000 -0.000000  0.000000  0.000000 -0.000000
                                -0.000000  0.000000  0.000000 -0.000000  0.000000 -0.000000 -0.000000 -0.000000  0.000000 -0.000000

   5.5   +    -4.5419  -90.6002 -0.000000 -0.000000 -0.000000 -0.000000 -0.000000 -0.000000 -0.000000 -0.000000 -0.000000 -0.000000
                                -0.000000 -0.000000  0.000000  0.000000  0.000000 -0.000000 -0.000000 -0.000000 -0.000000  0.000000
                                 0.000000  0.000000 -0.000000  0.000000 -0.000000  0.000000  0.001066  0.000000  0.009082  0.000001
                                 0.041237  0.000004  0.121663  0.000012  0.247844  0.000025 -0.001133 -0.000000  0.343672  0.000035
                                -0.005630 -0.000001  0.343388  0.000035  0.215155  0.000022  0.043395  0.000004 -0.002088 -0.000000
                                 0.000877  0.000000 -0.000311 -0.000000 -0.000000  0.000000 -0.000000  0.000000 -0.000000 -0.000000

   6.5   +    -4.5419  -90.6002  0.000000  0.000000  0.000000  0.000000  0.000000  0.000000  0.000000  0.000000  0.000000  0.000000
                                 0.000000  0.000000 -0.000000 -0.000000 -0.000000  0.000000 -0.000000  0.000000  0.000000 -0.000000
                                -0.000000  0.000000 -0.000000  0.000000 -0.000000  0.000000 -0.000000  0.001066 -0.000001  0.009082
                                -0.000004  0.041237 -0.000012  0.121663 -0.000025  0.247844  0.000000 -0.001133 -0.000035  0.343672
                                 0.000001 -0.005630 -0.000035  0.343388 -0.000022  0.215155 -0.000004  0.043395  0.000000 -0.002088
                                -0.000000  0.000877  0.000000 -0.000311 -0.000000 -0.000000  0.000000  0.000000 -0.000000  0.000000

   7.5   0    -1.8479  -28.2492  0.000001  0.000002  0.000005  0.000015  0.000045  0.000135  0.000411  0.001251  0.003540  0.008922
                                 0.017311  0.021494 -0.004794 -0.061234 -0.103449  0.080315 -0.113677  0.319204  0.125999 -0.210765
                                -0.889764  0.671917  0.819889 -0.088691  0.037204 -0.010709  0.000000 -0.000000  0.000000 -0.000000
                                 0.000000 -0.000000  0.000000 -0.000000 -0.000000 -0.000000  0.000000  0.000000 -0.000000 -0.000000
                                 0.000000  0.000000 -0.000000 -0.000000  0.000000 -0.000000 -0.000000  0.000000 -0.000000  0.000000
                                 0.000000  0.000000 -0.000000  0.000000  0.000000 -0.000000  0.000000 -0.000000  0.000000  0.000000

   8.5   0    -1.5099  -29.5637 -0.000000 -0.000000 -0.000000 -0.000000 -0.000000 -0.000000 -0.000000 -0.000000 -0.000000 -0.000000
                                -0.000000 -0.000000  0.000000  0.000000  0.000000 -0.000000  0.000000 -0.000000 -0.000000  0.000000
                                 0.000000 -0.000000 -0.000000 -0.000000  0.000000  0.000000  0.000000 -0.000314  0.000003 -0.002782
                                 0.000012 -0.012227  0.000037 -0.037838  0.000060 -0.061171  0.000024 -0.024131  0.000059 -0.060348
                                 0.000052 -0.053642  0.000035 -0.035698 -0.000029  0.029385 -0.000461  0.471292 -0.000577  0.589624
                                -0.000034  0.034602  0.000001 -0.001316  0.000000 -0.000000 -0.000000 -0.000000  0.000000  0.000000

                                   1 3d1+    1 3d1+    1 3d1+    1 3d1+    1 3d1+    1 3d1+    1 3d1+    1 3d1+    1 3d1+    1 3d1+ 
                                   1 3d1+    1 3d1+    1 3d1+    1 3d1+    1 3d1+    1 3d1+    1 3d1+    1 5g1+    1 5g3+    1 5g1+ 
                                   1 5g3+    1 5g1+    1 5g3+    1 5g1+    1 5g3+    1 5g1+    1 5g3+ 

   1.6   2   -51.2794 -273.8892  0.000090  0.000696  0.003990  0.017839  0.061338  0.159756  0.296131  0.364708  0.244140  0.069178
                                 0.005408  0.000496 -0.000032  0.000031 -0.000013  0.000006 -0.000002 -0.000000  0.000000 -0.000000
                                 0.000000  0.000000  0.000000  0.000000 -0.000000 -0.000000  0.000000

   2.6   2   -10.1269 -112.4705 -0.000043 -0.000335 -0.001925 -0.008690 -0.030172 -0.080234 -0.147251 -0.167350 -0.000148  0.321931
                                 0.472617  0.283458  0.046894 -0.001348  0.000648 -0.000267  0.000095 -0.000000  0.000000 -0.000000
                                 0.000000  0.000000 -0.000000  0.000000  0.000000 -0.000000 -0.000000

   3.6   0    -2.6846  -45.0279  0.000016  0.000123  0.000715  0.003186  0.011228  0.029539  0.055119  0.059733 -0.007488 -0.153241
                                -0.202562 -0.068414  0.497746  0.595214  0.044999 -0.000421 -0.000292  0.000000 -0.000000  0.000000
                                -0.000000  0.000000 -0.000000 -0.000000  0.000000  0.000000  0.000000

   4.6   0    -1.4065  -23.5965  0.000009  0.000066  0.000394  0.001707  0.006185  0.015812  0.030629  0.030810 -0.001951 -0.092446
                                -0.102175 -0.049822  0.412608  0.322949 -1.054498 -0.138811  0.019912  0.000000 -0.000000  0.000000
                                -0.000000  0.000000 -0.000000  0.000000  0.000000  0.000000  0.000000

                                   1 3d1-    1 3d1-    1 3d1-    1 3d1-    1 3d1-    1 3d1-    1 3d1-    1 3d1-    1 3d1-    1 3d1- 
                                   1 3d1-    1 3d1-    1 3d1-    1 3d1-    1 3d1-    1 3d1-    1 3d1-    1 5g1-    1 5g3-    1 5g1- 
                                   1 5g3-    1 5g1-    1 5g3-    1 5g1-    1 5g3-    1 5g1-    1 5g3- 

   1.7   2   -51.2794 -273.8892  0.000090  0.000696  0.003990  0.017839  0.061338  0.159756  0.296131  0.364708  0.244140  0.069178
                                 0.005408  0.000496 -0.000032  0.000031 -0.000013  0.000006 -0.000002 -0.000000  0.000000 -0.000000
                                 0.000000  0.000000  0.000000  0.000000 -0.000000 -0.000000  0.000000

   2.7   2   -10.1269 -112.4705 -0.000043 -0.000335 -0.001925 -0.008690 -0.030172 -0.080234 -0.147251 -0.167350 -0.000148  0.321931
                                 0.472617  0.283458  0.046894 -0.001348  0.000648 -0.000267  0.000095 -0.000000  0.000000 -0.000000
                                 0.000000  0.000000  0.000000  0.000000 -0.000000 -0.000000  0.000000

   3.7   0    -2.6846  -45.0279  0.000016  0.000123  0.000715  0.003186  0.011228  0.029539  0.055119  0.059733 -0.007488 -0.153241
                                -0.202562 -0.068414  0.497746  0.595214  0.044999 -0.000421 -0.000292  0.000000  0.000000  0.000000
                                -0.000000  0.000000  0.000000 -0.000000  0.000000  0.000000 -0.000000

   4.7   0    -1.4065  -23.5965  0.000009  0.000066  0.000394  0.001707  0.006185  0.015812  0.030629  0.030810 -0.001951 -0.092446
                                -0.102175 -0.049822  0.412608  0.322949 -1.054498 -0.138811  0.019912  0.000000  0.000000  0.000000
                                -0.000000  0.000000  0.000000  0.000000  0.000000  0.000000 -0.000000

                                   1 4f2-    1 4f2-    1 4f2-    1 4f2-    1 4f2-    1 4f2-    1 4f2-    1 4f2-    1 4f2-    1 4f2- 
                                   1 4f2-    1 4f2-    1 4f2-    1 4f2-    1 6h4-    1 6h2-    1 6h4-    1 6h2- 

   1.8   +    -4.5419  -90.6002  0.001066  0.009082  0.041237  0.121663  0.247844 -0.001133  0.343672 -0.005630  0.343388  0.215155
                                 0.043395 -0.002088  0.000877 -0.000311  0.000000 -0.000000  0.000000  0.000000

   2.8   0    -1.5099  -29.5637 -0.000314 -0.002782 -0.012227 -0.037838 -0.061171 -0.024131 -0.060348 -0.053642 -0.035698  0.029385
                                 0.471292  0.589624  0.034602 -0.001316  0.000000  0.000000  0.000000 -0.000000

   3.8   0    -0.9545  -17.9805  0.000217  0.002093  0.008495  0.029338  0.021690  0.061538 -0.022836  0.136869 -0.054619  0.002410
                                -0.524687  0.058937  0.952703 -0.057824 -0.000000 -0.000000 -0.000000  0.000000

 HOMO      6.2    -4.541913 =    -123.5917eV
 LUMO      3.4    -2.684566 =     -73.0508eV
 LUMO-HOMO         1.857346 =      50.5410eV


 **********************************************************************************************************************************
 DATASETS  * FILE   NREC   LENGTH (MB)   RECORD NAMES
              1      22       21.35       500      610      700      900      950      970     1000      129      960     1700   
                                          VAR    BASINP    GEOM    SYMINP    ZMAT    AOBASIS   BASIS     P2S    ABASIS    OPER   
                                         1101     1401     1411     1412     1650     1100     1400     1410     1200     1210   
                                          SR      EKINR    POTR     PVPR    MOLCAS      S      EKIN      POT      H0       H01  
                                         1080     1600   
                                         AOSYM     SMH  

              2       5        5.97       200      700     1000      520     2118   
                                        OPTIONS   GEOM     BASIS   MCVARS     RHF  

 PROGRAMS   *        TOTAL       RHF       INT
 CPU TIMES  *        93.26      1.43     91.35
 REAL TIME  *        97.94 SEC
 DISK USED  *         4.11 GB      
 SF USED    *         0.08 MB      
 GA USED    *         0.00 MB       (max)       0.00 MB       (current)
 **********************************************************************************************************************************
 SETTING SCF(15)        =    -11692.76699875  AU                              


 PROGRAM * POP (Mulliken population analysis)

 
 Density matrix read from record         2118.2  Type=RHF/CHARGE (state 1.1)
 
 Population analysis by basis function type

 Unique atom        s        p        d        f        g    Total    Charge
   1  TB     10.00000 21.00000 20.00000  7.00000  0.00000 58.00000  + 7.00000


 **********************************************************************************************************************************
 DATASETS  * FILE   NREC   LENGTH (MB)   RECORD NAMES
              1      22       21.35       500      610      700      900      950      970     1000      129      960     1700   
                                          VAR    BASINP    GEOM    SYMINP    ZMAT    AOBASIS   BASIS     P2S    ABASIS    OPER   
                                         1101     1401     1411     1412     1650     1100     1400     1410     1200     1210   
                                          SR      EKINR    POTR     PVPR    MOLCAS      S      EKIN      POT      H0       H01  
                                         1080     1600   
                                         AOSYM     SMH  

              2       5        5.97       200      700     1000      520     2118   
                                        OPTIONS   GEOM     BASIS   MCVARS     RHF  

 PROGRAMS   *        TOTAL       POP       RHF       INT
 CPU TIMES  *        93.28      0.00      1.43     91.35
 REAL TIME  *        97.97 SEC
 DISK USED  *         4.11 GB      
 SF USED    *         0.08 MB      
 GA USED    *         0.00 MB       (max)       0.00 MB       (current)
 **********************************************************************************************************************************
 SETTING _CC_NORM_MAX   =         2.00000000                                  


 PROGRAM * CCSD (Unrestricted open-shell coupled cluster)     Authors: C. Hampel, H.-J. Werner, 1991, M. Deegan, P.J. Knowles, 1992


 Input parameters for THRESH:

 THRDIS =    1.000000
 ONEINT =    1.00D-15
 TWOINT =    1.00D-15
 ENERGY =    5.00D-06
 COEFF  =    0.001000

 Convergence thresholds:  THRVAR = 1.00D-06  THRDEN = 5.00D-06

 CCSD(T)     terms to be evaluated (factor= 1.000)


 Number of core orbitals:          23 (   8   3   3   2   3   2   2   0 )
 Number of closed-shell orbitals:   1 (   1   0   0   0   0   0   0   0 )
 Number of active  orbitals:       10 (   0   3   3   0   3   0   0   1 )
 Number of external orbitals:     327 (  73  54  54  25  54  25  25  17 )

 Memory could be reduced to 85.56 Mwords without degradation in triples

 Number of N-1 electron functions:              12
 Number of N-2 electron functions:              66
 Number of singly external CSFs:               677
 Number of doubly external CSFs:            553810
 Total number of CSFs:                      554487

 Molecular orbitals read from record     2118.2  Type=RHF/CANONICAL (state 1.1)

 Integral transformation finished. Total CPU:   2.15 sec, npass=  1  Memory used:  19.30 MW

 Starting RMP2 calculation

 ITER.      SQ.NORM     CORR.ENERGY   TOTAL ENERGY   ENERGY CHANGE        DEN1      VAR(S)    VAR(P)  DIIS     TIME
   1      1.04036500    -0.35742592-11693.12442467    -0.35742592    -0.00029810  0.47D-06  0.57D-04  1  1     2.52
   2      1.04051098    -0.35773612-11693.12473486    -0.00031019    -0.00000037  0.23D-09  0.87D-07  2  2     2.56
   3      1.04051542    -0.35774275-11693.12474149    -0.00000663    -0.00000000  0.20D-12  0.41D-10  3  3     2.70
   4      1.04051545    -0.35774279-11693.12474153    -0.00000004    -0.00000000  0.65D-15  0.47D-13  4  4     2.75

 Norm of t1 vector:      0.01468241      S-energy:    -0.00079158      T1 diagnostic:  0.00022158
 Norm of t2 vector:      0.20074830      P-energy:    -0.35695121
                                         Alpha-Beta:  -0.12048802
                                         Alpha-Alpha: -0.23646319
                                         Beta-Beta:    0.00000000

 Spin contamination <S**2-Sz**2-Sz>     0.00080692
  Reference energy                   -11692.7669987476    
  RHF-RMP2 correlation energy          -0.357742786648
 !RHF-RMP2 energy                    -11693.1247415342    

 Starting UCCSD calculation

 ITER.      SQ.NORM     CORR.ENERGY   TOTAL ENERGY   ENERGY CHANGE        DEN1      VAR(S)    VAR(P)  DIIS     TIME
   1      1.04069547    -0.34950885-11693.11650760    -0.34950885    -0.00307398  0.20D-03  0.36D-03  1  1     3.62
   2      1.04237171    -0.35254453-11693.11954328    -0.00303568    -0.00015526  0.26D-05  0.31D-04  2  2     4.42
   3      1.04284174    -0.35306106-11693.12005981    -0.00051653    -0.00000435  0.70D-07  0.88D-06  3  3     5.16
   4      1.04290394    -0.35312887-11693.12012761    -0.00006780    -0.00000013  0.56D-08  0.24D-07  4  4     5.89
   5      1.04290477    -0.35312803-11693.12012678     0.00000084    -0.00000001  0.76D-10  0.13D-08  5  5     6.64

 Norm of t1 vector:      0.02242924      S-energy:    -0.00079190      T1 diagnostic:  0.00345490
                                                                       D1 diagnostic:  0.00415688
 Norm of t2 vector:      0.20591673      P-energy:    -0.35233613
                                         Alpha-Beta:  -0.12336712
                                         Alpha-Alpha: -0.22896901
                                         Beta-Beta:    0.00000000

 Spin contamination <S**2-Sz**2-Sz>     0.00126486

 Memory could be reduced to 93.01 Mwords without degradation in triples
 

 RESULTS
 =======

  Reference energy                   -11692.7669987476    
  UCCSD singles energy                 -0.000791900156
  UCCSD pair energy                    -0.352336129809
  UCCSD correlation energy             -0.353128029965
  Triples (T) contribution             -0.006763786959
  Total correlation energy             -0.359891816923
 
  RHF-UCCSD energy                   -11693.1201267775    
  RHF-UCCSD[T] energy                -11693.1269663444    
  RHF-UCCSD-T energy                 -11693.1268299242    
 !RHF-UCCSD(T) energy                -11693.1268905645    

 Program statistics:

 Available memory in ccsd:               999998822
 Min. memory needed in ccsd:               2595990
 Max. memory used in ccsd:                 3380363
 Max. memory used in cckext:               3135641 ( 5 integral passes)
 Max. memory used in cckint:              19297851 ( 1 integral passes)



 **********************************************************************************************************************************
 DATASETS  * FILE   NREC   LENGTH (MB)   RECORD NAMES
              1      22       21.35       500      610      700      900      950      970     1000      129      960     1700   
                                          VAR    BASINP    GEOM    SYMINP    ZMAT    AOBASIS   BASIS     P2S    ABASIS    OPER   
                                         1101     1401     1411     1412     1650     1100     1400     1410     1200     1210   
                                          SR      EKINR    POTR     PVPR    MOLCAS      S      EKIN      POT      H0       H01  
                                         1080     1600   
                                         AOSYM     SMH  

              2       5        5.97       200      700     1000      520     2118   
                                        OPTIONS   GEOM     BASIS   MCVARS     RHF  

 PROGRAMS   *        TOTAL  UCCSD(T)       POP       RHF       INT
 CPU TIMES  *       106.86     13.58      0.00      1.43     91.35
 REAL TIME  *       118.37 SEC
 DISK USED  *         4.92 GB      
 SF USED    *         1.45 GB      
 GA USED    *         0.00 MB       (max)       0.00 MB       (current)
 **********************************************************************************************************************************
 SETTING CCSD(15)       =    -11693.12689056  AU                              
                                                                                                                                                                                                                                                                

           SCF            CCSD
         0.00000        0.00000
         0.00000        0.00000
         0.00000        0.00000
         0.00000        0.00000
         0.00000        0.00000
         0.00000        0.00000
         0.00000        0.00000
         0.00000        0.00000
         0.00000        0.00000
         0.00000        0.00000
         0.00000        0.00000
         0.00000        0.00000
         0.00000        0.00000
         0.00000        0.00000
    -11692.76700   -11693.12689
                                                  

 UCCSD(T)/USERDEF energy= -11693.126890564481

        UCCSD(T)        RHF-SCF 
 -11693.12689056 -11692.76699875
 **********************************************************************************************************************************
 Molpro calculation terminated
 Variable memory released
