
 Primary working directories    : /global/cscratch1/sd/haihan
 Secondary working directories  : /global/cscratch1/sd/haihan
 Wavefunction directory         : /global/homes/h/haihan/Research/ECP/f_group_element_ecps/Lu/Molpro/atom/ECP46_2/wfu/
 Main file repository           : /global/cscratch1/sd/haihan/

 SHA1      : 19cd028119e0e09f93f0674bd8af7968d9b3eff6
 NAME      : 2015.1.36
 ARCHNAME  : linux/x86_64
 FC        : /opt/cray/pe/craype/2.5.14/bin/ftn
 BLASLIB   : -L/opt/intel/compilers_and_libraries_2018.1.163/linux/mkl/lib/intel64 -Wl,-_start-group -lmkl_intel_ilp64 -lmkl_intel_thread -lmkl_core -Wl,-_end-group -liomp5
 id        : lbl

 Nodes     nprocs
 nid02001    11
 Number of processes for MPI-2 version of Molpro:   nprocs(total)=   12   nprocs(compute)=   11   nprocs(helper)=    1

 Using customized tuning parameters: mindgm=7; mindgv=16; mindgc=1; mindgr=1; noblas=0; minvec=7
 default implementation of scratch files=sf  

 ***,Calculation for Lu atom, singlet and triplet
 memory,1,g
 
 gthresh,twoint=1.e-15
 gthresh,oneint=1.e-15
 
 
 geometry={
 1
 Lu
 Lu  0.0 0.0 0.0
 }
 
 basis={
 ECP,Lu,46,4,0;
 4
 1, 3.14833474446234,  25.0
 3, 2.65115497652619,  78.7083686115585
 2, 2.78295903287120,  -72.60509167627022
 2, 3.46628519446209,  -2.15683842991001
 2
 2, 5.79136585352643,  250.310476835938
 2, 3.07955851231268,  11.4226597920253
 2
 2, 3.72571172950070,  61.7986494141870
 2, 4.05271563112787,  47.2939639434762
 2
 2, 2.52321040379140,  25.8874030444728
 2, 3.47082531866092,  35.4288883812381
 2
 2, 5.03278656337232,  -3.36898369803320
 2, 3.20307702617417,  -1.22025489182895
 Including file /global/u2/h/haihan/Research/ECP/f_group_element_ecps/Lu/Molpro/atom/ECP46_2/10/../aug-cc-pwCVTZ.basis
 }
 
 
 
 Including file /global/u2/h/haihan/Research/ECP/f_group_element_ecps/Lu/Molpro/atom/ECP46_2/10/../Lu46_states_ecp.proc
 
 do i=10,10
     if (i.eq.1) then
         Id1s2
     else if (i.eq.2) then
         Ip1s2
     else if (i.eq.3) then
         IEd2s1
     else if (i.eq.4) then
         IEf1s2
     else if (i.eq.5) then
         IIds2
     else if (i.eq.6) then
         IId1s1
     else if (i.eq.7) then
         IIIds1
     else if (i.eq.8) then
         IIIp1
     else if (i.eq.9) then
         IIId1
     else if (i.eq.10) then
         IIIEf1
     else if (i.eq.11) then
         VIp6
     else if (i.eq.12) then
         VIIp5
     else if (i.eq.13) then
         VIIIp4
     else if (i.eq.14) then
         IXp3
     else if (i.eq.15) then
         Xp
     else if (i.eq.16) then
         XIds2
     else if (i.eq.17) then
         IIIEf2
     endif
     scf(i)=energy
     _CC_NORM_MAX=2.0
     {rccsd(t),shifts=0.5,shiftp=0.5,thrdis=1.0;diis,1,1,15,1;maxit,100;core}
     ccsd(i)=energy
 enddo
 
 table,scf,ccsd
 type,csv
 save

 Variables initialized (889), CPU time= 0.01 sec
 Commands  initialized (702), CPU time= 0.00 sec, 572 directives.
 Default parameters read. Elapsed time= 0.14 sec

 Checking input...
 Passed
1


                                         ***  PROGRAM SYSTEM MOLPRO  ***
                                       Copyright, TTI GmbH Stuttgart, 2015
                                    Version 2015.1 linked Dec 29 2018 15:55:43


 **********************************************************************************************************************************
 LABEL *   Calculation for Lu atom, singlet and triplet                                  
  64 bit mpp version                                                                     DATE: 31-Mar-23          TIME: 18:09:38  
 **********************************************************************************************************************************

 SHA1:             19cd028119e0e09f93f0674bd8af7968d9b3eff6
 **********************************************************************************************************************************

 THRESHOLDS:

 ZERO    =  1.00D-12  ONEINT  =  1.00D-12  TWOINT  =  1.00D-15  PREFAC  =  1.00D-14  LOCALI  =  1.00D-09  EORDER  =  1.00D-04
 ENERGY  =  0.00D+00  ETEST   =  0.00D+00  EDENS   =  0.00D+00  THRDEDEF=  1.00D-06  GRADIENT=  1.00D-02  STEP    =  1.00D-03
 ORBITAL =  1.00D-05  CIVEC   =  1.00D-05  COEFF   =  1.00D-04  PRINTCI =  5.00D-02  PUNCHCI =  9.90D+01  OPTGRAD =  3.00D-04
 OPTENERG=  1.00D-06  OPTSTEP =  3.00D-04  THRGRAD =  1.00D-10  COMPRESS=  1.00D-11  VARMIN  =  1.00D-07  VARMAX  =  1.00D-03
 THRDOUB =  0.00D+00  THRDIV  =  1.00D-05  THRRED  =  1.00D-07  THRPSP  =  1.00D+00  THRDC   =  1.00D-10  THRCS   =  1.00D-10
 THRNRM  =  1.00D-08  THREQ   =  0.00D+00  THRDE   =  1.00D+00  THRREF  =  1.00D-05  SPARFAC =  1.00D+00  THRDLP  =  1.00D-07
 THRDIA  =  1.00D-10  THRDLS  =  1.00D-07  THRGPS  =  0.00D+00  THRKEX  =  0.00D+00  THRDIS  =  2.00D-01  THRVAR  =  1.00D-10
 THRLOC  =  1.00D-06  THRGAP  =  1.00D-06  THRLOCT = -1.00D+00  THRGAPT = -1.00D+00  THRORB  =  1.00D-06  THRMLTP =  0.00D+00
 THRCPQCI=  1.00D-10  KEXTA   =  0.00D+00  THRCOARS=  0.00D+00  SYMTOL  =  1.00D-06  GRADTOL =  1.00D-06  THROVL  =  1.00D-08
 THRORTH =  1.00D-08  GRID    =  1.00D-06  GRIDMAX =  1.00D-03  DTMAX   =  0.00D+00  THROCCDE=  1.00D-01  THROCCDE=  1.00D-01



 THRESHOLDS:

 ZERO    =  1.00D-12  ONEINT  =  1.00D-15  TWOINT  =  1.00D-15  PREFAC  =  1.00D-14  LOCALI  =  1.00D-09  EORDER  =  1.00D-04
 ENERGY  =  0.00D+00  ETEST   =  0.00D+00  EDENS   =  0.00D+00  THRDEDEF=  1.00D-06  GRADIENT=  1.00D-02  STEP    =  1.00D-03
 ORBITAL =  1.00D-05  CIVEC   =  1.00D-05  COEFF   =  1.00D-04  PRINTCI =  5.00D-02  PUNCHCI =  9.90D+01  OPTGRAD =  3.00D-04
 OPTENERG=  1.00D-06  OPTSTEP =  3.00D-04  THRGRAD =  1.00D-10  COMPRESS=  1.00D-11  VARMIN  =  1.00D-07  VARMAX  =  1.00D-03
 THRDOUB =  0.00D+00  THRDIV  =  1.00D-05  THRRED  =  1.00D-07  THRPSP  =  1.00D+00  THRDC   =  1.00D-10  THRCS   =  1.00D-10
 THRNRM  =  1.00D-08  THREQ   =  0.00D+00  THRDE   =  1.00D+00  THRREF  =  1.00D-05  SPARFAC =  1.00D+00  THRDLP  =  1.00D-07
 THRDIA  =  1.00D-10  THRDLS  =  1.00D-07  THRGPS  =  0.00D+00  THRKEX  =  0.00D+00  THRDIS  =  2.00D-01  THRVAR  =  1.00D-10
 THRLOC  =  1.00D-06  THRGAP  =  1.00D-06  THRLOCT = -1.00D+00  THRGAPT = -1.00D+00  THRORB  =  1.00D-06  THRMLTP =  0.00D+00
 THRCPQCI=  1.00D-10  KEXTA   =  0.00D+00  THRCOARS=  0.00D+00  SYMTOL  =  1.00D-06  GRADTOL =  1.00D-06  THROVL  =  1.00D-08
 THRORTH =  1.00D-08  GRID    =  1.00D-06  GRIDMAX =  1.00D-03  DTMAX   =  0.00D+00  THROCCDE=  1.00D-01  THROCCDE=  1.00D-01



Geometry recognized as XYZ


 Variable memory set to 1000000000 words,  buffer space   230000 words

 SETTING BASIS          =    USERDEF

 DO I                   =        10.00000000   

 Running procedure=IIIEF1


 Recomputing integrals since basis changed


 Using spherical harmonics



 PROGRAM * SEWARD (Integral evaluation for generally contracted gaussian basis sets)     Author: Roland Lindh, 1990

 Geometry written to block  1 of record 700

 Orientation using atomic masses  
 Molecule type: Atom
 Symmetry elements: X,Y,Z
 Rotational constants:       0.0000000      0.0000000      0.0000000 GHz  (calculated with average atomic masses)

 Point group  D2h 



 ATOMIC COORDINATES

 NR  ATOM    CHARGE       X              Y              Z

   1  LU     25.00    0.000000000    0.000000000    0.000000000

 NUCLEAR CHARGE:                   25
 NUMBER OF PRIMITIVE AOS:         581
 NUMBER OF SYMMETRY AOS:          442
 NUMBER OF CONTRACTIONS:          442   ( 103Ag  +  70B3u +  70B2u +  36B1g +  70B1u +  36B2g +  36B3g +  21Au  )
 NUMBER OF CORE ORBITALS:           0   (   0Ag  +   0B3u +   0B2u +   0B1g +   0B1u +   0B2g +   0B3g +   0Au  )
 NUMBER OF VALENCE ORBITALS:       17   (   4Ag  +   3B3u +   3B2u +   1B1g +   3B1u +   1B2g +   1B3g +   1Au  )


 NUCLEAR REPULSION ENERGY    0.00000000

 EXTRA SYMMETRY OF AOS IN SYMMETRY 1:   1 1 1 1 1 1 1 1 1 1   1 1 1 1 1 1 1 1 1 1   1 1 1 1 1 1 1 1 1 1   1 1 1 1 1 1 1 1 2 3
                                        2 3 2 3 2 3 2 3 2 3   2 3 2 3 2 3 2 3 2 3   2 3 2 3 2 3 2 3 2 3   2 3 2 3 2 3 2 3 2 3
                                        2 3 4 5 6 4 5 6 4 5   6 4 5 6 4 5 6 4 5 6   4 5 6
 EXTRA SYMMETRY OF AOS IN SYMMETRY 2:   1 1 1 1 1 1 1 1 1 1   1 1 1 1 1 1 1 1 1 1   1 1 1 1 1 1 1 1 1 1   1 2 3 2 3 2 3 2 3 2
                                        3 2 3 2 3 2 3 2 3 2   3 2 3 2 3 2 3 2 3 2   3 4 5 6 4 5 6 4 5 6
 EXTRA SYMMETRY OF AOS IN SYMMETRY 3:   1 1 1 1 1 1 1 1 1 1   1 1 1 1 1 1 1 1 1 1   1 1 1 1 1 1 1 1 1 1   1 2 3 2 3 2 3 2 3 2
                                        3 2 3 2 3 2 3 2 3 2   3 2 3 2 3 2 3 2 3 2   3 4 5 6 4 5 6 4 5 6
 EXTRA SYMMETRY OF AOS IN SYMMETRY 4:   1 1 1 1 1 1 1 1 1 1   1 1 1 1 1 1 1 1 1 1   1 1 2 3 2 3 2 3 2 3   2 3 2 3 2 3
 EXTRA SYMMETRY OF AOS IN SYMMETRY 5:   1 1 1 1 1 1 1 1 1 1   1 1 1 1 1 1 1 1 1 1   1 1 1 1 1 1 1 1 1 1   1 2 3 2 3 2 3 2 3 2
                                        3 2 3 2 3 2 3 2 3 2   3 2 3 2 3 2 3 2 3 2   3 4 5 6 4 5 6 4 5 6
 EXTRA SYMMETRY OF AOS IN SYMMETRY 6:   1 1 1 1 1 1 1 1 1 1   1 1 1 1 1 1 1 1 1 1   1 1 2 3 2 3 2 3 2 3   2 3 2 3 2 3
 EXTRA SYMMETRY OF AOS IN SYMMETRY 7:   1 1 1 1 1 1 1 1 1 1   1 1 1 1 1 1 1 1 1 1   1 1 2 3 2 3 2 3 2 3   2 3 2 3 2 3
 EXTRA SYMMETRY OF AOS IN SYMMETRY 8:   1 1 1 1 1 1 1 1 1 1   1 1 1 1 1 2 3 2 3 2   3

 Eigenvalues of metric

         1 0.333E-06 0.964E-06 0.340E-05 0.186E-04 0.475E-04 0.703E-04 0.799E-04 0.799E-04
         2 0.960E-06 0.179E-05 0.251E-04 0.110E-03 0.525E-03 0.525E-03 0.534E-03 0.156E-02
         3 0.960E-06 0.179E-05 0.251E-04 0.110E-03 0.525E-03 0.525E-03 0.534E-03 0.156E-02
         4 0.799E-04 0.144E-03 0.223E-02 0.632E-02 0.897E-02 0.238E-01 0.240E-01 0.240E-01
         5 0.960E-06 0.179E-05 0.251E-04 0.110E-03 0.525E-03 0.525E-03 0.534E-03 0.156E-02
         6 0.799E-04 0.144E-03 0.223E-02 0.632E-02 0.897E-02 0.238E-01 0.240E-01 0.240E-01
         7 0.799E-04 0.144E-03 0.223E-02 0.632E-02 0.897E-02 0.238E-01 0.240E-01 0.240E-01
         8 0.525E-03 0.142E-01 0.219E-01 0.528E-01 0.103E+00 0.167E+00 0.268E+00 0.268E+00


 Contracted 2-electron integrals neglected if value below      1.0D-15
 AO integral compression algorithm  1   Integral accuracy      1.0D-15

     3531.604 MB (compressed) written to integral file ( 42.0%)

     Node minimum: 193.987 MB, node maximum: 446.169 MB


 NUMBER OF SORTED TWO-ELECTRON INTEGRALS:   55754337.     BUFFER LENGTH:  32768
 NUMBER OF SEGMENTS:   2  SEGMENT LENGTH:   31983219      RECORD LENGTH: 524288

 Memory used in sort:      32.54 MW

 SORT1 READ  1050599776. AND WROTE    32342641. INTEGRALS IN     94 RECORDS. CPU TIME:    26.57 SEC, REAL TIME:    30.90 SEC
 SORT2 READ   352987961. AND WROTE   613618504. INTEGRALS IN  11935 RECORDS. CPU TIME:     2.04 SEC, REAL TIME:     3.97 SEC

 Node minimum:    55639389.  Node maximum:    55868715. integrals

 OPERATOR DM      FOR CENTER  0  COORDINATES:    0.000000    0.000000    0.000000


 **********************************************************************************************************************************
 DATASETS  * FILE   NREC   LENGTH (MB)   RECORD NAMES
              1      19       21.26       500      610      700      900      950      970     1000      129      960     1100   
                                          VAR    BASINP    GEOM    SYMINP    ZMAT    AOBASIS   BASIS     P2S    ABASIS      S 
                                         1400     1410     1420     1200     1210     1080     1600     1650     1700   
                                           T        V       ECP      H0       H01     AOSYM     SMH    MOLCAS    OPER   

 PROGRAMS   *        TOTAL       INT
 CPU TIMES  *       158.85    158.34
 REAL TIME  *       167.23 SEC
 DISK USED  *         7.76 GB      
 GA USED    *         0.00 MB       (max)       0.00 MB       (current)
 **********************************************************************************************************************************


 PROGRAM * RHF-SCF (CLOSED SHELL)       Authors: W. Meyer, H.-J. Werner


 NUMBER OF ELECTRONS:      11+   11-    SPACE SYMMETRY=1    SPIN SYMMETRY: Singlet 
 CONVERGENCE THRESHOLDS:    1.00E-05 (Density)    1.00E-07 (Energy)
 MAX. NUMBER OF ITERATIONS:       60
 INTERPOLATION TYPE:            DIIS
 INTERPOLATION STEPS:              2 (START)      1 (STEP)
 LEVEL SHIFTS:                  0.00 (CLOSED)  0.00 (OPEN) 

 Number of closed-shell orbitals:   11 (   1   3   3   0   3   0   0   1 )


 
 Extra symmetries of mos in symmetry 2:   3   2   1   3   2
 Extra symmetries of mos in symmetry 3:   3   2   1   3   2
 Extra symmetries of mos in symmetry 5:   3   2   1   3   2
 Guess basis ATOMIC-GUESS,LU=ECP46_GUESS not found. No density guess!


 Molecular orbital dump at record        4202.2

 ITERATION    DDIFF          GRAD             ENERGY        2-EL.EN.            DIPOLE MOMENTS         DIIS   ORB.
    1      0.000D+00      0.000D+00      -148.43824790    412.892598    0.00000    0.00000    0.00000    0    start
    2      0.000D+00      0.342D+00      -122.65116663     94.208903    0.00000    0.00000    0.00000    0    diag
    3      0.247D+00      0.208D+00      -154.63558600    399.365693    0.00000    0.00000    0.00000    1    diag
    4      0.171D+00      0.308D+00      -172.03867058    349.075372    0.00000    0.00000    0.00000    2    diag
    5      0.790D-01      0.158D+00      -178.46128025    312.207374    0.00000    0.00000    0.00000    3    diag
    6      0.627D-01      0.658D-01      -180.00662546    282.288875    0.00000    0.00000    0.00000    4    diag
    7      0.197D-01      0.381D-02      -180.01164131    280.440387    0.00000    0.00000    0.00000    5    diag
    8      0.405D-02      0.338D-02      -180.01455117    281.354763    0.00000    0.00000    0.00000    6    diag
    9      0.944D-03      0.907D-03      -180.01477753    281.712117    0.00000    0.00000    0.00000    7    diag
   10      0.327D-03      0.177D-04      -180.01477766    281.707875    0.00000    0.00000    0.00000    8    orth
   11      0.155D-04      0.192D-05      -180.01477766    281.706986    0.00000    0.00000    0.00000    9    diag
   12      0.953D-06      0.121D-06      -180.01477766    281.707116    0.00000    0.00000    0.00000    0    orth

 Final occupancy:   1   3   3   0   3   0   0   1

 !RHF STATE 1.1 Energy               -180.014777661728
 Nuclear energy                         0.00000000
 One-electron energy                 -320.86833543
 Two-electron energy                  140.85355777
 Virial quotient                       -1.81013334
 !RHF STATE 1.1 Dipole moment           0.00000000     0.00000000     0.00000000
 Dipole moment /Debye                   0.00000000     0.00000000     0.00000000

 ELECTRON ORBITALS
 =================


   Orb  Occ    Energy  Couls-En    Coefficients

                                   1 1s      1 1s      1 1s      1 1s      1 1s      1 1s      1 1s      1 1s      1 1s      1 1s   
                                   1 1s      1 1s      1 1s      1 1s      1 1s      1 1s      1 1s      1 1s      1 1s      1 1s   
                                   1 1s      1 1s      1 1s      1 1s      1 1s      1 1s      1 1s      1 1s      1 1s      1 1s   
                                   1 1s      1 1s      1 1s      1 1s      1 1s      1 1s      1 1s      1 1s      1 3d0     1 3d2+ 
                                   1 3d0     1 3d2+    1 3d0     1 3d2+    1 3d0     1 3d2+    1 3d0     1 3d2+    1 3d0     1 3d2+ 
                                   1 3d0     1 3d2+    1 3d0     1 3d2+    1 3d0     1 3d2+    1 3d0     1 3d2+    1 3d0     1 3d2+ 
                                   1 3d0     1 3d2+    1 3d0     1 3d2+    1 3d0     1 3d2+    1 3d0     1 3d2+    1 3d0     1 3d2+ 
                                   1 3d0     1 3d2+    1 3d0     1 3d2+    1 3d0     1 3d2+    1 3d0     1 3d2+    1 3d0     1 3d2+ 
                                   1 3d0     1 3d2+    1 5g0     1 5g4+    1 5g2+    1 5g0     1 5g4+    1 5g2+    1 5g0     1 5g4+ 
                                   1 5g2+    1 5g0     1 5g4+    1 5g2+    1 5g0     1 5g4+    1 5g2+    1 5g0     1 5g4+    1 5g2+ 
                                   1 5g0     1 5g4+    1 5g2+ 

   1.1   2    -3.6795  -20.0930 -0.000000  0.000000 -0.000000  0.000000 -0.000000  0.000000 -0.000000  0.000000 -0.000000  0.000000
                                -0.000001  0.000001 -0.000004  0.000015 -0.000099 -0.000405  0.000402 -0.000935  0.003078  0.000345
                                -0.016103  0.171109 -0.259647  0.071679  0.452081 -0.873365 -0.405630  1.161904  0.421343  0.060404
                                -0.049638  0.074677 -0.113175  0.084964 -0.033512  0.012915 -0.003332  0.000593  0.000000 -0.000000
                                -0.000000  0.000000  0.000000 -0.000000 -0.000000  0.000000  0.000000 -0.000000 -0.000000  0.000000
                                 0.000000 -0.000000 -0.000000  0.000000  0.000000 -0.000000 -0.000000  0.000000  0.000000 -0.000000
                                -0.000000  0.000000  0.000000 -0.000000  0.000000 -0.000000  0.000000 -0.000000  0.000000 -0.000000
                                -0.000000  0.000000  0.000000 -0.000000 -0.000000  0.000000  0.000000 -0.000000 -0.000000  0.000000
                                 0.000000 -0.000000 -0.000000  0.000000 -0.000000 -0.000000  0.000000 -0.000000  0.000000 -0.000000
                                 0.000000  0.000000  0.000000 -0.000000 -0.000000  0.000000  0.000000  0.000000 -0.000000 -0.000000
                                -0.000000  0.000000  0.000000

   2.1   0    -1.1384  -13.4413  0.000000 -0.000000  0.000000 -0.000000  0.000000 -0.000000  0.000000 -0.000000  0.000000 -0.000000
                                 0.000000 -0.000000  0.000000 -0.000000  0.000000  0.000000 -0.000000  0.000000 -0.000000 -0.000000
                                 0.000000 -0.000000  0.000000 -0.000000  0.000000 -0.000000  0.000000  0.000000  0.000000 -0.000000
                                 0.000000 -0.000000  0.000000 -0.000000  0.000000 -0.000000  0.000000 -0.000000 -0.000000 -0.000000
                                 0.000000  0.000001 -0.000003 -0.000004  0.000012  0.000016 -0.000041 -0.000057  0.000130  0.000182
                                -0.000389 -0.000541  0.001222  0.001700 -0.005996 -0.008342  0.014705  0.020460 -0.014007 -0.019488
                                 0.014673  0.020416 -0.079253 -0.110271  0.271670  0.377997  0.353560  0.491937  0.076900  0.106997
                                 0.009205  0.012808 -0.029560 -0.041129  0.021628  0.030093 -0.005974 -0.008312  0.002411  0.003355
                                -0.000674 -0.000938  0.000000 -0.000000  0.000000  0.000000 -0.000000  0.000000  0.000000 -0.000000
                                 0.000000 -0.000000  0.000000 -0.000000  0.000000 -0.000000  0.000000 -0.000000  0.000000 -0.000000
                                 0.000000 -0.000000  0.000000

   3.1   0    -1.1384  -13.4413 -0.000000  0.000000 -0.000000  0.000000 -0.000000  0.000000 -0.000000  0.000000 -0.000000  0.000000
                                -0.000000  0.000000 -0.000000  0.000000 -0.000000 -0.000000  0.000000 -0.000000  0.000000  0.000000
                                -0.000000  0.000000 -0.000000  0.000000 -0.000000  0.000000 -0.000000  0.000000 -0.000000  0.000000
                                -0.000000  0.000000 -0.000000  0.000000 -0.000000  0.000000 -0.000000  0.000000  0.000000 -0.000000
                                -0.000001  0.000000  0.000004 -0.000003 -0.000016  0.000012  0.000057 -0.000041 -0.000182  0.000130
                                 0.000541 -0.000389 -0.001700  0.001222  0.008342 -0.005996 -0.020460  0.014705  0.019488 -0.014007
                                -0.020416  0.014673  0.110271 -0.079253 -0.377997  0.271670 -0.491937  0.353560 -0.106997  0.076900
                                -0.012808  0.009205  0.041129 -0.029560 -0.030093  0.021628  0.008312 -0.005974 -0.003355  0.002411
                                 0.000938 -0.000674  0.000000  0.000000 -0.000000 -0.000000 -0.000000 -0.000000 -0.000000 -0.000000
                                 0.000000  0.000000  0.000000 -0.000000 -0.000000 -0.000000  0.000000  0.000000 -0.000000 -0.000000
                                -0.000000 -0.000000  0.000000

                                   1 2px     1 2px     1 2px     1 2px     1 2px     1 2px     1 2px     1 2px     1 2px     1 2px  
                                   1 2px     1 2px     1 2px     1 2px     1 2px     1 2px     1 2px     1 2px     1 2px     1 2px  
                                   1 2px     1 2px     1 2px     1 2px     1 2px     1 2px     1 2px     1 2px     1 2px     1 2px  
                                   1 2px     1 4f1+    1 4f3+    1 4f1+    1 4f3+    1 4f1+    1 4f3+    1 4f1+    1 4f3+    1 4f1+ 
                                   1 4f3+    1 4f1+    1 4f3+    1 4f1+    1 4f3+    1 4f1+    1 4f3+    1 4f1+    1 4f3+    1 4f1+ 
                                   1 4f3+    1 4f1+    1 4f3+    1 4f1+    1 4f3+    1 4f1+    1 4f3+    1 4f1+    1 4f3+    1 4f1+ 
                                   1 4f3+    1 6h1+    1 6h3+    1 6h5+    1 6h1+    1 6h3+    1 6h5+    1 6h1+    1 6h3+    1 6h5+ 


   1.2   2    -1.1162  -15.2763 -0.000000 -0.000000  0.000000  0.000000 -0.000000  0.000000 -0.000000  0.000000 -0.000000  0.000000
                                -0.000000  0.000000 -0.000000  0.000000 -0.000000  0.000000 -0.000000  0.000000 -0.000000  0.000000
                                -0.000000  0.000000 -0.000000  0.000000  0.000000  0.000000 -0.000000 -0.000000  0.000000 -0.000000
                                 0.000000 -0.000001  0.000013  0.000009 -0.000087 -0.000045  0.000425  0.000218 -0.002064 -0.002263
                                 0.021382  0.003597 -0.033985 -0.012772  0.120675 -0.020790  0.196442 -0.035355  0.334058 -0.044057
                                 0.416285 -0.025682  0.242662 -0.005556  0.052497  0.001692 -0.015985 -0.000707  0.006685  0.000215
                                -0.002034  0.000000  0.000000  0.000000 -0.000000  0.000000 -0.000000  0.000000 -0.000000  0.000000

   2.2   2    -1.1162  -15.2763  0.000000  0.000000 -0.000000  0.000000 -0.000000 -0.000000  0.000000 -0.000000  0.000000 -0.000000
                                 0.000000 -0.000000  0.000000 -0.000000  0.000000 -0.000000  0.000000 -0.000000  0.000000 -0.000000
                                 0.000000  0.000000  0.000000 -0.000000  0.000000 -0.000000  0.000000 -0.000000 -0.000000  0.000000
                                -0.000000  0.000013  0.000001 -0.000087 -0.000009  0.000425  0.000045 -0.002064 -0.000218  0.021382
                                 0.002263 -0.033985 -0.003597  0.120675  0.012772  0.196442  0.020790  0.334058  0.035355  0.416285
                                 0.044057  0.242662  0.025682  0.052497  0.005556 -0.015985 -0.001692  0.006685  0.000707 -0.002034
                                -0.000215  0.000000 -0.000000  0.000000  0.000000 -0.000000 -0.000000 -0.000000  0.000000 -0.000000

   3.2   2    -2.6959  -17.6626  0.000000 -0.000000  0.000000 -0.000000  0.000000 -0.000000  0.000001 -0.000003  0.000012 -0.000036
                                 0.000106 -0.000296  0.000818 -0.002488  0.009183 -0.076135  0.185055 -0.351905  0.620917 -0.609930
                                -0.066814  0.756465 -0.004947  0.434186 -0.034103  0.024759 -0.000083  0.034273 -0.001008  0.000460
                                -0.000105  0.000000 -0.000000 -0.000000  0.000000  0.000000 -0.000000 -0.000000  0.000000  0.000000
                                -0.000000 -0.000000  0.000000  0.000000  0.000000 -0.000000  0.000000  0.000000 -0.000000 -0.000000
                                -0.000000 -0.000000 -0.000000 -0.000000  0.000000 -0.000000  0.000000  0.000000  0.000000 -0.000000
                                 0.000000  0.000000  0.000000 -0.000000 -0.000000  0.000000  0.000000  0.000000 -0.000000 -0.000000

   4.2   0    -0.2731   -4.5079  0.000000  0.000000 -0.000000  0.000000 -0.000000  0.000000 -0.000000  0.000000 -0.000000  0.000000
                                -0.000000  0.000000 -0.000000  0.000000 -0.000000  0.000000 -0.000000  0.000000 -0.000000  0.000000
                                 0.000000 -0.000000  0.000000 -0.000000 -0.000000  0.000000  0.000000  0.000000 -0.000000  0.000000
                                -0.000000  0.000000 -0.000001 -0.000000  0.000010  0.000002 -0.000047 -0.000009  0.000234  0.000103
                                -0.002689 -0.000152  0.003972  0.000751 -0.019596  0.001374 -0.035832  0.002151 -0.056095  0.002474
                                -0.064520 -0.000394  0.010285 -0.008468  0.220863 -0.016869  0.439983 -0.016419  0.428228 -0.001098
                                 0.028636  0.000000 -0.000000 -0.000000  0.000000  0.000000  0.000000  0.000000 -0.000000 -0.000000

   5.2   0    -0.2731   -4.5079  0.000000 -0.000000 -0.000000  0.000000 -0.000000  0.000000 -0.000000  0.000000  0.000000 -0.000000
                                 0.000000 -0.000000  0.000000 -0.000000  0.000000 -0.000000  0.000000 -0.000000  0.000000 -0.000000
                                -0.000000  0.000000 -0.000000  0.000000  0.000000 -0.000000 -0.000000 -0.000000  0.000000 -0.000000
                                 0.000000 -0.000001 -0.000000  0.000010  0.000000 -0.000047 -0.000002  0.000234  0.000009 -0.002689
                                -0.000103  0.003972  0.000152 -0.019596 -0.000751 -0.035832 -0.001374 -0.056095 -0.002151 -0.064520
                                -0.002474  0.010285  0.000394  0.220863  0.008468  0.439983  0.016869  0.428228  0.016419  0.028636
                                 0.001098 -0.000000 -0.000000 -0.000000  0.000000  0.000000  0.000000 -0.000000 -0.000000 -0.000000

                                   1 2py     1 2py     1 2py     1 2py     1 2py     1 2py     1 2py     1 2py     1 2py     1 2py  
                                   1 2py     1 2py     1 2py     1 2py     1 2py     1 2py     1 2py     1 2py     1 2py     1 2py  
                                   1 2py     1 2py     1 2py     1 2py     1 2py     1 2py     1 2py     1 2py     1 2py     1 2py  
                                   1 2py     1 4f1-    1 4f3-    1 4f1-    1 4f3-    1 4f1-    1 4f3-    1 4f1-    1 4f3-    1 4f1- 
                                   1 4f3-    1 4f1-    1 4f3-    1 4f1-    1 4f3-    1 4f1-    1 4f3-    1 4f1-    1 4f3-    1 4f1- 
                                   1 4f3-    1 4f1-    1 4f3-    1 4f1-    1 4f3-    1 4f1-    1 4f3-    1 4f1-    1 4f3-    1 4f1- 
                                   1 4f3-    1 6h1-    1 6h3-    1 6h5-    1 6h1-    1 6h3-    1 6h5-    1 6h1-    1 6h3-    1 6h5- 


   1.3   2    -1.1162  -15.2763 -0.000000  0.000000 -0.000000 -0.000000  0.000000 -0.000000  0.000000 -0.000000 -0.000000  0.000000
                                -0.000000  0.000000  0.000000  0.000000 -0.000000  0.000000 -0.000000  0.000000 -0.000000  0.000000
                                -0.000000 -0.000000 -0.000000  0.000000 -0.000000  0.000000  0.000000  0.000000 -0.000000 -0.000000
                                 0.000000  0.000006  0.000011 -0.000041 -0.000078  0.000198  0.000379 -0.000961 -0.001840  0.009958
                                 0.019056 -0.015828 -0.030289  0.056202  0.107550  0.091488  0.175076  0.155579  0.297724  0.193875
                                 0.371008  0.113014  0.216269  0.024449  0.046787 -0.007445 -0.014247  0.003113  0.005958 -0.000947
                                -0.001813  0.000000  0.000000 -0.000000  0.000000  0.000000 -0.000000 -0.000000  0.000000 -0.000000

   2.3   2    -1.1162  -15.2763  0.000000 -0.000000  0.000000  0.000000 -0.000000  0.000000 -0.000000  0.000000 -0.000000  0.000000
                                -0.000000  0.000000 -0.000000  0.000000 -0.000000  0.000000 -0.000000  0.000000 -0.000000  0.000000
                                -0.000000 -0.000000 -0.000000  0.000000  0.000000  0.000000  0.000000 -0.000000  0.000000  0.000000
                                -0.000000 -0.000011  0.000006  0.000078 -0.000041 -0.000379  0.000198  0.001840 -0.000961 -0.019056
                                 0.009958  0.030289 -0.015828 -0.107550  0.056202 -0.175076  0.091488 -0.297724  0.155579 -0.371008
                                 0.193875 -0.216269  0.113014 -0.046787  0.024449  0.014247 -0.007445 -0.005958  0.003113  0.001813
                                -0.000947 -0.000000  0.000000 -0.000000 -0.000000  0.000000 -0.000000  0.000000 -0.000000  0.000000

   3.3   2    -2.6959  -17.6626  0.000000 -0.000000  0.000000 -0.000000  0.000000 -0.000000  0.000001 -0.000003  0.000012 -0.000036
                                 0.000106 -0.000296  0.000818 -0.002488  0.009183 -0.076135  0.185055 -0.351905  0.620917 -0.609930
                                -0.066814  0.756465 -0.004947  0.434186 -0.034103  0.024759 -0.000083  0.034273 -0.001008  0.000460
                                -0.000105  0.000000  0.000000 -0.000000 -0.000000  0.000000  0.000000 -0.000000 -0.000000  0.000000
                                 0.000000  0.000000 -0.000000  0.000000 -0.000000  0.000000 -0.000000 -0.000000  0.000000 -0.000000
                                -0.000000  0.000000 -0.000000  0.000000 -0.000000 -0.000000  0.000000 -0.000000  0.000000 -0.000000
                                 0.000000  0.000000 -0.000000 -0.000000  0.000000 -0.000000 -0.000000 -0.000000  0.000000  0.000000

   4.3   0    -0.2731   -4.5079  0.000000 -0.000000  0.000000  0.000000 -0.000000  0.000000 -0.000000  0.000000 -0.000000  0.000000
                                -0.000000  0.000000 -0.000000  0.000000 -0.000000  0.000000 -0.000000  0.000000 -0.000000  0.000000
                                 0.000000 -0.000000  0.000000 -0.000000 -0.000000  0.000000  0.000000  0.000000 -0.000000  0.000000
                                -0.000000  0.000001 -0.000001 -0.000006  0.000008  0.000029 -0.000037 -0.000144  0.000185  0.001654
                                -0.002122 -0.002443  0.003135  0.012054 -0.015468  0.022041 -0.028284  0.034506 -0.044279  0.039689
                                -0.050929 -0.006327  0.008118 -0.135862  0.174338 -0.270651  0.347301 -0.263420  0.338022 -0.017615
                                 0.022604  0.000000 -0.000000  0.000000 -0.000000 -0.000000 -0.000000  0.000000  0.000000  0.000000

   5.3   0    -0.2731   -4.5079  0.000000  0.000000 -0.000000 -0.000000 -0.000000  0.000000 -0.000000  0.000000 -0.000000  0.000000
                                -0.000000  0.000000 -0.000000  0.000000 -0.000000  0.000000 -0.000000  0.000000 -0.000000  0.000000
                                -0.000000  0.000000 -0.000000  0.000000  0.000000  0.000000  0.000000 -0.000000 -0.000000 -0.000000
                                 0.000000 -0.000001 -0.000001  0.000008  0.000006 -0.000037 -0.000029  0.000185  0.000144 -0.002122
                                -0.001654  0.003135  0.002443 -0.015468 -0.012054 -0.028284 -0.022041 -0.044279 -0.034506 -0.050929
                                -0.039689  0.008118  0.006327  0.174339  0.135862  0.347301  0.270651  0.338022  0.263420  0.022604
                                 0.017615 -0.000000 -0.000000 -0.000000  0.000000  0.000000  0.000000 -0.000000 -0.000000 -0.000000

                                   1 3d2-    1 3d2-    1 3d2-    1 3d2-    1 3d2-    1 3d2-    1 3d2-    1 3d2-    1 3d2-    1 3d2- 
                                   1 3d2-    1 3d2-    1 3d2-    1 3d2-    1 3d2-    1 3d2-    1 3d2-    1 3d2-    1 3d2-    1 3d2- 
                                   1 3d2-    1 3d2-    1 5g2-    1 5g4-    1 5g2-    1 5g4-    1 5g2-    1 5g4-    1 5g2-    1 5g4- 
                                   1 5g2-    1 5g4-    1 5g2-    1 5g4-    1 5g2-    1 5g4- 

   1.4   0    -1.1384  -13.4413 -0.000000  0.000001 -0.000005  0.000020 -0.000071  0.000224 -0.000667  0.002094 -0.010273  0.025196
                                -0.024000  0.025142 -0.135797  0.465496  0.605811  0.131765  0.015772 -0.050649  0.037059 -0.010236
                                 0.004132 -0.001155 -0.000000 -0.000000 -0.000000  0.000000 -0.000000 -0.000000  0.000000 -0.000000
                                 0.000000  0.000000 -0.000000 -0.000000  0.000000  0.000000

   2.4   0    -0.3716   -5.4115  0.000000 -0.000000  0.000001 -0.000002  0.000008 -0.000024  0.000072 -0.000221  0.001033 -0.002460
                                 0.002376 -0.004556  0.040026 -0.155415 -0.232024  0.138776  0.918783 -0.403110  0.464448 -0.019812
                                 0.011246 -0.003101  0.000000  0.000000  0.000000  0.000000  0.000000  0.000000  0.000000  0.000000
                                -0.000000 -0.000000 -0.000000  0.000000 -0.000000  0.000000

                                   1 2pz     1 2pz     1 2pz     1 2pz     1 2pz     1 2pz     1 2pz     1 2pz     1 2pz     1 2pz  
                                   1 2pz     1 2pz     1 2pz     1 2pz     1 2pz     1 2pz     1 2pz     1 2pz     1 2pz     1 2pz  
                                   1 2pz     1 2pz     1 2pz     1 2pz     1 2pz     1 2pz     1 2pz     1 2pz     1 2pz     1 2pz  
                                   1 2pz     1 4f0     1 4f2+    1 4f0     1 4f2+    1 4f0     1 4f2+    1 4f0     1 4f2+    1 4f0  
                                   1 4f2+    1 4f0     1 4f2+    1 4f0     1 4f2+    1 4f0     1 4f2+    1 4f0     1 4f2+    1 4f0  
                                   1 4f2+    1 4f0     1 4f2+    1 4f0     1 4f2+    1 4f0     1 4f2+    1 4f0     1 4f2+    1 4f0  
                                   1 4f2+    1 6h2+    1 6h4+    1 6h0     1 6h2+    1 6h4+    1 6h0     1 6h2+    1 6h4+    1 6h0  


   1.5   2    -1.1162  -15.2763  0.000000 -0.000000 -0.000000  0.000000 -0.000000  0.000000 -0.000000  0.000000 -0.000000  0.000000
                                -0.000000  0.000000 -0.000000  0.000000 -0.000000  0.000000 -0.000000  0.000000 -0.000000  0.000000
                                -0.000000 -0.000000 -0.000000  0.000000  0.000000  0.000000 -0.000000 -0.000000  0.000000 -0.000000
                                 0.000000 -0.000004  0.000012  0.000029 -0.000083 -0.000142  0.000403  0.000690 -0.001957 -0.007150
                                 0.020277  0.011365 -0.032230 -0.040355  0.114443 -0.065692  0.186297 -0.111711  0.316805 -0.139209
                                 0.394785 -0.081148  0.230129 -0.017555  0.049786  0.005346 -0.015160 -0.002235  0.006339  0.000680
                                -0.001929  0.000000 -0.000000 -0.000000  0.000000 -0.000000 -0.000000 -0.000000 -0.000000  0.000000

   2.5   2    -1.1162  -15.2763 -0.000000  0.000000  0.000000 -0.000000  0.000000 -0.000000  0.000000 -0.000000  0.000000 -0.000000
                                 0.000000 -0.000000  0.000000 -0.000000  0.000000 -0.000000  0.000000 -0.000000 -0.000000  0.000000
                                -0.000000  0.000000 -0.000000 -0.000000 -0.000000  0.000000  0.000000  0.000000  0.000000  0.000000
                                -0.000000  0.000012  0.000004 -0.000083 -0.000029  0.000403  0.000142 -0.001957 -0.000690  0.020277
                                 0.007150 -0.032230 -0.011365  0.114443  0.040355  0.186297  0.065692  0.316805  0.111711  0.394785
                                 0.139209  0.230129  0.081148  0.049786  0.017555 -0.015160 -0.005346  0.006339  0.002235 -0.001929
                                -0.000680 -0.000000 -0.000000  0.000000 -0.000000 -0.000000  0.000000  0.000000  0.000000 -0.000000

   3.5   2    -2.6959  -17.6626  0.000000 -0.000000  0.000000 -0.000000  0.000000 -0.000000  0.000001 -0.000003  0.000012 -0.000036
                                 0.000106 -0.000296  0.000818 -0.002488  0.009183 -0.076135  0.185055 -0.351905  0.620917 -0.609930
                                -0.066814  0.756465 -0.004947  0.434186 -0.034103  0.024759 -0.000083  0.034273 -0.001008  0.000460
                                -0.000105 -0.000000 -0.000000  0.000000  0.000000 -0.000000 -0.000000  0.000000 -0.000000 -0.000000
                                 0.000000  0.000000 -0.000000 -0.000000  0.000000  0.000000 -0.000000 -0.000000  0.000000  0.000000
                                 0.000000  0.000000  0.000000 -0.000000 -0.000000 -0.000000 -0.000000 -0.000000 -0.000000  0.000000
                                -0.000000 -0.000000  0.000000 -0.000000  0.000000 -0.000000 -0.000000 -0.000000  0.000000  0.000000

   4.5   0    -0.2731   -4.5079  0.000000 -0.000000  0.000000 -0.000000  0.000000 -0.000000  0.000000 -0.000000  0.000000 -0.000000
                                 0.000000 -0.000000  0.000000 -0.000000  0.000000 -0.000000  0.000000 -0.000000  0.000000 -0.000000
                                -0.000000  0.000000  0.000000  0.000000  0.000000  0.000000 -0.000000 -0.000000  0.000000 -0.000000
                                 0.000000 -0.000000 -0.000001  0.000003  0.000009 -0.000014 -0.000045  0.000072  0.000223 -0.000823
                                -0.002562  0.001216  0.003784 -0.006000 -0.018670 -0.010971 -0.034138 -0.017176 -0.053444 -0.019756
                                -0.061471  0.003149  0.009799  0.067627  0.210425  0.134721  0.419190  0.131121  0.407990  0.008768
                                 0.027283 -0.000000 -0.000000 -0.000000  0.000000 -0.000000 -0.000000 -0.000000  0.000000 -0.000000

   5.5   0    -0.2731   -4.5079  0.000000 -0.000000  0.000000 -0.000000  0.000000 -0.000000  0.000000 -0.000000  0.000000 -0.000000
                                 0.000000 -0.000000  0.000000 -0.000000  0.000000 -0.000000  0.000000 -0.000000  0.000000 -0.000000
                                 0.000000 -0.000000  0.000000 -0.000000  0.000000 -0.000000 -0.000000 -0.000000 -0.000000  0.000000
                                -0.000000 -0.000001  0.000000  0.000009 -0.000003 -0.000045  0.000014  0.000223 -0.000072 -0.002562
                                 0.000823  0.003784 -0.001216 -0.018670  0.006000 -0.034138  0.010971 -0.053444  0.017176 -0.061471
                                 0.019756  0.009799 -0.003149  0.210425 -0.067627  0.419190 -0.134720  0.407990 -0.131121  0.027283
                                -0.008768  0.000000 -0.000000 -0.000000 -0.000000 -0.000000 -0.000000  0.000000  0.000000 -0.000000

                                   1 3d1+    1 3d1+    1 3d1+    1 3d1+    1 3d1+    1 3d1+    1 3d1+    1 3d1+    1 3d1+    1 3d1+ 
                                   1 3d1+    1 3d1+    1 3d1+    1 3d1+    1 3d1+    1 3d1+    1 3d1+    1 3d1+    1 3d1+    1 3d1+ 
                                   1 3d1+    1 3d1+    1 5g1+    1 5g3+    1 5g1+    1 5g3+    1 5g1+    1 5g3+    1 5g1+    1 5g3+ 
                                   1 5g1+    1 5g3+    1 5g1+    1 5g3+    1 5g1+    1 5g3+ 

   1.6   0    -1.1384  -13.4413 -0.000000  0.000001 -0.000005  0.000020 -0.000071  0.000224 -0.000667  0.002094 -0.010273  0.025196
                                -0.024000  0.025142 -0.135797  0.465496  0.605811  0.131765  0.015772 -0.050649  0.037059 -0.010236
                                 0.004132 -0.001155  0.000000 -0.000000 -0.000000  0.000000  0.000000 -0.000000 -0.000000 -0.000000
                                 0.000000  0.000000 -0.000000 -0.000000  0.000000  0.000000

   2.6   0    -0.3716   -5.4115  0.000000 -0.000000  0.000001 -0.000002  0.000008 -0.000024  0.000072 -0.000221  0.001033 -0.002460
                                 0.002376 -0.004556  0.040026 -0.155415 -0.232024  0.138776  0.918783 -0.403110  0.464448 -0.019812
                                 0.011246 -0.003101  0.000000 -0.000000  0.000000 -0.000000  0.000000 -0.000000  0.000000 -0.000000
                                -0.000000  0.000000 -0.000000  0.000000 -0.000000  0.000000

                                   1 3d1-    1 3d1-    1 3d1-    1 3d1-    1 3d1-    1 3d1-    1 3d1-    1 3d1-    1 3d1-    1 3d1- 
                                   1 3d1-    1 3d1-    1 3d1-    1 3d1-    1 3d1-    1 3d1-    1 3d1-    1 3d1-    1 3d1-    1 3d1- 
                                   1 3d1-    1 3d1-    1 5g1-    1 5g3-    1 5g1-    1 5g3-    1 5g1-    1 5g3-    1 5g1-    1 5g3- 
                                   1 5g1-    1 5g3-    1 5g1-    1 5g3-    1 5g1-    1 5g3- 

   1.7   0    -1.1384  -13.4413 -0.000000  0.000001 -0.000005  0.000020 -0.000071  0.000224 -0.000667  0.002094 -0.010273  0.025196
                                -0.024000  0.025142 -0.135797  0.465496  0.605811  0.131765  0.015772 -0.050649  0.037059 -0.010236
                                 0.004132 -0.001155  0.000000 -0.000000  0.000000 -0.000000  0.000000 -0.000000 -0.000000 -0.000000
                                -0.000000  0.000000 -0.000000 -0.000000 -0.000000  0.000000

   2.7   0    -0.3716   -5.4115  0.000000 -0.000000  0.000001 -0.000002  0.000008 -0.000024  0.000072 -0.000221  0.001033 -0.002460
                                 0.002376 -0.004556  0.040026 -0.155415 -0.232024  0.138776  0.918783 -0.403110  0.464448 -0.019812
                                 0.011246 -0.003101 -0.000000  0.000000 -0.000000  0.000000 -0.000000  0.000000 -0.000000  0.000000
                                 0.000000 -0.000000 -0.000000  0.000000  0.000000  0.000000

                                   1 4f2-    1 4f2-    1 4f2-    1 4f2-    1 4f2-    1 4f2-    1 4f2-    1 4f2-    1 4f2-    1 4f2- 
                                   1 4f2-    1 4f2-    1 4f2-    1 4f2-    1 4f2-    1 6h4-    1 6h2-    1 6h4-    1 6h2-    1 6h4- 
                                   1 6h2- 

   1.8   2    -1.1162  -15.2763  0.000013 -0.000088  0.000427 -0.002076  0.021501 -0.034175  0.121349  0.197540  0.335924  0.418610
                                 0.244017  0.052790 -0.016075  0.006722 -0.002045 -0.000000  0.000000 -0.000000  0.000000  0.000000
                                -0.000000

   2.8   0    -0.2731   -4.5079 -0.000001  0.000010 -0.000047  0.000234 -0.002691  0.003975 -0.019610 -0.035858 -0.056136 -0.064567
                                 0.010292  0.221026  0.440306  0.428542  0.028657  0.000000 -0.000000  0.000000  0.000000  0.000000
                                -0.000000

   3.8   0    -0.1747   -2.9114  0.000001 -0.000007  0.000034 -0.000171  0.002018 -0.002930  0.015451  0.028768  0.044444  0.050340
                                -0.016436 -0.230911 -0.411219  0.063625  0.958861 -0.000000  0.000000 -0.000000 -0.000000 -0.000000
                                 0.000000

 HOMO      1.8    -1.116227 =     -30.3741eV
 LUMO      2.1    -1.138358 =     -30.9763eV
 LUMO-HOMO        -0.022131 =      -0.6022eV


 **********************************************************************************************************************************
 DATASETS  * FILE   NREC   LENGTH (MB)   RECORD NAMES
              1      19       21.31       500      610      700      900      950      970     1000      129      960     1100   
                                          VAR    BASINP    GEOM    SYMINP    ZMAT    AOBASIS   BASIS     P2S    ABASIS      S 
                                         1400     1410     1420     1200     1210     1080     1600     1650     1700   
                                           T        V       ECP      H0       H01     AOSYM     SMH    MOLCAS    OPER   

              2       5        6.01       200      700     1000      520     4202   
                                        OPTIONS   GEOM     BASIS   MCVARS     RHF  

 PROGRAMS   *        TOTAL       RHF       INT
 CPU TIMES  *       161.38      2.52    158.34
 REAL TIME  *       170.40 SEC
 DISK USED  *         8.09 GB      
 SF USED    *         0.12 MB      
 GA USED    *         0.00 MB       (max)       0.00 MB       (current)
 **********************************************************************************************************************************


 PROGRAM * RHF-SCF (OPEN SHELL)       Authors: W. Meyer, H.-J. Werner


 NUMBER OF ELECTRONS:      12+   11-    SPACE SYMMETRY=2    SPIN SYMMETRY: Doublet 
 CONVERGENCE THRESHOLDS:    1.00E-05 (Density)    1.00E-07 (Energy)
 MAX. NUMBER OF ITERATIONS:       60
 INTERPOLATION TYPE:            DIIS
 INTERPOLATION STEPS:              2 (START)      1 (STEP)
 LEVEL SHIFTS:                 -0.60 (CLOSED) -0.30 (OPEN) 

 Number of closed-shell orbitals:   11 (   1   3   3   0   3   0   0   1 )
 Number of open-shell orbitals:      1 (   0   1   0   0   0   0   0   0 )


 Molecular orbitals read from record     4202.2  Type=RHF/CANONICAL (state 1.1)

 Molecular orbital dump at record        2122.2

 ITERATION    DDIFF          GRAD             ENERGY        2-EL.EN.            DIPOLE MOMENTS         DIIS   ORB.
    1      0.000D+00      0.000D+00      -180.28790740    289.630445    0.00000    0.00000    0.00000    0    start
    2      0.000D+00      0.471D-03      -180.28802769    289.348102    0.00000    0.00000    0.00000    1    diag,B
    3      0.200D-03      0.326D-03      -180.28806794    289.460657    0.00000    0.00000    0.00000    2    fixocc
    4      0.128D-03      0.975D-04      -180.28808708    289.438447    0.00000    0.00000    0.00000    3    diag,B
    5      0.168D-03      0.443D-04      -180.28809416    289.437923    0.00000    0.00000    0.00000    4    diag,B
    6      0.173D-03      0.195D-04      -180.28809993    289.440251    0.00000    0.00000    0.00000    5    diag,B
    7      0.967D-04      0.230D-04      -180.28809775    289.440104    0.00000    0.00000    0.00000    6    diag,B
    8      0.201D-04      0.184D-04      -180.28809587    289.442602    0.00000    0.00000    0.00000    7    orth
    9      0.790D-04      0.281D-05      -180.28809590    289.443168    0.00000    0.00000    0.00000    8    diag,B
   10      0.413D-05      0.664D-06      -180.28809590    289.443273    0.00000    0.00000    0.00000    0    orth

 Final alpha occupancy:   1   4   3   0   3   0   0   1
 Final beta  occupancy:   1   3   3   0   3   0   0   1

 !RHF STATE 1.2 Energy               -180.288095904033
 Nuclear energy                         0.00000000
 One-electron energy                 -325.00973259
 Two-electron energy                  144.72163669
 Virial quotient                       -1.80770345
 !RHF STATE 1.2 Dipole moment           0.00000000     0.00000000     0.00000000
 Dipole moment /Debye                   0.00000000     0.00000000     0.00000000

 ELECTRON ORBITALS
 =================


   Orb  Occ    Energy  Couls-En    Coefficients

                                   1 1s      1 1s      1 1s      1 1s      1 1s      1 1s      1 1s      1 1s      1 1s      1 1s   
                                   1 1s      1 1s      1 1s      1 1s      1 1s      1 1s      1 1s      1 1s      1 1s      1 1s   
                                   1 1s      1 1s      1 1s      1 1s      1 1s      1 1s      1 1s      1 1s      1 1s      1 1s   
                                   1 1s      1 1s      1 1s      1 1s      1 1s      1 1s      1 1s      1 1s      1 3d0     1 3d2+ 
                                   1 3d0     1 3d2+    1 3d0     1 3d2+    1 3d0     1 3d2+    1 3d0     1 3d2+    1 3d0     1 3d2+ 
                                   1 3d0     1 3d2+    1 3d0     1 3d2+    1 3d0     1 3d2+    1 3d0     1 3d2+    1 3d0     1 3d2+ 
                                   1 3d0     1 3d2+    1 3d0     1 3d2+    1 3d0     1 3d2+    1 3d0     1 3d2+    1 3d0     1 3d2+ 
                                   1 3d0     1 3d2+    1 3d0     1 3d2+    1 3d0     1 3d2+    1 3d0     1 3d2+    1 3d0     1 3d2+ 
                                   1 3d0     1 3d2+    1 5g0     1 5g4+    1 5g2+    1 5g0     1 5g4+    1 5g2+    1 5g0     1 5g4+ 
                                   1 5g2+    1 5g0     1 5g4+    1 5g2+    1 5g0     1 5g4+    1 5g2+    1 5g0     1 5g4+    1 5g2+ 
                                   1 5g0     1 5g4+    1 5g2+ 

   1.1   2    -3.5034  -19.9164 -0.000000  0.000000 -0.000000  0.000000 -0.000000  0.000000 -0.000000  0.000000 -0.000000  0.000000
                                -0.000001  0.000002 -0.000004  0.000016 -0.000100 -0.000409  0.000405 -0.000939  0.003087  0.000350
                                -0.016123  0.171205 -0.259765  0.071764  0.451889 -0.873001 -0.405833  1.161711  0.421282  0.060753
                                -0.049872  0.075423 -0.114537  0.086131 -0.034049  0.013145 -0.003397  0.000605  0.000000 -0.000000
                                -0.000000  0.000000  0.000000 -0.000000 -0.000000  0.000000  0.000000 -0.000000 -0.000001  0.000000
                                 0.000003 -0.000000 -0.000010  0.000000  0.000050 -0.000002 -0.000129  0.000004  0.000128 -0.000004
                                -0.000081  0.000003 -0.000095  0.000003  0.000690 -0.000024  0.000758 -0.000026  0.000037 -0.000001
                                -0.000023  0.000000  0.000012  0.000000 -0.000001 -0.000000 -0.000001  0.000000  0.000000 -0.000000
                                -0.000000  0.000000 -0.000000 -0.000000  0.000000  0.000002  0.000000 -0.000000 -0.000010 -0.000001
                                 0.000001 -0.000066 -0.000008  0.000009  0.000058  0.000007 -0.000008 -0.000019 -0.000002  0.000002
                                 0.000007  0.000001 -0.000001

   2.1   0    -0.9658  -13.2546  0.000000 -0.000000  0.000000 -0.000000  0.000000 -0.000000  0.000000 -0.000000  0.000000 -0.000000
                                 0.000000 -0.000000  0.000000 -0.000001  0.000004  0.000011 -0.000008  0.000010 -0.000012 -0.000011
                                -0.000007  0.000472 -0.000813  0.000061  0.002771 -0.005480 -0.001509  0.006827  0.008436 -0.005674
                                -0.007621 -0.001763  0.003311 -0.002159  0.000794 -0.000280  0.000067 -0.000011  0.000000  0.000000
                                -0.000001 -0.000000  0.000005  0.000000 -0.000020 -0.000000  0.000070  0.000001 -0.000222 -0.000004
                                 0.000663  0.000012 -0.002084 -0.000037  0.010223  0.000182 -0.025077 -0.000447  0.023890  0.000426
                                -0.025057 -0.000448  0.135435  0.002421 -0.464087 -0.008291 -0.604215 -0.010819 -0.134325 -0.002415
                                -0.021993 -0.000246  0.058079  0.000902 -0.041077 -0.000656  0.011211  0.000189 -0.004541 -0.000077
                                 0.001275  0.000022 -0.000007 -0.000000  0.000000  0.000017  0.000001 -0.000000 -0.000347  0.000000
                                 0.000003 -0.002857 -0.000023  0.000026  0.001346  0.000023 -0.000018 -0.000845  0.000023  0.000002
                                 0.000320  0.000014 -0.000006

   3.1   0    -0.9616  -13.2538  0.000000 -0.000000  0.000000 -0.000000  0.000000 -0.000000  0.000000 -0.000000  0.000000 -0.000000
                                 0.000000 -0.000000  0.000000 -0.000000  0.000000  0.000001 -0.000000  0.000001 -0.000001 -0.000001
                                -0.000000  0.000025 -0.000043  0.000003  0.000147 -0.000291 -0.000080  0.000363  0.000449 -0.000307
                                -0.000396 -0.000108  0.000188 -0.000122  0.000045 -0.000016  0.000004 -0.000001  0.000000 -0.000000
                                -0.000000  0.000001  0.000000 -0.000005 -0.000000  0.000020  0.000001 -0.000071 -0.000004  0.000225
                                 0.000012 -0.000670 -0.000038  0.002105  0.000185 -0.010327 -0.000454  0.025326  0.000432 -0.024117
                                -0.000450  0.025191  0.002424 -0.135686 -0.008315  0.465143 -0.010776  0.604218 -0.002324  0.130889
                                -0.000706  0.031182  0.001353 -0.068052 -0.000916  0.046821  0.000229 -0.012148 -0.000092  0.004899
                                 0.000026 -0.001372 -0.000000 -0.000000  0.000005  0.000001  0.000036 -0.000020 -0.000007  0.000093
                                 0.000220 -0.000096 -0.000526  0.002149  0.000068  0.001336 -0.001203  0.000019  0.001721  0.000224
                                 0.000030  0.000827 -0.000405

                                   1 2px     1 2px     1 2px     1 2px     1 2px     1 2px     1 2px     1 2px     1 2px     1 2px  
                                   1 2px     1 2px     1 2px     1 2px     1 2px     1 2px     1 2px     1 2px     1 2px     1 2px  
                                   1 2px     1 2px     1 2px     1 2px     1 2px     1 2px     1 2px     1 2px     1 2px     1 2px  
                                   1 2px     1 4f1+    1 4f3+    1 4f1+    1 4f3+    1 4f1+    1 4f3+    1 4f1+    1 4f3+    1 4f1+ 
                                   1 4f3+    1 4f1+    1 4f3+    1 4f1+    1 4f3+    1 4f1+    1 4f3+    1 4f1+    1 4f3+    1 4f1+ 
                                   1 4f3+    1 4f1+    1 4f3+    1 4f1+    1 4f3+    1 4f1+    1 4f3+    1 4f1+    1 4f3+    1 4f1+ 
                                   1 4f3+    1 6h1+    1 6h3+    1 6h5+    1 6h1+    1 6h3+    1 6h5+    1 6h1+    1 6h3+    1 6h5+ 


   1.2   2    -2.5186  -17.4852  0.000000 -0.000000  0.000000 -0.000000  0.000000 -0.000000  0.000001 -0.000003  0.000012 -0.000036
                                 0.000106 -0.000296  0.000818 -0.002488  0.009183 -0.076132  0.185048 -0.351877  0.620825 -0.609802
                                -0.066881  0.756078 -0.004106  0.433612 -0.037406  0.024824  0.000128  0.037564 -0.001090  0.000497
                                -0.000114  0.000000 -0.000000 -0.000000  0.000000  0.000000 -0.000000 -0.000002  0.000000  0.000016
                                -0.000001 -0.000028  0.000001  0.000078 -0.000003  0.000097 -0.000003  0.000286 -0.000010  0.000518
                                -0.000021  0.000616 -0.000030 -0.000008  0.000001  0.000000 -0.000001 -0.000008 -0.000001  0.000003
                                -0.000000 -0.000001 -0.000000  0.000012  0.000001 -0.000001  0.000025 -0.000028  0.000005 -0.000047

   2.2   2    -0.9414  -15.1156  0.000000 -0.000000  0.000000 -0.000000  0.000000 -0.000000  0.000000 -0.000000  0.000000 -0.000000
                                 0.000000 -0.000000  0.000001 -0.000002  0.000007 -0.000059  0.000144 -0.000294  0.000587 -0.000621
                                -0.000119  0.001055 -0.000150  0.000898  0.007495 -0.001502 -0.000625 -0.007369  0.000141 -0.000057
                                 0.000012 -0.000003  0.000012  0.000022 -0.000085 -0.000108  0.000414  0.000525 -0.002009 -0.005434
                                 0.020822  0.008639 -0.033081 -0.030657  0.117703 -0.049893  0.191753 -0.084869  0.325796 -0.105786
                                 0.405497 -0.061826  0.233725 -0.013911  0.049693  0.004091 -0.014006 -0.001792  0.006379  0.000550
                                -0.001880 -0.000022  0.000044 -0.000001 -0.000005 -0.000004  0.000004 -0.000186  0.000450 -0.000038

   3.2   2    -0.9411  -15.0894 -0.000000  0.000000 -0.000000  0.000000 -0.000000  0.000000 -0.000000  0.000000 -0.000000  0.000000
                                -0.000000  0.000001 -0.000002  0.000006 -0.000022  0.000187 -0.000458  0.000938 -0.001880  0.001987
                                 0.000396 -0.003394  0.000504 -0.002915 -0.024241  0.004768  0.002085  0.023847 -0.000459  0.000186
                                -0.000040  0.000012  0.000003 -0.000085 -0.000022  0.000413  0.000108 -0.002007 -0.000525  0.020782
                                 0.005442 -0.033040 -0.008646  0.117206  0.030754  0.190727  0.050097  0.324478  0.085129  0.404558
                                 0.105983  0.236869  0.061198  0.053674  0.013106 -0.015833 -0.003717  0.006910  0.001674 -0.002131
                                -0.000499  0.000082  0.000010 -0.000007  0.000024 -0.000002 -0.000016  0.000682  0.000102  0.000026

   4.2   +    -0.2735   -4.5166  0.000000 -0.000000  0.000000 -0.000000  0.000000 -0.000000  0.000000 -0.000000  0.000000 -0.000000
                                 0.000000 -0.000000  0.000000 -0.000000  0.000000 -0.000002  0.000005 -0.000010  0.000020 -0.000022
                                -0.000001  0.000037 -0.000011  0.000027  0.000009 -0.000030 -0.000052 -0.000015  0.000004 -0.000002
                                 0.000000  0.000000 -0.000001 -0.000000  0.000010  0.000002 -0.000047 -0.000009  0.000234  0.000104
                                -0.002697 -0.000153  0.003980  0.000756 -0.019707  0.001381 -0.036069  0.002162 -0.056407  0.002479
                                -0.064710 -0.000411  0.011079 -0.008479  0.223115 -0.016776  0.439850 -0.016302  0.426479 -0.001081
                                 0.028100  0.000000 -0.000003  0.000000 -0.000001  0.000013 -0.000001  0.000002 -0.000024  0.000002

   5.2   0    -0.3970   -6.9595 -0.000000  0.000000 -0.000000  0.000000 -0.000000  0.000000 -0.000000  0.000000 -0.000002  0.000005
                                -0.000014  0.000039 -0.000110  0.000341 -0.001312  0.011445 -0.028465  0.063917 -0.153293  0.185763
                                 0.032034 -0.407097  0.186590 -0.398840 -1.706175  0.387675  0.775126  1.807868 -0.059384  0.026871
                                -0.006124 -0.000000  0.000000  0.000000 -0.000000 -0.000002  0.000000  0.000012 -0.000000 -0.000128
                                 0.000003  0.000195 -0.000005 -0.000856  0.000025 -0.001511  0.000045 -0.002458  0.000072 -0.003093
                                 0.000096 -0.001000  0.000030  0.008466 -0.000239  0.000944  0.000353 -0.001132  0.000206 -0.000099
                                -0.000000 -0.000001 -0.000000  0.000012 -0.000010  0.000009 -0.000273  0.000007 -0.000016  0.000524

   6.2   0    -0.1755   -3.6537 -0.000000  0.000000 -0.000000  0.000000 -0.000000  0.000000 -0.000000  0.000000 -0.000000  0.000001
                                -0.000004  0.000011 -0.000029  0.000082 -0.000254  0.001573 -0.003170 -0.004701  0.051011 -0.084046
                                -0.032295  0.289027 -0.204499  0.328872  0.363009 -0.373073 -0.714189  0.545349  0.527480 -0.103740
                                 0.022705 -0.000000 -0.000000  0.000000  0.000000 -0.000001 -0.000000  0.000003  0.000001 -0.000027
                                -0.000009  0.000041  0.000014 -0.000163 -0.000067 -0.000278 -0.000121 -0.000439 -0.000192 -0.000459
                                -0.000222  0.000191  0.000009 -0.005285  0.000926  0.011876  0.001149  0.043952  0.000371  0.015824
                                -0.000168  0.000002 -0.000000  0.000006 -0.000014  0.000002  0.000006  0.000038 -0.000006  0.000022

                                   1 2py     1 2py     1 2py     1 2py     1 2py     1 2py     1 2py     1 2py     1 2py     1 2py  
                                   1 2py     1 2py     1 2py     1 2py     1 2py     1 2py     1 2py     1 2py     1 2py     1 2py  
                                   1 2py     1 2py     1 2py     1 2py     1 2py     1 2py     1 2py     1 2py     1 2py     1 2py  
                                   1 2py     1 4f1-    1 4f3-    1 4f1-    1 4f3-    1 4f1-    1 4f3-    1 4f1-    1 4f3-    1 4f1- 
                                   1 4f3-    1 4f1-    1 4f3-    1 4f1-    1 4f3-    1 4f1-    1 4f3-    1 4f1-    1 4f3-    1 4f1- 
                                   1 4f3-    1 4f1-    1 4f3-    1 4f1-    1 4f3-    1 4f1-    1 4f3-    1 4f1-    1 4f3-    1 4f1- 
                                   1 4f3-    1 6h1-    1 6h3-    1 6h5-    1 6h1-    1 6h3-    1 6h5-    1 6h1-    1 6h3-    1 6h5- 


   1.3   2    -2.5188  -17.4852  0.000000 -0.000000  0.000000 -0.000000  0.000000 -0.000000  0.000001 -0.000003  0.000012 -0.000036
                                 0.000106 -0.000296  0.000818 -0.002487  0.009182 -0.076128  0.185037 -0.351860  0.620803 -0.609784
                                -0.066885  0.756090 -0.004192  0.433670 -0.037268  0.024853  0.000120  0.037428 -0.001087  0.000495
                                -0.000113  0.000000 -0.000000 -0.000000  0.000000  0.000000 -0.000000 -0.000002  0.000000  0.000016
                                -0.000001 -0.000027  0.000001  0.000077 -0.000003  0.000097 -0.000005  0.000282 -0.000012  0.000507
                                -0.000019  0.000593 -0.000017 -0.000006 -0.000001  0.000001 -0.000000 -0.000008  0.000000  0.000003
                                -0.000000 -0.000001  0.000000 -0.000012  0.000000  0.000001 -0.000025 -0.000024  0.000001  0.000039

   2.3   2    -0.9412  -15.0878  0.000000 -0.000000  0.000000 -0.000000  0.000000 -0.000000  0.000000 -0.000000  0.000000 -0.000000
                                 0.000000 -0.000001  0.000002 -0.000006  0.000022 -0.000188  0.000462 -0.000947  0.001899 -0.002007
                                -0.000406  0.003435 -0.000517  0.002960  0.024477 -0.004800 -0.002134 -0.024084  0.000464 -0.000188
                                 0.000040 -0.000013 -0.000000  0.000088  0.000001 -0.000427 -0.000004  0.002074  0.000022 -0.021480
                                -0.000225  0.034149  0.000358 -0.121138 -0.001269 -0.197125 -0.002066 -0.335364 -0.003514 -0.418124
                                -0.004381 -0.244825 -0.002564 -0.055484 -0.000580  0.016378  0.000170 -0.007145 -0.000075  0.002203
                                 0.000023 -0.000083  0.000001 -0.000007 -0.000025  0.000001 -0.000014 -0.000688  0.000005  0.000026

   3.3   2    -0.9378  -15.0954  0.000000 -0.000000  0.000000 -0.000000  0.000000 -0.000000  0.000000 -0.000000  0.000000 -0.000000
                                 0.000000 -0.000000  0.000000 -0.000000  0.000001 -0.000007  0.000018 -0.000038  0.000077 -0.000081
                                -0.000020  0.000141 -0.000023  0.000127  0.000927 -0.000180 -0.000104 -0.000916  0.000018 -0.000007
                                 0.000002 -0.000000  0.000013  0.000001 -0.000088 -0.000004  0.000427  0.000022 -0.002073 -0.000225
                                 0.021477  0.000358 -0.034132 -0.001270  0.121269 -0.002068  0.197452 -0.003516  0.335694 -0.004388
                                 0.418804 -0.002556  0.243847 -0.000558  0.053217  0.000166 -0.015679 -0.000071  0.006756  0.000022
                                -0.002081 -0.000001  0.000053 -0.000003 -0.000000  0.000012 -0.000000 -0.000011  0.000431 -0.000030

   4.3   0    -0.3972   -6.9607 -0.000000  0.000000 -0.000000  0.000000 -0.000000  0.000000 -0.000000  0.000000 -0.000002  0.000005
                                -0.000014  0.000039 -0.000109  0.000340 -0.001308  0.011415 -0.028394  0.063806 -0.153182  0.185713
                                 0.032106 -0.407409  0.187066 -0.399273 -1.717888  0.387793  0.775805  1.818906 -0.059589  0.026952
                                -0.006141 -0.000000  0.000000  0.000000 -0.000000 -0.000002  0.000000  0.000012 -0.000001 -0.000128
                                 0.000006  0.000194 -0.000009 -0.000853  0.000041 -0.001505  0.000072 -0.002449  0.000117 -0.003072
                                 0.000143 -0.000985  0.000038  0.008471 -0.000433  0.001564 -0.000446 -0.000843 -0.000136 -0.000105
                                 0.000010 -0.000001  0.000000 -0.000013 -0.000005 -0.000007  0.000272 -0.000001  0.000015 -0.000524

   5.3   0    -0.1757   -3.6543 -0.000000  0.000000 -0.000000  0.000000 -0.000000  0.000000 -0.000000  0.000000 -0.000000  0.000001
                                -0.000004  0.000011 -0.000030  0.000083 -0.000256  0.001591 -0.003214 -0.004626  0.050905 -0.083958
                                -0.032320  0.289043 -0.204686  0.328951  0.377862 -0.372816 -0.715035  0.532238  0.526344 -0.103825
                                 0.022706 -0.000000  0.000000  0.000000 -0.000000 -0.000001  0.000000  0.000003 -0.000000 -0.000037
                                 0.000005  0.000056 -0.000008 -0.000232  0.000033 -0.000402  0.000057 -0.000636  0.000092 -0.000688
                                 0.000104  0.000186 -0.000003 -0.004541 -0.000042  0.013309 -0.001054  0.045184 -0.002345  0.015872
                                -0.000717  0.000002  0.000000 -0.000006 -0.000013  0.000002 -0.000009  0.000035 -0.000003 -0.000013

                                   1 3d2-    1 3d2-    1 3d2-    1 3d2-    1 3d2-    1 3d2-    1 3d2-    1 3d2-    1 3d2-    1 3d2- 
                                   1 3d2-    1 3d2-    1 3d2-    1 3d2-    1 3d2-    1 3d2-    1 3d2-    1 3d2-    1 3d2-    1 3d2- 
                                   1 3d2-    1 3d2-    1 5g2-    1 5g4-    1 5g2-    1 5g4-    1 5g2-    1 5g4-    1 5g2-    1 5g4- 
                                   1 5g2-    1 5g4-    1 5g2-    1 5g4-    1 5g2-    1 5g4- 

   1.4   0    -0.9616  -13.2541 -0.000000  0.000001 -0.000005  0.000020 -0.000071  0.000225 -0.000670  0.002105 -0.010328  0.025327
                                -0.024119  0.025194 -0.135709  0.465206  0.604359  0.130958  0.030824 -0.067724  0.046631 -0.012122
                                 0.004889 -0.001370  0.000005 -0.000000 -0.000018 -0.000034  0.000225 -0.000117  0.002112  0.000299
                                -0.001124 -0.001213  0.000324 -0.001750 -0.000356 -0.000786

   2.4   0    -0.2410   -4.9382  0.000000 -0.000000  0.000001 -0.000002  0.000009 -0.000027  0.000080 -0.000248  0.001174 -0.002813
                                 0.002694 -0.004390  0.035785 -0.137686 -0.201267  0.098047  0.731655 -0.327919  0.558470  0.049291
                                 0.002622 -0.000902  0.000000 -0.000006  0.000006  0.000038  0.000016 -0.000183 -0.000273 -0.001188
                                 0.000140 -0.009073  0.003022 -0.037645 -0.000274 -0.066778

                                   1 2pz     1 2pz     1 2pz     1 2pz     1 2pz     1 2pz     1 2pz     1 2pz     1 2pz     1 2pz  
                                   1 2pz     1 2pz     1 2pz     1 2pz     1 2pz     1 2pz     1 2pz     1 2pz     1 2pz     1 2pz  
                                   1 2pz     1 2pz     1 2pz     1 2pz     1 2pz     1 2pz     1 2pz     1 2pz     1 2pz     1 2pz  
                                   1 2pz     1 4f0     1 4f2+    1 4f0     1 4f2+    1 4f0     1 4f2+    1 4f0     1 4f2+    1 4f0  
                                   1 4f2+    1 4f0     1 4f2+    1 4f0     1 4f2+    1 4f0     1 4f2+    1 4f0     1 4f2+    1 4f0  
                                   1 4f2+    1 4f0     1 4f2+    1 4f0     1 4f2+    1 4f0     1 4f2+    1 4f0     1 4f2+    1 4f0  
                                   1 4f2+    1 6h2+    1 6h4+    1 6h0     1 6h2+    1 6h4+    1 6h0     1 6h2+    1 6h4+    1 6h0  


   1.5   2    -2.5226  -17.4866  0.000000 -0.000000  0.000000 -0.000000  0.000000 -0.000000  0.000001 -0.000003  0.000012 -0.000036
                                 0.000106 -0.000296  0.000817 -0.002484  0.009169 -0.076020  0.184783 -0.351456  0.620285 -0.609352
                                -0.066987  0.756408 -0.006277  0.435057 -0.033891  0.025565 -0.000102  0.034075 -0.001012  0.000463
                                -0.000106  0.000000 -0.000000 -0.000000  0.000000  0.000000 -0.000000 -0.000002  0.000000  0.000021
                                -0.000001 -0.000036  0.000001  0.000100 -0.000003  0.000130 -0.000004  0.000359 -0.000010  0.000612
                                -0.000015  0.000628 -0.000011  0.000010 -0.000001  0.000006 -0.000001 -0.000007  0.000000  0.000002
                                -0.000000  0.000000 -0.000000 -0.000002  0.000000 -0.000001 -0.000002  0.000003 -0.000001 -0.000030

   2.5   2    -0.9414  -15.0871 -0.000000  0.000000 -0.000000  0.000000 -0.000000  0.000000 -0.000000  0.000000 -0.000000  0.000000
                                -0.000000  0.000001 -0.000002  0.000006 -0.000023  0.000196 -0.000482  0.001006 -0.002062  0.002187
                                 0.000525 -0.003894  0.000744 -0.003501 -0.027732  0.005103  0.002765  0.027349 -0.000538  0.000219
                                -0.000047  0.000013  0.000001 -0.000088 -0.000004  0.000427  0.000018 -0.002072 -0.000089  0.021460
                                 0.000926 -0.034119 -0.001472  0.121018  0.005220  0.196919  0.008494  0.335033  0.014452  0.417709
                                 0.018017  0.244722  0.010552  0.055591  0.002396 -0.016454 -0.000707  0.007165  0.000309 -0.002211
                                -0.000095  0.000001  0.000001  0.000087  0.000000  0.000000  0.000028  0.000012  0.000003  0.000722

   3.5   2    -0.9401  -15.0906  0.000000 -0.000000  0.000000 -0.000000  0.000000 -0.000000  0.000000 -0.000000  0.000000 -0.000000
                                 0.000000 -0.000000  0.000000 -0.000000  0.000001 -0.000012  0.000030 -0.000062  0.000128 -0.000135
                                -0.000036  0.000243 -0.000048  0.000224  0.001666 -0.000303 -0.000189 -0.001647  0.000033 -0.000013
                                 0.000003 -0.000001  0.000013  0.000004 -0.000088 -0.000018  0.000427  0.000089 -0.002072 -0.000926
                                 0.021461  0.001471 -0.034115 -0.005222  0.121084 -0.008499  0.197075 -0.014456  0.335204 -0.018027
                                 0.417980 -0.010536  0.244224 -0.002361  0.054715  0.000695 -0.016050 -0.000303  0.007016  0.000093
                                -0.002159  0.000072  0.000004 -0.000005  0.000015  0.000013 -0.000001  0.000617 -0.000047 -0.000042

   4.5   0    -0.4023   -6.9893 -0.000000  0.000000 -0.000000  0.000000 -0.000000  0.000000 -0.000000  0.000000 -0.000001  0.000004
                                -0.000013  0.000036 -0.000101  0.000315 -0.001216  0.010679 -0.026639  0.061044 -0.150424  0.184430
                                 0.033867 -0.415052  0.198768 -0.409821 -2.017063  0.390518  0.792796  2.101302 -0.064768  0.028997
                                -0.006580 -0.000000  0.000000  0.000001 -0.000000 -0.000003  0.000000  0.000017 -0.000001 -0.000184
                                 0.000006  0.000281 -0.000009 -0.001206  0.000038 -0.002111  0.000066 -0.003450  0.000107 -0.004246
                                 0.000129 -0.001303  0.000034  0.012210 -0.000402  0.008123 -0.000531  0.001471 -0.000176 -0.000197
                                 0.000010  0.000000 -0.000000 -0.000002 -0.000004  0.000008  0.000014  0.000010 -0.000017 -0.000041

   5.5   0    -0.1816   -3.6662 -0.000000  0.000000 -0.000000  0.000000 -0.000000  0.000000 -0.000000  0.000000 -0.000001  0.000002
                                -0.000005  0.000013 -0.000034  0.000096 -0.000305  0.001994 -0.004184 -0.002929  0.048411 -0.081762
                                -0.032791  0.288649 -0.208354  0.329809  0.744687 -0.365267 -0.735988  0.207310  0.499627 -0.105282
                                 0.022656 -0.000000  0.000000  0.000000 -0.000000 -0.000002  0.000000  0.000011 -0.000001 -0.000122
                                 0.000007  0.000185 -0.000011 -0.000816  0.000046 -0.001441  0.000082 -0.002291  0.000131 -0.002596
                                 0.000149  0.000190 -0.000001 -0.001118 -0.000203  0.029439 -0.001346  0.069297 -0.002445  0.019453
                                -0.000611 -0.000000 -0.000000  0.000002  0.000002 -0.000001 -0.000022 -0.000005  0.000001  0.000053

                                   1 3d1+    1 3d1+    1 3d1+    1 3d1+    1 3d1+    1 3d1+    1 3d1+    1 3d1+    1 3d1+    1 3d1+ 
                                   1 3d1+    1 3d1+    1 3d1+    1 3d1+    1 3d1+    1 3d1+    1 3d1+    1 3d1+    1 3d1+    1 3d1+ 
                                   1 3d1+    1 3d1+    1 5g1+    1 5g3+    1 5g1+    1 5g3+    1 5g1+    1 5g3+    1 5g1+    1 5g3+ 
                                   1 5g1+    1 5g3+    1 5g1+    1 5g3+    1 5g1+    1 5g3+ 

   1.6   0    -0.9647  -13.2561 -0.000000  0.000001 -0.000005  0.000020 -0.000071  0.000223 -0.000665  0.002088 -0.010245  0.025129
                                -0.023939  0.025093 -0.135539  0.464392  0.604654  0.133703  0.021931 -0.058394  0.041266 -0.011265
                                 0.004563 -0.001281  0.000007 -0.000000 -0.000016 -0.000001  0.000327 -0.000012  0.002719 -0.000060
                                -0.001260 -0.000002  0.000799 -0.000069 -0.000302 -0.000014

   2.6   0    -0.2291   -4.9357  0.000000 -0.000000  0.000001 -0.000002  0.000008 -0.000026  0.000076 -0.000236  0.001114 -0.002669
                                 0.002562 -0.004317  0.035695 -0.137323 -0.201959  0.100149  0.743510 -0.339486  0.560634  0.051638
                                 0.003621 -0.001124  0.000002 -0.000000 -0.000000  0.000001  0.000072 -0.000008 -0.000069 -0.000032
                                 0.002359 -0.000337  0.012586 -0.001426  0.016371 -0.002506

                                   1 3d1-    1 3d1-    1 3d1-    1 3d1-    1 3d1-    1 3d1-    1 3d1-    1 3d1-    1 3d1-    1 3d1- 
                                   1 3d1-    1 3d1-    1 3d1-    1 3d1-    1 3d1-    1 3d1-    1 3d1-    1 3d1-    1 3d1-    1 3d1- 
                                   1 3d1-    1 3d1-    1 5g1-    1 5g3-    1 5g1-    1 5g3-    1 5g1-    1 5g3-    1 5g1-    1 5g3- 
                                   1 5g1-    1 5g3-    1 5g1-    1 5g3-    1 5g1-    1 5g3- 

   1.7   0    -0.9649  -13.2560 -0.000000  0.000001 -0.000005  0.000020 -0.000071  0.000223 -0.000665  0.002087 -0.010243  0.025123
                                -0.023934  0.025089 -0.135531  0.464369  0.604622  0.133769  0.021932 -0.058355  0.041242 -0.011259
                                 0.004561 -0.001281  0.000007 -0.000000 -0.000016  0.000000  0.000319 -0.000007  0.002648 -0.000049
                                -0.001233  0.000029  0.000776 -0.000015 -0.000296  0.000006

   2.7   0    -0.2295   -4.9368  0.000000 -0.000000  0.000001 -0.000002  0.000008 -0.000026  0.000076 -0.000235  0.001113 -0.002667
                                 0.002560 -0.004316  0.035701 -0.137345 -0.201994  0.099926  0.743923 -0.339204  0.560386  0.051228
                                 0.003634 -0.001130  0.000002 -0.000000 -0.000000 -0.000000  0.000069 -0.000000 -0.000069  0.000005
                                 0.002274 -0.000044  0.012144 -0.000133  0.015741 -0.000208

                                   1 4f2-    1 4f2-    1 4f2-    1 4f2-    1 4f2-    1 4f2-    1 4f2-    1 4f2-    1 4f2-    1 4f2- 
                                   1 4f2-    1 4f2-    1 4f2-    1 4f2-    1 4f2-    1 6h4-    1 6h2-    1 6h4-    1 6h2-    1 6h4- 
                                   1 6h2- 

   1.8   2    -0.9401  -15.0905  0.000013 -0.000088  0.000427 -0.002074  0.021481 -0.034147  0.121196  0.197257  0.335516  0.418361
                                 0.244450  0.054798 -0.016059  0.007028 -0.002163 -0.000009  0.000072 -0.000016  0.000016  0.000012
                                 0.000612

   2.8   0    -0.1434   -3.7632 -0.000001  0.000007 -0.000037  0.000183 -0.002063  0.003083 -0.014522 -0.026186 -0.041413 -0.047708
                                 0.003715  0.142255  0.297423  0.485939  0.240285 -0.000005  0.000001  0.000092 -0.000080 -0.000192
                                 0.000163

   3.8   0    -0.0813   -2.6274  0.000002 -0.000011  0.000051 -0.000249  0.002556 -0.004067  0.014107  0.022406  0.038766  0.038094
                                 0.003840 -0.218724 -0.110293 -0.804220  1.356125  0.000003 -0.000002 -0.000062  0.000082  0.000128
                                -0.000175

 HOMO      4.2    -0.273511 =      -7.4426eV
 LUMO      2.1    -0.965833 =     -26.2817eV
 LUMO-HOMO        -0.692322 =     -18.8390eV


 **********************************************************************************************************************************
 DATASETS  * FILE   NREC   LENGTH (MB)   RECORD NAMES
              1      19       21.31       500      610      700      900      950      970     1000      129      960     1100   
                                          VAR    BASINP    GEOM    SYMINP    ZMAT    AOBASIS   BASIS     P2S    ABASIS      S 
                                         1400     1410     1420     1200     1210     1080     1600     1650     1700   
                                           T        V       ECP      H0       H01     AOSYM     SMH    MOLCAS    OPER   

              2       6        9.95       200      700     1000      520     4202     2122   
                                        OPTIONS   GEOM     BASIS   MCVARS     RHF      RHF  

 PROGRAMS   *        TOTAL       RHF       RHF       INT
 CPU TIMES  *       163.28      1.90      2.52    158.34
 REAL TIME  *       172.62 SEC
 DISK USED  *         8.15 GB      
 SF USED    *         0.12 MB      
 GA USED    *         0.00 MB       (max)       0.00 MB       (current)
 **********************************************************************************************************************************
 SETTING SCF(10)        =      -180.28809590  AU                              
 SETTING _CC_NORM_MAX   =         2.00000000                                  


 PROGRAM * CCSD (Restricted open-shell coupled cluster)     Authors: C. Hampel, H.-J. Werner, 1991, M. Deegan, P.J. Knowles, 1992


 Convergence thresholds:  THRVAR = 1.00D-08  THRDEN = 1.00D-06

 CCSD(T)     terms to be evaluated (factor= 1.000)


 Number of closed-shell orbitals:  11 (   1   3   3   0   3   0   0   1 )
 Number of active  orbitals:        1 (   0   1   0   0   0   0   0   0 )
 Number of external orbitals:     430 ( 102  66  67  36  67  36  36  20 )

 Memory could be reduced to 205.18 Mwords without degradation in triples

 Number of N-1 electron functions:              23
 Number of N-2 electron functions:             253
 Number of singly external CSFs:              1517
 Number of doubly external CSFs:           4512323
 Total number of CSFs:                     4513840

 Molecular orbitals read from record     2122.2  Type=RHF/CANONICAL (state 1.2)

 Integral transformation finished. Total CPU:   5.14 sec, npass=  1  Memory used:  39.34 MW

 Starting RMP2 calculation

 Wavefunction is spin-projected

 ITER.      SQ.NORM     CORR.ENERGY   TOTAL ENERGY   ENERGY CHANGE        DEN1      VAR(S)    VAR(P)  DIIS     TIME
   1     12.11857296    -4.69806783  -184.98616374    -4.69806783    -1.34138143  0.25D-06  0.29D+01  0  0     5.58
   2     27.62945178    -6.03944926  -186.32754517    -1.34138143    -1.57115852  0.24D-07  0.35D+01  0  0     5.90

 UNREASONABLE NORM: 27.629452 CALCULATION WILL BE STOPPED

 The threshold can be changed using option CC_NORM_MAX (see manual). The current value is CC_NORM_MAX=2.00

 Norm of t1 vector:      0.00243115      S-energy:    -0.00000948      T1 diagnostic:  0.00000862
 Norm of t2 vector:      5.16037265      P-energy:    -6.03943978
                                         Alpha-Beta:  -3.81846294
                                         Alpha-Alpha: -1.11987904
                                         Beta-Beta:   -1.10109781

 Spin contamination <S**2-Sz**2-Sz>     0.00000000
 

 RESULTS
 =======

  Reference energy                   -180.288095904032
  RCCSD singles energy                 -0.000009479943
  RCCSD pair energy                    -6.039439783930
  RCCSD correlation energy             -6.039449263873
 
 !RHF-RCCSD energy                   -186.327545167906

 Program statistics:

 Available memory in ccsd:               999998628
 Min. memory needed in ccsd:              12571849
 Max. memory used in ccsd:                18179448
 Max. memory used in cckext:                     0 ( 0 integral passes)
 Max. memory used in cckint:              39338375 ( 1 integral passes)

 
 ? Error
 ? No convergence. This error exit can be avoided using the NOCHECK option
 ? The problem occurs in ccsd
