
 Primary working directories    : /global/cscratch1/sd/aannabe
 Secondary working directories  : /global/cscratch1/sd/aannabe
 Wavefunction directory         : /global/homes/a/aannabe/wfu/
 Main file repository           : /global/cscratch1/sd/aannabe/

 SHA1      : 19cd028119e0e09f93f0674bd8af7968d9b3eff6
 NAME      : 2015.1.36
 ARCHNAME  : linux/x86_64
 FC        : /opt/cray/pe/craype/2.5.14/bin/ftn
 BLASLIB   : -L/opt/intel/compilers_and_libraries_2018.1.163/linux/mkl/lib/intel64 -Wl,-_start-group -lmkl_intel_ilp64 -lmkl_intel_thread -lmkl_core -Wl,-_end-group -liomp5
 id        : lbl

 Nodes     nprocs
 nid00830    11
 Number of processes for MPI-2 version of Molpro:   nprocs(total)=   12   nprocs(compute)=   11   nprocs(helper)=    1

 Using customized tuning parameters: mindgm=7; mindgv=16; mindgc=1; mindgr=1; noblas=0; minvec=7
 default implementation of scratch files=sf  

 ***,atomic
 memory,1,g
 
 gthresh,twoint=1.e-15
 gthresh,oneint=1.e-15
 
 angstrom
 geometry={
 1
 Tb  0.0 0.0 0.0
 }
 
 basis={
 Including file /global/homes/a/aannabe/docs/Tb_project/ccECP/basis_sets/Tb_aug-cc-pwCVTZ.basis
 }
 
 set,dkroll=1,dkho=99,dkhp=2
 
 Including file /global/u1/a/aannabe/docs/Tb_project/ccECP/atoms/UC/1/states.proc
 Including file /global/homes/a/aannabe/docs/Tb_project/ccECP/basis_sets/Tb_con-cc-pVDZ.basis
 Including file /global/homes/a/aannabe/docs/Tb_project/ccECP/basis_sets/Tb_aug-cc-pwCVTZ.basis
 Including file /global/homes/a/aannabe/docs/Tb_project/ccECP/basis_sets/Tb_con-cc-pVDZ.basis
 Including file /global/homes/a/aannabe/docs/Tb_project/ccECP/basis_sets/Tb_aug-cc-pwCVTZ.basis
 Including file /global/homes/a/aannabe/docs/Tb_project/ccECP/basis_sets/Tb_con-cc-pVDZ.basis
 Including file /global/homes/a/aannabe/docs/Tb_project/ccECP/basis_sets/Tb_aug-cc-pwCVTZ.basis
 Including file /global/homes/a/aannabe/docs/Tb_project/ccECP/basis_sets/Tb_con-cc-pVDZ.basis
 Including file /global/homes/a/aannabe/docs/Tb_project/ccECP/basis_sets/Tb_aug-cc-pwCVTZ.basis
 
 do i=1,1
    if (i.eq.1) then
       GS_5s2_5p6_6s2_4f9
    else if (i.eq.2) then
       EX_5s2_5p6_6s2_4f8_5d1
    else if (i.eq.3) then
       EX_5s2_5p6_6s1_4f8_5d2
    else if (i.eq.4) then
       EX_5s2_5p6_6s2_4f8_6p1
    else if (i.eq.5) then
       IP1_5s2_5p6_6s1_4f9
    else if (i.eq.6) then
       IP1_5s2_5p6_6s1_4f8_5d
    else if (i.eq.7) then
       IP1_5s2_5p6_6s2_4f8
    else if (i.eq.8) then
       IP2_5s2_5p6_4f9
    else if (i.eq.9) then
       IP2_5s2_5p6_4f8_5d1
    else if (i.eq.10) then
       IP2_5s2_5p6_6s1_4f8
    else if (i.eq.11) then
       IP3_5s2_5p6_4f8
    else if (i.eq.12) then
       IP3_5s2_5p6_4f7_5d1
    else if (i.eq.13) then
       IP3_5s2_5p6_6s1_4f7
    else if (i.eq.14) then
       IP4_5s2_5p6_4f7
    else if (i.eq.15) then
       IP7_5s2_5p3_4f7
    end if
    scf(i)=energy
    pop
    _CC_NORM_MAX=2.0
    {uccsd(t),shifts=0.2,shiftp=0.2,thrdis=1.0;diis,1,1,15,1;maxit,100;core,8,3,3,2,3,2,2,0;
    THRESH,ENERGY=5.e-6,COEFF=1e-3
    }
    ccsd(i)=energy
 enddo
 
 table,scf,ccsd
 save, 3.csv, new
 

 Variables initialized (889), CPU time= 0.01 sec
 Commands  initialized (702), CPU time= 0.01 sec, 572 directives.
 Default parameters read. Elapsed time= 0.12 sec

 Checking input...
 Passed
1


                                         ***  PROGRAM SYSTEM MOLPRO  ***
                                       Copyright, TTI GmbH Stuttgart, 2015
                                    Version 2015.1 linked Dec 29 2018 15:55:43


 **********************************************************************************************************************************
 LABEL *   atomic                                                                        
  64 bit mpp version                                                                     DATE: 14-Feb-22          TIME: 09:31:19  
 **********************************************************************************************************************************

 SHA1:             19cd028119e0e09f93f0674bd8af7968d9b3eff6
 **********************************************************************************************************************************

 THRESHOLDS:

 ZERO    =  1.00D-12  ONEINT  =  1.00D-12  TWOINT  =  1.00D-15  PREFAC  =  1.00D-14  LOCALI  =  1.00D-09  EORDER  =  1.00D-04
 ENERGY  =  0.00D+00  ETEST   =  0.00D+00  EDENS   =  0.00D+00  THRDEDEF=  1.00D-06  GRADIENT=  1.00D-02  STEP    =  1.00D-03
 ORBITAL =  1.00D-05  CIVEC   =  1.00D-05  COEFF   =  1.00D-04  PRINTCI =  5.00D-02  PUNCHCI =  9.90D+01  OPTGRAD =  3.00D-04
 OPTENERG=  1.00D-06  OPTSTEP =  3.00D-04  THRGRAD =  1.00D-10  COMPRESS=  1.00D-11  VARMIN  =  1.00D-07  VARMAX  =  1.00D-03
 THRDOUB =  0.00D+00  THRDIV  =  1.00D-05  THRRED  =  1.00D-07  THRPSP  =  1.00D+00  THRDC   =  1.00D-10  THRCS   =  1.00D-10
 THRNRM  =  1.00D-08  THREQ   =  0.00D+00  THRDE   =  1.00D+00  THRREF  =  1.00D-05  SPARFAC =  1.00D+00  THRDLP  =  1.00D-07
 THRDIA  =  1.00D-10  THRDLS  =  1.00D-07  THRGPS  =  0.00D+00  THRKEX  =  0.00D+00  THRDIS  =  2.00D-01  THRVAR  =  1.00D-10
 THRLOC  =  1.00D-06  THRGAP  =  1.00D-06  THRLOCT = -1.00D+00  THRGAPT = -1.00D+00  THRORB  =  1.00D-06  THRMLTP =  0.00D+00
 THRCPQCI=  1.00D-10  KEXTA   =  0.00D+00  THRCOARS=  0.00D+00  SYMTOL  =  1.00D-06  GRADTOL =  1.00D-06  THROVL  =  1.00D-08
 THRORTH =  1.00D-08  GRID    =  1.00D-06  GRIDMAX =  1.00D-03  DTMAX   =  0.00D+00  THROCCDE=  1.00D-01  THROCCDE=  1.00D-01



 THRESHOLDS:

 ZERO    =  1.00D-12  ONEINT  =  1.00D-15  TWOINT  =  1.00D-15  PREFAC  =  1.00D-14  LOCALI  =  1.00D-09  EORDER  =  1.00D-04
 ENERGY  =  0.00D+00  ETEST   =  0.00D+00  EDENS   =  0.00D+00  THRDEDEF=  1.00D-06  GRADIENT=  1.00D-02  STEP    =  1.00D-03
 ORBITAL =  1.00D-05  CIVEC   =  1.00D-05  COEFF   =  1.00D-04  PRINTCI =  5.00D-02  PUNCHCI =  9.90D+01  OPTGRAD =  3.00D-04
 OPTENERG=  1.00D-06  OPTSTEP =  3.00D-04  THRGRAD =  1.00D-10  COMPRESS=  1.00D-11  VARMIN  =  1.00D-07  VARMAX  =  1.00D-03
 THRDOUB =  0.00D+00  THRDIV  =  1.00D-05  THRRED  =  1.00D-07  THRPSP  =  1.00D+00  THRDC   =  1.00D-10  THRCS   =  1.00D-10
 THRNRM  =  1.00D-08  THREQ   =  0.00D+00  THRDE   =  1.00D+00  THRREF  =  1.00D-05  SPARFAC =  1.00D+00  THRDLP  =  1.00D-07
 THRDIA  =  1.00D-10  THRDLS  =  1.00D-07  THRGPS  =  0.00D+00  THRKEX  =  0.00D+00  THRDIS  =  2.00D-01  THRVAR  =  1.00D-10
 THRLOC  =  1.00D-06  THRGAP  =  1.00D-06  THRLOCT = -1.00D+00  THRGAPT = -1.00D+00  THRORB  =  1.00D-06  THRMLTP =  0.00D+00
 THRCPQCI=  1.00D-10  KEXTA   =  0.00D+00  THRCOARS=  0.00D+00  SYMTOL  =  1.00D-06  GRADTOL =  1.00D-06  THROVL  =  1.00D-08
 THRORTH =  1.00D-08  GRID    =  1.00D-06  GRIDMAX =  1.00D-03  DTMAX   =  0.00D+00  THROCCDE=  1.00D-01  THROCCDE=  1.00D-01


 ZUNIT=ANG
 

Geometry recognized as XYZ


 Variable memory set to 1000000000 words,  buffer space   230000 words

 SETTING BASIS          =    USERDEF
 SETTING DKROLL         =         1.00000000                                  
 SETTING DKHO           =        99.00000000                                  
 SETTING DKHP           =         2.00000000                                  

 DO I                   =         1.00000000   

 Running procedure=GS_5S2_5P6_6S2_4F9


 Recomputing integrals since basis changed


 Using spherical harmonics



 PROGRAM * SEWARD (Integral evaluation for generally contracted gaussian basis sets)     Author: Roland Lindh, 1990

 Geometry written to block  1 of record 700

 Orientation using atomic masses  
 Molecule type: Atom
 Symmetry elements: X,Y,Z
 Rotational constants:       0.0000000      0.0000000      0.0000000 GHz  (calculated with average atomic masses)

 Point group  D2h 



 ATOMIC COORDINATES

 NR  ATOM    CHARGE       X              Y              Z

   1  TB     65.00    0.000000000    0.000000000    0.000000000

 NUCLEAR CHARGE:                   65
 NUMBER OF PRIMITIVE AOS:         470
 NUMBER OF SYMMETRY AOS:          361
 NUMBER OF CONTRACTIONS:          361   (  82Ag  +  60B3u +  60B2u +  27B1g +  60B1u +  27B2g +  27B3g +  18Au  )
 NUMBER OF CORE ORBITALS:          23   (   8Ag  +   3B3u +   3B2u +   2B1g +   3B1u +   2B2g +   2B3g +   0Au  )
 NUMBER OF VALENCE ORBITALS:       17   (   4Ag  +   3B3u +   3B2u +   1B1g +   3B1u +   1B2g +   1B3g +   1Au  )


 NUCLEAR REPULSION ENERGY    0.00000000

 One-electron integrals computed with SEWARD

 99nd-order Douglas-Kroll-Hess method activated. Exponential DKH parametrization is used.

 Computing Douglas-Kroll / X2C integrals

 AO integral compression algorithm  1   Integral accuracy      1.0D-15

     1802.502 MB (compressed) written to integral file ( 46.5%)

     Node minimum: 77.595 MB, node maximum: 234.881 MB


 NUMBER OF SORTED TWO-ELECTRON INTEGRALS:   24984912.     BUFFER LENGTH:  32768
 NUMBER OF SEGMENTS:   1  SEGMENT LENGTH:   24984912      RECORD LENGTH: 524288

 Memory used in sort:      25.54 MW

 SORT1 READ   484076335. AND WROTE    14890225. INTEGRALS IN     43 RECORDS. CPU TIME:    11.30 SEC, REAL TIME:    11.69 SEC
 SORT2 READ   163021228. AND WROTE   274384081. INTEGRALS IN   6479 RECORDS. CPU TIME:     0.61 SEC, REAL TIME:     1.04 SEC

 Node minimum:    24848232.  Node maximum:    25142105. integrals

 OPERATOR DM      FOR CENTER  0  COORDINATES:    0.000000    0.000000    0.000000

 EXTRA SYMMETRY OF AOS IN SYMMETRY 1:   1 1 1 1 1 1 1 1 1 1   1 1 1 1 1 1 1 1 1 1   1 1 1 1 1 1 1 1 1 1   1 1 1 2 3 2 3 2 3 2
                                        3 2 3 2 3 2 3 2 3 2   3 2 3 2 3 2 3 2 3 2   3 2 3 2 3 2 3 4 5 6   4 5 6 4 5 6 4 5 6 4
                                        5 6
 EXTRA SYMMETRY OF AOS IN SYMMETRY 2:   1 1 1 1 1 1 1 1 1 1   1 1 1 1 1 1 1 1 1 1   1 1 1 1 1 1 2 3 2 3   2 3 2 3 2 3 2 3 2 3
                                        2 3 2 3 2 3 2 3 2 3   2 3 2 3 4 5 6 4 5 6
 EXTRA SYMMETRY OF AOS IN SYMMETRY 3:   1 1 1 1 1 1 1 1 1 1   1 1 1 1 1 1 1 1 1 1   1 1 1 1 1 1 2 3 2 3   2 3 2 3 2 3 2 3 2 3
                                        2 3 2 3 2 3 2 3 2 3   2 3 2 3 4 5 6 4 5 6
 EXTRA SYMMETRY OF AOS IN SYMMETRY 4:   1 1 1 1 1 1 1 1 1 1   1 1 1 1 1 1 1 2 3 2   3 2 3 2 3 2 3
 EXTRA SYMMETRY OF AOS IN SYMMETRY 5:   1 1 1 1 1 1 1 1 1 1   1 1 1 1 1 1 1 1 1 1   1 1 1 1 1 1 2 3 2 3   2 3 2 3 2 3 2 3 2 3
                                        2 3 2 3 2 3 2 3 2 3   2 3 2 3 4 5 6 4 5 6
 EXTRA SYMMETRY OF AOS IN SYMMETRY 6:   1 1 1 1 1 1 1 1 1 1   1 1 1 1 1 1 1 2 3 2   3 2 3 2 3 2 3
 EXTRA SYMMETRY OF AOS IN SYMMETRY 7:   1 1 1 1 1 1 1 1 1 1   1 1 1 1 1 1 1 2 3 2   3 2 3 2 3 2 3
 EXTRA SYMMETRY OF AOS IN SYMMETRY 8:   1 1 1 1 1 1 1 1 1 1   1 1 1 1 2 3 2 3

 Eigenvalues of metric

         1 0.154E-07 0.147E-05 0.266E-04 0.749E-04 0.181E-03 0.390E-03 0.717E-03 0.122E-02
         2 0.148E-04 0.893E-04 0.893E-04 0.408E-03 0.125E-02 0.125E-02 0.141E-02 0.331E-02
         3 0.148E-04 0.893E-04 0.893E-04 0.408E-03 0.125E-02 0.125E-02 0.141E-02 0.331E-02
         4 0.186E-02 0.687E-02 0.180E-01 0.386E-01 0.694E-01 0.115E+00 0.185E+00 0.289E+00
         5 0.148E-04 0.893E-04 0.893E-04 0.408E-03 0.125E-02 0.125E-02 0.141E-02 0.331E-02
         6 0.186E-02 0.687E-02 0.180E-01 0.386E-01 0.694E-01 0.115E+00 0.185E+00 0.289E+00
         7 0.186E-02 0.687E-02 0.180E-01 0.386E-01 0.694E-01 0.115E+00 0.185E+00 0.289E+00
         8 0.893E-04 0.125E-02 0.174E-01 0.609E-01 0.108E+00 0.212E+00 0.329E+00 0.483E+00


 **********************************************************************************************************************************
 DATASETS  * FILE   NREC   LENGTH (MB)   RECORD NAMES
              1      22       21.35       500      610      700      900      950      970     1000      129      960     1700   
                                          VAR    BASINP    GEOM    SYMINP    ZMAT    AOBASIS   BASIS     P2S    ABASIS    OPER   
                                         1101     1401     1411     1412     1650     1100     1400     1410     1200     1210   
                                          SR      EKINR    POTR     PVPR    MOLCAS      S      EKIN      POT      H0       H01  
                                         1080     1600   
                                         AOSYM     SMH  

 PROGRAMS   *        TOTAL       INT
 CPU TIMES  *        91.14     90.62
 REAL TIME  *        93.84 SEC
 DISK USED  *         3.78 GB      
 GA USED    *         0.00 MB       (max)       0.00 MB       (current)
 **********************************************************************************************************************************


 PROGRAM * RHF-SCF (OPEN SHELL)       Authors: W. Meyer, H.-J. Werner


 NUMBER OF ELECTRONS:      35+   30-    SPACE SYMMETRY=3    SPIN SYMMETRY: Sextet  
 CONVERGENCE THRESHOLDS:    1.00E-05 (Density)    1.30E-07 (Energy)
 MAX. NUMBER OF ITERATIONS:      100
 INTERPOLATION TYPE:            DIIS
 INTERPOLATION STEPS:              2 (START)      1 (STEP)
 LEVEL SHIFTS:                 -0.60 (CLOSED) -0.30 (OPEN) 

 Number of closed-shell orbitals:   30 (  10   4   5   2   4   2   2   1 )
 Number of open-shell orbitals:      5 (   0   2   1   0   2   0   0   0 )


 
 Extra symmetries of mos in symmetry 1:   1   1   1   1   3   2   3   2   1   1   3   2
 Orbital guess generated from atomic densities. Full valence occupancy:   10   6   6   2   6   2   2   1


 Molecular orbital dump at record        2100.2

 ITERATION    DDIFF          GRAD             ENERGY        2-EL.EN.            DIPOLE MOMENTS         DIIS   ORB.
    1      0.000D+00      0.000D+00    -11697.00218110   8078.345395    0.00000    0.00000    0.00000    0    start
    2      0.000D+00      0.635D-01    -11698.57406946   9083.093955    0.00000    0.00000    0.00000    1    diag,B
    3      0.348D+00      0.133D+00    -11703.02334985   8876.207401    0.00000    0.00000    0.00000    2    diag,B
    4      0.707D-01      0.606D-01    -11704.29173508   8771.763766    0.00000    0.00000    0.00000    3    diag,B
    5      0.128D+00      0.307D-01    -11704.68462510   8708.652543    0.00000    0.00000    0.00000    4    diag,B
    6      0.174D+00      0.142D-01    -11704.78904904   8670.483070    0.00000    0.00000    0.00000    5    diag,B
    7      0.614D-01      0.476D-02    -11704.80411455   8654.671494    0.00000    0.00000    0.00000    6    diag,B
    8      0.107D-01      0.102D-02    -11704.80611616   8650.848713    0.00000    0.00000    0.00000    7    diag,B
    9      0.797D-02      0.271D-03    -11704.80698793   8649.949806    0.00000    0.00000    0.00000    8    diag,B
   10      0.408D-02      0.174D-03    -11704.80784052   8649.810475    0.00000    0.00000    0.00000    9    orth
   11      0.160D-02      0.129D-03    -11704.80833290   8649.811206    0.00000    0.00000    0.00000    9    diag,B
   12      0.154D-02      0.111D-03    -11704.80880913   8649.822423    0.00000    0.00000    0.00000    9    diag,B
   13      0.360D-03      0.963D-04    -11704.80928745   8649.889010    0.00000    0.00000    0.00000    9    diag,B
   14      0.406D-03      0.850D-04    -11704.80996510   8649.933749    0.00000    0.00000    0.00000    9    diag,B
   15      0.723D-03      0.663D-04    -11704.81028664   8649.938245    0.00000    0.00000    0.00000    9    diag,B
   16      0.315D-03      0.469D-04    -11704.81053568   8649.910462    0.00000    0.00000    0.00000    9    diag,B
   17      0.235D-03      0.410D-04    -11704.81057623   8649.909942    0.00000    0.00000    0.00000    9    diag,B
   18      0.316D-03      0.198D-04    -11704.81059635   8649.890112    0.00000    0.00000    0.00000    9    diag,B
   19      0.189D-03      0.796D-05    -11704.81059723   8649.894546    0.00000    0.00000    0.00000    9    diag,B
   20      0.167D-03      0.589D-05    -11704.81059740   8649.883835    0.00000    0.00000    0.00000    9    orth
   21      0.579D-04      0.194D-05    -11704.81059743   8649.886092    0.00000    0.00000    0.00000    9    diag,B
   22      0.125D-04      0.113D-05    -11704.81059744   8649.885295    0.00000    0.00000    0.00000    9    diag,B
   23      0.803D-05      0.721D-06    -11704.81059744   8649.885889    0.00000    0.00000    0.00000    0    orth

 Final alpha occupancy:  10   6   6   2   6   2   2   1
 Final beta  occupancy:  10   4   5   2   4   2   2   1

 !RHF STATE 1.3 Energy               -11704.8105974435    
 Nuclear energy                         0.00000000
 One-electron energy               -16029.75354211
 Two-electron energy                 4324.94294467
 Virial quotient                       -0.77677054
 !RHF STATE 1.3 Dipole moment           0.00000000     0.00000000     0.00000000
 Dipole moment /Debye                   0.00000000     0.00000000     0.00000000

 ELECTRON ORBITALS
 =================


   Orb  Occ    Energy  Couls-En    Coefficients

                                   1 1s      1 1s      1 1s      1 1s      1 1s      1 1s      1 1s      1 1s      1 1s      1 1s   
                                   1 1s      1 1s      1 1s      1 1s      1 1s      1 1s      1 1s      1 1s      1 1s      1 1s   
                                   1 1s      1 1s      1 1s      1 1s      1 1s      1 1s      1 1s      1 1s      1 1s      1 1s   
                                   1 1s      1 1s      1 1s      1 3d0     1 3d2+    1 3d0     1 3d2+    1 3d0     1 3d2+    1 3d0  
                                   1 3d2+    1 3d0     1 3d2+    1 3d0     1 3d2+    1 3d0     1 3d2+    1 3d0     1 3d2+    1 3d0  
                                   1 3d2+    1 3d0     1 3d2+    1 3d0     1 3d2+    1 3d0     1 3d2+    1 3d0     1 3d2+    1 3d0  
                                   1 3d2+    1 3d0     1 3d2+    1 3d0     1 3d2+    1 3d0     1 3d2+    1 5g0     1 5g4+    1 5g2+ 
                                   1 5g0     1 5g4+    1 5g2+    1 5g0     1 5g4+    1 5g2+    1 5g0     1 5g4+    1 5g2+    1 5g0  
                                   1 5g4+    1 5g2+ 

   1.1   2 -1920.3973-4167.0410  0.000372  0.000370  0.001056  0.001565  0.003155  0.005254  0.009597  0.016539  0.029434  0.051305
                                 0.089392  0.148556  0.224678  0.275561  0.230697  0.098376  0.013281  0.000370 -0.000021 -0.000012
                                -0.000144  0.000249 -0.000321  0.000197 -0.000017  0.000004 -0.000001  0.000000 -0.000000  0.000000
                                -0.000000  0.000000 -0.000000  0.000000  0.000000  0.000000  0.000000  0.000000  0.000000  0.000000
                                 0.000000  0.000000  0.000000  0.000000  0.000000 -0.000000 -0.000000 -0.000000 -0.000000  0.000000
                                 0.000000  0.000000  0.000000  0.000000  0.000000 -0.000000 -0.000000 -0.000000 -0.000000 -0.000000
                                -0.000000  0.000000  0.000000 -0.000000 -0.000000  0.000000  0.000000 -0.000000  0.000000  0.000000
                                 0.000000  0.000000 -0.000000 -0.000000 -0.000000  0.000000  0.000000  0.000000 -0.000000 -0.000000
                                -0.000000  0.000000

   2.1   2  -322.8168 -890.2082 -0.000135 -0.000135 -0.000385 -0.000572 -0.001156 -0.001934 -0.003555 -0.006188 -0.011177 -0.019935
                                -0.036032 -0.063534 -0.106186 -0.152557 -0.153367 -0.006818  0.318559  0.500573  0.283651  0.044867
                                -0.001002  0.000290  0.002262 -0.001925  0.000120 -0.000072  0.000016 -0.000001  0.000002 -0.000001
                                 0.000001 -0.000000  0.000000  0.000000  0.000000  0.000000  0.000000  0.000000  0.000000  0.000000
                                 0.000000  0.000001  0.000002  0.000005  0.000009  0.000009  0.000015  0.000002  0.000004 -0.000000
                                -0.000001 -0.000000 -0.000000 -0.000000 -0.000000  0.000000  0.000000  0.000000  0.000000  0.000000
                                 0.000000 -0.000000 -0.000000  0.000000  0.000000 -0.000000 -0.000000 -0.000000 -0.000000  0.000000
                                -0.000000 -0.000000  0.000000  0.000000  0.000000 -0.000000 -0.000000 -0.000000  0.000000  0.000000
                                 0.000000 -0.000000

   3.1   2   -73.4819 -313.3632  0.000063  0.000063  0.000179  0.000266  0.000539  0.000902  0.001659  0.002891  0.005236  0.009370
                                 0.017041  0.030329  0.051580  0.076177  0.079730 -0.002518 -0.242335 -0.502252 -0.306722  0.460545
                                 0.715284 -0.029031  0.279869 -0.032242  0.020266  0.000759  0.000074 -0.000088 -0.000007 -0.000003
                                 0.000003 -0.000001  0.000000  0.000000  0.000000  0.000000  0.000000  0.000001  0.000003  0.000007
                                 0.000011  0.000022  0.000038  0.000055  0.000096  0.000098  0.000170  0.000191  0.000331  0.000209
                                 0.000363  0.000045  0.000078 -0.000005 -0.000008 -0.000002 -0.000003 -0.000001 -0.000001  0.000000
                                 0.000000 -0.000000 -0.000000  0.000000  0.000000 -0.000000 -0.000000  0.000019  0.000006 -0.000014
                                -0.000018 -0.000005  0.000013  0.000004  0.000001 -0.000003 -0.000001 -0.000000  0.000000  0.000000
                                 0.000000 -0.000000

   4.1   2   -15.4251 -134.0492 -0.000030 -0.000030 -0.000086 -0.000128 -0.000259 -0.000433 -0.000798 -0.001391 -0.002519 -0.004515
                                -0.008215 -0.014674 -0.025003 -0.037286 -0.039155  0.001535  0.131779  0.287555  0.195436 -0.404310
                                -0.876112 -0.020742 -0.092849 -0.017628  0.853775  0.573068  0.056659 -0.004076  0.001629 -0.000419
                                 0.000380 -0.000175  0.000037 -0.000000 -0.000000 -0.000001 -0.000001 -0.000005 -0.000008 -0.000021
                                -0.000037 -0.000074 -0.000128 -0.000193 -0.000335 -0.000354 -0.000614 -0.000462 -0.000800 -0.000188
                                -0.000325  0.001024  0.001775  0.001321  0.002290  0.000250  0.000434 -0.000004 -0.000008 -0.000001
                                -0.000002 -0.000000 -0.000000 -0.000000 -0.000000  0.000000  0.000000  0.000109  0.000034 -0.000077
                                 0.000068  0.000020 -0.000050 -0.000056 -0.000018  0.000038  0.000004  0.000001 -0.000003 -0.000002
                                -0.000001  0.000001

   5.1   2   -47.2211 -269.8281 -0.000000 -0.000000 -0.000000 -0.000000 -0.000001 -0.000001 -0.000002 -0.000003 -0.000006 -0.000011
                                -0.000019 -0.000034 -0.000059 -0.000087 -0.000091  0.000004  0.000288  0.000620  0.000359 -0.000777
                                -0.000956  0.000141 -0.000209  0.000205  0.000048 -0.000019 -0.000004 -0.000001 -0.000002 -0.000001
                                 0.000000 -0.000000  0.000000  0.000045  0.000078  0.000348  0.000603  0.001996  0.003455  0.008925
                                 0.015449  0.030687  0.053121  0.079933  0.138366  0.148152  0.256456  0.182385  0.315716  0.122040
                                 0.211256  0.034662  0.060002  0.002829  0.004897  0.000296  0.000513  0.000010  0.000017  0.000023
                                 0.000041 -0.000005 -0.000009  0.000003  0.000005 -0.000001 -0.000002 -0.000025 -0.000122 -0.000133
                                -0.000093 -0.000168 -0.000118 -0.000009 -0.000024 -0.000021 -0.000003 -0.000005 -0.000003  0.000001
                                 0.000002  0.000001

   6.1   2   -47.2396 -269.8529  0.000000  0.000000  0.000000  0.000000  0.000000  0.000000  0.000000  0.000000  0.000000  0.000000
                                 0.000000  0.000000  0.000000  0.000000  0.000000 -0.000000 -0.000000 -0.000000 -0.000000  0.000001
                                 0.000001 -0.000000  0.000000 -0.000000 -0.000000  0.000000  0.000000  0.000000  0.000000  0.000000
                                -0.000000  0.000000 -0.000000  0.000078 -0.000045  0.000603 -0.000348  0.003455 -0.001996  0.015448
                                -0.008924  0.053118 -0.030685  0.138358 -0.079927  0.256439 -0.148142  0.315771 -0.182417  0.211397
                                -0.122121  0.059890 -0.034598  0.004686 -0.002707  0.000419 -0.000242 -0.000018  0.000011  0.000033
                                -0.000019 -0.000011  0.000006  0.000005 -0.000003 -0.000002  0.000001  0.000098 -0.000116  0.000088
                                -0.000024  0.000029 -0.000022  0.000008 -0.000010  0.000008 -0.000001  0.000002 -0.000001  0.000001
                                -0.000001  0.000001

   7.1   2    -6.1923 -107.6762  0.000000  0.000000  0.000000  0.000001  0.000001  0.000002  0.000004  0.000007  0.000012  0.000022
                                 0.000041  0.000073  0.000124  0.000185  0.000194 -0.000008 -0.000663 -0.001463 -0.000994  0.002292
                                 0.004739 -0.000198  0.000460 -0.000726 -0.004532 -0.002201  0.000221  0.000175 -0.000095 -0.000026
                                 0.000014 -0.000006  0.000001 -0.000021 -0.000037 -0.000166 -0.000286 -0.000953 -0.001644 -0.004300
                                -0.007418 -0.014933 -0.025761 -0.039702 -0.068492 -0.072878 -0.125726 -0.082749 -0.142755 -0.000354
                                -0.000609  0.158356  0.273186  0.232235  0.400637  0.144685  0.249606  0.032420  0.055936  0.001159
                                 0.002001  0.000335  0.000578 -0.000119 -0.000204  0.000044  0.000075 -0.000103 -0.000484 -0.000524
                                -0.000206 -0.000974 -0.001056 -0.000565 -0.001195 -0.000950 -0.000083 -0.000159 -0.000118  0.000024
                                 0.000045  0.000033

   8.1   2    -6.1943 -107.7412 -0.000000 -0.000000 -0.000000 -0.000000 -0.000000 -0.000000 -0.000000 -0.000000 -0.000000 -0.000000
                                -0.000000 -0.000000 -0.000000 -0.000000 -0.000000  0.000000  0.000001  0.000003  0.000002 -0.000005
                                -0.000011  0.000002 -0.000004  0.000004  0.000009  0.000005 -0.000000 -0.000001  0.000000  0.000000
                                -0.000000  0.000000 -0.000000 -0.000037  0.000021 -0.000286  0.000166 -0.001644  0.000953 -0.007418
                                 0.004300 -0.025760  0.014932 -0.068489  0.039700 -0.125717  0.072873 -0.142801  0.082776 -0.000757
                                 0.000438  0.273649 -0.158622  0.401846 -0.232931  0.249013 -0.144343  0.054471 -0.031578  0.001523
                                -0.000884  0.000526 -0.000305 -0.000207  0.000120  0.000076 -0.000044  0.000358 -0.000423  0.000321
                                 0.000684 -0.000808  0.000614  0.000116 -0.000134  0.000104 -0.000003  0.000004 -0.000003  0.000001
                                -0.000002  0.000001

   9.1   2    -2.1357  -55.3801  0.000012  0.000012  0.000033  0.000049  0.000100  0.000167  0.000308  0.000537  0.000973  0.001745
                                 0.003175  0.005675  0.009677  0.014455  0.015203 -0.000637 -0.052280 -0.115538 -0.080738  0.178078
                                 0.437894 -0.038906  0.091404 -0.024426 -0.587874 -0.614279  0.264141  0.787419  0.340327  0.011169
                                -0.005571  0.002005 -0.000378  0.000000  0.000000  0.000001  0.000002  0.000005  0.000009  0.000024
                                 0.000042  0.000083  0.000144  0.000221  0.000384  0.000404  0.000700  0.000482  0.000835 -0.000003
                                -0.000005 -0.001272 -0.002207 -0.001762 -0.003057  0.000759  0.001315  0.003026  0.005249  0.001175
                                 0.002043 -0.000078 -0.000135  0.000037  0.000064 -0.000014 -0.000024 -0.000113 -0.000036  0.000079
                                 0.000087  0.000027 -0.000061  0.000387  0.000125 -0.000266 -0.000008  0.000000  0.000009  0.000002
                                 0.000000 -0.000002

  10.1   2    -0.1850  -17.3490 -0.000003 -0.000003 -0.000008 -0.000012 -0.000025 -0.000042 -0.000077 -0.000135 -0.000244 -0.000438
                                -0.000796 -0.001425 -0.002426 -0.003634 -0.003803  0.000127  0.013246  0.028933  0.020975 -0.047615
                                -0.096506 -0.041608  0.089895 -0.086740  0.182984  0.168316 -0.080727 -0.320143 -0.290078  0.445954
                                 0.563400  0.196854 -0.001942 -0.000000 -0.000000 -0.000000 -0.000000 -0.000001 -0.000003 -0.000006
                                -0.000012 -0.000023 -0.000040 -0.000060 -0.000107 -0.000110 -0.000196 -0.000129 -0.000230  0.000006
                                 0.000011  0.000361  0.000639  0.000488  0.000866 -0.000288 -0.000491 -0.001052 -0.001853 -0.000211
                                -0.000431  0.001859  0.003124  0.001608  0.002758  0.000306  0.000318  0.000030  0.000010 -0.000020
                                -0.000052 -0.000015  0.000038 -0.000088 -0.000022  0.000070  0.000243  0.000088 -0.000155  0.000017
                                 0.000004 -0.000013

  11.1   0     0.0594   -9.4999 -0.000000 -0.000000 -0.000000 -0.000000 -0.000000 -0.000000 -0.000000 -0.000001 -0.000001 -0.000002
                                -0.000003 -0.000006 -0.000010 -0.000017 -0.000014 -0.000004  0.000068  0.000099  0.000157 -0.000473
                                 0.001612 -0.006367  0.013502 -0.010817  0.003110 -0.000759  0.000928 -0.001262  0.000774 -0.007104
                                 0.019844 -0.026164  0.009843  0.000001  0.000002  0.000008  0.000013  0.000046  0.000080  0.000198
                                 0.000341  0.000726  0.001250  0.001830  0.003150  0.003601  0.006200  0.003540  0.006094  0.000178
                                 0.000307 -0.010232 -0.017618 -0.010536 -0.018137 -0.008679 -0.014951  0.025081  0.043190  0.024409
                                 0.042002  0.096575  0.166351 -0.061008 -0.105195  0.509318  0.877653 -0.000038 -0.000057 -0.000033
                                -0.000034 -0.000051 -0.000030  0.000278  0.000393  0.000211  0.000388  0.000569  0.000322  0.000111
                                 0.000216  0.000149

  12.1   0     0.0584   -9.9659  0.000000  0.000000  0.000000  0.000000  0.000000  0.000000  0.000000  0.000000  0.000000  0.000000
                                 0.000000  0.000000  0.000000  0.000000  0.000000 -0.000000 -0.000001 -0.000003  0.000001 -0.000008
                                 0.000096 -0.000270  0.000568 -0.000453  0.000093 -0.000057  0.000051 -0.000042  0.000080 -0.000292
                                 0.000867 -0.001132  0.000429  0.000002 -0.000001  0.000015 -0.000009  0.000091 -0.000053  0.000393
                                -0.000228  0.001429 -0.000829  0.003636 -0.002109  0.007074 -0.004104  0.007112 -0.004125  0.000133
                                -0.000078 -0.019888  0.011536 -0.021744  0.012610 -0.015579  0.009040  0.048474 -0.028119  0.053958
                                -0.031285  0.176077 -0.102165 -0.085417  0.049618  0.854653 -0.496082 -0.000025  0.000029 -0.000022
                                -0.000021  0.000025 -0.000019  0.000229 -0.000273  0.000206  0.000364 -0.000433  0.000326  0.000102
                                -0.000134  0.000104

                                   1 2px     1 2px     1 2px     1 2px     1 2px     1 2px     1 2px     1 2px     1 2px     1 2px  
                                   1 2px     1 2px     1 2px     1 2px     1 2px     1 2px     1 2px     1 2px     1 2px     1 2px  
                                   1 2px     1 2px     1 2px     1 2px     1 2px     1 2px     1 4f1+    1 4f3+    1 4f1+    1 4f3+ 
                                   1 4f1+    1 4f3+    1 4f1+    1 4f3+    1 4f1+    1 4f3+    1 4f1+    1 4f3+    1 4f1+    1 4f3+ 
                                   1 4f1+    1 4f3+    1 4f1+    1 4f3+    1 4f1+    1 4f3+    1 4f1+    1 4f3+    1 4f1+    1 4f3+ 
                                   1 4f1+    1 4f3+    1 4f1+    1 4f3+    1 6h1+    1 6h3+    1 6h5+    1 6h1+    1 6h3+    1 6h5+ 


   1.2   2  -287.0796 -829.7832  0.000013  0.000036  0.000109  0.000314  0.000925  0.002776  0.008420  0.025020  0.069327  0.164667
                                 0.301606  0.359231  0.215458  0.045650  0.002060 -0.000350  0.000776 -0.000660  0.000098 -0.000051
                                 0.000025 -0.000011  0.000005 -0.000002  0.000001 -0.000000  0.000000  0.000001  0.000001  0.000007
                                 0.000001  0.000008  0.000001 -0.000001  0.000001  0.000003  0.000000 -0.000005  0.000000  0.000003
                                 0.000000 -0.000003  0.000000  0.000001  0.000000 -0.000001  0.000000 -0.000000  0.000000 -0.000000
                                 0.000000  0.000000  0.000000 -0.000000 -0.000000 -0.000000 -0.000000  0.000000  0.000000  0.000000

   2.2   2   -62.2062 -292.7116 -0.000006 -0.000018 -0.000054 -0.000156 -0.000460 -0.001386 -0.004235 -0.012740 -0.036128 -0.089147
                                -0.172422 -0.208107 -0.012867  0.388388  0.504903  0.199169 -0.001574  0.020320  0.001147 -0.000031
                                 0.000055 -0.000034  0.000018 -0.000007  0.000004 -0.000001  0.000000  0.000001  0.000002  0.000003
                                 0.000015  0.000048  0.000036  0.000182  0.000054  0.000080  0.000009 -0.000008  0.000054 -0.000057
                                 0.000002  0.000012  0.000039 -0.000050  0.000027 -0.000029  0.000013 -0.000016  0.000003 -0.000004
                                 0.000000 -0.000000  0.000000  0.000000 -0.000016 -0.000040 -0.000024  0.000005  0.000012  0.000007

   3.2   2   -11.6218 -123.3988  0.000003  0.000008  0.000026  0.000074  0.000218  0.000657  0.002010  0.006060  0.017291  0.042988
                                 0.084413  0.101755 -0.012408 -0.281471 -0.401955  0.070372  0.007745  0.593763  0.446764  0.078954
                                 0.000039  0.001336 -0.000474  0.000183 -0.000087  0.000026  0.000002 -0.000000  0.000019  0.000000
                                 0.000079 -0.000028  0.000254 -0.000105  0.000565  0.000169 -0.000024  0.000277  0.000774  0.000598
                                -0.000002  0.000220  0.000739 -0.000190  0.000448 -0.000435  0.000194 -0.000239  0.000048 -0.000065
                                 0.000002 -0.000004  0.000000 -0.000000 -0.000079 -0.000582 -0.000274 -0.000033  0.000085  0.000016

   4.2   2    -1.1464  -47.1647 -0.000001 -0.000003 -0.000009 -0.000025 -0.000075 -0.000226 -0.000693 -0.002089 -0.005972 -0.014857
                                -0.029298 -0.035219  0.005553  0.105806  0.152498 -0.053027  0.000272 -0.310757 -0.255596  0.204259
                                 0.545942  0.392594  0.071409 -0.000883  0.001907 -0.000500  0.000003 -0.000002  0.000027 -0.000019
                                 0.000125 -0.000075  0.000362 -0.000212  0.000713 -0.000619  0.000038 -0.000079  0.001048 -0.000957
                                 0.000057 -0.000102  0.001213  0.000425  0.001213  0.002267  0.000844  0.001548  0.000214  0.000077
                                 0.000005  0.000008  0.000002 -0.000003  0.000090 -0.000412 -0.000117  0.000113 -0.000497 -0.000137

   5.2   +    -0.5988  -81.1957  0.000000  0.000000  0.000000  0.000000  0.000000  0.000000  0.000001  0.000003  0.000008  0.000019
                                 0.000038  0.000045 -0.000012 -0.000167 -0.000235  0.000331 -0.000165  0.001016  0.000281 -0.002166
                                -0.003266 -0.000358  0.001336  0.000222  0.000012 -0.000003  0.000926 -0.000303  0.007899 -0.002587
                                 0.035810 -0.011727  0.105853 -0.034664  0.213760 -0.070003  0.001720 -0.000566  0.296596 -0.097147
                                 0.003057 -0.001003  0.304752 -0.099879  0.234984 -0.077087  0.124724 -0.040955  0.033009 -0.010852
                                 0.001698 -0.000560  0.000050 -0.000016  0.000666  0.001383 -0.000689  0.000034  0.000068 -0.000094

   6.2   +    -0.5408  -80.6242 -0.000000 -0.000000 -0.000000 -0.000000 -0.000000 -0.000001 -0.000003 -0.000011 -0.000030 -0.000075
                                -0.000148 -0.000179  0.000034  0.000551  0.000796 -0.000468  0.000239 -0.001889 -0.000637  0.001730
                                 0.001777 -0.002558 -0.003658 -0.000640 -0.000032  0.000006  0.000302  0.000919  0.002572  0.007843
                                 0.011663  0.035560  0.034468  0.105093  0.069554  0.212077  0.000545  0.001668  0.096459  0.294160
                                 0.000950  0.002899  0.099403  0.303304  0.077612  0.237023  0.042722  0.130601  0.012432  0.038061
                                 0.000848  0.002602  0.000000 -0.000000  0.000279  0.000314  0.002063  0.000073  0.000117  0.000269

   7.2   0     0.0110   -7.4077  0.000000  0.000000  0.000001  0.000002  0.000007  0.000021  0.000063  0.000190  0.000538  0.001356
                                 0.002626  0.003267 -0.000711 -0.009110 -0.015452  0.011704 -0.017670  0.045902  0.015284 -0.011977
                                -0.076630 -0.030633 -0.045254  0.290049 -0.117530  0.970091 -0.000000  0.000002 -0.000002  0.000016
                                -0.000009  0.000070 -0.000024  0.000206 -0.000050  0.000427 -0.000005  0.000028 -0.000070  0.000585
                                -0.000006  0.000048 -0.000043  0.000405 -0.000011  0.000114 -0.000027  0.000079  0.000025  0.000524
                                 0.000082  0.000645  0.000057  0.000445 -0.000050 -0.000007 -0.000025 -0.000019 -0.000001 -0.000010

   8.2   0     0.0417   -8.5634 -0.000000 -0.000000 -0.000001 -0.000003 -0.000010 -0.000030 -0.000095 -0.000280 -0.000823 -0.001977
                                -0.004089 -0.004479 -0.000010  0.016532  0.014928  0.018620 -0.068459  0.020532 -0.070353  0.076650
                                 0.019926  0.206579 -0.244145  0.295340 -1.799046  1.419340  0.000000 -0.000003  0.000003 -0.000022
                                 0.000012 -0.000098  0.000035 -0.000289  0.000072 -0.000595  0.000008 -0.000051  0.000102 -0.000805
                                 0.000010 -0.000094  0.000061 -0.000531  0.000014 -0.000134  0.000041 -0.000089 -0.000042 -0.000822
                                -0.000107 -0.000957 -0.000124 -0.000833  0.000075  0.000011  0.000038  0.000028  0.000001  0.000014

                                   1 2py     1 2py     1 2py     1 2py     1 2py     1 2py     1 2py     1 2py     1 2py     1 2py  
                                   1 2py     1 2py     1 2py     1 2py     1 2py     1 2py     1 2py     1 2py     1 2py     1 2py  
                                   1 2py     1 2py     1 2py     1 2py     1 2py     1 2py     1 4f1-    1 4f3-    1 4f1-    1 4f3- 
                                   1 4f1-    1 4f3-    1 4f1-    1 4f3-    1 4f1-    1 4f3-    1 4f1-    1 4f3-    1 4f1-    1 4f3- 
                                   1 4f1-    1 4f3-    1 4f1-    1 4f3-    1 4f1-    1 4f3-    1 4f1-    1 4f3-    1 4f1-    1 4f3- 
                                   1 4f1-    1 4f3-    1 4f1-    1 4f3-    1 6h1-    1 6h3-    1 6h5-    1 6h1-    1 6h3-    1 6h5- 


   1.3   2  -287.0719 -829.7771  0.000013  0.000036  0.000109  0.000314  0.000925  0.002776  0.008420  0.025021  0.069328  0.164671
                                 0.301615  0.359240  0.215446  0.045628  0.002062 -0.000352  0.000781 -0.000663  0.000099 -0.000051
                                 0.000025 -0.000012  0.000005 -0.000002  0.000001 -0.000000  0.000001  0.000001  0.000005  0.000006
                                 0.000006  0.000008 -0.000000 -0.000001  0.000002  0.000003 -0.000004 -0.000005  0.000002  0.000003
                                -0.000002 -0.000002  0.000001  0.000001 -0.000000 -0.000000  0.000000  0.000000 -0.000000 -0.000000
                                 0.000000  0.000000 -0.000000 -0.000000  0.000000  0.000000  0.000000 -0.000000 -0.000000 -0.000000

   2.3   2   -62.1691 -292.6850 -0.000006 -0.000018 -0.000054 -0.000156 -0.000460 -0.001386 -0.004236 -0.012742 -0.036134 -0.089164
                                -0.172455 -0.208148 -0.012818  0.388620  0.504841  0.198910 -0.001501  0.020314  0.001189 -0.000023
                                 0.000059 -0.000034  0.000018 -0.000008  0.000004 -0.000001  0.000000  0.000001  0.000003  0.000004
                                 0.000040  0.000052  0.000142  0.000184  0.000084  0.000109 -0.000002 -0.000002 -0.000006 -0.000008
                                 0.000009  0.000011 -0.000006 -0.000008  0.000000  0.000000 -0.000000 -0.000000  0.000000  0.000000
                                -0.000000 -0.000000  0.000000  0.000000  0.000012  0.000056  0.000036 -0.000004 -0.000016 -0.000011

   3.3   2   -11.5712 -123.3215  0.000003  0.000008  0.000026  0.000074  0.000218  0.000656  0.002010  0.006058  0.017286  0.042977
                                 0.084394  0.101726 -0.012430 -0.281581 -0.401555  0.070704  0.008304  0.591920  0.446918  0.079915
                                 0.000125  0.001383 -0.000491  0.000188 -0.000090  0.000027  0.000001  0.000002  0.000012  0.000016
                                 0.000034  0.000043  0.000093  0.000120  0.000465  0.000601  0.000179  0.000232  0.000889  0.001148
                                 0.000150  0.000193  0.000350  0.000451  0.000027  0.000035 -0.000004 -0.000005 -0.000000 -0.000000
                                -0.000000 -0.000000  0.000000  0.000000  0.000220  0.000656  0.000506 -0.000045 -0.000049 -0.000065

   4.3   2    -1.1207  -46.9141 -0.000001 -0.000003 -0.000009 -0.000025 -0.000075 -0.000225 -0.000688 -0.002074 -0.005930 -0.014753
                                -0.029095 -0.034969  0.005515  0.105124  0.151220 -0.052525 -0.000662 -0.306482 -0.253695  0.198336
                                 0.539400  0.398823  0.076372 -0.001044  0.002094 -0.000555  0.000002  0.000003  0.000020  0.000025
                                 0.000096  0.000124  0.000288  0.000372  0.000443  0.000572 -0.000031 -0.000041  0.000566  0.000730
                                -0.000035 -0.000045  0.001587  0.002050  0.002672  0.003451  0.001761  0.002277  0.000242  0.000313
                                 0.000014  0.000017 -0.000001 -0.000002  0.000199  0.000320  0.000335  0.000241  0.000375  0.000400

   5.3   2    -0.4280  -79.2472 -0.000000 -0.000000 -0.000000 -0.000000 -0.000000 -0.000001 -0.000002 -0.000007 -0.000019 -0.000047
                                -0.000092 -0.000112  0.000021  0.000332  0.000478 -0.000213  0.000155 -0.000879 -0.000050  0.000098
                                -0.001181 -0.004185 -0.004638 -0.001299 -0.000030 -0.000003  0.000583  0.000752  0.004972  0.006416
                                 0.022547  0.029098  0.066633  0.085994  0.134214  0.173210  0.001031  0.001330  0.185780  0.239758
                                 0.001734  0.002237  0.192910  0.248960  0.155506  0.200687  0.092868  0.119849  0.032940  0.042511
                                 0.003805  0.004911 -0.000112 -0.000147  0.000357  0.000828  0.000715 -0.000045  0.000239  0.000064

   6.3   +    -0.5663  -80.8760  0.000000  0.000000  0.000000  0.000000  0.000000  0.000000  0.000000  0.000000  0.000000  0.000000
                                 0.000000  0.000000 -0.000000 -0.000000 -0.000000  0.000000 -0.000000  0.000001  0.000000 -0.000001
                                -0.000001  0.000001  0.000003  0.000001  0.000000 -0.000000  0.000767 -0.000594  0.006544 -0.005071
                                 0.029670 -0.022990  0.087693 -0.067950  0.177019 -0.137166  0.001412 -0.001094  0.245577 -0.190290
                                 0.002478 -0.001920  0.252838 -0.195915  0.196456 -0.152227  0.106508 -0.082528  0.029758 -0.023058
                                 0.001799 -0.001393  0.000021 -0.000017  0.000882  0.000409 -0.000914  0.000203  0.000094 -0.000210

   7.3   0     0.0115   -7.2260  0.000000  0.000000  0.000001  0.000002  0.000006  0.000019  0.000059  0.000180  0.000509  0.001287
                                 0.002487  0.003106 -0.000695 -0.008586 -0.014786  0.011778 -0.018488  0.044977  0.013576 -0.009537
                                -0.073934 -0.026933 -0.052441  0.285850 -0.146027  0.997899  0.000001  0.000002  0.000010  0.000013
                                 0.000046  0.000060  0.000137  0.000178  0.000285  0.000368  0.000016  0.000021  0.000390  0.000504
                                 0.000027  0.000036  0.000288  0.000372  0.000104  0.000134  0.000061  0.000078  0.000359  0.000464
                                 0.000457  0.000591  0.000314  0.000423 -0.000008  0.000055  0.000017 -0.000005  0.000021  0.000005

   8.3   0     0.0428   -8.6095 -0.000000 -0.000000 -0.000001 -0.000003 -0.000010 -0.000030 -0.000094 -0.000277 -0.000817 -0.001961
                                -0.004060 -0.004436 -0.000030  0.016458  0.014628  0.019133 -0.069723  0.022345 -0.070610  0.075958
                                 0.017246  0.209223 -0.241809  0.311932 -1.823372  1.406611 -0.000002 -0.000002 -0.000015 -0.000019
                                -0.000066 -0.000086 -0.000196 -0.000254 -0.000404 -0.000522 -0.000031 -0.000040 -0.000546 -0.000706
                                -0.000060 -0.000077 -0.000382 -0.000494 -0.000124 -0.000160 -0.000065 -0.000083 -0.000589 -0.000759
                                -0.000698 -0.000915 -0.000642 -0.000830  0.000012 -0.000087 -0.000027  0.000008 -0.000032 -0.000007

                                   1 3d2-    1 3d2-    1 3d2-    1 3d2-    1 3d2-    1 3d2-    1 3d2-    1 3d2-    1 3d2-    1 3d2- 
                                   1 3d2-    1 3d2-    1 3d2-    1 3d2-    1 3d2-    1 3d2-    1 3d2-    1 5g2-    1 5g4-    1 5g2- 
                                   1 5g4-    1 5g2-    1 5g4-    1 5g2-    1 5g4-    1 5g2-    1 5g4- 

   1.4   2   -47.2271 -269.8323  0.000090  0.000696  0.003990  0.017841  0.061344  0.159786  0.296158  0.364612  0.244006  0.069299
                                 0.005635  0.000581  0.000015  0.000046 -0.000011  0.000006 -0.000002  0.000366  0.000380  0.000123
                                 0.000019  0.000047  0.000041  0.000002 -0.000002 -0.000000  0.000001

   2.4   2    -6.1995 -107.6930 -0.000043 -0.000331 -0.001900 -0.008575 -0.029778 -0.079171 -0.145329 -0.165031 -0.000751  0.315842
                                 0.463297  0.288390  0.064409  0.002233  0.000654 -0.000237  0.000087  0.001361  0.001397  0.002629
                                 0.002686  0.001586  0.001056  0.000167  0.000081 -0.000047 -0.000022

   3.4   0     0.0592   -9.5761  0.000002  0.000016  0.000094  0.000404  0.001479  0.003736  0.007338  0.007244  0.000321 -0.020807
                                -0.021660 -0.017417  0.050908  0.050879  0.194290 -0.117535  1.010199  0.000013 -0.000035  0.000011
                                -0.000033  0.000043  0.000407  0.000229  0.000751  0.000116  0.000290

   4.4   0     0.1239  -18.5853 -0.000006 -0.000044 -0.000246 -0.001149 -0.003874 -0.010673 -0.018756 -0.022686  0.005187  0.045547
                                 0.079430  0.012433 -0.077411 -0.280108 -0.184331 -0.968476  0.883010 -0.000036  0.000096 -0.000026
                                 0.000086 -0.000102 -0.001121 -0.000587 -0.002007 -0.000199 -0.000268

                                   1 2pz     1 2pz     1 2pz     1 2pz     1 2pz     1 2pz     1 2pz     1 2pz     1 2pz     1 2pz  
                                   1 2pz     1 2pz     1 2pz     1 2pz     1 2pz     1 2pz     1 2pz     1 2pz     1 2pz     1 2pz  
                                   1 2pz     1 2pz     1 2pz     1 2pz     1 2pz     1 2pz     1 4f0     1 4f2+    1 4f0     1 4f2+ 
                                   1 4f0     1 4f2+    1 4f0     1 4f2+    1 4f0     1 4f2+    1 4f0     1 4f2+    1 4f0     1 4f2+ 
                                   1 4f0     1 4f2+    1 4f0     1 4f2+    1 4f0     1 4f2+    1 4f0     1 4f2+    1 4f0     1 4f2+ 
                                   1 4f0     1 4f2+    1 4f0     1 4f2+    1 6h2+    1 6h4+    1 6h0     1 6h2+    1 6h4+    1 6h0  


   1.5   2  -287.0796 -829.7832  0.000013  0.000036  0.000109  0.000314  0.000925  0.002776  0.008420  0.025020  0.069327  0.164667
                                 0.301606  0.359231  0.215458  0.045650  0.002060 -0.000350  0.000776 -0.000660  0.000098 -0.000051
                                 0.000025 -0.000011  0.000005 -0.000002  0.000001 -0.000000  0.000001  0.000001  0.000005  0.000005
                                 0.000006  0.000006 -0.000002  0.000000  0.000002  0.000002 -0.000004 -0.000003  0.000002  0.000002
                                -0.000002 -0.000002  0.000000  0.000001 -0.000001 -0.000000 -0.000000  0.000000 -0.000000 -0.000000
                                 0.000000  0.000000 -0.000000 -0.000000 -0.000000 -0.000000 -0.000000  0.000000  0.000000  0.000000

   2.5   2   -62.2062 -292.7116 -0.000006 -0.000018 -0.000054 -0.000156 -0.000460 -0.001386 -0.004235 -0.012740 -0.036128 -0.089147
                                -0.172422 -0.208107 -0.012867  0.388388  0.504903  0.199169 -0.001574  0.020320  0.001147 -0.000030
                                 0.000055 -0.000034  0.000018 -0.000007  0.000004 -0.000001  0.000000  0.000000  0.000001  0.000003
                                 0.000028  0.000041  0.000122  0.000140  0.000030  0.000092 -0.000012  0.000003 -0.000078  0.000007
                                 0.000008  0.000009 -0.000063  0.000000 -0.000039  0.000003 -0.000021  0.000001 -0.000005  0.000000
                                -0.000000 -0.000000  0.000000  0.000000 -0.000018 -0.000046 -0.000004  0.000005  0.000013  0.000001

   3.5   2   -11.6218 -123.3987  0.000003  0.000008  0.000026  0.000074  0.000218  0.000657  0.002010  0.006060  0.017291  0.042988
                                 0.084413  0.101755 -0.012408 -0.281471 -0.401955  0.070372  0.007746  0.593762  0.446764  0.078954
                                 0.000039  0.001336 -0.000474  0.000183 -0.000087  0.000026 -0.000002  0.000002 -0.000011  0.000015
                                -0.000071  0.000045 -0.000238  0.000137 -0.000213  0.000551  0.000234  0.000151 -0.000002  0.000978
                                 0.000175  0.000133 -0.000603  0.000468 -0.000618  0.000088 -0.000308  0.000007 -0.000081 -0.000002
                                -0.000005 -0.000001 -0.000000  0.000000 -0.000313 -0.000562  0.000074  0.000059  0.000052 -0.000050

   4.5   2    -1.1464  -47.1645 -0.000001 -0.000003 -0.000009 -0.000025 -0.000075 -0.000226 -0.000693 -0.002089 -0.005972 -0.014857
                                -0.029298 -0.035218  0.005553  0.105806  0.152497 -0.053027  0.000271 -0.310753 -0.255595  0.204256
                                 0.545938  0.392594  0.071416 -0.000881  0.001908 -0.000500 -0.000004  0.000001 -0.000032  0.000010
                                -0.000136  0.000053 -0.000390  0.000156 -0.000926  0.000185 -0.000085 -0.000018 -0.001399  0.000242
                                -0.000115 -0.000018 -0.000408  0.001220  0.001047  0.002348  0.000702  0.001618 -0.000072  0.000217
                                 0.000004  0.000008 -0.000004 -0.000001 -0.000267 -0.000300  0.000177 -0.000321 -0.000358  0.000219

   5.5   +    -0.5988  -81.1957 -0.000000 -0.000000 -0.000000 -0.000000 -0.000000 -0.000000 -0.000001 -0.000003 -0.000008 -0.000019
                                -0.000037 -0.000045  0.000012  0.000167  0.000235 -0.000331  0.000165 -0.001015 -0.000281  0.002165
                                 0.003265  0.000360 -0.001329 -0.000219 -0.000012  0.000003  0.000807 -0.000547  0.006881 -0.004662
                                 0.031195 -0.021137  0.092210 -0.062480  0.186212 -0.126171  0.001500 -0.001013  0.258385 -0.175054
                                 0.002664 -0.001803  0.265538 -0.179831  0.204806 -0.138617  0.108736 -0.073551  0.028788 -0.019458
                                 0.001482 -0.000999  0.000043 -0.000030  0.000490 -0.001346  0.000883  0.000066 -0.000055  0.000084

   6.5   +    -0.5408  -80.6240 -0.000000 -0.000000 -0.000000 -0.000000 -0.000000 -0.000001 -0.000003 -0.000011 -0.000030 -0.000075
                                -0.000148 -0.000179  0.000034  0.000551  0.000796 -0.000468  0.000239 -0.001890 -0.000637  0.001731
                                 0.001779 -0.002557 -0.003658 -0.000640 -0.000032  0.000006  0.000542  0.000801  0.004627  0.006835
                                 0.020978  0.030991  0.061999  0.091590  0.125115  0.184826  0.000985  0.001452  0.173549  0.256349
                                 0.001711  0.002525  0.178977  0.264274  0.139907  0.206470  0.077116  0.113734  0.022485  0.033131
                                 0.001539  0.002264 -0.000001 -0.000000  0.001323  0.000817  0.001418  0.000171  0.000188  0.000163

   7.5   0     0.0110   -7.4080  0.000000  0.000000  0.000001  0.000002  0.000007  0.000021  0.000063  0.000190  0.000538  0.001356
                                 0.002626  0.003268 -0.000711 -0.009111 -0.015453  0.011705 -0.017669  0.045905  0.015287 -0.011980
                                -0.076636 -0.030642 -0.045246  0.290057 -0.117489  0.970051  0.000002  0.000001  0.000013  0.000008
                                 0.000060  0.000036  0.000177  0.000107  0.000367  0.000222  0.000025  0.000013  0.000505  0.000303
                                 0.000041  0.000025  0.000346  0.000215  0.000097  0.000062  0.000081  0.000026  0.000399  0.000341
                                 0.000457  0.000461  0.000294  0.000328  0.000013 -0.000039 -0.000038  0.000006 -0.000013 -0.000016

   8.5   0     0.0417   -8.5631 -0.000000 -0.000000 -0.000001 -0.000003 -0.000010 -0.000030 -0.000095 -0.000280 -0.000823 -0.001977
                                -0.004089 -0.004479 -0.000010  0.016532  0.014928  0.018622 -0.068464  0.020535 -0.070355  0.076653
                                 0.019923  0.206587 -0.244162  0.295376 -1.799069  1.419379 -0.000002 -0.000001 -0.000019 -0.000011
                                -0.000085 -0.000050 -0.000249 -0.000149 -0.000514 -0.000308 -0.000045 -0.000025 -0.000697 -0.000414
                                -0.000082 -0.000050 -0.000455 -0.000278 -0.000115 -0.000071 -0.000096 -0.000022 -0.000627 -0.000535
                                -0.000671 -0.000679 -0.000583 -0.000607 -0.000020  0.000059  0.000057 -0.000008  0.000020  0.000023

                                   1 3d1+    1 3d1+    1 3d1+    1 3d1+    1 3d1+    1 3d1+    1 3d1+    1 3d1+    1 3d1+    1 3d1+ 
                                   1 3d1+    1 3d1+    1 3d1+    1 3d1+    1 3d1+    1 3d1+    1 3d1+    1 5g1+    1 5g3+    1 5g1+ 
                                   1 5g3+    1 5g1+    1 5g3+    1 5g1+    1 5g3+    1 5g1+    1 5g3+ 

   1.6   2   -47.2445 -269.8448  0.000090  0.000696  0.003989  0.017838  0.061335  0.159760  0.296112  0.364613  0.244102  0.069316
                                 0.005576  0.000549  0.000002  0.000043 -0.000012  0.000006 -0.000002 -0.000042 -0.000110 -0.000051
                                -0.000134 -0.000008 -0.000020 -0.000001 -0.000004  0.000000  0.000001

   2.6   2    -6.2197 -107.7471 -0.000043 -0.000331 -0.001901 -0.008577 -0.029784 -0.079187 -0.145359 -0.165113 -0.000880  0.316091
                                 0.463947  0.288019  0.063693  0.002042  0.000632 -0.000236  0.000087 -0.000165 -0.000435 -0.000331
                                -0.000874 -0.000370 -0.000977 -0.000048 -0.000128  0.000014  0.000036

   3.6   0     0.0587   -9.8064  0.000002  0.000017  0.000101  0.000434  0.001581  0.004011  0.007832  0.007820  0.000219 -0.022080
                                -0.023682 -0.017787  0.053782  0.057607  0.199924 -0.105642  0.996676 -0.000018 -0.000048 -0.000016
                                -0.000042  0.000121  0.000322  0.000171  0.000452  0.000052  0.000166

   4.6   0     0.1210  -18.7098 -0.000006 -0.000045 -0.000251 -0.001172 -0.003955 -0.010882 -0.019152 -0.023110  0.005206  0.046698
                                 0.080936  0.012777 -0.081231 -0.284612 -0.190179 -0.949167  0.891294  0.000047  0.000125  0.000039
                                 0.000104 -0.000325 -0.000862 -0.000437 -0.001170 -0.000014 -0.000059

                                   1 3d1-    1 3d1-    1 3d1-    1 3d1-    1 3d1-    1 3d1-    1 3d1-    1 3d1-    1 3d1-    1 3d1- 
                                   1 3d1-    1 3d1-    1 3d1-    1 3d1-    1 3d1-    1 3d1-    1 3d1-    1 5g1-    1 5g3-    1 5g1- 
                                   1 5g3-    1 5g1-    1 5g3-    1 5g1-    1 5g3-    1 5g1-    1 5g3- 

   1.7   2   -47.2270 -269.8323  0.000090  0.000696  0.003990  0.017841  0.061344  0.159786  0.296158  0.364612  0.244006  0.069299
                                 0.005635  0.000581  0.000015  0.000046 -0.000011  0.000006 -0.000002  0.000226  0.000477 -0.000026
                                 0.000122  0.000021  0.000058 -0.000002  0.000001  0.000001  0.000000

   2.7   2    -6.1995 -107.6930 -0.000043 -0.000331 -0.001900 -0.008575 -0.029778 -0.079171 -0.145329 -0.165031 -0.000751  0.315842
                                 0.463296  0.288390  0.064410  0.002233  0.000654 -0.000237  0.000087  0.000826  0.001768  0.001583
                                 0.003410  0.000428  0.001857  0.000017  0.000185 -0.000004 -0.000051

   3.7   0     0.0592   -9.5758  0.000002  0.000016  0.000094  0.000404  0.001479  0.003736  0.007337  0.007243  0.000321 -0.020806
                                -0.021658 -0.017417  0.050906  0.050871  0.194287 -0.117560  1.010221 -0.000038  0.000000 -0.000034
                                -0.000002  0.000365  0.000185  0.000622  0.000480  0.000217  0.000218

   4.7   0     0.1239  -18.5853 -0.000006 -0.000044 -0.000246 -0.001149 -0.003874 -0.010673 -0.018756 -0.022686  0.005187  0.045546
                                 0.079430  0.012433 -0.077408 -0.280108 -0.184324 -0.968493  0.882995  0.000102  0.000001  0.000089
                                 0.000006 -0.001011 -0.000493 -0.001663 -0.001262 -0.000170 -0.000286

                                   1 4f2-    1 4f2-    1 4f2-    1 4f2-    1 4f2-    1 4f2-    1 4f2-    1 4f2-    1 4f2-    1 4f2- 
                                   1 4f2-    1 4f2-    1 4f2-    1 4f2-    1 6h4-    1 6h2-    1 6h4-    1 6h2- 

   1.8   2    -0.4358  -79.3601  0.000953  0.008130  0.036866  0.108956  0.219477  0.001692  0.303794  0.002864  0.315234  0.253584
                                 0.150620  0.052675  0.005875 -0.000170  0.001626  0.000938  0.000425  0.000245

   2.8   0     0.1167   -7.2198 -0.000018 -0.000073 -0.000678 -0.000567 -0.013680  0.020841 -0.034719  0.045019 -0.038558  0.016496
                                -0.031567  0.081311 -0.263708  1.140842 -0.000013 -0.000008  0.000007  0.000004

   3.8   0     0.3291  -11.8725 -0.000061 -0.000742 -0.002430 -0.011043  0.011489 -0.056283  0.058740 -0.121987  0.069146 -0.068905
                                 0.088367 -0.184834  1.393157 -0.692438 -0.000078 -0.000045  0.000073  0.000042

 HOMO     10.1    -0.185030 =      -5.0349eV
 LUMO      7.2     0.010976 =       0.2987eV
 LUMO-HOMO         0.196006 =       5.3336eV


 **********************************************************************************************************************************
 DATASETS  * FILE   NREC   LENGTH (MB)   RECORD NAMES
              1      22       21.35       500      610      700      900      950      970     1000      129      960     1700   
                                          VAR    BASINP    GEOM    SYMINP    ZMAT    AOBASIS   BASIS     P2S    ABASIS    OPER   
                                         1101     1401     1411     1412     1650     1100     1400     1410     1200     1210   
                                          SR      EKINR    POTR     PVPR    MOLCAS      S      EKIN      POT      H0       H01  
                                         1080     1600   
                                         AOSYM     SMH  

              2       5        5.97       200      700     1000      520     2100   
                                        OPTIONS   GEOM     BASIS   MCVARS     RHF  

 PROGRAMS   *        TOTAL       RHF       INT
 CPU TIMES  *        93.67      2.52     90.62
 REAL TIME  *        96.72 SEC
 DISK USED  *         4.12 GB      
 SF USED    *         0.08 MB      
 GA USED    *         0.00 MB       (max)       0.00 MB       (current)
 **********************************************************************************************************************************
 SETTING SCF(1)         =    -11704.81059744  AU                              


 PROGRAM * POP (Mulliken population analysis)

 
 Density matrix read from record         2100.2  Type=RHF/CHARGE (state 1.3)
 
 Population analysis by basis function type

 Unique atom        s        p        d        f        g    Total    Charge
   1  TB     11.99977 23.99996 20.00006  9.00000  0.00018 65.00000  - 0.00000


 **********************************************************************************************************************************
 DATASETS  * FILE   NREC   LENGTH (MB)   RECORD NAMES
              1      22       21.35       500      610      700      900      950      970     1000      129      960     1700   
                                          VAR    BASINP    GEOM    SYMINP    ZMAT    AOBASIS   BASIS     P2S    ABASIS    OPER   
                                         1101     1401     1411     1412     1650     1100     1400     1410     1200     1210   
                                          SR      EKINR    POTR     PVPR    MOLCAS      S      EKIN      POT      H0       H01  
                                         1080     1600   
                                         AOSYM     SMH  

              2       5        5.97       200      700     1000      520     2100   
                                        OPTIONS   GEOM     BASIS   MCVARS     RHF  

 PROGRAMS   *        TOTAL       POP       RHF       INT
 CPU TIMES  *        93.68      0.00      2.52     90.62
 REAL TIME  *        96.76 SEC
 DISK USED  *         4.12 GB      
 SF USED    *         0.08 MB      
 GA USED    *         0.00 MB       (max)       0.00 MB       (current)
 **********************************************************************************************************************************
 SETTING _CC_NORM_MAX   =         2.00000000                                  


 PROGRAM * CCSD (Unrestricted open-shell coupled cluster)     Authors: C. Hampel, H.-J. Werner, 1991, M. Deegan, P.J. Knowles, 1992


 Input parameters for THRESH:

 THRDIS =    1.000000
 ONEINT =    1.00D-15
 TWOINT =    1.00D-15
 ENERGY =    5.00D-06
 COEFF  =    0.001000

 Convergence thresholds:  THRVAR = 1.00D-06  THRDEN = 5.00D-06

 CCSD(T)     terms to be evaluated (factor= 1.000)


 Number of core orbitals:          23 (   8   3   3   2   3   2   2   0 )
 Number of closed-shell orbitals:   7 (   2   1   2   0   1   0   0   1 )
 Number of active  orbitals:        5 (   0   2   1   0   2   0   0   0 )
 Number of external orbitals:     326 (  72  54  54  25  54  25  25  17 )

 Memory could be reduced to 92.04 Mwords without degradation in triples

 Number of N-1 electron functions:              19
 Number of N-2 electron functions:             171
 Number of singly external CSFs:              1045
 Number of doubly external CSFs:           1778149
 Total number of CSFs:                     1779194

 Molecular orbitals read from record     2100.2  Type=RHF/CANONICAL (state 1.3)

 Integral transformation finished. Total CPU:   2.31 sec, npass=  1  Memory used:  20.60 MW

 Starting RMP2 calculation

 ITER.      SQ.NORM     CORR.ENERGY   TOTAL ENERGY   ENERGY CHANGE        DEN1      VAR(S)    VAR(P)  DIIS     TIME
   1      1.17873304    -0.87865947-11705.68925691    -0.87865947    -0.00217298  0.24D-04  0.17D-02  1  1     2.59
   2      1.18334570    -0.88099581-11705.69159326    -0.00233635    -0.00004836  0.73D-06  0.67D-04  2  2     2.86
   3      1.18438149    -0.88126550-11705.69186295    -0.00026969    -0.00000069  0.44D-07  0.94D-06  3  3     3.01
   4      1.18448252    -0.88128390-11705.69188134    -0.00001839    -0.00000002  0.56D-08  0.20D-07  4  4     3.21
   5      1.18449143    -0.88128498-11705.69188242    -0.00000108    -0.00000000  0.85D-09  0.52D-09  5  5     3.42

 Norm of t1 vector:      0.04506882      S-energy:    -0.00405570      T1 diagnostic:  0.00029221
 Norm of t2 vector:      0.42715364      P-energy:    -0.87722928
                                         Alpha-Beta:  -0.52202903
                                         Alpha-Alpha: -0.28851507
                                         Beta-Beta:   -0.06668518

 Spin contamination <S**2-Sz**2-Sz>     0.00477958
  Reference energy                   -11704.8105974435    
  RHF-RMP2 correlation energy          -0.881284976987
 !RHF-RMP2 energy                    -11705.6918824205    

 Starting UCCSD calculation

 ITER.      SQ.NORM     CORR.ENERGY   TOTAL ENERGY   ENERGY CHANGE        DEN1      VAR(S)    VAR(P)  DIIS     TIME
   1      1.15270622    -0.76643530-11705.57703274    -0.76643530    -0.04282970  0.97D-02  0.67D-02  0  0     4.99
   2      1.17850405    -0.80552898-11705.61612643    -0.03909369    -0.00589047  0.90D-03  0.18D-02  1  1     6.67
   3      1.18529184    -0.80016587-11705.61076332     0.00536311    -0.00098985  0.65D-03  0.32D-03  2  2     7.94
   4      1.19584305    -0.80307165-11705.61366910    -0.00290578    -0.00021676  0.15D-03  0.74D-04  3  3     9.26
   5      1.20397376    -0.80495444-11705.61555188    -0.00188278    -0.00004684  0.35D-04  0.12D-04  4  4    10.62
   6      1.20718434    -0.80531388-11705.61591133    -0.00035945    -0.00001505  0.24D-05  0.61D-05  5  5    11.98
   7      1.20893833    -0.80542791-11705.61602535    -0.00011403    -0.00000791  0.12D-05  0.34D-05  6  6    13.42
   8      1.20967395    -0.80548530-11705.61608275    -0.00005739    -0.00000491  0.28D-05  0.15D-05  7  7    14.97
   9      1.20964859    -0.80549667-11705.61609411    -0.00001137    -0.00000272  0.21D-05  0.74D-06  8  8    16.46
  10      1.20934758    -0.80547490-11705.61607235     0.00002177    -0.00000098  0.72D-06  0.37D-06  9  9    17.92
  11      1.20920478    -0.80546466-11705.61606211     0.00001024    -0.00000025  0.14D-06  0.11D-06 10 10    19.38
  12      1.20918544    -0.80546577-11705.61606322    -0.00000111    -0.00000008  0.52D-07  0.34D-07 11 11    20.96

 Norm of t1 vector:      0.17886427      S-energy:    -0.00585811      T1 diagnostic:  0.02627207
                                                                       D1 diagnostic:  0.08847272
 Norm of t2 vector:      0.42094301      P-energy:    -0.79960767
                                         Alpha-Beta:  -0.49680878
                                         Alpha-Alpha: -0.24765022
                                         Beta-Beta:   -0.05514866

 Singles amplitudes (print threshold =  0.500E-01):

         I         SYM. A    A   T(IA) [Alpha-Alpha]

         2         1         4      0.06820782
         2         1         7     -0.05597453
 
         I         SYM. A    A   T(IA) [Beta-Beta]

         2         1         4      0.05540962

 Spin contamination <S**2-Sz**2-Sz>     0.00768485

 Memory could be reduced to 97.51 Mwords without degradation in triples
 

 RESULTS
 =======

  Reference energy                   -11704.8105974435    
  UCCSD singles energy                 -0.005858105079
  UCCSD pair energy                    -0.799607666524
  UCCSD correlation energy             -0.805465771603
  Triples (T) contribution             -0.041120239300
  Total correlation energy             -0.846586010902
 
  RHF-UCCSD energy                   -11705.6160632151    
  RHF-UCCSD[T] energy                -11705.6619424618    
  RHF-UCCSD-T energy                 -11705.6561633824    
 !RHF-UCCSD(T) energy                -11705.6571834544    

 Program statistics:

 Available memory in ccsd:               999998628
 Min. memory needed in ccsd:               5481809
 Max. memory used in ccsd:                 7652328
 Max. memory used in cckext:               6687323 (12 integral passes)
 Max. memory used in cckint:              20596109 ( 1 integral passes)



 **********************************************************************************************************************************
 DATASETS  * FILE   NREC   LENGTH (MB)   RECORD NAMES
              1      22       21.35       500      610      700      900      950      970     1000      129      960     1700   
                                          VAR    BASINP    GEOM    SYMINP    ZMAT    AOBASIS   BASIS     P2S    ABASIS    OPER   
                                         1101     1401     1411     1412     1650     1100     1400     1410     1200     1210   
                                          SR      EKINR    POTR     PVPR    MOLCAS      S      EKIN      POT      H0       H01  
                                         1080     1600   
                                         AOSYM     SMH  

              2       5        5.97       200      700     1000      520     2100   
                                        OPTIONS   GEOM     BASIS   MCVARS     RHF  

 PROGRAMS   *        TOTAL  UCCSD(T)       POP       RHF       INT
 CPU TIMES  *       141.17     47.45      0.00      2.52     90.62
 REAL TIME  *       156.86 SEC
 DISK USED  *         8.69 GB      
 SF USED    *         1.60 GB      
 GA USED    *         0.00 MB       (max)       0.00 MB       (current)
 **********************************************************************************************************************************
 SETTING CCSD(1)        =    -11705.65718345  AU                              
                                                                                                                                                                                                                                                                

           SCF            CCSD
    -11704.81060   -11705.65718
                                                  

 UCCSD(T)/USERDEF energy= -11705.657183454412

        UCCSD(T)        RHF-SCF 
 -11705.65718345 -11704.81059744
 **********************************************************************************************************************************
 Molpro calculation terminated
 Variable memory released
