
 Primary working directories    : /global/cscratch1/sd/haihan
 Secondary working directories  : /global/cscratch1/sd/haihan
 Wavefunction directory         : /global/homes/h/haihan/wfu/
 Main file repository           : /global/cscratch1/sd/haihan/

 SHA1      : 19cd028119e0e09f93f0674bd8af7968d9b3eff6
 NAME      : 2015.1.36
 ARCHNAME  : linux/x86_64
 FC        : /opt/cray/pe/craype/2.5.14/bin/ftn
 BLASLIB   : -L/opt/intel/compilers_and_libraries_2018.1.163/linux/mkl/lib/intel64 -Wl,-_start-group -lmkl_intel_ilp64 -lmkl_intel_thread -lmkl_core -Wl,-_end-group -liomp5
 id        : lbl

 Nodes     nprocs
 nid00023    11
 Number of processes for MPI-2 version of Molpro:   nprocs(total)=   12   nprocs(compute)=   11   nprocs(helper)=    1

 Using customized tuning parameters: mindgm=7; mindgv=16; mindgc=1; mindgr=1; noblas=0; minvec=7
 default implementation of scratch files=sf  

 ***,Calculation for Y atom, singlet and triplet
 memory,512,m
 
 set,dkroll=1,dkho=10,dkhp=4
 
 geometry={
 1
 Y
 Y  0.0 0.0 0.0
 }
 
 basis={
 Including file /global/u2/h/haihan/Research/ECP/f_group_element_ecps/Y/Molpro/atom/uc_dkh4/aug-cc-pwCVTZ.basis
 }
 
 
 
 Including file /global/u2/h/haihan/Research/ECP/f_group_element_ecps/Y/Molpro/atom/uc_dkh4/states.proc
 
 
 do i=1,1
     if (i.eq.1) then
         Id1s2
     else if (i.eq.2) then
         Is2p1
     else if (i.eq.3) then
         EAd2s2
     else if (i.eq.4) then
         IIds2
     else if (i.eq.5) then
         IId1s1
     else if (i.eq.6) then
         IIId1s
     else if (i.eq.7) then
         IIIp1s
     else if (i.eq.8) then
         IIIsf1
     else if (i.eq.9) then
         IVd
     else if (i.eq.10) then
         Vp5
     else if (i.eq.11) then
         VIp4
     else if (i.eq.12) then
         VIIp3
     else if (i.eq.13) then
         VIIIp2
     else if (i.eq.14) then
         IXp1
     else if (i.eq.15) then
         Xp
     endif
     scf(i)=energy
     _CC_NORM_MAX=2.0
     {rccsd(t),maxit=100;core,5,2,2,1,2,1,1}
     ccsd(i)=energy
 enddo
 
 table,scf,ccsd
 type,csv
 save
 

 Variables initialized (889), CPU time= 0.01 sec
 Commands  initialized (702), CPU time= 0.00 sec, 572 directives.
 Default parameters read. Elapsed time= 0.14 sec

 Checking input...
 Passed
1


                                         ***  PROGRAM SYSTEM MOLPRO  ***
                                       Copyright, TTI GmbH Stuttgart, 2015
                                    Version 2015.1 linked Dec 29 2018 15:55:43


 **********************************************************************************************************************************
 LABEL *   Calculation for Y atom, singlet and triplet                                   
  64 bit mpp version                                                                     DATE: 09-Sep-22          TIME: 09:07:53  
 **********************************************************************************************************************************

 SHA1:             19cd028119e0e09f93f0674bd8af7968d9b3eff6
 **********************************************************************************************************************************
 SETTING DKROLL         =         1.00000000                                  
 SETTING DKHO           =        10.00000000                                  
 SETTING DKHP           =         4.00000000                                  

Geometry recognized as XYZ


 Variable memory set to  512000000 words,  buffer space   230000 words

 SETTING BASIS          =    USERDEF

 DO I                   =         1.00000000   

 Running procedure=ID1S2


 Recomputing integrals since basis changed


 Using spherical harmonics



 PROGRAM * SEWARD (Integral evaluation for generally contracted gaussian basis sets)     Author: Roland Lindh, 1990

 Geometry written to block  1 of record 700

 Orientation using atomic masses  
 Molecule type: Atom
 Symmetry elements: X,Y,Z
 Rotational constants:       0.0000000      0.0000000      0.0000000 GHz  (calculated with average atomic masses)

 Point group  D2h 



 ATOMIC COORDINATES

 NR  ATOM    CHARGE       X              Y              Z

   1  Y      39.00    0.000000000    0.000000000    0.000000000

 NUCLEAR CHARGE:                   39
 NUMBER OF PRIMITIVE AOS:         314
 NUMBER OF SYMMETRY AOS:          264
 NUMBER OF CONTRACTIONS:          264   (  80Ag  +  34B3u +  34B2u +  26B1g +  34B1u +  26B2g +  26B3g +   4Au  )
 NUMBER OF CORE ORBITALS:          18   (   6Ag  +   3B3u +   3B2u +   1B1g +   3B1u +   1B2g +   1B3g +   0Au  )
 NUMBER OF VALENCE ORBITALS:        6   (   3Ag  +   0B3u +   0B2u +   1B1g +   0B1u +   1B2g +   1B3g +   0Au  )


 NUCLEAR REPULSION ENERGY    0.00000000

 One-electron integrals computed with SEWARD

 10nd-order Douglas-Kroll-Hess method activated. McWeeny DKH parametrization is used.

 Computing Douglas-Kroll / X2C integrals

 AO integral compression algorithm  1   Integral accuracy      1.0D-11

     434.897 MB (compressed) written to integral file ( 32.3%)

     Node minimum: 17.039 MB, node maximum: 73.400 MB


 NUMBER OF SORTED TWO-ELECTRON INTEGRALS:    7290993.     BUFFER LENGTH:  32768
 NUMBER OF SEGMENTS:   1  SEGMENT LENGTH:    7290993      RECORD LENGTH: 524288

 Memory used in sort:       7.85 MW

 SORT1 READ   168200834. AND WROTE     4265846. INTEGRALS IN     13 RECORDS. CPU TIME:     2.78 SEC, REAL TIME:     2.88 SEC
 SORT2 READ    46914597. AND WROTE    80405938. INTEGRALS IN   1034 RECORDS. CPU TIME:     0.52 SEC, REAL TIME:     0.70 SEC

 Node minimum:     7281205.  Node maximum:     7391951. integrals

 OPERATOR DM      FOR CENTER  0  COORDINATES:    0.000000    0.000000    0.000000

 EXTRA SYMMETRY OF AOS IN SYMMETRY 1:   1 1 1 1 1 1 1 1 1 1   1 1 1 1 1 1 1 1 1 1   1 1 1 1 1 1 1 1 1 1   1 2 3 2 3 2 3 2 3 2
                                        3 2 3 2 3 2 3 2 3 2   3 2 3 2 3 2 3 2 3 2   3 2 3 2 3 2 3 2 3 2   3 4 5 6 4 5 6 4 5 6
 EXTRA SYMMETRY OF AOS IN SYMMETRY 2:   1 1 1 1 1 1 1 1 1 1   1 1 1 1 1 1 1 1 1 1   1 1 1 1 1 1 2 3 2 3   2 3 2 3
 EXTRA SYMMETRY OF AOS IN SYMMETRY 3:   1 1 1 1 1 1 1 1 1 1   1 1 1 1 1 1 1 1 1 1   1 1 1 1 1 1 2 3 2 3   2 3 2 3
 EXTRA SYMMETRY OF AOS IN SYMMETRY 4:   1 1 1 1 1 1 1 1 1 1   1 1 1 1 1 1 1 1 1 1   2 3 2 3 2 3
 EXTRA SYMMETRY OF AOS IN SYMMETRY 5:   1 1 1 1 1 1 1 1 1 1   1 1 1 1 1 1 1 1 1 1   1 1 1 1 1 1 2 3 2 3   2 3 2 3
 EXTRA SYMMETRY OF AOS IN SYMMETRY 6:   1 1 1 1 1 1 1 1 1 1   1 1 1 1 1 1 1 1 1 1   2 3 2 3 2 3
 EXTRA SYMMETRY OF AOS IN SYMMETRY 7:   1 1 1 1 1 1 1 1 1 1   1 1 1 1 1 1 1 1 1 1   2 3 2 3 2 3

 Eigenvalues of metric

         1 0.107E-06 0.136E-05 0.394E-05 0.168E-04 0.168E-04 0.215E-04 0.686E-04 0.686E-04
         2 0.189E-06 0.268E-05 0.145E-04 0.145E-03 0.795E-03 0.200E-02 0.414E-02 0.903E-02
         3 0.189E-06 0.268E-05 0.145E-04 0.145E-03 0.795E-03 0.200E-02 0.414E-02 0.903E-02
         4 0.168E-04 0.686E-04 0.167E-03 0.105E-02 0.382E-02 0.798E-02 0.224E-01 0.452E-01
         5 0.189E-06 0.268E-05 0.145E-04 0.145E-03 0.795E-03 0.200E-02 0.414E-02 0.903E-02
         6 0.168E-04 0.686E-04 0.167E-03 0.105E-02 0.382E-02 0.798E-02 0.224E-01 0.452E-01
         7 0.168E-04 0.686E-04 0.167E-03 0.105E-02 0.382E-02 0.798E-02 0.224E-01 0.452E-01
         8 0.277E+00 0.612E+00 0.125E+01 0.186E+01


 **********************************************************************************************************************************
 DATASETS  * FILE   NREC   LENGTH (MB)   RECORD NAMES
              1      22       20.78       500      610      700      900      950      970     1000      129      960     1700   
                                          VAR    BASINP    GEOM    SYMINP    ZMAT    AOBASIS   BASIS     P2S    ABASIS    OPER   
                                         1101     1401     1411     1412     1650     1100     1400     1410     1200     1210   
                                          SR      EKINR    POTR     PVPR    MOLCAS      S      EKIN      POT      H0       H01  
                                         1080     1600   
                                         AOSYM     SMH  

 PROGRAMS   *        TOTAL       INT
 CPU TIMES  *        42.50     42.05
 REAL TIME  *        44.05 SEC
 DISK USED  *         1.01 GB      
 GA USED    *         0.00 MB       (max)       0.00 MB       (current)
 **********************************************************************************************************************************


 PROGRAM * RHF-SCF (OPEN SHELL)       Authors: W. Meyer, H.-J. Werner


 NUMBER OF ELECTRONS:      20+   19-    SPACE SYMMETRY=1    SPIN SYMMETRY: Doublet 
 CONVERGENCE THRESHOLDS:    1.00E-05 (Density)    1.00E-07 (Energy)
 MAX. NUMBER OF ITERATIONS:       60
 INTERPOLATION TYPE:            DIIS
 INTERPOLATION STEPS:              2 (START)      1 (STEP)
 LEVEL SHIFTS:                 -0.60 (CLOSED) -0.30 (OPEN) 

 Number of closed-shell orbitals:   19 (   7   3   3   1   3   1   1   0 )
 Number of open-shell orbitals:      1 (   1   0   0   0   0   0   0   0 )


 
 Extra symmetries of mos in symmetry 1:   1   1   1   3   2   1   1   3   2
 Orbital guess generated from atomic densities. Full valence occupancy:    9   3   3   2   3   2   2   0


 Molecular orbital dump at record        4202.2

 ITERATION    DDIFF          GRAD             ENERGY        2-EL.EN.            DIPOLE MOMENTS         DIIS   ORB.
    1      0.000D+00      0.000D+00     -3382.67643644   2542.993689    0.00000    0.00000    0.00000    0    start
    2      0.000D+00      0.746D-02     -3382.77159304   2558.753946    0.00000    0.00000    0.00000    1    diag,B
    3      0.751D-01      0.401D-02     -3382.81962891   2563.021953    0.00000    0.00000    0.00000    2    diag,B
    4      0.475D-01      0.224D-02     -3382.86961744   2570.860316    0.00000    0.00000    0.00000    3    diag,B
    5      0.478D-01      0.175D-02     -3382.92134217   2578.569421    0.00000    0.00000    0.00000    4    diag,B
    6      0.415D-01      0.140D-02     -3382.96125540   2583.113208    0.00000    0.00000    0.00000    5    diag,B
    7      0.226D-01      0.644D-03     -3382.96879798   2584.044835    0.00000    0.00000    0.00000    6    fixocc
    8      0.493D-02      0.237D-03     -3382.96931139   2584.289906    0.00000    0.00000    0.00000    7    diag,B
    9      0.106D-02      0.165D-03     -3382.96952121   2584.260520    0.00000    0.00000    0.00000    8    diag,B
   10      0.201D-02      0.788D-04     -3382.96958121   2584.363829    0.00000    0.00000    0.00000    9    orth
   11      0.957D-03      0.507D-04     -3382.96960098   2584.319125    0.00000    0.00000    0.00000    9    diag,B
   12      0.378D-03      0.478D-04     -3382.96961971   2584.377284    0.00000    0.00000    0.00000    9    diag,B
   13      0.437D-03      0.203D-04     -3382.96962477   2584.370437    0.00000    0.00000    0.00000    9    diag,B
   14      0.147D-03      0.105D-04     -3382.96962557   2584.378125    0.00000    0.00000    0.00000    9    diag,B
   15      0.727D-04      0.865D-05     -3382.96962622   2584.367841    0.00000    0.00000    0.00000    9    diag,B
   16      0.724D-04      0.300D-05     -3382.96962629   2584.364990    0.00000    0.00000    0.00000    9    diag,B
   17      0.440D-04      0.989D-06     -3382.96962630   2584.365417    0.00000    0.00000    0.00000    9    diag,B
   18      0.299D-04      0.367D-06     -3382.96962630   2584.365564    0.00000    0.00000    0.00000    9    diag,B
   19      0.118D-04      0.158D-06     -3382.96962630   2584.365648    0.00000    0.00000    0.00000    9    diag,B
   20      0.383D-05      0.656D-07     -3382.96962630   2584.365654    0.00000    0.00000    0.00000    0    orth

 Final alpha occupancy:   8   3   3   1   3   1   1   0
 Final beta  occupancy:   7   3   3   1   3   1   1   0

 !RHF STATE 1.1 Energy              -3382.969626297675
 Nuclear energy                         0.00000000
 One-electron energy                -4675.15245332
 Two-electron energy                 1292.18282702
 Virial quotient                       -0.91549080
 !RHF STATE 1.1 Dipole moment           0.00000000     0.00000000     0.00000000
 Dipole moment /Debye                   0.00000000     0.00000000     0.00000000

 ELECTRON ORBITALS
 =================


   Orb  Occ    Energy  Couls-En    Coefficients

                                   1 1s      1 1s      1 1s      1 1s      1 1s      1 1s      1 1s      1 1s      1 1s      1 1s   
                                   1 1s      1 1s      1 1s      1 1s      1 1s      1 1s      1 1s      1 1s      1 1s      1 1s   
                                   1 1s      1 1s      1 1s      1 1s      1 1s      1 1s      1 1s      1 1s      1 1s      1 1s   
                                   1 1s      1 3d0     1 3d2+    1 3d0     1 3d2+    1 3d0     1 3d2+    1 3d0     1 3d2+    1 3d0  
                                   1 3d2+    1 3d0     1 3d2+    1 3d0     1 3d2+    1 3d0     1 3d2+    1 3d0     1 3d2+    1 3d0  
                                   1 3d2+    1 3d0     1 3d2+    1 3d0     1 3d2+    1 3d0     1 3d2+    1 3d0     1 3d2+    1 3d0  
                                   1 3d2+    1 3d0     1 3d2+    1 3d0     1 3d2+    1 3d0     1 3d2+    1 3d0     1 3d2+    1 3d0  
                                   1 3d2+    1 5g0     1 5g4+    1 5g2+    1 5g0     1 5g4+    1 5g2+    1 5g0     1 5g4+    1 5g2+ 


   1.1   2  -629.6550-1406.0261  0.000041  0.000109  0.000302  0.000698  0.001520  0.003159  0.006523  0.013590  0.028843  0.061543
                                 0.126272  0.229723  0.321096  0.274180 -0.006115  0.101212  0.004786  0.003363 -0.005671  0.014946
                                -0.013804  0.011220 -0.010514  0.003715 -0.002222  0.000655 -0.000061  0.000019 -0.000015  0.000006
                                -0.000001  0.000000  0.000000  0.000000 -0.000000  0.000000 -0.000000  0.000000 -0.000000 -0.000000
                                -0.000000  0.000000  0.000000 -0.000000 -0.000000  0.000000  0.000000 -0.000000 -0.000000  0.000000
                                 0.000000 -0.000000 -0.000000  0.000000  0.000000 -0.000000 -0.000000  0.000000  0.000000 -0.000000
                                -0.000000  0.000000  0.000000 -0.000000 -0.000000  0.000000  0.000000 -0.000000 -0.000000  0.000000
                                 0.000000  0.000000  0.000000 -0.000000  0.000000  0.000000 -0.000000  0.000000  0.000000 -0.000000

   2.1   2   -88.8648 -281.7370 -0.000013 -0.000036 -0.000099 -0.000230 -0.000501 -0.001045 -0.002170 -0.004562 -0.009831 -0.021569
                                -0.046648 -0.094077 -0.160102 -0.184514  0.004497 -0.024631  0.372693  0.539871  0.216597  0.030353
                                -0.009551  0.039606 -0.037751  0.015024 -0.009441  0.002796 -0.000310  0.000088 -0.000071  0.000027
                                -0.000007  0.000000 -0.000000  0.000000 -0.000000  0.000000  0.000000  0.000004 -0.000000  0.000015
                                -0.000000  0.000013 -0.000000 -0.000003  0.000000  0.000001 -0.000000  0.000001  0.000000  0.000001
                                -0.000000  0.000000  0.000000 -0.000000 -0.000000  0.000000  0.000000 -0.000000 -0.000000  0.000000
                                -0.000000 -0.000000  0.000000  0.000000 -0.000000 -0.000000  0.000000  0.000000 -0.000000 -0.000000
                                 0.000000 -0.000000 -0.000001  0.000000  0.000000  0.000000 -0.000000 -0.000000 -0.000000  0.000000

   3.1   2   -15.3109  -93.7391  0.000006  0.000015  0.000041  0.000095  0.000207  0.000433  0.000898  0.001891  0.004084  0.008995
                                 0.019593  0.040097  0.070212  0.085332 -0.003439  0.012372 -0.239481 -0.483833 -0.193711 -0.036603
                                 0.520749  0.745957 -0.084726  0.231521 -0.063769  0.024826 -0.001183  0.000644 -0.000507  0.000189
                                -0.000049  0.000000 -0.000000  0.000001 -0.000000  0.000003 -0.000000  0.000011 -0.000000  0.000029
                                -0.000000  0.000056 -0.000000  0.000042 -0.000000  0.000138 -0.000000  0.000237 -0.000000  0.000246
                                -0.000000 -0.000006 -0.000000  0.000040  0.000000 -0.000064 -0.000000  0.000040  0.000000 -0.000028
                                -0.000000  0.000019  0.000000 -0.000011 -0.000000  0.000005  0.000000 -0.000001 -0.000000  0.000000
                                 0.000000  0.000001  0.000008 -0.000000  0.000002  0.000014 -0.000000 -0.000000 -0.000002  0.000000

   4.1   2    -6.4860  -77.3626 -0.000000 -0.000000 -0.000000 -0.000000 -0.000000 -0.000000 -0.000000 -0.000000 -0.000000 -0.000000
                                -0.000000 -0.000000 -0.000000 -0.000000  0.000000 -0.000000  0.000000  0.000000  0.000000  0.000000
                                -0.000000 -0.000000 -0.000000  0.000000  0.000000  0.000000 -0.000000 -0.000000  0.000000 -0.000000
                                 0.000000  0.000000  0.000172  0.000000  0.001506  0.000000  0.008902  0.000000  0.035052  0.000000
                                 0.102084  0.000000  0.219555 -0.000000 -0.000679  0.000000  0.324699  0.000000  0.332926  0.000000
                                 0.197030  0.000000  0.046799  0.000000  0.001972 -0.000000 -0.003383  0.000000  0.006040 -0.000000
                                -0.004281  0.000000  0.003451 -0.000000 -0.002001  0.000000  0.001044 -0.000000 -0.000101  0.000000
                                 0.000027  0.000000 -0.000000  0.000132 -0.000000 -0.000000 -0.000063  0.000000  0.000000  0.000014

   5.1   2    -6.4860  -77.3153 -0.000000 -0.000000 -0.000000 -0.000000 -0.000000 -0.000000 -0.000001 -0.000002 -0.000004 -0.000009
                                -0.000019 -0.000038 -0.000067 -0.000081  0.000000 -0.000008  0.000237  0.000505  0.000171  0.000284
                                -0.000911 -0.000961 -0.000322  0.000306  0.000377  0.000538 -0.000084 -0.000039  0.000018 -0.000006
                                 0.000002  0.000171 -0.000000  0.001504 -0.000000  0.008887 -0.000000  0.034993 -0.000000  0.101906
                                -0.000000  0.219170 -0.000000 -0.000653  0.000000  0.324233 -0.000000  0.332799 -0.000000  0.197896
                                -0.000000  0.047800 -0.000000  0.001488 -0.000000 -0.002889  0.000000  0.005650 -0.000000 -0.004166
                                 0.000000  0.003280 -0.000000 -0.001961  0.000000  0.000985 -0.000000 -0.000105  0.000000  0.000027
                                -0.000000  0.000210 -0.000004 -0.000000 -0.000058 -0.000046  0.000000  0.000016  0.000007 -0.000000

   6.1   2    -2.2377  -35.1313 -0.000002 -0.000005 -0.000015 -0.000035 -0.000076 -0.000159 -0.000331 -0.000696 -0.001505 -0.003314
                                -0.007237 -0.014822 -0.026161 -0.031712  0.000090 -0.003281  0.094117  0.207242  0.067780  0.105959
                                -0.389771 -0.338126 -0.321524  0.062813 -0.159079  0.825984  0.543664  0.041212 -0.021349  0.006528
                                -0.001563 -0.000000  0.000000 -0.000004 -0.000000 -0.000021  0.000000 -0.000082  0.000000 -0.000245
                                 0.000000 -0.000484  0.000000 -0.000067  0.000000 -0.000743  0.000000 -0.000820  0.000000 -0.000232
                                 0.000000  0.002022 -0.000000  0.001268 -0.000000  0.002082 -0.000000 -0.000393 -0.000000  0.000043
                                -0.000000 -0.000334  0.000000  0.000091 -0.000000 -0.000063 -0.000000  0.000007 -0.000000 -0.000002
                                -0.000000  0.000078  0.000408 -0.000000  0.000198  0.001127 -0.000000  0.000002  0.000011 -0.000000

   7.1   2    -0.2012  -11.1352  0.000001  0.000001  0.000004  0.000009  0.000020  0.000043  0.000089  0.000187  0.000404  0.000890
                                 0.001942  0.003986  0.007021  0.008609 -0.000324  0.001226 -0.025807 -0.056139 -0.021084 -0.017317
                                 0.094679  0.144820  0.046747  0.022160 -0.003429 -0.282491 -0.393712  0.179730  0.656362  0.356429
                                 0.002799 -0.000001  0.000000 -0.000009  0.000000 -0.000057  0.000000 -0.000221  0.000000 -0.000663
                                 0.000000 -0.001327  0.000000 -0.000114 -0.000000 -0.001955  0.000000 -0.002011  0.000000  0.000318
                                -0.000000  0.003557 -0.000000  0.002404  0.000000  0.002733 -0.000000  0.009339  0.000000  0.008825
                                -0.000000  0.015470  0.000000  0.005201 -0.000000  0.013067  0.000000  0.003619 -0.000000 -0.000256
                                 0.000000  0.000178  0.000605 -0.000000  0.000365  0.000476 -0.000000  0.000221  0.000299 -0.000000

   8.1   +    -0.2350  -18.7907  0.000000  0.000000  0.000000  0.000000  0.000000  0.000000  0.000000  0.000000  0.000000  0.000000
                                 0.000000  0.000000  0.000000  0.000000  0.000000 -0.000000 -0.000000 -0.000000 -0.000000 -0.000000
                                 0.000000 -0.000000  0.000000 -0.000000  0.000000 -0.000000 -0.000000  0.000000  0.000000  0.000000
                                 0.000000  0.000000 -0.000036  0.000000 -0.000315  0.000000 -0.001888  0.000000 -0.007378  0.000000
                                -0.022039  0.000000 -0.044426  0.000000 -0.003586  0.000000 -0.065336  0.000000 -0.066659 -0.000000
                                 0.010298 -0.000000  0.146578 -0.000000  0.074269 -0.000000  0.187835 -0.000000  0.197175 -0.000000
                                 0.245722 -0.000000  0.164214 -0.000000  0.113303 -0.000000  0.095076 -0.000000  0.026569 -0.000000
                                -0.003078  0.000000  0.000000 -0.000343  0.000000  0.000000 -0.001475  0.000000  0.000000 -0.000928

   9.1   0     0.0315   -3.2009 -0.000000 -0.000000 -0.000000 -0.000000 -0.000000 -0.000000 -0.000001 -0.000002 -0.000004 -0.000008
                                -0.000018 -0.000035 -0.000068 -0.000055 -0.000097  0.000103  0.000146  0.000714 -0.000729  0.004903
                                -0.006766  0.012202 -0.017563  0.014032 -0.015413  0.011397  0.000665  0.004688 -0.021505  0.025147
                                -0.026619 -0.000004 -0.000000 -0.000023 -0.000000 -0.000187 -0.000000 -0.000547 -0.000000 -0.002394
                                -0.000000  0.002027 -0.000000 -0.008514 -0.000000 -0.000758 -0.000000 -0.011941 -0.000000  0.014153
                                 0.000000 -0.071175 -0.000000  0.269776  0.000000 -0.542277 -0.000000  0.705178  0.000000 -0.986835
                                -0.000000  1.390516  0.000000 -1.944173 -0.000000  1.698218  0.000000 -0.931260 -0.000000  1.458089
                                 0.000000  0.000117 -0.000252 -0.000000  0.000355 -0.000948 -0.000000  0.000978 -0.000603 -0.000000

  10.1   0     0.0229   -3.6177 -0.000000 -0.000000 -0.000001 -0.000002 -0.000005 -0.000011 -0.000022 -0.000048 -0.000097 -0.000235
                                -0.000449 -0.001103 -0.001376 -0.004393  0.009411 -0.011035  0.014945 -0.004582  0.091752 -0.439972
                                 0.527843 -1.295452  1.573410 -1.302895  1.387097 -0.687680  0.372478 -0.796763  1.426987 -2.842629
                                 2.541750  0.000000  0.000000  0.000002 -0.000000  0.000009  0.000000  0.000036 -0.000000  0.000103
                                 0.000000  0.000262 -0.000000 -0.000049  0.000000  0.000355 -0.000000  0.000272  0.000000  0.000056
                                -0.000000 -0.001315  0.000000  0.001968 -0.000000 -0.005630  0.000000  0.005201 -0.000000 -0.011309
                                 0.000000  0.010493 -0.000000 -0.018899  0.000000  0.012581 -0.000000 -0.009358  0.000000  0.017328
                                -0.000000 -0.000050 -0.000229  0.000000 -0.000218 -0.001034  0.000000 -0.000203 -0.000994 -0.000000

                                   1 2px     1 2px     1 2px     1 2px     1 2px     1 2px     1 2px     1 2px     1 2px     1 2px  
                                   1 2px     1 2px     1 2px     1 2px     1 2px     1 2px     1 2px     1 2px     1 2px     1 2px  
                                   1 2px     1 2px     1 2px     1 2px     1 2px     1 2px     1 4f1+    1 4f3+    1 4f1+    1 4f3+ 
                                   1 4f1+    1 4f3+    1 4f1+    1 4f3+ 

   1.2   2   -78.9112 -268.3486  0.000014  0.000053  0.000206  0.000769  0.002805  0.009658  0.030133  0.082173  0.183299  0.308907
                                 0.340231  0.185139  0.005603  0.036949  0.012740 -0.016312  0.018469 -0.013974  0.007140 -0.002716
                                 0.000351 -0.000126  0.000046 -0.000015  0.000006 -0.000002  0.000003 -0.000007  0.000000 -0.000001
                                 0.000000 -0.000001 -0.000000  0.000000

   2.2   2   -11.9777  -87.4633 -0.000006 -0.000022 -0.000087 -0.000327 -0.001195 -0.004146 -0.013097 -0.036658 -0.084981 -0.151207
                                -0.169289 -0.004744 -0.000360  0.297182  0.469310 -0.000041  0.313068 -0.028487  0.075366 -0.009645
                                 0.003377 -0.000869  0.000310 -0.000123  0.000043 -0.000013  0.000187 -0.000033 -0.000099  0.000083
                                 0.000026 -0.000006 -0.000009  0.000004

   3.2   2    -1.3019  -30.5636  0.000002  0.000007  0.000029  0.000110  0.000401  0.001394  0.004409  0.012403  0.028886  0.051998
                                 0.057987 -0.002462 -0.005562 -0.125049 -0.244795  0.051113 -0.285812  0.244178 -0.151297  0.472278
                                 0.471168  0.220034  0.037372  0.003604 -0.000005  0.000044  0.001771  0.002219  0.001234  0.005656
                                -0.000661  0.003040  0.000079 -0.000202

   4.2   0     0.0107   -4.9957 -0.000000 -0.000001 -0.000003 -0.000012 -0.000044 -0.000147 -0.000481 -0.001306 -0.003187 -0.005320
                                -0.007364  0.013524 -0.020896  0.034294 -0.054535  0.187158 -0.294626  0.347532 -0.312945  0.140397
                                -0.148836  0.040695 -0.052788  0.341261 -0.089022  0.911833 -0.000319  0.000415 -0.000713  0.003527
                                 0.000518  0.009448  0.003005  0.005399

   5.2   0     0.0417   -5.2487  0.000000  0.000001  0.000004  0.000016  0.000054  0.000205  0.000591  0.001852  0.003759  0.008398
                                 0.003850  0.050437 -0.083769  0.061305 -0.351152  0.752255 -1.305945  1.494993 -1.299482  0.850862
                                -0.220814  0.390051 -0.463530  0.378226 -1.810944  1.495283  0.000417 -0.000538  0.000940 -0.004632
                                -0.000918 -0.012114 -0.002748 -0.009716

                                   1 2py     1 2py     1 2py     1 2py     1 2py     1 2py     1 2py     1 2py     1 2py     1 2py  
                                   1 2py     1 2py     1 2py     1 2py     1 2py     1 2py     1 2py     1 2py     1 2py     1 2py  
                                   1 2py     1 2py     1 2py     1 2py     1 2py     1 2py     1 4f1-    1 4f3-    1 4f1-    1 4f3- 
                                   1 4f1-    1 4f3-    1 4f1-    1 4f3- 

   1.3   2   -78.9112 -268.3486  0.000014  0.000053  0.000206  0.000769  0.002805  0.009658  0.030133  0.082173  0.183299  0.308907
                                 0.340231  0.185139  0.005603  0.036949  0.012740 -0.016312  0.018469 -0.013974  0.007140 -0.002716
                                 0.000351 -0.000126  0.000046 -0.000015  0.000006 -0.000002  0.000003  0.000007  0.000000  0.000001
                                 0.000000  0.000001 -0.000000 -0.000000

   2.3   2   -11.9777  -87.4633 -0.000006 -0.000022 -0.000087 -0.000327 -0.001195 -0.004146 -0.013097 -0.036658 -0.084981 -0.151207
                                -0.169289 -0.004744 -0.000360  0.297182  0.469310 -0.000041  0.313068 -0.028487  0.075366 -0.009645
                                 0.003377 -0.000869  0.000310 -0.000123  0.000043 -0.000013  0.000187  0.000033 -0.000099 -0.000083
                                 0.000026  0.000006 -0.000009 -0.000004

   3.3   2    -1.3019  -30.5636  0.000002  0.000007  0.000029  0.000110  0.000401  0.001394  0.004409  0.012403  0.028886  0.051998
                                 0.057987 -0.002462 -0.005562 -0.125049 -0.244795  0.051113 -0.285812  0.244178 -0.151297  0.472278
                                 0.471168  0.220034  0.037372  0.003604 -0.000005  0.000044  0.001771 -0.002219  0.001234 -0.005656
                                -0.000661 -0.003040  0.000079  0.000202

   4.3   0     0.0107   -4.9957 -0.000000 -0.000001 -0.000003 -0.000012 -0.000044 -0.000147 -0.000481 -0.001306 -0.003187 -0.005320
                                -0.007364  0.013524 -0.020896  0.034294 -0.054535  0.187158 -0.294626  0.347532 -0.312945  0.140397
                                -0.148836  0.040695 -0.052788  0.341261 -0.089022  0.911833 -0.000319 -0.000415 -0.000713 -0.003527
                                 0.000518 -0.009448  0.003005 -0.005399

   5.3   0     0.0417   -5.2487  0.000000  0.000001  0.000004  0.000016  0.000054  0.000205  0.000591  0.001852  0.003759  0.008398
                                 0.003850  0.050437 -0.083769  0.061305 -0.351152  0.752255 -1.305945  1.494993 -1.299482  0.850862
                                -0.220814  0.390051 -0.463530  0.378226 -1.810944  1.495283  0.000417  0.000538  0.000940  0.004632
                                -0.000918  0.012114 -0.002748  0.009716

                                   1 3d2-    1 3d2-    1 3d2-    1 3d2-    1 3d2-    1 3d2-    1 3d2-    1 3d2-    1 3d2-    1 3d2- 
                                   1 3d2-    1 3d2-    1 3d2-    1 3d2-    1 3d2-    1 3d2-    1 3d2-    1 3d2-    1 3d2-    1 3d2- 
                                   1 5g2-    1 5g4-    1 5g2-    1 5g4-    1 5g2-    1 5g4- 

   1.4   2    -6.4787  -77.3179  0.000171  0.001504  0.008890  0.035003  0.101936  0.219220 -0.000651  0.324305  0.332899  0.197792
                                 0.047465  0.001606 -0.003126  0.005755 -0.004247  0.003329 -0.001992  0.001000 -0.000106  0.000027
                                 0.000136 -0.000000 -0.000033  0.000000  0.000009 -0.000000

   2.4   0     0.0320   -3.0490 -0.000003 -0.000013 -0.000127 -0.000306 -0.001696  0.003630 -0.008634  0.001496 -0.009949  0.014295
                                -0.078002  0.274739 -0.563577  0.717879 -1.023166  1.421291 -2.004119  1.735361 -0.972306  1.487224
                                 0.000066 -0.000000  0.000219  0.000000  0.000601 -0.000000

   3.4   0     0.0775   -7.5655 -0.000013 -0.000125 -0.000678 -0.002939 -0.007572 -0.026132  0.011660 -0.032554 -0.015657 -0.018363
                                 0.184997 -0.391449  0.954314 -1.027443  1.715356 -2.133551  3.303514 -2.651714  2.018198 -1.091700
                                 0.000443 -0.000000  0.001492 -0.000000  0.002533 -0.000000

                                   1 2pz     1 2pz     1 2pz     1 2pz     1 2pz     1 2pz     1 2pz     1 2pz     1 2pz     1 2pz  
                                   1 2pz     1 2pz     1 2pz     1 2pz     1 2pz     1 2pz     1 2pz     1 2pz     1 2pz     1 2pz  
                                   1 2pz     1 2pz     1 2pz     1 2pz     1 2pz     1 2pz     1 4f0     1 4f2+    1 4f0     1 4f2+ 
                                   1 4f0     1 4f2+    1 4f0     1 4f2+ 

   1.5   2   -78.9133 -268.3507  0.000014  0.000053  0.000206  0.000769  0.002805  0.009658  0.030133  0.082172  0.183297  0.308904
                                 0.340239  0.185151  0.005594  0.036941  0.012733 -0.016308  0.018466 -0.013969  0.007140 -0.002712
                                 0.000354 -0.000124  0.000046 -0.000015  0.000006 -0.000002  0.000001  0.000000 -0.000000  0.000000
                                 0.000000  0.000000 -0.000000 -0.000000

   2.5   2   -11.9854  -87.4630 -0.000006 -0.000022 -0.000087 -0.000327 -0.001195 -0.004145 -0.013094 -0.036648 -0.084957 -0.151164
                                -0.169251 -0.004782 -0.000337  0.297072  0.469076 -0.000015  0.313089 -0.028238  0.075506 -0.009647
                                 0.003327 -0.000895  0.000300 -0.000125  0.000043 -0.000013  0.000218 -0.000000 -0.000095  0.000000
                                 0.000030 -0.000000 -0.000010  0.000000

   3.5   2    -1.3070  -30.6133  0.000002  0.000007  0.000029  0.000110  0.000402  0.001397  0.004418  0.012428  0.028944  0.052102
                                 0.058108 -0.002470 -0.005557 -0.125328 -0.245160  0.051128 -0.286167  0.244188 -0.152387  0.474009
                                 0.474748  0.217697  0.034299  0.003303  0.000013  0.000041  0.002887 -0.000000  0.003334 -0.000000
                                 0.000188 -0.000000  0.000034  0.000000

   4.5   0     0.0101   -5.0304 -0.000000 -0.000001 -0.000003 -0.000011 -0.000043 -0.000145 -0.000474 -0.001286 -0.003136 -0.005243
                                -0.007227  0.013045 -0.020136  0.033341 -0.052067  0.180403 -0.283574  0.334774 -0.301595  0.134569
                                -0.145151  0.036631 -0.051209  0.338076 -0.067771  0.894833 -0.000240  0.000000  0.000318 -0.000000
                                 0.003858 -0.000000  0.005542 -0.000000

   5.5   0     0.0413   -5.1811  0.000000  0.000001  0.000004  0.000015  0.000053  0.000199  0.000570  0.001792  0.003622  0.008145
                                 0.003591  0.050251 -0.083410  0.061610 -0.348710  0.749189 -1.299835  1.488360 -1.294324  0.845328
                                -0.222662  0.389447 -0.459021  0.377822 -1.810949  1.504947  0.000310 -0.000000 -0.000409  0.000000
                                -0.005156  0.000000 -0.006573 -0.000000

                                   1 3d1+    1 3d1+    1 3d1+    1 3d1+    1 3d1+    1 3d1+    1 3d1+    1 3d1+    1 3d1+    1 3d1+ 
                                   1 3d1+    1 3d1+    1 3d1+    1 3d1+    1 3d1+    1 3d1+    1 3d1+    1 3d1+    1 3d1+    1 3d1+ 
                                   1 5g1+    1 5g3+    1 5g1+    1 5g3+    1 5g1+    1 5g3+ 

   1.6   2    -6.4841  -77.3159  0.000171  0.001504  0.008888  0.034995  0.101914  0.219182 -0.000652  0.324251  0.332824  0.197871
                                 0.047717  0.001517 -0.002948  0.005676 -0.004186  0.003293 -0.001969  0.000989 -0.000105  0.000027
                                 0.000191  0.000003 -0.000057  0.000028  0.000015 -0.000004

   2.6   0     0.0316   -3.1436 -0.000003 -0.000020 -0.000166 -0.000464 -0.002151  0.002581 -0.008553  0.000022 -0.011247  0.014196
                                -0.073516  0.271398 -0.549472  0.709337 -0.999069  1.400726 -1.964190  1.710572 -0.944863  1.468154
                                 0.000079  0.000130  0.000232  0.000486  0.000828  0.000296

   3.6   0     0.0711   -8.9523 -0.000016 -0.000153 -0.000854 -0.003585 -0.009686 -0.028716  0.009326 -0.037276 -0.023234 -0.014361
                                 0.177101 -0.319264  0.831572 -0.835696  1.481744 -1.757636  2.790119 -2.169888  1.748855 -1.012360
                                 0.000487  0.000765  0.001551  0.002568  0.002892  0.001823

                                   1 3d1-    1 3d1-    1 3d1-    1 3d1-    1 3d1-    1 3d1-    1 3d1-    1 3d1-    1 3d1-    1 3d1- 
                                   1 3d1-    1 3d1-    1 3d1-    1 3d1-    1 3d1-    1 3d1-    1 3d1-    1 3d1-    1 3d1-    1 3d1- 
                                   1 5g1-    1 5g3-    1 5g1-    1 5g3-    1 5g1-    1 5g3- 

   1.7   2    -6.4841  -77.3159  0.000171  0.001504  0.008888  0.034995  0.101914  0.219182 -0.000652  0.324251  0.332824  0.197871
                                 0.047717  0.001517 -0.002948  0.005676 -0.004186  0.003293 -0.001969  0.000989 -0.000105  0.000027
                                 0.000191 -0.000003 -0.000057 -0.000028  0.000015  0.000004

   2.7   0     0.0316   -3.1436 -0.000003 -0.000020 -0.000166 -0.000464 -0.002151  0.002581 -0.008553  0.000022 -0.011247  0.014196
                                -0.073516  0.271398 -0.549472  0.709337 -0.999069  1.400726 -1.964190  1.710572 -0.944863  1.468154
                                 0.000079 -0.000130  0.000232 -0.000486  0.000828 -0.000296

   3.7   0     0.0711   -8.9523 -0.000016 -0.000153 -0.000854 -0.003585 -0.009686 -0.028716  0.009326 -0.037276 -0.023234 -0.014361
                                 0.177101 -0.319264  0.831572 -0.835696  1.481744 -1.757636  2.790119 -2.169888  1.748855 -1.012360
                                 0.000487 -0.000765  0.001551 -0.002568  0.002892 -0.001823

                                   1 4f2-    1 4f2-    1 4f2-    1 4f2- 

   1.8   0     0.1511   -4.9475 -0.003124  0.025173 -0.086615  1.035279

   2.8   0     0.4857   -8.9302  0.042945 -0.015476  1.121956 -0.441954

 HOMO      8.1    -0.234992 =      -6.3945eV
 LUMO      4.5     0.010076 =       0.2742eV
 LUMO-HOMO         0.245068 =       6.6686eV


 **********************************************************************************************************************************
 DATASETS  * FILE   NREC   LENGTH (MB)   RECORD NAMES
              1      22       20.78       500      610      700      900      950      970     1000      129      960     1700   
                                          VAR    BASINP    GEOM    SYMINP    ZMAT    AOBASIS   BASIS     P2S    ABASIS    OPER   
                                         1101     1401     1411     1412     1650     1100     1400     1410     1200     1210   
                                          SR      EKINR    POTR     PVPR    MOLCAS      S      EKIN      POT      H0       H01  
                                         1080     1600   
                                         AOSYM     SMH  

              2       5        5.72       200      700     1000      520     4202   
                                        OPTIONS   GEOM     BASIS   MCVARS     RHF  

 PROGRAMS   *        TOTAL       RHF       INT
 CPU TIMES  *        43.45      0.95     42.05
 REAL TIME  *        45.79 SEC
 DISK USED  *         1.32 GB      
 SF USED    *         0.05 MB      
 GA USED    *         0.00 MB       (max)       0.00 MB       (current)
 **********************************************************************************************************************************


 PROGRAM * POP (Mulliken population analysis)

 
 Density matrix read from record         4202.2  Type=RHF/CHARGE (state 1.1)
 
 Population analysis by basis function type

 Unique atom        s        p        d        f        g    Total    Charge
   1  Y       9.99471 17.99961 11.00527  0.00039  0.00001 39.00000  - 0.00000


 **********************************************************************************************************************************
 DATASETS  * FILE   NREC   LENGTH (MB)   RECORD NAMES
              1      22       20.78       500      610      700      900      950      970     1000      129      960     1700   
                                          VAR    BASINP    GEOM    SYMINP    ZMAT    AOBASIS   BASIS     P2S    ABASIS    OPER   
                                         1101     1401     1411     1412     1650     1100     1400     1410     1200     1210   
                                          SR      EKINR    POTR     PVPR    MOLCAS      S      EKIN      POT      H0       H01  
                                         1080     1600   
                                         AOSYM     SMH  

              2       5        5.72       200      700     1000      520     4202   
                                        OPTIONS   GEOM     BASIS   MCVARS     RHF  

 PROGRAMS   *        TOTAL       POP       RHF       INT
 CPU TIMES  *        43.46      0.00      0.95     42.05
 REAL TIME  *        45.80 SEC
 DISK USED  *         1.32 GB      
 SF USED    *         0.05 MB      
 GA USED    *         0.00 MB       (max)       0.00 MB       (current)
 **********************************************************************************************************************************


 PROGRAM * MULTI (Direct Multiconfiguration SCF)       Authors: P.J. Knowles, H.-J. Werner (1984)     S.T. Elbert (1988)


 Number of closed-shell orbitals:  19 (   7   3   3   1   3   1   1   0 )
 Number of active  orbitals:        5 (   2   0   0   1   0   1   1   0 )
 Number of external orbitals:     240 (  71  31  31  24  31  24  24   4 )

 State symmetry 1

 Number of electrons:     1    Spin symmetry=Doublet   Space symmetry=1
 Number of states:        2
 Number of CSFs:          2   (2 determinants, 5 intermediate states)

 State symmetry 2

 Number of electrons:     1    Spin symmetry=Doublet   Space symmetry=4
 Number of states:        1
 Number of CSFs:          1   (1 determinants, 5 intermediate states)

 State symmetry 3

 Number of electrons:     1    Spin symmetry=Doublet   Space symmetry=6
 Number of states:        1
 Number of CSFs:          1   (1 determinants, 5 intermediate states)

 State symmetry 4

 Number of electrons:     1    Spin symmetry=Doublet   Space symmetry=7
 Number of states:        1
 Number of CSFs:          1   (1 determinants, 5 intermediate states)

 Molecular orbitals read from record     4202.2  Type=RHF/CANONICAL (state 1.1)
 *** IN SYMMETRY 1 ORBITAL  2 SYMMETRY CONTAMINATION OF 0.229D-04 HAS BEEN REMOVED
 *** IN SYMMETRY 1 ORBITAL  3 SYMMETRY CONTAMINATION OF 0.350D-03 HAS BEEN REMOVED
 *** IN SYMMETRY 1 ORBITAL  4 SYMMETRY CONTAMINATION OF 0.162D-03 HAS BEEN REMOVED
 *** IN SYMMETRY 1 ORBITAL  5 SYMMETRY CONTAMINATION OF 0.411D-02 HAS BEEN REMOVED
 *** IN SYMMETRY 1 ORBITAL  6 SYMMETRY CONTAMINATION OF 0.329D-02 HAS BEEN REMOVED
 *** IN SYMMETRY 1 ORBITAL  7 SYMMETRY CONTAMINATION OF 0.305D-01 HAS BEEN REMOVED
 *** IN SYMMETRY 1 ORBITAL  8 SYMMETRY CONTAMINATION OF 0.186D-02 HAS BEEN REMOVED
 *** IN SYMMETRY 1 ORBITAL  9 SYMMETRY CONTAMINATION OF 0.163D-01 HAS BEEN REMOVED

 EXTRA SYMMETRY OF MOS IN SYMMETRY 1:   1 1 1 3 2 1 1 3 2 1   3 2 3 2 1 3 2 4 6 1   1 3 2 3 2 4 6 1 1 3   2 2 3 1 4 6 5 2 3 2
                                        3 1 2 3 1 2 3 1 2 3   1 2 3 1 2 3 1 2 3 1   1 2 3 1 2 3 1 1 2 3   1 1 1 1 1 1 1 1 5 5
 *** IN SYMMETRY 2 ORBITAL  2 SYMMETRY CONTAMINATION OF 0.269D-03 HAS BEEN REMOVED
 *** IN SYMMETRY 2 ORBITAL  3 SYMMETRY CONTAMINATION OF 0.598D-02 HAS BEEN REMOVED
 EXTRA SYMMETRY OF MOS IN SYMMETRY 2:   1 1 1 1 1 1 2 1 1 1   1 1 3 2 1 2 3 1 1 1   1 1 1 1 1 1 1 1 1 1   1 2 3 3
 *** IN SYMMETRY 3 ORBITAL  2 SYMMETRY CONTAMINATION OF 0.269D-03 HAS BEEN REMOVED
 *** IN SYMMETRY 3 ORBITAL  3 SYMMETRY CONTAMINATION OF 0.598D-02 HAS BEEN REMOVED
 EXTRA SYMMETRY OF MOS IN SYMMETRY 3:   1 1 1 1 1 1 2 1 1 1   1 1 3 2 1 2 3 1 1 1   1 1 1 1 1 1 1 1 1 1   1 2 3 3
 *** IN SYMMETRY 4 ORBITAL  1 SYMMETRY CONTAMINATION OF 0.138D-03 HAS BEEN REMOVED
 *** IN SYMMETRY 4 ORBITAL  2 SYMMETRY CONTAMINATION OF 0.858D-04 HAS BEEN REMOVED
 EXTRA SYMMETRY OF MOS IN SYMMETRY 4:   1 1 1 1 1 2 3 1 1 2   3 1 1 2 3 1 1 1 1 1   1 1 1 1 1 1
 *** IN SYMMETRY 5 ORBITAL  2 SYMMETRY CONTAMINATION OF 0.212D-03 HAS BEEN REMOVED
 *** IN SYMMETRY 5 ORBITAL  3 SYMMETRY CONTAMINATION OF 0.260D-02 HAS BEEN REMOVED
 EXTRA SYMMETRY OF MOS IN SYMMETRY 5:   1 1 1 1 1 1 3 1 1 3   1 1 3 2 1 2 3 1 1 1   1 1 1 1 1 1 1 1 1 1   1 1 2 2
 *** IN SYMMETRY 6 ORBITAL  1 SYMMETRY CONTAMINATION OF 0.231D-03 HAS BEEN REMOVED
 *** IN SYMMETRY 6 ORBITAL  2 SYMMETRY CONTAMINATION OF 0.202D-03 HAS BEEN REMOVED
 EXTRA SYMMETRY OF MOS IN SYMMETRY 6:   1 1 1 1 1 2 3 1 1 2   3 1 1 2 3 1 1 1 1 1   1 1 1 1 1 1
 *** IN SYMMETRY 7 ORBITAL  1 SYMMETRY CONTAMINATION OF 0.231D-03 HAS BEEN REMOVED
 *** IN SYMMETRY 7 ORBITAL  2 SYMMETRY CONTAMINATION OF 0.202D-03 HAS BEEN REMOVED
 EXTRA SYMMETRY OF MOS IN SYMMETRY 7:   1 1 1 1 1 2 3 1 1 2   3 1 1 2 3 1 1 1 1 1   1 1 1 1 1 1

 Wavefunction dump at record             5202.2

 Convergence thresholds  0.10E-01 (gradient)  0.10E-05 (energy)  0.10E-02 (step length)

 Weight factors for state symmetry  1:    0.20000   0.20000
 Weight factors for state symmetry  2:    0.20000
 Weight factors for state symmetry  3:    0.20000
 Weight factors for state symmetry  4:    0.20000

 Number of orbital rotations:     1079   (    17 Core/Active    848 Core/Virtual   0 Active/Active    214 Active/Virtual)
 Total number of variables:       1086


 ITER. MIC  NCI  NEG     ENERGY(VAR)     ENERGY(PROJ)   ENERGY CHANGE     GRAD(0)  GRAD(ORB)   GRAD(CI)     STEP       TIME

   1  130   20    0   -3382.82188529   -3426.08625838  -43.26437309   ***********70.72663296 0.00000000  0.20D+01      0.81
   2  201   32    0    7762.14511819   -3380.91651510**************   *********** 1.34106566 0.00000000  0.33D+00      1.76
   3  201   36    0   -3382.93357252   -3382.96766451   -0.03409200   14.62527322 0.07283299 0.00000000  0.14D+00      2.79
   4  201   60    0   -3382.96786799   -3382.96787854   -0.00001055    0.07351790 0.01700447 0.00000000  0.52D-02      4.12
   5  201   24    0   -3382.96787855   -3382.96787860   -0.00000004    0.01700449 0.00292412 0.00000000  0.29D-03      4.89

 ** WVFN ****  CONVERGENCE REACHED, FINAL GRADIENT:  0.29D-02



 Results for state 1.1
 =====================

 !MCSCF STATE 1.1 Energy            -3382.967878659690
 Nuclear energy                         0.00000000
 Kinetic energy                      3695.25120353
 One electron energy                -4675.11539288
 Two electron energy                 1292.14751422
 Virial ratio                           1.91549064

 !MCSCF STATE 1.1 Dipole moment         0.00000000     0.00000000     0.00000000
 Dipole moment /Debye                   0.00000000     0.00000000     0.00000000

 Results for state 2.1
 =====================

 !MCSCF STATE 2.1 Energy            -3382.967878531164
 Nuclear energy                         0.00000000
 Kinetic energy                      3695.25120686
 One electron energy                -4675.11540843
 Two electron energy                 1292.14752990
 Virial ratio                           1.91549064

 !MCSCF STATE 2.1 Dipole moment         0.00000000     0.00000000     0.00000000
 Dipole moment /Debye                   0.00000000     0.00000000     0.00000000



 Results for state 1.4
 =====================

 !MCSCF STATE 1.4 Energy            -3382.967878621722
 Nuclear energy                         0.00000000
 Kinetic energy                      3695.25120078
 One electron energy                -4675.11538771
 Two electron energy                 1292.14750909
 Virial ratio                           1.91549064

 !MCSCF STATE 1.4 Dipole moment         0.00000000     0.00000000     0.00000000
 Dipole moment /Debye                   0.00000000     0.00000000     0.00000000



 Results for state 1.6
 =====================

 !MCSCF STATE 1.6 Energy            -3382.967878633552
 Nuclear energy                         0.00000000
 Kinetic energy                      3695.25120635
 One electron energy                -4675.11540901
 Two electron energy                 1292.14753037
 Virial ratio                           1.91549064

 !MCSCF STATE 1.6 Dipole moment         0.00000000     0.00000000     0.00000000
 Dipole moment /Debye                   0.00000000     0.00000000     0.00000000



 Results for state 1.7
 =====================

 !MCSCF STATE 1.7 Energy            -3382.967878531668
 Nuclear energy                         0.00000000
 Kinetic energy                      3695.25120593
 One electron energy                -4675.11540699
 Two electron energy                 1292.14752845
 Virial ratio                           1.91549064

 !MCSCF STATE 1.7 Dipole moment         0.00000000     0.00000000     0.00000000
 Dipole moment /Debye                   0.00000000     0.00000000     0.00000000

 State-averaged charge density matrix saved on record  5202.2 (density set 1)


 NATURAL ORBITALS (state averaged)
 =================================

   Orb     Occ        Energy       Coefficients

                                   1 1s      1 1s      1 1s      1 1s      1 1s      1 1s      1 1s      1 1s      1 1s      1 1s   
                                   1 1s      1 1s      1 1s      1 1s      1 1s      1 1s      1 1s      1 1s      1 1s      1 1s   
                                   1 1s      1 1s      1 1s      1 1s      1 1s      1 1s      1 1s      1 1s      1 1s      1 1s   
                                   1 1s      1 3d0     1 3d2+    1 3d0     1 3d2+    1 3d0     1 3d2+    1 3d0     1 3d2+    1 3d0  
                                   1 3d2+    1 3d0     1 3d2+    1 3d0     1 3d2+    1 3d0     1 3d2+    1 3d0     1 3d2+    1 3d0  
                                   1 3d2+    1 3d0     1 3d2+    1 3d0     1 3d2+    1 3d0     1 3d2+    1 3d0     1 3d2+    1 3d0  
                                   1 3d2+    1 3d0     1 3d2+    1 3d0     1 3d2+    1 3d0     1 3d2+    1 3d0     1 3d2+    1 3d0  
                                   1 3d2+    1 5g0     1 5g4+    1 5g2+    1 5g0     1 5g4+    1 5g2+    1 5g0     1 5g4+    1 5g2+ 


   1.1  2.00000  -629.656043     0.000041  0.000109  0.000302  0.000698  0.001520  0.003159  0.006523  0.013590  0.028844  0.061543
                                 0.126272  0.229723  0.321096  0.274180 -0.006114  0.101212  0.004787  0.003363 -0.005671  0.014946
                                -0.013804  0.011222 -0.010515  0.003715 -0.002223  0.000655 -0.000061  0.000019 -0.000015  0.000006
                                -0.000001 -0.000000 -0.000000 -0.000000 -0.000000 -0.000000 -0.000000 -0.000000 -0.000000 -0.000000
                                -0.000000 -0.000000 -0.000000  0.000000  0.000000 -0.000000 -0.000000 -0.000000 -0.000000 -0.000000
                                -0.000000 -0.000000 -0.000000 -0.000000 -0.000000  0.000000  0.000000 -0.000000 -0.000000  0.000000
                                 0.000000 -0.000000 -0.000000  0.000000  0.000000 -0.000000 -0.000000  0.000000  0.000000 -0.000000
                                -0.000000  0.000000  0.000000  0.000000  0.000000  0.000000  0.000000  0.000000  0.000000  0.000000

   2.1  2.00000   -88.865896    -0.000013 -0.000036 -0.000099 -0.000230 -0.000501 -0.001045 -0.002170 -0.004562 -0.009831 -0.021569
                                -0.046648 -0.094077 -0.160103 -0.184513  0.004493 -0.024627  0.372691  0.539874  0.216591  0.030373
                                -0.009570  0.039618 -0.037759  0.015024 -0.009440  0.002795 -0.000310  0.000087 -0.000071  0.000027
                                -0.000007 -0.000000 -0.000000 -0.000000 -0.000000 -0.000000 -0.000000 -0.000000 -0.000000 -0.000000
                                -0.000000 -0.000000 -0.000000  0.000000  0.000000 -0.000000 -0.000000 -0.000000 -0.000000 -0.000000
                                -0.000000 -0.000000 -0.000000 -0.000000 -0.000000  0.000000  0.000000 -0.000000 -0.000000  0.000000
                                 0.000000 -0.000000 -0.000000  0.000000  0.000000 -0.000000 -0.000000  0.000000  0.000000 -0.000000
                                -0.000000  0.000000  0.000000  0.000000  0.000000  0.000000  0.000000  0.000000  0.000000  0.000000

   3.1  2.00000   -15.311963     0.000006  0.000015  0.000041  0.000095  0.000207  0.000433  0.000898  0.001891  0.004084  0.008995
                                 0.019593  0.040097  0.070212  0.085332 -0.003437  0.012370 -0.239480 -0.483836 -0.193704 -0.036623
                                 0.520773  0.745940 -0.084715  0.231517 -0.063766  0.024825 -0.001183  0.000643 -0.000507  0.000189
                                -0.000049 -0.000000  0.000000 -0.000000  0.000000 -0.000000  0.000000 -0.000000  0.000000 -0.000000
                                 0.000000 -0.000000  0.000000  0.000000 -0.000000 -0.000000  0.000000 -0.000000  0.000000 -0.000000
                                 0.000000 -0.000000  0.000000 -0.000000  0.000000  0.000000 -0.000000 -0.000000  0.000000  0.000000
                                -0.000000 -0.000000  0.000000  0.000000 -0.000000 -0.000000  0.000000  0.000000 -0.000000 -0.000000
                                 0.000000  0.000000  0.000000  0.000000  0.000000  0.000000  0.000000  0.000000  0.000000  0.000000

   4.1  2.00000    -6.484865     0.000000  0.000000  0.000000  0.000000  0.000000  0.000000  0.000000  0.000000  0.000000  0.000000
                                 0.000000  0.000000  0.000000  0.000000 -0.000000  0.000000 -0.000000 -0.000000 -0.000000 -0.000000
                                 0.000000  0.000000  0.000000 -0.000000  0.000000 -0.000000 -0.000000 -0.000000  0.000000  0.000000
                                 0.000000 -0.000000  0.000171 -0.000000  0.001504 -0.000000  0.008891 -0.000000  0.035007 -0.000000
                                 0.101950 -0.000000  0.219260  0.000000 -0.000658 -0.000000  0.324345 -0.000000  0.332850 -0.000000
                                 0.197693 -0.000000  0.047510 -0.000000  0.001618  0.000000 -0.003047 -0.000000  0.005765  0.000000
                                -0.004202 -0.000000  0.003335  0.000000 -0.001973 -0.000000  0.001005  0.000000 -0.000103 -0.000000
                                 0.000027  0.000000  0.000000  0.000000  0.000000  0.000000  0.000000  0.000000  0.000000  0.000000

   5.1  2.00000    -6.484865     0.000000  0.000000  0.000000  0.000000  0.000000  0.000000  0.000000  0.000000  0.000000  0.000000
                                 0.000000  0.000000  0.000000  0.000000  0.000000 -0.000000  0.000000  0.000000  0.000000  0.000000
                                -0.000000 -0.000000  0.000000 -0.000000  0.000000  0.000000  0.000000 -0.000000 -0.000000 -0.000000
                                -0.000000  0.000171  0.000000  0.001504  0.000000  0.008891  0.000000  0.035007  0.000000  0.101950
                                 0.000000  0.219260  0.000000 -0.000658 -0.000000  0.324345  0.000000  0.332850  0.000000  0.197693
                                 0.000000  0.047510  0.000000  0.001618  0.000000 -0.003047 -0.000000  0.005765  0.000000 -0.004202
                                -0.000000  0.003335  0.000000 -0.001973 -0.000000  0.001005  0.000000 -0.000103 -0.000000  0.000027
                                 0.000000  0.000000  0.000000  0.000000  0.000000  0.000000  0.000000  0.000000  0.000000  0.000000

   6.1  2.00000    -2.238694    -0.000002 -0.000005 -0.000015 -0.000035 -0.000076 -0.000159 -0.000331 -0.000696 -0.001505 -0.003314
                                -0.007237 -0.014823 -0.026163 -0.031713  0.000085 -0.003277  0.094121  0.207266  0.067754  0.106131
                                -0.390009 -0.337680 -0.322161  0.063327 -0.159686  0.826525  0.543498  0.041118 -0.021292  0.006510
                                -0.001558  0.000000  0.000000  0.000000  0.000000  0.000000  0.000000  0.000000  0.000000  0.000000
                                 0.000000  0.000000  0.000000 -0.000000 -0.000000  0.000000  0.000000  0.000000  0.000000  0.000000
                                 0.000000  0.000000  0.000000  0.000000  0.000000 -0.000000 -0.000000  0.000000  0.000000 -0.000000
                                -0.000000  0.000000  0.000000 -0.000000 -0.000000  0.000000  0.000000 -0.000000 -0.000000  0.000000
                                 0.000000  0.000000  0.000000  0.000000  0.000000  0.000000  0.000000  0.000000  0.000000  0.000000

   7.1  2.00000    -0.201278     0.000001  0.000001  0.000004  0.000009  0.000021  0.000043  0.000089  0.000187  0.000404  0.000891
                                 0.001944  0.003990  0.007028  0.008615 -0.000316  0.001219 -0.025828 -0.056203 -0.021073 -0.017481
                                 0.094947  0.144675  0.047172  0.021819 -0.002948 -0.283177 -0.394157  0.180403  0.657178  0.356725
                                 0.002653 -0.000000 -0.000000 -0.000000 -0.000000 -0.000000 -0.000000 -0.000000 -0.000000 -0.000000
                                -0.000000 -0.000000 -0.000000  0.000000  0.000000 -0.000000 -0.000000 -0.000000 -0.000000 -0.000000
                                -0.000000 -0.000000 -0.000000 -0.000000 -0.000000  0.000000  0.000000 -0.000000 -0.000000  0.000000
                                 0.000000 -0.000000 -0.000000  0.000000  0.000000 -0.000000 -0.000000  0.000000  0.000000 -0.000000
                                -0.000000  0.000000  0.000000  0.000000  0.000000  0.000000  0.000000  0.000000  0.000000  0.000000

   8.1  0.20000     0.088361     0.000000  0.000000  0.000000  0.000000  0.000000  0.000000  0.000000  0.000000  0.000000  0.000000
                                 0.000000  0.000000  0.000000  0.000000 -0.000000  0.000000 -0.000000 -0.000000 -0.000000 -0.000000
                                 0.000000  0.000000  0.000000  0.000000  0.000000 -0.000000 -0.000000  0.000000  0.000000  0.000000
                                 0.000000 -0.000036 -0.000000 -0.000315 -0.000000 -0.001886 -0.000000 -0.007371 -0.000000 -0.022020
                                -0.000000 -0.044389 -0.000000 -0.003581 -0.000000 -0.065285 -0.000000 -0.066610 -0.000000  0.010221
                                -0.000000  0.146083  0.000000  0.074189  0.000000  0.186840  0.000000  0.196883  0.000000  0.244216
                                 0.000000  0.165683  0.000000  0.112304  0.000000  0.098488  0.000000  0.027699  0.000000 -0.003137
                                -0.000000  0.000000  0.000000  0.000000  0.000000  0.000000  0.000000  0.000000  0.000000  0.000000

   9.1  0.20000     0.088360     0.000000  0.000000  0.000000  0.000000  0.000000  0.000000  0.000000  0.000000  0.000000  0.000000
                                 0.000000  0.000000  0.000000  0.000000 -0.000000  0.000000 -0.000000 -0.000000 -0.000000 -0.000000
                                 0.000000  0.000000  0.000000 -0.000000  0.000000 -0.000000 -0.000000  0.000000  0.000000  0.000000
                                 0.000000  0.000000  0.000036  0.000000  0.000315  0.000000  0.001886  0.000000  0.007371  0.000000
                                 0.022020  0.000000  0.044388 -0.000000  0.003581  0.000000  0.065285  0.000000  0.066610  0.000000
                                -0.010221  0.000000 -0.146080  0.000000 -0.074196 -0.000000 -0.186825  0.000000 -0.196901 -0.000000
                                -0.244190  0.000000 -0.165718 -0.000000 -0.112258  0.000000 -0.098521 -0.000000 -0.027701  0.000000
                                 0.003139  0.000000  0.000000  0.000000  0.000000  0.000000  0.000000  0.000000  0.000000  0.000000

                                   1 2px     1 2px     1 2px     1 2px     1 2px     1 2px     1 2px     1 2px     1 2px     1 2px  
                                   1 2px     1 2px     1 2px     1 2px     1 2px     1 2px     1 2px     1 2px     1 2px     1 2px  
                                   1 2px     1 2px     1 2px     1 2px     1 2px     1 2px     1 4f1+    1 4f3+    1 4f1+    1 4f3+ 
                                   1 4f1+    1 4f3+    1 4f1+    1 4f3+ 

   1.2  2.00000   -78.912963     0.000014  0.000053  0.000206  0.000769  0.002805  0.009658  0.030133  0.082172  0.183298  0.308906
                                 0.340234  0.185144  0.005599  0.036947  0.012738 -0.016313  0.018474 -0.013980  0.007147 -0.002719
                                 0.000353 -0.000126  0.000046 -0.000015  0.000006 -0.000002  0.000000  0.000000  0.000000  0.000000
                                 0.000000  0.000000  0.000000  0.000000

   2.2  2.00000   -11.981362    -0.000006 -0.000022 -0.000087 -0.000327 -0.001195 -0.004146 -0.013096 -0.036655 -0.084973 -0.151193
                                -0.169277 -0.004754 -0.000356  0.297150  0.469228 -0.000026  0.313068 -0.028402  0.075417 -0.009649
                                 0.003361 -0.000878  0.000307 -0.000124  0.000043 -0.000013  0.000000  0.000000  0.000000  0.000000
                                 0.000000  0.000000  0.000000  0.000000

   3.2  2.00000    -1.304412     0.000002  0.000007  0.000029  0.000110  0.000402  0.001396  0.004413  0.012414  0.028910  0.052041
                                 0.058037 -0.002465 -0.005562 -0.125163 -0.244935  0.051055 -0.285835  0.244063 -0.151566  0.472914
                                 0.472493  0.219115  0.036267  0.003504  0.000002  0.000043  0.000000  0.000000  0.000000  0.000000
                                 0.000000  0.000000  0.000000  0.000000

                                   1 2py     1 2py     1 2py     1 2py     1 2py     1 2py     1 2py     1 2py     1 2py     1 2py  
                                   1 2py     1 2py     1 2py     1 2py     1 2py     1 2py     1 2py     1 2py     1 2py     1 2py  
                                   1 2py     1 2py     1 2py     1 2py     1 2py     1 2py     1 4f1-    1 4f3-    1 4f1-    1 4f3- 
                                   1 4f1-    1 4f3-    1 4f1-    1 4f3- 

   1.3  2.00000   -78.912963     0.000014  0.000053  0.000206  0.000769  0.002805  0.009658  0.030133  0.082172  0.183298  0.308906
                                 0.340234  0.185143  0.005601  0.036946  0.012740 -0.016314  0.018473 -0.013976  0.007142 -0.002716
                                 0.000352 -0.000125  0.000046 -0.000015  0.000006 -0.000002  0.000000  0.000000  0.000000  0.000000
                                 0.000000  0.000000  0.000000  0.000000

   2.3  2.00000   -11.981362    -0.000006 -0.000022 -0.000087 -0.000327 -0.001195 -0.004146 -0.013096 -0.036655 -0.084973 -0.151193
                                -0.169276 -0.004763 -0.000343  0.297140  0.469249 -0.000060  0.313103 -0.028428  0.075430 -0.009655
                                 0.003362 -0.000878  0.000306 -0.000124  0.000043 -0.000013  0.000000  0.000000  0.000000  0.000000
                                 0.000000  0.000000  0.000000  0.000000

   3.3  2.00000    -1.304412     0.000002  0.000007  0.000029  0.000110  0.000402  0.001396  0.004413  0.012414  0.028910  0.052041
                                 0.058037 -0.002463 -0.005567 -0.125156 -0.244979  0.051165 -0.286028  0.244278 -0.151733  0.473004
                                 0.472473  0.219124  0.036261  0.003503  0.000002  0.000043  0.000000  0.000000  0.000000  0.000000
                                 0.000000  0.000000  0.000000  0.000000

                                   1 3d2-    1 3d2-    1 3d2-    1 3d2-    1 3d2-    1 3d2-    1 3d2-    1 3d2-    1 3d2-    1 3d2- 
                                   1 3d2-    1 3d2-    1 3d2-    1 3d2-    1 3d2-    1 3d2-    1 3d2-    1 3d2-    1 3d2-    1 3d2- 
                                   1 5g2-    1 5g4-    1 5g2-    1 5g4-    1 5g2-    1 5g4- 

   1.4  2.00000    -6.484865     0.000171  0.001504  0.008891  0.035007  0.101950  0.219260 -0.000658  0.324345  0.332850  0.197693
                                 0.047510  0.001618 -0.003047  0.005765 -0.004202  0.003335 -0.001973  0.001005 -0.000103  0.000027
                                 0.000000  0.000000  0.000000  0.000000  0.000000  0.000000

   2.4  0.20000     0.088361    -0.000036 -0.000315 -0.001886 -0.007371 -0.022020 -0.044388 -0.003581 -0.065285 -0.066609  0.010221
                                 0.146082  0.074189  0.186838  0.196884  0.244213  0.165688  0.112299  0.098493  0.027698 -0.003134
                                 0.000000  0.000000  0.000000  0.000000  0.000000  0.000000

                                   1 2pz     1 2pz     1 2pz     1 2pz     1 2pz     1 2pz     1 2pz     1 2pz     1 2pz     1 2pz  
                                   1 2pz     1 2pz     1 2pz     1 2pz     1 2pz     1 2pz     1 2pz     1 2pz     1 2pz     1 2pz  
                                   1 2pz     1 2pz     1 2pz     1 2pz     1 2pz     1 2pz     1 4f0     1 4f2+    1 4f0     1 4f2+ 
                                   1 4f0     1 4f2+    1 4f0     1 4f2+ 

   1.5  2.00000   -78.912963     0.000014  0.000053  0.000206  0.000769  0.002805  0.009658  0.030133  0.082172  0.183298  0.308906
                                 0.340234  0.185143  0.005600  0.036946  0.012738 -0.016311  0.018469 -0.013973  0.007140 -0.002715
                                 0.000352 -0.000125  0.000046 -0.000015  0.000006 -0.000002  0.000000  0.000000  0.000000  0.000000
                                 0.000000  0.000000  0.000000  0.000000

   2.5  2.00000   -11.981362    -0.000006 -0.000022 -0.000087 -0.000327 -0.001195 -0.004146 -0.013096 -0.036655 -0.084973 -0.151194
                                -0.169275 -0.004773 -0.000330  0.297133  0.469260 -0.000078  0.313118 -0.028434  0.075429 -0.009652
                                 0.003361 -0.000878  0.000307 -0.000124  0.000043 -0.000013  0.000000  0.000000  0.000000  0.000000
                                 0.000000  0.000000  0.000000  0.000000

   3.5  2.00000    -1.304412     0.000002  0.000007  0.000029  0.000110  0.000402  0.001396  0.004413  0.012414  0.028910  0.052041
                                 0.058036 -0.002462 -0.005565 -0.125163 -0.244944  0.051084 -0.285894  0.244136 -0.151632  0.472956
                                 0.472480  0.219124  0.036260  0.003504  0.000001  0.000043  0.000000  0.000000  0.000000  0.000000
                                 0.000000  0.000000  0.000000  0.000000

                                   1 3d1+    1 3d1+    1 3d1+    1 3d1+    1 3d1+    1 3d1+    1 3d1+    1 3d1+    1 3d1+    1 3d1+ 
                                   1 3d1+    1 3d1+    1 3d1+    1 3d1+    1 3d1+    1 3d1+    1 3d1+    1 3d1+    1 3d1+    1 3d1+ 
                                   1 5g1+    1 5g3+    1 5g1+    1 5g3+    1 5g1+    1 5g3+ 

   1.6  2.00000    -6.484865     0.000171  0.001504  0.008891  0.035007  0.101950  0.219260 -0.000658  0.324345  0.332850  0.197693
                                 0.047510  0.001618 -0.003047  0.005765 -0.004202  0.003335 -0.001973  0.001005 -0.000103  0.000027
                                 0.000000  0.000000  0.000000  0.000000  0.000000  0.000000

   2.6  0.20000     0.088361    -0.000036 -0.000315 -0.001886 -0.007371 -0.022020 -0.044388 -0.003581 -0.065285 -0.066609  0.010221
                                 0.146082  0.074189  0.186840  0.196884  0.244215  0.165685  0.112302  0.098490  0.027699 -0.003136
                                 0.000000  0.000000  0.000000  0.000000  0.000000  0.000000

                                   1 3d1-    1 3d1-    1 3d1-    1 3d1-    1 3d1-    1 3d1-    1 3d1-    1 3d1-    1 3d1-    1 3d1- 
                                   1 3d1-    1 3d1-    1 3d1-    1 3d1-    1 3d1-    1 3d1-    1 3d1-    1 3d1-    1 3d1-    1 3d1- 
                                   1 5g1-    1 5g3-    1 5g1-    1 5g3-    1 5g1-    1 5g3- 

   1.7  2.00000    -6.484865     0.000171  0.001504  0.008891  0.035007  0.101950  0.219260 -0.000658  0.324345  0.332850  0.197693
                                 0.047510  0.001618 -0.003047  0.005765 -0.004202  0.003335 -0.001973  0.001005 -0.000103  0.000027
                                 0.000000  0.000000  0.000000  0.000000  0.000000  0.000000

   2.7  0.20000     0.088361    -0.000036 -0.000315 -0.001886 -0.007371 -0.022020 -0.044388 -0.003581 -0.065285 -0.066609  0.010221
                                 0.146082  0.074189  0.186839  0.196884  0.244215  0.165685  0.112302  0.098490  0.027699 -0.003136
                                 0.000000  0.000000  0.000000  0.000000  0.000000  0.000000
 

 EXTRA SYMMETRY OF MOS IN SYMMETRY 1:   1 1 1 3 2 1 1 2 3 1   2 3 2 3 1 2 3 4 6 5   1 2 3 2 3 4 6 5 1 2   3 2 3 1 5 6 4 2 3 2
                                        3 1 3 2 1 3 2 1 3 2   1 3 2 1 3 2 1 3 2 1   1 3 2 1 3 2 1 1 3 2   1 1 1 1 1 1 1 1 1 1
 EXTRA SYMMETRY OF MOS IN SYMMETRY 2:   1 1 1 1 1 3 2 1 1 3   2 1 3 2 1 3 2 1 1 1   1 1 1 1 1 1 1 1 1 1   1 1 1 1
 EXTRA SYMMETRY OF MOS IN SYMMETRY 3:   1 1 1 1 1 2 3 1 1 2   3 1 2 3 1 3 2 1 1 1   1 1 1 1 1 1 1 1 1 1   1 1 1 1
 EXTRA SYMMETRY OF MOS IN SYMMETRY 4:   1 1 1 1 1 2 3 1 1 2   3 1 1 3 2 1 1 1 1 1   1 1 1 1 1 1
 EXTRA SYMMETRY OF MOS IN SYMMETRY 5:   1 1 1 1 1 2 3 1 1 2   3 1 3 2 1 3 2 1 1 1   1 1 1 1 1 1 1 1 1 1   1 1 1 1
 EXTRA SYMMETRY OF MOS IN SYMMETRY 6:   1 1 1 1 1 3 2 1 1 3   2 1 1 3 2 1 1 1 1 1   1 1 1 1 1 1
 EXTRA SYMMETRY OF MOS IN SYMMETRY 7:   1 1 1 1 1 2 3 1 1 2   3 1 1 3 2 1 1 1 1 1   1 1 1 1 1 1

 Natural orbital dump (state averaged) at molpro section  5202.2    (Orbital set 2)


 CI vector for state symmetry 1
 ==============================

 0a 0 0 0          0.8371638  -0.5469522
 a0 0 0 0          0.5469522   0.8371638

 TOTAL ENERGIES                     -3382.96787866 -3382.96787853

 CI vector for state symmetry 2
 ==============================

 00 a 0 0          1.0000000

 TOTAL ENERGIES                     -3382.96787862

 CI vector for state symmetry 3
 ==============================

 00 0 a 0          1.0000000

 TOTAL ENERGIES                     -3382.96787863

 CI vector for state symmetry 4
 ==============================

 00 0 0 a          1.0000000

 TOTAL ENERGIES                     -3382.96787853



 **********************************************************************************************************************************
 DATASETS  * FILE   NREC   LENGTH (MB)   RECORD NAMES
              1      23       54.56       500      610      700      900      950      970     1000      129      960     1700   
                                          VAR    BASINP    GEOM    SYMINP    ZMAT    AOBASIS   BASIS     P2S    ABASIS    OPER   
                                         1101     1401     1411     1412     1650     1100     1400     1410     1200     1210   
                                          SR      EKINR    POTR     PVPR    MOLCAS      S      EKIN      POT      H0       H01  
                                         1080     1600     1380   
                                         AOSYM     SMH     JKOP   

              2       6        8.65       200      700     1000      520     4202     5202   
                                        OPTIONS   GEOM     BASIS   MCVARS     RHF     MCSCF   

 PROGRAMS   *        TOTAL     MULTI       POP       RHF       INT
 CPU TIMES  *        55.07     11.61      0.00      0.95     42.05
 REAL TIME  *        64.36 SEC
 DISK USED  *         1.32 GB      
 SF USED    *       143.34 MB      
 GA USED    *         0.00 MB       (max)       0.00 MB       (current)
 **********************************************************************************************************************************


 PROGRAM * RHF-SCF (OPEN SHELL)       Authors: W. Meyer, H.-J. Werner


 NUMBER OF ELECTRONS:      20+   19-    SPACE SYMMETRY=1    SPIN SYMMETRY: Doublet 
 CONVERGENCE THRESHOLDS:    1.00E-05 (Density)    1.00E-07 (Energy)
 MAX. NUMBER OF ITERATIONS:        0
 INTERPOLATION TYPE:            DIIS
 INTERPOLATION STEPS:              2 (START)      1 (STEP)
 LEVEL SHIFTS:                 -0.60 (CLOSED) -0.30 (OPEN) 

 Number of closed-shell orbitals:   19 (   7   3   3   1   3   1   1   0 )
 Number of open-shell orbitals:      1 (   1   0   0   0   0   0   0   0 )


 
 Extra symmetries of mos in symmetry 1:   1   1   1   3   2   1   1   3   2
 Molecular orbitals read from record     5202.2  Type=MCSCF/NATURAL (state averaged)

 Molecular orbital dump at record        2101.2

 ITERATION    DDIFF          GRAD             ENERGY        2-EL.EN.            DIPOLE MOMENTS         DIIS   ORB.
    1      0.000D+00      0.000D+00     -3382.96787862   2584.295005    0.00000    0.00000    0.00000    0    start

 Final alpha occupancy:   8   3   3   1   3   1   1   0
 Final beta  occupancy:   7   3   3   1   3   1   1   0

 !RHF STATE 1.1 Energy              -3382.967878621237
 Nuclear energy                         0.00000000
 One-electron energy                -4675.11538130
 Two-electron energy                 1292.14750268
 Virial quotient                       -0.91549064
 !RHF STATE 1.1 Dipole moment           0.00000000     0.00000000     0.00000000
 Dipole moment /Debye                   0.00000000     0.00000000     0.00000000

 Orbital energies:

         1.1          2.1          3.1          4.1          5.1          6.1          7.1          8.1          9.1         10.1
   -629.656043   -88.865896   -15.311963    -6.484865    -6.484865    -2.238694    -0.201278     0.088360     0.088361     0.023211

         1.2          2.2          3.2          4.2          5.2
    -78.912963   -11.981362    -1.304412     0.011612     0.043383

         1.3          2.3          3.3          4.3          5.3
    -78.912963   -11.981362    -1.304412     0.011612     0.043383

         1.4          2.4          3.4
     -6.484865     0.088361     0.033155

         1.5          2.5          3.5          4.5          5.5
    -78.912963   -11.981362    -1.304412     0.011612     0.043383

         1.6          2.6          3.6
     -6.484865     0.088361     0.033155

         1.7          2.7          3.7
     -6.484865     0.088361     0.033155

         1.8          2.8
      0.151213     0.484719

 HOMO      8.1     0.088360 =       2.4044eV
 LUMO      4.3     0.011612 =       0.3160eV
 LUMO-HOMO        -0.076749 =      -2.0884eV


 **********************************************************************************************************************************
 DATASETS  * FILE   NREC   LENGTH (MB)   RECORD NAMES
              1      23       54.56       500      610      700      900      950      970     1000      129      960     1700   
                                          VAR    BASINP    GEOM    SYMINP    ZMAT    AOBASIS   BASIS     P2S    ABASIS    OPER   
                                         1101     1401     1411     1412     1650     1100     1400     1410     1200     1210   
                                          SR      EKINR    POTR     PVPR    MOLCAS      S      EKIN      POT      H0       H01  
                                         1080     1600     1380   
                                         AOSYM     SMH     JKOP   

              2       7       11.78       200      700     1000      520     4202     5202     2101   
                                        OPTIONS   GEOM     BASIS   MCVARS     RHF     MCSCF     RHF  

 PROGRAMS   *        TOTAL       RHF     MULTI       POP       RHF       INT
 CPU TIMES  *        55.12      0.05     11.61      0.00      0.95     42.05
 REAL TIME  *        64.45 SEC
 DISK USED  *         1.32 GB      
 SF USED    *       143.34 MB      
 GA USED    *         0.00 MB       (max)       0.00 MB       (current)
 **********************************************************************************************************************************
 SETTING SCF(1)         =     -3382.96787862  AU                              
 SETTING _CC_NORM_MAX   =         2.00000000                                  


 PROGRAM * CCSD (Restricted open-shell coupled cluster)     Authors: C. Hampel, H.-J. Werner, 1991, M. Deegan, P.J. Knowles, 1992


 Convergence thresholds:  THRVAR = 1.00D-08  THRDEN = 1.00D-06

 CCSD(T)     terms to be evaluated (factor= 1.000)


 Number of core orbitals:          14 (   5   2   2   1   2   1   1   0 )
 Number of closed-shell orbitals:   5 (   2   1   1   0   1   0   0   0 )
 Number of active  orbitals:        1 (   1   0   0   0   0   0   0   0 )
 Number of external orbitals:     244 (  72  31  31  25  31  25  25   4 )

 Memory could be reduced to 26.09 Mwords without degradation in triples

 Number of N-1 electron functions:              11
 Number of N-2 electron functions:              55
 Number of singly external CSFs:               551
 Number of doubly external CSFs:            350358
 Total number of CSFs:                      350909

 Molecular orbitals read from record     2101.2  Type=RHF/CANONICAL (state 1.1)

 Integral transformation finished. Total CPU:   0.49 sec, npass=  1  Memory used:   3.96 MW

 Starting RMP2 calculation

 Wavefunction is spin-projected

 ITER.      SQ.NORM     CORR.ENERGY   TOTAL ENERGY   ENERGY CHANGE        DEN1      VAR(S)    VAR(P)  DIIS     TIME
   1      1.10585243    -0.30027007 -3383.26814869    -0.30027007    -0.00174749  0.83D-04  0.17D-02  1  1     0.56
   2      1.11125227    -0.30228157 -3383.27016019    -0.00201150    -0.00004821  0.74D-05  0.54D-04  2  2     0.64
   3      1.11241797    -0.30257613 -3383.27045475    -0.00029456    -0.00000066  0.37D-06  0.49D-06  3  3     0.67
   4      1.11246933    -0.30258315 -3383.27046177    -0.00000702    -0.00000002  0.18D-07  0.96D-08  4  4     0.71
   5      1.11246804    -0.30258258 -3383.27046120     0.00000057    -0.00000000  0.62D-09  0.14D-09  5  5     0.74

 Norm of t1 vector:      0.04779254      S-energy:    -0.00295528      T1 diagnostic:  0.00795868
 Norm of t2 vector:      0.33193963      P-energy:    -0.29962730
                                         Alpha-Beta:  -0.22351936
                                         Alpha-Alpha: -0.04409279
                                         Beta-Beta:   -0.03201515

 Spin contamination <S**2-Sz**2-Sz>     0.00000000
  Reference energy                  -3382.967878621239
  RHF-RMP2 correlation energy          -0.302582576760
 !RHF-RMP2 energy                   -3383.270461197999
 (NB above energy spin projected)

 Starting RCCSD calculation

 ITER.      SQ.NORM     CORR.ENERGY   TOTAL ENERGY   ENERGY CHANGE        DEN1      VAR(S)    VAR(P)  DIIS     TIME
   1      1.11210710    -0.30701316 -3383.27489178    -0.30701316    -0.00707223  0.23D-02  0.33D-02  1  1     1.01
   2      1.13046491    -0.31438115 -3383.28225977    -0.00736800    -0.00086196  0.43D-03  0.66D-03  2  2     1.36
   3      1.14128904    -0.31621664 -3383.28409526    -0.00183548    -0.00022385  0.17D-03  0.16D-03  3  3     1.59
   4      1.14951362    -0.31724863 -3383.28512725    -0.00103199    -0.00005565  0.48D-04  0.33D-04  4  4     1.82
   5      1.15486792    -0.31779114 -3383.28566976    -0.00054251    -0.00001862  0.17D-04  0.98D-05  5  5     2.04
   6      1.15725315    -0.31793635 -3383.28581497    -0.00014521    -0.00000848  0.83D-05  0.47D-05  6  6     2.27
   7      1.15814248    -0.31792880 -3383.28580742     0.00000755    -0.00000337  0.35D-05  0.17D-05  6  1     2.50
   8      1.15889800    -0.31796217 -3383.28584079    -0.00003337    -0.00000160  0.17D-05  0.78D-06  6  6     2.74
   9      1.15924234    -0.31794911 -3383.28582773     0.00001306    -0.00000063  0.59D-06  0.32D-06  6  3     2.97
  10      1.15928740    -0.31794400 -3383.28582263     0.00000510    -0.00000018  0.21D-06  0.72D-07  6  2     3.22
  11      1.15935758    -0.31794661 -3383.28582523    -0.00000261    -0.00000010  0.11D-06  0.36D-07  6  6     3.43
  12      1.15939986    -0.31795153 -3383.28583015    -0.00000492    -0.00000011  0.12D-06  0.47D-07  6  4     3.67
  13      1.15912891    -0.31793041 -3383.28580903     0.00002112    -0.00000027  0.24D-06  0.16D-06  6  5     3.90
  14      1.15905096    -0.31791905 -3383.28579767     0.00001136    -0.00000037  0.31D-06  0.25D-06  6  1     4.14
  15      1.15912575    -0.31791731 -3383.28579593     0.00000174    -0.00000030  0.24D-06  0.21D-06  6  3     4.47
  16      1.15925769    -0.31791485 -3383.28579347     0.00000246    -0.00000037  0.20D-06  0.31D-06  6  2     4.69
  17      1.15945552    -0.31793401 -3383.28581263    -0.00001916    -0.00000016  0.74D-07  0.14D-06  6  6     4.92
  18      1.15955349    -0.31794132 -3383.28581994    -0.00000731    -0.00000010  0.45D-07  0.90D-07  6  2     5.13
  19      1.15955407    -0.31794340 -3383.28582202    -0.00000208    -0.00000006  0.30D-07  0.51D-07  6  6     5.35
  20      1.15958625    -0.31794728 -3383.28582590    -0.00000388    -0.00000003  0.17D-07  0.22D-07  6  2     5.58
  21      1.15956873    -0.31794758 -3383.28582620    -0.00000030    -0.00000001  0.79D-08  0.83D-08  6  6     5.82
  22      1.15957263    -0.31794965 -3383.28582827    -0.00000207    -0.00000000  0.19D-08  0.37D-08  6  4     6.06
  23      1.15956627    -0.31794866 -3383.28582728     0.00000099    -0.00000000  0.13D-08  0.20D-08  6  5     6.27

 Norm of t1 vector:      0.14100029      S-energy:    -0.00351141      T1 diagnostic:  0.02844234
                                                                       D1 diagnostic:  0.09333767
 Norm of t2 vector:      0.37374481      P-energy:    -0.31443725
                                         Alpha-Beta:  -0.24228685
                                         Alpha-Alpha: -0.04194661
                                         Beta-Beta:   -0.03020380

 Singles amplitudes (print threshold =  0.500E-01):

         I         SYM. A    A   T(IA) [Alpha-Alpha]

         2         1         8      0.05945081
 
         I         SYM. A    A   T(IA) [Beta-Beta]

         2         1         2      0.08223606

 Doubles amplitudes (print threshold =  0.500E-01):

         I         J         SYM. A    SYM. B    A         B      T(IJ, AB) [Alpha-Beta]

         2         2         5         5         2         2     -0.05247212
         3         2         1         1         2         1      0.05152931

 Spin contamination <S**2-Sz**2-Sz>     0.00000000

 Memory could be reduced to 26.71 Mwords without degradation in triples
 

  Correlated core orbitals:             6.1       3.2       3.3       3.5
  Orbital energies:                    -2.2538   -1.3315   -1.3315   -1.3142
 
  RCCSD core-core energy               -0.208451961836
  RCCSD core-valence energy            -0.070568783907
  RCCSD valence correlation energy     -0.038927917351
 

 RESULTS
 =======

  Reference energy                  -3382.967878621239
  RCCSD singles energy                 -0.003511410505
  RCCSD pair energy                    -0.314437252589
  RCCSD correlation energy             -0.317948663094
  Triples (T) contribution             -0.013263164967
  Total correlation energy             -0.331211828061
 
  RHF-RCCSD energy                  -3383.285827284333
  RHF-RCCSD[T] energy               -3383.299422109983
  RHF-RCCSD-T energy                -3383.299040095280
 !RHF-RCCSD(T) energy               -3383.299090449300

 Program statistics:

 Available memory in ccsd:               511999552
 Min. memory needed in ccsd:               1252585
 Max. memory used in ccsd:                 1639296
 Max. memory used in cckext:               1514623 (23 integral passes)
 Max. memory used in cckint:               3955929 ( 1 integral passes)



 **********************************************************************************************************************************
 DATASETS  * FILE   NREC   LENGTH (MB)   RECORD NAMES
              1      23       54.56       500      610      700      900      950      970     1000      129      960     1700   
                                          VAR    BASINP    GEOM    SYMINP    ZMAT    AOBASIS   BASIS     P2S    ABASIS    OPER   
                                         1101     1401     1411     1412     1650     1100     1400     1410     1200     1210   
                                          SR      EKINR    POTR     PVPR    MOLCAS      S      EKIN      POT      H0       H01  
                                         1080     1600     1380   
                                         AOSYM     SMH     JKOP   

              2       7       11.78       200      700     1000      520     4202     5202     2101   
                                        OPTIONS   GEOM     BASIS   MCVARS     RHF     MCSCF     RHF  

 PROGRAMS   *        TOTAL  RCCSD(T)       RHF     MULTI       POP       RHF       INT
 CPU TIMES  *        63.88      8.75      0.05     11.61      0.00      0.95     42.05
 REAL TIME  *        77.02 SEC
 DISK USED  *         2.21 GB      
 SF USED    *       329.84 MB      
 GA USED    *         0.00 MB       (max)       0.00 MB       (current)
 **********************************************************************************************************************************
 SETTING CCSD(1)        =     -3383.29909045  AU                              
 Output type csv         
                                                                                                                                                                                                                                                                

         SCF,CCSD
   -3382.967879,   -3383.299090
                                                  

 RCCSD(T)/USERDEF energy=  -3383.299090449300

        RCCSD(T)        RHF-SCF         MULTI           RHF-SCF 
  -3383.29909045  -3382.96787862  -3382.96787853  -3382.96962630
 **********************************************************************************************************************************
 Molpro calculation terminated
 Variable memory released
