
 Primary working directories    : /global/cscratch1/sd/haihan
 Secondary working directories  : /global/cscratch1/sd/haihan
 Wavefunction directory         : /global/homes/h/haihan/Research/ECP/f_group_element_ecps/Lu/Molpro/atom/ECP46_1/wfu/
 Main file repository           : /global/cscratch1/sd/haihan/

 SHA1      : 19cd028119e0e09f93f0674bd8af7968d9b3eff6
 NAME      : 2015.1.36
 ARCHNAME  : linux/x86_64
 FC        : /opt/cray/pe/craype/2.5.14/bin/ftn
 BLASLIB   : -L/opt/intel/compilers_and_libraries_2018.1.163/linux/mkl/lib/intel64 -Wl,-_start-group -lmkl_intel_ilp64 -lmkl_intel_thread -lmkl_core -Wl,-_end-group -liomp5
 id        : lbl

 Nodes     nprocs
 nid12745    11
 Number of processes for MPI-2 version of Molpro:   nprocs(total)=   12   nprocs(compute)=   11   nprocs(helper)=    1

 Using customized tuning parameters: mindgm=7; mindgv=16; mindgc=1; mindgr=1; noblas=0; minvec=7
 default implementation of scratch files=sf  

 ***,Calculation for Lu atom, singlet and triplet
 memory,1,g
 
 gthresh,twoint=1.e-15
 gthresh,oneint=1.e-15
 
 
 geometry={
 1
 Lu
 Lu  0.0 0.0 0.0
 }
 
 basis={
 ECP,Lu,46,4,0;
 4                                                                               !ul
 1,    4.526254,   25.000000
 3,    3.879308,   113.15635
 2,    4.406058,  -85.722649
 2,    1.899664,   -3.133952
 2                                                                               !s
 2,    8.996757,  161.119164
 2,    5.104371,   89.334835
 2                                                                               !p
 2,    7.640657,   88.693021
 2,    3.878305,   57.109488
 2                                                                               !d
 2,    7.456305,   55.901690
 2,    2.530445,   29.364333
 2                                                                               !f
 2,    4.939345,  -23.952530
 2,    3.912490,   -7.090915
 Including file /global/u2/h/haihan/Research/ECP/f_group_element_ecps/Lu/Molpro/atom/ECP46_1/6/../aug-cc-pwCVTZ.basis
 }
 
 
 
 Including file /global/u2/h/haihan/Research/ECP/f_group_element_ecps/Lu/Molpro/atom/ECP46_1/6/../Lu46_states_ecp.proc
 
 do i=6,6
     if (i.eq.1) then
         Id1s2
     else if (i.eq.2) then
         Ip1s2
     else if (i.eq.3) then
         IEd2s1
     else if (i.eq.4) then
         IEf1s2
     else if (i.eq.5) then
         IIds2
     else if (i.eq.6) then
         IId1s1
     else if (i.eq.7) then
         IIIds1
     else if (i.eq.8) then
         IIIp1
     else if (i.eq.9) then
         IIId1
     else if (i.eq.10) then
         IIIEf1
     else if (i.eq.11) then
         VIp6
     else if (i.eq.12) then
         VIIp5
     else if (i.eq.13) then
         VIIIp4
     else if (i.eq.14) then
         IXp3
     else if (i.eq.15) then
         Xp
     else if (i.eq.16) then
         XIds2
     else if (i.eq.17) then
         IIIEf2
     endif
     scf(i)=energy
     _CC_NORM_MAX=2.0
     {rccsd(t),shifts=0.5,shiftp=0.5,thrdis=1.0;diis,1,1,15,1;maxit,100;core}
     ccsd(i)=energy
 enddo
 
 table,scf,ccsd
 type,csv
 save

 Variables initialized (889), CPU time= 0.01 sec
 Commands  initialized (702), CPU time= 0.01 sec, 572 directives.
 Default parameters read. Elapsed time= 0.18 sec

 Checking input...
 Passed
1


                                         ***  PROGRAM SYSTEM MOLPRO  ***
                                       Copyright, TTI GmbH Stuttgart, 2015
                                    Version 2015.1 linked Dec 29 2018 15:55:43


 **********************************************************************************************************************************
 LABEL *   Calculation for Lu atom, singlet and triplet                                  
  64 bit mpp version                                                                     DATE: 14-Apr-23          TIME: 11:07:25  
 **********************************************************************************************************************************

 SHA1:             19cd028119e0e09f93f0674bd8af7968d9b3eff6
 **********************************************************************************************************************************

 THRESHOLDS:

 ZERO    =  1.00D-12  ONEINT  =  1.00D-12  TWOINT  =  1.00D-15  PREFAC  =  1.00D-14  LOCALI  =  1.00D-09  EORDER  =  1.00D-04
 ENERGY  =  0.00D+00  ETEST   =  0.00D+00  EDENS   =  0.00D+00  THRDEDEF=  1.00D-06  GRADIENT=  1.00D-02  STEP    =  1.00D-03
 ORBITAL =  1.00D-05  CIVEC   =  1.00D-05  COEFF   =  1.00D-04  PRINTCI =  5.00D-02  PUNCHCI =  9.90D+01  OPTGRAD =  3.00D-04
 OPTENERG=  1.00D-06  OPTSTEP =  3.00D-04  THRGRAD =  1.00D-10  COMPRESS=  1.00D-11  VARMIN  =  1.00D-07  VARMAX  =  1.00D-03
 THRDOUB =  0.00D+00  THRDIV  =  1.00D-05  THRRED  =  1.00D-07  THRPSP  =  1.00D+00  THRDC   =  1.00D-10  THRCS   =  1.00D-10
 THRNRM  =  1.00D-08  THREQ   =  0.00D+00  THRDE   =  1.00D+00  THRREF  =  1.00D-05  SPARFAC =  1.00D+00  THRDLP  =  1.00D-07
 THRDIA  =  1.00D-10  THRDLS  =  1.00D-07  THRGPS  =  0.00D+00  THRKEX  =  0.00D+00  THRDIS  =  2.00D-01  THRVAR  =  1.00D-10
 THRLOC  =  1.00D-06  THRGAP  =  1.00D-06  THRLOCT = -1.00D+00  THRGAPT = -1.00D+00  THRORB  =  1.00D-06  THRMLTP =  0.00D+00
 THRCPQCI=  1.00D-10  KEXTA   =  0.00D+00  THRCOARS=  0.00D+00  SYMTOL  =  1.00D-06  GRADTOL =  1.00D-06  THROVL  =  1.00D-08
 THRORTH =  1.00D-08  GRID    =  1.00D-06  GRIDMAX =  1.00D-03  DTMAX   =  0.00D+00  THROCCDE=  1.00D-01  THROCCDE=  1.00D-01



 THRESHOLDS:

 ZERO    =  1.00D-12  ONEINT  =  1.00D-15  TWOINT  =  1.00D-15  PREFAC  =  1.00D-14  LOCALI  =  1.00D-09  EORDER  =  1.00D-04
 ENERGY  =  0.00D+00  ETEST   =  0.00D+00  EDENS   =  0.00D+00  THRDEDEF=  1.00D-06  GRADIENT=  1.00D-02  STEP    =  1.00D-03
 ORBITAL =  1.00D-05  CIVEC   =  1.00D-05  COEFF   =  1.00D-04  PRINTCI =  5.00D-02  PUNCHCI =  9.90D+01  OPTGRAD =  3.00D-04
 OPTENERG=  1.00D-06  OPTSTEP =  3.00D-04  THRGRAD =  1.00D-10  COMPRESS=  1.00D-11  VARMIN  =  1.00D-07  VARMAX  =  1.00D-03
 THRDOUB =  0.00D+00  THRDIV  =  1.00D-05  THRRED  =  1.00D-07  THRPSP  =  1.00D+00  THRDC   =  1.00D-10  THRCS   =  1.00D-10
 THRNRM  =  1.00D-08  THREQ   =  0.00D+00  THRDE   =  1.00D+00  THRREF  =  1.00D-05  SPARFAC =  1.00D+00  THRDLP  =  1.00D-07
 THRDIA  =  1.00D-10  THRDLS  =  1.00D-07  THRGPS  =  0.00D+00  THRKEX  =  0.00D+00  THRDIS  =  2.00D-01  THRVAR  =  1.00D-10
 THRLOC  =  1.00D-06  THRGAP  =  1.00D-06  THRLOCT = -1.00D+00  THRGAPT = -1.00D+00  THRORB  =  1.00D-06  THRMLTP =  0.00D+00
 THRCPQCI=  1.00D-10  KEXTA   =  0.00D+00  THRCOARS=  0.00D+00  SYMTOL  =  1.00D-06  GRADTOL =  1.00D-06  THROVL  =  1.00D-08
 THRORTH =  1.00D-08  GRID    =  1.00D-06  GRIDMAX =  1.00D-03  DTMAX   =  0.00D+00  THROCCDE=  1.00D-01  THROCCDE=  1.00D-01



Geometry recognized as XYZ


 Variable memory set to 1000000000 words,  buffer space   230000 words

 SETTING BASIS          =    USERDEF

 DO I                   =         6.00000000   

 Running procedure=IID1S1


 Recomputing integrals since basis changed


 Using spherical harmonics



 PROGRAM * SEWARD (Integral evaluation for generally contracted gaussian basis sets)     Author: Roland Lindh, 1990

 Geometry written to block  1 of record 700

 Orientation using atomic masses  
 Molecule type: Atom
 Symmetry elements: X,Y,Z
 Rotational constants:       0.0000000      0.0000000      0.0000000 GHz  (calculated with average atomic masses)

 Point group  D2h 



 ATOMIC COORDINATES

 NR  ATOM    CHARGE       X              Y              Z

   1  LU     25.00    0.000000000    0.000000000    0.000000000

 NUCLEAR CHARGE:                   25
 NUMBER OF PRIMITIVE AOS:         516
 NUMBER OF SYMMETRY AOS:          389
 NUMBER OF CONTRACTIONS:          389   (  87Ag  +  63B3u +  63B2u +  31B1g +  63B1u +  31B2g +  31B3g +  20Au  )
 NUMBER OF CORE ORBITALS:           0   (   0Ag  +   0B3u +   0B2u +   0B1g +   0B1u +   0B2g +   0B3g +   0Au  )
 NUMBER OF VALENCE ORBITALS:       17   (   4Ag  +   3B3u +   3B2u +   1B1g +   3B1u +   1B2g +   1B3g +   1Au  )


 NUCLEAR REPULSION ENERGY    0.00000000

 EXTRA SYMMETRY OF AOS IN SYMMETRY 1:   1 1 1 1 1 1 1 1 1 1   1 1 1 1 1 1 1 1 1 1   1 1 1 1 1 1 1 1 1 1   1 2 3 2 3 2 3 2 3 2
                                        3 2 3 2 3 2 3 2 3 2   3 2 3 2 3 2 3 2 3 2   3 2 3 2 3 2 3 2 3 4   5 6 4 5 6 4 5 6 4 5
                                        6 4 5 6 4 5 6
 EXTRA SYMMETRY OF AOS IN SYMMETRY 2:   1 1 1 1 1 1 1 1 1 1   1 1 1 1 1 1 1 1 1 1   1 1 1 1 1 1 2 3 2 3   2 3 2 3 2 3 2 3 2 3
                                        2 3 2 3 2 3 2 3 2 3   2 3 2 3 4 5 6 4 5 6   4 5 6
 EXTRA SYMMETRY OF AOS IN SYMMETRY 3:   1 1 1 1 1 1 1 1 1 1   1 1 1 1 1 1 1 1 1 1   1 1 1 1 1 1 2 3 2 3   2 3 2 3 2 3 2 3 2 3
                                        2 3 2 3 2 3 2 3 2 3   2 3 2 3 4 5 6 4 5 6   4 5 6
 EXTRA SYMMETRY OF AOS IN SYMMETRY 4:   1 1 1 1 1 1 1 1 1 1   1 1 1 1 1 1 1 1 1 2   3 2 3 2 3 2 3 2 3 2   3
 EXTRA SYMMETRY OF AOS IN SYMMETRY 5:   1 1 1 1 1 1 1 1 1 1   1 1 1 1 1 1 1 1 1 1   1 1 1 1 1 1 2 3 2 3   2 3 2 3 2 3 2 3 2 3
                                        2 3 2 3 2 3 2 3 2 3   2 3 2 3 4 5 6 4 5 6   4 5 6
 EXTRA SYMMETRY OF AOS IN SYMMETRY 6:   1 1 1 1 1 1 1 1 1 1   1 1 1 1 1 1 1 1 1 2   3 2 3 2 3 2 3 2 3 2   3
 EXTRA SYMMETRY OF AOS IN SYMMETRY 7:   1 1 1 1 1 1 1 1 1 1   1 1 1 1 1 1 1 1 1 2   3 2 3 2 3 2 3 2 3 2   3
 EXTRA SYMMETRY OF AOS IN SYMMETRY 8:   1 1 1 1 1 1 1 1 1 1   1 1 1 1 2 3 2 3 2 3

 Eigenvalues of metric

         1 0.334E-06 0.975E-06 0.340E-05 0.187E-04 0.482E-04 0.711E-04 0.812E-04 0.812E-04
         2 0.961E-06 0.179E-05 0.251E-04 0.110E-03 0.535E-03 0.536E-03 0.536E-03 0.156E-02
         3 0.961E-06 0.179E-05 0.251E-04 0.110E-03 0.535E-03 0.536E-03 0.536E-03 0.156E-02
         4 0.812E-04 0.144E-03 0.238E-02 0.635E-02 0.105E-01 0.241E-01 0.241E-01 0.278E-01
         5 0.961E-06 0.179E-05 0.251E-04 0.110E-03 0.535E-03 0.536E-03 0.536E-03 0.156E-02
         6 0.812E-04 0.144E-03 0.238E-02 0.635E-02 0.105E-01 0.241E-01 0.241E-01 0.278E-01
         7 0.812E-04 0.144E-03 0.238E-02 0.635E-02 0.105E-01 0.241E-01 0.241E-01 0.278E-01
         8 0.536E-03 0.145E-01 0.220E-01 0.558E-01 0.111E+00 0.176E+00 0.268E+00 0.268E+00


 Contracted 2-electron integrals neglected if value below      1.0D-15
 AO integral compression algorithm  1   Integral accuracy      1.0D-15

     2532.573 MB (compressed) written to integral file ( 50.0%)

     Node minimum: 179.044 MB, node maximum: 293.339 MB


 NUMBER OF SORTED TWO-ELECTRON INTEGRALS:   33535790.     BUFFER LENGTH:  32768
 NUMBER OF SEGMENTS:   2  SEGMENT LENGTH:   31996385      RECORD LENGTH: 524288

 Memory used in sort:      32.55 MW

 SORT1 READ   632589735. AND WROTE    22214328. INTEGRALS IN     65 RECORDS. CPU TIME:    19.12 SEC, REAL TIME:    23.22 SEC
 SORT2 READ   243471794. AND WROTE   368240910. INTEGRALS IN   7513 RECORDS. CPU TIME:    12.93 SEC, REAL TIME:    17.43 SEC

 Node minimum:    33379029.  Node maximum:    33708496. integrals

 OPERATOR DM      FOR CENTER  0  COORDINATES:    0.000000    0.000000    0.000000


 **********************************************************************************************************************************
 DATASETS  * FILE   NREC   LENGTH (MB)   RECORD NAMES
              1      19       20.94       500      610      700      900      950      970     1000      129      960     1100   
                                          VAR    BASINP    GEOM    SYMINP    ZMAT    AOBASIS   BASIS     P2S    ABASIS      S 
                                         1400     1410     1420     1200     1210     1080     1600     1650     1700   
                                           T        V       ECP      H0       H01     AOSYM     SMH    MOLCAS    OPER   

 PROGRAMS   *        TOTAL       INT
 CPU TIMES  *        79.19     78.76
 REAL TIME  *        90.21 SEC
 DISK USED  *         5.44 GB      
 GA USED    *         0.00 MB       (max)       0.00 MB       (current)
 **********************************************************************************************************************************


 PROGRAM * RHF-SCF (OPEN SHELL)       Authors: W. Meyer, H.-J. Werner


 NUMBER OF ELECTRONS:      13+   11-    SPACE SYMMETRY=1    SPIN SYMMETRY: Triplet 
 CONVERGENCE THRESHOLDS:    1.00E-05 (Density)    1.00E-07 (Energy)
 MAX. NUMBER OF ITERATIONS:      150
 INTERPOLATION TYPE:            DIIS
 INTERPOLATION STEPS:              2 (START)      1 (STEP)
 LEVEL SHIFTS:                 -0.60 (CLOSED) -0.30 (OPEN) 

 Number of closed-shell orbitals:   11 (   1   3   3   0   3   0   0   1 )
 Number of open-shell orbitals:      2 (   2   0   0   0   0   0   0   0 )


 
 Extra symmetries of mos in symmetry 1:   1   1   3   2
 Guess basis ATOMIC-GUESS,LU=ECP46_GUESS not found. No density guess!


 Molecular orbital dump at record        4202.2

 ITERATION    DDIFF          GRAD             ENERGY        2-EL.EN.            DIPOLE MOMENTS         DIIS   ORB.
    1      0.000D+00      0.000D+00      -164.84715435    564.604304    0.00000    0.00000    0.00000    0    start
    2      0.000D+00      0.414D+00      -123.49581104     72.629789    0.00000    0.00000    0.00000    0    diag,B
    3      0.509D+00      0.227D+00      -173.24906500    545.680500    0.00000    0.00000    0.00000    1    diag,B
    4      0.300D+00      0.380D+00      -193.42749472    491.203982    0.00000    0.00000    0.00000    2    diag,B
    5      0.244D+00      0.237D+00      -204.61721641    441.668567    0.00000    0.00000    0.00000    3    diag,B
    6      0.152D+00      0.130D+00      -209.87738265    388.861997    0.00000    0.00000    0.00000    4    diag,B
    7      0.731D-01      0.273D-01      -210.28007697    368.592818    0.00000    0.00000    0.00000    5    diag,B
    8      0.371D-01      0.655D-02      -210.29931937    367.390372    0.00000    0.00000    0.00000    6    diag,B
    9      0.108D-01      0.445D-02      -210.30668844    367.981403    0.00000    0.00000    0.00000    7    diag,B
   10      0.619D-02      0.119D-02      -210.30740778    368.363581    0.00000    0.00000    0.00000    8    orth
   11      0.309D-02      0.177D-03      -210.30749629    368.275176    0.00000    0.00000    0.00000    9    diag,B
   12      0.670D-03      0.726D-04      -210.30756716    368.269017    0.00000    0.00000    0.00000    9    diag,B
   13      0.310D-03      0.770D-04      -210.30749461    368.276648    0.00000    0.00000    0.00000    9    diag,B
   14      0.131D-03      0.646D-04      -210.30746165    368.235921    0.00000    0.00000    0.00000    9    diag,B
   15      0.335D-03      0.344D-04      -210.30746399    368.245448    0.00000    0.00000    0.00000    9    diag,B
   16      0.461D-03      0.208D-04      -210.30746731    368.240005    0.00000    0.00000    0.00000    9    diag,B
   17      0.160D-03      0.810D-05      -210.30746795    368.241924    0.00000    0.00000    0.00000    9    diag,B
   18      0.246D-03      0.273D-05      -210.30746802    368.241598    0.00000    0.00000    0.00000    9    diag,B
   19      0.261D-04      0.194D-05      -210.30746807    368.241619    0.00000    0.00000    0.00000    9    diag,B
   20      0.225D-04      0.185D-05      -210.30746810    368.241611    0.00000    0.00000    0.00000    9    orth
   21      0.599D-05      0.184D-05      -210.30746813    368.241641    0.00000    0.00000    0.00000    0    orth

 Final alpha occupancy:   3   3   3   0   3   0   0   1
 Final beta  occupancy:   1   3   3   0   3   0   0   1

 !RHF STATE 1.1 Energy               -210.307468132017
 Nuclear energy                         0.00000000
 One-electron energy                 -394.42828859
 Two-electron energy                  184.12082045
 Virial quotient                       -1.22335186
 !RHF STATE 1.1 Dipole moment           0.00000000     0.00000000     0.00000000
 Dipole moment /Debye                   0.00000000     0.00000000     0.00000000

 ELECTRON ORBITALS
 =================


   Orb  Occ    Energy  Couls-En    Coefficients

                                   1 1s      1 1s      1 1s      1 1s      1 1s      1 1s      1 1s      1 1s      1 1s      1 1s   
                                   1 1s      1 1s      1 1s      1 1s      1 1s      1 1s      1 1s      1 1s      1 1s      1 1s   
                                   1 1s      1 1s      1 1s      1 1s      1 1s      1 1s      1 1s      1 1s      1 1s      1 1s   
                                   1 1s      1 3d0     1 3d2+    1 3d0     1 3d2+    1 3d0     1 3d2+    1 3d0     1 3d2+    1 3d0  
                                   1 3d2+    1 3d0     1 3d2+    1 3d0     1 3d2+    1 3d0     1 3d2+    1 3d0     1 3d2+    1 3d0  
                                   1 3d2+    1 3d0     1 3d2+    1 3d0     1 3d2+    1 3d0     1 3d2+    1 3d0     1 3d2+    1 3d0  
                                   1 3d2+    1 3d0     1 3d2+    1 3d0     1 3d2+    1 3d0     1 3d2+    1 3d0     1 3d2+    1 5g0  
                                   1 5g4+    1 5g2+    1 5g0     1 5g4+    1 5g2+    1 5g0     1 5g4+    1 5g2+    1 5g0     1 5g4+ 
                                   1 5g2+    1 5g0     1 5g4+    1 5g2+    1 5g0     1 5g4+    1 5g2+ 

   1.1   2    -3.0393  -21.0451 -0.000000  0.000001 -0.000004  0.000012 -0.000032  0.000092 -0.000305  0.001729  0.005700 -0.004119
                                 0.006301 -0.012430 -0.005376  0.034834 -0.185980  0.221973 -0.126212  0.457906 -1.050291  0.076598
                                 0.978726  0.351186  0.045969 -0.030397  0.046636 -0.072260  0.054653 -0.021779  0.008451 -0.002193
                                 0.000392 -0.000000 -0.000000  0.000001  0.000000 -0.000005 -0.000001  0.000016  0.000003 -0.000053
                                -0.000011  0.000281  0.000059 -0.000728 -0.000152  0.000705  0.000146 -0.000394 -0.000081 -0.000793
                                -0.000184  0.005712  0.001265  0.001200  0.000832 -0.001001  0.000194  0.002769  0.000195 -0.003919
                                -0.000262  0.001940  0.000136 -0.000384 -0.000028  0.000139  0.000010 -0.000037 -0.000003 -0.000015
                                -0.000080 -0.000007  0.000047  0.000190  0.000020  0.000483  0.002647  0.000239 -0.000412 -0.002231
                                -0.000202  0.000164  0.000883  0.000080 -0.000053 -0.000287 -0.000026

   2.1   +    -0.4403   -7.9872 -0.000000  0.000000 -0.000001  0.000002 -0.000004  0.000012 -0.000040  0.000226  0.000747 -0.000543
                                 0.000840 -0.001690 -0.000704  0.004854 -0.021707  0.018185 -0.003897  0.133022 -0.390337  0.064507
                                 0.432324  0.376495  0.077606 -0.582551 -0.776538  0.209506 -0.221040  0.069870 -0.025721  0.006494
                                -0.001149  0.000000  0.000000 -0.000000 -0.000000  0.000002  0.000000 -0.000005 -0.000001  0.000014
                                 0.000003 -0.000059 -0.000015  0.000114  0.000034 -0.000081 -0.000029  0.000049  0.000016 -0.000906
                                -0.000096  0.004832  0.000485  0.003045  0.000186 -0.013959 -0.001994  0.001239  0.000227 -0.011907
                                -0.001705  0.006274  0.000894 -0.001605 -0.000226  0.000625  0.000088 -0.000174 -0.000024  0.000015
                                 0.000089  0.000008 -0.000191 -0.001163 -0.000099 -0.001784 -0.009954 -0.000877  0.001196  0.007279
                                 0.000623 -0.000788 -0.004274 -0.000380  0.000244  0.001428  0.000124

   3.1   +    -0.6867  -12.8764  0.000000 -0.000000  0.000000 -0.000000  0.000000 -0.000000  0.000001 -0.000004 -0.000012  0.000008
                                -0.000013  0.000025  0.000011 -0.000071  0.000393 -0.000495  0.000303 -0.000694  0.001282  0.000131
                                -0.000888 -0.000129 -0.001056 -0.000846 -0.000770  0.000708 -0.000500  0.000187 -0.000071  0.000018
                                -0.000003 -0.000001 -0.000015  0.000005  0.000080 -0.000019 -0.000286  0.000060  0.000905 -0.000201
                                -0.003010  0.001073  0.016056 -0.002777 -0.041572  0.002653  0.039716 -0.001416 -0.021204 -0.004383
                                -0.065423  0.026915  0.402067  0.036706  0.548569  0.018096  0.271328 -0.009879 -0.148370  0.014715
                                 0.221229 -0.006943 -0.104455  0.001306  0.019661 -0.000464 -0.006988  0.000123  0.001860  0.000004
                                 0.000008  0.000029 -0.000056 -0.000099 -0.000391 -0.000204 -0.000368 -0.001404  0.000174  0.000316
                                 0.001198 -0.000082 -0.000149 -0.000566  0.000029  0.000053  0.000203

   4.1   0    -0.2826  -11.6955  0.000000 -0.000000  0.000000 -0.000000  0.000000 -0.000000  0.000001 -0.000006 -0.000019  0.000014
                                -0.000021  0.000040  0.000018 -0.000111  0.000653 -0.000895  0.000607 -0.000407 -0.000490  0.001057
                                 0.002250  0.001153 -0.005343 -0.002613 -0.005117  0.004556 -0.003691  0.001411 -0.000559  0.000149
                                -0.000027 -0.000014  0.000001  0.000075 -0.000005 -0.000266  0.000018  0.000843 -0.000056 -0.002794
                                 0.000187  0.014818 -0.000992 -0.038176  0.002555  0.036303 -0.002430 -0.019095  0.001278 -0.057195
                                 0.003820  0.345307 -0.023074  0.494749 -0.033077  0.350072 -0.023461 -0.090114  0.006041  0.249265
                                -0.016730 -0.115319  0.007742  0.027684 -0.001860 -0.010475  0.000704  0.002921 -0.000196 -0.000133
                                 0.000220 -0.000016  0.001399 -0.002462  0.000177  0.010024 -0.014648  0.001139 -0.007156  0.011814
                                -0.000874  0.004841 -0.006691  0.000532 -0.001485  0.002380 -0.000178

   5.1   0    -0.0764   -2.8780  0.000000 -0.000000  0.000000 -0.000000  0.000001 -0.000003  0.000010 -0.000058 -0.000191  0.000139
                                -0.000215  0.000436  0.000180 -0.001259  0.005350 -0.003874  0.000108 -0.039011  0.117008 -0.019574
                                -0.131547 -0.126633 -0.044363  0.208522  0.483767  0.175828  0.147191 -0.535070 -0.760619 -0.136393
                                 0.005002 -0.000000 -0.000000  0.000001  0.000000 -0.000002 -0.000000  0.000006  0.000001 -0.000018
                                -0.000002  0.000091  0.000010 -0.000220 -0.000023  0.000200  0.000021 -0.000111 -0.000012  0.000102
                                 0.000022 -0.000296 -0.000086  0.001247  0.000084  0.006529  0.000774 -0.007309 -0.000978  0.011568
                                 0.001471 -0.015709 -0.002106 -0.011368 -0.001574 -0.005032 -0.000680  0.000081  0.000009 -0.000005
                                -0.000025 -0.000002  0.000057  0.000310  0.000028  0.000508  0.002519  0.000232 -0.000377 -0.001869
                                -0.000173  0.000300  0.001640  0.000146 -0.000077  0.000206 -0.000002

                                   1 2px     1 2px     1 2px     1 2px     1 2px     1 2px     1 2px     1 2px     1 2px     1 2px  
                                   1 2px     1 2px     1 2px     1 2px     1 2px     1 2px     1 2px     1 2px     1 2px     1 2px  
                                   1 2px     1 2px     1 2px     1 2px     1 2px     1 2px     1 4f1+    1 4f3+    1 4f1+    1 4f3+ 
                                   1 4f1+    1 4f3+    1 4f1+    1 4f3+    1 4f1+    1 4f3+    1 4f1+    1 4f3+    1 4f1+    1 4f3+ 
                                   1 4f1+    1 4f3+    1 4f1+    1 4f3+    1 4f1+    1 4f3+    1 4f1+    1 4f3+    1 4f1+    1 4f3+ 
                                   1 4f1+    1 4f3+    1 4f1+    1 4f3+    1 6h1+    1 6h3+    1 6h5+    1 6h1+    1 6h3+    1 6h5+ 
                                   1 6h1+    1 6h3+    1 6h5+ 

   1.2   2    -1.9248  -17.9905 -0.000000  0.000000 -0.000002  0.000006 -0.000019  0.000056 -0.000155  0.000427 -0.001294  0.004789
                                -0.043848  0.116157 -0.238640  0.500161 -0.636477  0.146210  0.675779 -0.024700  0.400820  0.038282
                                 0.044390 -0.002187 -0.037587  0.000647 -0.000250  0.000052 -0.000001 -0.000000  0.000004  0.000001
                                -0.000015 -0.000002  0.000321  0.000281 -0.000141  0.000106  0.001178  0.001370  0.000847  0.001471
                                 0.002160  0.002845  0.003450  0.005672  0.000308  0.004850 -0.000241  0.000534  0.000136 -0.000019
                                -0.000063 -0.000018  0.000020  0.000009 -0.000000  0.000002 -0.000012 -0.000048  0.000049 -0.000518
                                 0.000016  0.000008  0.000095

   2.2   2    -0.5337  -17.8405 -0.000000  0.000000 -0.000000  0.000000 -0.000000  0.000000 -0.000001  0.000001 -0.000004  0.000015
                                -0.000134  0.000343 -0.000586  0.001504 -0.002858  0.002035  0.003767  0.000983 -0.000545  0.032909
                                -0.008654 -0.006080 -0.032732  0.000728 -0.000309  0.000068 -0.000022  0.000006  0.000113 -0.000031
                                 0.000015 -0.000001  0.042287 -0.011177  0.027984 -0.007313  0.208933 -0.055145  0.255446 -0.067273
                                 0.340007 -0.089769  0.288779 -0.077463  0.159713 -0.045033  0.051519 -0.015523 -0.010918  0.003323
                                 0.006702 -0.002067 -0.002134  0.000660  0.000282 -0.000066  0.000034  0.001313 -0.000344  0.000185
                                 0.001641 -0.000251  0.000067

   3.2   2    -0.5258  -17.8135  0.000000 -0.000000  0.000000 -0.000000  0.000000 -0.000001  0.000003 -0.000008  0.000025 -0.000092
                                 0.000851 -0.002251  0.004599 -0.010479  0.014775 -0.005005 -0.017313  0.000182 -0.007458 -0.055740
                                 0.011936  0.010156  0.055474 -0.001242  0.000528 -0.000117 -0.000006 -0.000022  0.000030  0.000113
                                 0.000007  0.000013  0.011353  0.042209  0.007589  0.027888  0.056158  0.208473  0.068787  0.254768
                                 0.091240  0.338825  0.076386  0.288282  0.041110  0.162674  0.013047  0.054913 -0.002724 -0.011566
                                 0.001693  0.007277 -0.000539 -0.002322  0.000069  0.000173  0.000059  0.000317  0.000803  0.000305
                                 0.000417  0.001016  0.000275

   4.2   0    -0.1439   -5.6089  0.000000 -0.000000  0.000000 -0.000000  0.000001 -0.000002  0.000005 -0.000015  0.000046 -0.000175
                                 0.002319 -0.007548  0.021328 -0.074641  0.125252 -0.031492 -0.203360  0.063763 -0.199085  1.589272
                                 0.106972  0.531911 -1.138733  0.075573 -0.012320  0.002298 -0.000000  0.000000  0.000002 -0.000002
                                -0.000006 -0.000003  0.000211 -0.000932  0.000024 -0.000667  0.000875 -0.004656  0.000937 -0.005745
                                 0.001381 -0.007658  0.000163 -0.005725  0.002028  0.001744  0.007471  0.004710  0.002630 -0.000019
                                 0.003482  0.001502 -0.000188 -0.000300  0.000002 -0.000003 -0.000002  0.000005 -0.000023  0.000081
                                 0.000050 -0.000013  0.000240

   5.2   0    -0.0540   -2.2799 -0.000000  0.000000 -0.000000  0.000000 -0.000000  0.000001 -0.000003  0.000009 -0.000028  0.000104
                                -0.001195  0.003643 -0.009483  0.030887 -0.050809  0.013330  0.079922 -0.022485  0.079459 -2.084234
                                -0.041915 -0.273319  1.774593  0.400414  0.685975  0.087467  0.000000 -0.000000 -0.000001  0.000001
                                 0.000002  0.000001 -0.000054  0.000286  0.000008  0.000208 -0.000205  0.001429 -0.000200  0.001769
                                -0.000318  0.002355  0.000128  0.001652 -0.000800 -0.001045 -0.003463 -0.002225 -0.000232 -0.000524
                                -0.001358 -0.001470  0.004942 -0.000325 -0.000000  0.000001  0.000001 -0.000002  0.000009 -0.000039
                                -0.000018  0.000002 -0.000078

                                   1 2py     1 2py     1 2py     1 2py     1 2py     1 2py     1 2py     1 2py     1 2py     1 2py  
                                   1 2py     1 2py     1 2py     1 2py     1 2py     1 2py     1 2py     1 2py     1 2py     1 2py  
                                   1 2py     1 2py     1 2py     1 2py     1 2py     1 2py     1 4f1-    1 4f3-    1 4f1-    1 4f3- 
                                   1 4f1-    1 4f3-    1 4f1-    1 4f3-    1 4f1-    1 4f3-    1 4f1-    1 4f3-    1 4f1-    1 4f3- 
                                   1 4f1-    1 4f3-    1 4f1-    1 4f3-    1 4f1-    1 4f3-    1 4f1-    1 4f3-    1 4f1-    1 4f3- 
                                   1 4f1-    1 4f3-    1 4f1-    1 4f3-    1 6h1-    1 6h3-    1 6h5-    1 6h1-    1 6h3-    1 6h5- 
                                   1 6h1-    1 6h3-    1 6h5- 

   1.3   2    -1.9236  -17.9868 -0.000000  0.000000 -0.000002  0.000006 -0.000019  0.000056 -0.000155  0.000426 -0.001292  0.004780
                                -0.043772  0.115963 -0.238274  0.499632 -0.636074  0.146252  0.675589 -0.025672  0.401550  0.039080
                                 0.044970 -0.002197 -0.038381  0.000666 -0.000258  0.000054 -0.000001  0.000000  0.000004 -0.000000
                                -0.000017 -0.000002  0.000317 -0.000186 -0.000168 -0.000152  0.001123 -0.001026  0.000746 -0.001233
                                 0.002017 -0.002218  0.003085 -0.004678 -0.000262 -0.004828 -0.000331 -0.000620  0.000152  0.000063
                                -0.000067 -0.000002  0.000021 -0.000003 -0.000001 -0.000003 -0.000012 -0.000081 -0.000117 -0.000521
                                 0.000019  0.000006  0.000086

   2.3   2    -0.5327  -17.8328 -0.000000  0.000000 -0.000000  0.000000 -0.000000  0.000000 -0.000001  0.000003 -0.000008  0.000027
                                -0.000243  0.000628 -0.001143  0.002798 -0.004826  0.002929  0.006135  0.001171  0.000008  0.044506
                                -0.011478 -0.008204 -0.044269  0.000984 -0.000418  0.000093 -0.000021 -0.000006  0.000112  0.000033
                                 0.000015 -0.000000  0.042021  0.012076  0.027803  0.007886  0.207612  0.059567  0.253817  0.072638
                                 0.337803  0.096959  0.286956  0.083887  0.159024  0.049188  0.051545  0.017160 -0.010914 -0.003673
                                 0.006718  0.002294 -0.002140 -0.000733  0.000311  0.000113  0.000059  0.001452  0.000558  0.000299
                                 0.001797  0.000552  0.000221

   3.3   2    -0.5258  -17.8182  0.000000 -0.000000  0.000000 -0.000000  0.000000 -0.000001  0.000003 -0.000008  0.000024 -0.000088
                                 0.000806 -0.002129  0.004322 -0.009884  0.014108 -0.005041 -0.016617 -0.000043 -0.006641 -0.058068
                                 0.012810  0.010623  0.057790 -0.001294  0.000550 -0.000122 -0.000006  0.000021  0.000032 -0.000113
                                 0.000008 -0.000013  0.012306 -0.041960  0.008242 -0.027727  0.060887 -0.207242  0.074606 -0.253271
                                 0.098918 -0.336829  0.082590 -0.286504  0.044054 -0.161448  0.013803 -0.054383 -0.002876  0.011451
                                 0.001783 -0.007201 -0.000567  0.002298  0.000071 -0.000159 -0.000032  0.000326 -0.000734 -0.000122
                                 0.000438 -0.000935 -0.000249

   4.3   0    -0.1430   -5.5996  0.000000 -0.000000  0.000000 -0.000000  0.000001 -0.000002  0.000006 -0.000016  0.000050 -0.000189
                                 0.002437 -0.007831  0.021785 -0.075152  0.125552 -0.031735 -0.202650  0.062469 -0.197303  1.587701
                                 0.105989  0.528426 -1.134670  0.077595 -0.012667  0.002383 -0.000000 -0.000001  0.000002  0.000003
                                -0.000006  0.000001  0.000342  0.001004  0.000106  0.000678  0.001512  0.004957  0.001708  0.006070
                                 0.002424  0.008137  0.000862  0.005820  0.001985 -0.001162  0.007596 -0.002463  0.002922  0.000858
                                 0.003666 -0.000433 -0.000158  0.000250  0.000003  0.000004  0.000000  0.000014  0.000033  0.000088
                                 0.000068  0.000054  0.000238

   5.3   0    -0.0539   -2.2767 -0.000000  0.000000 -0.000000  0.000000 -0.000000  0.000001 -0.000004  0.000010 -0.000029  0.000110
                                -0.001245  0.003764 -0.009685  0.031148 -0.051018  0.013452  0.079768 -0.022002  0.078832 -2.067133
                                -0.041451 -0.271651  1.754539  0.394683  0.690339  0.089129  0.000000  0.000000 -0.000001 -0.000001
                                 0.000002 -0.000000 -0.000094 -0.000306 -0.000016 -0.000208 -0.000398 -0.001509 -0.000434 -0.001851
                                -0.000634 -0.002481 -0.000060 -0.001634 -0.000741  0.000820 -0.003524  0.001181 -0.000202  0.000465
                                -0.001338  0.001071  0.005491  0.001946 -0.000001 -0.000001  0.000001 -0.000006 -0.000014 -0.000042
                                -0.000024 -0.000016 -0.000077

                                   1 3d2-    1 3d2-    1 3d2-    1 3d2-    1 3d2-    1 3d2-    1 3d2-    1 3d2-    1 3d2-    1 3d2- 
                                   1 3d2-    1 3d2-    1 3d2-    1 3d2-    1 3d2-    1 3d2-    1 3d2-    1 3d2-    1 3d2-    1 5g2- 
                                   1 5g4-    1 5g2-    1 5g4-    1 5g2-    1 5g4-    1 5g2-    1 5g4-    1 5g2-    1 5g4-    1 5g2- 
                                   1 5g4- 

   1.4   0    -0.2495  -11.5174 -0.000015  0.000075 -0.000269  0.000851 -0.002820  0.014939 -0.038466  0.036582 -0.019406 -0.055337
                                 0.339615  0.483556  0.356245 -0.066869  0.241064 -0.105507  0.028227 -0.010604  0.002973 -0.000107
                                -0.000007  0.001145  0.000067  0.008022  0.000648 -0.005766 -0.000376  0.003970  0.000353 -0.001198
                                -0.000080

   2.4   0    -0.0524   -2.5693  0.000002 -0.000012  0.000043 -0.000137  0.000455 -0.002410  0.006203 -0.005908  0.003204  0.008271
                                -0.052642 -0.078705 -0.055449  0.074394 -0.089047  0.200749  0.412034  0.447334  0.094435  0.000016
                                 0.000001 -0.000173 -0.000014 -0.001421 -0.000184  0.001803  0.000285 -0.000608 -0.000054  0.003244
                                 0.000694

                                   1 2pz     1 2pz     1 2pz     1 2pz     1 2pz     1 2pz     1 2pz     1 2pz     1 2pz     1 2pz  
                                   1 2pz     1 2pz     1 2pz     1 2pz     1 2pz     1 2pz     1 2pz     1 2pz     1 2pz     1 2pz  
                                   1 2pz     1 2pz     1 2pz     1 2pz     1 2pz     1 2pz     1 4f0     1 4f2+    1 4f0     1 4f2+ 
                                   1 4f0     1 4f2+    1 4f0     1 4f2+    1 4f0     1 4f2+    1 4f0     1 4f2+    1 4f0     1 4f2+ 
                                   1 4f0     1 4f2+    1 4f0     1 4f2+    1 4f0     1 4f2+    1 4f0     1 4f2+    1 4f0     1 4f2+ 
                                   1 4f0     1 4f2+    1 4f0     1 4f2+    1 6h2+    1 6h4+    1 6h0     1 6h2+    1 6h4+    1 6h0  
                                   1 6h2+    1 6h4+    1 6h0  

   1.5   2    -1.9307  -18.0116 -0.000000  0.000000 -0.000002  0.000006 -0.000019  0.000056 -0.000157  0.000432 -0.001309  0.004843
                                -0.044317  0.117349 -0.240888  0.503432 -0.639014  0.145996  0.677046 -0.018908  0.396478  0.033447
                                 0.040993 -0.002123 -0.032779  0.000533 -0.000200  0.000041 -0.000001 -0.000000  0.000005  0.000001
                                -0.000020 -0.000002  0.000470  0.000061 -0.000150 -0.000007  0.001807  0.000255  0.001417  0.000226
                                 0.003396  0.000498  0.005706  0.000898  0.001588  0.000465 -0.000164  0.000019  0.000163  0.000014
                                -0.000082 -0.000009  0.000027  0.000003 -0.000001 -0.000007  0.000000 -0.000041 -0.000327 -0.000079
                                 0.000012  0.000062  0.000033

   2.5   2    -0.5339  -17.8521  0.000000 -0.000000  0.000000 -0.000000  0.000000 -0.000000  0.000001 -0.000003  0.000008 -0.000031
                                 0.000289 -0.000775  0.001698 -0.003655  0.004343 -0.000350 -0.004578  0.001043 -0.004182  0.007550
                                -0.003254 -0.001563 -0.007511  0.000167 -0.000071  0.000016 -0.000021  0.000007  0.000111 -0.000036
                                 0.000016 -0.000004  0.041669 -0.013413  0.027595 -0.008853  0.205899 -0.066250  0.251775 -0.080958
                                 0.335072 -0.107820  0.284319 -0.091919  0.156813 -0.051473  0.050387 -0.016892 -0.010675  0.003591
                                 0.006545 -0.002211 -0.002084  0.000705 -0.000065  0.000060  0.000297 -0.000311  0.000338  0.001383
                                -0.000348  0.000134  0.001742

   3.5   2    -0.5320  -17.8173  0.000000 -0.000000  0.000000 -0.000000  0.000000 -0.000000  0.000001 -0.000002  0.000005 -0.000020
                                 0.000185 -0.000493  0.001054 -0.002313  0.002927 -0.000528 -0.003220  0.000424 -0.002288 -0.001330
                                -0.000378  0.000149  0.001322 -0.000029  0.000012 -0.000003 -0.000007 -0.000021  0.000036  0.000112
                                 0.000005  0.000012  0.013440  0.041550  0.008899  0.027419  0.066409  0.205215  0.081200  0.250754
                                 0.108038  0.333876  0.091704  0.284741  0.050826  0.160171  0.016515  0.053096 -0.003495 -0.011271
                                 0.002155  0.006979 -0.000687 -0.002226  0.000284  0.000053  0.000112  0.001345  0.000262  0.000524
                                 0.001567  0.000248  0.000640

   4.5   0    -0.1492   -5.6607  0.000000 -0.000000  0.000000 -0.000000  0.000000 -0.000001  0.000003 -0.000007  0.000021 -0.000086
                                 0.001601 -0.005834  0.018554 -0.071486  0.123267 -0.029889 -0.207391  0.071575 -0.209807  1.585262
                                 0.112547  0.551704 -1.149295  0.064493 -0.010273  0.001812 -0.000000  0.000000  0.000002  0.000000
                                -0.000008 -0.000001  0.000044 -0.000059 -0.000131 -0.000057 -0.000009 -0.000316 -0.000195 -0.000408
                                -0.000094 -0.000527 -0.001176 -0.000491  0.003061  0.000392  0.010591  0.001277  0.003081  0.000283
                                 0.004515  0.000511 -0.000379 -0.000054 -0.000000 -0.000001  0.000001  0.000004  0.000053  0.000004
                                 0.000026  0.000155  0.000080

   5.5   0    -0.0548   -2.2986 -0.000000  0.000000 -0.000000  0.000000 -0.000000  0.000001 -0.000002  0.000006 -0.000018  0.000067
                                -0.000896  0.002921 -0.008281  0.029349 -0.049582  0.012579  0.080894 -0.025408  0.083319 -2.179219
                                -0.044710 -0.283025  1.886932  0.432236  0.660742  0.078485  0.000000  0.000000 -0.000001 -0.000000
                                 0.000003  0.000000  0.000001  0.000019  0.000062  0.000020  0.000090  0.000103  0.000181  0.000134
                                 0.000176  0.000172  0.000565  0.000160 -0.001288 -0.000185 -0.004871 -0.000591 -0.000325 -0.000061
                                -0.001848 -0.000261  0.006039  0.000556  0.000000  0.000001 -0.000000 -0.000002 -0.000025 -0.000002
                                -0.000009 -0.000049 -0.000029

                                   1 3d1+    1 3d1+    1 3d1+    1 3d1+    1 3d1+    1 3d1+    1 3d1+    1 3d1+    1 3d1+    1 3d1+ 
                                   1 3d1+    1 3d1+    1 3d1+    1 3d1+    1 3d1+    1 3d1+    1 3d1+    1 3d1+    1 3d1+    1 5g1+ 
                                   1 5g3+    1 5g1+    1 5g3+    1 5g1+    1 5g3+    1 5g1+    1 5g3+    1 5g1+    1 5g3+    1 5g1+ 
                                   1 5g3+ 

   1.6   0    -0.2760  -11.6615 -0.000014  0.000075 -0.000267  0.000846 -0.002805  0.014874 -0.038315  0.036436 -0.019199 -0.056924
                                 0.344800  0.493494  0.352157 -0.086022  0.248446 -0.113985  0.027841 -0.010530  0.002939 -0.000108
                                -0.000153  0.001128  0.001709  0.008226  0.010367 -0.005792 -0.008263  0.004019  0.004775 -0.001207
                                -0.001675

   2.6   0    -0.0534   -2.6217  0.000002 -0.000012  0.000043 -0.000135  0.000448 -0.002372  0.006108 -0.005818  0.003145  0.008351
                                -0.052647 -0.079486 -0.052631  0.088048 -0.095942  0.220601  0.422222  0.428132  0.082463  0.000017
                                 0.000019 -0.000181 -0.000209 -0.001617 -0.001141  0.002279  0.001009 -0.000514 -0.000726  0.004533
                                 0.000327

                                   1 3d1-    1 3d1-    1 3d1-    1 3d1-    1 3d1-    1 3d1-    1 3d1-    1 3d1-    1 3d1-    1 3d1- 
                                   1 3d1-    1 3d1-    1 3d1-    1 3d1-    1 3d1-    1 3d1-    1 3d1-    1 3d1-    1 3d1-    1 5g1- 
                                   1 5g3-    1 5g1-    1 5g3-    1 5g1-    1 5g3-    1 5g1-    1 5g3-    1 5g1-    1 5g3-    1 5g1- 
                                   1 5g3- 

   1.7   0    -0.2722  -11.6424 -0.000015  0.000075 -0.000268  0.000847 -0.002808  0.014886 -0.038343  0.036463 -0.019232 -0.056707
                                 0.344122  0.492161  0.352775 -0.083471  0.247478 -0.112943  0.027879 -0.010540  0.002944 -0.000100
                                 0.000112  0.001033 -0.001269  0.007801 -0.007411 -0.005364  0.006065  0.003863 -0.003371 -0.001124
                                 0.001225

   2.7   0    -0.0532   -2.6139  0.000002 -0.000012  0.000043 -0.000135  0.000449 -0.002376  0.006116 -0.005826  0.003151  0.008333
                                -0.052604 -0.079313 -0.052997  0.086045 -0.094900  0.217722  0.420842  0.430937  0.084125  0.000016
                                -0.000013 -0.000173  0.000147 -0.001638  0.000679  0.002365 -0.000431 -0.000497  0.000529  0.004912
                                 0.000636

                                   1 4f2-    1 4f2-    1 4f2-    1 4f2-    1 4f2-    1 4f2-    1 4f2-    1 4f2-    1 4f2-    1 4f2- 
                                   1 4f2-    1 4f2-    1 4f2-    1 4f2-    1 6h4-    1 6h2-    1 6h4-    1 6h2-    1 6h4-    1 6h2- 


   1.8   2    -0.5274  -17.8672 -0.000022  0.000117  0.000020  0.043884  0.029154  0.216900  0.265357  0.352565  0.297671  0.163426
                                 0.052964 -0.011120  0.006916 -0.002203  0.000032  0.000236  0.000145  0.001085  0.000193  0.001421

   2.8   0    -0.0224   -2.1674 -0.000004  0.000022 -0.000113  0.000210 -0.002222 -0.002133 -0.005751 -0.003542 -0.008760  0.011358
                                -0.058244  0.208114 -0.300622  1.157912 -0.000000 -0.000001 -0.000005 -0.000039  0.000007  0.000052

   3.8   0     0.0424   -2.7747 -0.000012  0.000067 -0.000291  0.004676 -0.002964  0.014793  0.010101  0.023304  0.000024  0.035385
                                -0.248097  0.542603 -2.001463  1.302013  0.000000  0.000003  0.000017  0.000123 -0.000025 -0.000184

 HOMO      3.2    -0.525797 =     -14.3077eV
 LUMO      4.1    -0.282643 =      -7.6911eV
 LUMO-HOMO         0.243153 =       6.6165eV


 **********************************************************************************************************************************
 DATASETS  * FILE   NREC   LENGTH (MB)   RECORD NAMES
              1      19       20.98       500      610      700      900      950      970     1000      129      960     1100   
                                          VAR    BASINP    GEOM    SYMINP    ZMAT    AOBASIS   BASIS     P2S    ABASIS      S 
                                         1400     1410     1420     1200     1210     1080     1600     1650     1700   
                                           T        V       ECP      H0       H01     AOSYM     SMH    MOLCAS    OPER   

              2       5        6.05       200      700     1000      520     4202   
                                        OPTIONS   GEOM     BASIS   MCVARS     RHF  

 PROGRAMS   *        TOTAL       RHF       INT
 CPU TIMES  *        82.27      3.08     78.76
 REAL TIME  *        94.05 SEC
 DISK USED  *         5.78 GB      
 SF USED    *         0.09 MB      
 GA USED    *         0.00 MB       (max)       0.00 MB       (current)
 **********************************************************************************************************************************


 PROGRAM * POP (Mulliken population analysis)

 
 Density matrix read from record         4202.2  Type=RHF/CHARGE (state 1.1)
 
 Population analysis by basis function type

 Unique atom        s        p        d        f        g    Total    Charge
   1  LU      2.99961  6.00214  1.00036 13.99776  0.00004 24.00000  + 1.00000


 **********************************************************************************************************************************
 DATASETS  * FILE   NREC   LENGTH (MB)   RECORD NAMES
              1      19       20.98       500      610      700      900      950      970     1000      129      960     1100   
                                          VAR    BASINP    GEOM    SYMINP    ZMAT    AOBASIS   BASIS     P2S    ABASIS      S 
                                         1400     1410     1420     1200     1210     1080     1600     1650     1700   
                                           T        V       ECP      H0       H01     AOSYM     SMH    MOLCAS    OPER   

              2       5        6.05       200      700     1000      520     4202   
                                        OPTIONS   GEOM     BASIS   MCVARS     RHF  

 PROGRAMS   *        TOTAL       POP       RHF       INT
 CPU TIMES  *        82.28      0.00      3.08     78.76
 REAL TIME  *        94.07 SEC
 DISK USED  *         5.78 GB      
 SF USED    *         0.09 MB      
 GA USED    *         0.00 MB       (max)       0.00 MB       (current)
 **********************************************************************************************************************************


 PROGRAM * MULTI (Direct Multiconfiguration SCF)       Authors: P.J. Knowles, H.-J. Werner (1984)     S.T. Elbert (1988)


 Number of closed-shell orbitals:  11 (   1   3   3   0   3   0   0   1 )
 Number of active  orbitals:        6 (   3   0   0   1   0   1   1   0 )
 Number of external orbitals:     372 (  83  60  60  30  60  30  30  19 )

 State symmetry 1

 Orbital occupancy restrictions for symmetry 1
  1      1       200000                          

 Number of electrons:     2    Spin symmetry=Triplet   Space symmetry=1
 Number of states:        2
 Number of CSFs:          2

 State symmetry 2

 Orbital occupancy restrictions for symmetry 4
  1      1       200000                          

 Number of electrons:     2    Spin symmetry=Triplet   Space symmetry=4
 Number of states:        1
 Number of CSFs:          1

 State symmetry 3

 Orbital occupancy restrictions for symmetry 6
  1      1       200000                          

 Number of electrons:     2    Spin symmetry=Triplet   Space symmetry=6
 Number of states:        1
 Number of CSFs:          1

 State symmetry 4

 Orbital occupancy restrictions for symmetry 7
  1      1       200000                          

 Number of electrons:     2    Spin symmetry=Triplet   Space symmetry=7
 Number of states:        1
 Number of CSFs:          1
 
 Maximum number of shells:             1
 Maximum number of spin couplings:     1

 Storage for configuration lists      27, coupling coefficients      2, address lists    158

 Molecular orbitals read from record     4202.2  Type=RHF/CANONICAL (state 1.1)
 *** IN SYMMETRY 1 ORBITAL  1 SYMMETRY CONTAMINATION OF 0.827D-02 HAS BEEN REMOVED
 *** IN SYMMETRY 1 ORBITAL  2 SYMMETRY CONTAMINATION OF 0.233D-01 HAS BEEN REMOVED
 *** IN SYMMETRY 1 ORBITAL  3 SYMMETRY CONTAMINATION OF 0.690D-01 HAS BEEN REMOVED
 *** IN SYMMETRY 1 ORBITAL  4 SYMMETRY CONTAMINATION OF 0.107D+00 HAS BEEN REMOVED

 EXTRA SYMMETRY OF MOS IN SYMMETRY 1:   1 1 3 2 1 3 2 1 3 2   1 3 2 1 3 2 1 4 6 5   3 2 1 4 6 5 3 2 1 3   2 4 6 5 1 4 6 5 1 1
                                        3 4 6 5 1 2 3 1 4 6   5 2 3 1 2 3 1 2 3 1   2 3 1 2 3 1 2 3 1 1   2 3 1 2 3 1 1 2 3 1
                                        1 1 1 1 1 1 2
 *** IN SYMMETRY 2 ORBITAL  1 SYMMETRY CONTAMINATION OF 0.912D-02 HAS BEEN REMOVED
 *** IN SYMMETRY 2 ORBITAL  2 SYMMETRY CONTAMINATION OF 0.253D+00 HAS BEEN REMOVED
 *** IN SYMMETRY 2 ORBITAL  3 SYMMETRY CONTAMINATION OF 0.290D+00 HAS BEEN REMOVED
 EXTRA SYMMETRY OF MOS IN SYMMETRY 2:   1 2 3 1 1 1 2 3 1 2   1 3 1 2 3 2 3 1 2 3   1 4 5 6 2 3 1 4 5 6   1 1 1 1 2 3 4 5 6 1
                                        2 3 1 1 2 3 1 2 3 1   1 2 3 1 2 3 1 1 1 1   1 3 2
 *** IN SYMMETRY 3 ORBITAL  1 SYMMETRY CONTAMINATION OF 0.822D-02 HAS BEEN REMOVED
 *** IN SYMMETRY 3 ORBITAL  2 SYMMETRY CONTAMINATION OF 0.281D+00 HAS BEEN REMOVED
 *** IN SYMMETRY 3 ORBITAL  3 SYMMETRY CONTAMINATION OF 0.303D+00 HAS BEEN REMOVED
 EXTRA SYMMETRY OF MOS IN SYMMETRY 3:   1 2 3 1 1 1 2 3 1 2   1 3 1 2 3 2 3 1 2 3   1 4 5 6 2 3 1 4 5 6   1 1 1 1 2 3 4 5 6 1
                                        2 3 1 1 2 3 1 2 3 1   1 2 3 1 2 3 1 1 1 1   1 3 2
 *** IN SYMMETRY 4 ORBITAL  1 SYMMETRY CONTAMINATION OF 0.119D-01 HAS BEEN REMOVED
 EXTRA SYMMETRY OF MOS IN SYMMETRY 4:   1 1 1 1 1 2 3 1 2 3   1 1 2 3 2 3 1 2 3 1   2 3 1 1 1 1 1 1 1 1   1
 *** IN SYMMETRY 5 ORBITAL  1 SYMMETRY CONTAMINATION OF 0.617D-02 HAS BEEN REMOVED
 *** IN SYMMETRY 5 ORBITAL  2 SYMMETRY CONTAMINATION OF 0.263D+00 HAS BEEN REMOVED
 *** IN SYMMETRY 5 ORBITAL  3 SYMMETRY CONTAMINATION OF 0.252D+00 HAS BEEN REMOVED
 EXTRA SYMMETRY OF MOS IN SYMMETRY 5:   1 2 3 1 1 1 2 3 1 1   2 3 1 2 3 2 3 1 3 2   1 6 4 5 2 3 1 6 4 5   1 1 3 1 2 3 6 4 5 1
                                        2 3 1 1 2 3 1 2 3 1   1 2 3 1 2 3 1 1 1 1   1 1 2
 *** IN SYMMETRY 6 ORBITAL  1 SYMMETRY CONTAMINATION OF 0.250D-01 HAS BEEN REMOVED
 EXTRA SYMMETRY OF MOS IN SYMMETRY 6:   1 1 1 1 1 2 3 1 2 3   1 1 2 3 2 3 1 2 3 1   2 3 1 1 1 1 1 1 1 1   1
 *** IN SYMMETRY 7 ORBITAL  1 SYMMETRY CONTAMINATION OF 0.206D-01 HAS BEEN REMOVED
 EXTRA SYMMETRY OF MOS IN SYMMETRY 7:   1 1 1 1 1 2 3 1 2 3   1 1 2 3 2 3 1 2 3 1   2 3 1 1 1 1 1 1 1 1   1
 *** IN SYMMETRY 8 ORBITAL  1 SYMMETRY CONTAMINATION OF 0.215D-02 HAS BEEN REMOVED
 EXTRA SYMMETRY OF MOS IN SYMMETRY 8:   1 1 1 1 1 1 3 2 1 3   2 1 1 3 2 1 1 1 1 1

 Wavefunction dump at record             5202.2

 Convergence thresholds  0.10E-01 (gradient)  0.10E-05 (energy)  0.10E-02 (step length)

 Weight factors for state symmetry  1:    0.20000   0.20000
 Weight factors for state symmetry  2:    0.20000
 Weight factors for state symmetry  3:    0.20000
 Weight factors for state symmetry  4:    0.20000

 Eigenvalues of redundancy matrix
   1-  3    0.000000    3.000000    4.000000

 Non-redundant active-active orbital rotations:
     1  2  3  4  5
  2  +
  3  +   
  4         
  5            
  6               

 Number of orbital rotations:      986   (     3 Core/Active    642 Core/Virtual   2 Active/Active    339 Active/Virtual)
 Total number of variables:        993


 ITER. MIC  NCI  NEG     ENERGY(VAR)     ENERGY(PROJ)   ENERGY CHANGE     GRAD(0)  GRAD(ORB)   GRAD(CI)     STEP       TIME

   1   32   28    0    -210.29459209    -210.30548609   -0.01089400    0.76974631 0.00000000 0.00000000  0.31D+00      1.25
   2   22   32    0    -210.30546347    -210.30547865   -0.00001519    1.54762780 0.00000000 0.00000000  0.25D-02      2.39
   3   34   20    0    -210.30547865    -210.30547865   -0.00000000    0.00000092 0.00000000 0.00000000  0.57D-06      3.25

 ** WVFN ****  CONVERGENCE REACHED, FINAL GRADIENT:  0.40D-10



 Results for state 1.1
 =====================

 !MCSCF STATE 1.1 Energy             -210.305478653366
 Nuclear energy                         0.00000000
 Kinetic energy                       171.91502549
 One electron energy                 -394.43648948
 Two electron energy                  184.13101082
 Virial ratio                           2.22331063

 !MCSCF STATE 1.1 Dipole moment         0.00000000     0.00000000     0.00000000
 Dipole moment /Debye                   0.00000000     0.00000000     0.00000000

 Results for state 2.1
 =====================

 !MCSCF STATE 2.1 Energy             -210.305478653366
 Nuclear energy                         0.00000000
 Kinetic energy                       171.91502549
 One electron energy                 -394.43648948
 Two electron energy                  184.13101082
 Virial ratio                           2.22331063

 !MCSCF STATE 2.1 Dipole moment         0.00000000     0.00000000     0.00000000
 Dipole moment /Debye                   0.00000000     0.00000000     0.00000000



 Results for state 1.4
 =====================

 !MCSCF STATE 1.4 Energy             -210.305478653366
 Nuclear energy                         0.00000000
 Kinetic energy                       171.91502549
 One electron energy                 -394.43648948
 Two electron energy                  184.13101082
 Virial ratio                           2.22331063

 !MCSCF STATE 1.4 Dipole moment         0.00000000     0.00000000     0.00000000
 Dipole moment /Debye                   0.00000000     0.00000000     0.00000000



 Results for state 1.6
 =====================

 !MCSCF STATE 1.6 Energy             -210.305478653366
 Nuclear energy                         0.00000000
 Kinetic energy                       171.91502549
 One electron energy                 -394.43648948
 Two electron energy                  184.13101082
 Virial ratio                           2.22331063

 !MCSCF STATE 1.6 Dipole moment         0.00000000     0.00000000     0.00000000
 Dipole moment /Debye                   0.00000000     0.00000000     0.00000000



 Results for state 1.7
 =====================

 !MCSCF STATE 1.7 Energy             -210.305478653366
 Nuclear energy                         0.00000000
 Kinetic energy                       171.91502549
 One electron energy                 -394.43648948
 Two electron energy                  184.13101082
 Virial ratio                           2.22331063

 !MCSCF STATE 1.7 Dipole moment         0.00000000     0.00000000     0.00000000
 Dipole moment /Debye                   0.00000000     0.00000000     0.00000000

 State-averaged charge density matrix saved on record  5202.2 (density set 1)


 NATURAL ORBITALS (state averaged)
 =================================

   Orb     Occ        Energy       Coefficients

                                   1 1s      1 1s      1 1s      1 1s      1 1s      1 1s      1 1s      1 1s      1 1s      1 1s   
                                   1 1s      1 1s      1 1s      1 1s      1 1s      1 1s      1 1s      1 1s      1 1s      1 1s   
                                   1 1s      1 1s      1 1s      1 1s      1 1s      1 1s      1 1s      1 1s      1 1s      1 1s   
                                   1 1s      1 3d0     1 3d2+    1 3d0     1 3d2+    1 3d0     1 3d2+    1 3d0     1 3d2+    1 3d0  
                                   1 3d2+    1 3d0     1 3d2+    1 3d0     1 3d2+    1 3d0     1 3d2+    1 3d0     1 3d2+    1 3d0  
                                   1 3d2+    1 3d0     1 3d2+    1 3d0     1 3d2+    1 3d0     1 3d2+    1 3d0     1 3d2+    1 3d0  
                                   1 3d2+    1 3d0     1 3d2+    1 3d0     1 3d2+    1 3d0     1 3d2+    1 3d0     1 3d2+    1 5g0  
                                   1 5g4+    1 5g2+    1 5g0     1 5g4+    1 5g2+    1 5g0     1 5g4+    1 5g2+    1 5g0     1 5g4+ 
                                   1 5g2+    1 5g0     1 5g4+    1 5g2+    1 5g0     1 5g4+    1 5g2+ 

   1.1  2.00000    -3.038958    -0.000000  0.000001 -0.000004  0.000012 -0.000032  0.000092 -0.000305  0.001729  0.005701 -0.004119
                                 0.006302 -0.012432 -0.005377  0.034838 -0.186007  0.222011 -0.126237  0.457921 -1.050293  0.076632
                                 0.978635  0.351191  0.046046 -0.030414  0.046706 -0.072333  0.054707 -0.021799  0.008459 -0.002195
                                 0.000392  0.000000  0.000000  0.000000  0.000000  0.000000  0.000000  0.000000  0.000000  0.000000
                                 0.000000  0.000000  0.000000  0.000000  0.000000  0.000000  0.000000  0.000000  0.000000  0.000000
                                 0.000000  0.000000  0.000000  0.000000  0.000000  0.000000  0.000000  0.000000  0.000000  0.000000
                                 0.000000  0.000000  0.000000  0.000000  0.000000  0.000000  0.000000  0.000000  0.000000  0.000000
                                 0.000000  0.000000  0.000000  0.000000  0.000000  0.000000  0.000000  0.000000  0.000000  0.000000
                                 0.000000  0.000000  0.000000  0.000000  0.000000  0.000000  0.000000

   2.1  1.00000    -0.309380    -0.000000  0.000000 -0.000001  0.000002 -0.000004  0.000012 -0.000040  0.000226  0.000748 -0.000544
                                 0.000841 -0.001692 -0.000705  0.004859 -0.021737  0.018226 -0.003925  0.133040 -0.390333  0.064526
                                 0.432238  0.376341  0.077760 -0.581868 -0.776999  0.209368 -0.221281  0.069932 -0.025746  0.006500
                                -0.001150  0.000000  0.000000  0.000000  0.000000  0.000000  0.000000  0.000000  0.000000  0.000000
                                 0.000000  0.000000  0.000000  0.000000  0.000000  0.000000  0.000000  0.000000  0.000000  0.000000
                                 0.000000  0.000000  0.000000  0.000000  0.000000  0.000000  0.000000  0.000000  0.000000  0.000000
                                 0.000000  0.000000  0.000000  0.000000  0.000000  0.000000  0.000000  0.000000  0.000000  0.000000
                                 0.000000  0.000000  0.000000  0.000000  0.000000  0.000000  0.000000  0.000000  0.000000  0.000000
                                 0.000000  0.000000  0.000000  0.000000  0.000000  0.000000  0.000000

   3.1  0.20000    -0.281977     0.000000  0.000000  0.000000  0.000000  0.000000  0.000000  0.000000  0.000000  0.000000  0.000000
                                 0.000000  0.000000  0.000000  0.000000  0.000000  0.000000  0.000000  0.000000  0.000000  0.000000
                                 0.000000  0.000000  0.000000  0.000000  0.000000  0.000000  0.000000  0.000000  0.000000  0.000000
                                 0.000000 -0.000016  0.000000  0.000080  0.000000 -0.000287  0.000000  0.000910  0.000000 -0.003026
                                 0.000000  0.016141  0.000000 -0.041792  0.000000  0.039930  0.000000 -0.021354  0.000000 -0.065369
                                 0.000000  0.403182  0.000000  0.549366  0.000000  0.271916  0.000000 -0.147516  0.000000  0.220440
                                 0.000000 -0.104076  0.000000  0.019591  0.000000 -0.006963  0.000000  0.001853  0.000000  0.000000
                                 0.000000  0.000000  0.000000  0.000000  0.000000  0.000000  0.000000  0.000000  0.000000  0.000000
                                 0.000000  0.000000  0.000000  0.000000  0.000000  0.000000  0.000000

   4.1  0.20000    -0.281977     0.000000  0.000000  0.000000  0.000000  0.000000  0.000000  0.000000  0.000000  0.000000  0.000000
                                 0.000000  0.000000  0.000000  0.000000  0.000000  0.000000  0.000000  0.000000  0.000000  0.000000
                                 0.000000  0.000000  0.000000  0.000000  0.000000  0.000000  0.000000  0.000000  0.000000  0.000000
                                 0.000000  0.000000 -0.000016  0.000000  0.000080  0.000000 -0.000287  0.000000  0.000910  0.000000
                                -0.003026  0.000000  0.016141  0.000000 -0.041792  0.000000  0.039930  0.000000 -0.021354  0.000000
                                -0.065369  0.000000  0.403182  0.000000  0.549366  0.000000  0.271916  0.000000 -0.147516  0.000000
                                 0.220440  0.000000 -0.104076  0.000000  0.019591  0.000000 -0.006963  0.000000  0.001853  0.000000
                                 0.000000  0.000000  0.000000  0.000000  0.000000  0.000000  0.000000  0.000000  0.000000  0.000000
                                 0.000000  0.000000  0.000000  0.000000  0.000000  0.000000  0.000000

                                   1 2px     1 2px     1 2px     1 2px     1 2px     1 2px     1 2px     1 2px     1 2px     1 2px  
                                   1 2px     1 2px     1 2px     1 2px     1 2px     1 2px     1 2px     1 2px     1 2px     1 2px  
                                   1 2px     1 2px     1 2px     1 2px     1 2px     1 2px     1 4f1+    1 4f3+    1 4f1+    1 4f3+ 
                                   1 4f1+    1 4f3+    1 4f1+    1 4f3+    1 4f1+    1 4f3+    1 4f1+    1 4f3+    1 4f1+    1 4f3+ 
                                   1 4f1+    1 4f3+    1 4f1+    1 4f3+    1 4f1+    1 4f3+    1 4f1+    1 4f3+    1 4f1+    1 4f3+ 
                                   1 4f1+    1 4f3+    1 4f1+    1 4f3+    1 6h1+    1 6h3+    1 6h5+    1 6h1+    1 6h3+    1 6h5+ 
                                   1 6h1+    1 6h3+    1 6h5+ 

   1.2  2.00000    -1.925826    -0.000000  0.000000 -0.000002  0.000006 -0.000019  0.000056 -0.000156  0.000429 -0.001298  0.004804
                                -0.043980  0.116493 -0.239276  0.501100 -0.637223  0.146162  0.676179 -0.023160  0.399714  0.037048
                                 0.043472 -0.002174 -0.036360  0.000618 -0.000237  0.000049  0.000000  0.000000  0.000000  0.000000
                                 0.000000  0.000000  0.000000  0.000000  0.000000  0.000000  0.000000  0.000000  0.000000  0.000000
                                 0.000000  0.000000  0.000000  0.000000  0.000000  0.000000  0.000000  0.000000  0.000000  0.000000
                                 0.000000  0.000000  0.000000  0.000000  0.000000  0.000000  0.000000  0.000000  0.000000  0.000000
                                 0.000000  0.000000  0.000000

   2.2  2.00000    -0.529930     0.000000  0.000000  0.000000  0.000000  0.000000  0.000000  0.000000  0.000000  0.000000  0.000000
                                 0.000000  0.000000  0.000000  0.000000  0.000000  0.000000  0.000000  0.000000  0.000000  0.000000
                                 0.000000  0.000000  0.000000  0.000000  0.000000  0.000000  0.000000 -0.000022  0.000000  0.000117
                                 0.000000  0.000015  0.000000  0.043748  0.000000  0.028943  0.000000  0.216131  0.000000  0.264216
                                 0.000000  0.351522  0.000000  0.298600  0.000000  0.166390  0.000000  0.054712  0.000000 -0.011561
                                 0.000000  0.007177  0.000000 -0.002288  0.000000  0.000000  0.000000  0.000000  0.000000  0.000000
                                 0.000000  0.000000  0.000000

   3.2  2.00000    -0.529930     0.000000  0.000000  0.000000  0.000000  0.000000  0.000000  0.000000  0.000000  0.000000  0.000000
                                 0.000000  0.000000  0.000000  0.000000  0.000000  0.000000  0.000000  0.000000  0.000000  0.000000
                                 0.000000  0.000000  0.000000  0.000000  0.000000  0.000000 -0.000022  0.000000  0.000117  0.000000
                                 0.000015  0.000000  0.043748  0.000000  0.028943  0.000000  0.216131  0.000000  0.264216  0.000000
                                 0.351522  0.000000  0.298600  0.000000  0.166390  0.000000  0.054712  0.000000 -0.011561  0.000000
                                 0.007177  0.000000 -0.002288  0.000000  0.000000  0.000000  0.000000  0.000000  0.000000  0.000000
                                 0.000000  0.000000  0.000000

                                   1 2py     1 2py     1 2py     1 2py     1 2py     1 2py     1 2py     1 2py     1 2py     1 2py  
                                   1 2py     1 2py     1 2py     1 2py     1 2py     1 2py     1 2py     1 2py     1 2py     1 2py  
                                   1 2py     1 2py     1 2py     1 2py     1 2py     1 2py     1 4f1-    1 4f3-    1 4f1-    1 4f3- 
                                   1 4f1-    1 4f3-    1 4f1-    1 4f3-    1 4f1-    1 4f3-    1 4f1-    1 4f3-    1 4f1-    1 4f3- 
                                   1 4f1-    1 4f3-    1 4f1-    1 4f3-    1 4f1-    1 4f3-    1 4f1-    1 4f3-    1 4f1-    1 4f3- 
                                   1 4f1-    1 4f3-    1 4f1-    1 4f3-    1 6h1-    1 6h3-    1 6h5-    1 6h1-    1 6h3-    1 6h5- 
                                   1 6h1-    1 6h3-    1 6h5- 

   1.3  2.00000    -1.925826    -0.000000  0.000000 -0.000002  0.000006 -0.000019  0.000056 -0.000156  0.000429 -0.001298  0.004804
                                -0.043980  0.116493 -0.239276  0.501100 -0.637223  0.146162  0.676179 -0.023160  0.399714  0.037048
                                 0.043472 -0.002174 -0.036360  0.000618 -0.000237  0.000049  0.000000  0.000000  0.000000  0.000000
                                 0.000000  0.000000  0.000000  0.000000  0.000000  0.000000  0.000000  0.000000  0.000000  0.000000
                                 0.000000  0.000000  0.000000  0.000000  0.000000  0.000000  0.000000  0.000000  0.000000  0.000000
                                 0.000000  0.000000  0.000000  0.000000  0.000000  0.000000  0.000000  0.000000  0.000000  0.000000
                                 0.000000  0.000000  0.000000

   2.3  2.00000    -0.529930     0.000000  0.000000  0.000000  0.000000  0.000000  0.000000  0.000000  0.000000  0.000000  0.000000
                                 0.000000  0.000000  0.000000  0.000000  0.000000  0.000000  0.000000  0.000000  0.000000  0.000000
                                 0.000000  0.000000  0.000000  0.000000  0.000000  0.000000  0.000000  0.000022  0.000000 -0.000117
                                 0.000000 -0.000015  0.000000 -0.043748  0.000000 -0.028943  0.000000 -0.216131  0.000000 -0.264216
                                 0.000000 -0.351522  0.000000 -0.298600  0.000000 -0.166390  0.000000 -0.054712  0.000000  0.011561
                                 0.000000 -0.007177  0.000000  0.002288  0.000000  0.000000  0.000000  0.000000  0.000000  0.000000
                                 0.000000  0.000000  0.000000

   3.3  2.00000    -0.529930     0.000000  0.000000  0.000000  0.000000  0.000000  0.000000  0.000000  0.000000  0.000000  0.000000
                                 0.000000  0.000000  0.000000  0.000000  0.000000  0.000000  0.000000  0.000000  0.000000  0.000000
                                 0.000000  0.000000  0.000000  0.000000  0.000000  0.000000 -0.000022  0.000000  0.000117  0.000000
                                 0.000015  0.000000  0.043748  0.000000  0.028943  0.000000  0.216131  0.000000  0.264216  0.000000
                                 0.351522  0.000000  0.298600  0.000000  0.166390  0.000000  0.054712  0.000000 -0.011561  0.000000
                                 0.007177  0.000000 -0.002288  0.000000  0.000000  0.000000  0.000000  0.000000  0.000000  0.000000
                                 0.000000  0.000000  0.000000

                                   1 3d2-    1 3d2-    1 3d2-    1 3d2-    1 3d2-    1 3d2-    1 3d2-    1 3d2-    1 3d2-    1 3d2- 
                                   1 3d2-    1 3d2-    1 3d2-    1 3d2-    1 3d2-    1 3d2-    1 3d2-    1 3d2-    1 3d2-    1 5g2- 
                                   1 5g4-    1 5g2-    1 5g4-    1 5g2-    1 5g4-    1 5g2-    1 5g4-    1 5g2-    1 5g4-    1 5g2- 
                                   1 5g4- 

   1.4  0.20000    -0.281977    -0.000016  0.000080 -0.000287  0.000910 -0.003026  0.016141 -0.041792  0.039930 -0.021354 -0.065369
                                 0.403182  0.549366  0.271916 -0.147516  0.220440 -0.104076  0.019591 -0.006963  0.001853  0.000000
                                 0.000000  0.000000  0.000000  0.000000  0.000000  0.000000  0.000000  0.000000  0.000000  0.000000
                                 0.000000

                                   1 2pz     1 2pz     1 2pz     1 2pz     1 2pz     1 2pz     1 2pz     1 2pz     1 2pz     1 2pz  
                                   1 2pz     1 2pz     1 2pz     1 2pz     1 2pz     1 2pz     1 2pz     1 2pz     1 2pz     1 2pz  
                                   1 2pz     1 2pz     1 2pz     1 2pz     1 2pz     1 2pz     1 4f0     1 4f2+    1 4f0     1 4f2+ 
                                   1 4f0     1 4f2+    1 4f0     1 4f2+    1 4f0     1 4f2+    1 4f0     1 4f2+    1 4f0     1 4f2+ 
                                   1 4f0     1 4f2+    1 4f0     1 4f2+    1 4f0     1 4f2+    1 4f0     1 4f2+    1 4f0     1 4f2+ 
                                   1 4f0     1 4f2+    1 4f0     1 4f2+    1 6h2+    1 6h4+    1 6h0     1 6h2+    1 6h4+    1 6h0  
                                   1 6h2+    1 6h4+    1 6h0  

   1.5  2.00000    -1.925826    -0.000000  0.000000 -0.000002  0.000006 -0.000019  0.000056 -0.000156  0.000429 -0.001298  0.004804
                                -0.043980  0.116493 -0.239276  0.501100 -0.637223  0.146162  0.676179 -0.023160  0.399714  0.037048
                                 0.043472 -0.002174 -0.036360  0.000618 -0.000237  0.000049  0.000000  0.000000  0.000000  0.000000
                                 0.000000  0.000000  0.000000  0.000000  0.000000  0.000000  0.000000  0.000000  0.000000  0.000000
                                 0.000000  0.000000  0.000000  0.000000  0.000000  0.000000  0.000000  0.000000  0.000000  0.000000
                                 0.000000  0.000000  0.000000  0.000000  0.000000  0.000000  0.000000  0.000000  0.000000  0.000000
                                 0.000000  0.000000  0.000000

   2.5  2.00000    -0.529930    -0.000000  0.000000 -0.000000  0.000000 -0.000000  0.000000 -0.000000  0.000000 -0.000000  0.000000
                                -0.000000  0.000000 -0.000000  0.000000 -0.000000  0.000000  0.000000 -0.000000  0.000000  0.000000
                                 0.000000 -0.000000 -0.000000  0.000000 -0.000000  0.000000 -0.000022  0.000000  0.000117  0.000000
                                 0.000015  0.000000  0.043748  0.000000  0.028943  0.000000  0.216131  0.000000  0.264216  0.000000
                                 0.351522  0.000000  0.298600  0.000000  0.166390  0.000000  0.054712  0.000000 -0.011561  0.000000
                                 0.007177  0.000000 -0.002288  0.000000  0.000000  0.000000  0.000000  0.000000  0.000000  0.000000
                                 0.000000  0.000000  0.000000

   3.5  2.00000    -0.529930     0.000000  0.000000  0.000000  0.000000  0.000000  0.000000  0.000000  0.000000  0.000000  0.000000
                                 0.000000  0.000000  0.000000  0.000000  0.000000  0.000000  0.000000  0.000000  0.000000  0.000000
                                 0.000000  0.000000  0.000000  0.000000  0.000000  0.000000  0.000000 -0.000022  0.000000  0.000117
                                 0.000000  0.000015  0.000000  0.043748  0.000000  0.028943  0.000000  0.216131  0.000000  0.264216
                                 0.000000  0.351522  0.000000  0.298600  0.000000  0.166390  0.000000  0.054712  0.000000 -0.011561
                                 0.000000  0.007177  0.000000 -0.002288  0.000000  0.000000  0.000000  0.000000  0.000000  0.000000
                                 0.000000  0.000000  0.000000

                                   1 3d1+    1 3d1+    1 3d1+    1 3d1+    1 3d1+    1 3d1+    1 3d1+    1 3d1+    1 3d1+    1 3d1+ 
                                   1 3d1+    1 3d1+    1 3d1+    1 3d1+    1 3d1+    1 3d1+    1 3d1+    1 3d1+    1 3d1+    1 5g1+ 
                                   1 5g3+    1 5g1+    1 5g3+    1 5g1+    1 5g3+    1 5g1+    1 5g3+    1 5g1+    1 5g3+    1 5g1+ 
                                   1 5g3+ 

   1.6  0.20000    -0.281977    -0.000016  0.000080 -0.000287  0.000910 -0.003026  0.016141 -0.041792  0.039930 -0.021354 -0.065369
                                 0.403182  0.549366  0.271916 -0.147516  0.220440 -0.104076  0.019591 -0.006963  0.001853  0.000000
                                 0.000000  0.000000  0.000000  0.000000  0.000000  0.000000  0.000000  0.000000  0.000000  0.000000
                                 0.000000

                                   1 3d1-    1 3d1-    1 3d1-    1 3d1-    1 3d1-    1 3d1-    1 3d1-    1 3d1-    1 3d1-    1 3d1- 
                                   1 3d1-    1 3d1-    1 3d1-    1 3d1-    1 3d1-    1 3d1-    1 3d1-    1 3d1-    1 3d1-    1 5g1- 
                                   1 5g3-    1 5g1-    1 5g3-    1 5g1-    1 5g3-    1 5g1-    1 5g3-    1 5g1-    1 5g3-    1 5g1- 
                                   1 5g3- 

   1.7  0.20000    -0.281977    -0.000016  0.000080 -0.000287  0.000910 -0.003026  0.016141 -0.041792  0.039930 -0.021354 -0.065369
                                 0.403182  0.549366  0.271916 -0.147516  0.220440 -0.104076  0.019591 -0.006963  0.001853  0.000000
                                 0.000000  0.000000  0.000000  0.000000  0.000000  0.000000  0.000000  0.000000  0.000000  0.000000
                                 0.000000

                                   1 4f2-    1 4f2-    1 4f2-    1 4f2-    1 4f2-    1 4f2-    1 4f2-    1 4f2-    1 4f2-    1 4f2- 
                                   1 4f2-    1 4f2-    1 4f2-    1 4f2-    1 6h4-    1 6h2-    1 6h4-    1 6h2-    1 6h4-    1 6h2- 


   1.8  2.00000    -0.529930    -0.000022  0.000117  0.000015  0.043748  0.028943  0.216131  0.264216  0.351522  0.298600  0.166390
                                 0.054712 -0.011561  0.007177 -0.002288  0.000000  0.000000  0.000000  0.000000  0.000000  0.000000

 Total charge:   1.000000000000
 

 EXTRA SYMMETRY OF MOS IN SYMMETRY 1:   1 1 2 3 1 2 3 1 3 2   1 2 3 1 2 3 1 5 6 4   2 3 1 5 4 6 2 3 1 2   3 6 4 5 1 6 5 4 1 2
                                        3 6 4 5 1 3 2 1 6 4   5 3 2 1 3 2 1 3 2 1   3 2 1 3 2 1 2 3 1 1   2 3 1 2 3 1 1 2 3 1
                                        1 1 1 1 1 1 1
 EXTRA SYMMETRY OF MOS IN SYMMETRY 2:   1 3 2 1 1 1 3 2 1 2   3 1 1 2 3 2 3 1 2 3   1 6 5 4 3 2 1 6 5 4   3 2 1 1 3 2 6 5 4 1
                                        3 2 1 1 3 2 1 3 2 1   1 2 3 1 3 2 1 1 1 1   1 1 1
 EXTRA SYMMETRY OF MOS IN SYMMETRY 3:   1 3 2 1 1 1 2 3 1 3   2 1 1 2 3 3 2 1 2 3   1 6 4 5 2 3 1 6 4 5   3 2 1 1 3 2 6 5 4 1
                                        3 2 1 1 3 2 1 3 2 1   1 3 2 1 2 3 1 1 1 1   1 1 1
 EXTRA SYMMETRY OF MOS IN SYMMETRY 4:   1 1 1 1 1 3 2 1 3 2   1 1 3 2 3 2 1 3 2 1   3 2 1 1 1 1 1 1 1 1   1
 EXTRA SYMMETRY OF MOS IN SYMMETRY 5:   1 2 3 1 1 1 2 3 1 2   3 1 1 3 2 2 3 1 2 3   1 6 4 5 2 3 1 6 4 5   2 3 1 1 2 3 6 4 5 1
                                        2 3 1 1 2 3 1 2 3 1   1 2 3 1 3 2 1 1 1 1   1 1 1
 EXTRA SYMMETRY OF MOS IN SYMMETRY 6:   1 1 1 1 1 3 2 1 2 3   1 1 2 3 2 3 1 2 3 1   2 3 1 1 1 1 1 1 1 1   1
 EXTRA SYMMETRY OF MOS IN SYMMETRY 8:   1 1 1 1 1 1 2 3 1 2   3 1 1 2 3 1 1 1 1 1

 Natural orbital dump (state averaged) at molpro section  5202.2    (Orbital set 2)


 CI vector for state symmetry 1
 ==============================

 /0/ 0 0 0          0.0000000   1.0000000
 //0 0 0 0          1.0000000   0.0000000

 TOTAL ENERGIES                      -210.30547865  -210.30547865

 CI vector for state symmetry 2
 ==============================

 /00 / 0 0          1.0000000

 TOTAL ENERGIES                      -210.30547865

 CI vector for state symmetry 3
 ==============================

 /00 0 / 0          1.0000000

 TOTAL ENERGIES                      -210.30547865

 CI vector for state symmetry 4
 ==============================

 /00 0 0 /          1.0000000

 TOTAL ENERGIES                      -210.30547865



 **********************************************************************************************************************************
 DATASETS  * FILE   NREC   LENGTH (MB)   RECORD NAMES
              1      20       57.08       500      610      700      900      950      970     1000      129      960     1100   
                                          VAR    BASINP    GEOM    SYMINP    ZMAT    AOBASIS   BASIS     P2S    ABASIS      S 
                                         1400     1410     1420     1200     1210     1080     1600     1650     1700     1380   
                                           T        V       ECP      H0       H01     AOSYM     SMH    MOLCAS    OPER     JKOP   

              2       6        9.38       200      700     1000      520     4202     5202   
                                        OPTIONS   GEOM     BASIS   MCVARS     RHF     MCSCF   

 PROGRAMS   *        TOTAL     MULTI       POP       RHF       INT
 CPU TIMES  *        86.71      4.43      0.00      3.08     78.76
 REAL TIME  *       101.72 SEC
 DISK USED  *         5.78 GB      
 SF USED    *       151.64 MB      
 GA USED    *         0.00 MB       (max)       0.00 MB       (current)
 **********************************************************************************************************************************


 PROGRAM * RHF-SCF (OPEN SHELL)       Authors: W. Meyer, H.-J. Werner


 NUMBER OF ELECTRONS:      13+   11-    SPACE SYMMETRY=1    SPIN SYMMETRY: Triplet 
 CONVERGENCE THRESHOLDS:    1.00E-05 (Density)    1.00E-07 (Energy)
 MAX. NUMBER OF ITERATIONS:        0
 INTERPOLATION TYPE:            DIIS
 INTERPOLATION STEPS:              2 (START)      1 (STEP)
 LEVEL SHIFTS:                 -0.60 (CLOSED) -0.30 (OPEN) 

 Number of closed-shell orbitals:   11 (   1   3   3   0   3   0   0   1 )
 Number of open-shell orbitals:      2 (   2   0   0   0   0   0   0   0 )


 Molecular orbitals read from record     5202.2  Type=MCSCF/NATURAL (state averaged)

 Molecular orbital dump at record        2112.2

 ITERATION    DDIFF          GRAD             ENERGY        2-EL.EN.            DIPOLE MOMENTS         DIIS   ORB.
    1      0.000D+00      0.000D+00      -210.30547865    368.262022    0.00000    0.00000    0.00000    0    start

 Final alpha occupancy:   3   3   3   0   3   0   0   1
 Final beta  occupancy:   1   3   3   0   3   0   0   1

 !RHF STATE 1.1 Energy               -210.305478653367
 Nuclear energy                         0.00000000
 One-electron energy                 -394.43648948
 Two-electron energy                  184.13101082
 Virial quotient                       -1.22331063
 !RHF STATE 1.1 Dipole moment           0.00000000     0.00000000     0.00000000
 Dipole moment /Debye                   0.00000000     0.00000000     0.00000000

 Orbital energies:

         1.1          2.1          3.1          4.1          5.1
     -3.038958    -0.309380    -0.281977    -0.281977    -0.074253

         1.2          2.2          3.2          4.2          5.2
     -1.925826    -0.529930    -0.529930    -0.124867    -0.051939

         1.3          2.3          3.3          4.3          5.3
     -1.925826    -0.529930    -0.529930    -0.124867    -0.051939

         1.4          2.4
     -0.281977    -0.053216

         1.5          2.5          3.5          4.5          5.5
     -1.925826    -0.529930    -0.529930    -0.124867    -0.051939

         1.6          2.6
     -0.281977    -0.053216

         1.7          2.7
     -0.281977    -0.053216

         1.8          2.8          3.8
     -0.529930    -0.022254     0.043288

 HOMO      3.1    -0.281977 =      -7.6730eV
 LUMO      4.1    -0.281977 =      -7.6730eV
 LUMO-HOMO         0.000000 =       0.0000eV


 **********************************************************************************************************************************
 DATASETS  * FILE   NREC   LENGTH (MB)   RECORD NAMES
              1      20       57.08       500      610      700      900      950      970     1000      129      960     1100   
                                          VAR    BASINP    GEOM    SYMINP    ZMAT    AOBASIS   BASIS     P2S    ABASIS      S 
                                         1400     1410     1420     1200     1210     1080     1600     1650     1700     1380   
                                           T        V       ECP      H0       H01     AOSYM     SMH    MOLCAS    OPER     JKOP   

              2       7       13.09       200      700     1000      520     4202     5202     2112   
                                        OPTIONS   GEOM     BASIS   MCVARS     RHF     MCSCF     RHF  

 PROGRAMS   *        TOTAL       RHF     MULTI       POP       RHF       INT
 CPU TIMES  *        86.86      0.15      4.43      0.00      3.08     78.76
 REAL TIME  *       101.96 SEC
 DISK USED  *         5.78 GB      
 SF USED    *       151.64 MB      
 GA USED    *         0.00 MB       (max)       0.00 MB       (current)
 **********************************************************************************************************************************
 SETTING SCF(6)         =      -210.30547865  AU                              
 SETTING _CC_NORM_MAX   =         2.00000000                                  


 PROGRAM * CCSD (Restricted open-shell coupled cluster)     Authors: C. Hampel, H.-J. Werner, 1991, M. Deegan, P.J. Knowles, 1992


 Convergence thresholds:  THRVAR = 1.00D-08  THRDEN = 1.00D-06

 CCSD(T)     terms to be evaluated (factor= 1.000)


 Number of closed-shell orbitals:  11 (   1   3   3   0   3   0   0   1 )
 Number of active  orbitals:        2 (   2   0   0   0   0   0   0   0 )
 Number of external orbitals:     376 (  84  60  60  31  60  31  31  19 )

 Memory could be reduced to 147.18 Mwords without degradation in triples

 Number of N-1 electron functions:              24
 Number of N-2 electron functions:             276
 Number of singly external CSFs:              1462
 Number of doubly external CSFs:           3802283
 Total number of CSFs:                     3803745

 Molecular orbitals read from record     2112.2  Type=RHF/CANONICAL (state 1.1)

 Integral transformation finished. Total CPU:   3.15 sec, npass=  1  Memory used:  27.92 MW

 Starting RMP2 calculation

 Wavefunction is spin-projected

 ITER.      SQ.NORM     CORR.ENERGY   TOTAL ENERGY   ENERGY CHANGE        DEN1      VAR(S)    VAR(P)  DIIS     TIME
   1      1.82590162    -2.57329581  -212.87877446    -2.57329581    -0.05254738  0.57D-04  0.38D-01  1  1     3.74
   2      1.96897210    -2.63792366  -212.94340232    -0.06462785    -0.00398779  0.38D-05  0.35D-02  2  2     4.16
   3      2.03803889    -2.65716582  -212.96264447    -0.01924215    -0.00009062  0.17D-06  0.56D-04  3  3     4.69
   4      2.04294858    -2.65786422  -212.96334288    -0.00069841    -0.00000211  0.11D-07  0.13D-05  4  4     5.62
   5      2.04301387    -2.65786447  -212.96334313    -0.00000025    -0.00000005  0.95D-09  0.33D-07  5  5     6.16
   6      2.04302091    -2.65786533  -212.96334398    -0.00000086    -0.00000000  0.11D-09  0.13D-08  6  6     6.77

 Norm of t1 vector:      0.04098899      S-energy:    -0.00390250      T1 diagnostic:  0.00407249
 Norm of t2 vector:      1.02046108      P-energy:    -2.65396283
                                         Alpha-Beta:  -1.74349923
                                         Alpha-Alpha: -0.45202548
                                         Beta-Beta:   -0.45843811

 Spin contamination <S**2-Sz**2-Sz>     0.00000000
  Reference energy                   -210.305478653366
  RHF-RMP2 correlation energy          -2.657865330940
 !RHF-RMP2 energy                    -212.963343984306
 (NB above energy spin projected)

 Starting RCCSD calculation

 ITER.      SQ.NORM     CORR.ENERGY   TOTAL ENERGY   ENERGY CHANGE        DEN1      VAR(S)    VAR(P)  DIIS     TIME
   1      1.25405924    -1.56957579  -211.87505444    -1.56957579    -0.36709481  0.53D-02  0.96D-01  0  0     9.78
   2      1.43094249    -1.93310961  -212.23858827    -0.36353382    -0.07759708  0.19D-02  0.29D-01  0  0    12.38
   3      1.38266023    -1.78479505  -212.09027370     0.14831456    -0.01801302  0.13D-02  0.52D-02  1  1    15.06
   4      1.41489862    -1.83446941  -212.13994807    -0.04967436    -0.00136209  0.12D-03  0.10D-02  2  2    17.75
   5      1.43607614    -1.83832743  -212.14380608    -0.00385801    -0.00070269  0.51D-04  0.55D-03  3  3    20.53
   6      1.47167947    -1.84222539  -212.14770404    -0.00389796    -0.00017796  0.47D-05  0.14D-03  4  4    23.36
   7      1.49273791    -1.84453102  -212.15000968    -0.00230563    -0.00003818  0.49D-05  0.24D-04  5  5    26.22
   8      1.50087602    -1.84526868  -212.15074733    -0.00073766    -0.00001051  0.33D-05  0.54D-05  6  6    29.13
   9      1.50293657    -1.84525454  -212.15073319     0.00001414    -0.00000177  0.56D-06  0.92D-06  7  7    32.14
  10      1.50344788    -1.84541391  -212.15089256    -0.00015937    -0.00000052  0.13D-06  0.31D-06  8  8    35.18
  11      1.50367593    -1.84538698  -212.15086564     0.00002692    -0.00000014  0.54D-07  0.59D-07  9  9    38.23
  12      1.50370852    -1.84534925  -212.15082790     0.00003774    -0.00000006  0.27D-07  0.22D-07 10 10    41.35
  13      1.50374229    -1.84536554  -212.15084420    -0.00001630    -0.00000003  0.16D-07  0.72D-08 11 11    44.50
  14      1.50378314    -1.84536950  -212.15084815    -0.00000395    -0.00000001  0.38D-08  0.23D-08 12 12    47.74
  15      1.50376725    -1.84536836  -212.15084701     0.00000114    -0.00000000  0.11D-08  0.80D-09 13 13    51.01
  16      1.50376142    -1.84536824  -212.15084689     0.00000012    -0.00000000  0.31D-09  0.41D-09 14 14    54.39

 Norm of t1 vector:      0.12219750      S-energy:    -0.00365072      T1 diagnostic:  0.01726546
                                                                       D1 diagnostic:  0.06629906
 Norm of t2 vector:      0.69916321      P-energy:    -1.84171752
                                         Alpha-Beta:  -1.32920699
                                         Alpha-Alpha: -0.26114239
                                         Beta-Beta:   -0.25136814

 Doubles amplitudes (print threshold =  0.500E-01):

         I         J         SYM. A    SYM. B    A         B      T(IJ, AB) [Alpha-Beta]

         5         5         1         1         3         3     -0.08699108
         5         5         4         4         1         1     -0.08699108
         6         6         6         6         1         1     -0.09590756
         8         8         1         1         3         3     -0.08699108
         8         8         4         4         1         1     -0.08699108
         9         9         7         7         1         1     -0.09590756
        12        12         1         1         3         3     -0.07479855
        12        12         6         6         1         1     -0.06850838
        12        12         7         7         1         1     -0.06850838
        13        13         4         4         1         1     -0.07479855
        13        13         6         6         1         1     -0.06850838
        13        13         7         7         1         1     -0.06850838
         9         6         7         6         1         1     -0.05268865
         6         9         6         7         1         1     -0.05268865

 Spin contamination <S**2-Sz**2-Sz>     0.00000000

 Memory could be reduced to 153.41 Mwords without degradation in triples
 

 RESULTS
 =======

  Reference energy                   -210.305478653366
  RCCSD singles energy                 -0.003650719455
  RCCSD pair energy                    -1.841717521908
  RCCSD correlation energy             -1.845368241363
  Triples (T) contribution             -0.251292692315
  Total correlation energy             -2.096660933678
 
  RHF-RCCSD energy                   -212.150846894729
  RHF-RCCSD[T] energy                -212.408029026571
  RHF-RCCSD-T energy                 -212.398704432746
 !RHF-RCCSD(T) energy                -212.402139587044

 Program statistics:

 Available memory in ccsd:               999998418
 Min. memory needed in ccsd:              10895932
 Max. memory used in ccsd:                15637075
 Max. memory used in cckext:              11742483 (16 integral passes)
 Max. memory used in cckint:              27924813 ( 1 integral passes)



 **********************************************************************************************************************************
 DATASETS  * FILE   NREC   LENGTH (MB)   RECORD NAMES
              1      20       57.08       500      610      700      900      950      970     1000      129      960     1100   
                                          VAR    BASINP    GEOM    SYMINP    ZMAT    AOBASIS   BASIS     P2S    ABASIS      S 
                                         1400     1410     1420     1200     1210     1080     1600     1650     1700     1380   
                                           T        V       ECP      H0       H01     AOSYM     SMH    MOLCAS    OPER     JKOP   

              2       7       13.09       200      700     1000      520     4202     5202     2112   
                                        OPTIONS   GEOM     BASIS   MCVARS     RHF     MCSCF     RHF  

 PROGRAMS   *        TOTAL  RCCSD(T)       RHF     MULTI       POP       RHF       INT
 CPU TIMES  *       222.71    135.79      0.15      4.43      0.00      3.08     78.76
 REAL TIME  *       261.84 SEC
 DISK USED  *        18.55 GB      
 SF USED    *         2.56 GB      
 GA USED    *         0.00 MB       (max)       0.00 MB       (current)
 **********************************************************************************************************************************
 SETTING CCSD(6)        =      -212.40213959  AU                              
 Output type csv         
                                                                                                                                                                                                                                                                

        SCF,CCSD
      0.0000000,      0.0000000
      0.0000000,      0.0000000
      0.0000000,      0.0000000
      0.0000000,      0.0000000
      0.0000000,      0.0000000
   -210.3054787,   -212.4021396
                                                  

 RCCSD(T)/USERDEF energy=   -212.402139587044

        RCCSD(T)        RHF-SCF         MULTI           RHF-SCF 
   -212.40213959   -210.30547865   -210.30547865   -210.30746813
 **********************************************************************************************************************************
 Molpro calculation terminated
 Variable memory released
