
 Primary working directories    : /global/cscratch1/sd/haihan
 Secondary working directories  : /global/cscratch1/sd/haihan
 Wavefunction directory         : /global/homes/h/haihan/wfu/
 Main file repository           : /global/cscratch1/sd/haihan/

 SHA1      : 19cd028119e0e09f93f0674bd8af7968d9b3eff6
 NAME      : 2015.1.36
 ARCHNAME  : linux/x86_64
 FC        : /opt/cray/pe/craype/2.5.14/bin/ftn
 BLASLIB   : -L/opt/intel/compilers_and_libraries_2018.1.163/linux/mkl/lib/intel64 -Wl,-_start-group -lmkl_intel_ilp64 -lmkl_intel_thread -lmkl_core -Wl,-_end-group -liomp5
 id        : lbl

 Nodes     nprocs
 nid00776     5
 Number of processes for MPI-2 version of Molpro:   nprocs(total)=    6   nprocs(compute)=    5   nprocs(helper)=    1

 Using customized tuning parameters: mindgm=7; mindgv=16; mindgc=1; mindgr=1; noblas=0; minvec=7
 default implementation of scratch files=sf  

 ***,Calculation for Gd atom, singlet and triplet
 memory,2,g
 
 gthresh,twoint=1.e-15
 gthresh,oneint=1.e-15
 
 set,dkroll=1,dkho=10,dkhp=4
 
 
 geometry={
 1
 Lu
 Lu  0.0 0.0 0.0
 }
 
 basis={
 Including file /global/u2/h/haihan/Research/ECP/f_group_element_ecps/Lu/Molpro/atom/AE/dkh/10_messyminus/messyminus.basis
 }
 
 
 
 Including file /global/u2/h/haihan/Research/ECP/f_group_element_ecps/Lu/Molpro/atom/AE/dkh/10_messyminus/../Lu_states_ae.proc
 
 
 do i=10,10
     if (i.eq.1) then
         Id1s2
     else if (i.eq.2) then
         Ip1s2
     else if (i.eq.3) then
 IEd2s1
     else if (i.eq.4) then
         IEf1s2
     else if (i.eq.5) then
         IIds2
     else if (i.eq.6) then
         IId1s1
     else if (i.eq.7) then
         IIIds1
     else if (i.eq.8) then
 IIIp1
     else if (i.eq.9) then
         IIId1
     else if (i.eq.10) then
         IIIEf1
     else if (i.eq.11) then
         VIp6
     else if (i.eq.12) then
         VIIp5
     else if (i.eq.13) then
         VIIIp4
     else if (i.eq.14) then
         IXp3
     else if (i.eq.15) then
         Xp
     else if (i.eq.16) then
         XIds2
     else if (i.eq.17) then
         IIIEf2
     endif
     scf(i)=energy
     _CC_NORM_MAX=2.0
     {rccsd(t),shifts=0.5,shiftp=0.5,thrdis=1.0;diis,1,1,15,1;maxit,100;core}
     ccsd(i)=energy
 enddo
 
 table,scf,ccsd
 type,csv
 save

 Variables initialized (889), CPU time= 0.01 sec
 Commands  initialized (702), CPU time= 0.01 sec, 572 directives.
 Default parameters read. Elapsed time= 0.13 sec

 Checking input...
 Passed
1


                                         ***  PROGRAM SYSTEM MOLPRO  ***
                                       Copyright, TTI GmbH Stuttgart, 2015
                                    Version 2015.1 linked Dec 29 2018 15:55:43


 **********************************************************************************************************************************
 LABEL *   Calculation for Gd atom, singlet and triplet                                  
  64 bit mpp version                                                                     DATE: 17-Apr-23          TIME: 13:51:22  
 **********************************************************************************************************************************

 SHA1:             19cd028119e0e09f93f0674bd8af7968d9b3eff6
 **********************************************************************************************************************************

 THRESHOLDS:

 ZERO    =  1.00D-12  ONEINT  =  1.00D-12  TWOINT  =  1.00D-15  PREFAC  =  1.00D-14  LOCALI  =  1.00D-09  EORDER  =  1.00D-04
 ENERGY  =  0.00D+00  ETEST   =  0.00D+00  EDENS   =  0.00D+00  THRDEDEF=  1.00D-06  GRADIENT=  1.00D-02  STEP    =  1.00D-03
 ORBITAL =  1.00D-05  CIVEC   =  1.00D-05  COEFF   =  1.00D-04  PRINTCI =  5.00D-02  PUNCHCI =  9.90D+01  OPTGRAD =  3.00D-04
 OPTENERG=  1.00D-06  OPTSTEP =  3.00D-04  THRGRAD =  1.00D-10  COMPRESS=  1.00D-11  VARMIN  =  1.00D-07  VARMAX  =  1.00D-03
 THRDOUB =  0.00D+00  THRDIV  =  1.00D-05  THRRED  =  1.00D-07  THRPSP  =  1.00D+00  THRDC   =  1.00D-10  THRCS   =  1.00D-10
 THRNRM  =  1.00D-08  THREQ   =  0.00D+00  THRDE   =  1.00D+00  THRREF  =  1.00D-05  SPARFAC =  1.00D+00  THRDLP  =  1.00D-07
 THRDIA  =  1.00D-10  THRDLS  =  1.00D-07  THRGPS  =  0.00D+00  THRKEX  =  0.00D+00  THRDIS  =  2.00D-01  THRVAR  =  1.00D-10
 THRLOC  =  1.00D-06  THRGAP  =  1.00D-06  THRLOCT = -1.00D+00  THRGAPT = -1.00D+00  THRORB  =  1.00D-06  THRMLTP =  0.00D+00
 THRCPQCI=  1.00D-10  KEXTA   =  0.00D+00  THRCOARS=  0.00D+00  SYMTOL  =  1.00D-06  GRADTOL =  1.00D-06  THROVL  =  1.00D-08
 THRORTH =  1.00D-08  GRID    =  1.00D-06  GRIDMAX =  1.00D-03  DTMAX   =  0.00D+00  THROCCDE=  1.00D-01  THROCCDE=  1.00D-01



 THRESHOLDS:

 ZERO    =  1.00D-12  ONEINT  =  1.00D-15  TWOINT  =  1.00D-15  PREFAC  =  1.00D-14  LOCALI  =  1.00D-09  EORDER  =  1.00D-04
 ENERGY  =  0.00D+00  ETEST   =  0.00D+00  EDENS   =  0.00D+00  THRDEDEF=  1.00D-06  GRADIENT=  1.00D-02  STEP    =  1.00D-03
 ORBITAL =  1.00D-05  CIVEC   =  1.00D-05  COEFF   =  1.00D-04  PRINTCI =  5.00D-02  PUNCHCI =  9.90D+01  OPTGRAD =  3.00D-04
 OPTENERG=  1.00D-06  OPTSTEP =  3.00D-04  THRGRAD =  1.00D-10  COMPRESS=  1.00D-11  VARMIN  =  1.00D-07  VARMAX  =  1.00D-03
 THRDOUB =  0.00D+00  THRDIV  =  1.00D-05  THRRED  =  1.00D-07  THRPSP  =  1.00D+00  THRDC   =  1.00D-10  THRCS   =  1.00D-10
 THRNRM  =  1.00D-08  THREQ   =  0.00D+00  THRDE   =  1.00D+00  THRREF  =  1.00D-05  SPARFAC =  1.00D+00  THRDLP  =  1.00D-07
 THRDIA  =  1.00D-10  THRDLS  =  1.00D-07  THRGPS  =  0.00D+00  THRKEX  =  0.00D+00  THRDIS  =  2.00D-01  THRVAR  =  1.00D-10
 THRLOC  =  1.00D-06  THRGAP  =  1.00D-06  THRLOCT = -1.00D+00  THRGAPT = -1.00D+00  THRORB  =  1.00D-06  THRMLTP =  0.00D+00
 THRCPQCI=  1.00D-10  KEXTA   =  0.00D+00  THRCOARS=  0.00D+00  SYMTOL  =  1.00D-06  GRADTOL =  1.00D-06  THROVL  =  1.00D-08
 THRORTH =  1.00D-08  GRID    =  1.00D-06  GRIDMAX =  1.00D-03  DTMAX   =  0.00D+00  THROCCDE=  1.00D-01  THROCCDE=  1.00D-01


 SETTING DKROLL         =         1.00000000                                  
 SETTING DKHO           =        10.00000000                                  
 SETTING DKHP           =         4.00000000                                  

Geometry recognized as XYZ


 Variable memory set to 2000000000 words,  buffer space   230000 words

 SETTING BASIS          =    USERDEF

 DO I                   =        10.00000000   

 Running procedure=IIIEF1


 Recomputing integrals since basis changed


 Using spherical harmonics



 PROGRAM * SEWARD (Integral evaluation for generally contracted gaussian basis sets)     Author: Roland Lindh, 1990

 Geometry written to block  1 of record 700

 Orientation using atomic masses  
 Molecule type: Atom
 Symmetry elements: X,Y,Z
 Rotational constants:       0.0000000      0.0000000      0.0000000 GHz  (calculated with average atomic masses)

 Point group  D2h 



 ATOMIC COORDINATES

 NR  ATOM    CHARGE       X              Y              Z

   1  LU     71.00    0.000000000    0.000000000    0.000000000

 NUCLEAR CHARGE:                   71
 NUMBER OF PRIMITIVE AOS:         503
 NUMBER OF SYMMETRY AOS:          380
 NUMBER OF CONTRACTIONS:          380   (  85Ag  +  62B3u +  62B2u +  30B1g +  62B1u +  30B2g +  30B3g +  19Au  )
 NUMBER OF CORE ORBITALS:          23   (   8Ag  +   3B3u +   3B2u +   2B1g +   3B1u +   2B2g +   2B3g +   0Au  )
 NUMBER OF VALENCE ORBITALS:       17   (   4Ag  +   3B3u +   3B2u +   1B1g +   3B1u +   1B2g +   1B3g +   1Au  )


 NUCLEAR REPULSION ENERGY    0.00000000

 One-electron integrals computed with SEWARD

 10nd-order Douglas-Kroll-Hess method activated. McWeeny DKH parametrization is used.

 Computing Douglas-Kroll / X2C integrals

 AO integral compression algorithm  1   Integral accuracy      1.0D-15

     1957.954 MB (compressed) written to integral file ( 43.0%)

     Node minimum: 275.251 MB, node maximum: 462.684 MB


 NUMBER OF SORTED TWO-ELECTRON INTEGRALS:   67118199.     BUFFER LENGTH:  32768
 NUMBER OF SEGMENTS:   3  SEGMENT LENGTH:   31999752      RECORD LENGTH: 524288

 Memory used in sort:      32.56 MW

 SORT1 READ   568811974. AND WROTE    38386072. INTEGRALS IN    111 RECORDS. CPU TIME:    13.11 SEC, REAL TIME:    16.06 SEC
 SORT2 READ   190908661. AND WROTE   335703620. INTEGRALS IN   7115 RECORDS. CPU TIME:     1.22 SEC, REAL TIME:     1.80 SEC

 Node minimum:    67096799.  Node maximum:    67169268. integrals

 OPERATOR DM      FOR CENTER  0  COORDINATES:    0.000000    0.000000    0.000000

 EXTRA SYMMETRY OF AOS IN SYMMETRY 1:   1 1 1 1 1 1 1 1 1 1   1 1 1 1 1 1 1 1 1 1   1 1 1 1 1 1 1 1 1 1   1 2 3 2 3 2 3 2 3 2
                                        3 2 3 2 3 2 3 2 3 2   3 2 3 2 3 2 3 2 3 2   3 2 3 2 3 2 3 4 5 6   4 5 6 4 5 6 4 5 6 4
                                        5 6 4 5 6
 EXTRA SYMMETRY OF AOS IN SYMMETRY 2:   1 1 1 1 1 1 1 1 1 1   1 1 1 1 1 1 1 1 1 1   1 1 1 1 1 1 1 2 3 2   3 2 3 2 3 2 3 2 3 2
                                        3 2 3 2 3 2 3 2 3 2   3 2 3 4 5 6 4 5 6 4   5 6
 EXTRA SYMMETRY OF AOS IN SYMMETRY 3:   1 1 1 1 1 1 1 1 1 1   1 1 1 1 1 1 1 1 1 1   1 1 1 1 1 1 1 2 3 2   3 2 3 2 3 2 3 2 3 2
                                        3 2 3 2 3 2 3 2 3 2   3 2 3 4 5 6 4 5 6 4   5 6
 EXTRA SYMMETRY OF AOS IN SYMMETRY 4:   1 1 1 1 1 1 1 1 1 1   1 1 1 1 1 1 1 1 2 3   2 3 2 3 2 3 2 3 2 3
 EXTRA SYMMETRY OF AOS IN SYMMETRY 5:   1 1 1 1 1 1 1 1 1 1   1 1 1 1 1 1 1 1 1 1   1 1 1 1 1 1 1 2 3 2   3 2 3 2 3 2 3 2 3 2
                                        3 2 3 2 3 2 3 2 3 2   3 2 3 4 5 6 4 5 6 4   5 6
 EXTRA SYMMETRY OF AOS IN SYMMETRY 6:   1 1 1 1 1 1 1 1 1 1   1 1 1 1 1 1 1 1 2 3   2 3 2 3 2 3 2 3 2 3
 EXTRA SYMMETRY OF AOS IN SYMMETRY 7:   1 1 1 1 1 1 1 1 1 1   1 1 1 1 1 1 1 1 2 3   2 3 2 3 2 3 2 3 2 3
 EXTRA SYMMETRY OF AOS IN SYMMETRY 8:   1 1 1 1 1 1 1 1 1 1   1 1 1 2 3 2 3 2 3

 Eigenvalues of metric

         1 0.433E-04 0.526E-04 0.113E-03 0.205E-03 0.387E-03 0.579E-03 0.702E-03 0.702E-03
         2 0.122E-04 0.207E-04 0.110E-03 0.494E-03 0.158E-02 0.385E-02 0.728E-02 0.144E-01
         3 0.122E-04 0.207E-04 0.110E-03 0.494E-03 0.158E-02 0.385E-02 0.728E-02 0.144E-01
         4 0.702E-03 0.220E-02 0.838E-02 0.215E-01 0.345E-01 0.566E-01 0.104E+00 0.174E+00
         5 0.122E-04 0.207E-04 0.110E-03 0.494E-03 0.158E-02 0.385E-02 0.728E-02 0.144E-01
         6 0.702E-03 0.220E-02 0.838E-02 0.215E-01 0.345E-01 0.566E-01 0.104E+00 0.174E+00
         7 0.702E-03 0.220E-02 0.838E-02 0.215E-01 0.345E-01 0.566E-01 0.104E+00 0.174E+00
         8 0.144E-01 0.330E-01 0.524E-01 0.114E+00 0.217E+00 0.268E+00 0.268E+00 0.366E+00


 **********************************************************************************************************************************
 DATASETS  * FILE   NREC   LENGTH (MB)   RECORD NAMES
              1      22       21.47       500      610      700      900      950      970     1000      129      960     1700   
                                          VAR    BASINP    GEOM    SYMINP    ZMAT    AOBASIS   BASIS     P2S    ABASIS    OPER   
                                         1101     1401     1411     1412     1650     1100     1400     1410     1200     1210   
                                          SR      EKINR    POTR     PVPR    MOLCAS      S      EKIN      POT      H0       H01  
                                         1080     1600   
                                         AOSYM     SMH  

 PROGRAMS   *        TOTAL       INT
 CPU TIMES  *        81.51     81.23
 REAL TIME  *        87.33 SEC
 DISK USED  *         4.23 GB      
 GA USED    *         0.00 MB       (max)       0.00 MB       (current)
 **********************************************************************************************************************************


 PROGRAM * RHF-SCF (OPEN SHELL)       Authors: W. Meyer, H.-J. Werner


 NUMBER OF ELECTRONS:      35+   34-    SPACE SYMMETRY=2    SPIN SYMMETRY: Doublet 
 CONVERGENCE THRESHOLDS:    1.00E-05 (Density)    1.42E-07 (Energy)
 MAX. NUMBER OF ITERATIONS:       60
 INTERPOLATION TYPE:            DIIS
 INTERPOLATION STEPS:              2 (START)      1 (STEP)
 LEVEL SHIFTS:                 -0.60 (CLOSED) -0.30 (OPEN) 

 Number of closed-shell orbitals:   34 (   9   6   6   2   6   2   2   1 )
 Number of open-shell orbitals:      1 (   0   1   0   0   0   0   0   0 )


 
 Extra symmetries of mos in symmetry 2:   1   1   1   3   2   1   3   2
 Extra symmetries of mos in symmetry 3:   1   1   1   3   2   1   3   2
 Extra symmetries of mos in symmetry 5:   1   1   1   3   2   1   3   2
 Orbital guess generated from atomic densities. Full valence occupancy:   12   6   6   3   6   3   3   1


 Molecular orbital dump at record        4202.2

 ITERATION    DDIFF          GRAD             ENERGY        2-EL.EN.            DIPOLE MOMENTS         DIIS   ORB.
    1      0.000D+00      0.000D+00    -14558.38931633  10702.434088    0.00000    0.00000    0.00000    0    start
    2      0.000D+00      0.151D-01    -14558.47386561  10812.665293    0.00000    0.00000    0.00000    1    diag,B
    3      0.120D-01      0.201D-01    -14558.55818660  10767.910317    0.00000    0.00000    0.00000    2    diag,B
    4      0.372D-02      0.245D-02    -14558.57860165  10763.581763    0.00000    0.00000    0.00000    3    diag,B
    5      0.626D-02      0.858D-03    -14558.59329457  10766.578730    0.00000    0.00000    0.00000    4    diag,B
    6      0.469D-02      0.546D-03    -14558.60571396  10768.926475    0.00000    0.00000    0.00000    5    diag,B
    7      0.398D-02      0.392D-03    -14558.61622255  10772.569691    0.00000    0.00000    0.00000    6    fixocc
    8      0.470D-02      0.109D-03    -14558.61672092  10773.330487    0.00000    0.00000    0.00000    7    diag,B
    9      0.594D-03      0.397D-04    -14558.61676774  10773.564654    0.00000    0.00000    0.00000    8    diag,B
   10      0.184D-03      0.770D-05    -14558.61676878  10773.602671    0.00000    0.00000    0.00000    9    orth
   11      0.374D-04      0.987D-06    -14558.61676879  10773.604393    0.00000    0.00000    0.00000    9    diag,B
   12      0.347D-05      0.269D-06    -14558.61676879  10773.604679    0.00000    0.00000    0.00000    0    orth

 Final alpha occupancy:   9   7   6   2   6   2   2   1
 Final beta  occupancy:   9   6   6   2   6   2   2   1

 !RHF STATE 1.2 Energy               -14558.6167687907    
 Nuclear energy                         0.00000000
 One-electron energy               -19945.41910837
 Two-electron energy                 5386.80233958
 Virial quotient                       -0.73342341
 !RHF STATE 1.2 Dipole moment           0.00000000     0.00000000     0.00000000
 Dipole moment /Debye                   0.00000000     0.00000000     0.00000000

 ELECTRON ORBITALS
 =================


   Orb  Occ    Energy  Couls-En    Coefficients

                                   1 1s      1 1s      1 1s      1 1s      1 1s      1 1s      1 1s      1 1s      1 1s      1 1s   
                                   1 1s      1 1s      1 1s      1 1s      1 1s      1 1s      1 1s      1 1s      1 1s      1 1s   
                                   1 1s      1 1s      1 1s      1 1s      1 1s      1 1s      1 1s      1 1s      1 1s      1 1s   
                                   1 1s      1 3d0     1 3d2+    1 3d0     1 3d2+    1 3d0     1 3d2+    1 3d0     1 3d2+    1 3d0  
                                   1 3d2+    1 3d0     1 3d2+    1 3d0     1 3d2+    1 3d0     1 3d2+    1 3d0     1 3d2+    1 3d0  
                                   1 3d2+    1 3d0     1 3d2+    1 3d0     1 3d2+    1 3d0     1 3d2+    1 3d0     1 3d2+    1 3d0  
                                   1 3d2+    1 3d0     1 3d2+    1 3d0     1 3d2+    1 3d0     1 3d2+    1 5g0     1 5g4+    1 5g2+ 
                                   1 5g0     1 5g4+    1 5g2+    1 5g0     1 5g4+    1 5g2+    1 5g0     1 5g4+    1 5g2+    1 5g0  
                                   1 5g4+    1 5g2+    1 5g0     1 5g4+    1 5g2+ 

   1.1   2 -2340.0205-5056.7519  0.000557  0.000534  0.001533  0.002162  0.004337  0.006949  0.012526  0.020944  0.036464  0.061414
                                 0.103322  0.164200  0.236008  0.270084  0.205554  0.074383  0.007430  0.000489 -0.000143 -0.000017
                                -0.000003  0.000012 -0.000006  0.000004 -0.000003  0.000002 -0.000002  0.000002 -0.000001  0.000001
                                -0.000000  0.000000  0.000000  0.000000 -0.000000  0.000000 -0.000000  0.000000 -0.000000  0.000000
                                -0.000000  0.000000 -0.000000  0.000000 -0.000000  0.000000 -0.000000  0.000000 -0.000000  0.000000
                                -0.000000  0.000000 -0.000000  0.000000 -0.000000 -0.000000  0.000000 -0.000000  0.000000  0.000000
                                 0.000000 -0.000000  0.000000  0.000000 -0.000000 -0.000000  0.000000 -0.000000 -0.000000  0.000000
                                 0.000000  0.000000 -0.000000  0.000000 -0.000000  0.000000  0.000000  0.000000 -0.000000 -0.000000
                                 0.000000 -0.000000  0.000000  0.000000 -0.000000

   2.1   2  -403.8959-1092.7723 -0.000208 -0.000200 -0.000574 -0.000812 -0.001633 -0.002631 -0.004772 -0.008082 -0.014279 -0.024754
                                -0.043175 -0.073619 -0.116506 -0.158069 -0.130526  0.047989  0.385265  0.457057  0.250127  0.029089
                                -0.025060  0.019767 -0.011279  0.006705 -0.004815  0.003576 -0.003326  0.002602 -0.001962  0.001549
                                -0.000501  0.000000 -0.000000  0.000000  0.000000  0.000000  0.000000  0.000000 -0.000000  0.000000
                                -0.000000  0.000000 -0.000000  0.000000  0.000000 -0.000000  0.000000 -0.000000  0.000000 -0.000000
                                 0.000000 -0.000000  0.000000 -0.000000  0.000000 -0.000000 -0.000000  0.000000 -0.000000 -0.000000
                                -0.000000  0.000000 -0.000000 -0.000000  0.000000  0.000000 -0.000000  0.000000  0.000000 -0.000000
                                 0.000000 -0.000000  0.000000 -0.000000  0.000000 -0.000000 -0.000000 -0.000000  0.000000  0.000000
                                -0.000000  0.000000 -0.000000 -0.000000  0.000000

   3.1   2   -94.2547 -385.8305  0.000098  0.000094  0.000271  0.000382  0.000776  0.001231  0.002291  0.003746  0.007007  0.011263
                                 0.022113  0.032485  0.065340  0.063160  0.106505 -0.120471 -0.150217 -0.786233  0.216860  1.236161
                                -0.343467  0.432713 -0.253581  0.159141 -0.117764  0.089033 -0.083773  0.065900 -0.049929  0.039464
                                -0.012790  0.000000 -0.000000  0.000000  0.000000  0.000000 -0.000000  0.000000  0.000000  0.000000
                                -0.000000  0.000001  0.000000  0.000002 -0.000000  0.000003  0.000000  0.000002  0.000000  0.000001
                                -0.000000 -0.000000  0.000000  0.000000 -0.000000 -0.000000  0.000000  0.000000 -0.000000 -0.000000
                                 0.000000  0.000001 -0.000000 -0.000001  0.000000  0.000000 -0.000000 -0.000000 -0.000000  0.000000
                                 0.000000 -0.000000  0.000000 -0.000000  0.000000 -0.000000  0.000000  0.000000 -0.000000 -0.000000
                                 0.000000 -0.000000  0.000000  0.000000 -0.000000

   4.1   2   -61.5079 -330.1217 -0.000000 -0.000000 -0.000000 -0.000000 -0.000000 -0.000000 -0.000000 -0.000000 -0.000000 -0.000000
                                -0.000000 -0.000000 -0.000001 -0.000001 -0.000001  0.000001  0.000001  0.000008 -0.000003 -0.000014
                                 0.000007 -0.000003  0.000003 -0.000003  0.000001 -0.000001  0.000001 -0.000001  0.000001 -0.000001
                                 0.000000  0.000105 -0.000000  0.000790 -0.000000  0.004461 -0.000000  0.019795 -0.000000  0.067754
                                -0.000000  0.174622 -0.000000  0.315606 -0.000000  0.365684 -0.000000  0.218144 -0.000000  0.051215
                                -0.000000  0.003255 -0.000000  0.000553 -0.000000  0.000015 -0.000000  0.000034 -0.000000 -0.000024
                                 0.000000  0.000059 -0.000000 -0.000066  0.000000  0.000022 -0.000000  0.000002 -0.000000 -0.000000
                                -0.000000  0.000000 -0.000000  0.000000 -0.000000  0.000000  0.000000 -0.000000 -0.000000 -0.000000
                                -0.000000  0.000000  0.000000 -0.000000 -0.000000

   5.1   2   -61.5077 -330.1215  0.000000  0.000000 -0.000000  0.000000  0.000000  0.000000  0.000000  0.000000  0.000000  0.000000
                                 0.000000  0.000000  0.000000  0.000000  0.000000 -0.000000 -0.000000 -0.000000 -0.000000  0.000000
                                -0.000000 -0.000000  0.000000  0.000000  0.000000 -0.000000 -0.000000 -0.000000 -0.000000  0.000000
                                -0.000000  0.000000  0.000105  0.000000  0.000790  0.000000  0.004461  0.000000  0.019795  0.000000
                                 0.067754  0.000000  0.174622  0.000000  0.315606  0.000000  0.365684  0.000000  0.218144  0.000000
                                 0.051215  0.000000  0.003256  0.000000  0.000553  0.000000  0.000015  0.000000  0.000034 -0.000000
                                -0.000024  0.000000  0.000059 -0.000000 -0.000066  0.000000  0.000022  0.000000  0.000001  0.000001
                                -0.000000  0.000000 -0.000000  0.000000 -0.000000  0.000000 -0.000000 -0.000000  0.000000  0.000000
                                -0.000000  0.000000 -0.000000 -0.000000  0.000000

   6.1   2   -20.4588 -165.6507 -0.000048 -0.000046 -0.000132 -0.000185 -0.000379 -0.000595 -0.001125 -0.001798 -0.003479 -0.005326
                                -0.011209 -0.014921 -0.034443 -0.026050 -0.064666  0.087251  0.039623  0.541274 -0.246287 -1.428744
                                 0.611536  0.334526  0.846190 -0.174946  0.173980 -0.137738  0.134137 -0.107290  0.082491 -0.065570
                                 0.021324 -0.000000  0.000000 -0.000000  0.000000 -0.000000  0.000000 -0.000000  0.000000 -0.000002
                                 0.000000 -0.000004  0.000000 -0.000008  0.000000 -0.000009  0.000000  0.000001 -0.000000  0.000019
                                -0.000000  0.000025 -0.000000  0.000009 -0.000000  0.000003 -0.000000 -0.000000  0.000000  0.000002
                                -0.000000 -0.000006  0.000000  0.000007 -0.000000 -0.000003  0.000000 -0.000000 -0.000000  0.000000
                                -0.000000 -0.000000  0.000000 -0.000000 -0.000000  0.000000 -0.000000 -0.000000  0.000000  0.000000
                                -0.000000  0.000000 -0.000000 -0.000000  0.000000

   7.1   2    -8.9308 -133.6101  0.000000  0.000000  0.000000  0.000000  0.000000  0.000000  0.000000  0.000000  0.000000  0.000000
                                 0.000001  0.000001  0.000002  0.000002  0.000004 -0.000006 -0.000002 -0.000036  0.000017  0.000101
                                -0.000052 -0.000027 -0.000064  0.000015  0.000016  0.000039 -0.000024  0.000024 -0.000020  0.000016
                                -0.000005 -0.000051 -0.000000 -0.000386 -0.000000 -0.002186 -0.000000 -0.009782 -0.000000 -0.033893
                                -0.000000 -0.089053 -0.000000 -0.159057 -0.000000 -0.162512 -0.000000  0.050107  0.000000  0.376244
                                 0.000001  0.460419  0.000001  0.230814  0.000000  0.033308  0.000000 -0.000863 -0.000000  0.001298
                                 0.000000 -0.003087 -0.000000  0.003467  0.000000 -0.001129 -0.000000  0.000005  0.000000  0.000000
                                 0.000016  0.000000 -0.000000  0.000024  0.000000 -0.000000  0.000005  0.000000 -0.000000 -0.000003
                                 0.000000  0.000000  0.000001  0.000000 -0.000000

   8.1   2    -8.9303 -133.6117 -0.000000 -0.000000 -0.000000 -0.000000 -0.000000 -0.000000 -0.000000 -0.000000 -0.000000 -0.000000
                                -0.000000 -0.000000 -0.000000 -0.000000 -0.000000  0.000000  0.000000  0.000000 -0.000000 -0.000000
                                 0.000000  0.000000  0.000000 -0.000000 -0.000000 -0.000000  0.000000 -0.000000  0.000000 -0.000000
                                 0.000000  0.000000 -0.000051  0.000000 -0.000386  0.000000 -0.002186  0.000000 -0.009782  0.000000
                                -0.033894  0.000000 -0.089055  0.000000 -0.159062  0.000000 -0.162517 -0.000000  0.050111 -0.000001
                                 0.376258 -0.000001  0.460428 -0.000000  0.230807 -0.000000  0.033273  0.000000 -0.000878 -0.000000
                                 0.001294  0.000000 -0.003093 -0.000000  0.003471  0.000000 -0.001131 -0.000000  0.000003  0.000003
                                -0.000000  0.000006  0.000010 -0.000000 -0.000003  0.000017 -0.000000 -0.000007  0.000005  0.000000
                                -0.000002 -0.000002 -0.000000 -0.000001  0.000001

   9.1   2    -3.4701  -69.3389  0.000019  0.000018  0.000051  0.000072  0.000148  0.000231  0.000439  0.000697  0.001363  0.002057
                                 0.004415  0.005708  0.013708  0.009594  0.026639 -0.037257 -0.010939 -0.229025  0.114105  0.682344
                                -0.331758 -0.335761 -0.764205  0.417083  0.666735  0.461603 -0.133479  0.117924 -0.092381  0.074284
                                -0.024356  0.000000 -0.000000  0.000000 -0.000000  0.000001 -0.000000  0.000003 -0.000000  0.000011
                                -0.000000  0.000027 -0.000000  0.000051 -0.000000  0.000045 -0.000000 -0.000014  0.000000 -0.000152
                                 0.000000 -0.000132  0.000000 -0.000071  0.000000  0.000399 -0.000000  0.000756 -0.000000 -0.000091
                                 0.000000  0.000222 -0.000000 -0.000268  0.000000  0.000091 -0.000000 -0.000000  0.000000 -0.000000
                                 0.000001  0.000000 -0.000000 -0.000010 -0.000000  0.000000 -0.000018 -0.000000  0.000000  0.000016
                                 0.000000 -0.000000 -0.000006 -0.000000  0.000000

  10.1   0    -0.5561  -25.9654 -0.000006 -0.000006 -0.000017 -0.000023 -0.000048 -0.000075 -0.000143 -0.000227 -0.000444 -0.000668
                                -0.001439 -0.001851 -0.004475 -0.003091 -0.008744  0.012294  0.003304  0.075434 -0.038082 -0.228159
                                 0.111719  0.125760  0.284413 -0.167228 -0.389235 -0.510214  0.195458  0.719623  0.554750 -0.139897
                                 0.055955  0.000001  0.000000  0.000008  0.000000  0.000044  0.000000  0.000197  0.000000  0.000681
                                 0.000000  0.001804  0.000000  0.003196  0.000000  0.003234  0.000000 -0.001716 -0.000000 -0.008877
                                -0.000000 -0.010977 -0.000000  0.000306 -0.000000  0.023715  0.000000  0.046376  0.000000  0.054213
                                 0.000000 -0.007414  0.000000  0.018878 -0.000000 -0.007393  0.000000  0.000001 -0.000000 -0.000000
                                -0.000002 -0.000000  0.000000  0.000024  0.000000 -0.000000  0.000403  0.000000 -0.000000  0.001318
                                 0.000000 -0.000000  0.000246  0.000000 -0.000000

  11.1   0    -0.5097  -35.7186  0.000001  0.000001  0.000002  0.000002  0.000005  0.000008  0.000014  0.000023  0.000045  0.000068
                                 0.000146  0.000187  0.000453  0.000313  0.000884 -0.001243 -0.000336 -0.007630  0.003851  0.023107
                                -0.011350 -0.012681 -0.028993  0.017239  0.039499  0.052700 -0.024061 -0.062869 -0.064743  0.011261
                                -0.007265  0.000010  0.000000  0.000078  0.000000  0.000442  0.000000  0.001991  0.000000  0.006881
                                 0.000000  0.018209  0.000000  0.032279  0.000000  0.032606  0.000000 -0.017292 -0.000000 -0.089865
                                -0.000000 -0.110640 -0.000001  0.003065  0.000000  0.243083  0.000001  0.484137  0.000003  0.445465
                                 0.000002 -0.133333 -0.000001  0.236396  0.000001 -0.076665 -0.000000  0.000006  0.000000  0.000000
                                -0.000016 -0.000000  0.000000  0.000192  0.000000  0.000000  0.004003  0.000000  0.000000  0.003041
                                 0.000000 -0.000000 -0.000716  0.000000 -0.000000

                                   1 2px     1 2px     1 2px     1 2px     1 2px     1 2px     1 2px     1 2px     1 2px     1 2px  
                                   1 2px     1 2px     1 2px     1 2px     1 2px     1 2px     1 2px     1 2px     1 2px     1 2px  
                                   1 2px     1 2px     1 2px     1 2px     1 2px     1 2px     1 2px     1 4f1+    1 4f3+    1 4f1+ 
                                   1 4f3+    1 4f1+    1 4f3+    1 4f1+    1 4f3+    1 4f1+    1 4f3+    1 4f1+    1 4f3+    1 4f1+ 
                                   1 4f3+    1 4f1+    1 4f3+    1 4f1+    1 4f3+    1 4f1+    1 4f3+    1 4f1+    1 4f3+    1 4f1+ 
                                   1 4f3+    1 4f1+    1 4f3+    1 6h1+    1 6h3+    1 6h5+    1 6h1+    1 6h3+    1 6h5+    1 6h1+ 
                                   1 6h3+    1 6h5+ 

   1.2   2  -356.0775-1008.7167  0.000016  0.000042  0.000122  0.000334  0.000941  0.002702  0.007905  0.022919  0.063093  0.152100
                                 0.288638  0.364206  0.236657  0.055958  0.002489 -0.000016  0.000340 -0.000365  0.000079 -0.000066
                                 0.000094 -0.000099  0.000042 -0.000036 -0.000007  0.000004  0.000035  0.000000 -0.000000  0.000000
                                -0.000000  0.000000 -0.000000 -0.000000  0.000000  0.000000 -0.000000 -0.000000  0.000000  0.000000
                                -0.000000 -0.000000  0.000000  0.000000 -0.000000 -0.000000  0.000000  0.000000 -0.000000 -0.000000
                                 0.000000  0.000000  0.000000  0.000000 -0.000000  0.000000 -0.000000  0.000000 -0.000000  0.000000
                                -0.000000  0.000000

   2.2   2   -79.5959 -358.3257 -0.000008 -0.000021 -0.000061 -0.000169 -0.000477 -0.001375 -0.004053 -0.011890 -0.033440 -0.083584
                                -0.167028 -0.215913 -0.041803  0.367235  0.519284  0.216340 -0.001338  0.022758  0.001355 -0.000132
                                 0.000411 -0.000472  0.000208 -0.000197 -0.000039  0.000020  0.000189  0.000000  0.000000  0.000000
                                 0.000000  0.000000  0.000000  0.000001  0.000000  0.000001  0.000000  0.000000 -0.000000 -0.000000
                                 0.000000  0.000000 -0.000000  0.000000  0.000000  0.000000 -0.000000  0.000000  0.000000  0.000000
                                -0.000000  0.000000  0.000000  0.000000  0.000000  0.000000 -0.000000 -0.000000 -0.000000 -0.000000
                                -0.000000  0.000000

   3.2   2   -15.5479 -152.0657  0.000004  0.000010  0.000029  0.000081  0.000229  0.000661  0.001952  0.005741  0.016237  0.040896
                                 0.082893  0.107511  0.003652 -0.273245 -0.419125  0.048057  0.006839  0.595979  0.457180  0.082975
                                -0.003609  0.004604 -0.001017  0.000078  0.000081 -0.000016 -0.000073  0.000000 -0.000000  0.000000
                                -0.000000  0.000001 -0.000000  0.000002 -0.000000  0.000006 -0.000000  0.000013 -0.000000  0.000012
                                -0.000000  0.000007 -0.000000  0.000002 -0.000000  0.000000 -0.000000  0.000000 -0.000000 -0.000000
                                -0.000000  0.000000 -0.000000 -0.000000  0.000000  0.000001 -0.000000  0.000000 -0.000001 -0.000000
                                 0.000000 -0.000000

   4.2   2    -1.6028 -103.8785  0.000000  0.000000  0.000000  0.000000  0.000000  0.000000  0.000000  0.000000  0.000000  0.000000
                                 0.000000  0.000000  0.000000 -0.000000 -0.000000  0.000000  0.000000  0.000000  0.000000 -0.000000
                                -0.000000 -0.000000 -0.000000  0.000000  0.000000 -0.000000 -0.000000  0.000000  0.000827  0.000000
                                 0.007201  0.000000  0.034288  0.000001  0.104608  0.000003  0.218337  0.000004  0.308932  0.000004
                                 0.320872  0.000003  0.251745  0.000002  0.140020  0.000000  0.035423 -0.000000 -0.000483  0.000000
                                 0.001075 -0.000000 -0.000400  0.000000  0.000014 -0.000000  0.000000  0.000024 -0.000000  0.000000
                                 0.000106 -0.000000

   5.2   2    -1.6027 -103.8350  0.000000  0.000000  0.000000  0.000000  0.000000  0.000000  0.000001  0.000003  0.000007  0.000019
                                 0.000038  0.000050  0.000000 -0.000139 -0.000213  0.000055  0.000016  0.000419  0.000370 -0.000351
                                -0.000787 -0.000260 -0.000170  0.000464  0.000236 -0.000073 -0.000448  0.000827 -0.000000  0.007197
                                -0.000000  0.034270 -0.000000  0.104552 -0.000001  0.218224 -0.000003  0.308782 -0.000004  0.320767
                                -0.000004  0.251763 -0.000003  0.140393 -0.000002  0.036077 -0.000000 -0.000391  0.000000  0.001041
                                -0.000000 -0.000382  0.000000  0.000025 -0.000000 -0.000001  0.000036 -0.000000  0.000004  0.000177
                                -0.000000 -0.000004

   6.2   2    -2.1961  -59.5326 -0.000001 -0.000004 -0.000010 -0.000028 -0.000080 -0.000232 -0.000686 -0.002018 -0.005717 -0.014410
                                -0.029324 -0.037975 -0.000104  0.104930  0.162393 -0.044856 -0.001167 -0.316350 -0.266133  0.204535
                                 0.562672  0.022122  0.378431  0.042184  0.039917 -0.005063 -0.040309  0.000001 -0.000000  0.000005
                                -0.000000  0.000027 -0.000000  0.000080 -0.000000  0.000173 -0.000000  0.000231 -0.000000  0.000280
                                -0.000000  0.000213 -0.000000  0.000524 -0.000000  0.000786 -0.000000 -0.000062  0.000000  0.000010
                                -0.000000 -0.000013 -0.000000 -0.000001 -0.000000  0.000001  0.000001  0.000000 -0.000022 -0.000027
                                 0.000000  0.000047

   7.2   +    -0.2823  -13.5870  0.000000  0.000000  0.000000  0.000000  0.000000  0.000000  0.000000  0.000000  0.000000  0.000000
                                 0.000000  0.000000 -0.000000 -0.000000 -0.000000  0.000000 -0.000000  0.000000  0.000000 -0.000000
                                -0.000001  0.000001 -0.000001 -0.000001  0.000001  0.000003  0.000001 -0.000000 -0.000043 -0.000000
                                -0.000363 -0.000000 -0.001778 -0.000000 -0.005278 -0.000000 -0.011356 -0.000000 -0.015007 -0.000000
                                -0.016648 -0.000000 -0.006381 -0.000000  0.000232  0.000000  0.072646  0.000000  0.295787  0.000000
                                 0.408085 -0.000000  0.392540  0.000000 -0.000000  0.000000 -0.000000  0.000005 -0.000000  0.000000
                                -0.000020  0.000000

   8.2   0     0.7422  -25.9610  0.000000  0.000000  0.000000  0.000000  0.000000  0.000000  0.000002  0.000004  0.000018  0.000022
                                 0.000111 -0.000014  0.000286 -0.001062  0.002052 -0.013732  0.024752 -0.018794  0.015884 -0.029468
                                 0.132619 -0.263715  0.209950 -1.260516 -0.108190  0.099222  1.211392 -0.000239 -0.000000 -0.001623
                                -0.000000 -0.009520 -0.000000 -0.023652 -0.000000 -0.062754 -0.000000 -0.057023 -0.000000 -0.114649
                                -0.000000  0.064574  0.000000 -0.154960 -0.000000  1.497913  0.000002 -2.150365 -0.000004  1.785504
                                 0.000003 -0.587050 -0.000001  0.000064 -0.000000  0.000002 -0.000641  0.000000 -0.000009  0.002416
                                -0.000000 -0.000017

   9.2   0    -0.3849  -20.4073  0.000000  0.000001  0.000003  0.000008  0.000023  0.000065  0.000193  0.000569  0.001606  0.004066
                                 0.008232  0.010769 -0.000206 -0.029242 -0.047877  0.023289 -0.017144  0.106678  0.068846 -0.052611
                                -0.288141  0.148300 -0.357380  0.064648  0.355269  0.752126  0.037245 -0.000001  0.000000 -0.000007
                                 0.000000 -0.000037  0.000000 -0.000106  0.000000 -0.000241  0.000000 -0.000295  0.000000 -0.000386
                                 0.000000 -0.000091  0.000000 -0.000359 -0.000000  0.001186 -0.000000  0.010120 -0.000001  0.001318
                                -0.000001 -0.000590 -0.000002  0.000002 -0.000000  0.000040 -0.000016  0.000000 -0.000374  0.000052
                                -0.000000  0.001010

                                   1 2py     1 2py     1 2py     1 2py     1 2py     1 2py     1 2py     1 2py     1 2py     1 2py  
                                   1 2py     1 2py     1 2py     1 2py     1 2py     1 2py     1 2py     1 2py     1 2py     1 2py  
                                   1 2py     1 2py     1 2py     1 2py     1 2py     1 2py     1 2py     1 4f1-    1 4f3-    1 4f1- 
                                   1 4f3-    1 4f1-    1 4f3-    1 4f1-    1 4f3-    1 4f1-    1 4f3-    1 4f1-    1 4f3-    1 4f1- 
                                   1 4f3-    1 4f1-    1 4f3-    1 4f1-    1 4f3-    1 4f1-    1 4f3-    1 4f1-    1 4f3-    1 4f1- 
                                   1 4f3-    1 4f1-    1 4f3-    1 6h1-    1 6h3-    1 6h5-    1 6h1-    1 6h3-    1 6h5-    1 6h1- 
                                   1 6h3-    1 6h5- 

   1.3   2  -356.0775-1008.7167  0.000016  0.000042  0.000122  0.000334  0.000941  0.002702  0.007905  0.022919  0.063093  0.152100
                                 0.288638  0.364206  0.236657  0.055958  0.002489 -0.000016  0.000340 -0.000365  0.000079 -0.000066
                                 0.000094 -0.000099  0.000042 -0.000036 -0.000007  0.000004  0.000035  0.000000 -0.000000  0.000000
                                -0.000000  0.000000 -0.000000 -0.000000  0.000000  0.000000  0.000000 -0.000000  0.000000  0.000000
                                -0.000000 -0.000000  0.000000  0.000000 -0.000000 -0.000000  0.000000  0.000000 -0.000000 -0.000000
                                 0.000000  0.000000 -0.000000  0.000000 -0.000000 -0.000000 -0.000000  0.000000  0.000000  0.000000
                                -0.000000 -0.000000

   2.3   2   -79.5959 -358.3257 -0.000008 -0.000021 -0.000061 -0.000169 -0.000477 -0.001375 -0.004053 -0.011890 -0.033440 -0.083584
                                -0.167028 -0.215913 -0.041803  0.367235  0.519284  0.216340 -0.001338  0.022758  0.001355 -0.000132
                                 0.000411 -0.000472  0.000208 -0.000197 -0.000039  0.000020  0.000189  0.000000  0.000000  0.000000
                                 0.000000  0.000000  0.000000  0.000001 -0.000000  0.000001  0.000000  0.000000 -0.000000 -0.000000
                                 0.000000  0.000000 -0.000000  0.000000  0.000000  0.000000 -0.000000  0.000000  0.000000  0.000000
                                -0.000000  0.000000  0.000000  0.000000 -0.000000 -0.000000 -0.000000  0.000000  0.000000 -0.000000
                                -0.000000 -0.000000

   3.3   2   -15.5479 -152.0657  0.000004  0.000010  0.000029  0.000081  0.000229  0.000661  0.001952  0.005741  0.016237  0.040896
                                 0.082893  0.107511  0.003652 -0.273245 -0.419125  0.048057  0.006839  0.595979  0.457180  0.082975
                                -0.003609  0.004604 -0.001017  0.000078  0.000081 -0.000016 -0.000073  0.000000 -0.000000  0.000000
                                -0.000000  0.000001 -0.000000  0.000002 -0.000000  0.000006 -0.000000  0.000013 -0.000000  0.000012
                                -0.000000  0.000007 -0.000000  0.000002 -0.000000  0.000000  0.000000  0.000000  0.000000 -0.000000
                                -0.000000  0.000000  0.000000 -0.000000 -0.000000 -0.000001 -0.000000 -0.000000  0.000001 -0.000000
                                 0.000000  0.000000

   4.3   2    -1.6018 -103.8603 -0.000000 -0.000000 -0.000000 -0.000000 -0.000000 -0.000000 -0.000000 -0.000000 -0.000000 -0.000000
                                -0.000000 -0.000000 -0.000000  0.000000  0.000000 -0.000000 -0.000000 -0.000000 -0.000000  0.000000
                                 0.000000  0.000000  0.000000 -0.000000 -0.000000  0.000000  0.000000 -0.000000  0.000827 -0.000000
                                 0.007199 -0.000000  0.034280 -0.000000  0.104583 -0.000000  0.218287 -0.000001  0.308868 -0.000001
                                 0.320833 -0.000000  0.251778 -0.000000  0.140176 -0.000000  0.035618  0.000000 -0.000496 -0.000000
                                 0.001071  0.000000 -0.000391 -0.000000  0.000015 -0.000000 -0.000000  0.000020 -0.000000 -0.000000
                                 0.000111 -0.000000

   5.3   2    -1.6027 -103.8350  0.000000  0.000000  0.000000  0.000000  0.000000  0.000000  0.000001  0.000003  0.000007  0.000019
                                 0.000038  0.000050  0.000000 -0.000139 -0.000213  0.000055  0.000016  0.000419  0.000370 -0.000351
                                -0.000787 -0.000260 -0.000170  0.000464  0.000236 -0.000073 -0.000448  0.000827  0.000000  0.007197
                                 0.000000  0.034270  0.000000  0.104552  0.000000  0.218224  0.000000  0.308782  0.000001  0.320767
                                 0.000001  0.251763  0.000000  0.140393  0.000000  0.036077  0.000000 -0.000391 -0.000000  0.001041
                                 0.000000 -0.000382 -0.000000  0.000025 -0.000000  0.000001  0.000036 -0.000000 -0.000004  0.000177
                                -0.000000  0.000004

   6.3   2    -2.1961  -59.5326 -0.000001 -0.000004 -0.000010 -0.000028 -0.000080 -0.000232 -0.000686 -0.002018 -0.005717 -0.014410
                                -0.029324 -0.037975 -0.000104  0.104930  0.162393 -0.044856 -0.001167 -0.316350 -0.266133  0.204535
                                 0.562672  0.022122  0.378431  0.042184  0.039917 -0.005063 -0.040309  0.000001 -0.000000  0.000005
                                -0.000000  0.000027 -0.000000  0.000080 -0.000000  0.000173 -0.000000  0.000231 -0.000000  0.000280
                                -0.000000  0.000213 -0.000000  0.000524 -0.000000  0.000786 -0.000000 -0.000062 -0.000000  0.000010
                                -0.000000 -0.000013  0.000000 -0.000001 -0.000000 -0.000001  0.000001  0.000000  0.000022 -0.000027
                                -0.000000 -0.000047

   7.3   0    -0.1326  -11.3182  0.000000  0.000000  0.000000  0.000000  0.000000  0.000000  0.000000  0.000000  0.000000  0.000000
                                 0.000000  0.000000  0.000000 -0.000000  0.000000 -0.000000  0.000000 -0.000000  0.000000 -0.000000
                                 0.000000 -0.000000  0.000000 -0.000012 -0.000000  0.000000  0.000012  0.000000 -0.000029  0.000000
                                -0.000252  0.000000 -0.001201  0.000000 -0.003658  0.000000 -0.007627  0.000000 -0.010592  0.000000
                                -0.010694  0.000000 -0.006013 -0.000000  0.003456 -0.000000  0.037443 -0.000000  0.239948 -0.000000
                                 0.131600 -0.000001  0.744439 -0.000000  0.000013 -0.000000  0.000000 -0.000119  0.000000 -0.000000
                                 0.000315 -0.000000

   8.3   0     0.7422  -25.9610  0.000000  0.000000  0.000000  0.000000  0.000000  0.000000  0.000002  0.000004  0.000018  0.000022
                                 0.000111 -0.000014  0.000286 -0.001062  0.002052 -0.013732  0.024752 -0.018794  0.015884 -0.029468
                                 0.132618 -0.263715  0.209949 -1.260513 -0.108190  0.099222  1.211390 -0.000239 -0.000000 -0.001623
                                -0.000000 -0.009520 -0.000000 -0.023652 -0.000000 -0.062754 -0.000000 -0.057023 -0.000000 -0.114649
                                -0.000000  0.064574  0.000000 -0.154960 -0.000000  1.497913  0.000001 -2.150365 -0.000002  1.785504
                                 0.000001 -0.587050 -0.000000  0.000064 -0.000000 -0.000002 -0.000641  0.000000  0.000009  0.002416
                                -0.000000  0.000017

                                   1 3d2-    1 3d2-    1 3d2-    1 3d2-    1 3d2-    1 3d2-    1 3d2-    1 3d2-    1 3d2-    1 3d2- 
                                   1 3d2-    1 3d2-    1 3d2-    1 3d2-    1 3d2-    1 3d2-    1 3d2-    1 3d2-    1 5g2-    1 5g4- 
                                   1 5g2-    1 5g4-    1 5g2-    1 5g4-    1 5g2-    1 5g4-    1 5g2-    1 5g4-    1 5g2-    1 5g4- 


   1.4   2   -61.5077 -330.1215  0.000105  0.000790  0.004461  0.019795  0.067754  0.174622  0.315606  0.365684  0.218144  0.051215
                                 0.003256  0.000553  0.000015  0.000034 -0.000024  0.000059 -0.000066  0.000022  0.000001 -0.000001
                                -0.000000 -0.000000  0.000000  0.000000  0.000000  0.000000  0.000000  0.000000  0.000000  0.000000

   2.4   2    -8.9303 -133.6117 -0.000051 -0.000386 -0.002186 -0.009782 -0.033894 -0.089055 -0.159062 -0.162517  0.050111  0.376258
                                 0.460428  0.230807  0.033273 -0.000878  0.001294 -0.003093  0.003471 -0.001131  0.000003 -0.000003
                                 0.000010 -0.000006  0.000017  0.000003  0.000005  0.000007 -0.000002  0.000002  0.000001  0.000001

   3.4   0    -0.5089  -35.5413  0.000010  0.000078  0.000441  0.001984  0.006860  0.018151  0.032182  0.032496 -0.017224 -0.089614
                                -0.110244  0.002970  0.242602  0.481619  0.441467 -0.109880  0.224634 -0.064041  0.000004  0.000000
                                -0.000008  0.000011  0.000119 -0.000071  0.002048 -0.004669 -0.000491 -0.015566 -0.001459 -0.005066

   4.4   0    -0.2057  -14.4561 -0.000005 -0.000035 -0.000200 -0.000899 -0.003113 -0.008221 -0.014616 -0.014660  0.007815  0.041108
                                 0.049851 -0.001965 -0.118163 -0.246290 -0.202034  1.112610 -1.259717  1.302322 -0.000002 -0.000006
                                 0.000006 -0.000005 -0.000072 -0.000159 -0.001732 -0.006489  0.000142 -0.042873  0.003607 -0.069305

                                   1 2pz     1 2pz     1 2pz     1 2pz     1 2pz     1 2pz     1 2pz     1 2pz     1 2pz     1 2pz  
                                   1 2pz     1 2pz     1 2pz     1 2pz     1 2pz     1 2pz     1 2pz     1 2pz     1 2pz     1 2pz  
                                   1 2pz     1 2pz     1 2pz     1 2pz     1 2pz     1 2pz     1 2pz     1 4f0     1 4f2+    1 4f0  
                                   1 4f2+    1 4f0     1 4f2+    1 4f0     1 4f2+    1 4f0     1 4f2+    1 4f0     1 4f2+    1 4f0  
                                   1 4f2+    1 4f0     1 4f2+    1 4f0     1 4f2+    1 4f0     1 4f2+    1 4f0     1 4f2+    1 4f0  
                                   1 4f2+    1 4f0     1 4f2+    1 6h2+    1 6h4+    1 6h0     1 6h2+    1 6h4+    1 6h0     1 6h2+ 
                                   1 6h4+    1 6h0  

   1.5   2  -356.0776-1008.7167  0.000016  0.000042  0.000122  0.000334  0.000941  0.002702  0.007905  0.022919  0.063093  0.152100
                                 0.288638  0.364206  0.236657  0.055958  0.002489 -0.000016  0.000340 -0.000365  0.000079 -0.000066
                                 0.000094 -0.000099  0.000042 -0.000036 -0.000007  0.000004  0.000035  0.000000 -0.000000  0.000000
                                -0.000000  0.000000 -0.000000 -0.000000  0.000000  0.000000 -0.000000 -0.000000  0.000000  0.000000
                                -0.000000 -0.000000  0.000000  0.000000 -0.000000 -0.000000  0.000000  0.000000 -0.000000 -0.000000
                                 0.000000  0.000000 -0.000000 -0.000000  0.000000  0.000000  0.000000 -0.000000 -0.000000 -0.000000
                                 0.000000  0.000000

   2.5   2   -79.5962 -358.3259 -0.000008 -0.000021 -0.000061 -0.000169 -0.000477 -0.001375 -0.004053 -0.011890 -0.033440 -0.083584
                                -0.167028 -0.215913 -0.041804  0.367234  0.519284  0.216342 -0.001337  0.022759  0.001355 -0.000132
                                 0.000411 -0.000472  0.000208 -0.000197 -0.000039  0.000020  0.000189  0.000000  0.000000  0.000000
                                 0.000000  0.000000 -0.000000  0.000001  0.000000  0.000001  0.000000  0.000000 -0.000000  0.000000
                                 0.000000  0.000000 -0.000000 -0.000000  0.000000  0.000000  0.000000 -0.000000  0.000000  0.000000
                                -0.000000 -0.000000 -0.000000  0.000000 -0.000000 -0.000000 -0.000000  0.000000  0.000000 -0.000000
                                 0.000000 -0.000000

   3.5   2   -15.5485 -152.0655  0.000004  0.000010  0.000029  0.000081  0.000229  0.000661  0.001952  0.005741  0.016237  0.040896
                                 0.082892  0.107509  0.003652 -0.273239 -0.419119  0.048053  0.006834  0.595970  0.457180  0.082985
                                -0.003596  0.004599 -0.001012  0.000076  0.000081 -0.000016 -0.000071  0.000000 -0.000000  0.000000
                                -0.000000  0.000001 -0.000000  0.000003 -0.000000  0.000007 -0.000000  0.000015 -0.000000  0.000015
                                -0.000000  0.000007 -0.000000  0.000002 -0.000000  0.000000 -0.000000  0.000000 -0.000000 -0.000000
                                 0.000000  0.000000 -0.000000  0.000000 -0.000000 -0.000000  0.000000 -0.000000 -0.000000  0.000000
                                -0.000000 -0.000000

   4.5   2    -1.6024 -103.8437 -0.000000 -0.000000 -0.000000 -0.000000 -0.000000 -0.000000 -0.000000 -0.000000 -0.000000 -0.000000
                                -0.000000 -0.000000 -0.000000  0.000000  0.000000 -0.000000 -0.000000 -0.000000 -0.000000  0.000000
                                 0.000000  0.000000  0.000000 -0.000000 -0.000000  0.000000  0.000000 -0.000000  0.000827 -0.000000
                                 0.007198 -0.000000  0.034273 -0.000001  0.104563 -0.000001  0.218247 -0.000002  0.308812 -0.000002
                                 0.320789 -0.000001  0.251766 -0.000001  0.140313 -0.000000  0.035930  0.000000 -0.000406 -0.000000
                                 0.001052  0.000000 -0.000383  0.000021  0.000001 -0.000000  0.000031 -0.000004 -0.000000  0.000154
                                 0.000004 -0.000000

   5.5   2    -1.6027 -103.8323  0.000000  0.000000  0.000000  0.000000  0.000000  0.000000  0.000001  0.000003  0.000008  0.000021
                                 0.000043  0.000056  0.000000 -0.000156 -0.000239  0.000064  0.000014  0.000473  0.000413 -0.000392
                                -0.000902 -0.000253 -0.000237  0.000392  0.000278 -0.000034 -0.000376  0.000827  0.000000  0.007197
                                 0.000000  0.034269  0.000000  0.104548  0.000001  0.218217  0.000001  0.308772  0.000002  0.320760
                                 0.000002  0.251763  0.000001  0.140419  0.000001  0.036119  0.000000 -0.000393 -0.000000  0.001038
                                 0.000000 -0.000382 -0.000000  0.000000  0.000000  0.000026  0.000000 -0.000000  0.000038  0.000000
                                 0.000000  0.000184

   6.5   2    -2.1997  -59.4992 -0.000001 -0.000004 -0.000010 -0.000028 -0.000080 -0.000232 -0.000686 -0.002016 -0.005711 -0.014396
                                -0.029295 -0.037939 -0.000102  0.104819  0.162246 -0.044894 -0.001000 -0.316132 -0.265742  0.204005
                                 0.562291  0.020277  0.380543  0.044055  0.040752 -0.005427 -0.042112  0.000001 -0.000000  0.000006
                                -0.000000  0.000030 -0.000000  0.000089 -0.000000  0.000191 -0.000000  0.000257 -0.000000  0.000310
                                -0.000000  0.000243 -0.000000  0.000590 -0.000000  0.000876 -0.000000  0.000005  0.000000  0.000014
                                -0.000000 -0.000008  0.000000 -0.000000  0.000000 -0.000001  0.000000 -0.000000  0.000003  0.000000
                                -0.000000 -0.000040

   7.5   0    -0.1436  -11.5875 -0.000000 -0.000000 -0.000000 -0.000000 -0.000000 -0.000000 -0.000000 -0.000000 -0.000000 -0.000000
                                -0.000000 -0.000000  0.000000  0.000000  0.000000 -0.000000  0.000000 -0.000000  0.000000 -0.000000
                                 0.000000 -0.000000  0.000000 -0.000028 -0.000000  0.000000  0.000029  0.000000 -0.000030  0.000000
                                -0.000262  0.000000 -0.001257  0.000000 -0.003809  0.000000 -0.007994  0.000000 -0.010994  0.000000
                                -0.011323  0.000000 -0.005981 -0.000000  0.002763 -0.000000  0.040646 -0.000001  0.236799 -0.000001
                                 0.187744 -0.000004  0.691251  0.000013  0.000013 -0.000000 -0.000127 -0.000127  0.000000  0.000336
                                 0.000340 -0.000000

   8.5   0     0.7414  -25.9625  0.000000  0.000000  0.000000  0.000000  0.000000  0.000001  0.000002  0.000005  0.000022  0.000028
                                 0.000130 -0.000006  0.000318 -0.001205  0.002236 -0.015230  0.027478 -0.020781  0.017719 -0.032857
                                 0.147890 -0.295664  0.236258 -1.378575 -0.121413  0.110183  1.324620 -0.000239 -0.000000 -0.001623
                                -0.000000 -0.009521 -0.000000 -0.023650 -0.000000 -0.062759 -0.000000 -0.057010 -0.000000 -0.114680
                                -0.000001  0.064620  0.000000 -0.155208 -0.000001  1.498126  0.000007 -2.150072 -0.000010  1.785187
                                 0.000008 -0.587034 -0.000003  0.000000  0.000000  0.000066 -0.000000 -0.000000 -0.000663  0.000000
                                 0.000000  0.002507

                                   1 3d1+    1 3d1+    1 3d1+    1 3d1+    1 3d1+    1 3d1+    1 3d1+    1 3d1+    1 3d1+    1 3d1+ 
                                   1 3d1+    1 3d1+    1 3d1+    1 3d1+    1 3d1+    1 3d1+    1 3d1+    1 3d1+    1 5g1+    1 5g3+ 
                                   1 5g1+    1 5g3+    1 5g1+    1 5g3+    1 5g1+    1 5g3+    1 5g1+    1 5g3+    1 5g1+    1 5g3+ 


   1.6   2   -61.5079 -330.1216  0.000105  0.000790  0.004461  0.019795  0.067754  0.174622  0.315606  0.365684  0.218144  0.051215
                                 0.003255  0.000553  0.000015  0.000034 -0.000024  0.000059 -0.000066  0.000022  0.000001  0.000000
                                -0.000000 -0.000000  0.000000  0.000000  0.000000  0.000000 -0.000000  0.000000  0.000000  0.000000

   2.6   2    -8.9307 -133.6103 -0.000051 -0.000386 -0.002186 -0.009782 -0.033893 -0.089053 -0.159058 -0.162513  0.050108  0.376247
                                 0.460421  0.230812  0.033302 -0.000865  0.001298 -0.003088  0.003467 -0.001129  0.000005 -0.000000
                                 0.000015 -0.000000  0.000023 -0.000000  0.000005 -0.000000 -0.000003 -0.000000  0.000001 -0.000000

   3.6   0    -0.5083  -35.8841  0.000010  0.000079  0.000446  0.002005  0.006931  0.018344  0.032518  0.032846 -0.017420 -0.090532
                                -0.111455  0.003095  0.244968  0.487780  0.448066 -0.137041  0.239220 -0.077984  0.000006 -0.000000
                                -0.000015  0.000000  0.000180 -0.000000  0.003808 -0.000000  0.003013  0.000000 -0.000650  0.000000

   4.6   0    -0.1973  -13.9253 -0.000004 -0.000033 -0.000186 -0.000835 -0.002895 -0.007641 -0.013595 -0.013617  0.007243  0.038273
                                 0.046272 -0.001716 -0.110291 -0.229153 -0.197731  1.140128 -1.356760  1.382144 -0.000001  0.000000
                                 0.000010 -0.000000 -0.000047  0.000000 -0.000362  0.000000  0.011271  0.000000  0.025261 -0.000000

                                   1 3d1-    1 3d1-    1 3d1-    1 3d1-    1 3d1-    1 3d1-    1 3d1-    1 3d1-    1 3d1-    1 3d1- 
                                   1 3d1-    1 3d1-    1 3d1-    1 3d1-    1 3d1-    1 3d1-    1 3d1-    1 3d1-    1 5g1-    1 5g3- 
                                   1 5g1-    1 5g3-    1 5g1-    1 5g3-    1 5g1-    1 5g3-    1 5g1-    1 5g3-    1 5g1-    1 5g3- 


   1.7   2   -61.5079 -330.1216  0.000105  0.000790  0.004461  0.019795  0.067754  0.174622  0.315606  0.365684  0.218144  0.051215
                                 0.003255  0.000553  0.000015  0.000034 -0.000024  0.000059 -0.000066  0.000022  0.000001 -0.000000
                                -0.000000 -0.000000  0.000000 -0.000000  0.000000 -0.000000 -0.000000  0.000000  0.000000 -0.000000

   2.7   2    -8.9307 -133.6103 -0.000051 -0.000386 -0.002186 -0.009782 -0.033893 -0.089053 -0.159058 -0.162513  0.050108  0.376247
                                 0.460421  0.230812  0.033302 -0.000865  0.001298 -0.003088  0.003467 -0.001129  0.000005  0.000000
                                 0.000015 -0.000000  0.000023 -0.000000  0.000005 -0.000000 -0.000003  0.000000  0.000001 -0.000000

   3.7   0    -0.5083  -35.8841  0.000010  0.000079  0.000446  0.002005  0.006931  0.018344  0.032518  0.032846 -0.017420 -0.090532
                                -0.111455  0.003095  0.244968  0.487780  0.448066 -0.137041  0.239220 -0.077984  0.000006 -0.000000
                                -0.000015  0.000000  0.000180 -0.000000  0.003808 -0.000000  0.003013 -0.000000 -0.000650  0.000000

   4.7   0    -0.1973  -13.9253 -0.000004 -0.000033 -0.000186 -0.000835 -0.002895 -0.007641 -0.013595 -0.013617  0.007243  0.038273
                                 0.046272 -0.001716 -0.110291 -0.229153 -0.197731  1.140128 -1.356760  1.382144 -0.000001  0.000000
                                 0.000010 -0.000000 -0.000047  0.000000 -0.000362 -0.000000  0.011271 -0.000000  0.025261 -0.000000

                                   1 4f2-    1 4f2-    1 4f2-    1 4f2-    1 4f2-    1 4f2-    1 4f2-    1 4f2-    1 4f2-    1 4f2- 
                                   1 4f2-    1 4f2-    1 4f2-    1 6h4-    1 6h2-    1 6h4-    1 6h2-    1 6h4-    1 6h2- 

   1.8   2    -1.6024 -103.8437  0.000827  0.007198  0.034273  0.104563  0.218247  0.308812  0.320789  0.251766  0.140313  0.035930
                                -0.000406  0.001052 -0.000383 -0.000001  0.000021  0.000004  0.000031 -0.000004  0.000154

   2.8   0    -0.1436  -11.5875 -0.000030 -0.000262 -0.001257 -0.003809 -0.007994 -0.010994 -0.011323 -0.005981  0.002763  0.040646
                                 0.236799  0.187744  0.691251 -0.000013  0.000013  0.000127 -0.000127 -0.000340  0.000336

   3.8   0    -0.0408  -11.5043  0.000049  0.000376  0.002001  0.005474  0.012983  0.014651  0.021522 -0.000902  0.017280 -0.134948
                                -0.029216 -1.357037  1.398970  0.000012 -0.000022 -0.000114  0.000209  0.000315 -0.000567

 HOMO      7.2    -0.282263 =      -7.6808eV
 LUMO     10.1    -0.556067 =     -15.1313eV
 LUMO-HOMO        -0.273804 =      -7.4506eV


 **********************************************************************************************************************************
 DATASETS  * FILE   NREC   LENGTH (MB)   RECORD NAMES
              1      22       21.47       500      610      700      900      950      970     1000      129      960     1700   
                                          VAR    BASINP    GEOM    SYMINP    ZMAT    AOBASIS   BASIS     P2S    ABASIS    OPER   
                                         1101     1401     1411     1412     1650     1100     1400     1410     1200     1210   
                                          SR      EKINR    POTR     PVPR    MOLCAS      S      EKIN      POT      H0       H01  
                                         1080     1600   
                                         AOSYM     SMH  

              2       5        6.02       200      700     1000      520     4202   
                                        OPTIONS   GEOM     BASIS   MCVARS     RHF  

 PROGRAMS   *        TOTAL       RHF       INT
 CPU TIMES  *        84.22      2.71     81.23
 REAL TIME  *        90.41 SEC
 DISK USED  *         4.39 GB      
 SF USED    *         0.09 MB      
 GA USED    *         0.00 MB       (max)       0.00 MB       (current)
 **********************************************************************************************************************************


 PROGRAM * POP (Mulliken population analysis)

 
 Density matrix read from record         4202.2  Type=RHF/CHARGE (state 1.2)
 
 Population analysis by basis function type

 Unique atom        s        p        d        f        g    Total    Charge
   1  LU     10.00000 23.99999 20.00000 15.00001  0.00000 69.00000  + 2.00000


 **********************************************************************************************************************************
 DATASETS  * FILE   NREC   LENGTH (MB)   RECORD NAMES
              1      22       21.47       500      610      700      900      950      970     1000      129      960     1700   
                                          VAR    BASINP    GEOM    SYMINP    ZMAT    AOBASIS   BASIS     P2S    ABASIS    OPER   
                                         1101     1401     1411     1412     1650     1100     1400     1410     1200     1210   
                                          SR      EKINR    POTR     PVPR    MOLCAS      S      EKIN      POT      H0       H01  
                                         1080     1600   
                                         AOSYM     SMH  

              2       5        6.02       200      700     1000      520     4202   
                                        OPTIONS   GEOM     BASIS   MCVARS     RHF  

 PROGRAMS   *        TOTAL       POP       RHF       INT
 CPU TIMES  *        84.23      0.00      2.71     81.23
 REAL TIME  *        90.42 SEC
 DISK USED  *         4.39 GB      
 SF USED    *         0.09 MB      
 GA USED    *         0.00 MB       (max)       0.00 MB       (current)
 **********************************************************************************************************************************


 PROGRAM * RHF-SCF (OPEN SHELL)       Authors: W. Meyer, H.-J. Werner


 NUMBER OF ELECTRONS:      35+   34-    SPACE SYMMETRY=2    SPIN SYMMETRY: Doublet 
 CONVERGENCE THRESHOLDS:    1.00E-05 (Density)    1.38E-07 (Energy)
 MAX. NUMBER OF ITERATIONS:        0
 INTERPOLATION TYPE:            DIIS
 INTERPOLATION STEPS:              2 (START)      1 (STEP)
 LEVEL SHIFTS:                 -0.60 (CLOSED) -0.30 (OPEN) 

 Number of closed-shell orbitals:   34 (   9   6   6   2   6   2   2   1 )
 Number of open-shell orbitals:      1 (   0   1   0   0   0   0   0   0 )


 Molecular orbitals read from record     4202.2  Type=RHF/CANONICAL (state 1.2)

 Molecular orbital dump at record        2122.2

 ITERATION    DDIFF          GRAD             ENERGY        2-EL.EN.            DIPOLE MOMENTS         DIIS   ORB.
    1      0.000D+00      0.000D+00    -14558.61676879  10773.604679    0.00000    0.00000    0.00000    0    start

 Final alpha occupancy:   9   7   6   2   6   2   2   1
 Final beta  occupancy:   9   6   6   2   6   2   2   1

 !RHF STATE 1.2 Energy               -14558.6167687907    
 Nuclear energy                         0.00000000
 One-electron energy               -19945.41910837
 Two-electron energy                 5386.80233958
 Virial quotient                       -0.73342341
 !RHF STATE 1.2 Dipole moment           0.00000000     0.00000000     0.00000000
 Dipole moment /Debye                   0.00000000     0.00000000     0.00000000

 Orbital energies:

         1.1          2.1          3.1          4.1          5.1          6.1          7.1          8.1          9.1         10.1
  -2340.020511  -403.895927   -94.254704   -61.507929   -61.507745   -20.458759    -8.930819    -8.930317    -3.470095    -0.556067

        11.1
     -0.509708

         1.2          2.2          3.2          4.2          5.2          6.2          7.2          8.2          9.2
   -356.077512   -79.595880   -15.547851    -1.602760    -1.602670    -2.196099    -0.282263     0.742226    -0.384928

         1.3          2.3          3.3          4.3          5.3          6.3          7.3          8.3
   -356.077512   -79.595880   -15.547851    -1.601841    -1.602670    -2.196099    -0.132627     0.742226

         1.4          2.4          3.4          4.4
    -61.507745    -8.930317    -0.508883    -0.205656

         1.5          2.5          3.5          4.5          5.5          6.5          7.5          8.5
   -356.077602   -79.596192   -15.548484    -1.602399    -1.602750    -2.199748    -0.143646     0.741386

         1.6          2.6          3.6          4.6
    -61.507871    -8.930673    -0.508263    -0.197310

         1.7          2.7          3.7          4.7
    -61.507871    -8.930673    -0.508263    -0.197310

         1.8          2.8          3.8
     -1.602399    -0.143646    -0.040756

 HOMO      7.2    -0.282263 =      -7.6808eV
 LUMO     10.1    -0.556067 =     -15.1313eV
 LUMO-HOMO        -0.273804 =      -7.4506eV


 **********************************************************************************************************************************
 DATASETS  * FILE   NREC   LENGTH (MB)   RECORD NAMES
              1      22       21.47       500      610      700      900      950      970     1000      129      960     1700   
                                          VAR    BASINP    GEOM    SYMINP    ZMAT    AOBASIS   BASIS     P2S    ABASIS    OPER   
                                         1101     1401     1411     1412     1650     1100     1400     1410     1200     1210   
                                          SR      EKINR    POTR     PVPR    MOLCAS      S      EKIN      POT      H0       H01  
                                         1080     1600   
                                         AOSYM     SMH  

              2       6        9.40       200      700     1000      520     4202     2122   
                                        OPTIONS   GEOM     BASIS   MCVARS     RHF      RHF  

 PROGRAMS   *        TOTAL       RHF       POP       RHF       INT
 CPU TIMES  *        84.43      0.20      0.00      2.71     81.23
 REAL TIME  *        90.68 SEC
 DISK USED  *         4.39 GB      
 SF USED    *         0.09 MB      
 GA USED    *         0.00 MB       (max)       0.00 MB       (current)
 **********************************************************************************************************************************
 SETTING SCF(10)        =    -14558.61676879  AU                              
 SETTING _CC_NORM_MAX   =         2.00000000                                  


 PROGRAM * CCSD (Restricted open-shell coupled cluster)     Authors: C. Hampel, H.-J. Werner, 1991, M. Deegan, P.J. Knowles, 1992


 Convergence thresholds:  THRVAR = 1.00D-08  THRDEN = 1.38D-06

 CCSD(T)     terms to be evaluated (factor= 1.000)


 Number of closed-shell orbitals:  34 (   9   6   6   2   6   2   2   1 )
 Number of active  orbitals:        1 (   0   1   0   0   0   0   0   0 )
 Number of external orbitals:     345 (  76  55  56  28  56  28  28  18 )

 Memory could be reduced to 326.96 Mwords without degradation in triples

 Number of N-1 electron functions:              69
 Number of N-2 electron functions:            2346
 Number of singly external CSFs:              3812
 Number of doubly external CSFs:          26996350
 Total number of CSFs:                    27000162

 Molecular orbitals read from record     2122.2  Type=RHF/CANONICAL (state 1.2)

 Integral transformation finished. Total CPU:   6.98 sec, npass=  1  Memory used:  74.41 MW

 Starting RMP2 calculation

 Wavefunction is spin-projected

 ITER.      SQ.NORM     CORR.ENERGY   TOTAL ENERGY   ENERGY CHANGE        DEN1      VAR(S)    VAR(P)  DIIS     TIME
   1      1.17925345    -4.08574246-14562.70251125    -4.08574246    -0.00475922  0.19D-07  0.89D-03  1  1    10.27
   2      1.18140071    -4.09078721-14562.70755600    -0.00504475    -0.00002325  0.43D-09  0.89D-05  2  2    12.72
   3      1.18158724    -4.09101381-14562.70778260    -0.00022660    -0.00000040  0.27D-10  0.25D-06  3  3    15.35
   4      1.18160186    -4.09101772-14562.70778651    -0.00000391    -0.00000001  0.43D-10  0.51D-08  4  4    17.94
   5      1.18160261    -4.09101774-14562.70778654    -0.00000003    -0.00000000  0.76D-10  0.49D-10  5  5    21.65

 Norm of t1 vector:      0.00087859      S-energy:    -0.00000175      T1 diagnostic:  0.00000293
 Norm of t2 vector:      0.42614767      P-energy:    -4.09101599
                                         Alpha-Beta:  -2.59471466
                                         Alpha-Alpha: -0.74950221
                                         Beta-Beta:   -0.74679913

 Spin contamination <S**2-Sz**2-Sz>     0.00000000
  Reference energy                   -14558.6167687907    
  RHF-RMP2 correlation energy          -4.091017744397
 !RHF-RMP2 energy                    -14562.7077865351    
 (NB above energy spin projected)

 Starting RCCSD calculation

 ITER.      SQ.NORM     CORR.ENERGY   TOTAL ENERGY   ENERGY CHANGE        DEN1      VAR(S)    VAR(P)  DIIS     TIME
   1      1.11806264    -3.51222795-14562.12899674    -3.51222795    -0.20142631  0.74D-02  0.13D-01  0  0    63.42
   2      1.13745128    -3.69182810-14562.30859690    -0.17960016    -0.03158185  0.12D-02  0.26D-02  0  0   102.76
   3      1.13299494    -3.62477819-14562.24154698     0.06704991    -0.00789786  0.87D-03  0.55D-03  1  1   143.29
   4      1.13525724    -3.64560957-14562.26237836    -0.02083138    -0.00010136  0.31D-04  0.16D-04  2  2   183.49
   5      1.13606334    -3.64635581-14562.26312460    -0.00074624    -0.00004029  0.22D-04  0.73D-05  3  3   223.46
   6      1.13707306    -3.64679483-14562.26356363    -0.00043902    -0.00001119  0.90D-05  0.26D-05  4  4   262.54
   7      1.13754459    -3.64686023-14562.26362902    -0.00006539    -0.00000543  0.49D-05  0.11D-05  5  5   306.93
   8      1.13826430    -3.64690367-14562.26367246    -0.00004344    -0.00000124  0.14D-05  0.10D-06  6  6   351.59
   9      1.13857139    -3.64692225-14562.26369105    -0.00001858    -0.00000051  0.86D-06  0.86D-08  7  7   393.69
  10      1.13862857    -3.64693013-14562.26369892    -0.00000787    -0.00000063  0.13D-05  0.64D-08  8  8   435.00
  11      1.13865969    -3.64693702-14562.26370581    -0.00000689    -0.00000024  0.33D-06  0.63D-08  9  9   477.36
  12      1.13874187    -3.64694184-14562.26371063    -0.00000482    -0.00000008  0.99D-07  0.56D-08 10 10   521.94
  13      1.13879385    -3.64694184-14562.26371063    -0.00000000    -0.00000003  0.29D-07  0.31D-08 11 11   568.12
  14      1.13883348    -3.64694387-14562.26371267    -0.00000204    -0.00000000  0.31D-08  0.81D-09 12 12   618.77
  15      1.13884915    -3.64694480-14562.26371359    -0.00000093    -0.00000000  0.34D-09  0.16D-09 13 13   663.58

 Norm of t1 vector:      0.09450462      S-energy:    -0.00000190      T1 diagnostic:  0.00804442
                                                                       D1 diagnostic:  0.03398028
 Norm of t2 vector:      0.36044143      P-energy:    -3.64694291
                                         Alpha-Beta:  -2.37782382
                                         Alpha-Alpha: -0.63590204
                                         Beta-Beta:   -0.63321705

 Spin contamination <S**2-Sz**2-Sz>     0.00000000

 Memory could be reduced to 359.42 Mwords without degradation in triples
 

  Correlated core orbitals:             1.1       2.1       3.1       4.1       5.1       6.1       7.1       8.1       1.2       2.2
                                        3.2       1.3       2.3       3.3       1.4       2.4       1.5       2.5       3.5       1.6
                                        2.6       1.7       2.7
  Orbital energies:                 -2340.0205 -403.8959  -94.2547  -61.5079  -61.5078  -20.4588   -8.9309   -8.9305 -356.0775  -79.5959
                                      -15.5480 -356.0775  -79.5959  -15.5480  -61.5078   -8.9305 -356.0776  -79.5962  -15.5485  -61.5079
                                       -8.9307  -61.5079   -8.9307
 
  RCCSD core-core energy               -1.645426196233
  RCCSD core-valence energy            -0.845443613703
  RCCSD valence correlation energy     -1.156074993849
 

 RESULTS
 =======

  Reference energy                   -14558.6167687907    
  RCCSD singles energy                 -0.000001896281
  RCCSD pair energy                    -3.646942907504
  RCCSD correlation energy             -3.646944803785
  Triples (T) contribution             -0.060708278552
  Total correlation energy             -3.707653082338
 
  RHF-RCCSD energy                   -14562.2637135945    
  RHF-RCCSD[T] energy                -14562.3317098736    
  RHF-RCCSD-T energy                 -14562.3239934048    
 !RHF-RCCSD(T) energy                -14562.3244218731    

 Program statistics:

 Available memory in ccsd:              1999989750
 Min. memory needed in ccsd:              73929896
 Max. memory used in ccsd:               109080964
 Max. memory used in cckext:              90032370 (15 integral passes)
 Max. memory used in cckint:              74408857 ( 1 integral passes)



 **********************************************************************************************************************************
 DATASETS  * FILE   NREC   LENGTH (MB)   RECORD NAMES
              1      22       21.47       500      610      700      900      950      970     1000      129      960     1700   
                                          VAR    BASINP    GEOM    SYMINP    ZMAT    AOBASIS   BASIS     P2S    ABASIS    OPER   
                                         1101     1401     1411     1412     1650     1100     1400     1410     1200     1210   
                                          SR      EKINR    POTR     PVPR    MOLCAS      S      EKIN      POT      H0       H01  
                                         1080     1600   
                                         AOSYM     SMH  

              2       6        9.40       200      700     1000      520     4202     2122   
                                        OPTIONS   GEOM     BASIS   MCVARS     RHF      RHF  

 PROGRAMS   *        TOTAL  RCCSD(T)       RHF       POP       RHF       INT
 CPU TIMES  *      3042.52   2957.92      0.20      0.00      2.71     81.23
 REAL TIME  *      3580.91 SEC
 DISK USED  *        41.66 GB      
 SF USED    *         7.34 GB      
 GA USED    *         0.00 MB       (max)       0.00 MB       (current)
 **********************************************************************************************************************************
 SETTING CCSD(10)       =    -14562.32442187  AU                              
 Output type csv         
                                                                                                                                                                                                                                                                

          SCF,CCSD
        0.00000,        0.00000
        0.00000,        0.00000
        0.00000,        0.00000
        0.00000,        0.00000
        0.00000,        0.00000
        0.00000,        0.00000
        0.00000,        0.00000
        0.00000,        0.00000
        0.00000,        0.00000
   -14558.61677,   -14562.32442
                                                  

 RCCSD(T)/USERDEF energy= -14562.324421873067

        RCCSD(T)        RHF-SCF         RHF-SCF 
 -14562.32442187 -14558.61676879 -14558.61676879
 **********************************************************************************************************************************
 Molpro calculation terminated
 Variable memory released
