
 Primary working directories    : /global/cscratch1/sd/haihan
 Secondary working directories  : /global/cscratch1/sd/haihan
 Wavefunction directory         : /global/homes/h/haihan/Research/ECP/f_group_element_ecps/Gd/Molpro/atom/AE/nr/wfu/
 Main file repository           : /global/cscratch1/sd/haihan/

 SHA1      : 19cd028119e0e09f93f0674bd8af7968d9b3eff6
 NAME      : 2015.1.36
 ARCHNAME  : linux/x86_64
 FC        : /opt/cray/pe/craype/2.5.14/bin/ftn
 BLASLIB   : -L/opt/intel/compilers_and_libraries_2018.1.163/linux/mkl/lib/intel64 -Wl,-_start-group -lmkl_intel_ilp64 -lmkl_intel_thread -lmkl_core -Wl,-_end-group -liomp5
 id        : lbl

 Nodes     nprocs
 nid01270    11
 Number of processes for MPI-2 version of Molpro:   nprocs(total)=   12   nprocs(compute)=   11   nprocs(helper)=    1

 Using customized tuning parameters: mindgm=7; mindgv=16; mindgc=1; mindgr=1; noblas=0; minvec=7
 default implementation of scratch files=sf  

 ***,Calculation for Gd atom, singlet and triplet
 memory,1,g
 
 gthresh,twoint=1.e-15
 gthresh,oneint=1.e-15
 
 
 geometry={
 1
 Gd
 Gd  0.0 0.0 0.0
 }
 
 basis={
 Including file /global/u2/h/haihan/Research/ECP/f_group_element_ecps/Gd/Molpro/atom/AE/nr/9/../aug-cc-pwCVTZ.basis
 }
 
 
 
 Including file /global/u2/h/haihan/Research/ECP/f_group_element_ecps/Gd/Molpro/atom/AE/nr/9/../Gd_states_ae.proc
 
 
 do i=9,9
     if (i.eq.1) then
         Id1f7s2
     else if (i.eq.2) then
         Id2f7s1
     else if (i.eq.3) then
         EAd2f7s2
     else if (i.eq.4) then
         IId1f7s1
     else if (i.eq.5) then
         IIdf7s2
     else if (i.eq.6) then
         IIId1f7
     else if (i.eq.7) then
         IVdf7
     else if (i.eq.8) then
         Vdf6
     else if (i.eq.9) then
         VIdf5
     else if (i.eq.10) then
         VIIdf4
     else if (i.eq.11) then
         VIIIdf3
     else if (i.eq.12) then
         IXdf2
     else if (i.eq.13) then
         Xdf1
     else if (i.eq.14) then
         XIdf
     else if (i.eq.15) then
         XIIp4
     else if (i.eq.16) then
         XIIIp3
     endif
     scf(i)=energy
                                                                                 !_CC_NORM_MAX=2.0
                                                                                 !{rccsd(t),maxit=100;core}
                                                                                 !ccsd(i)=energy
 enddo
 
 table,scf,                                                                      !ccsd
 type,csv
 save

 Variables initialized (889), CPU time= 0.01 sec
 Commands  initialized (702), CPU time= 0.01 sec, 572 directives.
 Default parameters read. Elapsed time= 0.16 sec

 Checking input...
 Passed
1


                                         ***  PROGRAM SYSTEM MOLPRO  ***
                                       Copyright, TTI GmbH Stuttgart, 2015
                                    Version 2015.1 linked Dec 29 2018 15:55:43


 **********************************************************************************************************************************
 LABEL *   Calculation for Gd atom, singlet and triplet                                  
  64 bit mpp version                                                                     DATE: 10-Nov-22          TIME: 20:23:24  
 **********************************************************************************************************************************

 SHA1:             19cd028119e0e09f93f0674bd8af7968d9b3eff6
 **********************************************************************************************************************************

 THRESHOLDS:

 ZERO    =  1.00D-12  ONEINT  =  1.00D-12  TWOINT  =  1.00D-15  PREFAC  =  1.00D-14  LOCALI  =  1.00D-09  EORDER  =  1.00D-04
 ENERGY  =  0.00D+00  ETEST   =  0.00D+00  EDENS   =  0.00D+00  THRDEDEF=  1.00D-06  GRADIENT=  1.00D-02  STEP    =  1.00D-03
 ORBITAL =  1.00D-05  CIVEC   =  1.00D-05  COEFF   =  1.00D-04  PRINTCI =  5.00D-02  PUNCHCI =  9.90D+01  OPTGRAD =  3.00D-04
 OPTENERG=  1.00D-06  OPTSTEP =  3.00D-04  THRGRAD =  1.00D-10  COMPRESS=  1.00D-11  VARMIN  =  1.00D-07  VARMAX  =  1.00D-03
 THRDOUB =  0.00D+00  THRDIV  =  1.00D-05  THRRED  =  1.00D-07  THRPSP  =  1.00D+00  THRDC   =  1.00D-10  THRCS   =  1.00D-10
 THRNRM  =  1.00D-08  THREQ   =  0.00D+00  THRDE   =  1.00D+00  THRREF  =  1.00D-05  SPARFAC =  1.00D+00  THRDLP  =  1.00D-07
 THRDIA  =  1.00D-10  THRDLS  =  1.00D-07  THRGPS  =  0.00D+00  THRKEX  =  0.00D+00  THRDIS  =  2.00D-01  THRVAR  =  1.00D-10
 THRLOC  =  1.00D-06  THRGAP  =  1.00D-06  THRLOCT = -1.00D+00  THRGAPT = -1.00D+00  THRORB  =  1.00D-06  THRMLTP =  0.00D+00
 THRCPQCI=  1.00D-10  KEXTA   =  0.00D+00  THRCOARS=  0.00D+00  SYMTOL  =  1.00D-06  GRADTOL =  1.00D-06  THROVL  =  1.00D-08
 THRORTH =  1.00D-08  GRID    =  1.00D-06  GRIDMAX =  1.00D-03  DTMAX   =  0.00D+00  THROCCDE=  1.00D-01  THROCCDE=  1.00D-01



 THRESHOLDS:

 ZERO    =  1.00D-12  ONEINT  =  1.00D-15  TWOINT  =  1.00D-15  PREFAC  =  1.00D-14  LOCALI  =  1.00D-09  EORDER  =  1.00D-04
 ENERGY  =  0.00D+00  ETEST   =  0.00D+00  EDENS   =  0.00D+00  THRDEDEF=  1.00D-06  GRADIENT=  1.00D-02  STEP    =  1.00D-03
 ORBITAL =  1.00D-05  CIVEC   =  1.00D-05  COEFF   =  1.00D-04  PRINTCI =  5.00D-02  PUNCHCI =  9.90D+01  OPTGRAD =  3.00D-04
 OPTENERG=  1.00D-06  OPTSTEP =  3.00D-04  THRGRAD =  1.00D-10  COMPRESS=  1.00D-11  VARMIN  =  1.00D-07  VARMAX  =  1.00D-03
 THRDOUB =  0.00D+00  THRDIV  =  1.00D-05  THRRED  =  1.00D-07  THRPSP  =  1.00D+00  THRDC   =  1.00D-10  THRCS   =  1.00D-10
 THRNRM  =  1.00D-08  THREQ   =  0.00D+00  THRDE   =  1.00D+00  THRREF  =  1.00D-05  SPARFAC =  1.00D+00  THRDLP  =  1.00D-07
 THRDIA  =  1.00D-10  THRDLS  =  1.00D-07  THRGPS  =  0.00D+00  THRKEX  =  0.00D+00  THRDIS  =  2.00D-01  THRVAR  =  1.00D-10
 THRLOC  =  1.00D-06  THRGAP  =  1.00D-06  THRLOCT = -1.00D+00  THRGAPT = -1.00D+00  THRORB  =  1.00D-06  THRMLTP =  0.00D+00
 THRCPQCI=  1.00D-10  KEXTA   =  0.00D+00  THRCOARS=  0.00D+00  SYMTOL  =  1.00D-06  GRADTOL =  1.00D-06  THROVL  =  1.00D-08
 THRORTH =  1.00D-08  GRID    =  1.00D-06  GRIDMAX =  1.00D-03  DTMAX   =  0.00D+00  THROCCDE=  1.00D-01  THROCCDE=  1.00D-01



Geometry recognized as XYZ


 Variable memory set to 1000000000 words,  buffer space   230000 words

 SETTING BASIS          =    USERDEF

 DO I                   =         9.00000000   

 Running procedure=VIDF5


 Recomputing integrals since basis changed


 Using spherical harmonics



 PROGRAM * SEWARD (Integral evaluation for generally contracted gaussian basis sets)     Author: Roland Lindh, 1990

 Geometry written to block  1 of record 700

 Orientation using atomic masses  
 Molecule type: Atom
 Symmetry elements: X,Y,Z
 Rotational constants:       0.0000000      0.0000000      0.0000000 GHz  (calculated with average atomic masses)

 Point group  D2h 



 ATOMIC COORDINATES

 NR  ATOM    CHARGE       X              Y              Z

   1  GD     64.00    0.000000000    0.000000000    0.000000000

 NUCLEAR CHARGE:                   64
 NUMBER OF PRIMITIVE AOS:         631
 NUMBER OF SYMMETRY AOS:          481
 NUMBER OF CONTRACTIONS:          481   ( 113Ag  +  74B3u +  74B2u +  42B1g +  74B1u +  42B2g +  42B3g +  20Au  )
 NUMBER OF CORE ORBITALS:          23   (   8Ag  +   3B3u +   3B2u +   2B1g +   3B1u +   2B2g +   2B3g +   0Au  )
 NUMBER OF VALENCE ORBITALS:       17   (   4Ag  +   3B3u +   3B2u +   1B1g +   3B1u +   1B2g +   1B3g +   1Au  )


 NUCLEAR REPULSION ENERGY    0.00000000

 EXTRA SYMMETRY OF AOS IN SYMMETRY 1:   1 1 1 1 1 1 1 1 1 1   1 1 1 1 1 1 1 1 1 1   1 1 1 1 1 1 1 1 1 1   1 1 1 1 1 1 1 1 2 3
                                        2 3 2 3 2 3 2 3 2 3   2 3 2 3 2 3 2 3 2 3   2 3 2 3 2 3 2 3 2 3   2 3 2 3 2 3 2 3 2 3
                                        2 3 2 3 2 3 4 5 6 4   5 6 4 5 6 4 5 6 4 5   6 4 5 6 4 5 6 4 5 6   4 5 6
 EXTRA SYMMETRY OF AOS IN SYMMETRY 2:   1 1 1 1 1 1 1 1 1 1   1 1 1 1 1 1 1 1 1 1   1 1 1 1 1 1 1 1 1 1   1 1 1 1 1 1 1 2 3 2
                                        3 2 3 2 3 2 3 2 3 2   3 2 3 2 3 2 3 2 3 2   3 2 3 2 3 4 5 6 4 5   6 4 5 6
 EXTRA SYMMETRY OF AOS IN SYMMETRY 3:   1 1 1 1 1 1 1 1 1 1   1 1 1 1 1 1 1 1 1 1   1 1 1 1 1 1 1 1 1 1   1 1 1 1 1 1 1 2 3 2
                                        3 2 3 2 3 2 3 2 3 2   3 2 3 2 3 2 3 2 3 2   3 2 3 2 3 4 5 6 4 5   6 4 5 6
 EXTRA SYMMETRY OF AOS IN SYMMETRY 4:   1 1 1 1 1 1 1 1 1 1   1 1 1 1 1 1 1 1 1 1   1 1 1 1 2 3 2 3 2 3   2 3 2 3 2 3 2 3 2 3
                                        2 3
 EXTRA SYMMETRY OF AOS IN SYMMETRY 5:   1 1 1 1 1 1 1 1 1 1   1 1 1 1 1 1 1 1 1 1   1 1 1 1 1 1 1 1 1 1   1 1 1 1 1 1 1 2 3 2
                                        3 2 3 2 3 2 3 2 3 2   3 2 3 2 3 2 3 2 3 2   3 2 3 2 3 4 5 6 4 5   6 4 5 6
 EXTRA SYMMETRY OF AOS IN SYMMETRY 6:   1 1 1 1 1 1 1 1 1 1   1 1 1 1 1 1 1 1 1 1   1 1 1 1 2 3 2 3 2 3   2 3 2 3 2 3 2 3 2 3
                                        2 3
 EXTRA SYMMETRY OF AOS IN SYMMETRY 7:   1 1 1 1 1 1 1 1 1 1   1 1 1 1 1 1 1 1 1 1   1 1 1 1 2 3 2 3 2 3   2 3 2 3 2 3 2 3 2 3
                                        2 3
 EXTRA SYMMETRY OF AOS IN SYMMETRY 8:   1 1 1 1 1 1 1 1 1 1   1 1 1 1 2 3 2 3 2 3

 Eigenvalues of metric

         1 0.117E-06 0.313E-06 0.724E-06 0.724E-06 0.728E-06 0.135E-05 0.447E-05 0.619E-05
         2 0.616E-06 0.439E-05 0.139E-04 0.449E-04 0.885E-04 0.303E-03 0.501E-03 0.668E-03
         3 0.616E-06 0.439E-05 0.139E-04 0.449E-04 0.885E-04 0.303E-03 0.501E-03 0.668E-03
         4 0.724E-06 0.237E-04 0.148E-03 0.537E-03 0.925E-03 0.419E-02 0.877E-02 0.166E-01
         5 0.616E-06 0.439E-05 0.139E-04 0.449E-04 0.885E-04 0.303E-03 0.501E-03 0.668E-03
         6 0.724E-06 0.237E-04 0.148E-03 0.537E-03 0.925E-03 0.419E-02 0.877E-02 0.166E-01
         7 0.724E-06 0.237E-04 0.148E-03 0.537E-03 0.925E-03 0.419E-02 0.877E-02 0.166E-01
         8 0.826E-03 0.126E-01 0.208E-01 0.681E-01 0.138E+00 0.253E+00 0.351E+00 0.351E+00


 Contracted 2-electron integrals neglected if value below      1.0D-15
 AO integral compression algorithm  1   Integral accuracy      1.0D-15

     5087.953 MB (compressed) written to integral file ( 43.1%)

     Node minimum: 237.502 MB, node maximum: 680.264 MB


 NUMBER OF SORTED TWO-ELECTRON INTEGRALS:   78183143.     BUFFER LENGTH:  32768
 NUMBER OF SEGMENTS:   3  SEGMENT LENGTH:   31996376      RECORD LENGTH: 524288

 Memory used in sort:      32.55 MW

 SORT1 READ  1474683826. AND WROTE    44645090. INTEGRALS IN    128 RECORDS. CPU TIME:    35.48 SEC, REAL TIME:    41.13 SEC
 SORT2 READ   489175758. AND WROTE   859050309. INTEGRALS IN  20262 RECORDS. CPU TIME:     1.46 SEC, REAL TIME:     2.43 SEC

 Node minimum:    77943337.  Node maximum:    78455531. integrals

 OPERATOR DM      FOR CENTER  0  COORDINATES:    0.000000    0.000000    0.000000


 **********************************************************************************************************************************
 DATASETS  * FILE   NREC   LENGTH (MB)   RECORD NAMES
              1      18       21.36       500      610      700      900      950      970     1000      129      960     1100   
                                          VAR    BASINP    GEOM    SYMINP    ZMAT    AOBASIS   BASIS     P2S    ABASIS      S 
                                         1400     1410     1200     1210     1080     1600     1650     1700   
                                           T        V       H0       H01     AOSYM     SMH    MOLCAS    OPER   

 PROGRAMS   *        TOTAL       INT
 CPU TIMES  *       454.27    453.91
 REAL TIME  *       463.33 SEC
 DISK USED  *        10.96 GB      
 GA USED    *         0.00 MB       (max)       0.00 MB       (current)
 **********************************************************************************************************************************


 PROGRAM * RHF-SCF (OPEN SHELL)       Authors: W. Meyer, H.-J. Werner


 NUMBER OF ELECTRONS:      32+   27-    SPACE SYMMETRY=5    SPIN SYMMETRY: Sextet  
 CONVERGENCE THRESHOLDS:    1.00E-05 (Density)    1.28E-07 (Energy)
 MAX. NUMBER OF ITERATIONS:       60
 INTERPOLATION TYPE:            DIIS
 INTERPOLATION STEPS:              2 (START)      1 (STEP)
 LEVEL SHIFTS:                 -0.60 (CLOSED) -0.30 (OPEN) 

 Number of closed-shell orbitals:   27 (   9   4   4   2   4   2   2   0 )
 Number of open-shell orbitals:      5 (   0   2   2   0   1   0   0   0 )


 
 Extra symmetries of mos in symmetry 1:   1   1   1   3   2   1   3   2   1   3   2
 Extra symmetries of mos in symmetry 2:   1   1   1   1   3   2
 Extra symmetries of mos in symmetry 3:   1   1   1   1   3   2
 Extra symmetries of mos in symmetry 5:   1   1   1   1   3   2
 Orbital guess generated from atomic densities. Full valence occupancy:   12   6   6   3   6   3   3   1


 Molecular orbital dump at record        4202.2

 ITERATION    DDIFF          GRAD             ENERGY        2-EL.EN.            DIPOLE MOMENTS         DIIS   ORB.
    1      0.000D+00      0.000D+00    -10813.91356801   7615.071747    0.00000    0.00000    0.00000    0    start
    2      0.000D+00      0.124D+00    -10814.83325202   7829.545910    0.00000    0.00000    0.00000    1    diag,B
    3      0.125D-01      0.356D-01    -10815.04045340   7752.479219    0.00000    0.00000    0.00000    2    diag,B
    4      0.870D-02      0.727D-02    -10815.05218673   7767.726787    0.00000    0.00000    0.00000    3    diag,B
    5      0.250D-02      0.495D-03    -10815.05251177   7767.497377    0.00000    0.00000    0.00000    4    diag,B
    6      0.167D-02      0.654D-04    -10815.05253454   7767.599856    0.00000    0.00000    0.00000    5    diag,B
    7      0.246D-03      0.317D-04    -10815.05254733   7767.584966    0.00000    0.00000    0.00000    6    fixocc
    8      0.287D-04      0.192D-04    -10815.05255485   7767.596118    0.00000    0.00000    0.00000    7    diag,B
    9      0.295D-04      0.473D-05    -10815.05255506   7767.590183    0.00000    0.00000    0.00000    8    diag,B
   10      0.868D-05      0.892D-06    -10815.05255507   7767.589426    0.00000    0.00000    0.00000    9    orth
   11      0.344D-05      0.576D-06    -10815.05255501   7767.589395    0.00000    0.00000    0.00000    0    orth

 Final alpha occupancy:   9   6   6   2   5   2   2   0
 Final beta  occupancy:   9   4   4   2   4   2   2   0

 !RHF STATE 1.5 Energy               -10815.0525550124    
 Nuclear energy                         0.00000000
 One-electron energy               -14698.84725243
 Two-electron energy                 3883.79469742
 Virial quotient                       -1.00000391
 !RHF STATE 1.5 Dipole moment           0.00000000     0.00000000     0.00000000
 Dipole moment /Debye                   0.00000000     0.00000000     0.00000000

 ELECTRON ORBITALS
 =================


   Orb  Occ    Energy  Couls-En    Coefficients

                                   1 1s      1 1s      1 1s      1 1s      1 1s      1 1s      1 1s      1 1s      1 1s      1 1s   
                                   1 1s      1 1s      1 1s      1 1s      1 1s      1 1s      1 1s      1 1s      1 1s      1 1s   
                                   1 1s      1 1s      1 1s      1 1s      1 1s      1 1s      1 1s      1 1s      1 1s      1 1s   
                                   1 1s      1 1s      1 1s      1 1s      1 1s      1 1s      1 1s      1 1s      1 3d0     1 3d2+ 
                                   1 3d0     1 3d2+    1 3d0     1 3d2+    1 3d0     1 3d2+    1 3d0     1 3d2+    1 3d0     1 3d2+ 
                                   1 3d0     1 3d2+    1 3d0     1 3d2+    1 3d0     1 3d2+    1 3d0     1 3d2+    1 3d0     1 3d2+ 
                                   1 3d0     1 3d2+    1 3d0     1 3d2+    1 3d0     1 3d2+    1 3d0     1 3d2+    1 3d0     1 3d2+ 
                                   1 3d0     1 3d2+    1 3d0     1 3d2+    1 3d0     1 3d2+    1 3d0     1 3d2+    1 3d0     1 3d2+ 
                                   1 3d0     1 3d2+    1 3d0     1 3d2+    1 3d0     1 3d2+    1 5g0     1 5g4+    1 5g2+    1 5g0  
                                   1 5g4+    1 5g2+    1 5g0     1 5g4+    1 5g2+    1 5g0     1 5g4+    1 5g2+    1 5g0     1 5g4+ 
                                   1 5g2+    1 5g0     1 5g4+    1 5g2+    1 5g0     1 5g4+    1 5g2+    1 5g0     1 5g4+    1 5g2+ 
                                   1 5g0     1 5g4+    1 5g2+ 

   1.1   2 -1749.9817-3797.7911  0.000003  0.000001  0.000039  0.000256  0.000983  0.002934  0.008898  0.024314  0.068183  0.157923
                                 0.316626  0.363274  0.155889  0.060287 -0.008212  0.006880 -0.027044 -0.030495 -0.018357  0.015449
                                 0.017737 -0.002120 -0.005720 -0.003682 -0.001403  0.028718  0.046751 -0.007685 -0.074081  0.030369
                                 0.034059 -0.025241  0.002934  0.006677  0.002105  0.000063 -0.000022  0.000005  0.000000 -0.000000
                                 0.000000 -0.000000  0.000000 -0.000000  0.000000 -0.000000  0.000000 -0.000000 -0.000000 -0.000000
                                -0.000000  0.000000 -0.000001  0.000000  0.000000 -0.000000 -0.000000  0.000000 -0.000000  0.000000
                                -0.000000  0.000000  0.000000 -0.000000  0.000001 -0.000000 -0.000001  0.000000  0.000000 -0.000000
                                 0.000000 -0.000000  0.000000 -0.000000 -0.000000  0.000000  0.000000 -0.000000 -0.000000  0.000000
                                 0.000000 -0.000000 -0.000000  0.000000  0.000000 -0.000000 -0.000000 -0.000000 -0.000000  0.000000
                                 0.000000  0.000000 -0.000000 -0.000000 -0.000000  0.000000  0.000000  0.000000 -0.000000 -0.000000
                                -0.000000  0.000000  0.000000  0.000000 -0.000000 -0.000000 -0.000000  0.000000  0.000000  0.000000
                                -0.000000 -0.000000 -0.000000

   2.1   2  -285.3538 -794.6137 -0.000001 -0.000000 -0.000013 -0.000084 -0.000325 -0.000964 -0.002972 -0.008127 -0.023980 -0.054498
                                -0.121565 -0.168340  0.059078  0.619682  0.512887  0.079894 -0.082317 -0.042548 -0.018015  0.012897
                                 0.013362 -0.001482 -0.003849 -0.002458 -0.000932 -0.019485 -0.062893 -0.114376 -0.064501  0.073110
                                 0.040641 -0.019436  0.001995  0.004472  0.001399  0.000042 -0.000015  0.000003  0.000000 -0.000000
                                 0.000000 -0.000000  0.000000 -0.000000  0.000002 -0.000000  0.000012 -0.000000  0.000035 -0.000000
                                 0.000014 -0.000000 -0.000019  0.000000  0.000013 -0.000000 -0.000002  0.000000 -0.000001  0.000000
                                -0.000000  0.000000  0.000002 -0.000000  0.000026 -0.000000 -0.000025  0.000000  0.000002 -0.000000
                                 0.000000 -0.000000  0.000000 -0.000000 -0.000000  0.000000  0.000000 -0.000000 -0.000000  0.000000
                                 0.000000 -0.000000 -0.000000  0.000000  0.000000 -0.000000  0.000000  0.000000  0.000000  0.000000
                                 0.000000  0.000000 -0.000000 -0.000000 -0.000000  0.000000  0.000000  0.000000 -0.000000 -0.000000
                                -0.000000  0.000000  0.000000  0.000000 -0.000000 -0.000000 -0.000000  0.000000  0.000000  0.000000
                                -0.000000 -0.000000 -0.000000

   3.1   2   -66.8994 -285.1830  0.000000  0.000000  0.000006  0.000039  0.000150  0.000443  0.001380  0.003736  0.011271  0.023604
                                 0.049977  0.058559 -0.102226 -0.691953 -0.515594  0.717418  0.648620  0.074538 -0.018754  0.030092
                                 0.043732 -0.006067 -0.017581 -0.011510 -0.004433  0.012760  0.047131  0.112634  0.220427 -0.032902
                                -0.009813 -0.059568  0.008837  0.020723  0.006641  0.000201 -0.000070  0.000015  0.000000 -0.000000
                                 0.000001 -0.000000  0.000010 -0.000000  0.000052 -0.000000  0.000194 -0.000000  0.000451 -0.000000
                                 0.000782 -0.000000  0.001022 -0.000000 -0.000248  0.000000  0.000014 -0.000000  0.000014 -0.000000
                                 0.000002 -0.000000  0.000050 -0.000000 -0.000515  0.000000  0.000558 -0.000000 -0.000022  0.000000
                                -0.000006  0.000000 -0.000001  0.000000  0.000001 -0.000000 -0.000001  0.000000  0.000000 -0.000000
                                -0.000000  0.000000  0.000000 -0.000000 -0.000000  0.000000 -0.000013 -0.000071 -0.000000  0.000014
                                 0.000083  0.000000 -0.000008 -0.000048 -0.000000  0.000006  0.000035  0.000000 -0.000004 -0.000022
                                -0.000000  0.000002  0.000014  0.000000 -0.000001 -0.000008 -0.000000  0.000001  0.000004  0.000000
                                -0.000000 -0.000001 -0.000000

   4.1   2   -48.7433 -262.5956 -0.000000 -0.000000 -0.000000 -0.000000 -0.000000 -0.000000 -0.000000 -0.000000 -0.000000 -0.000000
                                -0.000000 -0.000000  0.000000  0.000000  0.000000 -0.000000  0.000000  0.000000  0.000000 -0.000000
                                -0.000000  0.000000  0.000000  0.000000  0.000000 -0.000000 -0.000000 -0.000000 -0.000000 -0.000000
                                -0.000000  0.000000 -0.000000 -0.000000 -0.000000 -0.000000  0.000000 -0.000000  0.000000  0.000037
                                 0.000000  0.000858  0.000000  0.006912  0.000000  0.034918  0.000000  0.136001  0.000001  0.327244
                                 0.000001  0.479450  0.000001  0.411025 -0.000000 -0.077038  0.000000  0.010077  0.000000  0.005626
                                 0.000000  0.000632 -0.000000 -0.078025 -0.000000 -0.239186  0.000000  0.210237 -0.000000 -0.007859
                                -0.000000 -0.002039 -0.000000 -0.000522  0.000000  0.000437 -0.000000 -0.000282  0.000000  0.000161
                                -0.000000 -0.000058  0.000000  0.000025 -0.000000 -0.000007 -0.000000 -0.000000  0.000315 -0.000000
                                 0.000000 -0.000212 -0.000000 -0.000000  0.000165 -0.000000  0.000000 -0.000115 -0.000000 -0.000000
                                 0.000075  0.000000  0.000000 -0.000046 -0.000000 -0.000000  0.000027  0.000000  0.000000 -0.000014
                                -0.000000 -0.000000  0.000005

   5.1   2   -48.7655 -262.6289 -0.000000 -0.000000 -0.000000 -0.000000 -0.000000 -0.000001 -0.000003 -0.000007 -0.000022 -0.000045
                                -0.000092 -0.000095  0.000254  0.001554  0.001007 -0.001825 -0.000767  0.000531  0.000419 -0.000408
                                -0.000499  0.000063  0.000177  0.000115  0.000044 -0.000028 -0.000105 -0.000262 -0.000573 -0.000250
                                -0.000725  0.000698 -0.000090 -0.000208 -0.000066 -0.000002  0.000001 -0.000000  0.000037 -0.000000
                                 0.000858 -0.000000  0.006912 -0.000000  0.034917 -0.000000  0.135995 -0.000000  0.327232 -0.000001
                                 0.479556 -0.000001  0.411576 -0.000001 -0.078000  0.000000  0.009893 -0.000000  0.005608 -0.000000
                                 0.000630 -0.000000 -0.078028  0.000000 -0.239978  0.000000  0.211185 -0.000000 -0.007900  0.000000
                                -0.002045  0.000000 -0.000520  0.000000  0.000435 -0.000000 -0.000281  0.000000  0.000160 -0.000000
                                -0.000058  0.000000  0.000025 -0.000000 -0.000007  0.000000 -0.000189  0.000098 -0.000000 -0.000275
                                -0.000060  0.000000 -0.000062  0.000048 -0.000000 -0.000041 -0.000033  0.000000  0.000011  0.000021
                                -0.000000 -0.000009 -0.000013  0.000000  0.000005  0.000008 -0.000000 -0.000003 -0.000004  0.000000
                                 0.000001  0.000001 -0.000000

   6.1   2   -16.2066 -125.2670 -0.000000 -0.000000 -0.000003 -0.000019 -0.000073 -0.000214 -0.000667 -0.001806 -0.005452 -0.011462
                                -0.024460 -0.029258  0.051721  0.379273  0.322152 -0.685579 -1.187650  0.376588  0.332281  0.096951
                                 0.051838 -0.005288 -0.015484 -0.010125 -0.003904 -0.006175 -0.023004 -0.056114 -0.115922  0.556931
                                 0.604102 -0.070029  0.007817  0.018232  0.005845  0.000177 -0.000062  0.000013 -0.000000  0.000000
                                -0.000003  0.000000 -0.000023  0.000000 -0.000116  0.000000 -0.000461  0.000000 -0.001093  0.000000
                                -0.001764  0.000000 -0.002579  0.000000  0.008384 -0.000000  0.002433  0.000000  0.000492  0.000000
                                 0.000054  0.000000  0.000553 -0.000000  0.004951 -0.000000 -0.006052  0.000000 -0.000475 -0.000000
                                -0.000163 -0.000000 -0.000045 -0.000000  0.000038  0.000000 -0.000025 -0.000000  0.000014  0.000000
                                -0.000005 -0.000000  0.000002  0.000000 -0.000001 -0.000000 -0.000016 -0.000074 -0.000000 -0.000047
                                -0.000257 -0.000000  0.000012  0.000100  0.000000 -0.000005 -0.000033 -0.000000  0.000005  0.000033
                                 0.000000 -0.000003 -0.000021 -0.000000  0.000002  0.000013  0.000000 -0.000001 -0.000006 -0.000000
                                 0.000000  0.000002  0.000000

   7.1   2    -8.9452 -107.6848 -0.000000 -0.000000 -0.000000 -0.000000 -0.000000 -0.000000 -0.000000 -0.000000 -0.000000 -0.000000
                                -0.000000 -0.000000  0.000000  0.000000  0.000000 -0.000000 -0.000000  0.000000  0.000000  0.000000
                                 0.000000 -0.000000 -0.000000  0.000000  0.000000 -0.000000 -0.000000 -0.000000 -0.000000  0.000000
                                 0.000000 -0.000000  0.000000 -0.000000 -0.000000 -0.000000  0.000000 -0.000000  0.000000 -0.000018
                                 0.000000 -0.000409  0.000000 -0.003360  0.000000 -0.016975  0.000000 -0.068132  0.000001 -0.163456
                                 0.000001 -0.245388  0.000001 -0.257516 -0.000004  0.927381 -0.000002  0.398578 -0.000000  0.084446
                                -0.000000  0.006915 -0.000000  0.101965 -0.000002  0.574846  0.000003 -0.682134 -0.000000  0.041244
                                 0.000000 -0.009380  0.000000 -0.005714 -0.000000  0.004886  0.000000 -0.003216 -0.000000  0.001850
                                 0.000000 -0.000673 -0.000000  0.000287  0.000000 -0.000082  0.000000 -0.000000  0.000599  0.000000
                                -0.000000  0.001027  0.000000 -0.000000  0.000612  0.000000 -0.000000  0.000070  0.000000 -0.000000
                                 0.000025 -0.000000  0.000000 -0.000013  0.000000 -0.000000  0.000008 -0.000000  0.000000 -0.000004
                                 0.000000 -0.000000  0.000001

   8.1   2    -8.9475 -107.7282  0.000000  0.000000  0.000000  0.000000  0.000000  0.000001  0.000004  0.000011  0.000033  0.000068
                                 0.000143  0.000158 -0.000365 -0.002480 -0.001953  0.004590  0.006902 -0.002236 -0.002930 -0.001543
                                -0.000272 -0.000003 -0.000017 -0.000014 -0.000006  0.000040  0.000153  0.000381  0.000837 -0.003702
                                -0.002221  0.000223  0.000005  0.000023  0.000009  0.000000 -0.000000  0.000000 -0.000018 -0.000000
                                -0.000409 -0.000000 -0.003358 -0.000000 -0.016964 -0.000000 -0.068091 -0.000000 -0.163356 -0.000001
                                -0.245277 -0.000001 -0.257541 -0.000001  0.929399  0.000004  0.398956  0.000002  0.084161  0.000000
                                 0.006886  0.000000  0.101764  0.000000  0.575005  0.000002 -0.682910 -0.000003  0.039736  0.000000
                                -0.009873 -0.000000 -0.005693 -0.000000  0.004864  0.000000 -0.003202 -0.000000  0.001842  0.000000
                                -0.000671 -0.000000  0.000286  0.000000 -0.000081 -0.000000 -0.000954  0.000204  0.000000 -0.000435
                                 0.000372  0.000000 -0.001748  0.000211  0.000000 -0.000394  0.000018  0.000000 -0.000309  0.000005
                                -0.000000  0.000130 -0.000004  0.000000 -0.000078  0.000002 -0.000000  0.000039 -0.000001  0.000000
                                -0.000013  0.000000 -0.000000

   9.1   2    -4.1643  -56.1933  0.000000  0.000000  0.000001  0.000008  0.000031  0.000090  0.000281  0.000762  0.002298  0.004871
                                 0.010485  0.012873 -0.021068 -0.162246 -0.145680  0.344064  0.639586 -0.306470 -0.577214  0.347867
                                 1.392488  0.346602  0.350953  0.216721  0.081505  0.002549  0.009472  0.023066  0.047450 -0.320979
                                -0.505282 -0.478765 -0.193336 -0.398816 -0.122406 -0.003658  0.001281 -0.000276  0.000000 -0.000000
                                 0.000002 -0.000000  0.000017 -0.000000  0.000086 -0.000000  0.000348 -0.000000  0.000826 -0.000000
                                 0.001324 -0.000000  0.001895 -0.000000 -0.007895  0.000000 -0.001281  0.000000  0.002276 -0.000000
                                 0.000716 -0.000000 -0.000571  0.000000 -0.004437  0.000000  0.005603 -0.000000  0.004272 -0.000000
                                 0.004174 -0.000000 -0.000167  0.000000  0.000122 -0.000000 -0.000072  0.000000  0.000039 -0.000000
                                -0.000014  0.000000  0.000006 -0.000000 -0.000002  0.000000  0.000019  0.000099  0.000000  0.000030
                                 0.000157  0.000000 -0.000045 -0.000349 -0.000000 -0.000042 -0.000294 -0.000000 -0.000010 -0.000092
                                -0.000000  0.000001  0.000008  0.000000 -0.000001 -0.000007 -0.000000  0.000000  0.000004  0.000000
                                -0.000000 -0.000001 -0.000000

  10.1   0    -1.6710  -39.9608  0.000000  0.000000  0.000000  0.000000  0.000000  0.000000  0.000000  0.000000  0.000000  0.000000
                                 0.000000  0.000000 -0.000000 -0.000000 -0.000000  0.000000  0.000000 -0.000000 -0.000000 -0.000000
                                -0.000000  0.000000 -0.000000 -0.000000 -0.000000  0.000000  0.000000  0.000000  0.000000 -0.000000
                                -0.000000  0.000000  0.000000  0.000000  0.000000  0.000000 -0.000000  0.000000 -0.000000  0.000006
                                -0.000000  0.000136 -0.000000  0.001113 -0.000000  0.005647 -0.000000  0.022693 -0.000000  0.054727
                                -0.000000  0.078382 -0.000000  0.051418  0.000000 -0.297801  0.000000 -0.176590  0.000000 -0.014696
                                -0.000000  0.466431  0.000000 -0.028783  0.000000 -0.153621 -0.000000  0.163835 -0.000000  0.149716
                                -0.000000  0.471395 -0.000000  0.112019 -0.000000  0.012354  0.000000 -0.006740 -0.000000  0.004695
                                 0.000000 -0.001893 -0.000000  0.000837  0.000000 -0.000242 -0.000000  0.000000 -0.000183  0.000000
                                 0.000000 -0.000253 -0.000000 -0.000000  0.000304 -0.000000 -0.000000  0.000959 -0.000000 -0.000000
                                 0.000870 -0.000000 -0.000000  0.000415 -0.000000 -0.000000  0.000048  0.000000 -0.000000  0.000006
                                -0.000000  0.000000 -0.000002

  11.1   0    -1.6770  -39.9988 -0.000000 -0.000000 -0.000000 -0.000000 -0.000000 -0.000000 -0.000001 -0.000004 -0.000012 -0.000024
                                -0.000051 -0.000059  0.000122  0.000868  0.000721 -0.001750 -0.002930  0.001916  0.001848  0.001748
                                 0.001005 -0.006819  0.003719  0.002167  0.000758 -0.000014 -0.000052 -0.000129 -0.000279  0.001539
                                 0.000301  0.000871 -0.007406 -0.004291 -0.001147 -0.000033  0.000012 -0.000002  0.000006  0.000000
                                 0.000135  0.000000  0.001110  0.000000  0.005632  0.000000  0.022634  0.000000  0.054582  0.000000
                                 0.078235  0.000000  0.051742  0.000000 -0.298538 -0.000000 -0.176838 -0.000000 -0.014191 -0.000000
                                 0.465275  0.000000 -0.028768 -0.000000 -0.154042 -0.000000  0.164899  0.000000  0.150607  0.000000
                                 0.473469  0.000000  0.110092  0.000000  0.012379  0.000000 -0.006887 -0.000000  0.004773  0.000000
                                -0.001922 -0.000000  0.000849  0.000000 -0.000245 -0.000000  0.000326 -0.000062  0.000000 -0.000211
                                -0.000089  0.000000 -0.000411  0.000086 -0.000000 -0.000496  0.000269 -0.000000  0.000178  0.000199
                                -0.000000  0.000120  0.000073 -0.000000  0.000101  0.000007  0.000000 -0.000037  0.000001 -0.000000
                                 0.000014 -0.000000  0.000000

                                   1 2px     1 2px     1 2px     1 2px     1 2px     1 2px     1 2px     1 2px     1 2px     1 2px  
                                   1 2px     1 2px     1 2px     1 2px     1 2px     1 2px     1 2px     1 2px     1 2px     1 2px  
                                   1 2px     1 2px     1 2px     1 2px     1 2px     1 2px     1 2px     1 2px     1 2px     1 2px  
                                   1 2px     1 2px     1 2px     1 2px     1 2px     1 2px     1 2px     1 4f1+    1 4f3+    1 4f1+ 
                                   1 4f3+    1 4f1+    1 4f3+    1 4f1+    1 4f3+    1 4f1+    1 4f3+    1 4f1+    1 4f3+    1 4f1+ 
                                   1 4f3+    1 4f1+    1 4f3+    1 4f1+    1 4f3+    1 4f1+    1 4f3+    1 4f1+    1 4f3+    1 4f1+ 
                                   1 4f3+    1 4f1+    1 4f3+    1 4f1+    1 4f3+    1 6h1+    1 6h3+    1 6h5+    1 6h1+    1 6h3+ 
                                   1 6h5+    1 6h1+    1 6h3+    1 6h5+ 

   1.2   2  -271.1133 -779.7867  0.000000  0.000000  0.000000  0.000001  0.000001  0.000011  0.000023  0.000125  0.000246  0.001625
                                 0.000795  0.008498  0.031197  0.105205  0.279706  0.428783  0.278218  0.040303 -0.011642 -0.036633
                                -0.013914 -0.005964 -0.000958  0.000480 -0.000321  0.000318 -0.000027  0.008671  0.034655  0.019189
                                 0.004644  0.003695 -0.000107 -0.000384  0.000280  0.000028 -0.000005  0.000002  0.000000  0.000014
                                -0.000002  0.000011 -0.000001 -0.000011  0.000004 -0.000015  0.000004 -0.000001 -0.000000  0.000001
                                -0.000000  0.000016 -0.000005  0.000010 -0.000003 -0.000000  0.000000  0.000000 -0.000000 -0.000000
                                 0.000000  0.000000 -0.000000 -0.000000  0.000000  0.000003  0.000002 -0.000000 -0.000001 -0.000001
                                 0.000000  0.000000  0.000000 -0.000000

   2.2   2   -60.4939 -276.8713 -0.000000 -0.000000 -0.000000 -0.000000 -0.000001 -0.000005 -0.000012 -0.000058 -0.000126 -0.000775
                                -0.000439 -0.004116 -0.015686 -0.054285 -0.154928 -0.252088 -0.096134  0.286321  0.388251 -0.070243
                                -0.004062  0.001333  0.000327 -0.000181  0.000127 -0.000129  0.134475  0.238861  0.173150  0.013696
                                -0.000554 -0.001030  0.000044  0.000157 -0.000115 -0.000012  0.000002  0.000001 -0.000000  0.000015
                                -0.000002  0.000234 -0.000038  0.000455 -0.000098  0.000303 -0.000101  0.000076 -0.000067  0.000005
                                -0.000019 -0.000275  0.000080 -0.000148  0.000027  0.000003  0.000004 -0.000002 -0.000003  0.000001
                                 0.000002 -0.000001 -0.000001  0.000000  0.000000  0.000117  0.000095 -0.000040  0.000012  0.000004
                                 0.000019  0.000007  0.000006 -0.000005

   3.2   2   -13.5915 -119.3693  0.000000  0.000000  0.000000  0.000000  0.000000  0.000002  0.000006  0.000027  0.000062  0.000362
                                 0.000226  0.001940  0.007530  0.026101  0.075962  0.124912  0.040254 -0.162161 -0.186221  0.501154
                                 0.209385 -0.144188 -0.020995  0.010552 -0.007128  0.007114 -0.107468 -0.278016 -0.013943  0.404552
                                 0.175076  0.085859 -0.002413 -0.008628  0.006296  0.000642 -0.000114  0.000004 -0.000001  0.000059
                                -0.000030  0.000287 -0.000162  0.001053 -0.000438  0.001848 -0.000762  0.000752 -0.000592  0.000165
                                -0.000241  0.001018 -0.000251  0.000595 -0.000092 -0.000038  0.000066  0.000024 -0.000043 -0.000017
                                 0.000030  0.000009 -0.000016 -0.000003  0.000005  0.000312  0.000276 -0.000212  0.000393  0.000314
                                -0.000128  0.000112  0.000078  0.000011

   4.2   2    -3.2674  -51.4403 -0.000000 -0.000000 -0.000000 -0.000000 -0.000000 -0.000001 -0.000002 -0.000011 -0.000025 -0.000144
                                -0.000092 -0.000773 -0.003017 -0.010459 -0.030574 -0.050366 -0.015695  0.065907  0.065686 -0.277622
                                -0.080331  0.250244  0.241667 -0.010972  0.013485 -0.013870  0.047911  0.133959 -0.018735 -0.325857
                                 0.239067  0.463380  0.004784  0.016969 -0.012438 -0.001275  0.000226  0.000000  0.000000  0.000010
                                 0.000006  0.000076  0.000028  0.000264  0.000046  0.001244  0.000006  0.004142 -0.000558  0.002746
                                -0.000383 -0.000929  0.000243 -0.001008  0.000228 -0.000695  0.000104  0.000503 -0.000076 -0.000349
                                 0.000053  0.000183 -0.000028 -0.000061  0.000009  0.000002 -0.000030  0.000123  0.000111  0.000118
                                -0.000168  0.000125  0.000170 -0.000331

   5.2   +    -3.5659  -88.4782  0.000000  0.000000  0.000000  0.000000  0.000000  0.000000  0.000000  0.000000  0.000000  0.000001
                                 0.000000  0.000004  0.000015  0.000051  0.000149  0.000245  0.000081 -0.000317 -0.000433  0.000813
                                 0.000604 -0.000284 -0.000136 -0.000003 -0.000009  0.000010 -0.000231 -0.000564  0.000151  0.000806
                                 0.001421  0.000753 -0.000004 -0.000012  0.000009  0.000001 -0.000000 -0.000283  0.000948 -0.004860
                                 0.016257 -0.031030  0.103790 -0.084618  0.283044 -0.115790  0.387464 -0.098162  0.328887 -0.031994
                                 0.107319 -0.009535  0.031852 -0.016568  0.055381  0.008730 -0.029286 -0.005599  0.018785  0.003829
                                -0.012847 -0.002003  0.006719  0.000661 -0.002217 -0.000557 -0.000421 -0.000049 -0.000787 -0.000660
                                -0.000068 -0.000420 -0.000403 -0.000029

   6.2   +    -3.6610  -88.9086 -0.000000 -0.000000 -0.000000 -0.000000 -0.000000 -0.000000 -0.000000 -0.000000 -0.000000 -0.000001
                                -0.000000 -0.000003 -0.000013 -0.000044 -0.000129 -0.000213 -0.000063  0.000284  0.000305 -0.001158
                                -0.001030 -0.000266 -0.000671 -0.000016 -0.000006  0.000007  0.000186  0.000510  0.000336  0.000067
                                -0.001660 -0.001823 -0.000003 -0.000009  0.000007  0.000001 -0.000000  0.000953  0.000285  0.016331
                                 0.004877  0.104332  0.031156  0.284357  0.084919  0.387277  0.115698  0.324271  0.096999  0.101713
                                 0.030464  0.033500  0.009990  0.058532  0.017465 -0.028369 -0.008497  0.017898  0.005362 -0.012224
                                -0.003662  0.006389  0.001914 -0.002107 -0.000631  0.000487  0.000330  0.000166  0.000634  0.000476
                                 0.000229  0.000311  0.000277  0.000096

   7.2   0    -1.1176  -23.3640  0.000000  0.000000  0.000000  0.000000  0.000000  0.000000  0.000001  0.000005  0.000011  0.000062
                                 0.000040  0.000331  0.001292  0.004477  0.013100  0.021580  0.006724 -0.027858 -0.026989  0.130797
                                 0.029207 -0.083687 -0.138579  0.773049  0.480890 -0.000199 -0.021013 -0.059679  0.006662  0.158071
                                -0.174028 -0.438132  0.005607  0.020377 -0.015063 -0.001446  0.000251  0.000001  0.000001  0.000016
                                 0.000011  0.000097  0.000073  0.000247  0.000198  0.000021  0.000144 -0.001298  0.000025 -0.000931
                                -0.000276  0.000370  0.000017  0.000406  0.000029  0.001356 -0.000366  0.000564 -0.000199  0.000081
                                 0.000034 -0.000033 -0.000020  0.000012  0.000007  0.000060  0.000051 -0.000033 -0.000175 -0.000139
                                 0.000056 -0.000237 -0.000180  0.000044

   8.2   0    -0.8037  -21.8979  0.000000  0.000000  0.000000  0.000000  0.000000  0.000000  0.000000  0.000000  0.000000  0.000000
                                 0.000000  0.000001  0.000005  0.000018  0.000053  0.000088  0.000028 -0.000101 -0.000088  0.000642
                                 0.000178 -0.000258 -0.000632 -0.000505 -0.000312 -0.000102 -0.000088 -0.000260 -0.000114  0.000407
                                -0.000073 -0.000413  0.000005  0.000036 -0.000019 -0.000001  0.000000 -0.000181 -0.000027 -0.002936
                                -0.000432 -0.019536 -0.002875 -0.047129 -0.006918 -0.029831 -0.004229  0.012086  0.002149  0.133312
                                 0.020174 -0.020244 -0.003042 -0.052737 -0.007904  0.378508  0.056180  0.548149  0.081326  0.070425
                                 0.010373  0.024120  0.003605 -0.007688 -0.001149 -0.000096 -0.000052 -0.000028 -0.000090 -0.000033
                                -0.000020  0.000473  0.000009  0.000060

                                   1 2py     1 2py     1 2py     1 2py     1 2py     1 2py     1 2py     1 2py     1 2py     1 2py  
                                   1 2py     1 2py     1 2py     1 2py     1 2py     1 2py     1 2py     1 2py     1 2py     1 2py  
                                   1 2py     1 2py     1 2py     1 2py     1 2py     1 2py     1 2py     1 2py     1 2py     1 2py  
                                   1 2py     1 2py     1 2py     1 2py     1 2py     1 2py     1 2py     1 4f1-    1 4f3-    1 4f1- 
                                   1 4f3-    1 4f1-    1 4f3-    1 4f1-    1 4f3-    1 4f1-    1 4f3-    1 4f1-    1 4f3-    1 4f1- 
                                   1 4f3-    1 4f1-    1 4f3-    1 4f1-    1 4f3-    1 4f1-    1 4f3-    1 4f1-    1 4f3-    1 4f1- 
                                   1 4f3-    1 4f1-    1 4f3-    1 4f1-    1 4f3-    1 6h1-    1 6h3-    1 6h5-    1 6h1-    1 6h3- 
                                   1 6h5-    1 6h1-    1 6h3-    1 6h5- 

   1.3   2  -271.1133 -779.7867  0.000000  0.000000  0.000000  0.000001  0.000001  0.000011  0.000023  0.000125  0.000246  0.001625
                                 0.000795  0.008498  0.031197  0.105205  0.279706  0.428783  0.278218  0.040303 -0.011642 -0.036633
                                -0.013914 -0.005964 -0.000958  0.000480 -0.000321  0.000318 -0.000027  0.008671  0.034655  0.019189
                                 0.004644  0.003695 -0.000107 -0.000384  0.000280  0.000028 -0.000005  0.000002 -0.000000  0.000014
                                 0.000002  0.000011  0.000001 -0.000011 -0.000004 -0.000015 -0.000004 -0.000001  0.000000  0.000001
                                 0.000000  0.000016  0.000005  0.000010  0.000003 -0.000000 -0.000000  0.000000  0.000000 -0.000000
                                -0.000000  0.000000  0.000000 -0.000000 -0.000000  0.000003 -0.000002 -0.000000 -0.000001  0.000001
                                 0.000000  0.000000 -0.000000 -0.000000

   2.3   2   -60.4939 -276.8713 -0.000000 -0.000000 -0.000000 -0.000000 -0.000001 -0.000005 -0.000012 -0.000058 -0.000126 -0.000775
                                -0.000439 -0.004116 -0.015686 -0.054285 -0.154928 -0.252088 -0.096134  0.286321  0.388251 -0.070243
                                -0.004062  0.001333  0.000327 -0.000181  0.000127 -0.000129  0.134475  0.238861  0.173150  0.013696
                                -0.000554 -0.001030  0.000044  0.000157 -0.000115 -0.000012  0.000002  0.000001  0.000000  0.000015
                                 0.000002  0.000234  0.000038  0.000455  0.000098  0.000303  0.000101  0.000076  0.000067  0.000005
                                 0.000019 -0.000275 -0.000080 -0.000148 -0.000027  0.000003 -0.000004 -0.000002  0.000003  0.000001
                                -0.000002 -0.000001  0.000001  0.000000 -0.000000  0.000117 -0.000095 -0.000040  0.000012 -0.000004
                                 0.000019  0.000007 -0.000006 -0.000005

   3.3   2   -13.5915 -119.3693  0.000000  0.000000  0.000000  0.000000  0.000000  0.000002  0.000006  0.000027  0.000062  0.000362
                                 0.000226  0.001940  0.007530  0.026101  0.075962  0.124912  0.040254 -0.162161 -0.186221  0.501154
                                 0.209385 -0.144188 -0.020995  0.010552 -0.007128  0.007114 -0.107468 -0.278016 -0.013943  0.404552
                                 0.175076  0.085859 -0.002413 -0.008628  0.006296  0.000642 -0.000114  0.000004  0.000001  0.000059
                                 0.000030  0.000287  0.000162  0.001053  0.000438  0.001848  0.000762  0.000752  0.000592  0.000165
                                 0.000241  0.001018  0.000251  0.000595  0.000092 -0.000038 -0.000066  0.000024  0.000043 -0.000017
                                -0.000030  0.000009  0.000016 -0.000003 -0.000005  0.000312 -0.000276 -0.000212  0.000393 -0.000314
                                -0.000128  0.000112 -0.000078  0.000011

   4.3   2    -3.2674  -51.4403 -0.000000 -0.000000 -0.000000 -0.000000 -0.000000 -0.000001 -0.000002 -0.000011 -0.000025 -0.000144
                                -0.000092 -0.000773 -0.003017 -0.010459 -0.030574 -0.050366 -0.015695  0.065907  0.065686 -0.277622
                                -0.080331  0.250244  0.241667 -0.010972  0.013485 -0.013870  0.047911  0.133959 -0.018735 -0.325857
                                 0.239067  0.463380  0.004784  0.016969 -0.012438 -0.001275  0.000226  0.000000 -0.000000  0.000010
                                -0.000006  0.000076 -0.000028  0.000264 -0.000046  0.001244 -0.000006  0.004142  0.000558  0.002746
                                 0.000383 -0.000929 -0.000243 -0.001008 -0.000228 -0.000695 -0.000104  0.000503  0.000076 -0.000349
                                -0.000053  0.000183  0.000028 -0.000061 -0.000009  0.000002  0.000030  0.000123  0.000111 -0.000118
                                -0.000168  0.000125 -0.000170 -0.000331

   5.3   +    -3.5659  -88.4782 -0.000000 -0.000000 -0.000000 -0.000000 -0.000000 -0.000000 -0.000000 -0.000000 -0.000000 -0.000001
                                -0.000000 -0.000004 -0.000015 -0.000051 -0.000149 -0.000245 -0.000081  0.000317  0.000433 -0.000813
                                -0.000604  0.000284  0.000136  0.000003  0.000009 -0.000010  0.000231  0.000564 -0.000151 -0.000806
                                -0.001421 -0.000753  0.000004  0.000012 -0.000009 -0.000001  0.000000  0.000283  0.000948  0.004860
                                 0.016257  0.031030  0.103790  0.084617  0.283044  0.115789  0.387464  0.098162  0.328887  0.031994
                                 0.107319  0.009535  0.031852  0.016568  0.055381 -0.008730 -0.029286  0.005599  0.018785 -0.003829
                                -0.012847  0.002003  0.006719 -0.000661 -0.002217  0.000557 -0.000421  0.000049  0.000787 -0.000660
                                 0.000068  0.000420 -0.000403  0.000029

   6.3   +    -3.6610  -88.9086 -0.000000 -0.000000 -0.000000 -0.000000 -0.000000 -0.000000 -0.000000 -0.000000 -0.000000 -0.000001
                                -0.000000 -0.000003 -0.000013 -0.000044 -0.000129 -0.000213 -0.000063  0.000284  0.000305 -0.001158
                                -0.001030 -0.000266 -0.000671 -0.000016 -0.000006  0.000007  0.000186  0.000510  0.000336  0.000067
                                -0.001660 -0.001823 -0.000003 -0.000009  0.000007  0.000001 -0.000000  0.000953 -0.000285  0.016331
                                -0.004877  0.104332 -0.031155  0.284357 -0.084919  0.387278 -0.115698  0.324271 -0.096998  0.101713
                                -0.030464  0.033500 -0.009990  0.058532 -0.017465 -0.028369  0.008497  0.017898 -0.005362 -0.012224
                                 0.003662  0.006389 -0.001914 -0.002107  0.000631  0.000487 -0.000330  0.000166  0.000634 -0.000476
                                 0.000229  0.000311 -0.000277  0.000096

   7.3   0    -1.1176  -23.3640  0.000000  0.000000  0.000000  0.000000  0.000000  0.000000  0.000001  0.000005  0.000011  0.000062
                                 0.000040  0.000331  0.001292  0.004477  0.013100  0.021580  0.006724 -0.027858 -0.026989  0.130797
                                 0.029207 -0.083687 -0.138579  0.773049  0.480890 -0.000199 -0.021013 -0.059679  0.006662  0.158071
                                -0.174028 -0.438132  0.005607  0.020377 -0.015063 -0.001446  0.000251  0.000001 -0.000001  0.000016
                                -0.000011  0.000097 -0.000073  0.000247 -0.000198  0.000021 -0.000144 -0.001298 -0.000025 -0.000931
                                 0.000276  0.000370 -0.000017  0.000406 -0.000029  0.001356  0.000366  0.000564  0.000199  0.000081
                                -0.000034 -0.000033  0.000020  0.000012 -0.000007  0.000060 -0.000051 -0.000033 -0.000175  0.000139
                                 0.000056 -0.000237  0.000180  0.000044

   8.3   0    -0.8037  -21.8979  0.000000  0.000000  0.000000  0.000000  0.000000  0.000000  0.000000  0.000000  0.000000  0.000000
                                 0.000000  0.000001  0.000005  0.000018  0.000053  0.000088  0.000028 -0.000101 -0.000088  0.000642
                                 0.000178 -0.000258 -0.000632 -0.000505 -0.000312 -0.000102 -0.000088 -0.000260 -0.000114  0.000407
                                -0.000073 -0.000413  0.000005  0.000036 -0.000019 -0.000001  0.000000 -0.000181  0.000027 -0.002936
                                 0.000432 -0.019536  0.002875 -0.047129  0.006918 -0.029831  0.004229  0.012086 -0.002149  0.133312
                                -0.020174 -0.020244  0.003042 -0.052738  0.007904  0.378508 -0.056180  0.548149 -0.081326  0.070425
                                -0.010373  0.024120 -0.003605 -0.007688  0.001149 -0.000096  0.000052 -0.000028 -0.000090  0.000033
                                -0.000020  0.000473 -0.000009  0.000060

                                   1 3d2-    1 3d2-    1 3d2-    1 3d2-    1 3d2-    1 3d2-    1 3d2-    1 3d2-    1 3d2-    1 3d2- 
                                   1 3d2-    1 3d2-    1 3d2-    1 3d2-    1 3d2-    1 3d2-    1 3d2-    1 3d2-    1 3d2-    1 3d2- 
                                   1 3d2-    1 3d2-    1 3d2-    1 3d2-    1 5g2-    1 5g4-    1 5g2-    1 5g4-    1 5g2-    1 5g4- 
                                   1 5g2-    1 5g4-    1 5g2-    1 5g4-    1 5g2-    1 5g4-    1 5g2-    1 5g4-    1 5g2-    1 5g4- 
                                   1 5g2-    1 5g4- 

   1.4   2   -48.7359 -262.6050  0.000037  0.000858  0.006914  0.034925  0.136029  0.327310  0.479559  0.411277 -0.077621  0.009959
                                 0.005611  0.000630 -0.078064 -0.239661  0.210744 -0.007876 -0.002041 -0.000520  0.000435 -0.000281
                                 0.000161 -0.000058  0.000025 -0.000007 -0.000133 -0.000000 -0.000172  0.000000 -0.000045 -0.000000
                                -0.000023  0.000000  0.000005 -0.000000 -0.000004  0.000000  0.000002 -0.000000 -0.000001  0.000000
                                 0.000000 -0.000000

   2.4   2    -8.9176 -107.6555 -0.000018 -0.000409 -0.003357 -0.016961 -0.068079 -0.163325 -0.245147 -0.257086  0.927514  0.398808
                                 0.084442  0.006905  0.101774  0.574217 -0.681623  0.040733 -0.009560 -0.005704  0.004875 -0.003209
                                 0.001847 -0.000672  0.000286 -0.000082 -0.000642 -0.000000 -0.000325 -0.000000 -0.001161 -0.000000
                                -0.000262 -0.000000 -0.000202 -0.000000  0.000085  0.000000 -0.000051 -0.000000  0.000026  0.000000
                                -0.000009 -0.000000

   3.4   0    -1.6674  -39.8649  0.000006  0.000135  0.001106  0.005609  0.022543  0.054363  0.077871  0.051223 -0.296077 -0.176135
                                -0.015284  0.467594 -0.028609 -0.152776  0.163164  0.148329  0.470271  0.113680  0.012105 -0.006492
                                 0.004560 -0.001846  0.000817 -0.000236  0.000218  0.000000 -0.000127  0.000000 -0.000287 -0.000000
                                -0.000364 -0.000000  0.000087 -0.000000  0.000071 -0.000000  0.000065 -0.000000 -0.000024 -0.000000
                                 0.000009  0.000000

   4.4   0    -0.8144  -19.0256 -0.000003 -0.000066 -0.000536 -0.002725 -0.010932 -0.026464 -0.036511 -0.012858  0.122486  0.096167
                                 0.037342 -0.285696  0.011013  0.053014 -0.046773 -0.107539 -0.314211  0.280316  0.623164  0.289179
                                -0.035292  0.013441 -0.005414  0.001502 -0.000102 -0.000000  0.000070 -0.000000  0.000116  0.000000
                                 0.000154  0.000000  0.000078  0.000000  0.000448 -0.000000  0.000668 -0.000000  0.000306 -0.000000
                                 0.000003 -0.000000

                                   1 2pz     1 2pz     1 2pz     1 2pz     1 2pz     1 2pz     1 2pz     1 2pz     1 2pz     1 2pz  
                                   1 2pz     1 2pz     1 2pz     1 2pz     1 2pz     1 2pz     1 2pz     1 2pz     1 2pz     1 2pz  
                                   1 2pz     1 2pz     1 2pz     1 2pz     1 2pz     1 2pz     1 2pz     1 2pz     1 2pz     1 2pz  
                                   1 2pz     1 2pz     1 2pz     1 2pz     1 2pz     1 2pz     1 2pz     1 4f0     1 4f2+    1 4f0  
                                   1 4f2+    1 4f0     1 4f2+    1 4f0     1 4f2+    1 4f0     1 4f2+    1 4f0     1 4f2+    1 4f0  
                                   1 4f2+    1 4f0     1 4f2+    1 4f0     1 4f2+    1 4f0     1 4f2+    1 4f0     1 4f2+    1 4f0  
                                   1 4f2+    1 4f0     1 4f2+    1 4f0     1 4f2+    1 6h2+    1 6h4+    1 6h0     1 6h2+    1 6h4+ 
                                   1 6h0     1 6h2+    1 6h4+    1 6h0  

   1.5   2  -271.1245 -779.7957  0.000000  0.000000  0.000000  0.000001  0.000001  0.000011  0.000023  0.000125  0.000246  0.001625
                                 0.000795  0.008498  0.031196  0.105201  0.279693  0.428765  0.278227  0.040324 -0.011641 -0.036623
                                -0.013910 -0.005962 -0.000957  0.000480 -0.000321  0.000318 -0.000007  0.008666  0.034643  0.019184
                                 0.004643  0.003694 -0.000107 -0.000384  0.000279  0.000028 -0.000005  0.000002 -0.000000  0.000017
                                -0.000000  0.000013 -0.000000 -0.000013  0.000000 -0.000018  0.000000 -0.000002  0.000000  0.000001
                                -0.000000  0.000018 -0.000000  0.000011 -0.000000 -0.000000  0.000000  0.000000 -0.000000 -0.000000
                                 0.000000  0.000000 -0.000000 -0.000000  0.000000 -0.000000  0.000002 -0.000004  0.000000 -0.000001
                                 0.000001 -0.000000  0.000000 -0.000000

   2.5   2   -60.5425 -276.9086 -0.000000 -0.000000 -0.000000 -0.000000 -0.000001 -0.000005 -0.000012 -0.000058 -0.000126 -0.000774
                                -0.000439 -0.004115 -0.015683 -0.054273 -0.154891 -0.252024 -0.096153  0.286126  0.388520 -0.070578
                                -0.004128  0.001331  0.000326 -0.000181  0.000127 -0.000128  0.134337  0.238837  0.173532  0.013722
                                -0.000561 -0.001029  0.000044  0.000156 -0.000114 -0.000012  0.000002  0.000001 -0.000000  0.000017
                                -0.000000  0.000263 -0.000000  0.000493 -0.000000  0.000295 -0.000000  0.000036 -0.000000 -0.000011
                                -0.000000 -0.000314  0.000000 -0.000178  0.000000  0.000008 -0.000000 -0.000005  0.000000  0.000003
                                -0.000000 -0.000002  0.000000  0.000001 -0.000000 -0.000000  0.000068 -0.000192 -0.000000  0.000019
                                -0.000010 -0.000000  0.000002 -0.000012

   3.5   2   -13.6501 -119.4670  0.000000  0.000000  0.000000  0.000000  0.000000  0.000002  0.000006  0.000027  0.000062  0.000363
                                 0.000226  0.001941  0.007533  0.026114  0.075997  0.124970  0.040289 -0.162175 -0.186949  0.503550
                                 0.207379 -0.143363 -0.020870  0.010490 -0.007086  0.007072 -0.107404 -0.278150 -0.015160  0.406569
                                 0.173617  0.085336 -0.002399 -0.008577  0.006259  0.000638 -0.000113  0.000003 -0.000000  0.000039
                                -0.000000  0.000146 -0.000000  0.000736 -0.000000  0.001459 -0.000000  0.000283 -0.000000 -0.000014
                                -0.000000  0.001115 -0.000000  0.000610 -0.000000  0.000013  0.000000 -0.000008 -0.000000  0.000006
                                 0.000000 -0.000003 -0.000000  0.000001  0.000000 -0.000000  0.000123 -0.000546 -0.000000  0.000228
                                -0.000635 -0.000000  0.000089 -0.000160

   4.5   2    -3.2957  -51.6296 -0.000000 -0.000000 -0.000000 -0.000000 -0.000000 -0.000001 -0.000002 -0.000011 -0.000025 -0.000145
                                -0.000092 -0.000777 -0.003033 -0.010513 -0.030730 -0.050626 -0.015766  0.066382  0.066562 -0.279012
                                -0.074608  0.252346  0.235609 -0.011582  0.013436 -0.013775  0.048064  0.134490 -0.019548 -0.333582
                                 0.246792  0.461358  0.004743  0.016837 -0.012336 -0.001264  0.000224  0.000001  0.000000  0.000020
                                 0.000000  0.000139  0.000000  0.000439  0.000000  0.001673  0.000000  0.005042  0.000000  0.003286
                                 0.000000 -0.001053  0.000000 -0.001132  0.000000 -0.000835 -0.000000  0.000601  0.000000 -0.000416
                                -0.000000  0.000219  0.000000 -0.000072 -0.000000  0.000000  0.000065  0.000049  0.000000 -0.000010
                                -0.000220 -0.000000 -0.000081 -0.000313

   5.5   +    -3.5976  -88.6319  0.000000  0.000000 -0.000000  0.000000  0.000000  0.000000  0.000000  0.000000  0.000000  0.000000
                                 0.000000  0.000000  0.000000  0.000000  0.000000  0.000000  0.000000 -0.000000 -0.000000  0.000000
                                 0.000000 -0.000000 -0.000000  0.000000 -0.000000  0.000000 -0.000000 -0.000000  0.000000  0.000000
                                -0.000000 -0.000000 -0.000000 -0.000000  0.000000  0.000000 -0.000000 -0.000000  0.000991 -0.000000
                                 0.016997 -0.000000  0.108539 -0.000000  0.295931 -0.000000  0.404351 -0.000000  0.341513 -0.000000
                                 0.109922 -0.000000  0.033848 -0.000000  0.058948  0.000000 -0.030225 -0.000000  0.019275  0.000000
                                -0.013176 -0.000000  0.006890  0.000000 -0.002273  0.001498  0.000000  0.000000  0.002113  0.000000
                                 0.000000  0.001114  0.000000  0.000000

   6.5   0    -2.3676  -83.3045 -0.000000 -0.000000 -0.000000 -0.000000 -0.000000 -0.000000 -0.000000 -0.000000 -0.000000 -0.000000
                                -0.000000 -0.000002 -0.000007 -0.000025 -0.000072 -0.000119 -0.000032  0.000177  0.000193 -0.000586
                                -0.000706 -0.000559 -0.001705 -0.000212  0.000003  0.000003  0.000093  0.000249  0.000266  0.000398
                                -0.001514 -0.002475 -0.000003 -0.000007  0.000006  0.000001 -0.000000  0.000904  0.000000  0.015616
                                 0.000000  0.099150  0.000000  0.274405  0.000000  0.399881  0.000000  0.379999  0.000000  0.174539
                                 0.000000  0.022593  0.000000  0.034348  0.000000 -0.031434 -0.000000  0.029288  0.000000 -0.020256
                                -0.000000  0.010735  0.000000 -0.003570 -0.000000  0.000000 -0.000721 -0.000125  0.000000 -0.001112
                                -0.000219  0.000000 -0.000743 -0.000098

   7.5   0    -1.1218  -23.4137  0.000000  0.000000  0.000000  0.000000  0.000000  0.000000  0.000001  0.000005  0.000011  0.000062
                                 0.000040  0.000331  0.001292  0.004479  0.013104  0.021588  0.006727 -0.027871 -0.027105  0.131338
                                 0.027183 -0.082638 -0.127941  0.777400  0.472681 -0.000514 -0.021008 -0.059733  0.006566  0.160285
                                -0.178462 -0.440233  0.005352  0.019684 -0.014453 -0.001376  0.000238  0.000002 -0.000000  0.000029
                                -0.000000  0.000180 -0.000000  0.000480 -0.000000  0.000294  0.000000 -0.001294  0.000000 -0.000931
                                 0.000000  0.000448 -0.000000  0.000460 -0.000000  0.001650 -0.000000  0.000727 -0.000000  0.000071
                                -0.000000 -0.000026  0.000000  0.000010 -0.000000 -0.000000  0.000026 -0.000101  0.000000 -0.000103
                                 0.000280  0.000000 -0.000155  0.000364

                                   1 3d1+    1 3d1+    1 3d1+    1 3d1+    1 3d1+    1 3d1+    1 3d1+    1 3d1+    1 3d1+    1 3d1+ 
                                   1 3d1+    1 3d1+    1 3d1+    1 3d1+    1 3d1+    1 3d1+    1 3d1+    1 3d1+    1 3d1+    1 3d1+ 
                                   1 3d1+    1 3d1+    1 3d1+    1 3d1+    1 5g1+    1 5g3+    1 5g1+    1 5g3+    1 5g1+    1 5g3+ 
                                   1 5g1+    1 5g3+    1 5g1+    1 5g3+    1 5g1+    1 5g3+    1 5g1+    1 5g3+    1 5g1+    1 5g3+ 
                                   1 5g1+    1 5g3+ 

   1.6   2   -48.7582 -262.6228  0.000037  0.000858  0.006912  0.034919  0.136003  0.327251  0.479556  0.411502 -0.077906  0.009909
                                 0.005609  0.000630 -0.078036 -0.239898  0.211077 -0.007895 -0.002044 -0.000520  0.000435 -0.000281
                                 0.000160 -0.000058  0.000025 -0.000007  0.000783  0.000298 -0.000261  0.000034  0.000391  0.000138
                                -0.000214 -0.000046  0.000150  0.000039 -0.000092 -0.000023  0.000053  0.000013 -0.000027 -0.000007
                                 0.000009  0.000002

   2.6   2    -8.9405 -107.7109 -0.000018 -0.000409 -0.003358 -0.016964 -0.068090 -0.163352 -0.245252 -0.257446  0.928984  0.398930
                                 0.084215  0.006889  0.101770  0.574840 -0.682633  0.039959 -0.009810 -0.005696  0.004867 -0.003204
                                 0.001843 -0.000671  0.000286 -0.000081  0.001877  0.000907  0.002363  0.000803  0.002438  0.001386
                                 0.000424  0.000284  0.000266  0.000204 -0.000117 -0.000086  0.000070  0.000052 -0.000036 -0.000026
                                 0.000012  0.000009

   3.6   0    -1.6745  -39.9634 -0.000006 -0.000135 -0.001109 -0.005626 -0.022609 -0.054520 -0.078135 -0.051610  0.297889  0.176644
                                 0.014474 -0.465895  0.028726  0.153711 -0.164451 -0.150020 -0.472648 -0.111033 -0.012303  0.006782
                                -0.004717  0.001902 -0.000841  0.000243  0.000594  0.000298  0.000360  0.000007 -0.000954 -0.000446
                                -0.002401 -0.000903 -0.001791 -0.000485 -0.000851 -0.000232 -0.000039  0.000025 -0.000040 -0.000028
                                 0.000015  0.000010

   4.6   0    -0.8162  -19.0571 -0.000003 -0.000066 -0.000537 -0.002729 -0.010946 -0.026501 -0.036567 -0.012878  0.122928  0.096359
                                 0.037204 -0.282898  0.011017  0.053125 -0.046935 -0.108685 -0.315709  0.286516  0.620474  0.286307
                                -0.035526  0.013454 -0.005423  0.001505  0.000283  0.000141  0.000151 -0.000008 -0.000537 -0.000218
                                -0.001274 -0.000450 -0.001028 -0.000356 -0.000371 -0.000368  0.000454 -0.000199  0.000233 -0.000079
                                 0.000018  0.000005

                                   1 3d1-    1 3d1-    1 3d1-    1 3d1-    1 3d1-    1 3d1-    1 3d1-    1 3d1-    1 3d1-    1 3d1- 
                                   1 3d1-    1 3d1-    1 3d1-    1 3d1-    1 3d1-    1 3d1-    1 3d1-    1 3d1-    1 3d1-    1 3d1- 
                                   1 3d1-    1 3d1-    1 3d1-    1 3d1-    1 5g1-    1 5g3-    1 5g1-    1 5g3-    1 5g1-    1 5g3- 
                                   1 5g1-    1 5g3-    1 5g1-    1 5g3-    1 5g1-    1 5g3-    1 5g1-    1 5g3-    1 5g1-    1 5g3- 
                                   1 5g1-    1 5g3- 

   1.7   2   -48.7582 -262.6228  0.000037  0.000858  0.006912  0.034919  0.136003  0.327251  0.479556  0.411502 -0.077906  0.009909
                                 0.005609  0.000630 -0.078036 -0.239898  0.211077 -0.007895 -0.002044 -0.000520  0.000435 -0.000281
                                 0.000160 -0.000058  0.000025 -0.000007  0.000783 -0.000298 -0.000261 -0.000034  0.000391 -0.000138
                                -0.000214  0.000046  0.000150 -0.000039 -0.000092  0.000023  0.000053 -0.000013 -0.000027  0.000007
                                 0.000009 -0.000002

   2.7   2    -8.9405 -107.7109 -0.000018 -0.000409 -0.003358 -0.016964 -0.068090 -0.163352 -0.245252 -0.257446  0.928984  0.398930
                                 0.084215  0.006889  0.101770  0.574840 -0.682633  0.039959 -0.009810 -0.005696  0.004867 -0.003204
                                 0.001843 -0.000671  0.000286 -0.000081  0.001877 -0.000907  0.002363 -0.000803  0.002438 -0.001386
                                 0.000424 -0.000284  0.000266 -0.000204 -0.000117  0.000086  0.000070 -0.000052 -0.000036  0.000026
                                 0.000012 -0.000009

   3.7   0    -1.6745  -39.9634 -0.000006 -0.000135 -0.001109 -0.005626 -0.022609 -0.054520 -0.078135 -0.051610  0.297889  0.176644
                                 0.014474 -0.465895  0.028726  0.153711 -0.164451 -0.150020 -0.472648 -0.111033 -0.012303  0.006782
                                -0.004717  0.001902 -0.000841  0.000243  0.000594 -0.000298  0.000360 -0.000007 -0.000954  0.000446
                                -0.002401  0.000903 -0.001791  0.000485 -0.000851  0.000232 -0.000039 -0.000025 -0.000040  0.000028
                                 0.000015 -0.000010

   4.7   0    -0.8162  -19.0571 -0.000003 -0.000066 -0.000537 -0.002729 -0.010946 -0.026501 -0.036567 -0.012878  0.122928  0.096359
                                 0.037204 -0.282898  0.011017  0.053125 -0.046935 -0.108685 -0.315709  0.286516  0.620474  0.286307
                                -0.035526  0.013454 -0.005423  0.001505  0.000283 -0.000141  0.000151  0.000008 -0.000537  0.000218
                                -0.001274  0.000450 -0.001028  0.000356 -0.000371  0.000368  0.000454  0.000199  0.000233  0.000079
                                 0.000018 -0.000005

                                   1 4f2-    1 4f2-    1 4f2-    1 4f2-    1 4f2-    1 4f2-    1 4f2-    1 4f2-    1 4f2-    1 4f2- 
                                   1 4f2-    1 4f2-    1 4f2-    1 4f2-    1 6h4-    1 6h2-    1 6h4-    1 6h2-    1 6h4-    1 6h2- 


   1.8   0    -2.3742  -83.3453  0.000904  0.015623  0.099197  0.274517  0.399895  0.379773  0.173917  0.022720  0.034645 -0.031515
                                 0.029199 -0.020197  0.010703 -0.003559 -0.000000  0.001212 -0.000000  0.001835 -0.000000  0.001197

   2.8   0    -0.7890  -21.6875 -0.000204 -0.003357 -0.022047 -0.055237 -0.048780 -0.017503  0.097911 -0.018328 -0.047291  0.371382
                                 0.571165  0.094940  0.021788 -0.006726  0.000000 -0.000231  0.000000 -0.000242 -0.000000  0.000284

 HOMO      5.5    -3.597610 =     -97.8959eV
 LUMO      1.8    -2.374194 =     -64.6051eV
 LUMO-HOMO         1.223416 =      33.2908eV


 **********************************************************************************************************************************
 DATASETS  * FILE   NREC   LENGTH (MB)   RECORD NAMES
              1      18       21.41       500      610      700      900      950      970     1000      129      960     1100   
                                          VAR    BASINP    GEOM    SYMINP    ZMAT    AOBASIS   BASIS     P2S    ABASIS      S 
                                         1400     1410     1200     1210     1080     1600     1650     1700   
                                           T        V       H0       H01     AOSYM     SMH    MOLCAS    OPER   

              2       5        6.41       200      700     1000      520     4202   
                                        OPTIONS   GEOM     BASIS   MCVARS     RHF  

 PROGRAMS   *        TOTAL       RHF       INT
 CPU TIMES  *       457.74      3.47    453.91
 REAL TIME  *       467.26 SEC
 DISK USED  *        11.32 GB      
 SF USED    *         0.14 MB      
 GA USED    *         0.00 MB       (max)       0.00 MB       (current)
 **********************************************************************************************************************************


 PROGRAM * POP (Mulliken population analysis)

 
 Density matrix read from record         4202.2  Type=RHF/CHARGE (state 1.5)
 
 Population analysis by basis function type

 Unique atom        s        p        d        f        g    Total    Charge
   1  GD      9.99982 23.99972 19.99997  5.00025  0.00021 59.00000  + 5.00000


 **********************************************************************************************************************************
 DATASETS  * FILE   NREC   LENGTH (MB)   RECORD NAMES
              1      18       21.41       500      610      700      900      950      970     1000      129      960     1100   
                                          VAR    BASINP    GEOM    SYMINP    ZMAT    AOBASIS   BASIS     P2S    ABASIS      S 
                                         1400     1410     1200     1210     1080     1600     1650     1700   
                                           T        V       H0       H01     AOSYM     SMH    MOLCAS    OPER   

              2       5        6.41       200      700     1000      520     4202   
                                        OPTIONS   GEOM     BASIS   MCVARS     RHF  

 PROGRAMS   *        TOTAL       POP       RHF       INT
 CPU TIMES  *       457.74      0.00      3.47    453.91
 REAL TIME  *       467.29 SEC
 DISK USED  *        11.32 GB      
 SF USED    *         0.14 MB      
 GA USED    *         0.00 MB       (max)       0.00 MB       (current)
 **********************************************************************************************************************************


 PROGRAM * RHF-SCF (OPEN SHELL)       Authors: W. Meyer, H.-J. Werner


 NUMBER OF ELECTRONS:      32+   27-    SPACE SYMMETRY=5    SPIN SYMMETRY: Sextet  
 CONVERGENCE THRESHOLDS:    1.00E-05 (Density)    1.18E-07 (Energy)
 MAX. NUMBER OF ITERATIONS:        0
 INTERPOLATION TYPE:            DIIS
 INTERPOLATION STEPS:              2 (START)      1 (STEP)
 LEVEL SHIFTS:                 -0.60 (CLOSED) -0.30 (OPEN) 

 Number of closed-shell orbitals:   27 (   9   4   4   2   4   2   2   0 )
 Number of open-shell orbitals:      5 (   0   2   2   0   1   0   0   0 )


 Molecular orbitals read from record     4202.2  Type=RHF/CANONICAL (state 1.5)

 Molecular orbital dump at record        2117.2

 ITERATION    DDIFF          GRAD             ENERGY        2-EL.EN.            DIPOLE MOMENTS         DIIS   ORB.
    1      0.000D+00      0.000D+00    -10815.05255501   7767.589395    0.00000    0.00000    0.00000    0    start

 Final alpha occupancy:   9   6   6   2   5   2   2   0
 Final beta  occupancy:   9   4   4   2   4   2   2   0

 !RHF STATE 1.5 Energy               -10815.0525550124    
 Nuclear energy                         0.00000000
 One-electron energy               -14698.84725243
 Two-electron energy                 3883.79469742
 Virial quotient                       -1.00000391
 !RHF STATE 1.5 Dipole moment           0.00000000     0.00000000     0.00000000
 Dipole moment /Debye                   0.00000000     0.00000000     0.00000000

 Orbital energies:

         1.1          2.1          3.1          4.1          5.1          6.1          7.1          8.1          9.1         10.1
  -1749.981696  -285.353815   -66.899393   -48.743278   -48.765491   -16.206577    -8.945169    -8.947504    -4.164332    -1.670973

        11.1
     -1.677013

         1.2          2.2          3.2          4.2          5.2          6.2          7.2          8.2
   -271.113301   -60.493892   -13.591467    -3.267424    -3.565915    -3.660978    -1.117587    -0.803706

         1.3          2.3          3.3          4.3          5.3          6.3          7.3          8.3
   -271.113301   -60.493892   -13.591467    -3.267424    -3.565915    -3.660978    -1.117587    -0.803706

         1.4          2.4          3.4          4.4
    -48.735929    -8.917589    -1.667437    -0.814354

         1.5          2.5          3.5          4.5          5.5          6.5          7.5
   -271.124526   -60.542540   -13.650071    -3.295688    -3.597610    -2.367621    -1.121774

         1.6          2.6          3.6          4.6
    -48.758182    -8.940545    -1.674510    -0.816167

         1.7          2.7          3.7          4.7
    -48.758182    -8.940545    -1.674510    -0.816167

         1.8          2.8
     -2.374194    -0.788964

 HOMO      5.5    -3.597610 =     -97.8959eV
 LUMO      1.8    -2.374194 =     -64.6051eV
 LUMO-HOMO         1.223416 =      33.2908eV


 **********************************************************************************************************************************
 DATASETS  * FILE   NREC   LENGTH (MB)   RECORD NAMES
              1      18       21.41       500      610      700      900      950      970     1000      129      960     1100   
                                          VAR    BASINP    GEOM    SYMINP    ZMAT    AOBASIS   BASIS     P2S    ABASIS      S 
                                         1400     1410     1200     1210     1080     1600     1650     1700   
                                           T        V       H0       H01     AOSYM     SMH    MOLCAS    OPER   

              2       6       10.32       200      700     1000      520     4202     2117   
                                        OPTIONS   GEOM     BASIS   MCVARS     RHF      RHF  

 PROGRAMS   *        TOTAL       RHF       POP       RHF       INT
 CPU TIMES  *       458.00      0.25      0.00      3.47    453.91
 REAL TIME  *       467.62 SEC
 DISK USED  *        11.32 GB      
 SF USED    *         0.14 MB      
 GA USED    *         0.00 MB       (max)       0.00 MB       (current)
 **********************************************************************************************************************************
 SETTING SCF(9)         =    -10815.05255501  AU                              
 Output type csv         
                                                                                                                                                                                                                                                                

          SCF
        0.00000
        0.00000
        0.00000
        0.00000
        0.00000
        0.00000
        0.00000
        0.00000
   -10815.05256
                                                  

 RHF/USERDEF energy= -10815.052555012400

        RHF-SCF         RHF-SCF 
 -10815.05255501 -10815.05255501
 **********************************************************************************************************************************
 Molpro calculation terminated
 Variable memory released
