
 Primary working directories    : /global/cscratch1/sd/haihan
 Secondary working directories  : /global/cscratch1/sd/haihan
 Wavefunction directory         : /global/homes/h/haihan/Research/ECP/f_group_element_ecps/Lu/Molpro/atom/ECP46_1/wfu/
 Main file repository           : /global/cscratch1/sd/haihan/

 SHA1      : 19cd028119e0e09f93f0674bd8af7968d9b3eff6
 NAME      : 2015.1.36
 ARCHNAME  : linux/x86_64
 FC        : /opt/cray/pe/craype/2.5.14/bin/ftn
 BLASLIB   : -L/opt/intel/compilers_and_libraries_2018.1.163/linux/mkl/lib/intel64 -Wl,-_start-group -lmkl_intel_ilp64 -lmkl_intel_thread -lmkl_core -Wl,-_end-group -liomp5
 id        : lbl

 Nodes     nprocs
 nid01406    11
 Number of processes for MPI-2 version of Molpro:   nprocs(total)=   12   nprocs(compute)=   11   nprocs(helper)=    1

 Using customized tuning parameters: mindgm=7; mindgv=16; mindgc=1; mindgr=1; noblas=0; minvec=7
 default implementation of scratch files=sf  

 ***,Calculation for Lu atom, singlet and triplet
 memory,1,g
 
 gthresh,twoint=1.e-15
 gthresh,oneint=1.e-15
 
 
 geometry={
 1
 Lu
 Lu  0.0 0.0 0.0
 }
 
 basis={
 ECP,Lu,46,4,0;
 4                                                                               !ul
 1,    4.526254,   25.000000
 3,    3.879308,   113.15635
 2,    4.406058,  -85.722649
 2,    1.899664,   -3.133952
 2                                                                               !s
 2,    8.996757,  161.119164
 2,    5.104371,   89.334835
 2                                                                               !p
 2,    7.640657,   88.693021
 2,    3.878305,   57.109488
 2                                                                               !d
 2,    7.456305,   55.901690
 2,    2.530445,   29.364333
 2                                                                               !f
 2,    4.939345,  -23.952530
 2,    3.912490,   -7.090915
 Including file /global/u2/h/haihan/Research/ECP/f_group_element_ecps/Lu/Molpro/atom/ECP46_1/3/../aug-cc-pwCVTZ.basis
 }
 
 
 
 Including file /global/u2/h/haihan/Research/ECP/f_group_element_ecps/Lu/Molpro/atom/ECP46_1/3/../Lu46_states_ecp.proc
 
 do i=3,3
     if (i.eq.1) then
         Id1s2
     else if (i.eq.2) then
         Ip1s2
     else if (i.eq.3) then
         IEd2s1
     else if (i.eq.4) then
         IEf1s2
     else if (i.eq.5) then
         IIds2
     else if (i.eq.6) then
         IId1s1
     else if (i.eq.7) then
         IIIds1
     else if (i.eq.8) then
         IIIp1
     else if (i.eq.9) then
         IIId1
     else if (i.eq.10) then
         IIIEf1
     else if (i.eq.11) then
         VIp6
     else if (i.eq.12) then
         VIIp5
     else if (i.eq.13) then
         VIIIp4
     else if (i.eq.14) then
         IXp3
     else if (i.eq.15) then
         Xp
     else if (i.eq.16) then
         XIds2
     else if (i.eq.17) then
         IIIEf2
     endif
     scf(i)=energy
     _CC_NORM_MAX=2.0
     {rccsd(t),shifts=0.5,shiftp=0.5,thrdis=1.0;diis,1,1,15,1;maxit,100;core}
     ccsd(i)=energy
 enddo
 
 table,scf,ccsd
 type,csv
 save

 Variables initialized (889), CPU time= 0.00 sec
 Commands  initialized (702), CPU time= 0.01 sec, 572 directives.
 Default parameters read. Elapsed time= 0.18 sec

 Checking input...
 Passed
1


                                         ***  PROGRAM SYSTEM MOLPRO  ***
                                       Copyright, TTI GmbH Stuttgart, 2015
                                    Version 2015.1 linked Dec 29 2018 15:55:43


 **********************************************************************************************************************************
 LABEL *   Calculation for Lu atom, singlet and triplet                                  
  64 bit mpp version                                                                     DATE: 14-Apr-23          TIME: 11:06:21  
 **********************************************************************************************************************************

 SHA1:             19cd028119e0e09f93f0674bd8af7968d9b3eff6
 **********************************************************************************************************************************

 THRESHOLDS:

 ZERO    =  1.00D-12  ONEINT  =  1.00D-12  TWOINT  =  1.00D-15  PREFAC  =  1.00D-14  LOCALI  =  1.00D-09  EORDER  =  1.00D-04
 ENERGY  =  0.00D+00  ETEST   =  0.00D+00  EDENS   =  0.00D+00  THRDEDEF=  1.00D-06  GRADIENT=  1.00D-02  STEP    =  1.00D-03
 ORBITAL =  1.00D-05  CIVEC   =  1.00D-05  COEFF   =  1.00D-04  PRINTCI =  5.00D-02  PUNCHCI =  9.90D+01  OPTGRAD =  3.00D-04
 OPTENERG=  1.00D-06  OPTSTEP =  3.00D-04  THRGRAD =  1.00D-10  COMPRESS=  1.00D-11  VARMIN  =  1.00D-07  VARMAX  =  1.00D-03
 THRDOUB =  0.00D+00  THRDIV  =  1.00D-05  THRRED  =  1.00D-07  THRPSP  =  1.00D+00  THRDC   =  1.00D-10  THRCS   =  1.00D-10
 THRNRM  =  1.00D-08  THREQ   =  0.00D+00  THRDE   =  1.00D+00  THRREF  =  1.00D-05  SPARFAC =  1.00D+00  THRDLP  =  1.00D-07
 THRDIA  =  1.00D-10  THRDLS  =  1.00D-07  THRGPS  =  0.00D+00  THRKEX  =  0.00D+00  THRDIS  =  2.00D-01  THRVAR  =  1.00D-10
 THRLOC  =  1.00D-06  THRGAP  =  1.00D-06  THRLOCT = -1.00D+00  THRGAPT = -1.00D+00  THRORB  =  1.00D-06  THRMLTP =  0.00D+00
 THRCPQCI=  1.00D-10  KEXTA   =  0.00D+00  THRCOARS=  0.00D+00  SYMTOL  =  1.00D-06  GRADTOL =  1.00D-06  THROVL  =  1.00D-08
 THRORTH =  1.00D-08  GRID    =  1.00D-06  GRIDMAX =  1.00D-03  DTMAX   =  0.00D+00  THROCCDE=  1.00D-01  THROCCDE=  1.00D-01



 THRESHOLDS:

 ZERO    =  1.00D-12  ONEINT  =  1.00D-15  TWOINT  =  1.00D-15  PREFAC  =  1.00D-14  LOCALI  =  1.00D-09  EORDER  =  1.00D-04
 ENERGY  =  0.00D+00  ETEST   =  0.00D+00  EDENS   =  0.00D+00  THRDEDEF=  1.00D-06  GRADIENT=  1.00D-02  STEP    =  1.00D-03
 ORBITAL =  1.00D-05  CIVEC   =  1.00D-05  COEFF   =  1.00D-04  PRINTCI =  5.00D-02  PUNCHCI =  9.90D+01  OPTGRAD =  3.00D-04
 OPTENERG=  1.00D-06  OPTSTEP =  3.00D-04  THRGRAD =  1.00D-10  COMPRESS=  1.00D-11  VARMIN  =  1.00D-07  VARMAX  =  1.00D-03
 THRDOUB =  0.00D+00  THRDIV  =  1.00D-05  THRRED  =  1.00D-07  THRPSP  =  1.00D+00  THRDC   =  1.00D-10  THRCS   =  1.00D-10
 THRNRM  =  1.00D-08  THREQ   =  0.00D+00  THRDE   =  1.00D+00  THRREF  =  1.00D-05  SPARFAC =  1.00D+00  THRDLP  =  1.00D-07
 THRDIA  =  1.00D-10  THRDLS  =  1.00D-07  THRGPS  =  0.00D+00  THRKEX  =  0.00D+00  THRDIS  =  2.00D-01  THRVAR  =  1.00D-10
 THRLOC  =  1.00D-06  THRGAP  =  1.00D-06  THRLOCT = -1.00D+00  THRGAPT = -1.00D+00  THRORB  =  1.00D-06  THRMLTP =  0.00D+00
 THRCPQCI=  1.00D-10  KEXTA   =  0.00D+00  THRCOARS=  0.00D+00  SYMTOL  =  1.00D-06  GRADTOL =  1.00D-06  THROVL  =  1.00D-08
 THRORTH =  1.00D-08  GRID    =  1.00D-06  GRIDMAX =  1.00D-03  DTMAX   =  0.00D+00  THROCCDE=  1.00D-01  THROCCDE=  1.00D-01



Geometry recognized as XYZ


 Variable memory set to 1000000000 words,  buffer space   230000 words

 SETTING BASIS          =    USERDEF

 DO I                   =         3.00000000   

 Running procedure=IED2S1


 Recomputing integrals since basis changed


 Using spherical harmonics



 PROGRAM * SEWARD (Integral evaluation for generally contracted gaussian basis sets)     Author: Roland Lindh, 1990

 Geometry written to block  1 of record 700

 Orientation using atomic masses  
 Molecule type: Atom
 Symmetry elements: X,Y,Z
 Rotational constants:       0.0000000      0.0000000      0.0000000 GHz  (calculated with average atomic masses)

 Point group  D2h 



 ATOMIC COORDINATES

 NR  ATOM    CHARGE       X              Y              Z

   1  LU     25.00    0.000000000    0.000000000    0.000000000

 NUCLEAR CHARGE:                   25
 NUMBER OF PRIMITIVE AOS:         516
 NUMBER OF SYMMETRY AOS:          389
 NUMBER OF CONTRACTIONS:          389   (  87Ag  +  63B3u +  63B2u +  31B1g +  63B1u +  31B2g +  31B3g +  20Au  )
 NUMBER OF CORE ORBITALS:           0   (   0Ag  +   0B3u +   0B2u +   0B1g +   0B1u +   0B2g +   0B3g +   0Au  )
 NUMBER OF VALENCE ORBITALS:       17   (   4Ag  +   3B3u +   3B2u +   1B1g +   3B1u +   1B2g +   1B3g +   1Au  )


 NUCLEAR REPULSION ENERGY    0.00000000

 EXTRA SYMMETRY OF AOS IN SYMMETRY 1:   1 1 1 1 1 1 1 1 1 1   1 1 1 1 1 1 1 1 1 1   1 1 1 1 1 1 1 1 1 1   1 2 3 2 3 2 3 2 3 2
                                        3 2 3 2 3 2 3 2 3 2   3 2 3 2 3 2 3 2 3 2   3 2 3 2 3 2 3 2 3 4   5 6 4 5 6 4 5 6 4 5
                                        6 4 5 6 4 5 6
 EXTRA SYMMETRY OF AOS IN SYMMETRY 2:   1 1 1 1 1 1 1 1 1 1   1 1 1 1 1 1 1 1 1 1   1 1 1 1 1 1 2 3 2 3   2 3 2 3 2 3 2 3 2 3
                                        2 3 2 3 2 3 2 3 2 3   2 3 2 3 4 5 6 4 5 6   4 5 6
 EXTRA SYMMETRY OF AOS IN SYMMETRY 3:   1 1 1 1 1 1 1 1 1 1   1 1 1 1 1 1 1 1 1 1   1 1 1 1 1 1 2 3 2 3   2 3 2 3 2 3 2 3 2 3
                                        2 3 2 3 2 3 2 3 2 3   2 3 2 3 4 5 6 4 5 6   4 5 6
 EXTRA SYMMETRY OF AOS IN SYMMETRY 4:   1 1 1 1 1 1 1 1 1 1   1 1 1 1 1 1 1 1 1 2   3 2 3 2 3 2 3 2 3 2   3
 EXTRA SYMMETRY OF AOS IN SYMMETRY 5:   1 1 1 1 1 1 1 1 1 1   1 1 1 1 1 1 1 1 1 1   1 1 1 1 1 1 2 3 2 3   2 3 2 3 2 3 2 3 2 3
                                        2 3 2 3 2 3 2 3 2 3   2 3 2 3 4 5 6 4 5 6   4 5 6
 EXTRA SYMMETRY OF AOS IN SYMMETRY 6:   1 1 1 1 1 1 1 1 1 1   1 1 1 1 1 1 1 1 1 2   3 2 3 2 3 2 3 2 3 2   3
 EXTRA SYMMETRY OF AOS IN SYMMETRY 7:   1 1 1 1 1 1 1 1 1 1   1 1 1 1 1 1 1 1 1 2   3 2 3 2 3 2 3 2 3 2   3
 EXTRA SYMMETRY OF AOS IN SYMMETRY 8:   1 1 1 1 1 1 1 1 1 1   1 1 1 1 2 3 2 3 2 3

 Eigenvalues of metric

         1 0.334E-06 0.975E-06 0.340E-05 0.187E-04 0.482E-04 0.711E-04 0.812E-04 0.812E-04
         2 0.961E-06 0.179E-05 0.251E-04 0.110E-03 0.535E-03 0.536E-03 0.536E-03 0.156E-02
         3 0.961E-06 0.179E-05 0.251E-04 0.110E-03 0.535E-03 0.536E-03 0.536E-03 0.156E-02
         4 0.812E-04 0.144E-03 0.238E-02 0.635E-02 0.105E-01 0.241E-01 0.241E-01 0.278E-01
         5 0.961E-06 0.179E-05 0.251E-04 0.110E-03 0.535E-03 0.536E-03 0.536E-03 0.156E-02
         6 0.812E-04 0.144E-03 0.238E-02 0.635E-02 0.105E-01 0.241E-01 0.241E-01 0.278E-01
         7 0.812E-04 0.144E-03 0.238E-02 0.635E-02 0.105E-01 0.241E-01 0.241E-01 0.278E-01
         8 0.536E-03 0.145E-01 0.220E-01 0.558E-01 0.111E+00 0.176E+00 0.268E+00 0.268E+00


 Contracted 2-electron integrals neglected if value below      1.0D-15
 AO integral compression algorithm  1   Integral accuracy      1.0D-15

     2532.835 MB (compressed) written to integral file ( 50.0%)

     Node minimum: 171.180 MB, node maximum: 300.155 MB


 NUMBER OF SORTED TWO-ELECTRON INTEGRALS:   33535790.     BUFFER LENGTH:  32768
 NUMBER OF SEGMENTS:   2  SEGMENT LENGTH:   31996385      RECORD LENGTH: 524288

 Memory used in sort:      32.55 MW

 SORT1 READ   632589735. AND WROTE    22214328. INTEGRALS IN     65 RECORDS. CPU TIME:    18.18 SEC, REAL TIME:    21.69 SEC
 SORT2 READ   243471792. AND WROTE   368240910. INTEGRALS IN   9779 RECORDS. CPU TIME:     4.17 SEC, REAL TIME:     5.97 SEC

 Node minimum:    33379029.  Node maximum:    33708496. integrals

 OPERATOR DM      FOR CENTER  0  COORDINATES:    0.000000    0.000000    0.000000


 **********************************************************************************************************************************
 DATASETS  * FILE   NREC   LENGTH (MB)   RECORD NAMES
              1      19       20.94       500      610      700      900      950      970     1000      129      960     1100   
                                          VAR    BASINP    GEOM    SYMINP    ZMAT    AOBASIS   BASIS     P2S    ABASIS      S 
                                         1400     1410     1420     1200     1210     1080     1600     1650     1700   
                                           T        V       ECP      H0       H01     AOSYM     SMH    MOLCAS    OPER   

 PROGRAMS   *        TOTAL       INT
 CPU TIMES  *        69.87     69.59
 REAL TIME  *        77.80 SEC
 DISK USED  *         5.44 GB      
 GA USED    *         0.00 MB       (max)       0.00 MB       (current)
 **********************************************************************************************************************************


 PROGRAM * RHF-SCF (OPEN SHELL)       Authors: W. Meyer, H.-J. Werner


 NUMBER OF ELECTRONS:      14+   11-    SPACE SYMMETRY=1    SPIN SYMMETRY: Quartet 
 CONVERGENCE THRESHOLDS:    1.00E-05 (Density)    1.00E-07 (Energy)
 MAX. NUMBER OF ITERATIONS:      150
 INTERPOLATION TYPE:            DIIS
 INTERPOLATION STEPS:              2 (START)      1 (STEP)
 LEVEL SHIFTS:                 -0.60 (CLOSED) -0.30 (OPEN) 

 Number of closed-shell orbitals:   11 (   1   3   3   0   3   0   0   1 )
 Number of open-shell orbitals:      3 (   3   0   0   0   0   0   0   0 )


 
 Extra symmetries of mos in symmetry 1:   1   1   3   2
 Guess basis ATOMIC-GUESS,LU=ECP46_GUESS not found. No density guess!


 Molecular orbital dump at record        4202.2

 ITERATION    DDIFF          GRAD             ENERGY        2-EL.EN.            DIPOLE MOMENTS         DIIS   ORB.
    1      0.000D+00      0.000D+00      -160.49295679    603.781661    0.00000    0.00000    0.00000    0    start
    2      0.000D+00      0.407D+00       -94.91600069     44.190923    0.00000    0.00000    0.00000    0    diag,B
    3      0.103D+03      0.278D+00      -166.79390035    590.006400    0.00000    0.00000    0.00000    1    diag,B
    4      0.103D+03      0.385D+00      -194.16748968    515.440450    0.00000    0.00000    0.00000    2    diag,B
    5      0.318D+00      0.212D+00      -207.29540098    446.465424    0.00000    0.00000    0.00000    3    diag,B
    6      0.171D+00      0.838D-01      -210.46102849    391.271321    0.00000    0.00000    0.00000    4    diag,B
    7      0.642D-01      0.115D-01      -210.57474417    382.677417    0.00000    0.00000    0.00000    5    diag,B
    8      0.177D-01      0.109D-01      -210.61791366    383.568853    0.00000    0.00000    0.00000    6    diag,B
    9      0.862D-02      0.479D-02      -210.63148803    384.327520    0.00000    0.00000    0.00000    7    diag,B
   10      0.644D-02      0.436D-03      -210.63281581    384.401843    0.00000    0.00000    0.00000    8    orth
   11      0.326D-02      0.297D-03      -210.63340815    384.099012    0.00000    0.00000    0.00000    9    diag,B
   12      0.107D-02      0.181D-03      -210.63373197    384.006492    0.00000    0.00000    0.00000    9    diag,B
   13      0.892D-03      0.137D-03      -210.63399883    383.878308    0.00000    0.00000    0.00000    9    diag,B
   14      0.971D-03      0.112D-03      -210.63426447    383.868581    0.00000    0.00000    0.00000    9    diag,B
   15      0.153D-02      0.702D-04      -210.63440513    383.734115    0.00000    0.00000    0.00000    9    diag,B
   16      0.911D-03      0.666D-04      -210.63442696    383.783902    0.00000    0.00000    0.00000    9    diag,B
   17      0.427D-03      0.298D-04      -210.63443470    383.731431    0.00000    0.00000    0.00000    9    diag,B
   18      0.318D-03      0.137D-04      -210.63443544    383.750233    0.00000    0.00000    0.00000    9    diag,B
   19      0.261D-03      0.719D-05      -210.63443563    383.740173    0.00000    0.00000    0.00000    9    diag,B
   20      0.788D-04      0.300D-05      -210.63443565    383.743986    0.00000    0.00000    0.00000    9    orth
   21      0.623D-04      0.176D-05      -210.63443567    383.741477    0.00000    0.00000    0.00000    9    diag,B
   22      0.387D-04      0.511D-06      -210.63443567    383.741873    0.00000    0.00000    0.00000    9    diag,B
   23      0.146D-04      0.280D-06      -210.63443567    383.741469    0.00000    0.00000    0.00000    9    diag,B
   24      0.144D-04      0.162D-06      -210.63443567    383.741636    0.00000    0.00000    0.00000    9    diag,B
   25      0.498D-05      0.483D-07      -210.63443567    383.741592    0.00000    0.00000    0.00000    0    orth

 Final alpha occupancy:   4   3   3   0   3   0   0   1
 Final beta  occupancy:   1   3   3   0   3   0   0   1

 !RHF STATE 1.1 Energy               -210.634435671382
 Nuclear energy                         0.00000000
 One-electron energy                 -402.50523162
 Two-electron energy                  191.87079595
 Virial quotient                       -1.23327853
 !RHF STATE 1.1 Dipole moment           0.00000000     0.00000000     0.00000000
 Dipole moment /Debye                   0.00000000     0.00000000     0.00000000

 ELECTRON ORBITALS
 =================


   Orb  Occ    Energy  Couls-En    Coefficients

                                   1 1s      1 1s      1 1s      1 1s      1 1s      1 1s      1 1s      1 1s      1 1s      1 1s   
                                   1 1s      1 1s      1 1s      1 1s      1 1s      1 1s      1 1s      1 1s      1 1s      1 1s   
                                   1 1s      1 1s      1 1s      1 1s      1 1s      1 1s      1 1s      1 1s      1 1s      1 1s   
                                   1 1s      1 3d0     1 3d2+    1 3d0     1 3d2+    1 3d0     1 3d2+    1 3d0     1 3d2+    1 3d0  
                                   1 3d2+    1 3d0     1 3d2+    1 3d0     1 3d2+    1 3d0     1 3d2+    1 3d0     1 3d2+    1 3d0  
                                   1 3d2+    1 3d0     1 3d2+    1 3d0     1 3d2+    1 3d0     1 3d2+    1 3d0     1 3d2+    1 3d0  
                                   1 3d2+    1 3d0     1 3d2+    1 3d0     1 3d2+    1 3d0     1 3d2+    1 3d0     1 3d2+    1 5g0  
                                   1 5g4+    1 5g2+    1 5g0     1 5g4+    1 5g2+    1 5g0     1 5g4+    1 5g2+    1 5g0     1 5g4+ 
                                   1 5g2+    1 5g0     1 5g4+    1 5g2+    1 5g0     1 5g4+    1 5g2+ 

   1.1   2    -2.7018  -20.6954 -0.000000  0.000001 -0.000004  0.000011 -0.000032  0.000091 -0.000302  0.001712  0.005644 -0.004078
                                 0.006239 -0.012306 -0.005323  0.034478 -0.183670  0.218627 -0.123565  0.455697 -1.051818  0.088835
                                 0.962442  0.350434  0.058903 -0.035856  0.053848 -0.084291  0.062869 -0.025336  0.009801 -0.002547
                                 0.000456 -0.000000 -0.000000  0.000000  0.000000 -0.000000 -0.000000  0.000000  0.000000 -0.000000
                                -0.000000  0.000000  0.000000 -0.000000 -0.000000  0.000000  0.000000 -0.000000 -0.000000  0.000000
                                 0.000000 -0.000000 -0.000000 -0.000000 -0.000000  0.000000  0.000000 -0.000000 -0.000000  0.000000
                                 0.000000 -0.000000 -0.000000  0.000000  0.000000 -0.000000 -0.000000  0.000000  0.000000 -0.000146
                                -0.000123 -0.000000  0.000073  0.000061 -0.000000  0.002990  0.002527  0.000000 -0.002371 -0.002004
                                -0.000000  0.000966  0.000816  0.000000 -0.000312 -0.000264 -0.000000

   2.1   +    -0.1938   -6.8199  0.000000 -0.000000  0.000000 -0.000001  0.000004 -0.000011  0.000035 -0.000200 -0.000662  0.000480
                                -0.000741  0.001485  0.000623 -0.004243  0.019456 -0.017408  0.004904 -0.106744  0.310134 -0.055432
                                -0.334258 -0.255622 -0.083396  0.241359  0.563967  0.101752  0.306180  0.012420  0.012909 -0.003318
                                 0.000620  0.000000  0.000000 -0.000000 -0.000000  0.000000  0.000000 -0.000000 -0.000000  0.000000
                                 0.000000 -0.000000 -0.000000  0.000000  0.000000 -0.000000 -0.000000  0.000000  0.000000  0.000000
                                 0.000000 -0.000000 -0.000000 -0.000000 -0.000000 -0.000000 -0.000000 -0.000000  0.000000  0.000000
                                -0.000000 -0.000000  0.000000  0.000000 -0.000000 -0.000000  0.000000  0.000000 -0.000000 -0.000061
                                -0.000051 -0.000000  0.001501  0.001269  0.000000  0.012393  0.010474  0.000000 -0.008496 -0.007180
                                -0.000000  0.006253  0.005285  0.000000 -0.001772 -0.001498 -0.000000

   3.1   +    -0.3834  -12.2441  0.000000  0.000000 -0.000000  0.000000  0.000000 -0.000000  0.000000 -0.000000 -0.000000  0.000000
                                -0.000000 -0.000000  0.000000  0.000000 -0.000000  0.000000 -0.000000  0.000000 -0.000000  0.000000
                                 0.000000  0.000000 -0.000000  0.000000 -0.000000  0.000000 -0.000000  0.000000 -0.000000  0.000000
                                -0.000000 -0.000006  0.000014  0.000031 -0.000074 -0.000110  0.000262  0.000348 -0.000831 -0.001157
                                 0.002759  0.006155 -0.014674 -0.015900  0.037906  0.015169 -0.036163 -0.008122  0.019363 -0.023787
                                 0.056709  0.147339 -0.351258  0.202179 -0.481995  0.118863 -0.283370 -0.041292  0.098441  0.084244
                                -0.200837 -0.039830  0.094955  0.008428 -0.020093 -0.003126  0.007452  0.000856 -0.002041 -0.000079
                                 0.000093 -0.000291  0.000799 -0.000945  0.002950  0.004769 -0.005643  0.017615 -0.003654  0.004324
                                -0.013496  0.002139 -0.002531  0.007901 -0.000710  0.000840 -0.002623

   4.1   +    -0.3834  -12.2441 -0.000000  0.000000 -0.000000  0.000000 -0.000000  0.000000 -0.000000  0.000000  0.000000 -0.000000
                                 0.000000  0.000000 -0.000000 -0.000000  0.000000 -0.000000  0.000000 -0.000000  0.000000 -0.000000
                                 0.000000 -0.000000  0.000000 -0.000000  0.000000 -0.000000  0.000000 -0.000000  0.000000 -0.000000
                                 0.000000  0.000014  0.000006 -0.000074 -0.000031  0.000262  0.000110 -0.000831 -0.000348  0.002759
                                 0.001157 -0.014674 -0.006155  0.037906  0.015900 -0.036163 -0.015169  0.019363  0.008122  0.056709
                                 0.023787 -0.351258 -0.147339 -0.481995 -0.202179 -0.283370 -0.118863  0.098441  0.041292 -0.200837
                                -0.084244  0.094955  0.039830 -0.020093 -0.008428  0.007452  0.003126 -0.002041 -0.000856  0.000188
                                -0.000222 -0.000122 -0.001905  0.002253  0.001238 -0.011370  0.013454  0.007389  0.008711 -0.010307
                                -0.005661 -0.005100  0.006035  0.003314  0.001693 -0.002003 -0.001100

   5.1   0     0.0027   -1.0448  0.000000 -0.000000  0.000000 -0.000001  0.000003 -0.000009  0.000028 -0.000160 -0.000526  0.000377
                                -0.000568  0.001091  0.000497 -0.002931  0.016782 -0.022705  0.013961 -0.005827 -0.005003 -0.013177
                                 0.046860 -0.054660  0.207945 -0.450497  1.723646 -4.978536  6.320531 -5.931068  5.455907 -4.633002
                                 3.068400 -0.000000  0.000000  0.000000 -0.000000 -0.000000  0.000000  0.000000 -0.000000 -0.000000
                                 0.000000  0.000000 -0.000000 -0.000000  0.000000  0.000000 -0.000000 -0.000000  0.000000  0.000000
                                -0.000000 -0.000000  0.000000  0.000000 -0.000000 -0.000000  0.000000  0.000000 -0.000000 -0.000000
                                 0.000000  0.000000 -0.000000 -0.000000  0.000000  0.000000 -0.000000 -0.000000  0.000000  0.000003
                                 0.000003 -0.000000 -0.000067 -0.000056  0.000000 -0.000549 -0.000464 -0.000000  0.000383  0.000324
                                 0.000000 -0.000265 -0.000224  0.000000 -0.000053 -0.000045 -0.000000

   6.1   0     0.0114   -1.0838 -0.000000  0.000000  0.000000 -0.000000  0.000000 -0.000000  0.000000 -0.000000 -0.000000  0.000000
                                -0.000000  0.000000  0.000000 -0.000000  0.000000 -0.000000  0.000000 -0.000000  0.000000 -0.000000
                                 0.000000 -0.000000  0.000000 -0.000000  0.000000 -0.000000  0.000000 -0.000000  0.000000 -0.000000
                                 0.000000 -0.000000 -0.000001  0.000002  0.000006 -0.000007 -0.000020  0.000023  0.000061 -0.000075
                                -0.000196  0.000371  0.000976 -0.000905 -0.002385  0.000833  0.002194 -0.000482 -0.001269  0.000402
                                 0.001059 -0.000171 -0.000450  0.003583  0.009440 -0.014588 -0.038436  0.204884  0.539827 -0.479728
                                -1.263987  0.423263  1.115213 -0.314546 -0.828765  0.452236  1.191551 -0.593612 -1.564046 -0.000000
                                 0.000000  0.000001  0.000003 -0.000003 -0.000011  0.000013 -0.000015 -0.000051 -0.000010  0.000012
                                 0.000042  0.000001 -0.000001 -0.000004  0.000017 -0.000021 -0.000071

                                   1 2px     1 2px     1 2px     1 2px     1 2px     1 2px     1 2px     1 2px     1 2px     1 2px  
                                   1 2px     1 2px     1 2px     1 2px     1 2px     1 2px     1 2px     1 2px     1 2px     1 2px  
                                   1 2px     1 2px     1 2px     1 2px     1 2px     1 2px     1 4f1+    1 4f3+    1 4f1+    1 4f3+ 
                                   1 4f1+    1 4f3+    1 4f1+    1 4f3+    1 4f1+    1 4f3+    1 4f1+    1 4f3+    1 4f1+    1 4f3+ 
                                   1 4f1+    1 4f3+    1 4f1+    1 4f3+    1 4f1+    1 4f3+    1 4f1+    1 4f3+    1 4f1+    1 4f3+ 
                                   1 4f1+    1 4f3+    1 4f1+    1 4f3+    1 6h1+    1 6h3+    1 6h5+    1 6h1+    1 6h3+    1 6h5+ 
                                   1 6h1+    1 6h3+    1 6h5+ 

   1.2   2    -1.5970  -17.6294  0.000000 -0.000000  0.000002 -0.000006  0.000019 -0.000055  0.000152 -0.000418  0.001267 -0.004687
                                 0.042977 -0.113952  0.234451 -0.494154  0.632243 -0.147869 -0.673543  0.037780 -0.408711 -0.048626
                                -0.052919  0.001661  0.047758 -0.000877  0.000349 -0.000074 -0.000000  0.000000  0.000001 -0.000001
                                -0.000002  0.000002  0.000098 -0.000126  0.000006 -0.000007  0.000464 -0.000599  0.000418 -0.000539
                                 0.001212 -0.001564  0.003223 -0.004161  0.003816 -0.004926  0.000931 -0.001202 -0.000180  0.000232
                                 0.000085 -0.000109 -0.000024  0.000032  0.000008 -0.000007  0.000011  0.000450 -0.000080  0.000471
                                -0.000049  0.000041 -0.000065

   2.2   2    -0.2024  -17.4024 -0.000000  0.000000 -0.000000  0.000000 -0.000000  0.000000 -0.000000  0.000000 -0.000000  0.000000
                                -0.000000  0.000000 -0.000000  0.000000 -0.000000  0.000000 -0.000000  0.000000 -0.000000  0.000000
                                 0.000000 -0.000000 -0.000000  0.000000 -0.000000  0.000000 -0.000018 -0.000014  0.000092  0.000071
                                 0.000014  0.000011  0.034554  0.026765  0.022946  0.017774  0.170652  0.132186  0.208727  0.161679
                                 0.275633  0.213504  0.230525  0.178564  0.134986  0.104560  0.061002  0.047252 -0.005143 -0.003984
                                 0.011897  0.009215 -0.003192 -0.002473 -0.000028  0.000013  0.000029 -0.000172  0.000079  0.000178
                                -0.000099  0.000046  0.000103

   3.2   2    -0.2011  -17.2418 -0.000000  0.000000 -0.000000  0.000000 -0.000000  0.000001 -0.000004  0.000011 -0.000034  0.000124
                                -0.001182  0.003196 -0.006792  0.017607 -0.027207  0.009870  0.036409 -0.004387  0.020587 -0.027101
                                -0.028328 -0.054683  0.006018  0.000853 -0.000796  0.000211 -0.000014  0.000018  0.000072 -0.000093
                                 0.000004 -0.000005  0.026495 -0.034205  0.017432 -0.022505  0.130706 -0.168741  0.159628 -0.206078
                                 0.211400 -0.272916  0.178542 -0.230497  0.107443 -0.138709  0.050320 -0.064963 -0.003972  0.005128
                                 0.009970 -0.012871 -0.002655  0.003428 -0.000004 -0.000059  0.000023 -0.000102 -0.000399  0.000080
                                -0.000001 -0.000307  0.000136

   4.2   0     0.0051   -1.3012 -0.000000  0.000000 -0.000000  0.000001 -0.000004  0.000010 -0.000029  0.000080 -0.000240  0.000868
                                -0.006902  0.016265 -0.025483  0.024101 -0.006885  0.009607 -0.061682  0.077976 -0.073967 12.763638
                                 0.047192 -0.089723-13.084681  1.328355 -1.683045  1.782180 -0.000000  0.000000  0.000001 -0.000002
                                 0.000000 -0.000000  0.000449 -0.000580  0.000297 -0.000383  0.002217 -0.002863  0.002707 -0.003494
                                 0.003605 -0.004654  0.003045 -0.003932  0.001431 -0.001848  0.000319 -0.000412  0.000038 -0.000050
                                 0.000096 -0.000124  0.000201 -0.000259  0.000001 -0.000000  0.000001  0.000004  0.000004  0.000002
                                 0.000054 -0.000001  0.000053

   5.2   0     0.0143   -2.2780 -0.000000  0.000000 -0.000001  0.000002 -0.000008  0.000023 -0.000063  0.000174 -0.000523  0.001897
                                -0.015590  0.037849 -0.064318  0.088868 -0.078475  0.035719 -0.025872  0.129321 -0.060209 24.196779
                                 0.074163 -0.341392-25.108591  2.372817 -3.645552  1.935946  0.000001 -0.000001 -0.000003  0.000004
                                -0.000001  0.000001 -0.001139  0.001471 -0.000756  0.000976 -0.005629  0.007267 -0.006875  0.008875
                                -0.009154  0.011817 -0.007716  0.009961 -0.003519  0.004542 -0.000707  0.000912 -0.000079  0.000102
                                -0.000242  0.000312 -0.000443  0.000572 -0.000003  0.000001 -0.000003 -0.000011 -0.000009 -0.000007
                                -0.000147  0.000006 -0.000144

                                   1 2py     1 2py     1 2py     1 2py     1 2py     1 2py     1 2py     1 2py     1 2py     1 2py  
                                   1 2py     1 2py     1 2py     1 2py     1 2py     1 2py     1 2py     1 2py     1 2py     1 2py  
                                   1 2py     1 2py     1 2py     1 2py     1 2py     1 2py     1 4f1-    1 4f3-    1 4f1-    1 4f3- 
                                   1 4f1-    1 4f3-    1 4f1-    1 4f3-    1 4f1-    1 4f3-    1 4f1-    1 4f3-    1 4f1-    1 4f3- 
                                   1 4f1-    1 4f3-    1 4f1-    1 4f3-    1 4f1-    1 4f3-    1 4f1-    1 4f3-    1 4f1-    1 4f3- 
                                   1 4f1-    1 4f3-    1 4f1-    1 4f3-    1 6h1-    1 6h3-    1 6h5-    1 6h1-    1 6h3-    1 6h5- 
                                   1 6h1-    1 6h3-    1 6h5- 

   1.3   2    -1.5970  -17.6294  0.000000 -0.000000  0.000002 -0.000006  0.000019 -0.000055  0.000152 -0.000418  0.001267 -0.004687
                                 0.042977 -0.113952  0.234451 -0.494154  0.632243 -0.147869 -0.673543  0.037780 -0.408711 -0.048626
                                -0.052919  0.001661  0.047758 -0.000877  0.000349 -0.000074 -0.000000 -0.000000  0.000001  0.000001
                                -0.000002 -0.000002  0.000098  0.000126  0.000006  0.000007  0.000464  0.000599  0.000418  0.000539
                                 0.001212  0.001564  0.003223  0.004161  0.003816  0.004926  0.000931  0.001202 -0.000180 -0.000232
                                 0.000085  0.000109 -0.000024 -0.000032  0.000008  0.000007  0.000011  0.000450  0.000080  0.000471
                                -0.000049 -0.000041 -0.000065

   2.3   2    -0.2024  -17.4024  0.000000 -0.000000  0.000000 -0.000000 -0.000000  0.000000 -0.000000  0.000000 -0.000000  0.000000
                                -0.000000  0.000000 -0.000000  0.000000 -0.000000  0.000000  0.000000  0.000000 -0.000000  0.000000
                                -0.000000 -0.000000 -0.000000  0.000000 -0.000000 -0.000000 -0.000018  0.000014  0.000092 -0.000071
                                 0.000014 -0.000011  0.034554 -0.026765  0.022946 -0.017774  0.170652 -0.132186  0.208727 -0.161679
                                 0.275633 -0.213504  0.230525 -0.178564  0.134986 -0.104560  0.061002 -0.047252 -0.005143  0.003984
                                 0.011897 -0.009215 -0.003192  0.002473 -0.000028 -0.000013  0.000029 -0.000172 -0.000079  0.000178
                                -0.000099 -0.000046  0.000103

   3.3   2    -0.2011  -17.2418 -0.000000  0.000000 -0.000000  0.000000 -0.000000  0.000001 -0.000004  0.000011 -0.000034  0.000124
                                -0.001182  0.003196 -0.006792  0.017607 -0.027207  0.009870  0.036409 -0.004387  0.020587 -0.027101
                                -0.028328 -0.054683  0.006018  0.000853 -0.000796  0.000211 -0.000014 -0.000018  0.000072  0.000093
                                 0.000004  0.000005  0.026495  0.034205  0.017432  0.022505  0.130706  0.168741  0.159628  0.206078
                                 0.211400  0.272916  0.178542  0.230497  0.107443  0.138709  0.050320  0.064963 -0.003972 -0.005128
                                 0.009970  0.012871 -0.002655 -0.003428 -0.000004  0.000059  0.000023 -0.000102  0.000399  0.000080
                                -0.000001  0.000307  0.000136

   4.3   0     0.0051   -1.3012 -0.000000  0.000000 -0.000000  0.000001 -0.000004  0.000010 -0.000029  0.000080 -0.000240  0.000868
                                -0.006902  0.016265 -0.025483  0.024101 -0.006885  0.009607 -0.061682  0.077976 -0.073967 12.763638
                                 0.047192 -0.089723-13.084682  1.328355 -1.683045  1.782180 -0.000000 -0.000000  0.000001  0.000002
                                 0.000000  0.000000  0.000449  0.000580  0.000297  0.000383  0.002217  0.002863  0.002707  0.003494
                                 0.003605  0.004654  0.003045  0.003932  0.001431  0.001848  0.000319  0.000412  0.000038  0.000050
                                 0.000096  0.000124  0.000201  0.000259  0.000001  0.000000  0.000001  0.000004 -0.000004  0.000002
                                 0.000054  0.000001  0.000053

   5.3   0     0.0143   -2.2780 -0.000000  0.000000 -0.000001  0.000002 -0.000008  0.000023 -0.000063  0.000174 -0.000523  0.001897
                                -0.015590  0.037849 -0.064318  0.088868 -0.078475  0.035719 -0.025872  0.129321 -0.060209 24.196779
                                 0.074163 -0.341392-25.108591  2.372817 -3.645552  1.935946  0.000001  0.000001 -0.000003 -0.000004
                                -0.000001 -0.000001 -0.001139 -0.001471 -0.000756 -0.000976 -0.005629 -0.007267 -0.006875 -0.008875
                                -0.009154 -0.011817 -0.007716 -0.009961 -0.003519 -0.004542 -0.000707 -0.000912 -0.000079 -0.000102
                                -0.000242 -0.000312 -0.000443 -0.000572 -0.000003 -0.000001 -0.000003 -0.000011  0.000009 -0.000007
                                -0.000147 -0.000006 -0.000144

                                   1 3d2-    1 3d2-    1 3d2-    1 3d2-    1 3d2-    1 3d2-    1 3d2-    1 3d2-    1 3d2-    1 3d2- 
                                   1 3d2-    1 3d2-    1 3d2-    1 3d2-    1 3d2-    1 3d2-    1 3d2-    1 3d2-    1 3d2-    1 5g2- 
                                   1 5g4-    1 5g2-    1 5g4-    1 5g2-    1 5g4-    1 5g2-    1 5g4-    1 5g2-    1 5g4-    1 5g2- 
                                   1 5g4- 

   1.4   0     0.0113   -1.1167 -0.000000  0.000002 -0.000007  0.000022 -0.000067  0.000286 -0.000598  0.000491 -0.000369  0.003872
                                -0.017437 -0.013740 -0.058980  0.570194 -1.348744  1.180397 -0.883635  1.257552 -1.660489 -0.000006
                                -0.000000  0.000073 -0.000000  0.000471 -0.000000 -0.000369  0.000000  0.000266 -0.000000 -0.000130
                                 0.000000

   2.4   0     0.0266   -7.1382  0.000011 -0.000058  0.000206 -0.000650  0.002148 -0.011312  0.028990 -0.027492  0.014705  0.036808
                                -0.232618 -0.336151 -0.221634 -0.588793  1.153278 -1.182108  0.756211 -1.440425  0.800891 -0.000094
                                -0.000000  0.001117  0.000000  0.007149  0.000000 -0.005612 -0.000000  0.003910  0.000000 -0.001418
                                 0.000000

                                   1 2pz     1 2pz     1 2pz     1 2pz     1 2pz     1 2pz     1 2pz     1 2pz     1 2pz     1 2pz  
                                   1 2pz     1 2pz     1 2pz     1 2pz     1 2pz     1 2pz     1 2pz     1 2pz     1 2pz     1 2pz  
                                   1 2pz     1 2pz     1 2pz     1 2pz     1 2pz     1 2pz     1 4f0     1 4f2+    1 4f0     1 4f2+ 
                                   1 4f0     1 4f2+    1 4f0     1 4f2+    1 4f0     1 4f2+    1 4f0     1 4f2+    1 4f0     1 4f2+ 
                                   1 4f0     1 4f2+    1 4f0     1 4f2+    1 4f0     1 4f2+    1 4f0     1 4f2+    1 4f0     1 4f2+ 
                                   1 4f0     1 4f2+    1 4f0     1 4f2+    1 6h2+    1 6h4+    1 6h0     1 6h2+    1 6h4+    1 6h0  
                                   1 6h2+    1 6h4+    1 6h0  

   1.5   2    -1.5970  -17.6294  0.000000 -0.000000  0.000002 -0.000006  0.000019 -0.000055  0.000152 -0.000418  0.001267 -0.004687
                                 0.042977 -0.113952  0.234451 -0.494154  0.632243 -0.147869 -0.673543  0.037780 -0.408711 -0.048626
                                -0.052919  0.001661  0.047758 -0.000877  0.000349 -0.000074  0.000000 -0.000000 -0.000001  0.000000
                                 0.000003 -0.000000 -0.000159  0.000000 -0.000009 -0.000000 -0.000758  0.000000 -0.000682  0.000000
                                -0.001979  0.000000 -0.005263  0.000000 -0.006231  0.000000 -0.001521 -0.000000  0.000293  0.000000
                                -0.000138 -0.000000  0.000040 -0.000000  0.000000  0.000001  0.000015  0.000000  0.000287  0.000590
                                 0.000000 -0.000008 -0.000090

   2.5   2    -0.2024  -17.4024  0.000000 -0.000000  0.000000 -0.000000  0.000000 -0.000000  0.000000 -0.000000  0.000000 -0.000000
                                 0.000000 -0.000000  0.000000 -0.000000 -0.000000  0.000000  0.000000 -0.000000  0.000000  0.000000
                                -0.000000 -0.000000 -0.000000  0.000000 -0.000000  0.000000  0.000000 -0.000022 -0.000000  0.000117
                                -0.000000  0.000018 -0.000000  0.043707 -0.000000  0.029025 -0.000000  0.215860 -0.000000  0.264021
                                -0.000000  0.348651 -0.000000  0.291594 -0.000000  0.170746 -0.000000  0.077163  0.000000 -0.006506
                                -0.000000  0.015048  0.000000 -0.004038  0.000043  0.000000  0.000000  0.000259 -0.000000  0.000000
                                 0.000150 -0.000000  0.000000

   3.5   2    -0.2011  -17.2418  0.000000 -0.000000  0.000000 -0.000000  0.000000 -0.000001  0.000004 -0.000011  0.000034 -0.000124
                                 0.001182 -0.003196  0.006792 -0.017607  0.027207 -0.009870 -0.036409  0.004387 -0.020587  0.027101
                                 0.028328  0.054683 -0.006018 -0.000853  0.000796 -0.000211 -0.000022 -0.000000  0.000118  0.000000
                                 0.000007  0.000000  0.043266  0.000000  0.028467  0.000000  0.213442  0.000000  0.260671  0.000000
                                 0.345214  0.000000  0.291558  0.000000  0.175454  0.000000  0.082172  0.000000 -0.006486 -0.000000
                                 0.016281  0.000000 -0.004336 -0.000000  0.000000  0.000045 -0.000045  0.000000  0.000360 -0.000216
                                -0.000000  0.000218 -0.000256

   4.5   0     0.0051   -1.3012 -0.000000  0.000000 -0.000000  0.000001 -0.000004  0.000010 -0.000029  0.000080 -0.000240  0.000868
                                -0.006902  0.016265 -0.025483  0.024101 -0.006885  0.009607 -0.061682  0.077976 -0.073967 12.763638
                                 0.047192 -0.089723-13.084681  1.328355 -1.683045  1.782180  0.000000  0.000000 -0.000002 -0.000000
                                -0.000000  0.000000 -0.000733 -0.000000 -0.000485  0.000000 -0.003621 -0.000000 -0.004420 -0.000000
                                -0.005887 -0.000000 -0.004973 -0.000000 -0.002337 -0.000000 -0.000521  0.000000 -0.000063 -0.000000
                                -0.000157  0.000000 -0.000328  0.000000 -0.000000  0.000000  0.000002  0.000000  0.000005  0.000001
                                 0.000000  0.000041  0.000064

   5.5   0     0.0143   -2.2780 -0.000000  0.000000 -0.000001  0.000002 -0.000008  0.000023 -0.000063  0.000174 -0.000523  0.001897
                                -0.015590  0.037849 -0.064318  0.088868 -0.078475  0.035719 -0.025872  0.129321 -0.060209 24.196779
                                 0.074163 -0.341392-25.108591  2.372817 -3.645552  1.935946 -0.000001 -0.000000  0.000005  0.000000
                                 0.000001 -0.000000  0.001860  0.000000  0.001235 -0.000000  0.009193  0.000000  0.011226  0.000000
                                 0.014948  0.000000  0.012600  0.000000  0.005746  0.000000  0.001154 -0.000000  0.000129  0.000000
                                 0.000395 -0.000000  0.000724 -0.000000 -0.000000 -0.000001 -0.000004  0.000000 -0.000015 -0.000005
                                -0.000000 -0.000108 -0.000175

                                   1 3d1+    1 3d1+    1 3d1+    1 3d1+    1 3d1+    1 3d1+    1 3d1+    1 3d1+    1 3d1+    1 3d1+ 
                                   1 3d1+    1 3d1+    1 3d1+    1 3d1+    1 3d1+    1 3d1+    1 3d1+    1 3d1+    1 3d1+    1 5g1+ 
                                   1 5g3+    1 5g1+    1 5g3+    1 5g1+    1 5g3+    1 5g1+    1 5g3+    1 5g1+    1 5g3+    1 5g1+ 
                                   1 5g3+ 

   1.6   0     0.0113   -1.1167 -0.000000  0.000002 -0.000007  0.000022 -0.000067  0.000286 -0.000598  0.000491 -0.000369  0.003872
                                -0.017437 -0.013740 -0.058980  0.570194 -1.348744  1.180397 -0.883635  1.257552 -1.660489  0.000002
                                 0.000006 -0.000026 -0.000068 -0.000167 -0.000441  0.000130  0.000345 -0.000094 -0.000249  0.000046
                                 0.000121

   2.6   0     0.0266   -7.1382  0.000011 -0.000058  0.000206 -0.000650  0.002148 -0.011312  0.028990 -0.027492  0.014705  0.036808
                                -0.232618 -0.336151 -0.221634 -0.588793  1.153278 -1.182108  0.756211 -1.440425  0.800891  0.000033
                                 0.000088 -0.000395 -0.001045 -0.002528 -0.006688  0.001984  0.005249 -0.001382 -0.003657  0.000501
                                 0.001326

                                   1 3d1-    1 3d1-    1 3d1-    1 3d1-    1 3d1-    1 3d1-    1 3d1-    1 3d1-    1 3d1-    1 3d1- 
                                   1 3d1-    1 3d1-    1 3d1-    1 3d1-    1 3d1-    1 3d1-    1 3d1-    1 3d1-    1 3d1-    1 5g1- 
                                   1 5g3-    1 5g1-    1 5g3-    1 5g1-    1 5g3-    1 5g1-    1 5g3-    1 5g1-    1 5g3-    1 5g1- 
                                   1 5g3- 

   1.7   0     0.0113   -1.1167 -0.000000  0.000002 -0.000007  0.000022 -0.000067  0.000286 -0.000598  0.000491 -0.000369  0.003872
                                -0.017437 -0.013740 -0.058980  0.570194 -1.348744  1.180397 -0.883635  1.257552 -1.660489  0.000002
                                -0.000006 -0.000026  0.000068 -0.000167  0.000441  0.000130 -0.000345 -0.000094  0.000249  0.000046
                                -0.000121

   2.7   0     0.0266   -7.1382  0.000011 -0.000058  0.000206 -0.000650  0.002148 -0.011312  0.028990 -0.027492  0.014705  0.036808
                                -0.232618 -0.336151 -0.221634 -0.588793  1.153278 -1.182108  0.756211 -1.440425  0.800891  0.000033
                                -0.000088 -0.000395  0.001045 -0.002528  0.006688  0.001984 -0.005249 -0.001382  0.003657  0.000501
                                -0.001326

                                   1 4f2-    1 4f2-    1 4f2-    1 4f2-    1 4f2-    1 4f2-    1 4f2-    1 4f2-    1 4f2-    1 4f2- 
                                   1 4f2-    1 4f2-    1 4f2-    1 4f2-    1 6h4-    1 6h2-    1 6h4-    1 6h2-    1 6h4-    1 6h2- 


   1.8   2    -0.1982  -17.4642 -0.000022  0.000116  0.000026  0.043940  0.029380  0.217175  0.265937  0.350496  0.290502  0.165933
                                 0.072884 -0.006162  0.014255 -0.003800  0.000000 -0.000000  0.000000  0.000000 -0.000000 -0.000000

   2.8   0     0.0596   -1.8435 -0.000008  0.000045 -0.000222  0.001421 -0.003685  0.000755 -0.005196  0.000906 -0.011607  0.022255
                                -0.131618  0.372614 -0.803066  1.447367 -0.000000  0.000000  0.000000  0.000000 -0.000000 -0.000000

   3.8   0     0.1569   -2.5905 -0.000019  0.000107 -0.000489  0.006103 -0.006144  0.016290  0.006456  0.025486 -0.007840  0.059387
                                -0.331640  0.937658 -2.278405  1.137712  0.000000 -0.000000 -0.000000  0.000000  0.000000 -0.000000

 HOMO      1.8    -0.198208 =      -5.3935eV
 LUMO      5.1     0.002739 =       0.0745eV
 LUMO-HOMO         0.200946 =       5.4680eV


 **********************************************************************************************************************************
 DATASETS  * FILE   NREC   LENGTH (MB)   RECORD NAMES
              1      19       20.98       500      610      700      900      950      970     1000      129      960     1100   
                                          VAR    BASINP    GEOM    SYMINP    ZMAT    AOBASIS   BASIS     P2S    ABASIS      S 
                                         1400     1410     1420     1200     1210     1080     1600     1650     1700   
                                           T        V       ECP      H0       H01     AOSYM     SMH    MOLCAS    OPER   

              2       5        6.05       200      700     1000      520     4202   
                                        OPTIONS   GEOM     BASIS   MCVARS     RHF  

 PROGRAMS   *        TOTAL       RHF       INT
 CPU TIMES  *        72.92      3.05     69.59
 REAL TIME  *        81.68 SEC
 DISK USED  *         5.78 GB      
 SF USED    *         0.09 MB      
 GA USED    *         0.00 MB       (max)       0.00 MB       (current)
 **********************************************************************************************************************************


 PROGRAM * POP (Mulliken population analysis)

 
 Density matrix read from record         4202.2  Type=RHF/CHARGE (state 1.1)
 
 Population analysis by basis function type

 Unique atom        s        p        d        f        g    Total    Charge
   1  LU      2.99988  6.04613  1.99976 13.95386  0.00036 25.00000  + 0.00000


 **********************************************************************************************************************************
 DATASETS  * FILE   NREC   LENGTH (MB)   RECORD NAMES
              1      19       20.98       500      610      700      900      950      970     1000      129      960     1100   
                                          VAR    BASINP    GEOM    SYMINP    ZMAT    AOBASIS   BASIS     P2S    ABASIS      S 
                                         1400     1410     1420     1200     1210     1080     1600     1650     1700   
                                           T        V       ECP      H0       H01     AOSYM     SMH    MOLCAS    OPER   

              2       5        6.05       200      700     1000      520     4202   
                                        OPTIONS   GEOM     BASIS   MCVARS     RHF  

 PROGRAMS   *        TOTAL       POP       RHF       INT
 CPU TIMES  *        72.92      0.00      3.05     69.59
 REAL TIME  *        81.70 SEC
 DISK USED  *         5.78 GB      
 SF USED    *         0.09 MB      
 GA USED    *         0.00 MB       (max)       0.00 MB       (current)
 **********************************************************************************************************************************


 PROGRAM * MULTI (Direct Multiconfiguration SCF)       Authors: P.J. Knowles, H.-J. Werner (1984)     S.T. Elbert (1988)


 Number of closed-shell orbitals:  11 (   1   3   3   0   3   0   0   1 )
 Number of active  orbitals:        6 (   3   0   0   1   0   1   1   0 )
 Number of external orbitals:     372 (  83  60  60  30  60  30  30  19 )

 State symmetry 1

 Orbital occupancy restrictions for symmetry 1
  1      1       200000                          

 Number of electrons:     3    Spin symmetry=Quartet   Space symmetry=1
 Number of states:        1
 Number of CSFs:          1

 State symmetry 2

 Orbital occupancy restrictions for symmetry 4
  1      1       200000                          

 Number of electrons:     3    Spin symmetry=Quartet   Space symmetry=4
 Number of states:        3
 Number of CSFs:          3

 State symmetry 3

 Orbital occupancy restrictions for symmetry 6
  1      1       200000                          

 Number of electrons:     3    Spin symmetry=Quartet   Space symmetry=6
 Number of states:        3
 Number of CSFs:          3

 State symmetry 4

 Orbital occupancy restrictions for symmetry 7
  1      1       200000                          

 Number of electrons:     3    Spin symmetry=Quartet   Space symmetry=7
 Number of states:        3
 Number of CSFs:          3
 
 Maximum number of shells:             1
 Maximum number of spin couplings:     1

 Storage for configuration lists      51, coupling coefficients      3, address lists    345

 Molecular orbitals read from record     4202.2  Type=RHF/CANONICAL (state 1.1)
 *** IN SYMMETRY 1 ORBITAL  1 SYMMETRY CONTAMINATION OF 0.329D-02 HAS BEEN REMOVED
 *** IN SYMMETRY 1 ORBITAL  2 SYMMETRY CONTAMINATION OF 0.225D-01 HAS BEEN REMOVED
 *** IN SYMMETRY 1 ORBITAL  3 SYMMETRY CONTAMINATION OF 0.316D+00 HAS BEEN REMOVED
 *** IN SYMMETRY 1 ORBITAL  4 SYMMETRY CONTAMINATION OF 0.319D+00 HAS BEEN REMOVED

 EXTRA SYMMETRY OF MOS IN SYMMETRY 1:   1 1 3 2 1 3 2 1 3 2   1 2 3 1 2 3 1 6 5 4   2 3 1 5 6 4 2 3 1 2   3 5 6 4 1 4 6 5 1 2
                                        3 4 6 5 1 3 2 1 6 5   4 2 3 1 3 2 1 3 2 1   2 3 1 2 3 1 3 2 1 1   2 3 1 2 3 1 1 3 2 1
                                        1 1 1 1 1 1 1
 *** IN SYMMETRY 2 ORBITAL  1 SYMMETRY CONTAMINATION OF 0.847D-02 HAS BEEN REMOVED
 *** IN SYMMETRY 2 ORBITAL  2 SYMMETRY CONTAMINATION OF 0.437D+00 HAS BEEN REMOVED
 *** IN SYMMETRY 2 ORBITAL  3 SYMMETRY CONTAMINATION OF 0.497D+00 HAS BEEN REMOVED
 EXTRA SYMMETRY OF MOS IN SYMMETRY 2:   1 2 3 1 1 1 2 3 1 1   2 3 1 2 3 3 2 1 3 2   1 5 6 4 3 2 1 5 6 4   2 1 1 1 2 3 5 6 4 1
                                        2 3 1 1 3 2 1 3 2 1   1 3 2 1 3 2 1 1 1 1   1 1 3
 *** IN SYMMETRY 3 ORBITAL  1 SYMMETRY CONTAMINATION OF 0.847D-02 HAS BEEN REMOVED
 *** IN SYMMETRY 3 ORBITAL  2 SYMMETRY CONTAMINATION OF 0.437D+00 HAS BEEN REMOVED
 *** IN SYMMETRY 3 ORBITAL  3 SYMMETRY CONTAMINATION OF 0.497D+00 HAS BEEN REMOVED
 EXTRA SYMMETRY OF MOS IN SYMMETRY 3:   1 2 3 1 1 1 2 3 1 1   2 3 1 2 3 3 2 1 3 2   1 5 6 4 3 2 1 5 6 4   2 1 1 1 2 3 5 6 4 1
                                        2 3 1 1 3 2 1 3 2 1   1 3 2 1 3 2 1 1 1 1   1 1 3
 *** IN SYMMETRY 4 ORBITAL  1 SYMMETRY CONTAMINATION OF 0.188D-03 HAS BEEN REMOVED
 EXTRA SYMMETRY OF MOS IN SYMMETRY 4:   1 1 1 1 1 2 3 1 2 3   1 2 3 1 3 2 1 3 2 1   2 3 1 1 1 1 1 1 1 1   1
 *** IN SYMMETRY 5 ORBITAL  1 SYMMETRY CONTAMINATION OF 0.610D-02 HAS BEEN REMOVED
 *** IN SYMMETRY 5 ORBITAL  2 SYMMETRY CONTAMINATION OF 0.308D-03 HAS BEEN REMOVED
 *** IN SYMMETRY 5 ORBITAL  3 SYMMETRY CONTAMINATION OF 0.144D+00 HAS BEEN REMOVED
 EXTRA SYMMETRY OF MOS IN SYMMETRY 5:   1 3 2 1 1 1 3 2 1 1   3 2 1 3 2 2 3 1 2 3   1 5 4 6 2 3 1 5 4 6   3 1 1 1 3 2 5 4 6 1
                                        3 2 1 1 2 3 1 2 3 1   1 2 3 1 2 3 1 1 1 1   1 1 2
 *** IN SYMMETRY 6 ORBITAL  1 SYMMETRY CONTAMINATION OF 0.242D-03 HAS BEEN REMOVED
 EXTRA SYMMETRY OF MOS IN SYMMETRY 6:   1 1 1 1 1 3 2 1 3 2   1 3 2 1 2 3 1 2 3 1   3 2 1 1 1 1 1 1 1 1   1
 *** IN SYMMETRY 7 ORBITAL  1 SYMMETRY CONTAMINATION OF 0.242D-03 HAS BEEN REMOVED
 EXTRA SYMMETRY OF MOS IN SYMMETRY 7:   1 1 1 1 1 3 2 1 3 2   1 3 2 1 2 3 1 2 3 1   3 2 1 1 1 1 1 1 1 1   1
 EXTRA SYMMETRY OF MOS IN SYMMETRY 8:   1 1 1 1 1 1 2 3 1 2   3 1 1 2 3 1 1 1 1 1

 Wavefunction dump at record             5202.2

 Convergence thresholds  0.10E-01 (gradient)  0.10E-05 (energy)  0.10E-02 (step length)

 Weight factors for state symmetry  1:    0.10000
 Weight factors for state symmetry  2:    0.10000   0.10000   0.10000
 Weight factors for state symmetry  3:    0.10000   0.10000   0.10000
 Weight factors for state symmetry  4:    0.10000   0.10000   0.10000

 Eigenvalues of redundancy matrix
   1-  3   -0.000000    0.767558    2.999897

 Non-redundant active-active orbital rotations:
     1  2  3  4  5
  2  +
  3  +   
  4         
  5            
  6               

 Number of orbital rotations:      986   (     3 Core/Active    642 Core/Virtual   2 Active/Active    339 Active/Virtual)
 Total number of variables:       1014


 ITER. MIC  NCI  NEG     ENERGY(VAR)     ENERGY(PROJ)   ENERGY CHANGE     GRAD(0)  GRAD(ORB)   GRAD(CI)     STEP       TIME

   1   40   28    0    -210.12866354    -210.73129867   -0.60263513    0.44093229 0.00000001 0.00000000  0.17D+01      1.32
   2   37   32    0    -210.56661985    -210.61551448   -0.04889463    0.43674873 0.00000001 0.00000000  0.26D+00      2.39
   3   21   32    0    -210.61697139    -210.61713165   -0.00016026    0.01670445 0.00000000 0.00000000  0.21D-01      3.46
   4   48   24    0    -210.61713211    -210.61713211   -0.00000000    0.00007118 0.00000000 0.00000000  0.89D-04      4.36

 ** WVFN ****  CONVERGENCE REACHED, FINAL GRADIENT:  0.14D-08



 Results for state 1.1
 =====================

 !MCSCF STATE 1.1 Energy             -210.630598027298
 Nuclear energy                         0.00000000
 Kinetic energy                       170.90331463
 One electron energy                 -402.64374045
 Two electron energy                  192.01314242
 Virial ratio                           2.23245473

 !MCSCF STATE 1.1 Dipole moment         0.00000000     0.00000000     0.00000000
 Dipole moment /Debye                   0.00000000     0.00000000     0.00000000



 Results for state 1.4
 =====================

 !MCSCF STATE 1.4 Energy             -210.630598027298
 Nuclear energy                         0.00000000
 Kinetic energy                       170.90331463
 One electron energy                 -402.64374045
 Two electron energy                  192.01314242
 Virial ratio                           2.23245473

 !MCSCF STATE 1.4 Dipole moment         0.00000000     0.00000000     0.00000000
 Dipole moment /Debye                   0.00000000     0.00000000     0.00000000

 Results for state 2.4
 =====================

 !MCSCF STATE 2.4 Energy             -210.630598027295
 Nuclear energy                         0.00000000
 Kinetic energy                       170.90331463
 One electron energy                 -402.64374045
 Two electron energy                  192.01314242
 Virial ratio                           2.23245473

 !MCSCF STATE 2.4 Dipole moment         0.00000000     0.00000000     0.00000000
 Dipole moment /Debye                   0.00000000     0.00000000     0.00000000

 Results for state 3.4
 =====================

 !MCSCF STATE 3.4 Energy             -210.585711638047
 Nuclear energy                         0.00000000
 Kinetic energy                       170.90331463
 One electron energy                 -402.64374045
 Two electron energy                  192.05802881
 Virial ratio                           2.23219209

 !MCSCF STATE 3.4 Dipole moment         0.00000000     0.00000000     0.00000000
 Dipole moment /Debye                   0.00000000     0.00000000     0.00000000



 Results for state 1.6
 =====================

 !MCSCF STATE 1.6 Energy             -210.630598027296
 Nuclear energy                         0.00000000
 Kinetic energy                       170.90331463
 One electron energy                 -402.64374045
 Two electron energy                  192.01314242
 Virial ratio                           2.23245473

 !MCSCF STATE 1.6 Dipole moment         0.00000000     0.00000000     0.00000000
 Dipole moment /Debye                   0.00000000     0.00000000     0.00000000

 Results for state 2.6
 =====================

 !MCSCF STATE 2.6 Energy             -210.630598027296
 Nuclear energy                         0.00000000
 Kinetic energy                       170.90331463
 One electron energy                 -402.64374045
 Two electron energy                  192.01314242
 Virial ratio                           2.23245473

 !MCSCF STATE 2.6 Dipole moment         0.00000000     0.00000000     0.00000000
 Dipole moment /Debye                   0.00000000     0.00000000     0.00000000

 Results for state 3.6
 =====================

 !MCSCF STATE 3.6 Energy             -210.585711638047
 Nuclear energy                         0.00000000
 Kinetic energy                       170.90331463
 One electron energy                 -402.64374045
 Two electron energy                  192.05802881
 Virial ratio                           2.23219209

 !MCSCF STATE 3.6 Dipole moment         0.00000000     0.00000000     0.00000000
 Dipole moment /Debye                   0.00000000     0.00000000     0.00000000



 Results for state 1.7
 =====================

 !MCSCF STATE 1.7 Energy             -210.630598027296
 Nuclear energy                         0.00000000
 Kinetic energy                       170.90331463
 One electron energy                 -402.64374045
 Two electron energy                  192.01314242
 Virial ratio                           2.23245473

 !MCSCF STATE 1.7 Dipole moment         0.00000000     0.00000000     0.00000000
 Dipole moment /Debye                   0.00000000     0.00000000     0.00000000

 Results for state 2.7
 =====================

 !MCSCF STATE 2.7 Energy             -210.630598027296
 Nuclear energy                         0.00000000
 Kinetic energy                       170.90331463
 One electron energy                 -402.64374045
 Two electron energy                  192.01314242
 Virial ratio                           2.23245473

 !MCSCF STATE 2.7 Dipole moment         0.00000000     0.00000000     0.00000000
 Dipole moment /Debye                   0.00000000     0.00000000     0.00000000

 Results for state 3.7
 =====================

 !MCSCF STATE 3.7 Energy             -210.585711638047
 Nuclear energy                         0.00000000
 Kinetic energy                       170.90331463
 One electron energy                 -402.64374045
 Two electron energy                  192.05802881
 Virial ratio                           2.23219209

 !MCSCF STATE 3.7 Dipole moment         0.00000000     0.00000000     0.00000000
 Dipole moment /Debye                   0.00000000     0.00000000     0.00000000

 State-averaged charge density matrix saved on record  5202.2 (density set 1)


 NATURAL ORBITALS (state averaged)
 =================================

   Orb     Occ        Energy       Coefficients

                                   1 1s      1 1s      1 1s      1 1s      1 1s      1 1s      1 1s      1 1s      1 1s      1 1s   
                                   1 1s      1 1s      1 1s      1 1s      1 1s      1 1s      1 1s      1 1s      1 1s      1 1s   
                                   1 1s      1 1s      1 1s      1 1s      1 1s      1 1s      1 1s      1 1s      1 1s      1 1s   
                                   1 1s      1 3d0     1 3d2+    1 3d0     1 3d2+    1 3d0     1 3d2+    1 3d0     1 3d2+    1 3d0  
                                   1 3d2+    1 3d0     1 3d2+    1 3d0     1 3d2+    1 3d0     1 3d2+    1 3d0     1 3d2+    1 3d0  
                                   1 3d2+    1 3d0     1 3d2+    1 3d0     1 3d2+    1 3d0     1 3d2+    1 3d0     1 3d2+    1 3d0  
                                   1 3d2+    1 3d0     1 3d2+    1 3d0     1 3d2+    1 3d0     1 3d2+    1 3d0     1 3d2+    1 5g0  
                                   1 5g4+    1 5g2+    1 5g0     1 5g4+    1 5g2+    1 5g0     1 5g4+    1 5g2+    1 5g0     1 5g4+ 
                                   1 5g2+    1 5g0     1 5g4+    1 5g2+    1 5g0     1 5g4+    1 5g2+ 

   1.1  2.00000    -2.695537    -0.000000  0.000001 -0.000004  0.000011 -0.000032  0.000091 -0.000302  0.001712  0.005645 -0.004078
                                 0.006240 -0.012307 -0.005324  0.034481 -0.183710  0.218711 -0.123655  0.455549 -1.051080  0.088448
                                 0.961361  0.350960  0.059446 -0.035944  0.054118 -0.084569  0.063086 -0.025420  0.009832 -0.002555
                                 0.000457  0.000000  0.000000  0.000000  0.000000  0.000000  0.000000  0.000000  0.000000  0.000000
                                 0.000000  0.000000  0.000000  0.000000  0.000000  0.000000  0.000000  0.000000  0.000000  0.000000
                                 0.000000  0.000000  0.000000  0.000000  0.000000  0.000000  0.000000  0.000000  0.000000  0.000000
                                 0.000000  0.000000  0.000000  0.000000  0.000000  0.000000  0.000000  0.000000  0.000000  0.000000
                                 0.000000  0.000000  0.000000  0.000000  0.000000  0.000000  0.000000  0.000000  0.000000  0.000000
                                 0.000000  0.000000  0.000000  0.000000  0.000000  0.000000  0.000000

   2.1  1.00000    -0.075885     0.000000 -0.000000  0.000000 -0.000001  0.000004 -0.000011  0.000035 -0.000200 -0.000662  0.000481
                                -0.000742  0.001486  0.000624 -0.004244  0.019511 -0.017561  0.005067 -0.106013  0.307544 -0.054953
                                -0.330751 -0.252601 -0.084782  0.233906  0.556281  0.108113  0.309200  0.016775  0.012461 -0.003173
                                 0.000595  0.000000  0.000000  0.000000  0.000000  0.000000  0.000000  0.000000  0.000000  0.000000
                                 0.000000  0.000000  0.000000  0.000000  0.000000  0.000000  0.000000  0.000000  0.000000  0.000000
                                 0.000000  0.000000  0.000000  0.000000  0.000000  0.000000  0.000000  0.000000  0.000000  0.000000
                                 0.000000  0.000000  0.000000  0.000000  0.000000  0.000000  0.000000  0.000000  0.000000  0.000000
                                 0.000000  0.000000  0.000000  0.000000  0.000000  0.000000  0.000000  0.000000  0.000000  0.000000
                                 0.000000  0.000000  0.000000  0.000000  0.000000  0.000000  0.000000

   3.1  0.40000    -0.007757     0.000000  0.000000  0.000000  0.000000  0.000000  0.000000  0.000000  0.000000  0.000000  0.000000
                                 0.000000  0.000000  0.000000  0.000000  0.000000  0.000000  0.000000  0.000000  0.000000  0.000000
                                 0.000000  0.000000  0.000000  0.000000  0.000000  0.000000  0.000000  0.000000  0.000000  0.000000
                                 0.000000  0.000016  0.000000 -0.000081  0.000000  0.000287  0.000000 -0.000910  0.000000  0.003022
                                 0.000000 -0.016066  0.000000  0.041495  0.000000 -0.039590  0.000000  0.021305  0.000000  0.060651
                                 0.000000 -0.379799  0.000000 -0.519350  0.000000 -0.309733  0.000000  0.101339  0.000000 -0.215865
                                 0.000000  0.101701  0.000000 -0.021827  0.000000  0.008122  0.000000 -0.002230  0.000000  0.000000
                                 0.000000  0.000000  0.000000  0.000000  0.000000  0.000000  0.000000  0.000000  0.000000  0.000000
                                 0.000000  0.000000  0.000000  0.000000  0.000000  0.000000  0.000000

   4.1  0.40000    -0.007757     0.000000  0.000000  0.000000  0.000000  0.000000  0.000000  0.000000  0.000000  0.000000  0.000000
                                 0.000000  0.000000  0.000000  0.000000  0.000000  0.000000  0.000000  0.000000  0.000000  0.000000
                                 0.000000  0.000000  0.000000  0.000000  0.000000  0.000000  0.000000  0.000000  0.000000  0.000000
                                 0.000000  0.000000  0.000016  0.000000 -0.000081  0.000000  0.000287  0.000000 -0.000910  0.000000
                                 0.003022  0.000000 -0.016066  0.000000  0.041495  0.000000 -0.039590  0.000000  0.021305  0.000000
                                 0.060651  0.000000 -0.379799  0.000000 -0.519350  0.000000 -0.309733  0.000000  0.101339  0.000000
                                -0.215865  0.000000  0.101701  0.000000 -0.021827  0.000000  0.008122  0.000000 -0.002230  0.000000
                                 0.000000  0.000000  0.000000  0.000000  0.000000  0.000000  0.000000  0.000000  0.000000  0.000000
                                 0.000000  0.000000  0.000000  0.000000  0.000000  0.000000  0.000000

                                   1 2px     1 2px     1 2px     1 2px     1 2px     1 2px     1 2px     1 2px     1 2px     1 2px  
                                   1 2px     1 2px     1 2px     1 2px     1 2px     1 2px     1 2px     1 2px     1 2px     1 2px  
                                   1 2px     1 2px     1 2px     1 2px     1 2px     1 2px     1 4f1+    1 4f3+    1 4f1+    1 4f3+ 
                                   1 4f1+    1 4f3+    1 4f1+    1 4f3+    1 4f1+    1 4f3+    1 4f1+    1 4f3+    1 4f1+    1 4f3+ 
                                   1 4f1+    1 4f3+    1 4f1+    1 4f3+    1 4f1+    1 4f3+    1 4f1+    1 4f3+    1 4f1+    1 4f3+ 
                                   1 4f1+    1 4f3+    1 4f1+    1 4f3+    1 6h1+    1 6h3+    1 6h5+    1 6h1+    1 6h3+    1 6h5+ 
                                   1 6h1+    1 6h3+    1 6h5+ 

   1.2  2.00000    -1.591141     0.000000 -0.000000  0.000002 -0.000006  0.000019 -0.000054  0.000152 -0.000417  0.001265 -0.004680
                                 0.042915 -0.113805  0.234215 -0.493757  0.631714 -0.147533 -0.673105  0.038260 -0.409499 -0.050112
                                -0.053403  0.001690  0.049228 -0.000910  0.000363 -0.000077  0.000000  0.000000  0.000000  0.000000
                                 0.000000  0.000000  0.000000  0.000000  0.000000  0.000000  0.000000  0.000000  0.000000  0.000000
                                 0.000000  0.000000  0.000000  0.000000  0.000000  0.000000  0.000000  0.000000  0.000000  0.000000
                                 0.000000  0.000000  0.000000  0.000000  0.000000  0.000000  0.000000  0.000000  0.000000  0.000000
                                 0.000000  0.000000  0.000000

   2.2  2.00000    -0.195554     0.000000  0.000000  0.000000  0.000000  0.000000  0.000000  0.000000  0.000000  0.000000  0.000000
                                 0.000000  0.000000  0.000000  0.000000  0.000000  0.000000  0.000000  0.000000  0.000000  0.000000
                                 0.000000  0.000000  0.000000  0.000000  0.000000  0.000000 -0.000022  0.000000  0.000117  0.000000
                                 0.000013  0.000000  0.043573  0.000000  0.028816  0.000000  0.215087  0.000000  0.262908  0.000000
                                 0.347686  0.000000  0.291884  0.000000  0.173228  0.000000  0.080378  0.000000 -0.006128  0.000000
                                 0.016151  0.000000 -0.004231  0.000000  0.000000  0.000000  0.000000  0.000000  0.000000  0.000000
                                 0.000000  0.000000  0.000000

   3.2  2.00000    -0.195554     0.000000  0.000000  0.000000  0.000000  0.000000  0.000000  0.000000  0.000000  0.000000  0.000000
                                 0.000000  0.000000  0.000000  0.000000  0.000000  0.000000  0.000000  0.000000  0.000000  0.000000
                                 0.000000  0.000000  0.000000  0.000000  0.000000  0.000000  0.000000  0.000022  0.000000 -0.000117
                                 0.000000 -0.000013  0.000000 -0.043573  0.000000 -0.028816  0.000000 -0.215087  0.000000 -0.262908
                                 0.000000 -0.347686  0.000000 -0.291884  0.000000 -0.173228  0.000000 -0.080378  0.000000  0.006128
                                 0.000000 -0.016151  0.000000  0.004231  0.000000  0.000000  0.000000  0.000000  0.000000  0.000000
                                 0.000000  0.000000  0.000000

                                   1 2py     1 2py     1 2py     1 2py     1 2py     1 2py     1 2py     1 2py     1 2py     1 2py  
                                   1 2py     1 2py     1 2py     1 2py     1 2py     1 2py     1 2py     1 2py     1 2py     1 2py  
                                   1 2py     1 2py     1 2py     1 2py     1 2py     1 2py     1 4f1-    1 4f3-    1 4f1-    1 4f3- 
                                   1 4f1-    1 4f3-    1 4f1-    1 4f3-    1 4f1-    1 4f3-    1 4f1-    1 4f3-    1 4f1-    1 4f3- 
                                   1 4f1-    1 4f3-    1 4f1-    1 4f3-    1 4f1-    1 4f3-    1 4f1-    1 4f3-    1 4f1-    1 4f3- 
                                   1 4f1-    1 4f3-    1 4f1-    1 4f3-    1 6h1-    1 6h3-    1 6h5-    1 6h1-    1 6h3-    1 6h5- 
                                   1 6h1-    1 6h3-    1 6h5- 

   1.3  2.00000    -1.591141     0.000000 -0.000000  0.000002 -0.000006  0.000019 -0.000054  0.000152 -0.000417  0.001265 -0.004680
                                 0.042915 -0.113805  0.234215 -0.493757  0.631714 -0.147533 -0.673105  0.038260 -0.409499 -0.050112
                                -0.053403  0.001690  0.049228 -0.000910  0.000363 -0.000077  0.000000  0.000000  0.000000  0.000000
                                 0.000000  0.000000  0.000000  0.000000  0.000000  0.000000  0.000000  0.000000  0.000000  0.000000
                                 0.000000  0.000000  0.000000  0.000000  0.000000  0.000000  0.000000  0.000000  0.000000  0.000000
                                 0.000000  0.000000  0.000000  0.000000  0.000000  0.000000  0.000000  0.000000  0.000000  0.000000
                                 0.000000  0.000000  0.000000

   2.3  2.00000    -0.195554     0.000000  0.000000  0.000000  0.000000  0.000000  0.000000  0.000000  0.000000  0.000000  0.000000
                                 0.000000  0.000000  0.000000  0.000000  0.000000  0.000000  0.000000  0.000000  0.000000  0.000000
                                 0.000000  0.000000  0.000000  0.000000  0.000000  0.000000 -0.000022  0.000000  0.000117  0.000000
                                 0.000013  0.000000  0.043573  0.000000  0.028816  0.000000  0.215087  0.000000  0.262908  0.000000
                                 0.347686  0.000000  0.291884  0.000000  0.173228  0.000000  0.080378  0.000000 -0.006128  0.000000
                                 0.016151  0.000000 -0.004231  0.000000  0.000000  0.000000  0.000000  0.000000  0.000000  0.000000
                                 0.000000  0.000000  0.000000

   3.3  2.00000    -0.195554     0.000000  0.000000  0.000000  0.000000  0.000000  0.000000  0.000000  0.000000  0.000000  0.000000
                                 0.000000  0.000000  0.000000  0.000000  0.000000  0.000000  0.000000  0.000000  0.000000  0.000000
                                 0.000000  0.000000  0.000000  0.000000  0.000000  0.000000  0.000000 -0.000022  0.000000  0.000117
                                 0.000000  0.000013  0.000000  0.043573  0.000000  0.028816  0.000000  0.215087  0.000000  0.262908
                                 0.000000  0.347686  0.000000  0.291884  0.000000  0.173228  0.000000  0.080378  0.000000 -0.006128
                                 0.000000  0.016151  0.000000 -0.004231  0.000000  0.000000  0.000000  0.000000  0.000000  0.000000
                                 0.000000  0.000000  0.000000

                                   1 3d2-    1 3d2-    1 3d2-    1 3d2-    1 3d2-    1 3d2-    1 3d2-    1 3d2-    1 3d2-    1 3d2- 
                                   1 3d2-    1 3d2-    1 3d2-    1 3d2-    1 3d2-    1 3d2-    1 3d2-    1 3d2-    1 3d2-    1 5g2- 
                                   1 5g4-    1 5g2-    1 5g4-    1 5g2-    1 5g4-    1 5g2-    1 5g4-    1 5g2-    1 5g4-    1 5g2- 
                                   1 5g4- 

   1.4  0.40000    -0.007757     0.000016 -0.000081  0.000287 -0.000910  0.003022 -0.016066  0.041495 -0.039590  0.021305  0.060651
                                -0.379799 -0.519350 -0.309733  0.101339 -0.215865  0.101701 -0.021827  0.008122 -0.002230  0.000000
                                 0.000000  0.000000  0.000000  0.000000  0.000000  0.000000  0.000000  0.000000  0.000000  0.000000
                                 0.000000

                                   1 2pz     1 2pz     1 2pz     1 2pz     1 2pz     1 2pz     1 2pz     1 2pz     1 2pz     1 2pz  
                                   1 2pz     1 2pz     1 2pz     1 2pz     1 2pz     1 2pz     1 2pz     1 2pz     1 2pz     1 2pz  
                                   1 2pz     1 2pz     1 2pz     1 2pz     1 2pz     1 2pz     1 4f0     1 4f2+    1 4f0     1 4f2+ 
                                   1 4f0     1 4f2+    1 4f0     1 4f2+    1 4f0     1 4f2+    1 4f0     1 4f2+    1 4f0     1 4f2+ 
                                   1 4f0     1 4f2+    1 4f0     1 4f2+    1 4f0     1 4f2+    1 4f0     1 4f2+    1 4f0     1 4f2+ 
                                   1 4f0     1 4f2+    1 4f0     1 4f2+    1 6h2+    1 6h4+    1 6h0     1 6h2+    1 6h4+    1 6h0  
                                   1 6h2+    1 6h4+    1 6h0  

   1.5  2.00000    -1.591141     0.000000 -0.000000  0.000002 -0.000006  0.000019 -0.000054  0.000152 -0.000417  0.001265 -0.004680
                                 0.042915 -0.113805  0.234215 -0.493757  0.631714 -0.147533 -0.673105  0.038260 -0.409499 -0.050112
                                -0.053403  0.001690  0.049228 -0.000910  0.000363 -0.000077  0.000000  0.000000  0.000000  0.000000
                                 0.000000  0.000000  0.000000  0.000000  0.000000  0.000000  0.000000  0.000000  0.000000  0.000000
                                 0.000000  0.000000  0.000000  0.000000  0.000000  0.000000  0.000000  0.000000  0.000000  0.000000
                                 0.000000  0.000000  0.000000  0.000000  0.000000  0.000000  0.000000  0.000000  0.000000  0.000000
                                 0.000000  0.000000  0.000000

   2.5  2.00000    -0.195554     0.000000  0.000000  0.000000  0.000000  0.000000  0.000000  0.000000  0.000000  0.000000  0.000000
                                 0.000000  0.000000  0.000000  0.000000  0.000000  0.000000  0.000000  0.000000  0.000000  0.000000
                                 0.000000  0.000000  0.000000  0.000000  0.000000  0.000000  0.000000 -0.000022  0.000000  0.000117
                                 0.000000  0.000013  0.000000  0.043573  0.000000  0.028816  0.000000  0.215087  0.000000  0.262908
                                 0.000000  0.347686  0.000000  0.291884  0.000000  0.173228  0.000000  0.080378  0.000000 -0.006128
                                 0.000000  0.016151  0.000000 -0.004231  0.000000  0.000000  0.000000  0.000000  0.000000  0.000000
                                 0.000000  0.000000  0.000000

   3.5  2.00000    -0.195554    -0.000000  0.000000 -0.000000  0.000000 -0.000000  0.000000 -0.000000  0.000000 -0.000000  0.000000
                                -0.000000  0.000000 -0.000000  0.000000 -0.000000  0.000000  0.000000 -0.000000  0.000000  0.000000
                                 0.000000 -0.000000 -0.000000  0.000000 -0.000000  0.000000 -0.000022  0.000000  0.000117  0.000000
                                 0.000013  0.000000  0.043573  0.000000  0.028816  0.000000  0.215087  0.000000  0.262908  0.000000
                                 0.347686  0.000000  0.291884  0.000000  0.173228  0.000000  0.080378  0.000000 -0.006128  0.000000
                                 0.016151  0.000000 -0.004231  0.000000  0.000000  0.000000  0.000000  0.000000  0.000000  0.000000
                                 0.000000  0.000000  0.000000

                                   1 3d1+    1 3d1+    1 3d1+    1 3d1+    1 3d1+    1 3d1+    1 3d1+    1 3d1+    1 3d1+    1 3d1+ 
                                   1 3d1+    1 3d1+    1 3d1+    1 3d1+    1 3d1+    1 3d1+    1 3d1+    1 3d1+    1 3d1+    1 5g1+ 
                                   1 5g3+    1 5g1+    1 5g3+    1 5g1+    1 5g3+    1 5g1+    1 5g3+    1 5g1+    1 5g3+    1 5g1+ 
                                   1 5g3+ 

   1.6  0.40000    -0.007757     0.000016 -0.000081  0.000287 -0.000910  0.003022 -0.016066  0.041495 -0.039590  0.021305  0.060651
                                -0.379799 -0.519350 -0.309733  0.101339 -0.215865  0.101701 -0.021827  0.008122 -0.002230  0.000000
                                 0.000000  0.000000  0.000000  0.000000  0.000000  0.000000  0.000000  0.000000  0.000000  0.000000
                                 0.000000

                                   1 3d1-    1 3d1-    1 3d1-    1 3d1-    1 3d1-    1 3d1-    1 3d1-    1 3d1-    1 3d1-    1 3d1- 
                                   1 3d1-    1 3d1-    1 3d1-    1 3d1-    1 3d1-    1 3d1-    1 3d1-    1 3d1-    1 3d1-    1 5g1- 
                                   1 5g3-    1 5g1-    1 5g3-    1 5g1-    1 5g3-    1 5g1-    1 5g3-    1 5g1-    1 5g3-    1 5g1- 
                                   1 5g3- 

   1.7  0.40000    -0.007757     0.000016 -0.000081  0.000287 -0.000910  0.003022 -0.016066  0.041495 -0.039590  0.021305  0.060651
                                -0.379799 -0.519350 -0.309733  0.101339 -0.215865  0.101701 -0.021827  0.008122 -0.002230  0.000000
                                 0.000000  0.000000  0.000000  0.000000  0.000000  0.000000  0.000000  0.000000  0.000000  0.000000
                                 0.000000

                                   1 4f2-    1 4f2-    1 4f2-    1 4f2-    1 4f2-    1 4f2-    1 4f2-    1 4f2-    1 4f2-    1 4f2- 
                                   1 4f2-    1 4f2-    1 4f2-    1 4f2-    1 6h4-    1 6h2-    1 6h4-    1 6h2-    1 6h4-    1 6h2- 


   1.8  2.00000    -0.195554    -0.000022  0.000117  0.000013  0.043573  0.028816  0.215087  0.262908  0.347686  0.291884  0.173228
                                 0.080378 -0.006128  0.016151 -0.004231  0.000000  0.000000  0.000000  0.000000  0.000000  0.000000
 

 EXTRA SYMMETRY OF MOS IN SYMMETRY 1:   1 1 2 3 1 2 3 1 3 2   1 3 2 1 2 3 1 5 4 6   2 3 1 4 5 6 2 3 1 6   4 5 2 3 1 4 5 6 1 2
                                        3 6 4 5 1 3 2 1 6 5   4 3 2 1 3 2 1 3 2 1   3 2 1 3 2 1 3 2 1 1   3 2 1 2 3 1 1 2 3 1
                                        1 1 1 1 1 1 1
 EXTRA SYMMETRY OF MOS IN SYMMETRY 2:   1 2 3 1 1 1 2 3 1 3   2 1 1 2 3 2 3 1 2 3   1 4 5 6 2 3 1 6 4 5   2 3 1 1 3 2 6 4 5 1
                                        3 2 1 1 3 2 1 3 2 1   1 2 3 1 2 3 1 1 1 1   1 1 1
 EXTRA SYMMETRY OF MOS IN SYMMETRY 3:   1 2 3 1 1 1 3 2 1 2   3 1 1 2 3 2 3 1 2 3   1 5 4 6 2 3 1 6 4 5   2 3 1 1 3 2 6 4 5 1
                                        3 2 1 1 3 2 1 3 2 1   1 3 2 1 3 2 1 1 1 1   1 1 1
 EXTRA SYMMETRY OF MOS IN SYMMETRY 4:   1 1 1 1 1 3 2 1 3 2   1 3 2 1 3 2 1 2 3 1   2 3 1 1 1 1 1 1 1 1   1
 EXTRA SYMMETRY OF MOS IN SYMMETRY 5:   1 3 2 1 1 1 2 3 1 3   2 1 1 3 2 3 2 1 3 2   1 6 5 4 3 2 1 6 4 5   3 2 1 1 2 3 6 4 5 1
                                        2 3 1 1 2 3 1 2 3 1   1 2 3 1 3 2 1 1 1 1   1 1 1
 EXTRA SYMMETRY OF MOS IN SYMMETRY 6:   1 1 1 1 1 3 2 1 2 3   1 2 3 1 2 3 1 3 2 1   3 2 1 1 1 1 1 1 1 1   1
 EXTRA SYMMETRY OF MOS IN SYMMETRY 7:   1 1 1 1 1 3 2 1 2 3   1 2 3 1 2 3 1 3 2 1   3 2 1 1 1 1 1 1 1 1   1
 EXTRA SYMMETRY OF MOS IN SYMMETRY 8:   1 1 1 1 1 1 3 2 1 3   2 1 1 3 2 1 1 1 1 1

 Natural orbital dump (state averaged) at molpro section  5202.2    (Orbital set 2)


 CI vector for state symmetry 1
 ==============================

 /// 0 0 0          1.0000000

 TOTAL ENERGIES                      -210.63059803

 CI vector for state symmetry 2
 ==============================

 //0 / 0 0          1.0000000  -0.0000515   0.0000000
 /0/ / 0 0         -0.0000230  -0.4472136   0.8944272
 /00 0 / /          0.0000461   0.8944272   0.4472136

 TOTAL ENERGIES                      -210.63059803  -210.63059803  -210.58571164

 CI vector for state symmetry 3
 ==============================

 /00 / 0 /          0.3907895   0.8045394  -0.4472136
 //0 0 / 0          0.6189680   0.1299178   0.7745967
 /0/ 0 / 0          0.6812945  -0.5795151  -0.4472136

 TOTAL ENERGIES                      -210.63059803  -210.63059803  -210.58571164

 CI vector for state symmetry 4
 ==============================

 /00 / / 0         -0.3918209   0.8040375  -0.4472136
 //0 0 0 /         -0.6191341   0.1291239   0.7745967
 /0/ 0 0 /          0.6805508   0.5803884   0.4472136

 TOTAL ENERGIES                      -210.63059803  -210.63059803  -210.58571164



 **********************************************************************************************************************************
 DATASETS  * FILE   NREC   LENGTH (MB)   RECORD NAMES
              1      20       57.08       500      610      700      900      950      970     1000      129      960     1100   
                                          VAR    BASINP    GEOM    SYMINP    ZMAT    AOBASIS   BASIS     P2S    ABASIS      S 
                                         1400     1410     1420     1200     1210     1080     1600     1650     1700     1380   
                                           T        V       ECP      H0       H01     AOSYM     SMH    MOLCAS    OPER     JKOP   

              2       6        9.38       200      700     1000      520     4202     5202   
                                        OPTIONS   GEOM     BASIS   MCVARS     RHF     MCSCF   

 PROGRAMS   *        TOTAL     MULTI       POP       RHF       INT
 CPU TIMES  *        78.27      5.34      0.00      3.05     69.59
 REAL TIME  *        90.06 SEC
 DISK USED  *         5.78 GB      
 SF USED    *       151.64 MB      
 GA USED    *         0.00 MB       (max)       0.00 MB       (current)
 **********************************************************************************************************************************


 PROGRAM * RHF-SCF (OPEN SHELL)       Authors: W. Meyer, H.-J. Werner


 NUMBER OF ELECTRONS:      14+   11-    SPACE SYMMETRY=1    SPIN SYMMETRY: Quartet 
 CONVERGENCE THRESHOLDS:    1.00E-05 (Density)    1.00E-07 (Energy)
 MAX. NUMBER OF ITERATIONS:        0
 INTERPOLATION TYPE:            DIIS
 INTERPOLATION STEPS:              2 (START)      1 (STEP)
 LEVEL SHIFTS:                 -0.60 (CLOSED) -0.30 (OPEN) 

 Number of closed-shell orbitals:   11 (   1   3   3   0   3   0   0   1 )
 Number of open-shell orbitals:      3 (   3   0   0   0   0   0   0   0 )


 Molecular orbitals read from record     5202.2  Type=MCSCF/NATURAL (state averaged)

 Molecular orbital dump at record        2106.2

 ITERATION    DDIFF          GRAD             ENERGY        2-EL.EN.            DIPOLE MOMENTS         DIIS   ORB.
    1      0.000D+00      0.000D+00      -210.63059803    384.026285    0.00000    0.00000    0.00000    0    start

 Final alpha occupancy:   4   3   3   0   3   0   0   1
 Final beta  occupancy:   1   3   3   0   3   0   0   1

 !RHF STATE 1.1 Energy               -210.630598027298
 Nuclear energy                         0.00000000
 One-electron energy                 -402.64374045
 Two-electron energy                  192.01314242
 Virial quotient                       -1.23245473
 !RHF STATE 1.1 Dipole moment           0.00000000     0.00000000     0.00000000
 Dipole moment /Debye                   0.00000000     0.00000000     0.00000000

 Orbital energies:

         1.1          2.1          3.1          4.1          5.1          6.1
     -2.695537    -0.075885    -0.007757    -0.007757     0.002824     0.011367

         1.2          2.2          3.2          4.2          5.2
     -1.591141    -0.195554    -0.195554     0.005463     0.017236

         1.3          2.3          3.3          4.3          5.3
     -1.591141    -0.195554    -0.195554     0.005463     0.017236

         1.4          2.4
     -0.007757     0.011367

         1.5          2.5          3.5          4.5          5.5
     -1.591141    -0.195554    -0.195554     0.005463     0.017236

         1.6          2.6
     -0.007757     0.011367

         1.7          2.7
     -0.007757     0.011367

         1.8          2.8          3.8
     -0.195554     0.059708     0.158172

 HOMO      4.1    -0.007757 =      -0.2111eV
 LUMO      1.4    -0.007757 =      -0.2111eV
 LUMO-HOMO         0.000000 =       0.0000eV


 **********************************************************************************************************************************
 DATASETS  * FILE   NREC   LENGTH (MB)   RECORD NAMES
              1      20       57.08       500      610      700      900      950      970     1000      129      960     1100   
                                          VAR    BASINP    GEOM    SYMINP    ZMAT    AOBASIS   BASIS     P2S    ABASIS      S 
                                         1400     1410     1420     1200     1210     1080     1600     1650     1700     1380   
                                           T        V       ECP      H0       H01     AOSYM     SMH    MOLCAS    OPER     JKOP   

              2       7       13.56       200      700     1000      520     4202     5202     2106   
                                        OPTIONS   GEOM     BASIS   MCVARS     RHF     MCSCF     RHF  

 PROGRAMS   *        TOTAL       RHF     MULTI       POP       RHF       INT
 CPU TIMES  *        78.39      0.13      5.34      0.00      3.05     69.59
 REAL TIME  *        90.23 SEC
 DISK USED  *         5.78 GB      
 SF USED    *       151.64 MB      
 GA USED    *         0.00 MB       (max)       0.00 MB       (current)
 **********************************************************************************************************************************
 SETTING SCF(3)         =      -210.63059803  AU                              
 SETTING _CC_NORM_MAX   =         2.00000000                                  


 PROGRAM * CCSD (Restricted open-shell coupled cluster)     Authors: C. Hampel, H.-J. Werner, 1991, M. Deegan, P.J. Knowles, 1992


 Convergence thresholds:  THRVAR = 1.00D-08  THRDEN = 1.00D-06

 CCSD(T)     terms to be evaluated (factor= 1.000)


 Number of closed-shell orbitals:  11 (   1   3   3   0   3   0   0   1 )
 Number of active  orbitals:        3 (   3   0   0   0   0   0   0   0 )
 Number of external orbitals:     375 (  83  60  60  31  60  31  31  19 )

 Memory could be reduced to 154.98 Mwords without degradation in triples

 Number of N-1 electron functions:              25
 Number of N-2 electron functions:             300
 Number of singly external CSFs:              1548
 Number of doubly external CSFs:           4132621
 Total number of CSFs:                     4134169

 Molecular orbitals read from record     2106.2  Type=RHF/CANONICAL (state 1.1)

 Integral transformation finished. Total CPU:   3.33 sec, npass=  1  Memory used:  29.61 MW

 Starting RMP2 calculation

 Wavefunction is spin-projected

 ITER.      SQ.NORM     CORR.ENERGY   TOTAL ENERGY   ENERGY CHANGE        DEN1      VAR(S)    VAR(P)  DIIS     TIME
   1      1.76177267    -2.49501941  -213.12561744    -2.49501941    -0.04701075  0.14D-03  0.32D-01  1  1     3.76
   2      1.88182495    -2.55205723  -213.18265526    -0.05703781    -0.00350039  0.17D-04  0.32D-02  2  2     4.19
   3      1.94141914    -2.56833920  -213.19893723    -0.01628197    -0.00013356  0.17D-05  0.96D-04  3  3     4.82
   4      1.94847121    -2.56937363  -213.19997166    -0.00103443    -0.00000527  0.28D-06  0.38D-05  4  4     5.41
   5      1.94873549    -2.56939668  -213.19999471    -0.00002305    -0.00000023  0.59D-07  0.14D-06  5  5     6.08
   6      1.94876030    -2.56939968  -213.19999771    -0.00000300    -0.00000002  0.14D-07  0.54D-08  6  6     6.72
   7      1.94876870    -2.56940096  -213.19999898    -0.00000127    -0.00000000  0.32D-08  0.29D-09  6  1     7.39
   8      1.94877193    -2.56940157  -213.19999960    -0.00000061    -0.00000000  0.38D-09  0.45D-10  6  2     8.11

 Norm of t1 vector:      0.05891119      S-energy:    -0.00618142      T1 diagnostic:  0.00505477
 Norm of t2 vector:      0.97226612      P-energy:    -2.56322015
                                         Alpha-Beta:  -1.67298374
                                         Alpha-Alpha: -0.42489618
                                         Beta-Beta:   -0.46534023

 Spin contamination <S**2-Sz**2-Sz>     0.00000000
  Reference energy                   -210.630598027298
  RHF-RMP2 correlation energy          -2.569401571711
 !RHF-RMP2 energy                    -213.199999599009
 (NB above energy spin projected)

 Starting RCCSD calculation

 ITER.      SQ.NORM     CORR.ENERGY   TOTAL ENERGY   ENERGY CHANGE        DEN1      VAR(S)    VAR(P)  DIIS     TIME
   1      1.25701109    -1.56047745  -212.19107548    -1.56047745    -0.33775256  0.89D-02  0.84D-01  0  0    11.28
   2      1.41345174    -1.89015049  -212.52074852    -0.32967304    -0.07026204  0.36D-02  0.25D-01  0  0    14.08
   3      1.37836136    -1.75911230  -212.38971032     0.13103819    -0.01858387  0.30D-02  0.49D-02  1  1    16.94
   4      1.40509310    -1.80201550  -212.43261353    -0.04290320    -0.00136986  0.35D-03  0.79D-03  2  2    19.93
   5      1.42021514    -1.80556075  -212.43615878    -0.00354525    -0.00084187  0.23D-03  0.53D-03  3  3    23.07
   6      1.45811607    -1.80957116  -212.44016919    -0.00401041    -0.00020488  0.63D-04  0.13D-03  4  4    26.24
   7      1.47593454    -1.81140542  -212.44200345    -0.00183426    -0.00008072  0.39D-04  0.38D-04  5  5    29.52
   8      1.48831669    -1.81245559  -212.44305362    -0.00105017    -0.00003941  0.30D-04  0.11D-04  6  6    32.78
   9      1.49278850    -1.81253099  -212.44312902    -0.00007540    -0.00003149  0.29D-04  0.52D-05  7  7    36.02
  10      1.49551800    -1.81269213  -212.44329016    -0.00016114    -0.00002800  0.28D-04  0.36D-05  8  8    39.36
  11      1.50061882    -1.81297061  -212.44356864    -0.00027848    -0.00002525  0.26D-04  0.26D-05  9  9    42.96
  12      1.50648213    -1.81298672  -212.44358475    -0.00001610    -0.00002354  0.24D-04  0.27D-05 10 10    46.63
  13      1.51872299    -1.81320355  -212.44380158    -0.00021683    -0.00002087  0.20D-04  0.30D-05 11 11    50.25
  14      1.54726964    -1.81368679  -212.44428482    -0.00048324    -0.00001759  0.16D-04  0.36D-05 12 12    53.94
  15      1.57698744    -1.81400953  -212.44460756    -0.00032274    -0.00001594  0.12D-04  0.55D-05 13 13    57.69
  16      1.67884010    -1.81489486  -212.44549288    -0.00088532    -0.00000871  0.45D-05  0.44D-05 14 14    61.50
  17      1.71865488    -1.81514814  -212.44574616    -0.00025328    -0.00000622  0.28D-05  0.35D-05 15 15    65.36
  18      1.84024205    -1.81578075  -212.44637877    -0.00063261    -0.00000208  0.54D-06  0.15D-05 15  1    69.08
  19      1.88194989    -1.81598189  -212.44657992    -0.00020114    -0.00000099  0.18D-06  0.74D-06 15  2    72.81
  20      1.88656031    -1.81600781  -212.44660584    -0.00002592    -0.00000044  0.12D-06  0.30D-06 15  3    76.63
  21      1.89164517    -1.81603020  -212.44662823    -0.00002239    -0.00000015  0.57D-07  0.96D-07 15  6    80.48
  22      1.89428854    -1.81603911  -212.44663713    -0.00000890    -0.00000005  0.18D-07  0.35D-07 15  4    84.36
  23      1.89334151    -1.81603684  -212.44663487     0.00000227    -0.00000002  0.57D-08  0.91D-08 15  8    87.96
  24      1.89526558    -1.81604599  -212.44664402    -0.00000915    -0.00000000  0.16D-08  0.25D-08 15  5    91.78
  25      1.89550071    -1.81604822  -212.44664624    -0.00000223    -0.00000000  0.57D-09  0.78D-09 15  7    95.45
  26      1.89592050    -1.81605005  -212.44664808    -0.00000184    -0.00000000  0.23D-09  0.23D-09 15 13    99.22
  27      1.89613667    -1.81604976  -212.44664779     0.00000029    -0.00000000  0.12D-09  0.11D-09 15  6   103.01

 Norm of t1 vector:      0.61622672      S-energy:    -0.01016568      T1 diagnostic:  0.08690535
                                                                       D1 diagnostic:  0.24097968
 Norm of t2 vector:      0.71861067      P-energy:    -1.80588408
                                         Alpha-Beta:  -1.28255042
                                         Alpha-Alpha: -0.26036874
                                         Beta-Beta:   -0.26296493

 Singles amplitudes (print threshold =  0.500E-01):

         I         SYM. A    A   T(IA) [Alpha-Alpha]

         2         1        13     -0.06667828
         2         1        16      0.07356096
         2         1        22     -0.06475682
         6         2         2      0.05481289
         6         2         3     -0.08369878
         6         2         6      0.08229533
         6         2         9     -0.06147304
         7         2         2      0.07070533
         7         2         3     -0.10796915
         7         2         6      0.10616261
         7         2         9     -0.07930540
         9         3         2      0.05481289
         9         3         3     -0.08369878
         9         3         6      0.08229533
         9         3         9     -0.06147304
        10         3         2      0.07070533
        10         3         3     -0.10796915
        10         3         6      0.10616261
        10         3         9     -0.07930540
        13         5         2     -0.08933458
        13         5         3      0.13642195
        13         5         6     -0.13414657
        13         5         9      0.10021693
        13         5        10      0.06279477
 
         I         SYM. A    A   T(IA) [Beta-Beta]

         6         2         2      0.05535276
         6         2         3     -0.08292231
         6         2         6      0.07860759
         6         2         9     -0.05501378
         7         2         2      0.07140233
         7         2         3     -0.10696823
         7         2         6      0.10140573
         7         2         9     -0.07097241
         9         3         2      0.05535276
         9         3         3     -0.08292231
         9         3         6      0.07860759
         9         3         9     -0.05501378
        10         3         2      0.07140233
        10         3         3     -0.10696823
        10         3         6      0.10140573
        10         3         9     -0.07097241
        13         5         2     -0.09021180
        13         5         3      0.13515176
        13         5         6     -0.12813004
        13         5         9      0.08968201
        13         5        10      0.05053731

 Doubles amplitudes (print threshold =  0.500E-01):

         I         J         SYM. A    SYM. B    A         B      T(IJ, AB) [Beta-Beta]

        10         7         1         4         3         1     -0.05256174
        10         7         4         1         1         3      0.05256174
 
         I         J         SYM. A    SYM. B    A         B      T(IJ, AB) [Alpha-Beta]

         6         6         6         6         1         1     -0.09336615
         7         7         4         4         1         1     -0.08448380
         9         9         7         7         1         1     -0.09336615
        10        10         4         4         1         1     -0.08448380
        12        12         6         6         1         1     -0.06934059
        12        12         7         7         1         1     -0.06934059
        14        14         4         4         1         1     -0.06921371
        14        14         6         6         1         1     -0.06921222
        14        14         7         7         1         1     -0.06921222
         9         6         7         6         1         1     -0.05180950
         6         9         6         7         1         1     -0.05180950

 Spin contamination <S**2-Sz**2-Sz>     0.00000000

 Memory could be reduced to 163.10 Mwords without degradation in triples
 

 RESULTS
 =======

  Reference energy                   -210.630598027298
  RCCSD singles energy                 -0.010165678796
  RCCSD pair energy                    -1.805884080418
  RCCSD correlation energy             -1.816049759213
  Triples (T) contribution             -0.228461013727
  Total correlation energy             -2.044510772941
 
  RHF-RCCSD energy                   -212.446647786511
  RHF-RCCSD[T] energy                -212.723942398247
  RHF-RCCSD-T energy                 -212.679567704354
 !RHF-RCCSD(T) energy                -212.675108800239

 Program statistics:

 Available memory in ccsd:               999998192
 Min. memory needed in ccsd:              11846833
 Max. memory used in ccsd:                17020869
 Max. memory used in cckext:              12724992 (27 integral passes)
 Max. memory used in cckint:              29614161 ( 1 integral passes)



 **********************************************************************************************************************************
 DATASETS  * FILE   NREC   LENGTH (MB)   RECORD NAMES
              1      20       57.08       500      610      700      900      950      970     1000      129      960     1100   
                                          VAR    BASINP    GEOM    SYMINP    ZMAT    AOBASIS   BASIS     P2S    ABASIS      S 
                                         1400     1410     1420     1200     1210     1080     1600     1650     1700     1380   
                                           T        V       ECP      H0       H01     AOSYM     SMH    MOLCAS    OPER     JKOP   

              2       7       13.56       200      700     1000      520     4202     5202     2106   
                                        OPTIONS   GEOM     BASIS   MCVARS     RHF     MCSCF     RHF  

 PROGRAMS   *        TOTAL  RCCSD(T)       RHF     MULTI       POP       RHF       INT
 CPU TIMES  *       270.75    192.31      0.13      5.34      0.00      3.05     69.59
 REAL TIME  *       324.02 SEC
 DISK USED  *        20.64 GB      
 SF USED    *         2.77 GB      
 GA USED    *         0.00 MB       (max)       0.00 MB       (current)
 **********************************************************************************************************************************
 SETTING CCSD(3)        =      -212.67510880  AU                              
 Output type csv         
                                                                                                                                                                                                                                                                

        SCF,CCSD
      0.0000000,      0.0000000
      0.0000000,      0.0000000
   -210.6305980,   -212.6751088
                                                  

 RCCSD(T)/USERDEF energy=   -212.675108800239

        RCCSD(T)        RHF-SCF         MULTI           RHF-SCF 
   -212.67510880   -210.63059803   -210.58571164   -210.63443567
 **********************************************************************************************************************************
 Molpro calculation terminated
 Variable memory released
