
 Primary working directories    : /global/cscratch1/sd/haihan
 Secondary working directories  : /global/cscratch1/sd/haihan
 Wavefunction directory         : /global/homes/h/haihan/Research/ECP/f_group_element_ecps/Lu/Molpro/atom/UC46_messyminus/wfu/
 Main file repository           : /global/cscratch1/sd/haihan/

 SHA1      : 19cd028119e0e09f93f0674bd8af7968d9b3eff6
 NAME      : 2015.1.36
 ARCHNAME  : linux/x86_64
 FC        : /opt/cray/pe/craype/2.5.14/bin/ftn
 BLASLIB   : -L/opt/intel/compilers_and_libraries_2018.1.163/linux/mkl/lib/intel64 -Wl,-_start-group -lmkl_intel_ilp64 -lmkl_intel_thread -lmkl_core -Wl,-_end-group -liomp5
 id        : lbl

 Nodes     nprocs
 nid02134     5
 Number of processes for MPI-2 version of Molpro:   nprocs(total)=    6   nprocs(compute)=    5   nprocs(helper)=    1

 Using customized tuning parameters: mindgm=7; mindgv=16; mindgc=1; mindgr=1; noblas=0; minvec=7
 default implementation of scratch files=sf  

 ***,Calculation for Gd atom, singlet and triplet
 memory,2,g
 
 gthresh,twoint=1.e-15
 gthresh,oneint=1.e-15
 
 set,dkroll=1,dkho=10,dkhp=4
 
 
 geometry={
 1
 Lu
 Lu  0.0 0.0 0.0
 }
 
 basis={
 Including file /global/u2/h/haihan/Research/ECP/f_group_element_ecps/Lu/Molpro/atom/UC46_messyminus/4/../messyminus.basis
 }
 
 
 
 Including file /global/u2/h/haihan/Research/ECP/f_group_element_ecps/Lu/Molpro/atom/UC46_messyminus/4/../Lu_states_ae.proc
 
 
 do i=4,4
     if (i.eq.1) then
         Id1s2
     else if (i.eq.2) then
         Ip1s2
     else if (i.eq.3) then
 IEd2s1
     else if (i.eq.4) then
         IEf1s2
     else if (i.eq.5) then
         IIds2
     else if (i.eq.6) then
         IId1s1
     else if (i.eq.7) then
         IIIds1
     else if (i.eq.8) then
 IIIp1
     else if (i.eq.9) then
         IIId1
     else if (i.eq.10) then
         IIIEf1
     else if (i.eq.11) then
         VIp6
     else if (i.eq.12) then
         VIIp5
     else if (i.eq.13) then
         VIIIp4
     else if (i.eq.14) then
         IXp3
     else if (i.eq.15) then
         Xp
     else if (i.eq.16) then
         XIds2
     else if (i.eq.17) then
         IIIEf2
     endif
     scf(i)=energy
     _CC_NORM_MAX=2.0
     {rccsd(t),shifts=0.5,shiftp=0.5,thrdis=1.0;diis,1,1,15,1;maxit,100;core,8,3,3,2,3,2,2,0}
     ccsd(i)=energy
 enddo
 
 table,scf,ccsd
 type,csv
 save

 Variables initialized (889), CPU time= 0.01 sec
 Commands  initialized (702), CPU time= 0.01 sec, 572 directives.
 Default parameters read. Elapsed time= 0.18 sec

 Checking input...
 Passed
1


                                         ***  PROGRAM SYSTEM MOLPRO  ***
                                       Copyright, TTI GmbH Stuttgart, 2015
                                    Version 2015.1 linked Dec 29 2018 15:55:43


 **********************************************************************************************************************************
 LABEL *   Calculation for Gd atom, singlet and triplet                                  
  64 bit mpp version                                                                     DATE: 17-Apr-23          TIME: 12:04:09  
 **********************************************************************************************************************************

 SHA1:             19cd028119e0e09f93f0674bd8af7968d9b3eff6
 **********************************************************************************************************************************

 THRESHOLDS:

 ZERO    =  1.00D-12  ONEINT  =  1.00D-12  TWOINT  =  1.00D-15  PREFAC  =  1.00D-14  LOCALI  =  1.00D-09  EORDER  =  1.00D-04
 ENERGY  =  0.00D+00  ETEST   =  0.00D+00  EDENS   =  0.00D+00  THRDEDEF=  1.00D-06  GRADIENT=  1.00D-02  STEP    =  1.00D-03
 ORBITAL =  1.00D-05  CIVEC   =  1.00D-05  COEFF   =  1.00D-04  PRINTCI =  5.00D-02  PUNCHCI =  9.90D+01  OPTGRAD =  3.00D-04
 OPTENERG=  1.00D-06  OPTSTEP =  3.00D-04  THRGRAD =  1.00D-10  COMPRESS=  1.00D-11  VARMIN  =  1.00D-07  VARMAX  =  1.00D-03
 THRDOUB =  0.00D+00  THRDIV  =  1.00D-05  THRRED  =  1.00D-07  THRPSP  =  1.00D+00  THRDC   =  1.00D-10  THRCS   =  1.00D-10
 THRNRM  =  1.00D-08  THREQ   =  0.00D+00  THRDE   =  1.00D+00  THRREF  =  1.00D-05  SPARFAC =  1.00D+00  THRDLP  =  1.00D-07
 THRDIA  =  1.00D-10  THRDLS  =  1.00D-07  THRGPS  =  0.00D+00  THRKEX  =  0.00D+00  THRDIS  =  2.00D-01  THRVAR  =  1.00D-10
 THRLOC  =  1.00D-06  THRGAP  =  1.00D-06  THRLOCT = -1.00D+00  THRGAPT = -1.00D+00  THRORB  =  1.00D-06  THRMLTP =  0.00D+00
 THRCPQCI=  1.00D-10  KEXTA   =  0.00D+00  THRCOARS=  0.00D+00  SYMTOL  =  1.00D-06  GRADTOL =  1.00D-06  THROVL  =  1.00D-08
 THRORTH =  1.00D-08  GRID    =  1.00D-06  GRIDMAX =  1.00D-03  DTMAX   =  0.00D+00  THROCCDE=  1.00D-01  THROCCDE=  1.00D-01



 THRESHOLDS:

 ZERO    =  1.00D-12  ONEINT  =  1.00D-15  TWOINT  =  1.00D-15  PREFAC  =  1.00D-14  LOCALI  =  1.00D-09  EORDER  =  1.00D-04
 ENERGY  =  0.00D+00  ETEST   =  0.00D+00  EDENS   =  0.00D+00  THRDEDEF=  1.00D-06  GRADIENT=  1.00D-02  STEP    =  1.00D-03
 ORBITAL =  1.00D-05  CIVEC   =  1.00D-05  COEFF   =  1.00D-04  PRINTCI =  5.00D-02  PUNCHCI =  9.90D+01  OPTGRAD =  3.00D-04
 OPTENERG=  1.00D-06  OPTSTEP =  3.00D-04  THRGRAD =  1.00D-10  COMPRESS=  1.00D-11  VARMIN  =  1.00D-07  VARMAX  =  1.00D-03
 THRDOUB =  0.00D+00  THRDIV  =  1.00D-05  THRRED  =  1.00D-07  THRPSP  =  1.00D+00  THRDC   =  1.00D-10  THRCS   =  1.00D-10
 THRNRM  =  1.00D-08  THREQ   =  0.00D+00  THRDE   =  1.00D+00  THRREF  =  1.00D-05  SPARFAC =  1.00D+00  THRDLP  =  1.00D-07
 THRDIA  =  1.00D-10  THRDLS  =  1.00D-07  THRGPS  =  0.00D+00  THRKEX  =  0.00D+00  THRDIS  =  2.00D-01  THRVAR  =  1.00D-10
 THRLOC  =  1.00D-06  THRGAP  =  1.00D-06  THRLOCT = -1.00D+00  THRGAPT = -1.00D+00  THRORB  =  1.00D-06  THRMLTP =  0.00D+00
 THRCPQCI=  1.00D-10  KEXTA   =  0.00D+00  THRCOARS=  0.00D+00  SYMTOL  =  1.00D-06  GRADTOL =  1.00D-06  THROVL  =  1.00D-08
 THRORTH =  1.00D-08  GRID    =  1.00D-06  GRIDMAX =  1.00D-03  DTMAX   =  0.00D+00  THROCCDE=  1.00D-01  THROCCDE=  1.00D-01


 SETTING DKROLL         =         1.00000000                                  
 SETTING DKHO           =        10.00000000                                  
 SETTING DKHP           =         4.00000000                                  

Geometry recognized as XYZ


 Variable memory set to 2000000000 words,  buffer space   230000 words

 SETTING BASIS          =    USERDEF

 DO I                   =         4.00000000   

 Running procedure=IEF1S2


 Recomputing integrals since basis changed


 Using spherical harmonics



 PROGRAM * SEWARD (Integral evaluation for generally contracted gaussian basis sets)     Author: Roland Lindh, 1990

 Geometry written to block  1 of record 700

 Orientation using atomic masses  
 Molecule type: Atom
 Symmetry elements: X,Y,Z
 Rotational constants:       0.0000000      0.0000000      0.0000000 GHz  (calculated with average atomic masses)

 Point group  D2h 



 ATOMIC COORDINATES

 NR  ATOM    CHARGE       X              Y              Z

   1  LU     71.00    0.000000000    0.000000000    0.000000000

 NUCLEAR CHARGE:                   71
 NUMBER OF PRIMITIVE AOS:         503
 NUMBER OF SYMMETRY AOS:          380
 NUMBER OF CONTRACTIONS:          380   (  85Ag  +  62B3u +  62B2u +  30B1g +  62B1u +  30B2g +  30B3g +  19Au  )
 NUMBER OF CORE ORBITALS:          23   (   8Ag  +   3B3u +   3B2u +   2B1g +   3B1u +   2B2g +   2B3g +   0Au  )
 NUMBER OF VALENCE ORBITALS:       17   (   4Ag  +   3B3u +   3B2u +   1B1g +   3B1u +   1B2g +   1B3g +   1Au  )


 NUCLEAR REPULSION ENERGY    0.00000000

 One-electron integrals computed with SEWARD

 10nd-order Douglas-Kroll-Hess method activated. McWeeny DKH parametrization is used.

 Computing Douglas-Kroll / X2C integrals

 AO integral compression algorithm  1   Integral accuracy      1.0D-15

     1957.691 MB (compressed) written to integral file ( 43.0%)

     Node minimum: 159.908 MB, node maximum: 517.472 MB


 NUMBER OF SORTED TWO-ELECTRON INTEGRALS:   67118199.     BUFFER LENGTH:  32768
 NUMBER OF SEGMENTS:   3  SEGMENT LENGTH:   31999752      RECORD LENGTH: 524288

 Memory used in sort:      32.56 MW

 SORT1 READ   568811974. AND WROTE    38386072. INTEGRALS IN    111 RECORDS. CPU TIME:    13.11 SEC, REAL TIME:    15.95 SEC
 SORT2 READ   190908661. AND WROTE   335703620. INTEGRALS IN   3050 RECORDS. CPU TIME:     1.01 SEC, REAL TIME:     1.91 SEC

 Node minimum:    67096799.  Node maximum:    67169268. integrals

 OPERATOR DM      FOR CENTER  0  COORDINATES:    0.000000    0.000000    0.000000

 EXTRA SYMMETRY OF AOS IN SYMMETRY 1:   1 1 1 1 1 1 1 1 1 1   1 1 1 1 1 1 1 1 1 1   1 1 1 1 1 1 1 1 1 1   1 2 3 2 3 2 3 2 3 2
                                        3 2 3 2 3 2 3 2 3 2   3 2 3 2 3 2 3 2 3 2   3 2 3 2 3 2 3 4 5 6   4 5 6 4 5 6 4 5 6 4
                                        5 6 4 5 6
 EXTRA SYMMETRY OF AOS IN SYMMETRY 2:   1 1 1 1 1 1 1 1 1 1   1 1 1 1 1 1 1 1 1 1   1 1 1 1 1 1 1 2 3 2   3 2 3 2 3 2 3 2 3 2
                                        3 2 3 2 3 2 3 2 3 2   3 2 3 4 5 6 4 5 6 4   5 6
 EXTRA SYMMETRY OF AOS IN SYMMETRY 3:   1 1 1 1 1 1 1 1 1 1   1 1 1 1 1 1 1 1 1 1   1 1 1 1 1 1 1 2 3 2   3 2 3 2 3 2 3 2 3 2
                                        3 2 3 2 3 2 3 2 3 2   3 2 3 4 5 6 4 5 6 4   5 6
 EXTRA SYMMETRY OF AOS IN SYMMETRY 4:   1 1 1 1 1 1 1 1 1 1   1 1 1 1 1 1 1 1 2 3   2 3 2 3 2 3 2 3 2 3
 EXTRA SYMMETRY OF AOS IN SYMMETRY 5:   1 1 1 1 1 1 1 1 1 1   1 1 1 1 1 1 1 1 1 1   1 1 1 1 1 1 1 2 3 2   3 2 3 2 3 2 3 2 3 2
                                        3 2 3 2 3 2 3 2 3 2   3 2 3 4 5 6 4 5 6 4   5 6
 EXTRA SYMMETRY OF AOS IN SYMMETRY 6:   1 1 1 1 1 1 1 1 1 1   1 1 1 1 1 1 1 1 2 3   2 3 2 3 2 3 2 3 2 3
 EXTRA SYMMETRY OF AOS IN SYMMETRY 7:   1 1 1 1 1 1 1 1 1 1   1 1 1 1 1 1 1 1 2 3   2 3 2 3 2 3 2 3 2 3
 EXTRA SYMMETRY OF AOS IN SYMMETRY 8:   1 1 1 1 1 1 1 1 1 1   1 1 1 2 3 2 3 2 3

 Eigenvalues of metric

         1 0.433E-04 0.526E-04 0.113E-03 0.205E-03 0.387E-03 0.579E-03 0.702E-03 0.702E-03
         2 0.122E-04 0.207E-04 0.110E-03 0.494E-03 0.158E-02 0.385E-02 0.728E-02 0.144E-01
         3 0.122E-04 0.207E-04 0.110E-03 0.494E-03 0.158E-02 0.385E-02 0.728E-02 0.144E-01
         4 0.702E-03 0.220E-02 0.838E-02 0.215E-01 0.345E-01 0.566E-01 0.104E+00 0.174E+00
         5 0.122E-04 0.207E-04 0.110E-03 0.494E-03 0.158E-02 0.385E-02 0.728E-02 0.144E-01
         6 0.702E-03 0.220E-02 0.838E-02 0.215E-01 0.345E-01 0.566E-01 0.104E+00 0.174E+00
         7 0.702E-03 0.220E-02 0.838E-02 0.215E-01 0.345E-01 0.566E-01 0.104E+00 0.174E+00
         8 0.144E-01 0.330E-01 0.524E-01 0.114E+00 0.217E+00 0.268E+00 0.268E+00 0.366E+00


 **********************************************************************************************************************************
 DATASETS  * FILE   NREC   LENGTH (MB)   RECORD NAMES
              1      22       21.47       500      610      700      900      950      970     1000      129      960     1700   
                                          VAR    BASINP    GEOM    SYMINP    ZMAT    AOBASIS   BASIS     P2S    ABASIS    OPER   
                                         1101     1401     1411     1412     1650     1100     1400     1410     1200     1210   
                                          SR      EKINR    POTR     PVPR    MOLCAS      S      EKIN      POT      H0       H01  
                                         1080     1600   
                                         AOSYM     SMH  

 PROGRAMS   *        TOTAL       INT
 CPU TIMES  *        80.34     80.06
 REAL TIME  *        87.40 SEC
 DISK USED  *         4.31 GB      
 GA USED    *         0.00 MB       (max)       0.00 MB       (current)
 **********************************************************************************************************************************


 PROGRAM * RHF-SCF (OPEN SHELL)       Authors: W. Meyer, H.-J. Werner


 NUMBER OF ELECTRONS:      36+   35-    SPACE SYMMETRY=2    SPIN SYMMETRY: Doublet 
 CONVERGENCE THRESHOLDS:    1.00E-05 (Density)    1.42E-07 (Energy)
 MAX. NUMBER OF ITERATIONS:      150
 INTERPOLATION TYPE:            DIIS
 INTERPOLATION STEPS:              2 (START)      1 (STEP)
 LEVEL SHIFTS:                 -0.60 (CLOSED) -0.30 (OPEN) 

 Number of closed-shell orbitals:   35 (  10   6   6   2   6   2   2   1 )
 Number of open-shell orbitals:      1 (   0   1   0   0   0   0   0   0 )


 
 Extra symmetries of mos in symmetry 2:   1   1   1   3   2   1   3   2
 Extra symmetries of mos in symmetry 3:   1   1   1   3   2   1   3   2
 Extra symmetries of mos in symmetry 5:   1   1   1   3   2   1   3   2
 Orbital guess generated from atomic densities. Full valence occupancy:   12   6   6   3   6   3   3   1


 Molecular orbital dump at record        4202.2

 ITERATION    DDIFF          GRAD             ENERGY        2-EL.EN.            DIPOLE MOMENTS         DIIS   ORB.
    1      0.000D+00      0.000D+00    -14559.02277896  10751.467712    0.00000    0.00000    0.00000    0    start
    2      0.000D+00      0.151D-01    -14559.26329031  10876.226396    0.00000    0.00000    0.00000    1    diag,B
    3      0.290D+01      0.199D-01    -14559.38614606  10835.599800    0.00000    0.00000    0.00000    2    diag,B
    4      0.655D+00      0.375D-02    -14559.46163979  10837.760165    0.00000    0.00000    0.00000    3    diag,B
    5      0.101D+01      0.217D-02    -14559.51012410  10847.009636    0.00000    0.00000    0.00000    4    diag,B
    6      0.625D+00      0.107D-02    -14559.52521357  10850.875865    0.00000    0.00000    0.00000    5    diag,B
    7      0.166D+00      0.294D-03    -14559.52620563  10851.600655    0.00000    0.00000    0.00000    6    diag,B
    8      0.109D-01      0.111D-03    -14559.52635308  10851.646287    0.00000    0.00000    0.00000    7    diag,B
    9      0.425D-02      0.738D-04    -14559.52646276  10851.640460    0.00000    0.00000    0.00000    8    diag,B
   10      0.484D-02      0.459D-04    -14559.52651105  10851.670718    0.00000    0.00000    0.00000    9    orth
   11      0.381D-03      0.287D-04    -14559.52653456  10851.651077    0.00000    0.00000    0.00000    9    diag,B
   12      0.150D-02      0.115D-04    -14559.52653834  10851.642510    0.00000    0.00000    0.00000    9    diag,B
   13      0.301D-03      0.458D-05    -14559.52653893  10851.643462    0.00000    0.00000    0.00000    9    diag,B
   14      0.159D-03      0.232D-05    -14559.52653909  10851.650252    0.00000    0.00000    0.00000    9    diag,B
   15      0.102D-03      0.807D-06    -14559.52653911  10851.652330    0.00000    0.00000    0.00000    9    diag,B
   16      0.136D-04      0.384D-06    -14559.52653912  10851.653267    0.00000    0.00000    0.00000    9    diag,B
   17      0.945D-05      0.123D-06    -14559.52653912  10851.653602    0.00000    0.00000    0.00000    0    orth

 Final alpha occupancy:  10   7   6   2   6   2   2   1
 Final beta  occupancy:  10   6   6   2   6   2   2   1

 !RHF STATE 1.2 Energy               -14559.5265391161    
 Nuclear energy                         0.00000000
 One-electron energy               -19985.35334034
 Two-electron energy                 5425.82680123
 Virial quotient                       -0.73341085
 !RHF STATE 1.2 Dipole moment           0.00000000     0.00000000     0.00000000
 Dipole moment /Debye                   0.00000000     0.00000000     0.00000000

 ELECTRON ORBITALS
 =================


   Orb  Occ    Energy  Couls-En    Coefficients

                                   1 1s      1 1s      1 1s      1 1s      1 1s      1 1s      1 1s      1 1s      1 1s      1 1s   
                                   1 1s      1 1s      1 1s      1 1s      1 1s      1 1s      1 1s      1 1s      1 1s      1 1s   
                                   1 1s      1 1s      1 1s      1 1s      1 1s      1 1s      1 1s      1 1s      1 1s      1 1s   
                                   1 1s      1 3d0     1 3d2+    1 3d0     1 3d2+    1 3d0     1 3d2+    1 3d0     1 3d2+    1 3d0  
                                   1 3d2+    1 3d0     1 3d2+    1 3d0     1 3d2+    1 3d0     1 3d2+    1 3d0     1 3d2+    1 3d0  
                                   1 3d2+    1 3d0     1 3d2+    1 3d0     1 3d2+    1 3d0     1 3d2+    1 3d0     1 3d2+    1 3d0  
                                   1 3d2+    1 3d0     1 3d2+    1 3d0     1 3d2+    1 3d0     1 3d2+    1 5g0     1 5g4+    1 5g2+ 
                                   1 5g0     1 5g4+    1 5g2+    1 5g0     1 5g4+    1 5g2+    1 5g0     1 5g4+    1 5g2+    1 5g0  
                                   1 5g4+    1 5g2+    1 5g0     1 5g4+    1 5g2+ 

   1.1   2 -2339.4473-5056.1787  0.000557  0.000534  0.001533  0.002162  0.004337  0.006949  0.012526  0.020944  0.036464  0.061414
                                 0.103322  0.164200  0.236008  0.270084  0.205554  0.074383  0.007430  0.000489 -0.000143 -0.000017
                                -0.000003  0.000012 -0.000006  0.000004 -0.000003  0.000002 -0.000002  0.000002 -0.000001  0.000001
                                -0.000000 -0.000000  0.000000 -0.000000  0.000000 -0.000000  0.000000 -0.000000 -0.000000  0.000000
                                 0.000000 -0.000000  0.000000  0.000000  0.000000 -0.000000  0.000000  0.000000  0.000000 -0.000000
                                 0.000000  0.000000  0.000000  0.000000  0.000000  0.000000 -0.000000 -0.000000 -0.000000 -0.000000
                                -0.000000 -0.000000  0.000000  0.000000 -0.000000 -0.000000 -0.000000  0.000000  0.000000 -0.000000
                                -0.000000 -0.000000  0.000000  0.000000  0.000000 -0.000000  0.000000 -0.000000  0.000000 -0.000000
                                -0.000000  0.000000  0.000000 -0.000000  0.000000

   2.1   2  -403.3268-1092.2033 -0.000208 -0.000200 -0.000574 -0.000812 -0.001633 -0.002631 -0.004772 -0.008082 -0.014279 -0.024754
                                -0.043175 -0.073619 -0.116506 -0.158069 -0.130526  0.047989  0.385267  0.457053  0.250128  0.029089
                                -0.025060  0.019768 -0.011280  0.006706 -0.004815  0.003577 -0.003327  0.002603 -0.001963  0.001549
                                -0.000502  0.000000  0.000000  0.000000  0.000000  0.000000  0.000000  0.000000  0.000000  0.000000
                                 0.000000  0.000000  0.000000  0.000000  0.000000  0.000000 -0.000000  0.000000  0.000000  0.000000
                                -0.000000 -0.000000  0.000000 -0.000000 -0.000000 -0.000000  0.000000  0.000000  0.000000  0.000000
                                 0.000000 -0.000000 -0.000000  0.000000  0.000000  0.000000  0.000000 -0.000000 -0.000000  0.000000
                                 0.000000  0.000000 -0.000000 -0.000000 -0.000000  0.000000 -0.000000  0.000000 -0.000000  0.000000
                                 0.000000 -0.000000 -0.000000  0.000000 -0.000000

   3.1   2   -93.6890 -385.2658  0.000098  0.000094  0.000271  0.000382  0.000776  0.001231  0.002291  0.003746  0.007007  0.011263
                                 0.022114  0.032485  0.065342  0.063160  0.106509 -0.120478 -0.150212 -0.786265  0.216892  1.236188
                                -0.343519  0.432751 -0.253627  0.159193 -0.117824  0.089109 -0.083876  0.066000 -0.050022  0.039545
                                -0.012818 -0.000000  0.000000  0.000000  0.000000 -0.000000  0.000000  0.000000  0.000000 -0.000000
                                 0.000000 -0.000000  0.000000 -0.000000  0.000000  0.000001  0.000000  0.000001  0.000000 -0.000000
                                 0.000000  0.000000 -0.000000 -0.000000  0.000000  0.000000 -0.000000 -0.000000  0.000000  0.000000
                                -0.000000 -0.000000  0.000000  0.000000 -0.000000 -0.000000  0.000000 -0.000000  0.000000 -0.000000
                                 0.000000  0.000000 -0.000000 -0.000000 -0.000000  0.000000 -0.000000 -0.000000  0.000000  0.000000
                                -0.000000  0.000000 -0.000000 -0.000000  0.000000

   4.1   2   -60.9403 -329.5533 -0.000000 -0.000000 -0.000000 -0.000000 -0.000000 -0.000000 -0.000000 -0.000000 -0.000000 -0.000000
                                -0.000000 -0.000000 -0.000000 -0.000000 -0.000001  0.000001 -0.000000  0.000006 -0.000005 -0.000006
                                 0.000008 -0.000005  0.000004 -0.000002  0.000002 -0.000001  0.000001 -0.000001  0.000001 -0.000001
                                 0.000000  0.000105 -0.000000  0.000790 -0.000000  0.004461 -0.000000  0.019794 -0.000000  0.067752
                                -0.000000  0.174617 -0.000000  0.315603 -0.000000  0.365685 -0.000000  0.218154 -0.000000  0.051216
                                -0.000000  0.003249 -0.000000  0.000554 -0.000000  0.000016 -0.000000  0.000035 -0.000000 -0.000024
                                 0.000000  0.000060 -0.000000 -0.000067  0.000000  0.000022 -0.000000  0.000001  0.000000  0.000000
                                -0.000000 -0.000000  0.000000  0.000000  0.000000  0.000000 -0.000000  0.000000  0.000000  0.000000
                                 0.000000 -0.000000 -0.000000  0.000000 -0.000000

   5.1   2   -60.9402 -329.5532 -0.000000 -0.000000 -0.000000 -0.000000 -0.000000 -0.000000 -0.000000 -0.000000 -0.000000 -0.000000
                                -0.000000 -0.000000 -0.000000 -0.000000 -0.000000  0.000000  0.000000  0.000000 -0.000000 -0.000000
                                 0.000000 -0.000000  0.000000 -0.000000  0.000000 -0.000000  0.000000 -0.000000  0.000000 -0.000000
                                 0.000000  0.000000  0.000105  0.000000  0.000790  0.000000  0.004461  0.000000  0.019794  0.000000
                                 0.067753  0.000000  0.174617  0.000000  0.315603  0.000000  0.365685  0.000000  0.218154  0.000000
                                 0.051216  0.000000  0.003248  0.000000  0.000554  0.000000  0.000016  0.000000  0.000035 -0.000000
                                -0.000024  0.000000  0.000060 -0.000000 -0.000067  0.000000  0.000022  0.000000  0.000000  0.000000
                                -0.000000  0.000000 -0.000000  0.000000 -0.000000  0.000000  0.000000 -0.000000 -0.000000  0.000000
                                -0.000000  0.000000  0.000000 -0.000000  0.000000

   6.1   2   -19.8939 -165.0979 -0.000048 -0.000046 -0.000132 -0.000185 -0.000379 -0.000596 -0.001125 -0.001798 -0.003480 -0.005327
                                -0.011211 -0.014923 -0.034450 -0.026055 -0.064681  0.087273  0.039627  0.541410 -0.246364 -1.429311
                                 0.612233  0.334718  0.845861 -0.175166  0.174271 -0.138195  0.134827 -0.107987  0.083166 -0.066160
                                 0.021527  0.000000 -0.000000 -0.000000 -0.000000  0.000000 -0.000000 -0.000000 -0.000000  0.000000
                                -0.000000 -0.000000 -0.000000  0.000000 -0.000000 -0.000001 -0.000000 -0.000001  0.000000 -0.000005
                                 0.000000  0.000010  0.000000  0.000003  0.000000 -0.000002  0.000000  0.000001  0.000000 -0.000001
                                 0.000000  0.000002 -0.000000 -0.000002  0.000000  0.000001 -0.000000  0.000000  0.000000 -0.000000
                                -0.000000  0.000000 -0.000000 -0.000000  0.000000  0.000000  0.000000  0.000000 -0.000000 -0.000000
                                 0.000000 -0.000000  0.000000  0.000000 -0.000000

   7.1   2    -8.3628 -133.0414  0.000000  0.000000  0.000000  0.000000  0.000000  0.000000  0.000000  0.000000  0.000000  0.000000
                                 0.000000  0.000000  0.000001  0.000001  0.000002 -0.000004  0.000000 -0.000020  0.000012  0.000056
                                -0.000028 -0.000075  0.000018  0.000088 -0.000066  0.000023 -0.000022  0.000023 -0.000019  0.000016
                                -0.000005 -0.000051  0.000000 -0.000386  0.000000 -0.002186  0.000000 -0.009782  0.000000 -0.033893
                                 0.000000 -0.089050  0.000000 -0.159061  0.000000 -0.162512  0.000000  0.050088 -0.000000  0.376331
                                -0.000001  0.460263 -0.000001  0.230924 -0.000000  0.033310 -0.000000 -0.000877  0.000000  0.001340
                                -0.000000 -0.003197  0.000000  0.003595 -0.000000 -0.001172  0.000000  0.000002 -0.000000 -0.000000
                                 0.000009  0.000000  0.000000 -0.000005 -0.000000  0.000000 -0.000001 -0.000000  0.000000  0.000001
                                -0.000000 -0.000000 -0.000000 -0.000000  0.000000

   8.1   2    -8.3626 -133.0407  0.000000  0.000000  0.000000  0.000000  0.000000  0.000000  0.000000  0.000000  0.000000  0.000000
                                 0.000000  0.000000  0.000000  0.000000  0.000000 -0.000000 -0.000000 -0.000000  0.000000  0.000000
                                -0.000000 -0.000000 -0.000000  0.000000 -0.000000  0.000000 -0.000000  0.000000 -0.000000  0.000000
                                -0.000000 -0.000000 -0.000051 -0.000000 -0.000386 -0.000000 -0.002186 -0.000000 -0.009782 -0.000000
                                -0.033893 -0.000000 -0.089050 -0.000000 -0.159061 -0.000000 -0.162510  0.000000  0.050086  0.000001
                                 0.376337  0.000001  0.460250  0.000000  0.230922  0.000000  0.033336 -0.000000 -0.000883  0.000000
                                 0.001339 -0.000000 -0.003199  0.000000  0.003597 -0.000000 -0.001173  0.000000  0.000000  0.000001
                                 0.000000  0.000000  0.000006 -0.000000 -0.000000 -0.000003 -0.000000 -0.000000 -0.000001  0.000000
                                -0.000000  0.000000 -0.000000 -0.000001 -0.000000

   9.1   2    -2.9145  -68.8321  0.000019  0.000018  0.000052  0.000072  0.000148  0.000232  0.000440  0.000699  0.001365  0.002060
                                 0.004423  0.005719  0.013731  0.009614  0.026682 -0.037315 -0.010978 -0.229425  0.114298  0.683987
                                -0.333177 -0.336230 -0.767232  0.424412  0.666113  0.452756 -0.126643  0.117464 -0.093248  0.075486
                                -0.024863 -0.000000  0.000000 -0.000000  0.000000 -0.000000  0.000000 -0.000001  0.000000 -0.000004
                                 0.000000 -0.000009  0.000000 -0.000019  0.000000 -0.000013  0.000000  0.000003 -0.000000  0.000067
                                -0.000000  0.000033 -0.000000  0.000036 -0.000000 -0.000282  0.000000 -0.000109  0.000000  0.000159
                                 0.000000 -0.000277  0.000000  0.000305 -0.000000 -0.000098  0.000000 -0.000000 -0.000000  0.000000
                                 0.000000 -0.000000  0.000000 -0.000001  0.000000 -0.000000 -0.000002  0.000000 -0.000000  0.000002
                                -0.000000  0.000000 -0.000000  0.000000 -0.000000

  10.1   2    -0.3499  -24.5522 -0.000006 -0.000005 -0.000016 -0.000022 -0.000045 -0.000071 -0.000135 -0.000214 -0.000418 -0.000629
                                -0.001355 -0.001743 -0.004214 -0.002911 -0.008235  0.011580  0.003108  0.071043 -0.035868 -0.214840
                                 0.105173  0.118674  0.266769 -0.156481 -0.372236 -0.427817  0.111175  0.583022  0.659606 -0.112198
                                 0.083931  0.000000  0.000000  0.000001  0.000000  0.000008  0.000000  0.000038  0.000000  0.000131
                                 0.000000  0.000345  0.000000  0.000617  0.000000  0.000613  0.000000 -0.000314 -0.000000 -0.001734
                                -0.000000 -0.002051 -0.000000 -0.000038  0.000000  0.004737  0.000000  0.008466  0.000000  0.008152
                                 0.000000  0.010972  0.000000  0.000641  0.000000  0.000365 -0.000000 -0.000000  0.000000 -0.000000
                                -0.000000  0.000000 -0.000000 -0.000000 -0.000000  0.000000 -0.000022 -0.000000  0.000000 -0.000396
                                 0.000000 -0.000000  0.000236 -0.000000  0.000000

  11.1   0    -0.0217  -27.8328 -0.000000 -0.000000 -0.000000 -0.000000 -0.000000 -0.000000 -0.000000 -0.000000 -0.000000 -0.000000
                                -0.000000 -0.000000 -0.000000 -0.000000 -0.000000  0.000000  0.000000  0.000000 -0.000000 -0.000000
                                 0.000000  0.000000  0.000000  0.000000 -0.000000  0.000000 -0.000000  0.000000 -0.000001  0.000002
                                -0.000001  0.000000  0.000008  0.000000  0.000060  0.000000  0.000341  0.000000  0.001534  0.000000
                                 0.005299  0.000000  0.014034  0.000000  0.024852  0.000000  0.025165 -0.000000 -0.013342 -0.000000
                                -0.068988 -0.000000 -0.085342  0.000000  0.002295  0.000000  0.182737  0.000000  0.360236  0.000000
                                 0.367424  0.000000  0.425303 -0.000000 -0.558422  0.000000  0.572803  0.000000 -0.000001 -0.000000
                                -0.000000  0.000007  0.000000  0.000000 -0.000015 -0.000000  0.000000  0.001874 -0.000251  0.000000
                                -0.008409  0.003205 -0.000000  0.040615 -0.002637

  12.1   0    -0.0214  -28.3467  0.000000  0.000000  0.000000  0.000001  0.000001  0.000002  0.000004  0.000006  0.000012  0.000018
                                 0.000039  0.000050  0.000121  0.000083  0.000238 -0.000335 -0.000085 -0.002049  0.001038  0.006150
                                -0.002939 -0.003563 -0.007369  0.003874  0.011581  0.009754  0.006871 -0.031286 -0.010144 -0.015585
                                 0.019479  0.000008 -0.000000  0.000061 -0.000000  0.000346 -0.000000  0.001555 -0.000000  0.005373
                                -0.000000  0.014224 -0.000000  0.025205 -0.000000  0.025489 -0.000000 -0.013479  0.000000 -0.070028
                                 0.000000 -0.086363  0.000000  0.002058  0.000000  0.185834 -0.000000  0.363527 -0.000000  0.381673
                                -0.000000  0.322676  0.000000 -0.319466 -0.000001  0.400113  0.000001 -0.000001 -0.000000  0.000000
                                 0.000003  0.000000 -0.000000 -0.000005 -0.000000  0.000000  0.000068  0.000000  0.000000  0.002395
                                -0.000000  0.000000  0.006244  0.000000 -0.000000

                                   1 2px     1 2px     1 2px     1 2px     1 2px     1 2px     1 2px     1 2px     1 2px     1 2px  
                                   1 2px     1 2px     1 2px     1 2px     1 2px     1 2px     1 2px     1 2px     1 2px     1 2px  
                                   1 2px     1 2px     1 2px     1 2px     1 2px     1 2px     1 2px     1 4f1+    1 4f3+    1 4f1+ 
                                   1 4f3+    1 4f1+    1 4f3+    1 4f1+    1 4f3+    1 4f1+    1 4f3+    1 4f1+    1 4f3+    1 4f1+ 
                                   1 4f3+    1 4f1+    1 4f3+    1 4f1+    1 4f3+    1 4f1+    1 4f3+    1 4f1+    1 4f3+    1 4f1+ 
                                   1 4f3+    1 4f1+    1 4f3+    1 6h1+    1 6h3+    1 6h5+    1 6h1+    1 6h3+    1 6h5+    1 6h1+ 
                                   1 6h3+    1 6h5+ 

   1.2   2  -355.5072-1008.1461  0.000016  0.000042  0.000122  0.000334  0.000941  0.002702  0.007905  0.022919  0.063093  0.152099
                                 0.288637  0.364205  0.236658  0.055962  0.002488 -0.000014  0.000338 -0.000364  0.000078 -0.000066
                                 0.000093 -0.000099  0.000042 -0.000036 -0.000007  0.000004  0.000035  0.000000  0.000000  0.000000
                                 0.000000  0.000000  0.000000  0.000000 -0.000000  0.000000  0.000000  0.000000 -0.000000 -0.000000
                                 0.000000 -0.000000 -0.000000 -0.000000  0.000000 -0.000000 -0.000000 -0.000000 -0.000000  0.000000
                                 0.000000 -0.000000 -0.000000  0.000000  0.000000  0.000000 -0.000000 -0.000000 -0.000000  0.000000
                                 0.000000  0.000000

   2.2   2   -79.0288 -357.7579 -0.000008 -0.000021 -0.000061 -0.000169 -0.000477 -0.001375 -0.004053 -0.011890 -0.033440 -0.083582
                                -0.167026 -0.215911 -0.041810  0.367229  0.519276  0.216356 -0.001329  0.022756  0.001350 -0.000137
                                 0.000413 -0.000474  0.000211 -0.000199 -0.000038  0.000020  0.000190 -0.000000 -0.000000 -0.000000
                                -0.000000  0.000000  0.000000  0.000001 -0.000000  0.000000  0.000000 -0.000000  0.000000  0.000000
                                -0.000000  0.000000  0.000000  0.000000  0.000000  0.000000  0.000000  0.000000  0.000000 -0.000000
                                -0.000000  0.000000  0.000000 -0.000000 -0.000000  0.000000 -0.000000  0.000000 -0.000000 -0.000000
                                 0.000000  0.000000

   3.2   2   -14.9806 -151.4959  0.000004  0.000010  0.000029  0.000081  0.000229  0.000661  0.001952  0.005741  0.016236  0.040895
                                 0.082892  0.107508  0.003660 -0.273242 -0.419122  0.047922  0.007121  0.595859  0.456947  0.083260
                                -0.003624  0.004664 -0.001113  0.000097  0.000029 -0.000027 -0.000091  0.000000  0.000000  0.000000
                                 0.000000  0.000000  0.000000  0.000001  0.000000  0.000002  0.000000  0.000004  0.000000  0.000008
                                 0.000000 -0.000004  0.000000 -0.000002  0.000000 -0.000001  0.000000 -0.000000 -0.000000  0.000000
                                 0.000000 -0.000000 -0.000000 -0.000000 -0.000000  0.000000 -0.000000 -0.000000 -0.000000  0.000000
                                -0.000000 -0.000000

   4.2   2    -1.0348 -103.1736  0.000000  0.000000  0.000000  0.000000  0.000000  0.000000  0.000000  0.000000  0.000000  0.000000
                                 0.000000  0.000000 -0.000000 -0.000000 -0.000000  0.000000  0.000000  0.000000  0.000000 -0.000000
                                -0.000000 -0.000000 -0.000000 -0.000000  0.000000  0.000000  0.000000  0.000000  0.000826  0.000000
                                 0.007191  0.000000  0.034240  0.000000  0.104466  0.000001  0.218041  0.000001  0.308559  0.000001
                                 0.320360  0.000001  0.251853  0.000000  0.140390  0.000000  0.038718  0.000000  0.001510  0.000000
                                 0.000331 -0.000000 -0.000179  0.000000  0.000005  0.000000 -0.000000 -0.000009  0.000000  0.000000
                                -0.000007  0.000000

   5.2   2    -1.0349 -103.1782 -0.000000 -0.000000 -0.000000 -0.000000 -0.000000 -0.000000 -0.000000 -0.000000 -0.000000 -0.000001
                                -0.000002 -0.000002  0.000000  0.000006  0.000010 -0.000006  0.000006 -0.000026 -0.000003  0.000025
                                -0.000033 -0.000066  0.000010 -0.000265  0.000307  0.000096  0.000248  0.000826 -0.000000  0.007191
                                -0.000000  0.034241 -0.000000  0.104471 -0.000000  0.218052 -0.000001  0.308573 -0.000001  0.320379
                                -0.000001  0.251859 -0.000001  0.140286 -0.000000  0.038713 -0.000000  0.001596 -0.000000  0.000297
                                -0.000000 -0.000163  0.000000  0.000009  0.000000 -0.000000 -0.000015  0.000000 -0.000000 -0.000016
                                 0.000000  0.000000

   6.2   2    -1.6405  -58.6018 -0.000001 -0.000003 -0.000010 -0.000028 -0.000080 -0.000230 -0.000681 -0.002001 -0.005669 -0.014289
                                -0.029077 -0.037659 -0.000100  0.104019  0.161083 -0.044736 -0.000607 -0.314154 -0.263114  0.201569
                                 0.562425  0.005339  0.384096  0.045237  0.058516 -0.003563 -0.043262 -0.000000  0.000000 -0.000001
                                 0.000000 -0.000005  0.000000 -0.000014  0.000000 -0.000032  0.000000 -0.000040  0.000000 -0.000054
                                 0.000000 -0.000011  0.000000 -0.000138  0.000000  0.000060  0.000000  0.000161  0.000000 -0.000056
                                -0.000000  0.000015  0.000000 -0.000000 -0.000000 -0.000000  0.000001  0.000000 -0.000000 -0.000004
                                -0.000000 -0.000001

   7.2   +     0.0039   -8.4209 -0.000000 -0.000000 -0.000000 -0.000000 -0.000000 -0.000000 -0.000000 -0.000000 -0.000000 -0.000000
                                -0.000000 -0.000000  0.000000  0.000000  0.000000 -0.000000  0.000000 -0.000000 -0.000000  0.000000
                                 0.000001  0.000000  0.000001  0.000014 -0.000000 -0.000002 -0.000016  0.000000 -0.000006  0.000000
                                -0.000082  0.000000 -0.000284  0.000000 -0.001187  0.000000 -0.001665  0.000000 -0.004056  0.000000
                                -0.000640  0.000000 -0.007003 -0.000000  0.012194 -0.000000 -0.026182  0.000000  0.224296 -0.000000
                                -0.465337 -0.000000  1.253049  0.000000 -0.000001 -0.000000 -0.000000  0.000007  0.000000  0.000000
                                -0.000018 -0.000000

   8.2   0     0.5352  -16.6224 -0.000000 -0.000000 -0.000000 -0.000000 -0.000001 -0.000003 -0.000007 -0.000023 -0.000061 -0.000165
                                -0.000306 -0.000466  0.000129  0.000809  0.002908 -0.006723  0.011025 -0.012404  0.003562 -0.009681
                                 0.067906 -0.118230  0.115222 -0.838028 -0.118701  0.107668  0.793353 -0.000073  0.000000 -0.000788
                                 0.000000 -0.003166  0.000000 -0.011445  0.000000 -0.019316  0.000000 -0.036496  0.000000 -0.017065
                                 0.000000 -0.046000  0.000000  0.082855 -0.000000 -0.095379  0.000000  2.210012 -0.000007 -2.401066
                                 0.000007  0.856035 -0.000003  0.000001  0.000000 -0.000000 -0.000012 -0.000000  0.000003  0.000011
                                 0.000000 -0.000008

   9.2   0    -0.0310  -15.7110  0.000000  0.000001  0.000002  0.000006  0.000016  0.000047  0.000138  0.000407  0.001153  0.002904
                                 0.005920  0.007647  0.000034 -0.021409 -0.032737  0.008078  0.002853  0.064127  0.057893 -0.052464
                                -0.129587 -0.032490 -0.122401 -7.112187  0.077373  0.601590  7.589566 -0.000001 -0.000000 -0.000005
                                -0.000000 -0.000021 -0.000000 -0.000066 -0.000000 -0.000136 -0.000000 -0.000194 -0.000000 -0.000192
                                 0.000000 -0.000140 -0.000000  0.000075  0.000000  0.000338 -0.000000  0.000112  0.000001  0.008778
                                -0.000002  0.003177  0.000005 -0.000000  0.000000  0.000003  0.000001 -0.000000 -0.000026 -0.000002
                                 0.000000  0.000064

                                   1 2py     1 2py     1 2py     1 2py     1 2py     1 2py     1 2py     1 2py     1 2py     1 2py  
                                   1 2py     1 2py     1 2py     1 2py     1 2py     1 2py     1 2py     1 2py     1 2py     1 2py  
                                   1 2py     1 2py     1 2py     1 2py     1 2py     1 2py     1 2py     1 4f1-    1 4f3-    1 4f1- 
                                   1 4f3-    1 4f1-    1 4f3-    1 4f1-    1 4f3-    1 4f1-    1 4f3-    1 4f1-    1 4f3-    1 4f1- 
                                   1 4f3-    1 4f1-    1 4f3-    1 4f1-    1 4f3-    1 4f1-    1 4f3-    1 4f1-    1 4f3-    1 4f1- 
                                   1 4f3-    1 4f1-    1 4f3-    1 6h1-    1 6h3-    1 6h5-    1 6h1-    1 6h3-    1 6h5-    1 6h1- 
                                   1 6h3-    1 6h5- 

   1.3   2  -355.5072-1008.1461  0.000016  0.000042  0.000122  0.000334  0.000941  0.002702  0.007905  0.022919  0.063093  0.152099
                                 0.288637  0.364205  0.236658  0.055962  0.002488 -0.000014  0.000338 -0.000364  0.000078 -0.000066
                                 0.000093 -0.000099  0.000042 -0.000036 -0.000007  0.000004  0.000035  0.000000  0.000000  0.000000
                                 0.000000  0.000000  0.000000  0.000000 -0.000000  0.000000  0.000000  0.000000 -0.000000 -0.000000
                                 0.000000 -0.000000 -0.000000 -0.000000  0.000000 -0.000000 -0.000000 -0.000000 -0.000000  0.000000
                                 0.000000 -0.000000 -0.000000  0.000000  0.000000 -0.000000 -0.000000 -0.000000  0.000000  0.000000
                                -0.000000 -0.000000

   2.3   2   -79.0288 -357.7579 -0.000008 -0.000021 -0.000061 -0.000169 -0.000477 -0.001375 -0.004053 -0.011890 -0.033440 -0.083582
                                -0.167026 -0.215911 -0.041810  0.367229  0.519276  0.216356 -0.001329  0.022756  0.001350 -0.000137
                                 0.000413 -0.000474  0.000211 -0.000199 -0.000038  0.000020  0.000190 -0.000000 -0.000000 -0.000000
                                -0.000000  0.000000  0.000000  0.000001  0.000000  0.000000  0.000000 -0.000000  0.000000  0.000000
                                 0.000000  0.000000  0.000000  0.000000  0.000000  0.000000  0.000000  0.000000  0.000000 -0.000000
                                 0.000000  0.000000 -0.000000 -0.000000 -0.000000 -0.000000 -0.000000  0.000000  0.000000 -0.000000
                                 0.000000 -0.000000

   3.3   2   -14.9806 -151.4959  0.000004  0.000010  0.000029  0.000081  0.000229  0.000661  0.001952  0.005741  0.016236  0.040895
                                 0.082892  0.107508  0.003660 -0.273242 -0.419122  0.047922  0.007121  0.595859  0.456947  0.083260
                                -0.003624  0.004664 -0.001113  0.000097  0.000029 -0.000027 -0.000091  0.000000  0.000000  0.000000
                                 0.000000  0.000000  0.000000  0.000001  0.000000  0.000002  0.000000  0.000004  0.000000  0.000008
                                 0.000000 -0.000004  0.000000 -0.000002  0.000000 -0.000001 -0.000000 -0.000000 -0.000000  0.000000
                                 0.000000 -0.000000 -0.000000 -0.000000 -0.000000 -0.000000 -0.000000  0.000000  0.000000  0.000000
                                -0.000000  0.000000

   4.3   2    -1.0347 -103.1727  0.000000  0.000000  0.000000  0.000000  0.000000  0.000000  0.000000  0.000000  0.000000  0.000000
                                 0.000000  0.000000 -0.000000 -0.000000 -0.000000  0.000000  0.000000  0.000000  0.000000 -0.000000
                                -0.000000 -0.000000 -0.000000  0.000000  0.000000  0.000000  0.000000  0.000000  0.000826  0.000000
                                 0.007191  0.000000  0.034239  0.000000  0.104464  0.000000  0.218039  0.000001  0.308556  0.000001
                                 0.320358  0.000000  0.251854  0.000000  0.140395  0.000000  0.038730  0.000000  0.001522  0.000000
                                 0.000321 -0.000000 -0.000172  0.000000  0.000005  0.000000 -0.000000 -0.000009  0.000000 -0.000000
                                -0.000007  0.000000

   5.3   2    -1.0349 -103.1782 -0.000000 -0.000000 -0.000000 -0.000000 -0.000000 -0.000000 -0.000000 -0.000000 -0.000000 -0.000001
                                -0.000002 -0.000002  0.000000  0.000006  0.000010 -0.000006  0.000006 -0.000026 -0.000003  0.000025
                                -0.000033 -0.000066  0.000010 -0.000265  0.000307  0.000096  0.000248  0.000826 -0.000000  0.007191
                                -0.000000  0.034241 -0.000000  0.104471 -0.000000  0.218052 -0.000000  0.308573 -0.000001  0.320379
                                -0.000001  0.251859 -0.000000  0.140286 -0.000000  0.038713 -0.000000  0.001596 -0.000000  0.000297
                                -0.000000 -0.000163  0.000000  0.000009  0.000000  0.000000 -0.000015  0.000000  0.000000 -0.000016
                                 0.000000 -0.000000

   6.3   2    -1.6405  -58.6018 -0.000001 -0.000003 -0.000010 -0.000028 -0.000080 -0.000230 -0.000681 -0.002001 -0.005669 -0.014289
                                -0.029077 -0.037659 -0.000100  0.104019  0.161083 -0.044736 -0.000607 -0.314154 -0.263114  0.201569
                                 0.562425  0.005339  0.384096  0.045237  0.058516 -0.003563 -0.043262 -0.000000  0.000000 -0.000001
                                 0.000000 -0.000005  0.000000 -0.000014  0.000000 -0.000032  0.000000 -0.000040  0.000000 -0.000054
                                 0.000000 -0.000011  0.000000 -0.000138  0.000000  0.000060  0.000000  0.000161  0.000000 -0.000056
                                -0.000000  0.000015  0.000000 -0.000000  0.000000  0.000000  0.000001 -0.000000  0.000000 -0.000004
                                 0.000000  0.000001

   7.3   0     0.1099   -8.0522 -0.000000 -0.000000 -0.000000 -0.000000 -0.000000 -0.000000 -0.000000 -0.000000 -0.000000 -0.000000
                                -0.000000 -0.000000 -0.000000  0.000000 -0.000000  0.000000 -0.000000  0.000000 -0.000000  0.000000
                                -0.000000  0.000001 -0.000000  0.000033  0.000000 -0.000001 -0.000033 -0.000000 -0.000004 -0.000000
                                -0.000074 -0.000000 -0.000212 -0.000000 -0.001073 -0.000000 -0.001162 -0.000000 -0.003920  0.000000
                                 0.000636 -0.000000 -0.008360  0.000000  0.015968 -0.000000 -0.037978  0.000000  0.274718 -0.000001
                                -0.613461  0.000001  1.335327  0.000000  0.000000  0.000000 -0.000000 -0.000003 -0.000000  0.000000
                                 0.000006  0.000000

   8.3   0     0.5352  -16.6224 -0.000000 -0.000000 -0.000000 -0.000000 -0.000001 -0.000003 -0.000007 -0.000023 -0.000061 -0.000165
                                -0.000306 -0.000466  0.000129  0.000809  0.002908 -0.006723  0.011025 -0.012404  0.003562 -0.009681
                                 0.067906 -0.118230  0.115221 -0.838022 -0.118700  0.107667  0.793348 -0.000073  0.000000 -0.000788
                                 0.000000 -0.003166  0.000000 -0.011445  0.000000 -0.019316  0.000000 -0.036496  0.000000 -0.017065
                                 0.000000 -0.046000  0.000000  0.082855 -0.000000 -0.095379  0.000000  2.210012 -0.000004 -2.401066
                                 0.000004  0.856035 -0.000001  0.000001  0.000000  0.000000 -0.000012 -0.000000 -0.000003  0.000011
                                 0.000000  0.000008

                                   1 3d2-    1 3d2-    1 3d2-    1 3d2-    1 3d2-    1 3d2-    1 3d2-    1 3d2-    1 3d2-    1 3d2- 
                                   1 3d2-    1 3d2-    1 3d2-    1 3d2-    1 3d2-    1 3d2-    1 3d2-    1 3d2-    1 5g2-    1 5g4- 
                                   1 5g2-    1 5g4-    1 5g2-    1 5g4-    1 5g2-    1 5g4-    1 5g2-    1 5g4-    1 5g2-    1 5g4- 


   1.4   2   -60.9402 -329.5532  0.000105  0.000790  0.004461  0.019794  0.067753  0.174617  0.315603  0.365685  0.218154  0.051216
                                 0.003248  0.000554  0.000016  0.000035 -0.000024  0.000060 -0.000067  0.000022  0.000000 -0.000000
                                -0.000000 -0.000000  0.000000  0.000000 -0.000000  0.000000  0.000000  0.000000  0.000000  0.000000

   2.4   2    -8.3626 -133.0407 -0.000051 -0.000386 -0.002186 -0.009782 -0.033893 -0.089050 -0.159061 -0.162510  0.050086  0.376337
                                 0.460250  0.230922  0.033336 -0.000883  0.001339 -0.003199  0.003597 -0.001173  0.000001 -0.000000
                                 0.000006 -0.000000 -0.000003  0.000000 -0.000001  0.000000  0.000000  0.000000 -0.000000  0.000001

   3.4   0    -0.0217  -27.8328  0.000008  0.000060  0.000341  0.001534  0.005299  0.014034  0.024852  0.025165 -0.013342 -0.068988
                                -0.085342  0.002295  0.182737  0.360236  0.367424  0.425304 -0.558425  0.572805 -0.000000  0.000001
                                 0.000000 -0.000007 -0.000000  0.000015 -0.000251 -0.001874  0.003205  0.008409 -0.002637 -0.040615

   4.4   0     0.0564  -11.4506 -0.000004 -0.000030 -0.000173 -0.000753 -0.002687 -0.006868 -0.012744 -0.011749  0.005065  0.037463
                                 0.037335  0.007616 -0.111037 -0.132287 -0.489657  3.176478 -6.501640  4.413626  0.000000  0.000004
                                -0.000000 -0.000028 -0.000000  0.000066  0.000081 -0.006154 -0.002437  0.037704  0.000649 -0.138405

                                   1 2pz     1 2pz     1 2pz     1 2pz     1 2pz     1 2pz     1 2pz     1 2pz     1 2pz     1 2pz  
                                   1 2pz     1 2pz     1 2pz     1 2pz     1 2pz     1 2pz     1 2pz     1 2pz     1 2pz     1 2pz  
                                   1 2pz     1 2pz     1 2pz     1 2pz     1 2pz     1 2pz     1 2pz     1 4f0     1 4f2+    1 4f0  
                                   1 4f2+    1 4f0     1 4f2+    1 4f0     1 4f2+    1 4f0     1 4f2+    1 4f0     1 4f2+    1 4f0  
                                   1 4f2+    1 4f0     1 4f2+    1 4f0     1 4f2+    1 4f0     1 4f2+    1 4f0     1 4f2+    1 4f0  
                                   1 4f2+    1 4f0     1 4f2+    1 6h2+    1 6h4+    1 6h0     1 6h2+    1 6h4+    1 6h0     1 6h2+ 
                                   1 6h4+    1 6h0  

   1.5   2  -355.5073-1008.1461  0.000016  0.000042  0.000122  0.000334  0.000941  0.002702  0.007905  0.022919  0.063093  0.152099
                                 0.288637  0.364205  0.236658  0.055962  0.002488 -0.000014  0.000338 -0.000364  0.000078 -0.000066
                                 0.000093 -0.000099  0.000042 -0.000036 -0.000007  0.000004  0.000035  0.000000  0.000000  0.000000
                                 0.000000  0.000000  0.000000  0.000000 -0.000000  0.000000  0.000000  0.000000 -0.000000 -0.000000
                                 0.000000 -0.000000 -0.000000 -0.000000  0.000000 -0.000000 -0.000000 -0.000000 -0.000000  0.000000
                                 0.000000 -0.000000  0.000000  0.000000 -0.000000  0.000000 -0.000000  0.000000 -0.000000  0.000000
                                -0.000000  0.000000

   2.5   2   -79.0290 -357.7580 -0.000008 -0.000021 -0.000061 -0.000169 -0.000477 -0.001375 -0.004053 -0.011890 -0.033440 -0.083582
                                -0.167025 -0.215911 -0.041810  0.367227  0.519277  0.216358 -0.001332  0.022757  0.001350 -0.000137
                                 0.000413 -0.000474  0.000211 -0.000198 -0.000038  0.000020  0.000190 -0.000000 -0.000000 -0.000000
                                -0.000000  0.000000  0.000000  0.000001  0.000000  0.000000  0.000000 -0.000000  0.000000  0.000000
                                 0.000000  0.000000  0.000000  0.000000  0.000000  0.000000  0.000000  0.000000 -0.000000 -0.000000
                                 0.000000  0.000000 -0.000000 -0.000000  0.000000 -0.000000  0.000000 -0.000000  0.000000  0.000000
                                -0.000000 -0.000000

   3.5   2   -14.9808 -151.4958  0.000004  0.000010  0.000029  0.000081  0.000229  0.000661  0.001952  0.005741  0.016236  0.040895
                                 0.082891  0.107507  0.003660 -0.273238 -0.419117  0.047912  0.007131  0.595830  0.456976  0.083260
                                -0.003645  0.004676 -0.001119  0.000102  0.000029 -0.000027 -0.000096  0.000000  0.000000  0.000000
                                 0.000000  0.000000  0.000000  0.000001  0.000000  0.000002  0.000000  0.000005  0.000000  0.000009
                                 0.000000 -0.000005  0.000000 -0.000002  0.000000 -0.000001 -0.000000 -0.000000 -0.000000  0.000000
                                 0.000000 -0.000000 -0.000000 -0.000000  0.000000 -0.000000 -0.000000  0.000000 -0.000000 -0.000000
                                 0.000000  0.000000

   4.5   2    -1.0349 -103.1761  0.000000  0.000000  0.000000  0.000000  0.000000  0.000000  0.000000  0.000000  0.000000  0.000000
                                 0.000000  0.000000  0.000000 -0.000000 -0.000000  0.000000  0.000000  0.000000  0.000000 -0.000000
                                -0.000000 -0.000000 -0.000000 -0.000000  0.000000  0.000000  0.000000  0.000000  0.000826  0.000000
                                 0.007191  0.000000  0.034240  0.000001  0.104468  0.000002  0.218047  0.000003  0.308566  0.000003
                                 0.320371  0.000002  0.251857  0.000001  0.140326  0.000000  0.038720  0.000000  0.001570  0.000000
                                 0.000306 -0.000000 -0.000165  0.000007  0.000000  0.000000 -0.000013  0.000000 -0.000000 -0.000012
                                -0.000000 -0.000000

   5.5   2    -1.0350 -103.1789 -0.000000 -0.000000 -0.000000 -0.000000 -0.000000 -0.000000 -0.000000 -0.000000 -0.000000 -0.000001
                                -0.000002 -0.000003  0.000000  0.000007  0.000013 -0.000007  0.000008 -0.000032 -0.000004  0.000030
                                -0.000041 -0.000079  0.000014 -0.000299  0.000371  0.000121  0.000284  0.000826 -0.000000  0.007192
                                -0.000000  0.034242 -0.000000  0.104472 -0.000001  0.218054 -0.000002  0.308575 -0.000003  0.320382
                                -0.000003  0.251860 -0.000002  0.140273 -0.000001  0.038709 -0.000000  0.001604 -0.000000  0.000293
                                -0.000000 -0.000162  0.000000 -0.000000 -0.000000  0.000009  0.000000  0.000000 -0.000016  0.000000
                                -0.000000 -0.000017

   6.5   2    -1.6402  -58.5780 -0.000001 -0.000003 -0.000010 -0.000028 -0.000080 -0.000230 -0.000680 -0.002000 -0.005666 -0.014281
                                -0.029061 -0.037639 -0.000100  0.103962  0.160994 -0.044703 -0.000626 -0.313955 -0.262983  0.201442
                                 0.562246  0.004721  0.384100  0.044315  0.059619 -0.003233 -0.042397 -0.000000  0.000000 -0.000001
                                 0.000000 -0.000006  0.000000 -0.000017  0.000000 -0.000039  0.000000 -0.000050  0.000000 -0.000066
                                 0.000000 -0.000013  0.000000 -0.000166  0.000000  0.000067  0.000000  0.000192  0.000000 -0.000060
                                -0.000000  0.000023 -0.000000 -0.000000  0.000000 -0.000000  0.000000 -0.000000  0.000001 -0.000000
                                 0.000000 -0.000006

   7.5   0     0.1006   -8.0605  0.000000  0.000000  0.000000  0.000000  0.000000  0.000000  0.000000  0.000000  0.000000  0.000000
                                 0.000000  0.000000 -0.000000  0.000000 -0.000000  0.000000 -0.000000  0.000000 -0.000000  0.000000
                                -0.000001  0.000001 -0.000001  0.000069  0.000001 -0.000002 -0.000068 -0.000000 -0.000004 -0.000000
                                -0.000072 -0.000000 -0.000208 -0.000000 -0.001050 -0.000000 -0.001137 -0.000000 -0.003835  0.000000
                                 0.000619 -0.000000 -0.008179  0.000000  0.015592 -0.000000 -0.037162  0.000002  0.268424 -0.000005
                                -0.606547  0.000011  1.332806  0.000000  0.000001  0.000000 -0.000001 -0.000008 -0.000000  0.000001
                                 0.000020  0.000000

   8.5   0     0.5349  -16.6260 -0.000000 -0.000000 -0.000000 -0.000000 -0.000001 -0.000004 -0.000011 -0.000033 -0.000088 -0.000242
                                -0.000439 -0.000695  0.000232  0.001054  0.004613 -0.011922  0.019854 -0.021059  0.007469 -0.018296
                                 0.117644 -0.207846  0.196321 -1.793603 -0.192557  0.186612  1.711028 -0.000073  0.000000 -0.000788
                                 0.000000 -0.003163  0.000000 -0.011436  0.000000 -0.019291  0.000000 -0.036476  0.000000 -0.017017
                                 0.000000 -0.046027  0.000000  0.082934 -0.000001 -0.095820  0.000001  2.209498 -0.000023 -2.399562
                                 0.000025  0.855266 -0.000009  0.000000 -0.000000  0.000001 -0.000000  0.000000 -0.000011  0.000000
                                -0.000000  0.000008

                                   1 3d1+    1 3d1+    1 3d1+    1 3d1+    1 3d1+    1 3d1+    1 3d1+    1 3d1+    1 3d1+    1 3d1+ 
                                   1 3d1+    1 3d1+    1 3d1+    1 3d1+    1 3d1+    1 3d1+    1 3d1+    1 3d1+    1 5g1+    1 5g3+ 
                                   1 5g1+    1 5g3+    1 5g1+    1 5g3+    1 5g1+    1 5g3+    1 5g1+    1 5g3+    1 5g1+    1 5g3+ 


   1.6   2   -60.9403 -329.5533  0.000105  0.000790  0.004461  0.019794  0.067753  0.174617  0.315603  0.365685  0.218154  0.051216
                                 0.003248  0.000554  0.000016  0.000035 -0.000024  0.000060 -0.000067  0.000022  0.000001  0.000000
                                -0.000000  0.000000  0.000000  0.000000 -0.000000 -0.000000  0.000000 -0.000000 -0.000000 -0.000000

   2.6   2    -8.3628 -133.0412 -0.000051 -0.000386 -0.002186 -0.009782 -0.033893 -0.089050 -0.159061 -0.162512  0.050088  0.376332
                                 0.460260  0.230924  0.033317 -0.000879  0.001340 -0.003198  0.003596 -0.001172  0.000002  0.000000
                                 0.000008  0.000000 -0.000005  0.000000 -0.000001  0.000000  0.000001 -0.000000 -0.000000  0.000000

   3.6   0    -0.0207  -28.5145  0.000008  0.000062  0.000348  0.001564  0.005405  0.014308  0.025356  0.025637 -0.013552 -0.070459
                                -0.086855  0.002035  0.187039  0.365589  0.385327  0.306673 -0.285070  0.371841 -0.000001  0.000000
                                 0.000002 -0.000000 -0.000004  0.000000  0.000069  0.000000  0.002328  0.000000  0.005794 -0.000000

   4.6   0     0.0637  -10.5365 -0.000004 -0.000026 -0.000153 -0.000663 -0.002381 -0.006042 -0.011317 -0.010234  0.004187  0.033625
                                 0.032035  0.008319 -0.101495 -0.107668 -0.486901  3.374651 -6.840678  4.592450 -0.000001 -0.000000
                                 0.000008  0.000000 -0.000019 -0.000000  0.001845 -0.000000 -0.013715 -0.000000  0.039914 -0.000000

                                   1 3d1-    1 3d1-    1 3d1-    1 3d1-    1 3d1-    1 3d1-    1 3d1-    1 3d1-    1 3d1-    1 3d1- 
                                   1 3d1-    1 3d1-    1 3d1-    1 3d1-    1 3d1-    1 3d1-    1 3d1-    1 3d1-    1 5g1-    1 5g3- 
                                   1 5g1-    1 5g3-    1 5g1-    1 5g3-    1 5g1-    1 5g3-    1 5g1-    1 5g3-    1 5g1-    1 5g3- 


   1.7   2   -60.9403 -329.5533  0.000105  0.000790  0.004461  0.019794  0.067753  0.174617  0.315603  0.365685  0.218154  0.051216
                                 0.003248  0.000554  0.000016  0.000035 -0.000024  0.000060 -0.000067  0.000022  0.000001  0.000000
                                -0.000000  0.000000  0.000000  0.000000 -0.000000  0.000000  0.000000 -0.000000 -0.000000  0.000000

   2.7   2    -8.3628 -133.0412 -0.000051 -0.000386 -0.002186 -0.009782 -0.033893 -0.089050 -0.159061 -0.162512  0.050088  0.376332
                                 0.460260  0.230924  0.033317 -0.000879  0.001340 -0.003198  0.003596 -0.001172  0.000002  0.000000
                                 0.000008  0.000000 -0.000005  0.000000 -0.000001  0.000000  0.000001 -0.000000 -0.000000  0.000000

   3.7   0    -0.0207  -28.5146  0.000008  0.000062  0.000348  0.001564  0.005405  0.014308  0.025356  0.025637 -0.013552 -0.070459
                                -0.086855  0.002035  0.187039  0.365589  0.385327  0.306673 -0.285070  0.371841 -0.000001  0.000000
                                 0.000002 -0.000000 -0.000004  0.000000  0.000069  0.000000  0.002328  0.000000  0.005794  0.000000

   4.7   0     0.0637  -10.5365 -0.000004 -0.000026 -0.000153 -0.000663 -0.002381 -0.006042 -0.011317 -0.010234  0.004187  0.033625
                                 0.032035  0.008319 -0.101495 -0.107668 -0.486901  3.374652 -6.840678  4.592450 -0.000001 -0.000000
                                 0.000008  0.000000 -0.000019 -0.000000  0.001845  0.000000 -0.013715 -0.000000  0.039915  0.000000

                                   1 4f2-    1 4f2-    1 4f2-    1 4f2-    1 4f2-    1 4f2-    1 4f2-    1 4f2-    1 4f2-    1 4f2- 
                                   1 4f2-    1 4f2-    1 4f2-    1 6h4-    1 6h2-    1 6h4-    1 6h2-    1 6h4-    1 6h2- 

   1.8   2    -1.0349 -103.1761  0.000826  0.007191  0.034240  0.104468  0.218047  0.308566  0.320371  0.251857  0.140326  0.038720
                                 0.001570  0.000306 -0.000165 -0.000000  0.000007 -0.000000 -0.000013  0.000000 -0.000012

   2.8   0     0.1006   -8.0605 -0.000004 -0.000072 -0.000208 -0.001050 -0.001137 -0.003835  0.000619 -0.008179  0.015592 -0.037162
                                 0.268424 -0.606547  1.332806 -0.000001  0.000000  0.000008 -0.000001 -0.000020  0.000001

   3.8   0     0.2543  -11.7122 -0.000034 -0.000216 -0.001357 -0.003142 -0.009063 -0.007265 -0.018172  0.009429 -0.035381  0.135596
                                -0.483322  2.033683 -1.166604 -0.000001  0.000001  0.000009 -0.000005 -0.000022  0.000010

 HOMO      7.2     0.003850 =       0.1048eV
 LUMO      3.4    -0.021679 =      -0.5899eV
 LUMO-HOMO        -0.025529 =      -0.6947eV


 **********************************************************************************************************************************
 DATASETS  * FILE   NREC   LENGTH (MB)   RECORD NAMES
              1      22       21.47       500      610      700      900      950      970     1000      129      960     1700   
                                          VAR    BASINP    GEOM    SYMINP    ZMAT    AOBASIS   BASIS     P2S    ABASIS    OPER   
                                         1101     1401     1411     1412     1650     1100     1400     1410     1200     1210   
                                          SR      EKINR    POTR     PVPR    MOLCAS      S      EKIN      POT      H0       H01  
                                         1080     1600   
                                         AOSYM     SMH  

              2       5        6.02       200      700     1000      520     4202   
                                        OPTIONS   GEOM     BASIS   MCVARS     RHF  

 PROGRAMS   *        TOTAL       RHF       INT
 CPU TIMES  *        83.95      3.61     80.06
 REAL TIME  *        91.62 SEC
 DISK USED  *         4.46 GB      
 SF USED    *         0.09 MB      
 GA USED    *         0.00 MB       (max)       0.00 MB       (current)
 **********************************************************************************************************************************


 PROGRAM * RHF-SCF (OPEN SHELL)       Authors: W. Meyer, H.-J. Werner


 NUMBER OF ELECTRONS:      36+   35-    SPACE SYMMETRY=2    SPIN SYMMETRY: Doublet 
 CONVERGENCE THRESHOLDS:    1.00E-05 (Density)    1.42E-07 (Energy)
 MAX. NUMBER OF ITERATIONS:        0
 INTERPOLATION TYPE:            DIIS
 INTERPOLATION STEPS:              2 (START)      1 (STEP)
 LEVEL SHIFTS:                 -0.60 (CLOSED) -0.30 (OPEN) 

 Number of closed-shell orbitals:   35 (  10   6   6   2   6   2   2   1 )
 Number of open-shell orbitals:      1 (   0   1   0   0   0   0   0   0 )


 Molecular orbitals read from record     4202.2  Type=RHF/CANONICAL (state 1.2)

 Molecular orbital dump at record        2108.2

 ITERATION    DDIFF          GRAD             ENERGY        2-EL.EN.            DIPOLE MOMENTS         DIIS   ORB.
    1      0.000D+00      0.000D+00    -14559.52653912  10851.653602    0.00000    0.00000    0.00000    0    start

 Final alpha occupancy:  10   7   6   2   6   2   2   1
 Final beta  occupancy:  10   6   6   2   6   2   2   1

 !RHF STATE 1.2 Energy               -14559.5265391161    
 Nuclear energy                         0.00000000
 One-electron energy               -19985.35334034
 Two-electron energy                 5425.82680123
 Virial quotient                       -0.73341085
 !RHF STATE 1.2 Dipole moment           0.00000000     0.00000000     0.00000000
 Dipole moment /Debye                   0.00000000     0.00000000     0.00000000

 Orbital energies:

         1.1          2.1          3.1          4.1          5.1          6.1          7.1          8.1          9.1         10.1
  -2339.447320  -403.326822   -93.688979   -60.940339   -60.940167   -19.893950    -8.362833    -8.362572    -2.914483    -0.349858

        11.1         12.1
     -0.021678    -0.021362

         1.2          2.2          3.2          4.2          5.2          6.2          7.2          8.2          9.2
   -355.507218   -79.028837   -14.980601    -1.034758    -1.034932    -1.640548     0.003850     0.535231    -0.031006

         1.3          2.3          3.3          4.3          5.3          6.3          7.3          8.3
   -355.507218   -79.028837   -14.980601    -1.034718    -1.034932    -1.640548     0.109903     0.535231

         1.4          2.4          3.4          4.4
    -60.940167    -8.362572    -0.021679     0.056447

         1.5          2.5          3.5          4.5          5.5          6.5          7.5          8.5
   -355.507280   -79.028995   -14.980800    -1.034854    -1.034957    -1.640206     0.100565     0.534878

         1.6          2.6          3.6          4.6
    -60.940295    -8.362765    -0.020740     0.063735

         1.7          2.7          3.7          4.7
    -60.940295    -8.362765    -0.020740     0.063735

         1.8          2.8          3.8
     -1.034854     0.100565     0.254274

 HOMO      7.2     0.003850 =       0.1048eV
 LUMO      3.4    -0.021679 =      -0.5899eV
 LUMO-HOMO        -0.025529 =      -0.6947eV


 **********************************************************************************************************************************
 DATASETS  * FILE   NREC   LENGTH (MB)   RECORD NAMES
              1      22       21.47       500      610      700      900      950      970     1000      129      960     1700   
                                          VAR    BASINP    GEOM    SYMINP    ZMAT    AOBASIS   BASIS     P2S    ABASIS    OPER   
                                         1101     1401     1411     1412     1650     1100     1400     1410     1200     1210   
                                          SR      EKINR    POTR     PVPR    MOLCAS      S      EKIN      POT      H0       H01  
                                         1080     1600   
                                         AOSYM     SMH  

              2       6        9.40       200      700     1000      520     4202     2108   
                                        OPTIONS   GEOM     BASIS   MCVARS     RHF      RHF  

 PROGRAMS   *        TOTAL       RHF       RHF       INT
 CPU TIMES  *        84.13      0.18      3.61     80.06
 REAL TIME  *        91.89 SEC
 DISK USED  *         4.46 GB      
 SF USED    *         0.09 MB      
 GA USED    *         0.00 MB       (max)       0.00 MB       (current)
 **********************************************************************************************************************************
 SETTING SCF(4)         =    -14559.52653912  AU                              
 SETTING _CC_NORM_MAX   =         2.00000000                                  


 PROGRAM * CCSD (Restricted open-shell coupled cluster)     Authors: C. Hampel, H.-J. Werner, 1991, M. Deegan, P.J. Knowles, 1992


 Convergence thresholds:  THRVAR = 1.00D-08  THRDEN = 1.42D-06

 CCSD(T)     terms to be evaluated (factor= 1.000)


 Number of core orbitals:          23 (   8   3   3   2   3   2   2   0 )
 Number of closed-shell orbitals:  12 (   2   3   3   0   3   0   0   1 )
 Number of active  orbitals:        1 (   0   1   0   0   0   0   0   0 )
 Number of external orbitals:     344 (  75  55  56  28  56  28  28  18 )

 Memory could be reduced to 116.87 Mwords without degradation in triples

 Number of N-1 electron functions:              25
 Number of N-2 electron functions:             300
 Number of singly external CSFs:              1400
 Number of doubly external CSFs:           3451545
 Total number of CSFs:                     3452945

 Molecular orbitals read from record     2108.2  Type=RHF/CANONICAL (state 1.2)

 Integral transformation finished. Total CPU:   2.58 sec, npass=  1  Memory used:  26.32 MW

 Starting RMP2 calculation

 Wavefunction is spin-projected

 ITER.      SQ.NORM     CORR.ENERGY   TOTAL ENERGY   ENERGY CHANGE        DEN1      VAR(S)    VAR(P)  DIIS     TIME
   1      1.18599399    -1.49631185-14561.02285097    -1.49631185    -0.00818512  0.68D-06  0.35D-02  1  1     3.05
   2      1.19690935    -1.50533225-14561.03187137    -0.00902040    -0.00041211  0.14D-06  0.38D-03  2  2     3.28
   3      1.20209898    -1.50709321-14561.03363233    -0.00176096    -0.00002522  0.94D-08  0.26D-04  3  3     3.53
   4      1.20344804    -1.50732695-14561.03386607    -0.00023374    -0.00000202  0.14D-09  0.22D-05  4  4     3.84
   5      1.20362092    -1.50733725-14561.03387636    -0.00001030    -0.00000012  0.19D-10  0.12D-06  5  5     4.12
   6      1.20364199    -1.50733720-14561.03387632     0.00000005    -0.00000001  0.90D-11  0.71D-08  6  6     4.47

 Norm of t1 vector:      0.00307962      S-energy:    -0.00000458      T1 diagnostic:  0.00000741
 Norm of t2 vector:      0.45125659      P-energy:    -1.50733262
                                         Alpha-Beta:  -0.93734840
                                         Alpha-Alpha: -0.28636063
                                         Beta-Beta:   -0.28362358

 Spin contamination <S**2-Sz**2-Sz>     0.00000000
  Reference energy                   -14559.5265391161    
  RHF-RMP2 correlation energy          -1.507337200849
 !RHF-RMP2 energy                    -14561.0338763170    
 (NB above energy spin projected)

 Starting RCCSD calculation

 ITER.      SQ.NORM     CORR.ENERGY   TOTAL ENERGY   ENERGY CHANGE        DEN1      VAR(S)    VAR(P)  DIIS     TIME
   1      1.13630500    -1.22208070-14560.74861981    -1.22208070    -0.08213801  0.60D-02  0.90D-02  0  0     7.62
   2      1.16019637    -1.29480459-14560.82134370    -0.07272389    -0.01006827  0.64D-03  0.20D-02  1  1    10.60
   3      1.16464274    -1.28187656-14560.80841568     0.01292803    -0.00101489  0.24D-03  0.52D-03  2  2    13.63
   4      1.17332628    -1.28457654-14560.81111565    -0.00269998    -0.00031479  0.79D-04  0.21D-03  3  3    16.64
   5      1.18221673    -1.28669627-14560.81323539    -0.00211973    -0.00010011  0.26D-04  0.85D-04  4  4    19.67
   6      1.18838549    -1.28730000-14560.81383912    -0.00060373    -0.00005305  0.11D-04  0.52D-04  5  5    22.72
   7      1.19214240    -1.28747604-14560.81401515    -0.00017603    -0.00004046  0.64D-05  0.43D-04  6  6    25.86
   8      1.19882859    -1.28776048-14560.81429959    -0.00028444    -0.00002906  0.24D-05  0.33D-04  7  7    28.97
   9      1.20707174    -1.28797577-14560.81451488    -0.00021529    -0.00002081  0.51D-06  0.24D-04  8  8    32.15
  10      1.21830320    -1.28817120-14560.81471031    -0.00019543    -0.00001439  0.19D-06  0.17D-04  9  9    35.38
  11      1.23736109    -1.28849387-14560.81503299    -0.00032267    -0.00000748  0.72D-06  0.79D-05 10 10    38.62
  12      1.24813149    -1.28863794-14560.81517705    -0.00014407    -0.00000472  0.10D-05  0.47D-05 11 11    41.85
  13      1.25605963    -1.28872469-14560.81526381    -0.00008676    -0.00000360  0.24D-05  0.28D-05 12 12    45.11
  14      1.25734425    -1.28873872-14560.81527783    -0.00001402    -0.00000394  0.39D-05  0.24D-05 13 13    48.35
  15      1.26097976    -1.28878404-14560.81532315    -0.00004532    -0.00000228  0.11D-05  0.19D-05 14 14    51.68
  16      1.26726994    -1.28884359-14560.81538271    -0.00005956    -0.00000088  0.16D-06  0.83D-06 15 15    55.11
  17      1.27162519    -1.28888348-14560.81542259    -0.00003988    -0.00000038  0.85D-07  0.33D-06 15  1    58.53
  18      1.27356505    -1.28889522-14560.81543433    -0.00001174    -0.00000018  0.46D-07  0.16D-06 15  2    61.95
  19      1.27443542    -1.28891282-14560.81545194    -0.00001760    -0.00000009  0.20D-07  0.85D-07 15  5    65.31
  20      1.27504451    -1.28891235-14560.81545147     0.00000046    -0.00000005  0.58D-08  0.53D-07 15  3    68.62
  21      1.27539113    -1.28891592-14560.81545503    -0.00000356    -0.00000003  0.19D-08  0.39D-07 15  4    71.94
  22      1.27571449    -1.28891949-14560.81545861    -0.00000358    -0.00000002  0.80D-09  0.23D-07 15  6    75.30
  23      1.27597578    -1.28892504-14560.81546416    -0.00000555    -0.00000001  0.26D-08  0.12D-07 15  7    78.71
  24      1.27616323    -1.28892627-14560.81546539    -0.00000123    -0.00000001  0.20D-08  0.46D-08 15 12    82.17

 Norm of t1 vector:      0.13392829      S-energy:     0.00000204      T1 diagnostic:  0.01892910
                                                                       D1 diagnostic:  0.05991142
 Norm of t2 vector:      0.50815985      P-energy:    -1.28892831
                                         Alpha-Beta:  -0.83142791
                                         Alpha-Alpha: -0.23036940
                                         Beta-Beta:   -0.22713101

 Singles amplitudes (print threshold =  0.500E-01):

         I         SYM. A    A   T(IA) [Alpha-Alpha]

         6         2         7      0.08089820

 Doubles amplitudes (print threshold =  0.500E-01):

         I         J         SYM. A    SYM. B    A         B      T(IJ, AB) [Alpha-Alpha]

         6         2         1         2         1         3     -0.05689444
         6         2         2         1         3         1      0.05689444
         6         2         3         4         3         1     -0.05689360
         6         2         4         3         1         3      0.05689360
 
         I         J         SYM. A    SYM. B    A         B      T(IJ, AB) [Alpha-Beta]

         2         2         2         2         3         3     -0.05094438
         2         2         3         3         3         3     -0.05094422
         2         2         5         5         3         3     -0.06158929
         6         2         1         2         1         3     -0.17265602
         6         2         2         1         3         1     -0.11576157
         6         2         3         4         3         1      0.11576013
         6         2         4         3         1         3      0.17265373

 Spin contamination <S**2-Sz**2-Sz>     0.00000000

 Memory could be reduced to 120.19 Mwords without degradation in triples
 

 RESULTS
 =======

  Reference energy                   -14559.5265391161    
  RCCSD singles energy                  0.000002038363
  RCCSD pair energy                    -1.288928311672
  RCCSD correlation energy             -1.288926273308
  Triples (T) contribution             -0.059545872836
  Total correlation energy             -1.348472146145
 
  RHF-RCCSD energy                   -14560.8154653894    
  RHF-RCCSD[T] energy                -14560.8804257100    
  RHF-RCCSD-T energy                 -14560.8742695471    
 !RHF-RCCSD(T) energy                -14560.8750112623    

 Program statistics:

 Available memory in ccsd:              1999998418
 Min. memory needed in ccsd:               9885098
 Max. memory used in ccsd:                14170134
 Max. memory used in cckext:              12240188 (24 integral passes)
 Max. memory used in cckint:              26321333 ( 1 integral passes)



 **********************************************************************************************************************************
 DATASETS  * FILE   NREC   LENGTH (MB)   RECORD NAMES
              1      22       21.47       500      610      700      900      950      970     1000      129      960     1700   
                                          VAR    BASINP    GEOM    SYMINP    ZMAT    AOBASIS   BASIS     P2S    ABASIS    OPER   
                                         1101     1401     1411     1412     1650     1100     1400     1410     1200     1210   
                                          SR      EKINR    POTR     PVPR    MOLCAS      S      EKIN      POT      H0       H01  
                                         1080     1600   
                                         AOSYM     SMH  

              2       6        9.40       200      700     1000      520     4202     2108   
                                        OPTIONS   GEOM     BASIS   MCVARS     RHF      RHF  

 PROGRAMS   *        TOTAL  RCCSD(T)       RHF       RHF       INT
 CPU TIMES  *       280.08    195.95      0.18      3.61     80.06
 REAL TIME  *       319.00 SEC
 DISK USED  *         9.91 GB      
 SF USED    *         2.05 GB      
 GA USED    *         0.00 MB       (max)       0.00 MB       (current)
 **********************************************************************************************************************************
 SETTING CCSD(4)        =    -14560.87501126  AU                              
 Output type csv         
                                                                                                                                                                                                                                                                

          SCF,CCSD
        0.00000,        0.00000
        0.00000,        0.00000
        0.00000,        0.00000
   -14559.52654,   -14560.87501
                                                  

 RCCSD(T)/USERDEF energy= -14560.875011262273

        RCCSD(T)        RHF-SCF         RHF-SCF 
 -14560.87501126 -14559.52653912 -14559.52653912
 **********************************************************************************************************************************
 Molpro calculation terminated
 Variable memory released
