
 Primary working directories    : /global/cscratch1/sd/haihan
 Secondary working directories  : /global/cscratch1/sd/haihan
 Wavefunction directory         : /global/homes/h/haihan/Research/ECP/f_group_element_ecps/Lu/Molpro/atom/ECP46_1/wfu/
 Main file repository           : /global/cscratch1/sd/haihan/

 SHA1      : 19cd028119e0e09f93f0674bd8af7968d9b3eff6
 NAME      : 2015.1.36
 ARCHNAME  : linux/x86_64
 FC        : /opt/cray/pe/craype/2.5.14/bin/ftn
 BLASLIB   : -L/opt/intel/compilers_and_libraries_2018.1.163/linux/mkl/lib/intel64 -Wl,-_start-group -lmkl_intel_ilp64 -lmkl_intel_thread -lmkl_core -Wl,-_end-group -liomp5
 id        : lbl

 Nodes     nprocs
 nid01587    11
 Number of processes for MPI-2 version of Molpro:   nprocs(total)=   12   nprocs(compute)=   11   nprocs(helper)=    1

 Using customized tuning parameters: mindgm=7; mindgv=16; mindgc=1; mindgr=1; noblas=0; minvec=7
 default implementation of scratch files=sf  

 ***,Calculation for Lu atom, singlet and triplet
 memory,1,g
 
 gthresh,twoint=1.e-15
 gthresh,oneint=1.e-15
 
 
 geometry={
 1
 Lu
 Lu  0.0 0.0 0.0
 }
 
 basis={
 ECP,Lu,46,4,0;
 4                                                                               !ul
 1,    4.526254,   25.000000
 3,    3.879308,   113.15635
 2,    4.406058,  -85.722649
 2,    1.899664,   -3.133952
 2                                                                               !s
 2,    8.996757,  161.119164
 2,    5.104371,   89.334835
 2                                                                               !p
 2,    7.640657,   88.693021
 2,    3.878305,   57.109488
 2                                                                               !d
 2,    7.456305,   55.901690
 2,    2.530445,   29.364333
 2                                                                               !f
 2,    4.939345,  -23.952530
 2,    3.912490,   -7.090915
 Including file /global/u2/h/haihan/Research/ECP/f_group_element_ecps/Lu/Molpro/atom/ECP46_1/16/../aug-cc-pwCVTZ.basis
 }
 
 
 
 Including file /global/u2/h/haihan/Research/ECP/f_group_element_ecps/Lu/Molpro/atom/ECP46_1/16/../Lu46_states_ecp.proc
 
 do i=16,16
     if (i.eq.1) then
         Id1s2
     else if (i.eq.2) then
         Ip1s2
     else if (i.eq.3) then
         IEd2s1
     else if (i.eq.4) then
         IEf1s2
     else if (i.eq.5) then
         IIds2
     else if (i.eq.6) then
         IId1s1
     else if (i.eq.7) then
         IIIds1
     else if (i.eq.8) then
         IIIp1
     else if (i.eq.9) then
         IIId1
     else if (i.eq.10) then
         IIIEf1
     else if (i.eq.11) then
         VIp6
     else if (i.eq.12) then
         VIIp5
     else if (i.eq.13) then
         VIIIp4
     else if (i.eq.14) then
         IXp3
     else if (i.eq.15) then
         Xp
     else if (i.eq.16) then
         XIds2
     else if (i.eq.17) then
         IIIEf2
     endif
     scf(i)=energy
     _CC_NORM_MAX=2.0
     {rccsd(t),shifts=0.5,shiftp=0.5,thrdis=1.0;diis,1,1,15,1;maxit,100;core}
     ccsd(i)=energy
 enddo
 
 table,scf,ccsd
 type,csv
 save

 Variables initialized (889), CPU time= 0.01 sec
 Commands  initialized (702), CPU time= 0.01 sec, 572 directives.
 Default parameters read. Elapsed time= 0.13 sec

 Checking input...
 Passed
1


                                         ***  PROGRAM SYSTEM MOLPRO  ***
                                       Copyright, TTI GmbH Stuttgart, 2015
                                    Version 2015.1 linked Dec 29 2018 15:55:43


 **********************************************************************************************************************************
 LABEL *   Calculation for Lu atom, singlet and triplet                                  
  64 bit mpp version                                                                     DATE: 07-Apr-23          TIME: 21:41:55  
 **********************************************************************************************************************************

 SHA1:             19cd028119e0e09f93f0674bd8af7968d9b3eff6
 **********************************************************************************************************************************

 THRESHOLDS:

 ZERO    =  1.00D-12  ONEINT  =  1.00D-12  TWOINT  =  1.00D-15  PREFAC  =  1.00D-14  LOCALI  =  1.00D-09  EORDER  =  1.00D-04
 ENERGY  =  0.00D+00  ETEST   =  0.00D+00  EDENS   =  0.00D+00  THRDEDEF=  1.00D-06  GRADIENT=  1.00D-02  STEP    =  1.00D-03
 ORBITAL =  1.00D-05  CIVEC   =  1.00D-05  COEFF   =  1.00D-04  PRINTCI =  5.00D-02  PUNCHCI =  9.90D+01  OPTGRAD =  3.00D-04
 OPTENERG=  1.00D-06  OPTSTEP =  3.00D-04  THRGRAD =  1.00D-10  COMPRESS=  1.00D-11  VARMIN  =  1.00D-07  VARMAX  =  1.00D-03
 THRDOUB =  0.00D+00  THRDIV  =  1.00D-05  THRRED  =  1.00D-07  THRPSP  =  1.00D+00  THRDC   =  1.00D-10  THRCS   =  1.00D-10
 THRNRM  =  1.00D-08  THREQ   =  0.00D+00  THRDE   =  1.00D+00  THRREF  =  1.00D-05  SPARFAC =  1.00D+00  THRDLP  =  1.00D-07
 THRDIA  =  1.00D-10  THRDLS  =  1.00D-07  THRGPS  =  0.00D+00  THRKEX  =  0.00D+00  THRDIS  =  2.00D-01  THRVAR  =  1.00D-10
 THRLOC  =  1.00D-06  THRGAP  =  1.00D-06  THRLOCT = -1.00D+00  THRGAPT = -1.00D+00  THRORB  =  1.00D-06  THRMLTP =  0.00D+00
 THRCPQCI=  1.00D-10  KEXTA   =  0.00D+00  THRCOARS=  0.00D+00  SYMTOL  =  1.00D-06  GRADTOL =  1.00D-06  THROVL  =  1.00D-08
 THRORTH =  1.00D-08  GRID    =  1.00D-06  GRIDMAX =  1.00D-03  DTMAX   =  0.00D+00  THROCCDE=  1.00D-01  THROCCDE=  1.00D-01



 THRESHOLDS:

 ZERO    =  1.00D-12  ONEINT  =  1.00D-15  TWOINT  =  1.00D-15  PREFAC  =  1.00D-14  LOCALI  =  1.00D-09  EORDER  =  1.00D-04
 ENERGY  =  0.00D+00  ETEST   =  0.00D+00  EDENS   =  0.00D+00  THRDEDEF=  1.00D-06  GRADIENT=  1.00D-02  STEP    =  1.00D-03
 ORBITAL =  1.00D-05  CIVEC   =  1.00D-05  COEFF   =  1.00D-04  PRINTCI =  5.00D-02  PUNCHCI =  9.90D+01  OPTGRAD =  3.00D-04
 OPTENERG=  1.00D-06  OPTSTEP =  3.00D-04  THRGRAD =  1.00D-10  COMPRESS=  1.00D-11  VARMIN  =  1.00D-07  VARMAX  =  1.00D-03
 THRDOUB =  0.00D+00  THRDIV  =  1.00D-05  THRRED  =  1.00D-07  THRPSP  =  1.00D+00  THRDC   =  1.00D-10  THRCS   =  1.00D-10
 THRNRM  =  1.00D-08  THREQ   =  0.00D+00  THRDE   =  1.00D+00  THRREF  =  1.00D-05  SPARFAC =  1.00D+00  THRDLP  =  1.00D-07
 THRDIA  =  1.00D-10  THRDLS  =  1.00D-07  THRGPS  =  0.00D+00  THRKEX  =  0.00D+00  THRDIS  =  2.00D-01  THRVAR  =  1.00D-10
 THRLOC  =  1.00D-06  THRGAP  =  1.00D-06  THRLOCT = -1.00D+00  THRGAPT = -1.00D+00  THRORB  =  1.00D-06  THRMLTP =  0.00D+00
 THRCPQCI=  1.00D-10  KEXTA   =  0.00D+00  THRCOARS=  0.00D+00  SYMTOL  =  1.00D-06  GRADTOL =  1.00D-06  THROVL  =  1.00D-08
 THRORTH =  1.00D-08  GRID    =  1.00D-06  GRIDMAX =  1.00D-03  DTMAX   =  0.00D+00  THROCCDE=  1.00D-01  THROCCDE=  1.00D-01



Geometry recognized as XYZ


 Variable memory set to 1000000000 words,  buffer space   230000 words

 SETTING BASIS          =    USERDEF

 DO I                   =        16.00000000   

 Running procedure=XIDS2


 Recomputing integrals since basis changed


 Using spherical harmonics



 PROGRAM * SEWARD (Integral evaluation for generally contracted gaussian basis sets)     Author: Roland Lindh, 1990

 Geometry written to block  1 of record 700

 Orientation using atomic masses  
 Molecule type: Atom
 Symmetry elements: X,Y,Z
 Rotational constants:       0.0000000      0.0000000      0.0000000 GHz  (calculated with average atomic masses)

 Point group  D2h 



 ATOMIC COORDINATES

 NR  ATOM    CHARGE       X              Y              Z

   1  LU     25.00    0.000000000    0.000000000    0.000000000

 NUCLEAR CHARGE:                   25
 NUMBER OF PRIMITIVE AOS:         581
 NUMBER OF SYMMETRY AOS:          442
 NUMBER OF CONTRACTIONS:          442   ( 103Ag  +  70B3u +  70B2u +  36B1g +  70B1u +  36B2g +  36B3g +  21Au  )
 NUMBER OF CORE ORBITALS:           0   (   0Ag  +   0B3u +   0B2u +   0B1g +   0B1u +   0B2g +   0B3g +   0Au  )
 NUMBER OF VALENCE ORBITALS:       17   (   4Ag  +   3B3u +   3B2u +   1B1g +   3B1u +   1B2g +   1B3g +   1Au  )


 NUCLEAR REPULSION ENERGY    0.00000000

 EXTRA SYMMETRY OF AOS IN SYMMETRY 1:   1 1 1 1 1 1 1 1 1 1   1 1 1 1 1 1 1 1 1 1   1 1 1 1 1 1 1 1 1 1   1 1 1 1 1 1 1 1 2 3
                                        2 3 2 3 2 3 2 3 2 3   2 3 2 3 2 3 2 3 2 3   2 3 2 3 2 3 2 3 2 3   2 3 2 3 2 3 2 3 2 3
                                        2 3 4 5 6 4 5 6 4 5   6 4 5 6 4 5 6 4 5 6   4 5 6
 EXTRA SYMMETRY OF AOS IN SYMMETRY 2:   1 1 1 1 1 1 1 1 1 1   1 1 1 1 1 1 1 1 1 1   1 1 1 1 1 1 1 1 1 1   1 2 3 2 3 2 3 2 3 2
                                        3 2 3 2 3 2 3 2 3 2   3 2 3 2 3 2 3 2 3 2   3 4 5 6 4 5 6 4 5 6
 EXTRA SYMMETRY OF AOS IN SYMMETRY 3:   1 1 1 1 1 1 1 1 1 1   1 1 1 1 1 1 1 1 1 1   1 1 1 1 1 1 1 1 1 1   1 2 3 2 3 2 3 2 3 2
                                        3 2 3 2 3 2 3 2 3 2   3 2 3 2 3 2 3 2 3 2   3 4 5 6 4 5 6 4 5 6
 EXTRA SYMMETRY OF AOS IN SYMMETRY 4:   1 1 1 1 1 1 1 1 1 1   1 1 1 1 1 1 1 1 1 1   1 1 2 3 2 3 2 3 2 3   2 3 2 3 2 3
 EXTRA SYMMETRY OF AOS IN SYMMETRY 5:   1 1 1 1 1 1 1 1 1 1   1 1 1 1 1 1 1 1 1 1   1 1 1 1 1 1 1 1 1 1   1 2 3 2 3 2 3 2 3 2
                                        3 2 3 2 3 2 3 2 3 2   3 2 3 2 3 2 3 2 3 2   3 4 5 6 4 5 6 4 5 6
 EXTRA SYMMETRY OF AOS IN SYMMETRY 6:   1 1 1 1 1 1 1 1 1 1   1 1 1 1 1 1 1 1 1 1   1 1 2 3 2 3 2 3 2 3   2 3 2 3 2 3
 EXTRA SYMMETRY OF AOS IN SYMMETRY 7:   1 1 1 1 1 1 1 1 1 1   1 1 1 1 1 1 1 1 1 1   1 1 2 3 2 3 2 3 2 3   2 3 2 3 2 3
 EXTRA SYMMETRY OF AOS IN SYMMETRY 8:   1 1 1 1 1 1 1 1 1 1   1 1 1 1 1 2 3 2 3 2   3

 Eigenvalues of metric

         1 0.333E-06 0.964E-06 0.340E-05 0.186E-04 0.475E-04 0.703E-04 0.799E-04 0.799E-04
         2 0.960E-06 0.179E-05 0.251E-04 0.110E-03 0.525E-03 0.525E-03 0.534E-03 0.156E-02
         3 0.960E-06 0.179E-05 0.251E-04 0.110E-03 0.525E-03 0.525E-03 0.534E-03 0.156E-02
         4 0.799E-04 0.144E-03 0.223E-02 0.632E-02 0.897E-02 0.238E-01 0.240E-01 0.240E-01
         5 0.960E-06 0.179E-05 0.251E-04 0.110E-03 0.525E-03 0.525E-03 0.534E-03 0.156E-02
         6 0.799E-04 0.144E-03 0.223E-02 0.632E-02 0.897E-02 0.238E-01 0.240E-01 0.240E-01
         7 0.799E-04 0.144E-03 0.223E-02 0.632E-02 0.897E-02 0.238E-01 0.240E-01 0.240E-01
         8 0.525E-03 0.142E-01 0.219E-01 0.528E-01 0.103E+00 0.167E+00 0.268E+00 0.268E+00


 Contracted 2-electron integrals neglected if value below      1.0D-15
 AO integral compression algorithm  1   Integral accuracy      1.0D-15

     3531.342 MB (compressed) written to integral file ( 42.0%)

     Node minimum: 158.073 MB, node maximum: 446.169 MB


 NUMBER OF SORTED TWO-ELECTRON INTEGRALS:   55754337.     BUFFER LENGTH:  32768
 NUMBER OF SEGMENTS:   2  SEGMENT LENGTH:   31983219      RECORD LENGTH: 524288

 Memory used in sort:      32.54 MW

 SORT1 READ  1050599776. AND WROTE    32342641. INTEGRALS IN     94 RECORDS. CPU TIME:    27.81 SEC, REAL TIME:    32.79 SEC
 SORT2 READ   352987961. AND WROTE   613618504. INTEGRALS IN  11286 RECORDS. CPU TIME:     1.74 SEC, REAL TIME:     3.99 SEC

 Node minimum:    55639389.  Node maximum:    55868715. integrals

 OPERATOR DM      FOR CENTER  0  COORDINATES:    0.000000    0.000000    0.000000


 **********************************************************************************************************************************
 DATASETS  * FILE   NREC   LENGTH (MB)   RECORD NAMES
              1      19       21.26       500      610      700      900      950      970     1000      129      960     1100   
                                          VAR    BASINP    GEOM    SYMINP    ZMAT    AOBASIS   BASIS     P2S    ABASIS      S 
                                         1400     1410     1420     1200     1210     1080     1600     1650     1700   
                                           T        V       ECP      H0       H01     AOSYM     SMH    MOLCAS    OPER   

 PROGRAMS   *        TOTAL       INT
 CPU TIMES  *       159.93    159.64
 REAL TIME  *       169.72 SEC
 DISK USED  *         7.80 GB      
 GA USED    *         0.00 MB       (max)       0.00 MB       (current)
 **********************************************************************************************************************************


 PROGRAM * RHF-SCF (CLOSED SHELL)       Authors: W. Meyer, H.-J. Werner


 NUMBER OF ELECTRONS:       8+    8-    SPACE SYMMETRY=1    SPIN SYMMETRY: Singlet 
 CONVERGENCE THRESHOLDS:    1.00E-05 (Density)    1.00E-07 (Energy)
 MAX. NUMBER OF ITERATIONS:      150
 INTERPOLATION TYPE:            DIIS
 INTERPOLATION STEPS:              2 (START)      1 (STEP)
 LEVEL SHIFTS:                  0.00 (CLOSED)  0.00 (OPEN) 

 Number of closed-shell orbitals:    8 (   1   2   2   0   2   0   0   1 )


 Guess basis ATOMIC-GUESS,LU=ECP46_GUESS not found. No density guess!


 Molecular orbital dump at record        4202.2

 ITERATION    DDIFF          GRAD             ENERGY        2-EL.EN.            DIPOLE MOMENTS         DIIS   ORB.
    1      0.000D+00      0.000D+00      -165.04390381    298.083660    0.00000    0.00000    0.00000    0    start
    2      0.000D+00      0.381D+00      -175.00583496    138.840327    0.00000    0.00000    0.00000    0    diag
    3      0.128D+00      0.260D+00      -174.40455691    275.366543    0.00000    0.00000    0.00000    1    diag
    4      0.684D-01      0.292D+00      -192.55089198    192.505497    0.00000    0.00000    0.00000    2    diag
    5      0.680D-01      0.191D-01      -192.59678403    193.794674    0.00000    0.00000    0.00000    3    diag
    6      0.787D-02      0.555D-02      -192.60470474    194.528333    0.00000    0.00000    0.00000    4    diag
    7      0.876D-03      0.153D-02      -192.60868579    194.686720    0.00000    0.00000    0.00000    5    diag
    8      0.401D-03      0.126D-02      -192.60578184    194.692450    0.00000    0.00000    0.00000    6    diag
    9      0.187D-03      0.120D-02      -192.57609522    194.879941    0.00000    0.00000    0.00000    7    diag
   10      0.257D-02      0.200D-02      -192.57652190    194.882064    0.00000    0.00000    0.00000    8    orth
   11      0.556D-04      0.203D-02      -192.57347525    194.891401    0.00000    0.00000    0.00000    9    diag
   12      0.381D-03      0.214D-02      -192.57299556    194.879624    0.00000    0.00000    0.00000    9    diag
   13      0.976D-04      0.212D-02      -192.57430486    194.855944    0.00000    0.00000    0.00000    9    diag
   14      0.432D-03      0.174D-02      -192.57749129    194.798182    0.00000    0.00000    0.00000    9    diag
   15      0.980D-03      0.960D-03      -192.57773707    194.804018    0.00000    0.00000    0.00000    9    diag
   16      0.114D-03      0.106D-02      -192.57808070    194.754244    0.00000    0.00000    0.00000    9    diag
   17      0.340D-03      0.818D-03      -192.57769309    194.752050    0.00000    0.00000    0.00000    9    diag
   18      0.215D-03      0.603D-03      -192.57847585    194.722563    0.00000    0.00000    0.00000    9    diag
   19      0.535D-03      0.305D-03      -192.57863202    194.728655    0.00000    0.00000    0.00000    9    diag
   20      0.341D-03      0.190D-03      -192.57867685    194.724191    0.00000    0.00000    0.00000    9    orth
   21      0.732D-04      0.811D-04      -192.57867721    194.725572    0.00000    0.00000    0.00000    9    diag
   22      0.299D-04      0.820D-04      -192.57870067    194.721396    0.00000    0.00000    0.00000    9    diag
   23      0.759D-04      0.274D-04      -192.57870136    194.720789    0.00000    0.00000    0.00000    9    diag
   24      0.978D-05      0.105D-04      -192.57870096    194.721284    0.00000    0.00000    0.00000    9    diag
   25      0.115D-04      0.488D-05      -192.57870114    194.721577    0.00000    0.00000    0.00000    9    diag
   26      0.803D-05      0.135D-05      -192.57870115    194.721561    0.00000    0.00000    0.00000    9    diag
   27      0.191D-05      0.279D-06      -192.57870115    194.721582    0.00000    0.00000    0.00000    0    orth

 Final occupancy:   1   2   2   0   2   0   0   1

 !RHF STATE 1.1 Energy               -192.578701146823
 Nuclear energy                         0.00000000
 One-electron energy                 -289.93949227
 Two-electron energy                   97.36079113
 Virial quotient                       -1.37103368
 !RHF STATE 1.1 Dipole moment           0.00000000     0.00000000     0.00000000
 Dipole moment /Debye                   0.00000000     0.00000000     0.00000000

 ELECTRON ORBITALS
 =================


   Orb  Occ    Energy  Couls-En    Coefficients

                                   1 1s      1 1s      1 1s      1 1s      1 1s      1 1s      1 1s      1 1s      1 1s      1 1s   
                                   1 1s      1 1s      1 1s      1 1s      1 1s      1 1s      1 1s      1 1s      1 1s      1 1s   
                                   1 1s      1 1s      1 1s      1 1s      1 1s      1 1s      1 1s      1 1s      1 1s      1 1s   
                                   1 1s      1 1s      1 1s      1 1s      1 1s      1 1s      1 1s      1 1s      1 3d0     1 3d2+ 
                                   1 3d0     1 3d2+    1 3d0     1 3d2+    1 3d0     1 3d2+    1 3d0     1 3d2+    1 3d0     1 3d2+ 
                                   1 3d0     1 3d2+    1 3d0     1 3d2+    1 3d0     1 3d2+    1 3d0     1 3d2+    1 3d0     1 3d2+ 
                                   1 3d0     1 3d2+    1 3d0     1 3d2+    1 3d0     1 3d2+    1 3d0     1 3d2+    1 3d0     1 3d2+ 
                                   1 3d0     1 3d2+    1 3d0     1 3d2+    1 3d0     1 3d2+    1 3d0     1 3d2+    1 3d0     1 3d2+ 
                                   1 3d0     1 3d2+    1 5g0     1 5g4+    1 5g2+    1 5g0     1 5g4+    1 5g2+    1 5g0     1 5g4+ 
                                   1 5g2+    1 5g0     1 5g4+    1 5g2+    1 5g0     1 5g4+    1 5g2+    1 5g0     1 5g4+    1 5g2+ 
                                   1 5g0     1 5g4+    1 5g2+ 

   1.1   2    -7.4942  -26.0399  0.000000 -0.000000  0.000000 -0.000000  0.000000 -0.000000  0.000000 -0.000001  0.000003 -0.000007
                                 0.000017 -0.000046  0.000128 -0.000422  0.002378  0.007812 -0.005627  0.008574 -0.016802 -0.007377
                                 0.046569 -0.246678  0.294539 -0.160181  0.552454 -1.330738  0.307999  1.228844  0.038005  0.079316
                                -0.083411  0.112980 -0.164767  0.120917 -0.046532  0.017651 -0.004498  0.000794  0.000000 -0.000000
                                -0.000000  0.000000  0.000001 -0.000000 -0.000003  0.000000  0.000010 -0.000000 -0.000032  0.000000
                                 0.000096 -0.000000 -0.000308  0.000000  0.001568 -0.000000 -0.003969  0.000000  0.003877 -0.000000
                                -0.003224  0.000000  0.003611 -0.000000  0.007120 -0.000001 -0.000155  0.000000  0.000425 -0.000000
                                -0.001552  0.000000  0.002243 -0.000000 -0.001125  0.000000  0.000224 -0.000000 -0.000081  0.000000
                                 0.000021 -0.000000  0.000034 -0.000126 -0.000000 -0.000057  0.000035 -0.000000 -0.000864  0.002600
                                 0.000000 -0.000094  0.000068  0.000000  0.000091 -0.000058  0.000000 -0.000034  0.000019 -0.000000
                                 0.000011 -0.000005  0.000000

   2.1   0    -4.0116  -18.0783 -0.000000  0.000000 -0.000000  0.000000 -0.000000  0.000000 -0.000000  0.000000 -0.000000  0.000000
                                -0.000000  0.000000 -0.000000  0.000001 -0.000006 -0.000020  0.000015 -0.000023  0.000046  0.000019
                                -0.000128  0.000605 -0.000596  0.000202 -0.002355  0.005981  0.000529 -0.004263 -0.006679  0.000293
                                -0.000770  0.001002 -0.001427  0.001032 -0.000391  0.000147 -0.000037  0.000007  0.000000  0.000000
                                -0.000002 -0.000000  0.000008  0.000000 -0.000036 -0.000000  0.000129  0.000000 -0.000412 -0.000000
                                 0.001262  0.000000 -0.004203 -0.000000  0.023086  0.000000 -0.061647 -0.000000  0.061129  0.000000
                                -0.039772 -0.000000 -0.089253 -0.000001  0.745390  0.000004  0.428533  0.000002 -0.106004 -0.000001
                                 0.353022  0.000002 -0.500270 -0.000003  0.247118  0.000001 -0.048327 -0.000000  0.017188  0.000000
                                -0.004535 -0.000000  0.000235  0.000150 -0.000000  0.002481  0.001771 -0.000000  0.011427  0.002505
                                -0.000001  0.008274  0.001268 -0.000000 -0.008049 -0.001203  0.000000  0.003128  0.000460 -0.000000
                                -0.000999 -0.000146  0.000000

   3.1   0    -3.9829  -18.0119  0.000000 -0.000000  0.000000 -0.000000  0.000000 -0.000000  0.000000 -0.000000  0.000000 -0.000000
                                 0.000000 -0.000000  0.000000 -0.000000  0.000000  0.000000 -0.000000  0.000000 -0.000000 -0.000000
                                 0.000000 -0.000000  0.000000 -0.000000  0.000000 -0.000001 -0.000000  0.000000  0.000001 -0.000000
                                 0.000000 -0.000000  0.000000 -0.000000  0.000000 -0.000000  0.000000 -0.000000 -0.000000  0.000000
                                 0.000000 -0.000001 -0.000000  0.000008  0.000000 -0.000033 -0.000000  0.000118  0.000000 -0.000378
                                -0.000000  0.001161  0.000000 -0.003877 -0.000000  0.021415  0.000000 -0.057370 -0.000000  0.057092
                                 0.000000 -0.036850  0.000000 -0.095895 -0.000004  0.740612 -0.000002  0.437576  0.000001 -0.106833
                                -0.000002  0.357384  0.000002 -0.506699 -0.000001  0.250385  0.000000 -0.048986 -0.000000  0.017424
                                 0.000000 -0.004598 -0.000000  0.000000  0.000088 -0.000000  0.000000  0.000903 -0.000000  0.000000
                                 0.005132 -0.000000 -0.000000  0.004003  0.000000  0.000000 -0.003886 -0.000000 -0.000000  0.001509
                                 0.000000  0.000000 -0.000482

                                   1 2px     1 2px     1 2px     1 2px     1 2px     1 2px     1 2px     1 2px     1 2px     1 2px  
                                   1 2px     1 2px     1 2px     1 2px     1 2px     1 2px     1 2px     1 2px     1 2px     1 2px  
                                   1 2px     1 2px     1 2px     1 2px     1 2px     1 2px     1 2px     1 2px     1 2px     1 2px  
                                   1 2px     1 4f1+    1 4f3+    1 4f1+    1 4f3+    1 4f1+    1 4f3+    1 4f1+    1 4f3+    1 4f1+ 
                                   1 4f3+    1 4f1+    1 4f3+    1 4f1+    1 4f3+    1 4f1+    1 4f3+    1 4f1+    1 4f3+    1 4f1+ 
                                   1 4f3+    1 4f1+    1 4f3+    1 4f1+    1 4f3+    1 4f1+    1 4f3+    1 4f1+    1 4f3+    1 4f1+ 
                                   1 4f3+    1 6h1+    1 6h3+    1 6h5+    1 6h1+    1 6h3+    1 6h5+    1 6h1+    1 6h3+    1 6h5+ 


   1.2   2    -6.1748  -23.0410  0.000000 -0.000000  0.000000 -0.000000  0.000000 -0.000000  0.000001 -0.000003  0.000011 -0.000033
                                 0.000096 -0.000268  0.000737 -0.002222  0.008129 -0.071208  0.181918 -0.346715  0.673948 -0.852076
                                 0.293992  0.899285 -0.052858  0.173899 -0.231939 -0.016378  0.010558  0.229943 -0.005102  0.002156
                                -0.000472  0.000000 -0.000000 -0.000000  0.000001  0.000002 -0.000003  0.000002  0.000002  0.000589
                                -0.000788  0.000462 -0.000486  0.002937 -0.004055  0.003733 -0.005368  0.007486 -0.003064  0.003400
                                -0.001133 -0.000126 -0.000049  0.000141  0.000004 -0.000121 -0.000002  0.000061  0.000001 -0.000020
                                -0.000000 -0.000858 -0.000034  0.000704 -0.001225 -0.000220  0.002137  0.000182  0.000071 -0.000526

   2.2   2    -5.3579  -24.2989  0.000000 -0.000000  0.000000 -0.000000  0.000000 -0.000000  0.000000 -0.000000  0.000000 -0.000000
                                 0.000000 -0.000001  0.000002 -0.000009  0.000026  0.000010  0.000078 -0.000509  0.001274 -0.002230
                                 0.001315  0.002492 -0.000230  0.000573 -0.000546 -0.000038  0.000025  0.000542 -0.000012  0.000005
                                -0.000001  0.000002  0.000004 -0.000015 -0.000027  0.000066  0.000116  0.000073  0.000129  0.027305
                                 0.047627  0.020133  0.035112  0.134363  0.234352  0.166606  0.290697  0.195162  0.340905  0.089150
                                 0.155792  0.001342  0.002345  0.001752  0.003062 -0.001590 -0.002779  0.000815  0.001425 -0.000268
                                -0.000468  0.000768  0.001424 -0.000088  0.000507  0.000932  0.000054 -0.000070 -0.000148  0.000027

   3.2   0    -4.4386  -23.0842 -0.000000  0.000000 -0.000000  0.000000 -0.000000  0.000000 -0.000000  0.000000 -0.000000  0.000001
                                -0.000002  0.000004 -0.000012  0.000038 -0.000134  0.001321 -0.003568  0.007270 -0.013995  0.013824
                                 0.002751 -0.012642 -0.003986 -0.007598  0.000605 -0.000189 -0.000010 -0.000605  0.000016 -0.000007
                                 0.000002  0.000005 -0.000003 -0.000030  0.000017  0.000136 -0.000078 -0.000018  0.000010  0.045141
                                -0.025839  0.030083 -0.017205  0.221391 -0.126707  0.272017 -0.155704  0.344945 -0.197725  0.195688
                                -0.112198  0.013678 -0.007831  0.000897 -0.000519 -0.001106  0.000638  0.000631 -0.000364 -0.000215
                                 0.000124  0.001323 -0.000520 -0.000147  0.001176 -0.000526 -0.000031 -0.000061 -0.000004  0.000062

   4.2   0    -2.6988  -12.3977 -0.000000  0.000000 -0.000000  0.000000 -0.000000  0.000000 -0.000001  0.000005 -0.000016  0.000049
                                -0.000142  0.000395 -0.001085  0.003261 -0.011796  0.097366 -0.236585  0.400642 -0.630441  0.719265
                                -0.400412 -0.411127 -1.016960  1.323221  2.627212  0.701028 -0.130357 -2.601008  0.055695 -0.023218
                                 0.005038 -0.000000 -0.000000  0.000000  0.000000 -0.000001  0.000000  0.000002 -0.000003 -0.000042
                                -0.000117 -0.000059 -0.000177 -0.000073 -0.000499 -0.000328 -0.000658 -0.001621 -0.003592  0.006584
                                 0.001968  0.008618  0.003890 -0.000178 -0.000215  0.000427  0.000292 -0.000240 -0.000156  0.000080
                                 0.000052  0.000454  0.000047 -0.000613  0.000530  0.000081 -0.000813 -0.000184 -0.000284  0.001869

                                   1 2py     1 2py     1 2py     1 2py     1 2py     1 2py     1 2py     1 2py     1 2py     1 2py  
                                   1 2py     1 2py     1 2py     1 2py     1 2py     1 2py     1 2py     1 2py     1 2py     1 2py  
                                   1 2py     1 2py     1 2py     1 2py     1 2py     1 2py     1 2py     1 2py     1 2py     1 2py  
                                   1 2py     1 4f1-    1 4f3-    1 4f1-    1 4f3-    1 4f1-    1 4f3-    1 4f1-    1 4f3-    1 4f1- 
                                   1 4f3-    1 4f1-    1 4f3-    1 4f1-    1 4f3-    1 4f1-    1 4f3-    1 4f1-    1 4f3-    1 4f1- 
                                   1 4f3-    1 4f1-    1 4f3-    1 4f1-    1 4f3-    1 4f1-    1 4f3-    1 4f1-    1 4f3-    1 4f1- 
                                   1 4f3-    1 6h1-    1 6h3-    1 6h5-    1 6h1-    1 6h3-    1 6h5-    1 6h1-    1 6h3-    1 6h5- 


   1.3   2    -6.1748  -23.0410  0.000000 -0.000000  0.000000 -0.000000  0.000000 -0.000000  0.000001 -0.000003  0.000011 -0.000033
                                 0.000096 -0.000268  0.000737 -0.002222  0.008129 -0.071208  0.181918 -0.346715  0.673949 -0.852076
                                 0.293993  0.899286 -0.052859  0.173899 -0.231939 -0.016378  0.010558  0.229943 -0.005102  0.002156
                                -0.000472  0.000000  0.000000 -0.000000 -0.000001  0.000002  0.000003  0.000002 -0.000002  0.000589
                                 0.000788  0.000462  0.000486  0.002937  0.004054  0.003733  0.005367  0.007487  0.003062  0.003400
                                 0.001132 -0.000126  0.000050  0.000141 -0.000004 -0.000121  0.000002  0.000061 -0.000001 -0.000020
                                 0.000000 -0.000858  0.000034  0.000703 -0.001225  0.000220  0.002137  0.000182 -0.000071 -0.000526

   2.3   2    -5.3579  -24.2989 -0.000000  0.000000 -0.000000  0.000000 -0.000000  0.000000 -0.000000  0.000000 -0.000000  0.000000
                                -0.000000  0.000001 -0.000002  0.000009 -0.000026 -0.000011 -0.000077  0.000507 -0.001270  0.002225
                                -0.001315 -0.002488  0.000231 -0.000572  0.000546  0.000038 -0.000025 -0.000541  0.000012 -0.000005
                                 0.000001 -0.000002  0.000004  0.000015 -0.000027 -0.000066  0.000116 -0.000073  0.000129 -0.027308
                                 0.047626 -0.020135  0.035111 -0.134376  0.234344 -0.166622  0.290687 -0.195181  0.340894 -0.089159
                                 0.155788 -0.001342  0.002345 -0.001752  0.003062  0.001590 -0.002779 -0.000815  0.001425  0.000268
                                -0.000468 -0.000768  0.001424  0.000087 -0.000507  0.000933 -0.000054  0.000070 -0.000148 -0.000027

   3.3   0    -4.4386  -23.0842 -0.000000  0.000000 -0.000000  0.000000 -0.000000  0.000000 -0.000000  0.000000 -0.000000  0.000001
                                -0.000002  0.000004 -0.000012  0.000038 -0.000134  0.001321 -0.003567  0.007269 -0.013994  0.013823
                                 0.002751 -0.012641 -0.003986 -0.007598  0.000605 -0.000189 -0.000010 -0.000605  0.000016 -0.000007
                                 0.000002  0.000005  0.000003 -0.000030 -0.000017  0.000136  0.000078 -0.000018 -0.000010  0.045140
                                 0.025841  0.030082  0.017207  0.221384  0.126719  0.272009  0.155719  0.344934  0.197745  0.195681
                                 0.112209  0.013677  0.007832  0.000897  0.000519 -0.001106 -0.000638  0.000631  0.000364 -0.000215
                                -0.000124  0.001322  0.000520 -0.000147  0.001176  0.000526 -0.000031 -0.000061  0.000004  0.000062

   4.3   0    -2.6988  -12.3977 -0.000000  0.000000 -0.000000  0.000000 -0.000000  0.000000 -0.000001  0.000005 -0.000016  0.000049
                                -0.000142  0.000395 -0.001085  0.003261 -0.011796  0.097366 -0.236585  0.400642 -0.630441  0.719266
                                -0.400412 -0.411128 -1.016959  1.323222  2.627212  0.701027 -0.130357 -2.601008  0.055695 -0.023218
                                 0.005038 -0.000000  0.000000  0.000000 -0.000000 -0.000001 -0.000000  0.000002  0.000003 -0.000042
                                 0.000117 -0.000059  0.000177 -0.000073  0.000499 -0.000328  0.000658 -0.001620  0.003592  0.006584
                                -0.001969  0.008618 -0.003891 -0.000178  0.000215  0.000427 -0.000292 -0.000240  0.000156  0.000080
                                -0.000052  0.000454 -0.000047 -0.000613  0.000530 -0.000081 -0.000813 -0.000184  0.000284  0.001869

                                   1 3d2-    1 3d2-    1 3d2-    1 3d2-    1 3d2-    1 3d2-    1 3d2-    1 3d2-    1 3d2-    1 3d2- 
                                   1 3d2-    1 3d2-    1 3d2-    1 3d2-    1 3d2-    1 3d2-    1 3d2-    1 3d2-    1 3d2-    1 3d2- 
                                   1 3d2-    1 3d2-    1 5g2-    1 5g4-    1 5g2-    1 5g4-    1 5g2-    1 5g4-    1 5g2-    1 5g4- 
                                   1 5g2-    1 5g4-    1 5g2-    1 5g4-    1 5g2-    1 5g4- 

   1.4   0    -4.0169  -18.1038  0.000000 -0.000002  0.000009 -0.000037  0.000132 -0.000422  0.001293 -0.004301  0.023581 -0.062965
                                 0.062277 -0.040295 -0.083931  0.745349  0.425298 -0.105415  0.350760 -0.497017  0.245492 -0.048005
                                 0.017072 -0.004505 -0.000030 -0.000000 -0.000444 -0.000000  0.002656 -0.000001  0.002509 -0.000001
                                -0.002458  0.000001  0.000960 -0.000000 -0.000307  0.000000

   2.4   0    -2.1343  -10.3522  0.000000 -0.000001  0.000005 -0.000022  0.000079 -0.000247  0.000713 -0.002074  0.008272 -0.015333
                                 0.009759  0.001793  0.085450 -0.716328  0.268535  1.265506 -2.106218  2.866398 -1.372570  0.258680
                                -0.090353  0.023577  0.000036  0.000000  0.000058  0.000000 -0.001767  0.000001  0.004604  0.000000
                                -0.002375 -0.000000  0.001001  0.000000 -0.000303 -0.000000

                                   1 2pz     1 2pz     1 2pz     1 2pz     1 2pz     1 2pz     1 2pz     1 2pz     1 2pz     1 2pz  
                                   1 2pz     1 2pz     1 2pz     1 2pz     1 2pz     1 2pz     1 2pz     1 2pz     1 2pz     1 2pz  
                                   1 2pz     1 2pz     1 2pz     1 2pz     1 2pz     1 2pz     1 2pz     1 2pz     1 2pz     1 2pz  
                                   1 2pz     1 4f0     1 4f2+    1 4f0     1 4f2+    1 4f0     1 4f2+    1 4f0     1 4f2+    1 4f0  
                                   1 4f2+    1 4f0     1 4f2+    1 4f0     1 4f2+    1 4f0     1 4f2+    1 4f0     1 4f2+    1 4f0  
                                   1 4f2+    1 4f0     1 4f2+    1 4f0     1 4f2+    1 4f0     1 4f2+    1 4f0     1 4f2+    1 4f0  
                                   1 4f2+    1 6h2+    1 6h4+    1 6h0     1 6h2+    1 6h4+    1 6h0     1 6h2+    1 6h4+    1 6h0  


   1.5   2    -6.2078  -23.0882  0.000000 -0.000000  0.000000 -0.000000  0.000000 -0.000000  0.000001 -0.000003  0.000011 -0.000033
                                 0.000097 -0.000269  0.000740 -0.002231  0.008161 -0.071473  0.182416 -0.346873  0.675188 -0.856557
                                 0.300048  0.902641 -0.058341  0.172431 -0.233626 -0.016548  0.010639  0.231615 -0.005139  0.002172
                                -0.000476  0.000000 -0.000000 -0.000001  0.000000  0.000004 -0.000000  0.000006  0.000000  0.001648
                                -0.000000  0.001277 -0.000000  0.008317 -0.000000  0.010646 -0.000000  0.013906 -0.000001  0.005604
                                -0.000000 -0.000174  0.000000  0.000206 -0.000000 -0.000178  0.000000  0.000089 -0.000000 -0.000029
                                 0.000000 -0.000000  0.000529  0.000911 -0.000000  0.001462  0.000601 -0.000000 -0.000340  0.000037

   2.5   2    -5.4495  -24.4240 -0.000000  0.000000 -0.000000  0.000000 -0.000000  0.000000 -0.000000  0.000000 -0.000000  0.000001
                                -0.000003  0.000009 -0.000026  0.000080 -0.000286  0.002714 -0.007128  0.013922 -0.026575  0.028484
                                -0.000724 -0.027778 -0.003463 -0.008350  0.006085  0.000347 -0.000270 -0.006035  0.000135 -0.000057
                                 0.000013  0.000004 -0.000000 -0.000029  0.000000  0.000127 -0.000000  0.000176 -0.000000  0.054743
                                -0.000001  0.041405 -0.000001  0.271531 -0.000006  0.338663 -0.000008  0.391583 -0.000009  0.172397
                                -0.000004  0.001537 -0.000000  0.003712 -0.000000 -0.003335  0.000000  0.001702 -0.000000 -0.000558
                                 0.000000 -0.000000 -0.000438  0.002297 -0.000000 -0.000034  0.001832  0.000000  0.000105 -0.000195

   3.5   0    -4.4847  -23.1576  0.000000 -0.000000  0.000000 -0.000000  0.000000 -0.000000  0.000000 -0.000000  0.000000 -0.000000
                                 0.000000 -0.000000  0.000000 -0.000000  0.000000 -0.000000  0.000000 -0.000000  0.000001 -0.000001
                                -0.000000  0.000000  0.000000  0.000000  0.000000  0.000000 -0.000000 -0.000000  0.000000 -0.000000
                                 0.000000  0.000000  0.000005 -0.000000 -0.000035  0.000000  0.000154 -0.000000 -0.000010  0.000001
                                 0.052007  0.000001  0.035085  0.000006  0.256034  0.000008  0.315557  0.000010  0.397972  0.000005
                                 0.221409  0.000000  0.014355  0.000000  0.001312 -0.000000 -0.001496  0.000000  0.000834 -0.000000
                                -0.000282  0.000465 -0.000000  0.000000  0.000358 -0.000000  0.000000  0.000006  0.000000 -0.000000

   4.5   0    -2.7095  -12.4271 -0.000000  0.000000 -0.000000  0.000000 -0.000000  0.000000 -0.000001  0.000005 -0.000016  0.000049
                                -0.000142  0.000396 -0.001087  0.003267 -0.011815  0.097515 -0.236807  0.400214 -0.630539  0.723059
                                -0.407396 -0.420069 -1.003448  1.331083  2.625439  0.692059 -0.130496 -2.599225  0.055647 -0.023197
                                 0.005033 -0.000000  0.000000  0.000000 -0.000000 -0.000002  0.000000  0.000007 -0.000000 -0.000062
                                 0.000000  0.000046 -0.000000 -0.000113 -0.000000 -0.000268  0.000000 -0.000720  0.000000  0.006245
                                -0.000000  0.008084 -0.000001 -0.000140  0.000000  0.000379 -0.000000 -0.000216  0.000000  0.000072
                                -0.000000  0.000000 -0.000431 -0.000295  0.000000 -0.000562 -0.000320  0.000000  0.001155 -0.000657

                                   1 3d1+    1 3d1+    1 3d1+    1 3d1+    1 3d1+    1 3d1+    1 3d1+    1 3d1+    1 3d1+    1 3d1+ 
                                   1 3d1+    1 3d1+    1 3d1+    1 3d1+    1 3d1+    1 3d1+    1 3d1+    1 3d1+    1 3d1+    1 3d1+ 
                                   1 3d1+    1 3d1+    1 5g1+    1 5g3+    1 5g1+    1 5g3+    1 5g1+    1 5g3+    1 5g1+    1 5g3+ 
                                   1 5g1+    1 5g3+    1 5g1+    1 5g3+    1 5g1+    1 5g3+ 

   1.6   0    -4.0043  -18.0591  0.000000 -0.000002  0.000008 -0.000035  0.000126 -0.000402  0.001232 -0.004107  0.022592 -0.060378
                                 0.059950 -0.038958 -0.091735  0.744352  0.431296 -0.106374  0.354666 -0.502666  0.248326 -0.048569
                                 0.017274 -0.004558 -0.000093 -0.000074 -0.001224 -0.000896 -0.001495 -0.000789  0.000012 -0.000252
                                -0.000002  0.000227  0.000000 -0.000084 -0.000000  0.000026

   2.6   0    -2.1363  -10.3638  0.000000 -0.000001  0.000005 -0.000022  0.000078 -0.000242  0.000697 -0.002024  0.008012 -0.014712
                                 0.009063  0.002492  0.089168 -0.723040  0.267948  1.266193 -2.110773  2.872513 -1.375496  0.259234
                                -0.090548  0.023628  0.000085  0.000063  0.000552  0.000393  0.001566  0.000739  0.009504  0.005075
                                -0.006297 -0.003716  0.002578  0.001476 -0.000804 -0.000464

                                   1 3d1-    1 3d1-    1 3d1-    1 3d1-    1 3d1-    1 3d1-    1 3d1-    1 3d1-    1 3d1-    1 3d1- 
                                   1 3d1-    1 3d1-    1 3d1-    1 3d1-    1 3d1-    1 3d1-    1 3d1-    1 3d1-    1 3d1-    1 3d1- 
                                   1 3d1-    1 3d1-    1 5g1-    1 5g3-    1 5g1-    1 5g3-    1 5g1-    1 5g3-    1 5g1-    1 5g3- 
                                   1 5g1-    1 5g3-    1 5g1-    1 5g3-    1 5g1-    1 5g3- 

   1.7   0    -4.0043  -18.0591  0.000000 -0.000002  0.000008 -0.000035  0.000126 -0.000402  0.001232 -0.004107  0.022592 -0.060378
                                 0.059950 -0.038958 -0.091735  0.744352  0.431295 -0.106374  0.354666 -0.502666  0.248326 -0.048569
                                 0.017274 -0.004558 -0.000093  0.000074 -0.001224  0.000896 -0.001494  0.000789  0.000012  0.000252
                                -0.000002 -0.000226  0.000000  0.000084 -0.000000 -0.000026

   2.7   0    -2.1363  -10.3638  0.000000 -0.000001  0.000005 -0.000022  0.000078 -0.000242  0.000697 -0.002024  0.008012 -0.014712
                                 0.009063  0.002492  0.089167 -0.723040  0.267949  1.266193 -2.110773  2.872513 -1.375496  0.259234
                                -0.090548  0.023628  0.000085 -0.000063  0.000552 -0.000393  0.001566 -0.000739  0.009503 -0.005076
                                -0.006296  0.003716  0.002577 -0.001476 -0.000804  0.000464

                                   1 4f2-    1 4f2-    1 4f2-    1 4f2-    1 4f2-    1 4f2-    1 4f2-    1 4f2-    1 4f2-    1 4f2- 
                                   1 4f2-    1 4f2-    1 4f2-    1 4f2-    1 4f2-    1 6h4-    1 6h2-    1 6h4-    1 6h2-    1 6h4- 
                                   1 6h2- 

   1.8   2    -5.3920  -24.3466  0.000005 -0.000030  0.000131  0.000157  0.054861  0.040811  0.270722  0.336423  0.392465  0.176951
                                 0.002255  0.003603 -0.003257  0.001667 -0.000547 -0.000000  0.000684 -0.000000  0.000171  0.000000
                                -0.000079

   2.8   0    -2.2990  -12.3244 -0.000002  0.000016 -0.000068 -0.000086 -0.025692 -0.022020 -0.120589 -0.158777 -0.119532  0.341389
                                 0.701916  0.106208 -0.034047  0.011338 -0.003094  0.000000 -0.000437 -0.000000  0.001204 -0.000000
                                 0.002358

   3.8   0    -1.4784   -7.8290  0.000011 -0.000078  0.000369 -0.001422  0.030511 -0.006762  0.103178  0.093611  0.099365 -0.445023
                                -0.254541  1.196920 -0.247058  0.138141 -0.042803 -0.000000  0.000299  0.000000 -0.001480  0.000000
                                -0.001156

 HOMO      2.3    -5.357922 =    -145.7965eV
 LUMO      3.5    -4.484733 =    -122.0358eV
 LUMO-HOMO         0.873189 =      23.7607eV


 **********************************************************************************************************************************
 DATASETS  * FILE   NREC   LENGTH (MB)   RECORD NAMES
              1      19       21.31       500      610      700      900      950      970     1000      129      960     1100   
                                          VAR    BASINP    GEOM    SYMINP    ZMAT    AOBASIS   BASIS     P2S    ABASIS      S 
                                         1400     1410     1420     1200     1210     1080     1600     1650     1700   
                                           T        V       ECP      H0       H01     AOSYM     SMH    MOLCAS    OPER   

              2       5        6.01       200      700     1000      520     4202   
                                        OPTIONS   GEOM     BASIS   MCVARS     RHF  

 PROGRAMS   *        TOTAL       RHF       INT
 CPU TIMES  *       164.44      4.51    159.64
 REAL TIME  *       175.10 SEC
 DISK USED  *         8.12 GB      
 SF USED    *         0.12 MB      
 GA USED    *         0.00 MB       (max)       0.00 MB       (current)
 **********************************************************************************************************************************


 PROGRAM * POP (Mulliken population analysis)

 
 Density matrix read from record         4202.2  Type=RHF/CHARGE (state 1.1)
 
 Population analysis by basis function type

 Unique atom        s        p        d        f        g    Total    Charge
   1  LU      1.99983  5.99862  0.00016  8.00130  0.00002 16.00000  + 9.00000


 **********************************************************************************************************************************
 DATASETS  * FILE   NREC   LENGTH (MB)   RECORD NAMES
              1      19       21.31       500      610      700      900      950      970     1000      129      960     1100   
                                          VAR    BASINP    GEOM    SYMINP    ZMAT    AOBASIS   BASIS     P2S    ABASIS      S 
                                         1400     1410     1420     1200     1210     1080     1600     1650     1700   
                                           T        V       ECP      H0       H01     AOSYM     SMH    MOLCAS    OPER   

              2       5        6.01       200      700     1000      520     4202   
                                        OPTIONS   GEOM     BASIS   MCVARS     RHF  

 PROGRAMS   *        TOTAL       POP       RHF       INT
 CPU TIMES  *       164.44      0.00      4.51    159.64
 REAL TIME  *       175.12 SEC
 DISK USED  *         8.12 GB      
 SF USED    *         0.12 MB      
 GA USED    *         0.00 MB       (max)       0.00 MB       (current)
 **********************************************************************************************************************************


 PROGRAM * MULTI (Direct Multiconfiguration SCF)       Authors: P.J. Knowles, H.-J. Werner (1984)     S.T. Elbert (1988)


 Number of closed-shell orbitals:   8 (   1   2   2   0   2   0   0   1 )
 Number of active  orbitals:        0 (   0   0   0   0   0   0   0   0 )
 Number of external orbitals:     434 ( 102  68  68  36  68  36  36  20 )

 State symmetry 1

 Number of electrons:     0    Spin symmetry=Singlet   Space symmetry=1
 Number of states:        1
 Number of CSFs:          1   (1 determinants, 1 intermediate states)

 State symmetry 1

 Number of electrons:   -16    Spin symmetry=Singlet   Space symmetry=1
 Number of states:        1
 Number of CSFs:          0   (1 determinants, 0 intermediate states)

 Molecular orbitals read from record     4202.2  Type=RHF/CANONICAL (state 1.1)
 *** IN SYMMETRY 1 ORBITAL  1 SYMMETRY CONTAMINATION OF 0.686D-02 HAS BEEN REMOVED

 EXTRA SYMMETRY OF MOS IN SYMMETRY 1:   1 2 3 1 2 3 1 4 6 5   2 3 1 4 6 5 2 3 1 4   6 5 2 3 1 2 3 4 5 6   1 2 3 1 2 3 1 2 3 1
                                        1 4 5 6 1 2 3 1 4 1   6 2 3 1 2 3 4 6 5 1   3 2 1 3 2 1 2 3 1 2   3 1 1 2 3 1 2 3 1 1
                                        2 3 1 2 3 1 1 2 3 1   1 2 3 1 1 1 1 1 1 1   1 1 5
 *** IN SYMMETRY 2 ORBITAL  1 SYMMETRY CONTAMINATION OF 0.977D-02 HAS BEEN REMOVED
 *** IN SYMMETRY 2 ORBITAL  2 SYMMETRY CONTAMINATION OF 0.369D+00 HAS BEEN REMOVED
 EXTRA SYMMETRY OF MOS IN SYMMETRY 2:   1 3 2 1 3 2 1 3 2 1   3 2 1 3 2 1 3 2 1 1   1 3 2 4 5 6 1 4 5 6   2 3 1 1 2 3 4 5 6 1
                                        2 3 1 1 2 3 1 2 3 1   1 2 3 1 2 3 1 1 2 3   1 1 1 1 1 1 1 1 1 1
 *** IN SYMMETRY 3 ORBITAL  1 SYMMETRY CONTAMINATION OF 0.977D-02 HAS BEEN REMOVED
 *** IN SYMMETRY 3 ORBITAL  2 SYMMETRY CONTAMINATION OF 0.369D+00 HAS BEEN REMOVED
 EXTRA SYMMETRY OF MOS IN SYMMETRY 3:   1 3 2 1 3 2 1 3 2 1   3 2 1 3 2 1 3 2 1 1   1 3 2 4 5 6 1 4 5 6   2 3 1 1 2 3 4 5 6 1
                                        2 3 1 1 2 3 1 2 3 1   1 2 3 1 2 3 1 1 2 3   1 1 1 1 1 1 1 1 1 1
 EXTRA SYMMETRY OF MOS IN SYMMETRY 4:   1 1 2 3 1 2 3 1 2 3   1 1 2 3 1 1 1 2 3 1   2 3 1 1 2 3 1 1 1 1   1 1 1 1 1 1
 *** IN SYMMETRY 5 ORBITAL  1 SYMMETRY CONTAMINATION OF 0.111D-01 HAS BEEN REMOVED
 *** IN SYMMETRY 5 ORBITAL  2 SYMMETRY CONTAMINATION OF 0.968D-01 HAS BEEN REMOVED
 EXTRA SYMMETRY OF MOS IN SYMMETRY 5:   1 2 3 1 2 3 1 2 3 1   2 3 1 2 3 1 2 3 1 1   2 1 3 4 6 5 1 4 6 5   2 3 1 1 3 2 4 6 5 1
                                        3 2 1 1 3 2 1 3 2 1   1 3 2 1 3 2 1 1 2 3   1 1 1 1 1 1 1 1 1 1
 EXTRA SYMMETRY OF MOS IN SYMMETRY 6:   1 1 2 3 1 2 3 1 2 3   1 1 2 3 1 1 1 2 3 1   2 3 1 1 2 3 1 1 1 1   1 1 1 1 1 1
 EXTRA SYMMETRY OF MOS IN SYMMETRY 7:   1 1 2 3 1 2 3 1 2 3   1 1 2 3 1 1 1 2 3 1   2 3 1 1 2 3 1 1 1 1   1 1 1 1 1 1
 *** IN SYMMETRY 8 ORBITAL  1 SYMMETRY CONTAMINATION OF 0.728D-03 HAS BEEN REMOVED
 EXTRA SYMMETRY OF MOS IN SYMMETRY 8:   1 1 1 1 1 1 1 3 2 3   2 1 1 3 2 1 1 1 1 1   1

 Wavefunction dump at record             5202.2

 Convergence thresholds  0.10E-01 (gradient)  0.10E-05 (energy)  0.10E-02 (step length)

 Number of orbital rotations:      530   (     0 Core/Active    530 Core/Virtual   0 Active/Active      0 Active/Virtual)
 Total number of variables:        531


 ITER. MIC  NCI  NEG     ENERGY(VAR)     ENERGY(PROJ)   ENERGY CHANGE     GRAD(0)  GRAD(ORB)   GRAD(CI)     STEP       TIME

   1   33    4    0    -192.56771170    -192.56864473   -0.00093303    1.39650526 0.00000000 0.00000000  0.12D-01      0.83
   2   20    4    0    -192.56864482    -192.56864483   -0.00000001    1.42014186 0.00000001 0.00000000  0.10D-04      1.44

 ** WVFN ****  CONVERGENCE REACHED, FINAL GRADIENT:  0.12D-07


 First order charge density matrix for state 1.1 saved on record  5202.2 (density set 1)

 Results for state 1.1
 =====================

 !MCSCF STATE 1.1 Energy             -192.568644825060
 Nuclear energy                         0.00000000
 Kinetic energy                       140.43980997
 One electron energy                 -289.93267686
 Two electron energy                   97.36403203
 Virial ratio                           2.37118275

 !MCSCF STATE 1.1 Dipole moment         0.00000000     0.00000000     0.00000000
 Dipole moment /Debye                   0.00000000     0.00000000     0.00000000


 *** WARNING (BLKOP):    2 NON ZERO ELEMENTS IN SYM  2

 *** WARNING (BLKOP):    2 NON ZERO ELEMENTS IN SYM  3

 *** WARNING (BLKOP):    2 NON ZERO ELEMENTS IN SYM  5

 NATURAL ORBITALS
 ================

   Orb     Occ        Energy       Coefficients

                                   1 1s      1 1s      1 1s      1 1s      1 1s      1 1s      1 1s      1 1s      1 1s      1 1s   
                                   1 1s      1 1s      1 1s      1 1s      1 1s      1 1s      1 1s      1 1s      1 1s      1 1s   
                                   1 1s      1 1s      1 1s      1 1s      1 1s      1 1s      1 1s      1 1s      1 1s      1 1s   
                                   1 1s      1 1s      1 1s      1 1s      1 1s      1 1s      1 1s      1 1s      1 3d0     1 3d2+ 
                                   1 3d0     1 3d2+    1 3d0     1 3d2+    1 3d0     1 3d2+    1 3d0     1 3d2+    1 3d0     1 3d2+ 
                                   1 3d0     1 3d2+    1 3d0     1 3d2+    1 3d0     1 3d2+    1 3d0     1 3d2+    1 3d0     1 3d2+ 
                                   1 3d0     1 3d2+    1 3d0     1 3d2+    1 3d0     1 3d2+    1 3d0     1 3d2+    1 3d0     1 3d2+ 
                                   1 3d0     1 3d2+    1 3d0     1 3d2+    1 3d0     1 3d2+    1 3d0     1 3d2+    1 3d0     1 3d2+ 
                                   1 3d0     1 3d2+    1 5g0     1 5g4+    1 5g2+    1 5g0     1 5g4+    1 5g2+    1 5g0     1 5g4+ 
                                   1 5g2+    1 5g0     1 5g4+    1 5g2+    1 5g0     1 5g4+    1 5g2+    1 5g0     1 5g4+    1 5g2+ 
                                   1 5g0     1 5g4+    1 5g2+ 

   1.1  2.00000    -7.494360     0.000000 -0.000000  0.000000 -0.000000  0.000000 -0.000000  0.000000 -0.000001  0.000003 -0.000007
                                 0.000017 -0.000046  0.000128 -0.000422  0.002378  0.007811 -0.005626  0.008573 -0.016800 -0.007376
                                 0.046562 -0.246630  0.294467 -0.160122  0.552428 -1.330814  0.308108  1.228835  0.038013  0.079309
                                -0.083404  0.112971 -0.164753  0.120907 -0.046528  0.017649 -0.004497  0.000794  0.000000  0.000000
                                 0.000000  0.000000  0.000000  0.000000  0.000000  0.000000  0.000000  0.000000  0.000000  0.000000
                                 0.000000  0.000000  0.000000  0.000000  0.000000  0.000000  0.000000  0.000000  0.000000  0.000000
                                 0.000000  0.000000  0.000000  0.000000  0.000000  0.000000  0.000000  0.000000  0.000000  0.000000
                                 0.000000  0.000000  0.000000  0.000000  0.000000  0.000000  0.000000  0.000000  0.000000  0.000000
                                 0.000000  0.000000  0.000000  0.000000  0.000000  0.000000  0.000000  0.000000  0.000000  0.000000
                                 0.000000  0.000000  0.000000  0.000000  0.000000  0.000000  0.000000  0.000000  0.000000  0.000000
                                 0.000000  0.000000  0.000000

                                   1 2px     1 2px     1 2px     1 2px     1 2px     1 2px     1 2px     1 2px     1 2px     1 2px  
                                   1 2px     1 2px     1 2px     1 2px     1 2px     1 2px     1 2px     1 2px     1 2px     1 2px  
                                   1 2px     1 2px     1 2px     1 2px     1 2px     1 2px     1 2px     1 2px     1 2px     1 2px  
                                   1 2px     1 4f1+    1 4f3+    1 4f1+    1 4f3+    1 4f1+    1 4f3+    1 4f1+    1 4f3+    1 4f1+ 
                                   1 4f3+    1 4f1+    1 4f3+    1 4f1+    1 4f3+    1 4f1+    1 4f3+    1 4f1+    1 4f3+    1 4f1+ 
                                   1 4f3+    1 4f1+    1 4f3+    1 4f1+    1 4f3+    1 4f1+    1 4f3+    1 4f1+    1 4f3+    1 4f1+ 
                                   1 4f3+    1 6h1+    1 6h3+    1 6h5+    1 6h1+    1 6h3+    1 6h5+    1 6h1+    1 6h3+    1 6h5+ 


   1.2  2.00000    -6.146578     0.000000 -0.000000  0.000000 -0.000000  0.000000 -0.000000  0.000001 -0.000003  0.000011 -0.000033
                                 0.000096 -0.000266  0.000732 -0.002208  0.008080 -0.070790  0.180986 -0.345443  0.671193 -0.847385
                                 0.289424  0.895836 -0.048107  0.175012 -0.230174 -0.016207  0.010473  0.228195 -0.005064  0.002140
                                -0.000469  0.000000  0.000000  0.000000  0.000000  0.000000  0.000000  0.000000  0.000000  0.000000
                                 0.000000  0.000000  0.000000  0.000000  0.000000  0.000000  0.000000  0.000000  0.000000  0.000000
                                 0.000000  0.000000  0.000000  0.000000  0.000000  0.000000  0.000000  0.000000  0.000000  0.000000
                                 0.000000  0.000000  0.000000  0.000000  0.000000  0.000000  0.000000  0.000000  0.000000  0.000000

   2.2  2.00000    -5.293313     0.000000  0.000000  0.000000  0.000000  0.000000  0.000000  0.000000  0.000000  0.000000  0.000000
                                 0.000000  0.000000  0.000000  0.000000  0.000000  0.000000  0.000000  0.000000  0.000000  0.000000
                                 0.000000  0.000000  0.000000  0.000000  0.000000  0.000000  0.000000  0.000000  0.000000  0.000000
                                 0.000000  0.000000  0.000005  0.000000 -0.000031  0.000000  0.000137  0.000000  0.000132  0.000000
                                 0.055013  0.000000  0.039934  0.000000  0.269357  0.000000  0.332821  0.000000  0.392942  0.000000
                                 0.183977  0.000000  0.003604  0.000000  0.003358  0.000000 -0.003076  0.000000  0.001582  0.000000
                                -0.000520  0.000000  0.000000  0.000000  0.000000  0.000000  0.000000  0.000000  0.000000  0.000000

                                   1 2py     1 2py     1 2py     1 2py     1 2py     1 2py     1 2py     1 2py     1 2py     1 2py  
                                   1 2py     1 2py     1 2py     1 2py     1 2py     1 2py     1 2py     1 2py     1 2py     1 2py  
                                   1 2py     1 2py     1 2py     1 2py     1 2py     1 2py     1 2py     1 2py     1 2py     1 2py  
                                   1 2py     1 4f1-    1 4f3-    1 4f1-    1 4f3-    1 4f1-    1 4f3-    1 4f1-    1 4f3-    1 4f1- 
                                   1 4f3-    1 4f1-    1 4f3-    1 4f1-    1 4f3-    1 4f1-    1 4f3-    1 4f1-    1 4f3-    1 4f1- 
                                   1 4f3-    1 4f1-    1 4f3-    1 4f1-    1 4f3-    1 4f1-    1 4f3-    1 4f1-    1 4f3-    1 4f1- 
                                   1 4f3-    1 6h1-    1 6h3-    1 6h5-    1 6h1-    1 6h3-    1 6h5-    1 6h1-    1 6h3-    1 6h5- 


   1.3  2.00000    -6.146578     0.000000 -0.000000  0.000000 -0.000000  0.000000 -0.000000  0.000001 -0.000003  0.000011 -0.000033
                                 0.000096 -0.000266  0.000732 -0.002208  0.008080 -0.070790  0.180986 -0.345443  0.671193 -0.847385
                                 0.289424  0.895836 -0.048107  0.175012 -0.230174 -0.016207  0.010473  0.228195 -0.005064  0.002140
                                -0.000469  0.000000  0.000000  0.000000  0.000000  0.000000  0.000000  0.000000  0.000000  0.000000
                                 0.000000  0.000000  0.000000  0.000000  0.000000  0.000000  0.000000  0.000000  0.000000  0.000000
                                 0.000000  0.000000  0.000000  0.000000  0.000000  0.000000  0.000000  0.000000  0.000000  0.000000
                                 0.000000  0.000000  0.000000  0.000000  0.000000  0.000000  0.000000  0.000000  0.000000  0.000000

   2.3  2.00000    -5.293313     0.000000  0.000000  0.000000  0.000000  0.000000  0.000000  0.000000  0.000000  0.000000  0.000000
                                 0.000000  0.000000  0.000000  0.000000  0.000000  0.000000  0.000000  0.000000  0.000000  0.000000
                                 0.000000  0.000000  0.000000  0.000000  0.000000  0.000000  0.000000  0.000000  0.000000  0.000000
                                 0.000000  0.000000  0.000005  0.000000 -0.000031  0.000000  0.000137  0.000000  0.000132  0.000000
                                 0.055013  0.000000  0.039934  0.000000  0.269357  0.000000  0.332821  0.000000  0.392942  0.000000
                                 0.183977  0.000000  0.003604  0.000000  0.003358  0.000000 -0.003076  0.000000  0.001582  0.000000
                                -0.000520  0.000000  0.000000  0.000000  0.000000  0.000000  0.000000  0.000000  0.000000  0.000000

                                   1 2pz     1 2pz     1 2pz     1 2pz     1 2pz     1 2pz     1 2pz     1 2pz     1 2pz     1 2pz  
                                   1 2pz     1 2pz     1 2pz     1 2pz     1 2pz     1 2pz     1 2pz     1 2pz     1 2pz     1 2pz  
                                   1 2pz     1 2pz     1 2pz     1 2pz     1 2pz     1 2pz     1 2pz     1 2pz     1 2pz     1 2pz  
                                   1 2pz     1 4f0     1 4f2+    1 4f0     1 4f2+    1 4f0     1 4f2+    1 4f0     1 4f2+    1 4f0  
                                   1 4f2+    1 4f0     1 4f2+    1 4f0     1 4f2+    1 4f0     1 4f2+    1 4f0     1 4f2+    1 4f0  
                                   1 4f2+    1 4f0     1 4f2+    1 4f0     1 4f2+    1 4f0     1 4f2+    1 4f0     1 4f2+    1 4f0  
                                   1 4f2+    1 6h2+    1 6h4+    1 6h0     1 6h2+    1 6h4+    1 6h0     1 6h2+    1 6h4+    1 6h0  


   1.5  2.00000    -6.263694     0.000000 -0.000000  0.000000 -0.000000  0.000000 -0.000000  0.000001 -0.000003  0.000011 -0.000034
                                 0.000098 -0.000273  0.000749 -0.002260  0.008264 -0.072358  0.184408 -0.349658  0.681300 -0.866755
                                 0.309379  0.909963 -0.067710  0.170608 -0.237164 -0.016881  0.010808  0.235120 -0.005216  0.002204
                                -0.000483  0.000000  0.000000  0.000000  0.000000  0.000000  0.000000  0.000000  0.000000  0.000000
                                 0.000000  0.000000  0.000000  0.000000  0.000000  0.000000  0.000000  0.000000  0.000000  0.000000
                                 0.000000  0.000000  0.000000  0.000000  0.000000  0.000000  0.000000  0.000000  0.000000  0.000000
                                 0.000000  0.000000  0.000000  0.000000  0.000000  0.000000  0.000000  0.000000  0.000000  0.000000

   2.5  2.00000    -5.522443    -0.000000  0.000000 -0.000000  0.000000 -0.000000  0.000000 -0.000000  0.000000 -0.000000  0.000000
                                -0.000000  0.000000 -0.000000  0.000000 -0.000000  0.000000 -0.000000  0.000000 -0.000000  0.000000
                                -0.000000 -0.000000  0.000000 -0.000000  0.000000  0.000000 -0.000000 -0.000000  0.000000 -0.000000
                                 0.000000  0.000004  0.000000 -0.000028  0.000000  0.000123  0.000000  0.000195  0.000000  0.054624
                                 0.000000  0.042049  0.000000  0.272509  0.000000  0.341333  0.000000  0.391424  0.000000  0.167713
                                 0.000000  0.000736  0.000000  0.003848  0.000000 -0.003432  0.000000  0.001748  0.000000 -0.000572
                                 0.000000  0.000000  0.000000  0.000000  0.000000  0.000000  0.000000  0.000000  0.000000  0.000000

                                   1 4f2-    1 4f2-    1 4f2-    1 4f2-    1 4f2-    1 4f2-    1 4f2-    1 4f2-    1 4f2-    1 4f2- 
                                   1 4f2-    1 4f2-    1 4f2-    1 4f2-    1 4f2-    1 6h4-    1 6h2-    1 6h4-    1 6h2-    1 6h4- 
                                   1 6h2- 

   1.8  2.00000    -5.442028     0.000004 -0.000030  0.000128  0.000173  0.054773  0.041310  0.271451  0.338405  0.392040  0.173244
                                 0.001636  0.003703 -0.003329  0.001700 -0.000557  0.000000  0.000000  0.000000  0.000000  0.000000
                                 0.000000

 Total charge:   9.000000000000
 

 EXTRA SYMMETRY OF MOS IN SYMMETRY 1:   1 2 3 1 2 3 1 4 6 5   2 3 1 4 6 5 2 3 1 4   6 5 2 3 1 2 3 4 6 5   1 2 3 1 2 3 1 2 3 1
                                        1 4 6 5 1 2 3 1 4 6   5 2 3 1 2 3 4 6 5 1   2 3 1 2 3 1 2 3 1 2   3 1 1 2 3 1 2 3 1 1
                                        2 3 1 2 3 1 1 2 3 1   1 2 3 1 1 1 1 1 1 1   1 1 1
 EXTRA SYMMETRY OF MOS IN SYMMETRY 2:   1 3 2 1 2 3 1 2 3 1   2 3 1 2 3 1 2 3 1 1   1 2 3 4 5 6 1 4 5 6   2 3 1 1 2 3 4 5 6 1
                                        2 3 1 1 2 3 1 2 3 1   1 2 3 1 2 3 1 1 2 3   1 1 1 1 1 1 1 1 1 1
 EXTRA SYMMETRY OF MOS IN SYMMETRY 3:   1 3 2 1 2 3 1 2 3 1   2 3 1 2 3 1 2 3 1 1   1 2 3 4 5 6 1 4 5 6   2 3 1 1 2 3 4 5 6 1
                                        2 3 1 1 2 3 1 2 3 1   1 2 3 1 2 3 1 1 2 3   1 1 1 1 1 1 1 1 1 1
 EXTRA SYMMETRY OF MOS IN SYMMETRY 5:   1 2 3 1 2 3 1 2 3 1   2 3 1 2 3 1 2 3 1 1   2 1 3 6 4 5 1 6 4 5   2 3 1 1 2 3 6 4 5 1
                                        2 3 1 1 2 3 1 2 3 1   1 2 3 1 2 3 1 1 2 3   1 1 1 1 1 1 1 1 1 1

 Natural orbital dump at molpro section  5202.2    (Orbital set 2)


 CI vector
 =========

              1.0000000

 TOTAL ENERGIES                      -192.56864483



 **********************************************************************************************************************************
 DATASETS  * FILE   NREC   LENGTH (MB)   RECORD NAMES
              1      20       32.74       500      610      700      900      950      970     1000      129      960     1100   
                                          VAR    BASINP    GEOM    SYMINP    ZMAT    AOBASIS   BASIS     P2S    ABASIS      S 
                                         1400     1410     1420     1200     1210     1080     1600     1650     1700     1380   
                                           T        V       ECP      H0       H01     AOSYM     SMH    MOLCAS    OPER     JKOP   

              2       6        9.83       200      700     1000      520     4202     5202   
                                        OPTIONS   GEOM     BASIS   MCVARS     RHF     MCSCF   

 PROGRAMS   *        TOTAL     MULTI       POP       RHF       INT
 CPU TIMES  *       166.61      2.17      0.00      4.51    159.64
 REAL TIME  *       177.77 SEC
 DISK USED  *         8.12 GB      
 SF USED    *        42.12 MB      
 GA USED    *         0.00 MB       (max)       0.00 MB       (current)
 **********************************************************************************************************************************


 PROGRAM * RHF-SCF (CLOSED SHELL)       Authors: W. Meyer, H.-J. Werner


 NUMBER OF ELECTRONS:       8+    8-    SPACE SYMMETRY=1    SPIN SYMMETRY: Singlet 
 CONVERGENCE THRESHOLDS:    1.00E-05 (Density)    1.00E-07 (Energy)
 MAX. NUMBER OF ITERATIONS:        0
 INTERPOLATION TYPE:            DIIS
 INTERPOLATION STEPS:              2 (START)      1 (STEP)
 LEVEL SHIFTS:                  0.00 (CLOSED)  0.00 (OPEN) 

 Number of closed-shell orbitals:    8 (   1   2   2   0   2   0   0   1 )


 Molecular orbitals read from record     5202.2  Type=MCSCF/NATURAL (state 1.1)

 Molecular orbital dump at record        2134.2

 ITERATION    DDIFF          GRAD             ENERGY        2-EL.EN.            DIPOLE MOMENTS         DIIS   ORB.
    1      0.000D+00      0.000D+00      -192.56864483    194.728064    0.00000    0.00000    0.00000    0    start

 Final occupancy:   1   2   2   0   2   0   0   1

 !RHF STATE 1.1 Energy               -192.568644825060
 Nuclear energy                         0.00000000
 One-electron energy                 -289.93267686
 Two-electron energy                   97.36403203
 Virial quotient                       -1.37118275
 !RHF STATE 1.1 Dipole moment           0.00000000     0.00000000     0.00000000
 Dipole moment /Debye                   0.00000000     0.00000000     0.00000000

 Orbital energies:

         1.1          2.1          3.1
     -7.494360    -4.034958    -3.973245

         1.2          2.2          3.2          4.2
     -6.146578    -5.293313    -4.461527    -2.687594

         1.3          2.3          3.3          4.3
     -6.146578    -5.293313    -4.461527    -2.687594

         1.4          2.4
     -3.986563    -2.123718

         1.5          2.5          3.5          4.5
     -6.263694    -5.522443    -4.451064    -2.732385

         1.6          2.6
     -4.012645    -2.141069

         1.7          2.7
     -4.012645    -2.141069

         1.8          2.8          3.8
     -5.442028    -2.305555    -1.481038

 HOMO      2.2    -5.293313 =    -144.0384eV
 LUMO      3.2    -4.461527 =    -121.4043eV
 LUMO-HOMO         0.831786 =      22.6341eV


 **********************************************************************************************************************************
 DATASETS  * FILE   NREC   LENGTH (MB)   RECORD NAMES
              1      20       32.74       500      610      700      900      950      970     1000      129      960     1100   
                                          VAR    BASINP    GEOM    SYMINP    ZMAT    AOBASIS   BASIS     P2S    ABASIS      S 
                                         1400     1410     1420     1200     1210     1080     1600     1650     1700     1380   
                                           T        V       ECP      H0       H01     AOSYM     SMH    MOLCAS    OPER     JKOP   

              2       7       13.05       200      700     1000      520     4202     5202     2134   
                                        OPTIONS   GEOM     BASIS   MCVARS     RHF     MCSCF     RHF  

 PROGRAMS   *        TOTAL       RHF     MULTI       POP       RHF       INT
 CPU TIMES  *       166.77      0.16      2.17      0.00      4.51    159.64
 REAL TIME  *       177.99 SEC
 DISK USED  *         8.12 GB      
 SF USED    *        42.12 MB      
 GA USED    *         0.00 MB       (max)       0.00 MB       (current)
 **********************************************************************************************************************************
 SETTING SCF(16)        =      -192.56864483  AU                              
 SETTING _CC_NORM_MAX   =         2.00000000                                  


 PROGRAM * CCSD (Restricted open-shell coupled cluster)     Authors: C. Hampel, H.-J. Werner, 1991, M. Deegan, P.J. Knowles, 1992


 Convergence thresholds:  THRVAR = 1.00D-08  THRDEN = 1.00D-06

 CCSD(T)     terms to be evaluated (factor= 1.000)


 Number of closed-shell orbitals:   8 (   1   2   2   0   2   0   0   1 )
 Number of external orbitals:     434 ( 102  68  68  36  68  36  36  20 )

 Memory could be reduced to 159.28 Mwords without degradation in triples

 Number of N-1 electron functions:              16
 Number of N-2 electron functions:             120
 Number of singly external CSFs:              1060
 Number of doubly external CSFs:           2175278
 Total number of CSFs:                     2176338

 Molecular orbitals read from record     2134.2  Type=RHF/CANONICAL (state 1.1)

 Integral transformation finished. Total CPU:   3.36 sec, npass=  1  Memory used:  27.62 MW

 Starting RMP2 calculation

 Wavefunction is spin-projected

 ITER.      SQ.NORM     CORR.ENERGY   TOTAL ENERGY   ENERGY CHANGE        DEN1      VAR(S)    VAR(P)  DIIS     TIME
   1      1.14858244    -1.07195175  -193.64059658    -1.07195175    -0.00626971  0.36D-03  0.12D-02  1  1     3.61
   2      1.15274296    -1.07887432  -193.64751915    -0.00692257    -0.00005126  0.21D-04  0.63D-05  2  2     4.21
   3      1.15321724    -1.07922748  -193.64787230    -0.00035315    -0.00000153  0.10D-05  0.29D-07  3  3     4.52
   4      1.15328236    -1.07924705  -193.64789188    -0.00001957    -0.00000002  0.12D-07  0.18D-08  4  4     4.88
   5      1.15328607    -1.07924771  -193.64789253    -0.00000065    -0.00000000  0.29D-10  0.22D-10  5  5     5.42

 Norm of t1 vector:      0.10536287      S-energy:    -0.02687306      T1 diagnostic:  0.01862570
 Norm of t2 vector:      0.37707392      P-energy:    -1.05237464
                                         Alpha-Beta:  -0.75362677
                                         Alpha-Alpha: -0.14937393
                                         Beta-Beta:   -0.14937393

 Spin contamination <S**2-Sz**2-Sz>     0.00000000
  Reference energy                   -192.568644825060
  RHF-RMP2 correlation energy          -1.079247706367
 !RHF-RMP2 energy                    -193.647892531427
 (NB above energy spin projected)

 Starting RCCSD calculation

 ITER.      SQ.NORM     CORR.ENERGY   TOTAL ENERGY   ENERGY CHANGE        DEN1      VAR(S)    VAR(P)  DIIS     TIME
   1      1.12611806    -0.94664954  -193.51529437    -0.94664954    -0.03303256  0.13D-02  0.49D-02  0  0     7.99
   2      1.15048420    -0.97926934  -193.54791417    -0.03261980    -0.00641718  0.11D-02  0.16D-02  1  1    10.04
   3      1.16922617    -0.98432732  -193.55297215    -0.00505798    -0.00378151  0.94D-03  0.94D-03  2  2    12.23
   4      1.22153248    -0.99836445  -193.56700928    -0.01403713    -0.00250537  0.10D-02  0.42D-03  3  3    14.42
   5      1.28072275    -1.00517236  -193.57381718    -0.00680790    -0.00220989  0.12D-02  0.19D-03  4  4    16.92
   6      1.26807285    -1.00420051  -193.57284534     0.00097185    -0.00216012  0.11D-02  0.21D-03  5  5    18.93
   7      1.21465210    -0.99875602  -193.56740084     0.00544449    -0.00166928  0.67D-03  0.28D-03  6  6    21.68
   8      1.23623616    -0.99709969  -193.56574452     0.00165632    -0.00089410  0.22D-03  0.22D-03  7  7    24.52
   9      1.31548016    -0.99666180  -193.56530663     0.00043789    -0.00043147  0.35D-04  0.15D-03  8  8    26.80
  10      1.36112507    -0.99707341  -193.56571824    -0.00041161    -0.00025310  0.11D-04  0.97D-04  9  9    29.74
  11      1.38419882    -0.99795964  -193.56660447    -0.00088623    -0.00012662  0.73D-06  0.51D-04 10 10    31.82
  12      1.38764638    -0.99881601  -193.56746084    -0.00085637    -0.00005384  0.76D-06  0.22D-04 11 11    34.41
  13      1.39644321    -0.99909046  -193.56773528    -0.00027444    -0.00002900  0.20D-06  0.12D-04 12 12    38.67
  14      1.40093325    -0.99935667  -193.56800150    -0.00026622    -0.00001706  0.22D-06  0.70D-05 13 13    42.13
  15      1.39539520    -0.99971871  -193.56836354    -0.00036204    -0.00000912  0.25D-06  0.35D-05 14 14    47.43
  16      1.40372623    -0.99971047  -193.56835530     0.00000824    -0.00000359  0.54D-07  0.14D-05 15 15    49.55
  17      1.40233511    -0.99995602  -193.56860084    -0.00024554    -0.00000178  0.11D-07  0.72D-06 15  1    52.17
  18      1.40356405    -0.99993132  -193.56857615     0.00002469    -0.00000129  0.11D-07  0.52D-06 15  2    55.54
  19      1.40677826    -0.99992633  -193.56857115     0.00000499    -0.00000054  0.64D-08  0.21D-06 15  4    61.42
  20      1.40727440    -0.99998129  -193.56862612    -0.00005497    -0.00000023  0.23D-08  0.92D-07 15  9    65.34
  21      1.40811918    -0.99998753  -193.56863235    -0.00000623    -0.00000013  0.98D-09  0.53D-07 15  3    70.00
  22      1.40840182    -0.99999297  -193.56863780    -0.00000544    -0.00000005  0.94D-09  0.16D-07 15  8    73.44
  23      1.40861389    -1.00000890  -193.56865373    -0.00001593    -0.00000001  0.21D-09  0.37D-08 15 10    78.26
  24      1.40852881    -1.00001465  -193.56865948    -0.00000575    -0.00000000  0.63D-10  0.12D-08 15 15    80.31
  25      1.40865114    -1.00001434  -193.56865916     0.00000031    -0.00000000  0.28D-10  0.62D-09 15  7    82.45

 Norm of t1 vector:      0.28333356      S-energy:    -0.01761710      T1 diagnostic:  0.05008677
                                                                       D1 diagnostic:  0.13911673
 Norm of t2 vector:      0.57303860      P-energy:    -0.98239724
                                         Alpha-Beta:  -0.73491540
                                         Alpha-Alpha: -0.12374092
                                         Beta-Beta:   -0.12374092

 Singles amplitudes (print threshold =  0.500E-01):

         I         SYM. A    A   T(IA) [Alpha-Alpha]

         2         2         1      0.06088879
         3         2         1      0.12474854
         4         3         1      0.06088879
         5         3         1     -0.12474854
 
         I         SYM. A    A   T(IA) [Beta-Beta]

         2         2         1      0.06088879
         3         2         1      0.12474854
         4         3         1      0.06088879
         5         3         1     -0.12474854

 Doubles amplitudes (print threshold =  0.500E-01):

         I         J         SYM. A    SYM. B    A         B      T(IJ, AB) [Alpha-Alpha]

         5         3         2         3         1         1      0.06294158
         5         3         3         2         1         1     -0.06294158
         8         5         2         5         1         1     -0.07878861
         8         5         5         2         1         1      0.07878861
         8         3         3         5         1         1     -0.07878861
         8         3         5         3         1         1      0.07878861
 
         I         J         SYM. A    SYM. B    A         B      T(IJ, AB) [Beta-Beta]

         5         3         2         3         1         1      0.06294158
         5         3         3         2         1         1     -0.06294158
         8         5         2         5         1         1     -0.07878861
         8         5         5         2         1         1      0.07878861
         8         3         3         5         1         1     -0.07878861
         8         3         5         3         1         1      0.07878861
 
         I         J         SYM. A    SYM. B    A         B      T(IJ, AB) [Alpha-Beta]

         3         3         2         2         1         1     -0.06967533
         3         3         3         3         1         1     -0.09985654
         3         3         5         5         1         1     -0.21882339
         5         5         2         2         1         1     -0.09985654
         5         5         3         3         1         1     -0.06967533
         5         5         5         5         1         1     -0.21882339
         7         7         5         5         1         1     -0.06924482
         8         8         2         2         1         1     -0.05189185
         8         8         3         3         1         1     -0.05189185
         8         5         2         5         1         1     -0.07614667
         5         8         5         2         1         1     -0.07614667
         8         3         3         5         1         1     -0.07614667
         3         8         5         3         1         1     -0.07614667

 Spin contamination <S**2-Sz**2-Sz>     0.00000000

 Memory could be reduced to 159.45 Mwords without degradation in triples
 

 RESULTS
 =======

  Reference energy                   -192.568644825060
  RCCSD singles energy                 -0.017617101774
  RCCSD pair energy                    -0.982397236164
  RCCSD correlation energy             -1.000014337938
  Triples (T) contribution             -0.086741569595
  Total correlation energy             -1.086755907534
 
  RHF-RCCSD energy                   -193.568659162999
  RHF-RCCSD[T] energy                -193.660307222004
  RHF-RCCSD-T energy                 -193.653375243399
 !RHF-RCCSD(T) energy                -193.655400732594

 Program statistics:

 Available memory in ccsd:               999999308
 Min. memory needed in ccsd:               6614353
 Max. memory used in ccsd:                 9233541
 Max. memory used in cckext:               7425629 (25 integral passes)
 Max. memory used in cckint:              27618051 ( 1 integral passes)



 **********************************************************************************************************************************
 DATASETS  * FILE   NREC   LENGTH (MB)   RECORD NAMES
              1      20       32.74       500      610      700      900      950      970     1000      129      960     1100   
                                          VAR    BASINP    GEOM    SYMINP    ZMAT    AOBASIS   BASIS     P2S    ABASIS      S 
                                         1400     1410     1420     1200     1210     1080     1600     1650     1700     1380   
                                           T        V       ECP      H0       H01     AOSYM     SMH    MOLCAS    OPER     JKOP   

              2       7       13.05       200      700     1000      520     4202     5202     2134   
                                        OPTIONS   GEOM     BASIS   MCVARS     RHF     MCSCF     RHF  

 PROGRAMS   *        TOTAL  RCCSD(T)       RHF     MULTI       POP       RHF       INT
 CPU TIMES  *       286.09    119.22      0.16      2.17      0.00      4.51    159.64
 REAL TIME  *       415.44 SEC
 DISK USED  *        15.76 GB      
 SF USED    *         2.22 GB      
 GA USED    *         0.00 MB       (max)       0.00 MB       (current)
 **********************************************************************************************************************************
 SETTING CCSD(16)       =      -193.65540073  AU                              
 Output type csv         
                                                                                                                                                                                                                                                                

        SCF,CCSD
      0.0000000,      0.0000000
      0.0000000,      0.0000000
      0.0000000,      0.0000000
      0.0000000,      0.0000000
      0.0000000,      0.0000000
      0.0000000,      0.0000000
      0.0000000,      0.0000000
      0.0000000,      0.0000000
      0.0000000,      0.0000000
      0.0000000,      0.0000000
      0.0000000,      0.0000000
      0.0000000,      0.0000000
      0.0000000,      0.0000000
      0.0000000,      0.0000000
      0.0000000,      0.0000000
   -192.5686448,   -193.6554007
                                                  

 RCCSD(T)/USERDEF energy=   -193.655400732594

        RCCSD(T)        RHF-SCF         MULTI           RHF-SCF 
   -193.65540073   -192.56864483   -192.56864483   -192.57870115
 **********************************************************************************************************************************
 Molpro calculation terminated
 Variable memory released
