
 Primary working directories    : /global/cscratch1/sd/aannabe
 Secondary working directories  : /global/cscratch1/sd/aannabe
 Wavefunction directory         : /global/homes/a/aannabe/wfu/
 Main file repository           : /global/cscratch1/sd/aannabe/

 SHA1      : 19cd028119e0e09f93f0674bd8af7968d9b3eff6
 NAME      : 2015.1.36
 ARCHNAME  : linux/x86_64
 FC        : /opt/cray/pe/craype/2.5.14/bin/ftn
 BLASLIB   : -L/opt/intel/compilers_and_libraries_2018.1.163/linux/mkl/lib/intel64 -Wl,-_start-group -lmkl_intel_ilp64 -lmkl_intel_thread -lmkl_core -Wl,-_end-group -liomp5
 id        : lbl

 Nodes     nprocs
 nid01050    11
 Number of processes for MPI-2 version of Molpro:   nprocs(total)=   12   nprocs(compute)=   11   nprocs(helper)=    1

 Using customized tuning parameters: mindgm=7; mindgv=16; mindgc=1; mindgr=1; noblas=0; minvec=7
 default implementation of scratch files=sf  

 ***,atomic
 memory,1,g
 
 gthresh,twoint=1.e-15
 gthresh,oneint=1.e-15
 
 angstrom
 geometry={
 1
 Tb  0.0 0.0 0.0
 }
 
 basis={
 Including file /global/homes/a/aannabe/docs/Tb_project/ccECP/basis_sets/Tb_aug-cc-pwCVTZ.basis
 }
 
 set,dkroll=1,dkho=99,dkhp=2
 
 Including file /global/u1/a/aannabe/docs/Tb_project/ccECP/atoms/AE/8/states.proc
 Including file /global/homes/a/aannabe/docs/Tb_project/ccECP/basis_sets/Tb_con-cc-pVDZ.basis
 Including file /global/homes/a/aannabe/docs/Tb_project/ccECP/basis_sets/Tb_aug-cc-pwCVTZ.basis
 Including file /global/homes/a/aannabe/docs/Tb_project/ccECP/basis_sets/Tb_con-cc-pVDZ.basis
 Including file /global/homes/a/aannabe/docs/Tb_project/ccECP/basis_sets/Tb_aug-cc-pwCVTZ.basis
 Including file /global/homes/a/aannabe/docs/Tb_project/ccECP/basis_sets/Tb_con-cc-pVDZ.basis
 Including file /global/homes/a/aannabe/docs/Tb_project/ccECP/basis_sets/Tb_aug-cc-pwCVTZ.basis
 Including file /global/homes/a/aannabe/docs/Tb_project/ccECP/basis_sets/Tb_con-cc-pVDZ.basis
 Including file /global/homes/a/aannabe/docs/Tb_project/ccECP/basis_sets/Tb_aug-cc-pwCVTZ.basis
 
 do i=8,8
    if (i.eq.1) then
       GS_5s2_5p6_6s2_4f9
    else if (i.eq.2) then
       EX_5s2_5p6_6s2_4f8_5d1
    else if (i.eq.3) then
       EX_5s2_5p6_6s1_4f8_5d2
    else if (i.eq.4) then
       EX_5s2_5p6_6s2_4f8_6p1
    else if (i.eq.5) then
       IP1_5s2_5p6_6s1_4f9
    else if (i.eq.6) then
       IP1_5s2_5p6_6s1_4f8_5d
    else if (i.eq.7) then
       IP1_5s2_5p6_6s2_4f8
    else if (i.eq.8) then
       IP2_5s2_5p6_4f9
    else if (i.eq.9) then
       IP2_5s2_5p6_4f8_5d1
    else if (i.eq.10) then
       IP2_5s2_5p6_6s1_4f8
    else if (i.eq.11) then
       IP3_5s2_5p6_4f8
    else if (i.eq.12) then
       IP3_5s2_5p6_4f7_5d1
    else if (i.eq.13) then
       IP3_5s2_5p6_6s1_4f7
    else if (i.eq.14) then
       IP4_5s2_5p6_4f7
    else if (i.eq.15) then
       IP7_5s2_5p3_4f7
    end if
    scf(i)=energy
    pop
    _CC_NORM_MAX=2.0
    {uccsd(t),shifts=0.2,shiftp=0.2,thrdis=1.0;diis,1,1,15,1;maxit,100;core;
    THRESH,ENERGY=5.e-6,COEFF=1e-3
    }
    ccsd(i)=energy
 enddo
 
 table,scf,ccsd
 save, 3.csv, new
 

 Variables initialized (889), CPU time= 0.01 sec
 Commands  initialized (702), CPU time= 0.01 sec, 572 directives.
 Default parameters read. Elapsed time= 0.13 sec

 Checking input...
 Passed
1


                                         ***  PROGRAM SYSTEM MOLPRO  ***
                                       Copyright, TTI GmbH Stuttgart, 2015
                                    Version 2015.1 linked Dec 29 2018 15:55:43


 **********************************************************************************************************************************
 LABEL *   atomic                                                                        
  64 bit mpp version                                                                     DATE: 02-Feb-22          TIME: 11:20:27  
 **********************************************************************************************************************************

 SHA1:             19cd028119e0e09f93f0674bd8af7968d9b3eff6
 **********************************************************************************************************************************

 THRESHOLDS:

 ZERO    =  1.00D-12  ONEINT  =  1.00D-12  TWOINT  =  1.00D-15  PREFAC  =  1.00D-14  LOCALI  =  1.00D-09  EORDER  =  1.00D-04
 ENERGY  =  0.00D+00  ETEST   =  0.00D+00  EDENS   =  0.00D+00  THRDEDEF=  1.00D-06  GRADIENT=  1.00D-02  STEP    =  1.00D-03
 ORBITAL =  1.00D-05  CIVEC   =  1.00D-05  COEFF   =  1.00D-04  PRINTCI =  5.00D-02  PUNCHCI =  9.90D+01  OPTGRAD =  3.00D-04
 OPTENERG=  1.00D-06  OPTSTEP =  3.00D-04  THRGRAD =  1.00D-10  COMPRESS=  1.00D-11  VARMIN  =  1.00D-07  VARMAX  =  1.00D-03
 THRDOUB =  0.00D+00  THRDIV  =  1.00D-05  THRRED  =  1.00D-07  THRPSP  =  1.00D+00  THRDC   =  1.00D-10  THRCS   =  1.00D-10
 THRNRM  =  1.00D-08  THREQ   =  0.00D+00  THRDE   =  1.00D+00  THRREF  =  1.00D-05  SPARFAC =  1.00D+00  THRDLP  =  1.00D-07
 THRDIA  =  1.00D-10  THRDLS  =  1.00D-07  THRGPS  =  0.00D+00  THRKEX  =  0.00D+00  THRDIS  =  2.00D-01  THRVAR  =  1.00D-10
 THRLOC  =  1.00D-06  THRGAP  =  1.00D-06  THRLOCT = -1.00D+00  THRGAPT = -1.00D+00  THRORB  =  1.00D-06  THRMLTP =  0.00D+00
 THRCPQCI=  1.00D-10  KEXTA   =  0.00D+00  THRCOARS=  0.00D+00  SYMTOL  =  1.00D-06  GRADTOL =  1.00D-06  THROVL  =  1.00D-08
 THRORTH =  1.00D-08  GRID    =  1.00D-06  GRIDMAX =  1.00D-03  DTMAX   =  0.00D+00  THROCCDE=  1.00D-01  THROCCDE=  1.00D-01



 THRESHOLDS:

 ZERO    =  1.00D-12  ONEINT  =  1.00D-15  TWOINT  =  1.00D-15  PREFAC  =  1.00D-14  LOCALI  =  1.00D-09  EORDER  =  1.00D-04
 ENERGY  =  0.00D+00  ETEST   =  0.00D+00  EDENS   =  0.00D+00  THRDEDEF=  1.00D-06  GRADIENT=  1.00D-02  STEP    =  1.00D-03
 ORBITAL =  1.00D-05  CIVEC   =  1.00D-05  COEFF   =  1.00D-04  PRINTCI =  5.00D-02  PUNCHCI =  9.90D+01  OPTGRAD =  3.00D-04
 OPTENERG=  1.00D-06  OPTSTEP =  3.00D-04  THRGRAD =  1.00D-10  COMPRESS=  1.00D-11  VARMIN  =  1.00D-07  VARMAX  =  1.00D-03
 THRDOUB =  0.00D+00  THRDIV  =  1.00D-05  THRRED  =  1.00D-07  THRPSP  =  1.00D+00  THRDC   =  1.00D-10  THRCS   =  1.00D-10
 THRNRM  =  1.00D-08  THREQ   =  0.00D+00  THRDE   =  1.00D+00  THRREF  =  1.00D-05  SPARFAC =  1.00D+00  THRDLP  =  1.00D-07
 THRDIA  =  1.00D-10  THRDLS  =  1.00D-07  THRGPS  =  0.00D+00  THRKEX  =  0.00D+00  THRDIS  =  2.00D-01  THRVAR  =  1.00D-10
 THRLOC  =  1.00D-06  THRGAP  =  1.00D-06  THRLOCT = -1.00D+00  THRGAPT = -1.00D+00  THRORB  =  1.00D-06  THRMLTP =  0.00D+00
 THRCPQCI=  1.00D-10  KEXTA   =  0.00D+00  THRCOARS=  0.00D+00  SYMTOL  =  1.00D-06  GRADTOL =  1.00D-06  THROVL  =  1.00D-08
 THRORTH =  1.00D-08  GRID    =  1.00D-06  GRIDMAX =  1.00D-03  DTMAX   =  0.00D+00  THROCCDE=  1.00D-01  THROCCDE=  1.00D-01


 ZUNIT=ANG
 

Geometry recognized as XYZ


 Variable memory set to 1000000000 words,  buffer space   230000 words

 SETTING BASIS          =    USERDEF
 SETTING DKROLL         =         1.00000000                                  
 SETTING DKHO           =        99.00000000                                  
 SETTING DKHP           =         2.00000000                                  

 DO I                   =         8.00000000   

 Running procedure=IP2_5S2_5P6_4F9


 Recomputing integrals since basis changed


 Using spherical harmonics



 PROGRAM * SEWARD (Integral evaluation for generally contracted gaussian basis sets)     Author: Roland Lindh, 1990

 Geometry written to block  1 of record 700

 Orientation using atomic masses  
 Molecule type: Atom
 Symmetry elements: X,Y,Z
 Rotational constants:       0.0000000      0.0000000      0.0000000 GHz  (calculated with average atomic masses)

 Point group  D2h 



 ATOMIC COORDINATES

 NR  ATOM    CHARGE       X              Y              Z

   1  TB     65.00    0.000000000    0.000000000    0.000000000

 NUCLEAR CHARGE:                   65
 NUMBER OF PRIMITIVE AOS:         470
 NUMBER OF SYMMETRY AOS:          361
 NUMBER OF CONTRACTIONS:          361   (  82Ag  +  60B3u +  60B2u +  27B1g +  60B1u +  27B2g +  27B3g +  18Au  )
 NUMBER OF CORE ORBITALS:          23   (   8Ag  +   3B3u +   3B2u +   2B1g +   3B1u +   2B2g +   2B3g +   0Au  )
 NUMBER OF VALENCE ORBITALS:       17   (   4Ag  +   3B3u +   3B2u +   1B1g +   3B1u +   1B2g +   1B3g +   1Au  )


 NUCLEAR REPULSION ENERGY    0.00000000

 One-electron integrals computed with SEWARD

 99nd-order Douglas-Kroll-Hess method activated. Exponential DKH parametrization is used.

 Computing Douglas-Kroll / X2C integrals

 AO integral compression algorithm  1   Integral accuracy      1.0D-15

     1802.240 MB (compressed) written to integral file ( 46.5%)

     Node minimum: 77.595 MB, node maximum: 234.881 MB


 NUMBER OF SORTED TWO-ELECTRON INTEGRALS:   24984912.     BUFFER LENGTH:  32768
 NUMBER OF SEGMENTS:   1  SEGMENT LENGTH:   24984912      RECORD LENGTH: 524288

 Memory used in sort:      25.54 MW

 SORT1 READ   484076335. AND WROTE    14890225. INTEGRALS IN     43 RECORDS. CPU TIME:    10.61 SEC, REAL TIME:    10.99 SEC
 SORT2 READ   163021227. AND WROTE   274384081. INTEGRALS IN   5808 RECORDS. CPU TIME:     0.60 SEC, REAL TIME:     1.01 SEC

 Node minimum:    24848232.  Node maximum:    25142105. integrals

 OPERATOR DM      FOR CENTER  0  COORDINATES:    0.000000    0.000000    0.000000

 EXTRA SYMMETRY OF AOS IN SYMMETRY 1:   1 1 1 1 1 1 1 1 1 1   1 1 1 1 1 1 1 1 1 1   1 1 1 1 1 1 1 1 1 1   1 1 1 2 3 2 3 2 3 2
                                        3 2 3 2 3 2 3 2 3 2   3 2 3 2 3 2 3 2 3 2   3 2 3 2 3 2 3 4 5 6   4 5 6 4 5 6 4 5 6 4
                                        5 6
 EXTRA SYMMETRY OF AOS IN SYMMETRY 2:   1 1 1 1 1 1 1 1 1 1   1 1 1 1 1 1 1 1 1 1   1 1 1 1 1 1 2 3 2 3   2 3 2 3 2 3 2 3 2 3
                                        2 3 2 3 2 3 2 3 2 3   2 3 2 3 4 5 6 4 5 6
 EXTRA SYMMETRY OF AOS IN SYMMETRY 3:   1 1 1 1 1 1 1 1 1 1   1 1 1 1 1 1 1 1 1 1   1 1 1 1 1 1 2 3 2 3   2 3 2 3 2 3 2 3 2 3
                                        2 3 2 3 2 3 2 3 2 3   2 3 2 3 4 5 6 4 5 6
 EXTRA SYMMETRY OF AOS IN SYMMETRY 4:   1 1 1 1 1 1 1 1 1 1   1 1 1 1 1 1 1 2 3 2   3 2 3 2 3 2 3
 EXTRA SYMMETRY OF AOS IN SYMMETRY 5:   1 1 1 1 1 1 1 1 1 1   1 1 1 1 1 1 1 1 1 1   1 1 1 1 1 1 2 3 2 3   2 3 2 3 2 3 2 3 2 3
                                        2 3 2 3 2 3 2 3 2 3   2 3 2 3 4 5 6 4 5 6
 EXTRA SYMMETRY OF AOS IN SYMMETRY 6:   1 1 1 1 1 1 1 1 1 1   1 1 1 1 1 1 1 2 3 2   3 2 3 2 3 2 3
 EXTRA SYMMETRY OF AOS IN SYMMETRY 7:   1 1 1 1 1 1 1 1 1 1   1 1 1 1 1 1 1 2 3 2   3 2 3 2 3 2 3
 EXTRA SYMMETRY OF AOS IN SYMMETRY 8:   1 1 1 1 1 1 1 1 1 1   1 1 1 1 2 3 2 3

 Eigenvalues of metric

         1 0.154E-07 0.147E-05 0.266E-04 0.749E-04 0.181E-03 0.390E-03 0.717E-03 0.122E-02
         2 0.148E-04 0.893E-04 0.893E-04 0.408E-03 0.125E-02 0.125E-02 0.141E-02 0.331E-02
         3 0.148E-04 0.893E-04 0.893E-04 0.408E-03 0.125E-02 0.125E-02 0.141E-02 0.331E-02
         4 0.186E-02 0.687E-02 0.180E-01 0.386E-01 0.694E-01 0.115E+00 0.185E+00 0.289E+00
         5 0.148E-04 0.893E-04 0.893E-04 0.408E-03 0.125E-02 0.125E-02 0.141E-02 0.331E-02
         6 0.186E-02 0.687E-02 0.180E-01 0.386E-01 0.694E-01 0.115E+00 0.185E+00 0.289E+00
         7 0.186E-02 0.687E-02 0.180E-01 0.386E-01 0.694E-01 0.115E+00 0.185E+00 0.289E+00
         8 0.893E-04 0.125E-02 0.174E-01 0.609E-01 0.108E+00 0.212E+00 0.329E+00 0.483E+00


 **********************************************************************************************************************************
 DATASETS  * FILE   NREC   LENGTH (MB)   RECORD NAMES
              1      22       21.35       500      610      700      900      950      970     1000      129      960     1700   
                                          VAR    BASINP    GEOM    SYMINP    ZMAT    AOBASIS   BASIS     P2S    ABASIS    OPER   
                                         1101     1401     1411     1412     1650     1100     1400     1410     1200     1210   
                                          SR      EKINR    POTR     PVPR    MOLCAS      S      EKIN      POT      H0       H01  
                                         1080     1600   
                                         AOSYM     SMH  

 PROGRAMS   *        TOTAL       INT
 CPU TIMES  *        90.16     89.94
 REAL TIME  *        92.78 SEC
 DISK USED  *         3.78 GB      
 GA USED    *         0.00 MB       (max)       0.00 MB       (current)
 **********************************************************************************************************************************


 PROGRAM * RHF-SCF (OPEN SHELL)       Authors: W. Meyer, H.-J. Werner


 NUMBER OF ELECTRONS:      34+   29-    SPACE SYMMETRY=3    SPIN SYMMETRY: Sextet  
 CONVERGENCE THRESHOLDS:    1.00E-05 (Density)    1.30E-07 (Energy)
 MAX. NUMBER OF ITERATIONS:      100
 INTERPOLATION TYPE:            DIIS
 INTERPOLATION STEPS:              2 (START)      1 (STEP)
 LEVEL SHIFTS:                 -0.60 (CLOSED) -0.30 (OPEN) 

 Number of closed-shell orbitals:   29 (   9   4   5   2   4   2   2   1 )
 Number of open-shell orbitals:      5 (   0   2   1   0   2   0   0   0 )


 
 Extra symmetries of mos in symmetry 1:   1   1   1   1   3   2   1   3   2   1   3   2
 Orbital guess generated from atomic densities. Full valence occupancy:   10   6   6   2   6   2   2   1


 Molecular orbital dump at record        2110.2

 ITERATION    DDIFF          GRAD             ENERGY        2-EL.EN.            DIPOLE MOMENTS         DIIS   ORB.
    1      0.000D+00      0.000D+00    -11695.20398953   8022.692747    0.00000    0.00000    0.00000    0    start
    2      0.000D+00      0.643D-01    -11698.62767126   8982.431856    0.00000    0.00000    0.00000    1    diag,B
    3      0.101D+00      0.133D+00    -11702.66406158   8791.100821    0.00000    0.00000    0.00000    2    diag,B
    4      0.311D-01      0.602D-01    -11703.79073702   8695.807090    0.00000    0.00000    0.00000    3    diag,B
    5      0.901D-02      0.306D-01    -11704.14836980   8635.234469    0.00000    0.00000    0.00000    4    diag,B
    6      0.805D-02      0.132D-01    -11704.22913998   8601.438138    0.00000    0.00000    0.00000    5    diag,B
    7      0.322D-02      0.387D-02    -11704.23742981   8589.487365    0.00000    0.00000    0.00000    6    diag,B
    8      0.322D-02      0.643D-03    -11704.23803265   8587.403745    0.00000    0.00000    0.00000    7    diag,B
    9      0.493D-03      0.159D-03    -11704.23834148   8587.112776    0.00000    0.00000    0.00000    8    diag,B
   10      0.268D-03      0.133D-03    -11704.23877065   8587.182510    0.00000    0.00000    0.00000    9    orth
   11      0.929D-04      0.125D-03    -11704.24041745   8587.330433    0.00000    0.00000    0.00000    9    diag,B
   12      0.411D-03      0.121D-03    -11704.24061187   8587.124688    0.00000    0.00000    0.00000    9    diag,B
   13      0.596D-04      0.100D-03    -11704.24156291   8587.133087    0.00000    0.00000    0.00000    9    diag,B
   14      0.442D-03      0.101D-03    -11704.24156037   8587.137712    0.00000    0.00000    0.00000    9    diag,B
   15      0.387D-05      0.946D-04    -11704.24173682   8587.165258    0.00000    0.00000    0.00000    9    diag,B
   16      0.248D-03      0.569D-04    -11704.24174120   8587.195248    0.00000    0.00000    0.00000    9    diag,B
   17      0.349D-04      0.769D-05    -11704.24174204   8587.194550    0.00000    0.00000    0.00000    9    diag,B
   18      0.221D-04      0.333D-05    -11704.24174206   8587.197265    0.00000    0.00000    0.00000    9    diag,B
   19      0.477D-05      0.129D-05    -11704.24174206   8587.196108    0.00000    0.00000    0.00000    0    orth

 Final alpha occupancy:   9   6   6   2   6   2   2   1
 Final beta  occupancy:   9   4   5   2   4   2   2   1

 !RHF STATE 1.3 Energy               -11704.2417420627    
 Nuclear energy                         0.00000000
 One-electron energy               -15997.83979605
 Two-electron energy                 4293.59805399
 Virial quotient                       -0.77677332
 !RHF STATE 1.3 Dipole moment           0.00000000     0.00000000     0.00000000
 Dipole moment /Debye                   0.00000000     0.00000000     0.00000000

 ELECTRON ORBITALS
 =================


   Orb  Occ    Energy  Couls-En    Coefficients

                                   1 1s      1 1s      1 1s      1 1s      1 1s      1 1s      1 1s      1 1s      1 1s      1 1s   
                                   1 1s      1 1s      1 1s      1 1s      1 1s      1 1s      1 1s      1 1s      1 1s      1 1s   
                                   1 1s      1 1s      1 1s      1 1s      1 1s      1 1s      1 1s      1 1s      1 1s      1 1s   
                                   1 1s      1 1s      1 1s      1 3d0     1 3d2+    1 3d0     1 3d2+    1 3d0     1 3d2+    1 3d0  
                                   1 3d2+    1 3d0     1 3d2+    1 3d0     1 3d2+    1 3d0     1 3d2+    1 3d0     1 3d2+    1 3d0  
                                   1 3d2+    1 3d0     1 3d2+    1 3d0     1 3d2+    1 3d0     1 3d2+    1 3d0     1 3d2+    1 3d0  
                                   1 3d2+    1 3d0     1 3d2+    1 3d0     1 3d2+    1 3d0     1 3d2+    1 5g0     1 5g4+    1 5g2+ 
                                   1 5g0     1 5g4+    1 5g2+    1 5g0     1 5g4+    1 5g2+    1 5g0     1 5g4+    1 5g2+    1 5g0  
                                   1 5g4+    1 5g2+ 

   1.1   2 -1920.8947-4167.5385  0.000372  0.000370  0.001056  0.001565  0.003155  0.005254  0.009597  0.016539  0.029434  0.051305
                                 0.089392  0.148556  0.224678  0.275561  0.230697  0.098376  0.013281  0.000370 -0.000021 -0.000012
                                -0.000144  0.000249 -0.000321  0.000197 -0.000017  0.000004 -0.000001  0.000000 -0.000000  0.000000
                                -0.000000  0.000000 -0.000000  0.000000  0.000000  0.000000  0.000000  0.000000  0.000000  0.000000
                                 0.000000  0.000000  0.000000  0.000000  0.000000 -0.000000 -0.000000 -0.000000 -0.000000  0.000000
                                 0.000000  0.000000  0.000000  0.000000  0.000000 -0.000000 -0.000000 -0.000000 -0.000000 -0.000000
                                -0.000000  0.000000  0.000000 -0.000000 -0.000000  0.000000  0.000000 -0.000000  0.000000  0.000000
                                 0.000000  0.000000 -0.000000 -0.000000 -0.000000  0.000000  0.000000  0.000000 -0.000000 -0.000000
                                -0.000000  0.000000

   2.1   2  -323.3121 -890.7035 -0.000135 -0.000135 -0.000385 -0.000572 -0.001156 -0.001934 -0.003555 -0.006188 -0.011177 -0.019935
                                -0.036032 -0.063534 -0.106186 -0.152557 -0.153367 -0.006818  0.318557  0.500575  0.283652  0.044866
                                -0.000999  0.000285  0.002267 -0.001928  0.000120 -0.000072  0.000016 -0.000001  0.000002 -0.000001
                                 0.000001 -0.000000  0.000000  0.000000  0.000000  0.000000  0.000000  0.000000  0.000000  0.000000
                                 0.000001  0.000001  0.000002  0.000005  0.000009  0.000009  0.000015  0.000002  0.000004 -0.000000
                                -0.000001 -0.000000 -0.000000 -0.000000 -0.000000  0.000000  0.000000  0.000000  0.000000  0.000000
                                 0.000000 -0.000000 -0.000000  0.000000  0.000000 -0.000000 -0.000000 -0.000000 -0.000000  0.000000
                                -0.000000 -0.000000  0.000000  0.000000  0.000000 -0.000000 -0.000000 -0.000000  0.000000  0.000000
                                 0.000000 -0.000000

   3.1   2   -73.9753 -313.8559  0.000063  0.000063  0.000179  0.000266  0.000539  0.000901  0.001659  0.002891  0.005236  0.009370
                                 0.017041  0.030329  0.051579  0.076176  0.079729 -0.002518 -0.242331 -0.502244 -0.306716  0.460507
                                 0.715321 -0.029081  0.279930 -0.032275  0.020282  0.000758  0.000073 -0.000090 -0.000007 -0.000003
                                 0.000002 -0.000001  0.000000  0.000000  0.000000  0.000000  0.000000  0.000001  0.000003  0.000007
                                 0.000012  0.000022  0.000038  0.000056  0.000097  0.000098  0.000171  0.000192  0.000333  0.000211
                                 0.000365  0.000045  0.000079 -0.000005 -0.000008 -0.000002 -0.000003 -0.000001 -0.000001  0.000000
                                 0.000000 -0.000000 -0.000000  0.000000  0.000000 -0.000000 -0.000000  0.000019  0.000006 -0.000014
                                -0.000018 -0.000005  0.000013  0.000004  0.000001 -0.000003 -0.000001 -0.000000  0.000000  0.000000
                                 0.000000 -0.000000

   4.1   2   -15.9181 -134.5340 -0.000030 -0.000030 -0.000086 -0.000128 -0.000259 -0.000433 -0.000797 -0.001391 -0.002519 -0.004515
                                -0.008213 -0.014671 -0.024999 -0.037279 -0.039149  0.001535  0.131755  0.287505  0.195393 -0.404201
                                -0.875818 -0.021020 -0.091863 -0.018785  0.853578  0.573406  0.056690 -0.004039  0.001620 -0.000424
                                 0.000382 -0.000175  0.000037 -0.000000 -0.000000 -0.000001 -0.000001 -0.000005 -0.000008 -0.000021
                                -0.000037 -0.000074 -0.000129 -0.000194 -0.000337 -0.000357 -0.000618 -0.000465 -0.000805 -0.000189
                                -0.000327  0.001028  0.001782  0.001332  0.002309  0.000254  0.000440 -0.000005 -0.000008 -0.000001
                                -0.000001 -0.000000 -0.000000 -0.000000 -0.000000  0.000000  0.000000  0.000109  0.000033 -0.000078
                                 0.000068  0.000020 -0.000050 -0.000056 -0.000018  0.000038  0.000004  0.000001 -0.000003 -0.000002
                                -0.000001  0.000001

   5.1   2   -47.7156 -270.3231 -0.000000 -0.000000 -0.000000 -0.000000 -0.000001 -0.000001 -0.000002 -0.000003 -0.000006 -0.000011
                                -0.000019 -0.000035 -0.000059 -0.000087 -0.000092  0.000004  0.000290  0.000624  0.000361 -0.000783
                                -0.000962  0.000139 -0.000205  0.000202  0.000051 -0.000019 -0.000004 -0.000002 -0.000001 -0.000000
                                 0.000000 -0.000000  0.000000  0.000045  0.000078  0.000348  0.000603  0.001995  0.003455  0.008923
                                 0.015451  0.030681  0.053126  0.079915  0.138380  0.148118  0.256479  0.182342  0.315741  0.122008
                                 0.211267  0.034652  0.060004  0.002831  0.004903  0.000296  0.000513  0.000010  0.000017  0.000023
                                 0.000040 -0.000006 -0.000010  0.000003  0.000005 -0.000001 -0.000002 -0.000025 -0.000122 -0.000133
                                -0.000094 -0.000169 -0.000118 -0.000009 -0.000024 -0.000021 -0.000003 -0.000005 -0.000003  0.000001
                                 0.000002  0.000001

   6.1   2   -47.7342 -270.3480  0.000000  0.000000  0.000000  0.000000  0.000000  0.000000  0.000000  0.000000  0.000000  0.000000
                                 0.000000  0.000000  0.000000  0.000000  0.000000 -0.000000 -0.000000 -0.000000 -0.000000  0.000000
                                 0.000000 -0.000000  0.000000 -0.000000 -0.000000  0.000000  0.000000  0.000000  0.000000  0.000000
                                -0.000000  0.000000 -0.000000  0.000078 -0.000045  0.000603 -0.000348  0.003455 -0.001995  0.015450
                                -0.008922  0.053123 -0.030679  0.138371 -0.079910  0.256462 -0.148108  0.315796 -0.182374  0.211408
                                -0.122090  0.059892 -0.034588  0.004691 -0.002709  0.000419 -0.000242 -0.000018  0.000011  0.000032
                                -0.000019 -0.000011  0.000006  0.000005 -0.000003 -0.000002  0.000001  0.000099 -0.000117  0.000088
                                -0.000024  0.000029 -0.000022  0.000008 -0.000010  0.000008 -0.000001  0.000002 -0.000001  0.000001
                                -0.000001  0.000001

   7.1   2    -2.6250  -55.8267  0.000012  0.000012  0.000033  0.000049  0.000100  0.000167  0.000308  0.000536  0.000971  0.001742
                                 0.003169  0.005666  0.009658  0.014435  0.015165 -0.000611 -0.052243 -0.115192 -0.080931  0.179063
                                 0.426549 -0.006642  0.023154  0.030244 -0.598627 -0.607579  0.255163  0.790336  0.344179  0.006459
                                -0.002476  0.000682 -0.000103  0.000000  0.000000  0.000001  0.000002  0.000005  0.000009  0.000024
                                 0.000042  0.000084  0.000145  0.000223  0.000386  0.000407  0.000705  0.000485  0.000840 -0.000003
                                -0.000005 -0.001279 -0.002216 -0.001775 -0.003076  0.000753  0.001306  0.003045  0.005277  0.001223
                                 0.002119 -0.000075 -0.000130  0.000035  0.000061 -0.000013 -0.000022 -0.000113 -0.000036  0.000079
                                 0.000087  0.000028 -0.000060  0.000388  0.000128 -0.000265 -0.000006  0.000001  0.000008  0.000001
                                -0.000000 -0.000002

   8.1   2    -6.6871 -108.1700  0.000000  0.000000  0.000000  0.000001  0.000001  0.000002  0.000004  0.000007  0.000013  0.000022
                                 0.000041  0.000073  0.000125  0.000186  0.000196 -0.000008 -0.000668 -0.001474 -0.001002  0.002310
                                 0.004770 -0.000178  0.000412 -0.000684 -0.004598 -0.002189  0.000224  0.000155 -0.000088 -0.000017
                                 0.000010 -0.000004  0.000001 -0.000021 -0.000037 -0.000166 -0.000286 -0.000951 -0.001645 -0.004293
                                -0.007422 -0.014907 -0.025774 -0.039636 -0.068530 -0.072754 -0.125790 -0.082613 -0.142835 -0.000341
                                -0.000590  0.158055  0.273272  0.231885  0.400921  0.144436  0.249726  0.032364  0.055958  0.001178
                                 0.002038  0.000311  0.000538 -0.000113 -0.000196  0.000041  0.000071 -0.000103 -0.000485 -0.000525
                                -0.000205 -0.000972 -0.001056 -0.000564 -0.001194 -0.000948 -0.000078 -0.000150 -0.000111  0.000024
                                 0.000045  0.000033

   9.1   2    -6.6893 -108.2353 -0.000000 -0.000000 -0.000000 -0.000000 -0.000000 -0.000000 -0.000000 -0.000000 -0.000000 -0.000000
                                -0.000000 -0.000000 -0.000000 -0.000000 -0.000000  0.000000  0.000001  0.000001  0.000001 -0.000002
                                -0.000005  0.000000 -0.000000  0.000001  0.000004  0.000002 -0.000000 -0.000000  0.000000  0.000000
                                -0.000000  0.000000 -0.000000 -0.000037  0.000021 -0.000286  0.000166 -0.001645  0.000951 -0.007422
                                 0.004293 -0.025773  0.014907 -0.068527  0.039634 -0.125781  0.072749 -0.142881  0.082639 -0.000737
                                 0.000426  0.273732 -0.158320  0.402137 -0.232586  0.249132 -0.144093  0.054481 -0.031512  0.001566
                                -0.000906  0.000500 -0.000289 -0.000196  0.000114  0.000072 -0.000041  0.000360 -0.000426  0.000323
                                 0.000689 -0.000815  0.000617  0.000117 -0.000137  0.000105 -0.000003  0.000004 -0.000003  0.000001
                                -0.000002  0.000001

  10.1   0    -0.3927  -19.4911 -0.000003 -0.000003 -0.000010 -0.000015 -0.000030 -0.000050 -0.000091 -0.000159 -0.000288 -0.000517
                                -0.000940 -0.001684 -0.002863 -0.004300 -0.004477  0.000115  0.015730  0.033981  0.025283 -0.058160
                                -0.098739 -0.097185  0.207962 -0.184884  0.237698  0.191235 -0.094759 -0.386377 -0.357291  0.842471
                                 0.389269  0.025412 -0.002642 -0.000000 -0.000000 -0.000000 -0.000001 -0.000002 -0.000004 -0.000011
                                -0.000019 -0.000039 -0.000067 -0.000103 -0.000179 -0.000187 -0.000325 -0.000220 -0.000381  0.000017
                                 0.000030  0.000599  0.001037  0.000819  0.001419 -0.000430 -0.000746 -0.001606 -0.002783 -0.000711
                                -0.001234  0.002163  0.003748  0.001627  0.002819 -0.000083 -0.000144  0.000056  0.000019 -0.000037
                                -0.000154 -0.000049  0.000107 -0.000240 -0.000086  0.000155  0.000309  0.000086 -0.000232 -0.000003
                                 0.000002  0.000007

  11.1   0    -0.3172  -25.7915 -0.000000 -0.000000 -0.000000 -0.000000 -0.000000 -0.000001 -0.000001 -0.000002 -0.000004 -0.000008
                                -0.000015 -0.000026 -0.000044 -0.000066 -0.000071  0.000005  0.000235  0.000544  0.000340 -0.000741
                                -0.002894  0.002997 -0.006232  0.005029  0.001400  0.002048 -0.001023  0.000183 -0.003202 -0.003834
                                 0.000658 -0.000791  0.000150  0.000004  0.000007  0.000029  0.000051  0.000169  0.000293  0.000762
                                 0.001319  0.002653  0.004595  0.007061  0.012227  0.012974  0.022467  0.014490  0.025093 -0.001894
                                -0.003281 -0.033747 -0.058442 -0.048086 -0.083273 -0.017754 -0.030745  0.069747  0.120782  0.155753
                                 0.269723  0.236665  0.409841  0.165065  0.285849  0.004459  0.007721 -0.000140 -0.000211 -0.000123
                                -0.000117 -0.000178 -0.000104  0.001105  0.001584  0.000861  0.001470  0.002217  0.001289 -0.000033
                                 0.000041  0.000091

                                   1 2px     1 2px     1 2px     1 2px     1 2px     1 2px     1 2px     1 2px     1 2px     1 2px  
                                   1 2px     1 2px     1 2px     1 2px     1 2px     1 2px     1 2px     1 2px     1 2px     1 2px  
                                   1 2px     1 2px     1 2px     1 2px     1 2px     1 2px     1 4f1+    1 4f3+    1 4f1+    1 4f3+ 
                                   1 4f1+    1 4f3+    1 4f1+    1 4f3+    1 4f1+    1 4f3+    1 4f1+    1 4f3+    1 4f1+    1 4f3+ 
                                   1 4f1+    1 4f3+    1 4f1+    1 4f3+    1 4f1+    1 4f3+    1 4f1+    1 4f3+    1 4f1+    1 4f3+ 
                                   1 4f1+    1 4f3+    1 4f1+    1 4f3+    1 6h1+    1 6h3+    1 6h5+    1 6h1+    1 6h3+    1 6h5+ 


   1.2   2  -287.5757 -830.2794  0.000013  0.000036  0.000109  0.000314  0.000925  0.002776  0.008420  0.025020  0.069327  0.164668
                                 0.301607  0.359231  0.215457  0.045648  0.002061 -0.000351  0.000777 -0.000661  0.000098 -0.000051
                                 0.000025 -0.000011  0.000005 -0.000002  0.000001 -0.000000  0.000000  0.000001  0.000001  0.000007
                                 0.000001  0.000008  0.000001 -0.000001  0.000001  0.000003  0.000000 -0.000005  0.000000  0.000003
                                 0.000000 -0.000003  0.000000  0.000001  0.000000 -0.000001  0.000000 -0.000000  0.000000 -0.000000
                                -0.000000  0.000000  0.000000 -0.000000 -0.000000 -0.000000 -0.000000  0.000000  0.000000  0.000000

   2.2   2   -62.7006 -293.2065 -0.000006 -0.000018 -0.000054 -0.000156 -0.000460 -0.001386 -0.004235 -0.012740 -0.036128 -0.089148
                                -0.172423 -0.208108 -0.012862  0.388392  0.504909  0.199154 -0.001574  0.020319  0.001151 -0.000027
                                 0.000055 -0.000035  0.000017 -0.000008  0.000004 -0.000001  0.000000  0.000001  0.000002  0.000003
                                 0.000015  0.000048  0.000036  0.000183  0.000054  0.000081  0.000009 -0.000008  0.000054 -0.000058
                                 0.000002  0.000012  0.000039 -0.000050  0.000027 -0.000029  0.000013 -0.000016  0.000003 -0.000004
                                -0.000000 -0.000000  0.000000 -0.000000 -0.000016 -0.000040 -0.000024  0.000005  0.000012  0.000007

   3.2   2   -12.1165 -123.8943  0.000003  0.000008  0.000026  0.000074  0.000218  0.000657  0.002010  0.006060  0.017291  0.042989
                                 0.084414  0.101756 -0.012414 -0.281469 -0.401951  0.070445  0.007492  0.593925  0.446902  0.078782
                                 0.000029  0.001376 -0.000425  0.000194 -0.000085  0.000026  0.000002 -0.000000  0.000019  0.000000
                                 0.000079 -0.000028  0.000255 -0.000104  0.000568  0.000171 -0.000025  0.000279  0.000777  0.000604
                                -0.000002  0.000224  0.000743 -0.000189  0.000449 -0.000435  0.000195 -0.000240  0.000044 -0.000059
                                -0.000000 -0.000000  0.000000 -0.000000 -0.000080 -0.000584 -0.000275 -0.000033  0.000086  0.000016

   4.2   2    -1.6371  -47.9027 -0.000001 -0.000003 -0.000009 -0.000026 -0.000076 -0.000228 -0.000698 -0.002103 -0.006011 -0.014955
                                -0.029486 -0.035454  0.005610  0.106452  0.153627 -0.054031  0.001945 -0.314322 -0.256653  0.204571
                                 0.552016  0.400669  0.053770 -0.004956  0.001746 -0.000488  0.000003 -0.000002  0.000028 -0.000018
                                 0.000127 -0.000072  0.000367 -0.000205  0.000723 -0.000605  0.000036 -0.000083  0.001064 -0.000935
                                 0.000052 -0.000115  0.001233  0.000472  0.001229  0.002332  0.000869  0.001633  0.000199  0.000083
                                -0.000008 -0.000003  0.000004 -0.000001  0.000092 -0.000416 -0.000118  0.000115 -0.000494 -0.000135

   5.2   +    -1.0944  -81.7650  0.000000  0.000000  0.000000  0.000000  0.000000  0.000000  0.000001  0.000002  0.000006  0.000016
                                 0.000032  0.000038 -0.000011 -0.000145 -0.000209  0.000337 -0.000210  0.000992  0.000207 -0.002075
                                -0.003181 -0.000206  0.001101 -0.000034  0.000032 -0.000010  0.000927 -0.000304  0.007904 -0.002589
                                 0.035838 -0.011740  0.105925 -0.034700  0.213997 -0.070105  0.001558 -0.000513  0.297038 -0.097325
                                 0.002760 -0.000906  0.305253 -0.100074  0.234859 -0.077067  0.124978 -0.041046  0.029936 -0.009841
                                -0.000087  0.000028  0.000275 -0.000090  0.000669  0.001389 -0.000694  0.000037  0.000072 -0.000096

   6.2   +    -1.0361  -81.2110 -0.000000 -0.000000 -0.000000 -0.000000 -0.000000 -0.000001 -0.000003 -0.000009 -0.000026 -0.000066
                                -0.000129 -0.000157  0.000032  0.000481  0.000705 -0.000464  0.000325 -0.001760 -0.000421  0.001487
                                 0.001405 -0.003046 -0.002956  0.000067 -0.000074  0.000023  0.000302  0.000920  0.002575  0.007850
                                 0.011677  0.035596  0.034507  0.105185  0.069672  0.212381  0.000477  0.001460  0.096670  0.294726
                                 0.000819  0.002499  0.099636  0.303932  0.077592  0.236884  0.042844  0.130919  0.011290  0.034541
                                 0.000074  0.000230  0.000089  0.000271  0.000282  0.000320  0.002077  0.000074  0.000123  0.000279

   7.2   0    -0.2840  -15.2342  0.000000  0.000001  0.000002  0.000006  0.000019  0.000057  0.000174  0.000524  0.001501  0.003723
                                 0.007372  0.008798 -0.001314 -0.027054 -0.037805  0.010315  0.009479  0.072701  0.072153 -0.071827
                                -0.157519 -0.211650  0.118551  0.792545  0.235264 -0.015105 -0.000001  0.000003 -0.000004  0.000029
                                -0.000020  0.000126 -0.000057  0.000372 -0.000119  0.000772 -0.000009  0.000093 -0.000172  0.001034
                                -0.000007  0.000172 -0.000094  0.000501  0.000001 -0.000129 -0.000077 -0.000009  0.000119  0.001824
                                 0.000359  0.002412  0.000059  0.000309 -0.000141 -0.000021 -0.000075 -0.000042 -0.000002 -0.000022

   8.2   0    -0.1463   -8.3382 -0.000000 -0.000000 -0.000001 -0.000004 -0.000012 -0.000035 -0.000108 -0.000324 -0.000926 -0.002309
                                -0.004544 -0.005485  0.000927  0.016452  0.024263 -0.010194  0.004002 -0.054507 -0.039990  0.039383
                                 0.110184  0.131393 -0.071001 -0.996029  0.818117  0.585701  0.000000 -0.000002  0.000002 -0.000013
                                 0.000011 -0.000059  0.000032 -0.000175  0.000068 -0.000363  0.000006 -0.000061  0.000097 -0.000478
                                 0.000004 -0.000114  0.000048 -0.000139 -0.000009  0.000199  0.000046  0.000030 -0.000094 -0.001488
                                -0.000230 -0.002505  0.000346 -0.000396  0.000089  0.000013  0.000049  0.000021  0.000001  0.000011

                                   1 2py     1 2py     1 2py     1 2py     1 2py     1 2py     1 2py     1 2py     1 2py     1 2py  
                                   1 2py     1 2py     1 2py     1 2py     1 2py     1 2py     1 2py     1 2py     1 2py     1 2py  
                                   1 2py     1 2py     1 2py     1 2py     1 2py     1 2py     1 4f1-    1 4f3-    1 4f1-    1 4f3- 
                                   1 4f1-    1 4f3-    1 4f1-    1 4f3-    1 4f1-    1 4f3-    1 4f1-    1 4f3-    1 4f1-    1 4f3- 
                                   1 4f1-    1 4f3-    1 4f1-    1 4f3-    1 4f1-    1 4f3-    1 4f1-    1 4f3-    1 4f1-    1 4f3- 
                                   1 4f1-    1 4f3-    1 4f1-    1 4f3-    1 6h1-    1 6h3-    1 6h5-    1 6h1-    1 6h3-    1 6h5- 


   1.3   2  -287.5679 -830.2733  0.000013  0.000036  0.000109  0.000314  0.000925  0.002776  0.008420  0.025021  0.069329  0.164672
                                 0.301616  0.359240  0.215445  0.045626  0.002062 -0.000352  0.000782 -0.000663  0.000099 -0.000051
                                 0.000025 -0.000012  0.000005 -0.000002  0.000001 -0.000000  0.000001  0.000001  0.000005  0.000006
                                 0.000006  0.000008 -0.000000 -0.000001  0.000002  0.000003 -0.000004 -0.000005  0.000002  0.000003
                                -0.000002 -0.000002  0.000001  0.000001 -0.000000 -0.000000  0.000000  0.000000 -0.000000 -0.000000
                                 0.000000  0.000000 -0.000000 -0.000000  0.000000  0.000000  0.000000 -0.000000 -0.000000 -0.000000

   2.3   2   -62.6633 -293.1797 -0.000006 -0.000018 -0.000054 -0.000156 -0.000460 -0.001386 -0.004236 -0.012742 -0.036135 -0.089165
                                -0.172457 -0.208150 -0.012812  0.388626  0.504847  0.198894 -0.001501  0.020313  0.001194 -0.000019
                                 0.000060 -0.000035  0.000016 -0.000008  0.000004 -0.000001  0.000000  0.000001  0.000003  0.000004
                                 0.000040  0.000052  0.000143  0.000184  0.000084  0.000109 -0.000002 -0.000002 -0.000006 -0.000008
                                 0.000009  0.000011 -0.000006 -0.000008  0.000000  0.000000 -0.000000 -0.000000  0.000000  0.000000
                                -0.000000 -0.000000  0.000000  0.000000  0.000012  0.000056  0.000037 -0.000004 -0.000016 -0.000011

   3.3   2   -12.0655 -123.8168  0.000003  0.000008  0.000026  0.000074  0.000218  0.000656  0.002010  0.006058  0.017286  0.042978
                                 0.084395  0.101727 -0.012436 -0.281581 -0.401552  0.070778  0.008063  0.592077  0.447046  0.079748
                                 0.000115  0.001420 -0.000442  0.000201 -0.000088  0.000027  0.000001  0.000002  0.000012  0.000016
                                 0.000034  0.000044  0.000094  0.000122  0.000470  0.000606  0.000180  0.000233  0.000897  0.001158
                                 0.000153  0.000197  0.000352  0.000455  0.000027  0.000035 -0.000004 -0.000005  0.000000  0.000000
                                -0.000000 -0.000000  0.000000  0.000000  0.000221  0.000659  0.000508 -0.000045 -0.000050 -0.000066

   4.3   2    -1.6108  -47.6664 -0.000001 -0.000003 -0.000009 -0.000025 -0.000075 -0.000226 -0.000693 -0.002089 -0.005971 -0.014856
                                -0.029295 -0.035219  0.005573  0.105817  0.152401 -0.053510  0.000892 -0.310061 -0.254903  0.198773
                                 0.545646  0.407432  0.058002 -0.005463  0.001960 -0.000552  0.000002  0.000003  0.000019  0.000025
                                 0.000094  0.000122  0.000282  0.000363  0.000431  0.000557 -0.000036 -0.000047  0.000553  0.000713
                                -0.000047 -0.000061  0.001591  0.002054  0.002694  0.003479  0.001817  0.002346  0.000231  0.000298
                                -0.000005 -0.000007  0.000001  0.000002  0.000201  0.000322  0.000338  0.000240  0.000371  0.000397

   5.3   2    -0.9236  -79.8933 -0.000000 -0.000000 -0.000000 -0.000000 -0.000000 -0.000001 -0.000002 -0.000005 -0.000015 -0.000037
                                -0.000072 -0.000089  0.000018  0.000256  0.000382 -0.000207  0.000248 -0.000741  0.000186 -0.000165
                                -0.001632 -0.004825 -0.003681 -0.000072 -0.000055  0.000019  0.000584  0.000754  0.004979  0.006427
                                 0.022583  0.029150  0.066727  0.086129  0.134525  0.173642  0.000817  0.001055  0.186360  0.240551
                                 0.001300  0.001678  0.193540  0.249818  0.155383  0.200564  0.093167  0.120256  0.029933  0.038631
                                 0.000991  0.001274  0.000116  0.000148  0.000363  0.000837  0.000725 -0.000035  0.000246  0.000076

   6.3   +    -1.0617  -81.4542  0.000000  0.000000  0.000000  0.000000  0.000000  0.000000  0.000000  0.000000  0.000000  0.000000
                                 0.000000  0.000000 -0.000000 -0.000000 -0.000000  0.000000 -0.000000  0.000001  0.000000 -0.000001
                                -0.000001  0.000001  0.000002 -0.000000 -0.000000 -0.000000  0.000768 -0.000595  0.006550 -0.005074
                                 0.029699 -0.023009  0.087769 -0.067997  0.177261 -0.137330  0.001257 -0.000973  0.246022 -0.190601
                                 0.002185 -0.001693  0.253335 -0.196266  0.196365 -0.152129  0.106758 -0.082707  0.027002 -0.020917
                                 0.000060 -0.000045  0.000229 -0.000178  0.000891  0.000413 -0.000924  0.000209  0.000097 -0.000216

   7.3   0    -0.2809  -15.0848  0.000000  0.000001  0.000002  0.000006  0.000019  0.000056  0.000171  0.000515  0.001476  0.003664
                                 0.007253  0.008657 -0.001296 -0.026620 -0.037154  0.010227  0.009269  0.071066  0.070817 -0.068413
                                -0.153677 -0.211082  0.100423  0.792595  0.249029 -0.016076  0.000002  0.000002  0.000017  0.000022
                                 0.000073  0.000095  0.000218  0.000282  0.000453  0.000586  0.000058  0.000075  0.000602  0.000778
                                 0.000110  0.000142  0.000279  0.000361 -0.000106 -0.000137 -0.000054 -0.000069  0.001282  0.001656
                                 0.001813  0.002342  0.000251  0.000325 -0.000027  0.000163  0.000047 -0.000012  0.000049  0.000011

   8.3   0    -0.1453   -8.2811 -0.000000 -0.000000 -0.000001 -0.000004 -0.000012 -0.000035 -0.000106 -0.000321 -0.000916 -0.002283
                                -0.004491 -0.005426  0.000928  0.016240  0.024028 -0.010428  0.004787 -0.054339 -0.039022  0.036988
                                 0.108835  0.130091 -0.053184 -1.004666  0.789330  0.607666 -0.000001 -0.000001 -0.000007 -0.000009
                                -0.000032 -0.000041 -0.000094 -0.000122 -0.000197 -0.000254 -0.000039 -0.000050 -0.000254 -0.000328
                                -0.000074 -0.000096 -0.000047 -0.000061  0.000155  0.000200  0.000058  0.000075 -0.001050 -0.001357
                                -0.001878 -0.002426 -0.000293 -0.000378  0.000018 -0.000103 -0.000028  0.000006 -0.000025 -0.000006

                                   1 3d2-    1 3d2-    1 3d2-    1 3d2-    1 3d2-    1 3d2-    1 3d2-    1 3d2-    1 3d2-    1 3d2- 
                                   1 3d2-    1 3d2-    1 3d2-    1 3d2-    1 3d2-    1 3d2-    1 3d2-    1 5g2-    1 5g4-    1 5g2- 
                                   1 5g4-    1 5g2-    1 5g4-    1 5g2-    1 5g4-    1 5g2-    1 5g4- 

   1.4   2   -47.7216 -270.3273  0.000090  0.000696  0.003990  0.017841  0.061345  0.159789  0.296161  0.364612  0.244000  0.069296
                                 0.005641  0.000582  0.000015  0.000045 -0.000012  0.000006 -0.000002  0.000368  0.000382  0.000124
                                 0.000019  0.000047  0.000041  0.000002 -0.000002 -0.000000  0.000001

   2.4   2    -6.6944 -108.1871 -0.000043 -0.000331 -0.001900 -0.008575 -0.029777 -0.079172 -0.145323 -0.165032 -0.000728  0.315766
                                 0.463372  0.288367  0.064392  0.002275  0.000611 -0.000226  0.000082  0.001367  0.001404  0.002643
                                 0.002702  0.001589  0.001060  0.000158  0.000077 -0.000046 -0.000022

   3.4   0    -0.3191  -25.9158  0.000008  0.000059  0.000340  0.001534  0.005343  0.014220  0.026126  0.029189 -0.003821 -0.067987
                                -0.096947 -0.035531  0.140999  0.314187  0.473890  0.325757  0.007916  0.000047 -0.000131  0.000031
                                -0.000116  0.000131  0.001555  0.000804  0.002753  0.000155  0.000134

   4.4   0    -0.1568  -10.8415 -0.000004 -0.000028 -0.000163 -0.000735 -0.002559 -0.006817 -0.012509 -0.014000  0.001932  0.032639
                                 0.046781  0.016359 -0.069588 -0.161306 -0.264710  0.092198  0.930057 -0.000022  0.000063 -0.000012
                                 0.000050 -0.000044 -0.000755 -0.000362 -0.001281  0.000296  0.001143

                                   1 2pz     1 2pz     1 2pz     1 2pz     1 2pz     1 2pz     1 2pz     1 2pz     1 2pz     1 2pz  
                                   1 2pz     1 2pz     1 2pz     1 2pz     1 2pz     1 2pz     1 2pz     1 2pz     1 2pz     1 2pz  
                                   1 2pz     1 2pz     1 2pz     1 2pz     1 2pz     1 2pz     1 4f0     1 4f2+    1 4f0     1 4f2+ 
                                   1 4f0     1 4f2+    1 4f0     1 4f2+    1 4f0     1 4f2+    1 4f0     1 4f2+    1 4f0     1 4f2+ 
                                   1 4f0     1 4f2+    1 4f0     1 4f2+    1 4f0     1 4f2+    1 4f0     1 4f2+    1 4f0     1 4f2+ 
                                   1 4f0     1 4f2+    1 4f0     1 4f2+    1 6h2+    1 6h4+    1 6h0     1 6h2+    1 6h4+    1 6h0  


   1.5   2  -287.5757 -830.2794  0.000013  0.000036  0.000109  0.000314  0.000925  0.002776  0.008420  0.025020  0.069327  0.164668
                                 0.301607  0.359231  0.215457  0.045648  0.002061 -0.000351  0.000777 -0.000661  0.000098 -0.000051
                                 0.000025 -0.000011  0.000005 -0.000002  0.000001 -0.000000  0.000001  0.000001  0.000005  0.000005
                                 0.000006  0.000006 -0.000002  0.000000  0.000002  0.000002 -0.000004 -0.000003  0.000002  0.000002
                                -0.000002 -0.000002  0.000000  0.000001 -0.000001 -0.000000 -0.000000  0.000000 -0.000000 -0.000000
                                 0.000000  0.000000 -0.000000 -0.000000 -0.000000 -0.000000 -0.000000  0.000000  0.000000  0.000000

   2.5   2   -62.7006 -293.2065 -0.000006 -0.000018 -0.000054 -0.000156 -0.000460 -0.001386 -0.004235 -0.012740 -0.036128 -0.089148
                                -0.172423 -0.208108 -0.012862  0.388392  0.504909  0.199154 -0.001574  0.020319  0.001151 -0.000027
                                 0.000055 -0.000035  0.000017 -0.000008  0.000004 -0.000001  0.000000  0.000000  0.000001  0.000003
                                 0.000029  0.000042  0.000123  0.000141  0.000031  0.000092 -0.000012  0.000003 -0.000078  0.000007
                                 0.000008  0.000009 -0.000064  0.000000 -0.000040  0.000003 -0.000021  0.000001 -0.000005  0.000000
                                -0.000000 -0.000000 -0.000000  0.000000 -0.000018 -0.000046 -0.000004  0.000005  0.000014  0.000001

   3.5   2   -12.1165 -123.8943  0.000003  0.000008  0.000026  0.000074  0.000218  0.000657  0.002010  0.006060  0.017291  0.042989
                                 0.084414  0.101756 -0.012414 -0.281469 -0.401951  0.070445  0.007492  0.593924  0.446902  0.078782
                                 0.000029  0.001376 -0.000425  0.000194 -0.000085  0.000026 -0.000002  0.000002 -0.000011  0.000015
                                -0.000071  0.000045 -0.000238  0.000138 -0.000212  0.000554  0.000235  0.000151  0.000001  0.000985
                                 0.000178  0.000136 -0.000604  0.000471 -0.000619  0.000088 -0.000309  0.000007 -0.000073 -0.000002
                                 0.000000 -0.000001 -0.000001  0.000000 -0.000314 -0.000564  0.000074  0.000059  0.000053 -0.000050

   4.5   2    -1.6371  -47.9026 -0.000001 -0.000003 -0.000009 -0.000026 -0.000076 -0.000228 -0.000698 -0.002103 -0.006010 -0.014955
                                -0.029486 -0.035454  0.005610  0.106452  0.153627 -0.054031  0.001945 -0.314321 -0.256652  0.204570
                                 0.552014  0.400670  0.053772 -0.004956  0.001746 -0.000488 -0.000004  0.000001 -0.000031  0.000011
                                -0.000135  0.000056 -0.000387  0.000164 -0.000921  0.000201 -0.000088 -0.000022 -0.001390  0.000269
                                -0.000123 -0.000029 -0.000382  0.001263  0.001090  0.002400  0.000758  0.001687 -0.000056  0.000208
                                 0.000002 -0.000008 -0.000003  0.000002 -0.000269 -0.000301  0.000179 -0.000320 -0.000354  0.000220

   5.5   +    -1.0944  -81.7650 -0.000000 -0.000000 -0.000000 -0.000000 -0.000000 -0.000000 -0.000001 -0.000002 -0.000006 -0.000016
                                -0.000032 -0.000038  0.000011  0.000144  0.000208 -0.000337  0.000210 -0.000991 -0.000206  0.002074
                                 0.003179  0.000208 -0.001098  0.000035 -0.000032  0.000010  0.000807 -0.000547  0.006887 -0.004664
                                 0.031226 -0.021146  0.092291 -0.062501  0.186455 -0.126269  0.001360 -0.000918  0.258821 -0.175257
                                 0.002407 -0.001628  0.266025 -0.180068  0.204734 -0.138500  0.108975 -0.073680  0.026110 -0.017643
                                -0.000075  0.000052  0.000240 -0.000162  0.000493 -0.001351  0.000889  0.000068 -0.000060  0.000088

   6.5   +    -1.0361  -81.2109 -0.000000 -0.000000 -0.000000 -0.000000 -0.000000 -0.000001 -0.000003 -0.000009 -0.000026 -0.000066
                                -0.000129 -0.000157  0.000032  0.000481  0.000705 -0.000464  0.000325 -0.001760 -0.000421  0.001487
                                 0.001406 -0.003046 -0.002956  0.000067 -0.000074  0.000023  0.000543  0.000802  0.004630  0.006843
                                 0.020993  0.031028  0.062034  0.091686  0.125256  0.185123  0.000863  0.001271  0.173830  0.256887
                                 0.001474  0.002178  0.179292  0.264870  0.139780  0.206388  0.077276  0.114035  0.020397  0.030076
                                 0.000137  0.000199  0.000160  0.000236  0.001333  0.000826  0.001426  0.000179  0.000195  0.000167

   7.5   0    -0.2840  -15.2342  0.000000  0.000001  0.000002  0.000006  0.000019  0.000057  0.000174  0.000524  0.001501  0.003723
                                 0.007372  0.008798 -0.001314 -0.027054 -0.037805  0.010315  0.009478  0.072701  0.072153 -0.071826
                                -0.157518 -0.211650  0.118546  0.792545  0.235268 -0.015105  0.000003  0.000002  0.000025  0.000014
                                 0.000111  0.000061  0.000329  0.000183  0.000683  0.000379  0.000079  0.000050  0.000922  0.000498
                                 0.000140  0.000100  0.000454  0.000233 -0.000103 -0.000078  0.000040 -0.000066  0.001368  0.001211
                                 0.001686  0.001762  0.000208  0.000236  0.000035 -0.000113 -0.000110  0.000012 -0.000030 -0.000035

   8.5   0    -0.1463   -8.3382 -0.000000 -0.000000 -0.000001 -0.000004 -0.000012 -0.000035 -0.000108 -0.000324 -0.000926 -0.002309
                                -0.004544 -0.005485  0.000927  0.016452  0.024263 -0.010195  0.004002 -0.054507 -0.039990  0.039383
                                 0.110183  0.131393 -0.070996 -0.996032  0.818109  0.585708 -0.000001 -0.000001 -0.000012 -0.000006
                                -0.000053 -0.000027 -0.000158 -0.000082 -0.000328 -0.000169 -0.000052 -0.000033 -0.000437 -0.000216
                                -0.000093 -0.000067 -0.000140 -0.000047  0.000163  0.000114 -0.000005  0.000055 -0.001118 -0.000985
                                -0.001839 -0.001717 -0.000525  0.000031 -0.000021  0.000071  0.000070 -0.000006  0.000015  0.000017

                                   1 3d1+    1 3d1+    1 3d1+    1 3d1+    1 3d1+    1 3d1+    1 3d1+    1 3d1+    1 3d1+    1 3d1+ 
                                   1 3d1+    1 3d1+    1 3d1+    1 3d1+    1 3d1+    1 3d1+    1 3d1+    1 5g1+    1 5g3+    1 5g1+ 
                                   1 5g3+    1 5g1+    1 5g3+    1 5g1+    1 5g3+    1 5g1+    1 5g3+ 

   1.6   2   -47.7392 -270.3399  0.000090  0.000696  0.003989  0.017838  0.061336  0.159763  0.296115  0.364613  0.244096  0.069313
                                 0.005582  0.000549  0.000002  0.000042 -0.000012  0.000006 -0.000002 -0.000042 -0.000111 -0.000051
                                -0.000134 -0.000008 -0.000020 -0.000001 -0.000004  0.000000  0.000001

   2.6   2    -6.7149 -108.2411 -0.000043 -0.000331 -0.001901 -0.008577 -0.029783 -0.079187 -0.145352 -0.165114 -0.000857  0.316010
                                 0.464023  0.288000  0.063674  0.002088  0.000594 -0.000225  0.000082 -0.000165 -0.000436 -0.000331
                                -0.000874 -0.000369 -0.000976 -0.000046 -0.000121  0.000014  0.000036

   3.6   0    -0.3242  -26.2527  0.000008  0.000060  0.000347  0.001563  0.005444  0.014491  0.026617  0.029761 -0.003910 -0.069335
                                -0.099097 -0.035562  0.145264  0.321435  0.475240  0.314129  0.005390 -0.000064 -0.000168 -0.000052
                                -0.000137  0.000458  0.001212  0.000624  0.001653  0.000010  0.000027

   4.6   0    -0.1579  -10.8542 -0.000004 -0.000028 -0.000163 -0.000737 -0.002563 -0.006829 -0.012529 -0.014031  0.001940  0.032735
                                 0.046998  0.016092 -0.070577 -0.162387 -0.261380  0.112719  0.917843  0.000030  0.000078  0.000021
                                 0.000056 -0.000227 -0.000601 -0.000291 -0.000772  0.000330  0.000875

                                   1 3d1-    1 3d1-    1 3d1-    1 3d1-    1 3d1-    1 3d1-    1 3d1-    1 3d1-    1 3d1-    1 3d1- 
                                   1 3d1-    1 3d1-    1 3d1-    1 3d1-    1 3d1-    1 3d1-    1 3d1-    1 5g1-    1 5g3-    1 5g1- 
                                   1 5g3-    1 5g1-    1 5g3-    1 5g1-    1 5g3-    1 5g1-    1 5g3- 

   1.7   2   -47.7216 -270.3273  0.000090  0.000696  0.003990  0.017841  0.061345  0.159789  0.296161  0.364612  0.244000  0.069296
                                 0.005641  0.000582  0.000015  0.000045 -0.000012  0.000006 -0.000002  0.000227  0.000480 -0.000026
                                 0.000122  0.000022  0.000058 -0.000002  0.000001  0.000001  0.000000

   2.7   2    -6.6944 -108.1871 -0.000043 -0.000331 -0.001900 -0.008575 -0.029777 -0.079172 -0.145323 -0.165032 -0.000728  0.315766
                                 0.463372  0.288367  0.064392  0.002275  0.000611 -0.000226  0.000082  0.000830  0.001776  0.001594
                                 0.003428  0.000430  0.001861  0.000016  0.000175 -0.000004 -0.000051

   3.7   0    -0.3191  -25.9157  0.000008  0.000059  0.000340  0.001534  0.005343  0.014220  0.026126  0.029188 -0.003820 -0.067986
                                -0.096946 -0.035531  0.140997  0.314185  0.473889  0.325761  0.007917 -0.000139 -0.000002 -0.000120
                                -0.000012  0.001408  0.000673  0.002291  0.001726  0.000071  0.000192

   4.7   0    -0.1568  -10.8415 -0.000004 -0.000028 -0.000163 -0.000735 -0.002559 -0.006817 -0.012509 -0.014000  0.001932  0.032639
                                 0.046781  0.016359 -0.069588 -0.161306 -0.264711  0.092191  0.930061  0.000067  0.000002  0.000051
                                 0.000007 -0.000691 -0.000308 -0.001069 -0.000792  0.000964  0.000681

                                   1 4f2-    1 4f2-    1 4f2-    1 4f2-    1 4f2-    1 4f2-    1 4f2-    1 4f2-    1 4f2-    1 4f2- 
                                   1 4f2-    1 4f2-    1 4f2-    1 4f2-    1 6h4-    1 6h2-    1 6h4-    1 6h2- 

   1.8   2    -0.9315  -79.9985  0.000955  0.008142  0.036926  0.109110  0.219985  0.001351  0.304739  0.002173  0.316265  0.253411
                                 0.151128  0.047883  0.001467  0.000201  0.001640  0.000947  0.000432  0.000249

   2.8   0    -0.1219   -8.9560 -0.000037 -0.000302 -0.001432 -0.003979 -0.010226  0.003638 -0.016885  0.007911 -0.017654 -0.003822
                                -0.004523  0.040689  0.183785  0.862448 -0.000038 -0.000022  0.000040  0.000023

   3.8   0     0.0006  -11.6505  0.000079  0.000777  0.003111  0.010903  0.007065  0.024891 -0.009286  0.053948 -0.014003  0.039802
                                -0.044744  0.019085 -1.276558  0.974797  0.000090  0.000052 -0.000116 -0.000067

 HOMO      1.8    -0.931507 =     -25.3476eV
 LUMO     10.1    -0.392685 =     -10.6855eV
 LUMO-HOMO         0.538821 =      14.6621eV


 **********************************************************************************************************************************
 DATASETS  * FILE   NREC   LENGTH (MB)   RECORD NAMES
              1      22       21.35       500      610      700      900      950      970     1000      129      960     1700   
                                          VAR    BASINP    GEOM    SYMINP    ZMAT    AOBASIS   BASIS     P2S    ABASIS    OPER   
                                         1101     1401     1411     1412     1650     1100     1400     1410     1200     1210   
                                          SR      EKINR    POTR     PVPR    MOLCAS      S      EKIN      POT      H0       H01  
                                         1080     1600   
                                         AOSYM     SMH  

              2       5        5.97       200      700     1000      520     2110   
                                        OPTIONS   GEOM     BASIS   MCVARS     RHF  

 PROGRAMS   *        TOTAL       RHF       INT
 CPU TIMES  *        92.42      2.26     89.94
 REAL TIME  *        95.43 SEC
 DISK USED  *         4.11 GB      
 SF USED    *         0.08 MB      
 GA USED    *         0.00 MB       (max)       0.00 MB       (current)
 **********************************************************************************************************************************
 SETTING SCF(8)         =    -11704.24174206  AU                              


 PROGRAM * POP (Mulliken population analysis)

 
 Density matrix read from record         2110.2  Type=RHF/CHARGE (state 1.3)
 
 Population analysis by basis function type

 Unique atom        s        p        d        f        g    Total    Charge
   1  TB      9.99984 23.99991 19.99998  9.00005  0.00018 63.00000  + 2.00000


 **********************************************************************************************************************************
 DATASETS  * FILE   NREC   LENGTH (MB)   RECORD NAMES
              1      22       21.35       500      610      700      900      950      970     1000      129      960     1700   
                                          VAR    BASINP    GEOM    SYMINP    ZMAT    AOBASIS   BASIS     P2S    ABASIS    OPER   
                                         1101     1401     1411     1412     1650     1100     1400     1410     1200     1210   
                                          SR      EKINR    POTR     PVPR    MOLCAS      S      EKIN      POT      H0       H01  
                                         1080     1600   
                                         AOSYM     SMH  

              2       5        5.97       200      700     1000      520     2110   
                                        OPTIONS   GEOM     BASIS   MCVARS     RHF  

 PROGRAMS   *        TOTAL       POP       RHF       INT
 CPU TIMES  *        92.42      0.00      2.26     89.94
 REAL TIME  *        95.46 SEC
 DISK USED  *         4.11 GB      
 SF USED    *         0.08 MB      
 GA USED    *         0.00 MB       (max)       0.00 MB       (current)
 **********************************************************************************************************************************
 SETTING _CC_NORM_MAX   =         2.00000000                                  


 PROGRAM * CCSD (Unrestricted open-shell coupled cluster)     Authors: C. Hampel, H.-J. Werner, 1991, M. Deegan, P.J. Knowles, 1992


 Input parameters for THRESH:

 THRDIS =    1.000000
 ONEINT =    1.00D-15
 TWOINT =    1.00D-15
 ENERGY =    5.00D-06
 COEFF  =    0.001000

 Convergence thresholds:  THRVAR = 1.00D-06  THRDEN = 5.00D-06

 CCSD(T)     terms to be evaluated (factor= 1.000)


 Number of closed-shell orbitals:  29 (   9   4   5   2   4   2   2   1 )
 Number of active  orbitals:        5 (   0   2   1   0   2   0   0   0 )
 Number of external orbitals:     327 (  73  54  54  25  54  25  25  17 )

 Memory could be reduced to 266.47 Mwords without degradation in triples

 Number of N-1 electron functions:              63
 Number of N-2 electron functions:            1953
 Number of singly external CSFs:              3373
 Number of doubly external CSFs:          20701230
 Total number of CSFs:                    20704603

 Molecular orbitals read from record     2110.2  Type=RHF/CANONICAL (state 1.3)

 Integral transformation finished. Total CPU:   7.29 sec, npass=  1  Memory used:  61.28 MW

 Starting RMP2 calculation

 ITER.      SQ.NORM     CORR.ENERGY   TOTAL ENERGY   ENERGY CHANGE        DEN1      VAR(S)    VAR(P)  DIIS     TIME
   1      1.18206830    -3.44845573-11707.69019779    -3.44845573    -0.00111057  0.15D-04  0.25D-03  1  1     9.63
   2      1.18268018    -3.44959502-11707.69133708    -0.00113929    -0.00000313  0.19D-06  0.90D-06  2  2    11.55
   3      1.18271183    -3.44963110-11707.69137317    -0.00003608    -0.00000002  0.21D-08  0.63D-08  3  3    13.61
   4      1.18271287    -3.44963169-11707.69137375    -0.00000059    -0.00000000  0.18D-10  0.11D-09  4  4    15.35

 Norm of t1 vector:      0.04470634      S-energy:    -0.00817383      T1 diagnostic:  0.00013340
 Norm of t2 vector:      0.42510495      P-energy:    -3.44145786
                                         Alpha-Beta:  -2.18072236
                                         Alpha-Alpha: -0.74426113
                                         Beta-Beta:   -0.51647437

 Spin contamination <S**2-Sz**2-Sz>     0.00347412
  Reference energy                   -11704.2417420627    
  RHF-RMP2 correlation energy          -3.449631687825
 !RHF-RMP2 energy                    -11707.6913737505    

 Starting UCCSD calculation

 ITER.      SQ.NORM     CORR.ENERGY   TOTAL ENERGY   ENERGY CHANGE        DEN1      VAR(S)    VAR(P)  DIIS     TIME
   1      1.13444494    -3.07663165-11707.31837372    -3.07663165    -0.12708312  0.90D-02  0.11D-01  0  0    40.72
   2      1.15496713    -3.19538827-11707.43713034    -0.11875662    -0.01897434  0.11D-02  0.26D-02  0  0    64.28
   3      1.15279554    -3.15533973-11707.39708180     0.04004854    -0.00579527  0.14D-02  0.66D-03  1  1    88.62
   4      1.15454604    -3.16793762-11707.40967969    -0.01259789    -0.00013098  0.24D-04  0.21D-04  2  2   112.79
   5      1.15576381    -3.16903334-11707.41077541    -0.00109572    -0.00004391  0.22D-04  0.52D-05  3  3   138.69
   6      1.15677045    -3.16951829-11707.41126036    -0.00048495    -0.00000540  0.57D-06  0.16D-05  4  4   164.74
   7      1.15700267    -3.16960034-11707.41134240    -0.00008204    -0.00000246  0.39D-06  0.80D-06  5  5   192.06
   8      1.15718120    -3.16962837-11707.41137043    -0.00002803    -0.00000072  0.48D-07  0.26D-06  6  6   219.64
   9      1.15723226    -3.16962169-11707.41136375     0.00000668    -0.00000035  0.12D-06  0.78D-07  7  7   244.26
  10      1.15721312    -3.16961323-11707.41135529     0.00000846    -0.00000009  0.42D-07  0.15D-07  8  8   286.79
  11      1.15721268    -3.16961636-11707.41135843    -0.00000314    -0.00000003  0.14D-07  0.41D-08  9  9   340.71

 Norm of t1 vector:      0.11871750      S-energy:    -0.00910603      T1 diagnostic:  0.00880805
                                                                       D1 diagnostic:  0.03530344
 Norm of t2 vector:      0.37831051      P-energy:    -3.16051034
                                         Alpha-Beta:  -2.05687034
                                         Alpha-Alpha: -0.64084236
                                         Beta-Beta:   -0.46279764

 Spin contamination <S**2-Sz**2-Sz>     0.00627929

 Memory could be reduced to 302.82 Mwords without degradation in triples
 

  Correlated core orbitals:             1.1       2.1       3.1       4.1       5.1       6.1       7.1       8.1       1.2       2.2
                                        3.2       1.3       2.3       3.3       1.4       2.4       1.5       2.5       3.5       1.6
                                        2.6       1.7       2.7
  Orbital energies:                 -1920.8948 -323.3147  -74.0341  -16.0734  -47.7787  -47.8287   -2.6767   -6.8844 -287.5780  -62.7714
                                      -12.3002 -287.5697  -62.7209  -12.2155  -47.7872   -6.8992 -287.5780  -62.7714  -12.3002  -47.8127
                                       -6.9426  -47.7872   -6.8992
 
  UCCSD core-core energy               -1.666350552835
  UCCSD core-valence energy            -0.808155235979
  UCCSD valence correlation energy     -0.695110575743
 

 RESULTS
 =======

  Reference energy                   -11704.2417420627    
  UCCSD singles energy                 -0.009106029543
  UCCSD pair energy                    -3.160510335014
  UCCSD correlation energy             -3.169616364556
  Triples (T) contribution             -0.055397980339
  Total correlation energy             -3.225014344895
 
  RHF-UCCSD energy                   -11707.4113584273    
  RHF-UCCSD[T] energy                -11707.4718639040    
  RHF-UCCSD-T energy                 -11707.4664127803    
 !RHF-UCCSD(T) energy                -11707.4667564076    

 Program statistics:

 Available memory in ccsd:               999990312
 Min. memory needed in ccsd:              57056632
 Max. memory used in ccsd:                83973798
 Max. memory used in cckext:              67951896 (11 integral passes)
 Max. memory used in cckint:              61276561 ( 1 integral passes)



 **********************************************************************************************************************************
 DATASETS  * FILE   NREC   LENGTH (MB)   RECORD NAMES
              1      22       21.35       500      610      700      900      950      970     1000      129      960     1700   
                                          VAR    BASINP    GEOM    SYMINP    ZMAT    AOBASIS   BASIS     P2S    ABASIS    OPER   
                                         1101     1401     1411     1412     1650     1100     1400     1410     1200     1210   
                                          SR      EKINR    POTR     PVPR    MOLCAS      S      EKIN      POT      H0       H01  
                                         1080     1600   
                                         AOSYM     SMH  

              2       5        5.97       200      700     1000      520     2110   
                                        OPTIONS   GEOM     BASIS   MCVARS     RHF  

 PROGRAMS   *        TOTAL  UCCSD(T)       POP       RHF       INT
 CPU TIMES  *      1290.78   1198.29      0.00      2.26     89.94
 REAL TIME  *      1528.24 SEC
 DISK USED  *        47.68 GB      
 SF USED    *         6.11 GB      
 GA USED    *         0.00 MB       (max)       0.00 MB       (current)
 **********************************************************************************************************************************
 SETTING CCSD(8)        =    -11707.46675641  AU                              
                                                                                                                                                                                                                                                                

           SCF            CCSD
         0.00000        0.00000
         0.00000        0.00000
         0.00000        0.00000
         0.00000        0.00000
         0.00000        0.00000
         0.00000        0.00000
         0.00000        0.00000
    -11704.24174   -11707.46676
                                                  

 UCCSD(T)/USERDEF energy= -11707.466756407608

        UCCSD(T)        RHF-SCF 
 -11707.46675641 -11704.24174206
 **********************************************************************************************************************************
 Molpro calculation terminated
 Variable memory released
