##########################################################
#    Opium Report File                                   #
##########################################################
     Opium version:        4.1

### copy of the parameter file #######################

[Atom]
Tb
15
100   2.00 -
200   2.00 -
210   6.00 -
300   2.00 -
310   6.00 -
320  10.00 -
400   2.00 -
410   6.00 -
420  10.00 -
500   2.00 -
510   6.00 -
520   2.00 -
430   7.00 -
600   0.00 -
610   0.00 -

[Pseudo]
6 1.160902 1.339367 1.782821 0.546182 2.960023 3.459753
g

[KBDesign]
s

[Relativity]
srl

[xc]
pbe

[Gaussinfo]
19 5
2 2 2 2 4
2  8.99675740456180e+00  1.61119164376094e+02
2  5.10437112530303e+00  8.93348353779443e+01
2  7.64065667792285e+00  8.86930213421921e+01
2  3.87830516642380e+00  5.71094883114025e+01
2  7.45630499177243e+00  5.59016903711656e+01
2  2.53044453414244e+00  2.93643328848276e+01
2  4.93934467462721e+00 -2.39525301883775e+01
2  3.91249047733049e+00 -7.09091467414132e+00
1  4.52625424350881e+00  19.00
3  3.87930800781251e+00  85.9988306266674
2  4.40605797610593e+00 -8.57226492894345e+01
2  1.89966442448156e+00 -3.13395198042658e+00

#[Configs]
#12
#
#500   2.00 -
#510   6.00 -
#520   0.00 -
#430   9.00 -
#600   2.00 -
#610   0.00 -
#
#500   2.00 -
#510   6.00 -
#520   1.00 -
#430   8.00 -
#600   2.00 -
#610   0.00 -
#
#500   2.00 -
#510   6.00 -
#520   2.00 -
#430   8.00 -
#600   1.00 -
#610   0.00 -
#
#500   2.00 -
#510   6.00 -
#520   0.00 -
#430   8.00 -
#600   2.00 -
#610   1.00 -
#
#500   2.00 -
#510   6.00 -
#520   0.00 -
#430   9.00 -
#600   1.00 -
#610   0.00 -
#
#500   2.00 -
#510   6.00 -
#520   1.00 -
#430   8.00 -
#600   1.00 -
#610   0.00 -
#
#500   2.00 -
#510   6.00 -
#520   0.00 -
#430   8.00 -
#600   2.00 -
#610   0.00 -
#
#500   2.00 -
#510   6.00 -
#520   0.00 -
#430   9.00 -
#600   0.00 -
#610   0.00 -
#
#500   2.00 -
#510   6.00 -
#520   1.00 -
#430   8.00 -
#600   0.00 -
#610   0.00 -
#
#500   2.00 -
#510   6.00 -
#520   0.00 -
#430   8.00 -
#600   1.00 -
#610   0.00 -
#
#500   2.00 -
#510   6.00 -
#520   0.00 -
#430   8.00 -
#600   0.00 -
#610   0.00 -
#
#500   2.00 -
#510   6.00 -
#520   1.00 -
#430   7.00 -
#600   0.00 -
#610   0.00 -
#
##500   2.00 -
##510   6.00 -
##520   0.00 -
##430   7.00 -
##600   1.00 -
##610   0.00 -
##
##500   2.00 -
##510   6.00 -
##520   0.00 -
##430   7.00 -
##600   0.00 -
##610   0.00 -

### AE report ########################################


### PS report ########################################

    Orbital       Ghost
    -----------------------------------------------------------------
    100         no
    210         no
    320         no
    430         no


### NL/SL report #####################################


 NL:Orbital    Filling       Eigenvalues[Ry]          Norm       Ghost
    ------------------------------------------------------------------
    100      2.000          -5.0897601383      0.6105672511        no
    210      6.000          -3.2915711714      0.6026479932        no
    320      2.000          -1.2029213064      0.6836628852        no
    430      7.000          -2.7591025856      0.7107314552        no
    200      0.000          -1.1770310709      0.5958191773        no
    310      0.000          -0.8324204632      0.6542249374        no

     ========== No ghosts in potential!!========== 

      E_tot =     -254.4212952826 Ry

### KE report ########################################


### TC report ########################################

