Note: The following floating-point exceptions are signalling: IEEE_UNDERFLOW_FLAG IEEE_DENORMAL
 ENTER Z, NR
 PLEASE ENTER RELATIVITY FACTOR.  (0=NR, 1=REL.)
 PLEASE ENTER IUFLAG. (0=U, 1=SU, 2=R).
 PLEASE ENTER NFC, NEL, RATIO, ETOL, XNUM
 PLEASE ENTER N L M J S OCC.
    2664.500000 -13335.505944
     234.234160 -14521.473543
      84.823895 -14741.829339
      26.779566 -14761.959721
       8.392554 -14763.272106
       3.351403 -14763.514548
       1.578689 -14763.566751
       0.753012 -14763.576912
       0.359828 -14763.578570
       0.171763 -14763.578689
       0.081835 -14763.578602
       0.038924 -14763.578528
       0.018491 -14763.578485
       0.008779 -14763.578462
       0.004167 -14763.578450
       0.001978 -14763.578444
       0.000940 -14763.578441
       0.000447 -14763.578439
       0.000212 -14763.578439
       0.000101 -14763.578438
       0.000048 -14763.578438
    1   0 0   0/2   1    2.0000      -2303.899207
    2   0 0   0/2   1    2.0000       -388.223652
    2   1-1   2/2   1    2.0000       -371.613929
    2   1 0   2/2   1    2.0000       -371.613929
    2   1 1   2/2   1    2.0000       -371.613929
    3   0 0   0/2   1    2.0000        -95.436652
    3   1-1   2/2   1    2.0000        -87.723993
    3   1 0   2/2   1    2.0000        -87.723993
    3   1 1   2/2   1    2.0000        -87.723993
    3   2-2   4/2   1    2.0000        -73.567619
    3   2-1   4/2   1    2.0000        -73.567619
    3   2 0   4/2   1    2.0000        -73.567619
    3   2 1   4/2   1    2.0000        -73.567619
    3   2 2   4/2   1    2.0000        -73.567619
    4   0 0   0/2   1    2.0000        -25.437694
    4   1-1   2/2   1    2.0000        -22.162401
    4   1 0   2/2   1    2.0000        -22.162401
    4   1 1   2/2   1    2.0000        -22.162401
    4   2-2   4/2   1    2.0000        -16.278652
    4   2-1   4/2   1    2.0000        -16.278652
    4   2 0   4/2   1    2.0000        -16.278652
    4   2 1   4/2   1    2.0000        -16.278652
    4   2 2   4/2   1    2.0000        -16.278652
    4   3-3   6/2   1    2.0000         -8.533560
    4   3-2   6/2   1    2.0000         -8.533560
    4   3-1   6/2   1    2.0000         -8.533560
    4   3 0   6/2   1    2.0000         -8.533560
    4   3 1   6/2   1    2.0000         -8.533560
    4   3 2   6/2   1    2.0000         -8.533560
    4   3 3   6/2   1    2.0000         -8.533560
    5   0 0   0/2   1    2.0000         -8.524004
 TOTAL ENERGY =   -14763.578438-401740.591024
 PLEASE ENTER FULL FILENAME.
