
 Primary working directories    : /global/cscratch1/sd/haihan
 Secondary working directories  : /global/cscratch1/sd/haihan
 Wavefunction directory         : /global/homes/h/haihan/Research/ECP/f_group_element_ecps/Gd/Molpro/atom/AE/dkh/wfu/
 Main file repository           : /global/cscratch1/sd/haihan/

 SHA1      : 19cd028119e0e09f93f0674bd8af7968d9b3eff6
 NAME      : 2015.1.36
 ARCHNAME  : linux/x86_64
 FC        : /opt/cray/pe/craype/2.5.14/bin/ftn
 BLASLIB   : -L/opt/intel/compilers_and_libraries_2018.1.163/linux/mkl/lib/intel64 -Wl,-_start-group -lmkl_intel_ilp64 -lmkl_intel_thread -lmkl_core -Wl,-_end-group -liomp5
 id        : lbl

 Nodes     nprocs
 nid01000     5
 Number of processes for MPI-2 version of Molpro:   nprocs(total)=    6   nprocs(compute)=    5   nprocs(helper)=    1

 Using customized tuning parameters: mindgm=7; mindgv=16; mindgc=1; mindgr=1; noblas=0; minvec=7
 default implementation of scratch files=sf  

 ***,Calculation for Gd atom, singlet and triplet
 memory,2,g
 
 
 gthresh,twoint=1.e-15
 gthresh,oneint=1.e-15
 
 set,dkroll=1,dkho=10,dkhp=4
 
 geometry={
 1
 Gd
 Gd  0.0 0.0 0.0
 }
 
 basis={
 Including file /global/u2/h/haihan/Research/ECP/f_group_element_ecps/Gd/Molpro/atom/AE/dkh/12/../aug-cc-pwCVTZ.basis
 }
 
 
 
 Including file /global/u2/h/haihan/Research/ECP/f_group_element_ecps/Gd/Molpro/atom/AE/dkh/12/../Gd_states_ae.proc
 
 
 do i=12,12
     if (i.eq.1) then
         Id1f7s2
     else if (i.eq.2) then
         Id2f7s1
     else if (i.eq.3) then
         EAd2f7s2
     else if (i.eq.4) then
         IId1f7s1
     else if (i.eq.5) then
         IIdf7s2
     else if (i.eq.6) then
         IIId1f7
     else if (i.eq.7) then
         IVdf7
     else if (i.eq.8) then
         Vdf6
     else if (i.eq.9) then
         VIdf5
     else if (i.eq.10) then
         VIIdf4
     else if (i.eq.11) then
         VIIIdf3
     else if (i.eq.12) then
         IXdf2
     else if (i.eq.13) then
         Xdf1
     else if (i.eq.14) then
         XIdf
     else if (i.eq.15) then
         XIIp4
     else if (i.eq.16) then
         XIIIp3
     endif
     scf(i)=energy
     _CC_NORM_MAX=2.0
     {rccsd(t),shifts=0.5,shiftp=0.5,thrdis=1.0;diis,1,1,15,1;maxit,100;core}
     ccsd(i)=energy
 enddo
 
 table,scf,ccsd
 type,csv
 save

 Variables initialized (889), CPU time= 0.01 sec
 Commands  initialized (702), CPU time= 0.00 sec, 572 directives.
 Default parameters read. Elapsed time= 0.14 sec

 Checking input...
 Passed
1


                                         ***  PROGRAM SYSTEM MOLPRO  ***
                                       Copyright, TTI GmbH Stuttgart, 2015
                                    Version 2015.1 linked Dec 29 2018 15:55:43


 **********************************************************************************************************************************
 LABEL *   Calculation for Gd atom, singlet and triplet                                  
  64 bit mpp version                                                                     DATE: 11-Nov-22          TIME: 10:24:27  
 **********************************************************************************************************************************

 SHA1:             19cd028119e0e09f93f0674bd8af7968d9b3eff6
 **********************************************************************************************************************************

 THRESHOLDS:

 ZERO    =  1.00D-12  ONEINT  =  1.00D-12  TWOINT  =  1.00D-15  PREFAC  =  1.00D-14  LOCALI  =  1.00D-09  EORDER  =  1.00D-04
 ENERGY  =  0.00D+00  ETEST   =  0.00D+00  EDENS   =  0.00D+00  THRDEDEF=  1.00D-06  GRADIENT=  1.00D-02  STEP    =  1.00D-03
 ORBITAL =  1.00D-05  CIVEC   =  1.00D-05  COEFF   =  1.00D-04  PRINTCI =  5.00D-02  PUNCHCI =  9.90D+01  OPTGRAD =  3.00D-04
 OPTENERG=  1.00D-06  OPTSTEP =  3.00D-04  THRGRAD =  1.00D-10  COMPRESS=  1.00D-11  VARMIN  =  1.00D-07  VARMAX  =  1.00D-03
 THRDOUB =  0.00D+00  THRDIV  =  1.00D-05  THRRED  =  1.00D-07  THRPSP  =  1.00D+00  THRDC   =  1.00D-10  THRCS   =  1.00D-10
 THRNRM  =  1.00D-08  THREQ   =  0.00D+00  THRDE   =  1.00D+00  THRREF  =  1.00D-05  SPARFAC =  1.00D+00  THRDLP  =  1.00D-07
 THRDIA  =  1.00D-10  THRDLS  =  1.00D-07  THRGPS  =  0.00D+00  THRKEX  =  0.00D+00  THRDIS  =  2.00D-01  THRVAR  =  1.00D-10
 THRLOC  =  1.00D-06  THRGAP  =  1.00D-06  THRLOCT = -1.00D+00  THRGAPT = -1.00D+00  THRORB  =  1.00D-06  THRMLTP =  0.00D+00
 THRCPQCI=  1.00D-10  KEXTA   =  0.00D+00  THRCOARS=  0.00D+00  SYMTOL  =  1.00D-06  GRADTOL =  1.00D-06  THROVL  =  1.00D-08
 THRORTH =  1.00D-08  GRID    =  1.00D-06  GRIDMAX =  1.00D-03  DTMAX   =  0.00D+00  THROCCDE=  1.00D-01  THROCCDE=  1.00D-01



 THRESHOLDS:

 ZERO    =  1.00D-12  ONEINT  =  1.00D-15  TWOINT  =  1.00D-15  PREFAC  =  1.00D-14  LOCALI  =  1.00D-09  EORDER  =  1.00D-04
 ENERGY  =  0.00D+00  ETEST   =  0.00D+00  EDENS   =  0.00D+00  THRDEDEF=  1.00D-06  GRADIENT=  1.00D-02  STEP    =  1.00D-03
 ORBITAL =  1.00D-05  CIVEC   =  1.00D-05  COEFF   =  1.00D-04  PRINTCI =  5.00D-02  PUNCHCI =  9.90D+01  OPTGRAD =  3.00D-04
 OPTENERG=  1.00D-06  OPTSTEP =  3.00D-04  THRGRAD =  1.00D-10  COMPRESS=  1.00D-11  VARMIN  =  1.00D-07  VARMAX  =  1.00D-03
 THRDOUB =  0.00D+00  THRDIV  =  1.00D-05  THRRED  =  1.00D-07  THRPSP  =  1.00D+00  THRDC   =  1.00D-10  THRCS   =  1.00D-10
 THRNRM  =  1.00D-08  THREQ   =  0.00D+00  THRDE   =  1.00D+00  THRREF  =  1.00D-05  SPARFAC =  1.00D+00  THRDLP  =  1.00D-07
 THRDIA  =  1.00D-10  THRDLS  =  1.00D-07  THRGPS  =  0.00D+00  THRKEX  =  0.00D+00  THRDIS  =  2.00D-01  THRVAR  =  1.00D-10
 THRLOC  =  1.00D-06  THRGAP  =  1.00D-06  THRLOCT = -1.00D+00  THRGAPT = -1.00D+00  THRORB  =  1.00D-06  THRMLTP =  0.00D+00
 THRCPQCI=  1.00D-10  KEXTA   =  0.00D+00  THRCOARS=  0.00D+00  SYMTOL  =  1.00D-06  GRADTOL =  1.00D-06  THROVL  =  1.00D-08
 THRORTH =  1.00D-08  GRID    =  1.00D-06  GRIDMAX =  1.00D-03  DTMAX   =  0.00D+00  THROCCDE=  1.00D-01  THROCCDE=  1.00D-01


 SETTING DKROLL         =         1.00000000                                  
 SETTING DKHO           =        10.00000000                                  
 SETTING DKHP           =         4.00000000                                  

Geometry recognized as XYZ


 Variable memory set to 2000000000 words,  buffer space   230000 words

 SETTING BASIS          =    USERDEF

 DO I                   =        12.00000000   

 Running procedure=IXDF2


 Recomputing integrals since basis changed


 Using spherical harmonics



 PROGRAM * SEWARD (Integral evaluation for generally contracted gaussian basis sets)     Author: Roland Lindh, 1990

 Geometry written to block  1 of record 700

 Orientation using atomic masses  
 Molecule type: Atom
 Symmetry elements: X,Y,Z
 Rotational constants:       0.0000000      0.0000000      0.0000000 GHz  (calculated with average atomic masses)

 Point group  D2h 



 ATOMIC COORDINATES

 NR  ATOM    CHARGE       X              Y              Z

   1  GD     64.00    0.000000000    0.000000000    0.000000000

 NUCLEAR CHARGE:                   64
 NUMBER OF PRIMITIVE AOS:         631
 NUMBER OF SYMMETRY AOS:          481
 NUMBER OF CONTRACTIONS:          481   ( 113Ag  +  74B3u +  74B2u +  42B1g +  74B1u +  42B2g +  42B3g +  20Au  )
 NUMBER OF CORE ORBITALS:          23   (   8Ag  +   3B3u +   3B2u +   2B1g +   3B1u +   2B2g +   2B3g +   0Au  )
 NUMBER OF VALENCE ORBITALS:       17   (   4Ag  +   3B3u +   3B2u +   1B1g +   3B1u +   1B2g +   1B3g +   1Au  )


 NUCLEAR REPULSION ENERGY    0.00000000

 One-electron integrals computed with SEWARD

 10nd-order Douglas-Kroll-Hess method activated. McWeeny DKH parametrization is used.

 Computing Douglas-Kroll / X2C integrals

 AO integral compression algorithm  1   Integral accuracy      1.0D-15

     5087.429 MB (compressed) written to integral file ( 43.1%)

     Node minimum: 446.431 MB, node maximum: 1607.205 MB


 NUMBER OF SORTED TWO-ELECTRON INTEGRALS:  171778298.     BUFFER LENGTH:  32768
 NUMBER OF SEGMENTS:   6  SEGMENT LENGTH:   31998348      RECORD LENGTH: 524288

 Memory used in sort:      32.56 MW

 SORT1 READ  1474683826. AND WROTE    98537690. INTEGRALS IN    285 RECORDS. CPU TIME:    32.57 SEC, REAL TIME:    38.15 SEC
 SORT2 READ   489175435. AND WROTE   859050309. INTEGRALS IN  22405 RECORDS. CPU TIME:     2.56 SEC, REAL TIME:     4.01 SEC

 Node minimum:   171650191.  Node maximum:   171905998. integrals

 OPERATOR DM      FOR CENTER  0  COORDINATES:    0.000000    0.000000    0.000000

 EXTRA SYMMETRY OF AOS IN SYMMETRY 1:   1 1 1 1 1 1 1 1 1 1   1 1 1 1 1 1 1 1 1 1   1 1 1 1 1 1 1 1 1 1   1 1 1 1 1 1 1 1 2 3
                                        2 3 2 3 2 3 2 3 2 3   2 3 2 3 2 3 2 3 2 3   2 3 2 3 2 3 2 3 2 3   2 3 2 3 2 3 2 3 2 3
                                        2 3 2 3 2 3 4 5 6 4   5 6 4 5 6 4 5 6 4 5   6 4 5 6 4 5 6 4 5 6   4 5 6
 EXTRA SYMMETRY OF AOS IN SYMMETRY 2:   1 1 1 1 1 1 1 1 1 1   1 1 1 1 1 1 1 1 1 1   1 1 1 1 1 1 1 1 1 1   1 1 1 1 1 1 1 2 3 2
                                        3 2 3 2 3 2 3 2 3 2   3 2 3 2 3 2 3 2 3 2   3 2 3 2 3 4 5 6 4 5   6 4 5 6
 EXTRA SYMMETRY OF AOS IN SYMMETRY 3:   1 1 1 1 1 1 1 1 1 1   1 1 1 1 1 1 1 1 1 1   1 1 1 1 1 1 1 1 1 1   1 1 1 1 1 1 1 2 3 2
                                        3 2 3 2 3 2 3 2 3 2   3 2 3 2 3 2 3 2 3 2   3 2 3 2 3 4 5 6 4 5   6 4 5 6
 EXTRA SYMMETRY OF AOS IN SYMMETRY 4:   1 1 1 1 1 1 1 1 1 1   1 1 1 1 1 1 1 1 1 1   1 1 1 1 2 3 2 3 2 3   2 3 2 3 2 3 2 3 2 3
                                        2 3
 EXTRA SYMMETRY OF AOS IN SYMMETRY 5:   1 1 1 1 1 1 1 1 1 1   1 1 1 1 1 1 1 1 1 1   1 1 1 1 1 1 1 1 1 1   1 1 1 1 1 1 1 2 3 2
                                        3 2 3 2 3 2 3 2 3 2   3 2 3 2 3 2 3 2 3 2   3 2 3 2 3 4 5 6 4 5   6 4 5 6
 EXTRA SYMMETRY OF AOS IN SYMMETRY 6:   1 1 1 1 1 1 1 1 1 1   1 1 1 1 1 1 1 1 1 1   1 1 1 1 2 3 2 3 2 3   2 3 2 3 2 3 2 3 2 3
                                        2 3
 EXTRA SYMMETRY OF AOS IN SYMMETRY 7:   1 1 1 1 1 1 1 1 1 1   1 1 1 1 1 1 1 1 1 1   1 1 1 1 2 3 2 3 2 3   2 3 2 3 2 3 2 3 2 3
                                        2 3
 EXTRA SYMMETRY OF AOS IN SYMMETRY 8:   1 1 1 1 1 1 1 1 1 1   1 1 1 1 2 3 2 3 2 3

 Eigenvalues of metric

         1 0.117E-06 0.313E-06 0.724E-06 0.724E-06 0.728E-06 0.135E-05 0.447E-05 0.619E-05
         2 0.616E-06 0.439E-05 0.139E-04 0.449E-04 0.885E-04 0.303E-03 0.501E-03 0.668E-03
         3 0.616E-06 0.439E-05 0.139E-04 0.449E-04 0.885E-04 0.303E-03 0.501E-03 0.668E-03
         4 0.724E-06 0.237E-04 0.148E-03 0.537E-03 0.925E-03 0.419E-02 0.877E-02 0.166E-01
         5 0.616E-06 0.439E-05 0.139E-04 0.449E-04 0.885E-04 0.303E-03 0.501E-03 0.668E-03
         6 0.724E-06 0.237E-04 0.148E-03 0.537E-03 0.925E-03 0.419E-02 0.877E-02 0.166E-01
         7 0.724E-06 0.237E-04 0.148E-03 0.537E-03 0.925E-03 0.419E-02 0.877E-02 0.166E-01
         8 0.826E-03 0.126E-01 0.208E-01 0.681E-01 0.138E+00 0.253E+00 0.351E+00 0.351E+00


 **********************************************************************************************************************************
 DATASETS  * FILE   NREC   LENGTH (MB)   RECORD NAMES
              1      22       22.40       500      610      700      900      950      970     1000      129      960     1700   
                                          VAR    BASINP    GEOM    SYMINP    ZMAT    AOBASIS   BASIS     P2S    ABASIS    OPER   
                                         1101     1401     1411     1412     1650     1100     1400     1410     1200     1210   
                                          SR      EKINR    POTR     PVPR    MOLCAS      S      EKIN      POT      H0       H01  
                                         1080     1600   
                                         AOSYM     SMH  

 PROGRAMS   *        TOTAL       INT
 CPU TIMES  *       326.31    326.04
 REAL TIME  *       337.17 SEC
 DISK USED  *        11.08 GB      
 GA USED    *         0.00 MB       (max)       0.00 MB       (current)
 **********************************************************************************************************************************


 PROGRAM * RHF-SCF (OPEN SHELL)       Authors: W. Meyer, H.-J. Werner


 NUMBER OF ELECTRONS:      29+   27-    SPACE SYMMETRY=1    SPIN SYMMETRY: Triplet 
 CONVERGENCE THRESHOLDS:    1.00E-05 (Density)    1.28E-07 (Energy)
 MAX. NUMBER OF ITERATIONS:       60
 INTERPOLATION TYPE:            DIIS
 INTERPOLATION STEPS:              2 (START)      1 (STEP)
 LEVEL SHIFTS:                 -0.60 (CLOSED) -0.30 (OPEN) 

 Number of closed-shell orbitals:   27 (   9   4   4   2   4   2   2   0 )
 Number of open-shell orbitals:      2 (   0   2   0   0   0   0   0   0 )


 
 Extra symmetries of mos in symmetry 1:   1   1   1   3   2   1   3   2   1   3   2
 Extra symmetries of mos in symmetry 2:   1   1   1   1   3   2
 Extra symmetries of mos in symmetry 3:   1   1   1   1   3   2
 Extra symmetries of mos in symmetry 5:   1   1   1   1   3   2
 Orbital guess generated from atomic densities. Full valence occupancy:   12   6   6   3   6   3   3   1


 Molecular orbital dump at record        4202.2

 ITERATION    DDIFF          GRAD             ENERGY        2-EL.EN.            DIPOLE MOMENTS         DIIS   ORB.
    1      0.000D+00      0.000D+00    -11247.16556672   7446.144023    0.00000    0.00000    0.00000    0    start
    2      0.000D+00      0.615D-01    -11249.57277698   7673.427035    0.00000    0.00000    0.00000    1    diag,B
    3      0.323D-01      0.309D-01    -11249.75492404   7629.556487    0.00000    0.00000    0.00000    2    diag,B
    4      0.894D-02      0.389D-02    -11249.77857646   7632.277164    0.00000    0.00000    0.00000    3    diag,B
    5      0.280D-02      0.160D-02    -11249.80720461   7637.821059    0.00000    0.00000    0.00000    4    diag,B
    6      0.107D-02      0.195D-02    -11249.78105176   7633.651291    0.00000    0.00000    0.00000    5    diag,B
    7      0.780D-03      0.159D-02    -11249.73535145   7632.427589    0.00000    0.00000    0.00000    6    fixocc
    8      0.269D-02      0.319D-02    -11249.73538020   7632.406382    0.00000    0.00000    0.00000    7    diag,B
    9      0.445D-05      0.318D-02    -11249.73698416   7631.425063    0.00000    0.00000    0.00000    8    diag,B
   10      0.230D-03      0.271D-02    -11249.73607001   7630.647944    0.00000    0.00000    0.00000    9    orth
   11      0.177D-03      0.243D-02    -11249.73648617   7627.828495    0.00000    0.00000    0.00000    9    diag,B
   12      0.630D-03      0.121D-02    -11249.73671206   7627.990997    0.00000    0.00000    0.00000    9    diag,B
   13      0.523D-04      0.127D-02    -11249.73627826   7626.469597    0.00000    0.00000    0.00000    9    diag,B
   14      0.319D-03      0.628D-03    -11249.73620102   7624.914989    0.00000    0.00000    0.00000    9    diag,B
   15      0.351D-03      0.100D-03    -11249.73620178   7624.862118    0.00000    0.00000    0.00000    9    diag,B
   16      0.106D-04      0.121D-03    -11249.73620523   7625.057637    0.00000    0.00000    0.00000    9    diag,B
   17      0.454D-04      0.650D-04    -11249.73621758   7624.833566    0.00000    0.00000    0.00000    9    diag,B
   18      0.492D-04      0.136D-03    -11249.73615913   7625.154553    0.00000    0.00000    0.00000    9    diag,B
   19      0.859D-04      0.508D-04    -11249.73613614   7625.033702    0.00000    0.00000    0.00000    9    diag,B
   20      0.531D-04      0.189D-04    -11249.73613614   7625.074289    0.00000    0.00000    0.00000    9    orth
   21      0.854D-05      0.271D-05    -11249.73613605   7625.073050    0.00000    0.00000    0.00000    0    orth

 Final alpha occupancy:   9   6   4   2   4   2   2   0
 Final beta  occupancy:   9   4   4   2   4   2   2   0

 !RHF STATE 1.1 Energy               -11249.7361360548    
 Nuclear energy                         0.00000000
 One-electron energy               -15062.27266089
 Two-electron energy                 3812.53652484
 Virial quotient                       -0.78301010
 !RHF STATE 1.1 Dipole moment           0.00000000     0.00000000     0.00000000
 Dipole moment /Debye                   0.00000000     0.00000000     0.00000000

 ELECTRON ORBITALS
 =================


   Orb  Occ    Energy  Couls-En    Coefficients

                                   1 1s      1 1s      1 1s      1 1s      1 1s      1 1s      1 1s      1 1s      1 1s      1 1s   
                                   1 1s      1 1s      1 1s      1 1s      1 1s      1 1s      1 1s      1 1s      1 1s      1 1s   
                                   1 1s      1 1s      1 1s      1 1s      1 1s      1 1s      1 1s      1 1s      1 1s      1 1s   
                                   1 1s      1 1s      1 1s      1 1s      1 1s      1 1s      1 1s      1 1s      1 3d0     1 3d2+ 
                                   1 3d0     1 3d2+    1 3d0     1 3d2+    1 3d0     1 3d2+    1 3d0     1 3d2+    1 3d0     1 3d2+ 
                                   1 3d0     1 3d2+    1 3d0     1 3d2+    1 3d0     1 3d2+    1 3d0     1 3d2+    1 3d0     1 3d2+ 
                                   1 3d0     1 3d2+    1 3d0     1 3d2+    1 3d0     1 3d2+    1 3d0     1 3d2+    1 3d0     1 3d2+ 
                                   1 3d0     1 3d2+    1 3d0     1 3d2+    1 3d0     1 3d2+    1 3d0     1 3d2+    1 3d0     1 3d2+ 
                                   1 3d0     1 3d2+    1 3d0     1 3d2+    1 3d0     1 3d2+    1 5g0     1 5g4+    1 5g2+    1 5g0  
                                   1 5g4+    1 5g2+    1 5g0     1 5g4+    1 5g2+    1 5g0     1 5g4+    1 5g2+    1 5g0     1 5g4+ 
                                   1 5g2+    1 5g0     1 5g4+    1 5g2+    1 5g0     1 5g4+    1 5g2+    1 5g0     1 5g4+    1 5g2+ 
                                   1 5g0     1 5g4+    1 5g2+ 

   1.1   2 -1861.3859-4034.9251  0.000378  0.000162  0.001374  0.003951  0.007271  0.013555  0.025766  0.050322  0.101573  0.199601
                                 0.335897  0.343648  0.145967  0.063935 -0.008683  0.007226 -0.028308 -0.031879 -0.019178  0.016135
                                 0.018520 -0.002213 -0.005970 -0.003843 -0.001464  0.015512  0.014985 -0.037646 -0.081844  0.031777
                                 0.035595 -0.026357  0.003062  0.006969  0.002197  0.000066 -0.000023  0.000005  0.000000 -0.000000
                                 0.000000 -0.000000  0.000000 -0.000000  0.000000 -0.000000  0.000000 -0.000000  0.000000 -0.000000
                                -0.000000  0.000000 -0.000000  0.000001  0.000000 -0.000000 -0.000000  0.000000 -0.000000  0.000000
                                -0.000000  0.000000  0.000000 -0.000000  0.000001 -0.000001 -0.000000  0.000001  0.000000 -0.000000
                                 0.000000 -0.000000  0.000000 -0.000000 -0.000000  0.000000  0.000000 -0.000000 -0.000000  0.000000
                                 0.000000 -0.000000 -0.000000  0.000000  0.000000 -0.000000  0.000000  0.000000  0.000000 -0.000000
                                -0.000000 -0.000000  0.000000  0.000000  0.000000 -0.000000 -0.000000 -0.000000  0.000000  0.000000
                                 0.000000 -0.000000 -0.000000 -0.000000  0.000000  0.000000  0.000000 -0.000000 -0.000000 -0.000000
                                 0.000000  0.000000  0.000000

   2.1   2  -316.6962 -865.2464 -0.000137 -0.000059 -0.000499 -0.001439 -0.002667 -0.005006 -0.009685 -0.019221 -0.040865 -0.080311
                                -0.145994 -0.154157  0.138190  0.600779  0.420274  0.033764  0.012139  0.047563  0.034371 -0.030825
                                -0.036744  0.004511  0.012347  0.007976  0.003045 -0.016661 -0.050831 -0.078754  0.002023 -0.026481
                                -0.058164  0.051878 -0.006308 -0.014442 -0.004567 -0.000137  0.000048 -0.000010  0.000000 -0.000000
                                 0.000000 -0.000000  0.000000 -0.000000  0.000001 -0.000002  0.000007 -0.000012  0.000016 -0.000028
                                 0.000001 -0.000002 -0.000015  0.000026  0.000009 -0.000016 -0.000001  0.000002 -0.000001  0.000001
                                -0.000000  0.000000  0.000006 -0.000010  0.000019 -0.000034 -0.000018  0.000031  0.000001 -0.000002
                                 0.000000 -0.000000  0.000000 -0.000000 -0.000000  0.000000  0.000000 -0.000000 -0.000000  0.000000
                                 0.000000 -0.000000 -0.000000  0.000000  0.000000 -0.000000  0.000000 -0.000000  0.000000  0.000000
                                 0.000000  0.000000 -0.000000 -0.000000 -0.000000  0.000000  0.000000  0.000000 -0.000000 -0.000000
                                -0.000000  0.000000  0.000000  0.000000 -0.000000 -0.000000 -0.000000  0.000000  0.000000  0.000000
                                -0.000000 -0.000000 -0.000000

   3.1   2   -76.8751 -308.7016  0.000064  0.000027  0.000232  0.000669  0.001241  0.002327  0.004534  0.008950  0.019480  0.034557
                                 0.055492  0.028687 -0.207269 -0.818442 -0.328493  0.920724  0.060439 -0.483109 -0.347677  0.311984
                                 0.374770 -0.046558 -0.128747 -0.083412 -0.031912  0.014511  0.054355  0.131241  0.280045  0.474969
                                 0.596128 -0.527916  0.065561  0.150837  0.047846  0.001438 -0.000504  0.000109  0.000000 -0.000000
                                 0.000001 -0.000001  0.000005 -0.000008  0.000021 -0.000036  0.000072 -0.000125  0.000167 -0.000289
                                 0.000334 -0.000578  0.000434 -0.000751 -0.000122  0.000211  0.000008 -0.000013  0.000008 -0.000013
                                 0.000001 -0.000002  0.000014 -0.000023 -0.000250  0.000432  0.000245 -0.000425 -0.000011  0.000019
                                -0.000003  0.000005 -0.000001  0.000001  0.000001 -0.000001 -0.000000  0.000001  0.000000 -0.000000
                                -0.000000  0.000000  0.000000 -0.000000 -0.000000  0.000000 -0.000043 -0.000001 -0.000048  0.000056
                                 0.000001  0.000061 -0.000034 -0.000001 -0.000037  0.000024  0.000000  0.000026 -0.000015 -0.000000
                                -0.000017  0.000009  0.000000  0.000010 -0.000005 -0.000000 -0.000006  0.000003  0.000000  0.000003
                                -0.000001 -0.000000 -0.000001

   4.1   2   -51.5110 -266.8534  0.000000  0.000000  0.000000  0.000001  0.000002  0.000004  0.000008  0.000015  0.000033  0.000055
                                 0.000083  0.000017 -0.000426 -0.001631 -0.000485  0.002125 -0.000721 -0.001946 -0.001210  0.001099
                                 0.001309 -0.000163 -0.000453 -0.000294 -0.000112  0.000028  0.000109  0.000277  0.000662  0.001255
                                 0.002196 -0.001840  0.000230  0.000531  0.000169  0.000005 -0.000002  0.000000 -0.000055  0.000095
                                -0.000670  0.001161 -0.004213  0.007300 -0.019033  0.032975 -0.070032  0.121333 -0.163874  0.283918
                                -0.237964  0.412282 -0.203908  0.353279  0.038789 -0.067204 -0.004785  0.008291 -0.002742  0.004750
                                -0.000307  0.000532  0.038718 -0.067081  0.118408 -0.205147 -0.104764  0.181507  0.003897 -0.006753
                                 0.001001 -0.001735  0.000252 -0.000437 -0.000210  0.000364  0.000136 -0.000235 -0.000077  0.000134
                                 0.000028 -0.000048 -0.000012  0.000021  0.000003 -0.000006  0.000163  0.000179 -0.000054  0.000058
                                 0.000208 -0.000210  0.000061  0.000048  0.000005 -0.000015  0.000020 -0.000044  0.000013 -0.000006
                                 0.000023 -0.000008  0.000004 -0.000015  0.000005 -0.000003  0.000008 -0.000002  0.000001 -0.000004
                                 0.000001 -0.000000  0.000001

   5.1   2   -51.5435 -266.8798 -0.000000 -0.000000 -0.000000 -0.000000 -0.000000 -0.000000 -0.000000 -0.000000 -0.000000 -0.000000
                                -0.000000  0.000000  0.000000  0.000001  0.000000 -0.000001  0.000002  0.000001  0.000001 -0.000000
                                -0.000001  0.000000  0.000000  0.000000  0.000000 -0.000000 -0.000000 -0.000000 -0.000000 -0.000002
                                -0.000001  0.000001 -0.000000 -0.000000 -0.000000 -0.000000  0.000000 -0.000000  0.000095  0.000055
                                 0.001160  0.000670  0.007298  0.004212  0.032967  0.019028  0.121300  0.070013  0.283847  0.163833
                                 0.412292  0.237970  0.353580  0.204082 -0.067580 -0.039006  0.008227  0.004749  0.004745  0.002739
                                 0.000531  0.000307 -0.067059 -0.038706 -0.205471 -0.118595  0.181942  0.105015 -0.006768 -0.003906
                                -0.001735 -0.001002 -0.000436 -0.000252  0.000364  0.000210 -0.000235 -0.000136  0.000134  0.000077
                                -0.000048 -0.000028  0.000021  0.000012 -0.000006 -0.000003 -0.000088  0.000104  0.000078 -0.000100
                                 0.000118  0.000089 -0.000024  0.000028  0.000021 -0.000010  0.000011  0.000009  0.000003 -0.000003
                                -0.000003 -0.000002  0.000002  0.000002  0.000001 -0.000001 -0.000001 -0.000001  0.000001  0.000001
                                 0.000000 -0.000000 -0.000000

   6.1   2   -20.8825 -136.5806 -0.000031 -0.000013 -0.000114 -0.000328 -0.000609 -0.001141 -0.002228 -0.004390 -0.009611 -0.016585
                                -0.025579 -0.008221  0.122200  0.491886  0.195909 -0.920194 -0.679452  1.176463  0.638767 -0.322634
                                -0.424065  0.054933  0.156656  0.102433  0.039445 -0.007972 -0.030646 -0.077431 -0.181718  0.234101
                                -0.230359  0.594084 -0.078984 -0.184489 -0.059084 -0.001783  0.000626 -0.000135 -0.000000  0.000000
                                -0.000002  0.000004 -0.000014  0.000023 -0.000061  0.000106 -0.000229  0.000396 -0.000528  0.000915
                                -0.000868  0.001503 -0.001107  0.001918  0.003518 -0.006098  0.000840 -0.001457  0.000186 -0.000322
                                 0.000020 -0.000035  0.000251 -0.000435  0.002193 -0.003800 -0.002313  0.004012 -0.000228  0.000395
                                -0.000064  0.000111 -0.000017  0.000029  0.000014 -0.000024 -0.000009  0.000016  0.000005 -0.000009
                                -0.000002  0.000003  0.000001 -0.000001 -0.000000  0.000000 -0.000082 -0.000000 -0.000091 -0.000132
                                -0.000000 -0.000147  0.000075 -0.000002  0.000086 -0.000030 -0.000001 -0.000032  0.000022  0.000000
                                 0.000025 -0.000014 -0.000000 -0.000016  0.000008  0.000000  0.000009 -0.000004 -0.000000 -0.000005
                                 0.000001  0.000000  0.000002

   7.1   2   -11.7053 -112.4090 -0.000000 -0.000000 -0.000001 -0.000002 -0.000003 -0.000006 -0.000013 -0.000025 -0.000055 -0.000092
                                -0.000135 -0.000016  0.000769  0.003027  0.001043 -0.005825 -0.002979  0.007102  0.004809 -0.001980
                                -0.003353  0.000480  0.001407  0.000929  0.000360 -0.000049 -0.000192 -0.000496 -0.001218  0.001537
                                -0.003439  0.004774 -0.000702 -0.001666 -0.000539 -0.000016  0.000006 -0.000001  0.000027 -0.000047
                                 0.000332 -0.000575  0.002118 -0.003668  0.009579 -0.016590  0.036230 -0.062752  0.084089 -0.145645
                                 0.125136 -0.216740  0.130366 -0.225799 -0.481385  0.833778 -0.196182  0.339796 -0.037559  0.065054
                                -0.003201  0.005544 -0.053032  0.091854 -0.296871  0.514193  0.351047 -0.608028 -0.010884  0.018852
                                 0.007540 -0.013059  0.002707 -0.004689 -0.002295  0.003975  0.001499 -0.002597 -0.000859  0.001488
                                 0.000311 -0.000539 -0.000132  0.000229  0.000038 -0.000065  0.000550  0.000784 -0.000423  0.000460
                                 0.000400 -0.000015  0.000764  0.001279 -0.000838  0.000063  0.000103 -0.000065  0.000095  0.000182
                                -0.000136 -0.000053 -0.000103  0.000077  0.000031  0.000061 -0.000045 -0.000016 -0.000031  0.000023
                                 0.000005  0.000010 -0.000008

   8.1   2   -11.7390 -112.4830  0.000000  0.000000  0.000000  0.000000  0.000000  0.000000  0.000000  0.000000  0.000000  0.000000
                                 0.000000 -0.000000 -0.000000 -0.000000 -0.000000  0.000001 -0.000001  0.000000 -0.000003  0.000004
                                 0.000002  0.000000  0.000000  0.000000  0.000000  0.000000  0.000000  0.000000  0.000000  0.000001
                                -0.000004  0.000001 -0.000000 -0.000000 -0.000000 -0.000000  0.000000 -0.000000 -0.000047 -0.000027
                                -0.000575 -0.000332 -0.003669 -0.002118 -0.016593 -0.009580 -0.062762 -0.036236 -0.145671 -0.084103
                                -0.216873 -0.125212 -0.226227 -0.130612  0.835499  0.482376  0.339716  0.196136  0.064838  0.037435
                                 0.005547  0.003203  0.091847  0.053028  0.514929  0.297294 -0.609122 -0.351677  0.018003  0.010395
                                -0.013204 -0.007623 -0.004690 -0.002708  0.003976  0.002296 -0.002597 -0.001499  0.001488  0.000859
                                -0.000539 -0.000311  0.000229  0.000132 -0.000065 -0.000038 -0.000379  0.000449  0.000340 -0.000192
                                 0.000227  0.000172 -0.000619  0.000732  0.000553 -0.000050  0.000059  0.000045 -0.000088  0.000104
                                 0.000079  0.000050 -0.000059 -0.000044 -0.000029  0.000035  0.000026  0.000015 -0.000018 -0.000013
                                -0.000005  0.000006  0.000004

   9.1   2    -6.6646  -64.8349  0.000014  0.000006  0.000053  0.000152  0.000283  0.000530  0.001034  0.002038  0.004468  0.007664
                                 0.011718  0.003243 -0.058931 -0.238995 -0.096623  0.518229  0.448227 -0.925082 -0.631983  0.948329
                                 1.073032  0.053599 -0.009493 -0.014661 -0.007422  0.003786  0.014625  0.037288  0.089141 -0.218037
                                -0.146797 -0.323038 -0.005420  0.020356  0.010754  0.000374 -0.000135  0.000029  0.000000 -0.000000
                                 0.000002 -0.000003  0.000012 -0.000021  0.000054 -0.000093  0.000203 -0.000352  0.000469 -0.000811
                                 0.000761 -0.001318  0.001001 -0.001735 -0.004122  0.007144  0.000074 -0.000128  0.001180 -0.002047
                                 0.000026 -0.000045 -0.000338  0.000586 -0.002461  0.004266  0.002736 -0.004748  0.002331 -0.004041
                                 0.001092 -0.001894  0.000014 -0.000024 -0.000015  0.000025  0.000011 -0.000018 -0.000006  0.000011
                                 0.000002 -0.000004 -0.000001  0.000002  0.000000 -0.000001  0.000107 -0.000004  0.000126  0.000030
                                -0.000008  0.000045 -0.000335 -0.000006 -0.000365 -0.000147 -0.000002 -0.000161 -0.000038 -0.000002
                                -0.000040  0.000010  0.000000  0.000011 -0.000006 -0.000000 -0.000007  0.000003  0.000000  0.000003
                                -0.000001 -0.000000 -0.000001

  10.1   0    -3.3492  -47.9473  0.000000  0.000000  0.000000  0.000001  0.000002  0.000003  0.000007  0.000013  0.000029  0.000049
                                 0.000073  0.000014 -0.000396 -0.001587 -0.000590  0.003365  0.002330 -0.006640 -0.004987  0.002866
                                 0.014753  0.006089  0.001742  0.001111  0.000415  0.000025  0.000098  0.000252  0.000617 -0.001220
                                 0.003252 -0.013042 -0.000586 -0.002033 -0.000625 -0.000018  0.000006 -0.000001 -0.000011  0.000019
                                -0.000136  0.000235 -0.000866  0.001498 -0.003931  0.006798 -0.014893  0.025756 -0.034710  0.060030
                                -0.049309  0.085279 -0.031950  0.055256  0.200561 -0.346863  0.102073 -0.176535 -0.023424  0.040510
                                -0.150179  0.259732  0.019128 -0.033082  0.101621 -0.175750 -0.110359  0.190862 -0.122924  0.212591
                                -0.309309  0.534944  0.018759 -0.032443 -0.019027  0.032907  0.012191 -0.021085 -0.006913  0.011955
                                 0.002482 -0.004292 -0.001048  0.001812  0.000297 -0.000513 -0.000244 -0.000370  0.000217  0.000027
                                 0.000175 -0.000201  0.000186  0.000090  0.000088  0.000218 -0.000035  0.000285 -0.000091 -0.000409
                                 0.000436  0.000010 -0.000017  0.000033 -0.000022 -0.000043  0.000032  0.000012  0.000023 -0.000017
                                -0.000004 -0.000008  0.000006

  11.1   0    -3.3637  -48.0608  0.000000  0.000000  0.000000  0.000000  0.000000  0.000000  0.000000  0.000000  0.000000  0.000000
                                 0.000000  0.000000 -0.000001 -0.000003 -0.000001  0.000007  0.000008 -0.000018 -0.000001  0.000014
                                 0.000009 -0.000002 -0.000002 -0.000001 -0.000001  0.000000  0.000000  0.000000  0.000001 -0.000005
                                 0.000001 -0.000005  0.000001  0.000002  0.000001  0.000000 -0.000000  0.000000  0.000019  0.000011
                                 0.000236  0.000136  0.001502  0.000868  0.006816  0.003941  0.025827  0.014933  0.060189  0.034802
                                 0.085627  0.049510  0.056232  0.032514 -0.350247 -0.202515 -0.176243 -0.101907  0.043187  0.024970
                                 0.256447  0.148281 -0.033351 -0.019284 -0.177853 -0.102836  0.193914  0.112122  0.214303  0.123911
                                 0.534563  0.309091 -0.032705 -0.018910  0.032795  0.018962 -0.020982 -0.012132  0.011891  0.006876
                                -0.004268 -0.002468  0.001802  0.001042 -0.000510 -0.000295  0.000174 -0.000206 -0.000156 -0.000093
                                 0.000111  0.000084 -0.000057  0.000068  0.000051  0.000006 -0.000010 -0.000009  0.000191 -0.000228
                                -0.000173  0.000007 -0.000009 -0.000007  0.000021 -0.000025 -0.000019 -0.000011  0.000013  0.000010
                                 0.000004 -0.000005 -0.000003

                                   1 2px     1 2px     1 2px     1 2px     1 2px     1 2px     1 2px     1 2px     1 2px     1 2px  
                                   1 2px     1 2px     1 2px     1 2px     1 2px     1 2px     1 2px     1 2px     1 2px     1 2px  
                                   1 2px     1 2px     1 2px     1 2px     1 2px     1 2px     1 2px     1 2px     1 2px     1 2px  
                                   1 2px     1 2px     1 2px     1 2px     1 2px     1 2px     1 2px     1 4f1+    1 4f3+    1 4f1+ 
                                   1 4f3+    1 4f1+    1 4f3+    1 4f1+    1 4f3+    1 4f1+    1 4f3+    1 4f1+    1 4f3+    1 4f1+ 
                                   1 4f3+    1 4f1+    1 4f3+    1 4f1+    1 4f3+    1 4f1+    1 4f3+    1 4f1+    1 4f3+    1 4f1+ 
                                   1 4f3+    1 4f1+    1 4f3+    1 4f1+    1 4f3+    1 6h1+    1 6h3+    1 6h5+    1 6h1+    1 6h3+ 
                                   1 6h5+    1 6h1+    1 6h3+    1 6h5+ 

   1.2   2  -282.6147 -808.0577  0.000012  0.000002  0.000028  0.000033  0.000094  0.000159  0.000333  0.000651  0.001194  0.004144
                                 0.002035  0.014535  0.043302  0.124377  0.296582  0.418927  0.251232  0.024032 -0.015601 -0.041759
                                -0.015408 -0.006518 -0.001043  0.000522 -0.000349  0.000345  0.005452  0.017577  0.039928  0.021369
                                 0.005091  0.004032 -0.000116 -0.000417  0.000303  0.000031 -0.000005  0.000001 -0.000002  0.000011
                                -0.000015  0.000008 -0.000010 -0.000007  0.000010 -0.000010  0.000013 -0.000001  0.000001  0.000000
                                -0.000001  0.000010 -0.000013  0.000006 -0.000008 -0.000000  0.000000  0.000000 -0.000000 -0.000000
                                 0.000000  0.000000 -0.000000 -0.000000  0.000000  0.000003 -0.000000  0.000003 -0.000001  0.000000
                                -0.000001  0.000000 -0.000000  0.000000

   2.2   2   -66.0220 -288.9765 -0.000006 -0.000001 -0.000014 -0.000016 -0.000047 -0.000078 -0.000166 -0.000319 -0.000601 -0.002046
                                -0.001082 -0.007252 -0.022320 -0.065646 -0.166601 -0.241786 -0.050060  0.331595  0.375180 -0.026995
                                 0.009723  0.007106  0.001255 -0.000647  0.000440 -0.000438  0.130866  0.205974  0.115859 -0.007062
                                -0.005117 -0.004597  0.000148  0.000531 -0.000387 -0.000039  0.000007  0.000000 -0.000000  0.000014
                                -0.000018  0.000186 -0.000240  0.000318 -0.000410  0.000200 -0.000257  0.000041 -0.000052 -0.000003
                                 0.000003 -0.000189  0.000243 -0.000098  0.000126  0.000003 -0.000004 -0.000002  0.000003  0.000001
                                -0.000002 -0.000001  0.000001  0.000000 -0.000000  0.000138 -0.000046  0.000154  0.000009  0.000011
                                 0.000004  0.000007 -0.000004  0.000008

   3.2   2   -17.0821 -126.6067  0.000003  0.000001  0.000007  0.000008  0.000023  0.000038  0.000081  0.000154  0.000295  0.000989
                                 0.000548  0.003512  0.010967  0.032313  0.083501  0.121274  0.012090 -0.197658 -0.157033  0.442400
                                 0.114589 -0.130853 -0.019211  0.009603 -0.006459  0.006416 -0.108931 -0.265600  0.106832  0.465226
                                 0.143752  0.077370 -0.002164 -0.007763  0.005655  0.000575 -0.000102  0.000003 -0.000004  0.000041
                                -0.000053  0.000196 -0.000255  0.000828 -0.001072  0.001286 -0.001664  0.000381 -0.000494  0.000031
                                -0.000040  0.000772 -0.000996  0.000343 -0.000444 -0.000005  0.000006  0.000002 -0.000002 -0.000001
                                 0.000001  0.000000 -0.000000 -0.000000  0.000000  0.000378 -0.000213  0.000460  0.000410 -0.000124
                                 0.000452  0.000078 -0.000006  0.000078

   4.2   2    -5.3795  -58.8141 -0.000001 -0.000000 -0.000003 -0.000004 -0.000010 -0.000017 -0.000036 -0.000069 -0.000133 -0.000445
                                -0.000248 -0.001580 -0.004947 -0.014587 -0.037842 -0.055005 -0.003664  0.097360  0.061870 -0.247835
                                 0.142176  0.317067  0.075754 -0.012444  0.007601 -0.007192  0.053415  0.139745 -0.134280 -0.544184
                                 0.467370  0.339113  0.002353  0.008565 -0.006191 -0.000622  0.000110 -0.000004  0.000005 -0.000052
                                 0.000074 -0.000319  0.000454 -0.000910  0.001289 -0.000545  0.000855  0.002173 -0.002689  0.001195
                                -0.001517 -0.000819  0.001074 -0.000464  0.000631 -0.000435  0.000553  0.000257 -0.000328 -0.000174
                                 0.000222  0.000090 -0.000115 -0.000030  0.000038  0.000027  0.000092 -0.000016  0.000076 -0.000182
                                 0.000154  0.000060 -0.000181  0.000139

   5.2   +    -6.2708  -94.9310  0.000000  0.000000  0.000000  0.000000  0.000000  0.000000  0.000000  0.000001  0.000001  0.000005
                                 0.000003  0.000017  0.000053  0.000157  0.000407  0.000592  0.000041 -0.001000 -0.000671  0.002929
                                 0.000886 -0.001173 -0.000213  0.000073 -0.000049  0.000048 -0.000564 -0.001480  0.000470  0.002725
                                 0.000081 -0.000108 -0.000016 -0.000058  0.000042  0.000004 -0.000001 -0.000729  0.000941 -0.011299
                                 0.014583 -0.071253  0.091966 -0.192198  0.248072 -0.246645  0.318347 -0.175971  0.227131 -0.031517
                                 0.040680 -0.030524  0.039396 -0.054282  0.070063  0.010501 -0.013555 -0.005595  0.007221  0.003686
                                -0.004757 -0.001888  0.002437  0.000616 -0.000795 -0.000425 -0.000760 -0.000070 -0.000506 -0.000958
                                -0.000060 -0.000204 -0.000383 -0.000026

   6.2   +    -6.2623  -94.9096  0.000000  0.000000  0.000000  0.000000  0.000000  0.000000  0.000000  0.000000  0.000000  0.000000
                                 0.000000  0.000000  0.000001  0.000004  0.000009  0.000014  0.000001 -0.000024 -0.000016  0.000062
                                -0.000041 -0.000070 -0.000016  0.000003 -0.000002  0.000001 -0.000013 -0.000034  0.000033  0.000135
                                -0.000113 -0.000076 -0.000000 -0.000002  0.000001  0.000000 -0.000000  0.000941  0.000729  0.014583
                                 0.011298  0.091961  0.071247  0.248058  0.192185  0.318402  0.246685  0.227362  0.176155  0.040848
                                 0.031649  0.039299  0.030446  0.069902  0.054158 -0.013610 -0.010545  0.007254  0.005621 -0.004780
                                -0.003703  0.002448  0.001897 -0.000799 -0.000619  0.000993 -0.000459 -0.001027  0.001175 -0.000545
                                -0.001217  0.000440 -0.000204 -0.000456

   7.2   0    -2.2790  -30.0994  0.000001  0.000000  0.000002  0.000002  0.000005  0.000009  0.000018  0.000035  0.000067  0.000223
                                 0.000127  0.000794  0.002495  0.007348  0.019105  0.027694  0.002178 -0.044201 -0.021994  0.189457
                                -0.057423 -0.126411  0.791530  0.723259 -0.061743  0.077805 -0.029574 -0.081202  0.035652  0.272656
                                -0.473466 -0.592571 -0.024946 -0.091857  0.065993  0.006561 -0.001153  0.000002 -0.000003  0.000027
                                -0.000035  0.000168 -0.000217  0.000452 -0.000583  0.000130 -0.000169 -0.001614  0.002084 -0.000695
                                 0.000884  0.000434 -0.000560  0.000287 -0.000369  0.001059 -0.001379 -0.000145  0.000186  0.000149
                                -0.000192 -0.000080  0.000104  0.000027 -0.000034  0.000071 -0.000042  0.000088 -0.000259  0.000111
                                -0.000300 -0.000285  0.000047 -0.000296

   8.2   0    -2.0084  -33.7005 -0.000000 -0.000000 -0.000000 -0.000000 -0.000000 -0.000000 -0.000000 -0.000000 -0.000000 -0.000000
                                -0.000000 -0.000000 -0.000000 -0.000000 -0.000000 -0.000000 -0.000000  0.000000  0.000000 -0.000002
                                 0.000004  0.000002  0.000006  0.000011  0.000000  0.000001  0.000000  0.000001  0.000000 -0.000003
                                -0.000003 -0.000008 -0.000000 -0.000001  0.000001  0.000000 -0.000000 -0.000326 -0.000254 -0.004728
                                -0.003688 -0.031438 -0.024520 -0.071910 -0.056087 -0.017656 -0.013771  0.103374  0.080627  0.405079
                                 0.315947 -0.042188 -0.032905 -0.109061 -0.085064  0.335543  0.261712  0.105972  0.082655 -0.035150
                                -0.027416  0.016650  0.012986 -0.005264 -0.004106 -0.000257  0.000119  0.000267 -0.000040  0.000019
                                 0.000042  0.000669 -0.000311 -0.000699

                                   1 2py     1 2py     1 2py     1 2py     1 2py     1 2py     1 2py     1 2py     1 2py     1 2py  
                                   1 2py     1 2py     1 2py     1 2py     1 2py     1 2py     1 2py     1 2py     1 2py     1 2py  
                                   1 2py     1 2py     1 2py     1 2py     1 2py     1 2py     1 2py     1 2py     1 2py     1 2py  
                                   1 2py     1 2py     1 2py     1 2py     1 2py     1 2py     1 2py     1 4f1-    1 4f3-    1 4f1- 
                                   1 4f3-    1 4f1-    1 4f3-    1 4f1-    1 4f3-    1 4f1-    1 4f3-    1 4f1-    1 4f3-    1 4f1- 
                                   1 4f3-    1 4f1-    1 4f3-    1 4f1-    1 4f3-    1 4f1-    1 4f3-    1 4f1-    1 4f3-    1 4f1- 
                                   1 4f3-    1 4f1-    1 4f3-    1 4f1-    1 4f3-    1 6h1-    1 6h3-    1 6h5-    1 6h1-    1 6h3- 
                                   1 6h5-    1 6h1-    1 6h3-    1 6h5- 

   1.3   2  -282.6267 -808.0671  0.000012  0.000002  0.000028  0.000033  0.000094  0.000159  0.000333  0.000651  0.001194  0.004144
                                 0.002034  0.014535  0.043301  0.124372  0.296569  0.418910  0.251246  0.024057 -0.015598 -0.041745
                                -0.015402 -0.006515 -0.001042  0.000521 -0.000349  0.000345  0.005469  0.017569  0.039913  0.021362
                                 0.005089  0.004031 -0.000116 -0.000417  0.000303  0.000031 -0.000005  0.000000 -0.000002  0.000006
                                -0.000015  0.000004 -0.000010 -0.000007  0.000010 -0.000008  0.000013 -0.000001  0.000002  0.000000
                                -0.000000  0.000008 -0.000013  0.000005 -0.000008 -0.000000  0.000000  0.000000 -0.000000 -0.000000
                                 0.000000  0.000000 -0.000000 -0.000000  0.000000  0.000000 -0.000000 -0.000003 -0.000000  0.000000
                                 0.000001  0.000000 -0.000000 -0.000000

   2.3   2   -66.0746 -289.0163 -0.000006 -0.000001 -0.000014 -0.000016 -0.000047 -0.000078 -0.000166 -0.000319 -0.000600 -0.002046
                                -0.001082 -0.007251 -0.022314 -0.065630 -0.166558 -0.241724 -0.050108  0.331380  0.375465 -0.027345
                                 0.009655  0.007099  0.001253 -0.000646  0.000439 -0.000438  0.130726  0.205995  0.116233 -0.007033
                                -0.005119 -0.004593  0.000148  0.000530 -0.000387 -0.000039  0.000007  0.000000 -0.000000  0.000003
                                -0.000016  0.000084 -0.000227  0.000141 -0.000378  0.000086 -0.000219  0.000011 -0.000027 -0.000004
                                 0.000008 -0.000161  0.000244 -0.000074  0.000132  0.000003 -0.000006 -0.000002  0.000003  0.000001
                                -0.000002 -0.000001  0.000001  0.000000 -0.000000 -0.000012 -0.000046 -0.000154  0.000017  0.000011
                                -0.000003 -0.000003 -0.000005 -0.000008

   3.3   2   -17.1457 -126.7087  0.000003  0.000001  0.000007  0.000008  0.000023  0.000038  0.000081  0.000154  0.000295  0.000989
                                 0.000548  0.003514  0.010972  0.032329  0.083538  0.121330  0.012125 -0.197680 -0.157808  0.444881
                                 0.112452 -0.130080 -0.019103  0.009549 -0.006423  0.006381 -0.108856 -0.265790  0.105931  0.466829
                                 0.142553  0.076915 -0.002152 -0.007719  0.005624  0.000572 -0.000101 -0.000000 -0.000003 -0.000000
                                -0.000033 -0.000063 -0.000130 -0.000053 -0.000736  0.000132 -0.001229 -0.000088 -0.000174 -0.000002
                                 0.000017  0.000452 -0.000937  0.000028 -0.000340 -0.000000 -0.000013  0.000001  0.000008 -0.000000
                                -0.000006  0.000000  0.000003 -0.000000 -0.000001 -0.000138 -0.000213 -0.000456 -0.000018 -0.000124
                                -0.000447  0.000017 -0.000007 -0.000078

   4.3   2    -5.4134  -58.9816 -0.000001 -0.000000 -0.000003 -0.000004 -0.000010 -0.000017 -0.000037 -0.000069 -0.000133 -0.000446
                                -0.000249 -0.001586 -0.004966 -0.014643 -0.037986 -0.055219 -0.003665  0.097977  0.062871 -0.248492
                                 0.152408  0.314888  0.072828 -0.011955  0.007275 -0.006874  0.053478  0.140009 -0.136286 -0.553976
                                 0.475939  0.334896  0.002247  0.008183 -0.005914 -0.000594  0.000105  0.000000  0.000006  0.000002
                                 0.000089  0.000035  0.000545  0.000086  0.001544  0.000375  0.001245  0.001858 -0.002296  0.000779
                                -0.001370 -0.000506  0.001090 -0.000080  0.000663 -0.000283  0.000508  0.000165 -0.000301 -0.000111
                                 0.000204  0.000058 -0.000105 -0.000019  0.000035  0.000122  0.000093  0.000009 -0.000201 -0.000184
                                -0.000160 -0.000199 -0.000180 -0.000135

   5.3   0    -4.8823  -90.5221  0.000000  0.000000  0.000000  0.000000  0.000000  0.000000  0.000000  0.000000  0.000001  0.000003
                                 0.000002  0.000011  0.000035  0.000104  0.000270  0.000393  0.000026 -0.000672 -0.000446  0.001991
                                 0.000591 -0.001025 -0.000269  0.000066 -0.000045  0.000044 -0.000371 -0.000975  0.000308  0.001981
                                -0.000423 -0.000583 -0.000015 -0.000054  0.000039  0.000004 -0.000001  0.000041  0.001104  0.000641
                                 0.017231  0.004021  0.108086  0.010986  0.295304  0.014991  0.403092  0.012412  0.334546  0.003361
                                 0.090580  0.001425  0.038373  0.002537  0.068601 -0.001062 -0.028641  0.000611  0.016498 -0.000410
                                -0.011073  0.000212  0.005721 -0.000069 -0.001874  0.000249 -0.000002 -0.000623  0.000313 -0.000006
                                -0.000801  0.000123 -0.000008 -0.000389

   6.3   0    -4.9796  -90.9382  0.000000  0.000000  0.000000  0.000000  0.000000  0.000000  0.000000  0.000000  0.000000  0.000000
                                 0.000000  0.000001  0.000003  0.000010  0.000025  0.000037 -0.000003 -0.000065  0.000056  0.000553
                                -0.000269 -0.000194 -0.000044  0.000004 -0.000003  0.000002 -0.000033 -0.000149 -0.000108  0.000398
                                -0.000989 -0.000497 -0.000001 -0.000003  0.000002  0.000000 -0.000000  0.001110 -0.000041  0.017305
                                -0.000642  0.108626 -0.004031  0.296620 -0.011006  0.402761 -0.014949  0.329181 -0.012248  0.085545
                                -0.003183  0.040234 -0.001496  0.071861 -0.002681 -0.027323  0.001018  0.015616 -0.000582 -0.010468
                                 0.000390  0.005406 -0.000201 -0.001770  0.000066 -0.000162  0.000104  0.000760 -0.000205  0.000134
                                 0.000965 -0.000079  0.000050  0.000410

                                   1 3d2-    1 3d2-    1 3d2-    1 3d2-    1 3d2-    1 3d2-    1 3d2-    1 3d2-    1 3d2-    1 3d2- 
                                   1 3d2-    1 3d2-    1 3d2-    1 3d2-    1 3d2-    1 3d2-    1 3d2-    1 3d2-    1 3d2-    1 3d2- 
                                   1 3d2-    1 3d2-    1 3d2-    1 3d2-    1 5g2-    1 5g4-    1 5g2-    1 5g4-    1 5g2-    1 5g4- 
                                   1 5g2-    1 5g4-    1 5g2-    1 5g4-    1 5g2-    1 5g4-    1 5g2-    1 5g4-    1 5g2-    1 5g4- 
                                   1 5g2-    1 5g4- 

   1.4   2   -51.5193 -266.8602  0.000109  0.001340  0.008428  0.038071  0.140084  0.327797  0.476034  0.407994 -0.077711  0.009555
                                 0.005483  0.000614 -0.077447 -0.236967  0.209703 -0.007800 -0.002003 -0.000504  0.000421 -0.000272
                                 0.000155 -0.000056  0.000024 -0.000007 -0.000008 -0.000935 -0.000137  0.000269  0.000015 -0.000446
                                -0.000033  0.000247  0.000019 -0.000168 -0.000012  0.000104  0.000007 -0.000060 -0.000003  0.000030
                                 0.000001 -0.000010

   2.4   2   -11.7142 -112.4250 -0.000054 -0.000664 -0.004236 -0.019157 -0.072461 -0.168178 -0.250299 -0.260850  0.963227  0.392337
                                 0.075063  0.006403  0.106056  0.593930 -0.702382  0.021543 -0.015113 -0.005414  0.004590 -0.002998
                                 0.001718 -0.000622  0.000265 -0.000075 -0.000196 -0.002330  0.000073 -0.002637 -0.000450 -0.002617
                                -0.000035 -0.000207 -0.000078 -0.000256  0.000044  0.000145 -0.000026 -0.000086  0.000013  0.000043
                                -0.000004 -0.000015

   3.4   0    -3.3531  -47.9786  0.000022  0.000272  0.001731  0.007859  0.029778  0.069401  0.098628  0.064128 -0.401746 -0.203870
                                 0.047616  0.299015 -0.038300 -0.203669  0.221420  0.246096  0.617834 -0.037563  0.037981 -0.024327
                                 0.013792 -0.004951  0.002090 -0.000592  0.000105  0.000980 -0.000139  0.000387  0.000089 -0.001363
                                 0.000232 -0.002750  0.000283 -0.001342  0.000024 -0.000349  0.000018  0.000062 -0.000010 -0.000036
                                 0.000003  0.000012

   4.4   0    -1.7806  -25.7004 -0.000012 -0.000151 -0.000956 -0.004365 -0.016451 -0.038740 -0.049489  0.011892  0.135630  0.149451
                                 0.066629  0.216646  0.009544  0.027348  0.007216 -0.260748 -0.612824  0.924463 -0.033576  0.107749
                                -0.058373  0.020550 -0.008578  0.002407 -0.000049 -0.000512  0.000082 -0.000107 -0.000107  0.001024
                                -0.000145  0.001991  0.000109  0.001281  0.000532  0.000099  0.000239 -0.000270  0.000007  0.000023
                                 0.000000 -0.000012

                                   1 2pz     1 2pz     1 2pz     1 2pz     1 2pz     1 2pz     1 2pz     1 2pz     1 2pz     1 2pz  
                                   1 2pz     1 2pz     1 2pz     1 2pz     1 2pz     1 2pz     1 2pz     1 2pz     1 2pz     1 2pz  
                                   1 2pz     1 2pz     1 2pz     1 2pz     1 2pz     1 2pz     1 2pz     1 2pz     1 2pz     1 2pz  
                                   1 2pz     1 2pz     1 2pz     1 2pz     1 2pz     1 2pz     1 2pz     1 4f0     1 4f2+    1 4f0  
                                   1 4f2+    1 4f0     1 4f2+    1 4f0     1 4f2+    1 4f0     1 4f2+    1 4f0     1 4f2+    1 4f0  
                                   1 4f2+    1 4f0     1 4f2+    1 4f0     1 4f2+    1 4f0     1 4f2+    1 4f0     1 4f2+    1 4f0  
                                   1 4f2+    1 4f0     1 4f2+    1 4f0     1 4f2+    1 6h2+    1 6h4+    1 6h0     1 6h2+    1 6h4+ 
                                   1 6h0     1 6h2+    1 6h4+    1 6h0  

   1.5   2  -282.6267 -808.0671  0.000012  0.000002  0.000028  0.000033  0.000094  0.000159  0.000333  0.000651  0.001194  0.004144
                                 0.002034  0.014535  0.043301  0.124372  0.296569  0.418910  0.251246  0.024057 -0.015598 -0.041745
                                -0.015402 -0.006515 -0.001042  0.000521 -0.000349  0.000345  0.005469  0.017569  0.039913  0.021362
                                 0.005089  0.004031 -0.000116 -0.000417  0.000303  0.000031 -0.000005  0.000001 -0.000002  0.000008
                                -0.000013  0.000006 -0.000009 -0.000003  0.000012 -0.000005  0.000015 -0.000001  0.000002  0.000000
                                -0.000001  0.000005 -0.000015  0.000003 -0.000009 -0.000000  0.000000  0.000000 -0.000000 -0.000000
                                 0.000000  0.000000 -0.000000 -0.000000  0.000000  0.000002 -0.000000 -0.000002 -0.000001  0.000000
                                 0.000001  0.000000 -0.000000 -0.000000

   2.5   2   -66.0746 -289.0163 -0.000006 -0.000001 -0.000014 -0.000016 -0.000047 -0.000078 -0.000166 -0.000319 -0.000600 -0.002046
                                -0.001082 -0.007251 -0.022314 -0.065630 -0.166558 -0.241724 -0.050108  0.331380  0.375465 -0.027345
                                 0.009656  0.007099  0.001253 -0.000646  0.000439 -0.000438  0.130726  0.205995  0.116233 -0.007034
                                -0.005119 -0.004593  0.000148  0.000530 -0.000387 -0.000039  0.000007  0.000000 -0.000000  0.000011
                                -0.000012  0.000129 -0.000205  0.000213 -0.000343  0.000121 -0.000202  0.000014 -0.000025 -0.000004
                                 0.000008 -0.000095  0.000276 -0.000060  0.000139  0.000003 -0.000006 -0.000002  0.000003  0.000001
                                -0.000002 -0.000001  0.000001  0.000000 -0.000000  0.000083 -0.000000 -0.000138  0.000017  0.000000
                                 0.000012  0.000002 -0.000000 -0.000010

   3.5   2   -17.1457 -126.7087  0.000003  0.000001  0.000007  0.000008  0.000023  0.000038  0.000081  0.000154  0.000295  0.000989
                                 0.000548  0.003514  0.010972  0.032329  0.083539  0.121330  0.012125 -0.197680 -0.157809  0.444881
                                 0.112452 -0.130080 -0.019103  0.009549 -0.006423  0.006381 -0.108856 -0.265791  0.105934  0.466827
                                 0.142553  0.076915 -0.002152 -0.007719  0.005624  0.000572 -0.000101  0.000002 -0.000002  0.000026
                                -0.000020  0.000141 -0.000030  0.000614 -0.000409  0.000890 -0.000858  0.000191 -0.000037 -0.000012
                                 0.000012  0.000465 -0.000931  0.000251 -0.000230  0.000011 -0.000008 -0.000007  0.000005  0.000005
                                -0.000003 -0.000003  0.000002  0.000001 -0.000001  0.000156  0.000000 -0.000498  0.000256  0.000000
                                -0.000387  0.000062 -0.000000 -0.000050

   4.5   2    -5.4134  -58.9816 -0.000001 -0.000000 -0.000003 -0.000004 -0.000010 -0.000017 -0.000037 -0.000069 -0.000133 -0.000446
                                -0.000249 -0.001586 -0.004966 -0.014644 -0.037986 -0.055219 -0.003665  0.097977  0.062872 -0.248494
                                 0.152412  0.314885  0.072829 -0.011955  0.007275 -0.006874  0.053478  0.140010 -0.136287 -0.553975
                                 0.475937  0.334898  0.002247  0.008184 -0.005914 -0.000594  0.000105 -0.000005  0.000004 -0.000070
                                 0.000055 -0.000439  0.000318 -0.001237  0.000910 -0.001167  0.000509  0.000709 -0.002843  0.000611
                                -0.001449 -0.000545  0.001073 -0.000462  0.000479 -0.000230  0.000532  0.000137 -0.000314 -0.000093
                                 0.000212  0.000048 -0.000110 -0.000016  0.000036  0.000103 -0.000002  0.000114 -0.000079 -0.000000
                                -0.000306 -0.000095  0.000003 -0.000285

   5.5   0    -4.9796  -90.9382 -0.000000 -0.000000 -0.000000 -0.000000 -0.000000 -0.000000 -0.000000 -0.000000 -0.000000 -0.000000
                                -0.000000 -0.000001 -0.000002 -0.000007 -0.000019 -0.000028  0.000004  0.000050 -0.000067 -0.000511
                                 0.000247  0.000148  0.000030 -0.000002  0.000001 -0.000001  0.000024  0.000127  0.000126 -0.000314
                                 0.000918  0.000440  0.000000  0.000001 -0.000001 -0.000000  0.000000  0.000647  0.000903  0.010089
                                 0.014074  0.063332  0.088346  0.172938  0.241240  0.234819  0.327568  0.191896  0.267742  0.049868
                                 0.069579  0.023455  0.032724  0.041886  0.058453 -0.015927 -0.022224  0.009103  0.012702 -0.006102
                                -0.008514  0.003151  0.004397 -0.001032 -0.001440  0.000596  0.000025 -0.000509  0.000754  0.000033
                                -0.000649  0.000316  0.000004 -0.000276

   6.5   0    -4.8823  -90.5224 -0.000000 -0.000000 -0.000000 -0.000000 -0.000000 -0.000000 -0.000000 -0.000000 -0.000001 -0.000003
                                -0.000002 -0.000011 -0.000035 -0.000104 -0.000269 -0.000391 -0.000026  0.000669  0.000444 -0.001982
                                -0.000594  0.001016  0.000266 -0.000066  0.000045 -0.000044  0.000369  0.000971 -0.000305 -0.001966
                                 0.000409  0.000571  0.000015  0.000053 -0.000039 -0.000004  0.000001  0.000898 -0.000644  0.014015
                                -0.010045  0.087913 -0.063010  0.240189 -0.172150  0.327855 -0.234988  0.272081 -0.195049  0.073667
                                -0.052810  0.031210 -0.022373  0.055787 -0.040003 -0.023292  0.016699  0.013417 -0.009619 -0.009005
                                 0.006456  0.004653 -0.003336 -0.001524  0.001092 -0.000591 -0.000021  0.000318 -0.000754 -0.000025
                                 0.000412 -0.000344  0.000001  0.000216

                                   1 3d1+    1 3d1+    1 3d1+    1 3d1+    1 3d1+    1 3d1+    1 3d1+    1 3d1+    1 3d1+    1 3d1+ 
                                   1 3d1+    1 3d1+    1 3d1+    1 3d1+    1 3d1+    1 3d1+    1 3d1+    1 3d1+    1 3d1+    1 3d1+ 
                                   1 3d1+    1 3d1+    1 3d1+    1 3d1+    1 5g1+    1 5g3+    1 5g1+    1 5g3+    1 5g1+    1 5g3+ 
                                   1 5g1+    1 5g3+    1 5g1+    1 5g3+    1 5g1+    1 5g3+    1 5g1+    1 5g3+    1 5g1+    1 5g3+ 
                                   1 5g1+    1 5g3+ 

   1.6   2   -51.5193 -266.8602  0.000109  0.001340  0.008428  0.038071  0.140084  0.327797  0.476034  0.407995 -0.077711  0.009555
                                 0.005483  0.000614 -0.077447 -0.236967  0.209703 -0.007800 -0.002003 -0.000504  0.000421 -0.000272
                                 0.000155 -0.000056  0.000024 -0.000007  0.000878 -0.000323 -0.000204  0.000223  0.000412 -0.000171
                                -0.000219  0.000118  0.000151 -0.000077 -0.000093  0.000048  0.000054 -0.000028 -0.000027  0.000014
                                 0.000009 -0.000005

   2.6   2   -11.7142 -112.4249 -0.000054 -0.000664 -0.004236 -0.019157 -0.072460 -0.168178 -0.250298 -0.260849  0.963224  0.392336
                                 0.075064  0.006403  0.106056  0.593929 -0.702378  0.021545 -0.015113 -0.005414  0.004590 -0.002998
                                 0.001718 -0.000622  0.000265 -0.000075  0.002249 -0.000641  0.002441 -0.001001  0.002606 -0.000505
                                 0.000206 -0.000041  0.000267 -0.000018 -0.000151  0.000010  0.000090 -0.000006 -0.000045  0.000003
                                 0.000015 -0.000001

   3.6   0    -3.3531  -47.9786 -0.000022 -0.000272 -0.001731 -0.007859 -0.029778 -0.069401 -0.098628 -0.064128  0.401744  0.203868
                                -0.047611 -0.299020  0.038300  0.203668 -0.221416 -0.246096 -0.617833  0.037562 -0.037981  0.024327
                                -0.013792  0.004951 -0.002090  0.000592  0.000954 -0.000247  0.000312 -0.000267 -0.001243  0.000565
                                -0.002485  0.001192 -0.001152  0.000742 -0.000317  0.000146  0.000065 -0.000005 -0.000037  0.000004
                                 0.000013 -0.000001

   4.6   0    -1.7806  -25.7004 -0.000012 -0.000151 -0.000956 -0.004365 -0.016451 -0.038740 -0.049489  0.011893  0.135628  0.149449
                                 0.066635  0.216631  0.009544  0.027346  0.007219 -0.260747 -0.612825  0.924467 -0.033570  0.107748
                                -0.058373  0.020550 -0.008578  0.002407  0.000496 -0.000135  0.000071 -0.000115 -0.000919  0.000463
                                -0.001808  0.000842 -0.001236  0.000351 -0.000285 -0.000464  0.000166 -0.000320 -0.000024  0.000001
                                 0.000011 -0.000005

                                   1 3d1-    1 3d1-    1 3d1-    1 3d1-    1 3d1-    1 3d1-    1 3d1-    1 3d1-    1 3d1-    1 3d1- 
                                   1 3d1-    1 3d1-    1 3d1-    1 3d1-    1 3d1-    1 3d1-    1 3d1-    1 3d1-    1 3d1-    1 3d1- 
                                   1 3d1-    1 3d1-    1 3d1-    1 3d1-    1 5g1-    1 5g3-    1 5g1-    1 5g3-    1 5g1-    1 5g3- 
                                   1 5g1-    1 5g3-    1 5g1-    1 5g3-    1 5g1-    1 5g3-    1 5g1-    1 5g3-    1 5g1-    1 5g3- 
                                   1 5g1-    1 5g3- 

   1.7   2   -51.5352 -266.8915  0.000109  0.001340  0.008428  0.038073  0.140089  0.327813  0.476171  0.408546 -0.078698  0.009373
                                 0.005461  0.000612 -0.077475 -0.237800  0.210643 -0.007817 -0.002000 -0.000502  0.000419 -0.000270
                                 0.000154 -0.000056  0.000024 -0.000007  0.000122 -0.000322 -0.000084  0.000222  0.000065 -0.000171
                                -0.000045  0.000118  0.000029 -0.000076 -0.000018  0.000047  0.000010 -0.000027 -0.000005  0.000014
                                 0.000002 -0.000005

   2.7   2   -11.7091 -112.4375 -0.000054 -0.000663 -0.004232 -0.019140 -0.072394 -0.168023 -0.250097 -0.260704  0.964685  0.392348
                                 0.074901  0.006407  0.105815  0.593772 -0.702631  0.020487 -0.015292 -0.005414  0.004589 -0.002998
                                 0.001717 -0.000622  0.000265 -0.000075  0.000243 -0.000642  0.000378 -0.001001  0.000191 -0.000506
                                 0.000015 -0.000039  0.000007 -0.000018 -0.000004  0.000011  0.000002 -0.000006 -0.000001  0.000003
                                 0.000000 -0.000001

   3.7   0    -3.3606  -47.9970 -0.000022 -0.000271 -0.001728 -0.007843 -0.029717 -0.069253 -0.098512 -0.064729  0.403215  0.203969
                                -0.048967 -0.297306  0.038344  0.204560 -0.223334 -0.246783 -0.618062  0.037711 -0.037912  0.024263
                                -0.013753  0.004936 -0.002084  0.000590  0.000096 -0.000253  0.000103 -0.000274 -0.000209  0.000553
                                -0.000445  0.001184 -0.000275  0.000735 -0.000054  0.000145  0.000002 -0.000005 -0.000001  0.000004
                                 0.000000 -0.000001

   4.7   0    -1.7834  -25.7303 -0.000012 -0.000151 -0.000955 -0.004364 -0.016446 -0.038723 -0.049537  0.011317  0.137359  0.149405
                                 0.064748  0.221813  0.009652  0.028405  0.005338 -0.261402 -0.612408  0.922946 -0.035646  0.107773
                                -0.058403  0.020558 -0.008581  0.002408  0.000052 -0.000138  0.000045 -0.000119 -0.000172  0.000455
                                -0.000314  0.000837 -0.000128  0.000338  0.000176 -0.000475  0.000120 -0.000321 -0.000001  0.000001
                                 0.000002 -0.000005

                                   1 4f2-    1 4f2-    1 4f2-    1 4f2-    1 4f2-    1 4f2-    1 4f2-    1 4f2-    1 4f2-    1 4f2- 
                                   1 4f2-    1 4f2-    1 4f2-    1 4f2-    1 6h4-    1 6h2-    1 6h4-    1 6h2-    1 6h4-    1 6h2- 


   1.8   0    -4.9462  -90.7945  0.001109  0.017291  0.108513  0.296360  0.403135  0.331271  0.087310  0.039623  0.070818 -0.027796
                                 0.015929 -0.010682  0.005518 -0.001807 -0.001431  0.000827 -0.001812  0.001045 -0.000784  0.000452

   2.8   0    -1.9774  -33.6762 -0.000429 -0.006283 -0.041429 -0.097202 -0.041518  0.095321  0.485262 -0.050800 -0.132421  0.455751
                                 0.143675 -0.044482  0.020872 -0.006570  0.000432 -0.000250  0.000160 -0.000092 -0.000907  0.000521

 HOMO      4.5    -5.413353 =    -147.3048eV
 LUMO      5.5    -4.979557 =    -135.5006eV
 LUMO-HOMO         0.433796 =      11.8042eV


 **********************************************************************************************************************************
 DATASETS  * FILE   NREC   LENGTH (MB)   RECORD NAMES
              1      22       22.40       500      610      700      900      950      970     1000      129      960     1700   
                                          VAR    BASINP    GEOM    SYMINP    ZMAT    AOBASIS   BASIS     P2S    ABASIS    OPER   
                                         1101     1401     1411     1412     1650     1100     1400     1410     1200     1210   
                                          SR      EKINR    POTR     PVPR    MOLCAS      S      EKIN      POT      H0       H01  
                                         1080     1600   
                                         AOSYM     SMH  

              2       5        6.41       200      700     1000      520     4202   
                                        OPTIONS   GEOM     BASIS   MCVARS     RHF  

 PROGRAMS   *        TOTAL       RHF       INT
 CPU TIMES  *       336.56     10.25    326.04
 REAL TIME  *       348.52 SEC
 DISK USED  *        11.25 GB      
 SF USED    *         0.14 MB      
 GA USED    *         0.00 MB       (max)       0.00 MB       (current)
 **********************************************************************************************************************************


 PROGRAM * POP (Mulliken population analysis)

 
 Density matrix read from record         4202.2  Type=RHF/CHARGE (state 1.1)
 
 Population analysis by basis function type

 Unique atom        s        p        d        f        g    Total    Charge
   1  GD      9.99985 23.99978 19.99993  2.00020  0.00021 56.00000  + 8.00000


 **********************************************************************************************************************************
 DATASETS  * FILE   NREC   LENGTH (MB)   RECORD NAMES
              1      22       22.40       500      610      700      900      950      970     1000      129      960     1700   
                                          VAR    BASINP    GEOM    SYMINP    ZMAT    AOBASIS   BASIS     P2S    ABASIS    OPER   
                                         1101     1401     1411     1412     1650     1100     1400     1410     1200     1210   
                                          SR      EKINR    POTR     PVPR    MOLCAS      S      EKIN      POT      H0       H01  
                                         1080     1600   
                                         AOSYM     SMH  

              2       5        6.41       200      700     1000      520     4202   
                                        OPTIONS   GEOM     BASIS   MCVARS     RHF  

 PROGRAMS   *        TOTAL       POP       RHF       INT
 CPU TIMES  *       336.56      0.00     10.25    326.04
 REAL TIME  *       348.53 SEC
 DISK USED  *        11.25 GB      
 SF USED    *         0.14 MB      
 GA USED    *         0.00 MB       (max)       0.00 MB       (current)
 **********************************************************************************************************************************


 PROGRAM * RHF-SCF (OPEN SHELL)       Authors: W. Meyer, H.-J. Werner


 NUMBER OF ELECTRONS:      29+   27-    SPACE SYMMETRY=1    SPIN SYMMETRY: Triplet 
 CONVERGENCE THRESHOLDS:    1.00E-05 (Density)    1.12E-07 (Energy)
 MAX. NUMBER OF ITERATIONS:        0
 INTERPOLATION TYPE:            DIIS
 INTERPOLATION STEPS:              2 (START)      1 (STEP)
 LEVEL SHIFTS:                 -0.60 (CLOSED) -0.30 (OPEN) 

 Number of closed-shell orbitals:   27 (   9   4   4   2   4   2   2   0 )
 Number of open-shell orbitals:      2 (   0   2   0   0   0   0   0   0 )


 Molecular orbitals read from record     4202.2  Type=RHF/CANONICAL (state 1.1)

 Molecular orbital dump at record        2123.2

 ITERATION    DDIFF          GRAD             ENERGY        2-EL.EN.            DIPOLE MOMENTS         DIIS   ORB.
    1      0.000D+00      0.000D+00    -11249.73613605   7625.073050    0.00000    0.00000    0.00000    0    start

 Final alpha occupancy:   9   6   4   2   4   2   2   0
 Final beta  occupancy:   9   4   4   2   4   2   2   0

 !RHF STATE 1.1 Energy               -11249.7361360548    
 Nuclear energy                         0.00000000
 One-electron energy               -15062.27266089
 Two-electron energy                 3812.53652484
 Virial quotient                       -0.78301010
 !RHF STATE 1.1 Dipole moment           0.00000000     0.00000000     0.00000000
 Dipole moment /Debye                   0.00000000     0.00000000     0.00000000

 Orbital energies:

         1.1          2.1          3.1          4.1          5.1          6.1          7.1          8.1          9.1         10.1
  -1861.385937  -316.696182   -76.875140   -51.510973   -51.543469   -20.882479   -11.705305   -11.738974    -6.664562    -3.349221

        11.1
     -3.363683

         1.2          2.2          3.2          4.2          5.2          6.2          7.2          8.2
   -282.614686   -66.021991   -17.082051    -5.379487    -6.270769    -6.262296    -2.279013    -2.008438

         1.3          2.3          3.3          4.3          5.3          6.3
   -282.626652   -66.074603   -17.145663    -5.413374    -4.882318    -4.979556

         1.4          2.4          3.4          4.4
    -51.519266   -11.714157    -3.353094    -1.780615

         1.5          2.5          3.5          4.5          5.5          6.5
   -282.626651   -66.074620   -17.145661    -5.413353    -4.979557    -4.882313

         1.6          2.6          3.6          4.6
    -51.519279   -11.714152    -3.353067    -1.780607

         1.7          2.7          3.7          4.7
    -51.535246   -11.709052    -3.360638    -1.783414

         1.8          2.8
     -4.946249    -1.977351

 HOMO      4.5    -5.413353 =    -147.3048eV
 LUMO      5.5    -4.979557 =    -135.5006eV
 LUMO-HOMO         0.433796 =      11.8042eV


 **********************************************************************************************************************************
 DATASETS  * FILE   NREC   LENGTH (MB)   RECORD NAMES
              1      22       22.40       500      610      700      900      950      970     1000      129      960     1700   
                                          VAR    BASINP    GEOM    SYMINP    ZMAT    AOBASIS   BASIS     P2S    ABASIS    OPER   
                                         1101     1401     1411     1412     1650     1100     1400     1410     1200     1210   
                                          SR      EKINR    POTR     PVPR    MOLCAS      S      EKIN      POT      H0       H01  
                                         1080     1600   
                                         AOSYM     SMH  

              2       6       10.32       200      700     1000      520     4202     2123   
                                        OPTIONS   GEOM     BASIS   MCVARS     RHF      RHF  

 PROGRAMS   *        TOTAL       RHF       POP       RHF       INT
 CPU TIMES  *       337.00      0.43      0.00     10.25    326.04
 REAL TIME  *       349.05 SEC
 DISK USED  *        11.25 GB      
 SF USED    *         0.14 MB      
 GA USED    *         0.00 MB       (max)       0.00 MB       (current)
 **********************************************************************************************************************************
 SETTING SCF(12)        =    -11249.73613605  AU                              
 SETTING _CC_NORM_MAX   =         2.00000000                                  


 PROGRAM * CCSD (Restricted open-shell coupled cluster)     Authors: C. Hampel, H.-J. Werner, 1991, M. Deegan, P.J. Knowles, 1992


 Convergence thresholds:  THRVAR = 1.00D-08  THRDEN = 1.12D-06

 CCSD(T)     terms to be evaluated (factor= 1.000)


 Number of closed-shell orbitals:  27 (   9   4   4   2   4   2   2   0 )
 Number of active  orbitals:        2 (   0   2   0   0   0   0   0   0 )
 Number of external orbitals:     452 ( 104  68  70  40  70  40  40  20 )

 Memory could be reduced to 541.89 Mwords without degradation in triples

 Number of N-1 electron functions:              56
 Number of N-2 electron functions:            1540
 Number of singly external CSFs:              4172
 Number of doubly external CSFs:          30772117
 Total number of CSFs:                    30776289

 Molecular orbitals read from record     2123.2  Type=RHF/CANONICAL (state 1.1)

 Integral transformation finished. Total CPU:  12.33 sec, npass=  1  Memory used: 119.93 MW

 Starting RMP2 calculation

 Wavefunction is spin-projected

 ITER.      SQ.NORM     CORR.ENERGY   TOTAL ENERGY   ENERGY CHANGE        DEN1      VAR(S)    VAR(P)  DIIS     TIME
   1      1.10746919    -2.96554536-11252.70168142    -2.96554536    -0.00297277  0.12D-05  0.86D-03  1  1    15.33
   2      1.10979528    -2.96871013-11252.70484618    -0.00316476    -0.00007494  0.19D-07  0.47D-04  2  2    17.90
   3      1.11045457    -2.96910296-11252.70523901    -0.00039283    -0.00000096  0.89D-09  0.51D-06  3  3    20.47
   4      1.11051305    -2.96911926-11252.70525532    -0.00001630    -0.00000000  0.78D-10  0.17D-08  4  4    23.42
   5      1.11051359    -2.96911933-11252.70525539    -0.00000007    -0.00000000  0.11D-10  0.72D-10  5  5    26.67

 Norm of t1 vector:      0.01801328      S-energy:    -0.00591928      T1 diagnostic:  0.00004280
 Norm of t2 vector:      0.33194745      P-energy:    -2.96320005
                                         Alpha-Beta:  -1.94656036
                                         Alpha-Alpha: -0.52765629
                                         Beta-Beta:   -0.48898340

 Spin contamination <S**2-Sz**2-Sz>     0.00000000
  Reference energy                   -11249.7361360548    
  RHF-RMP2 correlation energy          -2.969119331612
 !RHF-RMP2 energy                    -11252.7052553864    
 (NB above energy spin projected)

 Starting RCCSD calculation

 ITER.      SQ.NORM     CORR.ENERGY   TOTAL ENERGY   ENERGY CHANGE        DEN1      VAR(S)    VAR(P)  DIIS     TIME
   1      1.10010655    -2.81301134-11252.54914740    -2.81301134    -0.03186316  0.28D-03  0.47D-02  0  0    73.64
   2      1.12026242    -2.84369378-11252.57982984    -0.03068244    -0.00539032  0.51D-05  0.30D-02  1  1   118.14
   3      1.13892925    -2.84683676-11252.58297282    -0.00314298    -0.00402695  0.29D-05  0.25D-02  2  2   162.19
   4      1.23736730    -2.86385980-11252.59999586    -0.01702304    -0.00245546  0.26D-05  0.15D-02  3  3   206.49
   5      1.50191735    -2.88663583-11252.62277189    -0.02277603    -0.00097824  0.52D-05  0.61D-03  4  4   251.24
   6      1.54534764    -2.88874267-11252.62487873    -0.00210684    -0.00068401  0.67D-05  0.43D-03  5  5   296.33
   7      1.62535192    -2.89224260-11252.62837865    -0.00349993    -0.00060575  0.14D-04  0.38D-03  6  6   341.66
   8      1.77029085    -2.89795321-11252.63408926    -0.00571061    -0.00047354  0.39D-04  0.27D-03  7  7   387.72
   9      1.74992306    -2.89676159-11252.63289764     0.00119162    -0.00045510  0.52D-04  0.26D-03  8  8   433.51
  10      1.81432486    -2.89844206-11252.63457811    -0.00168047    -0.00031136  0.81D-05  0.19D-03  9  9   480.45
  11      1.92971246    -2.90234046-11252.63847651    -0.00389840    -0.00031870  0.11D-04  0.20D-03 10 10   527.45
  12      1.97553638    -2.90351085-11252.63964691    -0.00117040    -0.00028796  0.16D-04  0.17D-03 11 11   573.69
  13      1.98028167    -2.90358400-11252.63972005    -0.00007314    -0.00028440  0.19D-04  0.17D-03 12 12   620.46
  14      2.04200433    -2.90506294-11252.64119899    -0.00147894    -0.00022867  0.10D-04  0.14D-03 13 13   669.08
  15      2.13951046    -2.90712433-11252.64326039    -0.00206139    -0.00020604  0.77D-05  0.13D-03 14 14   717.71
  16      2.27381049    -2.90983349-11252.64596955    -0.00270916    -0.00017747  0.16D-04  0.10D-03 15 15   766.29
  17      2.31754437    -2.91072535-11252.64686141    -0.00089186    -0.00016967  0.20D-04  0.94D-04 15  1   835.31
  18      2.32314790    -2.91078044-11252.64691650    -0.00005509    -0.00016751  0.22D-04  0.91D-04 15  2   888.83
  19      2.33582641    -2.91115284-11252.64728890    -0.00037240    -0.00016153  0.13D-04  0.93D-04 15  3   939.69
  20      2.49295964    -2.91428738-11252.65042344    -0.00313454    -0.00014786  0.99D-05  0.87D-04 15  4  1007.36
  21      2.53343917    -2.91480985-11252.65094591    -0.00052247    -0.00014205  0.95D-05  0.84D-04 15  5  1061.91
  22      2.54949973    -2.91503774-11252.65117380    -0.00022789    -0.00014051  0.97D-05  0.83D-04 15  7  1109.72
  23      2.55796914    -2.91516877-11252.65130483    -0.00013103    -0.00013972  0.10D-04  0.82D-04 15  8  1163.77
  24      2.55905034    -2.91518358-11252.65131963    -0.00001480    -0.00013963  0.10D-04  0.82D-04 15  9  1225.20
  25      2.56966730    -2.91537793-11252.65151399    -0.00019436    -0.00013762  0.98D-05  0.81D-04 15  6  1273.02
  26      2.59682692    -2.91582353-11252.65195958    -0.00044560    -0.00013346  0.99D-05  0.78D-04 15  7  1324.35
  27      2.63128794    -2.91644342-11252.65257947    -0.00061989    -0.00012965  0.11D-04  0.74D-04 15 14  1393.08
  28      2.66667536    -2.91714349-11252.65327955    -0.00070008    -0.00012794  0.13D-04  0.72D-04 15 10  1444.68
  29      2.69120850    -2.91746694-11252.65360299    -0.00032344    -0.00012729  0.15D-04  0.71D-04 15  1  1492.08
  30      2.66348838    -2.91720784-11252.65334390     0.00025910    -0.00012689  0.13D-04  0.72D-04 15  5  1555.30
  31      2.66585604    -2.91729365-11252.65342970    -0.00008581    -0.00012698  0.12D-04  0.72D-04 15 11  1603.39
  32      2.66606609    -2.91731879-11252.65345485    -0.00002514    -0.00012697  0.12D-04  0.72D-04 15 15  1656.93
  33      2.66724884    -2.91733130-11252.65346736    -0.00001251    -0.00012648  0.12D-04  0.71D-04 15 10  1712.16
  34      2.67674818    -2.91742245-11252.65355851    -0.00009115    -0.00012558  0.13D-04  0.70D-04 15  2  1769.87
  35      2.68148038    -2.91746159-11252.65359764    -0.00003914    -0.00012544  0.14D-04  0.70D-04 15  4  1820.24
  36      2.67385809    -2.91729934-11252.65343539     0.00016225    -0.00012551  0.14D-04  0.70D-04 15  3  1868.46
  37      2.67691092    -2.91739124-11252.65352729    -0.00009190    -0.00012525  0.13D-04  0.70D-04 15  4  1915.58
  38      2.69849769    -2.91764798-11252.65378404    -0.00025674    -0.00012452  0.13D-04  0.70D-04 15  7  1964.49
  39      2.70684489    -2.91776745-11252.65390350    -0.00011947    -0.00012449  0.13D-04  0.69D-04 15 14  2035.87
  40      2.70285828    -2.91774436-11252.65388041     0.00002309    -0.00012469  0.14D-04  0.69D-04 15  1  2088.21
  41      2.69289489    -2.91764188-11252.65377793     0.00010248    -0.00012514  0.14D-04  0.70D-04 15 13  2146.89
  42      2.67270237    -2.91730274-11252.65343880     0.00033913    -0.00012549  0.13D-04  0.70D-04 15 12  2196.94
  43      2.66662434    -2.91721759-11252.65335365     0.00008515    -0.00012573  0.13D-04  0.71D-04 15  7  2251.12
  44      2.66656469    -2.91720160-11252.65333765     0.00001600    -0.00012567  0.13D-04  0.70D-04 15 13  2298.75
  45      2.66252619    -2.91713112-11252.65326717     0.00007048    -0.00012570  0.13D-04  0.70D-04 15  7  2365.07
  46      2.66093426    -2.91709665-11252.65323270     0.00003447    -0.00012568  0.13D-04  0.70D-04 15 12  2416.56
  47      2.65961485    -2.91707361-11252.65320967     0.00002304    -0.00012567  0.13D-04  0.71D-04 15  7  2466.92
  48      2.66014787    -2.91707629-11252.65321234    -0.00000268    -0.00012565  0.13D-04  0.70D-04 15 12  2531.01
  49      2.66031418    -2.91707799-11252.65321404    -0.00000170    -0.00012564  0.13D-04  0.70D-04 15  7  2578.81
  50      2.66042117    -2.91707960-11252.65321565    -0.00000161    -0.00012564  0.13D-04  0.70D-04 15 12  2632.95
  51      2.65842428    -2.91707433-11252.65321039     0.00000526    -0.00012564  0.13D-04  0.71D-04 15 13  2697.53
  52      2.65407142    -2.91701535-11252.65315141     0.00005898    -0.00012549  0.13D-04  0.71D-04 15  8  2746.42
  53      2.65023361    -2.91694388-11252.65307993     0.00007147    -0.00012513  0.12D-04  0.71D-04 15  9  2797.03
  54      2.63564610    -2.91668561-11252.65282166     0.00025827    -0.00012518  0.12D-04  0.71D-04 15  6  2852.90
  55      2.63645927    -2.91669978-11252.65283584    -0.00001417    -0.00012518  0.12D-04  0.71D-04 15  9  2909.98
  56      2.64693709    -2.91686967-11252.65300572    -0.00016988    -0.00012462  0.12D-04  0.71D-04 15 11  2974.77
  57      2.66216948    -2.91699534-11252.65313139    -0.00012567    -0.00012445  0.13D-04  0.70D-04 15  5  3022.60
  58      2.66902342    -2.91708323-11252.65321928    -0.00008789    -0.00012424  0.13D-04  0.70D-04 15 14  3090.73
  59      2.67277154    -2.91713527-11252.65327133    -0.00005204    -0.00012415  0.13D-04  0.70D-04 15  1  3138.99
  60      2.67209101    -2.91712703-11252.65326308     0.00000824    -0.00012418  0.13D-04  0.70D-04 15 14  3188.05
  61      2.67374936    -2.91714968-11252.65328573    -0.00002265    -0.00012410  0.13D-04  0.70D-04 15  1  3237.91
