
 Primary working directories    : /global/cscratch1/sd/haihan
 Secondary working directories  : /global/cscratch1/sd/haihan
 Wavefunction directory         : /global/homes/h/haihan/Research/ECP/f_group_element_ecps/Gd/Molpro/atom/AE/nr_basis/wfu/
 Main file repository           : /global/cscratch1/sd/haihan/

 SHA1      : 19cd028119e0e09f93f0674bd8af7968d9b3eff6
 NAME      : 2015.1.36
 ARCHNAME  : linux/x86_64
 FC        : /opt/cray/pe/craype/2.5.14/bin/ftn
 BLASLIB   : -L/opt/intel/compilers_and_libraries_2018.1.163/linux/mkl/lib/intel64 -Wl,-_start-group -lmkl_intel_ilp64 -lmkl_intel_thread -lmkl_core -Wl,-_end-group -liomp5
 id        : lbl

 Nodes     nprocs
 nid12763     5
 Number of processes for MPI-2 version of Molpro:   nprocs(total)=    6   nprocs(compute)=    5   nprocs(helper)=    1

 Using customized tuning parameters: mindgm=7; mindgv=16; mindgc=1; mindgr=1; noblas=0; minvec=7
 default implementation of scratch files=sf  

 ***,Calculation for Gd atom, singlet and triplet
 memory,2,g
 
 gthresh,twoint=1.e-15
 gthresh,oneint=1.e-15
 
 
 geometry={
 1
 Gd
 Gd  0.0 0.0 0.0
 }
 
 basis={
 Including file /global/u2/h/haihan/Research/ECP/f_group_element_ecps/Gd/Molpro/atom/AE/nr_basis/15/../aug-cc-pwCVTZ.basis
 }
 
 
 
 Including file /global/u2/h/haihan/Research/ECP/f_group_element_ecps/Gd/Molpro/atom/AE/nr_basis/15/../Gd_states_ae.proc
 
 
 do i=15,15
     if (i.eq.1) then
         Id1f7s2
     else if (i.eq.2) then
         Id2f7s1
     else if (i.eq.3) then
         EAd2f7s2
     else if (i.eq.4) then
         IId1f7s1
     else if (i.eq.5) then
         IIdf7s2
     else if (i.eq.6) then
         IIId1f7
     else if (i.eq.7) then
         IVdf7
     else if (i.eq.8) then
         Vdf6
     else if (i.eq.9) then
         VIdf5
     else if (i.eq.10) then
         VIIdf4
     else if (i.eq.11) then
         VIIIdf3
     else if (i.eq.12) then
         IXdf2
     else if (i.eq.13) then
         Xdf1
     else if (i.eq.14) then
         XIdf
     else if (i.eq.15) then
         XIIp4
     else if (i.eq.16) then
         XIIIp3
     endif
     scf(i)=energy
                                                                                 !_CC_NORM_MAX=2.0
                                                                                 !{rccsd(t),maxit=100;core}
                                                                                 !ccsd(i)=energy
 enddo
 
 table,scf,                                                                      !ccsd
 type,csv
 save

 Variables initialized (889), CPU time= 0.00 sec
 Commands  initialized (702), CPU time= 0.00 sec, 572 directives.
 Default parameters read. Elapsed time= 0.24 sec

 Checking input...
 Passed
1


                                         ***  PROGRAM SYSTEM MOLPRO  ***
                                       Copyright, TTI GmbH Stuttgart, 2015
                                    Version 2015.1 linked Dec 29 2018 15:55:43


 **********************************************************************************************************************************
 LABEL *   Calculation for Gd atom, singlet and triplet                                  
  64 bit mpp version                                                                     DATE: 03-Nov-22          TIME: 21:56:00  
 **********************************************************************************************************************************

 SHA1:             19cd028119e0e09f93f0674bd8af7968d9b3eff6
 **********************************************************************************************************************************

 THRESHOLDS:

 ZERO    =  1.00D-12  ONEINT  =  1.00D-12  TWOINT  =  1.00D-15  PREFAC  =  1.00D-14  LOCALI  =  1.00D-09  EORDER  =  1.00D-04
 ENERGY  =  0.00D+00  ETEST   =  0.00D+00  EDENS   =  0.00D+00  THRDEDEF=  1.00D-06  GRADIENT=  1.00D-02  STEP    =  1.00D-03
 ORBITAL =  1.00D-05  CIVEC   =  1.00D-05  COEFF   =  1.00D-04  PRINTCI =  5.00D-02  PUNCHCI =  9.90D+01  OPTGRAD =  3.00D-04
 OPTENERG=  1.00D-06  OPTSTEP =  3.00D-04  THRGRAD =  1.00D-10  COMPRESS=  1.00D-11  VARMIN  =  1.00D-07  VARMAX  =  1.00D-03
 THRDOUB =  0.00D+00  THRDIV  =  1.00D-05  THRRED  =  1.00D-07  THRPSP  =  1.00D+00  THRDC   =  1.00D-10  THRCS   =  1.00D-10
 THRNRM  =  1.00D-08  THREQ   =  0.00D+00  THRDE   =  1.00D+00  THRREF  =  1.00D-05  SPARFAC =  1.00D+00  THRDLP  =  1.00D-07
 THRDIA  =  1.00D-10  THRDLS  =  1.00D-07  THRGPS  =  0.00D+00  THRKEX  =  0.00D+00  THRDIS  =  2.00D-01  THRVAR  =  1.00D-10
 THRLOC  =  1.00D-06  THRGAP  =  1.00D-06  THRLOCT = -1.00D+00  THRGAPT = -1.00D+00  THRORB  =  1.00D-06  THRMLTP =  0.00D+00
 THRCPQCI=  1.00D-10  KEXTA   =  0.00D+00  THRCOARS=  0.00D+00  SYMTOL  =  1.00D-06  GRADTOL =  1.00D-06  THROVL  =  1.00D-08
 THRORTH =  1.00D-08  GRID    =  1.00D-06  GRIDMAX =  1.00D-03  DTMAX   =  0.00D+00  THROCCDE=  1.00D-01  THROCCDE=  1.00D-01



 THRESHOLDS:

 ZERO    =  1.00D-12  ONEINT  =  1.00D-15  TWOINT  =  1.00D-15  PREFAC  =  1.00D-14  LOCALI  =  1.00D-09  EORDER  =  1.00D-04
 ENERGY  =  0.00D+00  ETEST   =  0.00D+00  EDENS   =  0.00D+00  THRDEDEF=  1.00D-06  GRADIENT=  1.00D-02  STEP    =  1.00D-03
 ORBITAL =  1.00D-05  CIVEC   =  1.00D-05  COEFF   =  1.00D-04  PRINTCI =  5.00D-02  PUNCHCI =  9.90D+01  OPTGRAD =  3.00D-04
 OPTENERG=  1.00D-06  OPTSTEP =  3.00D-04  THRGRAD =  1.00D-10  COMPRESS=  1.00D-11  VARMIN  =  1.00D-07  VARMAX  =  1.00D-03
 THRDOUB =  0.00D+00  THRDIV  =  1.00D-05  THRRED  =  1.00D-07  THRPSP  =  1.00D+00  THRDC   =  1.00D-10  THRCS   =  1.00D-10
 THRNRM  =  1.00D-08  THREQ   =  0.00D+00  THRDE   =  1.00D+00  THRREF  =  1.00D-05  SPARFAC =  1.00D+00  THRDLP  =  1.00D-07
 THRDIA  =  1.00D-10  THRDLS  =  1.00D-07  THRGPS  =  0.00D+00  THRKEX  =  0.00D+00  THRDIS  =  2.00D-01  THRVAR  =  1.00D-10
 THRLOC  =  1.00D-06  THRGAP  =  1.00D-06  THRLOCT = -1.00D+00  THRGAPT = -1.00D+00  THRORB  =  1.00D-06  THRMLTP =  0.00D+00
 THRCPQCI=  1.00D-10  KEXTA   =  0.00D+00  THRCOARS=  0.00D+00  SYMTOL  =  1.00D-06  GRADTOL =  1.00D-06  THROVL  =  1.00D-08
 THRORTH =  1.00D-08  GRID    =  1.00D-06  GRIDMAX =  1.00D-03  DTMAX   =  0.00D+00  THROCCDE=  1.00D-01  THROCCDE=  1.00D-01



Geometry recognized as XYZ


 Variable memory set to 2000000000 words,  buffer space   230000 words

 SETTING BASIS          =    USERDEF

 DO I                   =        15.00000000   

 Running procedure=XIIP4


 Recomputing integrals since basis changed


 Using spherical harmonics



 PROGRAM * SEWARD (Integral evaluation for generally contracted gaussian basis sets)     Author: Roland Lindh, 1990

 Geometry written to block  1 of record 700

 Orientation using atomic masses  
 Molecule type: Atom
 Symmetry elements: X,Y,Z
 Rotational constants:       0.0000000      0.0000000      0.0000000 GHz  (calculated with average atomic masses)

 Point group  D2h 



 ATOMIC COORDINATES

 NR  ATOM    CHARGE       X              Y              Z

   1  GD     64.00    0.000000000    0.000000000    0.000000000

 NUCLEAR CHARGE:                   64
 NUMBER OF PRIMITIVE AOS:         414
 NUMBER OF SYMMETRY AOS:          325
 NUMBER OF CONTRACTIONS:          325   (  76Ag  +  54B3u +  54B2u +  24B1g +  54B1u +  24B2g +  24B3g +  15Au  )
 NUMBER OF CORE ORBITALS:          23   (   8Ag  +   3B3u +   3B2u +   2B1g +   3B1u +   2B2g +   2B3g +   0Au  )
 NUMBER OF VALENCE ORBITALS:       17   (   4Ag  +   3B3u +   3B2u +   1B1g +   3B1u +   1B2g +   1B3g +   1Au  )


 NUCLEAR REPULSION ENERGY    0.00000000

 EXTRA SYMMETRY OF AOS IN SYMMETRY 1:   1 1 1 1 1 1 1 1 1 1   1 1 1 1 1 1 1 1 1 1   1 1 1 1 1 1 1 1 1 1   1 1 2 3 2 3 2 3 2 3
                                        2 3 2 3 2 3 2 3 2 3   2 3 2 3 2 3 2 3 2 3   2 3 2 3 4 5 6 4 5 6   4 5 6 4 5 6
 EXTRA SYMMETRY OF AOS IN SYMMETRY 2:   1 1 1 1 1 1 1 1 1 1   1 1 1 1 1 1 1 1 1 1   1 1 1 1 1 2 3 2 3 2   3 2 3 2 3 2 3 2 3 2
                                        3 2 3 2 3 2 3 2 3 2   3 4 5 6
 EXTRA SYMMETRY OF AOS IN SYMMETRY 3:   1 1 1 1 1 1 1 1 1 1   1 1 1 1 1 1 1 1 1 1   1 1 1 1 1 2 3 2 3 2   3 2 3 2 3 2 3 2 3 2
                                        3 2 3 2 3 2 3 2 3 2   3 4 5 6
 EXTRA SYMMETRY OF AOS IN SYMMETRY 4:   1 1 1 1 1 1 1 1 1 1   1 1 1 1 1 1 2 3 2 3   2 3 2 3
 EXTRA SYMMETRY OF AOS IN SYMMETRY 5:   1 1 1 1 1 1 1 1 1 1   1 1 1 1 1 1 1 1 1 1   1 1 1 1 1 2 3 2 3 2   3 2 3 2 3 2 3 2 3 2
                                        3 2 3 2 3 2 3 2 3 2   3 4 5 6
 EXTRA SYMMETRY OF AOS IN SYMMETRY 6:   1 1 1 1 1 1 1 1 1 1   1 1 1 1 1 1 2 3 2 3   2 3 2 3
 EXTRA SYMMETRY OF AOS IN SYMMETRY 7:   1 1 1 1 1 1 1 1 1 1   1 1 1 1 1 1 2 3 2 3   2 3 2 3
 EXTRA SYMMETRY OF AOS IN SYMMETRY 8:   1 1 1 1 1 1 1 1 1 1   1 1 1 2 3

 Eigenvalues of metric

         1 0.174E-07 0.170E-05 0.261E-04 0.729E-04 0.180E-03 0.394E-03 0.729E-03 0.126E-02
         2 0.126E-04 0.938E-04 0.938E-04 0.388E-03 0.125E-02 0.125E-02 0.137E-02 0.320E-02
         3 0.126E-04 0.938E-04 0.938E-04 0.388E-03 0.125E-02 0.125E-02 0.137E-02 0.320E-02
         4 0.184E-02 0.680E-02 0.180E-01 0.396E-01 0.757E-01 0.134E+00 0.224E+00 0.352E+00
         5 0.126E-04 0.938E-04 0.938E-04 0.388E-03 0.125E-02 0.125E-02 0.137E-02 0.320E-02
         6 0.184E-02 0.680E-02 0.180E-01 0.396E-01 0.757E-01 0.134E+00 0.224E+00 0.352E+00
         7 0.184E-02 0.680E-02 0.180E-01 0.396E-01 0.757E-01 0.134E+00 0.224E+00 0.352E+00
         8 0.938E-04 0.125E-02 0.170E-01 0.623E-01 0.116E+00 0.257E+00 0.404E+00 0.708E+00


 Contracted 2-electron integrals neglected if value below      1.0D-15
 AO integral compression algorithm  1   Integral accuracy      1.0D-15

     1349.255 MB (compressed) written to integral file ( 50.7%)

     Node minimum: 224.657 MB, node maximum: 339.739 MB


 NUMBER OF SORTED TWO-ELECTRON INTEGRALS:   36275361.     BUFFER LENGTH:  32768
 NUMBER OF SEGMENTS:   2  SEGMENT LENGTH:   31997589      RECORD LENGTH: 524288

 Memory used in sort:      32.55 MW

 SORT1 READ   332410225. AND WROTE    22817081. INTEGRALS IN     66 RECORDS. CPU TIME:     6.53 SEC, REAL TIME:     6.90 SEC
 SORT2 READ   113207958. AND WROTE   181127203. INTEGRALS IN   4540 RECORDS. CPU TIME:     0.84 SEC, REAL TIME:     1.19 SEC

 Node minimum:    36211389.  Node maximum:    36275361. integrals

 OPERATOR DM      FOR CENTER  0  COORDINATES:    0.000000    0.000000    0.000000


 **********************************************************************************************************************************
 DATASETS  * FILE   NREC   LENGTH (MB)   RECORD NAMES
              1      18       20.60       500      610      700      900      950      970     1000      129      960     1100   
                                          VAR    BASINP    GEOM    SYMINP    ZMAT    AOBASIS   BASIS     P2S    ABASIS      S 
                                         1400     1410     1200     1210     1080     1600     1650     1700   
                                           T        V       H0       H01     AOSYM     SMH    MOLCAS    OPER   

 PROGRAMS   *        TOTAL       INT
 CPU TIMES  *        52.81     52.54
 REAL TIME  *        55.93 SEC
 DISK USED  *         2.70 GB      
 GA USED    *         0.00 MB       (max)       0.00 MB       (current)
 **********************************************************************************************************************************


 PROGRAM * RHF-SCF (OPEN SHELL)       Authors: W. Meyer, H.-J. Werner


 NUMBER OF ELECTRONS:      27+   25-    SPACE SYMMETRY=7    SPIN SYMMETRY: Triplet 
 CONVERGENCE THRESHOLDS:    1.00E-05 (Density)    1.28E-07 (Energy)
 MAX. NUMBER OF ITERATIONS:       60
 INTERPOLATION TYPE:            DIIS
 INTERPOLATION STEPS:              2 (START)      1 (STEP)
 LEVEL SHIFTS:                 -0.60 (CLOSED) -0.30 (OPEN) 

 Number of closed-shell orbitals:   25 (   9   4   3   2   3   2   2   0 )
 Number of open-shell orbitals:      2 (   0   0   1   0   1   0   0   0 )


 
 Extra symmetries of mos in symmetry 1:   1   1   1   3   2   1   3   2   1   3   2
 Extra symmetries of mos in symmetry 2:   1   1   1   1
 Extra symmetries of mos in symmetry 3:   1   1   1   1
 Extra symmetries of mos in symmetry 5:   1   1   1   1
 Orbital guess generated from atomic densities. Full valence occupancy:   12   6   6   3   6   3   3   1


 Molecular orbital dump at record        4202.2

 ITERATION    DDIFF          GRAD             ENERGY        2-EL.EN.            DIPOLE MOMENTS         DIIS   ORB.
    1      0.000D+00      0.000D+00    -10767.75555770   6735.748770    0.00000    0.00000    0.00000    0    start
    2      0.000D+00      0.211D+00    -10773.47421509   7049.061103    0.00000    0.00000    0.00000    1    diag,B
    3      0.141D+00      0.653D-01    -10773.76955004   6996.393528    0.00000    0.00000    0.00000    2    diag,B
    4      0.888D-01      0.488D-02    -10774.08640952   7010.292048    0.00000    0.00000    0.00000    3    diag,B
    5      0.325D-01      0.135D-01    -10773.81800124   6999.196779    0.00000    0.00000    0.00000    4    diag,B
    6      0.750D-02      0.544D-02    -10773.90178970   7002.147797    0.00000    0.00000    0.00000    5    diag,B
    7      0.804D-02      0.857D-02    -10773.78083695   6997.243495    0.00000    0.00000    0.00000    6    fixocc
    8      0.398D-02      0.242D-02    -10773.77265984   6997.074866    0.00000    0.00000    0.00000    7    diag,B
    9      0.949D-03      0.136D-02    -10773.77275933   6997.293494    0.00000    0.00000    0.00000    8    diag,B
   10      0.379D-03      0.127D-02    -10773.77317828   6998.355977    0.00000    0.00000    0.00000    9    orth
   11      0.162D-02      0.755D-03    -10773.77216616   6998.809539    0.00000    0.00000    0.00000    9    diag,B
   12      0.693D-03      0.441D-03    -10773.77217152   6998.782585    0.00000    0.00000    0.00000    9    diag,B
   13      0.292D-04      0.436D-03    -10773.77217573   6998.686692    0.00000    0.00000    0.00000    9    diag,B
   14      0.156D-03      0.418D-03    -10773.77216301   6998.663796    0.00000    0.00000    0.00000    9    diag,B
   15      0.505D-04      0.410D-03    -10773.77216561   6998.681095    0.00000    0.00000    0.00000    9    diag,B
   16      0.413D-04      0.413D-03    -10773.77216217   6998.681479    0.00000    0.00000    0.00000    9    diag,B
   17      0.219D-04      0.411D-03    -10773.77216494   6998.682267    0.00000    0.00000    0.00000    9    diag,B
   18      0.254D-04      0.413D-03    -10773.77228401   6998.650225    0.00000    0.00000    0.00000    9    diag,B
   19      0.106D-03      0.481D-03    -10773.77216559   6998.680895    0.00000    0.00000    0.00000    9    diag,B
   20      0.967D-04      0.413D-03    -10773.77215989   6998.680863    0.00000    0.00000    0.00000    9    orth
   21      0.172D-04      0.410D-03    -10773.77216300   6998.676979    0.00000    0.00000    0.00000    9    diag,B
   22      0.202D-04      0.411D-03    -10773.77215922   6998.678018    0.00000    0.00000    0.00000    9    diag,B
   23      0.141D-04      0.410D-03    -10773.77216036   6998.680130    0.00000    0.00000    0.00000    9    diag,B
   24      0.198D-04      0.410D-03    -10773.77216129   6998.679597    0.00000    0.00000    0.00000    9    diag,B
   25      0.557D-05      0.411D-03    -10773.77216393   6998.681434    0.00000    0.00000    0.00000    9    diag,B
   26      0.186D-04      0.413D-03    -10773.77217414   6998.678652    0.00000    0.00000    0.00000    9    diag,B
   27      0.310D-04      0.416D-03    -10773.77217506   6998.681129    0.00000    0.00000    0.00000    9    diag,B
   28      0.504D-04      0.419D-03    -10773.77216314   6998.681539    0.00000    0.00000    0.00000    9    diag,B
   29      0.372D-04      0.412D-03    -10773.77218786   6998.678797    0.00000    0.00000    0.00000    9    diag,B
   30      0.390D-04      0.423D-03    -10773.77217488   6998.681364    0.00000    0.00000    0.00000    9    orth
   31      0.593D-04      0.419D-03    -10773.77216214   6998.681413    0.00000    0.00000    0.00000    9    diag,B
   32      0.344D-04      0.411D-03    -10773.77219270   6998.679268    0.00000    0.00000    0.00000    9    diag,B
   33      0.423D-04      0.427D-03    -10773.77217210   6998.681417    0.00000    0.00000    0.00000    9    diag,B
   34      0.601D-04      0.417D-03    -10773.77216142   6998.681293    0.00000    0.00000    0.00000    9    diag,B
   35      0.296D-04      0.411D-03    -10773.77219134   6998.679683    0.00000    0.00000    0.00000    9    diag,B
   36      0.425D-04      0.427D-03    -10773.77216966   6998.681414    0.00000    0.00000    0.00000    9    diag,B
   37      0.574D-04      0.416D-03    -10773.77216011   6998.679206    0.00000    0.00000    0.00000    9    diag,B
   38      0.228D-04      0.410D-03    -10773.77218530   6998.682437    0.00000    0.00000    0.00000    9    diag,B
   39      0.417D-04      0.423D-03    -10773.77215990   6998.682577    0.00000    0.00000    0.00000    9    diag,B
   40      0.414D-04      0.410D-03    -10773.77216060   6998.683560    0.00000    0.00000    0.00000    9    orth
   41      0.937D-05      0.411D-03    -10773.77218263   6998.681507    0.00000    0.00000    0.00000    9    diag,B
   42      0.402D-04      0.421D-03    -10773.77216390   6998.679162    0.00000    0.00000    0.00000    9    diag,B
   43      0.484D-04      0.412D-03    -10773.77218840   6998.670404    0.00000    0.00000    0.00000    9    diag,B
   44      0.464D-04      0.422D-03    -10773.77218323   6998.680183    0.00000    0.00000    0.00000    9    diag,B
   45      0.581D-04      0.421D-03    -10773.77216349   6998.680834    0.00000    0.00000    0.00000    9    diag,B
   46      0.465D-04      0.412D-03    -10773.77219268   6998.668245    0.00000    0.00000    0.00000    9    diag,B
   47      0.495D-04      0.425D-03    -10773.77218641   6998.678722    0.00000    0.00000    0.00000    9    diag,B
   48      0.642D-04      0.422D-03    -10773.77216266   6998.682062    0.00000    0.00000    0.00000    9    diag,B
   49      0.474D-04      0.412D-03    -10773.77218847   6998.668580    0.00000    0.00000    0.00000    9    diag,B
   50      0.465D-04      0.424D-03    -10773.77218948   6998.677362    0.00000    0.00000    0.00000    9    orth
   51      0.653D-04      0.423D-03    -10773.77216187   6998.682866    0.00000    0.00000    0.00000    9    diag,B
   52      0.481D-04      0.411D-03    -10773.77218275   6998.670005    0.00000    0.00000    0.00000    9    diag,B
   53      0.419D-04      0.422D-03    -10773.77219179   6998.676202    0.00000    0.00000    0.00000    9    diag,B
   54      0.645D-04      0.423D-03    -10773.77216120   6998.683238    0.00000    0.00000    0.00000    9    diag,B
   55      0.481D-04      0.411D-03    -10773.77218020   6998.671034    0.00000    0.00000    0.00000    9    diag,B
   56      0.394D-04      0.421D-03    -10773.77219299   6998.675331    0.00000    0.00000    0.00000    9    diag,B
   57      0.638D-04      0.423D-03    -10773.77216082   6998.683262    0.00000    0.00000    0.00000    9    diag,B
   58      0.475D-04      0.411D-03    -10773.77218538   6998.670216    0.00000    0.00000    0.00000    9    diag,B
   59      0.437D-04      0.423D-03    -10773.77226146   6998.481988    0.00000    0.00000    0.00000    9    orth
   60      0.740D-04      0.111D-03    -10773.77268224   6998.534149    0.00000    0.00000    0.00000    0    orth

 Final alpha occupancy:   9   4   4   2   4   2   2   0
 Final beta  occupancy:   9   4   3   2   3   2   2   0

 !RHF STATE 1.7 Energy               -10773.7726822397    
 Nuclear energy                         0.00000000
 One-electron energy               -14273.03975691
 Two-electron energy                 3499.26707467
 Virial quotient                       -0.99999871
 !RHF STATE 1.7 Dipole moment           0.00000000     0.00000000     0.00000000
 Dipole moment /Debye                   0.00000000     0.00000000     0.00000000

 ELECTRON ORBITALS
 =================


   Orb  Occ    Energy  Couls-En    Coefficients

                                   1 1s      1 1s      1 1s      1 1s      1 1s      1 1s      1 1s      1 1s      1 1s      1 1s   
                                   1 1s      1 1s      1 1s      1 1s      1 1s      1 1s      1 1s      1 1s      1 1s      1 1s   
                                   1 1s      1 1s      1 1s      1 1s      1 1s      1 1s      1 1s      1 1s      1 1s      1 1s   
                                   1 1s      1 1s      1 3d0     1 3d2+    1 3d0     1 3d2+    1 3d0     1 3d2+    1 3d0     1 3d2+ 
                                   1 3d0     1 3d2+    1 3d0     1 3d2+    1 3d0     1 3d2+    1 3d0     1 3d2+    1 3d0     1 3d2+ 
                                   1 3d0     1 3d2+    1 3d0     1 3d2+    1 3d0     1 3d2+    1 3d0     1 3d2+    1 3d0     1 3d2+ 
                                   1 3d0     1 3d2+    1 3d0     1 3d2+    1 5g0     1 5g4+    1 5g2+    1 5g0     1 5g4+    1 5g2+ 
                                   1 5g0     1 5g4+    1 5g2+    1 5g0     1 5g4+    1 5g2+ 

   1.1   2 -1757.3441-3805.1537  0.000002  0.000007  0.000025  0.000077  0.000230  0.000648  0.001750  0.004535  0.011255  0.026594
                                 0.058962  0.119425  0.209919  0.292066  0.272195  0.129516  0.019535  0.000694 -0.000193  0.000357
                                -0.001416  0.003270 -0.004097  0.002238 -0.000334  0.000049 -0.000013  0.000006 -0.000002  0.000001
                                -0.000000  0.000000  0.000000 -0.000000  0.000000 -0.000000  0.000000 -0.000000 -0.000000  0.000000
                                -0.000000  0.000000  0.000000 -0.000000  0.000000 -0.000000  0.000000 -0.000000 -0.000000  0.000000
                                -0.000000  0.000000  0.000000 -0.000000  0.000000 -0.000000  0.000000 -0.000000 -0.000000  0.000000
                                 0.000000 -0.000000 -0.000000  0.000000  0.000000 -0.000000 -0.000000 -0.000000  0.000000  0.000000
                                 0.000000 -0.000000 -0.000000 -0.000000  0.000000  0.000000

   2.1   2  -292.9327 -802.1704 -0.000001 -0.000002 -0.000008 -0.000025 -0.000076 -0.000213 -0.000577 -0.001501 -0.003752 -0.009003
                                -0.020570 -0.044166 -0.086523 -0.146190 -0.184338 -0.094432  0.223580  0.517810  0.374761  0.084160
                                -0.011702  0.021640 -0.020526  0.009337 -0.001372  0.000112 -0.000018  0.000015 -0.000004  0.000001
                                -0.000001  0.000000  0.000000 -0.000000 -0.000000  0.000000 -0.000000  0.000000  0.000001 -0.000001
                                 0.000003 -0.000005  0.000012 -0.000021  0.000002 -0.000004 -0.000001  0.000001  0.000003 -0.000006
                                 0.000002 -0.000004 -0.000000  0.000001 -0.000001  0.000002 -0.000000  0.000001 -0.000000  0.000000
                                -0.000000  0.000000 -0.000000  0.000000 -0.000000  0.000000  0.000000  0.000000  0.000000 -0.000000
                                -0.000000  0.000000  0.000000  0.000000 -0.000000 -0.000000

   3.1   2   -74.6686 -293.0272  0.000000  0.000001  0.000004  0.000012  0.000035  0.000098  0.000267  0.000694  0.001737  0.004177
                                 0.009585  0.020766  0.041351  0.072099  0.095874  0.053485 -0.155830 -0.481770 -0.460142  0.250124
                                 0.836540 -0.155338  0.547570 -0.110022  0.051716 -0.002099  0.000634 -0.000402  0.000114 -0.000040
                                 0.000031 -0.000010  0.000000 -0.000000  0.000000 -0.000000  0.000001 -0.000001  0.000004 -0.000008
                                 0.000015 -0.000026  0.000037 -0.000064  0.000067 -0.000117  0.000138 -0.000238  0.000168 -0.000290
                                 0.000007 -0.000012  0.000020 -0.000035  0.000019 -0.000032  0.000007 -0.000013 -0.000001  0.000001
                                 0.000000 -0.000000 -0.000000  0.000000  0.000000 -0.000000 -0.000000  0.000000 -0.000000 -0.000000
                                -0.000000  0.000000  0.000000  0.000000 -0.000000 -0.000000

   4.1   2   -56.4641 -270.4205  0.000000  0.000000  0.000000  0.000000  0.000000  0.000000  0.000000  0.000001  0.000001  0.000003
                                 0.000008  0.000017  0.000034  0.000060  0.000080  0.000048 -0.000136 -0.000433 -0.000475  0.000520
                                 0.000893 -0.000794  0.001057 -0.000375 -0.000020 -0.000051 -0.000024 -0.000003  0.000000  0.000000
                                -0.000000  0.000000 -0.000014  0.000024 -0.000200  0.000345 -0.001500  0.002590 -0.007701  0.013299
                                -0.028475  0.049173 -0.077132  0.133196 -0.146636  0.253221 -0.184809  0.319140 -0.126021  0.217620
                                -0.034998  0.060433 -0.001966  0.003394 -0.000074  0.000131  0.000057 -0.000098 -0.000019  0.000033
                                 0.000007 -0.000013 -0.000002  0.000004 -0.000048 -0.000094  0.000071  0.000006  0.000011 -0.000008
                                -0.000003 -0.000006  0.000005  0.000000  0.000001 -0.000001

   5.1   2   -56.4842 -270.4317  0.000000  0.000000  0.000000  0.000000  0.000000  0.000000  0.000000  0.000000  0.000000  0.000000
                                 0.000000  0.000000  0.000000  0.000000  0.000000  0.000000 -0.000000 -0.000001 -0.000001  0.000001
                                 0.000001 -0.000000  0.000001 -0.000000 -0.000001  0.000000  0.000000  0.000000  0.000000 -0.000000
                                 0.000000 -0.000000  0.000024  0.000014  0.000345  0.000200  0.002590  0.001500  0.013297  0.007700
                                 0.049165  0.028471  0.133179  0.077122  0.253162  0.146603  0.319101  0.184787  0.217726  0.126082
                                 0.060439  0.034998  0.003440  0.001992  0.000147  0.000086 -0.000089 -0.000051  0.000031  0.000018
                                -0.000012 -0.000007  0.000004  0.000002  0.000046 -0.000054 -0.000041 -0.000005  0.000007  0.000005
                                 0.000003 -0.000004 -0.000003 -0.000000  0.000000  0.000000

   6.1   2   -23.2301 -134.0392 -0.000000 -0.000001 -0.000002 -0.000006 -0.000017 -0.000049 -0.000133 -0.000347 -0.000866 -0.002089
                                -0.004786 -0.010422 -0.020760 -0.036630 -0.048982 -0.028604  0.086814  0.281455  0.304713 -0.218931
                                -0.927215 -0.178048 -0.050685 -0.317879  1.001404  0.665850  0.044141 -0.003652  0.000711 -0.000165
                                 0.000121 -0.000036 -0.000000  0.000000 -0.000000  0.000001 -0.000003  0.000005 -0.000016  0.000027
                                -0.000053  0.000092 -0.000157  0.000271 -0.000267  0.000463 -0.000377  0.000654 -0.000036  0.000062
                                 0.000162 -0.000280  0.001692 -0.002932  0.000625 -0.001083 -0.000210  0.000364  0.000042 -0.000073
                                -0.000016  0.000028  0.000005 -0.000008  0.000001  0.000000 -0.000003  0.000002  0.000004 -0.000003
                                -0.000000  0.000000  0.000001  0.000000 -0.000000 -0.000000

   7.1   2   -15.7204 -117.8060 -0.000000 -0.000000 -0.000000 -0.000000 -0.000000 -0.000000 -0.000001 -0.000002 -0.000005 -0.000012
                                -0.000027 -0.000059 -0.000115 -0.000207 -0.000269 -0.000175  0.000523  0.001541  0.001983 -0.001913
                                -0.002617 -0.014571  0.024980 -0.022082  0.019087 -0.004903  0.000029  0.001282 -0.000186  0.000059
                                -0.000045  0.000014  0.000007 -0.000012  0.000102 -0.000176  0.000765 -0.001326  0.003968 -0.006878
                                 0.014827 -0.025701  0.041134 -0.071302  0.077892 -0.135019  0.091362 -0.158366  0.003959 -0.006862
                                -0.180474  0.312827 -0.257148  0.445735 -0.109704  0.190200 -0.006362  0.011044 -0.000125  0.000216
                                 0.000084 -0.000146 -0.000028  0.000048 -0.000199 -0.000392  0.000297 -0.000697 -0.001376  0.001040
                                -0.000066 -0.000129  0.000097  0.000004  0.000008 -0.000006

   8.1   2   -15.7655 -117.8032  0.000000  0.000000  0.000000  0.000000  0.000000  0.000000  0.000000  0.000000  0.000000  0.000000
                                 0.000000  0.000000  0.000000  0.000000  0.000000  0.000000 -0.000000 -0.000001 -0.000001  0.000001
                                 0.000001  0.000006 -0.000012  0.000011 -0.000008 -0.000000  0.000003  0.000000  0.000000 -0.000000
                                 0.000000 -0.000000 -0.000012 -0.000007 -0.000176 -0.000102 -0.001324 -0.000764 -0.006873 -0.003965
                                -0.025667 -0.014807 -0.071242 -0.041097 -0.134820 -0.077774 -0.158269 -0.091301 -0.006786 -0.003915
                                 0.311279  0.179567  0.446524  0.257587  0.191329  0.110383  0.010093  0.005826  0.000329  0.000189
                                -0.000193 -0.000111  0.000062  0.000036  0.000191 -0.000225 -0.000171  0.000670 -0.000793 -0.000600
                                 0.000062 -0.000074 -0.000056 -0.000004  0.000005  0.000004

   9.1   2    -9.1658  -67.9470  0.000000  0.000000  0.000001  0.000003  0.000009  0.000025  0.000067  0.000174  0.000436  0.001050
                                 0.002412  0.005238  0.010485  0.018445  0.024936  0.014327 -0.044208 -0.149391 -0.161437  0.109401
                                 0.721346 -0.317975  0.708875 -0.179948 -0.925130 -1.117277  1.227099  0.611826 -0.026954  0.008913
                                -0.006772  0.002048 -0.000000  0.000000 -0.000000  0.000000 -0.000001  0.000002 -0.000003  0.000006
                                -0.000021  0.000037 -0.000037  0.000065 -0.000127  0.000222 -0.000046  0.000081 -0.000160  0.000278
                                 0.000800 -0.001390 -0.000071  0.000121 -0.000256  0.000443 -0.001274  0.002213 -0.000414  0.000719
                                 0.000089 -0.000154 -0.000024  0.000042 -0.000001  0.000004  0.000007 -0.000005  0.000006  0.000019
                                -0.000006 -0.000008  0.000013 -0.000000 -0.000000  0.000000

  10.1   0    -6.0031  -56.3031 -0.000000 -0.000000 -0.000000 -0.000000 -0.000000 -0.000000 -0.000000 -0.000000 -0.000001 -0.000002
                                -0.000004 -0.000012 -0.000016 -0.000047 -0.000024 -0.000085  0.000225 -0.000016  0.001198 -0.003425
                                 0.019535 -0.082379  0.160526 -0.133505  0.059590 -0.028624 -0.001013  0.011632 -0.000989  0.000404
                                -0.000316  0.000097  0.000003 -0.000006  0.000049 -0.000085  0.000365 -0.000631  0.001917 -0.003310
                                 0.007125 -0.012303  0.020018 -0.034565  0.037524 -0.064796  0.044017 -0.076005 -0.009015  0.015565
                                -0.113249  0.195550 -0.166195  0.286984  0.072792 -0.125698  0.401376 -0.693049  0.105451 -0.182080
                                -0.011098  0.019163  0.002829 -0.004885 -0.000107 -0.000211  0.000167  0.000796  0.001563 -0.001159
                                 0.005177  0.010188 -0.007691  0.000286  0.000563 -0.000426

  11.1   0    -6.0827  -56.5120  0.000000  0.000000  0.000000  0.000000  0.000000  0.000000  0.000000  0.000000  0.000000  0.000000
                                 0.000000  0.000000 -0.000000  0.000000 -0.000000  0.000000 -0.000000  0.000000 -0.000001  0.000005
                                -0.000033  0.000134 -0.000257  0.000209 -0.000095  0.000057 -0.000009 -0.000019  0.000003 -0.000001
                                 0.000001 -0.000000  0.000006  0.000003  0.000085  0.000050  0.000631  0.000366  0.003326  0.001927
                                 0.012311  0.007131  0.034736  0.020119  0.064778  0.037520  0.076697  0.044422 -0.016494 -0.009553
                                -0.193975 -0.112353 -0.291524 -0.168849  0.128186  0.074254  0.699204  0.404927  0.173378  0.100405
                                -0.018245 -0.010566  0.004614  0.002672 -0.000125  0.000139  0.000116  0.000727 -0.000898 -0.000639
                                 0.004968 -0.005930 -0.004435  0.000259 -0.000308 -0.000231

                                   1 2px     1 2px     1 2px     1 2px     1 2px     1 2px     1 2px     1 2px     1 2px     1 2px  
                                   1 2px     1 2px     1 2px     1 2px     1 2px     1 2px     1 2px     1 2px     1 2px     1 2px  
                                   1 2px     1 2px     1 2px     1 2px     1 2px     1 4f1+    1 4f3+    1 4f1+    1 4f3+    1 4f1+ 
                                   1 4f3+    1 4f1+    1 4f3+    1 4f1+    1 4f3+    1 4f1+    1 4f3+    1 4f1+    1 4f3+    1 4f1+ 
                                   1 4f3+    1 4f1+    1 4f3+    1 4f1+    1 4f3+    1 4f1+    1 4f3+    1 4f1+    1 4f3+    1 4f1+ 
                                   1 4f3+    1 6h1+    1 6h3+    1 6h5+ 

   1.2   2  -278.6495 -787.2992  0.000000  0.000000  0.000002  0.000018  0.000130  0.000783  0.003879  0.015894  0.053728  0.144907
                                 0.289533  0.370839  0.239205  0.055389  0.002690 -0.000338  0.000888 -0.000839  0.000123 -0.000057
                                 0.000029 -0.000013  0.000006 -0.000002  0.000001  0.000002 -0.000003  0.000008 -0.000010  0.000002
                                -0.000002  0.000002 -0.000002 -0.000002  0.000003  0.000003 -0.000004 -0.000003  0.000003  0.000002
                                -0.000002 -0.000001  0.000001  0.000000 -0.000000 -0.000000  0.000000  0.000000 -0.000000 -0.000000
                                 0.000000 -0.000000  0.000000  0.000000

   2.2   2   -68.2531 -284.7198 -0.000000 -0.000000 -0.000001 -0.000009 -0.000063 -0.000382 -0.001901 -0.007873 -0.027248 -0.076727
                                -0.163525 -0.220778 -0.057993  0.349941  0.529704  0.232775 -0.002186  0.025579  0.000589 -0.000075
                                 0.000029 -0.000021  0.000010 -0.000004  0.000001 -0.000000  0.000001  0.000001 -0.000002  0.000026
                                -0.000034  0.000087 -0.000112  0.000043 -0.000056 -0.000009  0.000012  0.000022 -0.000029 -0.000002
                                 0.000003  0.000007 -0.000009  0.000001 -0.000001  0.000000 -0.000000 -0.000000  0.000000  0.000000
                                -0.000000  0.000000 -0.000000 -0.000000

   3.2   2   -20.5452 -128.5358  0.000000  0.000000  0.000000  0.000004  0.000031  0.000189  0.000942  0.003913  0.013611  0.038715
                                 0.083805  0.114803  0.015464 -0.264781 -0.458263  0.017648 -0.023872  0.692798  0.449732  0.042426
                                -0.000388 -0.000164  0.000142 -0.000067  0.000021  0.000002 -0.000002  0.000011 -0.000015  0.000047
                                -0.000061  0.000141 -0.000185  0.000374 -0.000489 -0.000007  0.000008  0.000784 -0.001019  0.000669
                                -0.000866  0.000244 -0.000310 -0.000037  0.000050 -0.000003  0.000004  0.000001 -0.000001 -0.000000
                                 0.000000  0.000001 -0.000001  0.000002

   4.2   2    -8.1317  -64.3085 -0.000000 -0.000000 -0.000000 -0.000002 -0.000016 -0.000093 -0.000468 -0.001937 -0.006775 -0.019233
                                -0.042031 -0.057250 -0.006719  0.148291  0.255388 -0.040135 -0.002241 -0.580274 -0.401982  0.836861
                                 0.532132 -0.025247  0.012873 -0.004911  0.001406 -0.000008  0.000003 -0.000071  0.000023 -0.000324
                                 0.000096 -0.000996  0.000326 -0.001874  0.000467 -0.000303  0.000404 -0.001832 -0.000224 -0.002336
                                 0.003055  0.001403 -0.003901  0.002793 -0.004244  0.000329 -0.000428 -0.000034  0.000039  0.000008
                                -0.000009  0.000007 -0.000011  0.000025

   5.2   0    -8.9399 -100.0451 -0.000000 -0.000000 -0.000000 -0.000000 -0.000000 -0.000000 -0.000002 -0.000008 -0.000028 -0.000078
                                -0.000171 -0.000233 -0.000027  0.000602  0.001042 -0.000177  0.000024 -0.002415 -0.001581  0.003426
                                 0.002098 -0.000104  0.000051 -0.000020  0.000006  0.000920  0.000713  0.008314  0.006447  0.038651
                                 0.029975  0.115261  0.089389  0.234258  0.181675 -0.001558 -0.001204  0.311033  0.241210 -0.003729
                                -0.002870  0.249056  0.193115  0.074980  0.058118  0.000193  0.000147  0.000660  0.000512 -0.000204
                                -0.000159  0.001437 -0.000664 -0.001491

   6.2   0    -8.9119 -100.0919  0.000000  0.000000  0.000000  0.000000  0.000000  0.000001  0.000004  0.000015  0.000051  0.000148
                                 0.000318  0.000444  0.000044 -0.001061 -0.002000  0.001486 -0.005434  0.009035  0.000736 -0.003749
                                 0.002217  0.000004  0.000054 -0.000024  0.000007 -0.000715  0.000922 -0.006461  0.008331 -0.030028
                                 0.038721 -0.089585  0.115520 -0.181857  0.234505  0.001011 -0.001305 -0.241333  0.311198  0.002402
                                -0.003098 -0.192041  0.247637 -0.057825  0.074566 -0.000187  0.000241 -0.000502  0.000647  0.000156
                                -0.000201 -0.001323  0.001427 -0.001916

                                   1 2py     1 2py     1 2py     1 2py     1 2py     1 2py     1 2py     1 2py     1 2py     1 2py  
                                   1 2py     1 2py     1 2py     1 2py     1 2py     1 2py     1 2py     1 2py     1 2py     1 2py  
                                   1 2py     1 2py     1 2py     1 2py     1 2py     1 4f1-    1 4f3-    1 4f1-    1 4f3-    1 4f1- 
                                   1 4f3-    1 4f1-    1 4f3-    1 4f1-    1 4f3-    1 4f1-    1 4f3-    1 4f1-    1 4f3-    1 4f1- 
                                   1 4f3-    1 4f1-    1 4f3-    1 4f1-    1 4f3-    1 4f1-    1 4f3-    1 4f1-    1 4f3-    1 4f1- 
                                   1 4f3-    1 6h1-    1 6h3-    1 6h5- 

   1.3   2  -278.6537 -787.3001  0.000000  0.000000  0.000002  0.000018  0.000130  0.000783  0.003879  0.015892  0.053723  0.144894
                                 0.289503  0.370837  0.239247  0.055393  0.002702 -0.000350  0.000910 -0.000855  0.000124 -0.000056
                                 0.000031 -0.000014  0.000006 -0.000002  0.000001  0.000001 -0.000003  0.000003 -0.000010  0.000001
                                -0.000002  0.000001 -0.000002 -0.000001  0.000003  0.000001 -0.000004 -0.000001  0.000003  0.000001
                                -0.000002 -0.000000  0.000001  0.000000 -0.000000 -0.000000  0.000000  0.000000 -0.000000 -0.000000
                                 0.000000  0.000000  0.000000  0.000000

   2.3   2   -68.2661 -284.7091 -0.000000 -0.000000 -0.000001 -0.000009 -0.000063 -0.000381 -0.001900 -0.007870 -0.027236 -0.076694
                                -0.163444 -0.220691 -0.058048  0.349490  0.529712  0.233221 -0.002496  0.025923  0.000581 -0.000093
                                 0.000007 -0.000017  0.000008 -0.000003  0.000001 -0.000000  0.000001  0.000000 -0.000002  0.000009
                                -0.000034  0.000028 -0.000112  0.000015 -0.000056 -0.000003  0.000012  0.000008 -0.000029 -0.000001
                                 0.000003  0.000002 -0.000009  0.000000 -0.000001  0.000000 -0.000000 -0.000000  0.000000  0.000000
                                -0.000000 -0.000000 -0.000000 -0.000000

   3.3   2   -20.5733 -128.3967  0.000000  0.000000  0.000000  0.000004  0.000031  0.000188  0.000939  0.003900  0.013563  0.038580
                                 0.083501  0.114405  0.015463 -0.263450 -0.456268  0.016194 -0.025020  0.687729  0.454205  0.044205
                                -0.000157 -0.000108  0.000123 -0.000059  0.000018  0.000001 -0.000002  0.000004 -0.000014  0.000016
                                -0.000059  0.000048 -0.000179  0.000126 -0.000477 -0.000002  0.000009  0.000262 -0.001003  0.000224
                                -0.000864  0.000078 -0.000316 -0.000012  0.000043 -0.000001  0.000003  0.000000 -0.000001 -0.000000
                                 0.000000  0.000000 -0.000001  0.000002

   4.3   +    -8.2727  -64.6287 -0.000000 -0.000000 -0.000000 -0.000002 -0.000016 -0.000094 -0.000471 -0.001950 -0.006820 -0.019365
                                -0.042302 -0.057648 -0.006749  0.148931  0.256966 -0.039598 -0.006940 -0.571179 -0.422579  0.859640
                                 0.521690 -0.028412  0.013453 -0.005105  0.001459 -0.000004  0.000031 -0.000038  0.000284 -0.000169
                                 0.001296 -0.000524  0.003939 -0.000956  0.007584 -0.000263  0.000995 -0.000772  0.008155 -0.001718
                                 0.006599  0.001482 -0.001586  0.002065 -0.006729  0.000211 -0.000809 -0.000020  0.000089  0.000005
                                -0.000022  0.000008 -0.000011  0.000032

   5.3   0    -8.9757  -99.9936  0.000000  0.000000  0.000000  0.000000  0.000000  0.000000  0.000002  0.000007  0.000023  0.000065
                                 0.000141  0.000193  0.000022 -0.000497 -0.000868  0.000157 -0.000037  0.002004  0.001330 -0.002909
                                -0.001630  0.000096 -0.000043  0.000016 -0.000005  0.001125  0.000290  0.010161  0.002623  0.047257
                                 0.012201  0.140846  0.036363  0.286722  0.074026 -0.002260 -0.000591  0.380891  0.098350 -0.005625
                                -0.001482  0.307295  0.079393  0.092447  0.023910  0.000154  0.000042  0.000829  0.000214 -0.000256
                                -0.000066  0.000588 -0.001182 -0.000612

   6.3   0    -8.9190 -100.0643  0.000000  0.000000  0.000000  0.000000  0.000000  0.000002  0.000011  0.000046  0.000160  0.000455
                                 0.000990  0.001357  0.000155 -0.003439 -0.006035  0.001815 -0.004185  0.016934  0.008391 -0.017944
                                -0.007731  0.000483 -0.000196  0.000072 -0.000020 -0.000291  0.001128 -0.002635  0.010199 -0.012246
                                 0.047408 -0.036531  0.141422 -0.074181  0.287176  0.000430 -0.001690 -0.098456  0.381172  0.001043
                                -0.004075 -0.078470  0.303898 -0.023641  0.091589 -0.000075  0.000292 -0.000206  0.000796  0.000064
                                -0.000247 -0.000325  0.001050 -0.002350

                                   1 3d2-    1 3d2-    1 3d2-    1 3d2-    1 3d2-    1 3d2-    1 3d2-    1 3d2-    1 3d2-    1 3d2- 
                                   1 3d2-    1 3d2-    1 3d2-    1 3d2-    1 3d2-    1 3d2-    1 5g2-    1 5g4-    1 5g2-    1 5g4- 
                                   1 5g2-    1 5g4-    1 5g2-    1 5g4- 

   1.4   2   -56.4691 -270.4233  0.000028  0.000399  0.002993  0.015367  0.056820  0.153912  0.292598  0.368777  0.251505  0.069838
                                 0.003936  0.000155 -0.000111  0.000037 -0.000015  0.000004  0.000041 -0.000108 -0.000005  0.000013
                                 0.000003 -0.000007 -0.000000  0.000001

   2.4   2   -15.7318 -117.8054 -0.000014 -0.000204 -0.001530 -0.007939 -0.029662 -0.082300 -0.155820 -0.182804 -0.007901  0.360705
                                 0.514834  0.219891  0.012469  0.000282 -0.000182  0.000060  0.000171 -0.000452  0.000600 -0.001588
                                 0.000057 -0.000149 -0.000004  0.000010

   3.4   0    -6.0206  -56.3498 -0.000007 -0.000098 -0.000729 -0.003829 -0.014219 -0.039988 -0.074874 -0.088011  0.018235  0.225548
                                 0.332846 -0.145918 -0.802494 -0.208158  0.021911 -0.005575  0.000095 -0.000251 -0.000680  0.001803
                                -0.004452  0.011790 -0.000243  0.000643

   4.4   0    -3.4169  -33.1849  0.000004  0.000060  0.000465  0.002363  0.009033  0.024731  0.047953  0.052642 -0.010665 -0.161687
                                -0.207496  0.156925  0.875057 -0.978189 -0.412852  0.053429 -0.000062  0.000163  0.001190 -0.003152
                                 0.002257 -0.005981 -0.001937  0.005128

                                   1 2pz     1 2pz     1 2pz     1 2pz     1 2pz     1 2pz     1 2pz     1 2pz     1 2pz     1 2pz  
                                   1 2pz     1 2pz     1 2pz     1 2pz     1 2pz     1 2pz     1 2pz     1 2pz     1 2pz     1 2pz  
                                   1 2pz     1 2pz     1 2pz     1 2pz     1 2pz     1 4f0     1 4f2+    1 4f0     1 4f2+    1 4f0  
                                   1 4f2+    1 4f0     1 4f2+    1 4f0     1 4f2+    1 4f0     1 4f2+    1 4f0     1 4f2+    1 4f0  
                                   1 4f2+    1 4f0     1 4f2+    1 4f0     1 4f2+    1 4f0     1 4f2+    1 4f0     1 4f2+    1 4f0  
                                   1 4f2+    1 6h2+    1 6h4+    1 6h0  

   1.5   2  -278.6537 -787.3001  0.000000  0.000000  0.000002  0.000018  0.000130  0.000783  0.003879  0.015892  0.053723  0.144894
                                 0.289503  0.370837  0.239247  0.055393  0.002702 -0.000350  0.000910 -0.000855  0.000124 -0.000056
                                 0.000031 -0.000014  0.000006 -0.000002  0.000001  0.000002 -0.000002  0.000006 -0.000008  0.000002
                                -0.000002  0.000002 -0.000002 -0.000002  0.000002  0.000003 -0.000003 -0.000002  0.000003  0.000001
                                -0.000002 -0.000001  0.000001  0.000000 -0.000000 -0.000000  0.000000  0.000000 -0.000000 -0.000000
                                 0.000000  0.000000  0.000000 -0.000000

   2.5   2   -68.2661 -284.7092 -0.000000 -0.000000 -0.000001 -0.000009 -0.000063 -0.000381 -0.001900 -0.007870 -0.027236 -0.076694
                                -0.163444 -0.220691 -0.058048  0.349490  0.529712  0.233221 -0.002496  0.025923  0.000581 -0.000093
                                 0.000007 -0.000017  0.000008 -0.000003  0.000001 -0.000000  0.000000  0.000001 -0.000001  0.000021
                                -0.000027  0.000070 -0.000090  0.000036 -0.000046 -0.000008  0.000010  0.000018 -0.000024 -0.000002
                                 0.000003  0.000006 -0.000008  0.000001 -0.000001  0.000000 -0.000000 -0.000000  0.000000  0.000000
                                -0.000000 -0.000000 -0.000000  0.000000

   3.5   2   -20.5733 -128.3966  0.000000  0.000000  0.000000  0.000004  0.000031  0.000188  0.000939  0.003900  0.013563  0.038580
                                 0.083501  0.114404  0.015463 -0.263449 -0.456267  0.016193 -0.025018  0.687724  0.454203  0.044210
                                -0.000155 -0.000108  0.000123 -0.000059  0.000018  0.000001 -0.000002  0.000009 -0.000012  0.000038
                                -0.000051  0.000116 -0.000154  0.000306 -0.000402 -0.000005  0.000006  0.000638 -0.000831  0.000547
                                -0.000707  0.000198 -0.000255 -0.000028  0.000037 -0.000002  0.000002  0.000000 -0.000000 -0.000000
                                 0.000000 -0.000001  0.000001  0.000001

   4.5   +    -8.2727  -64.6109 -0.000000 -0.000000 -0.000000 -0.000002 -0.000016 -0.000094 -0.000471 -0.001951 -0.006821 -0.019370
                                -0.042313 -0.057663 -0.006751  0.148969  0.257033 -0.039622 -0.006871 -0.571383 -0.422658  0.859806
                                 0.521745 -0.028415  0.013454 -0.005105  0.001459 -0.000011  0.000004 -0.000099  0.000037 -0.000447
                                 0.000154 -0.001380  0.000521 -0.002543  0.000715 -0.000640  0.000847 -0.002164 -0.000627 -0.004198
                                 0.005476  0.003383 -0.007149  0.004986 -0.007300  0.000517 -0.000674 -0.000050  0.000058  0.000012
                                -0.000013 -0.000044  0.000056  0.000035

   5.5   0    -8.9757  -99.9930 -0.000000 -0.000000 -0.000000 -0.000000 -0.000000 -0.000001 -0.000003 -0.000011 -0.000037 -0.000105
                                -0.000229 -0.000312 -0.000036  0.000806  0.001400 -0.000248  0.000036 -0.003203 -0.002179  0.004703
                                 0.002669 -0.000157  0.000071 -0.000027  0.000008  0.000918  0.000712  0.008291  0.006433  0.038560
                                 0.029920  0.114925  0.089174  0.233956  0.181529 -0.001850 -0.001427  0.310803  0.241142 -0.004620
                                -0.003534  0.250789  0.194517  0.075473  0.058496  0.000128  0.000094  0.000676  0.000525 -0.000209
                                -0.000162 -0.000445 -0.001159  0.000759

   6.5   0    -8.9191 -100.0823  0.000000  0.000000  0.000000  0.000000  0.000000  0.000000  0.000002  0.000009  0.000032  0.000093
                                 0.000198  0.000278  0.000031 -0.000653 -0.001199  0.000970 -0.004081  0.005897  0.000818 -0.001711
                                 0.001549 -0.000059  0.000049 -0.000020  0.000006 -0.000715  0.000921 -0.006459  0.008326 -0.030024
                                 0.038698 -0.089566  0.115441 -0.181869  0.234410  0.001057 -0.001366 -0.241373  0.311106  0.002500
                                -0.003226 -0.192342  0.247920 -0.057896  0.074630 -0.000176  0.000227 -0.000505  0.000651  0.000156
                                -0.000202  0.001714 -0.001483 -0.001256

                                   1 3d1+    1 3d1+    1 3d1+    1 3d1+    1 3d1+    1 3d1+    1 3d1+    1 3d1+    1 3d1+    1 3d1+ 
                                   1 3d1+    1 3d1+    1 3d1+    1 3d1+    1 3d1+    1 3d1+    1 5g1+    1 5g3+    1 5g1+    1 5g3+ 
                                   1 5g1+    1 5g3+    1 5g1+    1 5g3+ 

   1.6   2   -56.4692 -270.4234  0.000028  0.000399  0.002993  0.015367  0.056820  0.153912  0.292598  0.368778  0.251506  0.069834
                                 0.003935  0.000157 -0.000111  0.000037 -0.000015  0.000004  0.000087 -0.000076 -0.000010  0.000009
                                 0.000006 -0.000005 -0.000001  0.000001

   2.6   2   -15.7317 -117.8042 -0.000014 -0.000204 -0.001530 -0.007939 -0.029661 -0.082298 -0.155816 -0.182799 -0.007901  0.360694
                                 0.514816  0.219917  0.012483  0.000281 -0.000181  0.000059  0.000362 -0.000320  0.001273 -0.001123
                                 0.000120 -0.000105 -0.000008  0.000007

   3.6   0    -6.0208  -56.3514 -0.000007 -0.000098 -0.000729 -0.003829 -0.014220 -0.039991 -0.074879 -0.088017  0.018237  0.225561
                                 0.332878 -0.145941 -0.802499 -0.208132  0.021908 -0.005575  0.000207 -0.000190 -0.001425  0.001231
                                -0.009433  0.008301 -0.000515  0.000454

   4.6   0    -3.4169  -33.1846  0.000004  0.000060  0.000465  0.002363  0.009033  0.024731  0.047953  0.052641 -0.010665 -0.161686
                                -0.207494  0.156923  0.875040 -0.978192 -0.412853  0.053429 -0.000135  0.000124  0.002514 -0.002198
                                 0.004768 -0.004156 -0.004117  0.003649

                                   1 3d1-    1 3d1-    1 3d1-    1 3d1-    1 3d1-    1 3d1-    1 3d1-    1 3d1-    1 3d1-    1 3d1- 
                                   1 3d1-    1 3d1-    1 3d1-    1 3d1-    1 3d1-    1 3d1-    1 5g1-    1 5g3-    1 5g1-    1 5g3- 
                                   1 5g1-    1 5g3-    1 5g1-    1 5g3- 

   1.7   2   -56.4842 -270.4316  0.000028  0.000399  0.002993  0.015366  0.056813  0.153898  0.292546  0.368742  0.251597  0.069844
                                 0.003976  0.000169 -0.000103  0.000036 -0.000014  0.000004  0.000029 -0.000077 -0.000003  0.000009
                                 0.000002 -0.000005 -0.000000  0.000001

   2.7   2   -15.7655 -117.8041 -0.000014 -0.000204 -0.001528 -0.007934 -0.029632 -0.082247 -0.155647 -0.182720 -0.007835  0.359368
                                 0.515508  0.220868  0.011643  0.000380 -0.000223  0.000072  0.000121 -0.000319  0.000424 -0.001122
                                 0.000039 -0.000104 -0.000003  0.000007

   3.7   0    -6.0826  -56.5106 -0.000007 -0.000099 -0.000729 -0.003844 -0.014226 -0.040139 -0.074854 -0.088627  0.019058  0.224156
                                 0.336860 -0.148115 -0.807987 -0.200381  0.021087 -0.005333  0.000078 -0.000209 -0.000465  0.001223
                                -0.003149  0.008333 -0.000164  0.000434

   4.7   0    -3.4413  -33.3212  0.000004  0.000061  0.000464  0.002383  0.009038  0.024939  0.047892  0.053515 -0.012050 -0.159686
                                -0.214055  0.166936  0.873138 -0.994979 -0.397029  0.051508 -0.000052  0.000138  0.000830 -0.002196
                                 0.001533 -0.004065 -0.001362  0.003602

                                   1 4f2-    1 4f2-    1 4f2-    1 4f2-    1 4f2-    1 4f2-    1 4f2-    1 4f2-    1 4f2-    1 4f2- 
                                   1 4f2-    1 4f2-    1 4f2-    1 6h4-    1 6h2- 

   1.8   0    -8.9399 -100.0466  0.001164  0.010521  0.048913  0.145864  0.296458 -0.001964  0.393610 -0.004699  0.315140  0.094858
                                 0.000242  0.000835 -0.000259 -0.001882  0.001087

   2.8   0    -4.2219  -46.4337 -0.000619 -0.005379 -0.026017 -0.074032 -0.178208  0.061061 -0.261081  0.135016 -0.114701  0.545493
                                 0.536066  0.020195  0.001192 -0.004256  0.002457

 HOMO      4.2    -8.131740 =    -221.2759eV
 LUMO      5.5    -8.975663 =    -244.2402eV
 LUMO-HOMO        -0.843924 =     -22.9643eV

 No convergence



 **********************************************************************************************************************************
 DATASETS  * FILE   NREC   LENGTH (MB)   RECORD NAMES
              1      18       20.63       500      610      700      900      950      970     1000      129      960     1100   
                                          VAR    BASINP    GEOM    SYMINP    ZMAT    AOBASIS   BASIS     P2S    ABASIS      S 
                                         1400     1410     1200     1210     1080     1600     1650     1700   
                                           T        V       H0       H01     AOSYM     SMH    MOLCAS    OPER   

              2       5        5.86       200      700     1000      520     4202   
                                        OPTIONS   GEOM     BASIS   MCVARS     RHF  

 PROGRAMS   *        TOTAL       RHF       INT
 CPU TIMES  *        59.72      6.91     52.54
 REAL TIME  *        64.10 SEC
 DISK USED  *         2.85 GB      
 SF USED    *         0.07 MB      
 GA USED    *         0.00 MB       (max)       0.00 MB       (current)
 **********************************************************************************************************************************


 PROGRAM * POP (Mulliken population analysis)

 
 Density matrix read from record         4202.2  Type=RHF/CHARGE (state 1.7)
 
 Population analysis by basis function type

 Unique atom        s        p        d        f        g    Total    Charge
   1  GD      9.99998 21.99915 19.99999  0.00085  0.00004 52.00000  +12.00000


 **********************************************************************************************************************************
 DATASETS  * FILE   NREC   LENGTH (MB)   RECORD NAMES
              1      18       20.63       500      610      700      900      950      970     1000      129      960     1100   
                                          VAR    BASINP    GEOM    SYMINP    ZMAT    AOBASIS   BASIS     P2S    ABASIS      S 
                                         1400     1410     1200     1210     1080     1600     1650     1700   
                                           T        V       H0       H01     AOSYM     SMH    MOLCAS    OPER   

              2       5        5.86       200      700     1000      520     4202   
                                        OPTIONS   GEOM     BASIS   MCVARS     RHF  

 PROGRAMS   *        TOTAL       POP       RHF       INT
 CPU TIMES  *        59.72      0.00      6.91     52.54
 REAL TIME  *        64.14 SEC
 DISK USED  *         2.85 GB      
 SF USED    *         0.07 MB      
 GA USED    *         0.00 MB       (max)       0.00 MB       (current)
 **********************************************************************************************************************************


 PROGRAM * MULTI (Direct Multiconfiguration SCF)       Authors: P.J. Knowles, H.-J. Werner (1984)     S.T. Elbert (1988)


 Number of closed-shell orbitals:  24 (   9   3   3   2   3   2   2   0 )
 Number of active  orbitals:        3 (   0   1   1   0   1   0   0   0 )
 Number of external orbitals:     298 (  67  50  50  22  50  22  22  15 )

 State symmetry 1

 Number of electrons:     4    Spin symmetry=Triplet   Space symmetry=7
 Number of states:        1
 Number of CSFs:          1   (1 determinants, 3 intermediate states)

 State symmetry 2

 Number of electrons:     4    Spin symmetry=Triplet   Space symmetry=6
 Number of states:        1
 Number of CSFs:          1   (1 determinants, 3 intermediate states)

 State symmetry 3

 Number of electrons:     4    Spin symmetry=Triplet   Space symmetry=4
 Number of states:        1
 Number of CSFs:          1   (1 determinants, 3 intermediate states)

 Molecular orbitals read from record     4202.2  Type=RHF/CANONICAL (state 1.7)
 *** IN SYMMETRY 1 ORBITAL  2 SYMMETRY CONTAMINATION OF 0.389D-04 HAS BEEN REMOVED
 *** IN SYMMETRY 1 ORBITAL  3 SYMMETRY CONTAMINATION OF 0.395D-03 HAS BEEN REMOVED
 *** IN SYMMETRY 1 ORBITAL  4 SYMMETRY CONTAMINATION OF 0.369D+00 HAS BEEN REMOVED
 *** IN SYMMETRY 1 ORBITAL  5 SYMMETRY CONTAMINATION OF 0.367D+00 HAS BEEN REMOVED
 *** IN SYMMETRY 1 ORBITAL  6 SYMMETRY CONTAMINATION OF 0.236D-02 HAS BEEN REMOVED
 *** IN SYMMETRY 1 ORBITAL  7 SYMMETRY CONTAMINATION OF 0.394D+00 HAS BEEN REMOVED
 *** IN SYMMETRY 1 ORBITAL  8 SYMMETRY CONTAMINATION OF 0.367D+00 HAS BEEN REMOVED
 *** IN SYMMETRY 1 ORBITAL  9 SYMMETRY CONTAMINATION OF 0.143D-02 HAS BEEN REMOVED

 EXTRA SYMMETRY OF MOS IN SYMMETRY 1:   1 1 1 3 2 1 3 2 1 3   2 1 2 3 4 1 5 5 2 3   4 6 6 1 2 3 1 1 2 3   4 5 6 1 2 3 1 4 5 6
                                        1 2 3 1 2 3 1 2 3 1   1 2 3 1 2 3 1 2 3 1   2 3 1 1 2 3 1 1 1 1   1 1 1 1 1 1
 *** IN SYMMETRY 2 ORBITAL  1 SYMMETRY CONTAMINATION OF 0.480D-04 HAS BEEN REMOVED
 *** IN SYMMETRY 2 ORBITAL  2 SYMMETRY CONTAMINATION OF 0.270D-03 HAS BEEN REMOVED
 *** IN SYMMETRY 2 ORBITAL  3 SYMMETRY CONTAMINATION OF 0.240D-02 HAS BEEN REMOVED
 *** IN SYMMETRY 2 ORBITAL  4 SYMMETRY CONTAMINATION OF 0.852D-02 HAS BEEN REMOVED
 EXTRA SYMMETRY OF MOS IN SYMMETRY 2:   1 1 1 1 2 3 2 3 1 2   3 1 2 3 1 2 3 1 1 2   3 5 6 3 1 2 3 1 2 3   2 3 1 2 3 1 2 3 1 2
                                        3 1 2 1 1 1 1 1 1 1   1 1 1 4
 *** IN SYMMETRY 3 ORBITAL  1 SYMMETRY CONTAMINATION OF 0.340D-04 HAS BEEN REMOVED
 *** IN SYMMETRY 3 ORBITAL  2 SYMMETRY CONTAMINATION OF 0.192D-03 HAS BEEN REMOVED
 *** IN SYMMETRY 3 ORBITAL  3 SYMMETRY CONTAMINATION OF 0.169D-02 HAS BEEN REMOVED
 *** IN SYMMETRY 3 ORBITAL  4 SYMMETRY CONTAMINATION OF 0.152D-01 HAS BEEN REMOVED
 EXTRA SYMMETRY OF MOS IN SYMMETRY 3:   1 1 1 1 2 3 2 3 1 2   3 1 2 1 3 2 3 1 1 2   4 3 5 6 1 2 3 1 2 3   2 3 1 2 3 1 2 3 1 2
                                        3 1 2 3 1 1 1 1 1 1   1 1 1 1
 *** IN SYMMETRY 4 ORBITAL  1 SYMMETRY CONTAMINATION OF 0.146D-03 HAS BEEN REMOVED
 *** IN SYMMETRY 4 ORBITAL  2 SYMMETRY CONTAMINATION OF 0.192D-02 HAS BEEN REMOVED
 EXTRA SYMMETRY OF MOS IN SYMMETRY 4:   1 1 1 1 2 3 1 2 3 1   1 2 3 1 2 3 1 1 1 1   1 1 1 1
 *** IN SYMMETRY 5 ORBITAL  1 SYMMETRY CONTAMINATION OF 0.390D-04 HAS BEEN REMOVED
 *** IN SYMMETRY 5 ORBITAL  2 SYMMETRY CONTAMINATION OF 0.220D-03 HAS BEEN REMOVED
 *** IN SYMMETRY 5 ORBITAL  3 SYMMETRY CONTAMINATION OF 0.196D-02 HAS BEEN REMOVED
 *** IN SYMMETRY 5 ORBITAL  4 SYMMETRY CONTAMINATION OF 0.144D-01 HAS BEEN REMOVED
 EXTRA SYMMETRY OF MOS IN SYMMETRY 5:   1 1 1 1 2 3 2 3 1 2   3 1 2 1 3 2 3 1 1 2   6 3 5 3 1 2 3 1 2 3   2 3 1 2 3 1 2 3 1 2
                                        3 1 2 1 1 1 1 1 1 1   1 1 1 4
 *** IN SYMMETRY 6 ORBITAL  1 SYMMETRY CONTAMINATION OF 0.160D-03 HAS BEEN REMOVED
 *** IN SYMMETRY 6 ORBITAL  2 SYMMETRY CONTAMINATION OF 0.210D-02 HAS BEEN REMOVED
 EXTRA SYMMETRY OF MOS IN SYMMETRY 6:   1 1 1 1 3 2 1 3 2 1   1 3 2 1 3 2 1 1 1 1   1 1 1 1
 *** IN SYMMETRY 7 ORBITAL  1 SYMMETRY CONTAMINATION OF 0.103D-03 HAS BEEN REMOVED
 *** IN SYMMETRY 7 ORBITAL  2 SYMMETRY CONTAMINATION OF 0.136D-02 HAS BEEN REMOVED
 EXTRA SYMMETRY OF MOS IN SYMMETRY 7:   1 1 1 1 2 3 1 2 3 1   1 2 3 1 2 3 1 1 1 1   1 1 1 1
 EXTRA SYMMETRY OF MOS IN SYMMETRY 8:   1 1 1 1 1 1 3 2 1 1   1 1 1 1 1

 Wavefunction dump at record             5202.2

 Convergence thresholds  0.10E-01 (gradient)  0.10E-05 (energy)  0.10E-02 (step length)

 Weight factors for state symmetry  1:    0.33333
 Weight factors for state symmetry  2:    0.33333
 Weight factors for state symmetry  3:    0.33333

 Number of orbital rotations:     1344   (     9 Core/Active   1185 Core/Virtual   0 Active/Active    150 Active/Virtual)
 Total number of variables:       1347


 ITER. MIC  NCI  NEG     ENERGY(VAR)     ENERGY(PROJ)   ENERGY CHANGE     GRAD(0)  GRAD(ORB)   GRAD(CI)     STEP       TIME

   1   19   21    0  -10773.76906132  -10773.76945540   -0.00039408    0.10478158 0.00000000 0.00000000  0.51D-02      1.26
   2   19   15    0  -10773.76945540  -10773.76945540   -0.00000000    0.00951997 0.00000000 0.00000000  0.87D-06      2.30

 ** WVFN ****  CONVERGENCE REACHED, FINAL GRADIENT:  0.16D-08



 Results for state 1.7
 =====================

 !MCSCF STATE 1.7 Energy             -10773.7694554045    
 Nuclear energy                         0.00000000
 Kinetic energy                     10773.77305921
 One electron energy               -14273.02031520
 Two electron energy                 3499.25085979
 Virial ratio                           1.99999967

 !MCSCF STATE 1.7 Dipole moment         0.00000000     0.00000000     0.00000000
 Dipole moment /Debye                   0.00000000     0.00000000     0.00000000



 Results for state 1.6
 =====================

 !MCSCF STATE 1.6 Energy             -10773.7694554045    
 Nuclear energy                         0.00000000
 Kinetic energy                     10773.77305921
 One electron energy               -14273.02031520
 Two electron energy                 3499.25085979
 Virial ratio                           1.99999967

 !MCSCF STATE 1.6 Dipole moment         0.00000000     0.00000000     0.00000000
 Dipole moment /Debye                   0.00000000     0.00000000     0.00000000



 Results for state 1.4
 =====================

 !MCSCF STATE 1.4 Energy             -10773.7694554045    
 Nuclear energy                         0.00000000
 Kinetic energy                     10773.77305921
 One electron energy               -14273.02031520
 Two electron energy                 3499.25085979
 Virial ratio                           1.99999967

 !MCSCF STATE 1.4 Dipole moment         0.00000000     0.00000000     0.00000000
 Dipole moment /Debye                   0.00000000     0.00000000     0.00000000

 State-averaged charge density matrix saved on record  5202.2 (density set 1)


 NATURAL ORBITALS (state averaged)
 =================================

   Orb     Occ        Energy       Coefficients

                                   1 1s      1 1s      1 1s      1 1s      1 1s      1 1s      1 1s      1 1s      1 1s      1 1s   
                                   1 1s      1 1s      1 1s      1 1s      1 1s      1 1s      1 1s      1 1s      1 1s      1 1s   
                                   1 1s      1 1s      1 1s      1 1s      1 1s      1 1s      1 1s      1 1s      1 1s      1 1s   
                                   1 1s      1 1s      1 3d0     1 3d2+    1 3d0     1 3d2+    1 3d0     1 3d2+    1 3d0     1 3d2+ 
                                   1 3d0     1 3d2+    1 3d0     1 3d2+    1 3d0     1 3d2+    1 3d0     1 3d2+    1 3d0     1 3d2+ 
                                   1 3d0     1 3d2+    1 3d0     1 3d2+    1 3d0     1 3d2+    1 3d0     1 3d2+    1 3d0     1 3d2+ 
                                   1 3d0     1 3d2+    1 3d0     1 3d2+    1 5g0     1 5g4+    1 5g2+    1 5g0     1 5g4+    1 5g2+ 
                                   1 5g0     1 5g4+    1 5g2+    1 5g0     1 5g4+    1 5g2+ 

   1.1  2.00000 -1757.343553     0.000002  0.000007  0.000025  0.000077  0.000230  0.000648  0.001750  0.004535  0.011255  0.026594
                                 0.058962  0.119425  0.209919  0.292066  0.272195  0.129516  0.019535  0.000694 -0.000193  0.000357
                                -0.001416  0.003270 -0.004097  0.002238 -0.000334  0.000049 -0.000013  0.000006 -0.000002  0.000001
                                -0.000000  0.000000  0.000000  0.000000  0.000000  0.000000  0.000000  0.000000  0.000000  0.000000
                                 0.000000  0.000000  0.000000  0.000000  0.000000  0.000000  0.000000  0.000000  0.000000  0.000000
                                -0.000000 -0.000000 -0.000000 -0.000000 -0.000000 -0.000000 -0.000000 -0.000000 -0.000000 -0.000000
                                 0.000000  0.000000 -0.000000 -0.000000  0.000000  0.000000  0.000000  0.000000  0.000000  0.000000
                                 0.000000  0.000000  0.000000  0.000000  0.000000  0.000000

   2.1  2.00000  -292.932391    -0.000001 -0.000002 -0.000008 -0.000025 -0.000076 -0.000213 -0.000577 -0.001501 -0.003752 -0.009003
                                -0.020570 -0.044166 -0.086523 -0.146190 -0.184338 -0.094432  0.223580  0.517810  0.374761  0.084161
                                -0.011702  0.021641 -0.020528  0.009338 -0.001372  0.000112 -0.000018  0.000015 -0.000004  0.000001
                                -0.000001  0.000000  0.000000  0.000000  0.000000  0.000000  0.000000  0.000000  0.000000  0.000000
                                 0.000000  0.000000  0.000000  0.000000  0.000000  0.000000  0.000000  0.000000  0.000000  0.000000
                                -0.000000 -0.000000 -0.000000 -0.000000 -0.000000 -0.000000 -0.000000 -0.000000 -0.000000 -0.000000
                                 0.000000  0.000000 -0.000000 -0.000000  0.000000  0.000000  0.000000  0.000000  0.000000  0.000000
                                 0.000000  0.000000  0.000000  0.000000  0.000000  0.000000

   3.1  2.00000   -74.668524     0.000000  0.000001  0.000004  0.000012  0.000035  0.000098  0.000267  0.000694  0.001737  0.004177
                                 0.009585  0.020766  0.041351  0.072099  0.095874  0.053485 -0.155830 -0.481769 -0.460143  0.250122
                                 0.836541 -0.155343  0.547578 -0.110025  0.051717 -0.002099  0.000634 -0.000402  0.000114 -0.000040
                                 0.000031 -0.000010  0.000000 -0.000000  0.000000 -0.000000  0.000000 -0.000000  0.000000 -0.000000
                                 0.000000 -0.000000  0.000000 -0.000000  0.000000 -0.000000  0.000000 -0.000000  0.000000 -0.000000
                                -0.000000 -0.000000 -0.000000 -0.000000 -0.000000 -0.000000 -0.000000  0.000000 -0.000000 -0.000000
                                 0.000000  0.000000 -0.000000 -0.000000  0.000000  0.000000  0.000000  0.000000  0.000000  0.000000
                                 0.000000  0.000000  0.000000  0.000000  0.000000  0.000000

   4.1  2.00000   -56.474051     0.000000  0.000000  0.000000  0.000000  0.000000  0.000000  0.000000  0.000000  0.000000  0.000000
                                 0.000000  0.000000  0.000000  0.000000  0.000000  0.000000 -0.000000 -0.000000 -0.000000  0.000000
                                 0.000000 -0.000000  0.000000 -0.000000 -0.000000 -0.000000  0.000000  0.000000 -0.000000  0.000000
                                -0.000000  0.000000  0.000026  0.000010  0.000372  0.000143  0.002793  0.001077  0.014337  0.005532
                                 0.053009  0.020453  0.143589  0.055403  0.272966  0.105322  0.344044  0.132748  0.234674  0.090548
                                 0.065157  0.025141  0.003684  0.001421  0.000150  0.000058 -0.000101 -0.000039  0.000034  0.000013
                                -0.000013 -0.000005  0.000004  0.000002  0.000000  0.000000  0.000000  0.000000  0.000000  0.000000
                                 0.000000  0.000000  0.000000  0.000000  0.000000  0.000000

   5.1  2.00000   -56.474051     0.000000  0.000000  0.000000  0.000000  0.000000  0.000000  0.000000  0.000000  0.000000  0.000000
                                 0.000000  0.000000  0.000000  0.000000  0.000000  0.000000 -0.000000 -0.000000 -0.000000  0.000000
                                 0.000000 -0.000000  0.000000  0.000000 -0.000000 -0.000000  0.000000  0.000000 -0.000000  0.000000
                                -0.000000  0.000000 -0.000010  0.000026 -0.000143  0.000372 -0.001077  0.002793 -0.005532  0.014337
                                -0.020453  0.053009 -0.055403  0.143589 -0.105322  0.272966 -0.132748  0.344044 -0.090548  0.234674
                                -0.025141  0.065157 -0.001421  0.003684 -0.000058  0.000150  0.000039 -0.000101 -0.000013  0.000034
                                 0.000005 -0.000013 -0.000002  0.000004  0.000000  0.000000  0.000000  0.000000  0.000000  0.000000
                                 0.000000  0.000000  0.000000  0.000000  0.000000  0.000000

   6.1  2.00000   -23.229980    -0.000000 -0.000001 -0.000002 -0.000006 -0.000017 -0.000049 -0.000133 -0.000347 -0.000866 -0.002089
                                -0.004786 -0.010422 -0.020760 -0.036630 -0.048983 -0.028604  0.086815  0.281459  0.304720 -0.218935
                                -0.927228 -0.178079 -0.050633 -0.317939  1.001485  0.665810  0.044147 -0.003648  0.000711 -0.000165
                                 0.000121 -0.000036 -0.000000  0.000000 -0.000000  0.000000 -0.000000  0.000000 -0.000000  0.000000
                                -0.000000  0.000000 -0.000000  0.000000 -0.000000  0.000000 -0.000000  0.000000 -0.000000  0.000000
                                 0.000000  0.000000  0.000000  0.000000  0.000000  0.000000  0.000000 -0.000000  0.000000  0.000000
                                -0.000000 -0.000000  0.000000  0.000000  0.000000  0.000000  0.000000  0.000000  0.000000  0.000000
                                 0.000000  0.000000  0.000000  0.000000  0.000000  0.000000

   7.1  2.00000   -15.743013    -0.000000 -0.000000 -0.000000 -0.000000 -0.000000 -0.000000 -0.000000 -0.000000 -0.000000 -0.000000
                                -0.000000 -0.000000 -0.000000 -0.000000 -0.000000 -0.000000  0.000000  0.000000  0.000000 -0.000000
                                -0.000000  0.000000 -0.000000  0.000000  0.000000  0.000000 -0.000000 -0.000000  0.000000 -0.000000
                                 0.000000 -0.000000 -0.000002 -0.000014 -0.000028 -0.000202 -0.000212 -0.001515 -0.001102 -0.007861
                                -0.004117 -0.029365 -0.011425 -0.081485 -0.021628 -0.154254 -0.025378 -0.181005 -0.001094 -0.007804
                                 0.050022  0.356771  0.071515  0.510067  0.030577  0.218084  0.001694  0.012083  0.000044  0.000311
                                -0.000027 -0.000193  0.000009  0.000063  0.000000  0.000000  0.000000  0.000000  0.000000  0.000000
                                 0.000000  0.000000  0.000000  0.000000  0.000000  0.000000

   8.1  2.00000   -15.743013     0.000000  0.000000  0.000000  0.000000  0.000000  0.000000  0.000000  0.000000  0.000000  0.000000
                                 0.000000  0.000000  0.000000  0.000000  0.000000  0.000000 -0.000000 -0.000000 -0.000000  0.000000
                                 0.000000 -0.000000  0.000000 -0.000000 -0.000000 -0.000000  0.000000  0.000000 -0.000000  0.000000
                                -0.000000  0.000000 -0.000014  0.000002 -0.000202  0.000028 -0.001515  0.000212 -0.007861  0.001102
                                -0.029365  0.004117 -0.081485  0.011425 -0.154254  0.021628 -0.181005  0.025378 -0.007804  0.001094
                                 0.356771 -0.050022  0.510067 -0.071515  0.218084 -0.030577  0.012083 -0.001694  0.000311 -0.000044
                                -0.000193  0.000027  0.000063 -0.000009  0.000000  0.000000  0.000000  0.000000  0.000000  0.000000
                                 0.000000  0.000000  0.000000  0.000000  0.000000  0.000000

   9.1  2.00000    -9.165853     0.000000  0.000000  0.000001  0.000003  0.000009  0.000025  0.000067  0.000174  0.000436  0.001050
                                 0.002412  0.005238  0.010485  0.018446  0.024936  0.014327 -0.044209 -0.149393 -0.161441  0.109404
                                 0.721352 -0.317940  0.708806 -0.179869 -0.925211 -1.117256  1.227134  0.611807 -0.026957  0.008913
                                -0.006772  0.002048  0.000000 -0.000000  0.000000 -0.000000  0.000000 -0.000000  0.000000 -0.000000
                                 0.000000 -0.000000  0.000000 -0.000000  0.000000 -0.000000  0.000000 -0.000000  0.000000 -0.000000
                                -0.000000 -0.000000 -0.000000 -0.000000 -0.000000 -0.000000 -0.000000  0.000000 -0.000000 -0.000000
                                 0.000000  0.000000 -0.000000 -0.000000  0.000000  0.000000  0.000000  0.000000  0.000000  0.000000
                                 0.000000  0.000000  0.000000  0.000000  0.000000  0.000000

                                   1 2px     1 2px     1 2px     1 2px     1 2px     1 2px     1 2px     1 2px     1 2px     1 2px  
                                   1 2px     1 2px     1 2px     1 2px     1 2px     1 2px     1 2px     1 2px     1 2px     1 2px  
                                   1 2px     1 2px     1 2px     1 2px     1 2px     1 4f1+    1 4f3+    1 4f1+    1 4f3+    1 4f1+ 
                                   1 4f3+    1 4f1+    1 4f3+    1 4f1+    1 4f3+    1 4f1+    1 4f3+    1 4f1+    1 4f3+    1 4f1+ 
                                   1 4f3+    1 4f1+    1 4f3+    1 4f1+    1 4f3+    1 4f1+    1 4f3+    1 4f1+    1 4f3+    1 4f1+ 
                                   1 4f3+    1 6h1+    1 6h3+    1 6h5+ 

   1.2  2.00000  -278.651864     0.000000  0.000000  0.000002  0.000018  0.000130  0.000783  0.003879  0.015893  0.053725  0.144898
                                 0.289513  0.370837  0.239233  0.055393  0.002699 -0.000346  0.000902 -0.000852  0.000122 -0.000054
                                 0.000032 -0.000014  0.000006 -0.000002  0.000001  0.000000  0.000000  0.000000  0.000000  0.000000
                                 0.000000  0.000000  0.000000  0.000000  0.000000  0.000000  0.000000  0.000000  0.000000  0.000000
                                 0.000000  0.000000  0.000000  0.000000  0.000000  0.000000  0.000000  0.000000  0.000000  0.000000
                                 0.000000  0.000000  0.000000  0.000000

   2.2  2.00000   -68.261710    -0.000000 -0.000000 -0.000001 -0.000009 -0.000063 -0.000382 -0.001900 -0.007871 -0.027239 -0.076704
                                -0.163469 -0.220717 -0.058030  0.349632  0.529696  0.233075 -0.002391  0.025837  0.000604 -0.000129
                                -0.000012 -0.000017  0.000008 -0.000003  0.000001  0.000000  0.000000  0.000000  0.000000  0.000000
                                 0.000000  0.000000  0.000000  0.000000  0.000000  0.000000  0.000000  0.000000  0.000000  0.000000
                                 0.000000  0.000000  0.000000  0.000000  0.000000  0.000000  0.000000  0.000000  0.000000  0.000000
                                 0.000000  0.000000  0.000000  0.000000

   3.2  2.00000   -20.563857     0.000000  0.000000  0.000000  0.000004  0.000031  0.000188  0.000939  0.003902  0.013571  0.038605
                                 0.083558  0.114476  0.015457 -0.263734 -0.456664  0.016638 -0.024659  0.688829  0.452264  0.044518
                                 0.000338 -0.000155  0.000143 -0.000067  0.000021  0.000000  0.000000  0.000000  0.000000  0.000000
                                 0.000000  0.000000  0.000000  0.000000  0.000000  0.000000  0.000000  0.000000  0.000000  0.000000
                                 0.000000  0.000000  0.000000  0.000000  0.000000  0.000000  0.000000  0.000000  0.000000  0.000000
                                 0.000000  0.000000  0.000000  0.000000

   4.2  1.33333    -7.940013    -0.000000 -0.000000 -0.000000 -0.000002 -0.000016 -0.000094 -0.000471 -0.001951 -0.006822 -0.019371
                                -0.042322 -0.057661 -0.006768  0.149095  0.256981 -0.039884 -0.004521 -0.576948 -0.413012  0.848078
                                 0.527169 -0.026864  0.013174 -0.005012  0.001433  0.000000  0.000000  0.000000  0.000000  0.000000
                                 0.000000  0.000000  0.000000  0.000000  0.000000  0.000000  0.000000  0.000000  0.000000  0.000000
                                 0.000000  0.000000  0.000000  0.000000  0.000000  0.000000  0.000000  0.000000  0.000000  0.000000
                                 0.000000  0.000000  0.000000  0.000000

                                   1 2py     1 2py     1 2py     1 2py     1 2py     1 2py     1 2py     1 2py     1 2py     1 2py  
                                   1 2py     1 2py     1 2py     1 2py     1 2py     1 2py     1 2py     1 2py     1 2py     1 2py  
                                   1 2py     1 2py     1 2py     1 2py     1 2py     1 4f1-    1 4f3-    1 4f1-    1 4f3-    1 4f1- 
                                   1 4f3-    1 4f1-    1 4f3-    1 4f1-    1 4f3-    1 4f1-    1 4f3-    1 4f1-    1 4f3-    1 4f1- 
                                   1 4f3-    1 4f1-    1 4f3-    1 4f1-    1 4f3-    1 4f1-    1 4f3-    1 4f1-    1 4f3-    1 4f1- 
                                   1 4f3-    1 6h1-    1 6h3-    1 6h5- 

   1.3  2.00000  -278.651864     0.000000  0.000000  0.000002  0.000018  0.000130  0.000783  0.003879  0.015893  0.053725  0.144898
                                 0.289513  0.370837  0.239233  0.055393  0.002699 -0.000346  0.000902 -0.000852  0.000122 -0.000054
                                 0.000032 -0.000014  0.000006 -0.000002  0.000001  0.000000  0.000000  0.000000  0.000000  0.000000
                                 0.000000  0.000000  0.000000  0.000000  0.000000  0.000000  0.000000  0.000000  0.000000  0.000000
                                 0.000000  0.000000  0.000000  0.000000  0.000000  0.000000  0.000000  0.000000  0.000000  0.000000
                                 0.000000  0.000000  0.000000  0.000000

   2.3  2.00000   -68.261710    -0.000000 -0.000000 -0.000001 -0.000009 -0.000063 -0.000382 -0.001900 -0.007871 -0.027239 -0.076704
                                -0.163469 -0.220717 -0.058030  0.349632  0.529696  0.233075 -0.002391  0.025837  0.000604 -0.000129
                                -0.000012 -0.000017  0.000008 -0.000003  0.000001  0.000000  0.000000  0.000000  0.000000  0.000000
                                 0.000000  0.000000  0.000000  0.000000  0.000000  0.000000  0.000000  0.000000  0.000000  0.000000
                                 0.000000  0.000000  0.000000  0.000000  0.000000  0.000000  0.000000  0.000000  0.000000  0.000000
                                 0.000000  0.000000  0.000000  0.000000

   3.3  2.00000   -20.563857     0.000000  0.000000  0.000000  0.000004  0.000031  0.000188  0.000939  0.003902  0.013571  0.038605
                                 0.083558  0.114476  0.015457 -0.263734 -0.456664  0.016638 -0.024659  0.688829  0.452264  0.044518
                                 0.000338 -0.000155  0.000143 -0.000067  0.000021  0.000000  0.000000  0.000000  0.000000  0.000000
                                 0.000000  0.000000  0.000000  0.000000  0.000000  0.000000  0.000000  0.000000  0.000000  0.000000
                                 0.000000  0.000000  0.000000  0.000000  0.000000  0.000000  0.000000  0.000000  0.000000  0.000000
                                 0.000000  0.000000  0.000000  0.000000

   4.3  1.33333    -7.940013    -0.000000 -0.000000 -0.000000 -0.000002 -0.000016 -0.000094 -0.000471 -0.001951 -0.006822 -0.019371
                                -0.042322 -0.057661 -0.006768  0.149095  0.256981 -0.039884 -0.004521 -0.576948 -0.413012  0.848078
                                 0.527169 -0.026864  0.013174 -0.005012  0.001433  0.000000  0.000000  0.000000  0.000000  0.000000
                                 0.000000  0.000000  0.000000  0.000000  0.000000  0.000000  0.000000  0.000000  0.000000  0.000000
                                 0.000000  0.000000  0.000000  0.000000  0.000000  0.000000  0.000000  0.000000  0.000000  0.000000
                                 0.000000  0.000000  0.000000  0.000000

                                   1 3d2-    1 3d2-    1 3d2-    1 3d2-    1 3d2-    1 3d2-    1 3d2-    1 3d2-    1 3d2-    1 3d2- 
                                   1 3d2-    1 3d2-    1 3d2-    1 3d2-    1 3d2-    1 3d2-    1 5g2-    1 5g4-    1 5g2-    1 5g4- 
                                   1 5g2-    1 5g4-    1 5g2-    1 5g4- 

   1.4  2.00000   -56.474051     0.000028  0.000399  0.002993  0.015367  0.056818  0.153907  0.292580  0.368766  0.251537  0.069839
                                 0.003949  0.000160 -0.000108  0.000037 -0.000014  0.000004  0.000000  0.000000  0.000000  0.000000
                                 0.000000  0.000000  0.000000  0.000000

   2.4  2.00000   -15.743013    -0.000014 -0.000204 -0.001529 -0.007938 -0.029652 -0.082282 -0.155762 -0.182776 -0.007881  0.360261
                                 0.515056  0.220217  0.012201  0.000314 -0.000195  0.000064  0.000000  0.000000  0.000000  0.000000
                                 0.000000  0.000000  0.000000  0.000000

                                   1 2pz     1 2pz     1 2pz     1 2pz     1 2pz     1 2pz     1 2pz     1 2pz     1 2pz     1 2pz  
                                   1 2pz     1 2pz     1 2pz     1 2pz     1 2pz     1 2pz     1 2pz     1 2pz     1 2pz     1 2pz  
                                   1 2pz     1 2pz     1 2pz     1 2pz     1 2pz     1 4f0     1 4f2+    1 4f0     1 4f2+    1 4f0  
                                   1 4f2+    1 4f0     1 4f2+    1 4f0     1 4f2+    1 4f0     1 4f2+    1 4f0     1 4f2+    1 4f0  
                                   1 4f2+    1 4f0     1 4f2+    1 4f0     1 4f2+    1 4f0     1 4f2+    1 4f0     1 4f2+    1 4f0  
                                   1 4f2+    1 6h2+    1 6h4+    1 6h0  

   1.5  2.00000  -278.651864     0.000000  0.000000  0.000002  0.000018  0.000130  0.000783  0.003879  0.015893  0.053725  0.144898
                                 0.289513  0.370837  0.239233  0.055393  0.002699 -0.000346  0.000902 -0.000852  0.000122 -0.000054
                                 0.000032 -0.000014  0.000006 -0.000002  0.000001  0.000000  0.000000  0.000000  0.000000  0.000000
                                 0.000000  0.000000  0.000000  0.000000  0.000000  0.000000  0.000000  0.000000  0.000000  0.000000
                                 0.000000  0.000000  0.000000  0.000000  0.000000  0.000000  0.000000  0.000000  0.000000  0.000000
                                 0.000000  0.000000  0.000000  0.000000

   2.5  2.00000   -68.261710    -0.000000 -0.000000 -0.000001 -0.000009 -0.000063 -0.000382 -0.001900 -0.007871 -0.027239 -0.076704
                                -0.163469 -0.220717 -0.058030  0.349632  0.529696  0.233075 -0.002391  0.025837  0.000604 -0.000129
                                -0.000012 -0.000017  0.000008 -0.000003  0.000001  0.000000  0.000000  0.000000  0.000000  0.000000
                                 0.000000  0.000000  0.000000  0.000000  0.000000  0.000000  0.000000  0.000000  0.000000  0.000000
                                 0.000000  0.000000  0.000000  0.000000  0.000000  0.000000  0.000000  0.000000  0.000000  0.000000
                                 0.000000  0.000000  0.000000  0.000000

   3.5  2.00000   -20.563857     0.000000  0.000000  0.000000  0.000004  0.000031  0.000188  0.000939  0.003902  0.013571  0.038605
                                 0.083558  0.114476  0.015457 -0.263734 -0.456664  0.016638 -0.024659  0.688829  0.452264  0.044518
                                 0.000338 -0.000155  0.000143 -0.000067  0.000021  0.000000  0.000000  0.000000  0.000000  0.000000
                                 0.000000  0.000000  0.000000  0.000000  0.000000  0.000000  0.000000  0.000000  0.000000  0.000000
                                 0.000000  0.000000  0.000000  0.000000  0.000000  0.000000  0.000000  0.000000  0.000000  0.000000
                                 0.000000  0.000000  0.000000  0.000000

   4.5  1.33333    -7.940013    -0.000000 -0.000000 -0.000000 -0.000002 -0.000016 -0.000094 -0.000471 -0.001951 -0.006822 -0.019371
                                -0.042322 -0.057661 -0.006768  0.149095  0.256981 -0.039884 -0.004521 -0.576948 -0.413012  0.848078
                                 0.527169 -0.026864  0.013174 -0.005012  0.001433  0.000000  0.000000  0.000000  0.000000  0.000000
                                 0.000000  0.000000  0.000000  0.000000  0.000000  0.000000  0.000000  0.000000  0.000000  0.000000
                                 0.000000  0.000000  0.000000  0.000000  0.000000  0.000000  0.000000  0.000000  0.000000  0.000000
                                 0.000000  0.000000  0.000000  0.000000

                                   1 3d1+    1 3d1+    1 3d1+    1 3d1+    1 3d1+    1 3d1+    1 3d1+    1 3d1+    1 3d1+    1 3d1+ 
                                   1 3d1+    1 3d1+    1 3d1+    1 3d1+    1 3d1+    1 3d1+    1 5g1+    1 5g3+    1 5g1+    1 5g3+ 
                                   1 5g1+    1 5g3+    1 5g1+    1 5g3+ 

   1.6  2.00000   -56.474051     0.000028  0.000399  0.002993  0.015367  0.056818  0.153907  0.292580  0.368766  0.251537  0.069839
                                 0.003949  0.000160 -0.000108  0.000037 -0.000014  0.000004  0.000000  0.000000  0.000000  0.000000
                                 0.000000  0.000000  0.000000  0.000000

   2.6  2.00000   -15.743013    -0.000014 -0.000204 -0.001529 -0.007938 -0.029652 -0.082282 -0.155762 -0.182776 -0.007881  0.360261
                                 0.515056  0.220217  0.012201  0.000314 -0.000195  0.000064  0.000000  0.000000  0.000000  0.000000
                                 0.000000  0.000000  0.000000  0.000000

                                   1 3d1-    1 3d1-    1 3d1-    1 3d1-    1 3d1-    1 3d1-    1 3d1-    1 3d1-    1 3d1-    1 3d1- 
                                   1 3d1-    1 3d1-    1 3d1-    1 3d1-    1 3d1-    1 3d1-    1 5g1-    1 5g3-    1 5g1-    1 5g3- 
                                   1 5g1-    1 5g3-    1 5g1-    1 5g3- 

   1.7  2.00000   -56.474051     0.000028  0.000399  0.002993  0.015367  0.056818  0.153907  0.292580  0.368766  0.251537  0.069839
                                 0.003949  0.000160 -0.000108  0.000037 -0.000014  0.000004  0.000000  0.000000  0.000000  0.000000
                                 0.000000  0.000000  0.000000  0.000000

   2.7  2.00000   -15.743013    -0.000014 -0.000204 -0.001529 -0.007938 -0.029652 -0.082282 -0.155762 -0.182776 -0.007881  0.360261
                                 0.515056  0.220217  0.012201  0.000314 -0.000195  0.000064  0.000000  0.000000  0.000000  0.000000
                                 0.000000  0.000000  0.000000  0.000000

 Total charge:  12.000000000000
 
 *** IN SYMMETRY 1 ORBITAL  4 SYMMETRY CONTAMINATION OF 0.278D+00 HAS BEEN REMOVED
 *** IN SYMMETRY 1 ORBITAL  5 SYMMETRY CONTAMINATION OF 0.278D+00 HAS BEEN REMOVED
 *** IN SYMMETRY 1 ORBITAL  7 SYMMETRY CONTAMINATION OF 0.123D+00 HAS BEEN REMOVED
 *** IN SYMMETRY 1 ORBITAL  8 SYMMETRY CONTAMINATION OF 0.123D+00 HAS BEEN REMOVED

 EXTRA SYMMETRY OF MOS IN SYMMETRY 1:   1 1 1 2 3 1 3 2 1 3   2 1 3 2 1 4 5 6 2 3   4 5 6 1 3 2 1 1 3 2   4 6 5 1 3 2 1 5 6 4
                                        1 3 2 1 3 2 1 3 2 1   1 3 2 1 2 3 1 2 3 1   3 2 1 1 2 3 1 1 1 1   1 1 1 1 1 1
 EXTRA SYMMETRY OF MOS IN SYMMETRY 2:   1 1 1 1 3 2 3 2 1 2   3 1 2 3 1 2 3 1 1 2   3 5 4 6 1 3 2 1 3 2   3 2 1 3 2 1 3 2 1 3
                                        2 1 2 3 1 1 1 1 1 1   1 1 1 1
 EXTRA SYMMETRY OF MOS IN SYMMETRY 3:   1 1 1 1 2 3 3 2 1 3   2 1 3 2 1 3 2 1 1 3   2 6 5 4 1 2 3 1 3 2   3 2 1 3 2 1 3 2 1 3
                                        2 1 3 2 1 1 1 1 1 1   1 1 1 1
 EXTRA SYMMETRY OF MOS IN SYMMETRY 4:   1 1 1 1 2 3 1 3 2 1   1 3 2 1 3 2 1 1 1 1   1 1 1 1
 EXTRA SYMMETRY OF MOS IN SYMMETRY 5:   1 1 1 1 3 2 2 3 1 2   3 1 2 3 1 3 2 1 1 2   3 4 5 6 1 2 3 1 2 3   2 3 1 2 3 1 2 3 1 2
                                        3 1 3 2 1 1 1 1 1 1   1 1 1 1
 EXTRA SYMMETRY OF MOS IN SYMMETRY 6:   1 1 1 1 2 3 1 3 2 1   1 2 3 1 2 3 1 1 1 1   1 1 1 1
 EXTRA SYMMETRY OF MOS IN SYMMETRY 7:   1 1 1 1 2 3 1 3 2 1   1 2 3 1 2 3 1 1 1 1   1 1 1 1
 EXTRA SYMMETRY OF MOS IN SYMMETRY 8:   1 1 1 1 1 1 2 3 1 1   1 1 1 1 1

 Natural orbital dump (state averaged) at molpro section  5202.2    (Orbital set 2)


 CI vector for state symmetry 1
 ==============================

 2 a a           1.0000000

 TOTAL ENERGIES                    -10773.76945540

 CI vector for state symmetry 2
 ==============================

 a 2 a           1.0000000

 TOTAL ENERGIES                    -10773.76945540

 CI vector for state symmetry 3
 ==============================

 a a 2           1.0000000

 TOTAL ENERGIES                    -10773.76945540



 **********************************************************************************************************************************
 DATASETS  * FILE   NREC   LENGTH (MB)   RECORD NAMES
              1      19       83.70       500      610      700      900      950      970     1000      129      960     1100   
                                          VAR    BASINP    GEOM    SYMINP    ZMAT    AOBASIS   BASIS     P2S    ABASIS      S 
                                         1400     1410     1200     1210     1080     1600     1650     1700     1380   
                                           T        V       H0       H01     AOSYM     SMH    MOLCAS    OPER     JKOP   

              2       6        8.95       200      700     1000      520     4202     5202   
                                        OPTIONS   GEOM     BASIS   MCVARS     RHF     MCSCF   

 PROGRAMS   *        TOTAL     MULTI       POP       RHF       INT
 CPU TIMES  *        63.24      3.52      0.00      6.91     52.54
 REAL TIME  *        70.61 SEC
 DISK USED  *         2.85 GB      
 SF USED    *       251.62 MB      
 GA USED    *         0.00 MB       (max)       0.00 MB       (current)
 **********************************************************************************************************************************


 PROGRAM * RHF-SCF (OPEN SHELL)       Authors: W. Meyer, H.-J. Werner


 NUMBER OF ELECTRONS:      27+   25-    SPACE SYMMETRY=7    SPIN SYMMETRY: Triplet 
 CONVERGENCE THRESHOLDS:    1.00E-05 (Density)    1.04E-07 (Energy)
 MAX. NUMBER OF ITERATIONS:        0
 INTERPOLATION TYPE:            DIIS
 INTERPOLATION STEPS:              2 (START)      1 (STEP)
 LEVEL SHIFTS:                 -0.60 (CLOSED) -0.30 (OPEN) 

 Number of closed-shell orbitals:   25 (   9   4   3   2   3   2   2   0 )
 Number of open-shell orbitals:      2 (   0   0   1   0   1   0   0   0 )


 Molecular orbitals read from record     5202.2  Type=MCSCF/NATURAL (state averaged)

 Molecular orbital dump at record        2129.2

 ITERATION    DDIFF          GRAD             ENERGY        2-EL.EN.            DIPOLE MOMENTS         DIIS   ORB.
    1      0.000D+00      0.000D+00    -10773.76945540   6998.501720    0.00000    0.00000    0.00000    0    start

 Final alpha occupancy:   9   4   4   2   4   2   2   0
 Final beta  occupancy:   9   4   3   2   3   2   2   0

 !RHF STATE 1.7 Energy               -10773.7694554045    
 Nuclear energy                         0.00000000
 One-electron energy               -14273.02031520
 Two-electron energy                 3499.25085979
 Virial quotient                       -0.99999967
 !RHF STATE 1.7 Dipole moment           0.00000000     0.00000000     0.00000000
 Dipole moment /Debye                   0.00000000     0.00000000     0.00000000

 Orbital energies:

         1.1          2.1          3.1          4.1          5.1          6.1          7.1          8.1          9.1         10.1
  -1757.343553  -292.932391   -74.668524   -56.474051   -56.474051   -23.229980   -15.743013   -15.743013    -9.165853    -5.953944

        11.1
     -5.953944

         1.2          2.2          3.2          4.2          5.2          6.2
   -278.651864   -68.261710   -20.563857    -7.940013    -8.924484    -8.924484

         1.3          2.3          3.3          4.3          5.3          6.3
   -278.651864   -68.261710   -20.563857    -7.940013    -8.924484    -8.924484

         1.4          2.4          3.4          4.4
    -56.474051   -15.743013    -5.953944    -3.413839

         1.5          2.5          3.5          4.5          5.5          6.5
   -278.651864   -68.261710   -20.563857    -7.940013    -8.924484    -8.924484

         1.6          2.6          3.6          4.6
    -56.474051   -15.743013    -5.953944    -3.413839

         1.7          2.7          3.7          4.7
    -56.474051   -15.743013    -5.953944    -3.413839

         1.8          2.8
     -8.924484    -4.191097

 HOMO      4.2    -7.940013 =    -216.0588eV
 LUMO      5.2    -8.924484 =    -242.8476eV
 LUMO-HOMO        -0.984471 =     -26.7888eV


 **********************************************************************************************************************************
 DATASETS  * FILE   NREC   LENGTH (MB)   RECORD NAMES
              1      19       83.70       500      610      700      900      950      970     1000      129      960     1100   
                                          VAR    BASINP    GEOM    SYMINP    ZMAT    AOBASIS   BASIS     P2S    ABASIS      S 
                                         1400     1410     1200     1210     1080     1600     1650     1700     1380   
                                           T        V       H0       H01     AOSYM     SMH    MOLCAS    OPER     JKOP   

              2       7       12.19       200      700     1000      520     4202     5202     2129   
                                        OPTIONS   GEOM     BASIS   MCVARS     RHF     MCSCF     RHF  

 PROGRAMS   *        TOTAL       RHF     MULTI       POP       RHF       INT
 CPU TIMES  *        63.39      0.14      3.52      0.00      6.91     52.54
 REAL TIME  *        70.86 SEC
 DISK USED  *         2.85 GB      
 SF USED    *       251.62 MB      
 GA USED    *         0.00 MB       (max)       0.00 MB       (current)
 **********************************************************************************************************************************
 SETTING SCF(15)        =    -10773.76945540  AU                              
 Output type csv         
                                                                                                                                                                                                                                                                

          SCF
        0.00000
        0.00000
        0.00000
        0.00000
        0.00000
        0.00000
        0.00000
        0.00000
        0.00000
        0.00000
        0.00000
        0.00000
        0.00000
        0.00000
   -10773.76946
                                                  

 RHF/USERDEF energy= -10773.769455404519

        RHF-SCF         MULTI           RHF-SCF 
 -10773.76945540 -10773.76945540 -10773.77268224
 **********************************************************************************************************************************
 Molpro calculation terminated
 Variable memory released
