
 Primary working directories    : /global/cscratch1/sd/haihan
 Secondary working directories  : /global/cscratch1/sd/haihan
 Wavefunction directory         : /global/homes/h/haihan/Research/ECP/f_group_element_ecps/Lu/Molpro/atom/ECP46_2/wfu/
 Main file repository           : /global/cscratch1/sd/haihan/

 SHA1      : 19cd028119e0e09f93f0674bd8af7968d9b3eff6
 NAME      : 2015.1.36
 ARCHNAME  : linux/x86_64
 FC        : /opt/cray/pe/craype/2.5.14/bin/ftn
 BLASLIB   : -L/opt/intel/compilers_and_libraries_2018.1.163/linux/mkl/lib/intel64 -Wl,-_start-group -lmkl_intel_ilp64 -lmkl_intel_thread -lmkl_core -Wl,-_end-group -liomp5
 id        : lbl

 Nodes     nprocs
 nid00910    11
 Number of processes for MPI-2 version of Molpro:   nprocs(total)=   12   nprocs(compute)=   11   nprocs(helper)=    1

 Using customized tuning parameters: mindgm=7; mindgv=16; mindgc=1; mindgr=1; noblas=0; minvec=7
 default implementation of scratch files=sf  

 ***,Calculation for Lu atom, singlet and triplet
 memory,1,g
 
 gthresh,twoint=1.e-15
 gthresh,oneint=1.e-15
 
 
 geometry={
 1
 Lu
 Lu  0.0 0.0 0.0
 }
 
 basis={
 ECP,Lu,46,4,0;
 4
 1, 3.14833474446234,  25.0
 3, 2.65115497652619,  78.7083686115585
 2, 2.78295903287120,  -72.60509167627022
 2, 3.46628519446209,  -2.15683842991001
 2
 2, 5.79136585352643,  250.310476835938
 2, 3.07955851231268,  11.4226597920253
 2
 2, 3.72571172950070,  61.7986494141870
 2, 4.05271563112787,  47.2939639434762
 2
 2, 2.52321040379140,  25.8874030444728
 2, 3.47082531866092,  35.4288883812381
 2
 2, 5.03278656337232,  -3.36898369803320
 2, 3.20307702617417,  -1.22025489182895
 Including file /global/u2/h/haihan/Research/ECP/f_group_element_ecps/Lu/Molpro/atom/ECP46_2/16/../aug-cc-pwCVTZ.basis
 }
 
 
 
 Including file /global/u2/h/haihan/Research/ECP/f_group_element_ecps/Lu/Molpro/atom/ECP46_2/16/../Lu46_states_ecp.proc
 
 do i=16,16
     if (i.eq.1) then
         Id1s2
     else if (i.eq.2) then
         Ip1s2
     else if (i.eq.3) then
         IEd2s1
     else if (i.eq.4) then
         IEf1s2
     else if (i.eq.5) then
         IIds2
     else if (i.eq.6) then
         IId1s1
     else if (i.eq.7) then
         IIIds1
     else if (i.eq.8) then
         IIIp1
     else if (i.eq.9) then
         IIId1
     else if (i.eq.10) then
         IIIEf1
     else if (i.eq.11) then
         VIp6
     else if (i.eq.12) then
         VIIp5
     else if (i.eq.13) then
         VIIIp4
     else if (i.eq.14) then
         IXp3
     else if (i.eq.15) then
         Xp
     else if (i.eq.16) then
         XIds2
     else if (i.eq.17) then
         IIIEf2
     endif
     scf(i)=energy
     _CC_NORM_MAX=2.0
     {rccsd(t),shifts=0.5,shiftp=0.5,thrdis=1.0;diis,1,1,15,1;maxit,100;core}
     ccsd(i)=energy
 enddo
 
 table,scf,ccsd
 type,csv
 save

 Variables initialized (889), CPU time= 0.01 sec
 Commands  initialized (702), CPU time= 0.01 sec, 572 directives.
 Default parameters read. Elapsed time= 0.12 sec

 Checking input...
 Passed
1


                                         ***  PROGRAM SYSTEM MOLPRO  ***
                                       Copyright, TTI GmbH Stuttgart, 2015
                                    Version 2015.1 linked Dec 29 2018 15:55:43


 **********************************************************************************************************************************
 LABEL *   Calculation for Lu atom, singlet and triplet                                  
  64 bit mpp version                                                                     DATE: 31-Mar-23          TIME: 18:09:38  
 **********************************************************************************************************************************

 SHA1:             19cd028119e0e09f93f0674bd8af7968d9b3eff6
 **********************************************************************************************************************************

 THRESHOLDS:

 ZERO    =  1.00D-12  ONEINT  =  1.00D-12  TWOINT  =  1.00D-15  PREFAC  =  1.00D-14  LOCALI  =  1.00D-09  EORDER  =  1.00D-04
 ENERGY  =  0.00D+00  ETEST   =  0.00D+00  EDENS   =  0.00D+00  THRDEDEF=  1.00D-06  GRADIENT=  1.00D-02  STEP    =  1.00D-03
 ORBITAL =  1.00D-05  CIVEC   =  1.00D-05  COEFF   =  1.00D-04  PRINTCI =  5.00D-02  PUNCHCI =  9.90D+01  OPTGRAD =  3.00D-04
 OPTENERG=  1.00D-06  OPTSTEP =  3.00D-04  THRGRAD =  1.00D-10  COMPRESS=  1.00D-11  VARMIN  =  1.00D-07  VARMAX  =  1.00D-03
 THRDOUB =  0.00D+00  THRDIV  =  1.00D-05  THRRED  =  1.00D-07  THRPSP  =  1.00D+00  THRDC   =  1.00D-10  THRCS   =  1.00D-10
 THRNRM  =  1.00D-08  THREQ   =  0.00D+00  THRDE   =  1.00D+00  THRREF  =  1.00D-05  SPARFAC =  1.00D+00  THRDLP  =  1.00D-07
 THRDIA  =  1.00D-10  THRDLS  =  1.00D-07  THRGPS  =  0.00D+00  THRKEX  =  0.00D+00  THRDIS  =  2.00D-01  THRVAR  =  1.00D-10
 THRLOC  =  1.00D-06  THRGAP  =  1.00D-06  THRLOCT = -1.00D+00  THRGAPT = -1.00D+00  THRORB  =  1.00D-06  THRMLTP =  0.00D+00
 THRCPQCI=  1.00D-10  KEXTA   =  0.00D+00  THRCOARS=  0.00D+00  SYMTOL  =  1.00D-06  GRADTOL =  1.00D-06  THROVL  =  1.00D-08
 THRORTH =  1.00D-08  GRID    =  1.00D-06  GRIDMAX =  1.00D-03  DTMAX   =  0.00D+00  THROCCDE=  1.00D-01  THROCCDE=  1.00D-01



 THRESHOLDS:

 ZERO    =  1.00D-12  ONEINT  =  1.00D-15  TWOINT  =  1.00D-15  PREFAC  =  1.00D-14  LOCALI  =  1.00D-09  EORDER  =  1.00D-04
 ENERGY  =  0.00D+00  ETEST   =  0.00D+00  EDENS   =  0.00D+00  THRDEDEF=  1.00D-06  GRADIENT=  1.00D-02  STEP    =  1.00D-03
 ORBITAL =  1.00D-05  CIVEC   =  1.00D-05  COEFF   =  1.00D-04  PRINTCI =  5.00D-02  PUNCHCI =  9.90D+01  OPTGRAD =  3.00D-04
 OPTENERG=  1.00D-06  OPTSTEP =  3.00D-04  THRGRAD =  1.00D-10  COMPRESS=  1.00D-11  VARMIN  =  1.00D-07  VARMAX  =  1.00D-03
 THRDOUB =  0.00D+00  THRDIV  =  1.00D-05  THRRED  =  1.00D-07  THRPSP  =  1.00D+00  THRDC   =  1.00D-10  THRCS   =  1.00D-10
 THRNRM  =  1.00D-08  THREQ   =  0.00D+00  THRDE   =  1.00D+00  THRREF  =  1.00D-05  SPARFAC =  1.00D+00  THRDLP  =  1.00D-07
 THRDIA  =  1.00D-10  THRDLS  =  1.00D-07  THRGPS  =  0.00D+00  THRKEX  =  0.00D+00  THRDIS  =  2.00D-01  THRVAR  =  1.00D-10
 THRLOC  =  1.00D-06  THRGAP  =  1.00D-06  THRLOCT = -1.00D+00  THRGAPT = -1.00D+00  THRORB  =  1.00D-06  THRMLTP =  0.00D+00
 THRCPQCI=  1.00D-10  KEXTA   =  0.00D+00  THRCOARS=  0.00D+00  SYMTOL  =  1.00D-06  GRADTOL =  1.00D-06  THROVL  =  1.00D-08
 THRORTH =  1.00D-08  GRID    =  1.00D-06  GRIDMAX =  1.00D-03  DTMAX   =  0.00D+00  THROCCDE=  1.00D-01  THROCCDE=  1.00D-01



Geometry recognized as XYZ


 Variable memory set to 1000000000 words,  buffer space   230000 words

 SETTING BASIS          =    USERDEF

 DO I                   =        16.00000000   

 Running procedure=XIDS2


 Recomputing integrals since basis changed


 Using spherical harmonics



 PROGRAM * SEWARD (Integral evaluation for generally contracted gaussian basis sets)     Author: Roland Lindh, 1990

 Geometry written to block  1 of record 700

 Orientation using atomic masses  
 Molecule type: Atom
 Symmetry elements: X,Y,Z
 Rotational constants:       0.0000000      0.0000000      0.0000000 GHz  (calculated with average atomic masses)

 Point group  D2h 



 ATOMIC COORDINATES

 NR  ATOM    CHARGE       X              Y              Z

   1  LU     25.00    0.000000000    0.000000000    0.000000000

 NUCLEAR CHARGE:                   25
 NUMBER OF PRIMITIVE AOS:         581
 NUMBER OF SYMMETRY AOS:          442
 NUMBER OF CONTRACTIONS:          442   ( 103Ag  +  70B3u +  70B2u +  36B1g +  70B1u +  36B2g +  36B3g +  21Au  )
 NUMBER OF CORE ORBITALS:           0   (   0Ag  +   0B3u +   0B2u +   0B1g +   0B1u +   0B2g +   0B3g +   0Au  )
 NUMBER OF VALENCE ORBITALS:       17   (   4Ag  +   3B3u +   3B2u +   1B1g +   3B1u +   1B2g +   1B3g +   1Au  )


 NUCLEAR REPULSION ENERGY    0.00000000

 EXTRA SYMMETRY OF AOS IN SYMMETRY 1:   1 1 1 1 1 1 1 1 1 1   1 1 1 1 1 1 1 1 1 1   1 1 1 1 1 1 1 1 1 1   1 1 1 1 1 1 1 1 2 3
                                        2 3 2 3 2 3 2 3 2 3   2 3 2 3 2 3 2 3 2 3   2 3 2 3 2 3 2 3 2 3   2 3 2 3 2 3 2 3 2 3
                                        2 3 4 5 6 4 5 6 4 5   6 4 5 6 4 5 6 4 5 6   4 5 6
 EXTRA SYMMETRY OF AOS IN SYMMETRY 2:   1 1 1 1 1 1 1 1 1 1   1 1 1 1 1 1 1 1 1 1   1 1 1 1 1 1 1 1 1 1   1 2 3 2 3 2 3 2 3 2
                                        3 2 3 2 3 2 3 2 3 2   3 2 3 2 3 2 3 2 3 2   3 4 5 6 4 5 6 4 5 6
 EXTRA SYMMETRY OF AOS IN SYMMETRY 3:   1 1 1 1 1 1 1 1 1 1   1 1 1 1 1 1 1 1 1 1   1 1 1 1 1 1 1 1 1 1   1 2 3 2 3 2 3 2 3 2
                                        3 2 3 2 3 2 3 2 3 2   3 2 3 2 3 2 3 2 3 2   3 4 5 6 4 5 6 4 5 6
 EXTRA SYMMETRY OF AOS IN SYMMETRY 4:   1 1 1 1 1 1 1 1 1 1   1 1 1 1 1 1 1 1 1 1   1 1 2 3 2 3 2 3 2 3   2 3 2 3 2 3
 EXTRA SYMMETRY OF AOS IN SYMMETRY 5:   1 1 1 1 1 1 1 1 1 1   1 1 1 1 1 1 1 1 1 1   1 1 1 1 1 1 1 1 1 1   1 2 3 2 3 2 3 2 3 2
                                        3 2 3 2 3 2 3 2 3 2   3 2 3 2 3 2 3 2 3 2   3 4 5 6 4 5 6 4 5 6
 EXTRA SYMMETRY OF AOS IN SYMMETRY 6:   1 1 1 1 1 1 1 1 1 1   1 1 1 1 1 1 1 1 1 1   1 1 2 3 2 3 2 3 2 3   2 3 2 3 2 3
 EXTRA SYMMETRY OF AOS IN SYMMETRY 7:   1 1 1 1 1 1 1 1 1 1   1 1 1 1 1 1 1 1 1 1   1 1 2 3 2 3 2 3 2 3   2 3 2 3 2 3
 EXTRA SYMMETRY OF AOS IN SYMMETRY 8:   1 1 1 1 1 1 1 1 1 1   1 1 1 1 1 2 3 2 3 2   3

 Eigenvalues of metric

         1 0.333E-06 0.964E-06 0.340E-05 0.186E-04 0.475E-04 0.703E-04 0.799E-04 0.799E-04
         2 0.960E-06 0.179E-05 0.251E-04 0.110E-03 0.525E-03 0.525E-03 0.534E-03 0.156E-02
         3 0.960E-06 0.179E-05 0.251E-04 0.110E-03 0.525E-03 0.525E-03 0.534E-03 0.156E-02
         4 0.799E-04 0.144E-03 0.223E-02 0.632E-02 0.897E-02 0.238E-01 0.240E-01 0.240E-01
         5 0.960E-06 0.179E-05 0.251E-04 0.110E-03 0.525E-03 0.525E-03 0.534E-03 0.156E-02
         6 0.799E-04 0.144E-03 0.223E-02 0.632E-02 0.897E-02 0.238E-01 0.240E-01 0.240E-01
         7 0.799E-04 0.144E-03 0.223E-02 0.632E-02 0.897E-02 0.238E-01 0.240E-01 0.240E-01
         8 0.525E-03 0.142E-01 0.219E-01 0.528E-01 0.103E+00 0.167E+00 0.268E+00 0.268E+00


 Contracted 2-electron integrals neglected if value below      1.0D-15
 AO integral compression algorithm  1   Integral accuracy      1.0D-15

     3532.128 MB (compressed) written to integral file ( 42.0%)

     Node minimum: 189.792 MB, node maximum: 427.557 MB


 NUMBER OF SORTED TWO-ELECTRON INTEGRALS:   55754337.     BUFFER LENGTH:  32768
 NUMBER OF SEGMENTS:   2  SEGMENT LENGTH:   31983219      RECORD LENGTH: 524288

 Memory used in sort:      32.54 MW

 SORT1 READ  1050599776. AND WROTE    32342641. INTEGRALS IN     94 RECORDS. CPU TIME:    28.21 SEC, REAL TIME:    33.04 SEC
 SORT2 READ   352987961. AND WROTE   613618504. INTEGRALS IN  12760 RECORDS. CPU TIME:     1.49 SEC, REAL TIME:     4.67 SEC

 Node minimum:    55639389.  Node maximum:    55868715. integrals

 OPERATOR DM      FOR CENTER  0  COORDINATES:    0.000000    0.000000    0.000000


 **********************************************************************************************************************************
 DATASETS  * FILE   NREC   LENGTH (MB)   RECORD NAMES
              1      19       21.26       500      610      700      900      950      970     1000      129      960     1100   
                                          VAR    BASINP    GEOM    SYMINP    ZMAT    AOBASIS   BASIS     P2S    ABASIS      S 
                                         1400     1410     1420     1200     1210     1080     1600     1650     1700   
                                           T        V       ECP      H0       H01     AOSYM     SMH    MOLCAS    OPER   

 PROGRAMS   *        TOTAL       INT
 CPU TIMES  *       160.42    159.89
 REAL TIME  *       170.85 SEC
 DISK USED  *         7.76 GB      
 GA USED    *         0.00 MB       (max)       0.00 MB       (current)
 **********************************************************************************************************************************


 PROGRAM * RHF-SCF (CLOSED SHELL)       Authors: W. Meyer, H.-J. Werner


 NUMBER OF ELECTRONS:       8+    8-    SPACE SYMMETRY=1    SPIN SYMMETRY: Singlet 
 CONVERGENCE THRESHOLDS:    1.00E-05 (Density)    1.00E-07 (Energy)
 MAX. NUMBER OF ITERATIONS:       60
 INTERPOLATION TYPE:            DIIS
 INTERPOLATION STEPS:              2 (START)      1 (STEP)
 LEVEL SHIFTS:                  0.00 (CLOSED)  0.00 (OPEN) 

 Number of closed-shell orbitals:    8 (   1   2   2   0   2   0   0   1 )


 Guess basis ATOMIC-GUESS,LU=ECP46_GUESS not found. No density guess!


 Molecular orbital dump at record        4202.2

 ITERATION    DDIFF          GRAD             ENERGY        2-EL.EN.            DIPOLE MOMENTS         DIIS   ORB.
    1      0.000D+00      0.000D+00      -140.88085761    237.243625    0.00000    0.00000    0.00000    0    start
    2      0.000D+00      0.292D+00      -156.55931370    126.634459    0.00000    0.00000    0.00000    0    diag
    3      0.142D+00      0.182D+00      -164.41766060    180.286322    0.00000    0.00000    0.00000    1    diag
    4      0.970D-01      0.962D-01      -166.03610721    166.073371    0.00000    0.00000    0.00000    2    diag
    5      0.349D-01      0.845D-02      -166.05029267    164.748890    0.00000    0.00000    0.00000    3    diag
    6      0.865D-02      0.620D-03      -166.05063177    164.673850    0.00000    0.00000    0.00000    4    diag
    7      0.773D-03      0.314D-03      -166.05095812    164.675448    0.00000    0.00000    0.00000    5    diag
    8      0.961D-04      0.308D-03      -166.05126164    164.674751    0.00000    0.00000    0.00000    6    diag
    9      0.843D-04      0.313D-03      -166.05088115    164.675071    0.00000    0.00000    0.00000    7    diag
   10      0.127D-03      0.279D-03      -166.05042486    164.677217    0.00000    0.00000    0.00000    8    orth
   11      0.486D-03      0.163D-03      -166.05045879    164.677058    0.00000    0.00000    0.00000    9    diag
   12      0.841D-04      0.140D-03      -166.05053109    164.676073    0.00000    0.00000    0.00000    9    diag
   13      0.140D-03      0.113D-03      -166.05078074    164.673732    0.00000    0.00000    0.00000    9    diag
   14      0.329D-03      0.507D-04      -166.05082622    164.678024    0.00000    0.00000    0.00000    9    diag
   15      0.182D-03      0.148D-04      -166.05082710    164.676487    0.00000    0.00000    0.00000    9    diag
   16      0.243D-04      0.409D-05      -166.05082717    164.676380    0.00000    0.00000    0.00000    9    diag
   17      0.711D-05      0.102D-05      -166.05082717    164.676277    0.00000    0.00000    0.00000    0    orth

 Final occupancy:   1   2   2   0   2   0   0   1

 !RHF STATE 1.1 Energy               -166.050827172241
 Nuclear energy                         0.00000000
 One-electron energy                 -248.38896550
 Two-electron energy                   82.33813833
 Virial quotient                       -2.02998032
 !RHF STATE 1.1 Dipole moment           0.00000000     0.00000000     0.00000000
 Dipole moment /Debye                   0.00000000     0.00000000     0.00000000

 ELECTRON ORBITALS
 =================


   Orb  Occ    Energy  Couls-En    Coefficients

                                   1 1s      1 1s      1 1s      1 1s      1 1s      1 1s      1 1s      1 1s      1 1s      1 1s   
                                   1 1s      1 1s      1 1s      1 1s      1 1s      1 1s      1 1s      1 1s      1 1s      1 1s   
                                   1 1s      1 1s      1 1s      1 1s      1 1s      1 1s      1 1s      1 1s      1 1s      1 1s   
                                   1 1s      1 1s      1 1s      1 1s      1 1s      1 1s      1 1s      1 1s      1 3d0     1 3d2+ 
                                   1 3d0     1 3d2+    1 3d0     1 3d2+    1 3d0     1 3d2+    1 3d0     1 3d2+    1 3d0     1 3d2+ 
                                   1 3d0     1 3d2+    1 3d0     1 3d2+    1 3d0     1 3d2+    1 3d0     1 3d2+    1 3d0     1 3d2+ 
                                   1 3d0     1 3d2+    1 3d0     1 3d2+    1 3d0     1 3d2+    1 3d0     1 3d2+    1 3d0     1 3d2+ 
                                   1 3d0     1 3d2+    1 3d0     1 3d2+    1 3d0     1 3d2+    1 3d0     1 3d2+    1 3d0     1 3d2+ 
                                   1 3d0     1 3d2+    1 5g0     1 5g4+    1 5g2+    1 5g0     1 5g4+    1 5g2+    1 5g0     1 5g4+ 
                                   1 5g2+    1 5g0     1 5g4+    1 5g2+    1 5g0     1 5g4+    1 5g2+    1 5g0     1 5g4+    1 5g2+ 
                                   1 5g0     1 5g4+    1 5g2+ 

   1.1   2    -6.8808  -23.5858  0.000000 -0.000000  0.000000 -0.000000  0.000000 -0.000000  0.000000 -0.000000  0.000001 -0.000002
                                 0.000004 -0.000011  0.000032 -0.000103  0.000566  0.001760 -0.001135  0.001345 -0.001165 -0.001708
                                -0.005521  0.120623 -0.196774  0.024571  0.554965 -1.050781 -0.390120  1.488413  0.172027  0.063192
                                -0.076524  0.110359 -0.163510  0.120948 -0.046885  0.017854 -0.004561  0.000806  0.000000  0.000000
                                -0.000000 -0.000000  0.000000  0.000000 -0.000000 -0.000000  0.000000  0.000000 -0.000000 -0.000000
                                 0.000000  0.000000 -0.000000 -0.000000  0.000000  0.000001 -0.000001 -0.000002  0.000001  0.000002
                                -0.000000 -0.000001  0.000000  0.000000  0.000002  0.000006  0.000000  0.000000 -0.000000 -0.000000
                                -0.000000 -0.000000  0.000000  0.000000 -0.000000 -0.000000  0.000000  0.000000 -0.000000 -0.000000
                                 0.000000  0.000000 -0.000002  0.000004  0.000008  0.000074 -0.000187 -0.000330 -0.000562  0.001425
                                 0.002514 -0.000065  0.000164  0.000290  0.000072 -0.000182 -0.000322 -0.000030  0.000076  0.000133
                                 0.000010 -0.000025 -0.000043

   2.1   0    -3.9704  -17.2578 -0.000000  0.000000 -0.000000  0.000000 -0.000000  0.000000 -0.000000  0.000000 -0.000000  0.000000
                                -0.000000  0.000000 -0.000000  0.000000 -0.000000 -0.000000  0.000000 -0.000000  0.000000  0.000000
                                -0.000000  0.000000 -0.000000  0.000000  0.000000 -0.000001  0.000000  0.000001  0.000000 -0.000000
                                 0.000000 -0.000000  0.000000 -0.000000  0.000000 -0.000000  0.000000 -0.000000 -0.000000  0.000000
                                 0.000001 -0.000001 -0.000008  0.000004  0.000033 -0.000019 -0.000117  0.000068  0.000371 -0.000214
                                -0.001102  0.000636  0.003444 -0.001988 -0.016651  0.009613  0.040023 -0.023107 -0.036886  0.021296
                                 0.032232 -0.018609 -0.162808  0.093997  0.628621 -0.362933  0.433570 -0.250321 -0.114420  0.066060
                                 0.386063 -0.222893 -0.548384  0.316609  0.271400 -0.156692 -0.053200  0.030715  0.018939 -0.010934
                                -0.004999  0.002886  0.000048 -0.000057  0.000043  0.000544 -0.000643  0.000486  0.004525 -0.005354
                                 0.004046  0.004724 -0.005590  0.004224 -0.004583  0.005423 -0.004098  0.001781 -0.002108  0.001593
                                -0.000569  0.000673 -0.000509

   3.1   0    -3.9348  -17.1878  0.000000 -0.000000  0.000000 -0.000000  0.000000 -0.000000  0.000000 -0.000000  0.000000 -0.000000
                                 0.000000 -0.000000  0.000000 -0.000000  0.000000  0.000000 -0.000000  0.000000 -0.000000 -0.000000
                                 0.000000 -0.000002  0.000003 -0.000001 -0.000002  0.000006  0.000001 -0.000005 -0.000003  0.000000
                                -0.000000  0.000000 -0.000000  0.000000 -0.000000  0.000000 -0.000000  0.000000 -0.000000 -0.000000
                                 0.000001  0.000002 -0.000005 -0.000008  0.000021  0.000036 -0.000074 -0.000128  0.000234  0.000405
                                -0.000696 -0.001206  0.002180  0.003777 -0.010595 -0.018351  0.025593  0.044328 -0.023681 -0.041018
                                 0.020508  0.035520 -0.097575 -0.169006  0.359774  0.623150  0.255143  0.441923 -0.066203 -0.114668
                                 0.224431  0.388728 -0.318942 -0.552427  0.157900  0.273493 -0.030963 -0.053630  0.011024  0.019094
                                -0.002910 -0.005040  0.000075  0.000053 -0.000013  0.002255  0.001601 -0.000403  0.009482  0.006735
                                -0.001695  0.009742  0.006920 -0.001741 -0.009288 -0.006598  0.001660  0.003579  0.002543 -0.000640
                                -0.001140 -0.000810  0.000204

                                   1 2px     1 2px     1 2px     1 2px     1 2px     1 2px     1 2px     1 2px     1 2px     1 2px  
                                   1 2px     1 2px     1 2px     1 2px     1 2px     1 2px     1 2px     1 2px     1 2px     1 2px  
                                   1 2px     1 2px     1 2px     1 2px     1 2px     1 2px     1 2px     1 2px     1 2px     1 2px  
                                   1 2px     1 4f1+    1 4f3+    1 4f1+    1 4f3+    1 4f1+    1 4f3+    1 4f1+    1 4f3+    1 4f1+ 
                                   1 4f3+    1 4f1+    1 4f3+    1 4f1+    1 4f3+    1 4f1+    1 4f3+    1 4f1+    1 4f3+    1 4f1+ 
                                   1 4f3+    1 4f1+    1 4f3+    1 4f1+    1 4f3+    1 4f1+    1 4f3+    1 4f1+    1 4f3+    1 4f1+ 
                                   1 4f3+    1 6h1+    1 6h3+    1 6h5+    1 6h1+    1 6h3+    1 6h5+    1 6h1+    1 6h3+    1 6h5+ 


   1.2   2    -5.7854  -21.1694  0.000000 -0.000000  0.000000 -0.000000  0.000000 -0.000000  0.000001 -0.000005  0.000016 -0.000051
                                 0.000150 -0.000418  0.001154 -0.003505  0.012904 -0.106610  0.258311 -0.479415  0.809660 -0.781256
                                -0.020738  0.950103  0.020881  0.238431 -0.258476 -0.016999  0.011642  0.256284 -0.005703  0.002412
                                -0.000529  0.000000  0.000000 -0.000000 -0.000000  0.000002  0.000001 -0.000010 -0.000004  0.000050
                                 0.000022 -0.000142 -0.000062 -0.000664 -0.000285 -0.002704 -0.001163 -0.001642 -0.000703 -0.001211
                                -0.000518 -0.000319 -0.000138  0.000117  0.000050 -0.000095 -0.000041  0.000046  0.000020 -0.000015
                                -0.000006 -0.000404 -0.000479  0.000864 -0.001828  0.000268  0.002824  0.000159 -0.000382 -0.000085

   2.2   2    -4.4234  -19.7654 -0.000000  0.000000 -0.000000  0.000000 -0.000000  0.000000 -0.000000  0.000000 -0.000000  0.000000
                                -0.000000  0.000000 -0.000000  0.000000 -0.000000  0.000000 -0.000000  0.000001 -0.000002  0.000001
                                 0.000003 -0.000002 -0.000002 -0.000003 -0.000001 -0.000000  0.000000  0.000001 -0.000000  0.000000
                                -0.000000 -0.000007  0.000017  0.000049 -0.000115 -0.000240  0.000558  0.001159 -0.002694 -0.011780
                                 0.027383  0.018853 -0.043823 -0.063302  0.147146 -0.098799  0.229659 -0.171064  0.397639 -0.152827
                                 0.355248 -0.016786  0.039019  0.000499 -0.001160 -0.000082  0.000190 -0.000039  0.000091  0.000023
                                -0.000053  0.000358  0.000099  0.000223  0.000730  0.000203  0.000454  0.000273  0.000076  0.000170

   3.2   0    -3.6919  -18.7674  0.000000 -0.000000  0.000000 -0.000000  0.000000 -0.000000  0.000000 -0.000000  0.000000 -0.000000
                                 0.000000 -0.000001  0.000003 -0.000008  0.000030 -0.000282  0.000748 -0.001628  0.003010 -0.002234
                                -0.002542  0.003522  0.000308  0.003826  0.001421  0.000345 -0.000080 -0.001405  0.000029 -0.000012
                                 0.000003  0.000015  0.000007 -0.000105 -0.000045  0.000511  0.000220 -0.002469 -0.001062  0.025140
                                 0.010815 -0.040424 -0.017390  0.134580  0.057896  0.210624  0.090610  0.371936  0.160006  0.391331
                                 0.168350  0.073771  0.031737 -0.006813 -0.002931  0.005033  0.002165 -0.002300 -0.000990  0.000719
                                 0.000309  0.000358  0.000126 -0.000633  0.000763  0.000426 -0.001418  0.000092 -0.000213 -0.000052

   4.2   0    -2.5782  -11.7384 -0.000000  0.000000 -0.000000  0.000000 -0.000000  0.000000 -0.000002  0.000007 -0.000022  0.000070
                                -0.000204  0.000568 -0.001568  0.004750 -0.017419  0.143316 -0.345686  0.605086 -0.897560  0.808399
                                -0.202918 -0.432018 -1.175320  1.174937  2.751359  0.853755 -0.132073 -2.724548  0.058610 -0.024456
                                 0.005308 -0.000000 -0.000000  0.000003  0.000001 -0.000012 -0.000005  0.000056  0.000024 -0.000501
                                -0.000216  0.000896  0.000386 -0.001352 -0.000582 -0.000193 -0.000083 -0.004578 -0.001972  0.000322
                                 0.000141  0.006259  0.002700 -0.000139 -0.000060  0.000372  0.000160 -0.000212 -0.000091  0.000071
                                 0.000031  0.000314  0.000021 -0.000515  0.001023 -0.000722 -0.001324 -0.001659  0.002593  0.001512

                                   1 2py     1 2py     1 2py     1 2py     1 2py     1 2py     1 2py     1 2py     1 2py     1 2py  
                                   1 2py     1 2py     1 2py     1 2py     1 2py     1 2py     1 2py     1 2py     1 2py     1 2py  
                                   1 2py     1 2py     1 2py     1 2py     1 2py     1 2py     1 2py     1 2py     1 2py     1 2py  
                                   1 2py     1 4f1-    1 4f3-    1 4f1-    1 4f3-    1 4f1-    1 4f3-    1 4f1-    1 4f3-    1 4f1- 
                                   1 4f3-    1 4f1-    1 4f3-    1 4f1-    1 4f3-    1 4f1-    1 4f3-    1 4f1-    1 4f3-    1 4f1- 
                                   1 4f3-    1 4f1-    1 4f3-    1 4f1-    1 4f3-    1 4f1-    1 4f3-    1 4f1-    1 4f3-    1 4f1- 
                                   1 4f3-    1 6h1-    1 6h3-    1 6h5-    1 6h1-    1 6h3-    1 6h5-    1 6h1-    1 6h3-    1 6h5- 


   1.3   2    -5.7854  -21.1694  0.000000 -0.000000  0.000000 -0.000000  0.000000 -0.000000  0.000001 -0.000005  0.000016 -0.000051
                                 0.000150 -0.000418  0.001154 -0.003505  0.012904 -0.106609  0.258309 -0.479412  0.809654 -0.781251
                                -0.020739  0.950098  0.020885  0.238432 -0.258473 -0.016998  0.011642  0.256282 -0.005703  0.002412
                                -0.000529 -0.000000 -0.000000  0.000000  0.000000 -0.000002 -0.000002  0.000007  0.000009 -0.000033
                                -0.000043  0.000095  0.000122  0.000443  0.000572  0.001804  0.002329  0.001097  0.001418  0.000809
                                 0.001045  0.000213  0.000275 -0.000078 -0.000100  0.000063  0.000081 -0.000031 -0.000040  0.000010
                                 0.000013 -0.000674  0.000768 -0.000308 -0.001078  0.003174  0.000378 -0.000197 -0.000231 -0.000294

   2.3   2    -4.3493  -19.6608  0.000000 -0.000000  0.000000 -0.000000  0.000000 -0.000000  0.000000 -0.000000  0.000000 -0.000000
                                 0.000000 -0.000000  0.000000 -0.000000  0.000000 -0.000000  0.000000 -0.000000  0.000001 -0.000000
                                -0.000000  0.000001  0.000000  0.000001  0.000000  0.000000 -0.000000 -0.000000  0.000000 -0.000000
                                 0.000000  0.000014 -0.000011 -0.000098  0.000076  0.000474 -0.000367 -0.002290  0.001774  0.023315
                                -0.018058 -0.037217  0.028826  0.125779 -0.097419  0.196196 -0.151958  0.338308 -0.262027  0.310225
                                -0.240277  0.037547 -0.029081 -0.001856  0.001437  0.000869 -0.000673 -0.000266  0.000206  0.000065
                                -0.000051  0.000000  0.000000 -0.000000  0.000001  0.000000 -0.000001  0.000000  0.000000 -0.000000

   3.3   0    -3.6919  -18.7674 -0.000000  0.000000 -0.000000  0.000000 -0.000000  0.000000 -0.000000  0.000000 -0.000000  0.000000
                                -0.000000  0.000001 -0.000003  0.000008 -0.000030  0.000282 -0.000749  0.001630 -0.003014  0.002237
                                 0.002547 -0.003527 -0.000310 -0.003835 -0.001426 -0.000346  0.000080  0.001410 -0.000029  0.000012
                                -0.000003  0.000010  0.000013 -0.000070 -0.000090  0.000340  0.000439 -0.001646 -0.002125  0.016758
                                 0.021637 -0.026946 -0.034791  0.089711  0.115827  0.140401  0.181274  0.247930  0.320106  0.260860
                                 0.336801  0.049176  0.063492 -0.004542 -0.005864  0.003355  0.004332 -0.001533 -0.001980  0.000479
                                 0.000619 -0.000356  0.000645 -0.000055 -0.000884  0.001393 -0.000231  0.000108  0.000135  0.000164

   4.3   0    -2.5782  -11.7384 -0.000000  0.000000 -0.000000  0.000000 -0.000000  0.000000 -0.000002  0.000007 -0.000022  0.000070
                                -0.000204  0.000568 -0.001568  0.004750 -0.017419  0.143315 -0.345684  0.605082 -0.897554  0.808393
                                -0.202915 -0.432011 -1.175323  1.174927  2.751348  0.853761 -0.132072 -2.724536  0.058610 -0.024456
                                 0.005308  0.000000  0.000000 -0.000002 -0.000002  0.000008  0.000010 -0.000038 -0.000049  0.000334
                                 0.000431 -0.000597 -0.000771  0.000901  0.001163  0.000129  0.000166  0.003051  0.003939 -0.000214
                                -0.000275 -0.004169 -0.005381  0.000093  0.000120 -0.000248 -0.000320  0.000141  0.000182 -0.000047
                                -0.000061  0.000239 -0.000554 -0.000016  0.000140 -0.001705 -0.000628  0.000925  0.002588  0.002052

                                   1 3d2-    1 3d2-    1 3d2-    1 3d2-    1 3d2-    1 3d2-    1 3d2-    1 3d2-    1 3d2-    1 3d2- 
                                   1 3d2-    1 3d2-    1 3d2-    1 3d2-    1 3d2-    1 3d2-    1 3d2-    1 3d2-    1 3d2-    1 3d2- 
                                   1 3d2-    1 3d2-    1 5g2-    1 5g4-    1 5g2-    1 5g4-    1 5g2-    1 5g4-    1 5g2-    1 5g4- 
                                   1 5g2-    1 5g4-    1 5g2-    1 5g4-    1 5g2-    1 5g4- 

   1.4   0    -3.9704  -17.2578 -0.000000  0.000002 -0.000009  0.000038 -0.000136  0.000428 -0.001273  0.003977 -0.019227  0.046214
                                -0.042592  0.037218 -0.187993  0.725868  0.500642 -0.132121  0.445786 -0.633219  0.313385 -0.061430
                                 0.021869 -0.005773  0.000065 -0.000057  0.000729 -0.000644  0.006070 -0.005353  0.006336 -0.005587
                                -0.006147  0.005421  0.002389 -0.002107 -0.000763  0.000673

   2.4   0    -2.0850   -9.9731  0.000000 -0.000003  0.000015 -0.000062  0.000220 -0.000696  0.002073 -0.006491  0.031422 -0.075163
                                 0.067997 -0.045185  0.158880 -0.713648  0.137110  1.363013 -2.210239  3.017644 -1.447641  0.273319
                                -0.095514  0.024924 -0.000043  0.000038 -0.000518  0.000457 -0.004439  0.003915 -0.006952  0.006139
                                 0.006088 -0.005373 -0.002422  0.002138  0.000774 -0.000684

                                   1 2pz     1 2pz     1 2pz     1 2pz     1 2pz     1 2pz     1 2pz     1 2pz     1 2pz     1 2pz  
                                   1 2pz     1 2pz     1 2pz     1 2pz     1 2pz     1 2pz     1 2pz     1 2pz     1 2pz     1 2pz  
                                   1 2pz     1 2pz     1 2pz     1 2pz     1 2pz     1 2pz     1 2pz     1 2pz     1 2pz     1 2pz  
                                   1 2pz     1 4f0     1 4f2+    1 4f0     1 4f2+    1 4f0     1 4f2+    1 4f0     1 4f2+    1 4f0  
                                   1 4f2+    1 4f0     1 4f2+    1 4f0     1 4f2+    1 4f0     1 4f2+    1 4f0     1 4f2+    1 4f0  
                                   1 4f2+    1 4f0     1 4f2+    1 4f0     1 4f2+    1 4f0     1 4f2+    1 4f0     1 4f2+    1 4f0  
                                   1 4f2+    1 6h2+    1 6h4+    1 6h0     1 6h2+    1 6h4+    1 6h0     1 6h2+    1 6h4+    1 6h0  


   1.5   2    -5.7854  -21.1694  0.000000 -0.000000  0.000000 -0.000000  0.000000 -0.000000  0.000001 -0.000005  0.000016 -0.000051
                                 0.000150 -0.000418  0.001154 -0.003505  0.012904 -0.106610  0.258311 -0.479415  0.809659 -0.781255
                                -0.020738  0.950103  0.020881  0.238431 -0.258475 -0.016999  0.011642  0.256284 -0.005703  0.002412
                                -0.000529 -0.000000  0.000000  0.000000 -0.000001 -0.000001  0.000002  0.000003 -0.000011 -0.000014
                                 0.000053  0.000039 -0.000151  0.000181 -0.000699  0.000736 -0.002850  0.000448 -0.001728  0.000331
                                -0.001274  0.000087 -0.000337 -0.000032  0.000123  0.000026 -0.000100 -0.000013  0.000049  0.000004
                                -0.000016  0.000712 -0.000442  0.000662  0.003224 -0.000276  0.000956 -0.000280 -0.000230  0.000217

   2.5   2    -4.4234  -19.7654 -0.000000  0.000000 -0.000000  0.000000 -0.000000  0.000000 -0.000000  0.000000 -0.000000  0.000000
                                -0.000000  0.000000 -0.000000  0.000000 -0.000000  0.000000 -0.000000  0.000000 -0.000001  0.000000
                                 0.000002 -0.000001 -0.000002 -0.000003 -0.000001 -0.000000  0.000000  0.000001 -0.000000  0.000000
                                -0.000000  0.000018  0.000005 -0.000121 -0.000031  0.000588  0.000152 -0.002839 -0.000733  0.028863
                                 0.007453 -0.046191 -0.011927  0.155098  0.040049  0.242069  0.062507  0.419126  0.108226  0.374445
                                 0.096689  0.041128  0.010620 -0.001223 -0.000316  0.000200  0.000052  0.000095  0.000025 -0.000056
                                -0.000014 -0.000054  0.000328  0.000278 -0.000109  0.000669  0.000566 -0.000041  0.000250  0.000212

   3.5   0    -3.6919  -18.7674  0.000000 -0.000000  0.000000 -0.000000  0.000000 -0.000000  0.000000 -0.000000  0.000000 -0.000000
                                 0.000000 -0.000001  0.000003 -0.000008  0.000030 -0.000282  0.000748 -0.001627  0.003009 -0.002234
                                -0.002541  0.003522  0.000307  0.003825  0.001420  0.000345 -0.000080 -0.001404  0.000029 -0.000012
                                 0.000003 -0.000004  0.000016  0.000029 -0.000111 -0.000139  0.000538  0.000672 -0.002602 -0.006843
                                 0.026499  0.011002 -0.042608 -0.036629  0.141853 -0.057326  0.222006 -0.101231  0.392034 -0.106508
                                 0.412477 -0.020078  0.077757  0.001854 -0.007181 -0.001370  0.005305  0.000626 -0.002424 -0.000196
                                 0.000758 -0.000632  0.000181 -0.000337 -0.001345  0.000496 -0.000848 -0.000162 -0.000127  0.000119

   4.5   0    -2.5782  -11.7384 -0.000000  0.000000 -0.000000  0.000000 -0.000000  0.000000 -0.000002  0.000007 -0.000022  0.000070
                                -0.000204  0.000568 -0.001568  0.004750 -0.017419  0.143316 -0.345685  0.605085 -0.897558  0.808398
                                -0.202918 -0.432016 -1.175320  1.174935  2.751357  0.853757 -0.132073 -2.724545  0.058610 -0.024456
                                 0.005308  0.000000 -0.000000 -0.000001  0.000003  0.000003 -0.000013 -0.000015  0.000060  0.000136
                                -0.000528 -0.000244  0.000945  0.000368 -0.001425  0.000053 -0.000203  0.001246 -0.004827 -0.000087
                                 0.000342 -0.001701  0.006602  0.000038 -0.000146 -0.000101  0.000392  0.000058 -0.000223 -0.000019
                                 0.000075 -0.000554  0.000095 -0.000220 -0.001804 -0.000250 -0.000056  0.002927  0.001411 -0.001099

                                   1 3d1+    1 3d1+    1 3d1+    1 3d1+    1 3d1+    1 3d1+    1 3d1+    1 3d1+    1 3d1+    1 3d1+ 
                                   1 3d1+    1 3d1+    1 3d1+    1 3d1+    1 3d1+    1 3d1+    1 3d1+    1 3d1+    1 3d1+    1 3d1+ 
                                   1 3d1+    1 3d1+    1 5g1+    1 5g3+    1 5g1+    1 5g3+    1 5g1+    1 5g3+    1 5g1+    1 5g3+ 
                                   1 5g1+    1 5g3+    1 5g1+    1 5g3+    1 5g1+    1 5g3+ 

   1.6   0    -3.9348  -17.1878 -0.000000  0.000002 -0.000010  0.000042 -0.000148  0.000468 -0.001393  0.004361 -0.021190  0.051186
                                -0.047363  0.041016 -0.195152  0.719552  0.510288 -0.132407  0.448865 -0.637888  0.315802 -0.061926
                                 0.022048 -0.005820 -0.000033 -0.000087 -0.000988 -0.002614 -0.004156 -0.010991 -0.004270 -0.011291
                                 0.004071  0.010765 -0.001569 -0.004148  0.000500  0.001321

   2.6   0    -2.0857   -9.9853  0.000000 -0.000003  0.000015 -0.000063  0.000225 -0.000711  0.002118 -0.006636  0.032166 -0.077052
                                 0.069823 -0.046895  0.164392 -0.720614  0.133289  1.365348 -2.217872  3.028258 -1.452825  0.274320
                                -0.095867  0.025017  0.000034  0.000089  0.000528  0.001395  0.002842  0.007516  0.010840  0.028674
                                -0.007993 -0.021142  0.003211  0.008493 -0.001010 -0.002672

                                   1 3d1-    1 3d1-    1 3d1-    1 3d1-    1 3d1-    1 3d1-    1 3d1-    1 3d1-    1 3d1-    1 3d1- 
                                   1 3d1-    1 3d1-    1 3d1-    1 3d1-    1 3d1-    1 3d1-    1 3d1-    1 3d1-    1 3d1-    1 3d1- 
                                   1 3d1-    1 3d1-    1 5g1-    1 5g3-    1 5g1-    1 5g3-    1 5g1-    1 5g3-    1 5g1-    1 5g3- 
                                   1 5g1-    1 5g3-    1 5g1-    1 5g3-    1 5g1-    1 5g3- 

   1.7   0    -3.9704  -17.2578 -0.000000  0.000002 -0.000009  0.000038 -0.000136  0.000428 -0.001273  0.003977 -0.019227  0.046215
                                -0.042592  0.037218 -0.187993  0.725867  0.500643 -0.132121  0.445786 -0.633219  0.313386 -0.061430
                                 0.021869 -0.005773 -0.000076  0.000040 -0.000860  0.000455 -0.007151  0.003786 -0.007465  0.003953
                                 0.007243 -0.003835 -0.002815  0.001491  0.000899 -0.000476

   2.7   0    -2.0850   -9.9731  0.000000 -0.000003  0.000015 -0.000062  0.000220 -0.000696  0.002073 -0.006491  0.031422 -0.075163
                                 0.067997 -0.045185  0.158880 -0.713648  0.137109  1.363013 -2.210239  3.017644 -1.447641  0.273319
                                -0.095514  0.024924  0.000051 -0.000027  0.000610 -0.000323  0.005231 -0.002769  0.008195 -0.004335
                                -0.007175  0.003797  0.002855 -0.001511 -0.000913  0.000483

                                   1 4f2-    1 4f2-    1 4f2-    1 4f2-    1 4f2-    1 4f2-    1 4f2-    1 4f2-    1 4f2-    1 4f2- 
                                   1 4f2-    1 4f2-    1 4f2-    1 4f2-    1 4f2-    1 6h4-    1 6h2-    1 6h4-    1 6h2-    1 6h4- 
                                   1 6h2- 

   1.8   2    -4.4234  -19.7654  0.000018 -0.000125  0.000607 -0.002932  0.029810 -0.047706  0.160185  0.250009  0.432874  0.386727
                                 0.042477 -0.001263  0.000207  0.000099 -0.000057 -0.000375 -0.000216 -0.000763 -0.000441 -0.000286
                                -0.000165

   2.8   0    -2.0832  -10.9505 -0.000010  0.000066 -0.000320  0.001549 -0.016077  0.024802 -0.093912 -0.148629 -0.251175  0.053568
                                 0.798536  0.285960 -0.121025  0.049239 -0.014746 -0.000054 -0.000031  0.000031  0.000018  0.001660
                                 0.000958

   3.8   0    -1.3720   -7.1911  0.000015 -0.000099  0.000477 -0.002261  0.021154 -0.035384  0.084044  0.094613  0.207727 -0.203946
                                -0.624624  1.077648  0.033397  0.054150 -0.017597  0.000084  0.000048 -0.000254 -0.000146 -0.001299
                                -0.000750

 HOMO      2.3    -4.349335 =    -118.3514eV
 LUMO      1.4    -3.970400 =    -108.0401eV
 LUMO-HOMO         0.378935 =      10.3113eV


 **********************************************************************************************************************************
 DATASETS  * FILE   NREC   LENGTH (MB)   RECORD NAMES
              1      19       21.31       500      610      700      900      950      970     1000      129      960     1100   
                                          VAR    BASINP    GEOM    SYMINP    ZMAT    AOBASIS   BASIS     P2S    ABASIS      S 
                                         1400     1410     1420     1200     1210     1080     1600     1650     1700   
                                           T        V       ECP      H0       H01     AOSYM     SMH    MOLCAS    OPER   

              2       5        6.01       200      700     1000      520     4202   
                                        OPTIONS   GEOM     BASIS   MCVARS     RHF  

 PROGRAMS   *        TOTAL       RHF       INT
 CPU TIMES  *       163.45      3.03    159.89
 REAL TIME  *       174.69 SEC
 DISK USED  *         8.09 GB      
 SF USED    *         0.12 MB      
 GA USED    *         0.00 MB       (max)       0.00 MB       (current)
 **********************************************************************************************************************************


 PROGRAM * POP (Mulliken population analysis)

 
 Density matrix read from record         4202.2  Type=RHF/CHARGE (state 1.1)
 
 Population analysis by basis function type

 Unique atom        s        p        d        f        g    Total    Charge
   1  LU      1.99998  5.99972  0.00000  8.00019  0.00002 16.00000  + 9.00000


 **********************************************************************************************************************************
 DATASETS  * FILE   NREC   LENGTH (MB)   RECORD NAMES
              1      19       21.31       500      610      700      900      950      970     1000      129      960     1100   
                                          VAR    BASINP    GEOM    SYMINP    ZMAT    AOBASIS   BASIS     P2S    ABASIS      S 
                                         1400     1410     1420     1200     1210     1080     1600     1650     1700   
                                           T        V       ECP      H0       H01     AOSYM     SMH    MOLCAS    OPER   

              2       5        6.01       200      700     1000      520     4202   
                                        OPTIONS   GEOM     BASIS   MCVARS     RHF  

 PROGRAMS   *        TOTAL       POP       RHF       INT
 CPU TIMES  *       163.45      0.00      3.03    159.89
 REAL TIME  *       174.70 SEC
 DISK USED  *         8.09 GB      
 SF USED    *         0.12 MB      
 GA USED    *         0.00 MB       (max)       0.00 MB       (current)
 **********************************************************************************************************************************


 PROGRAM * MULTI (Direct Multiconfiguration SCF)       Authors: P.J. Knowles, H.-J. Werner (1984)     S.T. Elbert (1988)


 Number of closed-shell orbitals:   8 (   1   2   2   0   2   0   0   1 )
 Number of active  orbitals:        0 (   0   0   0   0   0   0   0   0 )
 Number of external orbitals:     434 ( 102  68  68  36  68  36  36  20 )

 State symmetry 1

 Number of electrons:     0    Spin symmetry=Singlet   Space symmetry=1
 Number of states:        1
 Number of CSFs:          1   (1 determinants, 1 intermediate states)

 State symmetry 1

 Number of electrons:   -16    Spin symmetry=Singlet   Space symmetry=1
 Number of states:        1
 Number of CSFs:          0   (1 determinants, 0 intermediate states)

 Molecular orbitals read from record     4202.2  Type=RHF/CANONICAL (state 1.1)
 *** IN SYMMETRY 1 ORBITAL  1 SYMMETRY CONTAMINATION OF 0.141D-02 HAS BEEN REMOVED

 EXTRA SYMMETRY OF MOS IN SYMMETRY 1:   1 2 3 1 3 2 1 4 5 6   3 2 1 5 4 6 3 2 1 5   4 6 3 2 1 5 4 6 3 2   1 3 2 1 1 3 2 3 2 1
                                        1 5 4 6 1 3 2 4 5 6   1 3 2 3 2 1 6 4 5 3   2 1 3 2 1 1 3 2 1 3   2 1 1 3 2 1 3 2 1 1
                                        3 2 1 3 2 1 1 3 2 1   1 3 2 1 1 1 1 1 1 1   1 1 1
 *** IN SYMMETRY 2 ORBITAL  1 SYMMETRY CONTAMINATION OF 0.407D-02 HAS BEEN REMOVED
 *** IN SYMMETRY 2 ORBITAL  2 SYMMETRY CONTAMINATION OF 0.302D+00 HAS BEEN REMOVED
 EXTRA SYMMETRY OF MOS IN SYMMETRY 2:   1 3 2 1 3 2 1 3 2 1   3 2 1 3 2 1 3 2 1 1   1 5 4 6 3 2 1 5 4 6   1 2 3 1 5 4 6 2 3 1
                                        2 3 1 1 2 3 1 2 3 1   1 2 3 1 2 3 1 1 2 3   1 1 1 1 1 1 1 1 1 1
 *** IN SYMMETRY 3 ORBITAL  1 SYMMETRY CONTAMINATION OF 0.419D-02 HAS BEEN REMOVED
 *** IN SYMMETRY 3 ORBITAL  2 SYMMETRY CONTAMINATION OF 0.436D+00 HAS BEEN REMOVED
 EXTRA SYMMETRY OF MOS IN SYMMETRY 3:   1 2 3 1 2 3 1 2 3 1   2 3 1 2 3 1 2 3 1 1   1 5 6 4 2 3 1 5 6 4   1 3 2 1 5 6 4 3 2 1
                                        3 2 1 1 3 2 1 3 2 1   1 3 2 1 3 2 1 1 3 2   1 1 1 1 1 1 1 1 1 1
 EXTRA SYMMETRY OF MOS IN SYMMETRY 4:   1 1 2 3 1 2 3 1 2 3   1 2 3 1 1 1 1 2 3 1   3 2 1 1 3 2 1 1 1 1   1 1 1 1 1 1
 *** IN SYMMETRY 5 ORBITAL  1 SYMMETRY CONTAMINATION OF 0.383D-02 HAS BEEN REMOVED
 *** IN SYMMETRY 5 ORBITAL  2 SYMMETRY CONTAMINATION OF 0.206D+00 HAS BEEN REMOVED
 EXTRA SYMMETRY OF MOS IN SYMMETRY 5:   1 2 3 1 2 3 1 2 3 1   2 3 1 2 3 1 2 3 1 1   1 4 5 6 2 3 1 4 5 6   1 3 2 1 4 5 6 3 2 1
                                        3 2 1 1 3 2 1 3 2 1   1 3 2 1 3 2 1 1 3 2   1 1 1 1 1 1 1 1 1 1
 EXTRA SYMMETRY OF MOS IN SYMMETRY 6:   1 1 3 2 1 3 2 1 3 2   1 3 2 1 1 1 1 3 2 1   3 2 1 1 2 3 1 1 1 1   1 1 1 1 1 1
 EXTRA SYMMETRY OF MOS IN SYMMETRY 7:   1 1 2 3 1 2 3 1 2 3   1 2 3 1 1 1 1 2 3 1   3 2 1 1 3 2 1 1 1 1   1 1 1 1 1 1
 *** IN SYMMETRY 8 ORBITAL  1 SYMMETRY CONTAMINATION OF 0.166D-02 HAS BEEN REMOVED
 EXTRA SYMMETRY OF MOS IN SYMMETRY 8:   1 1 1 1 1 1 2 3 1 2   3 1 2 3 1 1 1 1 1 1   1

 Wavefunction dump at record             5202.2

 Convergence thresholds  0.10E-01 (gradient)  0.10E-05 (energy)  0.10E-02 (step length)

 Number of orbital rotations:      530   (     0 Core/Active    530 Core/Virtual   0 Active/Active      0 Active/Virtual)
 Total number of variables:        531


 ITER. MIC  NCI  NEG     ENERGY(VAR)     ENERGY(PROJ)   ENERGY CHANGE     GRAD(0)  GRAD(ORB)   GRAD(CI)     STEP       TIME

   1   22    4    0    -166.08131047    -166.08161513   -0.00030466    0.04470523 0.00000000 0.00000000  0.77D-02      1.11
   2   13    4    0    -166.08161510    -166.08161510   -0.00000000    0.00002991 0.00000000 0.00000000  0.41D-05      1.69

 ** WVFN ****  CONVERGENCE REACHED, FINAL GRADIENT:  0.10D-09


 First order charge density matrix for state 1.1 saved on record  5202.2 (density set 1)

 Results for state 1.1
 =====================

 !MCSCF STATE 1.1 Energy             -166.081615104353
 Nuclear energy                         0.00000000
 Kinetic energy                        81.83989368
 One electron energy                 -248.40451027
 Two electron energy                   82.32289517
 Virial ratio                           3.02934788

 !MCSCF STATE 1.1 Dipole moment         0.00000000     0.00000000     0.00000000
 Dipole moment /Debye                   0.00000000     0.00000000     0.00000000


 *** WARNING (BLKOP):    2 NON ZERO ELEMENTS IN SYM  2

 *** WARNING (BLKOP):    2 NON ZERO ELEMENTS IN SYM  3

 *** WARNING (BLKOP):    2 NON ZERO ELEMENTS IN SYM  5

 NATURAL ORBITALS
 ================

   Orb     Occ        Energy       Coefficients

                                   1 1s      1 1s      1 1s      1 1s      1 1s      1 1s      1 1s      1 1s      1 1s      1 1s   
                                   1 1s      1 1s      1 1s      1 1s      1 1s      1 1s      1 1s      1 1s      1 1s      1 1s   
                                   1 1s      1 1s      1 1s      1 1s      1 1s      1 1s      1 1s      1 1s      1 1s      1 1s   
                                   1 1s      1 1s      1 1s      1 1s      1 1s      1 1s      1 1s      1 1s      1 3d0     1 3d2+ 
                                   1 3d0     1 3d2+    1 3d0     1 3d2+    1 3d0     1 3d2+    1 3d0     1 3d2+    1 3d0     1 3d2+ 
                                   1 3d0     1 3d2+    1 3d0     1 3d2+    1 3d0     1 3d2+    1 3d0     1 3d2+    1 3d0     1 3d2+ 
                                   1 3d0     1 3d2+    1 3d0     1 3d2+    1 3d0     1 3d2+    1 3d0     1 3d2+    1 3d0     1 3d2+ 
                                   1 3d0     1 3d2+    1 3d0     1 3d2+    1 3d0     1 3d2+    1 3d0     1 3d2+    1 3d0     1 3d2+ 
                                   1 3d0     1 3d2+    1 5g0     1 5g4+    1 5g2+    1 5g0     1 5g4+    1 5g2+    1 5g0     1 5g4+ 
                                   1 5g2+    1 5g0     1 5g4+    1 5g2+    1 5g0     1 5g4+    1 5g2+    1 5g0     1 5g4+    1 5g2+ 
                                   1 5g0     1 5g4+    1 5g2+ 

   1.1  2.00000    -6.879819     0.000000 -0.000000  0.000000 -0.000000  0.000000 -0.000000  0.000000 -0.000000  0.000001 -0.000002
                                 0.000004 -0.000011  0.000032 -0.000103  0.000564  0.001755 -0.001131  0.001340 -0.001155 -0.001703
                                -0.005546  0.120745 -0.196928  0.024685  0.554723 -1.050299 -0.390550  1.488292  0.172372  0.063020
                                -0.076371  0.110171 -0.163242  0.120754 -0.046811  0.017826 -0.004554  0.000805  0.000000  0.000000
                                 0.000000  0.000000  0.000000  0.000000  0.000000  0.000000  0.000000  0.000000  0.000000  0.000000
                                 0.000000  0.000000  0.000000  0.000000  0.000000  0.000000  0.000000  0.000000  0.000000  0.000000
                                 0.000000  0.000000  0.000000  0.000000  0.000000  0.000000  0.000000  0.000000  0.000000  0.000000
                                 0.000000  0.000000  0.000000  0.000000  0.000000  0.000000  0.000000  0.000000  0.000000  0.000000
                                 0.000000  0.000000  0.000000  0.000000  0.000000  0.000000  0.000000  0.000000  0.000000  0.000000
                                 0.000000  0.000000  0.000000  0.000000  0.000000  0.000000  0.000000  0.000000  0.000000  0.000000
                                 0.000000  0.000000  0.000000

                                   1 2px     1 2px     1 2px     1 2px     1 2px     1 2px     1 2px     1 2px     1 2px     1 2px  
                                   1 2px     1 2px     1 2px     1 2px     1 2px     1 2px     1 2px     1 2px     1 2px     1 2px  
                                   1 2px     1 2px     1 2px     1 2px     1 2px     1 2px     1 2px     1 2px     1 2px     1 2px  
                                   1 2px     1 4f1+    1 4f3+    1 4f1+    1 4f3+    1 4f1+    1 4f3+    1 4f1+    1 4f3+    1 4f1+ 
                                   1 4f3+    1 4f1+    1 4f3+    1 4f1+    1 4f3+    1 4f1+    1 4f3+    1 4f1+    1 4f3+    1 4f1+ 
                                   1 4f3+    1 4f1+    1 4f3+    1 4f1+    1 4f3+    1 4f1+    1 4f3+    1 4f1+    1 4f3+    1 4f1+ 
                                   1 4f3+    1 6h1+    1 6h3+    1 6h5+    1 6h1+    1 6h3+    1 6h5+    1 6h1+    1 6h3+    1 6h5+ 


   1.2  2.00000    -5.834738     0.000000 -0.000000  0.000000 -0.000000  0.000000 -0.000000  0.000001 -0.000005  0.000017 -0.000052
                                 0.000153 -0.000426  0.001175 -0.003568  0.013138 -0.108544  0.263034 -0.488233  0.823372 -0.793078
                                -0.017581  0.962674  0.011411  0.235637 -0.264500 -0.017586  0.011930  0.262253 -0.005834  0.002467
                                -0.000541  0.000000  0.000000  0.000000  0.000000  0.000000  0.000000  0.000000  0.000000  0.000000
                                 0.000000  0.000000  0.000000  0.000000  0.000000  0.000000  0.000000  0.000000  0.000000  0.000000
                                 0.000000  0.000000  0.000000  0.000000  0.000000  0.000000  0.000000  0.000000  0.000000  0.000000
                                 0.000000  0.000000  0.000000  0.000000  0.000000  0.000000  0.000000  0.000000  0.000000  0.000000

   2.2  2.00000    -4.464095     0.000000  0.000000  0.000000  0.000000  0.000000  0.000000  0.000000  0.000000  0.000000  0.000000
                                 0.000000  0.000000  0.000000  0.000000  0.000000  0.000000  0.000000  0.000000  0.000000  0.000000
                                 0.000000  0.000000  0.000000  0.000000  0.000000  0.000000  0.000000  0.000000  0.000000  0.000000
                                 0.000000  0.000000  0.000018  0.000000 -0.000126  0.000000  0.000611  0.000000 -0.002951  0.000000
                                 0.029977  0.000000 -0.048045  0.000000  0.160715  0.000000  0.250886  0.000000  0.435454  0.000000
                                 0.383814  0.000000  0.039944  0.000000 -0.000702  0.000000 -0.000253  0.000000  0.000323  0.000000
                                -0.000130  0.000000  0.000000  0.000000  0.000000  0.000000  0.000000  0.000000  0.000000  0.000000

                                   1 2py     1 2py     1 2py     1 2py     1 2py     1 2py     1 2py     1 2py     1 2py     1 2py  
                                   1 2py     1 2py     1 2py     1 2py     1 2py     1 2py     1 2py     1 2py     1 2py     1 2py  
                                   1 2py     1 2py     1 2py     1 2py     1 2py     1 2py     1 2py     1 2py     1 2py     1 2py  
                                   1 2py     1 4f1-    1 4f3-    1 4f1-    1 4f3-    1 4f1-    1 4f3-    1 4f1-    1 4f3-    1 4f1- 
                                   1 4f3-    1 4f1-    1 4f3-    1 4f1-    1 4f3-    1 4f1-    1 4f3-    1 4f1-    1 4f3-    1 4f1- 
                                   1 4f3-    1 4f1-    1 4f3-    1 4f1-    1 4f3-    1 4f1-    1 4f3-    1 4f1-    1 4f3-    1 4f1- 
                                   1 4f3-    1 6h1-    1 6h3-    1 6h5-    1 6h1-    1 6h3-    1 6h5-    1 6h1-    1 6h3-    1 6h5- 


   1.3  2.00000    -5.759270     0.000000 -0.000000  0.000000 -0.000000  0.000000 -0.000000  0.000001 -0.000005  0.000016 -0.000051
                                 0.000149 -0.000414  0.001143 -0.003471  0.012781 -0.105594  0.255835 -0.474808  0.802439 -0.774884
                                -0.022681  0.943463  0.025968  0.239996 -0.255249 -0.016681  0.011488  0.253087 -0.005633  0.002382
                                -0.000522  0.000000  0.000000  0.000000  0.000000  0.000000  0.000000  0.000000  0.000000  0.000000
                                 0.000000  0.000000  0.000000  0.000000  0.000000  0.000000  0.000000  0.000000  0.000000  0.000000
                                 0.000000  0.000000  0.000000  0.000000  0.000000  0.000000  0.000000  0.000000  0.000000  0.000000
                                 0.000000  0.000000  0.000000  0.000000  0.000000  0.000000  0.000000  0.000000  0.000000  0.000000

   2.3  2.00000    -4.358799     0.000000  0.000000  0.000000  0.000000  0.000000  0.000000  0.000000  0.000000  0.000000  0.000000
                                 0.000000  0.000000  0.000000  0.000000  0.000000  0.000000  0.000000  0.000000  0.000000  0.000000
                                 0.000000  0.000000  0.000000  0.000000  0.000000  0.000000  0.000000  0.000000  0.000000  0.000000
                                 0.000000  0.000018  0.000000 -0.000124  0.000000  0.000600  0.000000 -0.002901  0.000000  0.029531
                                 0.000000 -0.047161  0.000000  0.159206  0.000000  0.248378  0.000000  0.428634  0.000000  0.391647
                                 0.000000  0.046782  0.000000 -0.002192  0.000000  0.000971  0.000000 -0.000274  0.000000  0.000062
                                 0.000000  0.000000  0.000000  0.000000  0.000000  0.000000  0.000000  0.000000  0.000000  0.000000

                                   1 2pz     1 2pz     1 2pz     1 2pz     1 2pz     1 2pz     1 2pz     1 2pz     1 2pz     1 2pz  
                                   1 2pz     1 2pz     1 2pz     1 2pz     1 2pz     1 2pz     1 2pz     1 2pz     1 2pz     1 2pz  
                                   1 2pz     1 2pz     1 2pz     1 2pz     1 2pz     1 2pz     1 2pz     1 2pz     1 2pz     1 2pz  
                                   1 2pz     1 4f0     1 4f2+    1 4f0     1 4f2+    1 4f0     1 4f2+    1 4f0     1 4f2+    1 4f0  
                                   1 4f2+    1 4f0     1 4f2+    1 4f0     1 4f2+    1 4f0     1 4f2+    1 4f0     1 4f2+    1 4f0  
                                   1 4f2+    1 4f0     1 4f2+    1 4f0     1 4f2+    1 4f0     1 4f2+    1 4f0     1 4f2+    1 4f0  
                                   1 4f2+    1 6h2+    1 6h4+    1 6h0     1 6h2+    1 6h4+    1 6h0     1 6h2+    1 6h4+    1 6h0  


   1.5  2.00000    -5.759455     0.000000 -0.000000  0.000000 -0.000000  0.000000 -0.000000  0.000001 -0.000005  0.000016 -0.000051
                                 0.000149 -0.000414  0.001144 -0.003472  0.012783 -0.105609  0.255871 -0.474877  0.802600 -0.775103
                                -0.022493  0.943505  0.025835  0.240008 -0.255272 -0.016683  0.011489  0.253110 -0.005633  0.002382
                                -0.000522  0.000000  0.000000  0.000000  0.000000  0.000000  0.000000  0.000000  0.000000  0.000000
                                 0.000000  0.000000  0.000000  0.000000  0.000000  0.000000  0.000000  0.000000  0.000000  0.000000
                                 0.000000  0.000000  0.000000  0.000000  0.000000  0.000000  0.000000  0.000000  0.000000  0.000000
                                 0.000000  0.000000  0.000000  0.000000  0.000000  0.000000  0.000000  0.000000  0.000000  0.000000

   2.5  2.00000    -4.396651     0.000000 -0.000000  0.000000 -0.000000  0.000000 -0.000000  0.000000 -0.000000  0.000000 -0.000000
                                 0.000000 -0.000000  0.000000 -0.000000  0.000000 -0.000000  0.000000 -0.000000  0.000000 -0.000000
                                -0.000000  0.000000  0.000000  0.000000 -0.000000 -0.000000  0.000000  0.000000 -0.000000  0.000000
                                -0.000000  0.000018  0.000000 -0.000124  0.000000  0.000604  0.000000 -0.002920  0.000000  0.029696
                                 0.000000 -0.047486  0.000000  0.159780  0.000000  0.249337  0.000000  0.431159  0.000000  0.388745
                                 0.000000  0.044217  0.000000 -0.001642  0.000000  0.000518  0.000000 -0.000053  0.000000 -0.000009
                                 0.000000  0.000000  0.000000  0.000000  0.000000  0.000000  0.000000  0.000000  0.000000  0.000000

                                   1 4f2-    1 4f2-    1 4f2-    1 4f2-    1 4f2-    1 4f2-    1 4f2-    1 4f2-    1 4f2-    1 4f2- 
                                   1 4f2-    1 4f2-    1 4f2-    1 4f2-    1 4f2-    1 6h4-    1 6h2-    1 6h4-    1 6h2-    1 6h4- 
                                   1 6h2- 

   1.8  2.00000    -4.426534     0.000018 -0.000125  0.000607 -0.002934  0.029823 -0.047739  0.160197  0.250013  0.433064  0.386589
                                 0.042299 -0.001223  0.000174  0.000115 -0.000063  0.000000  0.000000  0.000000  0.000000  0.000000
                                 0.000000

 Total charge:   9.000000000000
 

 EXTRA SYMMETRY OF MOS IN SYMMETRY 1:   1 2 3 1 3 2 1 5 4 6   3 2 1 5 4 6 3 2 1 5   4 6 3 2 1 5 4 6 3 2   1 3 2 1 3 1 2 3 2 1
                                        1 5 4 6 1 3 2 5 6 4   1 3 2 3 2 1 5 6 4 3   2 1 3 2 1 1 3 2 1 3   2 1 1 3 2 1 3 2 1 1
                                        3 2 1 3 2 1 1 3 2 1   1 3 2 1 1 1 1 1 1 1   1 1 1
 EXTRA SYMMETRY OF MOS IN SYMMETRY 2:   1 3 2 1 3 2 1 3 2 1   3 2 1 3 2 1 3 2 1 1   1 6 4 5 3 2 1 6 4 5   1 3 2 1 6 4 5 2 3 1
                                        2 3 1 1 2 3 1 2 3 1   1 2 3 1 3 2 1 1 3 2   1 1 1 1 1 1 1 1 1 1
 EXTRA SYMMETRY OF MOS IN SYMMETRY 3:   1 2 3 1 2 3 1 3 2 1   3 2 1 3 2 1 3 2 1 1   1 6 5 4 3 2 1 6 5 4   1 3 2 1 6 5 4 3 2 1
                                        3 2 1 1 3 2 1 3 2 1   1 3 2 1 3 2 1 1 3 2   1 1 1 1 1 1 1 1 1 1
 EXTRA SYMMETRY OF MOS IN SYMMETRY 4:   1 1 3 2 1 3 2 1 3 2   1 3 2 1 1 1 1 3 2 1   3 2 1 1 3 2 1 1 1 1   1 1 1 1 1 1
 EXTRA SYMMETRY OF MOS IN SYMMETRY 5:   1 2 3 1 2 3 1 2 3 1   2 3 1 2 3 1 2 3 1 1   1 5 4 6 2 3 1 5 4 6   1 3 2 1 5 4 6 3 2 1
                                        3 2 1 1 3 2 1 3 2 1   1 3 2 1 3 2 1 1 3 2   1 1 1 1 1 1 1 1 1 1
 EXTRA SYMMETRY OF MOS IN SYMMETRY 7:   1 1 3 2 1 3 2 1 3 2   1 3 2 1 1 1 1 2 3 1   3 2 1 1 3 2 1 1 1 1   1 1 1 1 1 1

 Natural orbital dump at molpro section  5202.2    (Orbital set 2)


 CI vector
 =========

              1.0000000

 TOTAL ENERGIES                      -166.08161510



 **********************************************************************************************************************************
 DATASETS  * FILE   NREC   LENGTH (MB)   RECORD NAMES
              1      20       32.74       500      610      700      900      950      970     1000      129      960     1100   
                                          VAR    BASINP    GEOM    SYMINP    ZMAT    AOBASIS   BASIS     P2S    ABASIS      S 
                                         1400     1410     1420     1200     1210     1080     1600     1650     1700     1380   
                                           T        V       ECP      H0       H01     AOSYM     SMH    MOLCAS    OPER     JKOP   

              2       6        9.83       200      700     1000      520     4202     5202   
                                        OPTIONS   GEOM     BASIS   MCVARS     RHF     MCSCF   

 PROGRAMS   *        TOTAL     MULTI       POP       RHF       INT
 CPU TIMES  *       165.85      2.40      0.00      3.03    159.89
 REAL TIME  *       177.73 SEC
 DISK USED  *         8.09 GB      
 SF USED    *        42.12 MB      
 GA USED    *         0.00 MB       (max)       0.00 MB       (current)
 **********************************************************************************************************************************


 PROGRAM * RHF-SCF (CLOSED SHELL)       Authors: W. Meyer, H.-J. Werner


 NUMBER OF ELECTRONS:       8+    8-    SPACE SYMMETRY=1    SPIN SYMMETRY: Singlet 
 CONVERGENCE THRESHOLDS:    1.00E-05 (Density)    1.00E-07 (Energy)
 MAX. NUMBER OF ITERATIONS:        0
 INTERPOLATION TYPE:            DIIS
 INTERPOLATION STEPS:              2 (START)      1 (STEP)
 LEVEL SHIFTS:                  0.00 (CLOSED)  0.00 (OPEN) 

 Number of closed-shell orbitals:    8 (   1   2   2   0   2   0   0   1 )


 Molecular orbitals read from record     5202.2  Type=MCSCF/NATURAL (state 1.1)

 Molecular orbital dump at record        2134.2

 ITERATION    DDIFF          GRAD             ENERGY        2-EL.EN.            DIPOLE MOMENTS         DIIS   ORB.
    1      0.000D+00      0.000D+00      -166.08161510    164.645790    0.00000    0.00000    0.00000    0    start

 Final occupancy:   1   2   2   0   2   0   0   1

 !RHF STATE 1.1 Energy               -166.081615104353
 Nuclear energy                         0.00000000
 One-electron energy                 -248.40451027
 Two-electron energy                   82.32289517
 Virial quotient                       -2.02934788
 !RHF STATE 1.1 Dipole moment           0.00000000     0.00000000     0.00000000
 Dipole moment /Debye                   0.00000000     0.00000000     0.00000000

 Orbital energies:

         1.1          2.1          3.1
     -6.879819    -3.953954    -3.951475

         1.2          2.2          3.2          4.2
     -5.834738    -4.464095    -3.680440    -2.601701

         1.3          2.3          3.3          4.3
     -5.759270    -4.358799    -3.675767    -2.566252

         1.4          2.4
     -3.974376    -2.090248

         1.5          2.5          3.5          4.5
     -5.759455    -4.396651    -3.686681    -2.566031

         1.6          2.6
     -3.951616    -2.090507

         1.7          2.7
     -3.943501    -2.074320

         1.8          2.8          3.8
     -4.426534    -2.083760    -1.372220

 HOMO      2.3    -4.358799 =    -118.6090eV
 LUMO      1.4    -3.974376 =    -108.1483eV
 LUMO-HOMO         0.384423 =      10.4607eV


 **********************************************************************************************************************************
 DATASETS  * FILE   NREC   LENGTH (MB)   RECORD NAMES
              1      20       32.74       500      610      700      900      950      970     1000      129      960     1100   
                                          VAR    BASINP    GEOM    SYMINP    ZMAT    AOBASIS   BASIS     P2S    ABASIS      S 
                                         1400     1410     1420     1200     1210     1080     1600     1650     1700     1380   
                                           T        V       ECP      H0       H01     AOSYM     SMH    MOLCAS    OPER     JKOP   

              2       7       13.05       200      700     1000      520     4202     5202     2134   
                                        OPTIONS   GEOM     BASIS   MCVARS     RHF     MCSCF     RHF  

 PROGRAMS   *        TOTAL       RHF     MULTI       POP       RHF       INT
 CPU TIMES  *       166.05      0.20      2.40      0.00      3.03    159.89
 REAL TIME  *       177.98 SEC
 DISK USED  *         8.09 GB      
 SF USED    *        42.12 MB      
 GA USED    *         0.00 MB       (max)       0.00 MB       (current)
 **********************************************************************************************************************************
 SETTING SCF(16)        =      -166.08161510  AU                              
 SETTING _CC_NORM_MAX   =         2.00000000                                  


 PROGRAM * CCSD (Restricted open-shell coupled cluster)     Authors: C. Hampel, H.-J. Werner, 1991, M. Deegan, P.J. Knowles, 1992


 Convergence thresholds:  THRVAR = 1.00D-08  THRDEN = 1.00D-06

 CCSD(T)     terms to be evaluated (factor= 1.000)


 Number of closed-shell orbitals:   8 (   1   2   2   0   2   0   0   1 )
 Number of external orbitals:     434 ( 102  68  68  36  68  36  36  20 )

 Memory could be reduced to 159.28 Mwords without degradation in triples

 Number of N-1 electron functions:              16
 Number of N-2 electron functions:             120
 Number of singly external CSFs:              1060
 Number of doubly external CSFs:           2175278
 Total number of CSFs:                     2176338

 Molecular orbitals read from record     2134.2  Type=RHF/CANONICAL (state 1.1)

 Integral transformation finished. Total CPU:   3.00 sec, npass=  1  Memory used:  27.62 MW

 Starting RMP2 calculation

 Wavefunction is spin-projected

 ITER.      SQ.NORM     CORR.ENERGY   TOTAL ENERGY   ENERGY CHANGE        DEN1      VAR(S)    VAR(P)  DIIS     TIME
   1      1.42819705    -1.40088088  -167.48249598    -1.40088088    -0.03213192  0.94D-03  0.16D-01  1  1     3.25
   2      1.48779349    -1.44055505  -167.52217016    -0.03967417    -0.00102715  0.64D-04  0.63D-03  2  2     4.02
   3      1.50201709    -1.44658168  -167.52819678    -0.00602662    -0.00000826  0.12D-05  0.31D-05  3  3     4.27
   4      1.50256764    -1.44669971  -167.52831482    -0.00011804    -0.00000015  0.54D-07  0.56D-07  4  4     4.53
   5      1.50258416    -1.44670139  -167.52831649    -0.00000168    -0.00000000  0.16D-08  0.11D-08  5  5     4.84
   6      1.50258659    -1.44670226  -167.52831736    -0.00000087    -0.00000000  0.13D-10  0.12D-10  6  6     5.13

 Norm of t1 vector:      0.13638078      S-energy:    -0.02199213      T1 diagnostic:  0.02410894
 Norm of t2 vector:      0.69569165      P-energy:    -1.42471013
                                         Alpha-Beta:  -1.02652700
                                         Alpha-Alpha: -0.19909157
                                         Beta-Beta:   -0.19909157

 Singles amplitudes (print threshold =  0.500E-01):

         I         SYM. A    A   T(IA) [Alpha-Alpha]

         7         5         1     -0.07818668
 
         I         SYM. A    A   T(IA) [Beta-Beta]

         7         5         1     -0.07818668

 Spin contamination <S**2-Sz**2-Sz>     0.00000000
  Reference energy                   -166.081615104353
  RHF-RMP2 correlation energy          -1.446702259829
 !RHF-RMP2 energy                    -167.528317364183
 (NB above energy spin projected)

 Starting RCCSD calculation

 ITER.      SQ.NORM     CORR.ENERGY   TOTAL ENERGY   ENERGY CHANGE        DEN1      VAR(S)    VAR(P)  DIIS     TIME
   1      1.27071616    -1.10184745  -167.18346256    -1.10184745    -0.07523260  0.13D-02  0.17D-01  0  0     7.26
   2      1.35005779    -1.17985385  -167.26146895    -0.07800640    -0.01477624  0.19D-02  0.65D-02  1  1    10.21
   3      1.38161531    -1.17944678  -167.26106189     0.00040707    -0.00699754  0.14D-02  0.31D-02  2  2    13.11
   4      1.49342621    -1.20332989  -167.28494500    -0.02388311    -0.00377525  0.12D-02  0.14D-02  3  3    15.60
   5      1.64908567    -1.21961647  -167.30123157    -0.01628657    -0.00225101  0.99D-03  0.54D-03  4  4    18.20
   6      1.85682022    -1.23356886  -167.31518396    -0.01395239    -0.00171573  0.90D-03  0.30D-03  5  5    20.86
   7      2.00029065    -1.24064157  -167.32225668    -0.00707272    -0.00148400  0.79D-03  0.26D-03  6  6    23.35
   8      2.29322129    -1.24885247  -167.33046757    -0.00821090    -0.00116287  0.67D-03  0.17D-03  7  7    27.08
   9      2.63084732    -1.25559198  -167.33720708    -0.00673951    -0.00103644  0.59D-03  0.15D-03  8  8    29.91
  10      2.73384990    -1.25718750  -167.33880260    -0.00159552    -0.00094709  0.53D-03  0.14D-03  9  9    33.68
  11      3.77954641    -1.27162909  -167.35324420    -0.01444159    -0.00065023  0.36D-03  0.10D-03 10 10    36.33
  12      4.43643443    -1.27701244  -167.35862755    -0.00538335    -0.00035958  0.17D-03  0.69D-04 11 11    40.27
  13      5.05943880    -1.28279339  -167.36440850    -0.00578095    -0.00027471  0.12D-03  0.66D-04 12 12    44.50
  14      5.64299901    -1.28647081  -167.36808591    -0.00367742    -0.00015396  0.58D-04  0.46D-04 13 13    48.14
  15      5.89212250    -1.28899426  -167.37060937    -0.00252345    -0.00009887  0.32D-04  0.33D-04 14 14    50.56
  16      6.01861630    -1.28978348  -167.37139858    -0.00078922    -0.00004818  0.16D-04  0.15D-04 15 15    53.54
  17      6.26450437    -1.29170110  -167.37331621    -0.00191762    -0.00003347  0.13D-04  0.92D-05 15  1    60.57
  18      6.34655428    -1.29234843  -167.37396353    -0.00064732    -0.00002512  0.93D-05  0.69D-05 15  2    65.92
  19      6.39354950    -1.29288036  -167.37449547    -0.00053193    -0.00001514  0.68D-05  0.32D-05 15  3    69.62
  20      6.44461717    -1.29333766  -167.37495276    -0.00045729    -0.00001107  0.53D-05  0.21D-05 15  4    74.51
  21      6.42157748    -1.29327302  -167.37488813     0.00006463    -0.00000872  0.41D-05  0.16D-05 15  5    80.48
  22      6.50990851    -1.29384140  -167.37545650    -0.00056837    -0.00000490  0.22D-05  0.11D-05 15  8    86.78
  23      6.55859969    -1.29416750  -167.37578261    -0.00032611    -0.00000343  0.12D-05  0.94D-06 15 12    91.83
  24      6.53062890    -1.29399458  -167.37560969     0.00017292    -0.00000163  0.45D-06  0.53D-06 15 10    95.85
  25      6.60553135    -1.29441461  -167.37602972    -0.00042003    -0.00000082  0.22D-06  0.27D-06 15  9    98.90
  26      6.60332671    -1.29438206  -167.37599716     0.00003255    -0.00000050  0.78D-07  0.20D-06 15  6   103.65
  27      6.58781016    -1.29431963  -167.37593474     0.00006243    -0.00000014  0.17D-07  0.61D-07 15 11   107.92
  28      6.60236534    -1.29440136  -167.37601647    -0.00008173    -0.00000004  0.31D-08  0.19D-07 15  7   112.04
  29      6.59771527    -1.29437725  -167.37599235     0.00002412    -0.00000002  0.16D-09  0.96D-08 15  9   114.97
  30      6.59905150    -1.29438431  -167.37599942    -0.00000707    -0.00000000  0.21D-09  0.18D-08 15  4   119.66
  31      6.59805234    -1.29437833  -167.37599344     0.00000598    -0.00000000  0.13D-10  0.65D-09 15 13   122.51
  32      6.59800824    -1.29437793  -167.37599304     0.00000040    -0.00000000  0.23D-11  0.25D-09 15 15   126.85

 Norm of t1 vector:      1.59404317      S-energy:    -0.12437590      T1 diagnostic:  0.28178968
                                                                       D1 diagnostic:  0.86973663
 Norm of t2 vector:      1.74843776      P-energy:    -1.17000203
                                         Alpha-Beta:  -0.95473143
                                         Alpha-Alpha: -0.10763530
                                         Beta-Beta:   -0.10763530

 Singles amplitudes (print threshold =  0.500E-01):

         I         SYM. A    A   T(IA) [Alpha-Alpha]

         3         2         1     -0.14203645
         5         3         1      0.70014411
         7         5         1     -0.86742494
         7         5         4      0.05500393
 
         I         SYM. A    A   T(IA) [Beta-Beta]

         3         2         1     -0.14203645
         5         3         1      0.70014411
         7         5         1     -0.86742494
         7         5         4      0.05500393

 Doubles amplitudes (print threshold =  0.500E-01):

         I         J         SYM. A    SYM. B    A         B      T(IJ, AB) [Alpha-Alpha]

         7         5         3         5         1         1     -0.05940258
         7         5         5         3         1         1      0.05940258
 
         I         J         SYM. A    SYM. B    A         B      T(IJ, AB) [Beta-Beta]

         7         5         3         5         1         1     -0.05940258
         7         5         5         3         1         1      0.05940258
 
         I         J         SYM. A    SYM. B    A         B      T(IJ, AB) [Alpha-Beta]

         3         3         1         1         2         2     -0.17239595
         3         3         3         3         1         1      0.05715384
         3         3         4         4         1         1     -0.14580809
         5         5         1         1         1         1     -0.20383381
         5         5         1         1         1         2     -0.12913328
         5         5         1         1         2         1     -0.12913328
         5         5         1         1         2         2     -0.15686600
         5         5         3         3         1         1     -0.07062719
         5         5         5         5         1         1      0.16927394
         5         5         7         7         1         1     -0.21510717
         7         7         1         1         1         1     -0.24380838
         7         7         1         1         1         2      0.13679655
         7         7         1         1         2         1      0.13679655
         7         7         1         1         2         2     -0.11720198
         7         7         2         2         1         1      0.08519275
         7         7         5         5         1         1     -0.05020421
         7         7         6         6         1         1     -0.27073697
         7         7         7         7         1         1     -0.05175339
         8         8         4         4         1         1     -0.16073038
         8         8         6         6         1         1     -0.11847237
         8         8         7         7         1         1     -0.12603556
         5         3         1         4         1         1      0.07974453
         5         3         1         4         2         1      0.06799723
         5         3         4         1         1         1      0.08757892
         3         5         1         4         1         1      0.08757892
         3         5         4         1         1         1      0.07974453
         3         5         4         1         1         2      0.06799723
         8         7         1         4         1         1     -0.08547618
         8         7         2         3         1         1      0.08289757
         8         7         3         2         1         1      0.05794319
         8         7         4         1         1         1     -0.06936553
         8         7         4         1         1         2      0.06274559
         8         7         6         7         1         1      0.08508141
         8         7         7         6         1         1      0.09698856
         7         8         1         4         1         1     -0.06936553
         7         8         1         4         2         1      0.06274559
         7         8         2         3         1         1      0.05794319
         7         8         3         2         1         1      0.08289757
         7         8         4         1         1         1     -0.08547618
         7         8         6         7         1         1      0.09698856
         7         8         7         6         1         1      0.08508141
         7         3         1         6         2         1      0.10002354
         7         3         6         1         1         2      0.10940363
         3         7         1         6         2         1      0.10940363
         3         7         6         1         1         2      0.10002354
         8         5         1         6         2         1     -0.05342859
         8         5         4         7         1         1     -0.10029228
         8         5         5         2         1         1      0.06379703
         8         5         6         1         1         1     -0.05114025
         8         5         7         4         1         1     -0.11362946
         5         8         1         6         1         1     -0.05114025
         5         8         2         5         1         1      0.06379703
         5         8         4         7         1         1     -0.11362946
         5         8         6         1         1         2     -0.05342859
         5         8         7         4         1         1     -0.10029228
         7         5         1         7         1         1     -0.12032768
         7         5         1         7         2         1      0.06217120
         7         5         5         3         1         1      0.09193204
         7         5         7         1         1         1     -0.13935174
         7         5         7         1         1         2      0.07937045
         5         7         1         7         1         1     -0.13935174
         5         7         1         7         2         1      0.07937045
         5         7         3         5         1         1      0.09193204
         5         7         7         1         1         1     -0.12032768
         5         7         7         1         1         2      0.06217120
         8         3         4         6         1         1      0.07509636
         8         3         6         4         1         1      0.07866102
         8         3         7         1         1         2     -0.05396569
         3         8         1         7         2         1     -0.05396569
         3         8         4         6         1         1      0.07866102
         3         8         6         4         1         1      0.07509636

 Spin contamination <S**2-Sz**2-Sz>     0.00000000

 Memory could be reduced to 159.45 Mwords without degradation in triples
 

 RESULTS
 =======

  Reference energy                   -166.081615104353
  RCCSD singles energy                 -0.124375902205
  RCCSD pair energy                    -1.170002031429
  RCCSD correlation energy             -1.294377933634
  Triples (T) contribution             -0.157573553911
  Total correlation energy             -1.451951487546
 
  RHF-RCCSD energy                   -167.375993037988
  RHF-RCCSD[T] energy                -167.632073158398
  RHF-RCCSD-T energy                 -167.447955918202
 !RHF-RCCSD(T) energy                -167.533566591899

 Program statistics:

 Available memory in ccsd:               999999308
 Min. memory needed in ccsd:               6614353
 Max. memory used in ccsd:                 9233541
 Max. memory used in cckext:               7425629 (32 integral passes)
 Max. memory used in cckint:              27618051 ( 1 integral passes)



 **********************************************************************************************************************************
 DATASETS  * FILE   NREC   LENGTH (MB)   RECORD NAMES
              1      20       32.74       500      610      700      900      950      970     1000      129      960     1100   
                                          VAR    BASINP    GEOM    SYMINP    ZMAT    AOBASIS   BASIS     P2S    ABASIS      S 
                                         1400     1410     1420     1200     1210     1080     1600     1650     1700     1380   
                                           T        V       ECP      H0       H01     AOSYM     SMH    MOLCAS    OPER     JKOP   

              2       7       13.05       200      700     1000      520     4202     5202     2134   
                                        OPTIONS   GEOM     BASIS   MCVARS     RHF     MCSCF     RHF  

 PROGRAMS   *        TOTAL  RCCSD(T)       RHF     MULTI       POP       RHF       INT
 CPU TIMES  *       332.20    166.04      0.20      2.40      0.00      3.03    159.89
 REAL TIME  *       520.39 SEC
 DISK USED  *        15.73 GB      
 SF USED    *         2.22 GB      
 GA USED    *         0.00 MB       (max)       0.00 MB       (current)
 **********************************************************************************************************************************
 SETTING CCSD(16)       =      -167.53356659  AU                              
 Output type csv         
                                                                                                                                                                                                                                                                

        SCF,CCSD
      0.0000000,      0.0000000
      0.0000000,      0.0000000
      0.0000000,      0.0000000
      0.0000000,      0.0000000
      0.0000000,      0.0000000
      0.0000000,      0.0000000
      0.0000000,      0.0000000
      0.0000000,      0.0000000
      0.0000000,      0.0000000
      0.0000000,      0.0000000
      0.0000000,      0.0000000
      0.0000000,      0.0000000
      0.0000000,      0.0000000
      0.0000000,      0.0000000
      0.0000000,      0.0000000
   -166.0816151,   -167.5335666
                                                  

 RCCSD(T)/USERDEF energy=   -167.533566591899

        RCCSD(T)        RHF-SCF         MULTI           RHF-SCF 
   -167.53356659   -166.08161510   -166.08161510   -166.05082717
 **********************************************************************************************************************************
 Molpro calculation terminated
 Variable memory released
