
 Primary working directories    : /global/cscratch1/sd/aannabe
 Secondary working directories  : /global/cscratch1/sd/aannabe
 Wavefunction directory         : /global/homes/a/aannabe/wfu/
 Main file repository           : /global/cscratch1/sd/aannabe/

 SHA1      : 19cd028119e0e09f93f0674bd8af7968d9b3eff6
 NAME      : 2015.1.36
 ARCHNAME  : linux/x86_64
 FC        : /opt/cray/pe/craype/2.5.14/bin/ftn
 BLASLIB   : -L/opt/intel/compilers_and_libraries_2018.1.163/linux/mkl/lib/intel64 -Wl,-_start-group -lmkl_intel_ilp64 -lmkl_intel_thread -lmkl_core -Wl,-_end-group -liomp5
 id        : lbl

 Nodes     nprocs
 nid01050    11
 Number of processes for MPI-2 version of Molpro:   nprocs(total)=   12   nprocs(compute)=   11   nprocs(helper)=    1

 Using customized tuning parameters: mindgm=7; mindgv=16; mindgc=1; mindgr=1; noblas=0; minvec=7
 default implementation of scratch files=sf  

 ***,atomic
 memory,1,g
 
 gthresh,twoint=1.e-15
 gthresh,oneint=1.e-15
 
 angstrom
 geometry={
 1
 Tb  0.0 0.0 0.0
 }
 
 basis={
 Including file /global/homes/a/aannabe/docs/Tb_project/ccECP/basis_sets/Tb_aug-cc-pwCVTZ.basis
 }
 
 set,dkroll=1,dkho=99,dkhp=2
 
 Including file /global/u1/a/aannabe/docs/Tb_project/ccECP/atoms/AE/3/states.proc
 Including file /global/homes/a/aannabe/docs/Tb_project/ccECP/basis_sets/Tb_con-cc-pVDZ.basis
 Including file /global/homes/a/aannabe/docs/Tb_project/ccECP/basis_sets/Tb_aug-cc-pwCVTZ.basis
 Including file /global/homes/a/aannabe/docs/Tb_project/ccECP/basis_sets/Tb_con-cc-pVDZ.basis
 Including file /global/homes/a/aannabe/docs/Tb_project/ccECP/basis_sets/Tb_aug-cc-pwCVTZ.basis
 Including file /global/homes/a/aannabe/docs/Tb_project/ccECP/basis_sets/Tb_con-cc-pVDZ.basis
 Including file /global/homes/a/aannabe/docs/Tb_project/ccECP/basis_sets/Tb_aug-cc-pwCVTZ.basis
 Including file /global/homes/a/aannabe/docs/Tb_project/ccECP/basis_sets/Tb_con-cc-pVDZ.basis
 Including file /global/homes/a/aannabe/docs/Tb_project/ccECP/basis_sets/Tb_aug-cc-pwCVTZ.basis
 
 do i=3,3
    if (i.eq.1) then
       GS_5s2_5p6_6s2_4f9
    else if (i.eq.2) then
       EX_5s2_5p6_6s2_4f8_5d1
    else if (i.eq.3) then
       EX_5s2_5p6_6s1_4f8_5d2
    else if (i.eq.4) then
       EX_5s2_5p6_6s2_4f8_6p1
    else if (i.eq.5) then
       IP1_5s2_5p6_6s1_4f9
    else if (i.eq.6) then
       IP1_5s2_5p6_6s1_4f8_5d
    else if (i.eq.7) then
       IP1_5s2_5p6_6s2_4f8
    else if (i.eq.8) then
       IP2_5s2_5p6_4f9
    else if (i.eq.9) then
       IP2_5s2_5p6_4f8_5d1
    else if (i.eq.10) then
       IP2_5s2_5p6_6s1_4f8
    else if (i.eq.11) then
       IP3_5s2_5p6_4f8
    else if (i.eq.12) then
       IP3_5s2_5p6_4f7_5d1
    else if (i.eq.13) then
       IP3_5s2_5p6_6s1_4f7
    else if (i.eq.14) then
       IP4_5s2_5p6_4f7
    else if (i.eq.15) then
       IP7_5s2_5p3_4f7
    end if
    scf(i)=energy
    pop
    _CC_NORM_MAX=2.0
    {uccsd(t),shifts=0.2,shiftp=0.2,thrdis=1.0;diis,1,1,15,1;maxit,100;core;
    THRESH,ENERGY=5.e-6,COEFF=1e-3
    }
    ccsd(i)=energy
 enddo
 
 table,scf,ccsd
 save, 3.csv, new
 

 Variables initialized (889), CPU time= 0.01 sec
 Commands  initialized (702), CPU time= 0.01 sec, 572 directives.
 Default parameters read. Elapsed time= 0.11 sec

 Checking input...
 Passed
1


                                         ***  PROGRAM SYSTEM MOLPRO  ***
                                       Copyright, TTI GmbH Stuttgart, 2015
                                    Version 2015.1 linked Dec 29 2018 15:55:43


 **********************************************************************************************************************************
 LABEL *   atomic                                                                        
  64 bit mpp version                                                                     DATE: 02-Feb-22          TIME: 10:40:58  
 **********************************************************************************************************************************

 SHA1:             19cd028119e0e09f93f0674bd8af7968d9b3eff6
 **********************************************************************************************************************************

 THRESHOLDS:

 ZERO    =  1.00D-12  ONEINT  =  1.00D-12  TWOINT  =  1.00D-15  PREFAC  =  1.00D-14  LOCALI  =  1.00D-09  EORDER  =  1.00D-04
 ENERGY  =  0.00D+00  ETEST   =  0.00D+00  EDENS   =  0.00D+00  THRDEDEF=  1.00D-06  GRADIENT=  1.00D-02  STEP    =  1.00D-03
 ORBITAL =  1.00D-05  CIVEC   =  1.00D-05  COEFF   =  1.00D-04  PRINTCI =  5.00D-02  PUNCHCI =  9.90D+01  OPTGRAD =  3.00D-04
 OPTENERG=  1.00D-06  OPTSTEP =  3.00D-04  THRGRAD =  1.00D-10  COMPRESS=  1.00D-11  VARMIN  =  1.00D-07  VARMAX  =  1.00D-03
 THRDOUB =  0.00D+00  THRDIV  =  1.00D-05  THRRED  =  1.00D-07  THRPSP  =  1.00D+00  THRDC   =  1.00D-10  THRCS   =  1.00D-10
 THRNRM  =  1.00D-08  THREQ   =  0.00D+00  THRDE   =  1.00D+00  THRREF  =  1.00D-05  SPARFAC =  1.00D+00  THRDLP  =  1.00D-07
 THRDIA  =  1.00D-10  THRDLS  =  1.00D-07  THRGPS  =  0.00D+00  THRKEX  =  0.00D+00  THRDIS  =  2.00D-01  THRVAR  =  1.00D-10
 THRLOC  =  1.00D-06  THRGAP  =  1.00D-06  THRLOCT = -1.00D+00  THRGAPT = -1.00D+00  THRORB  =  1.00D-06  THRMLTP =  0.00D+00
 THRCPQCI=  1.00D-10  KEXTA   =  0.00D+00  THRCOARS=  0.00D+00  SYMTOL  =  1.00D-06  GRADTOL =  1.00D-06  THROVL  =  1.00D-08
 THRORTH =  1.00D-08  GRID    =  1.00D-06  GRIDMAX =  1.00D-03  DTMAX   =  0.00D+00  THROCCDE=  1.00D-01  THROCCDE=  1.00D-01



 THRESHOLDS:

 ZERO    =  1.00D-12  ONEINT  =  1.00D-15  TWOINT  =  1.00D-15  PREFAC  =  1.00D-14  LOCALI  =  1.00D-09  EORDER  =  1.00D-04
 ENERGY  =  0.00D+00  ETEST   =  0.00D+00  EDENS   =  0.00D+00  THRDEDEF=  1.00D-06  GRADIENT=  1.00D-02  STEP    =  1.00D-03
 ORBITAL =  1.00D-05  CIVEC   =  1.00D-05  COEFF   =  1.00D-04  PRINTCI =  5.00D-02  PUNCHCI =  9.90D+01  OPTGRAD =  3.00D-04
 OPTENERG=  1.00D-06  OPTSTEP =  3.00D-04  THRGRAD =  1.00D-10  COMPRESS=  1.00D-11  VARMIN  =  1.00D-07  VARMAX  =  1.00D-03
 THRDOUB =  0.00D+00  THRDIV  =  1.00D-05  THRRED  =  1.00D-07  THRPSP  =  1.00D+00  THRDC   =  1.00D-10  THRCS   =  1.00D-10
 THRNRM  =  1.00D-08  THREQ   =  0.00D+00  THRDE   =  1.00D+00  THRREF  =  1.00D-05  SPARFAC =  1.00D+00  THRDLP  =  1.00D-07
 THRDIA  =  1.00D-10  THRDLS  =  1.00D-07  THRGPS  =  0.00D+00  THRKEX  =  0.00D+00  THRDIS  =  2.00D-01  THRVAR  =  1.00D-10
 THRLOC  =  1.00D-06  THRGAP  =  1.00D-06  THRLOCT = -1.00D+00  THRGAPT = -1.00D+00  THRORB  =  1.00D-06  THRMLTP =  0.00D+00
 THRCPQCI=  1.00D-10  KEXTA   =  0.00D+00  THRCOARS=  0.00D+00  SYMTOL  =  1.00D-06  GRADTOL =  1.00D-06  THROVL  =  1.00D-08
 THRORTH =  1.00D-08  GRID    =  1.00D-06  GRIDMAX =  1.00D-03  DTMAX   =  0.00D+00  THROCCDE=  1.00D-01  THROCCDE=  1.00D-01


 ZUNIT=ANG
 

Geometry recognized as XYZ


 Variable memory set to 1000000000 words,  buffer space   230000 words

 SETTING BASIS          =    USERDEF
 SETTING DKROLL         =         1.00000000                                  
 SETTING DKHO           =        99.00000000                                  
 SETTING DKHP           =         2.00000000                                  

 DO I                   =         3.00000000   

 Running procedure=EX_5S2_5P6_6S1_4F8_5D2


 Recomputing integrals since basis changed


 Using spherical harmonics



 PROGRAM * SEWARD (Integral evaluation for generally contracted gaussian basis sets)     Author: Roland Lindh, 1990

 Geometry written to block  1 of record 700

 Orientation using atomic masses  
 Molecule type: Atom
 Symmetry elements: X,Y,Z
 Rotational constants:       0.0000000      0.0000000      0.0000000 GHz  (calculated with average atomic masses)

 Point group  D2h 



 ATOMIC COORDINATES

 NR  ATOM    CHARGE       X              Y              Z

   1  TB     65.00    0.000000000    0.000000000    0.000000000

 NUCLEAR CHARGE:                   65
 NUMBER OF PRIMITIVE AOS:         470
 NUMBER OF SYMMETRY AOS:          361
 NUMBER OF CONTRACTIONS:          361   (  82Ag  +  60B3u +  60B2u +  27B1g +  60B1u +  27B2g +  27B3g +  18Au  )
 NUMBER OF CORE ORBITALS:          23   (   8Ag  +   3B3u +   3B2u +   2B1g +   3B1u +   2B2g +   2B3g +   0Au  )
 NUMBER OF VALENCE ORBITALS:       17   (   4Ag  +   3B3u +   3B2u +   1B1g +   3B1u +   1B2g +   1B3g +   1Au  )


 NUCLEAR REPULSION ENERGY    0.00000000

 One-electron integrals computed with SEWARD

 99nd-order Douglas-Kroll-Hess method activated. Exponential DKH parametrization is used.

 Computing Douglas-Kroll / X2C integrals

 AO integral compression algorithm  1   Integral accuracy      1.0D-15

     1802.764 MB (compressed) written to integral file ( 46.5%)

     Node minimum: 77.595 MB, node maximum: 234.881 MB


 NUMBER OF SORTED TWO-ELECTRON INTEGRALS:   24984912.     BUFFER LENGTH:  32768
 NUMBER OF SEGMENTS:   1  SEGMENT LENGTH:   24984912      RECORD LENGTH: 524288

 Memory used in sort:      25.54 MW

 SORT1 READ   484076335. AND WROTE    14890225. INTEGRALS IN     43 RECORDS. CPU TIME:    10.67 SEC, REAL TIME:    11.07 SEC
 SORT2 READ   163021227. AND WROTE   274384081. INTEGRALS IN   9856 RECORDS. CPU TIME:     0.80 SEC, REAL TIME:     1.22 SEC

 Node minimum:    24848232.  Node maximum:    25142105. integrals

 OPERATOR DM      FOR CENTER  0  COORDINATES:    0.000000    0.000000    0.000000

 EXTRA SYMMETRY OF AOS IN SYMMETRY 1:   1 1 1 1 1 1 1 1 1 1   1 1 1 1 1 1 1 1 1 1   1 1 1 1 1 1 1 1 1 1   1 1 1 2 3 2 3 2 3 2
                                        3 2 3 2 3 2 3 2 3 2   3 2 3 2 3 2 3 2 3 2   3 2 3 2 3 2 3 4 5 6   4 5 6 4 5 6 4 5 6 4
                                        5 6
 EXTRA SYMMETRY OF AOS IN SYMMETRY 2:   1 1 1 1 1 1 1 1 1 1   1 1 1 1 1 1 1 1 1 1   1 1 1 1 1 1 2 3 2 3   2 3 2 3 2 3 2 3 2 3
                                        2 3 2 3 2 3 2 3 2 3   2 3 2 3 4 5 6 4 5 6
 EXTRA SYMMETRY OF AOS IN SYMMETRY 3:   1 1 1 1 1 1 1 1 1 1   1 1 1 1 1 1 1 1 1 1   1 1 1 1 1 1 2 3 2 3   2 3 2 3 2 3 2 3 2 3
                                        2 3 2 3 2 3 2 3 2 3   2 3 2 3 4 5 6 4 5 6
 EXTRA SYMMETRY OF AOS IN SYMMETRY 4:   1 1 1 1 1 1 1 1 1 1   1 1 1 1 1 1 1 2 3 2   3 2 3 2 3 2 3
 EXTRA SYMMETRY OF AOS IN SYMMETRY 5:   1 1 1 1 1 1 1 1 1 1   1 1 1 1 1 1 1 1 1 1   1 1 1 1 1 1 2 3 2 3   2 3 2 3 2 3 2 3 2 3
                                        2 3 2 3 2 3 2 3 2 3   2 3 2 3 4 5 6 4 5 6
 EXTRA SYMMETRY OF AOS IN SYMMETRY 6:   1 1 1 1 1 1 1 1 1 1   1 1 1 1 1 1 1 2 3 2   3 2 3 2 3 2 3
 EXTRA SYMMETRY OF AOS IN SYMMETRY 7:   1 1 1 1 1 1 1 1 1 1   1 1 1 1 1 1 1 2 3 2   3 2 3 2 3 2 3
 EXTRA SYMMETRY OF AOS IN SYMMETRY 8:   1 1 1 1 1 1 1 1 1 1   1 1 1 1 2 3 2 3

 Eigenvalues of metric

         1 0.154E-07 0.147E-05 0.266E-04 0.749E-04 0.181E-03 0.390E-03 0.717E-03 0.122E-02
         2 0.148E-04 0.893E-04 0.893E-04 0.408E-03 0.125E-02 0.125E-02 0.141E-02 0.331E-02
         3 0.148E-04 0.893E-04 0.893E-04 0.408E-03 0.125E-02 0.125E-02 0.141E-02 0.331E-02
         4 0.186E-02 0.687E-02 0.180E-01 0.386E-01 0.694E-01 0.115E+00 0.185E+00 0.289E+00
         5 0.148E-04 0.893E-04 0.893E-04 0.408E-03 0.125E-02 0.125E-02 0.141E-02 0.331E-02
         6 0.186E-02 0.687E-02 0.180E-01 0.386E-01 0.694E-01 0.115E+00 0.185E+00 0.289E+00
         7 0.186E-02 0.687E-02 0.180E-01 0.386E-01 0.694E-01 0.115E+00 0.185E+00 0.289E+00
         8 0.893E-04 0.125E-02 0.174E-01 0.609E-01 0.108E+00 0.212E+00 0.329E+00 0.483E+00


 **********************************************************************************************************************************
 DATASETS  * FILE   NREC   LENGTH (MB)   RECORD NAMES
              1      22       21.35       500      610      700      900      950      970     1000      129      960     1700   
                                          VAR    BASINP    GEOM    SYMINP    ZMAT    AOBASIS   BASIS     P2S    ABASIS    OPER   
                                         1101     1401     1411     1412     1650     1100     1400     1410     1200     1210   
                                          SR      EKINR    POTR     PVPR    MOLCAS      S      EKIN      POT      H0       H01  
                                         1080     1600   
                                         AOSYM     SMH  

 PROGRAMS   *        TOTAL       INT
 CPU TIMES  *        89.69     89.39
 REAL TIME  *        92.34 SEC
 DISK USED  *         3.78 GB      
 GA USED    *         0.00 MB       (max)       0.00 MB       (current)
 **********************************************************************************************************************************


 PROGRAM * RHF-SCF (OPEN SHELL)       Authors: W. Meyer, H.-J. Werner


 NUMBER OF ELECTRONS:      37+   28-    SPACE SYMMETRY=1    SPIN SYMMETRY: Decet   
 CONVERGENCE THRESHOLDS:    1.00E-05 (Density)    1.30E-07 (Energy)
 MAX. NUMBER OF ITERATIONS:      100
 INTERPOLATION TYPE:            DIIS
 INTERPOLATION STEPS:              2 (START)      1 (STEP)
 LEVEL SHIFTS:                 -0.60 (CLOSED) -0.30 (OPEN) 

 Number of closed-shell orbitals:   28 (   9   4   5   2   4   2   2   0 )
 Number of open-shell orbitals:      9 (   1   2   1   1   2   0   1   1 )


 
 Extra symmetries of mos in symmetry 1:   1   1   1   1   3   2   1   3   2   1   3   2
 Orbital guess generated from atomic densities. Full valence occupancy:   10   6   6   2   6   2   2   1


 Molecular orbital dump at record        2103.2

 ITERATION    DDIFF          GRAD             ENERGY        2-EL.EN.            DIPOLE MOMENTS         DIIS   ORB.
    1      0.000D+00      0.000D+00    -11692.18184009   7927.682245    0.00000    0.00000    0.00000    0    start
    2      0.000D+00      0.747D-01    -11696.28152267   9133.648240    0.00000    0.00000    0.00000    1    diag,B
    3      0.236D+00      0.142D+00    -11702.40562445   8892.560240    0.00000    0.00000    0.00000    2    diag,B
    4      0.181D+00      0.613D-01    -11704.21118412   8766.348467    0.00000    0.00000    0.00000    3    diag,B
    5      0.141D+00      0.292D-01    -11704.75984578   8688.466364    0.00000    0.00000    0.00000    4    diag,B
    6      0.187D+00      0.119D-01    -11704.88120989   8647.343114    0.00000    0.00000    0.00000    5    diag,B
    7      0.339D-01      0.340D-02    -11704.90007044   8630.831680    0.00000    0.00000    0.00000    6    diag,B
    8      0.496D-02      0.452D-03    -11704.90354049   8626.904841    0.00000    0.00000    0.00000    7    diag,B
    9      0.415D-02      0.307D-03    -11704.90490983   8626.416555    0.00000    0.00000    0.00000    8    diag,B
   10      0.150D-02      0.159D-03    -11704.90559719   8626.617852    0.00000    0.00000    0.00000    9    orth
   11      0.100D-02      0.714D-04    -11704.90585135   8626.695785    0.00000    0.00000    0.00000    9    diag,B
   12      0.280D-03      0.580D-04    -11704.90594912   8626.585872    0.00000    0.00000    0.00000    9    diag,B
   13      0.350D-03      0.149D-04    -11704.90595942   8626.600591    0.00000    0.00000    0.00000    9    diag,B
   14      0.107D-03      0.738D-05    -11704.90596151   8626.610343    0.00000    0.00000    0.00000    9    diag,B
   15      0.640D-04      0.464D-05    -11704.90596222   8626.618924    0.00000    0.00000    0.00000    9    diag,B
   16      0.228D-04      0.374D-05    -11704.90596254   8626.619957    0.00000    0.00000    0.00000    9    diag,B
   17      0.118D-04      0.354D-05    -11704.90596289   8626.619482    0.00000    0.00000    0.00000    9    diag,B
   18      0.841D-05      0.341D-05    -11704.90596359   8626.617231    0.00000    0.00000    0.00000    9    diag,B
   19      0.107D-04      0.324D-05    -11704.90596470   8626.615927    0.00000    0.00000    0.00000    9    diag,B
   20      0.891D-05      0.296D-05    -11704.90596723   8626.615213    0.00000    0.00000    0.00000    9    orth
   21      0.275D-04      0.224D-05    -11704.90596867   8626.617603    0.00000    0.00000    0.00000    9    diag,B
   22      0.216D-04      0.145D-05    -11704.90596926   8626.619426    0.00000    0.00000    0.00000    9    diag,B
   23      0.199D-04      0.685D-06    -11704.90596931   8626.620781    0.00000    0.00000    0.00000    9    diag,B
   24      0.676D-05      0.387D-06    -11704.90596932   8626.620651    0.00000    0.00000    0.00000    0    orth

 Final alpha occupancy:  10   6   6   3   6   2   3   1
 Final beta  occupancy:   9   4   5   2   4   2   2   0

 !RHF STATE 1.1 Energy               -11704.9059693183    
 Nuclear energy                         0.00000000
 One-electron energy               -16018.21629475
 Two-electron energy                 4313.31032543
 Virial quotient                       -0.77675470
 !RHF STATE 1.1 Dipole moment           0.00000000     0.00000000     0.00000000
 Dipole moment /Debye                   0.00000000     0.00000000     0.00000000

 ELECTRON ORBITALS
 =================


   Orb  Occ    Energy  Couls-En    Coefficients

                                   1 1s      1 1s      1 1s      1 1s      1 1s      1 1s      1 1s      1 1s      1 1s      1 1s   
                                   1 1s      1 1s      1 1s      1 1s      1 1s      1 1s      1 1s      1 1s      1 1s      1 1s   
                                   1 1s      1 1s      1 1s      1 1s      1 1s      1 1s      1 1s      1 1s      1 1s      1 1s   
                                   1 1s      1 1s      1 1s      1 3d0     1 3d2+    1 3d0     1 3d2+    1 3d0     1 3d2+    1 3d0  
                                   1 3d2+    1 3d0     1 3d2+    1 3d0     1 3d2+    1 3d0     1 3d2+    1 3d0     1 3d2+    1 3d0  
                                   1 3d2+    1 3d0     1 3d2+    1 3d0     1 3d2+    1 3d0     1 3d2+    1 3d0     1 3d2+    1 3d0  
                                   1 3d2+    1 3d0     1 3d2+    1 3d0     1 3d2+    1 3d0     1 3d2+    1 5g0     1 5g4+    1 5g2+ 
                                   1 5g0     1 5g4+    1 5g2+    1 5g0     1 5g4+    1 5g2+    1 5g0     1 5g4+    1 5g2+    1 5g0  
                                   1 5g4+    1 5g2+ 

   1.1   2 -1920.5739-4167.2176  0.000372  0.000370  0.001056  0.001565  0.003155  0.005254  0.009597  0.016539  0.029434  0.051305
                                 0.089392  0.148555  0.224678  0.275560  0.230697  0.098377  0.013282  0.000370 -0.000021 -0.000013
                                -0.000144  0.000249 -0.000321  0.000197 -0.000017  0.000004 -0.000001  0.000000 -0.000000  0.000000
                                -0.000000  0.000000 -0.000000  0.000000  0.000000  0.000000  0.000000  0.000000  0.000000  0.000000
                                 0.000000  0.000000  0.000000  0.000000 -0.000000 -0.000000 -0.000000 -0.000000 -0.000000  0.000000
                                 0.000000  0.000000  0.000000  0.000000 -0.000000 -0.000000 -0.000000 -0.000000 -0.000000 -0.000000
                                -0.000000  0.000000  0.000000 -0.000000  0.000000  0.000000  0.000000 -0.000000 -0.000000 -0.000000
                                 0.000000  0.000000  0.000000 -0.000000 -0.000000 -0.000000  0.000000  0.000000  0.000000 -0.000000
                                -0.000000 -0.000000

   2.1   2  -323.0140 -890.4027 -0.000135 -0.000135 -0.000385 -0.000572 -0.001156 -0.001934 -0.003555 -0.006188 -0.011177 -0.019934
                                -0.036031 -0.063532 -0.106182 -0.152551 -0.153361 -0.006821  0.318528  0.500517  0.283704  0.044915
                                -0.001035  0.000344  0.002193 -0.001886  0.000113 -0.000070  0.000017 -0.000001  0.000002 -0.000001
                                 0.000001 -0.000000  0.000000  0.000000  0.000000  0.000000  0.000000  0.000000  0.000000  0.000001
                                 0.000000  0.000004  0.000001  0.000014  0.000002  0.000023  0.000001  0.000007  0.000001 -0.000001
                                 0.000000 -0.000000  0.000000 -0.000000 -0.000000  0.000000  0.000000  0.000000  0.000000  0.000000
                                 0.000000 -0.000000 -0.000000  0.000000  0.000000 -0.000000 -0.000000  0.000000  0.000000  0.000000
                                -0.000000 -0.000000 -0.000000 -0.000000  0.000000  0.000000 -0.000000 -0.000000 -0.000000  0.000000
                                 0.000000  0.000000

   3.1   2   -73.7142 -313.5891  0.000063  0.000063  0.000179  0.000266  0.000538  0.000901  0.001659  0.002891  0.005235  0.009369
                                 0.017040  0.030327  0.051574  0.076169  0.079720 -0.002512 -0.242287 -0.502091 -0.306907  0.460306
                                 0.715615 -0.029704  0.281011 -0.032827  0.020342  0.000700  0.000059 -0.000075  0.000003 -0.000027
                                -0.000018 -0.000007  0.000001  0.000000  0.000000  0.000001  0.000000  0.000004  0.000000  0.000018
                                 0.000001  0.000060  0.000003  0.000152  0.000010  0.000270  0.000020  0.000524  0.000034  0.000573
                                 0.000039  0.000119  0.000005 -0.000013  0.000000 -0.000004  0.000000 -0.000001  0.000000  0.000000
                                 0.000000  0.000000  0.000000 -0.000000 -0.000000 -0.000000 -0.000000 -0.000012 -0.000001 -0.000001
                                 0.000011 -0.000000  0.000000 -0.000001  0.000002  0.000001  0.000001  0.000000  0.000000 -0.000000
                                 0.000000  0.000000

   4.1   2   -15.6455 -134.3724 -0.000030 -0.000030 -0.000086 -0.000128 -0.000259 -0.000434 -0.000799 -0.001394 -0.002523 -0.004523
                                -0.008229 -0.014700 -0.025046 -0.037353 -0.039217  0.001522  0.132031  0.287924  0.196166 -0.405525
                                -0.874117 -0.034255 -0.063665 -0.043474  0.867570  0.569437  0.053408 -0.003751  0.001456 -0.000300
                                 0.000387 -0.000135  0.000032 -0.000000 -0.000000 -0.000002 -0.000000 -0.000013 -0.000001 -0.000058
                                -0.000004 -0.000200 -0.000014 -0.000524 -0.000039 -0.000962 -0.000070 -0.001255 -0.000092 -0.000510
                                -0.000027  0.002808  0.000172  0.003548  0.000236  0.000698  0.000204  0.000003  0.000014 -0.000006
                                -0.000005 -0.000000 -0.000001 -0.000000  0.000000  0.000000  0.000000 -0.000077 -0.000028 -0.000023
                                -0.000006  0.000044  0.000038  0.000039  0.000015  0.000012 -0.000008 -0.000010 -0.000008  0.000003
                                 0.000002  0.000002

   5.1   2   -47.4440 -270.0399 -0.000000 -0.000000 -0.000000 -0.000000 -0.000000 -0.000000 -0.000000 -0.000000 -0.000001 -0.000001
                                -0.000003 -0.000005 -0.000008 -0.000012 -0.000013  0.000001  0.000040  0.000085  0.000056 -0.000109
                                -0.000145  0.000052 -0.000059  0.000033 -0.000004  0.000002  0.000004  0.000002  0.000000 -0.000001
                                -0.000001 -0.000000  0.000000  0.000004  0.000090  0.000028  0.000695  0.000159  0.003986  0.000710
                                 0.017822  0.002440  0.061280  0.006355  0.159610  0.011781  0.295863  0.014513  0.364354  0.009713
                                 0.243861  0.002753  0.069306  0.000220  0.005622  0.000024  0.000580  0.000001  0.000006  0.000002
                                 0.000041 -0.000001 -0.000012  0.000000  0.000006 -0.000000 -0.000002  0.000009 -0.000352  0.000150
                                -0.000007 -0.000155 -0.000089 -0.000000 -0.000042  0.000010 -0.000000 -0.000002 -0.000004  0.000000
                                 0.000000  0.000002

   6.1   2   -47.4732 -270.0674 -0.000000 -0.000000 -0.000000 -0.000000 -0.000001 -0.000001 -0.000003 -0.000004 -0.000008 -0.000014
                                -0.000026 -0.000047 -0.000080 -0.000118 -0.000124  0.000006  0.000391  0.000841  0.000490 -0.001053
                                -0.001298  0.000200 -0.000289  0.000273  0.000054 -0.000027 -0.000002  0.000003  0.000002 -0.000007
                                -0.000006 -0.000002  0.000000  0.000090 -0.000004  0.000695 -0.000028  0.003985 -0.000159  0.017818
                                -0.000710  0.061268 -0.002440  0.159577 -0.006355  0.295805 -0.011780  0.364388 -0.014506  0.244049
                                -0.009715  0.069255 -0.002764  0.005423 -0.000220  0.000485 -0.000019 -0.000028  0.000002  0.000035
                                -0.000001 -0.000013  0.000001  0.000006 -0.000000 -0.000002  0.000000  0.000296  0.000004  0.000005
                                -0.000076  0.000002  0.000000  0.000027 -0.000001  0.000001 -0.000005  0.000000  0.000000  0.000002
                                 0.000000  0.000000

   7.1   2    -2.2155  -56.0518  0.000012  0.000012  0.000034  0.000050  0.000102  0.000171  0.000314  0.000547  0.000991  0.001777
                                 0.003234  0.005780  0.009857  0.014722  0.015490 -0.000658 -0.053237 -0.117754 -0.082255  0.181060
                                 0.451586 -0.051333  0.112139 -0.034628 -0.608972 -0.633443  0.319213  0.788467  0.306986  0.013416
                                -0.004542  0.002618 -0.000447  0.000000  0.000000  0.000003  0.000001  0.000016  0.000005  0.000071
                                 0.000021  0.000247  0.000076  0.000655  0.000196  0.001203  0.000375  0.001416  0.000394 -0.000002
                                 0.000010 -0.003801 -0.001040 -0.005085 -0.001163  0.001984 -0.000879  0.009003  0.002902  0.003812
                                 0.002161 -0.000510 -0.000657  0.000106  0.000085 -0.000046 -0.000041  0.000078  0.000036  0.000025
                                 0.000011  0.000141  0.000103 -0.000250 -0.000091 -0.000084 -0.000594 -0.001106 -0.000878  0.000068
                                 0.000098  0.000097

   8.1   2    -6.3842 -108.1479  0.000000  0.000000  0.000000  0.000000  0.000000  0.000001  0.000001  0.000002  0.000004  0.000007
                                 0.000013  0.000023  0.000039  0.000058  0.000061 -0.000002 -0.000207 -0.000454 -0.000319  0.000709
                                 0.001499  0.000080 -0.000340  0.000434 -0.001845 -0.001392  0.001070  0.000505 -0.000136  0.000015
                                 0.000047  0.000007  0.000000 -0.000004 -0.000043 -0.000030 -0.000331 -0.000170 -0.001901 -0.000766
                                -0.008580 -0.002660 -0.029793 -0.007072 -0.079215 -0.012981 -0.145415 -0.014755 -0.165219 -0.000053
                                -0.000548  0.028275  0.316489  0.041597  0.464731  0.025328  0.284466  0.005143  0.059864  0.000093
                                 0.001668  0.000043  0.000578 -0.000020 -0.000219  0.000007  0.000081  0.000091 -0.001309  0.000549
                                 0.000127 -0.002410  0.000958  0.000024 -0.001315 -0.000042  0.000031 -0.000107  0.000010 -0.000009
                                 0.000030 -0.000002

   9.1   2    -6.4084 -108.2314  0.000000  0.000000  0.000001  0.000001  0.000002  0.000003  0.000005  0.000009  0.000017  0.000030
                                 0.000055  0.000098  0.000167  0.000249  0.000262 -0.000011 -0.000893 -0.001972 -0.001338  0.003069
                                 0.006515 -0.000691  0.001489 -0.001647 -0.005854 -0.003253  0.000400  0.000323 -0.000138  0.000051
                                 0.000073  0.000016 -0.000000 -0.000043  0.000004 -0.000331  0.000030 -0.001901  0.000170 -0.008580
                                 0.000765 -0.029794  0.002656 -0.079218  0.007062 -0.145419  0.012965 -0.165309  0.014731 -0.000788
                                 0.000066  0.317023 -0.028239  0.466074 -0.041437  0.283570 -0.025359  0.058445 -0.005422  0.001361
                                -0.000175  0.000558 -0.000056 -0.000217  0.000020  0.000080 -0.000007  0.001056  0.000096 -0.000020
                                 0.002016  0.000078  0.000072  0.000397  0.000047  0.000138 -0.000036  0.000062 -0.000024  0.000011
                                -0.000018  0.000006

  10.1   +    -0.2061  -18.3281 -0.000003 -0.000003 -0.000009 -0.000014 -0.000028 -0.000047 -0.000086 -0.000150 -0.000272 -0.000488
                                -0.000887 -0.001590 -0.002699 -0.004062 -0.004212  0.000083  0.014906  0.031940  0.024260 -0.056327
                                -0.083432 -0.124159  0.266545 -0.232740  0.243557  0.177213 -0.105758 -0.384699 -0.244476  0.565550
                                 0.497568  0.148840 -0.006766 -0.000000 -0.000000 -0.000002 -0.000001 -0.000012 -0.000006 -0.000054
                                -0.000026 -0.000186 -0.000090 -0.000498 -0.000242 -0.000908 -0.000441 -0.001046 -0.000500  0.000123
                                 0.000077  0.002686  0.001163  0.003752  0.001700 -0.000702  0.000503 -0.006689 -0.002872 -0.007900
                                -0.006632 -0.000453 -0.001034  0.003711  0.004609  0.000291  0.000481 -0.000053 -0.000053 -0.000040
                                 0.000120  0.000064  0.000051 -0.000534 -0.001130 -0.000902 -0.003913 -0.007478 -0.005610 -0.002091
                                -0.005298 -0.003353

  11.1   0     0.0621   -9.0649  0.000000  0.000000  0.000000  0.000001  0.000001  0.000002  0.000003  0.000006  0.000011  0.000020
                                 0.000034  0.000067  0.000098  0.000184  0.000116  0.000111 -0.000857 -0.000642 -0.002565  0.008435
                                -0.044364  0.151616 -0.319568  0.256505 -0.067067  0.017107 -0.019638  0.050517 -0.024302  0.114861
                                -0.493036  0.580652 -0.215953  0.000001  0.000002  0.000006  0.000013  0.000037  0.000077  0.000157
                                 0.000328  0.000580  0.001212  0.001455  0.003027  0.002881  0.006028  0.002802  0.005795  0.000174
                                 0.000449 -0.008343 -0.017495 -0.008420 -0.017109 -0.006638 -0.014810  0.022116  0.046076  0.017856
                                 0.035482  0.074288  0.163410 -0.067251 -0.151158  0.428866  0.957577 -0.000017 -0.000007 -0.000035
                                -0.000045 -0.000058 -0.000067  0.000494  0.000538  0.000761  0.001576  0.002124  0.002280  0.002848
                                 0.005447  0.004333

  12.1   0     0.0561  -10.7537 -0.000000 -0.000000 -0.000000 -0.000000 -0.000000 -0.000000 -0.000000 -0.000000 -0.000000 -0.000001
                                -0.000001 -0.000001 -0.000005 -0.000001 -0.000015  0.000022 -0.000032  0.000164 -0.000281  0.001120
                                -0.009348  0.028375 -0.059708  0.047880 -0.011083  0.004236 -0.004059  0.008475 -0.006454  0.019476
                                -0.087246  0.108998 -0.042965  0.000003 -0.000001  0.000020 -0.000008  0.000117 -0.000051  0.000510
                                -0.000220  0.001835 -0.000794  0.004720 -0.002038  0.009058 -0.003920  0.009351 -0.004027 -0.000231
                                 0.000076 -0.025205  0.010906 -0.029567  0.012610 -0.016978  0.007678  0.062480 -0.026680  0.076599
                                -0.032583  0.197646 -0.088506 -0.057149  0.026283  0.861132 -0.390362 -0.000089  0.000023  0.000023
                                -0.000028 -0.000030  0.000037  0.000358  0.000423 -0.000473 -0.000888  0.002604 -0.001717  0.001643
                                 0.000283  0.000764

                                   1 2px     1 2px     1 2px     1 2px     1 2px     1 2px     1 2px     1 2px     1 2px     1 2px  
                                   1 2px     1 2px     1 2px     1 2px     1 2px     1 2px     1 2px     1 2px     1 2px     1 2px  
                                   1 2px     1 2px     1 2px     1 2px     1 2px     1 2px     1 4f1+    1 4f3+    1 4f1+    1 4f3+ 
                                   1 4f1+    1 4f3+    1 4f1+    1 4f3+    1 4f1+    1 4f3+    1 4f1+    1 4f3+    1 4f1+    1 4f3+ 
                                   1 4f1+    1 4f3+    1 4f1+    1 4f3+    1 4f1+    1 4f3+    1 4f1+    1 4f3+    1 4f1+    1 4f3+ 
                                   1 4f1+    1 4f3+    1 4f1+    1 4f3+    1 6h1+    1 6h3+    1 6h5+    1 6h1+    1 6h3+    1 6h5+ 


   1.2   2  -287.2684 -829.9702  0.000013  0.000036  0.000109  0.000314  0.000925  0.002776  0.008419  0.025019  0.069325  0.164661
                                 0.301597  0.359220  0.215476  0.045669  0.002056 -0.000345  0.000767 -0.000656  0.000097 -0.000050
                                 0.000025 -0.000011  0.000005 -0.000002  0.000001 -0.000000  0.000001  0.000000  0.000009 -0.000000
                                 0.000011 -0.000000 -0.000001  0.000001  0.000004 -0.000001 -0.000007  0.000002  0.000004 -0.000001
                                -0.000003  0.000001  0.000001 -0.000001 -0.000001 -0.000000 -0.000000 -0.000000 -0.000000 -0.000000
                                 0.000000 -0.000000 -0.000000  0.000000  0.000000 -0.000000 -0.000000 -0.000000 -0.000000  0.000000

   2.2   2   -62.4103 -292.9162 -0.000006 -0.000018 -0.000054 -0.000156 -0.000460 -0.001386 -0.004235 -0.012740 -0.036128 -0.089146
                                -0.172423 -0.208104 -0.012929  0.388434  0.504932  0.199047 -0.001405  0.020233  0.001152 -0.000046
                                 0.000055 -0.000037  0.000017 -0.000008  0.000004 -0.000001  0.000001 -0.000000  0.000004  0.000001
                                 0.000068  0.000008  0.000252  0.000026  0.000113  0.000013 -0.000009 -0.000008 -0.000071  0.000003
                                 0.000017 -0.000000 -0.000060  0.000006 -0.000031  0.000005 -0.000015  0.000003 -0.000002  0.000001
                                -0.000000  0.000000  0.000000  0.000000  0.000003 -0.000001 -0.000050 -0.000001  0.000000  0.000015

   3.2   2   -11.7972 -123.7031  0.000003  0.000008  0.000026  0.000074  0.000218  0.000658  0.002015  0.006074  0.017330  0.043087
                                 0.084607  0.101989 -0.012415 -0.282227 -0.403192  0.071821  0.005237  0.599275  0.445528  0.076016
                                -0.000105  0.001271 -0.000410  0.000175 -0.000078  0.000024  0.000000  0.000000  0.000003  0.000002
                                -0.000025  0.000008 -0.000101  0.000010  0.000318  0.000065  0.000362 -0.000024  0.000917  0.000156
                                 0.000264 -0.000060 -0.000093  0.000352 -0.000445  0.000104 -0.000220 -0.000011 -0.000041 -0.000004
                                -0.000001 -0.000002 -0.000000  0.000000 -0.000016  0.000011 -0.000585  0.000016 -0.000007  0.000070

   4.2   2    -1.1887  -47.9056 -0.000001 -0.000003 -0.000009 -0.000026 -0.000077 -0.000232 -0.000710 -0.002140 -0.006120 -0.015223
                                -0.030027 -0.036082  0.005680  0.108647  0.156444 -0.054843  0.000671 -0.322053 -0.263087  0.229429
                                 0.560063  0.369060  0.063988 -0.001236  0.001650 -0.000454  0.000000  0.000009  0.000001  0.000075
                                 0.000021  0.000337  0.000074  0.001024 -0.000111  0.001875 -0.000104  0.000324 -0.000256  0.002383
                                -0.000092  0.000819  0.001683  0.002248  0.003720  0.002732  0.002014  0.000710 -0.000662 -0.003185
                                -0.000294 -0.001143  0.000007  0.000038 -0.000061  0.000030 -0.000297 -0.000024  0.000159  0.000018

   5.2   +    -0.8080  -83.4394 -0.000000 -0.000000 -0.000000 -0.000000 -0.000000 -0.000001 -0.000003 -0.000010 -0.000028 -0.000069
                                -0.000136 -0.000165  0.000035  0.000522  0.000751 -0.000567  0.000338 -0.001997 -0.000231  0.002278
                                 0.001205 -0.004001 -0.004144 -0.000652 -0.000056  0.000013  0.001007 -0.000024  0.008592 -0.000201
                                 0.038957 -0.000911  0.115182 -0.002692  0.232912 -0.005428  0.001458 -0.000038  0.322767 -0.007519
                                 0.002878 -0.000079  0.326075 -0.007664  0.235357 -0.005477  0.106173 -0.001842  0.020177  0.000557
                                 0.000525  0.000344  0.000051 -0.000008  0.002551  0.000270 -0.000456  0.000143  0.000116  0.000178

   6.2   +    -0.7285  -82.6205 -0.000000 -0.000000 -0.000000 -0.000000 -0.000000 -0.000000 -0.000001 -0.000004 -0.000012 -0.000030
                                -0.000058 -0.000073  0.000019  0.000211  0.000399 -0.000382  0.000596 -0.001705  0.000076  0.002643
                                 0.001924 -0.005326 -0.009321 -0.002777 -0.000028 -0.000012  0.000022  0.000998  0.000190  0.008509
                                 0.000862  0.038584  0.002549  0.114053  0.005166  0.230420  0.000023  0.001431  0.007161  0.319118
                                 0.000039  0.002719  0.007208  0.323724  0.005367  0.238602  0.003254  0.115951  0.001717  0.028754
                                 0.000446  0.002414 -0.000006  0.000027  0.000061  0.001614  0.000343  0.000105  0.000407  0.000699

   7.2   0     0.0091   -8.0883  0.000000  0.000000  0.000001  0.000003  0.000008  0.000025  0.000075  0.000227  0.000645  0.001620
                                 0.003156  0.003883 -0.000777 -0.011141 -0.017969  0.011584 -0.014613  0.049339  0.021778 -0.021436
                                -0.086916 -0.042355 -0.022004  0.308929 -0.025006  0.872173  0.000003  0.000007  0.000028  0.000061
                                 0.000122  0.000275  0.000363  0.000813  0.000740  0.001642  0.000063  0.000007  0.000992  0.002263
                                 0.000117  0.000010  0.000673  0.002252  0.000149  0.001317 -0.000414 -0.001013 -0.000952 -0.005475
                                -0.001252 -0.007434  0.001849  0.001444  0.000032  0.000023 -0.000011 -0.000020 -0.000082 -0.000178

   8.2   0     0.0383   -8.3399 -0.000000 -0.000000 -0.000001 -0.000003 -0.000010 -0.000031 -0.000097 -0.000286 -0.000839 -0.002021
                                -0.004167 -0.004593  0.000045  0.016768  0.015702  0.017066 -0.064984  0.015673 -0.069604  0.079042
                                 0.027613  0.194958 -0.244887  0.244236 -1.717029  1.461126 -0.000004 -0.000009 -0.000033 -0.000072
                                -0.000149 -0.000329 -0.000437 -0.000958 -0.000931 -0.002045 -0.000014  0.000175 -0.001294 -0.002954
                                -0.000011  0.000376 -0.000895 -0.002965 -0.000086 -0.001386  0.000434  0.001054  0.001347  0.007312
                                 0.000402  0.006294  0.000843  0.007463 -0.000040 -0.000028  0.000016  0.000025  0.000103  0.000223

                                   1 2py     1 2py     1 2py     1 2py     1 2py     1 2py     1 2py     1 2py     1 2py     1 2py  
                                   1 2py     1 2py     1 2py     1 2py     1 2py     1 2py     1 2py     1 2py     1 2py     1 2py  
                                   1 2py     1 2py     1 2py     1 2py     1 2py     1 2py     1 4f1-    1 4f3-    1 4f1-    1 4f3- 
                                   1 4f1-    1 4f3-    1 4f1-    1 4f3-    1 4f1-    1 4f3-    1 4f1-    1 4f3-    1 4f1-    1 4f3- 
                                   1 4f1-    1 4f3-    1 4f1-    1 4f3-    1 4f1-    1 4f3-    1 4f1-    1 4f3-    1 4f1-    1 4f3- 
                                   1 4f1-    1 4f3-    1 4f1-    1 4f3-    1 6h1-    1 6h3-    1 6h5-    1 6h1-    1 6h3-    1 6h5- 


   1.3   2  -287.2675 -829.9693  0.000013  0.000036  0.000109  0.000314  0.000925  0.002776  0.008419  0.025019  0.069325  0.164662
                                 0.301598  0.359220  0.215476  0.045669  0.002055 -0.000346  0.000766 -0.000656  0.000097 -0.000050
                                 0.000025 -0.000011  0.000005 -0.000002  0.000001 -0.000000  0.000002  0.000001  0.000011  0.000002
                                 0.000013  0.000002 -0.000002 -0.000001  0.000004 -0.000000 -0.000008 -0.000000  0.000004  0.000000
                                -0.000004 -0.000000  0.000001  0.000000 -0.000000  0.000000 -0.000000  0.000000 -0.000000  0.000000
                                 0.000000  0.000000 -0.000000 -0.000000  0.000000  0.000000  0.000000 -0.000000 -0.000000 -0.000000

   2.3   2   -62.4062 -292.9130 -0.000006 -0.000018 -0.000054 -0.000156 -0.000460 -0.001386 -0.004235 -0.012740 -0.036129 -0.089148
                                -0.172426 -0.208106 -0.012928  0.388457  0.504924  0.199014 -0.001378  0.020226  0.001155 -0.000049
                                 0.000054 -0.000039  0.000016 -0.000008  0.000004 -0.000001  0.000001 -0.000000  0.000004  0.000001
                                 0.000069  0.000004  0.000253  0.000010  0.000122  0.000021 -0.000011 -0.000006 -0.000071  0.000008
                                 0.000014 -0.000003 -0.000068 -0.000001 -0.000039 -0.000003 -0.000019 -0.000001 -0.000004 -0.000000
                                -0.000000 -0.000000  0.000000 -0.000000  0.000004  0.000002  0.000052 -0.000001 -0.000001 -0.000016

   3.3   2   -11.7902 -123.7081  0.000003  0.000008  0.000026  0.000074  0.000218  0.000658  0.002016  0.006075  0.017334  0.043096
                                 0.084626  0.102012 -0.012420 -0.282309 -0.403293  0.072024  0.004863  0.599849  0.445466  0.075669
                                -0.000088  0.001280 -0.000408  0.000171 -0.000078  0.000023 -0.000000  0.000000  0.000002  0.000003
                                -0.000032  0.000011 -0.000108  0.000043  0.000333  0.000136  0.000403  0.000038  0.000933  0.000202
                                 0.000301  0.000024 -0.000251  0.000059 -0.000515  0.000035 -0.000235  0.000029 -0.000052  0.000012
                                -0.000003  0.000002 -0.000000 -0.000000  0.000020  0.000054  0.000686  0.000005 -0.000015 -0.000101

   4.3   2    -1.1824  -47.7895 -0.000001 -0.000003 -0.000009 -0.000026 -0.000077 -0.000231 -0.000708 -0.002133 -0.006100 -0.015173
                                -0.029930 -0.035960  0.005652  0.108323  0.155851 -0.054396 -0.000041 -0.320319 -0.262826  0.230163
                                 0.555598  0.368177  0.069924 -0.000109  0.001742 -0.000478 -0.000003  0.000007 -0.000028  0.000061
                                -0.000112  0.000277 -0.000329  0.000817 -0.000929  0.001571 -0.000140  0.000087 -0.001385  0.002103
                                -0.000201  0.000188  0.000798  0.002406  0.004682  0.004156  0.006822  0.007120  0.004164  0.005269
                                 0.000712  0.001075  0.000002  0.000013 -0.000035  0.000052  0.000395  0.000243  0.000336  0.000737

   5.3   2    -0.5931  -81.6777  0.000000  0.000000  0.000000  0.000000  0.000001  0.000004  0.000011  0.000033  0.000095  0.000238
                                 0.000468  0.000564 -0.000092 -0.001706 -0.002496  0.001012 -0.000231  0.005625  0.003956 -0.005067
                                -0.009711 -0.004105  0.002841  0.001688 -0.000032  0.000024  0.000030  0.000987  0.000258  0.008419
                                 0.001171  0.038186  0.003460  0.112885  0.006969  0.227475  0.000032  0.001321  0.009628  0.314216
                                 0.000063  0.002548  0.009832  0.321464  0.007112  0.244191  0.002705  0.125790 -0.000182  0.034015
                                -0.000272  0.002751  0.000004 -0.000006  0.000011  0.000882  0.000293 -0.000036  0.000172  0.000815

   6.3   +    -0.8036  -83.1687  0.000000  0.000000  0.000000  0.000000  0.000000  0.000001  0.000002  0.000006  0.000016  0.000041
                                 0.000080  0.000097 -0.000013 -0.000262 -0.000468  0.000068 -0.000159  0.001325  0.001112 -0.001361
                                -0.003076 -0.002418  0.001070  0.000941 -0.000058  0.000021  0.001004 -0.000028  0.008562 -0.000239
                                 0.038822 -0.001083  0.114784 -0.003202  0.232145 -0.006477  0.001494 -0.000094  0.321672 -0.008957
                                 0.002896 -0.000155  0.324698 -0.008988  0.235503 -0.007287  0.110356 -0.005227  0.025441 -0.002656
                                 0.001923 -0.000496  0.000017  0.000002  0.002702  0.000140  0.000353  0.000602  0.000351  0.000041

   7.3   0     0.0096   -8.2433  0.000000  0.000000  0.000001  0.000003  0.000009  0.000027  0.000081  0.000246  0.000698  0.001751
                                 0.003415  0.004195 -0.000829 -0.012083 -0.019344  0.012143 -0.014771  0.052402  0.024083 -0.024023
                                -0.093340 -0.045816 -0.015243  0.320054 -0.025940  0.863239 -0.000003 -0.000006 -0.000021 -0.000046
                                -0.000099 -0.000215 -0.000277 -0.000613 -0.000677 -0.001416  0.000277  0.000300 -0.001123 -0.002177
                                 0.000572  0.000641 -0.001496 -0.002237 -0.000821 -0.000896  0.000009  0.000050  0.006935  0.008580
                                 0.011080  0.015083  0.011774  0.015341  0.000028  0.000003  0.000060 -0.000075 -0.000090 -0.000127

   8.3   0     0.0384   -8.3630  0.000000  0.000000  0.000001  0.000004  0.000011  0.000033  0.000102  0.000299  0.000878  0.002118
                                 0.004359  0.004823 -0.000080 -0.017474 -0.016701 -0.016734  0.065086 -0.013592  0.071411 -0.081135
                                -0.032523 -0.196561  0.251850 -0.238772  1.699732 -1.464232 -0.000003 -0.000007 -0.000025 -0.000055
                                -0.000118 -0.000254 -0.000332 -0.000728 -0.000768 -0.001652  0.000263  0.000309 -0.001236 -0.002509
                                 0.000541  0.000662 -0.001686 -0.002572 -0.001061 -0.001099  0.000133  0.000147  0.008358  0.010382
                                 0.014835  0.019171  0.013790  0.019599  0.000035  0.000004  0.000074 -0.000092 -0.000109 -0.000155

                                   1 3d2-    1 3d2-    1 3d2-    1 3d2-    1 3d2-    1 3d2-    1 3d2-    1 3d2-    1 3d2-    1 3d2- 
                                   1 3d2-    1 3d2-    1 3d2-    1 3d2-    1 3d2-    1 3d2-    1 3d2-    1 5g2-    1 5g4-    1 5g2- 
                                   1 5g4-    1 5g2-    1 5g4-    1 5g2-    1 5g4-    1 5g2-    1 5g4- 

   1.4   2   -47.4451 -270.0460  0.000090  0.000696  0.003989  0.017838  0.061335  0.159755  0.296128  0.364649  0.244012  0.069346
                                 0.005601  0.000562  0.000026  0.000094  0.000052  0.000047  0.000002  0.000166  0.000387 -0.000082
                                 0.000145  0.000013  0.000045 -0.000003  0.000002  0.000002  0.000000

   2.4   2    -6.3863 -108.2013 -0.000043 -0.000333 -0.001911 -0.008622 -0.029941 -0.079610 -0.146134 -0.166036 -0.000445  0.318255
                                 0.467152  0.284741  0.059430  0.001927  0.000799 -0.000093  0.000092  0.000603  0.001430  0.001111
                                 0.002815  0.000034  0.001707 -0.000018  0.000118  0.000006 -0.000031

   3.4   +    -0.1822  -27.4897  0.000009  0.000067  0.000382  0.001726  0.006006  0.016010  0.029360  0.032904 -0.004752 -0.077080
                                -0.110947 -0.034979  0.172213  0.360460  0.439753  0.281489  0.031353 -0.000218  0.000112 -0.000175
                                -0.000064  0.002338  0.000919  0.004536  0.006053  0.000700  0.002842

   4.4   0     0.0745   -7.8580 -0.000002 -0.000017 -0.000089 -0.000436 -0.001409 -0.004062 -0.006727 -0.009003  0.003198  0.014983
                                 0.033869 -0.003362 -0.021602 -0.135693  0.007817 -0.486761  1.261903  0.000053 -0.000026  0.000037
                                 0.000012 -0.000569 -0.000205 -0.001405 -0.002047  0.001470  0.002880

   5.4   0     0.2713  -14.9412  0.000006  0.000040  0.000258  0.001056  0.004039  0.009740  0.020277  0.017816  0.003658 -0.062519
                                -0.048578 -0.061292  0.188903  0.088234  0.795085 -1.762664  0.847044 -0.000141  0.000068 -0.000088
                                -0.000033  0.001515  0.000512  0.003667  0.005303 -0.009570 -0.019274

                                   1 2pz     1 2pz     1 2pz     1 2pz     1 2pz     1 2pz     1 2pz     1 2pz     1 2pz     1 2pz  
                                   1 2pz     1 2pz     1 2pz     1 2pz     1 2pz     1 2pz     1 2pz     1 2pz     1 2pz     1 2pz  
                                   1 2pz     1 2pz     1 2pz     1 2pz     1 2pz     1 2pz     1 4f0     1 4f2+    1 4f0     1 4f2+ 
                                   1 4f0     1 4f2+    1 4f0     1 4f2+    1 4f0     1 4f2+    1 4f0     1 4f2+    1 4f0     1 4f2+ 
                                   1 4f0     1 4f2+    1 4f0     1 4f2+    1 4f0     1 4f2+    1 4f0     1 4f2+    1 4f0     1 4f2+ 
                                   1 4f0     1 4f2+    1 4f0     1 4f2+    1 6h2+    1 6h4+    1 6h0     1 6h2+    1 6h4+    1 6h0  


   1.5   2  -287.2787 -829.9783  0.000013  0.000036  0.000109  0.000314  0.000925  0.002776  0.008419  0.025018  0.069322  0.164655
                                 0.301586  0.359208  0.215491  0.045698  0.002054 -0.000343  0.000760 -0.000653  0.000096 -0.000049
                                 0.000025 -0.000011  0.000005 -0.000002  0.000001 -0.000000  0.000002  0.000000  0.000010 -0.000000
                                 0.000012 -0.000000  0.000000  0.000001  0.000005 -0.000001 -0.000006  0.000002  0.000004 -0.000001
                                -0.000003  0.000001  0.000001 -0.000001 -0.000000 -0.000000 -0.000000 -0.000000 -0.000000 -0.000000
                                 0.000000 -0.000000 -0.000000  0.000000  0.000000 -0.000000  0.000000 -0.000000 -0.000000 -0.000000

   2.5   2   -62.4590 -292.9514 -0.000006 -0.000018 -0.000054 -0.000156 -0.000460 -0.001386 -0.004234 -0.012737 -0.036120 -0.089124
                                -0.172379 -0.208050 -0.012994  0.388131  0.505017  0.199382 -0.001498  0.020236  0.001096 -0.000055
                                 0.000050 -0.000037  0.000017 -0.000008  0.000004 -0.000001  0.000001 -0.000000  0.000006  0.000001
                                 0.000088  0.000006  0.000307  0.000021  0.000175  0.000011 -0.000003 -0.000006 -0.000021  0.000004
                                 0.000020 -0.000000 -0.000023  0.000006 -0.000007  0.000005 -0.000004  0.000003 -0.000000  0.000001
                                -0.000000  0.000000  0.000000  0.000000  0.000000 -0.000001  0.000000  0.000000  0.000000  0.000000

   3.5   2   -11.8626 -123.8048  0.000003  0.000008  0.000026  0.000074  0.000218  0.000658  0.002016  0.006076  0.017336  0.043103
                                 0.084635  0.102030 -0.012387 -0.282094 -0.403747  0.071431  0.004443  0.601856  0.445168  0.074742
                                -0.000147  0.001211 -0.000394  0.000164 -0.000074  0.000022  0.000002  0.000000  0.000022  0.000002
                                 0.000052  0.000009  0.000140  0.000014  0.000893  0.000064  0.000347 -0.000023  0.001749  0.000143
                                 0.000258 -0.000048  0.000718  0.000310 -0.000037  0.000093 -0.000087 -0.000006 -0.000017 -0.000002
                                -0.000002 -0.000002  0.000000  0.000000  0.000031  0.000016 -0.000049 -0.000012 -0.000008  0.000022

   4.5   2    -1.2216  -48.2120 -0.000001 -0.000003 -0.000009 -0.000026 -0.000078 -0.000234 -0.000716 -0.002159 -0.006171 -0.015352
                                -0.030279 -0.036391  0.005725  0.109490  0.158048 -0.055465  0.001913 -0.327710 -0.265234  0.237914
                                 0.566405  0.361130  0.058900 -0.001228  0.001467 -0.000404  0.000006  0.000007  0.000054  0.000065
                                 0.000261  0.000290  0.000786  0.000881  0.001228  0.001616  0.000047  0.000284  0.001570  0.002055
                                 0.000262  0.000711  0.003692  0.001916  0.005866  0.002250  0.002724  0.000355 -0.001771 -0.002620
                                -0.000624 -0.000807  0.000021  0.000031  0.000051  0.000023 -0.000076  0.000256  0.000207  0.000069

   5.5   +    -0.8131  -83.4320 -0.000000 -0.000000 -0.000000 -0.000000 -0.000000 -0.000001 -0.000004 -0.000012 -0.000035 -0.000089
                                -0.000174 -0.000212  0.000043  0.000637  0.000962 -0.000570  0.000495 -0.002378 -0.000165  0.001856
                                -0.000512 -0.006922 -0.006689 -0.001207 -0.000065  0.000014  0.001002 -0.000102  0.008550 -0.000871
                                 0.038765 -0.003951  0.114619 -0.011681  0.231807 -0.023594  0.001450 -0.000149  0.321240 -0.032699
                                 0.002860 -0.000309  0.324303 -0.033171  0.233883 -0.023718  0.106046 -0.009283  0.021075 -0.000024
                                 0.000871  0.000544  0.000040 -0.000020 -0.000010 -0.000166  0.002689  0.000278  0.000191  0.000329

   6.5   +    -0.7801  -83.0785 -0.000000 -0.000000 -0.000000 -0.000000 -0.000000 -0.000000 -0.000001 -0.000004 -0.000010 -0.000026
                                -0.000050 -0.000063  0.000017  0.000180  0.000349 -0.000345  0.000566 -0.001521  0.000221  0.002274
                                 0.001005 -0.005458 -0.007677 -0.001894 -0.000029 -0.000001  0.000100  0.000998  0.000849  0.008515
                                 0.003850  0.038608  0.011382  0.114142  0.023041  0.230756  0.000141  0.001454  0.031924  0.319715
                                 0.000257  0.002814  0.032137  0.323363  0.023590  0.235368  0.012508  0.110160  0.004568  0.024385
                                 0.000801  0.001487 -0.000013  0.000031  0.002367  0.000723  0.000301  0.000516  0.000344  0.000325

   7.5   0     0.0085   -8.2818  0.000000  0.000000  0.000001  0.000003  0.000008  0.000026  0.000078  0.000237  0.000672  0.001685
                                 0.003287  0.004036 -0.000793 -0.011632 -0.018622  0.011547 -0.013959  0.050499  0.023338 -0.024447
                                -0.089648 -0.044545 -0.013513  0.312674 -0.000471  0.845005  0.000006  0.000005  0.000048  0.000047
                                 0.000213  0.000211  0.000635  0.000625  0.001280  0.001251  0.000080  0.000022  0.001721  0.001712
                                 0.000155  0.000045  0.001392  0.001692  0.000568  0.000984 -0.000938 -0.000986 -0.002928 -0.004458
                                -0.003222 -0.005199  0.003509  0.002230  0.000034  0.000021  0.000054 -0.000139 -0.000116 -0.000096

   8.5   0     0.0374   -8.2780 -0.000000 -0.000000 -0.000001 -0.000004 -0.000010 -0.000031 -0.000097 -0.000286 -0.000841 -0.002026
                                -0.004174 -0.004609  0.000059  0.016757  0.015895  0.016596 -0.063692  0.013966 -0.069101  0.080028
                                 0.029622  0.190983 -0.247592  0.232001 -1.692841  1.470602 -0.000006 -0.000006 -0.000055 -0.000053
                                -0.000249 -0.000244 -0.000732 -0.000714 -0.001554 -0.001512  0.000033  0.000110 -0.002184 -0.002168
                                 0.000084  0.000234 -0.001796 -0.002164 -0.000504 -0.001003  0.000971  0.001030  0.003850  0.005722
                                 0.001745  0.004100  0.002208  0.004390 -0.000039 -0.000025 -0.000065  0.000168  0.000140  0.000117

                                   1 3d1+    1 3d1+    1 3d1+    1 3d1+    1 3d1+    1 3d1+    1 3d1+    1 3d1+    1 3d1+    1 3d1+ 
                                   1 3d1+    1 3d1+    1 3d1+    1 3d1+    1 3d1+    1 3d1+    1 3d1+    1 5g1+    1 5g3+    1 5g1+ 
                                   1 5g3+    1 5g1+    1 5g3+    1 5g1+    1 5g3+    1 5g1+    1 5g3+ 

   1.6   2   -47.4651 -270.0643  0.000090  0.000696  0.003989  0.017834  0.061322  0.159720  0.296068  0.364689  0.244212  0.069270
                                 0.005413  0.000482 -0.000029  0.000035 -0.000013  0.000006 -0.000002  0.000278  0.000014 -0.000071
                                -0.000002  0.000025  0.000003 -0.000004 -0.000000  0.000002  0.000000

   2.6   2    -6.3950 -108.2068 -0.000043 -0.000332 -0.001909 -0.008612 -0.029907 -0.079519 -0.145971 -0.165915 -0.000746  0.318234
                                 0.467765  0.284813  0.058859  0.001395  0.000565 -0.000219  0.000080  0.000999  0.000026  0.001880
                                 0.000240  0.000323  0.000178 -0.000031 -0.000070  0.000009  0.000020

   3.6   0     0.0560  -10.8125  0.000003  0.000022  0.000129  0.000562  0.002022  0.005202  0.009979  0.010307 -0.000263 -0.027751
                                -0.032597 -0.018711  0.068626  0.084706  0.217776 -0.060769  0.942721 -0.000091 -0.000015 -0.000036
                                 0.000043  0.000478 -0.000569 -0.000344 -0.003239  0.001079  0.000741

   4.6   0     0.1117  -18.9998 -0.000006 -0.000049 -0.000271 -0.001259 -0.004265 -0.011695 -0.020678 -0.024759  0.005455  0.051308
                                 0.087262  0.012349 -0.100052 -0.298108 -0.194253 -0.893657  0.929244  0.000197  0.000028  0.000072
                                -0.000091 -0.001099  0.001099 -0.000537  0.004217  0.000608  0.002613

                                   1 3d1-    1 3d1-    1 3d1-    1 3d1-    1 3d1-    1 3d1-    1 3d1-    1 3d1-    1 3d1-    1 3d1- 
                                   1 3d1-    1 3d1-    1 3d1-    1 3d1-    1 3d1-    1 3d1-    1 3d1-    1 5g1-    1 5g3-    1 5g1- 
                                   1 5g3-    1 5g1-    1 5g3-    1 5g1-    1 5g3-    1 5g1-    1 5g3- 

   1.7   2   -47.4642 -270.0700  0.000090  0.000696  0.003989  0.017837  0.061331  0.159743  0.296107  0.364704  0.244160  0.069235
                                 0.005383  0.000468  0.000006  0.000110  0.000073  0.000056  0.000002  0.000290  0.000022 -0.000073
                                 0.000001  0.000026  0.000002 -0.000003  0.000001  0.000002  0.000000

   2.7   2    -6.3929 -108.2657 -0.000043 -0.000333 -0.001911 -0.008623 -0.029942 -0.079613 -0.146136 -0.166101 -0.000602  0.318778
                                 0.468425  0.283935  0.058019  0.001578  0.000726 -0.000128  0.000085  0.001049  0.000076  0.001969
                                 0.000214  0.000420  0.000176  0.000002  0.000004  0.000002  0.000000

   3.7   +    -0.1978  -28.4222  0.000009  0.000069  0.000399  0.001804  0.006273  0.016728  0.030663  0.034402 -0.004995 -0.080787
                                -0.116692 -0.034937  0.184358  0.378360  0.439988  0.254186  0.019924 -0.000254  0.000019 -0.000238
                                -0.000076  0.003321  0.000852  0.007726  0.004308  0.001741  0.001977

   4.7   0     0.0733   -7.7570 -0.000002 -0.000016 -0.000084 -0.000413 -0.001328 -0.003843 -0.006337 -0.008545  0.003098  0.014070
                                 0.032403 -0.003966 -0.020669 -0.130340  0.015882 -0.462879  1.253896  0.000057 -0.000003  0.000045
                                 0.000013 -0.000723 -0.000176 -0.002254 -0.001333  0.003118  0.002297

   5.7   0     0.2655  -14.6079  0.000006  0.000039  0.000252  0.001030  0.003938  0.009498  0.019771  0.017381  0.003574 -0.061140
                                -0.047754 -0.058864  0.187162  0.086926  0.761600 -1.764120  0.856570 -0.000154  0.000009 -0.000110
                                -0.000036  0.001979  0.000472  0.005878  0.003442 -0.018838 -0.014005

                                   1 4f2-    1 4f2-    1 4f2-    1 4f2-    1 4f2-    1 4f2-    1 4f2-    1 4f2-    1 4f2-    1 4f2- 
                                   1 4f2-    1 4f2-    1 4f2-    1 4f2-    1 6h4-    1 6h2-    1 6h4-    1 6h2- 

   1.8   +    -0.7814  -82.8857  0.001001  0.008535  0.038696  0.114404  0.231304  0.001524  0.320457  0.002911  0.323969  0.236906
                                 0.113952  0.028225  0.002475  0.000017 -0.000093  0.002402  0.000435  0.000348

   2.8   0     0.1162   -7.2563 -0.000016 -0.000056 -0.000602 -0.000343 -0.013229  0.020845 -0.034071  0.044995 -0.037725  0.017637
                                -0.029230  0.086090 -0.251219  1.133913 -0.000002 -0.000026  0.000001  0.000026

   3.8   0     0.3217  -11.9400 -0.000050 -0.000645 -0.002016 -0.009717  0.013203 -0.054671  0.060002 -0.118505  0.070968 -0.060648
                                 0.097581 -0.150011  1.370229 -0.697050 -0.000027 -0.000162  0.000067  0.000233

 HOMO      3.4    -0.182190 =      -4.9577eV
 LUMO      7.5     0.008465 =       0.2303eV
 LUMO-HOMO         0.190656 =       5.1880eV


 **********************************************************************************************************************************
 DATASETS  * FILE   NREC   LENGTH (MB)   RECORD NAMES
              1      22       21.35       500      610      700      900      950      970     1000      129      960     1700   
                                          VAR    BASINP    GEOM    SYMINP    ZMAT    AOBASIS   BASIS     P2S    ABASIS    OPER   
                                         1101     1401     1411     1412     1650     1100     1400     1410     1200     1210   
                                          SR      EKINR    POTR     PVPR    MOLCAS      S      EKIN      POT      H0       H01  
                                         1080     1600   
                                         AOSYM     SMH  

              2       5        5.97       200      700     1000      520     2103   
                                        OPTIONS   GEOM     BASIS   MCVARS     RHF  

 PROGRAMS   *        TOTAL       RHF       INT
 CPU TIMES  *        92.23      2.54     89.39
 REAL TIME  *        95.22 SEC
 DISK USED  *         4.12 GB      
 SF USED    *         0.08 MB      
 GA USED    *         0.00 MB       (max)       0.00 MB       (current)
 **********************************************************************************************************************************
 SETTING SCF(3)         =    -11704.90596932  AU                              


 PROGRAM * POP (Mulliken population analysis)

 
 Density matrix read from record         2103.2  Type=RHF/CHARGE (state 1.1)
 
 Population analysis by basis function type

 Unique atom        s        p        d        f        g    Total    Charge
   1  TB     10.99911 23.99939 22.00029  8.00056  0.00060 65.00000  - 0.00000


 **********************************************************************************************************************************
 DATASETS  * FILE   NREC   LENGTH (MB)   RECORD NAMES
              1      22       21.35       500      610      700      900      950      970     1000      129      960     1700   
                                          VAR    BASINP    GEOM    SYMINP    ZMAT    AOBASIS   BASIS     P2S    ABASIS    OPER   
                                         1101     1401     1411     1412     1650     1100     1400     1410     1200     1210   
                                          SR      EKINR    POTR     PVPR    MOLCAS      S      EKIN      POT      H0       H01  
                                         1080     1600   
                                         AOSYM     SMH  

              2       5        5.97       200      700     1000      520     2103   
                                        OPTIONS   GEOM     BASIS   MCVARS     RHF  

 PROGRAMS   *        TOTAL       POP       RHF       INT
 CPU TIMES  *        92.23      0.00      2.54     89.39
 REAL TIME  *        95.25 SEC
 DISK USED  *         4.12 GB      
 SF USED    *         0.08 MB      
 GA USED    *         0.00 MB       (max)       0.00 MB       (current)
 **********************************************************************************************************************************
 SETTING _CC_NORM_MAX   =         2.00000000                                  


 PROGRAM * CCSD (Unrestricted open-shell coupled cluster)     Authors: C. Hampel, H.-J. Werner, 1991, M. Deegan, P.J. Knowles, 1992


 Input parameters for THRESH:

 THRDIS =    1.000000
 ONEINT =    1.00D-15
 TWOINT =    1.00D-15
 ENERGY =    5.00D-06
 COEFF  =    0.001000

 Convergence thresholds:  THRVAR = 1.00D-06  THRDEN = 5.00D-06

 CCSD(T)     terms to be evaluated (factor= 1.000)


 Number of closed-shell orbitals:  28 (   9   4   5   2   4   2   2   0 )
 Number of active  orbitals:        9 (   1   2   1   1   2   0   1   1 )
 Number of external orbitals:     324 (  72  54  54  24  54  25  24  17 )

 Memory could be reduced to 286.76 Mwords without degradation in triples

 Number of N-1 electron functions:              65
 Number of N-2 electron functions:            2080
 Number of singly external CSFs:              3480
 Number of doubly external CSFs:          22100859
 Total number of CSFs:                    22104339

 Molecular orbitals read from record     2103.2  Type=RHF/CANONICAL (state 1.1)

 Integral transformation finished. Total CPU:   6.92 sec, npass=  1  Memory used:  68.33 MW

 Starting RMP2 calculation

 ITER.      SQ.NORM     CORR.ENERGY   TOTAL ENERGY   ENERGY CHANGE        DEN1      VAR(S)    VAR(P)  DIIS     TIME
   1      1.18167145    -3.36376330-11708.26973262    -3.36376330    -0.00134220  0.99D-05  0.49D-03  1  1     9.43
   2      1.18287913    -3.36514481-11708.27111413    -0.00138151    -0.00001209  0.14D-06  0.97D-05  2  2    12.07
   3      1.18304143    -3.36523480-11708.27120411    -0.00008998    -0.00000018  0.17D-08  0.20D-06  3  3    19.64
   4      1.18305806    -3.36523909-11708.27120840    -0.00000429    -0.00000000  0.19D-10  0.36D-08  4  4    24.48

 Norm of t1 vector:      0.03683202      S-energy:    -0.00615543      T1 diagnostic:  0.00021980
 Norm of t2 vector:      0.42626454      P-energy:    -3.35908365
                                         Alpha-Beta:  -2.10315202
                                         Alpha-Alpha: -0.76783464
                                         Beta-Beta:   -0.48809699

 Spin contamination <S**2-Sz**2-Sz>     0.00195702
  Reference energy                   -11704.9059693183    
  RHF-RMP2 correlation energy          -3.365239085724
 !RHF-RMP2 energy                    -11708.2712084041    

 Starting UCCSD calculation

 ITER.      SQ.NORM     CORR.ENERGY   TOTAL ENERGY   ENERGY CHANGE        DEN1      VAR(S)    VAR(P)  DIIS     TIME
   1      1.14118764    -3.04689799-11707.95286731    -3.04689799    -0.09621837  0.58D-02  0.83D-02  0  0    57.09
   2      1.16057933    -3.13704060-11708.04300991    -0.09014260    -0.00972685  0.43D-03  0.14D-02  1  1    96.05
   3      1.16084373    -3.11950774-11708.02547706     0.01753285    -0.00054901  0.25D-03  0.12D-03  2  2   134.45
   4      1.16311478    -3.12064655-11708.02661587    -0.00113881    -0.00016061  0.75D-04  0.61D-04  3  3   166.93
   5      1.16672019    -3.12209140-11708.02806071    -0.00144484    -0.00002943  0.14D-04  0.18D-04  4  4   210.47
   6      1.16788037    -3.12228354-11708.02825286    -0.00019215    -0.00001241  0.35D-05  0.94D-05  5  5   241.70
   7      1.16893034    -3.12235400-11708.02832332    -0.00007046    -0.00000428  0.76D-06  0.34D-05  6  6   271.43
   8      1.16953523    -3.12239224-11708.02836156    -0.00003824    -0.00000183  0.48D-06  0.12D-05  7  7   307.99
   9      1.16991311    -3.12242192-11708.02839123    -0.00002968    -0.00000085  0.45D-06  0.30D-06  8  8   344.77
  10      1.17001024    -3.12242730-11708.02839662    -0.00000538    -0.00000060  0.36D-06  0.10D-06  9  9   386.17
  11      1.17008858    -3.12243237-11708.02840168    -0.00000507    -0.00000051  0.33D-06  0.36D-07 10 10   425.80
  12      1.17012326    -3.12243406-11708.02840337    -0.00000169    -0.00000047  0.31D-06  0.15D-07 11 11   455.85

 Norm of t1 vector:      0.11306038      S-energy:    -0.00624429      T1 diagnostic:  0.00916091
                                                                       D1 diagnostic:  0.04926327
 Norm of t2 vector:      0.39666183      P-energy:    -3.11618976
                                         Alpha-Beta:  -1.99934049
                                         Alpha-Alpha: -0.67461302
                                         Beta-Beta:   -0.44223625

 Spin contamination <S**2-Sz**2-Sz>     0.00263377

 Memory could be reduced to 332.58 Mwords without degradation in triples
 

  Correlated core orbitals:             1.1       2.1       3.1       4.1       5.1       6.1       7.1       8.1       1.2       2.2
                                        3.2       1.3       2.3       3.3       1.4       2.4       1.5       2.5       3.5       1.6
                                        2.6       1.7       2.7
  Orbital energies:                 -1920.5744 -323.0192  -73.7907  -15.8443  -47.5210  -47.5757   -2.3030   -6.6188 -287.2724  -62.4906
                                      -12.0020 -287.2725  -62.4862  -11.9949  -47.5257   -6.6302 -287.2833  -62.5564  -12.1102  -47.5696
                                       -6.7115  -47.5714   -6.7162
 
  UCCSD core-core energy               -1.676663537674
  UCCSD core-valence energy            -0.795133471586
  UCCSD valence correlation energy     -0.650637045781
 

 RESULTS
 =======

  Reference energy                   -11704.9059693183    
  UCCSD singles energy                 -0.006244293649
  UCCSD pair energy                    -3.116189761391
  UCCSD correlation energy             -3.122434055040
  Triples (T) contribution             -0.049271243098
  Total correlation energy             -3.171705298138
 
  RHF-UCCSD energy                   -11708.0284033734    
  RHF-UCCSD[T] energy                -11708.0803623667    
  RHF-UCCSD-T energy                 -11708.0773586445    
 !RHF-UCCSD(T) energy                -11708.0776746165    

 Program statistics:

 Available memory in ccsd:               999988578
 Min. memory needed in ccsd:              61358611
 Max. memory used in ccsd:                90215948
 Max. memory used in cckext:              72636716 (12 integral passes)
 Max. memory used in cckint:              68325463 ( 1 integral passes)



 **********************************************************************************************************************************
 DATASETS  * FILE   NREC   LENGTH (MB)   RECORD NAMES
              1      22       21.35       500      610      700      900      950      970     1000      129      960     1700   
                                          VAR    BASINP    GEOM    SYMINP    ZMAT    AOBASIS   BASIS     P2S    ABASIS    OPER   
                                         1101     1401     1411     1412     1650     1100     1400     1410     1200     1210   
                                          SR      EKINR    POTR     PVPR    MOLCAS      S      EKIN      POT      H0       H01  
                                         1080     1600   
                                         AOSYM     SMH  

              2       5        5.97       200      700     1000      520     2103   
                                        OPTIONS   GEOM     BASIS   MCVARS     RHF  

 PROGRAMS   *        TOTAL  UCCSD(T)       POP       RHF       INT
 CPU TIMES  *      1490.22   1397.94      0.00      2.54     89.39
 REAL TIME  *      2195.74 SEC
 DISK USED  *        61.22 GB      
 SF USED    *         6.72 GB      
 GA USED    *         0.00 MB       (max)       0.00 MB       (current)
 **********************************************************************************************************************************
 SETTING CCSD(3)        =    -11708.07767462  AU                              
                                                                                                                                                                                                                                                                

           SCF            CCSD
         0.00000        0.00000
         0.00000        0.00000
    -11704.90597   -11708.07767
                                                  

 UCCSD(T)/USERDEF energy= -11708.077674616465

        UCCSD(T)        RHF-SCF 
 -11708.07767462 -11704.90596932
 **********************************************************************************************************************************
 Molpro calculation terminated
 Variable memory released
