         AE_SCF      AE_CCSD  ...  Delta_Corr  AE_Shifted_Gaps
0  -11704.81060 -11708.10561  ...    0.000000         0.000000
1  -11704.92990 -11708.12680  ...   -0.105626        -0.224926
2  -11704.90597 -11708.07767  ...   -0.125884        -0.221254
3  -11704.86637 -11708.06155  ...   -0.083563        -0.139333
4  -11704.63557 -11707.89087  ...   -0.005029         0.170001
5  -11704.74996 -11707.89881  ...   -0.108092        -0.047452
6  -11704.71974 -11707.89338  ...   -0.072819         0.018041
7  -11704.24174 -11707.46676  ...   -0.013951         0.554909
8  -11704.31216 -11707.43049  ...   -0.116427         0.382013
9  -11704.29310 -11707.41696  ...   -0.079951         0.437549
10 -11703.60489 -11706.69600  ...   -0.089555         1.116155
11 -11703.47214 -11706.48354  ...   -0.189406         1.149054
12 -11703.32329 -11706.34144  ...   -0.150973         1.336337
13 -11702.30144 -11705.28394  ...   -0.159665         2.349495
14 -11692.76700 -11695.55424  ...   -0.198426        11.845174

[15 rows x 10 columns]
Shifted AE Gaps [Ha] (for D2h OPT):
0      0.000000
1     -0.224926
2     -0.221254
3     -0.139333
4      0.170001
5     -0.047452
6      0.018041
7      0.554909
8      0.382013
9      0.437549
10     1.116155
11     1.149054
12     1.336337
13     2.349495
14    11.845174
Name: AE_Shifted_Gaps, dtype: float64
