
 Primary working directories    : /global/cscratch1/sd/haihan
 Secondary working directories  : /global/cscratch1/sd/haihan
 Wavefunction directory         : /global/homes/h/haihan/Research/ECP/f_group_element_ecps/Lu/Molpro/atom/ECP46_1/wfu/
 Main file repository           : /global/cscratch1/sd/haihan/

 SHA1      : 19cd028119e0e09f93f0674bd8af7968d9b3eff6
 NAME      : 2015.1.36
 ARCHNAME  : linux/x86_64
 FC        : /opt/cray/pe/craype/2.5.14/bin/ftn
 BLASLIB   : -L/opt/intel/compilers_and_libraries_2018.1.163/linux/mkl/lib/intel64 -Wl,-_start-group -lmkl_intel_ilp64 -lmkl_intel_thread -lmkl_core -Wl,-_end-group -liomp5
 id        : lbl

 Nodes     nprocs
 nid01369    11
 Number of processes for MPI-2 version of Molpro:   nprocs(total)=   12   nprocs(compute)=   11   nprocs(helper)=    1

 Using customized tuning parameters: mindgm=7; mindgv=16; mindgc=1; mindgr=1; noblas=0; minvec=7
 default implementation of scratch files=sf  

 ***,Calculation for Lu atom, singlet and triplet
 memory,1,g
 
 gthresh,twoint=1.e-15
 gthresh,oneint=1.e-15
 
 
 geometry={
 1
 Lu
 Lu  0.0 0.0 0.0
 }
 
 basis={
 ECP,Lu,46,4,0;
 4                                                                               !ul
 1,    4.526254,   25.000000
 3,    3.879308,   113.15635
 2,    4.406058,  -85.722649
 2,    1.899664,   -3.133952
 2                                                                               !s
 2,    8.996757,  161.119164
 2,    5.104371,   89.334835
 2                                                                               !p
 2,    7.640657,   88.693021
 2,    3.878305,   57.109488
 2                                                                               !d
 2,    7.456305,   55.901690
 2,    2.530445,   29.364333
 2                                                                               !f
 2,    4.939345,  -23.952530
 2,    3.912490,   -7.090915
 Including file /global/u2/h/haihan/Research/ECP/f_group_element_ecps/Lu/Molpro/atom/ECP46_1/5/../aug-cc-pwCVTZ.basis
 }
 
 
 
 Including file /global/u2/h/haihan/Research/ECP/f_group_element_ecps/Lu/Molpro/atom/ECP46_1/5/../Lu46_states_ecp.proc
 
 do i=5,5
     if (i.eq.1) then
         Id1s2
     else if (i.eq.2) then
         Ip1s2
     else if (i.eq.3) then
         IEd2s1
     else if (i.eq.4) then
         IEf1s2
     else if (i.eq.5) then
         IIds2
     else if (i.eq.6) then
         IId1s1
     else if (i.eq.7) then
         IIIds1
     else if (i.eq.8) then
         IIIp1
     else if (i.eq.9) then
         IIId1
     else if (i.eq.10) then
         IIIEf1
     else if (i.eq.11) then
         VIp6
     else if (i.eq.12) then
         VIIp5
     else if (i.eq.13) then
         VIIIp4
     else if (i.eq.14) then
         IXp3
     else if (i.eq.15) then
         Xp
     else if (i.eq.16) then
         XIds2
     else if (i.eq.17) then
         IIIEf2
     endif
     scf(i)=energy
     _CC_NORM_MAX=2.0
     {rccsd(t),shifts=0.5,shiftp=0.5,thrdis=1.0;diis,1,1,15,1;maxit,100;core}
     ccsd(i)=energy
 enddo
 
 table,scf,ccsd
 type,csv
 save

 Variables initialized (889), CPU time= 0.01 sec
 Commands  initialized (702), CPU time= 0.01 sec, 572 directives.
 Default parameters read. Elapsed time= 0.18 sec

 Checking input...
 Passed
1


                                         ***  PROGRAM SYSTEM MOLPRO  ***
                                       Copyright, TTI GmbH Stuttgart, 2015
                                    Version 2015.1 linked Dec 29 2018 15:55:43


 **********************************************************************************************************************************
 LABEL *   Calculation for Lu atom, singlet and triplet                                  
  64 bit mpp version                                                                     DATE: 07-Apr-23          TIME: 21:41:55  
 **********************************************************************************************************************************

 SHA1:             19cd028119e0e09f93f0674bd8af7968d9b3eff6
 **********************************************************************************************************************************

 THRESHOLDS:

 ZERO    =  1.00D-12  ONEINT  =  1.00D-12  TWOINT  =  1.00D-15  PREFAC  =  1.00D-14  LOCALI  =  1.00D-09  EORDER  =  1.00D-04
 ENERGY  =  0.00D+00  ETEST   =  0.00D+00  EDENS   =  0.00D+00  THRDEDEF=  1.00D-06  GRADIENT=  1.00D-02  STEP    =  1.00D-03
 ORBITAL =  1.00D-05  CIVEC   =  1.00D-05  COEFF   =  1.00D-04  PRINTCI =  5.00D-02  PUNCHCI =  9.90D+01  OPTGRAD =  3.00D-04
 OPTENERG=  1.00D-06  OPTSTEP =  3.00D-04  THRGRAD =  1.00D-10  COMPRESS=  1.00D-11  VARMIN  =  1.00D-07  VARMAX  =  1.00D-03
 THRDOUB =  0.00D+00  THRDIV  =  1.00D-05  THRRED  =  1.00D-07  THRPSP  =  1.00D+00  THRDC   =  1.00D-10  THRCS   =  1.00D-10
 THRNRM  =  1.00D-08  THREQ   =  0.00D+00  THRDE   =  1.00D+00  THRREF  =  1.00D-05  SPARFAC =  1.00D+00  THRDLP  =  1.00D-07
 THRDIA  =  1.00D-10  THRDLS  =  1.00D-07  THRGPS  =  0.00D+00  THRKEX  =  0.00D+00  THRDIS  =  2.00D-01  THRVAR  =  1.00D-10
 THRLOC  =  1.00D-06  THRGAP  =  1.00D-06  THRLOCT = -1.00D+00  THRGAPT = -1.00D+00  THRORB  =  1.00D-06  THRMLTP =  0.00D+00
 THRCPQCI=  1.00D-10  KEXTA   =  0.00D+00  THRCOARS=  0.00D+00  SYMTOL  =  1.00D-06  GRADTOL =  1.00D-06  THROVL  =  1.00D-08
 THRORTH =  1.00D-08  GRID    =  1.00D-06  GRIDMAX =  1.00D-03  DTMAX   =  0.00D+00  THROCCDE=  1.00D-01  THROCCDE=  1.00D-01



 THRESHOLDS:

 ZERO    =  1.00D-12  ONEINT  =  1.00D-15  TWOINT  =  1.00D-15  PREFAC  =  1.00D-14  LOCALI  =  1.00D-09  EORDER  =  1.00D-04
 ENERGY  =  0.00D+00  ETEST   =  0.00D+00  EDENS   =  0.00D+00  THRDEDEF=  1.00D-06  GRADIENT=  1.00D-02  STEP    =  1.00D-03
 ORBITAL =  1.00D-05  CIVEC   =  1.00D-05  COEFF   =  1.00D-04  PRINTCI =  5.00D-02  PUNCHCI =  9.90D+01  OPTGRAD =  3.00D-04
 OPTENERG=  1.00D-06  OPTSTEP =  3.00D-04  THRGRAD =  1.00D-10  COMPRESS=  1.00D-11  VARMIN  =  1.00D-07  VARMAX  =  1.00D-03
 THRDOUB =  0.00D+00  THRDIV  =  1.00D-05  THRRED  =  1.00D-07  THRPSP  =  1.00D+00  THRDC   =  1.00D-10  THRCS   =  1.00D-10
 THRNRM  =  1.00D-08  THREQ   =  0.00D+00  THRDE   =  1.00D+00  THRREF  =  1.00D-05  SPARFAC =  1.00D+00  THRDLP  =  1.00D-07
 THRDIA  =  1.00D-10  THRDLS  =  1.00D-07  THRGPS  =  0.00D+00  THRKEX  =  0.00D+00  THRDIS  =  2.00D-01  THRVAR  =  1.00D-10
 THRLOC  =  1.00D-06  THRGAP  =  1.00D-06  THRLOCT = -1.00D+00  THRGAPT = -1.00D+00  THRORB  =  1.00D-06  THRMLTP =  0.00D+00
 THRCPQCI=  1.00D-10  KEXTA   =  0.00D+00  THRCOARS=  0.00D+00  SYMTOL  =  1.00D-06  GRADTOL =  1.00D-06  THROVL  =  1.00D-08
 THRORTH =  1.00D-08  GRID    =  1.00D-06  GRIDMAX =  1.00D-03  DTMAX   =  0.00D+00  THROCCDE=  1.00D-01  THROCCDE=  1.00D-01



Geometry recognized as XYZ


 Variable memory set to 1000000000 words,  buffer space   230000 words

 SETTING BASIS          =    USERDEF

 DO I                   =         5.00000000   

 Running procedure=IIDS2


 Recomputing integrals since basis changed


 Using spherical harmonics



 PROGRAM * SEWARD (Integral evaluation for generally contracted gaussian basis sets)     Author: Roland Lindh, 1990

 Geometry written to block  1 of record 700

 Orientation using atomic masses  
 Molecule type: Atom
 Symmetry elements: X,Y,Z
 Rotational constants:       0.0000000      0.0000000      0.0000000 GHz  (calculated with average atomic masses)

 Point group  D2h 



 ATOMIC COORDINATES

 NR  ATOM    CHARGE       X              Y              Z

   1  LU     25.00    0.000000000    0.000000000    0.000000000

 NUCLEAR CHARGE:                   25
 NUMBER OF PRIMITIVE AOS:         581
 NUMBER OF SYMMETRY AOS:          442
 NUMBER OF CONTRACTIONS:          442   ( 103Ag  +  70B3u +  70B2u +  36B1g +  70B1u +  36B2g +  36B3g +  21Au  )
 NUMBER OF CORE ORBITALS:           0   (   0Ag  +   0B3u +   0B2u +   0B1g +   0B1u +   0B2g +   0B3g +   0Au  )
 NUMBER OF VALENCE ORBITALS:       17   (   4Ag  +   3B3u +   3B2u +   1B1g +   3B1u +   1B2g +   1B3g +   1Au  )


 NUCLEAR REPULSION ENERGY    0.00000000

 EXTRA SYMMETRY OF AOS IN SYMMETRY 1:   1 1 1 1 1 1 1 1 1 1   1 1 1 1 1 1 1 1 1 1   1 1 1 1 1 1 1 1 1 1   1 1 1 1 1 1 1 1 2 3
                                        2 3 2 3 2 3 2 3 2 3   2 3 2 3 2 3 2 3 2 3   2 3 2 3 2 3 2 3 2 3   2 3 2 3 2 3 2 3 2 3
                                        2 3 4 5 6 4 5 6 4 5   6 4 5 6 4 5 6 4 5 6   4 5 6
 EXTRA SYMMETRY OF AOS IN SYMMETRY 2:   1 1 1 1 1 1 1 1 1 1   1 1 1 1 1 1 1 1 1 1   1 1 1 1 1 1 1 1 1 1   1 2 3 2 3 2 3 2 3 2
                                        3 2 3 2 3 2 3 2 3 2   3 2 3 2 3 2 3 2 3 2   3 4 5 6 4 5 6 4 5 6
 EXTRA SYMMETRY OF AOS IN SYMMETRY 3:   1 1 1 1 1 1 1 1 1 1   1 1 1 1 1 1 1 1 1 1   1 1 1 1 1 1 1 1 1 1   1 2 3 2 3 2 3 2 3 2
                                        3 2 3 2 3 2 3 2 3 2   3 2 3 2 3 2 3 2 3 2   3 4 5 6 4 5 6 4 5 6
 EXTRA SYMMETRY OF AOS IN SYMMETRY 4:   1 1 1 1 1 1 1 1 1 1   1 1 1 1 1 1 1 1 1 1   1 1 2 3 2 3 2 3 2 3   2 3 2 3 2 3
 EXTRA SYMMETRY OF AOS IN SYMMETRY 5:   1 1 1 1 1 1 1 1 1 1   1 1 1 1 1 1 1 1 1 1   1 1 1 1 1 1 1 1 1 1   1 2 3 2 3 2 3 2 3 2
                                        3 2 3 2 3 2 3 2 3 2   3 2 3 2 3 2 3 2 3 2   3 4 5 6 4 5 6 4 5 6
 EXTRA SYMMETRY OF AOS IN SYMMETRY 6:   1 1 1 1 1 1 1 1 1 1   1 1 1 1 1 1 1 1 1 1   1 1 2 3 2 3 2 3 2 3   2 3 2 3 2 3
 EXTRA SYMMETRY OF AOS IN SYMMETRY 7:   1 1 1 1 1 1 1 1 1 1   1 1 1 1 1 1 1 1 1 1   1 1 2 3 2 3 2 3 2 3   2 3 2 3 2 3
 EXTRA SYMMETRY OF AOS IN SYMMETRY 8:   1 1 1 1 1 1 1 1 1 1   1 1 1 1 1 2 3 2 3 2   3

 Eigenvalues of metric

         1 0.333E-06 0.964E-06 0.340E-05 0.186E-04 0.475E-04 0.703E-04 0.799E-04 0.799E-04
         2 0.960E-06 0.179E-05 0.251E-04 0.110E-03 0.525E-03 0.525E-03 0.534E-03 0.156E-02
         3 0.960E-06 0.179E-05 0.251E-04 0.110E-03 0.525E-03 0.525E-03 0.534E-03 0.156E-02
         4 0.799E-04 0.144E-03 0.223E-02 0.632E-02 0.897E-02 0.238E-01 0.240E-01 0.240E-01
         5 0.960E-06 0.179E-05 0.251E-04 0.110E-03 0.525E-03 0.525E-03 0.534E-03 0.156E-02
         6 0.799E-04 0.144E-03 0.223E-02 0.632E-02 0.897E-02 0.238E-01 0.240E-01 0.240E-01
         7 0.799E-04 0.144E-03 0.223E-02 0.632E-02 0.897E-02 0.238E-01 0.240E-01 0.240E-01
         8 0.525E-03 0.142E-01 0.219E-01 0.528E-01 0.103E+00 0.167E+00 0.268E+00 0.268E+00


 Contracted 2-electron integrals neglected if value below      1.0D-15
 AO integral compression algorithm  1   Integral accuracy      1.0D-15

     3531.604 MB (compressed) written to integral file ( 42.0%)

     Node minimum: 157.549 MB, node maximum: 453.247 MB


 NUMBER OF SORTED TWO-ELECTRON INTEGRALS:   55754337.     BUFFER LENGTH:  32768
 NUMBER OF SEGMENTS:   2  SEGMENT LENGTH:   31983219      RECORD LENGTH: 524288

 Memory used in sort:      32.54 MW

 SORT1 READ  1050599776. AND WROTE    32342641. INTEGRALS IN     94 RECORDS. CPU TIME:    27.73 SEC, REAL TIME:    32.23 SEC
 SORT2 READ   352987961. AND WROTE   613618504. INTEGRALS IN  14311 RECORDS. CPU TIME:     1.81 SEC, REAL TIME:     2.86 SEC

 Node minimum:    55639389.  Node maximum:    55868715. integrals

 OPERATOR DM      FOR CENTER  0  COORDINATES:    0.000000    0.000000    0.000000


 **********************************************************************************************************************************
 DATASETS  * FILE   NREC   LENGTH (MB)   RECORD NAMES
              1      19       21.26       500      610      700      900      950      970     1000      129      960     1100   
                                          VAR    BASINP    GEOM    SYMINP    ZMAT    AOBASIS   BASIS     P2S    ABASIS      S 
                                         1400     1410     1420     1200     1210     1080     1600     1650     1700   
                                           T        V       ECP      H0       H01     AOSYM     SMH    MOLCAS    OPER   

 PROGRAMS   *        TOTAL       INT
 CPU TIMES  *       160.33    159.93
 REAL TIME  *       168.47 SEC
 DISK USED  *         7.80 GB      
 GA USED    *         0.00 MB       (max)       0.00 MB       (current)
 **********************************************************************************************************************************


 PROGRAM * RHF-SCF (CLOSED SHELL)       Authors: W. Meyer, H.-J. Werner


 NUMBER OF ELECTRONS:      12+   12-    SPACE SYMMETRY=1    SPIN SYMMETRY: Singlet 
 CONVERGENCE THRESHOLDS:    1.00E-05 (Density)    1.00E-07 (Energy)
 MAX. NUMBER OF ITERATIONS:      150
 INTERPOLATION TYPE:            DIIS
 INTERPOLATION STEPS:              2 (START)      1 (STEP)
 LEVEL SHIFTS:                  0.00 (CLOSED)  0.00 (OPEN) 

 Number of closed-shell orbitals:   12 (   2   3   3   0   3   0   0   1 )


 Guess basis ATOMIC-GUESS,LU=ECP46_GUESS not found. No density guess!


 Molecular orbital dump at record        4202.2

 ITERATION    DDIFF          GRAD             ENERGY        2-EL.EN.            DIPOLE MOMENTS         DIIS   ORB.
    1      0.000D+00      0.000D+00      -164.50243196    571.083902    0.00000    0.00000    0.00000    0    start
    2      0.000D+00      0.432D+00      -102.70844901     59.953721    0.00000    0.00000    0.00000    0    diag
    3      0.402D+00      0.268D+00      -168.62566275    562.402202    0.00000    0.00000    0.00000    1    diag
    4      0.394D+00      0.415D+00      -192.64439272    500.090939    0.00000    0.00000    0.00000    2    diag
    5      0.861D-01      0.247D+00      -205.65231485    441.003848    0.00000    0.00000    0.00000    3    diag
    6      0.552D-01      0.120D+00      -210.28702870    381.272569    0.00000    0.00000    0.00000    4    diag
    7      0.348D-01      0.943D-02      -210.34950793    367.742751    0.00000    0.00000    0.00000    5    diag
    8      0.724D-02      0.102D-01      -210.37399029    370.803112    0.00000    0.00000    0.00000    6    diag
    9      0.213D-02      0.369D-02      -210.37809812    372.609506    0.00000    0.00000    0.00000    7    diag
   10      0.150D-02      0.318D-03      -210.37828010    372.483715    0.00000    0.00000    0.00000    8    orth
   11      0.485D-03      0.914D-04      -210.37837548    372.377118    0.00000    0.00000    0.00000    9    diag
   12      0.455D-03      0.122D-03      -210.37840412    372.416347    0.00000    0.00000    0.00000    9    diag
   13      0.167D-03      0.356D-04      -210.37841780    372.419100    0.00000    0.00000    0.00000    9    diag
   14      0.639D-04      0.328D-04      -210.37843939    372.415609    0.00000    0.00000    0.00000    9    diag
   15      0.848D-04      0.310D-04      -210.37849484    372.413886    0.00000    0.00000    0.00000    9    diag
   16      0.231D-03      0.290D-04      -210.37855307    372.409887    0.00000    0.00000    0.00000    9    diag
   17      0.265D-03      0.253D-04      -210.37868895    372.412549    0.00000    0.00000    0.00000    9    diag
   18      0.108D-02      0.747D-04      -210.37868878    372.410592    0.00000    0.00000    0.00000    9    diag
   19      0.342D-04      0.628D-04      -210.37870095    372.407121    0.00000    0.00000    0.00000    9    diag
   20      0.222D-03      0.347D-04      -210.37870254    372.403925    0.00000    0.00000    0.00000    9    orth
   21      0.681D-04      0.212D-04      -210.37870477    372.404216    0.00000    0.00000    0.00000    9    diag
   22      0.128D-03      0.431D-05      -210.37870490    372.404996    0.00000    0.00000    0.00000    9    diag
   23      0.474D-04      0.231D-05      -210.37870491    372.404787    0.00000    0.00000    0.00000    9    diag
   24      0.724D-05      0.431D-06      -210.37870491    372.404842    0.00000    0.00000    0.00000    0    orth

 Final occupancy:   2   3   3   0   3   0   0   1

 !RHF STATE 1.1 Energy               -210.378704912203
 Nuclear energy                         0.00000000
 One-electron energy                 -396.58112598
 Two-electron energy                  186.20242107
 Virial quotient                       -1.22961790
 !RHF STATE 1.1 Dipole moment           0.00000000     0.00000000     0.00000000
 Dipole moment /Debye                   0.00000000     0.00000000     0.00000000

 ELECTRON ORBITALS
 =================


   Orb  Occ    Energy  Couls-En    Coefficients

                                   1 1s      1 1s      1 1s      1 1s      1 1s      1 1s      1 1s      1 1s      1 1s      1 1s   
                                   1 1s      1 1s      1 1s      1 1s      1 1s      1 1s      1 1s      1 1s      1 1s      1 1s   
                                   1 1s      1 1s      1 1s      1 1s      1 1s      1 1s      1 1s      1 1s      1 1s      1 1s   
                                   1 1s      1 1s      1 1s      1 1s      1 1s      1 1s      1 1s      1 1s      1 3d0     1 3d2+ 
                                   1 3d0     1 3d2+    1 3d0     1 3d2+    1 3d0     1 3d2+    1 3d0     1 3d2+    1 3d0     1 3d2+ 
                                   1 3d0     1 3d2+    1 3d0     1 3d2+    1 3d0     1 3d2+    1 3d0     1 3d2+    1 3d0     1 3d2+ 
                                   1 3d0     1 3d2+    1 3d0     1 3d2+    1 3d0     1 3d2+    1 3d0     1 3d2+    1 3d0     1 3d2+ 
                                   1 3d0     1 3d2+    1 3d0     1 3d2+    1 3d0     1 3d2+    1 3d0     1 3d2+    1 3d0     1 3d2+ 
                                   1 3d0     1 3d2+    1 5g0     1 5g4+    1 5g2+    1 5g0     1 5g4+    1 5g2+    1 5g0     1 5g4+ 
                                   1 5g2+    1 5g0     1 5g4+    1 5g2+    1 5g0     1 5g4+    1 5g2+    1 5g0     1 5g4+    1 5g2+ 
                                   1 5g0     1 5g4+    1 5g2+ 

   1.1   2    -2.9400  -20.9200  0.000000 -0.000000  0.000000 -0.000000  0.000000 -0.000000  0.000000 -0.000001  0.000002 -0.000005
                                 0.000013 -0.000033  0.000092 -0.000305  0.001717  0.005645 -0.004073  0.006228 -0.012281 -0.005328
                                 0.034406 -0.183372  0.218396 -0.123652  0.454580 -1.047396  0.085923  0.956818  0.356010  0.057094
                                -0.034076  0.052477 -0.079908  0.060277 -0.023936  0.009274 -0.002404  0.000429  0.000000 -0.000000
                                -0.000000  0.000000  0.000000 -0.000000 -0.000001  0.000001  0.000002 -0.000003 -0.000006  0.000011
                                 0.000018 -0.000032 -0.000060  0.000103  0.000311 -0.000538 -0.000797  0.001382  0.000770 -0.001334
                                -0.000445  0.000771 -0.000550  0.000954  0.004533 -0.007857  0.000862 -0.001495 -0.000735  0.001274
                                 0.001886 -0.003270 -0.002654  0.004601  0.001309 -0.002269 -0.000258  0.000448  0.000093 -0.000161
                                -0.000025  0.000043  0.000002  0.000004 -0.000003 -0.000069 -0.000137  0.000104  0.000126  0.000249
                                -0.000188  0.001944  0.003831 -0.002897 -0.001581 -0.003117  0.002356  0.000637  0.001256 -0.000950
                                -0.000206 -0.000407  0.000308

   2.1   2    -0.5482  -12.4034  0.000000 -0.000000  0.000000 -0.000000  0.000000 -0.000000  0.000000 -0.000000  0.000000 -0.000000
                                 0.000000 -0.000001  0.000002 -0.000007  0.000037  0.000121 -0.000087  0.000134 -0.000268 -0.000114
                                 0.000762 -0.003643  0.003579 -0.001361  0.016885 -0.048494  0.010856  0.055705  0.028588 -0.016943
                                -0.048420 -0.039081  0.019111 -0.013519  0.004629 -0.001695  0.000427 -0.000075 -0.000000  0.000000
                                 0.000001 -0.000001 -0.000003  0.000006  0.000015 -0.000025 -0.000052  0.000090  0.000165 -0.000286
                                -0.000500  0.000866  0.001630 -0.002823 -0.008579  0.014854  0.022060 -0.038199 -0.021015  0.036388
                                 0.011461 -0.019846  0.029215 -0.050588 -0.188646  0.326652 -0.260238  0.450618 -0.160868  0.278555
                                 0.073776 -0.127752 -0.129745  0.224666  0.063353 -0.109701 -0.012739  0.022059  0.004657 -0.008064
                                -0.001256  0.002176 -0.000045 -0.000088  0.000067  0.000165  0.000325 -0.000246 -0.001504 -0.002967
                                 0.002243 -0.008694 -0.017151  0.012963  0.007220  0.014242 -0.010765 -0.003687 -0.007274  0.005498
                                 0.001298  0.002560 -0.001935

   3.1   0    -0.1995  -11.1875  0.000000 -0.000000  0.000000 -0.000000  0.000000 -0.000000  0.000000 -0.000000  0.000000 -0.000000
                                 0.000000 -0.000000  0.000000 -0.000000  0.000000  0.000000 -0.000000  0.000000 -0.000000 -0.000000
                                 0.000001 -0.000004  0.000003 -0.000001  0.000017 -0.000048  0.000009  0.000052  0.000036  0.000011
                                -0.000036 -0.000078 -0.000013 -0.000040 -0.000001 -0.000002  0.000000 -0.000000  0.000000  0.000000
                                -0.000001 -0.000001  0.000005  0.000003 -0.000022 -0.000012  0.000077  0.000045 -0.000245 -0.000142
                                 0.000743  0.000429 -0.002421 -0.001398  0.012719  0.007345 -0.032651 -0.018856  0.031001  0.017903
                                -0.016432 -0.009489 -0.045935 -0.026527  0.282427  0.163099  0.402997  0.232729  0.311555  0.179927
                                -0.025792 -0.014895  0.197873  0.114275 -0.071294 -0.041174  0.027063  0.015630 -0.009540 -0.005509
                                 0.002702  0.001560  0.000047 -0.000056 -0.000042 -0.000198  0.000235  0.000177  0.001802 -0.002133
                                -0.001612  0.011353 -0.013444 -0.010163 -0.008352  0.009890  0.007476  0.005879 -0.006962 -0.005263
                                -0.001724  0.002042  0.001543

   4.1   0    -0.1780   -6.5379 -0.000000  0.000000 -0.000000  0.000000 -0.000000  0.000000 -0.000000  0.000000 -0.000000  0.000001
                                -0.000001  0.000004 -0.000010  0.000034 -0.000193 -0.000636  0.000461 -0.000710  0.001420  0.000600
                                -0.004049  0.018808 -0.017361  0.005491 -0.097700  0.281461 -0.051452 -0.294522 -0.223926 -0.105666
                                 0.174496  0.493077  0.165471  0.325295  0.054128  0.008284 -0.001710  0.000327 -0.000000  0.000000
                                 0.000000 -0.000000 -0.000000  0.000000  0.000001 -0.000002 -0.000004  0.000007  0.000012 -0.000021
                                -0.000037  0.000065  0.000122 -0.000213 -0.000653  0.001134  0.001697 -0.002950 -0.001635  0.002841
                                 0.000910 -0.001581  0.002563 -0.004454 -0.016752  0.029106 -0.019393  0.033717 -0.003658  0.006422
                                 0.004583 -0.007950 -0.000719  0.001299  0.001904 -0.003317  0.000590 -0.001015 -0.000136  0.000234
                                 0.000042 -0.000072  0.000011  0.000021 -0.000016 -0.000012 -0.000024  0.000018  0.000398  0.000784
                                -0.000594  0.001122  0.002208 -0.001674 -0.001307 -0.002573  0.001949  0.000465  0.000914 -0.000693
                                -0.000309 -0.000609  0.000461

                                   1 2px     1 2px     1 2px     1 2px     1 2px     1 2px     1 2px     1 2px     1 2px     1 2px  
                                   1 2px     1 2px     1 2px     1 2px     1 2px     1 2px     1 2px     1 2px     1 2px     1 2px  
                                   1 2px     1 2px     1 2px     1 2px     1 2px     1 2px     1 2px     1 2px     1 2px     1 2px  
                                   1 2px     1 4f1+    1 4f3+    1 4f1+    1 4f3+    1 4f1+    1 4f3+    1 4f1+    1 4f3+    1 4f1+ 
                                   1 4f3+    1 4f1+    1 4f3+    1 4f1+    1 4f3+    1 4f1+    1 4f3+    1 4f1+    1 4f3+    1 4f1+ 
                                   1 4f3+    1 4f1+    1 4f3+    1 4f1+    1 4f3+    1 4f1+    1 4f3+    1 4f1+    1 4f3+    1 4f1+ 
                                   1 4f3+    1 6h1+    1 6h3+    1 6h5+    1 6h1+    1 6h3+    1 6h5+    1 6h1+    1 6h3+    1 6h5+ 


   1.2   2    -1.8314  -17.8527 -0.000000  0.000000 -0.000000  0.000000 -0.000000  0.000000 -0.000000  0.000002 -0.000006  0.000018
                                -0.000054  0.000149 -0.000411  0.001244 -0.004602  0.042248 -0.112125  0.231134 -0.489547  0.628702
                                -0.147535 -0.670883  0.042785 -0.416553 -0.066856 -0.053335  0.003720  0.065926 -0.001282  0.000520
                                -0.000112 -0.000000  0.000000  0.000001 -0.000001 -0.000005  0.000006  0.000021 -0.000028 -0.000200
                                 0.000258  0.000327 -0.000422 -0.000376  0.000486  0.000256 -0.000329 -0.000369  0.000480  0.001074
                                -0.001381  0.005536 -0.007144  0.001694 -0.002186 -0.000491  0.000634  0.000210 -0.000271 -0.000062
                                 0.000080  0.000015 -0.000016  0.000022  0.000487 -0.000526  0.000706  0.000042 -0.000046  0.000061

   2.2   2    -0.4375  -17.4834  0.000000 -0.000000  0.000000 -0.000000  0.000000 -0.000000  0.000000 -0.000000  0.000000 -0.000000
                                 0.000001 -0.000004  0.000011 -0.000032  0.000117 -0.001107  0.002986 -0.006054  0.015882 -0.026136
                                 0.012152  0.035122 -0.003534  0.014258  0.164063 -0.037978 -0.043008 -0.165896  0.004256 -0.001856
                                 0.000416  0.000003 -0.000003 -0.000017  0.000022  0.000077 -0.000100 -0.000006  0.000008  0.026382
                                -0.034172  0.017230 -0.022319  0.129989 -0.168372  0.158559 -0.205381  0.210288 -0.272381  0.179888
                                -0.232983  0.111425 -0.144279  0.049304 -0.063823 -0.008200  0.010616  0.007237 -0.009367 -0.002277
                                 0.002947  0.000373 -0.000403  0.000541  0.001543 -0.001668  0.002242  0.001945 -0.002102  0.002826

   3.2   2    -0.4365  -17.7207  0.000000 -0.000000  0.000000 -0.000000  0.000000 -0.000000  0.000000 -0.000000  0.000000 -0.000000
                                 0.000000 -0.000000  0.000000 -0.000000  0.000000 -0.000002  0.000005 -0.000011  0.000028 -0.000045
                                 0.000020  0.000060 -0.000006  0.000025  0.000266 -0.000060 -0.000068 -0.000268  0.000007 -0.000003
                                 0.000001  0.000003  0.000003 -0.000022 -0.000017  0.000097  0.000075  0.000013  0.000010  0.034766
                                 0.026844  0.023217  0.017928  0.171782  0.132639  0.210404  0.162463  0.277494  0.214263  0.231005
                                 0.178351  0.133151  0.102776  0.053681  0.041420 -0.009148 -0.007059  0.007742  0.005973 -0.002439
                                -0.001882  0.000334 -0.000155 -0.000345  0.001359 -0.000631 -0.001401  0.001588 -0.000738 -0.001637

   4.2   0    -0.0992   -4.4047  0.000000 -0.000000  0.000000 -0.000000  0.000000 -0.000000  0.000000 -0.000000  0.000001 -0.000002
                                 0.000006 -0.000017  0.000046 -0.000138  0.000507 -0.004650  0.012346 -0.025614  0.059676 -0.084478
                                 0.025173  0.101387 -0.008476  0.085229 -0.766808  0.009570 -0.235739  0.181685 -0.303610  0.020804
                                -0.008293 -0.000000  0.000000  0.000001 -0.000001 -0.000004  0.000005  0.000002 -0.000003 -0.001173
                                 0.001515 -0.000742  0.000958 -0.005725  0.007390 -0.006989  0.009022 -0.009205  0.011882 -0.006683
                                 0.008627 -0.005617  0.007253 -0.008726  0.011270 -0.005509  0.007116 -0.007731  0.009985 -0.001768
                                 0.002284 -0.000012  0.000013 -0.000017 -0.000273  0.000294 -0.000395  0.000105 -0.000113  0.000152

   5.2   0    -0.0469   -2.1310  0.000000 -0.000000  0.000000 -0.000000  0.000000 -0.000000  0.000000 -0.000000  0.000000 -0.000001
                                 0.000003 -0.000010  0.000026 -0.000080  0.000292 -0.002675  0.007094 -0.014687  0.034250 -0.048616
                                 0.014669  0.058403 -0.004721  0.049993 -1.180613  0.007920 -0.166384  0.682740 -0.053593  0.916193
                                 0.244032 -0.000000  0.000000  0.000000 -0.000000 -0.000002  0.000002  0.000001 -0.000001 -0.000488
                                 0.000630 -0.000307  0.000396 -0.002377  0.003069 -0.002905  0.003750 -0.003817  0.004927 -0.002607
                                 0.003365 -0.002585  0.003338 -0.005481  0.007079 -0.002219  0.002866 -0.005395  0.006969  0.004857
                                -0.006274 -0.000004  0.000004 -0.000006 -0.000147  0.000159 -0.000214  0.000083 -0.000090  0.000120

                                   1 2py     1 2py     1 2py     1 2py     1 2py     1 2py     1 2py     1 2py     1 2py     1 2py  
                                   1 2py     1 2py     1 2py     1 2py     1 2py     1 2py     1 2py     1 2py     1 2py     1 2py  
                                   1 2py     1 2py     1 2py     1 2py     1 2py     1 2py     1 2py     1 2py     1 2py     1 2py  
                                   1 2py     1 4f1-    1 4f3-    1 4f1-    1 4f3-    1 4f1-    1 4f3-    1 4f1-    1 4f3-    1 4f1- 
                                   1 4f3-    1 4f1-    1 4f3-    1 4f1-    1 4f3-    1 4f1-    1 4f3-    1 4f1-    1 4f3-    1 4f1- 
                                   1 4f3-    1 4f1-    1 4f3-    1 4f1-    1 4f3-    1 4f1-    1 4f3-    1 4f1-    1 4f3-    1 4f1- 
                                   1 4f3-    1 6h1-    1 6h3-    1 6h5-    1 6h1-    1 6h3-    1 6h5-    1 6h1-    1 6h3-    1 6h5- 


   1.3   2    -1.8414  -17.8837 -0.000000  0.000000 -0.000000  0.000000 -0.000000  0.000000 -0.000000  0.000002 -0.000006  0.000019
                                -0.000055  0.000152 -0.000419  0.001268 -0.004692  0.043038 -0.114163  0.235115 -0.495212  0.632529
                                -0.146499 -0.673063  0.035030 -0.410960 -0.062399 -0.048153  0.003824  0.061483 -0.001171  0.000472
                                -0.000101 -0.000000  0.000000  0.000000 -0.000002 -0.000002  0.000008  0.000008 -0.000032 -0.000218
                                 0.000845  0.000049 -0.000190 -0.000877  0.003401 -0.000719  0.002791 -0.001772  0.006869 -0.003166
                                 0.012269 -0.001888  0.007313 -0.000221  0.000855  0.000009 -0.000033  0.000003 -0.000011 -0.000002
                                 0.000008  0.000001 -0.000002  0.000004  0.000089 -0.000287  0.000642 -0.000034  0.000112 -0.000250

   2.3   2    -0.4522  -17.6973  0.000000 -0.000000  0.000000 -0.000000  0.000000 -0.000000  0.000000 -0.000000  0.000000 -0.000000
                                 0.000000 -0.000000  0.000000 -0.000000  0.000000 -0.000000  0.000000 -0.000001 -0.000001  0.000004
                                -0.000002 -0.000010  0.000004 -0.000007 -0.000075  0.000017  0.000026  0.000077 -0.000002  0.000001
                                -0.000000  0.000004  0.000001 -0.000027 -0.000007  0.000120  0.000031  0.000007  0.000002  0.042330
                                 0.010934  0.028053  0.007246  0.209017  0.053989  0.255742  0.066059  0.338630  0.087468  0.284632
                                 0.073520  0.165763  0.042815  0.065890  0.017017 -0.011823 -0.003054  0.009384  0.002424 -0.002972
                                -0.000768  0.000098 -0.000196 -0.000101  0.000341 -0.000685 -0.000354  0.000536 -0.001077 -0.000556

   3.3   2    -0.4354  -17.5580 -0.000000  0.000000 -0.000000  0.000000 -0.000000  0.000000 -0.000000  0.000000 -0.000000  0.000000
                                -0.000001  0.000004 -0.000011  0.000033 -0.000123  0.001196 -0.003271  0.007255 -0.018493  0.026957
                                -0.007428 -0.035588  0.005977 -0.023074 -0.121266  0.021873  0.031517  0.122772 -0.003183  0.001389
                                -0.000312  0.000001 -0.000004 -0.000007  0.000027  0.000031 -0.000121 -0.000000  0.000002  0.010855
                                -0.042025  0.007144 -0.027657  0.053532 -0.207251  0.065394 -0.253175  0.086536 -0.335024  0.073252
                                -0.283592  0.044763 -0.173296  0.019630 -0.075992 -0.003257  0.012607  0.002887 -0.011176 -0.000911
                                 0.003525  0.000088 -0.000284  0.000634  0.000379 -0.001227  0.002743  0.000425 -0.001376  0.003079

   4.3   0    -0.1074   -4.6525  0.000000 -0.000000  0.000000 -0.000000  0.000000 -0.000000  0.000000 -0.000000  0.000001 -0.000002
                                 0.000006 -0.000015  0.000043 -0.000128  0.000472 -0.004433  0.011968 -0.025625  0.063032 -0.091768
                                 0.026298  0.117638 -0.016185  0.103915 -1.224313 -0.004372 -0.295341  0.638921 -0.246868  0.027188
                                -0.007718  0.000000 -0.000000 -0.000000  0.000001  0.000001 -0.000004  0.000001 -0.000006  0.000428
                                -0.001654  0.000313 -0.001209  0.002154 -0.008318  0.002664 -0.010287  0.003512 -0.013559  0.003009
                                -0.011619  0.000534 -0.002044 -0.002023  0.007862 -0.001377  0.005346 -0.001842  0.007154 -0.000322
                                 0.001250  0.000004 -0.000014  0.000031 -0.000030  0.000096 -0.000215  0.000049 -0.000160  0.000357

   5.3   0    -0.0489   -2.1951  0.000000 -0.000000  0.000000 -0.000000  0.000000 -0.000000  0.000000 -0.000000  0.000000 -0.000001
                                 0.000003 -0.000009  0.000024 -0.000072  0.000263 -0.002464  0.006632 -0.014132  0.034656 -0.050483
                                 0.014665  0.064543 -0.008485  0.058242 -1.572196 -0.000302 -0.203217  1.093881  0.088733  0.872747
                                 0.183324  0.000000 -0.000000 -0.000000  0.000000  0.000000 -0.000001  0.000001 -0.000003  0.000176
                                -0.000679  0.000130 -0.000501  0.000885 -0.003418  0.001095 -0.004229  0.001446 -0.005585  0.001235
                                -0.004770  0.000049 -0.000178 -0.001399  0.005433 -0.000550  0.002135 -0.001400  0.005435  0.001671
                                -0.006485  0.000002 -0.000006  0.000014 -0.000019  0.000061 -0.000137  0.000028 -0.000089  0.000199

                                   1 3d2-    1 3d2-    1 3d2-    1 3d2-    1 3d2-    1 3d2-    1 3d2-    1 3d2-    1 3d2-    1 3d2- 
                                   1 3d2-    1 3d2-    1 3d2-    1 3d2-    1 3d2-    1 3d2-    1 3d2-    1 3d2-    1 3d2-    1 3d2- 
                                   1 3d2-    1 3d2-    1 5g2-    1 5g4-    1 5g2-    1 5g4-    1 5g2-    1 5g4-    1 5g2-    1 5g4- 
                                   1 5g2-    1 5g4-    1 5g2-    1 5g4-    1 5g2-    1 5g4- 

   1.4   0    -0.1633  -10.8636  0.000000 -0.000001  0.000006 -0.000025  0.000088 -0.000281  0.000851 -0.002772  0.014552 -0.037343
                                 0.035467 -0.018985 -0.050365  0.315806  0.446045  0.356589  0.009035  0.207409 -0.048139  0.037372
                                -0.011088  0.003203  0.000033 -0.000087 -0.000129  0.000341  0.001142 -0.003023  0.007566 -0.020033
                                -0.005634  0.014915  0.004162 -0.011020 -0.001072  0.002838

   2.4   0    -0.0503   -2.4722 -0.000000  0.000000 -0.000001  0.000005 -0.000017  0.000053 -0.000162  0.000527 -0.002764  0.007089
                                -0.006737  0.003651  0.009111 -0.058374 -0.084538 -0.072664  0.022513 -0.064102  0.140847  0.385582
                                 0.495723  0.127793 -0.000006  0.000016  0.000023 -0.000062 -0.000212  0.000562 -0.001627  0.004309
                                 0.001792 -0.004745 -0.000978  0.002591  0.003000 -0.007945

                                   1 2pz     1 2pz     1 2pz     1 2pz     1 2pz     1 2pz     1 2pz     1 2pz     1 2pz     1 2pz  
                                   1 2pz     1 2pz     1 2pz     1 2pz     1 2pz     1 2pz     1 2pz     1 2pz     1 2pz     1 2pz  
                                   1 2pz     1 2pz     1 2pz     1 2pz     1 2pz     1 2pz     1 2pz     1 2pz     1 2pz     1 2pz  
                                   1 2pz     1 4f0     1 4f2+    1 4f0     1 4f2+    1 4f0     1 4f2+    1 4f0     1 4f2+    1 4f0  
                                   1 4f2+    1 4f0     1 4f2+    1 4f0     1 4f2+    1 4f0     1 4f2+    1 4f0     1 4f2+    1 4f0  
                                   1 4f2+    1 4f0     1 4f2+    1 4f0     1 4f2+    1 4f0     1 4f2+    1 4f0     1 4f2+    1 4f0  
                                   1 4f2+    1 6h2+    1 6h4+    1 6h0     1 6h2+    1 6h4+    1 6h0     1 6h2+    1 6h4+    1 6h0  


   1.5   2    -1.8414  -17.8837 -0.000000  0.000000 -0.000000  0.000000 -0.000000  0.000000 -0.000000  0.000002 -0.000006  0.000019
                                -0.000055  0.000152 -0.000419  0.001268 -0.004692  0.043037 -0.114163  0.235114 -0.495210  0.632528
                                -0.146500 -0.673063  0.035034 -0.410962 -0.062399 -0.048156  0.003824  0.061484 -0.001171  0.000472
                                -0.000101 -0.000000  0.000000  0.000001 -0.000001 -0.000005  0.000007  0.000020 -0.000026 -0.000535
                                 0.000690  0.000120 -0.000155 -0.002151  0.002777 -0.001765  0.002279 -0.004344  0.005608 -0.007759
                                 0.010019 -0.004626  0.005973 -0.000541  0.000699  0.000021 -0.000027  0.000007 -0.000009 -0.000005
                                 0.000006 -0.000003  0.000002  0.000002 -0.000469  0.000406  0.000343  0.000182 -0.000158 -0.000133

   2.5   2    -0.4522  -17.6973  0.000000  0.000000 -0.000000  0.000000 -0.000000  0.000000 -0.000000  0.000000 -0.000000  0.000000
                                -0.000000  0.000000 -0.000000  0.000000 -0.000000  0.000000 -0.000000  0.000000  0.000002 -0.000005
                                 0.000001  0.000010 -0.000004  0.000009  0.000048 -0.000011 -0.000021 -0.000050  0.000002 -0.000001
                                 0.000000  0.000003  0.000003 -0.000022 -0.000017  0.000098  0.000076  0.000006  0.000005  0.034566
                                 0.026770  0.022907  0.017741  0.170677  0.132183  0.208832  0.161732  0.276515  0.214150  0.232422
                                 0.180001  0.135357  0.104828  0.053803  0.041668 -0.009654 -0.007477  0.007663  0.005934 -0.002427
                                -0.001880 -0.000074 -0.000192  0.000126 -0.000259 -0.000671  0.000440 -0.000407 -0.001055  0.000692

   3.5   2    -0.4354  -17.5580  0.000000 -0.000000  0.000000 -0.000000  0.000000 -0.000000  0.000000 -0.000000  0.000000 -0.000000
                                 0.000001 -0.000004  0.000011 -0.000033  0.000123 -0.001197  0.003272 -0.007256  0.018498 -0.026966
                                 0.007431  0.035602 -0.005980  0.023083  0.121325 -0.021887 -0.031537 -0.122833  0.003185 -0.001390
                                 0.000312 -0.000003  0.000003  0.000017 -0.000022 -0.000076  0.000099  0.000001 -0.000001 -0.026576
                                 0.034316 -0.017490  0.022583 -0.131066  0.169235 -0.160108  0.206735 -0.211869  0.273570 -0.179344
                                 0.231572 -0.109594  0.141508 -0.048059  0.062054  0.007973 -0.010295 -0.007068  0.009126  0.002229
                                -0.002878  0.000463 -0.000401 -0.000339  0.002003 -0.001735 -0.001466  0.002248 -0.001947 -0.001645

   4.5   0    -0.1074   -4.6524  0.000000 -0.000000  0.000000 -0.000000  0.000000 -0.000000  0.000000 -0.000000  0.000001 -0.000002
                                 0.000006 -0.000015  0.000043 -0.000128  0.000472 -0.004433  0.011968 -0.025625  0.063032 -0.091766
                                 0.026298  0.117633 -0.016182  0.103908 -1.224141 -0.004368 -0.295320  0.638748 -0.246887  0.027186
                                -0.007718  0.000000 -0.000000 -0.000001  0.000001  0.000002 -0.000003  0.000004 -0.000005  0.001046
                                -0.001352  0.000764 -0.000988  0.005260 -0.006800  0.006505 -0.008410  0.008574 -0.011084  0.007347
                                -0.009498  0.001293 -0.001675 -0.004968  0.006416 -0.003377  0.004365 -0.004520  0.005840 -0.000790
                                 0.001021 -0.000023  0.000020  0.000017  0.000157 -0.000136 -0.000115 -0.000261  0.000226  0.000191

   5.5   0    -0.0489   -2.1951  0.000000 -0.000000  0.000000 -0.000000  0.000000 -0.000000  0.000000 -0.000000  0.000000 -0.000001
                                 0.000003 -0.000009  0.000024 -0.000072  0.000263 -0.002464  0.006632 -0.014133  0.034656 -0.050482
                                 0.014665  0.064541 -0.008483  0.058239 -1.572043 -0.000300 -0.203204  1.093721  0.088682  0.872766
                                 0.183344  0.000000 -0.000000 -0.000000  0.000000  0.000001 -0.000001  0.000002 -0.000002  0.000429
                                -0.000555  0.000317 -0.000409  0.002161 -0.002794  0.002674 -0.003457  0.003532 -0.004565  0.003016
                                -0.003899  0.000113 -0.000148 -0.003433  0.004435 -0.001349  0.001743 -0.003435  0.004437  0.004097
                                -0.005295 -0.000010  0.000009  0.000007  0.000100 -0.000086 -0.000073 -0.000145  0.000126  0.000106

                                   1 3d1+    1 3d1+    1 3d1+    1 3d1+    1 3d1+    1 3d1+    1 3d1+    1 3d1+    1 3d1+    1 3d1+ 
                                   1 3d1+    1 3d1+    1 3d1+    1 3d1+    1 3d1+    1 3d1+    1 3d1+    1 3d1+    1 3d1+    1 3d1+ 
                                   1 3d1+    1 3d1+    1 5g1+    1 5g3+    1 5g1+    1 5g3+    1 5g1+    1 5g3+    1 5g1+    1 5g3+ 
                                   1 5g1+    1 5g3+    1 5g1+    1 5g3+    1 5g1+    1 5g3+ 

   1.6   0    -0.1633  -10.8635  0.000000 -0.000001  0.000006 -0.000025  0.000088 -0.000281  0.000851 -0.002772  0.014551 -0.037343
                                 0.035467 -0.018985 -0.050364  0.315803  0.446038  0.356586  0.009048  0.207400 -0.048125  0.037375
                                -0.011088  0.003203  0.000070 -0.000062 -0.000273  0.000241  0.002423 -0.002138  0.016055 -0.014167
                                -0.011954  0.010547  0.008831 -0.007793 -0.002275  0.002007

   2.6   0    -0.0502   -2.4722  0.000000 -0.000000  0.000001 -0.000005  0.000017 -0.000053  0.000162 -0.000527  0.002764 -0.007089
                                 0.006737 -0.003651 -0.009111  0.058375  0.084539  0.072666 -0.022507  0.064099 -0.140834 -0.385572
                                -0.495734 -0.127804  0.000013 -0.000011 -0.000050  0.000044  0.000451 -0.000397  0.003453 -0.003047
                                -0.003802  0.003355  0.002076 -0.001832 -0.006366  0.005618

                                   1 3d1-    1 3d1-    1 3d1-    1 3d1-    1 3d1-    1 3d1-    1 3d1-    1 3d1-    1 3d1-    1 3d1- 
                                   1 3d1-    1 3d1-    1 3d1-    1 3d1-    1 3d1-    1 3d1-    1 3d1-    1 3d1-    1 3d1-    1 3d1- 
                                   1 3d1-    1 3d1-    1 5g1-    1 5g3-    1 5g1-    1 5g3-    1 5g1-    1 5g3-    1 5g1-    1 5g3- 
                                   1 5g1-    1 5g3-    1 5g1-    1 5g3-    1 5g1-    1 5g3- 

   1.7   0    -0.1995  -11.1875  0.000000 -0.000001  0.000006 -0.000025  0.000089 -0.000283  0.000858 -0.002796  0.014688 -0.037704
                                 0.035798 -0.018975 -0.053045  0.326137  0.465369  0.359781 -0.029784  0.228503 -0.082331  0.031252
                                -0.011017  0.003120  0.000030 -0.000079 -0.000125  0.000332  0.001139 -0.003016  0.007178 -0.019011
                                -0.005280  0.013984  0.003717 -0.009845 -0.001090  0.002887

   2.7   0    -0.0518   -2.5124  0.000000 -0.000000  0.000001 -0.000004  0.000015 -0.000048  0.000146 -0.000475  0.002493 -0.006396
                                 0.006079 -0.003274 -0.008498  0.053626  0.078904  0.065580 -0.038436  0.069257 -0.169693 -0.408927
                                -0.468852 -0.105267  0.000004 -0.000011 -0.000019  0.000049  0.000160 -0.000423  0.001086 -0.002878
                                -0.001138  0.003015  0.000746 -0.001977 -0.001707  0.004528

                                   1 4f2-    1 4f2-    1 4f2-    1 4f2-    1 4f2-    1 4f2-    1 4f2-    1 4f2-    1 4f2-    1 4f2- 
                                   1 4f2-    1 4f2-    1 4f2-    1 4f2-    1 4f2-    1 6h4-    1 6h2-    1 6h4-    1 6h2-    1 6h4- 
                                   1 6h2- 

   1.8   2    -0.4365  -17.7207  0.000004 -0.000028  0.000123  0.000017  0.043923  0.029333  0.217031  0.265827  0.350587  0.291843
                                 0.168202  0.067803 -0.011555  0.009779 -0.003081 -0.000437  0.000252 -0.001777  0.001025 -0.002076
                                 0.001198

   2.8   0    -0.0222   -2.1529 -0.000001  0.000005 -0.000022  0.000114 -0.000147  0.002255  0.002448  0.006111  0.004046  0.009180
                                -0.010304  0.063850 -0.206268  0.311888 -1.167609 -0.000005  0.000003 -0.000059  0.000034  0.000058
                                -0.000033

   3.8   0     0.0444   -2.7358  0.000002 -0.000016  0.000076 -0.000320  0.004971 -0.003279  0.015532  0.010358  0.024399  0.000054
                                 0.040244 -0.237578  0.577191 -2.044222  1.308305 -0.000013  0.000007 -0.000182  0.000105  0.000217
                                -0.000125

 HOMO      3.5    -0.435361 =     -11.8468eV
 LUMO      1.7    -0.199466 =      -5.4278eV
 LUMO-HOMO         0.235895 =       6.4190eV


 **********************************************************************************************************************************
 DATASETS  * FILE   NREC   LENGTH (MB)   RECORD NAMES
              1      19       21.31       500      610      700      900      950      970     1000      129      960     1100   
                                          VAR    BASINP    GEOM    SYMINP    ZMAT    AOBASIS   BASIS     P2S    ABASIS      S 
                                         1400     1410     1420     1200     1210     1080     1600     1650     1700   
                                           T        V       ECP      H0       H01     AOSYM     SMH    MOLCAS    OPER   

              2       5        6.01       200      700     1000      520     4202   
                                        OPTIONS   GEOM     BASIS   MCVARS     RHF  

 PROGRAMS   *        TOTAL       RHF       INT
 CPU TIMES  *       164.33      4.00    159.93
 REAL TIME  *       173.52 SEC
 DISK USED  *         8.12 GB      
 SF USED    *         0.12 MB      
 GA USED    *         0.00 MB       (max)       0.00 MB       (current)
 **********************************************************************************************************************************


 PROGRAM * POP (Mulliken population analysis)

 
 Density matrix read from record         4202.2  Type=RHF/CHARGE (state 1.1)
 
 Population analysis by basis function type

 Unique atom        s        p        d        f        g    Total    Charge
   1  LU      2.00964  6.01670  1.99006 13.98296  0.00030 24.00000  + 1.00000


 **********************************************************************************************************************************
 DATASETS  * FILE   NREC   LENGTH (MB)   RECORD NAMES
              1      19       21.31       500      610      700      900      950      970     1000      129      960     1100   
                                          VAR    BASINP    GEOM    SYMINP    ZMAT    AOBASIS   BASIS     P2S    ABASIS      S 
                                         1400     1410     1420     1200     1210     1080     1600     1650     1700   
                                           T        V       ECP      H0       H01     AOSYM     SMH    MOLCAS    OPER   

              2       5        6.01       200      700     1000      520     4202   
                                        OPTIONS   GEOM     BASIS   MCVARS     RHF  

 PROGRAMS   *        TOTAL       POP       RHF       INT
 CPU TIMES  *       164.33      0.00      4.00    159.93
 REAL TIME  *       173.54 SEC
 DISK USED  *         8.12 GB      
 SF USED    *         0.12 MB      
 GA USED    *         0.00 MB       (max)       0.00 MB       (current)
 **********************************************************************************************************************************


 PROGRAM * MULTI (Direct Multiconfiguration SCF)       Authors: P.J. Knowles, H.-J. Werner (1984)     S.T. Elbert (1988)


 Number of closed-shell orbitals:  12 (   2   3   3   0   3   0   0   1 )
 Number of active  orbitals:        0 (   0   0   0   0   0   0   0   0 )
 Number of external orbitals:     430 ( 101  67  67  36  67  36  36  20 )

 State symmetry 1

 Number of electrons:     0    Spin symmetry=Singlet   Space symmetry=1
 Number of states:        1
 Number of CSFs:          1   (1 determinants, 1 intermediate states)

 State symmetry 1

 Number of electrons:   -24    Spin symmetry=Singlet   Space symmetry=1
 Number of states:        1
 Number of CSFs:          0   (1 determinants, 0 intermediate states)

 Molecular orbitals read from record     4202.2  Type=RHF/CANONICAL (state 1.1)
 *** IN SYMMETRY 1 ORBITAL  1 SYMMETRY CONTAMINATION OF 0.160D-01 HAS BEEN REMOVED
 *** IN SYMMETRY 1 ORBITAL  2 SYMMETRY CONTAMINATION OF 0.451D+00 HAS BEEN REMOVED

 EXTRA SYMMETRY OF MOS IN SYMMETRY 1:   1 3 2 1 1 2 3 1 2 3   1 3 2 1 3 2 1 4 5 1   3 2 1 4 5 3 2 3 1 4   2 5 6 6 1 4 5 6 1 2
                                        3 4 5 6 1 2 3 1 4 5   6 2 3 1 2 3 4 5 6 1   2 3 1 2 3 1 2 3 1 2   3 1 1 2 3 1 2 3 1 1
                                        2 3 1 2 3 1 1 2 3 1   1 2 3 1 1 1 1 1 1 1   1 1 6
 *** IN SYMMETRY 2 ORBITAL  1 SYMMETRY CONTAMINATION OF 0.873D-02 HAS BEEN REMOVED
 *** IN SYMMETRY 2 ORBITAL  2 SYMMETRY CONTAMINATION OF 0.554D+00 HAS BEEN REMOVED
 *** IN SYMMETRY 2 ORBITAL  3 SYMMETRY CONTAMINATION OF 0.438D+00 HAS BEEN REMOVED
 EXTRA SYMMETRY OF MOS IN SYMMETRY 2:   1 3 2 1 1 1 2 3 1 2   3 1 1 2 3 2 3 1 2 1   1 5 6 4 2 3 1 5 6 4   2 1 1 1 2 3 5 6 4 1
                                        2 3 1 1 2 3 1 2 3 1   1 2 3 1 2 3 1 1 2 3   1 1 1 1 1 1 1 1 3 3
 *** IN SYMMETRY 3 ORBITAL  1 SYMMETRY CONTAMINATION OF 0.149D-01 HAS BEEN REMOVED
 *** IN SYMMETRY 3 ORBITAL  2 SYMMETRY CONTAMINATION OF 0.207D+00 HAS BEEN REMOVED
 *** IN SYMMETRY 3 ORBITAL  3 SYMMETRY CONTAMINATION OF 0.362D+00 HAS BEEN REMOVED
 EXTRA SYMMETRY OF MOS IN SYMMETRY 3:   1 2 3 1 1 1 2 3 1 2   3 1 1 2 3 2 3 1 2 3   1 4 5 6 2 3 1 4 5 6   2 1 1 1 2 3 4 5 6 1
                                        2 3 1 1 2 3 1 2 3 1   1 2 3 1 2 3 1 1 2 3   1 1 1 1 1 1 1 1 1 3
 EXTRA SYMMETRY OF MOS IN SYMMETRY 4:   1 1 1 1 1 2 3 1 2 1   1 2 3 3 2 3 1 2 3 1   2 3 1 1 2 3 1 1 1 1   1 1 1 1 1 1
 *** IN SYMMETRY 5 ORBITAL  1 SYMMETRY CONTAMINATION OF 0.172D-01 HAS BEEN REMOVED
 *** IN SYMMETRY 5 ORBITAL  2 SYMMETRY CONTAMINATION OF 0.438D+00 HAS BEEN REMOVED
 *** IN SYMMETRY 5 ORBITAL  3 SYMMETRY CONTAMINATION OF 0.536D+00 HAS BEEN REMOVED
 EXTRA SYMMETRY OF MOS IN SYMMETRY 5:   1 2 3 1 1 1 2 3 1 2   3 1 1 2 3 2 3 1 2 3   1 6 5 4 2 3 1 6 5 4   2 1 1 1 2 3 6 5 4 1
                                        2 3 1 1 2 3 1 2 3 1   1 2 3 1 2 3 1 1 2 3   1 1 1 1 1 1 1 1 1 3
 EXTRA SYMMETRY OF MOS IN SYMMETRY 6:   1 1 1 1 1 3 2 1 3 1   1 3 2 2 3 2 1 3 2 1   3 2 1 1 3 2 1 1 1 1   1 1 1 1 1 1
 EXTRA SYMMETRY OF MOS IN SYMMETRY 7:   1 1 1 1 1 2 3 1 2 3   1 2 1 3 2 3 1 2 3 1   2 3 1 1 2 3 1 1 1 1   1 1 1 1 1 1
 *** IN SYMMETRY 8 ORBITAL  1 SYMMETRY CONTAMINATION OF 0.462D-02 HAS BEEN REMOVED
 EXTRA SYMMETRY OF MOS IN SYMMETRY 8:   1 1 1 1 1 1 3 2 1 3   2 1 1 3 2 1 1 1 1 1   1

 Wavefunction dump at record             5202.2

 Convergence thresholds  0.10E-01 (gradient)  0.10E-05 (energy)  0.10E-02 (step length)

 Number of orbital rotations:      825   (     0 Core/Active    825 Core/Virtual   0 Active/Active      0 Active/Virtual)
 Total number of variables:        826


 ITER. MIC  NCI  NEG     ENERGY(VAR)     ENERGY(PROJ)   ENERGY CHANGE     GRAD(0)  GRAD(ORB)   GRAD(CI)     STEP       TIME

   1   82    4    0    -210.36994202    -210.37462587   -0.00468385    3.11079489 0.05018154 0.00000000  0.15D-01      0.93
   2   53    4   11    -161.65701220    -210.37030532  -48.71329312   *********** 0.12648617 0.00000000  0.88D-02      1.73
   3   31    4    0    -210.37030682    -210.37030685   -0.00000003    0.12649099 0.00000045 0.00000000  0.73D-04      2.53

 ** WVFN ****  CONVERGENCE REACHED, FINAL GRADIENT:  0.45D-06


 First order charge density matrix for state 1.1 saved on record  5202.2 (density set 1)

 Results for state 1.1
 =====================

 !MCSCF STATE 1.1 Energy             -210.370306852239
 Nuclear energy                         0.00000000
 Kinetic energy                       171.12194147
 One electron energy                 -396.66946446
 Two electron energy                  186.29915761
 Virial ratio                           2.22935905

 !MCSCF STATE 1.1 Dipole moment         0.00000000     0.00000000     0.00000000
 Dipole moment /Debye                   0.00000000     0.00000000     0.00000000


 *** WARNING (BLKOP):    6 NON ZERO ELEMENTS IN SYM  2

 *** WARNING (BLKOP):    6 NON ZERO ELEMENTS IN SYM  3

 *** WARNING (BLKOP):    2 NON ZERO ELEMENTS IN SYM  5

 NATURAL ORBITALS
 ================

   Orb     Occ        Energy       Coefficients

                                   1 1s      1 1s      1 1s      1 1s      1 1s      1 1s      1 1s      1 1s      1 1s      1 1s   
                                   1 1s      1 1s      1 1s      1 1s      1 1s      1 1s      1 1s      1 1s      1 1s      1 1s   
                                   1 1s      1 1s      1 1s      1 1s      1 1s      1 1s      1 1s      1 1s      1 1s      1 1s   
                                   1 1s      1 1s      1 1s      1 1s      1 1s      1 1s      1 1s      1 1s      1 3d0     1 3d2+ 
                                   1 3d0     1 3d2+    1 3d0     1 3d2+    1 3d0     1 3d2+    1 3d0     1 3d2+    1 3d0     1 3d2+ 
                                   1 3d0     1 3d2+    1 3d0     1 3d2+    1 3d0     1 3d2+    1 3d0     1 3d2+    1 3d0     1 3d2+ 
                                   1 3d0     1 3d2+    1 3d0     1 3d2+    1 3d0     1 3d2+    1 3d0     1 3d2+    1 3d0     1 3d2+ 
                                   1 3d0     1 3d2+    1 3d0     1 3d2+    1 3d0     1 3d2+    1 3d0     1 3d2+    1 3d0     1 3d2+ 
                                   1 3d0     1 3d2+    1 5g0     1 5g4+    1 5g2+    1 5g0     1 5g4+    1 5g2+    1 5g0     1 5g4+ 
                                   1 5g2+    1 5g0     1 5g4+    1 5g2+    1 5g0     1 5g4+    1 5g2+    1 5g0     1 5g4+    1 5g2+ 
                                   1 5g0     1 5g4+    1 5g2+ 

   1.1  2.00000    -2.935810     0.000000 -0.000000  0.000000 -0.000000  0.000000 -0.000000  0.000000 -0.000001  0.000002 -0.000005
                                 0.000013 -0.000033  0.000092 -0.000305  0.001717  0.005644 -0.004073  0.006228 -0.012280 -0.005328
                                 0.034403 -0.183361  0.218391 -0.123657  0.454494 -1.047127  0.086016  0.955938  0.356352  0.057584
                                -0.034229  0.052694 -0.080201  0.060488 -0.024016  0.009304 -0.002412  0.000431  0.000000  0.000000
                                 0.000000  0.000000  0.000000  0.000000  0.000000  0.000000  0.000000  0.000000  0.000000  0.000000
                                 0.000000  0.000000  0.000000  0.000000  0.000000  0.000000  0.000000  0.000000  0.000000  0.000000
                                 0.000000  0.000000  0.000000  0.000000  0.000000  0.000000  0.000000  0.000000  0.000000  0.000000
                                 0.000000  0.000000  0.000000  0.000000  0.000000  0.000000  0.000000  0.000000  0.000000  0.000000
                                 0.000000  0.000000  0.000000  0.000000  0.000000  0.000000  0.000000  0.000000  0.000000  0.000000
                                 0.000000  0.000000  0.000000  0.000000  0.000000  0.000000  0.000000  0.000000  0.000000  0.000000
                                 0.000000  0.000000  0.000000

   2.1  2.00000    -0.537273     0.000000  0.000000  0.000000  0.000000  0.000000  0.000000  0.000000  0.000000  0.000000  0.000000
                                 0.000000  0.000000  0.000000  0.000000  0.000000  0.000000  0.000000  0.000000  0.000000  0.000000
                                 0.000000  0.000000  0.000000  0.000000  0.000000  0.000000  0.000000  0.000000  0.000000  0.000000
                                 0.000000  0.000000  0.000000  0.000000  0.000000  0.000000  0.000000  0.000000  0.000000  0.000000
                                 0.000000 -0.000001  0.000000  0.000007  0.000000 -0.000029  0.000000  0.000105  0.000000 -0.000334
                                 0.000000  0.001012  0.000000 -0.003297  0.000000  0.017348  0.000000 -0.044620  0.000000  0.042519
                                 0.000000 -0.023277  0.000000 -0.058339  0.000000  0.380200  0.000000  0.520480  0.000000  0.320399
                                 0.000000 -0.141377  0.000000  0.252408  0.000000 -0.123079  0.000000  0.024784  0.000000 -0.009062
                                 0.000000  0.002445  0.000000  0.000000  0.000000  0.000000  0.000000  0.000000  0.000000  0.000000
                                 0.000000  0.000000  0.000000  0.000000  0.000000  0.000000  0.000000  0.000000  0.000000  0.000000
                                 0.000000  0.000000  0.000000

                                   1 2px     1 2px     1 2px     1 2px     1 2px     1 2px     1 2px     1 2px     1 2px     1 2px  
                                   1 2px     1 2px     1 2px     1 2px     1 2px     1 2px     1 2px     1 2px     1 2px     1 2px  
                                   1 2px     1 2px     1 2px     1 2px     1 2px     1 2px     1 2px     1 2px     1 2px     1 2px  
                                   1 2px     1 4f1+    1 4f3+    1 4f1+    1 4f3+    1 4f1+    1 4f3+    1 4f1+    1 4f3+    1 4f1+ 
                                   1 4f3+    1 4f1+    1 4f3+    1 4f1+    1 4f3+    1 4f1+    1 4f3+    1 4f1+    1 4f3+    1 4f1+ 
                                   1 4f3+    1 4f1+    1 4f3+    1 4f1+    1 4f3+    1 4f1+    1 4f3+    1 4f1+    1 4f3+    1 4f1+ 
                                   1 4f3+    1 6h1+    1 6h3+    1 6h5+    1 6h1+    1 6h3+    1 6h5+    1 6h1+    1 6h3+    1 6h5+ 


   1.2  2.00000    -1.826982    -0.000000  0.000000 -0.000000  0.000000 -0.000000  0.000000 -0.000000  0.000002 -0.000006  0.000018
                                -0.000054  0.000150 -0.000412  0.001248 -0.004618  0.042389 -0.112507  0.231945 -0.490649  0.629203
                                -0.146996 -0.671194  0.041717 -0.415884 -0.066700 -0.052914  0.003692  0.065772 -0.001279  0.000519
                                -0.000111  0.000000  0.000000  0.000000  0.000000  0.000000  0.000000  0.000000  0.000000  0.000000
                                 0.000000  0.000000  0.000000  0.000000  0.000000  0.000000  0.000000  0.000000  0.000000  0.000000
                                 0.000000  0.000000  0.000000  0.000000  0.000000  0.000000  0.000000  0.000000  0.000000  0.000000
                                 0.000000  0.000000  0.000000  0.000000  0.000000  0.000000  0.000000  0.000000  0.000000  0.000000

   2.2  2.00000    -0.445728     0.000000  0.000000  0.000000  0.000000  0.000000  0.000000  0.000000  0.000000  0.000000  0.000000
                                 0.000000  0.000000  0.000000  0.000000  0.000000  0.000000  0.000000  0.000000  0.000000  0.000000
                                 0.000000  0.000000  0.000000  0.000000  0.000000  0.000000  0.000000  0.000000  0.000000  0.000000
                                 0.000000  0.000004  0.000000 -0.000028  0.000000  0.000124  0.000000  0.000007  0.000000  0.043696
                                 0.000000  0.028960  0.000000  0.215758  0.000000  0.263976  0.000000  0.349410  0.000000  0.293673
                                 0.000000  0.171976  0.000000  0.069571  0.000000 -0.012202  0.000000  0.009982  0.000000 -0.003155
                                 0.000000  0.000000  0.000000  0.000000  0.000000  0.000000  0.000000  0.000000  0.000000  0.000000

   3.2  2.00000    -0.423758     0.000000  0.000000  0.000000  0.000000  0.000000  0.000000  0.000000  0.000000  0.000000  0.000000
                                 0.000000  0.000000  0.000000  0.000000  0.000000  0.000000  0.000000  0.000000  0.000000  0.000000
                                 0.000000  0.000000  0.000000  0.000000  0.000000  0.000000  0.000000  0.000000  0.000000  0.000000
                                 0.000000  0.000000 -0.000004  0.000000  0.000028  0.000000 -0.000125  0.000000  0.000002  0.000000
                                -0.043459  0.000000 -0.028583  0.000000 -0.214259  0.000000 -0.261659  0.000000 -0.345928  0.000000
                                -0.292749  0.000000 -0.180065  0.000000 -0.081009  0.000000  0.012812  0.000000 -0.012080  0.000000
                                 0.003787  0.000000  0.000000  0.000000  0.000000  0.000000  0.000000  0.000000  0.000000  0.000000

                                   1 2py     1 2py     1 2py     1 2py     1 2py     1 2py     1 2py     1 2py     1 2py     1 2py  
                                   1 2py     1 2py     1 2py     1 2py     1 2py     1 2py     1 2py     1 2py     1 2py     1 2py  
                                   1 2py     1 2py     1 2py     1 2py     1 2py     1 2py     1 2py     1 2py     1 2py     1 2py  
                                   1 2py     1 4f1-    1 4f3-    1 4f1-    1 4f3-    1 4f1-    1 4f3-    1 4f1-    1 4f3-    1 4f1- 
                                   1 4f3-    1 4f1-    1 4f3-    1 4f1-    1 4f3-    1 4f1-    1 4f3-    1 4f1-    1 4f3-    1 4f1- 
                                   1 4f3-    1 4f1-    1 4f3-    1 4f1-    1 4f3-    1 4f1-    1 4f3-    1 4f1-    1 4f3-    1 4f1- 
                                   1 4f3-    1 6h1-    1 6h3-    1 6h5-    1 6h1-    1 6h3-    1 6h5-    1 6h1-    1 6h3-    1 6h5- 


   1.3  2.00000    -1.826982    -0.000000  0.000000 -0.000000  0.000000 -0.000000  0.000000 -0.000000  0.000002 -0.000006  0.000018
                                -0.000054  0.000150 -0.000412  0.001248 -0.004618  0.042389 -0.112507  0.231945 -0.490649  0.629203
                                -0.146996 -0.671194  0.041717 -0.415884 -0.066700 -0.052914  0.003692  0.065772 -0.001279  0.000519
                                -0.000111  0.000000  0.000000  0.000000  0.000000  0.000000  0.000000  0.000000  0.000000  0.000000
                                 0.000000  0.000000  0.000000  0.000000  0.000000  0.000000  0.000000  0.000000  0.000000  0.000000
                                 0.000000  0.000000  0.000000  0.000000  0.000000  0.000000  0.000000  0.000000  0.000000  0.000000
                                 0.000000  0.000000  0.000000  0.000000  0.000000  0.000000  0.000000  0.000000  0.000000  0.000000

   2.3  2.00000    -0.445728     0.000000  0.000000  0.000000  0.000000  0.000000  0.000000  0.000000  0.000000  0.000000  0.000000
                                 0.000000  0.000000  0.000000  0.000000  0.000000  0.000000  0.000000  0.000000  0.000000  0.000000
                                 0.000000  0.000000  0.000000  0.000000  0.000000  0.000000  0.000000  0.000000  0.000000  0.000000
                                 0.000000  0.000004  0.000000 -0.000028  0.000000  0.000124  0.000000  0.000007  0.000000  0.043696
                                 0.000000  0.028960  0.000000  0.215758  0.000000  0.263976  0.000000  0.349410  0.000000  0.293673
                                 0.000000  0.171976  0.000000  0.069571  0.000000 -0.012202  0.000000  0.009982  0.000000 -0.003155
                                 0.000000  0.000000  0.000000  0.000000  0.000000  0.000000  0.000000  0.000000  0.000000  0.000000

   3.3  2.00000    -0.423758     0.000000  0.000000  0.000000  0.000000  0.000000  0.000000  0.000000  0.000000  0.000000  0.000000
                                 0.000000  0.000000  0.000000  0.000000  0.000000  0.000000  0.000000  0.000000  0.000000  0.000000
                                 0.000000  0.000000  0.000000  0.000000  0.000000  0.000000  0.000000  0.000000  0.000000  0.000000
                                 0.000000  0.000000 -0.000004  0.000000  0.000028  0.000000 -0.000125  0.000000  0.000002  0.000000
                                -0.043459  0.000000 -0.028583  0.000000 -0.214259  0.000000 -0.261659  0.000000 -0.345928  0.000000
                                -0.292749  0.000000 -0.180065  0.000000 -0.081009  0.000000  0.012812  0.000000 -0.012080  0.000000
                                 0.003787  0.000000  0.000000  0.000000  0.000000  0.000000  0.000000  0.000000  0.000000  0.000000

                                   1 2pz     1 2pz     1 2pz     1 2pz     1 2pz     1 2pz     1 2pz     1 2pz     1 2pz     1 2pz  
                                   1 2pz     1 2pz     1 2pz     1 2pz     1 2pz     1 2pz     1 2pz     1 2pz     1 2pz     1 2pz  
                                   1 2pz     1 2pz     1 2pz     1 2pz     1 2pz     1 2pz     1 2pz     1 2pz     1 2pz     1 2pz  
                                   1 2pz     1 4f0     1 4f2+    1 4f0     1 4f2+    1 4f0     1 4f2+    1 4f0     1 4f2+    1 4f0  
                                   1 4f2+    1 4f0     1 4f2+    1 4f0     1 4f2+    1 4f0     1 4f2+    1 4f0     1 4f2+    1 4f0  
                                   1 4f2+    1 4f0     1 4f2+    1 4f0     1 4f2+    1 4f0     1 4f2+    1 4f0     1 4f2+    1 4f0  
                                   1 4f2+    1 6h2+    1 6h4+    1 6h0     1 6h2+    1 6h4+    1 6h0     1 6h2+    1 6h4+    1 6h0  


   1.5  2.00000    -1.847635    -0.000000  0.000000 -0.000000  0.000000 -0.000000  0.000000 -0.000000  0.000002 -0.000006  0.000019
                                -0.000055  0.000153 -0.000422  0.001280 -0.004737  0.043435 -0.115177  0.237057 -0.498145  0.634901
                                -0.146325 -0.674371  0.030663 -0.408592 -0.061307 -0.044544  0.004121  0.060374 -0.001133  0.000454
                                -0.000097  0.000000  0.000000  0.000000  0.000000  0.000000  0.000000  0.000000  0.000000  0.000000
                                 0.000000  0.000000  0.000000  0.000000  0.000000  0.000000  0.000000  0.000000  0.000000  0.000000
                                 0.000000  0.000000  0.000000  0.000000  0.000000  0.000000  0.000000  0.000000  0.000000  0.000000
                                 0.000000  0.000000  0.000000  0.000000  0.000000  0.000000  0.000000  0.000000  0.000000  0.000000

   2.5  2.00000    -0.449172     0.000000 -0.000000  0.000000 -0.000000  0.000000 -0.000000  0.000000 -0.000000  0.000000 -0.000000
                                 0.000000 -0.000000  0.000000 -0.000000  0.000000 -0.000000  0.000000 -0.000000  0.000000 -0.000000
                                 0.000000  0.000000 -0.000000  0.000000  0.000000  0.000000 -0.000000 -0.000000  0.000000 -0.000000
                                 0.000000  0.000004  0.000000 -0.000028  0.000000  0.000124  0.000000  0.000007  0.000000  0.043693
                                 0.000000  0.028951  0.000000  0.215754  0.000000  0.263976  0.000000  0.349593  0.000000  0.293980
                                 0.000000  0.171627  0.000000  0.068664  0.000000 -0.012198  0.000000  0.009806  0.000000 -0.003103
                                 0.000000  0.000000  0.000000  0.000000  0.000000  0.000000  0.000000  0.000000  0.000000  0.000000

   3.5  2.00000    -0.440563     0.000000  0.000000  0.000000  0.000000  0.000000  0.000000  0.000000  0.000000  0.000000  0.000000
                                 0.000000  0.000000  0.000000  0.000000  0.000000  0.000000  0.000000  0.000000  0.000000  0.000000
                                 0.000000  0.000000  0.000000  0.000000  0.000000  0.000000  0.000000  0.000000  0.000000  0.000000
                                 0.000000  0.000000  0.000004  0.000000 -0.000028  0.000000  0.000125  0.000000 -0.000004  0.000000
                                 0.043439  0.000000  0.028532  0.000000  0.214200  0.000000  0.261601  0.000000  0.346805  0.000000
                                 0.294340  0.000000  0.178631  0.000000  0.076593  0.000000 -0.013031  0.000000  0.011169  0.000000
                                -0.003526  0.000000  0.000000  0.000000  0.000000  0.000000  0.000000  0.000000  0.000000  0.000000

                                   1 4f2-    1 4f2-    1 4f2-    1 4f2-    1 4f2-    1 4f2-    1 4f2-    1 4f2-    1 4f2-    1 4f2- 
                                   1 4f2-    1 4f2-    1 4f2-    1 4f2-    1 4f2-    1 6h4-    1 6h2-    1 6h4-    1 6h2-    1 6h4- 
                                   1 6h2- 

   1.8  2.00000    -0.432185     0.000004 -0.000028  0.000123  0.000016  0.043885  0.029289  0.216830  0.265575  0.350233  0.291662
                                 0.169159  0.069323 -0.011604  0.010067 -0.003167  0.000000  0.000000  0.000000  0.000000  0.000000
                                 0.000000

 Total charge:   1.000000000000
 

 EXTRA SYMMETRY OF MOS IN SYMMETRY 1:   1 3 2 1 1 2 3 1 2 3   1 2 3 1 2 3 1 4 6 5   2 3 1 4 6 5 2 3 1 4   6 2 5 3 1 4 6 5 1 2
                                        3 4 6 5 1 2 3 1 4 6   5 2 3 1 2 3 4 6 5 1   2 3 1 2 3 1 2 3 1 2   3 1 1 2 3 1 2 3 1 1
                                        2 3 1 2 3 1 1 2 3 1   1 2 3 1 1 1 1 1 1 1   1 1 1
 EXTRA SYMMETRY OF MOS IN SYMMETRY 2:   1 2 3 1 1 1 2 3 1 2   3 1 2 1 3 2 3 1 2 3   1 4 5 6 2 3 1 4 5 6   2 1 3 1 2 3 4 5 6 1
                                        2 3 1 1 2 3 1 2 3 1   1 2 3 1 2 3 1 1 2 3   1 1 1 1 1 1 1 1 1 1
 EXTRA SYMMETRY OF MOS IN SYMMETRY 3:   1 2 3 1 1 1 2 3 1 2   3 1 2 1 3 2 3 1 2 3   1 4 5 6 2 3 1 4 5 6   2 1 3 1 2 3 4 5 6 1
                                        2 3 1 1 2 3 1 2 3 1   1 2 3 1 2 3 1 1 2 3   1 1 1 1 1 1 1 1 1 1
 EXTRA SYMMETRY OF MOS IN SYMMETRY 4:   1 1 1 1 1 2 3 1 2 3   1 2 3 1 2 3 1 2 3 1   2 3 1 1 2 3 1 1 1 1   1 1 1 1 1 1
 EXTRA SYMMETRY OF MOS IN SYMMETRY 5:   1 2 3 1 1 1 2 3 1 2   3 1 1 2 3 2 3 1 2 3   1 6 4 5 2 3 1 6 4 5   1 2 3 1 2 3 6 4 5 1
                                        2 3 1 1 2 3 1 2 3 1   1 2 3 1 2 3 1 1 2 3   1 1 1 1 1 1 1 1 1 1
 EXTRA SYMMETRY OF MOS IN SYMMETRY 6:   1 1 1 1 1 2 3 1 2 3   1 2 3 1 2 3 1 2 3 1   2 3 1 1 2 3 1 1 1 1   1 1 1 1 1 1
 EXTRA SYMMETRY OF MOS IN SYMMETRY 7:   1 1 1 1 1 2 3 1 2 3   1 2 3 1 2 3 1 2 3 1   2 3 1 1 2 3 1 1 1 1   1 1 1 1 1 1

 Natural orbital dump at molpro section  5202.2    (Orbital set 2)


 CI vector
 =========

              1.0000000

 TOTAL ENERGIES                      -210.37030685



 **********************************************************************************************************************************
 DATASETS  * FILE   NREC   LENGTH (MB)   RECORD NAMES
              1      20       45.57       500      610      700      900      950      970     1000      129      960     1100   
                                          VAR    BASINP    GEOM    SYMINP    ZMAT    AOBASIS   BASIS     P2S    ABASIS      S 
                                         1400     1410     1420     1200     1210     1080     1600     1650     1700     1380   
                                           T        V       ECP      H0       H01     AOSYM     SMH    MOLCAS    OPER     JKOP   

              2       6        9.83       200      700     1000      520     4202     5202   
                                        OPTIONS   GEOM     BASIS   MCVARS     RHF     MCSCF   

 PROGRAMS   *        TOTAL     MULTI       POP       RHF       INT
 CPU TIMES  *       167.73      3.39      0.00      4.00    159.93
 REAL TIME  *       177.82 SEC
 DISK USED  *         8.12 GB      
 SF USED    *        82.60 MB      
 GA USED    *         0.00 MB       (max)       0.00 MB       (current)
 **********************************************************************************************************************************


 PROGRAM * RHF-SCF (CLOSED SHELL)       Authors: W. Meyer, H.-J. Werner


 NUMBER OF ELECTRONS:      12+   12-    SPACE SYMMETRY=1    SPIN SYMMETRY: Singlet 
 CONVERGENCE THRESHOLDS:    1.00E-05 (Density)    1.00E-07 (Energy)
 MAX. NUMBER OF ITERATIONS:        0
 INTERPOLATION TYPE:            DIIS
 INTERPOLATION STEPS:              2 (START)      1 (STEP)
 LEVEL SHIFTS:                  0.00 (CLOSED)  0.00 (OPEN) 

 Number of closed-shell orbitals:   12 (   2   3   3   0   3   0   0   1 )


 Molecular orbitals read from record     5202.2  Type=MCSCF/NATURAL (state 1.1)

 Molecular orbital dump at record        2110.2

 ITERATION    DDIFF          GRAD             ENERGY        2-EL.EN.            DIPOLE MOMENTS         DIIS   ORB.
    1      0.000D+00      0.000D+00      -210.37030685    372.598315    0.00000    0.00000    0.00000    0    start

 Final occupancy:   2   3   3   0   3   0   0   1

 !RHF STATE 1.1 Energy               -210.370306852238
 Nuclear energy                         0.00000000
 One-electron energy                 -396.66946446
 Two-electron energy                  186.29915761
 Virial quotient                       -1.22935905
 !RHF STATE 1.1 Dipole moment           0.00000000     0.00000000     0.00000000
 Dipole moment /Debye                   0.00000000     0.00000000     0.00000000

 Orbital energies:

         1.1          2.1          3.1          4.1
     -2.935810    -0.537273    -0.201302    -0.177477

         1.2          2.2          3.2          4.2          5.2
     -1.826982    -0.445728    -0.423758    -0.100951    -0.047294

         1.3          2.3          3.3          4.3          5.3
     -1.826982    -0.445728    -0.423758    -0.100951    -0.047294

         1.4          2.4
     -0.148458    -0.049233

         1.5          2.5          3.5          4.5          5.5
     -1.847635    -0.449172    -0.440563    -0.111527    -0.049946

         1.6          2.6
     -0.187749    -0.051404

         1.7          2.7
     -0.187749    -0.051404

         1.8          2.8          3.8
     -0.432185    -0.022142     0.044445

 HOMO      3.2    -0.423758 =     -11.5310eV
 LUMO      3.1    -0.201302 =      -5.4777eV
 LUMO-HOMO         0.222456 =       6.0533eV


 **********************************************************************************************************************************
 DATASETS  * FILE   NREC   LENGTH (MB)   RECORD NAMES
              1      20       45.57       500      610      700      900      950      970     1000      129      960     1100   
                                          VAR    BASINP    GEOM    SYMINP    ZMAT    AOBASIS   BASIS     P2S    ABASIS      S 
                                         1400     1410     1420     1200     1210     1080     1600     1650     1700     1380   
                                           T        V       ECP      H0       H01     AOSYM     SMH    MOLCAS    OPER     JKOP   

              2       7       13.05       200      700     1000      520     4202     5202     2110   
                                        OPTIONS   GEOM     BASIS   MCVARS     RHF     MCSCF     RHF  

 PROGRAMS   *        TOTAL       RHF     MULTI       POP       RHF       INT
 CPU TIMES  *       167.90      0.16      3.39      0.00      4.00    159.93
 REAL TIME  *       178.04 SEC
 DISK USED  *         8.12 GB      
 SF USED    *        82.60 MB      
 GA USED    *         0.00 MB       (max)       0.00 MB       (current)
 **********************************************************************************************************************************
 SETTING SCF(5)         =      -210.37030685  AU                              
 SETTING _CC_NORM_MAX   =         2.00000000                                  


 PROGRAM * CCSD (Restricted open-shell coupled cluster)     Authors: C. Hampel, H.-J. Werner, 1991, M. Deegan, P.J. Knowles, 1992


 Convergence thresholds:  THRVAR = 1.00D-08  THRDEN = 1.00D-06

 CCSD(T)     terms to be evaluated (factor= 1.000)


 Number of closed-shell orbitals:  12 (   2   3   3   0   3   0   0   1 )
 Number of external orbitals:     430 ( 101  67  67  36  67  36  36  20 )

 Memory could be reduced to 205.74 Mwords without degradation in triples

 Number of N-1 electron functions:              24
 Number of N-2 electron functions:             276
 Number of singly external CSFs:              1650
 Number of doubly external CSFs:           4934888
 Total number of CSFs:                     4936538

 Molecular orbitals read from record     2110.2  Type=RHF/CANONICAL (state 1.1)

 Integral transformation finished. Total CPU:   4.92 sec, npass=  1  Memory used:  38.82 MW

 Starting RMP2 calculation

 Wavefunction is spin-projected

 ITER.      SQ.NORM     CORR.ENERGY   TOTAL ENERGY   ENERGY CHANGE        DEN1      VAR(S)    VAR(P)  DIIS     TIME
   1      1.72121299    -2.45275304  -212.82305989    -2.45275304    -0.05280390  0.93D-04  0.35D-01  1  1     5.60
   2      1.85584037    -2.51785054  -212.88815739    -0.06509750    -0.00399568  0.14D-04  0.37D-02  2  2     6.13
   3      1.92249813    -2.53667933  -212.90698618    -0.01882879    -0.00009617  0.10D-05  0.72D-04  3  3     7.06
   4      1.92918913    -2.53777084  -212.90807770    -0.00109151    -0.00000263  0.14D-06  0.19D-05  4  4     8.01
   5      1.92951008    -2.53780691  -212.90811377    -0.00003607    -0.00000010  0.23D-07  0.69D-07  5  5     9.05
   6      1.92952842    -2.53780855  -212.90811540    -0.00000163    -0.00000001  0.35D-08  0.30D-08  6  6    10.03
   7      1.92953008    -2.53780862  -212.90811547    -0.00000007    -0.00000000  0.47D-09  0.15D-09  6  1    10.80

 Norm of t1 vector:      0.05021143      S-energy:    -0.00522197      T1 diagnostic:  0.00724740
 Norm of t2 vector:      0.96281301      P-energy:    -2.53258665
                                         Alpha-Beta:  -1.67217006
                                         Alpha-Alpha: -0.43020830
                                         Beta-Beta:   -0.43020830

 Spin contamination <S**2-Sz**2-Sz>     0.00000000
  Reference energy                   -210.370306852239
  RHF-RMP2 correlation energy          -2.537808619983
 !RHF-RMP2 energy                    -212.908115472222
 (NB above energy spin projected)

 Starting RCCSD calculation

 ITER.      SQ.NORM     CORR.ENERGY   TOTAL ENERGY   ENERGY CHANGE        DEN1      VAR(S)    VAR(P)  DIIS     TIME
   1      1.26100489    -1.58143933  -211.95174618    -1.58143933    -0.28852140  0.57D-02  0.65D-01  0  0    14.98
   2      1.39647092    -1.86387512  -212.23418197    -0.28243579    -0.05421475  0.26D-02  0.19D-01  0  0    18.83
   3      1.37550919    -1.76196976  -212.13227661     0.10190536    -0.01319520  0.15D-02  0.38D-02  1  1    22.67
   4      1.39955851    -1.79561418  -212.16592103    -0.03364442    -0.00149945  0.12D-03  0.11D-02  2  2    27.92
   5      1.41757640    -1.79974065  -212.17004750    -0.00412647    -0.00091197  0.63D-04  0.70D-03  3  3    32.28
   6      1.45833547    -1.80440538  -212.17471224    -0.00466473    -0.00026358  0.32D-04  0.19D-03  4  4    36.65
   7      1.48619871    -1.80727504  -212.17758190    -0.00286966    -0.00007159  0.24D-04  0.36D-04  5  5    41.27
   8      1.50092134    -1.80848535  -212.17879220    -0.00121030    -0.00002711  0.14D-04  0.97D-05  6  6    45.75
   9      1.50656547    -1.80870760  -212.17901445    -0.00022225    -0.00001253  0.94D-05  0.28D-05  7  7    50.73
  10      1.50815483    -1.80888758  -212.17919443    -0.00017998    -0.00000809  0.61D-05  0.16D-05  8  8    58.61
  11      1.51075789    -1.80902346  -212.17933031    -0.00013588    -0.00000429  0.36D-05  0.57D-06  9  9    65.09
  12      1.51276990    -1.80898573  -212.17929258     0.00003773    -0.00000251  0.17D-05  0.66D-06 10 10    69.75
  13      1.51416756    -1.80906602  -212.17937287    -0.00008029    -0.00000127  0.69D-06  0.45D-06 11 11    74.18
  14      1.51576505    -1.80914541  -212.17945226    -0.00007939    -0.00000038  0.12D-06  0.19D-06 12 12    88.04
  15      1.51627026    -1.80915394  -212.17946079    -0.00000853    -0.00000013  0.27D-07  0.77D-07 13 13    92.94
  16      1.51629709    -1.80914928  -212.17945613     0.00000466    -0.00000005  0.12D-07  0.28D-07 14 14    98.64
  17      1.51643284    -1.80915223  -212.17945908    -0.00000295    -0.00000002  0.40D-08  0.84D-08 15 15   104.42
  18      1.51647575    -1.80915501  -212.17946186    -0.00000278    -0.00000001  0.18D-08  0.26D-08 15  3   122.86
  19      1.51649074    -1.80915434  -212.17946119     0.00000067    -0.00000000  0.95D-09  0.79D-09 15  6   128.00

 Norm of t1 vector:      0.16857926      S-energy:    -0.00669653      T1 diagnostic:  0.02433232
                                                                       D1 diagnostic:  0.07204299
 Norm of t2 vector:      0.69862134      P-energy:    -1.80245781
                                         Alpha-Beta:  -1.29985238
                                         Alpha-Alpha: -0.25130271
                                         Beta-Beta:   -0.25130271

 Singles amplitudes (print threshold =  0.500E-01):

         I         SYM. A    A   T(IA) [Alpha-Alpha]

         5         2         1      0.05166423
         8         3         1     -0.05166423
 
         I         SYM. A    A   T(IA) [Beta-Beta]

         5         2         1      0.05166423
         8         3         1     -0.05166423

 Doubles amplitudes (print threshold =  0.500E-01):

         I         J         SYM. A    SYM. B    A         B      T(IJ, AB) [Alpha-Beta]

         2         2         1         1         1         1     -0.06268064
         4         4         1         1         1         1     -0.07137483
         4         4         6         6         1         1     -0.08906186
         5         5         4         4         1         1     -0.07713018
         7         7         1         1         1         1     -0.07137483
         7         7         7         7         1         1     -0.08906186
         8         8         4         4         1         1     -0.07713018
        10        10         1         1         1         1     -0.10630012
        11        11         6         6         1         1     -0.06375387
        11        11         7         7         1         1     -0.06375387
        12        12         4         4         1         1     -0.05461837
        12        12         6         6         1         1     -0.07027268
        12        12         7         7         1         1     -0.07027268

 Spin contamination <S**2-Sz**2-Sz>     0.00000000

 Memory could be reduced to 210.00 Mwords without degradation in triples
 

 RESULTS
 =======

  Reference energy                   -210.370306852239
  RCCSD singles energy                 -0.006696529011
  RCCSD pair energy                    -1.802457807280
  RCCSD correlation energy             -1.809154336291
  Triples (T) contribution             -0.262201043426
  Total correlation energy             -2.071355379717
 
  RHF-RCCSD energy                   -212.179461188529
  RHF-RCCSD[T] energy                -212.449389280119
  RHF-RCCSD-T energy                 -212.440234484928
 !RHF-RCCSD(T) energy                -212.441662231956

 Program statistics:

 Available memory in ccsd:               999998628
 Min. memory needed in ccsd:              14052333
 Max. memory used in ccsd:                20210935
 Max. memory used in cckext:              15397525 (19 integral passes)
 Max. memory used in cckint:              38820402 ( 1 integral passes)



 **********************************************************************************************************************************
 DATASETS  * FILE   NREC   LENGTH (MB)   RECORD NAMES
              1      20       45.57       500      610      700      900      950      970     1000      129      960     1100   
                                          VAR    BASINP    GEOM    SYMINP    ZMAT    AOBASIS   BASIS     P2S    ABASIS      S 
                                         1400     1410     1420     1200     1210     1080     1600     1650     1700     1380   
                                           T        V       ECP      H0       H01     AOSYM     SMH    MOLCAS    OPER     JKOP   

              2       7       13.05       200      700     1000      520     4202     5202     2110   
                                        OPTIONS   GEOM     BASIS   MCVARS     RHF     MCSCF     RHF  

 PROGRAMS   *        TOTAL  RCCSD(T)       RHF     MULTI       POP       RHF       INT
 CPU TIMES  *       418.47    250.47      0.16      3.39      0.00      4.00    159.93
 REAL TIME  *       604.11 SEC
 DISK USED  *        25.54 GB      
 SF USED    *         3.42 GB      
 GA USED    *         0.00 MB       (max)       0.00 MB       (current)
 **********************************************************************************************************************************
 SETTING CCSD(5)        =      -212.44166223  AU                              
 Output type csv         
                                                                                                                                                                                                                                                                

        SCF,CCSD
      0.0000000,      0.0000000
      0.0000000,      0.0000000
      0.0000000,      0.0000000
      0.0000000,      0.0000000
   -210.3703069,   -212.4416622
                                                  

 RCCSD(T)/USERDEF energy=   -212.441662231956

        RCCSD(T)        RHF-SCF         MULTI           RHF-SCF 
   -212.44166223   -210.37030685   -210.37030685   -210.37870491
 **********************************************************************************************************************************
 Molpro calculation terminated
 Variable memory released
