
 Primary working directories    : /global/cscratch1/sd/haihan
 Secondary working directories  : /global/cscratch1/sd/haihan
 Wavefunction directory         : /global/homes/h/haihan/Research/ECP/f_group_element_ecps/Re/Molpro/atom/UC/wfu/
 Main file repository           : /global/cscratch1/sd/haihan/

 SHA1      : 19cd028119e0e09f93f0674bd8af7968d9b3eff6
 NAME      : 2015.1.36
 ARCHNAME  : linux/x86_64
 FC        : /opt/cray/pe/craype/2.5.14/bin/ftn
 BLASLIB   : -L/opt/intel/compilers_and_libraries_2018.1.163/linux/mkl/lib/intel64 -Wl,-_start-group -lmkl_intel_ilp64 -lmkl_intel_thread -lmkl_core -Wl,-_end-group -liomp5
 id        : lbl

 Nodes     nprocs
 nid12829    11
 Number of processes for MPI-2 version of Molpro:   nprocs(total)=   12   nprocs(compute)=   11   nprocs(helper)=    1

 Using customized tuning parameters: mindgm=7; mindgv=16; mindgc=1; mindgr=1; noblas=0; minvec=7
 default implementation of scratch files=sf  

 ***,Calculation for Re atom, singlet and triplet
 memory,1,g
 
 gthresh,twoint=1.e-15
 gthresh,oneint=1.e-15
 
 set,dkroll=1,dkho=10,dkhp=4
 
 geometry={
 1
 Re
 Re  0.0 0.0 0.0
 }
 
 basis={
 Including file /global/u2/h/haihan/Research/ECP/f_group_element_ecps/Re/Molpro/atom/UC/13/../aug-cc-pwCVTZ.basis
 }
 
 
 
 Including file /global/u2/h/haihan/Research/ECP/f_group_element_ecps/Re/Molpro/atom/UC/13/../Re_states_ae.proc
 Including file /global/u2/h/haihan/Research/ECP/f_group_element_ecps/Re/Molpro/atom/UC/13/../contracted.basis
 Including file /global/u2/h/haihan/Research/ECP/f_group_element_ecps/Re/Molpro/atom/UC/13/../aug-cc-pwCVTZ.basis
 Including file /global/u2/h/haihan/Research/ECP/f_group_element_ecps/Re/Molpro/atom/UC/13/../contracted.basis
 Including file /global/u2/h/haihan/Research/ECP/f_group_element_ecps/Re/Molpro/atom/UC/13/../aug-cc-pwCVTZ.basis
 Including file /global/u2/h/haihan/Research/ECP/f_group_element_ecps/Re/Molpro/atom/UC/13/../contracted.basis
 Including file /global/u2/h/haihan/Research/ECP/f_group_element_ecps/Re/Molpro/atom/UC/13/../aug-cc-pwCVTZ.basis
 Including file /global/u2/h/haihan/Research/ECP/f_group_element_ecps/Re/Molpro/atom/UC/13/../contracted.basis
 Including file /global/u2/h/haihan/Research/ECP/f_group_element_ecps/Re/Molpro/atom/UC/13/../aug-cc-pwCVTZ.basis
 Including file /global/u2/h/haihan/Research/ECP/f_group_element_ecps/Re/Molpro/atom/UC/13/../contracted.basis
 Including file /global/u2/h/haihan/Research/ECP/f_group_element_ecps/Re/Molpro/atom/UC/13/../aug-cc-pwCVTZ.basis
 Including file /global/u2/h/haihan/Research/ECP/f_group_element_ecps/Re/Molpro/atom/UC/13/../contracted.basis
 Including file /global/u2/h/haihan/Research/ECP/f_group_element_ecps/Re/Molpro/atom/UC/13/../aug-cc-pwCVTZ.basis
 Including file /global/u2/h/haihan/Research/ECP/f_group_element_ecps/Re/Molpro/atom/UC/13/../contracted.basis
 Including file /global/u2/h/haihan/Research/ECP/f_group_element_ecps/Re/Molpro/atom/UC/13/../aug-cc-pwCVTZ.basis
 Including file /global/u2/h/haihan/Research/ECP/f_group_element_ecps/Re/Molpro/atom/UC/13/../contracted.basis
 Including file /global/u2/h/haihan/Research/ECP/f_group_element_ecps/Re/Molpro/atom/UC/13/../aug-cc-pwCVTZ.basis
 Including file /global/u2/h/haihan/Research/ECP/f_group_element_ecps/Re/Molpro/atom/UC/13/../contracted.basis
 Including file /global/u2/h/haihan/Research/ECP/f_group_element_ecps/Re/Molpro/atom/UC/13/../aug-cc-pwCVTZ.basis
 Including file /global/u2/h/haihan/Research/ECP/f_group_element_ecps/Re/Molpro/atom/UC/13/../contracted.basis
 Including file /global/u2/h/haihan/Research/ECP/f_group_element_ecps/Re/Molpro/atom/UC/13/../aug-cc-pwCVTZ.basis
 Including file /global/u2/h/haihan/Research/ECP/f_group_element_ecps/Re/Molpro/atom/UC/13/../contracted.basis
 Including file /global/u2/h/haihan/Research/ECP/f_group_element_ecps/Re/Molpro/atom/UC/13/../aug-cc-pwCVTZ.basis
 Including file /global/u2/h/haihan/Research/ECP/f_group_element_ecps/Re/Molpro/atom/UC/13/../contracted.basis
 Including file /global/u2/h/haihan/Research/ECP/f_group_element_ecps/Re/Molpro/atom/UC/13/../aug-cc-pwCVTZ.basis
 Including file /global/u2/h/haihan/Research/ECP/f_group_element_ecps/Re/Molpro/atom/UC/13/../contracted.basis
 Including file /global/u2/h/haihan/Research/ECP/f_group_element_ecps/Re/Molpro/atom/UC/13/../aug-cc-pwCVTZ.basis
 Including file /global/u2/h/haihan/Research/ECP/f_group_element_ecps/Re/Molpro/atom/UC/13/../contracted.basis
 Including file /global/u2/h/haihan/Research/ECP/f_group_element_ecps/Re/Molpro/atom/UC/13/../aug-cc-pwCVTZ.basis
 Including file /global/u2/h/haihan/Research/ECP/f_group_element_ecps/Re/Molpro/atom/UC/13/../contracted.basis
 Including file /global/u2/h/haihan/Research/ECP/f_group_element_ecps/Re/Molpro/atom/UC/13/../aug-cc-pwCVTZ.basis
 Including file /global/u2/h/haihan/Research/ECP/f_group_element_ecps/Re/Molpro/atom/UC/13/../contracted.basis
 Including file /global/u2/h/haihan/Research/ECP/f_group_element_ecps/Re/Molpro/atom/UC/13/../aug-cc-pwCVTZ.basis
 
 
 do i=13,13
     if (i.eq.1) then
         Id5s2
     else if (i.eq.2) then
         Id6s1
     else if (i.eq.3) then
         EAd6s2
     else if (i.eq.4) then
         IPd5s1
     else if (i.eq.5) then
         IPd5p1
     else if (i.eq.6) then
         IId5
     else if (i.eq.7) then
         IIId4
     else if (i.eq.8) then
         IVd3
     else if (i.eq.9) then
         Vd2
     else if (i.eq.10) then
         VId1
     else if (i.eq.11) then
         VIpf1
     else if (i.eq.12) then
         VIp1
     else if (i.eq.13) then
         VIIp6
     else if (i.eq.14) then
         VIIIp4
     else if (i.eq.15) then
         IXp3
     endif
     scf(i)=energy
     _CC_NORM_MAX=2.0
     {rccsd(t),maxit=100;core,8,5,5,2,5,2,2,1}
     ccsd(i)=energy
 enddo
 
 table,scf,                                                                      !ccsd
 type,csv
 save

 Variables initialized (889), CPU time= 0.01 sec
 Commands  initialized (702), CPU time= 0.01 sec, 572 directives.
 Default parameters read. Elapsed time= 0.33 sec

 Checking input...
 Passed
1


                                         ***  PROGRAM SYSTEM MOLPRO  ***
                                       Copyright, TTI GmbH Stuttgart, 2015
                                    Version 2015.1 linked Dec 29 2018 15:55:43


 **********************************************************************************************************************************
 LABEL *   Calculation for Re atom, singlet and triplet                                  
  64 bit mpp version                                                                     DATE: 03-Nov-22          TIME: 11:45:56  
 **********************************************************************************************************************************

 SHA1:             19cd028119e0e09f93f0674bd8af7968d9b3eff6
 **********************************************************************************************************************************

 THRESHOLDS:

 ZERO    =  1.00D-12  ONEINT  =  1.00D-12  TWOINT  =  1.00D-15  PREFAC  =  1.00D-14  LOCALI  =  1.00D-09  EORDER  =  1.00D-04
 ENERGY  =  0.00D+00  ETEST   =  0.00D+00  EDENS   =  0.00D+00  THRDEDEF=  1.00D-06  GRADIENT=  1.00D-02  STEP    =  1.00D-03
 ORBITAL =  1.00D-05  CIVEC   =  1.00D-05  COEFF   =  1.00D-04  PRINTCI =  5.00D-02  PUNCHCI =  9.90D+01  OPTGRAD =  3.00D-04
 OPTENERG=  1.00D-06  OPTSTEP =  3.00D-04  THRGRAD =  1.00D-10  COMPRESS=  1.00D-11  VARMIN  =  1.00D-07  VARMAX  =  1.00D-03
 THRDOUB =  0.00D+00  THRDIV  =  1.00D-05  THRRED  =  1.00D-07  THRPSP  =  1.00D+00  THRDC   =  1.00D-10  THRCS   =  1.00D-10
 THRNRM  =  1.00D-08  THREQ   =  0.00D+00  THRDE   =  1.00D+00  THRREF  =  1.00D-05  SPARFAC =  1.00D+00  THRDLP  =  1.00D-07
 THRDIA  =  1.00D-10  THRDLS  =  1.00D-07  THRGPS  =  0.00D+00  THRKEX  =  0.00D+00  THRDIS  =  2.00D-01  THRVAR  =  1.00D-10
 THRLOC  =  1.00D-06  THRGAP  =  1.00D-06  THRLOCT = -1.00D+00  THRGAPT = -1.00D+00  THRORB  =  1.00D-06  THRMLTP =  0.00D+00
 THRCPQCI=  1.00D-10  KEXTA   =  0.00D+00  THRCOARS=  0.00D+00  SYMTOL  =  1.00D-06  GRADTOL =  1.00D-06  THROVL  =  1.00D-08
 THRORTH =  1.00D-08  GRID    =  1.00D-06  GRIDMAX =  1.00D-03  DTMAX   =  0.00D+00  THROCCDE=  1.00D-01  THROCCDE=  1.00D-01



 THRESHOLDS:

 ZERO    =  1.00D-12  ONEINT  =  1.00D-15  TWOINT  =  1.00D-15  PREFAC  =  1.00D-14  LOCALI  =  1.00D-09  EORDER  =  1.00D-04
 ENERGY  =  0.00D+00  ETEST   =  0.00D+00  EDENS   =  0.00D+00  THRDEDEF=  1.00D-06  GRADIENT=  1.00D-02  STEP    =  1.00D-03
 ORBITAL =  1.00D-05  CIVEC   =  1.00D-05  COEFF   =  1.00D-04  PRINTCI =  5.00D-02  PUNCHCI =  9.90D+01  OPTGRAD =  3.00D-04
 OPTENERG=  1.00D-06  OPTSTEP =  3.00D-04  THRGRAD =  1.00D-10  COMPRESS=  1.00D-11  VARMIN  =  1.00D-07  VARMAX  =  1.00D-03
 THRDOUB =  0.00D+00  THRDIV  =  1.00D-05  THRRED  =  1.00D-07  THRPSP  =  1.00D+00  THRDC   =  1.00D-10  THRCS   =  1.00D-10
 THRNRM  =  1.00D-08  THREQ   =  0.00D+00  THRDE   =  1.00D+00  THRREF  =  1.00D-05  SPARFAC =  1.00D+00  THRDLP  =  1.00D-07
 THRDIA  =  1.00D-10  THRDLS  =  1.00D-07  THRGPS  =  0.00D+00  THRKEX  =  0.00D+00  THRDIS  =  2.00D-01  THRVAR  =  1.00D-10
 THRLOC  =  1.00D-06  THRGAP  =  1.00D-06  THRLOCT = -1.00D+00  THRGAPT = -1.00D+00  THRORB  =  1.00D-06  THRMLTP =  0.00D+00
 THRCPQCI=  1.00D-10  KEXTA   =  0.00D+00  THRCOARS=  0.00D+00  SYMTOL  =  1.00D-06  GRADTOL =  1.00D-06  THROVL  =  1.00D-08
 THRORTH =  1.00D-08  GRID    =  1.00D-06  GRIDMAX =  1.00D-03  DTMAX   =  0.00D+00  THROCCDE=  1.00D-01  THROCCDE=  1.00D-01


 SETTING DKROLL         =         1.00000000                                  
 SETTING DKHO           =        10.00000000                                  
 SETTING DKHP           =         4.00000000                                  

Geometry recognized as XYZ


 Variable memory set to 1000000000 words,  buffer space   230000 words

 SETTING BASIS          =    USERDEF

 DO I                   =        13.00000000   

 Running procedure=VIIP6
 SETTING BASIS          =    USERDEF


 Recomputing integrals since basis changed


 Using spherical harmonics



 PROGRAM * SEWARD (Integral evaluation for generally contracted gaussian basis sets)     Author: Roland Lindh, 1990

 Geometry written to block  1 of record 700

 Orientation using atomic masses  
 Molecule type: Atom
 Symmetry elements: X,Y,Z
 Rotational constants:       0.0000000      0.0000000      0.0000000 GHz  (calculated with average atomic masses)

 Point group  D2h 



 ATOMIC COORDINATES

 NR  ATOM    CHARGE       X              Y              Z

   1  RE     75.00    0.000000000    0.000000000    0.000000000

 NUCLEAR CHARGE:                   75
 NUMBER OF PRIMITIVE AOS:         455
 NUMBER OF SYMMETRY AOS:          370
 NUMBER OF CONTRACTIONS:          136   (  40Ag  +  15B3u +  15B2u +  16B1g +  15B1u +  16B2g +  16B3g +   3Au  )
 NUMBER OF CORE ORBITALS:          34   (   9Ag  +   6B3u +   6B2u +   2B1g +   6B1u +   2B2g +   2B3g +   1Au  )
 NUMBER OF VALENCE ORBITALS:        6   (   3Ag  +   0B3u +   0B2u +   1B1g +   0B1u +   1B2g +   1B3g +   0Au  )


 NUCLEAR REPULSION ENERGY    0.00000000

 One-electron integrals computed with SEWARD

 10nd-order Douglas-Kroll-Hess method activated. McWeeny DKH parametrization is used.

 Computing Douglas-Kroll / X2C integrals

 AO integral compression algorithm  1   Integral accuracy      1.0D-15

     70.517 MB (compressed) written to integral file ( 75.6%)

     Node minimum: 2.359 MB, node maximum: 11.010 MB


 NUMBER OF SORTED TWO-ELECTRON INTEGRALS:     515937.     BUFFER LENGTH:  32768
 NUMBER OF SEGMENTS:   1  SEGMENT LENGTH:     515937      RECORD LENGTH: 524288

 Memory used in sort:       1.07 MW

 SORT1 READ    11748127. AND WROTE      388436. INTEGRALS IN      2 RECORDS. CPU TIME:     0.36 SEC, REAL TIME:     0.39 SEC
 SORT2 READ     4332531. AND WROTE     5740102. INTEGRALS IN     99 RECORDS. CPU TIME:     0.18 SEC, REAL TIME:     0.22 SEC

 Node minimum:      507092.  Node maximum:      538754. integrals

 OPERATOR DM      FOR CENTER  0  COORDINATES:    0.000000    0.000000    0.000000

 EXTRA SYMMETRY OF AOS IN SYMMETRY 1:   1 1 1 1 1 1 1 1 1 1   1 2 3 2 3 2 3 2 3 2   3 2 3 2 3 2 3 2 3 2   3 4 5 6 4 5 6 4 5 6
 EXTRA SYMMETRY OF AOS IN SYMMETRY 2:   1 1 1 1 1 1 1 1 1 2   3 2 3 2 3
 EXTRA SYMMETRY OF AOS IN SYMMETRY 3:   1 1 1 1 1 1 1 1 1 2   3 2 3 2 3
 EXTRA SYMMETRY OF AOS IN SYMMETRY 4:   1 1 1 1 1 1 1 1 1 1   2 3 2 3 2 3
 EXTRA SYMMETRY OF AOS IN SYMMETRY 5:   1 1 1 1 1 1 1 1 1 2   3 2 3 2 3
 EXTRA SYMMETRY OF AOS IN SYMMETRY 6:   1 1 1 1 1 1 1 1 1 1   2 3 2 3 2 3
 EXTRA SYMMETRY OF AOS IN SYMMETRY 7:   1 1 1 1 1 1 1 1 1 1   2 3 2 3 2 3

 Eigenvalues of metric

         1 0.511E-04 0.511E-04 0.139E-03 0.123E-02 0.123E-02 0.253E-02 0.106E-01 0.194E+00
         2 0.522E-03 0.223E-01 0.437E+00 0.437E+00 0.720E+00 0.899E+00 0.997E+00 0.997E+00
         3 0.522E-03 0.223E-01 0.437E+00 0.437E+00 0.720E+00 0.899E+00 0.997E+00 0.997E+00
         4 0.511E-04 0.123E-02 0.282E+00 0.282E+00 0.539E+00 0.891E+00 0.891E+00 0.993E+00
         5 0.522E-03 0.223E-01 0.437E+00 0.437E+00 0.720E+00 0.899E+00 0.997E+00 0.997E+00
         6 0.511E-04 0.123E-02 0.282E+00 0.282E+00 0.539E+00 0.891E+00 0.891E+00 0.993E+00
         7 0.511E-04 0.123E-02 0.282E+00 0.282E+00 0.539E+00 0.891E+00 0.891E+00 0.993E+00
         8 0.437E+00 0.997E+00 0.157E+01


 **********************************************************************************************************************************
 DATASETS  * FILE   NREC   LENGTH (MB)   RECORD NAMES
              1      22       20.53       500      610      700      900      950      970     1000      129      960     1700   
                                          VAR    BASINP    GEOM    SYMINP    ZMAT    AOBASIS   BASIS     P2S    ABASIS    OPER   
                                         1101     1401     1411     1412     1650     1100     1400     1410     1200     1210   
                                          SR      EKINR    POTR     PVPR    MOLCAS      S      EKIN      POT      H0       H01  
                                         1080     1600   
                                         AOSYM     SMH  

 PROGRAMS   *        TOTAL       INT
 CPU TIMES  *        14.06     13.48
 REAL TIME  *        15.72 SEC
 DISK USED  *       138.47 MB      
 GA USED    *         0.00 MB       (max)       0.00 MB       (current)
 **********************************************************************************************************************************


 PROGRAM * RHF-SCF (CLOSED SHELL)       Authors: W. Meyer, H.-J. Werner


 NUMBER OF ELECTRONS:      34+   34-    SPACE SYMMETRY=1    SPIN SYMMETRY: Singlet 
 CONVERGENCE THRESHOLDS:    1.00E-05 (Density)    1.50E-07 (Energy)
 MAX. NUMBER OF ITERATIONS:       60
 INTERPOLATION TYPE:            DIIS
 INTERPOLATION STEPS:              2 (START)      1 (STEP)
 LEVEL SHIFTS:                  0.00 (CLOSED)  0.00 (OPEN) 

 Number of closed-shell orbitals:   34 (   9   6   6   2   6   2   2   1 )


 Orbital guess generated from atomic densities. Full valence occupancy:   12   6   6   3   6   3   3   1


 Molecular orbital dump at record        4202.2

 ITERATION    DDIFF          GRAD             ENERGY        2-EL.EN.            DIPOLE MOMENTS         DIIS   ORB.
    1      0.000D+00      0.000D+00    -16243.79644140  11690.332953    0.00000    0.00000    0.00000    0    start
    2      0.000D+00      0.841D-01    -16244.11224900  11671.071069    0.00000    0.00000    0.00000    1    diag
    3      0.205D+00      0.104D-01    -16244.11629022  11680.138745    0.00000    0.00000    0.00000    2    diag
    4      0.301D-01      0.113D-02    -16244.11638763  11679.095428    0.00000    0.00000    0.00000    3    diag
    5      0.242D-02      0.141D-03    -16244.11638907  11679.245074    0.00000    0.00000    0.00000    4    diag
    6      0.500D-03      0.221D-05    -16244.11638907  11679.246943    0.00000    0.00000    0.00000    5    diag
    7      0.137D-04      0.107D-06    -16244.11638907  11679.246912    0.00000    0.00000    0.00000    6    diag
    8      0.577D-06      0.949D-08    -16244.11638907  11679.246914    0.00000    0.00000    0.00000    0    orth

 Final occupancy:   9   6   6   2   6   2   2   1

 !RHF STATE 1.1 Energy               -16244.1163890713    
 Nuclear energy                         0.00000000
 One-electron energy               -22083.73984594
 Two-electron energy                 5839.62345687
 Virial quotient                       -1.02089170
 !RHF STATE 1.1 Dipole moment           0.00000000     0.00000000     0.00000000
 Dipole moment /Debye                   0.00000000     0.00000000     0.00000000

 ELECTRON ORBITALS
 =================


   Orb  Occ    Energy  Couls-En    Coefficients

                                   1 1s      1 1s      1 1s      1 1s      1 1s      1 1s      1 1s      1 1s      1 1s      1 1s   
                                   1 1s      1 3d0     1 3d2+    1 3d0     1 3d2+    1 3d0     1 3d2+    1 3d0     1 3d2+    1 3d0  
                                   1 3d2+    1 3d0     1 3d2+    1 3d0     1 3d2+    1 3d0     1 3d2+    1 3d0     1 3d2+    1 3d0  
                                   1 3d2+    1 5g0     1 5g4+    1 5g2+    1 5g0     1 5g4+    1 5g2+    1 5g0     1 5g4+    1 5g2+ 


   1.1   2 -2519.6665-5421.5498  1.006416  0.013295  0.147140  0.283862  0.321321 -0.003062 -0.116338  0.107995 -0.071876 -0.396978
                                -0.007378 -0.000000 -0.000000 -0.000000  0.000000 -0.000000  0.000000  0.000000 -0.000000  0.000000
                                -0.000000 -0.000000  0.000000  0.000000 -0.000000  0.000000  0.000000  0.000000 -0.000000  0.000000
                                -0.000000  0.000000 -0.000000  0.000000 -0.000000  0.000000 -0.000000  0.000000 -0.000000  0.000000

   2.1   2  -441.5079-1177.4332  0.020003  0.932972 -0.255135 -0.441189 -0.546652  0.003438  0.216987 -0.204415  0.077329  0.680845
                                 0.013562  0.000000  0.000000  0.000000  0.000000  0.000000  0.000000 -0.000000 -0.000000 -0.000000
                                 0.000000  0.000000 -0.000000 -0.000000 -0.000000  0.000000 -0.000000 -0.000000 -0.000000 -0.000000
                                -0.000000 -0.000000  0.000000 -0.000000  0.000000 -0.000000 -0.000000 -0.000000  0.000000  0.000000

   3.1   2  -106.1325 -417.3146  0.003522  0.148943  1.305603  0.661929  0.873622 -0.004259 -0.360830  0.341880 -0.086541 -1.091548
                                -0.022397  0.000000  0.000000 -0.000000 -0.000000 -0.000000 -0.000000  0.000000  0.000000  0.000000
                                -0.000000 -0.000000  0.000000  0.000000  0.000000 -0.000000  0.000000  0.000000 -0.000000  0.000000
                                 0.000000  0.000000 -0.000000  0.000000 -0.000000  0.000000 -0.000000  0.000000 -0.000000 -0.000000

   4.1   2   -76.8948 -378.4568  0.000000  0.000000  0.000000  0.000000  0.000000 -0.000000 -0.000000  0.000000 -0.000000 -0.000000
                                -0.000000  1.000939 -0.000537  0.055977 -0.000030  0.343724 -0.000185 -0.112740  0.000061 -0.083062
                                 0.000045  0.040154 -0.000022 -0.016083  0.000009  0.038227 -0.000021 -0.392449  0.000211 -0.001920
                                 0.000001  0.000000  0.000000 -0.000000 -0.000000 -0.000000 -0.000000  0.000000  0.000000  0.000000

   5.1   2   -76.8948 -378.4568  0.000000  0.000000  0.000000  0.000000  0.000000 -0.000000 -0.000000  0.000000 -0.000000 -0.000000
                                -0.000000  0.000537  1.000939  0.000030  0.055977  0.000185  0.343724 -0.000061 -0.112740 -0.000045
                                -0.083062  0.000022  0.040154 -0.000009 -0.016083  0.000021  0.038227 -0.000211 -0.392449 -0.000001
                                -0.001920  0.000000  0.000000  0.000000 -0.000000 -0.000000 -0.000000 -0.000000 -0.000000  0.000000

   6.1   2   -25.6499 -180.8628 -0.016767 -0.157392 -0.391696 -0.051720 -1.347334  0.006565  0.563477 -0.534479  0.075122  1.678993
                                 0.034729 -0.000000  0.000000 -0.000000  0.000000  0.000000  0.000000 -0.000000 -0.000000 -0.000000
                                 0.000000  0.000000 -0.000000 -0.000000 -0.000000  0.000000 -0.000000 -0.000000 -0.000000 -0.000000
                                -0.000000 -0.000000  0.000000 -0.000000  0.000000 -0.000000  0.000000 -0.000000  0.000000 -0.000000

   7.1   2   -14.4451 -157.1369 -0.000000 -0.000000 -0.000000 -0.000000  0.000000 -0.000000 -0.000000  0.000000  0.000000 -0.000000
                                -0.000000 -0.003396 -0.000002  0.788484  0.000437 -0.653416 -0.000362  0.236577  0.000131  0.122839
                                 0.000068 -0.049771 -0.000028  0.040957  0.000023  0.034119  0.000019  0.718000  0.000398  0.004119
                                 0.000002  0.000000 -0.000000  0.000000 -0.000000  0.000000 -0.000000  0.000000 -0.000000  0.000000

   8.1   2   -14.4451 -157.1369  0.000000  0.000000  0.000000  0.000000 -0.000000  0.000000  0.000000 -0.000000 -0.000000  0.000000
                                 0.000000  0.000002 -0.003396 -0.000437  0.788484  0.000362 -0.653416 -0.000131  0.236577 -0.000068
                                 0.122839  0.000028 -0.049771 -0.000023  0.040957 -0.000019  0.034119 -0.000398  0.718000 -0.000002
                                 0.004119 -0.000000  0.000000  0.000000  0.000000 -0.000000 -0.000000 -0.000000 -0.000000  0.000000

   9.1   2    -6.7490  -82.0196  0.018067  0.134666  0.398349  1.077064  2.360741 -0.058556 -0.507040  0.414464  0.024012 -1.783275
                                -0.034097  0.000000  0.000000 -0.000000  0.000000 -0.000000  0.000000  0.000000 -0.000000  0.000000
                                -0.000000 -0.000000  0.000000  0.000000 -0.000000 -0.000000 -0.000000  0.000000 -0.000000  0.000000
                                -0.000000 -0.000000  0.000000 -0.000000  0.000000 -0.000000  0.000000 -0.000000 -0.000000 -0.000000

  10.1   0    -2.9951  -59.2080 -0.000000 -0.000000 -0.000000 -0.000000 -0.000000 -0.000000  0.000000 -0.000000  0.000000  0.000000
                                 0.000000 -0.028306 -0.000002 -0.300021 -0.000026 -1.552481 -0.000133  0.542977  0.000047  0.134898
                                 0.000012 -0.006822 -0.000001  0.055104  0.000005  0.157703  0.000014  0.635790  0.000054  0.002775
                                 0.000000 -0.000000 -0.000000 -0.000000 -0.000000 -0.000000  0.000000 -0.000000 -0.000000  0.000000

  11.1   0    -2.9951  -59.2080 -0.000000 -0.000000 -0.000000 -0.000000 -0.000000 -0.000000 -0.000000  0.000000 -0.000000  0.000000
                                -0.000000 -0.000002  0.028306 -0.000026  0.300021 -0.000133  1.552481  0.000047 -0.542977  0.000012
                                -0.134898 -0.000001  0.006822  0.000005 -0.055104  0.000014 -0.157703  0.000054 -0.635790  0.000000
                                -0.002775 -0.000000  0.000000  0.000000 -0.000000 -0.000000  0.000000  0.000000  0.000000 -0.000000

                                   1 2px     1 2px     1 2px     1 2px     1 2px     1 2px     1 2px     1 2px     1 2px     1 4f1+ 
                                   1 4f3+    1 4f1+    1 4f3+    1 4f1+    1 4f3+ 

   1.2   2  -412.2014-1135.9192  1.005139  0.013215  0.195688  0.203576 -0.035282  0.010805 -0.128449 -0.179391  0.000129  0.000000
                                 0.000000 -0.000000 -0.000000  0.000000  0.000000

   2.2   2   -95.7511 -403.5572  0.023927  0.899007 -0.408537 -0.412784  0.071395 -0.021704  0.264119  0.363916 -0.000293  0.000000
                                 0.000000 -0.000000 -0.000000  0.000000  0.000000

   3.2   2   -21.6413 -173.7343  0.004480  0.184881  1.539235  0.580560 -0.098615  0.028483 -0.392598 -0.516944  0.000688 -0.000000
                                -0.000000 -0.000000  0.000000  0.000000 -0.000000

   4.2   2    -5.8339 -131.4341 -0.000000 -0.000000 -0.000000  0.000000 -0.000000  0.000000  0.000000  0.000000 -0.000000  1.000448
                                -0.002096 -0.006776  0.000014  0.001454 -0.000003

   5.2   2    -5.8339 -131.4341 -0.000000 -0.000000 -0.000000 -0.000000 -0.000000  0.000000  0.000000  0.000000 -0.000000  0.002096
                                 1.000448 -0.000014 -0.006776  0.000003  0.001454

   6.2   2    -5.4073  -75.7657 -0.007799 -0.118841 -0.375942  0.475851 -0.063217  0.032132  0.258798  0.464713 -0.002381 -0.000000
                                -0.000000 -0.000000 -0.000000  0.000000  0.000000

   7.2   0    -2.0452  -36.1803  0.017467  0.176756  0.758092  1.452102  0.864856 -0.005380 -0.224788 -1.378667 -0.022715  0.000000
                                 0.000000  0.000000  0.000000 -0.000000 -0.000000

   8.2   0    -1.4443  -27.3925  0.000000  0.000000  0.000000  0.000000 -0.000000 -0.000000  0.000000 -0.000000  0.000000 -0.062068
                                -0.000100  0.919185  0.001487  0.136850  0.000221

                                   1 2py     1 2py     1 2py     1 2py     1 2py     1 2py     1 2py     1 2py     1 2py     1 4f1- 
                                   1 4f3-    1 4f1-    1 4f3-    1 4f1-    1 4f3- 

   1.3   2  -412.2014-1135.9192  1.005139  0.013215  0.195688  0.203576 -0.035282  0.010805 -0.128449 -0.179391  0.000129  0.000000
                                -0.000000 -0.000000  0.000000  0.000000 -0.000000

   2.3   2   -95.7511 -403.5572  0.023927  0.899007 -0.408537 -0.412784  0.071395 -0.021704  0.264119  0.363916 -0.000293  0.000000
                                -0.000000 -0.000000  0.000000  0.000000 -0.000000

   3.3   2   -21.6413 -173.7343  0.004480  0.184881  1.539235  0.580560 -0.098615  0.028483 -0.392598 -0.516944  0.000688 -0.000000
                                 0.000000 -0.000000 -0.000000  0.000000  0.000000

   4.3   2    -5.8339 -131.4341 -0.000000 -0.000000 -0.000000  0.000000 -0.000000  0.000000  0.000000  0.000000 -0.000000  1.000448
                                 0.002055 -0.006776 -0.000014  0.001454  0.000003

   5.3   2    -5.8339 -131.4341  0.000000  0.000000  0.000000  0.000000  0.000000 -0.000000 -0.000000 -0.000000  0.000000 -0.002055
                                 1.000448  0.000014 -0.006776 -0.000003  0.001454

   6.3   2    -5.4073  -75.7657 -0.007799 -0.118841 -0.375942  0.475851 -0.063217  0.032132  0.258798  0.464713 -0.002381 -0.000000
                                 0.000000 -0.000000  0.000000  0.000000 -0.000000

   7.3   0    -2.0452  -36.1803  0.017467  0.176756  0.758092  1.452102  0.864856 -0.005380 -0.224788 -1.378667 -0.022715  0.000000
                                -0.000000  0.000000 -0.000000 -0.000000  0.000000

   8.3   0    -1.4443  -27.3925  0.000000  0.000000  0.000000  0.000000 -0.000000 -0.000000  0.000000 -0.000000  0.000000 -0.062068
                                 0.000079  0.919185 -0.001173  0.136850 -0.000175

                                   1 3d2-    1 3d2-    1 3d2-    1 3d2-    1 3d2-    1 3d2-    1 3d2-    1 3d2-    1 3d2-    1 3d2- 
                                   1 5g2-    1 5g4-    1 5g2-    1 5g4-    1 5g2-    1 5g4- 

   1.4   2   -76.8948 -378.4568  1.000939  0.055977  0.343724 -0.112740 -0.083062  0.040154 -0.016083  0.038227 -0.392449 -0.001920
                                 0.000000 -0.000000 -0.000000  0.000000  0.000000 -0.000000

   2.4   2   -14.4451 -157.1369 -0.003396  0.788485 -0.653416  0.236577  0.122839 -0.049771  0.040957  0.034119  0.718001  0.004119
                                 0.000000  0.000000 -0.000000 -0.000000  0.000000  0.000000

   3.4   0    -2.9951  -59.2080  0.028306  0.300021  1.552481 -0.542977 -0.134898  0.006822 -0.055104 -0.157703 -0.635790 -0.002775
                                 0.000000  0.000000  0.000000 -0.000000 -0.000000 -0.000000

   4.4   0    -1.5205  -29.6264 -0.094962 -0.768728 -0.863366  1.457288  0.290009  0.061930  0.149587  0.565044  1.177984 -0.031354
                                -0.000000 -0.000000  0.000000 -0.000000  0.000000 -0.000000

                                   1 2pz     1 2pz     1 2pz     1 2pz     1 2pz     1 2pz     1 2pz     1 2pz     1 2pz     1 4f0  
                                   1 4f2+    1 4f0     1 4f2+    1 4f0     1 4f2+ 

   1.5   2  -412.2014-1135.9192  1.005139  0.013215  0.195688  0.203576 -0.035282  0.010805 -0.128449 -0.179391  0.000129  0.000000
                                 0.000000 -0.000000  0.000000  0.000000 -0.000000

   2.5   2   -95.7511 -403.5572  0.023927  0.899007 -0.408537 -0.412784  0.071395 -0.021704  0.264119  0.363916 -0.000293  0.000000
                                -0.000000 -0.000000  0.000000  0.000000  0.000000

   3.5   2   -21.6413 -173.7343  0.004480  0.184881  1.539235  0.580560 -0.098615  0.028483 -0.392598 -0.516944  0.000688  0.000000
                                 0.000000 -0.000000 -0.000000  0.000000  0.000000

   4.5   2    -5.8339 -131.4341  0.000000  0.000000  0.000000 -0.000000  0.000000 -0.000000 -0.000000 -0.000000  0.000000  1.000450
                                -0.000043 -0.006776  0.000000  0.001454 -0.000000

   5.5   2    -5.8339 -131.4341  0.000000  0.000000  0.000000  0.000000  0.000000 -0.000000 -0.000000 -0.000000  0.000000  0.000043
                                 1.000450 -0.000000 -0.006776  0.000000  0.001454

   6.5   2    -5.4073  -75.7657 -0.007799 -0.118841 -0.375942  0.475851 -0.063217  0.032132  0.258798  0.464713 -0.002381  0.000000
                                -0.000000  0.000000 -0.000000 -0.000000  0.000000

   7.5   0    -2.0452  -36.1803  0.017467  0.176756  0.758092  1.452102  0.864856 -0.005380 -0.224788 -1.378667 -0.022715 -0.000000
                                 0.000000  0.000000 -0.000000 -0.000000  0.000000

   8.5   0    -1.4443  -27.3925  0.000000  0.000000  0.000000 -0.000000 -0.000000 -0.000000 -0.000000 -0.000000  0.000000 -0.062068
                                -0.000028  0.919186  0.000413  0.136850  0.000061

                                   1 3d1+    1 3d1+    1 3d1+    1 3d1+    1 3d1+    1 3d1+    1 3d1+    1 3d1+    1 3d1+    1 3d1+ 
                                   1 5g1+    1 5g3+    1 5g1+    1 5g3+    1 5g1+    1 5g3+ 

   1.6   2   -76.8948 -378.4568  1.000939  0.055977  0.343724 -0.112740 -0.083062  0.040154 -0.016083  0.038227 -0.392449 -0.001920
                                 0.000000 -0.000000 -0.000000  0.000000  0.000000 -0.000000

   2.6   2   -14.4451 -157.1369 -0.003396  0.788485 -0.653416  0.236577  0.122839 -0.049771  0.040957  0.034119  0.718001  0.004119
                                 0.000000  0.000000 -0.000000 -0.000000  0.000000  0.000000

   3.6   0    -2.9951  -59.2080  0.028306  0.300021  1.552481 -0.542977 -0.134898  0.006822 -0.055104 -0.157703 -0.635790 -0.002775
                                 0.000000 -0.000000  0.000000 -0.000000  0.000000 -0.000000

   4.6   0    -1.5205  -29.6264 -0.094962 -0.768728 -0.863366  1.457288  0.290009  0.061930  0.149587  0.565044  1.177984 -0.031354
                                -0.000000 -0.000000  0.000000  0.000000  0.000000  0.000000

                                   1 3d1-    1 3d1-    1 3d1-    1 3d1-    1 3d1-    1 3d1-    1 3d1-    1 3d1-    1 3d1-    1 3d1- 
                                   1 5g1-    1 5g3-    1 5g1-    1 5g3-    1 5g1-    1 5g3- 

   1.7   2   -76.8948 -378.4568  1.000939  0.055977  0.343724 -0.112740 -0.083062  0.040154 -0.016083  0.038227 -0.392449 -0.001920
                                 0.000000  0.000000 -0.000000 -0.000000  0.000000  0.000000

   2.7   2   -14.4451 -157.1369 -0.003396  0.788485 -0.653416  0.236577  0.122839 -0.049771  0.040957  0.034119  0.718001  0.004119
                                 0.000000 -0.000000 -0.000000  0.000000  0.000000 -0.000000

   3.7   0    -2.9951  -59.2080  0.028306  0.300021  1.552481 -0.542977 -0.134898  0.006822 -0.055104 -0.157703 -0.635790 -0.002775
                                 0.000000  0.000000  0.000000  0.000000  0.000000  0.000000

   4.7   0    -1.5205  -29.6264 -0.094962 -0.768728 -0.863366  1.457288  0.290009  0.061930  0.149587  0.565044  1.177984 -0.031354
                                -0.000000  0.000000  0.000000 -0.000000  0.000000 -0.000000

                                   1 4f2-    1 4f2-    1 4f2- 

   1.8   2    -5.8339 -131.4341  1.000450 -0.006776  0.001454

   2.8   0    -1.4443  -27.3925 -0.062068  0.919186  0.136850

   3.8   0    -0.9029  -17.0884  0.039399 -0.788269  1.200104

 HOMO      6.5    -5.407267 =    -147.1392eV
 LUMO     10.1    -2.995132 =     -81.5017eV
 LUMO-HOMO         2.412135 =      65.6375eV


 **********************************************************************************************************************************
 DATASETS  * FILE   NREC   LENGTH (MB)   RECORD NAMES
              1      22       20.53       500      610      700      900      950      970     1000      129      960     1700   
                                          VAR    BASINP    GEOM    SYMINP    ZMAT    AOBASIS   BASIS     P2S    ABASIS    OPER   
                                         1101     1401     1411     1412     1650     1100     1400     1410     1200     1210   
                                          SR      EKINR    POTR     PVPR    MOLCAS      S      EKIN      POT      H0       H01  
                                         1080     1600   
                                         AOSYM     SMH  

              2       5        5.45       200      700     1000      520     4202   
                                        OPTIONS   GEOM     BASIS   MCVARS     RHF  

 PROGRAMS   *        TOTAL       RHF       INT
 CPU TIMES  *        14.34      0.28     13.48
 REAL TIME  *        16.20 SEC
 DISK USED  *       427.47 MB      
 SF USED    *         0.01 MB      
 GA USED    *         0.00 MB       (max)       0.00 MB       (current)
 **********************************************************************************************************************************


 PROGRAM * POP (Mulliken population analysis)

 
 Density matrix read from record         4202.2  Type=RHF/CHARGE (state 1.1)
 
 Population analysis by basis function type

 Unique atom        s        p        d        f        g    Total    Charge
   1  RE     10.00000 24.00000 20.00000 14.00000  0.00000 68.00000  + 7.00000


 **********************************************************************************************************************************
 DATASETS  * FILE   NREC   LENGTH (MB)   RECORD NAMES
              1      22       20.53       500      610      700      900      950      970     1000      129      960     1700   
                                          VAR    BASINP    GEOM    SYMINP    ZMAT    AOBASIS   BASIS     P2S    ABASIS    OPER   
                                         1101     1401     1411     1412     1650     1100     1400     1410     1200     1210   
                                          SR      EKINR    POTR     PVPR    MOLCAS      S      EKIN      POT      H0       H01  
                                         1080     1600   
                                         AOSYM     SMH  

              2       5        5.45       200      700     1000      520     4202   
                                        OPTIONS   GEOM     BASIS   MCVARS     RHF  

 PROGRAMS   *        TOTAL       POP       RHF       INT
 CPU TIMES  *        14.34      0.00      0.28     13.48
 REAL TIME  *        16.23 SEC
 DISK USED  *       427.47 MB      
 SF USED    *         0.01 MB      
 GA USED    *         0.00 MB       (max)       0.00 MB       (current)
 **********************************************************************************************************************************
 SETTING BASIS          =    USERDEF


 Recomputing integrals since basis changed


 Using spherical harmonics



 PROGRAM * SEWARD (Integral evaluation for generally contracted gaussian basis sets)     Author: Roland Lindh, 1990

 Geometry written to block  1 of record 700

 Orientation using atomic masses  
 Molecule type: Atom
 Symmetry elements: X,Y,Z
 Rotational constants:       0.0000000      0.0000000      0.0000000 GHz  (calculated with average atomic masses)

 Point group  D2h 



 ATOMIC COORDINATES

 NR  ATOM    CHARGE       X              Y              Z

   1  RE     75.00    0.000000000    0.000000000    0.000000000

 NUCLEAR CHARGE:                   75
 NUMBER OF PRIMITIVE AOS:         455
 NUMBER OF SYMMETRY AOS:          370
 NUMBER OF CONTRACTIONS:          370   (  88Ag  +  61B3u +  61B2u +  28B1g +  61B1u +  28B2g +  28B3g +  15Au  )
 NUMBER OF CORE ORBITALS:          34   (   9Ag  +   6B3u +   6B2u +   2B1g +   6B1u +   2B2g +   2B3g +   1Au  )
 NUMBER OF VALENCE ORBITALS:        6   (   3Ag  +   0B3u +   0B2u +   1B1g +   0B1u +   1B2g +   1B3g +   0Au  )


 NUCLEAR REPULSION ENERGY    0.00000000

 One-electron integrals computed with SEWARD

 10nd-order Douglas-Kroll-Hess method activated. McWeeny DKH parametrization is used.

 Computing Douglas-Kroll / X2C integrals

 AO integral compression algorithm  1   Integral accuracy      1.0D-15

     2358.510 MB (compressed) written to integral file ( 47.5%)

     Node minimum: 95.683 MB, node maximum: 312.476 MB


 NUMBER OF SORTED TWO-ELECTRON INTEGRALS:   27596060.     BUFFER LENGTH:  32768
 NUMBER OF SEGMENTS:   1  SEGMENT LENGTH:   27596060      RECORD LENGTH: 524288

 Memory used in sort:      28.15 MW

 SORT1 READ   620842336. AND WROTE    17439919. INTEGRALS IN     50 RECORDS. CPU TIME:    16.39 SEC, REAL TIME:    18.32 SEC
 SORT2 READ   190734154. AND WROTE   304061875. INTEGRALS IN   9273 RECORDS. CPU TIME:     2.13 SEC, REAL TIME:     5.80 SEC

 Node minimum:    27596060.  Node maximum:    27763322. integrals

 OPERATOR DM      FOR CENTER  0  COORDINATES:    0.000000    0.000000    0.000000

 EXTRA SYMMETRY OF AOS IN SYMMETRY 1:   1 1 1 1 1 1 1 1 1 1   1 1 1 1 1 1 1 1 1 1   1 1 1 1 1 1 1 1 1 1   1 1 1 1 1 1 1 1 1 1
                                        1 1 1 1 1 1 1 1 1 1   1 1 1 1 1 1 1 1 1 1   1 1 1 1 1 1 1 1 1 1   1 1 1 1 1 1 1 1 1 2
                                        3 4 2 3 4 2 3 4
 EXTRA SYMMETRY OF AOS IN SYMMETRY 2:   1 1 1 1 1 1 1 1 1 1   1 1 1 1 1 1 1 1 1 1   1 1 1 1 1 1 1 1 1 1   1 2 3 2 3 2 3 2 3 2
                                        3 2 3 2 3 2 3 2 3 2   3 2 3 2 3 2 3 2 3 2   3
 EXTRA SYMMETRY OF AOS IN SYMMETRY 3:   1 1 1 1 1 1 1 1 1 1   1 1 1 1 1 1 1 1 1 1   1 1 1 1 1 1 1 1 1 1   1 2 3 2 3 2 3 2 3 2
                                        3 2 3 2 3 2 3 2 3 2   3 2 3 2 3 2 3 2 3 2   3
 EXTRA SYMMETRY OF AOS IN SYMMETRY 4:   1 1 1 1 1 1 1 1 1 1   1 1 1 1 1 1 1 1 1 1   1 1 2 3 2 3 2 3
 EXTRA SYMMETRY OF AOS IN SYMMETRY 5:   1 1 1 1 1 1 1 1 1 1   1 1 1 1 1 1 1 1 1 1   1 1 1 1 1 1 1 1 1 1   1 2 3 2 3 2 3 2 3 2
                                        3 2 3 2 3 2 3 2 3 2   3 2 3 2 3 2 3 2 3 2   3
 EXTRA SYMMETRY OF AOS IN SYMMETRY 6:   1 1 1 1 1 1 1 1 1 1   1 1 1 1 1 1 1 1 1 1   1 1 2 3 2 3 2 3
 EXTRA SYMMETRY OF AOS IN SYMMETRY 7:   1 1 1 1 1 1 1 1 1 1   1 1 1 1 1 1 1 1 1 1   1 1 2 3 2 3 2 3

 Eigenvalues of metric

         1 0.694E-06 0.139E-04 0.139E-04 0.237E-04 0.481E-04 0.143E-03 0.143E-03 0.146E-03
         2 0.469E-06 0.114E-04 0.100E-03 0.100E-03 0.132E-03 0.442E-03 0.112E-02 0.146E-02
         3 0.469E-06 0.114E-04 0.100E-03 0.100E-03 0.132E-03 0.442E-03 0.112E-02 0.146E-02
         4 0.139E-04 0.143E-03 0.607E-03 0.227E-02 0.654E-02 0.151E-01 0.281E-01 0.503E-01
         5 0.469E-06 0.114E-04 0.100E-03 0.100E-03 0.132E-03 0.442E-03 0.112E-02 0.146E-02
         6 0.139E-04 0.143E-03 0.607E-03 0.227E-02 0.654E-02 0.151E-01 0.281E-01 0.503E-01
         7 0.139E-04 0.143E-03 0.607E-03 0.227E-02 0.654E-02 0.151E-01 0.281E-01 0.503E-01
         8 0.100E-03 0.146E-02 0.736E-02 0.189E-01 0.417E-01 0.101E+00 0.199E+00 0.345E+00


 **********************************************************************************************************************************
 DATASETS  * FILE   NREC   LENGTH (MB)   RECORD NAMES
              1      22       21.46       500      610      700      900      950      970     1001      129      960     1700   
                                          VAR    BASINP    GEOM    SYMINP    ZMAT    AOBASIS   BASIS     P2S    ABASIS    OPER   
                                         1101     1401     1411     1412     1650     1100     1400     1410     1200     1210   
                                          SR      EKINR    POTR     PVPR    MOLCAS      S      EKIN      POT      H0       H01  
                                         1080     1600   
                                         AOSYM     SMH  

              2       6        5.58       200      700     1000      520     4202     1001   
                                        OPTIONS   GEOM     BASIS   MCVARS     RHF     BASIS   

 PROGRAMS   *        TOTAL       INT       POP       RHF       INT
 CPU TIMES  *       128.27    113.86      0.00      0.28     13.48
 REAL TIME  *       137.59 SEC
 DISK USED  *         4.96 GB      
 SF USED    *         0.01 MB      
 GA USED    *         0.00 MB       (max)       0.00 MB       (current)
 **********************************************************************************************************************************


 PROGRAM * MULTI (Direct Multiconfiguration SCF)       Authors: P.J. Knowles, H.-J. Werner (1984)     S.T. Elbert (1988)


 Number of closed-shell orbitals:  34 (   9   6   6   2   6   2   2   1 )
 Number of active  orbitals:        0 (   0   0   0   0   0   0   0   0 )
 Number of external orbitals:     336 (  79  55  55  26  55  26  26  14 )

 State symmetry 1

 Number of electrons:     0    Spin symmetry=Singlet   Space symmetry=1
 Number of states:        1
 Number of CSFs:          1   (1 determinants, 1 intermediate states)

 State symmetry 1

 Number of electrons:   -68    Spin symmetry=Singlet   Space symmetry=1
 Number of states:        1
 Number of CSFs:          0   (1 determinants, 0 intermediate states)

 Molecular orbitals read from record     4202.2  Type=RHF/CANONICAL (state 1.1)
 
 Present basis size:      88  61  61  28  61  28  28  15
 Previous basis size:     40  15  15  16  15  16  16   3
 Previous occupation:      9   6   6   2   6   2   2   1
 Previous closed-shells:   9   6   6   2   6   2   2   1
 Previous core-orbitals:   9   6   6   2   6   2   2   1
 Present occupation:       9   6   6   2   6   2   2   1
 Present closed-shells:    9   6   6   2   6   2   2   1
 Present core-orbitals:    9   6   6   2   6   2   2   1
 Wavefunction symmetry:    1   Singlet 

 Orbital overlap <old|new>:  < 1.1| 1.1> = 1.000000   < 2.1| 2.1> = 1.000000   < 3.1| 3.1> = 1.000000   < 4.1| 4.1> = 1.000000
                             < 5.1| 5.1> = 1.000000   < 6.1| 6.1> = 1.000000   < 7.1| 7.1> = 1.000000   < 8.1| 8.1> = 1.000000
                             < 9.1| 9.1> = 1.000000   < 1.2| 1.2> = 1.000000   < 2.2| 2.2> = 1.000000   < 3.2| 3.2> = 1.000000
                             < 4.2| 4.2> = 1.000000   < 5.2| 5.2> = 1.000000   < 6.2| 6.2> = 1.000000   < 1.3| 1.3> = 1.000000
                             < 2.3| 2.3> = 1.000000   < 3.3| 3.3> = 1.000000   < 4.3| 4.3> = 1.000000   < 5.3| 5.3> = 1.000000
                             < 6.3| 6.3> = 1.000000   < 1.4| 1.4> = 1.000000   < 2.4| 2.4> = 1.000000   < 1.5| 1.5> = 1.000000
                             < 2.5| 2.5> = 1.000000   < 3.5| 3.5> = 1.000000   < 4.5| 4.5> = 1.000000   < 5.5| 5.5> = 1.000000
                             < 6.5| 6.5> = 1.000000   < 1.6| 1.6> = 1.000000   < 2.6| 2.6> = 1.000000   < 1.7| 1.7> = 1.000000
                             < 2.7| 2.7> = 1.000000   < 1.8| 1.8> = 1.000000

 EXTRA SYMMETRY OF MOS IN SYMMETRY 1:   1 1 1 1 1 1 1 1 1 1   1 1 1 1 1 1 1 4 2 3   1 1 1 1 1 1 4 2 3 1   1 1 1 1 1 4 3 2 1 1
                                        1 1 1 1 1 1 1 1 1 1   1 1 1 1 1 1 1 1 1 1   1 1 1 1 1 1 1 1 1 1   1 1 1 1 1 1 1 1 1 1
                                        1 1 1 1 1 1 1 1
 *** IN SYMMETRY 2 ORBITAL  4 SYMMETRY CONTAMINATION OF 0.209D-02 HAS BEEN REMOVED
 *** IN SYMMETRY 2 ORBITAL  5 SYMMETRY CONTAMINATION OF 0.209D-02 HAS BEEN REMOVED
 EXTRA SYMMETRY OF MOS IN SYMMETRY 2:   1 1 1 2 3 1 1 3 2 3   2 1 3 2 1 3 2 1 3 2   1 2 3 1 2 3 3 2 1 1   2 3 1 2 3 1 1 3 2 1
                                        1 2 3 1 2 3 1 3 2 1   1 1 1 1 1 1 1 1 1 1   1
 *** IN SYMMETRY 3 ORBITAL  4 SYMMETRY CONTAMINATION OF 0.205D-02 HAS BEEN REMOVED
 *** IN SYMMETRY 3 ORBITAL  5 SYMMETRY CONTAMINATION OF 0.205D-02 HAS BEEN REMOVED
 EXTRA SYMMETRY OF MOS IN SYMMETRY 3:   1 1 1 2 3 1 1 3 2 3   2 1 3 2 1 3 2 1 3 2   1 2 3 1 3 2 3 2 1 1   2 3 1 2 3 1 1 2 3 1
                                        1 3 2 1 2 3 1 3 2 1   1 1 1 1 1 1 1 1 1 1   1
 EXTRA SYMMETRY OF MOS IN SYMMETRY 4:   1 1 1 1 1 2 3 1 1 3   2 1 1 2 3 1 1 1 1 1   1 1 1 1 1 1 1 1
 *** IN SYMMETRY 5 ORBITAL  4 SYMMETRY CONTAMINATION OF 0.430D-04 HAS BEEN REMOVED
 *** IN SYMMETRY 5 ORBITAL  5 SYMMETRY CONTAMINATION OF 0.430D-04 HAS BEEN REMOVED
 EXTRA SYMMETRY OF MOS IN SYMMETRY 5:   1 1 1 2 3 1 1 3 2 2   3 1 3 2 1 2 3 1 2 3   1 2 3 1 2 3 2 3 1 1   2 3 1 2 3 1 1 2 3 1
                                        1 3 2 1 3 2 1 2 3 1   1 1 1 1 1 1 1 1 1 1   1
 EXTRA SYMMETRY OF MOS IN SYMMETRY 6:   1 1 1 1 1 2 3 1 1 2   3 1 1 2 3 1 1 1 1 1   1 1 1 1 1 1 1 1
 EXTRA SYMMETRY OF MOS IN SYMMETRY 7:   1 1 1 1 1 2 3 1 1 3   2 1 1 3 2 1 1 1 1 1   1 1 1 1 1 1 1 1

 Wavefunction dump at record             5202.2

 Convergence thresholds  0.10E-01 (gradient)  0.14E-05 (energy)  0.10E-02 (step length)

 Number of orbital rotations:     1871   (     0 Core/Active   1871 Core/Virtual   0 Active/Active      0 Active/Virtual)
 Total number of variables:       1872


 ITER. MIC  NCI  NEG     ENERGY(VAR)     ENERGY(PROJ)   ENERGY CHANGE     GRAD(0)  GRAD(ORB)   GRAD(CI)     STEP       TIME

   1   43    4    0  -16244.11638907  -16682.22795483 -438.11156576   *********** 0.06606932 0.00000000  0.35D+00      5.50
   2   50    4    0  -16679.90792800  -16680.02536990   -0.11744190   13.13678186 0.00022846 0.00000000  0.41D-01     11.32
   3   40    4    0  -16680.02590921  -16680.02591814   -0.00000893    0.02762348 0.00002034 0.00000000  0.55D-03     18.81
   4   40    4    0  -16680.02591814  -16680.02591814   -0.00000000    0.00002103 0.00000001 0.00000000  0.58D-06     23.25

 ** WVFN ****  CONVERGENCE REACHED, FINAL GRADIENT:  0.95D-08


 First order charge density matrix for state 1.1 saved on record  5202.2 (density set 1)

 Results for state 1.1
 =====================

 !MCSCF STATE 1.1 Energy             -16680.0259181383    
 Nuclear energy                         0.00000000
 Kinetic energy                     23938.34709001
 One electron energy               -22644.97014371
 Two electron energy                 5964.94422558
 Virial ratio                           1.69679105

 !MCSCF STATE 1.1 Dipole moment         0.00000000     0.00000000     0.00000000
 Dipole moment /Debye                   0.00000000     0.00000000     0.00000000


 NATURAL ORBITALS
 ================

   Orb     Occ        Energy       Coefficients

                                   1 1s      1 1s      1 1s      1 1s      1 1s      1 1s      1 1s      1 1s      1 1s      1 1s   
                                   1 1s      1 1s      1 1s      1 1s      1 1s      1 1s      1 1s      1 1s      1 1s      1 1s   
                                   1 1s      1 1s      1 1s      1 1s      1 1s      1 1s      1 1s      1 1s      1 1s      1 1s   
                                   1 1s      1 1s      1 1s      1 1s      1 1s      1 3d0     1 3d2+    1 3d0     1 3d2+    1 3d0  
                                   1 3d2+    1 3d0     1 3d2+    1 3d0     1 3d2+    1 3d0     1 3d2+    1 3d0     1 3d2+    1 3d0  
                                   1 3d2+    1 3d0     1 3d2+    1 3d0     1 3d2+    1 3d0     1 3d2+    1 3d0     1 3d2+    1 3d0  
                                   1 3d2+    1 3d0     1 3d2+    1 3d0     1 3d2+    1 3d0     1 3d2+    1 3d0     1 3d2+    1 3d0  
                                   1 3d2+    1 3d0     1 3d2+    1 3d0     1 3d2+    1 3d0     1 3d2+    1 3d0     1 3d2+    1 5g0  
                                   1 5g4+    1 5g2+    1 5g0     1 5g4+    1 5g2+    1 5g0     1 5g4+    1 5g2+ 

   1.1  2.00000 -2652.494316     0.000018  0.000048  0.000129  0.000289  0.000592  0.001122  0.002033  0.003572  0.006190  0.010672
                                 0.018448  0.032058  0.055963  0.097062  0.162473  0.245313  0.292027  0.215628  0.067238  0.004618
                                 0.000259 -0.000103 -0.000022  0.000008 -0.000010  0.000025  0.000079 -0.000017 -0.000007  0.000000
                                -0.000000  0.000000 -0.000085  0.000013 -0.000000  0.000000  0.000000 -0.000000 -0.000000 -0.000000
                                 0.000000  0.000000 -0.000000 -0.000000  0.000000 -0.000000 -0.000000  0.000000  0.000000 -0.000000
                                -0.000000  0.000000 -0.000000 -0.000000 -0.000000  0.000000  0.000000 -0.000000 -0.000000 -0.000000
                                -0.000000 -0.000000 -0.000000  0.000000  0.000000  0.000000  0.000000 -0.000000 -0.000000  0.000000
                                 0.000000 -0.000000 -0.000000  0.000000  0.000000 -0.000000 -0.000000  0.000000  0.000000  0.000000
                                 0.000000  0.000000  0.000000  0.000000  0.000000  0.000000  0.000000  0.000000

   2.1  2.00000  -468.099041    -0.000007 -0.000018 -0.000049 -0.000110 -0.000226 -0.000428 -0.000776 -0.001367 -0.002379 -0.004128
                                -0.007204 -0.012707 -0.022692 -0.040843 -0.072578 -0.121274 -0.168558 -0.135846  0.100156  0.455994
                                 0.456626  0.141516  0.009320  0.000053  0.000132 -0.000561 -0.001718  0.000369  0.000150 -0.000010
                                 0.000006 -0.000002  0.001840 -0.000299  0.000001 -0.000000 -0.000000  0.000000  0.000000  0.000000
                                -0.000000 -0.000000  0.000000  0.000000 -0.000000 -0.000000  0.000000  0.000000 -0.000000 -0.000000
                                 0.000000  0.000000 -0.000000 -0.000000  0.000000  0.000000 -0.000000 -0.000000  0.000000  0.000000
                                -0.000000  0.000000  0.000000 -0.000000 -0.000000 -0.000000 -0.000000  0.000000  0.000000 -0.000000
                                -0.000000  0.000000  0.000000 -0.000000  0.000000  0.000000  0.000000 -0.000000 -0.000000  0.000000
                                 0.000000  0.000000  0.000000  0.000000  0.000000  0.000000  0.000000  0.000000

   3.1  2.00000  -113.444473     0.000003  0.000009  0.000023  0.000052  0.000107  0.000203  0.000369  0.000651  0.001133  0.001968
                                 0.003440  0.006084  0.010902  0.019753  0.035443  0.060349  0.086292  0.071405 -0.077055 -0.394538
                                -0.527131  0.042307  0.773169  0.465533  0.053684  0.007274  0.014398 -0.002932 -0.001137  0.000074
                                -0.000044  0.000018 -0.015558  0.002277 -0.000005 -0.000000 -0.000000 -0.000000  0.000000 -0.000000
                                 0.000000  0.000000 -0.000000  0.000000 -0.000000 -0.000000  0.000000  0.000000 -0.000000 -0.000000
                                 0.000000  0.000000 -0.000000 -0.000000  0.000000  0.000000 -0.000000 -0.000000  0.000000  0.000000
                                -0.000000  0.000000 -0.000000 -0.000000  0.000000  0.000000  0.000000 -0.000000 -0.000000  0.000000
                                 0.000000 -0.000000 -0.000000 -0.000000  0.000000 -0.000000 -0.000000  0.000000  0.000000  0.000000
                                 0.000000  0.000000  0.000000  0.000000  0.000000  0.000000  0.000000  0.000000

   4.1  2.00000   -75.459677    -0.000000  0.000000 -0.000000  0.000000 -0.000000  0.000000 -0.000000  0.000000 -0.000000  0.000000
                                -0.000000  0.000000  0.000000 -0.000000  0.000000 -0.000000  0.000000 -0.000000  0.000000 -0.000000
                                 0.000000 -0.000000  0.000000 -0.000000  0.000000 -0.000000 -0.000000  0.000000  0.000000 -0.000000
                                 0.000000 -0.000000  0.000000 -0.000000  0.000000  0.000028 -0.000003  0.000171 -0.000017  0.000960
                                -0.000095  0.004439 -0.000440  0.016888 -0.001674  0.051186 -0.005074  0.125223 -0.012414  0.235177
                                -0.023314  0.326849 -0.032402  0.291384 -0.028887  0.133699 -0.013254  0.026725 -0.002649  0.001318
                                -0.000131 -0.001047  0.000104  0.000288 -0.000029  0.000275 -0.000027 -0.000021  0.000002  0.000006
                                -0.000001 -0.000002  0.000000  0.001645 -0.000163 -0.000369  0.000037  0.000001 -0.000000  0.000000
                                 0.000000  0.000000  0.000000  0.000000  0.000000  0.000000  0.000000  0.000000

   5.1  2.00000   -75.459677     0.000000 -0.000000  0.000000 -0.000000  0.000000 -0.000000  0.000000 -0.000000  0.000000 -0.000000
                                 0.000000 -0.000000  0.000000 -0.000000  0.000000 -0.000000  0.000000 -0.000000  0.000000 -0.000000
                                 0.000000 -0.000000  0.000000 -0.000000  0.000000 -0.000000 -0.000000  0.000000  0.000000 -0.000000
                                 0.000000 -0.000000  0.000000 -0.000000  0.000000  0.000003  0.000028  0.000017  0.000171  0.000095
                                 0.000960  0.000440  0.004439  0.001674  0.016888  0.005074  0.051186  0.012414  0.125223  0.023314
                                 0.235177  0.032402  0.326849  0.028887  0.291384  0.013254  0.133699  0.002649  0.026725  0.000131
                                 0.001318 -0.000104 -0.001047  0.000029  0.000288  0.000027  0.000275 -0.000002 -0.000021  0.000001
                                 0.000006 -0.000000 -0.000002  0.000163  0.001645 -0.000037 -0.000369  0.000000  0.000001  0.000000
                                 0.000000  0.000000  0.000000  0.000000  0.000000  0.000000  0.000000  0.000000

   6.1  2.00000   -27.710935    -0.000002 -0.000004 -0.000012 -0.000026 -0.000053 -0.000100 -0.000182 -0.000321 -0.000559 -0.000971
                                -0.001697 -0.003004 -0.005387 -0.009776 -0.017583 -0.030069 -0.043317 -0.036041  0.042243  0.226041
                                 0.325026 -0.045228 -0.851225 -0.616906  0.628545  0.863339  0.272332 -0.039966 -0.017524  0.001195
                                -0.000708  0.000298 -0.133058  0.035787 -0.000081 -0.000000  0.000000  0.000000 -0.000000 -0.000000
                                -0.000000  0.000000  0.000000 -0.000000 -0.000000  0.000000  0.000000 -0.000000 -0.000000  0.000000
                                 0.000000 -0.000000 -0.000000  0.000000  0.000000 -0.000000 -0.000000  0.000000  0.000000 -0.000000
                                -0.000000 -0.000000 -0.000000  0.000000 -0.000000  0.000000 -0.000000  0.000000  0.000000 -0.000000
                                -0.000000  0.000000  0.000000  0.000000  0.000000 -0.000000  0.000000 -0.000000 -0.000000  0.000000
                                 0.000000  0.000000  0.000000  0.000000  0.000000  0.000000  0.000000  0.000000

   7.1  2.00000   -14.236358    -0.000000  0.000000  0.000000  0.000000  0.000000  0.000000  0.000000  0.000000  0.000000  0.000000
                                 0.000000  0.000000  0.000000  0.000000  0.000000  0.000000  0.000000  0.000000 -0.000000 -0.000000
                                -0.000000  0.000000 -0.000000 -0.000000  0.000000 -0.000000 -0.000000  0.000000  0.000000  0.000000
                                -0.000000 -0.000000  0.000000 -0.000000  0.000000 -0.000003 -0.000014 -0.000019 -0.000084 -0.000107
                                -0.000474 -0.000495 -0.002196 -0.001902 -0.008437 -0.005812 -0.025788 -0.014517 -0.064409 -0.027209
                                -0.120717 -0.036491 -0.161897 -0.020282 -0.089982  0.034902  0.154848  0.087083  0.386356  0.087360
                                 0.387585  0.039956  0.177273  0.005907  0.026208  0.000310  0.001377  0.000009  0.000039 -0.000005
                                -0.000023  0.000002  0.000010 -0.000323 -0.001434 -0.000360 -0.001596 -0.000001 -0.000003  0.000000
                                 0.000000  0.000000  0.000000  0.000000  0.000000  0.000000  0.000000  0.000000

   8.1  2.00000   -14.236358     0.000000  0.000000  0.000000  0.000000  0.000000  0.000000  0.000000  0.000000  0.000000  0.000000
                                 0.000000  0.000000  0.000000  0.000000  0.000000  0.000000  0.000000  0.000000 -0.000000 -0.000000
                                -0.000000  0.000000 -0.000000 -0.000000  0.000000 -0.000000 -0.000000  0.000000  0.000000 -0.000000
                                 0.000000 -0.000000  0.000000 -0.000000  0.000000 -0.000014  0.000003 -0.000084  0.000019 -0.000474
                                 0.000107 -0.002196  0.000495 -0.008437  0.001902 -0.025788  0.005812 -0.064409  0.014517 -0.120717
                                 0.027209 -0.161897  0.036491 -0.089982  0.020282  0.154848 -0.034902  0.386356 -0.087083  0.387585
                                -0.087360  0.177273 -0.039956  0.026208 -0.005907  0.001377 -0.000310  0.000039 -0.000009 -0.000023
                                 0.000005  0.000010 -0.000002 -0.001434  0.000323 -0.001596  0.000360 -0.000003  0.000001  0.000000
                                 0.000000  0.000000  0.000000  0.000000  0.000000  0.000000  0.000000  0.000000

   9.1  2.00000    -7.128490     0.000001  0.000002  0.000005  0.000011  0.000023  0.000043  0.000078  0.000137  0.000238  0.000414
                                 0.000724  0.001283  0.002300  0.004177  0.007513  0.012872  0.018549  0.015508 -0.018579 -0.099699
                                -0.146952  0.023078  0.441352  0.332267 -0.460394 -0.872660  0.246318  0.880942  0.186957  0.003403
                                -0.001256  0.000426 -0.244226  0.269892 -0.000105 -0.000000  0.000000  0.000000 -0.000000 -0.000000
                                 0.000000 -0.000000 -0.000000  0.000000  0.000000  0.000000 -0.000000  0.000000  0.000000  0.000000
                                -0.000000 -0.000000  0.000000 -0.000000 -0.000000  0.000000  0.000000  0.000000 -0.000000 -0.000000
                                 0.000000 -0.000000  0.000000  0.000000  0.000000  0.000000  0.000000 -0.000000 -0.000000  0.000000
                                 0.000000 -0.000000 -0.000000  0.000000 -0.000000 -0.000000 -0.000000  0.000000  0.000000  0.000000
                                 0.000000  0.000000  0.000000  0.000000  0.000000  0.000000  0.000000  0.000000

                                   1 2px     1 2px     1 2px     1 2px     1 2px     1 2px     1 2px     1 2px     1 2px     1 2px  
                                   1 2px     1 2px     1 2px     1 2px     1 2px     1 2px     1 2px     1 2px     1 2px     1 2px  
                                   1 2px     1 2px     1 2px     1 2px     1 2px     1 2px     1 2px     1 2px     1 2px     1 2px  
                                   1 2px     1 4f1+    1 4f3+    1 4f1+    1 4f3+    1 4f1+    1 4f3+    1 4f1+    1 4f3+    1 4f1+ 
                                   1 4f3+    1 4f1+    1 4f3+    1 4f1+    1 4f3+    1 4f1+    1 4f3+    1 4f1+    1 4f3+    1 4f1+ 
                                   1 4f3+    1 4f1+    1 4f3+    1 4f1+    1 4f3+    1 4f1+    1 4f3+    1 4f1+    1 4f3+    1 4f1+ 
                                   1 4f3+ 

   1.2  2.00000  -410.040830     0.000003  0.000008  0.000024  0.000064  0.000159  0.000385  0.000925  0.002235  0.005470  0.013506
                                 0.032956  0.076599  0.158492  0.268395  0.325910  0.232232  0.075560  0.007178  0.000419 -0.000272
                                 0.000126 -0.000391 -0.000221  0.000612  0.000014 -0.000002  0.000001 -0.000000  0.000452 -0.000563
                                 0.000000  0.000000 -0.000000  0.000000 -0.000000  0.000000 -0.000000  0.000000 -0.000000  0.000000
                                -0.000000  0.000000 -0.000000  0.000000 -0.000000  0.000000 -0.000000  0.000000 -0.000000  0.000000
                                -0.000000  0.000000 -0.000000  0.000000 -0.000000 -0.000000  0.000000 -0.000000  0.000000  0.000000
                                -0.000000

   2.2  2.00000   -95.961506    -0.000001 -0.000004 -0.000012 -0.000032 -0.000081 -0.000197 -0.000474 -0.001150 -0.002830 -0.007056
                                -0.017439 -0.041545 -0.088884 -0.158049 -0.194032 -0.067664  0.262171  0.501875  0.307495  0.063458
                                 0.004768 -0.000605 -0.000705  0.002122  0.000050 -0.000009  0.000003 -0.000001  0.001312 -0.001966
                                 0.000000 -0.000000  0.000000 -0.000000  0.000000 -0.000000  0.000000 -0.000000  0.000000 -0.000000
                                 0.000000 -0.000000  0.000000 -0.000000  0.000000 -0.000000  0.000000 -0.000000  0.000000 -0.000000
                                 0.000000 -0.000000  0.000000 -0.000000  0.000000  0.000000 -0.000000  0.000000 -0.000000 -0.000000
                                 0.000000

   3.2  2.00000   -21.853082     0.000001  0.000002  0.000006  0.000016  0.000040  0.000096  0.000231  0.000563  0.001386  0.003463
                                 0.008583  0.020573  0.044359  0.079921  0.098253  0.021098 -0.199331 -0.410834 -0.154772  0.396969
                                 0.565523  0.255923  0.031462 -0.002317  0.000085 -0.000025  0.000011 -0.000005 -0.010448  0.002443
                                 0.000001  0.000000 -0.000000  0.000000 -0.000000  0.000000 -0.000000  0.000000 -0.000000  0.000000
                                -0.000000  0.000000 -0.000000  0.000000 -0.000000  0.000000 -0.000000  0.000000 -0.000000  0.000000
                                -0.000000  0.000000 -0.000000  0.000000 -0.000000 -0.000000  0.000000 -0.000000  0.000000  0.000000
                                -0.000000

   4.2  2.00000    -5.762481    -0.000000 -0.000000 -0.000000 -0.000000 -0.000000 -0.000000 -0.000000 -0.000000 -0.000000 -0.000000
                                -0.000000 -0.000000 -0.000000 -0.000000 -0.000000 -0.000000  0.000000  0.000000  0.000000 -0.000000
                                -0.000000 -0.000000 -0.000000 -0.000000 -0.000000  0.000000 -0.000000  0.000000  0.000000 -0.000000
                                -0.000000  0.000342 -0.000002  0.002935 -0.000016  0.015673 -0.000083  0.052807 -0.000279  0.133308
                                -0.000705  0.244065 -0.001291  0.315024 -0.001667  0.304904 -0.001613  0.206372 -0.001092  0.080618
                                -0.000427  0.008997 -0.000048  0.002083 -0.000011 -0.006823  0.000036 -0.001690  0.000009  0.000190
                                -0.000001

   5.2  2.00000    -5.762481     0.000000  0.000000  0.000000  0.000000  0.000000  0.000000  0.000000  0.000000  0.000000  0.000000
                                 0.000000  0.000000  0.000000  0.000000  0.000000  0.000000 -0.000000 -0.000000 -0.000000  0.000000
                                 0.000000  0.000000  0.000000  0.000000  0.000000 -0.000000  0.000000 -0.000000 -0.000000  0.000000
                                 0.000000  0.000002  0.000342  0.000016  0.002935  0.000083  0.015673  0.000279  0.052807  0.000705
                                 0.133308  0.001291  0.244065  0.001667  0.315024  0.001613  0.304904  0.001092  0.206372  0.000427
                                 0.080618  0.000048  0.008997  0.000011  0.002083 -0.000036 -0.006823 -0.000009 -0.001690  0.000001
                                 0.000190

   6.2  2.00000    -5.426597    -0.000000 -0.000001 -0.000002 -0.000006 -0.000016 -0.000039 -0.000093 -0.000227 -0.000559 -0.001396
                                -0.003466 -0.008309 -0.017968 -0.032413 -0.039966 -0.007146  0.087544  0.186056  0.051918 -0.237764
                                -0.393531 -0.080850  0.505518  0.451813  0.125641 -0.003688  0.001633 -0.000647 -0.058109  0.163272
                                 0.000180 -0.000000  0.000000 -0.000000  0.000000 -0.000000  0.000000 -0.000000  0.000000 -0.000000
                                 0.000000 -0.000000  0.000000 -0.000000  0.000000 -0.000000  0.000000 -0.000000  0.000000 -0.000000
                                 0.000000 -0.000000  0.000000 -0.000000  0.000000  0.000000 -0.000000  0.000000 -0.000000 -0.000000
                                 0.000000

                                   1 2py     1 2py     1 2py     1 2py     1 2py     1 2py     1 2py     1 2py     1 2py     1 2py  
                                   1 2py     1 2py     1 2py     1 2py     1 2py     1 2py     1 2py     1 2py     1 2py     1 2py  
                                   1 2py     1 2py     1 2py     1 2py     1 2py     1 2py     1 2py     1 2py     1 2py     1 2py  
                                   1 2py     1 4f1-    1 4f3-    1 4f1-    1 4f3-    1 4f1-    1 4f3-    1 4f1-    1 4f3-    1 4f1- 
                                   1 4f3-    1 4f1-    1 4f3-    1 4f1-    1 4f3-    1 4f1-    1 4f3-    1 4f1-    1 4f3-    1 4f1- 
                                   1 4f3-    1 4f1-    1 4f3-    1 4f1-    1 4f3-    1 4f1-    1 4f3-    1 4f1-    1 4f3-    1 4f1- 
                                   1 4f3- 

   1.3  2.00000  -410.040830     0.000003  0.000008  0.000024  0.000064  0.000159  0.000385  0.000925  0.002235  0.005470  0.013506
                                 0.032956  0.076599  0.158492  0.268395  0.325910  0.232232  0.075560  0.007178  0.000419 -0.000272
                                 0.000126 -0.000391 -0.000221  0.000612  0.000014 -0.000002  0.000001 -0.000000  0.000452 -0.000563
                                 0.000000  0.000000  0.000000  0.000000  0.000000  0.000000  0.000000  0.000000  0.000000  0.000000
                                 0.000000  0.000000  0.000000  0.000000  0.000000  0.000000  0.000000  0.000000  0.000000  0.000000
                                 0.000000  0.000000  0.000000  0.000000  0.000000 -0.000000 -0.000000 -0.000000 -0.000000  0.000000
                                 0.000000

   2.3  2.00000   -95.961506    -0.000001 -0.000004 -0.000012 -0.000032 -0.000081 -0.000197 -0.000474 -0.001150 -0.002830 -0.007056
                                -0.017439 -0.041545 -0.088884 -0.158049 -0.194032 -0.067664  0.262171  0.501875  0.307495  0.063458
                                 0.004768 -0.000605 -0.000705  0.002122  0.000050 -0.000009  0.000003 -0.000001  0.001312 -0.001966
                                 0.000000 -0.000000 -0.000000 -0.000000 -0.000000 -0.000000 -0.000000 -0.000000 -0.000000 -0.000000
                                -0.000000 -0.000000 -0.000000 -0.000000 -0.000000 -0.000000 -0.000000 -0.000000 -0.000000 -0.000000
                                -0.000000 -0.000000 -0.000000 -0.000000 -0.000000  0.000000  0.000000  0.000000  0.000000 -0.000000
                                -0.000000

   3.3  2.00000   -21.853082     0.000001  0.000002  0.000006  0.000016  0.000040  0.000096  0.000231  0.000563  0.001386  0.003463
                                 0.008583  0.020573  0.044359  0.079921  0.098253  0.021098 -0.199331 -0.410834 -0.154772  0.396969
                                 0.565523  0.255923  0.031462 -0.002318  0.000085 -0.000025  0.000011 -0.000005 -0.010448  0.002443
                                 0.000001  0.000000  0.000000  0.000000  0.000000  0.000000  0.000000  0.000000  0.000000  0.000000
                                 0.000000  0.000000  0.000000  0.000000  0.000000  0.000000  0.000000  0.000000  0.000000  0.000000
                                 0.000000  0.000000  0.000000  0.000000  0.000000 -0.000000 -0.000000 -0.000000 -0.000000  0.000000
                                 0.000000

   4.3  2.00000    -5.762481     0.000000  0.000000  0.000000  0.000000  0.000000  0.000000  0.000000  0.000000  0.000000  0.000000
                                 0.000000  0.000000  0.000000  0.000000  0.000000  0.000000  0.000000  0.000000 -0.000000 -0.000000
                                -0.000000 -0.000000 -0.000000 -0.000000 -0.000000  0.000000 -0.000000  0.000000  0.000000 -0.000000
                                -0.000000  0.000000  0.000342  0.000003  0.002935  0.000015  0.015673  0.000049  0.052808  0.000124
                                 0.133309  0.000228  0.244068  0.000294  0.315028  0.000285  0.304908  0.000193  0.206374  0.000075
                                 0.080619  0.000008  0.008997  0.000002  0.002084 -0.000006 -0.006823 -0.000002 -0.001690  0.000000
                                 0.000190

   5.3  2.00000    -5.762481     0.000000  0.000000  0.000000  0.000000  0.000000  0.000000  0.000000  0.000000  0.000000  0.000000
                                 0.000000  0.000000  0.000000  0.000000  0.000000  0.000000 -0.000000 -0.000000 -0.000000 -0.000000
                                -0.000000 -0.000000 -0.000000 -0.000000 -0.000000  0.000000 -0.000000  0.000000  0.000000  0.000000
                                -0.000000  0.000342 -0.000000  0.002935 -0.000003  0.015673 -0.000015  0.052808 -0.000049  0.133309
                                -0.000124  0.244068 -0.000228  0.315028 -0.000294  0.304908 -0.000285  0.206374 -0.000193  0.080619
                                -0.000075  0.008997 -0.000008  0.002084 -0.000002 -0.006823  0.000006 -0.001690  0.000002  0.000190
                                -0.000000

   6.3  2.00000    -5.426597    -0.000000 -0.000001 -0.000002 -0.000006 -0.000016 -0.000039 -0.000093 -0.000227 -0.000559 -0.001396
                                -0.003466 -0.008309 -0.017968 -0.032413 -0.039966 -0.007146  0.087544  0.186056  0.051918 -0.237764
                                -0.393531 -0.080850  0.505518  0.451813  0.125641 -0.003688  0.001633 -0.000647 -0.058109  0.163272
                                 0.000180 -0.000000 -0.000000 -0.000000 -0.000000 -0.000000 -0.000000 -0.000000 -0.000000 -0.000000
                                -0.000000 -0.000000 -0.000000 -0.000000 -0.000000 -0.000000 -0.000000 -0.000000 -0.000000 -0.000000
                                -0.000000 -0.000000 -0.000000 -0.000000 -0.000000  0.000000  0.000000  0.000000  0.000000 -0.000000
                                -0.000000

                                   1 3d2-    1 3d2-    1 3d2-    1 3d2-    1 3d2-    1 3d2-    1 3d2-    1 3d2-    1 3d2-    1 3d2- 
                                   1 3d2-    1 3d2-    1 3d2-    1 3d2-    1 3d2-    1 3d2-    1 3d2-    1 3d2-    1 3d2-    1 3d2- 
                                   1 3d2-    1 3d2-    1 5g2-    1 5g4-    1 5g2-    1 5g4-    1 5g2-    1 5g4- 

   1.4  2.00000   -75.459677     0.000028  0.000172  0.000965  0.004460  0.016970  0.051437  0.125837  0.236330  0.328451  0.292813
                                 0.134354  0.026856  0.001324 -0.001052  0.000289  0.000276 -0.000022  0.000006 -0.000002  0.001653
                                -0.000371  0.000001  0.000000  0.000000  0.000000  0.000000  0.000000  0.000000

   2.4  2.00000   -14.236358    -0.000014 -0.000086 -0.000486 -0.002251 -0.008649 -0.026435 -0.066025 -0.123745 -0.165958 -0.092239
                                 0.158733  0.396049  0.397308  0.181720  0.026865  0.001412  0.000040 -0.000023  0.000010 -0.001470
                                -0.001636 -0.000003  0.000000  0.000000  0.000000  0.000000  0.000000  0.000000

                                   1 2pz     1 2pz     1 2pz     1 2pz     1 2pz     1 2pz     1 2pz     1 2pz     1 2pz     1 2pz  
                                   1 2pz     1 2pz     1 2pz     1 2pz     1 2pz     1 2pz     1 2pz     1 2pz     1 2pz     1 2pz  
                                   1 2pz     1 2pz     1 2pz     1 2pz     1 2pz     1 2pz     1 2pz     1 2pz     1 2pz     1 2pz  
                                   1 2pz     1 4f0     1 4f2+    1 4f0     1 4f2+    1 4f0     1 4f2+    1 4f0     1 4f2+    1 4f0  
                                   1 4f2+    1 4f0     1 4f2+    1 4f0     1 4f2+    1 4f0     1 4f2+    1 4f0     1 4f2+    1 4f0  
                                   1 4f2+    1 4f0     1 4f2+    1 4f0     1 4f2+    1 4f0     1 4f2+    1 4f0     1 4f2+    1 4f0  
                                   1 4f2+ 

   1.5  2.00000  -410.040830     0.000003  0.000008  0.000024  0.000064  0.000159  0.000385  0.000925  0.002235  0.005470  0.013506
                                 0.032956  0.076599  0.158492  0.268395  0.325910  0.232232  0.075560  0.007178  0.000419 -0.000272
                                 0.000126 -0.000391 -0.000221  0.000612  0.000014 -0.000002  0.000001 -0.000000  0.000452 -0.000563
                                 0.000000 -0.000000 -0.000000 -0.000000 -0.000000 -0.000000 -0.000000 -0.000000 -0.000000 -0.000000
                                -0.000000 -0.000000 -0.000000 -0.000000 -0.000000 -0.000000 -0.000000 -0.000000 -0.000000 -0.000000
                                -0.000000 -0.000000 -0.000000 -0.000000 -0.000000  0.000000  0.000000  0.000000  0.000000 -0.000000
                                -0.000000

   2.5  2.00000   -95.961506    -0.000001 -0.000004 -0.000012 -0.000032 -0.000081 -0.000197 -0.000474 -0.001150 -0.002830 -0.007056
                                -0.017439 -0.041545 -0.088884 -0.158049 -0.194032 -0.067664  0.262171  0.501875  0.307495  0.063458
                                 0.004768 -0.000605 -0.000705  0.002122  0.000050 -0.000009  0.000003 -0.000001  0.001312 -0.001966
                                 0.000000  0.000000  0.000000  0.000000  0.000000  0.000000  0.000000  0.000000  0.000000  0.000000
                                 0.000000  0.000000  0.000000  0.000000  0.000000  0.000000  0.000000  0.000000  0.000000  0.000000
                                 0.000000  0.000000  0.000000  0.000000  0.000000 -0.000000 -0.000000 -0.000000 -0.000000  0.000000
                                 0.000000

   3.5  2.00000   -21.853082     0.000001  0.000002  0.000006  0.000016  0.000040  0.000096  0.000231  0.000563  0.001386  0.003463
                                 0.008583  0.020573  0.044359  0.079921  0.098253  0.021098 -0.199331 -0.410834 -0.154772  0.396969
                                 0.565523  0.255923  0.031462 -0.002318  0.000085 -0.000025  0.000011 -0.000005 -0.010448  0.002443
                                 0.000001 -0.000000 -0.000000 -0.000000 -0.000000 -0.000000 -0.000000 -0.000000 -0.000000 -0.000000
                                -0.000000 -0.000000 -0.000000 -0.000000 -0.000000 -0.000000 -0.000000 -0.000000 -0.000000 -0.000000
                                -0.000000 -0.000000 -0.000000 -0.000000 -0.000000  0.000000  0.000000  0.000000  0.000000 -0.000000
                                -0.000000

   4.5  2.00000    -5.762481    -0.000000 -0.000000 -0.000000 -0.000000 -0.000000 -0.000000 -0.000000 -0.000000 -0.000000 -0.000000
                                -0.000000 -0.000000 -0.000000 -0.000000 -0.000000 -0.000000  0.000000  0.000000  0.000000 -0.000000
                                -0.000000 -0.000000  0.000000  0.000000  0.000000 -0.000000  0.000000 -0.000000 -0.000000  0.000000
                                 0.000000 -0.000004  0.000342 -0.000031  0.002934 -0.000163  0.015672 -0.000551  0.052805 -0.001390
                                 0.133302 -0.002545  0.244055 -0.003285  0.315011 -0.003180  0.304891 -0.002152  0.206363 -0.000841
                                 0.080615 -0.000094  0.008996 -0.000022  0.002083  0.000071 -0.006823  0.000018 -0.001690 -0.000002
                                 0.000190

   5.5  2.00000    -5.762481     0.000000  0.000000  0.000000  0.000000  0.000000  0.000000  0.000000  0.000000  0.000000  0.000000
                                 0.000000  0.000000  0.000000  0.000000  0.000000  0.000000 -0.000000 -0.000000 -0.000000  0.000000
                                 0.000000  0.000000 -0.000000 -0.000000 -0.000000  0.000000 -0.000000  0.000000  0.000000 -0.000000
                                -0.000000  0.000342  0.000004  0.002934  0.000031  0.015672  0.000163  0.052805  0.000551  0.133302
                                 0.001390  0.244055  0.002545  0.315011  0.003285  0.304891  0.003180  0.206363  0.002152  0.080615
                                 0.000841  0.008996  0.000094  0.002083  0.000022 -0.006823 -0.000071 -0.001690 -0.000018  0.000190
                                 0.000002

   6.5  2.00000    -5.426597    -0.000000 -0.000001 -0.000002 -0.000006 -0.000016 -0.000039 -0.000093 -0.000227 -0.000559 -0.001396
                                -0.003466 -0.008309 -0.017968 -0.032413 -0.039966 -0.007146  0.087544  0.186056  0.051918 -0.237764
                                -0.393531 -0.080850  0.505518  0.451813  0.125641 -0.003688  0.001633 -0.000647 -0.058109  0.163272
                                 0.000180  0.000000  0.000000  0.000000  0.000000  0.000000  0.000000  0.000000  0.000000  0.000000
                                 0.000000  0.000000  0.000000  0.000000  0.000000  0.000000  0.000000  0.000000  0.000000  0.000000
                                 0.000000  0.000000  0.000000  0.000000  0.000000 -0.000000 -0.000000 -0.000000 -0.000000  0.000000
                                 0.000000

                                   1 3d1+    1 3d1+    1 3d1+    1 3d1+    1 3d1+    1 3d1+    1 3d1+    1 3d1+    1 3d1+    1 3d1+ 
                                   1 3d1+    1 3d1+    1 3d1+    1 3d1+    1 3d1+    1 3d1+    1 3d1+    1 3d1+    1 3d1+    1 3d1+ 
                                   1 3d1+    1 3d1+    1 5g1+    1 5g3+    1 5g1+    1 5g3+    1 5g1+    1 5g3+ 

   1.6  2.00000   -75.459677     0.000028  0.000172  0.000965  0.004460  0.016970  0.051437  0.125837  0.236330  0.328451  0.292813
                                 0.134354  0.026856  0.001324 -0.001052  0.000289  0.000276 -0.000022  0.000006 -0.000002  0.001653
                                -0.000371  0.000001  0.000000  0.000000  0.000000  0.000000  0.000000  0.000000

   2.6  2.00000   -14.236358    -0.000014 -0.000086 -0.000486 -0.002251 -0.008649 -0.026435 -0.066025 -0.123745 -0.165958 -0.092239
                                 0.158733  0.396049  0.397308  0.181720  0.026865  0.001412  0.000040 -0.000023  0.000010 -0.001470
                                -0.001636 -0.000003  0.000000  0.000000  0.000000  0.000000  0.000000  0.000000

                                   1 3d1-    1 3d1-    1 3d1-    1 3d1-    1 3d1-    1 3d1-    1 3d1-    1 3d1-    1 3d1-    1 3d1- 
                                   1 3d1-    1 3d1-    1 3d1-    1 3d1-    1 3d1-    1 3d1-    1 3d1-    1 3d1-    1 3d1-    1 3d1- 
                                   1 3d1-    1 3d1-    1 5g1-    1 5g3-    1 5g1-    1 5g3-    1 5g1-    1 5g3- 

   1.7  2.00000   -75.459677     0.000028  0.000172  0.000965  0.004460  0.016970  0.051437  0.125837  0.236330  0.328451  0.292813
                                 0.134354  0.026856  0.001324 -0.001052  0.000289  0.000276 -0.000022  0.000006 -0.000002  0.001653
                                -0.000371  0.000001  0.000000  0.000000  0.000000  0.000000  0.000000  0.000000

   2.7  2.00000   -14.236358    -0.000014 -0.000086 -0.000486 -0.002251 -0.008649 -0.026435 -0.066025 -0.123745 -0.165958 -0.092239
                                 0.158733  0.396049  0.397308  0.181720  0.026865  0.001412  0.000040 -0.000023  0.000010 -0.001470
                                -0.001636 -0.000003  0.000000  0.000000  0.000000  0.000000  0.000000  0.000000

                                   1 4f2-    1 4f2-    1 4f2-    1 4f2-    1 4f2-    1 4f2-    1 4f2-    1 4f2-    1 4f2-    1 4f2- 
                                   1 4f2-    1 4f2-    1 4f2-    1 4f2-    1 4f2- 

   1.8  2.00000    -5.762481     0.000342  0.002935  0.015673  0.052808  0.133309  0.244068  0.315028  0.304908  0.206375  0.080619
                                 0.008997  0.002084 -0.006823 -0.001690  0.000190

 Total charge:   7.000000000000
 

 EXTRA SYMMETRY OF MOS IN SYMMETRY 1:   1 1 1 1 1 1 1 1 1 1   1 1 1 1 1 1 1 3 4 2   1 1 1 1 1 1 1 4 3 2   1 1 1 1 1 4 3 2 1 1
                                        1 1 1 1 1 1 1 1 1 1   1 1 1 1 1 1 1 1 1 1   1 1 1 1 1 1 1 1 1 1   1 1 1 1 1 1 1 1 1 1
                                        1 1 1 1 1 1 1 1
 *** IN SYMMETRY 2 ORBITAL  4 SYMMETRY CONTAMINATION OF 0.526D-02 HAS BEEN REMOVED
 *** IN SYMMETRY 2 ORBITAL  5 SYMMETRY CONTAMINATION OF 0.526D-02 HAS BEEN REMOVED
 EXTRA SYMMETRY OF MOS IN SYMMETRY 2:   1 1 1 2 3 1 1 3 2 1   3 2 1 1 3 2 1 3 2 1   2 3 1 3 2 1 2 3 1 3   2 1 2 3 1 3 2 1 3 2
                                        1 2 3 1 2 3 1 3 2 1   1 1 1 1 1 1 1 1 1 1   1
 *** IN SYMMETRY 3 ORBITAL  4 SYMMETRY CONTAMINATION OF 0.933D-03 HAS BEEN REMOVED
 *** IN SYMMETRY 3 ORBITAL  5 SYMMETRY CONTAMINATION OF 0.933D-03 HAS BEEN REMOVED
 EXTRA SYMMETRY OF MOS IN SYMMETRY 3:   1 1 1 3 2 1 1 3 2 1   2 3 1 1 2 3 1 2 3 1   2 3 1 2 3 1 2 3 1 2   3 1 3 2 1 2 3 1 3 2
                                        1 3 2 1 2 3 1 2 3 1   1 1 1 1 1 1 1 1 1 1   1
 EXTRA SYMMETRY OF MOS IN SYMMETRY 4:   1 1 1 1 1 3 2 1 1 3   2 1 1 3 2 1 1 1 1 1   1 1 1 1 1 1 1 1
 *** IN SYMMETRY 5 ORBITAL  4 SYMMETRY CONTAMINATION OF 0.103D-01 HAS BEEN REMOVED
 *** IN SYMMETRY 5 ORBITAL  5 SYMMETRY CONTAMINATION OF 0.103D-01 HAS BEEN REMOVED
 EXTRA SYMMETRY OF MOS IN SYMMETRY 5:   1 1 1 3 2 1 1 2 3 1   2 3 1 1 3 2 1 3 2 1   3 2 1 3 2 1 3 2 1 3   2 1 3 2 1 3 2 1 2 3
                                        1 2 3 1 2 3 1 2 3 1   1 1 1 1 1 1 1 1 1 1   1
 EXTRA SYMMETRY OF MOS IN SYMMETRY 6:   1 1 1 1 1 2 3 1 1 3   2 1 1 3 2 1 1 1 1 1   1 1 1 1 1 1 1 1
 EXTRA SYMMETRY OF MOS IN SYMMETRY 7:   1 1 1 1 1 3 2 1 1 3   2 1 1 3 2 1 1 1 1 1   1 1 1 1 1 1 1 1

 Natural orbital dump at molpro section  5202.2    (Orbital set 2)


 CI vector
 =========

              1.0000000

 TOTAL ENERGIES                    -16680.02591814



 **********************************************************************************************************************************
 DATASETS  * FILE   NREC   LENGTH (MB)   RECORD NAMES
              1      23      148.72       500      610      700      900      950      970     1001      129      960     1700   
                                          VAR    BASINP    GEOM    SYMINP    ZMAT    AOBASIS   BASIS     P2S    ABASIS    OPER   
                                         1101     1401     1411     1412     1650     1100     1400     1410     1200     1210   
                                          SR      EKINR    POTR     PVPR    MOLCAS      S      EKIN      POT      H0       H01  
                                         1080     1600     1380   
                                         AOSYM     SMH     JKOP   

              2       7        8.59       200      700     1000      520     4202     1001     5202   
                                        OPTIONS   GEOM     BASIS   MCVARS     RHF     BASIS    MCSCF   

 PROGRAMS   *        TOTAL     MULTI       INT       POP       RHF       INT
 CPU TIMES  *       164.55     35.94    113.86      0.00      0.28     13.48
 REAL TIME  *       240.73 SEC
 DISK USED  *         4.96 GB      
 SF USED    *       405.86 MB      
 GA USED    *         0.00 MB       (max)       0.00 MB       (current)
 **********************************************************************************************************************************


 PROGRAM * RHF-SCF (CLOSED SHELL)       Authors: W. Meyer, H.-J. Werner


 NUMBER OF ELECTRONS:      34+   34-    SPACE SYMMETRY=1    SPIN SYMMETRY: Singlet 
 CONVERGENCE THRESHOLDS:    1.00E-05 (Density)    1.00E-07 (Energy)
 MAX. NUMBER OF ITERATIONS:        0
 INTERPOLATION TYPE:            DIIS
 INTERPOLATION STEPS:              2 (START)      1 (STEP)
 LEVEL SHIFTS:                  0.00 (CLOSED)  0.00 (OPEN) 

 Number of closed-shell orbitals:   34 (   9   6   6   2   6   2   2   1 )


 Molecular orbitals read from record     5202.2  Type=MCSCF/NATURAL (state 1.1)

 Molecular orbital dump at record        2128.2
 ROTATION OF ORBITALS   4.2    6.2       90.00 DEGREES
 ROTATION OF ORBITALS   4.3    6.3       90.00 DEGREES
 ROTATION OF ORBITALS   4.5    6.5       90.00 DEGREES

 ITERATION    DDIFF          GRAD             ENERGY        2-EL.EN.            DIPOLE MOMENTS         DIIS   ORB.
    1      0.000D+00      0.000D+00    -16680.02591814  11929.888451    0.00000    0.00000    0.00000    0    start

 Final occupancy:   9   6   6   2   6   2   2   1

 !RHF STATE 1.1 Energy               -16680.0259181383    
 Nuclear energy                         0.00000000
 One-electron energy               -22644.97014371
 Two-electron energy                 5964.94422558
 Virial quotient                       -0.69679105
 !RHF STATE 1.1 Dipole moment           0.00000000     0.00000000     0.00000000
 Dipole moment /Debye                   0.00000000     0.00000000     0.00000000

 Orbital energies:

         1.1          2.1          3.1          4.1          5.1          6.1          7.1          8.1          9.1         10.1
  -2652.494316  -468.099041  -113.444473   -75.459677   -75.459677   -27.710935   -14.236358   -14.236358    -7.128490    -2.955555

        11.1
     -2.955555

         1.2          2.2          3.2          4.2          5.2          6.2          7.2          8.2
   -410.040830   -95.961506   -21.853082    -5.762481    -5.762481    -5.426597    -2.055973    -1.554355

         1.3          2.3          3.3          4.3          5.3          6.3          7.3          8.3
   -410.040830   -95.961506   -21.853082    -5.762481    -5.762481    -5.426597    -2.055973    -1.554355

         1.4          2.4          3.4          4.4
    -75.459677   -14.236358    -2.955555    -1.514534

         1.5          2.5          3.5          4.5          5.5          6.5          7.5          8.5
   -410.040830   -95.961506   -21.853082    -5.762481    -5.762481    -5.426597    -2.055973    -1.554355

         1.6          2.6          3.6          4.6
    -75.459677   -14.236358    -2.955555    -1.514534

         1.7          2.7          3.7          4.7
    -75.459677   -14.236358    -2.955555    -1.514534

         1.8          2.8          3.8
     -5.762481    -1.554355    -0.990378

 HOMO      6.2    -5.426597 =    -147.6652eV
 LUMO     10.1    -2.955555 =     -80.4248eV
 LUMO-HOMO         2.471042 =      67.2405eV


 **********************************************************************************************************************************
 DATASETS  * FILE   NREC   LENGTH (MB)   RECORD NAMES
              1      23      148.72       500      610      700      900      950      970     1001      129      960     1700   
                                          VAR    BASINP    GEOM    SYMINP    ZMAT    AOBASIS   BASIS     P2S    ABASIS    OPER   
                                         1101     1401     1411     1412     1650     1100     1400     1410     1200     1210   
                                          SR      EKINR    POTR     PVPR    MOLCAS      S      EKIN      POT      H0       H01  
                                         1080     1600     1380   
                                         AOSYM     SMH     JKOP   

              2       8       11.62       200      700     1000      520     4202     1001     5202     2128   
                                        OPTIONS   GEOM     BASIS   MCVARS     RHF     BASIS    MCSCF     RHF  

 PROGRAMS   *        TOTAL       RHF     MULTI       INT       POP       RHF       INT
 CPU TIMES  *       166.18      1.63     35.94    113.86      0.00      0.28     13.48
 REAL TIME  *       243.06 SEC
 DISK USED  *         4.96 GB      
 SF USED    *       405.86 MB      
 GA USED    *         0.00 MB       (max)       0.00 MB       (current)
 **********************************************************************************************************************************
 SETTING SCF(13)        =    -16680.02591814  AU                              
 SETTING _CC_NORM_MAX   =         2.00000000                                  


 PROGRAM * CCSD (Restricted open-shell coupled cluster)     Authors: C. Hampel, H.-J. Werner, 1991, M. Deegan, P.J. Knowles, 1992


 Convergence thresholds:  THRVAR = 1.00D-08  THRDEN = 1.36D-06

 CCSD(T)     terms to be evaluated (factor= 1.000)


 Number of core orbitals:          30 (   8   5   5   2   5   2   2   1 )
 Number of closed-shell orbitals:   4 (   1   1   1   0   1   0   0   0 )
 Number of external orbitals:     336 (  79  55  55  26  55  26  26  14 )

 Memory could be reduced to 54.25 Mwords without degradation in triples

 Number of N-1 electron functions:               8
 Number of N-2 electron functions:              28
 Number of singly external CSFs:               488
 Number of doubly external CSFs:            323852
 Total number of CSFs:                      324340

 Molecular orbitals read from record     2128.2  Type=RHF/CANONICAL (state 1.1)

 Integral transformation finished. Total CPU:   1.43 sec, npass=  1  Memory used:   8.16 MW

 Starting RMP2 calculation

 Wavefunction is spin-projected

 ITER.      SQ.NORM     CORR.ENERGY   TOTAL ENERGY   ENERGY CHANGE        DEN1      VAR(S)    VAR(P)  DIIS     TIME
   1      1.00481238    -0.08440278-16680.11032092    -0.08440278    -0.00001347  0.19D-22  0.12D-05  1  1     2.26
   2      1.00481479    -0.08441645-16680.11033458    -0.00001367    -0.00000000  0.26D-26  0.10D-09  2  2     2.40
   3      1.00481481    -0.08441649-16680.11033463    -0.00000004    -0.00000000  0.86D-31  0.13D-13  3  3     2.63

 Norm of t1 vector:      0.00000000      S-energy:    -0.00000000      T1 diagnostic:  0.00000000
 Norm of t2 vector:      0.06938880      P-energy:    -0.08441649
                                         Alpha-Beta:  -0.05971211
                                         Alpha-Alpha: -0.01235219
                                         Beta-Beta:   -0.01235219

 Spin contamination <S**2-Sz**2-Sz>     0.00000000
  Reference energy                   -16680.0259181383    
  RHF-RMP2 correlation energy          -0.084416490046
 !RHF-RMP2 energy                    -16680.1103346283    
 (NB above energy spin projected)

 Starting RCCSD calculation

 ITER.      SQ.NORM     CORR.ENERGY   TOTAL ENERGY   ENERGY CHANGE        DEN1      VAR(S)    VAR(P)  DIIS     TIME
   1      1.00502838    -0.08521427-16680.11113241    -0.08521427    -0.00048011  0.40D-04  0.19D-04  1  1     3.66
   2      1.00514339    -0.08571640-16680.11163454    -0.00050213    -0.00000657  0.11D-06  0.62D-06  2  2     4.80
   3      1.00515473    -0.08574705-16680.11166519    -0.00003064    -0.00000007  0.61D-08  0.47D-08  3  3     5.82
   4      1.00515582    -0.08575001-16680.11166815    -0.00000296    -0.00000000  0.17D-10  0.53D-10  4  4     6.46
   5      1.00515581    -0.08574988-16680.11166802     0.00000013    -0.00000000  0.11D-12  0.53D-12  5  5     6.94

 Norm of t1 vector:      0.00735517      S-energy:    -0.00000000      T1 diagnostic:  0.00183879
                                                                       D1 diagnostic:  0.00295917
 Norm of t2 vector:      0.07142624      P-energy:    -0.08574988
                                         Alpha-Beta:  -0.06119086
                                         Alpha-Alpha: -0.01227951
                                         Beta-Beta:   -0.01227951

 Spin contamination <S**2-Sz**2-Sz>     0.00000000

 Memory could be reduced to 54.03 Mwords without degradation in triples
 

  Correlated core orbitals:             9.1       6.2       6.3       6.5
  Orbital energies:                    -7.1285   -5.7625   -5.7625   -5.7625
 
  RCCSD core-core energy               -0.085749879030
 

 RESULTS
 =======

  Reference energy                   -16680.0259181383    
  RCCSD singles energy                 -0.000000000003
  RCCSD pair energy                    -0.085749879027
  RCCSD correlation energy             -0.085749879030
  Triples (T) contribution             -0.000431326043
  Total correlation energy             -0.086181205074
 
  RHF-RCCSD energy                   -16680.1116680173    
  RHF-RCCSD[T] energy                -16680.1121177939    
  RHF-RCCSD-T energy                 -16680.1120891933    
 !RHF-RCCSD(T) energy                -16680.1120993434    

 Program statistics:

 Available memory in ccsd:               999999732
 Min. memory needed in ccsd:               1384724
 Max. memory used in ccsd:                 1716154
 Max. memory used in cckext:               1980909 ( 5 integral passes)
 Max. memory used in cckint:               8156782 ( 1 integral passes)



 **********************************************************************************************************************************
 DATASETS  * FILE   NREC   LENGTH (MB)   RECORD NAMES
              1      23      148.72       500      610      700      900      950      970     1001      129      960     1700   
                                          VAR    BASINP    GEOM    SYMINP    ZMAT    AOBASIS   BASIS     P2S    ABASIS    OPER   
                                         1101     1401     1411     1412     1650     1100     1400     1410     1200     1210   
                                          SR      EKINR    POTR     PVPR    MOLCAS      S      EKIN      POT      H0       H01  
                                         1080     1600     1380   
                                         AOSYM     SMH     JKOP   

              2       8       11.62       200      700     1000      520     4202     1001     5202     2128   
                                        OPTIONS   GEOM     BASIS   MCVARS     RHF     BASIS    MCSCF     RHF  

 PROGRAMS   *        TOTAL  RCCSD(T)       RHF     MULTI       INT       POP       RHF       INT
 CPU TIMES  *       176.31      9.93      1.63     35.94    113.86      0.00      0.28     13.48
 REAL TIME  *       259.02 SEC
 DISK USED  *         6.79 GB      
 SF USED    *       524.93 MB      
 GA USED    *         0.00 MB       (max)       0.00 MB       (current)
 **********************************************************************************************************************************
 SETTING CCSD(13)       =    -16680.11209934  AU                              
 Output type csv         
                                                                                                                                                                                                                                                                

          SCF
        0.00000
        0.00000
        0.00000
        0.00000
        0.00000
        0.00000
        0.00000
        0.00000
        0.00000
        0.00000
        0.00000
        0.00000
   -16680.02592
                                                  

 RCCSD(T)/USERDEF energy= -16680.112099343372

        RCCSD(T)        RHF-SCF         MULTI           RHF-SCF 
 -16680.11209934 -16680.02591814 -16680.02591814 -16244.11638907
 **********************************************************************************************************************************
 Molpro calculation terminated
 Variable memory released
