
 Primary working directories    : /global/cscratch1/sd/haihan
 Secondary working directories  : /global/cscratch1/sd/haihan
 Wavefunction directory         : /global/homes/h/haihan/Research/ECP/f_group_element_ecps/Lu/Molpro/atom/ECP46_1/wfu/
 Main file repository           : /global/cscratch1/sd/haihan/

 SHA1      : 19cd028119e0e09f93f0674bd8af7968d9b3eff6
 NAME      : 2015.1.36
 ARCHNAME  : linux/x86_64
 FC        : /opt/cray/pe/craype/2.5.14/bin/ftn
 BLASLIB   : -L/opt/intel/compilers_and_libraries_2018.1.163/linux/mkl/lib/intel64 -Wl,-_start-group -lmkl_intel_ilp64 -lmkl_intel_thread -lmkl_core -Wl,-_end-group -liomp5
 id        : lbl

 Nodes     nprocs
 nid01078    11
 Number of processes for MPI-2 version of Molpro:   nprocs(total)=   12   nprocs(compute)=   11   nprocs(helper)=    1

 Using customized tuning parameters: mindgm=7; mindgv=16; mindgc=1; mindgr=1; noblas=0; minvec=7
 default implementation of scratch files=sf  

 ***,Calculation for Lu atom, singlet and triplet
 memory,1,g
 
 gthresh,twoint=1.e-15
 gthresh,oneint=1.e-15
 
 
 geometry={
 1
 Lu
 Lu  0.0 0.0 0.0
 }
 
 basis={
 ECP,Lu,46,4,0;
 4                                                                               !ul
 1,    4.526254,   25.000000
 3,    3.879308,   113.15635
 2,    4.406058,  -85.722649
 2,    1.899664,   -3.133952
 2                                                                               !s
 2,    8.996757,  161.119164
 2,    5.104371,   89.334835
 2                                                                               !p
 2,    7.640657,   88.693021
 2,    3.878305,   57.109488
 2                                                                               !d
 2,    7.456305,   55.901690
 2,    2.530445,   29.364333
 2                                                                               !f
 2,    4.939345,  -23.952530
 2,    3.912490,   -7.090915
 Including file /global/u2/h/haihan/Research/ECP/f_group_element_ecps/Lu/Molpro/atom/ECP46_1/7/../aug-cc-pwCVTZ.basis
 }
 
 
 
 Including file /global/u2/h/haihan/Research/ECP/f_group_element_ecps/Lu/Molpro/atom/ECP46_1/7/../Lu46_states_ecp.proc
 
 do i=7,7
     if (i.eq.1) then
         Id1s2
     else if (i.eq.2) then
         Ip1s2
     else if (i.eq.3) then
         IEd2s1
     else if (i.eq.4) then
         IEf1s2
     else if (i.eq.5) then
         IIds2
     else if (i.eq.6) then
         IId1s1
     else if (i.eq.7) then
         IIIds1
     else if (i.eq.8) then
         IIIp1
     else if (i.eq.9) then
         IIId1
     else if (i.eq.10) then
         IIIEf1
     else if (i.eq.11) then
         VIp6
     else if (i.eq.12) then
         VIIp5
     else if (i.eq.13) then
         VIIIp4
     else if (i.eq.14) then
         IXp3
     else if (i.eq.15) then
         Xp
     else if (i.eq.16) then
         XIds2
     else if (i.eq.17) then
         IIIEf2
     endif
     scf(i)=energy
     _CC_NORM_MAX=2.0
     {rccsd(t),shifts=0.5,shiftp=0.5,thrdis=1.0;diis,1,1,15,1;maxit,100;core}
     ccsd(i)=energy
 enddo
 
 table,scf,ccsd
 type,csv
 save

 Variables initialized (889), CPU time= 0.01 sec
 Commands  initialized (702), CPU time= 0.01 sec, 572 directives.
 Default parameters read. Elapsed time= 0.18 sec

 Checking input...
 Passed
1


                                         ***  PROGRAM SYSTEM MOLPRO  ***
                                       Copyright, TTI GmbH Stuttgart, 2015
                                    Version 2015.1 linked Dec 29 2018 15:55:43


 **********************************************************************************************************************************
 LABEL *   Calculation for Lu atom, singlet and triplet                                  
  64 bit mpp version                                                                     DATE: 14-Apr-23          TIME: 11:14:56  
 **********************************************************************************************************************************

 SHA1:             19cd028119e0e09f93f0674bd8af7968d9b3eff6
 **********************************************************************************************************************************

 THRESHOLDS:

 ZERO    =  1.00D-12  ONEINT  =  1.00D-12  TWOINT  =  1.00D-15  PREFAC  =  1.00D-14  LOCALI  =  1.00D-09  EORDER  =  1.00D-04
 ENERGY  =  0.00D+00  ETEST   =  0.00D+00  EDENS   =  0.00D+00  THRDEDEF=  1.00D-06  GRADIENT=  1.00D-02  STEP    =  1.00D-03
 ORBITAL =  1.00D-05  CIVEC   =  1.00D-05  COEFF   =  1.00D-04  PRINTCI =  5.00D-02  PUNCHCI =  9.90D+01  OPTGRAD =  3.00D-04
 OPTENERG=  1.00D-06  OPTSTEP =  3.00D-04  THRGRAD =  1.00D-10  COMPRESS=  1.00D-11  VARMIN  =  1.00D-07  VARMAX  =  1.00D-03
 THRDOUB =  0.00D+00  THRDIV  =  1.00D-05  THRRED  =  1.00D-07  THRPSP  =  1.00D+00  THRDC   =  1.00D-10  THRCS   =  1.00D-10
 THRNRM  =  1.00D-08  THREQ   =  0.00D+00  THRDE   =  1.00D+00  THRREF  =  1.00D-05  SPARFAC =  1.00D+00  THRDLP  =  1.00D-07
 THRDIA  =  1.00D-10  THRDLS  =  1.00D-07  THRGPS  =  0.00D+00  THRKEX  =  0.00D+00  THRDIS  =  2.00D-01  THRVAR  =  1.00D-10
 THRLOC  =  1.00D-06  THRGAP  =  1.00D-06  THRLOCT = -1.00D+00  THRGAPT = -1.00D+00  THRORB  =  1.00D-06  THRMLTP =  0.00D+00
 THRCPQCI=  1.00D-10  KEXTA   =  0.00D+00  THRCOARS=  0.00D+00  SYMTOL  =  1.00D-06  GRADTOL =  1.00D-06  THROVL  =  1.00D-08
 THRORTH =  1.00D-08  GRID    =  1.00D-06  GRIDMAX =  1.00D-03  DTMAX   =  0.00D+00  THROCCDE=  1.00D-01  THROCCDE=  1.00D-01



 THRESHOLDS:

 ZERO    =  1.00D-12  ONEINT  =  1.00D-15  TWOINT  =  1.00D-15  PREFAC  =  1.00D-14  LOCALI  =  1.00D-09  EORDER  =  1.00D-04
 ENERGY  =  0.00D+00  ETEST   =  0.00D+00  EDENS   =  0.00D+00  THRDEDEF=  1.00D-06  GRADIENT=  1.00D-02  STEP    =  1.00D-03
 ORBITAL =  1.00D-05  CIVEC   =  1.00D-05  COEFF   =  1.00D-04  PRINTCI =  5.00D-02  PUNCHCI =  9.90D+01  OPTGRAD =  3.00D-04
 OPTENERG=  1.00D-06  OPTSTEP =  3.00D-04  THRGRAD =  1.00D-10  COMPRESS=  1.00D-11  VARMIN  =  1.00D-07  VARMAX  =  1.00D-03
 THRDOUB =  0.00D+00  THRDIV  =  1.00D-05  THRRED  =  1.00D-07  THRPSP  =  1.00D+00  THRDC   =  1.00D-10  THRCS   =  1.00D-10
 THRNRM  =  1.00D-08  THREQ   =  0.00D+00  THRDE   =  1.00D+00  THRREF  =  1.00D-05  SPARFAC =  1.00D+00  THRDLP  =  1.00D-07
 THRDIA  =  1.00D-10  THRDLS  =  1.00D-07  THRGPS  =  0.00D+00  THRKEX  =  0.00D+00  THRDIS  =  2.00D-01  THRVAR  =  1.00D-10
 THRLOC  =  1.00D-06  THRGAP  =  1.00D-06  THRLOCT = -1.00D+00  THRGAPT = -1.00D+00  THRORB  =  1.00D-06  THRMLTP =  0.00D+00
 THRCPQCI=  1.00D-10  KEXTA   =  0.00D+00  THRCOARS=  0.00D+00  SYMTOL  =  1.00D-06  GRADTOL =  1.00D-06  THROVL  =  1.00D-08
 THRORTH =  1.00D-08  GRID    =  1.00D-06  GRIDMAX =  1.00D-03  DTMAX   =  0.00D+00  THROCCDE=  1.00D-01  THROCCDE=  1.00D-01



Geometry recognized as XYZ


 Variable memory set to 1000000000 words,  buffer space   230000 words

 SETTING BASIS          =    USERDEF

 DO I                   =         7.00000000   

 Running procedure=IIIDS1


 Recomputing integrals since basis changed


 Using spherical harmonics



 PROGRAM * SEWARD (Integral evaluation for generally contracted gaussian basis sets)     Author: Roland Lindh, 1990

 Geometry written to block  1 of record 700

 Orientation using atomic masses  
 Molecule type: Atom
 Symmetry elements: X,Y,Z
 Rotational constants:       0.0000000      0.0000000      0.0000000 GHz  (calculated with average atomic masses)

 Point group  D2h 



 ATOMIC COORDINATES

 NR  ATOM    CHARGE       X              Y              Z

   1  LU     25.00    0.000000000    0.000000000    0.000000000

 NUCLEAR CHARGE:                   25
 NUMBER OF PRIMITIVE AOS:         516
 NUMBER OF SYMMETRY AOS:          389
 NUMBER OF CONTRACTIONS:          389   (  87Ag  +  63B3u +  63B2u +  31B1g +  63B1u +  31B2g +  31B3g +  20Au  )
 NUMBER OF CORE ORBITALS:           0   (   0Ag  +   0B3u +   0B2u +   0B1g +   0B1u +   0B2g +   0B3g +   0Au  )
 NUMBER OF VALENCE ORBITALS:       17   (   4Ag  +   3B3u +   3B2u +   1B1g +   3B1u +   1B2g +   1B3g +   1Au  )


 NUCLEAR REPULSION ENERGY    0.00000000

 EXTRA SYMMETRY OF AOS IN SYMMETRY 1:   1 1 1 1 1 1 1 1 1 1   1 1 1 1 1 1 1 1 1 1   1 1 1 1 1 1 1 1 1 1   1 2 3 2 3 2 3 2 3 2
                                        3 2 3 2 3 2 3 2 3 2   3 2 3 2 3 2 3 2 3 2   3 2 3 2 3 2 3 2 3 4   5 6 4 5 6 4 5 6 4 5
                                        6 4 5 6 4 5 6
 EXTRA SYMMETRY OF AOS IN SYMMETRY 2:   1 1 1 1 1 1 1 1 1 1   1 1 1 1 1 1 1 1 1 1   1 1 1 1 1 1 2 3 2 3   2 3 2 3 2 3 2 3 2 3
                                        2 3 2 3 2 3 2 3 2 3   2 3 2 3 4 5 6 4 5 6   4 5 6
 EXTRA SYMMETRY OF AOS IN SYMMETRY 3:   1 1 1 1 1 1 1 1 1 1   1 1 1 1 1 1 1 1 1 1   1 1 1 1 1 1 2 3 2 3   2 3 2 3 2 3 2 3 2 3
                                        2 3 2 3 2 3 2 3 2 3   2 3 2 3 4 5 6 4 5 6   4 5 6
 EXTRA SYMMETRY OF AOS IN SYMMETRY 4:   1 1 1 1 1 1 1 1 1 1   1 1 1 1 1 1 1 1 1 2   3 2 3 2 3 2 3 2 3 2   3
 EXTRA SYMMETRY OF AOS IN SYMMETRY 5:   1 1 1 1 1 1 1 1 1 1   1 1 1 1 1 1 1 1 1 1   1 1 1 1 1 1 2 3 2 3   2 3 2 3 2 3 2 3 2 3
                                        2 3 2 3 2 3 2 3 2 3   2 3 2 3 4 5 6 4 5 6   4 5 6
 EXTRA SYMMETRY OF AOS IN SYMMETRY 6:   1 1 1 1 1 1 1 1 1 1   1 1 1 1 1 1 1 1 1 2   3 2 3 2 3 2 3 2 3 2   3
 EXTRA SYMMETRY OF AOS IN SYMMETRY 7:   1 1 1 1 1 1 1 1 1 1   1 1 1 1 1 1 1 1 1 2   3 2 3 2 3 2 3 2 3 2   3
 EXTRA SYMMETRY OF AOS IN SYMMETRY 8:   1 1 1 1 1 1 1 1 1 1   1 1 1 1 2 3 2 3 2 3

 Eigenvalues of metric

         1 0.334E-06 0.975E-06 0.340E-05 0.187E-04 0.482E-04 0.711E-04 0.812E-04 0.812E-04
         2 0.961E-06 0.179E-05 0.251E-04 0.110E-03 0.535E-03 0.536E-03 0.536E-03 0.156E-02
         3 0.961E-06 0.179E-05 0.251E-04 0.110E-03 0.535E-03 0.536E-03 0.536E-03 0.156E-02
         4 0.812E-04 0.144E-03 0.238E-02 0.635E-02 0.105E-01 0.241E-01 0.241E-01 0.278E-01
         5 0.961E-06 0.179E-05 0.251E-04 0.110E-03 0.535E-03 0.536E-03 0.536E-03 0.156E-02
         6 0.812E-04 0.144E-03 0.238E-02 0.635E-02 0.105E-01 0.241E-01 0.241E-01 0.278E-01
         7 0.812E-04 0.144E-03 0.238E-02 0.635E-02 0.105E-01 0.241E-01 0.241E-01 0.278E-01
         8 0.536E-03 0.145E-01 0.220E-01 0.558E-01 0.111E+00 0.176E+00 0.268E+00 0.268E+00


 Contracted 2-electron integrals neglected if value below      1.0D-15
 AO integral compression algorithm  1   Integral accuracy      1.0D-15

     2532.835 MB (compressed) written to integral file ( 50.0%)

     Node minimum: 178.258 MB, node maximum: 314.049 MB


 NUMBER OF SORTED TWO-ELECTRON INTEGRALS:   33535790.     BUFFER LENGTH:  32768
 NUMBER OF SEGMENTS:   2  SEGMENT LENGTH:   31996385      RECORD LENGTH: 524288

 Memory used in sort:      32.55 MW

 SORT1 READ   632589735. AND WROTE    22214328. INTEGRALS IN     65 RECORDS. CPU TIME:    15.98 SEC, REAL TIME:    19.32 SEC
 SORT2 READ   243471794. AND WROTE   368240910. INTEGRALS IN  12287 RECORDS. CPU TIME:     1.51 SEC, REAL TIME:     2.12 SEC

 Node minimum:    33379029.  Node maximum:    33708496. integrals

 OPERATOR DM      FOR CENTER  0  COORDINATES:    0.000000    0.000000    0.000000


 **********************************************************************************************************************************
 DATASETS  * FILE   NREC   LENGTH (MB)   RECORD NAMES
              1      19       20.94       500      610      700      900      950      970     1000      129      960     1100   
                                          VAR    BASINP    GEOM    SYMINP    ZMAT    AOBASIS   BASIS     P2S    ABASIS      S 
                                         1400     1410     1420     1200     1210     1080     1600     1650     1700   
                                           T        V       ECP      H0       H01     AOSYM     SMH    MOLCAS    OPER   

 PROGRAMS   *        TOTAL       INT
 CPU TIMES  *        63.57     63.28
 REAL TIME  *        69.80 SEC
 DISK USED  *         5.44 GB      
 GA USED    *         0.00 MB       (max)       0.00 MB       (current)
 **********************************************************************************************************************************


 PROGRAM * RHF-SCF (OPEN SHELL)       Authors: W. Meyer, H.-J. Werner


 NUMBER OF ELECTRONS:      12+   11-    SPACE SYMMETRY=1    SPIN SYMMETRY: Doublet 
 CONVERGENCE THRESHOLDS:    1.00E-05 (Density)    1.00E-07 (Energy)
 MAX. NUMBER OF ITERATIONS:      150
 INTERPOLATION TYPE:            DIIS
 INTERPOLATION STEPS:              2 (START)      1 (STEP)
 LEVEL SHIFTS:                 -0.60 (CLOSED) -0.30 (OPEN) 

 Number of closed-shell orbitals:   11 (   1   3   3   0   3   0   0   1 )
 Number of open-shell orbitals:      1 (   1   0   0   0   0   0   0   0 )


 
 Extra symmetries of mos in symmetry 1:   1   1
 Guess basis ATOMIC-GUESS,LU=ECP46_GUESS not found. No density guess!


 Molecular orbital dump at record        4202.2

 ITERATION    DDIFF          GRAD             ENERGY        2-EL.EN.            DIPOLE MOMENTS         DIIS   ORB.
    1      0.000D+00      0.000D+00      -168.51112601    526.807400    0.00000    0.00000    0.00000    0    start
    2      0.000D+00      0.424D+00      -135.60554848     91.170406    0.00000    0.00000    0.00000    0    diag,B
    3      0.981D+01      0.222D+00      -177.03427251    507.441349    0.00000    0.00000    0.00000    1    diag,B
    4      0.980D+01      0.385D+00      -194.58945252    459.591767    0.00000    0.00000    0.00000    2    diag,B
    5      0.217D+00      0.244D+00      -204.41594728    416.290875    0.00000    0.00000    0.00000    3    diag,B
    6      0.138D+00      0.137D+00      -209.30733458    368.124000    0.00000    0.00000    0.00000    4    diag,B
    7      0.721D-01      0.290D-01      -209.64769646    351.026798    0.00000    0.00000    0.00000    5    diag,B
    8      0.396D-01      0.465D-02      -209.65726342    350.277104    0.00000    0.00000    0.00000    6    diag,B
    9      0.764D-02      0.270D-02      -209.65955743    350.625609    0.00000    0.00000    0.00000    7    diag,B
   10      0.448D-02      0.663D-03      -209.65971648    350.831977    0.00000    0.00000    0.00000    8    orth
   11      0.879D-03      0.833D-04      -209.65972358    350.788903    0.00000    0.00000    0.00000    9    diag,B
   12      0.414D-03      0.143D-04      -209.65972419    350.787107    0.00000    0.00000    0.00000    9    diag,B
   13      0.118D-03      0.391D-05      -209.65972422    350.784500    0.00000    0.00000    0.00000    9    diag,B
   14      0.431D-04      0.117D-05      -209.65972422    350.784351    0.00000    0.00000    0.00000    9    diag,B
   15      0.150D-04      0.172D-06      -209.65972422    350.784257    0.00000    0.00000    0.00000    9    diag,B
   16      0.498D-05      0.340D-07      -209.65972422    350.784276    0.00000    0.00000    0.00000    0    orth

 Final alpha occupancy:   2   3   3   0   3   0   0   1
 Final beta  occupancy:   1   3   3   0   3   0   0   1

 !RHF STATE 1.1 Energy               -209.659724219697
 Nuclear energy                         0.00000000
 One-electron energy                 -385.05186206
 Two-electron energy                  175.39213784
 Virial quotient                       -1.21315768
 !RHF STATE 1.1 Dipole moment           0.00000000     0.00000000     0.00000000
 Dipole moment /Debye                   0.00000000     0.00000000     0.00000000

 ELECTRON ORBITALS
 =================


   Orb  Occ    Energy  Couls-En    Coefficients

                                   1 1s      1 1s      1 1s      1 1s      1 1s      1 1s      1 1s      1 1s      1 1s      1 1s   
                                   1 1s      1 1s      1 1s      1 1s      1 1s      1 1s      1 1s      1 1s      1 1s      1 1s   
                                   1 1s      1 1s      1 1s      1 1s      1 1s      1 1s      1 1s      1 1s      1 1s      1 1s   
                                   1 1s      1 3d0     1 3d2+    1 3d0     1 3d2+    1 3d0     1 3d2+    1 3d0     1 3d2+    1 3d0  
                                   1 3d2+    1 3d0     1 3d2+    1 3d0     1 3d2+    1 3d0     1 3d2+    1 3d0     1 3d2+    1 3d0  
                                   1 3d2+    1 3d0     1 3d2+    1 3d0     1 3d2+    1 3d0     1 3d2+    1 3d0     1 3d2+    1 3d0  
                                   1 3d2+    1 3d0     1 3d2+    1 3d0     1 3d2+    1 3d0     1 3d2+    1 3d0     1 3d2+    1 5g0  
                                   1 5g4+    1 5g2+    1 5g0     1 5g4+    1 5g2+    1 5g0     1 5g4+    1 5g2+    1 5g0     1 5g4+ 
                                   1 5g2+    1 5g0     1 5g4+    1 5g2+    1 5g0     1 5g4+    1 5g2+ 

   1.1   2    -3.4338  -21.4607 -0.000000  0.000001 -0.000004  0.000012 -0.000032  0.000093 -0.000310  0.001756  0.005788 -0.004182
                                 0.006399 -0.012623 -0.005459  0.035381 -0.189364  0.226711 -0.129720  0.461656 -1.051755  0.064127
                                 1.003031  0.345601  0.031583 -0.022895  0.039734 -0.060969  0.046286 -0.018463  0.007164 -0.001857
                                 0.000332  0.000000  0.000000 -0.000000 -0.000000  0.000000  0.000000 -0.000000 -0.000000  0.000000
                                 0.000000 -0.000000 -0.000000  0.000000  0.000000 -0.000000 -0.000000  0.000000  0.000000 -0.000000
                                -0.000000  0.000000  0.000000  0.000000  0.000000 -0.000000 -0.000000  0.000000  0.000000 -0.000000
                                -0.000000  0.000000  0.000000 -0.000000 -0.000000  0.000000  0.000000 -0.000000 -0.000000  0.000000
                                 0.000000 -0.000000  0.000000  0.000000 -0.000000 -0.000000 -0.000000 -0.000000 -0.000000 -0.000000
                                 0.000000  0.000000  0.000000 -0.000000 -0.000000 -0.000000  0.000000

   2.1   +    -0.7225   -8.9146 -0.000000  0.000000 -0.000001  0.000002 -0.000004  0.000012 -0.000040  0.000227  0.000750 -0.000546
                                 0.000847 -0.001714 -0.000706  0.004964 -0.021268  0.015705 -0.001084  0.153623 -0.456956  0.067309
                                 0.529393  0.521788 -0.105065 -0.864318 -0.568638  0.290586 -0.184318  0.060880 -0.021655  0.005334
                                -0.000929 -0.000000 -0.000000  0.000000  0.000000 -0.000000 -0.000000  0.000000  0.000000 -0.000000
                                -0.000000  0.000000  0.000000 -0.000000 -0.000000  0.000000  0.000000 -0.000000 -0.000000 -0.000000
                                -0.000000  0.000000  0.000000  0.000000  0.000000  0.000000  0.000000 -0.000000 -0.000000  0.000000
                                 0.000000 -0.000000 -0.000000  0.000000  0.000000 -0.000000 -0.000000  0.000000  0.000000  0.000000
                                 0.000000 -0.000000  0.000000  0.000000 -0.000000  0.000000  0.000000 -0.000000 -0.000000 -0.000000
                                 0.000000  0.000000  0.000000  0.000000 -0.000000 -0.000000 -0.000000

   3.1   0    -0.6134  -12.5509 -0.000000  0.000000 -0.000000 -0.000000  0.000000 -0.000000  0.000000 -0.000000 -0.000000  0.000000
                                -0.000000  0.000000  0.000000 -0.000000  0.000000 -0.000000  0.000000 -0.000000  0.000000 -0.000000
                                -0.000000 -0.000000 -0.000000  0.000000  0.000000 -0.000000  0.000000 -0.000000  0.000000 -0.000000
                                 0.000000 -0.000013 -0.000007  0.000068  0.000038 -0.000242 -0.000134  0.000765  0.000425 -0.002540
                                -0.001411  0.013503  0.007501 -0.034858 -0.019364  0.033193  0.018439 -0.017404 -0.009668 -0.054871
                                -0.030482  0.328712  0.182605  0.471166  0.261740  0.274549  0.152516 -0.154531 -0.085845  0.244171
                                 0.135641 -0.118397 -0.065771  0.023201  0.012888 -0.008398 -0.004665  0.002256  0.001253 -0.000000
                                 0.000000  0.000000 -0.000000  0.000000  0.000000  0.000000 -0.000000 -0.000000 -0.000000  0.000000
                                 0.000000  0.000000 -0.000000 -0.000000 -0.000000  0.000000  0.000000

   4.1   0    -0.6134  -12.5509  0.000000  0.000000 -0.000000  0.000000 -0.000000  0.000000 -0.000000  0.000000  0.000000 -0.000000
                                 0.000000 -0.000000 -0.000000  0.000000 -0.000000  0.000000 -0.000000  0.000000 -0.000000  0.000000
                                -0.000000  0.000000 -0.000000  0.000000 -0.000000  0.000000 -0.000000  0.000000 -0.000000  0.000000
                                -0.000000  0.000007 -0.000013 -0.000038  0.000068  0.000134 -0.000242 -0.000425  0.000765  0.001411
                                -0.002540 -0.007501  0.013503  0.019364 -0.034858 -0.018439  0.033193  0.009668 -0.017404  0.030482
                                -0.054871 -0.182605  0.328712 -0.261740  0.471166 -0.152516  0.274549  0.085845 -0.154531 -0.135641
                                 0.244171  0.065771 -0.118397 -0.012888  0.023201  0.004665 -0.008398 -0.001253  0.002256  0.000000
                                -0.000000  0.000000  0.000000 -0.000000  0.000000 -0.000000  0.000000 -0.000000  0.000000 -0.000000
                                 0.000000 -0.000000  0.000000 -0.000000  0.000000 -0.000000  0.000000

                                   1 2px     1 2px     1 2px     1 2px     1 2px     1 2px     1 2px     1 2px     1 2px     1 2px  
                                   1 2px     1 2px     1 2px     1 2px     1 2px     1 2px     1 2px     1 2px     1 2px     1 2px  
                                   1 2px     1 2px     1 2px     1 2px     1 2px     1 2px     1 4f1+    1 4f3+    1 4f1+    1 4f3+ 
                                   1 4f1+    1 4f3+    1 4f1+    1 4f3+    1 4f1+    1 4f3+    1 4f1+    1 4f3+    1 4f1+    1 4f3+ 
                                   1 4f1+    1 4f3+    1 4f1+    1 4f3+    1 4f1+    1 4f3+    1 4f1+    1 4f3+    1 4f1+    1 4f3+ 
                                   1 4f1+    1 4f3+    1 4f1+    1 4f3+    1 6h1+    1 6h3+    1 6h5+    1 6h1+    1 6h3+    1 6h5+ 
                                   1 6h1+    1 6h3+    1 6h5+ 

   1.2   2    -2.3089  -18.4330 -0.000000  0.000000 -0.000002  0.000006 -0.000020  0.000058 -0.000162  0.000446 -0.001351  0.004999
                                -0.045632  0.120619 -0.246847  0.512125 -0.646194  0.145923  0.681815 -0.003490  0.382958  0.012042
                                 0.032188 -0.001558 -0.011573  0.000063 -0.000000 -0.000003  0.000000 -0.000000 -0.000000  0.000000
                                -0.000000  0.000000 -0.000000  0.000000 -0.000000  0.000000 -0.000000  0.000000 -0.000000  0.000000
                                -0.000000  0.000000 -0.000000  0.000000  0.000000 -0.000000  0.000000 -0.000000 -0.000000  0.000000
                                 0.000000 -0.000000 -0.000000  0.000000  0.000000  0.000000 -0.000000 -0.000000  0.000000 -0.000000
                                -0.000000 -0.000000  0.000000

   2.2   2    -0.9160  -18.3490 -0.000000 -0.000000  0.000000 -0.000000 -0.000000  0.000000 -0.000000  0.000000 -0.000000  0.000000
                                -0.000000  0.000000 -0.000000  0.000000 -0.000000  0.000000  0.000000 -0.000000  0.000000  0.000000
                                -0.000000 -0.000000 -0.000000  0.000000 -0.000000  0.000000 -0.000018 -0.000014  0.000092  0.000072
                                 0.000016  0.000013  0.034654  0.026995  0.022977  0.017899  0.171394  0.133515  0.209613  0.163287
                                 0.280595  0.218582  0.240578  0.187409  0.121272  0.094470  0.023878  0.018601 -0.005910 -0.004604
                                 0.002455  0.001912 -0.000734 -0.000572 -0.000000  0.000000  0.000000 -0.000000  0.000000  0.000000
                                 0.000000 -0.000000 -0.000000

   3.2   2    -0.9160  -18.3490 -0.000000  0.000000 -0.000000  0.000000 -0.000000  0.000000 -0.000000  0.000000 -0.000000  0.000000
                                -0.000000 -0.000000  0.000000 -0.000000  0.000000 -0.000000 -0.000000  0.000000 -0.000000 -0.000000
                                 0.000000  0.000000  0.000000 -0.000000  0.000000 -0.000000 -0.000014  0.000018  0.000072 -0.000092
                                 0.000013 -0.000016  0.026995 -0.034654  0.017899 -0.022977  0.133515 -0.171394  0.163287 -0.209613
                                 0.218582 -0.280594  0.187409 -0.240578  0.094470 -0.121272  0.018601 -0.023879 -0.004604  0.005910
                                 0.001912 -0.002455 -0.000572  0.000734  0.000000 -0.000000  0.000000  0.000000 -0.000000  0.000000
                                -0.000000 -0.000000 -0.000000

   4.2   0    -0.3662   -6.8849 -0.000000  0.000000 -0.000000  0.000001 -0.000003  0.000008 -0.000023  0.000064 -0.000192  0.000687
                                -0.004346  0.007710 -0.000391 -0.068458  0.151767 -0.030244 -0.325379  0.150483 -0.346620 -1.084936
                                 0.331827  0.773011  1.215979 -0.049837  0.023164 -0.005339  0.000000 -0.000000 -0.000000  0.000000
                                 0.000000 -0.000000 -0.000000  0.000000 -0.000000  0.000000 -0.000000  0.000000 -0.000000  0.000000
                                -0.000000  0.000000 -0.000000  0.000000 -0.000000  0.000000 -0.000000  0.000000  0.000000 -0.000000
                                -0.000000  0.000000  0.000000 -0.000000 -0.000000 -0.000000  0.000000 -0.000000 -0.000000 -0.000000
                                -0.000000 -0.000000 -0.000000

   5.2   0    -0.1640   -3.3895  0.000000 -0.000000  0.000000 -0.000001  0.000003 -0.000010  0.000028 -0.000076  0.000228 -0.000823
                                 0.006086 -0.013283  0.015835  0.015998 -0.064924  0.008804  0.188558 -0.118022  0.220399 -4.801979
                                -0.230803 -0.663223  5.514660  0.600015 -0.072664  0.017170 -0.000000  0.000000  0.000000 -0.000000
                                -0.000000  0.000000  0.000000 -0.000000  0.000000 -0.000000  0.000000 -0.000000  0.000000 -0.000000
                                 0.000000 -0.000000  0.000000 -0.000000  0.000000 -0.000000  0.000000 -0.000000  0.000000 -0.000000
                                 0.000000 -0.000000  0.000000  0.000000  0.000000  0.000000 -0.000000  0.000000  0.000000  0.000000
                                 0.000000  0.000000  0.000000

                                   1 2py     1 2py     1 2py     1 2py     1 2py     1 2py     1 2py     1 2py     1 2py     1 2py  
                                   1 2py     1 2py     1 2py     1 2py     1 2py     1 2py     1 2py     1 2py     1 2py     1 2py  
                                   1 2py     1 2py     1 2py     1 2py     1 2py     1 2py     1 4f1-    1 4f3-    1 4f1-    1 4f3- 
                                   1 4f1-    1 4f3-    1 4f1-    1 4f3-    1 4f1-    1 4f3-    1 4f1-    1 4f3-    1 4f1-    1 4f3- 
                                   1 4f1-    1 4f3-    1 4f1-    1 4f3-    1 4f1-    1 4f3-    1 4f1-    1 4f3-    1 4f1-    1 4f3- 
                                   1 4f1-    1 4f3-    1 4f1-    1 4f3-    1 6h1-    1 6h3-    1 6h5-    1 6h1-    1 6h3-    1 6h5- 
                                   1 6h1-    1 6h3-    1 6h5- 

   1.3   2    -2.3089  -18.4330 -0.000000  0.000000 -0.000002  0.000006 -0.000020  0.000058 -0.000162  0.000446 -0.001351  0.004999
                                -0.045632  0.120619 -0.246847  0.512125 -0.646194  0.145923  0.681815 -0.003490  0.382958  0.012042
                                 0.032188 -0.001558 -0.011573  0.000063 -0.000000 -0.000003  0.000000  0.000000 -0.000000 -0.000000
                                -0.000000 -0.000000 -0.000000 -0.000000 -0.000000 -0.000000 -0.000000 -0.000000 -0.000000 -0.000000
                                -0.000000 -0.000000 -0.000000 -0.000000  0.000000  0.000000  0.000000  0.000000 -0.000000 -0.000000
                                 0.000000  0.000000 -0.000000 -0.000000  0.000000 -0.000000 -0.000000 -0.000000 -0.000000 -0.000000
                                -0.000000  0.000000  0.000000

   2.3   2    -0.9160  -18.3490 -0.000000  0.000000 -0.000000  0.000000 -0.000000  0.000000 -0.000000  0.000000 -0.000000  0.000000
                                -0.000000  0.000000 -0.000000  0.000000 -0.000000  0.000000  0.000000  0.000000  0.000000  0.000000
                                -0.000000 -0.000000 -0.000000  0.000000 -0.000000  0.000000 -0.000018  0.000014  0.000092 -0.000072
                                 0.000016 -0.000013  0.034690 -0.026950  0.023000 -0.017868  0.171571 -0.133289  0.209828 -0.163010
                                 0.280883 -0.218211  0.240825 -0.187091  0.121397 -0.094310  0.023903 -0.018570 -0.005916  0.004596
                                 0.002457 -0.001909 -0.000735  0.000571 -0.000000 -0.000000  0.000000 -0.000000 -0.000000  0.000000
                                 0.000000  0.000000 -0.000000

   3.3   2    -0.9160  -18.3490 -0.000000  0.000000 -0.000000  0.000000 -0.000000  0.000000 -0.000000  0.000000 -0.000000  0.000000
                                -0.000000 -0.000000  0.000000 -0.000000  0.000000 -0.000000 -0.000000  0.000000 -0.000000 -0.000000
                                 0.000000  0.000000  0.000000 -0.000000  0.000000 -0.000000 -0.000014 -0.000018  0.000072  0.000092
                                 0.000013  0.000016  0.026950  0.034690  0.017868  0.023000  0.133289  0.171571  0.163010  0.209828
                                 0.218211  0.280883  0.187091  0.240825  0.094310  0.121397  0.018570  0.023903 -0.004596 -0.005916
                                 0.001909  0.002458 -0.000571 -0.000735  0.000000  0.000000  0.000000  0.000000  0.000000  0.000000
                                -0.000000  0.000000 -0.000000

   4.3   0    -0.3662   -6.8849 -0.000000  0.000000 -0.000000  0.000001 -0.000003  0.000008 -0.000023  0.000064 -0.000192  0.000687
                                -0.004346  0.007710 -0.000391 -0.068458  0.151767 -0.030244 -0.325379  0.150483 -0.346620 -1.084936
                                 0.331827  0.773011  1.215979 -0.049837  0.023164 -0.005339  0.000000  0.000000 -0.000000 -0.000000
                                 0.000000  0.000000 -0.000000 -0.000000 -0.000000 -0.000000 -0.000000 -0.000000 -0.000000 -0.000000
                                -0.000000 -0.000000 -0.000000 -0.000000 -0.000000 -0.000000 -0.000000 -0.000000  0.000000  0.000000
                                -0.000000 -0.000000  0.000000  0.000000 -0.000000  0.000000  0.000000 -0.000000  0.000000 -0.000000
                                -0.000000  0.000000 -0.000000

   5.3   0    -0.1640   -3.3895  0.000000 -0.000000  0.000000 -0.000001  0.000003 -0.000010  0.000028 -0.000076  0.000228 -0.000823
                                 0.006086 -0.013283  0.015835  0.015998 -0.064924  0.008804  0.188558 -0.118022  0.220399 -4.801979
                                -0.230803 -0.663223  5.514660  0.600015 -0.072664  0.017170 -0.000000 -0.000000  0.000000  0.000000
                                -0.000000 -0.000000  0.000000  0.000000  0.000000  0.000000  0.000000  0.000000  0.000000  0.000000
                                 0.000000  0.000000  0.000000  0.000000  0.000000  0.000000  0.000000  0.000000  0.000000  0.000000
                                 0.000000  0.000000  0.000000  0.000000  0.000000 -0.000000 -0.000000  0.000000 -0.000000  0.000000
                                 0.000000 -0.000000  0.000000

                                   1 3d2-    1 3d2-    1 3d2-    1 3d2-    1 3d2-    1 3d2-    1 3d2-    1 3d2-    1 3d2-    1 3d2- 
                                   1 3d2-    1 3d2-    1 3d2-    1 3d2-    1 3d2-    1 3d2-    1 3d2-    1 3d2-    1 3d2-    1 5g2- 
                                   1 5g4-    1 5g2-    1 5g4-    1 5g2-    1 5g4-    1 5g2-    1 5g4-    1 5g2-    1 5g4-    1 5g2- 
                                   1 5g4- 

   1.4   0    -0.6134  -12.5509 -0.000015  0.000077 -0.000276  0.000875 -0.002905  0.015446 -0.039876  0.037970 -0.019909 -0.062769
                                 0.376026  0.538985  0.314067 -0.176775  0.279317 -0.135439  0.026540 -0.009607  0.002580 -0.000000
                                -0.000000  0.000000  0.000000  0.000000  0.000000 -0.000000 -0.000000  0.000000  0.000000 -0.000000
                                -0.000000

   2.4   0    -0.1877   -4.3671  0.000005 -0.000024  0.000087 -0.000276  0.000916 -0.004870  0.012583 -0.012033  0.006619  0.017493
                                -0.112725 -0.179097 -0.045607  0.540096 -0.344202  0.720626  0.193388  0.003916  0.000103  0.000000
                                 0.000000  0.000000 -0.000000  0.000000 -0.000000 -0.000000  0.000000 -0.000000  0.000000 -0.000000
                                 0.000000

                                   1 2pz     1 2pz     1 2pz     1 2pz     1 2pz     1 2pz     1 2pz     1 2pz     1 2pz     1 2pz  
                                   1 2pz     1 2pz     1 2pz     1 2pz     1 2pz     1 2pz     1 2pz     1 2pz     1 2pz     1 2pz  
                                   1 2pz     1 2pz     1 2pz     1 2pz     1 2pz     1 2pz     1 4f0     1 4f2+    1 4f0     1 4f2+ 
                                   1 4f0     1 4f2+    1 4f0     1 4f2+    1 4f0     1 4f2+    1 4f0     1 4f2+    1 4f0     1 4f2+ 
                                   1 4f0     1 4f2+    1 4f0     1 4f2+    1 4f0     1 4f2+    1 4f0     1 4f2+    1 4f0     1 4f2+ 
                                   1 4f0     1 4f2+    1 4f0     1 4f2+    1 6h2+    1 6h4+    1 6h0     1 6h2+    1 6h4+    1 6h0  
                                   1 6h2+    1 6h4+    1 6h0  

   1.5   2    -2.3089  -18.4330 -0.000000  0.000000 -0.000002  0.000006 -0.000020  0.000058 -0.000162  0.000446 -0.001351  0.004999
                                -0.045632  0.120619 -0.246847  0.512125 -0.646194  0.145923  0.681815 -0.003490  0.382958  0.012042
                                 0.032188 -0.001558 -0.011573  0.000063 -0.000000 -0.000003 -0.000000  0.000000  0.000000 -0.000000
                                 0.000000  0.000000  0.000000  0.000000  0.000000  0.000000  0.000000  0.000000  0.000000  0.000000
                                 0.000000  0.000000  0.000000  0.000000 -0.000000  0.000000 -0.000000 -0.000000  0.000000  0.000000
                                -0.000000 -0.000000  0.000000  0.000000 -0.000000  0.000000 -0.000000  0.000000  0.000000 -0.000000
                                -0.000000 -0.000000  0.000000

   2.5   2    -0.9160  -18.3490 -0.000000  0.000000 -0.000000  0.000000  0.000000 -0.000000  0.000000 -0.000000  0.000000 -0.000000
                                 0.000000 -0.000000 -0.000000  0.000000 -0.000000  0.000000  0.000000  0.000000  0.000000  0.000000
                                -0.000000 -0.000000 -0.000000  0.000000 -0.000000  0.000000 -0.000000 -0.000022  0.000000  0.000117
                                 0.000000  0.000021  0.000063  0.043928  0.000042  0.029125  0.000314  0.217261  0.000384  0.265707
                                 0.000514  0.355684  0.000440  0.304958  0.000222  0.153725  0.000044  0.030269 -0.000011 -0.007492
                                 0.000004  0.003112 -0.000001 -0.000931  0.000000 -0.000000 -0.000000  0.000000  0.000000  0.000000
                                -0.000000  0.000000  0.000000

   3.5   2    -0.9160  -18.3490  0.000000 -0.000000  0.000000 -0.000000  0.000000 -0.000000  0.000000 -0.000000  0.000000 -0.000000
                                 0.000000  0.000000 -0.000000  0.000000 -0.000000  0.000000  0.000000 -0.000000  0.000000  0.000000
                                -0.000000 -0.000000 -0.000000  0.000000 -0.000000  0.000000 -0.000022  0.000000  0.000117 -0.000000
                                 0.000021 -0.000000  0.043928 -0.000063  0.029125 -0.000042  0.217261 -0.000314  0.265707 -0.000384
                                 0.355684 -0.000514  0.304958 -0.000440  0.153725 -0.000222  0.030269 -0.000044 -0.007492  0.000011
                                 0.003112 -0.000004 -0.000931  0.000001 -0.000000 -0.000000 -0.000000 -0.000000 -0.000000 -0.000000
                                 0.000000  0.000000  0.000000

   4.5   0    -0.3662   -6.8849 -0.000000  0.000000 -0.000000  0.000001 -0.000003  0.000008 -0.000023  0.000064 -0.000192  0.000687
                                -0.004346  0.007710 -0.000391 -0.068458  0.151767 -0.030244 -0.325379  0.150483 -0.346620 -1.084936
                                 0.331827  0.773011  1.215979 -0.049837  0.023164 -0.005339 -0.000000 -0.000000  0.000000  0.000000
                                -0.000000 -0.000000  0.000000  0.000000  0.000000  0.000000  0.000000  0.000000  0.000000  0.000000
                                 0.000000  0.000000  0.000000 -0.000000  0.000000 -0.000000  0.000000  0.000000 -0.000000  0.000000
                                 0.000000  0.000000 -0.000000 -0.000000 -0.000000 -0.000000  0.000000  0.000000 -0.000000 -0.000000
                                -0.000000 -0.000000 -0.000000

   5.5   0    -0.1640   -3.3895  0.000000 -0.000000  0.000000 -0.000001  0.000003 -0.000010  0.000028 -0.000076  0.000228 -0.000823
                                 0.006086 -0.013283  0.015835  0.015998 -0.064924  0.008804  0.188558 -0.118022  0.220399 -4.801979
                                -0.230803 -0.663223  5.514660  0.600015 -0.072664  0.017170  0.000000  0.000000 -0.000000 -0.000000
                                 0.000000  0.000000 -0.000000 -0.000000 -0.000000 -0.000000 -0.000000 -0.000000 -0.000000 -0.000000
                                -0.000000 -0.000000 -0.000000  0.000000 -0.000000  0.000000 -0.000000  0.000000 -0.000000 -0.000000
                                -0.000000  0.000000  0.000000  0.000000 -0.000000  0.000000 -0.000000  0.000000  0.000000  0.000000
                                -0.000000  0.000000 -0.000000

                                   1 3d1+    1 3d1+    1 3d1+    1 3d1+    1 3d1+    1 3d1+    1 3d1+    1 3d1+    1 3d1+    1 3d1+ 
                                   1 3d1+    1 3d1+    1 3d1+    1 3d1+    1 3d1+    1 3d1+    1 3d1+    1 3d1+    1 3d1+    1 5g1+ 
                                   1 5g3+    1 5g1+    1 5g3+    1 5g1+    1 5g3+    1 5g1+    1 5g3+    1 5g1+    1 5g3+    1 5g1+ 
                                   1 5g3+ 

   1.6   0    -0.6134  -12.5509 -0.000015  0.000077 -0.000276  0.000875 -0.002905  0.015446 -0.039876  0.037970 -0.019909 -0.062769
                                 0.376026  0.538985  0.314067 -0.176775  0.279317 -0.135439  0.026540 -0.009607  0.002580  0.000000
                                 0.000000 -0.000000 -0.000000 -0.000000 -0.000000  0.000000  0.000000 -0.000000 -0.000000  0.000000
                                 0.000000

   2.6   0    -0.1877   -4.3671  0.000005 -0.000024  0.000087 -0.000276  0.000916 -0.004870  0.012583 -0.012033  0.006619  0.017493
                                -0.112725 -0.179097 -0.045607  0.540096 -0.344202  0.720626  0.193388  0.003916  0.000103 -0.000000
                                -0.000000 -0.000000 -0.000000 -0.000000 -0.000000  0.000000  0.000000  0.000000  0.000000  0.000000
                                 0.000000

                                   1 3d1-    1 3d1-    1 3d1-    1 3d1-    1 3d1-    1 3d1-    1 3d1-    1 3d1-    1 3d1-    1 3d1- 
                                   1 3d1-    1 3d1-    1 3d1-    1 3d1-    1 3d1-    1 3d1-    1 3d1-    1 3d1-    1 3d1-    1 5g1- 
                                   1 5g3-    1 5g1-    1 5g3-    1 5g1-    1 5g3-    1 5g1-    1 5g3-    1 5g1-    1 5g3-    1 5g1- 
                                   1 5g3- 

   1.7   0    -0.6134  -12.5509 -0.000015  0.000077 -0.000276  0.000875 -0.002905  0.015446 -0.039876  0.037970 -0.019909 -0.062769
                                 0.376026  0.538985  0.314067 -0.176775  0.279317 -0.135439  0.026540 -0.009607  0.002580  0.000000
                                -0.000000 -0.000000  0.000000 -0.000000  0.000000  0.000000 -0.000000 -0.000000  0.000000  0.000000
                                -0.000000

   2.7   0    -0.1877   -4.3671  0.000005 -0.000024  0.000087 -0.000276  0.000916 -0.004870  0.012583 -0.012033  0.006619  0.017493
                                -0.112725 -0.179097 -0.045607  0.540096 -0.344202  0.720626  0.193388  0.003916  0.000103 -0.000000
                                 0.000000 -0.000000  0.000000 -0.000000  0.000000  0.000000 -0.000000  0.000000 -0.000000  0.000000
                                -0.000000

                                   1 4f2-    1 4f2-    1 4f2-    1 4f2-    1 4f2-    1 4f2-    1 4f2-    1 4f2-    1 4f2-    1 4f2- 
                                   1 4f2-    1 4f2-    1 4f2-    1 4f2-    1 6h4-    1 6h2-    1 6h4-    1 6h2-    1 6h4-    1 6h2- 


   1.8   2    -0.9160  -18.3490 -0.000022  0.000117  0.000021  0.043928  0.029125  0.217261  0.265707  0.355684  0.304958  0.153725
                                 0.030269 -0.007492  0.003112 -0.000931 -0.000000 -0.000000  0.000000  0.000000  0.000000  0.000000

   2.8   0    -0.1268   -3.2592 -0.000001  0.000007 -0.000070 -0.002018 -0.002837 -0.011829 -0.016560 -0.018806 -0.015184  0.012801
                                 0.076547  0.196618  0.451238  0.431667  0.000000  0.000000 -0.000000 -0.000000  0.000000  0.000000

   3.8   0    -0.0717   -2.7063 -0.000003  0.000017 -0.000042  0.003474  0.001480  0.015822  0.018390  0.024968  0.012227 -0.002783
                                -0.198374 -0.014997 -1.151483  1.421354 -0.000000 -0.000000  0.000000  0.000000 -0.000000 -0.000000

 HOMO      2.1    -0.722531 =     -19.6611eV
 LUMO      1.4    -0.613402 =     -16.6915eV
 LUMO-HOMO         0.109129 =       2.9696eV


 **********************************************************************************************************************************
 DATASETS  * FILE   NREC   LENGTH (MB)   RECORD NAMES
              1      19       20.98       500      610      700      900      950      970     1000      129      960     1100   
                                          VAR    BASINP    GEOM    SYMINP    ZMAT    AOBASIS   BASIS     P2S    ABASIS      S 
                                         1400     1410     1420     1200     1210     1080     1600     1650     1700   
                                           T        V       ECP      H0       H01     AOSYM     SMH    MOLCAS    OPER   

              2       5        6.05       200      700     1000      520     4202   
                                        OPTIONS   GEOM     BASIS   MCVARS     RHF  

 PROGRAMS   *        TOTAL       RHF       INT
 CPU TIMES  *        65.27      1.69     63.28
 REAL TIME  *        71.82 SEC
 DISK USED  *         5.78 GB      
 SF USED    *         0.09 MB      
 GA USED    *         0.00 MB       (max)       0.00 MB       (current)
 **********************************************************************************************************************************


 PROGRAM * POP (Mulliken population analysis)

 
 Density matrix read from record         4202.2  Type=RHF/CHARGE (state 1.1)
 
 Population analysis by basis function type

 Unique atom        s        p        d        f        g    Total    Charge
   1  LU      3.00000  6.00000  0.00000 14.00000  0.00000 23.00000  + 2.00000


 **********************************************************************************************************************************
 DATASETS  * FILE   NREC   LENGTH (MB)   RECORD NAMES
              1      19       20.98       500      610      700      900      950      970     1000      129      960     1100   
                                          VAR    BASINP    GEOM    SYMINP    ZMAT    AOBASIS   BASIS     P2S    ABASIS      S 
                                         1400     1410     1420     1200     1210     1080     1600     1650     1700   
                                           T        V       ECP      H0       H01     AOSYM     SMH    MOLCAS    OPER   

              2       5        6.05       200      700     1000      520     4202   
                                        OPTIONS   GEOM     BASIS   MCVARS     RHF  

 PROGRAMS   *        TOTAL       POP       RHF       INT
 CPU TIMES  *        65.27      0.00      1.69     63.28
 REAL TIME  *        71.84 SEC
 DISK USED  *         5.78 GB      
 SF USED    *         0.09 MB      
 GA USED    *         0.00 MB       (max)       0.00 MB       (current)
 **********************************************************************************************************************************


 PROGRAM * MULTI (Direct Multiconfiguration SCF)       Authors: P.J. Knowles, H.-J. Werner (1984)     S.T. Elbert (1988)


 Number of closed-shell orbitals:  11 (   1   3   3   0   3   0   0   1 )
 Number of active  orbitals:        1 (   1   0   0   0   0   0   0   0 )
 Number of external orbitals:     377 (  85  60  60  31  60  31  31  19 )

 State symmetry 1

 Number of electrons:     1    Spin symmetry=Doublet   Space symmetry=1
 Number of states:        1
 Number of CSFs:          1   (1 determinants, 1 intermediate states)

 Molecular orbitals read from record     4202.2  Type=RHF/CANONICAL (state 1.1)

 EXTRA SYMMETRY OF MOS IN SYMMETRY 1:   1 1 2 3 1 2 3 1 3 2   1 2 3 1 2 3 4 6 5 1   2 3 1 4 6 5 2 3 1 2   3 4 6 5 1 4 6 5 2 3
                                        1 6 5 4 1 2 3 1 5 6   4 3 2 1 3 2 1 3 2 1   3 2 1 3 2 1 2 3 1 1   2 3 1 2 3 1 1 2 3 1
                                        1 1 1 1 1 1 1
 *** IN SYMMETRY 2 ORBITAL  2 SYMMETRY CONTAMINATION OF 0.438D+00 HAS BEEN REMOVED
 *** IN SYMMETRY 2 ORBITAL  3 SYMMETRY CONTAMINATION OF 0.438D+00 HAS BEEN REMOVED
 EXTRA SYMMETRY OF MOS IN SYMMETRY 2:   1 2 3 1 1 2 3 1 2 3   1 1 2 3 1 2 3 1 2 3   1 4 6 5 2 3 1 5 4 6   2 3 1 1 2 3 5 6 4 1
                                        2 3 1 1 2 3 1 2 3 1   1 2 3 1 2 3 1 1 1 1   1 1 1
 *** IN SYMMETRY 3 ORBITAL  2 SYMMETRY CONTAMINATION OF 0.437D+00 HAS BEEN REMOVED
 *** IN SYMMETRY 3 ORBITAL  3 SYMMETRY CONTAMINATION OF 0.437D+00 HAS BEEN REMOVED
 EXTRA SYMMETRY OF MOS IN SYMMETRY 3:   1 2 3 1 1 2 3 1 2 3   1 1 2 3 1 2 3 1 2 3   1 4 6 5 2 3 1 5 6 4   2 3 1 1 2 3 5 6 4 1
                                        2 3 1 1 2 3 1 2 3 1   1 2 3 1 2 3 1 1 1 1   1 1 1
 EXTRA SYMMETRY OF MOS IN SYMMETRY 4:   1 1 1 1 1 3 2 1 3 2   1 1 3 2 2 3 1 2 3 1   2 3 1 1 1 1 1 1 1 1   1
 *** IN SYMMETRY 5 ORBITAL  2 SYMMETRY CONTAMINATION OF 0.144D-02 HAS BEEN REMOVED
 *** IN SYMMETRY 5 ORBITAL  3 SYMMETRY CONTAMINATION OF 0.144D-02 HAS BEEN REMOVED
 EXTRA SYMMETRY OF MOS IN SYMMETRY 5:   1 3 2 1 1 2 3 1 3 2   1 1 3 2 1 3 2 1 3 2   1 6 4 5 3 2 1 5 4 6   3 2 1 1 3 2 5 4 6 1
                                        3 2 1 1 3 2 1 3 2 1   1 3 2 1 3 2 1 1 1 1   1 1 1
 EXTRA SYMMETRY OF MOS IN SYMMETRY 6:   1 1 1 1 1 2 3 1 2 3   1 1 2 3 2 3 1 2 3 1   3 2 1 1 1 1 1 1 1 1   1
 EXTRA SYMMETRY OF MOS IN SYMMETRY 7:   1 1 1 1 1 2 3 1 2 3   1 1 2 3 3 2 1 3 2 1   3 2 1 1 1 1 1 1 1 1   1
 EXTRA SYMMETRY OF MOS IN SYMMETRY 8:   1 1 1 1 1 1 3 2 1 3   2 1 1 2 3 1 1 1 1 1

 Wavefunction dump at record             5202.2

 Convergence thresholds  0.10E-01 (gradient)  0.10E-05 (energy)  0.10E-02 (step length)

 Number of orbital rotations:      730   (     1 Core/Active    644 Core/Virtual   0 Active/Active     85 Active/Virtual)
 Total number of variables:        731


 ITER. MIC  NCI  NEG     ENERGY(VAR)     ENERGY(PROJ)   ENERGY CHANGE     GRAD(0)  GRAD(ORB)   GRAD(CI)     STEP       TIME

   1   27    4    0    -209.65972422    -209.65972422   -0.00000000    0.00000128 0.00000000 0.00000000  0.63D-06      0.63

 ** WVFN ****  CONVERGENCE REACHED, FINAL GRADIENT:  0.74D-10


 First order charge density matrix for state 1.1 saved on record  5202.2 (density set 1)

 Results for state 1.1
 =====================

 !MCSCF STATE 1.1 Energy             -209.659724219698
 Nuclear energy                         0.00000000
 Kinetic energy                       172.82149080
 One electron energy                 -385.05186066
 Two electron energy                  175.39213644
 Virial ratio                           2.21315771

 !MCSCF STATE 1.1 Dipole moment         0.00000000     0.00000000     0.00000000
 Dipole moment /Debye                   0.00000000     0.00000000     0.00000000


 NATURAL ORBITALS
 ================

   Orb     Occ        Energy       Coefficients

                                   1 1s      1 1s      1 1s      1 1s      1 1s      1 1s      1 1s      1 1s      1 1s      1 1s   
                                   1 1s      1 1s      1 1s      1 1s      1 1s      1 1s      1 1s      1 1s      1 1s      1 1s   
                                   1 1s      1 1s      1 1s      1 1s      1 1s      1 1s      1 1s      1 1s      1 1s      1 1s   
                                   1 1s      1 3d0     1 3d2+    1 3d0     1 3d2+    1 3d0     1 3d2+    1 3d0     1 3d2+    1 3d0  
                                   1 3d2+    1 3d0     1 3d2+    1 3d0     1 3d2+    1 3d0     1 3d2+    1 3d0     1 3d2+    1 3d0  
                                   1 3d2+    1 3d0     1 3d2+    1 3d0     1 3d2+    1 3d0     1 3d2+    1 3d0     1 3d2+    1 3d0  
                                   1 3d2+    1 3d0     1 3d2+    1 3d0     1 3d2+    1 3d0     1 3d2+    1 3d0     1 3d2+    1 5g0  
                                   1 5g4+    1 5g2+    1 5g0     1 5g4+    1 5g2+    1 5g0     1 5g4+    1 5g2+    1 5g0     1 5g4+ 
                                   1 5g2+    1 5g0     1 5g4+    1 5g2+    1 5g0     1 5g4+    1 5g2+ 

   1.1  2.00000    -3.433786    -0.000000  0.000001 -0.000004  0.000012 -0.000032  0.000093 -0.000310  0.001756  0.005788 -0.004182
                                 0.006399 -0.012623 -0.005459  0.035381 -0.189364  0.226711 -0.129720  0.461656 -1.051755  0.064127
                                 1.003031  0.345601  0.031583 -0.022895  0.039734 -0.060969  0.046286 -0.018462  0.007164 -0.001857
                                 0.000332  0.000000  0.000000  0.000000  0.000000  0.000000  0.000000  0.000000  0.000000  0.000000
                                 0.000000  0.000000  0.000000  0.000000  0.000000  0.000000  0.000000  0.000000  0.000000  0.000000
                                 0.000000  0.000000  0.000000  0.000000  0.000000  0.000000  0.000000  0.000000  0.000000  0.000000
                                 0.000000  0.000000  0.000000  0.000000  0.000000  0.000000  0.000000  0.000000  0.000000  0.000000
                                 0.000000  0.000000  0.000000  0.000000  0.000000  0.000000  0.000000  0.000000  0.000000  0.000000
                                 0.000000  0.000000  0.000000  0.000000  0.000000  0.000000  0.000000

   2.1  1.00000    -0.584806    -0.000000  0.000000 -0.000001  0.000002 -0.000004  0.000012 -0.000040  0.000227  0.000750 -0.000546
                                 0.000847 -0.001714 -0.000706  0.004964 -0.021268  0.015705 -0.001084  0.153623 -0.456956  0.067309
                                 0.529393  0.521788 -0.105064 -0.864317 -0.568646  0.290601 -0.184330  0.060884 -0.021657  0.005335
                                -0.000929  0.000000  0.000000  0.000000  0.000000  0.000000  0.000000  0.000000  0.000000  0.000000
                                 0.000000  0.000000  0.000000  0.000000  0.000000  0.000000  0.000000  0.000000  0.000000  0.000000
                                 0.000000  0.000000  0.000000  0.000000  0.000000  0.000000  0.000000  0.000000  0.000000  0.000000
                                 0.000000  0.000000  0.000000  0.000000  0.000000  0.000000  0.000000  0.000000  0.000000  0.000000
                                 0.000000  0.000000  0.000000  0.000000  0.000000  0.000000  0.000000  0.000000  0.000000  0.000000
                                 0.000000  0.000000  0.000000  0.000000  0.000000  0.000000  0.000000

                                   1 2px     1 2px     1 2px     1 2px     1 2px     1 2px     1 2px     1 2px     1 2px     1 2px  
                                   1 2px     1 2px     1 2px     1 2px     1 2px     1 2px     1 2px     1 2px     1 2px     1 2px  
                                   1 2px     1 2px     1 2px     1 2px     1 2px     1 2px     1 4f1+    1 4f3+    1 4f1+    1 4f3+ 
                                   1 4f1+    1 4f3+    1 4f1+    1 4f3+    1 4f1+    1 4f3+    1 4f1+    1 4f3+    1 4f1+    1 4f3+ 
                                   1 4f1+    1 4f3+    1 4f1+    1 4f3+    1 4f1+    1 4f3+    1 4f1+    1 4f3+    1 4f1+    1 4f3+ 
                                   1 4f1+    1 4f3+    1 4f1+    1 4f3+    1 6h1+    1 6h3+    1 6h5+    1 6h1+    1 6h3+    1 6h5+ 
                                   1 6h1+    1 6h3+    1 6h5+ 

   1.2  2.00000    -2.308929    -0.000000  0.000000 -0.000002  0.000006 -0.000020  0.000058 -0.000162  0.000446 -0.001351  0.004999
                                -0.045632  0.120619 -0.246847  0.512125 -0.646194  0.145923  0.681815 -0.003490  0.382958  0.012041
                                 0.032188 -0.001558 -0.011573  0.000063 -0.000000 -0.000003  0.000000  0.000000  0.000000  0.000000
                                 0.000000  0.000000  0.000000  0.000000  0.000000  0.000000  0.000000  0.000000  0.000000  0.000000
                                 0.000000  0.000000  0.000000  0.000000  0.000000  0.000000  0.000000  0.000000  0.000000  0.000000
                                 0.000000  0.000000  0.000000  0.000000  0.000000  0.000000  0.000000  0.000000  0.000000  0.000000
                                 0.000000  0.000000  0.000000

   2.2  2.00000    -0.915994     0.000000  0.000000  0.000000  0.000000  0.000000  0.000000  0.000000  0.000000  0.000000  0.000000
                                 0.000000  0.000000  0.000000  0.000000  0.000000  0.000000  0.000000  0.000000  0.000000  0.000000
                                 0.000000  0.000000  0.000000  0.000000  0.000000  0.000000  0.000000  0.000022  0.000000 -0.000117
                                 0.000000 -0.000021  0.000000 -0.043928  0.000000 -0.029125  0.000000 -0.217261  0.000000 -0.265707
                                 0.000000 -0.355684  0.000000 -0.304958  0.000000 -0.153725  0.000000 -0.030268  0.000000  0.007492
                                 0.000000 -0.003112  0.000000  0.000931  0.000000  0.000000  0.000000  0.000000  0.000000  0.000000
                                 0.000000  0.000000  0.000000

   3.2  2.00000    -0.915994     0.000000  0.000000  0.000000  0.000000  0.000000  0.000000  0.000000  0.000000  0.000000  0.000000
                                 0.000000  0.000000  0.000000  0.000000  0.000000  0.000000  0.000000  0.000000  0.000000  0.000000
                                 0.000000  0.000000  0.000000  0.000000  0.000000  0.000000 -0.000022  0.000000  0.000117  0.000000
                                 0.000021  0.000000  0.043928  0.000000  0.029125  0.000000  0.217261  0.000000  0.265707  0.000000
                                 0.355684  0.000000  0.304958  0.000000  0.153725  0.000000  0.030268  0.000000 -0.007492  0.000000
                                 0.003112  0.000000 -0.000931  0.000000  0.000000  0.000000  0.000000  0.000000  0.000000  0.000000
                                 0.000000  0.000000  0.000000

                                   1 2py     1 2py     1 2py     1 2py     1 2py     1 2py     1 2py     1 2py     1 2py     1 2py  
                                   1 2py     1 2py     1 2py     1 2py     1 2py     1 2py     1 2py     1 2py     1 2py     1 2py  
                                   1 2py     1 2py     1 2py     1 2py     1 2py     1 2py     1 4f1-    1 4f3-    1 4f1-    1 4f3- 
                                   1 4f1-    1 4f3-    1 4f1-    1 4f3-    1 4f1-    1 4f3-    1 4f1-    1 4f3-    1 4f1-    1 4f3- 
                                   1 4f1-    1 4f3-    1 4f1-    1 4f3-    1 4f1-    1 4f3-    1 4f1-    1 4f3-    1 4f1-    1 4f3- 
                                   1 4f1-    1 4f3-    1 4f1-    1 4f3-    1 6h1-    1 6h3-    1 6h5-    1 6h1-    1 6h3-    1 6h5- 
                                   1 6h1-    1 6h3-    1 6h5- 

   1.3  2.00000    -2.308929    -0.000000  0.000000 -0.000002  0.000006 -0.000020  0.000058 -0.000162  0.000446 -0.001351  0.004999
                                -0.045632  0.120619 -0.246847  0.512125 -0.646194  0.145923  0.681815 -0.003490  0.382958  0.012041
                                 0.032188 -0.001558 -0.011573  0.000063 -0.000000 -0.000003  0.000000  0.000000  0.000000  0.000000
                                 0.000000  0.000000  0.000000  0.000000  0.000000  0.000000  0.000000  0.000000  0.000000  0.000000
                                 0.000000  0.000000  0.000000  0.000000  0.000000  0.000000  0.000000  0.000000  0.000000  0.000000
                                 0.000000  0.000000  0.000000  0.000000  0.000000  0.000000  0.000000  0.000000  0.000000  0.000000
                                 0.000000  0.000000  0.000000

   2.3  2.00000    -0.915994     0.000000  0.000000  0.000000  0.000000  0.000000  0.000000  0.000000  0.000000  0.000000  0.000000
                                 0.000000  0.000000  0.000000  0.000000  0.000000  0.000000  0.000000  0.000000  0.000000  0.000000
                                 0.000000  0.000000  0.000000  0.000000  0.000000  0.000000  0.000000 -0.000022  0.000000  0.000117
                                 0.000000  0.000021  0.000000  0.043928  0.000000  0.029125  0.000000  0.217261  0.000000  0.265707
                                 0.000000  0.355684  0.000000  0.304958  0.000000  0.153725  0.000000  0.030268  0.000000 -0.007492
                                 0.000000  0.003112  0.000000 -0.000931  0.000000  0.000000  0.000000  0.000000  0.000000  0.000000
                                 0.000000  0.000000  0.000000

   3.3  2.00000    -0.915994     0.000000  0.000000  0.000000  0.000000  0.000000  0.000000  0.000000  0.000000  0.000000  0.000000
                                 0.000000  0.000000  0.000000  0.000000  0.000000  0.000000  0.000000  0.000000  0.000000  0.000000
                                 0.000000  0.000000  0.000000  0.000000  0.000000  0.000000 -0.000022  0.000000  0.000117  0.000000
                                 0.000021  0.000000  0.043928  0.000000  0.029125  0.000000  0.217261  0.000000  0.265707  0.000000
                                 0.355684  0.000000  0.304958  0.000000  0.153725  0.000000  0.030268  0.000000 -0.007492  0.000000
                                 0.003112  0.000000 -0.000931  0.000000  0.000000  0.000000  0.000000  0.000000  0.000000  0.000000
                                 0.000000  0.000000  0.000000

                                   1 2pz     1 2pz     1 2pz     1 2pz     1 2pz     1 2pz     1 2pz     1 2pz     1 2pz     1 2pz  
                                   1 2pz     1 2pz     1 2pz     1 2pz     1 2pz     1 2pz     1 2pz     1 2pz     1 2pz     1 2pz  
                                   1 2pz     1 2pz     1 2pz     1 2pz     1 2pz     1 2pz     1 4f0     1 4f2+    1 4f0     1 4f2+ 
                                   1 4f0     1 4f2+    1 4f0     1 4f2+    1 4f0     1 4f2+    1 4f0     1 4f2+    1 4f0     1 4f2+ 
                                   1 4f0     1 4f2+    1 4f0     1 4f2+    1 4f0     1 4f2+    1 4f0     1 4f2+    1 4f0     1 4f2+ 
                                   1 4f0     1 4f2+    1 4f0     1 4f2+    1 6h2+    1 6h4+    1 6h0     1 6h2+    1 6h4+    1 6h0  
                                   1 6h2+    1 6h4+    1 6h0  

   1.5  2.00000    -2.308929    -0.000000  0.000000 -0.000002  0.000006 -0.000020  0.000058 -0.000162  0.000446 -0.001351  0.004999
                                -0.045632  0.120619 -0.246847  0.512125 -0.646194  0.145923  0.681815 -0.003490  0.382958  0.012041
                                 0.032188 -0.001558 -0.011573  0.000063 -0.000000 -0.000003  0.000000  0.000000  0.000000  0.000000
                                 0.000000  0.000000  0.000000  0.000000  0.000000  0.000000  0.000000  0.000000  0.000000  0.000000
                                 0.000000  0.000000  0.000000  0.000000  0.000000  0.000000  0.000000  0.000000  0.000000  0.000000
                                 0.000000  0.000000  0.000000  0.000000  0.000000  0.000000  0.000000  0.000000  0.000000  0.000000
                                 0.000000  0.000000  0.000000

   2.5  2.00000    -0.915994    -0.000000  0.000000 -0.000000  0.000000 -0.000000  0.000000 -0.000000  0.000000 -0.000000  0.000000
                                -0.000000  0.000000 -0.000000  0.000000 -0.000000  0.000000  0.000000 -0.000000  0.000000  0.000000
                                 0.000000 -0.000000 -0.000000  0.000000 -0.000000 -0.000000 -0.000022  0.000000  0.000117  0.000000
                                 0.000021  0.000000  0.043928  0.000000  0.029125  0.000000  0.217261  0.000000  0.265707  0.000000
                                 0.355684  0.000000  0.304958  0.000000  0.153725  0.000000  0.030268  0.000000 -0.007492  0.000000
                                 0.003112  0.000000 -0.000931  0.000000  0.000000  0.000000  0.000000  0.000000  0.000000  0.000000
                                 0.000000  0.000000  0.000000

   3.5  2.00000    -0.915994     0.000000  0.000000  0.000000  0.000000  0.000000  0.000000  0.000000  0.000000  0.000000  0.000000
                                 0.000000  0.000000  0.000000  0.000000  0.000000  0.000000  0.000000  0.000000  0.000000  0.000000
                                 0.000000  0.000000  0.000000  0.000000  0.000000  0.000000  0.000000 -0.000022  0.000000  0.000117
                                 0.000000  0.000021  0.000000  0.043928  0.000000  0.029125  0.000000  0.217261  0.000000  0.265707
                                 0.000000  0.355684  0.000000  0.304958  0.000000  0.153725  0.000000  0.030268  0.000000 -0.007492
                                 0.000000  0.003112  0.000000 -0.000931  0.000000  0.000000  0.000000  0.000000  0.000000  0.000000
                                 0.000000  0.000000  0.000000

                                   1 4f2-    1 4f2-    1 4f2-    1 4f2-    1 4f2-    1 4f2-    1 4f2-    1 4f2-    1 4f2-    1 4f2- 
                                   1 4f2-    1 4f2-    1 4f2-    1 4f2-    1 6h4-    1 6h2-    1 6h4-    1 6h2-    1 6h4-    1 6h2- 


   1.8  2.00000    -0.915994    -0.000022  0.000117  0.000021  0.043928  0.029125  0.217261  0.265707  0.355684  0.304958  0.153725
                                 0.030268 -0.007492  0.003112 -0.000931  0.000000  0.000000  0.000000  0.000000  0.000000  0.000000

 Total charge:   2.000000000000
 

 EXTRA SYMMETRY OF MOS IN SYMMETRY 1:   1 1 3 2 1 3 2 1 3 2   1 3 2 1 2 3 6 5 4 1   2 3 1 5 4 6 2 3 1 3   2 5 6 4 1 6 5 4 2 3
                                        1 4 6 5 1 2 3 1 6 4   5 2 3 1 2 3 1 3 2 1   3 2 1 3 2 1 3 2 1 1   2 3 1 2 3 1 1 2 3 1
                                        1 1 1 1 1 1 1
 EXTRA SYMMETRY OF MOS IN SYMMETRY 2:   1 3 2 1 1 3 2 1 3 2   1 1 3 2 1 3 2 1 3 2   1 6 5 4 3 2 1 6 5 4   2 3 1 1 3 2 5 6 4 1
                                        3 2 1 1 3 2 1 3 2 1   1 2 3 1 2 3 1 1 1 1   1 1 1
 EXTRA SYMMETRY OF MOS IN SYMMETRY 3:   1 3 2 1 1 3 2 1 3 2   1 1 3 2 1 2 3 1 3 2   1 4 6 5 2 3 1 5 6 4   3 2 1 1 3 2 6 5 4 1
                                        3 2 1 1 3 2 1 3 2 1   1 3 2 1 3 2 1 1 1 1   1 1 1
 EXTRA SYMMETRY OF MOS IN SYMMETRY 4:   1 1 1 1 1 3 2 1 2 3   1 1 3 2 3 2 1 3 2 1   3 2 1 1 1 1 1 1 1 1   1
 EXTRA SYMMETRY OF MOS IN SYMMETRY 5:   1 2 3 1 1 3 2 1 3 2   1 1 2 3 1 2 3 1 2 3   1 6 4 5 3 2 1 6 4 5   2 3 1 1 2 3 6 4 5 1
                                        2 3 1 1 2 3 1 2 3 1   1 2 3 1 3 2 1 1 1 1   1 1 1
 EXTRA SYMMETRY OF MOS IN SYMMETRY 6:   1 1 1 1 1 2 3 1 3 2   1 1 2 3 2 3 1 2 3 1   2 3 1 1 1 1 1 1 1 1   1
 EXTRA SYMMETRY OF MOS IN SYMMETRY 7:   1 1 1 1 1 3 2 1 2 3   1 1 2 3 2 3 1 2 3 1   2 3 1 1 1 1 1 1 1 1   1

 Natural orbital dump at molpro section  5202.2    (Orbital set 2)


 CI vector
 =========

 a             1.0000000

 TOTAL ENERGIES                      -209.65972422



 **********************************************************************************************************************************
 DATASETS  * FILE   NREC   LENGTH (MB)   RECORD NAMES
              1      20       39.76       500      610      700      900      950      970     1000      129      960     1100   
                                          VAR    BASINP    GEOM    SYMINP    ZMAT    AOBASIS   BASIS     P2S    ABASIS      S 
                                         1400     1410     1420     1200     1210     1080     1600     1650     1700     1380   
                                           T        V       ECP      H0       H01     AOSYM     SMH    MOLCAS    OPER     JKOP   

              2       6        9.38       200      700     1000      520     4202     5202   
                                        OPTIONS   GEOM     BASIS   MCVARS     RHF     MCSCF   

 PROGRAMS   *        TOTAL     MULTI       POP       RHF       INT
 CPU TIMES  *        67.29      2.00      0.00      1.69     63.28
 REAL TIME  *        74.34 SEC
 DISK USED  *         5.78 GB      
 SF USED    *        77.27 MB      
 GA USED    *         0.00 MB       (max)       0.00 MB       (current)
 **********************************************************************************************************************************


 PROGRAM * RHF-SCF (OPEN SHELL)       Authors: W. Meyer, H.-J. Werner


 NUMBER OF ELECTRONS:      12+   11-    SPACE SYMMETRY=1    SPIN SYMMETRY: Doublet 
 CONVERGENCE THRESHOLDS:    1.00E-05 (Density)    1.00E-07 (Energy)
 MAX. NUMBER OF ITERATIONS:        0
 INTERPOLATION TYPE:            DIIS
 INTERPOLATION STEPS:              2 (START)      1 (STEP)
 LEVEL SHIFTS:                 -0.60 (CLOSED) -0.30 (OPEN) 

 Number of closed-shell orbitals:   11 (   1   3   3   0   3   0   0   1 )
 Number of open-shell orbitals:      1 (   1   0   0   0   0   0   0   0 )


 Molecular orbitals read from record     5202.2  Type=MCSCF/NATURAL (state 1.1)

 Molecular orbital dump at record        2116.2

 ITERATION    DDIFF          GRAD             ENERGY        2-EL.EN.            DIPOLE MOMENTS         DIIS   ORB.
    1      0.000D+00      0.000D+00      -209.65972422    350.784273    0.00000    0.00000    0.00000    0    start

 Final alpha occupancy:   2   3   3   0   3   0   0   1
 Final beta  occupancy:   1   3   3   0   3   0   0   1

 !RHF STATE 1.1 Energy               -209.659724219698
 Nuclear energy                         0.00000000
 One-electron energy                 -385.05186066
 Two-electron energy                  175.39213644
 Virial quotient                       -1.21315771
 !RHF STATE 1.1 Dipole moment           0.00000000     0.00000000     0.00000000
 Dipole moment /Debye                   0.00000000     0.00000000     0.00000000

 Orbital energies:

         1.1          2.1          3.1          4.1
     -3.433786    -0.584806    -0.605326    -0.605326

         1.2          2.2          3.2          4.2          5.2
     -2.308929    -0.915994    -0.915994    -0.341644    -0.161222

         1.3          2.3          3.3          4.3          5.3
     -2.308929    -0.915994    -0.915994    -0.341644    -0.161222

         1.4          2.4
     -0.605326    -0.185596

         1.5          2.5          3.5          4.5          5.5
     -2.308929    -0.915994    -0.915994    -0.341644    -0.161222

         1.6          2.6
     -0.605326    -0.185596

         1.7          2.7
     -0.605326    -0.185596

         1.8          2.8          3.8
     -0.915994    -0.126060    -0.070828

 HOMO      2.1    -0.584806 =     -15.9134eV
 LUMO      3.1    -0.605326 =     -16.4718eV
 LUMO-HOMO        -0.020520 =      -0.5584eV


 **********************************************************************************************************************************
 DATASETS  * FILE   NREC   LENGTH (MB)   RECORD NAMES
              1      20       39.76       500      610      700      900      950      970     1000      129      960     1100   
                                          VAR    BASINP    GEOM    SYMINP    ZMAT    AOBASIS   BASIS     P2S    ABASIS      S 
                                         1400     1410     1420     1200     1210     1080     1600     1650     1700     1380   
                                           T        V       ECP      H0       H01     AOSYM     SMH    MOLCAS    OPER     JKOP   

              2       7       12.62       200      700     1000      520     4202     5202     2116   
                                        OPTIONS   GEOM     BASIS   MCVARS     RHF     MCSCF     RHF  

 PROGRAMS   *        TOTAL       RHF     MULTI       POP       RHF       INT
 CPU TIMES  *        67.40      0.11      2.00      0.00      1.69     63.28
 REAL TIME  *        74.51 SEC
 DISK USED  *         5.78 GB      
 SF USED    *        77.27 MB      
 GA USED    *         0.00 MB       (max)       0.00 MB       (current)
 **********************************************************************************************************************************
 SETTING SCF(7)         =      -209.65972422  AU                              
 SETTING _CC_NORM_MAX   =         2.00000000                                  


 PROGRAM * CCSD (Restricted open-shell coupled cluster)     Authors: C. Hampel, H.-J. Werner, 1991, M. Deegan, P.J. Knowles, 1992


 Convergence thresholds:  THRVAR = 1.00D-08  THRDEN = 1.00D-06

 CCSD(T)     terms to be evaluated (factor= 1.000)


 Number of closed-shell orbitals:  11 (   1   3   3   0   3   0   0   1 )
 Number of active  orbitals:        1 (   1   0   0   0   0   0   0   0 )
 Number of external orbitals:     377 (  85  60  60  31  60  31  31  19 )

 Memory could be reduced to 139.16 Mwords without degradation in triples

 Number of N-1 electron functions:              23
 Number of N-2 electron functions:             253
 Number of singly external CSFs:              1376
 Number of doubly external CSFs:           3482476
 Total number of CSFs:                     3483852

 Molecular orbitals read from record     2116.2  Type=RHF/CANONICAL (state 1.1)

 Integral transformation finished. Total CPU:   2.70 sec, npass=  1  Memory used:  26.24 MW

 Starting RMP2 calculation

 Wavefunction is spin-projected

 ITER.      SQ.NORM     CORR.ENERGY   TOTAL ENERGY   ENERGY CHANGE        DEN1      VAR(S)    VAR(P)  DIIS     TIME
   1      1.87095928    -2.65731974  -212.31704396    -2.65731974    -0.06636683  0.25D-05  0.46D-01  1  1     3.13
   2      2.04387623    -2.74103759  -212.40076181    -0.08371786    -0.00398977  0.17D-07  0.34D-02  2  2     3.49
   3      2.11024917    -2.76182530  -212.42154952    -0.02078771    -0.00004543  0.42D-08  0.26D-04  3  3     4.01
   4      2.11370271    -2.76242281  -212.42214703    -0.00059750    -0.00000049  0.80D-10  0.28D-06  4  4     4.41
   5      2.11378094    -2.76243306  -212.42215728    -0.00001025    -0.00000001  0.86D-12  0.53D-08  5  5     4.84
   6      2.11378424    -2.76243384  -212.42215806    -0.00000078    -0.00000000  0.65D-14  0.14D-09  6  6     5.29

 Norm of t1 vector:      0.00895264      S-energy:    -0.00016824      T1 diagnostic:  0.00001560
 Norm of t2 vector:      1.05532180      P-energy:    -2.76226560
                                         Alpha-Beta:  -1.82025198
                                         Alpha-Alpha: -0.49107841
                                         Beta-Beta:   -0.45093521

 Spin contamination <S**2-Sz**2-Sz>     0.00000000
  Reference energy                   -209.659724219698
  RHF-RMP2 correlation energy          -2.762433839610
 !RHF-RMP2 energy                    -212.422158059308
 (NB above energy spin projected)

 Starting RCCSD calculation

 ITER.      SQ.NORM     CORR.ENERGY   TOTAL ENERGY   ENERGY CHANGE        DEN1      VAR(S)    VAR(P)  DIIS     TIME
   1      1.25789368    -1.59912846  -211.25885268    -1.59912846    -0.36884857  0.39D-02  0.93D-01  0  0     7.79
   2      1.43135012    -1.96318604  -211.62291025    -0.36405758    -0.07499173  0.14D-02  0.27D-01  0  0     9.99
   3      1.38457395    -1.81824468  -211.47796890     0.14494135    -0.01664948  0.88D-03  0.49D-02  1  1    12.28
   4      1.41604827    -1.86673620  -211.52646042    -0.04849152    -0.00150368  0.48D-04  0.11D-02  2  2    14.60
   5      1.44151620    -1.87157908  -211.53130330    -0.00484287    -0.00069765  0.14D-04  0.54D-03  3  3    17.02
   6      1.48002791    -1.87608991  -211.53581413    -0.00451083    -0.00017538  0.43D-05  0.13D-03  4  4    19.48
   7      1.50399457    -1.87887499  -211.53859921    -0.00278509    -0.00002203  0.35D-05  0.12D-04  5  5    21.92
   8      1.50779108    -1.87914877  -211.53887299    -0.00027378    -0.00000694  0.14D-05  0.38D-05  6  6    24.49
   9      1.50874492    -1.87909854  -211.53882276     0.00005023    -0.00000078  0.37D-07  0.51D-06  7  7    27.14
  10      1.50911047    -1.87923842  -211.53896264    -0.00013988    -0.00000016  0.36D-08  0.12D-06  8  8    29.75
  11      1.50915759    -1.87918880  -211.53891302     0.00004962    -0.00000003  0.40D-08  0.14D-07  9  9    32.27
  12      1.50915614    -1.87917523  -211.53889945     0.00001358    -0.00000000  0.16D-08  0.15D-08 10 10    34.93
  13      1.50918274    -1.87918268  -211.53890689    -0.00000745    -0.00000000  0.26D-09  0.24D-09 11 11    37.65
  14      1.50918578    -1.87918309  -211.53890731    -0.00000042    -0.00000000  0.20D-10  0.33D-10 12 12    40.39

 Norm of t1 vector:      0.08110747      S-energy:    -0.00016517      T1 diagnostic:  0.01188944
                                                                       D1 diagnostic:  0.05127560
 Norm of t2 vector:      0.70894806      P-energy:    -1.87901793
                                         Alpha-Beta:  -1.37323521
                                         Alpha-Alpha: -0.26332655
                                         Beta-Beta:   -0.24245617

 Doubles amplitudes (print threshold =  0.500E-01):

         I         J         SYM. A    SYM. B    A         B      T(IJ, AB) [Alpha-Beta]

         4         4         1         1         2         2     -0.07814353
         4         4         4         4         1         1     -0.07814353
         5         5         1         1         3         3     -0.06606890
         5         5         6         6         1         1     -0.08672928
         7         7         1         1         2         2     -0.07814353
         7         7         4         4         1         1     -0.07814353
         8         8         1         1         3         3     -0.06606890
         8         8         7         7         1         1     -0.08672928
        10        10         1         1         3         3     -0.10194612
        11        11         1         1         2         2     -0.06453469
        11        11         6         6         1         1     -0.06453469
        11        11         7         7         1         1     -0.06453469
        12        12         4         4         1         1     -0.06453469
        12        12         6         6         1         1     -0.06453469
        12        12         7         7         1         1     -0.06453469

 Spin contamination <S**2-Sz**2-Sz>     0.00000000

 Memory could be reduced to 143.92 Mwords without degradation in triples
 

 RESULTS
 =======

  Reference energy                   -209.659724219698
  RCCSD singles energy                 -0.000165166099
  RCCSD pair energy                    -1.879017926730
  RCCSD correlation energy             -1.879183092828
  Triples (T) contribution             -0.244412096219
  Total correlation energy             -2.123595189048
 
  RHF-RCCSD energy                   -211.538907312526
  RHF-RCCSD[T] energy                -211.788131416278
  RHF-RCCSD-T energy                 -211.778760450142
 !RHF-RCCSD(T) energy                -211.783319408745

 Program statistics:

 Available memory in ccsd:               999998628
 Min. memory needed in ccsd:               9990604
 Max. memory used in ccsd:                14320294
 Max. memory used in cckext:              10808233 (14 integral passes)
 Max. memory used in cckint:              26235465 ( 1 integral passes)



 **********************************************************************************************************************************
 DATASETS  * FILE   NREC   LENGTH (MB)   RECORD NAMES
              1      20       39.76       500      610      700      900      950      970     1000      129      960     1100   
                                          VAR    BASINP    GEOM    SYMINP    ZMAT    AOBASIS   BASIS     P2S    ABASIS      S 
                                         1400     1410     1420     1200     1210     1080     1600     1650     1700     1380   
                                           T        V       ECP      H0       H01     AOSYM     SMH    MOLCAS    OPER     JKOP   

              2       7       12.62       200      700     1000      520     4202     5202     2116   
                                        OPTIONS   GEOM     BASIS   MCVARS     RHF     MCSCF     RHF  

 PROGRAMS   *        TOTAL  RCCSD(T)       RHF     MULTI       POP       RHF       INT
 CPU TIMES  *       173.23    105.83      0.11      2.00      0.00      1.69     63.28
 REAL TIME  *       201.53 SEC
 DISK USED  *        15.67 GB      
 SF USED    *         2.34 GB      
 GA USED    *         0.00 MB       (max)       0.00 MB       (current)
 **********************************************************************************************************************************
 SETTING CCSD(7)        =      -211.78331941  AU                              
 Output type csv         
                                                                                                                                                                                                                                                                

        SCF,CCSD
      0.0000000,      0.0000000
      0.0000000,      0.0000000
      0.0000000,      0.0000000
      0.0000000,      0.0000000
      0.0000000,      0.0000000
      0.0000000,      0.0000000
   -209.6597242,   -211.7833194
                                                  

 RCCSD(T)/USERDEF energy=   -211.783319408745

        RCCSD(T)        RHF-SCF         MULTI           RHF-SCF 
   -211.78331941   -209.65972422   -209.65972422   -209.65972422
 **********************************************************************************************************************************
 Molpro calculation terminated
 Variable memory released
