
 Primary working directories    : /global/cscratch1/sd/haihan
 Secondary working directories  : /global/cscratch1/sd/haihan
 Wavefunction directory         : /global/homes/h/haihan/Research/ECP/f_group_element_ecps/Ta/Molpro/atom/UC/wfu/
 Main file repository           : /global/cscratch1/sd/haihan/

 SHA1      : 19cd028119e0e09f93f0674bd8af7968d9b3eff6
 NAME      : 2015.1.36
 ARCHNAME  : linux/x86_64
 FC        : /opt/cray/pe/craype/2.5.14/bin/ftn
 BLASLIB   : -L/opt/intel/compilers_and_libraries_2018.1.163/linux/mkl/lib/intel64 -Wl,-_start-group -lmkl_intel_ilp64 -lmkl_intel_thread -lmkl_core -Wl,-_end-group -liomp5
 id        : lbl

 Nodes     nprocs
 nid00919     3
 Number of processes for MPI-2 version of Molpro:   nprocs(total)=    4   nprocs(compute)=    3   nprocs(helper)=    1

 Using customized tuning parameters: mindgm=7; mindgv=16; mindgc=1; mindgr=1; noblas=0; minvec=7
 default implementation of scratch files=sf  

 ***,Calculation for Nb atom, singlet and triplet
 memory,3,g
 
 gthresh,twoint=1.e-15
 gthresh,oneint=1.e-15
 
 set,dkroll=1,dkho=10,dkhp=4
 
 geometry={
 1
 Ta
 Ta  0.0 0.0 0.0
 }
 
 basis={
 Including file /global/u2/h/haihan/Research/ECP/f_group_element_ecps/Ta/Molpro/atom/UC/17/../aug-cc-pwCVTZ.basis
 }
 
 
 
 Including file /global/u2/h/haihan/Research/ECP/f_group_element_ecps/Ta/Molpro/atom/UC/17/../Ta_states_ae.proc
 Including file /global/u2/h/haihan/Research/ECP/f_group_element_ecps/Ta/Molpro/atom/UC/17/../contracted.basis
 Including file /global/u2/h/haihan/Research/ECP/f_group_element_ecps/Ta/Molpro/atom/UC/17/../aug-cc-pwCVTZ.basis
 Including file /global/u2/h/haihan/Research/ECP/f_group_element_ecps/Ta/Molpro/atom/UC/17/../contracted.basis
 Including file /global/u2/h/haihan/Research/ECP/f_group_element_ecps/Ta/Molpro/atom/UC/17/../aug-cc-pwCVTZ.basis
 Including file /global/u2/h/haihan/Research/ECP/f_group_element_ecps/Ta/Molpro/atom/UC/17/../contracted.basis
 Including file /global/u2/h/haihan/Research/ECP/f_group_element_ecps/Ta/Molpro/atom/UC/17/../aug-cc-pwCVTZ.basis
 Including file /global/u2/h/haihan/Research/ECP/f_group_element_ecps/Ta/Molpro/atom/UC/17/../contracted.basis
 Including file /global/u2/h/haihan/Research/ECP/f_group_element_ecps/Ta/Molpro/atom/UC/17/../aug-cc-pwCVTZ.basis
 Including file /global/u2/h/haihan/Research/ECP/f_group_element_ecps/Ta/Molpro/atom/UC/17/../contracted.basis
 Including file /global/u2/h/haihan/Research/ECP/f_group_element_ecps/Ta/Molpro/atom/UC/17/../aug-cc-pwCVTZ.basis
 Including file /global/u2/h/haihan/Research/ECP/f_group_element_ecps/Ta/Molpro/atom/UC/17/../contracted.basis
 Including file /global/u2/h/haihan/Research/ECP/f_group_element_ecps/Ta/Molpro/atom/UC/17/../aug-cc-pwCVTZ.basis
 Including file /global/u2/h/haihan/Research/ECP/f_group_element_ecps/Ta/Molpro/atom/UC/17/../contracted.basis
 Including file /global/u2/h/haihan/Research/ECP/f_group_element_ecps/Ta/Molpro/atom/UC/17/../aug-cc-pwCVTZ.basis
 Including file /global/u2/h/haihan/Research/ECP/f_group_element_ecps/Ta/Molpro/atom/UC/17/../contracted.basis
 Including file /global/u2/h/haihan/Research/ECP/f_group_element_ecps/Ta/Molpro/atom/UC/17/../aug-cc-pwCVTZ.basis
 Including file /global/u2/h/haihan/Research/ECP/f_group_element_ecps/Ta/Molpro/atom/UC/17/../contracted.basis
 Including file /global/u2/h/haihan/Research/ECP/f_group_element_ecps/Ta/Molpro/atom/UC/17/../aug-cc-pwCVTZ.basis
 Including file /global/u2/h/haihan/Research/ECP/f_group_element_ecps/Ta/Molpro/atom/UC/17/../contracted.basis
 Including file /global/u2/h/haihan/Research/ECP/f_group_element_ecps/Ta/Molpro/atom/UC/17/../aug-cc-pwCVTZ.basis
 Including file /global/u2/h/haihan/Research/ECP/f_group_element_ecps/Ta/Molpro/atom/UC/17/../contracted.basis
 Including file /global/u2/h/haihan/Research/ECP/f_group_element_ecps/Ta/Molpro/atom/UC/17/../aug-cc-pwCVTZ.basis
 Including file /global/u2/h/haihan/Research/ECP/f_group_element_ecps/Ta/Molpro/atom/UC/17/../contracted.basis
 Including file /global/u2/h/haihan/Research/ECP/f_group_element_ecps/Ta/Molpro/atom/UC/17/../aug-cc-pwCVTZ.basis
 Including file /global/u2/h/haihan/Research/ECP/f_group_element_ecps/Ta/Molpro/atom/UC/17/../contracted.basis
 Including file /global/u2/h/haihan/Research/ECP/f_group_element_ecps/Ta/Molpro/atom/UC/17/../aug-cc-pwCVTZ.basis
 Including file /global/u2/h/haihan/Research/ECP/f_group_element_ecps/Ta/Molpro/atom/UC/17/../contracted.basis
 Including file /global/u2/h/haihan/Research/ECP/f_group_element_ecps/Ta/Molpro/atom/UC/17/../aug-cc-pwCVTZ.basis
 Including file /global/u2/h/haihan/Research/ECP/f_group_element_ecps/Ta/Molpro/atom/UC/17/../contracted.basis
 Including file /global/u2/h/haihan/Research/ECP/f_group_element_ecps/Ta/Molpro/atom/UC/17/../aug-cc-pwCVTZ.basis
 Including file /global/u2/h/haihan/Research/ECP/f_group_element_ecps/Ta/Molpro/atom/UC/17/../contracted.basis
 Including file /global/u2/h/haihan/Research/ECP/f_group_element_ecps/Ta/Molpro/atom/UC/17/../aug-cc-pwCVTZ.basis
 Including file /global/u2/h/haihan/Research/ECP/f_group_element_ecps/Ta/Molpro/atom/UC/17/../contracted.basis
 Including file /global/u2/h/haihan/Research/ECP/f_group_element_ecps/Ta/Molpro/atom/UC/17/../aug-cc-pwCVTZ.basis
 
 
 do i=17,17
     if (i.eq.1) then
         Id3s2
     else if (i.eq.2) then
         Id4s1
     else if (i.eq.3) then
         EAd5s1
     else if (i.eq.4) then
         IPd4
     else if (i.eq.5) then
         IPd3s1
     else if (i.eq.6) then
         IId3
     else if (i.eq.7) then
         IIId2
     else if (i.eq.8) then
         IVd1
     else if (i.eq.9) then
         IVf1
     else if (i.eq.10) then
         IVs1
     else if (i.eq.11) then
         IVp1
     else if (i.eq.12) then
         Vp6
     else if (i.eq.13) then
         VIIp4
     else if (i.eq.14) then
         VIIIp3
     else if (i.eq.15) then
         IXp2
     else if (i.eq.16) then
         Xp1
     else if (i.eq.17) then
         XIp
     endif
     scf(i)=energy
     _CC_NORM_MAX=2.0
     {rccsd(t),maxit=100;core,8,5,5,2,5,2,2,1}
     ccsd(i)=energy
 enddo
 
 table,scf,ccsd
 type,csv
 save

 Variables initialized (889), CPU time= 0.01 sec
 Commands  initialized (702), CPU time= 0.01 sec, 572 directives.
 Default parameters read. Elapsed time= 0.10 sec

 Checking input...
 Passed
1


                                         ***  PROGRAM SYSTEM MOLPRO  ***
                                       Copyright, TTI GmbH Stuttgart, 2015
                                    Version 2015.1 linked Dec 29 2018 15:55:43


 **********************************************************************************************************************************
 LABEL *   Calculation for Nb atom, singlet and triplet                                  
  64 bit mpp version                                                                     DATE: 09-Oct-22          TIME: 10:17:07  
 **********************************************************************************************************************************

 SHA1:             19cd028119e0e09f93f0674bd8af7968d9b3eff6
 **********************************************************************************************************************************

 THRESHOLDS:

 ZERO    =  1.00D-12  ONEINT  =  1.00D-12  TWOINT  =  1.00D-15  PREFAC  =  1.00D-14  LOCALI  =  1.00D-09  EORDER  =  1.00D-04
 ENERGY  =  0.00D+00  ETEST   =  0.00D+00  EDENS   =  0.00D+00  THRDEDEF=  1.00D-06  GRADIENT=  1.00D-02  STEP    =  1.00D-03
 ORBITAL =  1.00D-05  CIVEC   =  1.00D-05  COEFF   =  1.00D-04  PRINTCI =  5.00D-02  PUNCHCI =  9.90D+01  OPTGRAD =  3.00D-04
 OPTENERG=  1.00D-06  OPTSTEP =  3.00D-04  THRGRAD =  1.00D-10  COMPRESS=  1.00D-11  VARMIN  =  1.00D-07  VARMAX  =  1.00D-03
 THRDOUB =  0.00D+00  THRDIV  =  1.00D-05  THRRED  =  1.00D-07  THRPSP  =  1.00D+00  THRDC   =  1.00D-10  THRCS   =  1.00D-10
 THRNRM  =  1.00D-08  THREQ   =  0.00D+00  THRDE   =  1.00D+00  THRREF  =  1.00D-05  SPARFAC =  1.00D+00  THRDLP  =  1.00D-07
 THRDIA  =  1.00D-10  THRDLS  =  1.00D-07  THRGPS  =  0.00D+00  THRKEX  =  0.00D+00  THRDIS  =  2.00D-01  THRVAR  =  1.00D-10
 THRLOC  =  1.00D-06  THRGAP  =  1.00D-06  THRLOCT = -1.00D+00  THRGAPT = -1.00D+00  THRORB  =  1.00D-06  THRMLTP =  0.00D+00
 THRCPQCI=  1.00D-10  KEXTA   =  0.00D+00  THRCOARS=  0.00D+00  SYMTOL  =  1.00D-06  GRADTOL =  1.00D-06  THROVL  =  1.00D-08
 THRORTH =  1.00D-08  GRID    =  1.00D-06  GRIDMAX =  1.00D-03  DTMAX   =  0.00D+00  THROCCDE=  1.00D-01  THROCCDE=  1.00D-01



 THRESHOLDS:

 ZERO    =  1.00D-12  ONEINT  =  1.00D-15  TWOINT  =  1.00D-15  PREFAC  =  1.00D-14  LOCALI  =  1.00D-09  EORDER  =  1.00D-04
 ENERGY  =  0.00D+00  ETEST   =  0.00D+00  EDENS   =  0.00D+00  THRDEDEF=  1.00D-06  GRADIENT=  1.00D-02  STEP    =  1.00D-03
 ORBITAL =  1.00D-05  CIVEC   =  1.00D-05  COEFF   =  1.00D-04  PRINTCI =  5.00D-02  PUNCHCI =  9.90D+01  OPTGRAD =  3.00D-04
 OPTENERG=  1.00D-06  OPTSTEP =  3.00D-04  THRGRAD =  1.00D-10  COMPRESS=  1.00D-11  VARMIN  =  1.00D-07  VARMAX  =  1.00D-03
 THRDOUB =  0.00D+00  THRDIV  =  1.00D-05  THRRED  =  1.00D-07  THRPSP  =  1.00D+00  THRDC   =  1.00D-10  THRCS   =  1.00D-10
 THRNRM  =  1.00D-08  THREQ   =  0.00D+00  THRDE   =  1.00D+00  THRREF  =  1.00D-05  SPARFAC =  1.00D+00  THRDLP  =  1.00D-07
 THRDIA  =  1.00D-10  THRDLS  =  1.00D-07  THRGPS  =  0.00D+00  THRKEX  =  0.00D+00  THRDIS  =  2.00D-01  THRVAR  =  1.00D-10
 THRLOC  =  1.00D-06  THRGAP  =  1.00D-06  THRLOCT = -1.00D+00  THRGAPT = -1.00D+00  THRORB  =  1.00D-06  THRMLTP =  0.00D+00
 THRCPQCI=  1.00D-10  KEXTA   =  0.00D+00  THRCOARS=  0.00D+00  SYMTOL  =  1.00D-06  GRADTOL =  1.00D-06  THROVL  =  1.00D-08
 THRORTH =  1.00D-08  GRID    =  1.00D-06  GRIDMAX =  1.00D-03  DTMAX   =  0.00D+00  THROCCDE=  1.00D-01  THROCCDE=  1.00D-01


 SETTING DKROLL         =         1.00000000                                  
 SETTING DKHO           =        10.00000000                                  
 SETTING DKHP           =         4.00000000                                  

Geometry recognized as XYZ


 Variable memory set to 3000000000 words,  buffer space   230000 words

 SETTING BASIS          =    USERDEF

 DO I                   =        17.00000000   

 Running procedure=XIP
 SETTING BASIS          =    USERDEF


 Recomputing integrals since basis changed


 Using spherical harmonics



 PROGRAM * SEWARD (Integral evaluation for generally contracted gaussian basis sets)     Author: Roland Lindh, 1990

 Geometry written to block  1 of record 700

 Orientation using atomic masses  
 Molecule type: Atom
 Symmetry elements: X,Y,Z
 Rotational constants:       0.0000000      0.0000000      0.0000000 GHz  (calculated with average atomic masses)

 Point group  D2h 



 ATOMIC COORDINATES

 NR  ATOM    CHARGE       X              Y              Z

   1  TA     73.00    0.000000000    0.000000000    0.000000000

 NUCLEAR CHARGE:                   73
 NUMBER OF PRIMITIVE AOS:         455
 NUMBER OF SYMMETRY AOS:          370
 NUMBER OF CONTRACTIONS:          138   (  38Ag  +  18B3u +  18B2u +  14B1g +  18B1u +  14B2g +  14B3g +   4Au  )
 NUMBER OF CORE ORBITALS:          34   (   9Ag  +   6B3u +   6B2u +   2B1g +   6B1u +   2B2g +   2B3g +   1Au  )
 NUMBER OF VALENCE ORBITALS:        6   (   3Ag  +   0B3u +   0B2u +   1B1g +   0B1u +   1B2g +   1B3g +   0Au  )


 NUCLEAR REPULSION ENERGY    0.00000000

 One-electron integrals computed with SEWARD

 10nd-order Douglas-Kroll-Hess method activated. McWeeny DKH parametrization is used.

 Computing Douglas-Kroll / X2C integrals

 AO integral compression algorithm  1   Integral accuracy      1.0D-15

     66.847 MB (compressed) written to integral file ( 75.5%)

     Node minimum: 18.874 MB, node maximum: 24.379 MB


 NUMBER OF SORTED TWO-ELECTRON INTEGRALS:    2018811.     BUFFER LENGTH:  32768
 NUMBER OF SEGMENTS:   1  SEGMENT LENGTH:    2018811      RECORD LENGTH: 524288

 Memory used in sort:       2.58 MW

 SORT1 READ    11127267. AND WROTE     1487512. INTEGRALS IN      5 RECORDS. CPU TIME:     0.21 SEC, REAL TIME:     0.25 SEC
 SORT2 READ     4469215. AND WROTE     6048064. INTEGRALS IN    270 RECORDS. CPU TIME:     0.15 SEC, REAL TIME:     0.22 SEC

 Node minimum:     2009345.  Node maximum:     2019908. integrals

 OPERATOR DM      FOR CENTER  0  COORDINATES:    0.000000    0.000000    0.000000

 EXTRA SYMMETRY OF AOS IN SYMMETRY 1:   1 1 1 1 1 1 1 1 1 1   1 1 1 2 3 2 3 2 3 2   3 2 3 2 3 2 3 2 3 4   5 6 4 5 6 4 5 6
 EXTRA SYMMETRY OF AOS IN SYMMETRY 2:   1 1 1 1 1 1 1 1 1 1   2 3 2 3 2 3 2 3
 EXTRA SYMMETRY OF AOS IN SYMMETRY 3:   1 1 1 1 1 1 1 1 1 1   2 3 2 3 2 3 2 3
 EXTRA SYMMETRY OF AOS IN SYMMETRY 4:   1 1 1 1 1 1 1 1 2 3   2 3 2 3
 EXTRA SYMMETRY OF AOS IN SYMMETRY 5:   1 1 1 1 1 1 1 1 1 1   2 3 2 3 2 3 2 3
 EXTRA SYMMETRY OF AOS IN SYMMETRY 6:   1 1 1 1 1 1 1 1 2 3   2 3 2 3
 EXTRA SYMMETRY OF AOS IN SYMMETRY 7:   1 1 1 1 1 1 1 1 2 3   2 3 2 3

 Eigenvalues of metric

         1 0.204E-05 0.603E-04 0.139E-03 0.178E-03 0.178E-03 0.400E-02 0.702E-02 0.702E-02
         2 0.771E-04 0.761E-03 0.535E-02 0.838E-01 0.247E+00 0.247E+00 0.601E+00 0.703E+00
         3 0.771E-04 0.761E-03 0.535E-02 0.838E-01 0.247E+00 0.247E+00 0.601E+00 0.703E+00
         4 0.178E-03 0.702E-02 0.282E+00 0.282E+00 0.620E+00 0.891E+00 0.891E+00 0.905E+00
         5 0.771E-04 0.761E-03 0.535E-02 0.838E-01 0.247E+00 0.247E+00 0.601E+00 0.703E+00
         6 0.178E-03 0.702E-02 0.282E+00 0.282E+00 0.620E+00 0.891E+00 0.891E+00 0.905E+00
         7 0.178E-03 0.702E-02 0.282E+00 0.282E+00 0.620E+00 0.891E+00 0.891E+00 0.905E+00
         8 0.247E+00 0.703E+00 0.111E+01 0.194E+01


 **********************************************************************************************************************************
 DATASETS  * FILE   NREC   LENGTH (MB)   RECORD NAMES
              1      22       20.53       500      610      700      900      950      970     1000      129      960     1700   
                                          VAR    BASINP    GEOM    SYMINP    ZMAT    AOBASIS   BASIS     P2S    ABASIS    OPER   
                                         1101     1401     1411     1412     1650     1100     1400     1410     1200     1210   
                                          SR      EKINR    POTR     PVPR    MOLCAS      S      EKIN      POT      H0       H01  
                                         1080     1600   
                                         AOSYM     SMH  

 PROGRAMS   *        TOTAL       INT
 CPU TIMES  *        20.03     19.74
 REAL TIME  *        22.14 SEC
 DISK USED  *       118.24 MB      
 GA USED    *         0.00 MB       (max)       0.00 MB       (current)
 **********************************************************************************************************************************


 PROGRAM * RHF-SCF (CLOSED SHELL)       Authors: W. Meyer, H.-J. Werner


 NUMBER OF ELECTRONS:      31+   31-    SPACE SYMMETRY=1    SPIN SYMMETRY: Singlet 
 CONVERGENCE THRESHOLDS:    1.00E-05 (Density)    1.46E-07 (Energy)
 MAX. NUMBER OF ITERATIONS:       60
 INTERPOLATION TYPE:            DIIS
 INTERPOLATION STEPS:              2 (START)      1 (STEP)
 LEVEL SHIFTS:                  0.00 (CLOSED)  0.00 (OPEN) 

 Number of closed-shell orbitals:   31 (   9   5   5   2   5   2   2   1 )


 Orbital guess generated from atomic densities. Full valence occupancy:   12   6   6   3   6   3   3   1


 Molecular orbital dump at record        4202.2

 ITERATION    DDIFF          GRAD             ENERGY        2-EL.EN.            DIPOLE MOMENTS         DIIS   ORB.
    1      0.000D+00      0.000D+00    -15185.29244295  10260.103403    0.00000    0.00000    0.00000    0    start
    2      0.000D+00      0.121D+00    -15187.68396333  10585.027682    0.00000    0.00000    0.00000    1    diag
    3      0.731D+01      0.851D-01    -15188.13633079  10517.214996    0.00000    0.00000    0.00000    2    diag
    4      0.633D+00      0.188D-01    -15188.21871687  10510.771615    0.00000    0.00000    0.00000    3    diag
    5      0.248D+00      0.614D-02    -15188.25437792  10509.970205    0.00000    0.00000    0.00000    4    diag
    6      0.584D-01      0.232D-02    -15188.26557848  10511.487486    0.00000    0.00000    0.00000    5    diag
    7      0.277D-01      0.858D-03    -15188.26615115  10512.668569    0.00000    0.00000    0.00000    6    diag
    8      0.729D-02      0.350D-03    -15188.26628428  10512.148789    0.00000    0.00000    0.00000    7    diag
    9      0.373D-02      0.256D-03    -15188.26632363  10512.492439    0.00000    0.00000    0.00000    8    diag
   10      0.244D-02      0.713D-04    -15188.26632404  10512.405329    0.00000    0.00000    0.00000    9    orth
   11      0.521D-03      0.592D-05    -15188.26632404  10512.412166    0.00000    0.00000    0.00000    9    diag
   12      0.402D-04      0.798D-07    -15188.26632404  10512.412087    0.00000    0.00000    0.00000    9    diag
   13      0.562D-06      0.233D-07    -15188.26632404  10512.412084    0.00000    0.00000    0.00000    0    orth

 Final occupancy:   9   5   5   2   5   2   2   1

 !RHF STATE 1.1 Energy               -15188.2663240388    
 Nuclear energy                         0.00000000
 One-electron energy               -20444.47236625
 Two-electron energy                 5256.20604221
 Virial quotient                       -1.01778696
 !RHF STATE 1.1 Dipole moment           0.00000000     0.00000000     0.00000000
 Dipole moment /Debye                   0.00000000     0.00000000     0.00000000

 ELECTRON ORBITALS
 =================


   Orb  Occ    Energy  Couls-En    Coefficients

                                   1 1s      1 1s      1 1s      1 1s      1 1s      1 1s      1 1s      1 1s      1 1s      1 1s   
                                   1 1s      1 1s      1 1s      1 3d0     1 3d2+    1 3d0     1 3d2+    1 3d0     1 3d2+    1 3d0  
                                   1 3d2+    1 3d0     1 3d2+    1 3d0     1 3d2+    1 3d0     1 3d2+    1 3d0     1 3d2+    1 5g0  
                                   1 5g4+    1 5g2+    1 5g0     1 5g4+    1 5g2+    1 5g0     1 5g4+    1 5g2+ 

   1.1   2 -2382.7821-5129.1814  1.003065 -0.009327  0.029084 -0.219554 -0.796129  0.038653 -0.262257 -0.119933 -0.380398  1.882252
                                -1.002010 -0.136949 -0.021843  0.000000 -0.000000  0.000000 -0.000000  0.000000 -0.000000  0.000000
                                 0.000000 -0.000000  0.000000  0.000000 -0.000000 -0.000000  0.000000 -0.000000  0.000000  0.000000
                                 0.000000 -0.000000 -0.000000 -0.000000  0.000000  0.000000  0.000000  0.000000

   2.1   2  -417.5243-1113.6823  0.024773  0.975847 -0.022392  0.594734  1.863853 -0.095178  0.787743  0.035336  1.097104 -4.488879
                                 1.859569  0.447891  0.053225 -0.000000  0.000000  0.000000 -0.000000  0.000000 -0.000000  0.000000
                                -0.000000 -0.000000  0.000000  0.000000 -0.000000 -0.000000  0.000000 -0.000000 -0.000000 -0.000000
                                -0.000000  0.000000  0.000000  0.000000 -0.000000 -0.000000 -0.000000 -0.000000

   3.1   2  -102.3235 -397.3715 -0.004005  0.088117  0.975631 -1.022118 -3.157259  0.163104 -1.375399 -0.024579 -1.923390  7.788139
                                -3.189701 -0.872524 -0.093799 -0.000000  0.000000  0.000000  0.000000  0.000000  0.000000  0.000000
                                 0.000000 -0.000000 -0.000000  0.000000  0.000000 -0.000000 -0.000000 -0.000000  0.000000  0.000000
                                 0.000000 -0.000000 -0.000000 -0.000000  0.000000  0.000000  0.000000  0.000000

   4.1   2   -74.3661 -359.0077  0.000000  0.000000  0.000000 -0.000000 -0.000000  0.000000 -0.000000 -0.000000 -0.000000  0.000000
                                -0.000000  0.000000 -0.000000  1.000822  0.000012  0.003073  0.000000  0.042331  0.000001  0.012533
                                 0.000000 -0.363454 -0.000004  0.384548  0.000005 -0.072814 -0.000001 -0.004118 -0.000000  0.000000
                                -0.000000  0.000000 -0.000000  0.000000 -0.000000  0.000000 -0.000000  0.000000

   5.1   2   -74.3661 -359.0077  0.000000  0.000000  0.000000  0.000000  0.000000 -0.000000  0.000000  0.000000  0.000000 -0.000000
                                 0.000000 -0.000000  0.000000 -0.000012  1.000822 -0.000000  0.003073 -0.000001  0.042331 -0.000000
                                 0.012533  0.000004 -0.363454 -0.000005  0.384548  0.000001 -0.072814  0.000000 -0.004118  0.000000
                                -0.000000 -0.000000 -0.000000  0.000000  0.000000  0.000000 -0.000000 -0.000000

   6.1   2   -27.0905 -174.3204 -0.012265 -0.114541 -0.036456  1.866472  3.661955 -0.195100  1.697233  0.097129  2.500988-10.441946
                                 4.510708  1.817699  0.134210 -0.000000 -0.000000  0.000000 -0.000000  0.000000 -0.000000  0.000000
                                 0.000000 -0.000000  0.000000  0.000000 -0.000000 -0.000000  0.000000 -0.000000  0.000000 -0.000000
                                -0.000000  0.000000  0.000000  0.000000 -0.000000 -0.000000 -0.000000  0.000000

   7.1   2   -16.4335 -150.1671 -0.000000 -0.000000 -0.000000 -0.000000 -0.000000  0.000000 -0.000000 -0.000000 -0.000000  0.000000
                                -0.000000  0.000000 -0.000000  0.000000  0.010462  0.000013  0.980148 -0.000001 -0.071174 -0.000000
                                -0.025615  0.000007  0.533307 -0.000007 -0.561190  0.000001  0.096192  0.000000  0.006084 -0.000000
                                 0.000000  0.000000  0.000000 -0.000000 -0.000000 -0.000000  0.000000  0.000000

   8.1   2   -16.4335 -150.1671 -0.000000 -0.000000 -0.000000  0.000000  0.000000  0.000000 -0.000000  0.000000 -0.000000 -0.000000
                                 0.000000 -0.000000 -0.000000  0.010462 -0.000000  0.980148 -0.000013 -0.071174  0.000001 -0.025615
                                 0.000000  0.533307 -0.000007 -0.561189  0.000007  0.096192 -0.000001  0.006084 -0.000000 -0.000000
                                 0.000000 -0.000000 -0.000000 -0.000000  0.000000  0.000000  0.000000 -0.000000

   9.1   2    -8.8929  -82.2296  0.021980  0.147515  0.245360 -0.414518 -1.520598  0.049453 -0.914771 -0.768188 -2.035552  9.097662
                                -5.322543 -1.759675 -0.122640  0.000000  0.000000  0.000000 -0.000000  0.000000 -0.000000  0.000000
                                -0.000000  0.000000  0.000000 -0.000000 -0.000000  0.000000  0.000000  0.000000  0.000000 -0.000000
                                -0.000000 -0.000000  0.000000  0.000000  0.000000 -0.000000 -0.000000 -0.000000

  10.1   0    -5.2593  -62.9990 -0.000000 -0.000000 -0.000000 -0.000000  0.000000  0.000000  0.000000  0.000000  0.000000 -0.000000
                                 0.000000  0.000000  0.000000 -0.004839 -0.000000  0.004581  0.000000  0.811771  0.000002  0.412862
                                 0.000001 -1.062327 -0.000002  1.067119  0.000002  0.103522  0.000000 -0.011279 -0.000000 -0.000000
                                 0.000000  0.000000  0.000000 -0.000000 -0.000000 -0.000000  0.000000  0.000000

  11.1   0    -5.2593  -62.9990  0.000000  0.000000  0.000000  0.000000  0.000000 -0.000000  0.000000  0.000000 -0.000000 -0.000000
                                 0.000000 -0.000000 -0.000000  0.000000 -0.004839 -0.000000  0.004581 -0.000002  0.811771 -0.000001
                                 0.412862  0.000002 -1.062327 -0.000002  1.067119 -0.000000  0.103522  0.000000 -0.011279  0.000000
                                -0.000000  0.000000 -0.000000  0.000000 -0.000000 -0.000000 -0.000000  0.000000

                                   1 2px     1 2px     1 2px     1 2px     1 2px     1 2px     1 2px     1 2px     1 2px     1 2px  
                                   1 4f1+    1 4f3+    1 4f1+    1 4f3+    1 4f1+    1 4f3+    1 4f1+    1 4f3+ 

   1.2   2  -389.4913-1073.8449  1.004104  0.011030  0.239385  0.498894 -0.061299 -0.042064 -0.890375  0.345889  0.004417 -0.000376
                                 0.000000 -0.000000 -0.000000  0.000000  0.000000 -0.000000 -0.000000  0.000000

   2.2   2   -92.2494 -383.1096  0.024436  0.908164 -0.498398 -1.020901  0.125036  0.083170  1.838473 -0.712218 -0.030067  0.000784
                                 0.000000 -0.000000 -0.000000  0.000000 -0.000000 -0.000000 -0.000000  0.000000

   3.2   2   -23.1823 -166.3333  0.001240  0.166504  1.627334  1.426470 -0.171619 -0.096164 -2.667533  1.008161  0.132786 -0.001316
                                -0.000000  0.000000  0.000000 -0.000000 -0.000000  0.000000  0.000000 -0.000000

   4.2   2    -8.3785 -125.1062  0.000000  0.000000  0.000000  0.000000  0.000000  0.000000 -0.000002  0.000001  0.000000 -0.000000
                                 0.729588  0.704713 -0.033711 -0.032561 -0.003068 -0.002963  0.000011  0.000010

   5.2   2    -8.3785 -125.1062 -0.000000 -0.000000 -0.000000 -0.000000 -0.000000 -0.000000  0.000002 -0.000001 -0.000000  0.000000
                                 0.704713 -0.729588 -0.032561  0.033711 -0.002963  0.003068  0.000010 -0.000011

   6.2   0    -7.1178  -75.1476 -0.007425 -0.128461 -0.551279 -0.212141 -0.020481 -0.357981  2.518344 -0.694596 -0.179375  0.001943
                                -0.000000  0.000001  0.000000 -0.000000  0.000000 -0.000000 -0.000000  0.000000

   7.2   0    -3.7698  -42.5145 -0.018659 -0.206835 -0.997078 -2.527325 -0.508446 -1.578937  2.516907 -0.657540  2.001069  0.000508
                                -0.000000  0.000000 -0.000000  0.000000 -0.000000  0.000000 -0.000000  0.000000

                                   1 2py     1 2py     1 2py     1 2py     1 2py     1 2py     1 2py     1 2py     1 2py     1 2py  
                                   1 4f1-    1 4f3-    1 4f1-    1 4f3-    1 4f1-    1 4f3-    1 4f1-    1 4f3- 

   1.3   2  -389.4913-1073.8449  1.004104  0.011030  0.239385  0.498894 -0.061299 -0.042064 -0.890375  0.345889  0.004417 -0.000376
                                 0.000000  0.000000 -0.000000 -0.000000  0.000000  0.000000 -0.000000 -0.000000

   2.3   2   -92.2494 -383.1096  0.024436  0.908164 -0.498398 -1.020901  0.125036  0.083170  1.838473 -0.712218 -0.030067  0.000784
                                 0.000000  0.000000 -0.000000 -0.000000 -0.000000  0.000000 -0.000000 -0.000000

   3.3   2   -23.1823 -166.3333  0.001240  0.166504  1.627334  1.426470 -0.171619 -0.096164 -2.667533  1.008161  0.132786 -0.001316
                                -0.000000 -0.000000  0.000000  0.000000 -0.000000 -0.000000  0.000000  0.000000

   4.3   2    -8.3785 -125.1062 -0.000000 -0.000000 -0.000000 -0.000000 -0.000000 -0.000000  0.000002 -0.000001 -0.000000  0.000000
                                -0.729602  0.704699  0.033711 -0.032561  0.003068 -0.002963 -0.000011  0.000010

   5.3   2    -8.3785 -125.1062 -0.000000 -0.000000 -0.000000 -0.000000 -0.000000 -0.000000  0.000002 -0.000001 -0.000000  0.000000
                                 0.704699  0.729602 -0.032561 -0.033711 -0.002963 -0.003068  0.000010  0.000011

   6.3   0    -7.1178  -75.1476 -0.007425 -0.128461 -0.551279 -0.212141 -0.020481 -0.357981  2.518344 -0.694596 -0.179375  0.001943
                                -0.000000 -0.000001  0.000000  0.000000  0.000000  0.000000 -0.000000 -0.000000

   7.3   0    -3.7698  -42.5145 -0.018659 -0.206835 -0.997078 -2.527325 -0.508446 -1.578937  2.516907 -0.657540  2.001069  0.000508
                                -0.000000 -0.000000 -0.000000 -0.000000 -0.000000 -0.000000 -0.000000 -0.000000

                                   1 3d2-    1 3d2-    1 3d2-    1 3d2-    1 3d2-    1 3d2-    1 3d2-    1 3d2-    1 5g2-    1 5g4- 
                                   1 5g2-    1 5g4-    1 5g2-    1 5g4- 

   1.4   2   -74.3661 -359.0077  1.000822  0.003073  0.042331  0.012533 -0.363454  0.384548 -0.072814 -0.004118  0.000000 -0.000000
                                -0.000000  0.000000  0.000000 -0.000000

   2.4   2   -16.4335 -150.1671  0.010462  0.980148 -0.071174 -0.025615  0.533306 -0.561189  0.096192  0.006084 -0.000000 -0.000000
                                 0.000000  0.000000 -0.000000 -0.000000

   3.4   0    -5.2593  -62.9990 -0.004839  0.004581  0.811771  0.412862 -1.062327  1.067119  0.103522 -0.011279 -0.000000  0.000000
                                 0.000000  0.000000 -0.000000 -0.000000

   4.4   0    -3.0422  -36.8282 -0.019877 -0.270439 -1.324508  0.345027 -2.559862  2.171348  1.164960 -0.022203 -0.000000  0.000000
                                -0.000000 -0.000000 -0.000000  0.000000

                                   1 2pz     1 2pz     1 2pz     1 2pz     1 2pz     1 2pz     1 2pz     1 2pz     1 2pz     1 2pz  
                                   1 4f0     1 4f2+    1 4f0     1 4f2+    1 4f0     1 4f2+    1 4f0     1 4f2+ 

   1.5   2  -389.4913-1073.8449  1.004104  0.011030  0.239385  0.498894 -0.061299 -0.042064 -0.890375  0.345889  0.004417 -0.000376
                                -0.000000 -0.000000  0.000000  0.000000 -0.000000 -0.000000  0.000000  0.000000

   2.5   2   -92.2494 -383.1096  0.024436  0.908164 -0.498398 -1.020901  0.125036  0.083170  1.838473 -0.712218 -0.030067  0.000784
                                -0.000000  0.000000  0.000000 -0.000000 -0.000000  0.000000  0.000000 -0.000000

   3.5   2   -23.1823 -166.3333  0.001240  0.166504  1.627334  1.426470 -0.171619 -0.096164 -2.667533  1.008161  0.132786 -0.001316
                                 0.000000 -0.000000 -0.000000  0.000000  0.000000 -0.000000 -0.000000  0.000000

   4.5   2    -8.3785 -125.1062  0.000000  0.000000  0.000000  0.000000  0.000000  0.000000 -0.000000  0.000000  0.000000 -0.000000
                                 1.014356 -0.000011 -0.046868  0.000000 -0.004265  0.000000  0.000015 -0.000000

   5.5   2    -8.3785 -125.1062  0.000000  0.000000  0.000000  0.000000  0.000000  0.000000 -0.000000  0.000000  0.000000 -0.000000
                                 0.000011  1.014356 -0.000000 -0.046868 -0.000000 -0.004265  0.000000  0.000015

   6.5   0    -7.1178  -75.1476 -0.007425 -0.128461 -0.551279 -0.212141 -0.020481 -0.357981  2.518344 -0.694596 -0.179375  0.001943
                                 0.000000  0.000000 -0.000000  0.000000 -0.000000 -0.000000  0.000000  0.000000

   7.5   0    -3.7698  -42.5145 -0.018659 -0.206835 -0.997078 -2.527325 -0.508446 -1.578937  2.516907 -0.657540  2.001069  0.000508
                                 0.000000  0.000000  0.000000  0.000000 -0.000000 -0.000000  0.000000  0.000000

                                   1 3d1+    1 3d1+    1 3d1+    1 3d1+    1 3d1+    1 3d1+    1 3d1+    1 3d1+    1 5g1+    1 5g3+ 
                                   1 5g1+    1 5g3+    1 5g1+    1 5g3+ 

   1.6   2   -74.3661 -359.0077  1.000822  0.003073  0.042331  0.012533 -0.363454  0.384548 -0.072814 -0.004118  0.000000  0.000000
                                -0.000000 -0.000000  0.000000  0.000000

   2.6   2   -16.4335 -150.1671  0.010462  0.980148 -0.071174 -0.025615  0.533307 -0.561189  0.096192  0.006084  0.000000 -0.000000
                                -0.000000  0.000000  0.000000 -0.000000

   3.6   0    -5.2593  -62.9990 -0.004839  0.004581  0.811771  0.412862 -1.062327  1.067119  0.103522 -0.011279 -0.000000 -0.000000
                                 0.000000  0.000000 -0.000000 -0.000000

   4.6   0    -3.0422  -36.8282 -0.019877 -0.270439 -1.324508  0.345027 -2.559862  2.171348  1.164960 -0.022203  0.000000 -0.000000
                                -0.000000 -0.000000 -0.000000 -0.000000

                                   1 3d1-    1 3d1-    1 3d1-    1 3d1-    1 3d1-    1 3d1-    1 3d1-    1 3d1-    1 5g1-    1 5g3- 
                                   1 5g1-    1 5g3-    1 5g1-    1 5g3- 

   1.7   2   -74.3661 -359.0077  1.000822  0.003073  0.042331  0.012533 -0.363454  0.384548 -0.072814 -0.004118  0.000000 -0.000000
                                -0.000000  0.000000  0.000000 -0.000000

   2.7   2   -16.4335 -150.1671  0.010462  0.980148 -0.071174 -0.025615  0.533307 -0.561189  0.096192  0.006084  0.000000  0.000000
                                -0.000000 -0.000000  0.000000  0.000000

   3.7   0    -5.2593  -62.9990 -0.004839  0.004581  0.811771  0.412862 -1.062327  1.067119  0.103522 -0.011279 -0.000000  0.000000
                                 0.000000 -0.000000 -0.000000  0.000000

   4.7   0    -3.0422  -36.8282 -0.019877 -0.270439 -1.324508  0.345027 -2.559862  2.171348  1.164960 -0.022203  0.000000  0.000000
                                -0.000000  0.000000 -0.000000  0.000000

                                   1 4f2-    1 4f2-    1 4f2-    1 4f2- 

   1.8   2    -8.3785 -125.1062  1.014356 -0.046868 -0.004265  0.000015

   2.8   0    -3.4407  -43.6686 -0.251571  0.832238  0.319879 -0.024499

   3.8   0    -2.1919  -27.9332  0.168052 -0.843190  0.914986  0.324342

 HOMO      5.5    -8.378532 =    -227.9914eV
 LUMO      6.5    -7.117770 =    -193.6844eV
 LUMO-HOMO         1.260762 =      34.3071eV


 **********************************************************************************************************************************
 DATASETS  * FILE   NREC   LENGTH (MB)   RECORD NAMES
              1      22       20.53       500      610      700      900      950      970     1000      129      960     1700   
                                          VAR    BASINP    GEOM    SYMINP    ZMAT    AOBASIS   BASIS     P2S    ABASIS    OPER   
                                         1101     1401     1411     1412     1650     1100     1400     1410     1200     1210   
                                          SR      EKINR    POTR     PVPR    MOLCAS      S      EKIN      POT      H0       H01  
                                         1080     1600   
                                         AOSYM     SMH  

              2       5        5.45       200      700     1000      520     4202   
                                        OPTIONS   GEOM     BASIS   MCVARS     RHF  

 PROGRAMS   *        TOTAL       RHF       INT
 CPU TIMES  *        20.15      0.12     19.74
 REAL TIME  *        22.44 SEC
 DISK USED  *       197.10 MB      
 SF USED    *         0.01 MB      
 GA USED    *         0.00 MB       (max)       0.00 MB       (current)
 **********************************************************************************************************************************


 PROGRAM * POP (Mulliken population analysis)

 
 Density matrix read from record         4202.2  Type=RHF/CHARGE (state 1.1)
 
 Population analysis by basis function type

 Unique atom        s        p        d        f        g    Total    Charge
   1  TA     10.00000 18.00000 20.00000 14.00000  0.00000 62.00000  +11.00000


 **********************************************************************************************************************************
 DATASETS  * FILE   NREC   LENGTH (MB)   RECORD NAMES
              1      22       20.53       500      610      700      900      950      970     1000      129      960     1700   
                                          VAR    BASINP    GEOM    SYMINP    ZMAT    AOBASIS   BASIS     P2S    ABASIS    OPER   
                                         1101     1401     1411     1412     1650     1100     1400     1410     1200     1210   
                                          SR      EKINR    POTR     PVPR    MOLCAS      S      EKIN      POT      H0       H01  
                                         1080     1600   
                                         AOSYM     SMH  

              2       5        5.45       200      700     1000      520     4202   
                                        OPTIONS   GEOM     BASIS   MCVARS     RHF  

 PROGRAMS   *        TOTAL       POP       RHF       INT
 CPU TIMES  *        20.15      0.00      0.12     19.74
 REAL TIME  *        22.46 SEC
 DISK USED  *       197.10 MB      
 SF USED    *         0.01 MB      
 GA USED    *         0.00 MB       (max)       0.00 MB       (current)
 **********************************************************************************************************************************
 SETTING BASIS          =    USERDEF


 Recomputing integrals since basis changed


 Using spherical harmonics



 PROGRAM * SEWARD (Integral evaluation for generally contracted gaussian basis sets)     Author: Roland Lindh, 1990

 Geometry written to block  1 of record 700

 Orientation using atomic masses  
 Molecule type: Atom
 Symmetry elements: X,Y,Z
 Rotational constants:       0.0000000      0.0000000      0.0000000 GHz  (calculated with average atomic masses)

 Point group  D2h 



 ATOMIC COORDINATES

 NR  ATOM    CHARGE       X              Y              Z

   1  TA     73.00    0.000000000    0.000000000    0.000000000

 NUCLEAR CHARGE:                   73
 NUMBER OF PRIMITIVE AOS:         455
 NUMBER OF SYMMETRY AOS:          370
 NUMBER OF CONTRACTIONS:          370   (  88Ag  +  61B3u +  61B2u +  28B1g +  61B1u +  28B2g +  28B3g +  15Au  )
 NUMBER OF CORE ORBITALS:          34   (   9Ag  +   6B3u +   6B2u +   2B1g +   6B1u +   2B2g +   2B3g +   1Au  )
 NUMBER OF VALENCE ORBITALS:        6   (   3Ag  +   0B3u +   0B2u +   1B1g +   0B1u +   1B2g +   1B3g +   0Au  )


 NUCLEAR REPULSION ENERGY    0.00000000

 One-electron integrals computed with SEWARD

 10nd-order Douglas-Kroll-Hess method activated. McWeeny DKH parametrization is used.

 Computing Douglas-Kroll / X2C integrals

 AO integral compression algorithm  1   Integral accuracy      1.0D-15

     2357.461 MB (compressed) written to integral file ( 47.5%)

     Node minimum: 618.922 MB, node maximum: 966.001 MB


 NUMBER OF SORTED TWO-ELECTRON INTEGRALS:  101359485.     BUFFER LENGTH:  32768
 NUMBER OF SEGMENTS:   4  SEGMENT LENGTH:   31999029      RECORD LENGTH: 524288

 Memory used in sort:      32.56 MW

 SORT1 READ   620842336. AND WROTE    63934281. INTEGRALS IN    185 RECORDS. CPU TIME:    11.55 SEC, REAL TIME:    13.69 SEC
 SORT2 READ   190733767. AND WROTE   304061875. INTEGRALS IN   8841 RECORDS. CPU TIME:     1.72 SEC, REAL TIME:     2.65 SEC

 Node minimum:   101278730.  Node maximum:   101423660. integrals

 OPERATOR DM      FOR CENTER  0  COORDINATES:    0.000000    0.000000    0.000000

 EXTRA SYMMETRY OF AOS IN SYMMETRY 1:   1 1 1 1 1 1 1 1 1 1   1 1 1 1 1 1 1 1 1 1   1 1 1 1 1 1 1 1 1 1   1 1 1 1 1 1 1 1 1 1
                                        1 1 1 1 1 1 1 1 1 1   1 1 1 1 1 1 1 1 1 1   1 1 1 1 1 1 1 1 1 1   1 1 1 1 1 1 1 1 1 2
                                        3 4 2 3 4 2 3 4
 EXTRA SYMMETRY OF AOS IN SYMMETRY 2:   1 1 1 1 1 1 1 1 1 1   1 1 1 1 1 1 1 1 1 1   1 1 1 1 1 1 1 1 1 1   1 2 3 2 3 2 3 2 3 2
                                        3 2 3 2 3 2 3 2 3 2   3 2 3 2 3 2 3 2 3 2   3
 EXTRA SYMMETRY OF AOS IN SYMMETRY 3:   1 1 1 1 1 1 1 1 1 1   1 1 1 1 1 1 1 1 1 1   1 1 1 1 1 1 1 1 1 1   1 2 3 2 3 2 3 2 3 2
                                        3 2 3 2 3 2 3 2 3 2   3 2 3 2 3 2 3 2 3 2   3
 EXTRA SYMMETRY OF AOS IN SYMMETRY 4:   1 1 1 1 1 1 1 1 1 1   1 1 1 1 1 1 1 1 1 1   1 1 2 3 2 3 2 3
 EXTRA SYMMETRY OF AOS IN SYMMETRY 5:   1 1 1 1 1 1 1 1 1 1   1 1 1 1 1 1 1 1 1 1   1 1 1 1 1 1 1 1 1 1   1 2 3 2 3 2 3 2 3 2
                                        3 2 3 2 3 2 3 2 3 2   3 2 3 2 3 2 3 2 3 2   3
 EXTRA SYMMETRY OF AOS IN SYMMETRY 6:   1 1 1 1 1 1 1 1 1 1   1 1 1 1 1 1 1 1 1 1   1 1 2 3 2 3 2 3
 EXTRA SYMMETRY OF AOS IN SYMMETRY 7:   1 1 1 1 1 1 1 1 1 1   1 1 1 1 1 1 1 1 1 1   1 1 2 3 2 3 2 3

 Eigenvalues of metric

         1 0.694E-06 0.139E-04 0.139E-04 0.237E-04 0.481E-04 0.143E-03 0.143E-03 0.146E-03
         2 0.469E-06 0.114E-04 0.100E-03 0.100E-03 0.132E-03 0.442E-03 0.112E-02 0.146E-02
         3 0.469E-06 0.114E-04 0.100E-03 0.100E-03 0.132E-03 0.442E-03 0.112E-02 0.146E-02
         4 0.139E-04 0.143E-03 0.607E-03 0.227E-02 0.654E-02 0.151E-01 0.281E-01 0.503E-01
         5 0.469E-06 0.114E-04 0.100E-03 0.100E-03 0.132E-03 0.442E-03 0.112E-02 0.146E-02
         6 0.139E-04 0.143E-03 0.607E-03 0.227E-02 0.654E-02 0.151E-01 0.281E-01 0.503E-01
         7 0.139E-04 0.143E-03 0.607E-03 0.227E-02 0.654E-02 0.151E-01 0.281E-01 0.503E-01
         8 0.100E-03 0.146E-02 0.736E-02 0.189E-01 0.417E-01 0.101E+00 0.199E+00 0.345E+00


 **********************************************************************************************************************************
 DATASETS  * FILE   NREC   LENGTH (MB)   RECORD NAMES
              1      22       21.46       500      610      700      900      950      970     1001      129      960     1700   
                                          VAR    BASINP    GEOM    SYMINP    ZMAT    AOBASIS   BASIS     P2S    ABASIS    OPER   
                                         1101     1401     1411     1412     1650     1100     1400     1410     1200     1210   
                                          SR      EKINR    POTR     PVPR    MOLCAS      S      EKIN      POT      H0       H01  
                                         1080     1600   
                                         AOSYM     SMH  

              2       6        5.57       200      700     1000      520     4202     1001   
                                        OPTIONS   GEOM     BASIS   MCVARS     RHF     BASIS   

 PROGRAMS   *        TOTAL       INT       POP       RHF       INT
 CPU TIMES  *       203.75    183.59      0.00      0.12     19.74
 REAL TIME  *       210.60 SEC
 DISK USED  *         4.71 GB      
 SF USED    *         0.01 MB      
 GA USED    *         0.00 MB       (max)       0.00 MB       (current)
 **********************************************************************************************************************************


 PROGRAM * MULTI (Direct Multiconfiguration SCF)       Authors: P.J. Knowles, H.-J. Werner (1984)     S.T. Elbert (1988)


 Number of closed-shell orbitals:  31 (   9   5   5   2   5   2   2   1 )
 Number of active  orbitals:        0 (   0   0   0   0   0   0   0   0 )
 Number of external orbitals:     339 (  79  56  56  26  56  26  26  14 )

 State symmetry 1

 Number of electrons:     0    Spin symmetry=Singlet   Space symmetry=1
 Number of states:        1
 Number of CSFs:          1   (1 determinants, 1 intermediate states)

 State symmetry 1

 Number of electrons:   -62    Spin symmetry=Singlet   Space symmetry=1
 Number of states:        1
 Number of CSFs:          0   (1 determinants, 0 intermediate states)

 Molecular orbitals read from record     4202.2  Type=RHF/CANONICAL (state 1.1)
 
 Present basis size:      88  61  61  28  61  28  28  15
 Previous basis size:     38  18  18  14  18  14  14   4
 Previous occupation:      9   5   5   2   5   2   2   1
 Previous closed-shells:   9   5   5   2   5   2   2   1
 Previous core-orbitals:   9   6   6   2   6   2   2   1
 Present occupation:       9   5   6   3   5   3   2   1
 Present closed-shells:    9   5   6   3   5   3   2   1
 Present core-orbitals:    9   5   6   3   5   3   2   1
 Wavefunction symmetry:    1   Singlet 

 Orbital overlap <old|new>:  < 7.1| 1.1> = 1.000000   < 7.2| 2.1> = 1.000000   < 8.1| 3.1> = 1.000000   < 4.1| 4.1> = 1.000000
                             < 5.1| 5.1> = 1.000000   < 6.1| 6.1> = 1.000000   < 7.1| 7.1> = 1.000000   < 8.1| 8.1> = 1.000000
                             < 9.1| 9.1> = 1.000000   < 1.2| 1.2> = 1.000000   < 2.2| 2.2> = 1.000000   < 3.2| 3.2> = 1.000000
                             < 4.2| 4.2> = 1.000000   < 5.2| 5.2> = 1.000000   < 6.2| 1.3> = 1.000000   < 1.3| 2.3> = 1.000000
                             < 2.3| 3.3> = 1.000000   < 3.3| 4.3> = 1.000000   < 4.3| 5.3> = 1.000000   < 5.3| 6.3> = 1.000000
                             < 6.3| 1.4> = 1.000000   < 1.4| 2.4> = 1.000000   < 2.4| 3.4> = 1.000000   < 1.5| 1.5> = 1.000000
                             < 2.5| 2.5> = 1.000000   < 3.5| 3.5> = 1.000000   < 4.5| 4.5> = 1.000000   < 5.5| 5.5> = 1.000000
                             < 6.5| 1.6> = 1.000000   < 1.6| 2.6> = 1.000000   < 2.6| 3.6> = 1.000000

 ?ERROR IN VIRTORB: INCORRECT NUMBER OF ORBITALS: SYM=3  N= 61  M=  6  N-M= 55 NV= 56
