
 Primary working directories    : /global/cscratch1/sd/aannabe
 Secondary working directories  : /global/cscratch1/sd/aannabe
 Wavefunction directory         : /global/homes/a/aannabe/wfu/
 Main file repository           : /global/cscratch1/sd/aannabe/

 SHA1      : 19cd028119e0e09f93f0674bd8af7968d9b3eff6
 NAME      : 2015.1.36
 ARCHNAME  : linux/x86_64
 FC        : /opt/cray/pe/craype/2.5.14/bin/ftn
 BLASLIB   : -L/opt/intel/compilers_and_libraries_2018.1.163/linux/mkl/lib/intel64 -Wl,-_start-group -lmkl_intel_ilp64 -lmkl_intel_thread -lmkl_core -Wl,-_end-group -liomp5
 id        : lbl

 Nodes     nprocs
 nid12921    11
 Number of processes for MPI-2 version of Molpro:   nprocs(total)=   12   nprocs(compute)=   11   nprocs(helper)=    1

 Using customized tuning parameters: mindgm=7; mindgv=16; mindgc=1; mindgr=1; noblas=0; minvec=7
 default implementation of scratch files=sf  

 ***,atomic
 memory,1,g
 
 gthresh,twoint=1.e-15
 gthresh,oneint=1.e-15
 
 angstrom
 geometry={
 1
 Tb  0.0 0.0 0.0
 }
 
 basis={
 Including file /global/homes/a/aannabe/docs/Tb_project/ccECP/basis_sets/Tb_aug-cc-pwCVTZ.basis
 }
 
 set,dkroll=1,dkho=99,dkhp=2
 
 Including file /global/u1/a/aannabe/docs/Tb_project/ccECP/atoms/UC/12/states.proc
 Including file /global/homes/a/aannabe/docs/Tb_project/ccECP/basis_sets/Tb_con-cc-pVDZ.basis
 Including file /global/homes/a/aannabe/docs/Tb_project/ccECP/basis_sets/Tb_aug-cc-pwCVTZ.basis
 Including file /global/homes/a/aannabe/docs/Tb_project/ccECP/basis_sets/Tb_con-cc-pVDZ.basis
 Including file /global/homes/a/aannabe/docs/Tb_project/ccECP/basis_sets/Tb_aug-cc-pwCVTZ.basis
 Including file /global/homes/a/aannabe/docs/Tb_project/ccECP/basis_sets/Tb_con-cc-pVDZ.basis
 Including file /global/homes/a/aannabe/docs/Tb_project/ccECP/basis_sets/Tb_aug-cc-pwCVTZ.basis
 Including file /global/homes/a/aannabe/docs/Tb_project/ccECP/basis_sets/Tb_con-cc-pVDZ.basis
 Including file /global/homes/a/aannabe/docs/Tb_project/ccECP/basis_sets/Tb_aug-cc-pwCVTZ.basis
 
 do i=12,12
    if (i.eq.1) then
       GS_5s2_5p6_6s2_4f9
    else if (i.eq.2) then
       EX_5s2_5p6_6s2_4f8_5d1
    else if (i.eq.3) then
       EX_5s2_5p6_6s1_4f8_5d2
    else if (i.eq.4) then
       EX_5s2_5p6_6s2_4f8_6p1
    else if (i.eq.5) then
       IP1_5s2_5p6_6s1_4f9
    else if (i.eq.6) then
       IP1_5s2_5p6_6s1_4f8_5d
    else if (i.eq.7) then
       IP1_5s2_5p6_6s2_4f8
    else if (i.eq.8) then
       IP2_5s2_5p6_4f9
    else if (i.eq.9) then
       IP2_5s2_5p6_4f8_5d1
    else if (i.eq.10) then
       IP2_5s2_5p6_6s1_4f8
    else if (i.eq.11) then
       IP3_5s2_5p6_4f8
    else if (i.eq.12) then
       IP3_5s2_5p6_4f7_5d1
    else if (i.eq.13) then
       IP3_5s2_5p6_6s1_4f7
    else if (i.eq.14) then
       IP4_5s2_5p6_4f7
    else if (i.eq.15) then
       IP7_5s2_5p3_4f7
    end if
    scf(i)=energy
    pop
    _CC_NORM_MAX=2.0
    {uccsd(t),shifts=0.2,shiftp=0.2,thrdis=1.0;diis,1,1,15,1;maxit,100;core,8,3,3,2,3,2,2,0;
    THRESH,ENERGY=5.e-6,COEFF=1e-3
    }
    ccsd(i)=energy
 enddo
 
 table,scf,ccsd
 save, 3.csv, new
 

 Variables initialized (889), CPU time= 0.01 sec
 Commands  initialized (702), CPU time= 0.01 sec, 572 directives.
 Default parameters read. Elapsed time= 0.14 sec

 Checking input...
 Passed
1


                                         ***  PROGRAM SYSTEM MOLPRO  ***
                                       Copyright, TTI GmbH Stuttgart, 2015
                                    Version 2015.1 linked Dec 29 2018 15:55:43


 **********************************************************************************************************************************
 LABEL *   atomic                                                                        
  64 bit mpp version                                                                     DATE: 14-Feb-22          TIME: 09:34:32  
 **********************************************************************************************************************************

 SHA1:             19cd028119e0e09f93f0674bd8af7968d9b3eff6
 **********************************************************************************************************************************

 THRESHOLDS:

 ZERO    =  1.00D-12  ONEINT  =  1.00D-12  TWOINT  =  1.00D-15  PREFAC  =  1.00D-14  LOCALI  =  1.00D-09  EORDER  =  1.00D-04
 ENERGY  =  0.00D+00  ETEST   =  0.00D+00  EDENS   =  0.00D+00  THRDEDEF=  1.00D-06  GRADIENT=  1.00D-02  STEP    =  1.00D-03
 ORBITAL =  1.00D-05  CIVEC   =  1.00D-05  COEFF   =  1.00D-04  PRINTCI =  5.00D-02  PUNCHCI =  9.90D+01  OPTGRAD =  3.00D-04
 OPTENERG=  1.00D-06  OPTSTEP =  3.00D-04  THRGRAD =  1.00D-10  COMPRESS=  1.00D-11  VARMIN  =  1.00D-07  VARMAX  =  1.00D-03
 THRDOUB =  0.00D+00  THRDIV  =  1.00D-05  THRRED  =  1.00D-07  THRPSP  =  1.00D+00  THRDC   =  1.00D-10  THRCS   =  1.00D-10
 THRNRM  =  1.00D-08  THREQ   =  0.00D+00  THRDE   =  1.00D+00  THRREF  =  1.00D-05  SPARFAC =  1.00D+00  THRDLP  =  1.00D-07
 THRDIA  =  1.00D-10  THRDLS  =  1.00D-07  THRGPS  =  0.00D+00  THRKEX  =  0.00D+00  THRDIS  =  2.00D-01  THRVAR  =  1.00D-10
 THRLOC  =  1.00D-06  THRGAP  =  1.00D-06  THRLOCT = -1.00D+00  THRGAPT = -1.00D+00  THRORB  =  1.00D-06  THRMLTP =  0.00D+00
 THRCPQCI=  1.00D-10  KEXTA   =  0.00D+00  THRCOARS=  0.00D+00  SYMTOL  =  1.00D-06  GRADTOL =  1.00D-06  THROVL  =  1.00D-08
 THRORTH =  1.00D-08  GRID    =  1.00D-06  GRIDMAX =  1.00D-03  DTMAX   =  0.00D+00  THROCCDE=  1.00D-01  THROCCDE=  1.00D-01



 THRESHOLDS:

 ZERO    =  1.00D-12  ONEINT  =  1.00D-15  TWOINT  =  1.00D-15  PREFAC  =  1.00D-14  LOCALI  =  1.00D-09  EORDER  =  1.00D-04
 ENERGY  =  0.00D+00  ETEST   =  0.00D+00  EDENS   =  0.00D+00  THRDEDEF=  1.00D-06  GRADIENT=  1.00D-02  STEP    =  1.00D-03
 ORBITAL =  1.00D-05  CIVEC   =  1.00D-05  COEFF   =  1.00D-04  PRINTCI =  5.00D-02  PUNCHCI =  9.90D+01  OPTGRAD =  3.00D-04
 OPTENERG=  1.00D-06  OPTSTEP =  3.00D-04  THRGRAD =  1.00D-10  COMPRESS=  1.00D-11  VARMIN  =  1.00D-07  VARMAX  =  1.00D-03
 THRDOUB =  0.00D+00  THRDIV  =  1.00D-05  THRRED  =  1.00D-07  THRPSP  =  1.00D+00  THRDC   =  1.00D-10  THRCS   =  1.00D-10
 THRNRM  =  1.00D-08  THREQ   =  0.00D+00  THRDE   =  1.00D+00  THRREF  =  1.00D-05  SPARFAC =  1.00D+00  THRDLP  =  1.00D-07
 THRDIA  =  1.00D-10  THRDLS  =  1.00D-07  THRGPS  =  0.00D+00  THRKEX  =  0.00D+00  THRDIS  =  2.00D-01  THRVAR  =  1.00D-10
 THRLOC  =  1.00D-06  THRGAP  =  1.00D-06  THRLOCT = -1.00D+00  THRGAPT = -1.00D+00  THRORB  =  1.00D-06  THRMLTP =  0.00D+00
 THRCPQCI=  1.00D-10  KEXTA   =  0.00D+00  THRCOARS=  0.00D+00  SYMTOL  =  1.00D-06  GRADTOL =  1.00D-06  THROVL  =  1.00D-08
 THRORTH =  1.00D-08  GRID    =  1.00D-06  GRIDMAX =  1.00D-03  DTMAX   =  0.00D+00  THROCCDE=  1.00D-01  THROCCDE=  1.00D-01


 ZUNIT=ANG
 

Geometry recognized as XYZ


 Variable memory set to 1000000000 words,  buffer space   230000 words

 SETTING BASIS          =    USERDEF
 SETTING DKROLL         =         1.00000000                                  
 SETTING DKHO           =        99.00000000                                  
 SETTING DKHP           =         2.00000000                                  

 DO I                   =        12.00000000   

 Running procedure=IP3_5S2_5P6_4F7_5D1


 Recomputing integrals since basis changed


 Using spherical harmonics



 PROGRAM * SEWARD (Integral evaluation for generally contracted gaussian basis sets)     Author: Roland Lindh, 1990

 Geometry written to block  1 of record 700

 Orientation using atomic masses  
 Molecule type: Atom
 Symmetry elements: X,Y,Z
 Rotational constants:       0.0000000      0.0000000      0.0000000 GHz  (calculated with average atomic masses)

 Point group  D2h 



 ATOMIC COORDINATES

 NR  ATOM    CHARGE       X              Y              Z

   1  TB     65.00    0.000000000    0.000000000    0.000000000

 NUCLEAR CHARGE:                   65
 NUMBER OF PRIMITIVE AOS:         470
 NUMBER OF SYMMETRY AOS:          361
 NUMBER OF CONTRACTIONS:          361   (  82Ag  +  60B3u +  60B2u +  27B1g +  60B1u +  27B2g +  27B3g +  18Au  )
 NUMBER OF CORE ORBITALS:          23   (   8Ag  +   3B3u +   3B2u +   2B1g +   3B1u +   2B2g +   2B3g +   0Au  )
 NUMBER OF VALENCE ORBITALS:       17   (   4Ag  +   3B3u +   3B2u +   1B1g +   3B1u +   1B2g +   1B3g +   1Au  )


 NUCLEAR REPULSION ENERGY    0.00000000

 One-electron integrals computed with SEWARD

 99nd-order Douglas-Kroll-Hess method activated. Exponential DKH parametrization is used.

 Computing Douglas-Kroll / X2C integrals

 AO integral compression algorithm  1   Integral accuracy      1.0D-15

     1802.240 MB (compressed) written to integral file ( 46.5%)

     Node minimum: 77.595 MB, node maximum: 234.881 MB


 NUMBER OF SORTED TWO-ELECTRON INTEGRALS:   24984912.     BUFFER LENGTH:  32768
 NUMBER OF SEGMENTS:   1  SEGMENT LENGTH:   24984912      RECORD LENGTH: 524288

 Memory used in sort:      25.54 MW

 SORT1 READ   484076335. AND WROTE    14890225. INTEGRALS IN     43 RECORDS. CPU TIME:    12.54 SEC, REAL TIME:    12.98 SEC
 SORT2 READ   163021228. AND WROTE   274384081. INTEGRALS IN   8283 RECORDS. CPU TIME:     0.67 SEC, REAL TIME:     1.70 SEC

 Node minimum:    24848232.  Node maximum:    25142105. integrals

 OPERATOR DM      FOR CENTER  0  COORDINATES:    0.000000    0.000000    0.000000

 EXTRA SYMMETRY OF AOS IN SYMMETRY 1:   1 1 1 1 1 1 1 1 1 1   1 1 1 1 1 1 1 1 1 1   1 1 1 1 1 1 1 1 1 1   1 1 1 2 3 2 3 2 3 2
                                        3 2 3 2 3 2 3 2 3 2   3 2 3 2 3 2 3 2 3 2   3 2 3 2 3 2 3 4 5 6   4 5 6 4 5 6 4 5 6 4
                                        5 6
 EXTRA SYMMETRY OF AOS IN SYMMETRY 2:   1 1 1 1 1 1 1 1 1 1   1 1 1 1 1 1 1 1 1 1   1 1 1 1 1 1 2 3 2 3   2 3 2 3 2 3 2 3 2 3
                                        2 3 2 3 2 3 2 3 2 3   2 3 2 3 4 5 6 4 5 6
 EXTRA SYMMETRY OF AOS IN SYMMETRY 3:   1 1 1 1 1 1 1 1 1 1   1 1 1 1 1 1 1 1 1 1   1 1 1 1 1 1 2 3 2 3   2 3 2 3 2 3 2 3 2 3
                                        2 3 2 3 2 3 2 3 2 3   2 3 2 3 4 5 6 4 5 6
 EXTRA SYMMETRY OF AOS IN SYMMETRY 4:   1 1 1 1 1 1 1 1 1 1   1 1 1 1 1 1 1 2 3 2   3 2 3 2 3 2 3
 EXTRA SYMMETRY OF AOS IN SYMMETRY 5:   1 1 1 1 1 1 1 1 1 1   1 1 1 1 1 1 1 1 1 1   1 1 1 1 1 1 2 3 2 3   2 3 2 3 2 3 2 3 2 3
                                        2 3 2 3 2 3 2 3 2 3   2 3 2 3 4 5 6 4 5 6
 EXTRA SYMMETRY OF AOS IN SYMMETRY 6:   1 1 1 1 1 1 1 1 1 1   1 1 1 1 1 1 1 2 3 2   3 2 3 2 3 2 3
 EXTRA SYMMETRY OF AOS IN SYMMETRY 7:   1 1 1 1 1 1 1 1 1 1   1 1 1 1 1 1 1 2 3 2   3 2 3 2 3 2 3
 EXTRA SYMMETRY OF AOS IN SYMMETRY 8:   1 1 1 1 1 1 1 1 1 1   1 1 1 1 2 3 2 3

 Eigenvalues of metric

         1 0.154E-07 0.147E-05 0.266E-04 0.749E-04 0.181E-03 0.390E-03 0.717E-03 0.122E-02
         2 0.148E-04 0.893E-04 0.893E-04 0.408E-03 0.125E-02 0.125E-02 0.141E-02 0.331E-02
         3 0.148E-04 0.893E-04 0.893E-04 0.408E-03 0.125E-02 0.125E-02 0.141E-02 0.331E-02
         4 0.186E-02 0.687E-02 0.180E-01 0.386E-01 0.694E-01 0.115E+00 0.185E+00 0.289E+00
         5 0.148E-04 0.893E-04 0.893E-04 0.408E-03 0.125E-02 0.125E-02 0.141E-02 0.331E-02
         6 0.186E-02 0.687E-02 0.180E-01 0.386E-01 0.694E-01 0.115E+00 0.185E+00 0.289E+00
         7 0.186E-02 0.687E-02 0.180E-01 0.386E-01 0.694E-01 0.115E+00 0.185E+00 0.289E+00
         8 0.893E-04 0.125E-02 0.174E-01 0.609E-01 0.108E+00 0.212E+00 0.329E+00 0.483E+00


 **********************************************************************************************************************************
 DATASETS  * FILE   NREC   LENGTH (MB)   RECORD NAMES
              1      22       21.35       500      610      700      900      950      970     1000      129      960     1700   
                                          VAR    BASINP    GEOM    SYMINP    ZMAT    AOBASIS   BASIS     P2S    ABASIS    OPER   
                                         1101     1401     1411     1412     1650     1100     1400     1410     1200     1210   
                                          SR      EKINR    POTR     PVPR    MOLCAS      S      EKIN      POT      H0       H01  
                                         1080     1600   
                                         AOSYM     SMH  

 PROGRAMS   *        TOTAL       INT
 CPU TIMES  *        92.53     91.94
 REAL TIME  *        96.06 SEC
 DISK USED  *         3.78 GB      
 GA USED    *         0.00 MB       (max)       0.00 MB       (current)
 **********************************************************************************************************************************


 PROGRAM * RHF-SCF (OPEN SHELL)       Authors: W. Meyer, H.-J. Werner


 NUMBER OF ELECTRONS:      35+   27-    SPACE SYMMETRY=5    SPIN SYMMETRY: Nonet   
 CONVERGENCE THRESHOLDS:    1.00E-05 (Density)    1.30E-07 (Energy)
 MAX. NUMBER OF ITERATIONS:      100
 INTERPOLATION TYPE:            DIIS
 INTERPOLATION STEPS:              2 (START)      1 (STEP)
 LEVEL SHIFTS:                 -0.60 (CLOSED) -0.30 (OPEN) 

 Number of closed-shell orbitals:   27 (   9   4   4   2   4   2   2   0 )
 Number of open-shell orbitals:      8 (   0   2   2   1   2   0   0   1 )


 
 Extra symmetries of mos in symmetry 1:   1   1   1   1   3   2   3   2   1   3   2
 Orbital guess generated from atomic densities. Full valence occupancy:   10   6   6   2   6   2   2   1


 Molecular orbital dump at record        2115.2

 ITERATION    DDIFF          GRAD             ENERGY        2-EL.EN.            DIPOLE MOMENTS         DIIS   ORB.
    1      0.000D+00      0.000D+00    -11690.61480542   7877.699974    0.00000    0.00000    0.00000    0    start
    2      0.000D+00      0.767D-01    -11699.29417239   8785.532494    0.00000    0.00000    0.00000    1    diag,B
    3      0.901D-01      0.113D+00    -11702.67879547   8597.478434    0.00000    0.00000    0.00000    2    diag,B
    4      0.469D-01      0.404D-01    -11703.34610260   8516.546131    0.00000    0.00000    0.00000    3    diag,B
    5      0.104D-01      0.150D-01    -11703.46167963   8478.727068    0.00000    0.00000    0.00000    4    diag,B
    6      0.762D-02      0.406D-02    -11703.47152864   8467.538341    0.00000    0.00000    0.00000    5    diag,B
    7      0.161D-02      0.893D-03    -11703.47213141   8464.619611    0.00000    0.00000    0.00000    6    diag,B
    8      0.114D-02      0.717D-04    -11703.47214415   8464.321285    0.00000    0.00000    0.00000    7    diag,B
    9      0.294D-03      0.184D-04    -11703.47214473   8464.338796    0.00000    0.00000    0.00000    8    diag,B
   10      0.278D-04      0.777D-05    -11703.47214477   8464.357201    0.00000    0.00000    0.00000    9    orth
   11      0.986D-05      0.151D-05    -11703.47214477   8464.364908    0.00000    0.00000    0.00000    0    orth

 Final alpha occupancy:   9   6   6   3   6   2   2   1
 Final beta  occupancy:   9   4   4   2   4   2   2   0

 !RHF STATE 1.5 Energy               -11703.4721447721    
 Nuclear energy                         0.00000000
 One-electron energy               -15935.65459858
 Two-electron energy                 4232.18245380
 Virial quotient                       -0.77670426
 !RHF STATE 1.5 Dipole moment           0.00000000     0.00000000     0.00000000
 Dipole moment /Debye                   0.00000000     0.00000000     0.00000000

 ELECTRON ORBITALS
 =================


   Orb  Occ    Energy  Couls-En    Coefficients

                                   1 1s      1 1s      1 1s      1 1s      1 1s      1 1s      1 1s      1 1s      1 1s      1 1s   
                                   1 1s      1 1s      1 1s      1 1s      1 1s      1 1s      1 1s      1 1s      1 1s      1 1s   
                                   1 1s      1 1s      1 1s      1 1s      1 1s      1 1s      1 1s      1 1s      1 1s      1 1s   
                                   1 1s      1 1s      1 1s      1 3d0     1 3d2+    1 3d0     1 3d2+    1 3d0     1 3d2+    1 3d0  
                                   1 3d2+    1 3d0     1 3d2+    1 3d0     1 3d2+    1 3d0     1 3d2+    1 3d0     1 3d2+    1 3d0  
                                   1 3d2+    1 3d0     1 3d2+    1 3d0     1 3d2+    1 3d0     1 3d2+    1 3d0     1 3d2+    1 3d0  
                                   1 3d2+    1 3d0     1 3d2+    1 3d0     1 3d2+    1 3d0     1 3d2+    1 5g0     1 5g4+    1 5g2+ 
                                   1 5g0     1 5g4+    1 5g2+    1 5g0     1 5g4+    1 5g2+    1 5g0     1 5g4+    1 5g2+    1 5g0  
                                   1 5g4+    1 5g2+ 

   1.1   2 -1921.8688-4168.5123  0.000372  0.000370  0.001056  0.001565  0.003155  0.005253  0.009597  0.016539  0.029434  0.051305
                                 0.089392  0.148555  0.224677  0.275559  0.230697  0.098380  0.013283  0.000370 -0.000021 -0.000013
                                -0.000144  0.000249 -0.000320  0.000197 -0.000017  0.000004 -0.000001  0.000000 -0.000000  0.000000
                                -0.000000  0.000000 -0.000000  0.000000  0.000000  0.000000 -0.000000  0.000000  0.000000  0.000000
                                -0.000000  0.000000  0.000000 -0.000000  0.000000 -0.000000 -0.000000 -0.000000  0.000000 -0.000000
                                -0.000000 -0.000000  0.000000 -0.000000 -0.000000 -0.000000  0.000000 -0.000000 -0.000000 -0.000000
                                 0.000000  0.000000 -0.000000 -0.000000  0.000000  0.000000 -0.000000  0.000000 -0.000000 -0.000000
                                -0.000000  0.000000 -0.000000  0.000000 -0.000000  0.000000 -0.000000  0.000000 -0.000000  0.000000
                                -0.000000  0.000000

   2.1   2  -324.3377 -891.7234 -0.000135 -0.000135 -0.000385 -0.000572 -0.001156 -0.001934 -0.003555 -0.006187 -0.011176 -0.019934
                                -0.036029 -0.063529 -0.106177 -0.152543 -0.153354 -0.006829  0.318497  0.500459  0.283757  0.044971
                                -0.001081  0.000422  0.002091 -0.001829  0.000103 -0.000068  0.000018 -0.000001  0.000002 -0.000001
                                 0.000001 -0.000000  0.000000  0.000000 -0.000000  0.000000 -0.000000  0.000000  0.000000  0.000000
                                -0.000000  0.000002 -0.000000  0.000003  0.000000  0.000001 -0.000000  0.000001  0.000000  0.000000
                                -0.000000  0.000000  0.000000 -0.000000 -0.000000  0.000000  0.000000 -0.000000 -0.000000  0.000000
                                 0.000000 -0.000000  0.000000  0.000000 -0.000000 -0.000000 -0.000000 -0.000000  0.000001  0.000000
                                 0.000000 -0.000000 -0.000000 -0.000000  0.000000  0.000000  0.000000 -0.000000  0.000000 -0.000000
                                 0.000000  0.000000

   3.1   2   -75.0742 -314.9443  0.000063  0.000063  0.000179  0.000266  0.000538  0.000901  0.001659  0.002891  0.005235  0.009369
                                 0.017039  0.030324  0.051570  0.076163  0.079713 -0.002502 -0.242249 -0.501951 -0.307101  0.460135
                                 0.715910 -0.030382  0.282222 -0.033486  0.020430  0.000646  0.000027 -0.000098 -0.000003 -0.000003
                                 0.000002 -0.000001  0.000000  0.000000  0.000000  0.000000  0.000000  0.000000  0.000000  0.000002
                                 0.000000  0.000005  0.000000  0.000016  0.000000  0.000031  0.000000  0.000051  0.000000  0.000062
                                 0.000000  0.000003  0.000000  0.000002 -0.000000  0.000001 -0.000000  0.000001 -0.000000  0.000000
                                -0.000000  0.000000 -0.000000 -0.000000  0.000000  0.000000  0.000000 -0.000000  0.000000 -0.000000
                                 0.000000 -0.000001 -0.000000 -0.000001  0.000003 -0.000000 -0.000000  0.000000 -0.000000 -0.000000
                                 0.000000 -0.000000

   4.1   2   -16.9844 -135.8362 -0.000030 -0.000030 -0.000087 -0.000129 -0.000260 -0.000435 -0.000801 -0.001397 -0.002529 -0.004533
                                -0.008247 -0.014733 -0.025099 -0.037438 -0.039297  0.001506  0.132348  0.288432  0.197006 -0.406976
                                -0.873027 -0.046783 -0.037935 -0.065760  0.882473  0.564305  0.050189 -0.003274  0.001247 -0.000325
                                 0.000288 -0.000131  0.000028 -0.000000  0.000000 -0.000000 -0.000000 -0.000001 -0.000000 -0.000006
                                -0.000000 -0.000020 -0.000000 -0.000058 -0.000000 -0.000098 -0.000000 -0.000136 -0.000000 -0.000032
                                -0.000000  0.000222 -0.000000  0.000339  0.000000  0.000393  0.000000  0.000003  0.000000 -0.000005
                                -0.000000 -0.000002 -0.000000  0.000001  0.000000 -0.000000 -0.000000  0.000005 -0.000030 -0.000000
                                -0.000019  0.000111  0.000000 -0.000001  0.000007 -0.000000  0.000002 -0.000012 -0.000000 -0.000001
                                 0.000005  0.000000

   5.1   2   -48.8085 -271.4002 -0.000000 -0.000000 -0.000000 -0.000000 -0.000000 -0.000000 -0.000000 -0.000000 -0.000000 -0.000000
                                -0.000000 -0.000000 -0.000000 -0.000000 -0.000000  0.000000 -0.000000  0.000000 -0.000000  0.000000
                                -0.000000  0.000000 -0.000000  0.000000 -0.000000  0.000000 -0.000000  0.000000  0.000000 -0.000000
                                 0.000000 -0.000000  0.000000  0.000000  0.000090  0.000000  0.000696  0.000000  0.003988  0.000000
                                 0.017829  0.000000  0.061307  0.000000  0.159674  0.000000  0.296019  0.000000  0.364730  0.000000
                                 0.244246  0.000000  0.069320  0.000000  0.005387 -0.000000  0.000479  0.000000 -0.000038 -0.000000
                                 0.000033  0.000000 -0.000014 -0.000000  0.000006  0.000000 -0.000002  0.000000 -0.000000  0.000019
                                 0.000000 -0.000000 -0.000004  0.000000 -0.000000  0.000002  0.000000  0.000000 -0.000000 -0.000000
                                -0.000000  0.000000

   6.1   2   -48.8131 -271.4028 -0.000000 -0.000000 -0.000000 -0.000000 -0.000000 -0.000000 -0.000000 -0.000000 -0.000001 -0.000001
                                -0.000002 -0.000004 -0.000007 -0.000011 -0.000012  0.000001  0.000036  0.000075  0.000058 -0.000108
                                -0.000137  0.000097 -0.000097  0.000035 -0.000026  0.000009  0.000010  0.000003  0.000001 -0.000000
                                 0.000000 -0.000000  0.000000  0.000090 -0.000000  0.000696 -0.000000  0.003988 -0.000000  0.017829
                                -0.000000  0.061305 -0.000000  0.159670 -0.000000  0.296011 -0.000000  0.364713 -0.000000  0.244258
                                -0.000000  0.069349 -0.000000  0.005394 -0.000000  0.000474  0.000000 -0.000041  0.000000  0.000033
                                 0.000000 -0.000014  0.000000  0.000006 -0.000000 -0.000002 -0.000000  0.000030 -0.000004  0.000000
                                -0.000005  0.000000 -0.000000  0.000003 -0.000003 -0.000000 -0.000000  0.000000  0.000000  0.000000
                                -0.000000 -0.000000

   7.1   2    -7.6920 -109.8292 -0.000000 -0.000000 -0.000000  0.000000 -0.000000  0.000000 -0.000000 -0.000000 -0.000000 -0.000000
                                -0.000000 -0.000000 -0.000000 -0.000000  0.000000 -0.000000  0.000000 -0.000000  0.000000 -0.000000
                                 0.000000 -0.000000  0.000000 -0.000000  0.000000 -0.000000  0.000000 -0.000000  0.000000 -0.000000
                                 0.000000 -0.000000  0.000000  0.000000 -0.000043  0.000000 -0.000334  0.000000 -0.001919  0.000000
                                -0.008660  0.000000 -0.030075  0.000000 -0.079959  0.000000 -0.146806  0.000000 -0.166914  0.000000
                                -0.000530 -0.000000  0.320911 -0.000000  0.471392 -0.000000  0.281152 -0.000000  0.054134  0.000000
                                 0.000516 -0.000000  0.000483  0.000000 -0.000204 -0.000000  0.000074 -0.000000 -0.000000  0.000058
                                 0.000000  0.000000  0.000235 -0.000000 -0.000000  0.000217  0.000000 -0.000000 -0.000005 -0.000000
                                 0.000000  0.000003

   8.1   2    -7.7022 -109.8237  0.000000  0.000000  0.000000  0.000000  0.000000  0.000001  0.000001  0.000002  0.000004  0.000007
                                 0.000013  0.000024  0.000041  0.000062  0.000064 -0.000002 -0.000223 -0.000477 -0.000363  0.000803
                                 0.001285  0.001332 -0.003397  0.003311 -0.003147 -0.001802  0.002361  0.000528 -0.000145 -0.000002
                                -0.000001  0.000001 -0.000000 -0.000043 -0.000000 -0.000334 -0.000000 -0.001919 -0.000000 -0.008658
                                -0.000000 -0.030068 -0.000000 -0.079940 -0.000000 -0.146775 -0.000000 -0.166875 -0.000000 -0.000593
                                -0.000000  0.320893  0.000000  0.471145  0.000000  0.281192  0.000000  0.054570  0.000000  0.000592
                                 0.000000  0.000488  0.000000 -0.000205 -0.000000  0.000074 -0.000000  0.000089  0.000010  0.000000
                                 0.000394 -0.000182  0.000000  0.000337 -0.000012  0.000000 -0.000020  0.000068 -0.000000  0.000009
                                -0.000025 -0.000000

   9.1   2    -3.3795  -58.3991  0.000012  0.000012  0.000035  0.000052  0.000105  0.000176  0.000325  0.000566  0.001025  0.001839
                                 0.003345  0.005982  0.010194  0.015243  0.016004 -0.000627 -0.055221 -0.121590 -0.086031  0.190489
                                 0.447689  0.013792 -0.030130  0.086927 -0.675023 -0.649840  0.369406  0.850971  0.229838 -0.004374
                                 0.004471 -0.002095  0.000450  0.000000  0.000000  0.000001  0.000000  0.000008  0.000000  0.000035
                                 0.000000  0.000122  0.000000  0.000321  0.000000  0.000602  0.000000  0.000654  0.000000 -0.000018
                                -0.000000 -0.001634 -0.000000 -0.001963 -0.000000 -0.001364 -0.000000  0.005039  0.000000  0.001866
                                 0.000000 -0.000611  0.000000  0.000182  0.000000 -0.000064 -0.000000 -0.000005  0.000029  0.000000
                                -0.000047  0.000255  0.000000  0.000093 -0.000464  0.000000  0.000205 -0.001178 -0.000000 -0.000063
                                 0.000357 -0.000000

  10.1   0    -0.7519  -34.4798 -0.000000 -0.000000 -0.000000 -0.000000 -0.000000 -0.000000 -0.000000 -0.000000 -0.000000 -0.000000
                                -0.000000 -0.000000 -0.000000 -0.000000 -0.000000 -0.000000  0.000000  0.000000  0.000000 -0.000000
                                 0.000000 -0.000000  0.000000 -0.000000  0.000000  0.000000  0.000000 -0.000000  0.000000  0.000000
                                -0.000000  0.000000 -0.000000  0.000000  0.000011  0.000000  0.000088  0.000000  0.000505  0.000000
                                 0.002288  0.000000  0.007929  0.000000  0.021226  0.000000  0.038722  0.000000  0.043837 -0.000000
                                -0.007169 -0.000000 -0.102232 -0.000000 -0.151372 -0.000000 -0.033979  0.000000  0.247736  0.000000
                                 0.505875  0.000000  0.400172  0.000000  0.041376 -0.000000 -0.002214  0.000000  0.000000  0.000032
                                -0.000000 -0.000000 -0.000146  0.000000  0.000000  0.001660  0.000000  0.000000  0.004755 -0.000000
                                -0.000000 -0.000582

  11.1   0    -0.7839  -34.8190 -0.000000 -0.000000 -0.000000 -0.000000 -0.000000 -0.000000 -0.000000 -0.000001 -0.000001 -0.000002
                                -0.000004 -0.000007 -0.000014 -0.000018 -0.000024  0.000009  0.000051  0.000201 -0.000010  0.000230
                                -0.004071  0.011019 -0.023435  0.018831 -0.004094  0.002318 -0.000610  0.005092 -0.007226 -0.006192
                                 0.003394 -0.001421  0.000290  0.000011 -0.000000  0.000089 -0.000000  0.000510 -0.000000  0.002314
                                -0.000000  0.008020 -0.000000  0.021470 -0.000000  0.039161 -0.000000  0.044349 -0.000000 -0.007224
                                 0.000000 -0.103343  0.000000 -0.153017  0.000000 -0.034973  0.000000  0.249809 -0.000000  0.518470
                                -0.000000  0.389078 -0.000000  0.031288 -0.000000 -0.000721  0.000000  0.000038  0.000067 -0.000000
                                -0.000186 -0.000269  0.000000  0.001967  0.003586 -0.000000  0.005842  0.007559 -0.000000 -0.000736
                                -0.001540 -0.000000

                                   1 2px     1 2px     1 2px     1 2px     1 2px     1 2px     1 2px     1 2px     1 2px     1 2px  
                                   1 2px     1 2px     1 2px     1 2px     1 2px     1 2px     1 2px     1 2px     1 2px     1 2px  
                                   1 2px     1 2px     1 2px     1 2px     1 2px     1 2px     1 4f1+    1 4f3+    1 4f1+    1 4f3+ 
                                   1 4f1+    1 4f3+    1 4f1+    1 4f3+    1 4f1+    1 4f3+    1 4f1+    1 4f3+    1 4f1+    1 4f3+ 
                                   1 4f1+    1 4f3+    1 4f1+    1 4f3+    1 4f1+    1 4f3+    1 4f1+    1 4f3+    1 4f1+    1 4f3+ 
                                   1 4f1+    1 4f3+    1 4f1+    1 4f3+    1 6h1+    1 6h3+    1 6h5+    1 6h1+    1 6h3+    1 6h5+ 


   1.2   2  -288.5914 -831.2892  0.000013  0.000036  0.000109  0.000314  0.000925  0.002776  0.008419  0.025018  0.069320  0.164649
                                 0.301577  0.359200  0.215508  0.045717  0.002046 -0.000336  0.000747 -0.000646  0.000095 -0.000049
                                 0.000025 -0.000011  0.000005 -0.000002  0.000001 -0.000000  0.000001 -0.000000  0.000001 -0.000002
                                -0.000000 -0.000002  0.000001  0.000002 -0.000002 -0.000001  0.000003  0.000003 -0.000002 -0.000002
                                 0.000002  0.000001 -0.000001 -0.000001 -0.000000 -0.000000 -0.000000 -0.000000  0.000000 -0.000000
                                -0.000000 -0.000000  0.000000  0.000000 -0.000000 -0.000000  0.000000  0.000000  0.000000 -0.000000

   2.2   2   -63.7824 -294.2803 -0.000006 -0.000018 -0.000054 -0.000156 -0.000460 -0.001386 -0.004234 -0.012738 -0.036122 -0.089129
                                -0.172396 -0.208065 -0.013046  0.388266  0.505035  0.199181 -0.001286  0.020102  0.001098 -0.000074
                                 0.000051 -0.000040  0.000017 -0.000008  0.000004 -0.000001 -0.000000 -0.000000  0.000001 -0.000000
                                 0.000009  0.000003  0.000028  0.000016  0.000022 -0.000008 -0.000014 -0.000002  0.000008 -0.000005
                                -0.000004  0.000003  0.000005  0.000008  0.000002  0.000010  0.000001  0.000004  0.000000  0.000001
                                 0.000000 -0.000000 -0.000000  0.000000 -0.000000 -0.000000  0.000001  0.000000  0.000000 -0.000000

   3.2   2   -13.1424 -125.2545  0.000003  0.000008  0.000026  0.000074  0.000219  0.000660  0.002022  0.006095  0.017389  0.043235
                                 0.084897  0.102346 -0.012414 -0.283165 -0.405363  0.073293  0.001897  0.608700  0.442911  0.071417
                                -0.000321  0.001061 -0.000330  0.000145 -0.000063  0.000019  0.000000  0.000000  0.000002  0.000001
                                 0.000009  0.000007  0.000015 -0.000005  0.000101 -0.000017 -0.000014 -0.000048  0.000195  0.000029
                                -0.000035 -0.000031  0.000361  0.000304  0.000071  0.000052 -0.000013 -0.000022  0.000002 -0.000000
                                -0.000001 -0.000001  0.000000  0.000000 -0.000014 -0.000015  0.000102  0.000006  0.000006 -0.000042

   4.2   2    -2.3062  -50.9854 -0.000001 -0.000003 -0.000010 -0.000028 -0.000082 -0.000246 -0.000755 -0.002277 -0.006508 -0.016197
                                -0.031930 -0.038417  0.006143  0.115568  0.167801 -0.062931  0.011926 -0.360329 -0.275722  0.271759
                                 0.623392  0.312635  0.013366  0.000649 -0.000494  0.000167  0.000010  0.000008  0.000089  0.000072
                                 0.000396  0.000325  0.001213  0.000984  0.002090  0.001957  0.000585  0.000103  0.002504  0.002675
                                 0.001364  0.000318  0.002341  0.002240  0.004592 -0.000145  0.002607 -0.005263 -0.000433 -0.002581
                                 0.000063  0.000200 -0.000026 -0.000077 -0.000015 -0.000018  0.000164 -0.000039 -0.000070  0.000411

   5.2   +    -2.1086  -86.7398  0.000000  0.000000  0.000000  0.000000  0.000001  0.000002  0.000006  0.000018  0.000051  0.000126
                                 0.000249  0.000299 -0.000047 -0.000901 -0.001283  0.000456  0.000011  0.002453  0.002501 -0.000673
                                -0.006237 -0.006688 -0.001065  0.000084 -0.000026  0.000007  0.001035  0.000120  0.008832  0.001028
                                 0.040036  0.004658  0.118465  0.013791  0.239243  0.027812  0.001983  0.000384  0.330216  0.038271
                                 0.004485  0.000785  0.326407  0.037622  0.221284  0.026773  0.078512  0.011802  0.004903  0.001537
                                 0.000197 -0.000040 -0.000100  0.000013  0.000586  0.000149 -0.000121  0.000556 -0.000182  0.000256

   6.2   +    -2.1011  -86.6115 -0.000000 -0.000000 -0.000000 -0.000000 -0.000000 -0.000001 -0.000002 -0.000007 -0.000020 -0.000051
                                -0.000099 -0.000121  0.000025  0.000363  0.000634 -0.000432  0.000480 -0.002390  0.000157  0.003990
                                -0.000245 -0.005052 -0.001460  0.000119 -0.000040  0.000010 -0.000124  0.001033 -0.001054  0.008817
                                -0.004779  0.039962 -0.014134  0.118259 -0.028579  0.238821 -0.000099  0.002072 -0.039544  0.329499
                                -0.000302  0.004656 -0.039253  0.325288 -0.025554  0.221701 -0.007349  0.082366  0.000097  0.006724
                                -0.000068  0.000074  0.000029 -0.000051 -0.000038  0.000347  0.000015 -0.000127  0.000270 -0.000020

   7.2   0    -0.5460  -19.4484  0.000000  0.000001  0.000003  0.000009  0.000027  0.000083  0.000254  0.000763  0.002188  0.005424
                                 0.010759  0.012802 -0.001879 -0.039855 -0.055249  0.014471  0.016651  0.109841  0.108089 -0.136196
                                -0.272840 -0.257650  0.637087  0.613575 -0.035846  0.013469  0.000002  0.000008  0.000016  0.000072
                                 0.000069  0.000320  0.000209  0.000969  0.000369  0.001693  0.000093  0.000409  0.000439  0.001984
                                 0.000147  0.000888  0.000456  0.001792 -0.000228  0.001531 -0.001996 -0.006144  0.006869 -0.013649
                                 0.006485 -0.004774 -0.000480  0.000356  0.000001  0.000008 -0.000013  0.000053  0.000030 -0.000331

   8.2   0    -0.2927  -11.2297 -0.000000 -0.000001 -0.000002 -0.000005 -0.000016 -0.000048 -0.000148 -0.000440 -0.001275 -0.003122
                                -0.006298 -0.007253  0.000663  0.024307  0.028761  0.006141 -0.048320 -0.027885 -0.082998  0.107080
                                 0.128640  0.257541 -0.803837 -0.182683  1.160828 -0.054739 -0.000011 -0.000030 -0.000089 -0.000254
                                -0.000415 -0.001176 -0.001186 -0.003383 -0.002762 -0.007632  0.000621  0.001384 -0.004220 -0.011382
                                 0.001370  0.002959 -0.004036 -0.010684  0.000579  0.000177  0.005169  0.015004  0.020810  0.075968
                                 0.082405  0.205168  0.048162  0.101224 -0.000023 -0.000036  0.000021  0.000035  0.000064  0.000187

                                   1 2py     1 2py     1 2py     1 2py     1 2py     1 2py     1 2py     1 2py     1 2py     1 2py  
                                   1 2py     1 2py     1 2py     1 2py     1 2py     1 2py     1 2py     1 2py     1 2py     1 2py  
                                   1 2py     1 2py     1 2py     1 2py     1 2py     1 2py     1 4f1-    1 4f3-    1 4f1-    1 4f3- 
                                   1 4f1-    1 4f3-    1 4f1-    1 4f3-    1 4f1-    1 4f3-    1 4f1-    1 4f3-    1 4f1-    1 4f3- 
                                   1 4f1-    1 4f3-    1 4f1-    1 4f3-    1 4f1-    1 4f3-    1 4f1-    1 4f3-    1 4f1-    1 4f3- 
                                   1 4f1-    1 4f3-    1 4f1-    1 4f3-    1 6h1-    1 6h3-    1 6h5-    1 6h1-    1 6h3-    1 6h5- 


   1.3   2  -288.5914 -831.2892  0.000013  0.000036  0.000109  0.000314  0.000925  0.002776  0.008419  0.025018  0.069320  0.164649
                                 0.301577  0.359200  0.215508  0.045717  0.002046 -0.000336  0.000747 -0.000646  0.000095 -0.000049
                                 0.000025 -0.000011  0.000005 -0.000002  0.000001 -0.000000  0.000001  0.000000  0.000001  0.000002
                                -0.000000  0.000002  0.000001 -0.000002 -0.000002  0.000001  0.000003 -0.000003 -0.000002  0.000002
                                 0.000002 -0.000001 -0.000001  0.000001 -0.000000  0.000000 -0.000000  0.000000  0.000000  0.000000
                                -0.000000  0.000000  0.000000 -0.000000 -0.000000  0.000000  0.000000  0.000000 -0.000000 -0.000000

   2.3   2   -63.7824 -294.2803 -0.000006 -0.000018 -0.000054 -0.000156 -0.000460 -0.001386 -0.004234 -0.012738 -0.036122 -0.089129
                                -0.172396 -0.208065 -0.013046  0.388266  0.505035  0.199181 -0.001286  0.020102  0.001098 -0.000074
                                 0.000051 -0.000040  0.000017 -0.000008  0.000004 -0.000001 -0.000000  0.000000  0.000001  0.000000
                                 0.000009 -0.000003  0.000028 -0.000016  0.000022  0.000008 -0.000014  0.000002  0.000008  0.000005
                                -0.000004 -0.000003  0.000005 -0.000008  0.000002 -0.000010  0.000001 -0.000004  0.000000 -0.000001
                                 0.000000  0.000000 -0.000000 -0.000000 -0.000000  0.000000  0.000001  0.000000 -0.000000 -0.000000

   3.3   2   -13.1424 -125.2545  0.000003  0.000008  0.000026  0.000074  0.000219  0.000660  0.002022  0.006095  0.017389  0.043235
                                 0.084897  0.102346 -0.012414 -0.283165 -0.405363  0.073293  0.001897  0.608700  0.442911  0.071417
                                -0.000321  0.001061 -0.000330  0.000145 -0.000063  0.000019  0.000000 -0.000000  0.000002 -0.000001
                                 0.000009 -0.000007  0.000015  0.000005  0.000101  0.000017 -0.000014  0.000048  0.000195 -0.000029
                                -0.000035  0.000031  0.000361 -0.000304  0.000071 -0.000052 -0.000013  0.000022  0.000002  0.000000
                                -0.000001  0.000001  0.000000 -0.000000 -0.000014  0.000015  0.000102  0.000006 -0.000006 -0.000042

   4.3   2    -2.3062  -50.9854 -0.000001 -0.000003 -0.000010 -0.000028 -0.000082 -0.000246 -0.000755 -0.002277 -0.006508 -0.016197
                                -0.031930 -0.038417  0.006143  0.115568  0.167801 -0.062931  0.011926 -0.360329 -0.275722  0.271759
                                 0.623392  0.312635  0.013366  0.000649 -0.000494  0.000167  0.000010 -0.000008  0.000089 -0.000072
                                 0.000396 -0.000325  0.001213 -0.000984  0.002090 -0.001957  0.000585 -0.000103  0.002504 -0.002675
                                 0.001364 -0.000318  0.002341 -0.002240  0.004592  0.000145  0.002607  0.005263 -0.000433  0.002581
                                 0.000063 -0.000200 -0.000026  0.000077 -0.000015  0.000018  0.000164 -0.000039  0.000070  0.000411

   5.3   +    -2.1086  -86.7398  0.000000  0.000000  0.000000  0.000000  0.000001  0.000002  0.000006  0.000018  0.000051  0.000126
                                 0.000249  0.000299 -0.000047 -0.000901 -0.001283  0.000456  0.000011  0.002453  0.002501 -0.000673
                                -0.006237 -0.006688 -0.001065  0.000084 -0.000026  0.000007  0.001035 -0.000120  0.008832 -0.001028
                                 0.040036 -0.004658  0.118465 -0.013791  0.239243 -0.027812  0.001983 -0.000384  0.330216 -0.038271
                                 0.004485 -0.000785  0.326407 -0.037622  0.221284 -0.026773  0.078512 -0.011802  0.004903 -0.001537
                                 0.000197  0.000040 -0.000100 -0.000013  0.000586 -0.000149 -0.000121  0.000556  0.000182  0.000256

   6.3   +    -2.1011  -86.6115  0.000000  0.000000  0.000000  0.000000  0.000000  0.000001  0.000002  0.000007  0.000020  0.000051
                                 0.000099  0.000121 -0.000025 -0.000363 -0.000634  0.000432 -0.000480  0.002390 -0.000157 -0.003990
                                 0.000245  0.005052  0.001460 -0.000119  0.000040 -0.000010  0.000124  0.001033  0.001054  0.008817
                                 0.004779  0.039962  0.014134  0.118259  0.028579  0.238821  0.000099  0.002072  0.039544  0.329499
                                 0.000302  0.004656  0.039253  0.325288  0.025554  0.221701  0.007349  0.082366 -0.000097  0.006724
                                 0.000068  0.000074 -0.000029 -0.000051  0.000038  0.000347 -0.000015  0.000127  0.000270  0.000020

   7.3   0    -0.5460  -19.4484  0.000000  0.000001  0.000003  0.000009  0.000027  0.000083  0.000254  0.000763  0.002188  0.005424
                                 0.010759  0.012802 -0.001879 -0.039855 -0.055249  0.014471  0.016651  0.109841  0.108089 -0.136196
                                -0.272840 -0.257650  0.637087  0.613575 -0.035846  0.013469  0.000002 -0.000008  0.000016 -0.000072
                                 0.000069 -0.000320  0.000209 -0.000969  0.000369 -0.001693  0.000093 -0.000409  0.000439 -0.001984
                                 0.000147 -0.000888  0.000456 -0.001792 -0.000228 -0.001531 -0.001996  0.006144  0.006869  0.013649
                                 0.006485  0.004774 -0.000480 -0.000356  0.000001 -0.000008 -0.000013  0.000053 -0.000030 -0.000331

   8.3   0    -0.2927  -11.2297 -0.000000 -0.000001 -0.000002 -0.000005 -0.000016 -0.000048 -0.000148 -0.000440 -0.001275 -0.003122
                                -0.006298 -0.007253  0.000663  0.024307  0.028761  0.006141 -0.048320 -0.027885 -0.082998  0.107080
                                 0.128640  0.257541 -0.803837 -0.182683  1.160828 -0.054739 -0.000011  0.000030 -0.000089  0.000254
                                -0.000415  0.001176 -0.001186  0.003383 -0.002762  0.007632  0.000621 -0.001384 -0.004220  0.011382
                                 0.001370 -0.002959 -0.004036  0.010684  0.000579 -0.000177  0.005169 -0.015004  0.020810 -0.075968
                                 0.082405 -0.205168  0.048162 -0.101224 -0.000023  0.000036  0.000021  0.000035 -0.000064  0.000187

                                   1 3d2-    1 3d2-    1 3d2-    1 3d2-    1 3d2-    1 3d2-    1 3d2-    1 3d2-    1 3d2-    1 3d2- 
                                   1 3d2-    1 3d2-    1 3d2-    1 3d2-    1 3d2-    1 3d2-    1 3d2-    1 5g2-    1 5g4-    1 5g2- 
                                   1 5g4-    1 5g2-    1 5g4-    1 5g2-    1 5g4-    1 5g2-    1 5g4- 

   1.4   2   -48.8117 -271.4144  0.000090  0.000696  0.003989  0.017833  0.061322  0.159713  0.296087  0.364748  0.244155  0.069275
                                 0.005328  0.000455  0.000049  0.000215  0.000078  0.000003 -0.000000  0.000021 -0.000000 -0.000004
                                -0.000000  0.000003 -0.000000 -0.000001 -0.000000  0.000000  0.000000

   2.4   2    -7.6984 -109.9014 -0.000043 -0.000335 -0.001922 -0.008673 -0.030120 -0.080081 -0.147022 -0.167146 -0.000327  0.321740
                                 0.472101  0.279401  0.053686  0.001656  0.000942 -0.000205  0.000077  0.000052 -0.000000  0.000354
                                -0.000000  0.000223 -0.000000 -0.000050  0.000000  0.000019 -0.000000

   3.4   +    -1.1853  -37.7001  0.000013  0.000099  0.000568  0.002573  0.008920  0.023872  0.043569  0.049237 -0.008277 -0.115891
                                -0.170560 -0.037262  0.292470  0.581436  0.293397 -0.009428  0.005434 -0.000009 -0.000000  0.000017
                                 0.000000 -0.000609 -0.000000 -0.000688 -0.000000  0.000178  0.000000

   4.4   0    -0.3518  -13.7208 -0.000004 -0.000032 -0.000181 -0.000832 -0.002842 -0.007733 -0.013814 -0.016204  0.003708  0.036083
                                 0.058337  0.004799 -0.095551 -0.250535  0.006440  0.860571  0.190683 -0.000008  0.000000  0.000033
                                -0.000000 -0.000155  0.000000  0.001829 -0.000000  0.008138 -0.000000

   5.4   0    -0.2081   -9.1379  0.000003  0.000024  0.000137  0.000634  0.002157  0.005889  0.010475  0.012380 -0.002995 -0.027266
                                -0.044976 -0.002376  0.072902  0.205728 -0.048486 -1.091742  1.381068  0.000006 -0.000000 -0.000031
                                 0.000000  0.000133 -0.000000 -0.002497  0.000000 -0.007986 -0.000000

                                   1 2pz     1 2pz     1 2pz     1 2pz     1 2pz     1 2pz     1 2pz     1 2pz     1 2pz     1 2pz  
                                   1 2pz     1 2pz     1 2pz     1 2pz     1 2pz     1 2pz     1 2pz     1 2pz     1 2pz     1 2pz  
                                   1 2pz     1 2pz     1 2pz     1 2pz     1 2pz     1 2pz     1 4f0     1 4f2+    1 4f0     1 4f2+ 
                                   1 4f0     1 4f2+    1 4f0     1 4f2+    1 4f0     1 4f2+    1 4f0     1 4f2+    1 4f0     1 4f2+ 
                                   1 4f0     1 4f2+    1 4f0     1 4f2+    1 4f0     1 4f2+    1 4f0     1 4f2+    1 4f0     1 4f2+ 
                                   1 4f0     1 4f2+    1 4f0     1 4f2+    1 6h2+    1 6h4+    1 6h0     1 6h2+    1 6h4+    1 6h0  


   1.5   2  -288.5928 -831.2906  0.000013  0.000036  0.000109  0.000314  0.000925  0.002776  0.008419  0.025018  0.069320  0.164648
                                 0.301577  0.359202  0.215506  0.045715  0.002048 -0.000335  0.000748 -0.000646  0.000096 -0.000049
                                 0.000024 -0.000011  0.000005 -0.000002  0.000001 -0.000000  0.000001 -0.000000  0.000002 -0.000000
                                 0.000001  0.000000  0.000001 -0.000000 -0.000002  0.000000  0.000003 -0.000000 -0.000002  0.000000
                                 0.000001 -0.000000 -0.000001  0.000000  0.000000 -0.000000 -0.000000  0.000000  0.000000 -0.000000
                                -0.000000  0.000000  0.000000 -0.000000  0.000000  0.000000 -0.000000 -0.000000 -0.000000  0.000000

   2.5   2   -63.7879 -294.2849 -0.000006 -0.000018 -0.000054 -0.000156 -0.000460 -0.001386 -0.004234 -0.012737 -0.036122 -0.089128
                                -0.172392 -0.208064 -0.013045  0.388233  0.505053  0.199229 -0.001341  0.020113  0.001096 -0.000065
                                 0.000056 -0.000037  0.000017 -0.000008  0.000004 -0.000001 -0.000000  0.000000  0.000002  0.000000
                                 0.000010 -0.000000  0.000029  0.000000  0.000030 -0.000000 -0.000016  0.000000  0.000012 -0.000000
                                -0.000006  0.000000  0.000003 -0.000000 -0.000000  0.000000  0.000000 -0.000000 -0.000000  0.000000
                                 0.000000 -0.000000 -0.000000  0.000000  0.000000  0.000001 -0.000000 -0.000000 -0.000000  0.000000

   3.5   2   -13.1520 -125.2410  0.000003  0.000008  0.000026  0.000074  0.000219  0.000660  0.002021  0.006092  0.017382  0.043216
                                 0.084861  0.102303 -0.012407 -0.283018 -0.405152  0.072904  0.002731  0.607385  0.443176  0.072052
                                -0.000399  0.001057 -0.000344  0.000150 -0.000065  0.000020  0.000001 -0.000000  0.000002 -0.000000
                                 0.000009 -0.000000  0.000021 -0.000000  0.000131  0.000000 -0.000002 -0.000000  0.000232  0.000000
                                -0.000033 -0.000000  0.000346  0.000000  0.000071 -0.000000 -0.000010 -0.000000  0.000002 -0.000000
                                -0.000001 -0.000000  0.000000 -0.000000  0.000000  0.000065 -0.000018 -0.000000 -0.000026  0.000007

   4.5   2    -2.3129  -51.0754 -0.000001 -0.000003 -0.000010 -0.000028 -0.000082 -0.000247 -0.000758 -0.002284 -0.006527 -0.016245
                                -0.032025 -0.038533  0.006165  0.115892  0.168323 -0.063074  0.011722 -0.361044 -0.276327  0.270607
                                 0.629865  0.308706  0.010374  0.001116 -0.000676  0.000218  0.000009 -0.000000  0.000081 -0.000000
                                 0.000355 -0.000000  0.001097 -0.000000  0.001780 -0.000000  0.000692 -0.000000  0.001989 -0.000000
                                 0.001589 -0.000000  0.001918 -0.000000  0.005525 -0.000000  0.004785 -0.000000  0.000270 -0.000000
                                 0.000015 -0.000000 -0.000008 -0.000000 -0.000000  0.000103 -0.000024 -0.000000  0.000256 -0.000045

   5.5   +    -2.1095  -86.7752  0.000000  0.000000  0.000000  0.000000  0.000001  0.000002  0.000008  0.000023  0.000066  0.000163
                                 0.000322  0.000388 -0.000064 -0.001165 -0.001712  0.000707 -0.000210  0.003803  0.002720 -0.002502
                                -0.006938 -0.005272 -0.000509  0.000037 -0.000010  0.000002  0.001043 -0.000000  0.008896 -0.000000
                                 0.040324 -0.000000  0.119317 -0.000000  0.240963 -0.000000  0.001989 -0.000000  0.332604 -0.000000
                                 0.004501 -0.000000  0.328805 -0.000000  0.222761 -0.000000  0.078573 -0.000000  0.004707 -0.000000
                                 0.000214 -0.000000 -0.000106 -0.000000 -0.000000 -0.000188  0.000610 -0.000000  0.000379  0.000614

   6.5   +    -2.1045  -86.8417  0.000000 -0.000000  0.000000 -0.000000 -0.000000 -0.000000 -0.000000 -0.000000 -0.000000 -0.000000
                                -0.000000 -0.000000  0.000000  0.000000  0.000000 -0.000000 -0.000000 -0.000000 -0.000000  0.000000
                                 0.000000  0.000000 -0.000000 -0.000000  0.000000 -0.000000  0.000000  0.001044  0.000000  0.008906
                                 0.000000  0.040371  0.000000  0.119451  0.000000  0.241289  0.000000  0.001812  0.000000  0.333150
                                 0.000000  0.004212  0.000000  0.329429  0.000000  0.222089  0.000000  0.077427  0.000000  0.004533
                                -0.000000  0.000224 -0.000000 -0.000109  0.000442 -0.000000  0.000000  0.000569  0.000000  0.000000

   7.5   0    -0.5513  -19.4143  0.000000  0.000001  0.000003  0.000009  0.000027  0.000082  0.000250  0.000753  0.002159  0.005353
                                 0.010617  0.012633 -0.001855 -0.039319 -0.054523  0.014273  0.016404  0.108352  0.106465 -0.132990
                                -0.269582 -0.264459  0.647526  0.609141 -0.037931  0.013781 -0.000001  0.000000 -0.000005  0.000000
                                -0.000023  0.000000 -0.000068  0.000000 -0.000115  0.000000 -0.000024 -0.000000 -0.000126  0.000000
                                -0.000117 -0.000000 -0.000040  0.000000 -0.000778  0.000000 -0.000411 -0.000000  0.012895 -0.000000
                                 0.009322 -0.000000 -0.000717 -0.000000  0.000000 -0.000007 -0.000003 -0.000000 -0.000206  0.000080

   8.5   0    -0.2945  -10.9296 -0.000000 -0.000001 -0.000002 -0.000006 -0.000017 -0.000050 -0.000156 -0.000464 -0.001345 -0.003292
                                -0.006643 -0.007646  0.000690  0.025648  0.030269  0.006767 -0.051681 -0.028674 -0.087762  0.112198
                                 0.135233  0.283777 -0.878057 -0.175651  1.232586 -0.061771  0.000005  0.000000  0.000043  0.000000
                                 0.000198  0.000000  0.000570  0.000000  0.001282  0.000000 -0.000233 -0.000000  0.001900  0.000000
                                -0.000446 -0.000000  0.001717  0.000000  0.000448 -0.000000 -0.001865 -0.000000 -0.023176 -0.000000
                                -0.035916 -0.000000 -0.008644 -0.000000  0.000000  0.000014  0.000010 -0.000000  0.000094 -0.000088

                                   1 3d1+    1 3d1+    1 3d1+    1 3d1+    1 3d1+    1 3d1+    1 3d1+    1 3d1+    1 3d1+    1 3d1+ 
                                   1 3d1+    1 3d1+    1 3d1+    1 3d1+    1 3d1+    1 3d1+    1 3d1+    1 5g1+    1 5g3+    1 5g1+ 
                                   1 5g3+    1 5g1+    1 5g3+    1 5g1+    1 5g3+    1 5g1+    1 5g3+ 

   1.6   2   -48.8120 -271.4021  0.000090  0.000696  0.003988  0.017829  0.061305  0.159671  0.296013  0.364717  0.244255  0.069341
                                 0.005392  0.000475 -0.000041  0.000033 -0.000014  0.000006 -0.000002  0.000027  0.000003 -0.000005
                                -0.000000  0.000003  0.000002 -0.000000 -0.000000  0.000000  0.000000

   2.6   2    -7.6996 -109.8249 -0.000043 -0.000334 -0.001919 -0.008658 -0.030070 -0.079944 -0.146783 -0.166884 -0.000578  0.320896
                                 0.471205  0.281185  0.054462  0.000574  0.000487 -0.000205  0.000074  0.000080 -0.000006  0.000374
                                 0.000111  0.000309  0.000008 -0.000023 -0.000042  0.000010  0.000015

   3.6   0    -0.7758  -34.7346  0.000011  0.000089  0.000509  0.002308  0.007997  0.021410  0.039053  0.044224 -0.007211 -0.103066
                                -0.152617 -0.034711  0.249265  0.515340  0.391967  0.033712 -0.001086  0.000030 -0.000040 -0.000149
                                 0.000163  0.001531 -0.002163  0.004817 -0.004604 -0.000539  0.000927

   4.6   0    -0.3455  -14.1456 -0.000005 -0.000037 -0.000209 -0.000961 -0.003289 -0.008923 -0.015997 -0.018666  0.003987  0.041667
                                 0.066578  0.007719 -0.104422 -0.275954 -0.071106  0.857795  0.222988 -0.000016  0.000006  0.000076
                                -0.000031 -0.000771  0.000584  0.000745  0.001392  0.010546  0.001005

                                   1 3d1-    1 3d1-    1 3d1-    1 3d1-    1 3d1-    1 3d1-    1 3d1-    1 3d1-    1 3d1-    1 3d1- 
                                   1 3d1-    1 3d1-    1 3d1-    1 3d1-    1 3d1-    1 3d1-    1 3d1-    1 5g1-    1 5g3-    1 5g1- 
                                   1 5g3-    1 5g1-    1 5g3-    1 5g1-    1 5g3-    1 5g1-    1 5g3- 

   1.7   2   -48.8120 -271.4021  0.000090  0.000696  0.003988  0.017829  0.061305  0.159671  0.296013  0.364717  0.244255  0.069341
                                 0.005392  0.000475 -0.000041  0.000033 -0.000014  0.000006 -0.000002  0.000027 -0.000003 -0.000005
                                 0.000000  0.000003 -0.000002 -0.000000  0.000000  0.000000 -0.000000

   2.7   2    -7.6996 -109.8249 -0.000043 -0.000334 -0.001919 -0.008658 -0.030070 -0.079944 -0.146783 -0.166884 -0.000578  0.320896
                                 0.471205  0.281185  0.054462  0.000574  0.000487 -0.000205  0.000074  0.000080  0.000006  0.000374
                                -0.000111  0.000309 -0.000008 -0.000023  0.000042  0.000010 -0.000015

   3.7   0    -0.7758  -34.7346  0.000011  0.000089  0.000509  0.002308  0.007997  0.021410  0.039053  0.044224 -0.007211 -0.103066
                                -0.152617 -0.034711  0.249265  0.515340  0.391967  0.033712 -0.001086  0.000030  0.000040 -0.000149
                                -0.000163  0.001531  0.002163  0.004817  0.004604 -0.000539 -0.000927

   4.7   0    -0.3455  -14.1456 -0.000005 -0.000037 -0.000209 -0.000961 -0.003289 -0.008923 -0.015997 -0.018666  0.003987  0.041667
                                 0.066578  0.007719 -0.104422 -0.275954 -0.071106  0.857795  0.222988 -0.000016 -0.000006  0.000076
                                 0.000031 -0.000771 -0.000584  0.000745 -0.001392  0.010546 -0.001005

                                   1 4f2-    1 4f2-    1 4f2-    1 4f2-    1 4f2-    1 4f2-    1 4f2-    1 4f2-    1 4f2-    1 4f2- 
                                   1 4f2-    1 4f2-    1 4f2-    1 4f2-    1 6h4-    1 6h2-    1 6h4-    1 6h2- 

   1.8   +    -2.1064  -86.6251  0.001041  0.008879  0.040244  0.119091  0.240473  0.002156  0.331771  0.004792  0.327624  0.223472
                                 0.082198  0.006211  0.000114 -0.000067 -0.000000  0.000579 -0.000000  0.000304

   2.8   0    -0.2884  -13.1409 -0.000076 -0.000627 -0.002918 -0.008338 -0.019418  0.004396 -0.029618  0.009396 -0.027872  0.002060
                                 0.032128  0.200532  0.624801  0.340214  0.000000 -0.000131 -0.000000  0.000379

   3.8   0    -0.1747  -10.3531  0.000081  0.000688  0.003143  0.009205  0.019399 -0.001484  0.027272 -0.003065  0.024540 -0.000296
                                -0.043950 -0.233238 -0.758396  1.158205 -0.000000  0.000146  0.000000 -0.000451

 HOMO      3.4    -1.185336 =     -32.2546eV
 LUMO      3.6    -0.775752 =     -21.1093eV
 LUMO-HOMO         0.409584 =      11.1454eV


 **********************************************************************************************************************************
 DATASETS  * FILE   NREC   LENGTH (MB)   RECORD NAMES
              1      22       21.35       500      610      700      900      950      970     1000      129      960     1700   
                                          VAR    BASINP    GEOM    SYMINP    ZMAT    AOBASIS   BASIS     P2S    ABASIS    OPER   
                                         1101     1401     1411     1412     1650     1100     1400     1410     1200     1210   
                                          SR      EKINR    POTR     PVPR    MOLCAS      S      EKIN      POT      H0       H01  
                                         1080     1600   
                                         AOSYM     SMH  

              2       5        5.97       200      700     1000      520     2115   
                                        OPTIONS   GEOM     BASIS   MCVARS     RHF  

 PROGRAMS   *        TOTAL       RHF       INT
 CPU TIMES  *        94.36      1.81     91.94
 REAL TIME  *        98.18 SEC
 DISK USED  *         4.11 GB      
 SF USED    *         0.08 MB      
 GA USED    *         0.00 MB       (max)       0.00 MB       (current)
 **********************************************************************************************************************************
 SETTING SCF(12)        =    -11703.47214477  AU                              


 PROGRAM * POP (Mulliken population analysis)

 
 Density matrix read from record         2115.2  Type=RHF/CHARGE (state 1.5)
 
 Population analysis by basis function type

 Unique atom        s        p        d        f        g    Total    Charge
   1  TB      9.99993 23.99919 21.00006  7.00081  0.00001 62.00000  + 3.00000


 **********************************************************************************************************************************
 DATASETS  * FILE   NREC   LENGTH (MB)   RECORD NAMES
              1      22       21.35       500      610      700      900      950      970     1000      129      960     1700   
                                          VAR    BASINP    GEOM    SYMINP    ZMAT    AOBASIS   BASIS     P2S    ABASIS    OPER   
                                         1101     1401     1411     1412     1650     1100     1400     1410     1200     1210   
                                          SR      EKINR    POTR     PVPR    MOLCAS      S      EKIN      POT      H0       H01  
                                         1080     1600   
                                         AOSYM     SMH  

              2       5        5.97       200      700     1000      520     2115   
                                        OPTIONS   GEOM     BASIS   MCVARS     RHF  

 PROGRAMS   *        TOTAL       POP       RHF       INT
 CPU TIMES  *        94.37      0.00      1.81     91.94
 REAL TIME  *        98.22 SEC
 DISK USED  *         4.11 GB      
 SF USED    *         0.08 MB      
 GA USED    *         0.00 MB       (max)       0.00 MB       (current)
 **********************************************************************************************************************************
 SETTING _CC_NORM_MAX   =         2.00000000                                  


 PROGRAM * CCSD (Unrestricted open-shell coupled cluster)     Authors: C. Hampel, H.-J. Werner, 1991, M. Deegan, P.J. Knowles, 1992


 Input parameters for THRESH:

 THRDIS =    1.000000
 ONEINT =    1.00D-15
 TWOINT =    1.00D-15
 ENERGY =    5.00D-06
 COEFF  =    0.001000

 Convergence thresholds:  THRVAR = 1.00D-06  THRDEN = 5.00D-06

 CCSD(T)     terms to be evaluated (factor= 1.000)


 Number of core orbitals:          23 (   8   3   3   2   3   2   2   0 )
 Number of closed-shell orbitals:   4 (   1   1   1   0   1   0   0   0 )
 Number of active  orbitals:        8 (   0   2   2   1   2   0   0   1 )
 Number of external orbitals:     326 (  73  54  54  24  54  25  25  17 )

 Memory could be reduced to 91.16 Mwords without degradation in triples

 Number of N-1 electron functions:              16
 Number of N-2 electron functions:             120
 Number of singly external CSFs:               861
 Number of doubly external CSFs:           1186963
 Total number of CSFs:                     1187824

 Molecular orbitals read from record     2115.2  Type=RHF/CANONICAL (state 1.5)

 Integral transformation finished. Total CPU:   2.24 sec, npass=  1  Memory used:  21.60 MW

 Starting RMP2 calculation

 ITER.      SQ.NORM     CORR.ENERGY   TOTAL ENERGY   ENERGY CHANGE        DEN1      VAR(S)    VAR(P)  DIIS     TIME
   1      1.07782387    -0.56892770-11704.04107247    -0.56892770    -0.00061851  0.11D-04  0.13D-03  1  1     2.64
   2      1.07815343    -0.56958107-11704.04172584    -0.00065337    -0.00000193  0.99D-07  0.43D-06  2  2     2.74
   3      1.07816561    -0.56959636-11704.04174113    -0.00001529    -0.00000001  0.21D-08  0.25D-08  3  3     3.33
   4      1.07816576    -0.56959642-11704.04174120    -0.00000007    -0.00000000  0.12D-10  0.15D-10  4  4     3.53

 Norm of t1 vector:      0.03893212      S-energy:    -0.00458684      T1 diagnostic:  0.00052491
 Norm of t2 vector:      0.27685746      P-energy:    -0.56500958
                                         Alpha-Beta:  -0.28591425
                                         Alpha-Alpha: -0.25644750
                                         Beta-Beta:   -0.02264783

 Spin contamination <S**2-Sz**2-Sz>     0.00365780
  Reference energy                   -11703.4721447721    
  RHF-RMP2 correlation energy          -0.569596423952
 !RHF-RMP2 energy                    -11704.0417411960    

 Starting UCCSD calculation

 ITER.      SQ.NORM     CORR.ENERGY   TOTAL ENERGY   ENERGY CHANGE        DEN1      VAR(S)    VAR(P)  DIIS     TIME
   1      1.07397934    -0.54450810-11704.01665287    -0.54450810    -0.00959834  0.81D-03  0.11D-02  1  1     5.50
   2      1.07799409    -0.55315278-11704.02529755    -0.00864468    -0.00060355  0.32D-04  0.13D-03  2  2     7.49
   3      1.07948042    -0.55471797-11704.02686274    -0.00156519    -0.00003695  0.33D-05  0.99D-05  3  3     9.32
   4      1.07985568    -0.55502429-11704.02716907    -0.00030632    -0.00000460  0.37D-06  0.14D-05  4  4    10.98
   5      1.07994413    -0.55504805-11704.02719283    -0.00002376    -0.00000050  0.54D-07  0.13D-06  5  5    12.85
   6      1.07997373    -0.55505818-11704.02720295    -0.00001012    -0.00000003  0.63D-08  0.41D-08  6  6    15.48
   7      1.07997630    -0.55505855-11704.02720332    -0.00000037    -0.00000001  0.18D-08  0.74D-09  7  7    17.42

 Norm of t1 vector:      0.05667441      S-energy:    -0.00516878      T1 diagnostic:  0.00616723
                                                                       D1 diagnostic:  0.00826201
 Norm of t2 vector:      0.27706374      P-energy:    -0.54988977
                                         Alpha-Beta:  -0.28995840
                                         Alpha-Alpha: -0.24055506
                                         Beta-Beta:   -0.01937630

 Spin contamination <S**2-Sz**2-Sz>     0.00100214

 Memory could be reduced to 97.91 Mwords without degradation in triples
 

 RESULTS
 =======

  Reference energy                   -11703.4721447721    
  UCCSD singles energy                 -0.005168778452
  UCCSD pair energy                    -0.549889769224
  UCCSD correlation energy             -0.555058547677
  Triples (T) contribution             -0.014576410433
  Total correlation energy             -0.569634958110
 
  RHF-UCCSD energy                   -11704.0272033198    
  RHF-UCCSD[T] energy                -11704.0420314093    
  RHF-UCCSD-T energy                 -11704.0416363627    
 !RHF-UCCSD(T) energy                -11704.0417797302    

 Program statistics:

 Available memory in ccsd:               999998628
 Min. memory needed in ccsd:               4099148
 Max. memory used in ccsd:                 5584030
 Max. memory used in cckext:               4943190 ( 7 integral passes)
 Max. memory used in cckint:              21597432 ( 1 integral passes)



 **********************************************************************************************************************************
 DATASETS  * FILE   NREC   LENGTH (MB)   RECORD NAMES
              1      22       21.35       500      610      700      900      950      970     1000      129      960     1700   
                                          VAR    BASINP    GEOM    SYMINP    ZMAT    AOBASIS   BASIS     P2S    ABASIS    OPER   
                                         1101     1401     1411     1412     1650     1100     1400     1410     1200     1210   
                                          SR      EKINR    POTR     PVPR    MOLCAS      S      EKIN      POT      H0       H01  
                                         1080     1600   
                                         AOSYM     SMH  

              2       5        5.97       200      700     1000      520     2115   
                                        OPTIONS   GEOM     BASIS   MCVARS     RHF  

 PROGRAMS   *        TOTAL  UCCSD(T)       POP       RHF       INT
 CPU TIMES  *       127.60     33.17      0.00      1.81     91.94
 REAL TIME  *       161.72 SEC
 DISK USED  *         6.17 GB      
 SF USED    *         1.58 GB      
 GA USED    *         0.00 MB       (max)       0.00 MB       (current)
 **********************************************************************************************************************************
 SETTING CCSD(12)       =    -11704.04177973  AU                              
                                                                                                                                                                                                                                                                

           SCF            CCSD
         0.00000        0.00000
         0.00000        0.00000
         0.00000        0.00000
         0.00000        0.00000
         0.00000        0.00000
         0.00000        0.00000
         0.00000        0.00000
         0.00000        0.00000
         0.00000        0.00000
         0.00000        0.00000
         0.00000        0.00000
    -11703.47214   -11704.04178
                                                  

 UCCSD(T)/USERDEF energy= -11704.041779730202

        UCCSD(T)        RHF-SCF 
 -11704.04177973 -11703.47214477
 **********************************************************************************************************************************
 Molpro calculation terminated
 Variable memory released
