Note: The following floating-point exceptions are signalling: IEEE_UNDERFLOW_FLAG
 ENTER Z, NR
 PLEASE ENTER RELATIVITY FACTOR.  (0=NR, 1=REL.)
 PLEASE ENTER IUFLAG. (0=U, 1=SU, 2=R).
 PLEASE ENTER NFC, NEL, RATIO, ETOL, XNUM
 PLEASE ENTER N L M J S OCC.
    1012.500000  -4355.218546
     104.894400  -4583.919870
      40.863721  -4631.168579
      14.791144  -4638.118754
       5.198418  -4638.980033
       1.883478  -4639.099810
       0.725421  -4639.120590
       0.297170  -4639.124723
       0.127469  -4639.125581
       0.056370  -4639.125757
       0.026235  -4639.125791
       0.012787  -4639.125796
       0.006258  -4639.125796
       0.003067  -4639.125795
       0.001505  -4639.125794
       0.000739  -4639.125794
       0.000364  -4639.125794
       0.000179  -4639.125794
       0.000088  -4639.125794
    1   0 0   0/2   1    2.0000       -843.615946
    2   0 0   0/2   1    2.0000       -131.060539
    2   1-1   2/2   1    2.0000       -121.893377
    2   1 0   2/2   1    2.0000       -121.893377
    2   1 1   2/2   1    2.0000       -121.893377
    3   0 0   0/2   1    2.0000        -32.048513
    3   1-1   2/2   1    2.0000        -28.339290
    3   1 0   2/2   1    2.0000        -28.339290
    3   1 1   2/2   1    2.0000        -28.339290
    3   2-2   4/2   1    2.0000        -21.611244
    3   2-1   4/2   1    2.0000        -21.611244
    3   2 0   4/2   1    2.0000        -21.611244
    3   2 1   4/2   1    2.0000        -21.611244
    3   2 2   4/2   1    2.0000        -21.611244
    4   0 0   0/2   1    2.0000        -11.373018
    4   1-1   2/2   1    1.0000        -10.278195
    4   1 0   2/2   1    1.0000        -10.278195
    4   1 1   2/2   1    1.0000        -10.278195
 TOTAL ENERGY =    -4639.125794-126238.035455
 PLEASE ENTER FULL FILENAME.
