
 Primary working directories    : /global/cscratch1/sd/haihan
 Secondary working directories  : /global/cscratch1/sd/haihan
 Wavefunction directory         : /global/homes/h/haihan/wfu/
 Main file repository           : /global/cscratch1/sd/haihan/

 SHA1      : 19cd028119e0e09f93f0674bd8af7968d9b3eff6
 NAME      : 2015.1.36
 ARCHNAME  : linux/x86_64
 FC        : /opt/cray/pe/craype/2.5.14/bin/ftn
 BLASLIB   : -L/opt/intel/compilers_and_libraries_2018.1.163/linux/mkl/lib/intel64 -Wl,-_start-group -lmkl_intel_ilp64 -lmkl_intel_thread -lmkl_core -Wl,-_end-group -liomp5
 id        : lbl

 Nodes     nprocs
 nid01149     5
 Number of processes for MPI-2 version of Molpro:   nprocs(total)=    6   nprocs(compute)=    5   nprocs(helper)=    1

 Using customized tuning parameters: mindgm=7; mindgv=16; mindgc=1; mindgr=1; noblas=0; minvec=7
 default implementation of scratch files=sf  

 ***,Calculation for Gd atom, singlet and triplet
 memory,2,g
 
 gthresh,twoint=1.e-15
 gthresh,oneint=1.e-15
 
 set,dkroll=1,dkho=10,dkhp=4
 
 
 geometry={
 1
 Lu
 Lu  0.0 0.0 0.0
 }
 
 basis={
 Including file /global/u2/h/haihan/Research/ECP/f_group_element_ecps/Lu/Molpro/atom/UC_46/4/../aug-cc-pwCVTZ.basis
 }
 
 
 
 Including file /global/u2/h/haihan/Research/ECP/f_group_element_ecps/Lu/Molpro/atom/UC_46/4/../Lu_states_ae.proc
 
 
 do i=4,4
     if (i.eq.1) then
         Id1s2
     else if (i.eq.2) then
         Ip1s2
     else if (i.eq.3) then
 IEd2s1
     else if (i.eq.4) then
         IEf1s2
     else if (i.eq.5) then
         IIds2
     else if (i.eq.6) then
         IId1s1
     else if (i.eq.7) then
         IIIds1
     else if (i.eq.8) then
 IIIp1
     else if (i.eq.9) then
         IIId1
     else if (i.eq.10) then
         IIIEf1
     else if (i.eq.11) then
         VIp6
     else if (i.eq.12) then
         VIIp5
     else if (i.eq.13) then
         VIIIp4
     else if (i.eq.14) then
         IXp3
     else if (i.eq.15) then
         Xp
     else if (i.eq.16) then
         XIds2
     else if (i.eq.17) then
         IIIEf2
     endif
     scf(i)=energy
     _CC_NORM_MAX=2.0
     {rccsd(t),shifts=2.5,shiftp=1.5,thrdis=1.0;diis,1,1,15,1;maxit,100;core,8,3,3,2,3,2,2,0}
     ccsd(i)=energy
 enddo
 
 table,scf,ccsd
 type,csv
 save

 Variables initialized (889), CPU time= 0.01 sec
 Commands  initialized (702), CPU time= 0.01 sec, 572 directives.
 Default parameters read. Elapsed time= 0.93 sec

 Checking input...
 Passed
1


                                         ***  PROGRAM SYSTEM MOLPRO  ***
                                       Copyright, TTI GmbH Stuttgart, 2015
                                    Version 2015.1 linked Dec 29 2018 15:55:43


 **********************************************************************************************************************************
 LABEL *   Calculation for Gd atom, singlet and triplet                                  
  64 bit mpp version                                                                     DATE: 04-Apr-23          TIME: 11:36:49  
 **********************************************************************************************************************************

 SHA1:             19cd028119e0e09f93f0674bd8af7968d9b3eff6
 **********************************************************************************************************************************

 THRESHOLDS:

 ZERO    =  1.00D-12  ONEINT  =  1.00D-12  TWOINT  =  1.00D-15  PREFAC  =  1.00D-14  LOCALI  =  1.00D-09  EORDER  =  1.00D-04
 ENERGY  =  0.00D+00  ETEST   =  0.00D+00  EDENS   =  0.00D+00  THRDEDEF=  1.00D-06  GRADIENT=  1.00D-02  STEP    =  1.00D-03
 ORBITAL =  1.00D-05  CIVEC   =  1.00D-05  COEFF   =  1.00D-04  PRINTCI =  5.00D-02  PUNCHCI =  9.90D+01  OPTGRAD =  3.00D-04
 OPTENERG=  1.00D-06  OPTSTEP =  3.00D-04  THRGRAD =  1.00D-10  COMPRESS=  1.00D-11  VARMIN  =  1.00D-07  VARMAX  =  1.00D-03
 THRDOUB =  0.00D+00  THRDIV  =  1.00D-05  THRRED  =  1.00D-07  THRPSP  =  1.00D+00  THRDC   =  1.00D-10  THRCS   =  1.00D-10
 THRNRM  =  1.00D-08  THREQ   =  0.00D+00  THRDE   =  1.00D+00  THRREF  =  1.00D-05  SPARFAC =  1.00D+00  THRDLP  =  1.00D-07
 THRDIA  =  1.00D-10  THRDLS  =  1.00D-07  THRGPS  =  0.00D+00  THRKEX  =  0.00D+00  THRDIS  =  2.00D-01  THRVAR  =  1.00D-10
 THRLOC  =  1.00D-06  THRGAP  =  1.00D-06  THRLOCT = -1.00D+00  THRGAPT = -1.00D+00  THRORB  =  1.00D-06  THRMLTP =  0.00D+00
 THRCPQCI=  1.00D-10  KEXTA   =  0.00D+00  THRCOARS=  0.00D+00  SYMTOL  =  1.00D-06  GRADTOL =  1.00D-06  THROVL  =  1.00D-08
 THRORTH =  1.00D-08  GRID    =  1.00D-06  GRIDMAX =  1.00D-03  DTMAX   =  0.00D+00  THROCCDE=  1.00D-01  THROCCDE=  1.00D-01



 THRESHOLDS:

 ZERO    =  1.00D-12  ONEINT  =  1.00D-15  TWOINT  =  1.00D-15  PREFAC  =  1.00D-14  LOCALI  =  1.00D-09  EORDER  =  1.00D-04
 ENERGY  =  0.00D+00  ETEST   =  0.00D+00  EDENS   =  0.00D+00  THRDEDEF=  1.00D-06  GRADIENT=  1.00D-02  STEP    =  1.00D-03
 ORBITAL =  1.00D-05  CIVEC   =  1.00D-05  COEFF   =  1.00D-04  PRINTCI =  5.00D-02  PUNCHCI =  9.90D+01  OPTGRAD =  3.00D-04
 OPTENERG=  1.00D-06  OPTSTEP =  3.00D-04  THRGRAD =  1.00D-10  COMPRESS=  1.00D-11  VARMIN  =  1.00D-07  VARMAX  =  1.00D-03
 THRDOUB =  0.00D+00  THRDIV  =  1.00D-05  THRRED  =  1.00D-07  THRPSP  =  1.00D+00  THRDC   =  1.00D-10  THRCS   =  1.00D-10
 THRNRM  =  1.00D-08  THREQ   =  0.00D+00  THRDE   =  1.00D+00  THRREF  =  1.00D-05  SPARFAC =  1.00D+00  THRDLP  =  1.00D-07
 THRDIA  =  1.00D-10  THRDLS  =  1.00D-07  THRGPS  =  0.00D+00  THRKEX  =  0.00D+00  THRDIS  =  2.00D-01  THRVAR  =  1.00D-10
 THRLOC  =  1.00D-06  THRGAP  =  1.00D-06  THRLOCT = -1.00D+00  THRGAPT = -1.00D+00  THRORB  =  1.00D-06  THRMLTP =  0.00D+00
 THRCPQCI=  1.00D-10  KEXTA   =  0.00D+00  THRCOARS=  0.00D+00  SYMTOL  =  1.00D-06  GRADTOL =  1.00D-06  THROVL  =  1.00D-08
 THRORTH =  1.00D-08  GRID    =  1.00D-06  GRIDMAX =  1.00D-03  DTMAX   =  0.00D+00  THROCCDE=  1.00D-01  THROCCDE=  1.00D-01


 SETTING DKROLL         =         1.00000000                                  
 SETTING DKHO           =        10.00000000                                  
 SETTING DKHP           =         4.00000000                                  

Geometry recognized as XYZ


 Variable memory set to 2000000000 words,  buffer space   230000 words

 SETTING BASIS          =    USERDEF

 DO I                   =         4.00000000   

 Running procedure=IEF1S2


 Recomputing integrals since basis changed


 Using spherical harmonics



 PROGRAM * SEWARD (Integral evaluation for generally contracted gaussian basis sets)     Author: Roland Lindh, 1990

 Geometry written to block  1 of record 700

 Orientation using atomic masses  
 Molecule type: Atom
 Symmetry elements: X,Y,Z
 Rotational constants:       0.0000000      0.0000000      0.0000000 GHz  (calculated with average atomic masses)

 Point group  D2h 



 ATOMIC COORDINATES

 NR  ATOM    CHARGE       X              Y              Z

   1  LU     71.00    0.000000000    0.000000000    0.000000000

 NUCLEAR CHARGE:                   71
 NUMBER OF PRIMITIVE AOS:         581
 NUMBER OF SYMMETRY AOS:          442
 NUMBER OF CONTRACTIONS:          442   ( 103Ag  +  70B3u +  70B2u +  36B1g +  70B1u +  36B2g +  36B3g +  21Au  )
 NUMBER OF CORE ORBITALS:          23   (   8Ag  +   3B3u +   3B2u +   2B1g +   3B1u +   2B2g +   2B3g +   0Au  )
 NUMBER OF VALENCE ORBITALS:       17   (   4Ag  +   3B3u +   3B2u +   1B1g +   3B1u +   1B2g +   1B3g +   1Au  )


 NUCLEAR REPULSION ENERGY    0.00000000

 One-electron integrals computed with SEWARD

 10nd-order Douglas-Kroll-Hess method activated. McWeeny DKH parametrization is used.

 Computing Douglas-Kroll / X2C integrals

 AO integral compression algorithm  1   Integral accuracy      1.0D-15

     3531.080 MB (compressed) written to integral file ( 42.0%)

     Node minimum: 522.191 MB, node maximum: 913.834 MB


 NUMBER OF SORTED TWO-ELECTRON INTEGRALS:  122769956.     BUFFER LENGTH:  32768
 NUMBER OF SEGMENTS:   4  SEGMENT LENGTH:   31998750      RECORD LENGTH: 524288

 Memory used in sort:      32.56 MW

 SORT1 READ  1050599776. AND WROTE    70509520. INTEGRALS IN    204 RECORDS. CPU TIME:    23.45 SEC, REAL TIME:    27.69 SEC
 SORT2 READ   352987772. AND WROTE   613618504. INTEGRALS IN   9960 RECORDS. CPU TIME:     1.63 SEC, REAL TIME:     3.58 SEC

 Node minimum:   122669171.  Node maximum:   122832014. integrals

 OPERATOR DM      FOR CENTER  0  COORDINATES:    0.000000    0.000000    0.000000

 EXTRA SYMMETRY OF AOS IN SYMMETRY 1:   1 1 1 1 1 1 1 1 1 1   1 1 1 1 1 1 1 1 1 1   1 1 1 1 1 1 1 1 1 1   1 1 1 1 1 1 1 1 2 3
                                        2 3 2 3 2 3 2 3 2 3   2 3 2 3 2 3 2 3 2 3   2 3 2 3 2 3 2 3 2 3   2 3 2 3 2 3 2 3 2 3
                                        2 3 4 5 6 4 5 6 4 5   6 4 5 6 4 5 6 4 5 6   4 5 6
 EXTRA SYMMETRY OF AOS IN SYMMETRY 2:   1 1 1 1 1 1 1 1 1 1   1 1 1 1 1 1 1 1 1 1   1 1 1 1 1 1 1 1 1 1   1 2 3 2 3 2 3 2 3 2
                                        3 2 3 2 3 2 3 2 3 2   3 2 3 2 3 2 3 2 3 2   3 4 5 6 4 5 6 4 5 6
 EXTRA SYMMETRY OF AOS IN SYMMETRY 3:   1 1 1 1 1 1 1 1 1 1   1 1 1 1 1 1 1 1 1 1   1 1 1 1 1 1 1 1 1 1   1 2 3 2 3 2 3 2 3 2
                                        3 2 3 2 3 2 3 2 3 2   3 2 3 2 3 2 3 2 3 2   3 4 5 6 4 5 6 4 5 6
 EXTRA SYMMETRY OF AOS IN SYMMETRY 4:   1 1 1 1 1 1 1 1 1 1   1 1 1 1 1 1 1 1 1 1   1 1 2 3 2 3 2 3 2 3   2 3 2 3 2 3
 EXTRA SYMMETRY OF AOS IN SYMMETRY 5:   1 1 1 1 1 1 1 1 1 1   1 1 1 1 1 1 1 1 1 1   1 1 1 1 1 1 1 1 1 1   1 2 3 2 3 2 3 2 3 2
                                        3 2 3 2 3 2 3 2 3 2   3 2 3 2 3 2 3 2 3 2   3 4 5 6 4 5 6 4 5 6
 EXTRA SYMMETRY OF AOS IN SYMMETRY 6:   1 1 1 1 1 1 1 1 1 1   1 1 1 1 1 1 1 1 1 1   1 1 2 3 2 3 2 3 2 3   2 3 2 3 2 3
 EXTRA SYMMETRY OF AOS IN SYMMETRY 7:   1 1 1 1 1 1 1 1 1 1   1 1 1 1 1 1 1 1 1 1   1 1 2 3 2 3 2 3 2 3   2 3 2 3 2 3
 EXTRA SYMMETRY OF AOS IN SYMMETRY 8:   1 1 1 1 1 1 1 1 1 1   1 1 1 1 1 2 3 2 3 2   3

 Eigenvalues of metric

         1 0.333E-06 0.964E-06 0.340E-05 0.186E-04 0.475E-04 0.703E-04 0.799E-04 0.799E-04
         2 0.960E-06 0.179E-05 0.251E-04 0.110E-03 0.525E-03 0.525E-03 0.534E-03 0.156E-02
         3 0.960E-06 0.179E-05 0.251E-04 0.110E-03 0.525E-03 0.525E-03 0.534E-03 0.156E-02
         4 0.799E-04 0.144E-03 0.223E-02 0.632E-02 0.897E-02 0.238E-01 0.240E-01 0.240E-01
         5 0.960E-06 0.179E-05 0.251E-04 0.110E-03 0.525E-03 0.525E-03 0.534E-03 0.156E-02
         6 0.799E-04 0.144E-03 0.223E-02 0.632E-02 0.897E-02 0.238E-01 0.240E-01 0.240E-01
         7 0.799E-04 0.144E-03 0.223E-02 0.632E-02 0.897E-02 0.238E-01 0.240E-01 0.240E-01
         8 0.525E-03 0.142E-01 0.219E-01 0.528E-01 0.103E+00 0.167E+00 0.268E+00 0.268E+00


 **********************************************************************************************************************************
 DATASETS  * FILE   NREC   LENGTH (MB)   RECORD NAMES
              1      22       22.03       500      610      700      900      950      970     1000      129      960     1700   
                                          VAR    BASINP    GEOM    SYMINP    ZMAT    AOBASIS   BASIS     P2S    ABASIS    OPER   
                                         1101     1401     1411     1412     1650     1100     1400     1410     1200     1210   
                                          SR      EKINR    POTR     PVPR    MOLCAS      S      EKIN      POT      H0       H01  
                                         1080     1600   
                                         AOSYM     SMH  

 PROGRAMS   *        TOTAL       INT
 CPU TIMES  *       200.91    200.65
 REAL TIME  *       212.30 SEC
 DISK USED  *         7.75 GB      
 GA USED    *         0.00 MB       (max)       0.00 MB       (current)
 **********************************************************************************************************************************


 PROGRAM * RHF-SCF (OPEN SHELL)       Authors: W. Meyer, H.-J. Werner


 NUMBER OF ELECTRONS:      36+   35-    SPACE SYMMETRY=2    SPIN SYMMETRY: Doublet 
 CONVERGENCE THRESHOLDS:    1.00E-05 (Density)    1.42E-07 (Energy)
 MAX. NUMBER OF ITERATIONS:      150
 INTERPOLATION TYPE:            DIIS
 INTERPOLATION STEPS:              2 (START)      1 (STEP)
 LEVEL SHIFTS:                 -0.60 (CLOSED) -0.30 (OPEN) 

 Number of closed-shell orbitals:   35 (  10   6   6   2   6   2   2   1 )
 Number of open-shell orbitals:      1 (   0   1   0   0   0   0   0   0 )


 
 Extra symmetries of mos in symmetry 2:   1   1   1   3   2   1   3   2
 Extra symmetries of mos in symmetry 3:   1   1   1   3   2   1   3   2
 Extra symmetries of mos in symmetry 5:   1   1   1   3   2   1   3   2
 Orbital guess generated from atomic densities. Full valence occupancy:   12   6   6   3   6   3   3   1


 Molecular orbital dump at record        4202.2

 ITERATION    DDIFF          GRAD             ENERGY        2-EL.EN.            DIPOLE MOMENTS         DIIS   ORB.
    1      0.000D+00      0.000D+00    -14558.47619062  10706.859792    0.00000    0.00000    0.00000    0    start
    2      0.000D+00      0.137D-01    -14559.22636281  10952.905911    0.00000    0.00000    0.00000    1    diag,B
    3      0.259D+02      0.219D-01    -14559.39628460  10888.548734    0.00000    0.00000    0.00000    2    diag,B
    4      0.532D-02      0.411D-02    -14559.42469152  10873.245229    0.00000    0.00000    0.00000    3    diag,B
    5      0.480D-02      0.161D-02    -14559.44382567  10865.012663    0.00000    0.00000    0.00000    4    diag,B
    6      0.565D-02      0.962D-03    -14559.45562040  10861.854491    0.00000    0.00000    0.00000    5    diag,B
    7      0.329D-02      0.934D-03    -14559.46567661  10860.473825    0.00000    0.00000    0.00000    6    diag,B
    8      0.193D-02      0.954D-03    -14559.44722599  10862.499068    0.00000    0.00000    0.00000    7    diag,B
    9      0.245D-02      0.871D-03    -14559.42053589  10865.589100    0.00000    0.00000    0.00000    8    diag,B
   10      0.633D-02      0.566D-03    -14559.41935039  10867.162219    0.00000    0.00000    0.00000    9    orth
   11      0.586D-02      0.211D-03    -14559.41950380  10866.792697    0.00000    0.00000    0.00000    9    diag,B
   12      0.230D-02      0.129D-03    -14559.41993050  10867.071183    0.00000    0.00000    0.00000    9    diag,B
   13      0.139D-02      0.664D-04    -14559.42021099  10867.483178    0.00000    0.00000    0.00000    9    diag,B
   14      0.164D-02      0.574D-04    -14559.42026641  10867.364592    0.00000    0.00000    0.00000    9    diag,B
   15      0.700D-03      0.243D-04    -14559.42031373  10867.429789    0.00000    0.00000    0.00000    9    diag,B
   16      0.602D-03      0.134D-04    -14559.42032637  10867.522884    0.00000    0.00000    0.00000    9    diag,B
   17      0.459D-03      0.584D-05    -14559.42032847  10867.558583    0.00000    0.00000    0.00000    9    diag,B
   18      0.230D-03      0.317D-05    -14559.42032893  10867.578374    0.00000    0.00000    0.00000    9    diag,B
   19      0.864D-04      0.153D-05    -14559.42032898  10867.583954    0.00000    0.00000    0.00000    9    diag,B
   20      0.397D-04      0.732D-06    -14559.42032899  10867.587121    0.00000    0.00000    0.00000    9    orth
   21      0.440D-04      0.285D-06    -14559.42032899  10867.587888    0.00000    0.00000    0.00000    9    diag,B
   22      0.121D-04      0.161D-06    -14559.42032899  10867.587896    0.00000    0.00000    0.00000    9    diag,B
   23      0.260D-05      0.131D-06    -14559.42032899  10867.587924    0.00000    0.00000    0.00000    0    orth

 Final alpha occupancy:  10   7   6   2   6   2   2   1
 Final beta  occupancy:  10   6   6   2   6   2   2   1

 !RHF STATE 1.2 Energy               -14559.4203289936    
 Nuclear energy                         0.00000000
 One-electron energy               -19993.21429096
 Two-electron energy                 5433.79396196
 Virial quotient                       -0.73342127
 !RHF STATE 1.2 Dipole moment           0.00000000     0.00000000     0.00000000
 Dipole moment /Debye                   0.00000000     0.00000000     0.00000000

 ELECTRON ORBITALS
 =================


   Orb  Occ    Energy  Couls-En    Coefficients

                                   1 1s      1 1s      1 1s      1 1s      1 1s      1 1s      1 1s      1 1s      1 1s      1 1s   
                                   1 1s      1 1s      1 1s      1 1s      1 1s      1 1s      1 1s      1 1s      1 1s      1 1s   
                                   1 1s      1 1s      1 1s      1 1s      1 1s      1 1s      1 1s      1 1s      1 1s      1 1s   
                                   1 1s      1 1s      1 1s      1 1s      1 1s      1 1s      1 1s      1 1s      1 3d0     1 3d2+ 
                                   1 3d0     1 3d2+    1 3d0     1 3d2+    1 3d0     1 3d2+    1 3d0     1 3d2+    1 3d0     1 3d2+ 
                                   1 3d0     1 3d2+    1 3d0     1 3d2+    1 3d0     1 3d2+    1 3d0     1 3d2+    1 3d0     1 3d2+ 
                                   1 3d0     1 3d2+    1 3d0     1 3d2+    1 3d0     1 3d2+    1 3d0     1 3d2+    1 3d0     1 3d2+ 
                                   1 3d0     1 3d2+    1 3d0     1 3d2+    1 3d0     1 3d2+    1 3d0     1 3d2+    1 3d0     1 3d2+ 
                                   1 3d0     1 3d2+    1 5g0     1 5g4+    1 5g2+    1 5g0     1 5g4+    1 5g2+    1 5g0     1 5g4+ 
                                   1 5g2+    1 5g0     1 5g4+    1 5g2+    1 5g0     1 5g4+    1 5g2+    1 5g0     1 5g4+    1 5g2+ 
                                   1 5g0     1 5g4+    1 5g2+ 

   1.1   2 -2339.3305-5056.0620  0.000557  0.000534  0.001533  0.002162  0.004338  0.006949  0.012527  0.020942  0.036467  0.061405
                                 0.103343  0.164150  0.236136  0.269729  0.207066  0.077677  0.006033  0.001625 -0.001238 -0.003741
                                 0.001345 -0.003408  0.003340 -0.000987  0.000337 -0.000119  0.000055 -0.000036  0.000027 -0.000028
                                 0.000027 -0.000034  0.000049 -0.000036  0.000014 -0.000005  0.000001 -0.000000 -0.000000 -0.000000
                                -0.000000 -0.000000 -0.000000  0.000000 -0.000000  0.000000 -0.000000 -0.000000  0.000000 -0.000000
                                 0.000000 -0.000000 -0.000000 -0.000000  0.000000 -0.000000 -0.000000 -0.000000  0.000000 -0.000000
                                -0.000000 -0.000000  0.000000 -0.000000  0.000000 -0.000000  0.000000  0.000000 -0.000000 -0.000000
                                 0.000000  0.000000 -0.000000 -0.000000  0.000000  0.000000 -0.000000  0.000000  0.000000 -0.000000
                                -0.000000  0.000000  0.000000 -0.000000  0.000000 -0.000000  0.000000 -0.000000  0.000000 -0.000000
                                 0.000000 -0.000000  0.000000 -0.000000  0.000000  0.000000  0.000000 -0.000000 -0.000000  0.000000
                                 0.000000  0.000000 -0.000000

   2.1   2  -403.2052-1092.0812 -0.000208 -0.000200 -0.000574 -0.000812 -0.001633 -0.002630 -0.004775 -0.008076 -0.014296 -0.024711
                                -0.043281 -0.073363 -0.117105 -0.156699 -0.133737  0.052250  0.375337  0.474139  0.225877  0.001378
                                 0.029561  0.000971 -0.000402  0.000129 -0.000199  0.000005 -0.000007  0.000011 -0.000005  0.000006
                                -0.000005  0.000007 -0.000010  0.000007 -0.000003  0.000001 -0.000000  0.000000 -0.000000  0.000000
                                -0.000000  0.000000 -0.000000  0.000000 -0.000000 -0.000000 -0.000001  0.000000 -0.000002 -0.000000
                                -0.000001 -0.000000 -0.000001  0.000000  0.000000 -0.000000 -0.000001  0.000000  0.000000 -0.000000
                                -0.000000  0.000000  0.000000  0.000000 -0.000000  0.000000  0.000000 -0.000000  0.000000  0.000000
                                 0.000000 -0.000000 -0.000000  0.000000  0.000000 -0.000000 -0.000000 -0.000000  0.000000  0.000000
                                -0.000000 -0.000000 -0.000001  0.000000 -0.000000  0.000000 -0.000000  0.000000 -0.000000  0.000000
                                -0.000000  0.000000 -0.000000  0.000000 -0.000000 -0.000000 -0.000000  0.000000  0.000000  0.000000
                                -0.000000 -0.000000  0.000000

   3.1   2   -93.5822 -385.2013  0.000098  0.000094  0.000271  0.000383  0.000771  0.001244  0.002260  0.003829  0.006797  0.011800
                                 0.020802  0.035657  0.057954  0.079933  0.069996 -0.042322 -0.305921 -0.508415 -0.205925 -0.000303
                                 0.563413  0.609266  0.072917  0.158399  0.001640  0.004072 -0.001316  0.000804 -0.000655  0.000668
                                -0.000636  0.000823 -0.001188  0.000868 -0.000333  0.000126 -0.000032  0.000006 -0.000000  0.000000
                                -0.000000  0.000000 -0.000000  0.000000 -0.000002  0.000000 -0.000005 -0.000000 -0.000014  0.000000
                                -0.000027 -0.000000 -0.000039  0.000000 -0.000040  0.000000  0.000008 -0.000000 -0.000009 -0.000000
                                 0.000000 -0.000000 -0.000001 -0.000000 -0.000000 -0.000000 -0.000000  0.000000 -0.000000 -0.000000
                                -0.000000  0.000000  0.000000 -0.000000 -0.000000  0.000000  0.000000  0.000000 -0.000000 -0.000000
                                 0.000000  0.000000 -0.000001 -0.000000 -0.000000  0.000002 -0.000000  0.000000 -0.000003  0.000000
                                -0.000000 -0.000000  0.000000 -0.000000  0.000000  0.000000 -0.000000 -0.000000 -0.000000  0.000000
                                 0.000000  0.000000 -0.000000

   4.1   2   -60.8240 -329.4342 -0.000000  0.000000 -0.000000 -0.000000 -0.000000 -0.000000 -0.000000 -0.000000 -0.000000 -0.000000
                                -0.000000 -0.000000 -0.000000 -0.000000  0.000000  0.000000 -0.000000  0.000000 -0.000000 -0.000000
                                -0.000000  0.000000  0.000000 -0.000000 -0.000000  0.000000  0.000000  0.000000  0.000000 -0.000000
                                 0.000000 -0.000000  0.000000 -0.000000  0.000000 -0.000000  0.000000 -0.000000 -0.000000  0.000105
                                -0.000000  0.000790 -0.000000  0.004461 -0.000000  0.019793 -0.000000  0.067751 -0.000000  0.174602
                                -0.000000  0.315599 -0.000000  0.365648 -0.000000  0.218333  0.000000 -0.000318 -0.000000  0.051466
                                -0.000000  0.003184 -0.000000  0.000579 -0.000000  0.000003  0.000000  0.000043  0.000000 -0.000036
                                -0.000000  0.000129  0.000000 -0.000185 -0.000000  0.000093  0.000000 -0.000018 -0.000000  0.000007
                                 0.000000 -0.000002  0.000000  0.000000 -0.000010 -0.000000  0.000000  0.000001  0.000000 -0.000000
                                 0.000000 -0.000000 -0.000000 -0.000000  0.000000 -0.000000  0.000000 -0.000000  0.000000 -0.000000
                                 0.000000 -0.000000  0.000000

   5.1   2   -60.8231 -329.4404  0.000000  0.000000  0.000000  0.000000  0.000000  0.000000  0.000000  0.000000  0.000001  0.000001
                                 0.000002  0.000004  0.000006  0.000008  0.000007 -0.000005 -0.000031 -0.000055 -0.000031  0.000000
                                 0.000077  0.000092 -0.000022  0.000017 -0.000004 -0.000003 -0.000003 -0.000000  0.000000  0.000001
                                 0.000000  0.000000 -0.000000  0.000000 -0.000000  0.000000  0.000000 -0.000000  0.000105  0.000000
                                 0.000790  0.000000  0.004462  0.000000  0.019796  0.000000  0.067761  0.000000  0.174628  0.000000
                                 0.315640  0.000000  0.365649  0.000000  0.218261  0.000000 -0.000306 -0.000000  0.051440  0.000000
                                 0.003180  0.000000  0.000573  0.000000  0.000002  0.000000  0.000044  0.000000 -0.000036 -0.000000
                                 0.000128  0.000000 -0.000185 -0.000000  0.000092  0.000000 -0.000018 -0.000000  0.000007  0.000000
                                -0.000002 -0.000000 -0.000024 -0.000000  0.000000  0.000003  0.000000 -0.000000 -0.000005 -0.000000
                                 0.000000  0.000000  0.000000 -0.000000 -0.000000 -0.000000  0.000000  0.000000  0.000000 -0.000000
                                -0.000000 -0.000000  0.000000

   6.1   2   -19.7829 -165.0357 -0.000048 -0.000046 -0.000132 -0.000187 -0.000375 -0.000605 -0.001101 -0.001865 -0.003313 -0.005756
                                -0.010169 -0.017464 -0.028544 -0.039548 -0.035390  0.021435  0.171481  0.300341  0.134492  0.001585
                                -0.530452 -0.849102 -0.002489  0.025120  0.859940  0.510222  0.050113 -0.002263  0.001741 -0.000989
                                 0.000797 -0.000885  0.001213 -0.000861  0.000321 -0.000120  0.000030 -0.000005  0.000000  0.000000
                                 0.000000  0.000000  0.000001  0.000000  0.000006  0.000000  0.000022  0.000000  0.000058  0.000000
                                 0.000106  0.000000  0.000110  0.000000  0.000031 -0.000000 -0.000102  0.000000 -0.000164 -0.000000
                                -0.000341 -0.000000 -0.000266 -0.000000 -0.000007 -0.000000  0.000006 -0.000000  0.000002 -0.000000
                                -0.000003 -0.000000  0.000004  0.000000 -0.000002 -0.000000  0.000000 -0.000000 -0.000000  0.000000
                                 0.000000 -0.000000  0.000028 -0.000000  0.000000 -0.000069 -0.000000 -0.000000 -0.000026  0.000000
                                -0.000000  0.000038 -0.000000  0.000000 -0.000037 -0.000000 -0.000000  0.000015  0.000000  0.000000
                                -0.000005 -0.000000  0.000000

   7.1   2    -8.2501 -132.9384 -0.000000 -0.000000 -0.000000 -0.000000 -0.000000 -0.000000 -0.000000 -0.000000 -0.000000 -0.000000
                                -0.000000 -0.000000 -0.000000 -0.000000 -0.000000  0.000000  0.000000  0.000000  0.000000  0.000000
                                -0.000000 -0.000000 -0.000000  0.000000  0.000000  0.000000 -0.000000 -0.000000 -0.000000  0.000000
                                -0.000000  0.000000 -0.000000  0.000000 -0.000000  0.000000 -0.000000  0.000000 -0.000000 -0.000051
                                -0.000000 -0.000386 -0.000000 -0.002187 -0.000000 -0.009782 -0.000000 -0.033902 -0.000000 -0.089044
                                -0.000000 -0.159125 -0.000000 -0.162413  0.000000  0.049493  0.000000  0.001229  0.000001  0.375352
                                 0.000001  0.461018  0.000000  0.230140  0.000000  0.033511 -0.000000 -0.000659  0.000000  0.001576
                                -0.000000 -0.005349  0.000000  0.007676 -0.000000 -0.003837  0.000000  0.000765 -0.000000 -0.000276
                                 0.000000  0.000074 -0.000000  0.000000 -0.000044 -0.000000  0.000000 -0.000094 -0.000000 -0.000000
                                -0.000232 -0.000000 -0.000000 -0.000190  0.000000 -0.000000  0.000175 -0.000000  0.000000 -0.000070
                                 0.000000 -0.000000  0.000022

   8.1   2    -8.2459 -133.0539 -0.000000 -0.000000 -0.000000 -0.000000 -0.000000 -0.000001 -0.000001 -0.000002 -0.000004 -0.000007
                                -0.000013 -0.000023 -0.000037 -0.000051 -0.000047  0.000025  0.000228  0.000395  0.000195  0.000005
                                -0.000772 -0.001211  0.000028  0.000014  0.001465  0.001777 -0.001380 -0.001004  0.000176  0.000013
                                 0.000077 -0.000066  0.000103 -0.000076  0.000029 -0.000011  0.000003 -0.000000 -0.000051  0.000000
                                -0.000386  0.000000 -0.002191  0.000000 -0.009799  0.000000 -0.033966  0.000000 -0.089203  0.000000
                                -0.159426  0.000000 -0.162640  0.000000  0.049643 -0.000000  0.001587 -0.000000  0.376006 -0.000001
                                 0.461946 -0.000001  0.228452 -0.000000  0.032385 -0.000000 -0.000498  0.000000  0.001504 -0.000000
                                -0.004993  0.000000  0.007160 -0.000000 -0.003576  0.000000  0.000712 -0.000000 -0.000257  0.000000
                                 0.000068 -0.000000 -0.000049  0.000000  0.000000 -0.000378 -0.000000  0.000000 -0.000497  0.000000
                                -0.000000  0.000120  0.000000 -0.000000 -0.000102  0.000000  0.000000  0.000043 -0.000000 -0.000000
                                -0.000014  0.000000 -0.000000

   9.1   2    -2.7880  -68.3037  0.000018  0.000018  0.000051  0.000072  0.000145  0.000234  0.000425  0.000721  0.001281  0.002225
                                 0.003933  0.006757  0.011059  0.015333  0.013810 -0.008296 -0.068432 -0.121158 -0.056400 -0.000801
                                 0.239531  0.425807 -0.028663 -0.022365 -0.618089 -0.561801  0.277283  0.758983  0.359971  0.001971
                                 0.021456 -0.023983  0.033945 -0.024477  0.009293 -0.003509  0.000894 -0.000158 -0.000000 -0.000000
                                -0.000002 -0.000000 -0.000010 -0.000000 -0.000048 -0.000000 -0.000162 -0.000000 -0.000438 -0.000000
                                -0.000751 -0.000000 -0.000833 -0.000000  0.000633  0.000000 -0.000633 -0.000000  0.002693  0.000000
                                 0.002194  0.000000  0.000838  0.000000 -0.007884 -0.000000 -0.003853 -0.000000  0.002832 -0.000000
                                -0.007080  0.000000  0.010178 -0.000000 -0.005075  0.000000  0.001016 -0.000000 -0.000368  0.000000
                                 0.000099 -0.000000 -0.000027  0.000000 -0.000000 -0.000177  0.000000 -0.000000  0.000123 -0.000000
                                 0.000000  0.003617 -0.000000  0.000000 -0.002588  0.000000 -0.000000  0.001145 -0.000000  0.000000
                                -0.000353  0.000000 -0.000000

  10.1   2    -0.2553  -32.0690  0.000000  0.000000  0.000001  0.000002  0.000004  0.000006  0.000010  0.000017  0.000031  0.000054
                                 0.000095  0.000164  0.000268  0.000373  0.000333 -0.000210 -0.001662 -0.002969 -0.001364 -0.000012
                                 0.005892  0.011069 -0.001284 -0.000245 -0.016915 -0.015878  0.009655  0.028317  0.029340  0.024502
                                -0.026798 -0.097222 -0.026379 -0.034789  0.003237 -0.002228  0.000705 -0.000144 -0.000009 -0.000000
                                -0.000069 -0.000000 -0.000395 -0.000000 -0.001762 -0.000000 -0.006139 -0.000000 -0.016106 -0.000000
                                -0.028899 -0.000000 -0.028378 -0.000000  0.013126  0.000000  0.004471  0.000000  0.076645  0.000000
                                 0.099362  0.000000 -0.004042 -0.000000 -0.217473 -0.000000 -0.406417 -0.000000 -0.446672 -0.000000
                                 0.040501 -0.000000 -0.322834 -0.000000  0.135732  0.000000 -0.041614  0.000000  0.015631  0.000000
                                -0.004406  0.000000  0.000069 -0.000000  0.000000 -0.000213 -0.000000 -0.000000  0.001840 -0.000000
                                 0.000000  0.024117 -0.000000  0.000000 -0.010137  0.000000  0.000000  0.013378 -0.000000  0.000000
                                -0.003597  0.000000  0.000000

  11.1   0    -0.1154  -20.5608 -0.000004 -0.000004 -0.000012 -0.000017 -0.000034 -0.000055 -0.000100 -0.000170 -0.000302 -0.000525
                                -0.000927 -0.001593 -0.002605 -0.003621 -0.003225  0.002067  0.016112  0.028832  0.013187  0.000090
                                -0.056918 -0.107504  0.013120  0.002003  0.161129  0.151955 -0.086603 -0.281321 -0.253593 -0.064407
                                 0.261785  0.599018  0.036998  0.288426  0.014579  0.023891 -0.005418  0.001039 -0.000001 -0.000000
                                -0.000007 -0.000000 -0.000042 -0.000000 -0.000184 -0.000000 -0.000647 -0.000000 -0.001683 -0.000000
                                -0.003059 -0.000000 -0.002904 -0.000000  0.000994  0.000000  0.001365 -0.000000  0.007193  0.000000
                                 0.010886  0.000000 -0.000997  0.000000 -0.019638 -0.000000 -0.042422 -0.000000 -0.077642 -0.000000
                                -0.011815 -0.000003 -0.050353  0.000004  0.021457 -0.000004 -0.011692  0.000008  0.003007  0.000001
                                -0.000952 -0.000000  0.000041  0.000000  0.000000 -0.000060 -0.000000  0.000000  0.000981  0.000000
                                 0.000000  0.006703 -0.000001  0.000000 -0.003097  0.000002 -0.000000  0.004470 -0.000002  0.000000
                                -0.000113  0.000006 -0.000001

  12.1   0    -0.0088  -18.7271  0.000000  0.000000  0.000000  0.000000  0.000000  0.000000  0.000000  0.000000  0.000000  0.000000
                                 0.000000  0.000000  0.000000  0.000000  0.000000 -0.000000 -0.000000 -0.000001 -0.000000  0.000000
                                 0.000001  0.000002 -0.000000  0.000000 -0.000003 -0.000003  0.000001  0.000005  0.000005  0.000002
                                -0.000007 -0.000019  0.000001 -0.000012  0.000010  0.000017  0.000008  0.000005  0.000000  0.000005
                                 0.000000  0.000039  0.000000  0.000223  0.000000  0.000997  0.000000  0.003474  0.000000  0.009114
                                 0.000000  0.016353  0.000000  0.016075 -0.000000 -0.007329 -0.000000 -0.002500 -0.000000 -0.043198
                                -0.000000 -0.056014  0.000000  0.001036  0.000000  0.117311  0.000001  0.222301  0.000001  0.290749
                                -0.000000  0.098735  0.000000  0.230936 -0.000002  0.046874 -0.000003  0.279409 -0.000001  0.133366
                                 0.000001  0.063522 -0.000000  0.000004 -0.000033  0.000000 -0.000020  0.000119 -0.000000  0.000078
                                -0.001093 -0.000000 -0.007273 -0.011538  0.000000  0.016409  0.001958 -0.000000 -0.025465 -0.009954
                                 0.000000  0.047909 -0.006819

                                   1 2px     1 2px     1 2px     1 2px     1 2px     1 2px     1 2px     1 2px     1 2px     1 2px  
                                   1 2px     1 2px     1 2px     1 2px     1 2px     1 2px     1 2px     1 2px     1 2px     1 2px  
                                   1 2px     1 2px     1 2px     1 2px     1 2px     1 2px     1 2px     1 2px     1 2px     1 2px  
                                   1 2px     1 4f1+    1 4f3+    1 4f1+    1 4f3+    1 4f1+    1 4f3+    1 4f1+    1 4f3+    1 4f1+ 
                                   1 4f3+    1 4f1+    1 4f3+    1 4f1+    1 4f3+    1 4f1+    1 4f3+    1 4f1+    1 4f3+    1 4f1+ 
                                   1 4f3+    1 4f1+    1 4f3+    1 4f1+    1 4f3+    1 4f1+    1 4f3+    1 4f1+    1 4f3+    1 4f1+ 
                                   1 4f3+    1 6h1+    1 6h3+    1 6h5+    1 6h1+    1 6h3+    1 6h5+    1 6h1+    1 6h3+    1 6h5+ 


   1.2   2  -355.3868-1008.0254  0.000016  0.000042  0.000122  0.000334  0.000941  0.002702  0.007905  0.022919  0.063093  0.152098
                                 0.288638  0.364193  0.236686  0.055894  0.002700 -0.001238  0.002734 -0.003221  0.002403 -0.000958
                                 0.000193 -0.000195  0.000192 -0.000077  0.000194  0.000014 -0.000009 -0.000193  0.000004 -0.000002
                                 0.000000 -0.000001  0.000000 -0.000002 -0.000000 -0.000002 -0.000000  0.000000  0.000000  0.000001
                                -0.000000 -0.000000  0.000000  0.000000 -0.000000 -0.000000  0.000000 -0.000000 -0.000000 -0.000000
                                -0.000000 -0.000000 -0.000000 -0.000000 -0.000000  0.000000 -0.000000 -0.000000  0.000000  0.000000
                                 0.000000 -0.000000 -0.000000  0.000000  0.000000  0.000000 -0.000000 -0.000000  0.000000  0.000000

   2.2   2   -78.9129 -357.6396 -0.000008 -0.000021 -0.000061 -0.000169 -0.000477 -0.001375 -0.004052 -0.011890 -0.033438 -0.083583
                                -0.167010 -0.215931 -0.041721  0.366862  0.520396  0.209497  0.012480  0.005773  0.014700 -0.005174
                                 0.001592 -0.001592  0.001577 -0.000642  0.001669  0.000117 -0.000075 -0.001655  0.000037 -0.000016
                                 0.000003  0.000000 -0.000000 -0.000001  0.000000 -0.000004  0.000000 -0.000007  0.000000 -0.000016
                                 0.000000  0.000001 -0.000000 -0.000007  0.000000  0.000002  0.000000  0.000003  0.000000  0.000002
                                 0.000000  0.000001  0.000000  0.000000  0.000000 -0.000000  0.000000  0.000000 -0.000000 -0.000000
                                 0.000000 -0.000001 -0.000000  0.000000 -0.000000 -0.000000 -0.000000 -0.000000 -0.000000  0.000000

   3.2   2   -14.8670 -151.3897  0.000004  0.000010  0.000029  0.000081  0.000229  0.000661  0.001953  0.005739  0.016244  0.040881
                                 0.082950  0.107372  0.004043 -0.274271 -0.415880  0.025647  0.054915  0.530368  0.062333  0.427160
                                 0.091783 -0.015144  0.016974 -0.006286  0.016073  0.001150 -0.000724 -0.015939  0.000358 -0.000152
                                 0.000034 -0.000000 -0.000000 -0.000002 -0.000000 -0.000009 -0.000000 -0.000033 -0.000000 -0.000102
                                -0.000000 -0.000021  0.000000 -0.000179 -0.000000 -0.000158 -0.000000 -0.000101 -0.000000 -0.000028
                                -0.000000 -0.000011 -0.000000 -0.000002 -0.000000 -0.000000  0.000000 -0.000000 -0.000000  0.000000
                                 0.000000 -0.000060 -0.000000  0.000000 -0.000003 -0.000000 -0.000000  0.000012  0.000000 -0.000000

   4.2   2    -0.9232 -102.8405 -0.000000 -0.000000 -0.000000 -0.000000 -0.000000 -0.000000 -0.000000 -0.000000 -0.000000 -0.000000
                                -0.000000 -0.000000  0.000000  0.000000  0.000000 -0.000000 -0.000000 -0.000000 -0.000000 -0.000000
                                 0.000000  0.000000  0.000000  0.000000  0.000000 -0.000000 -0.000000  0.000000  0.000000 -0.000000
                                 0.000000  0.000000  0.000825  0.000000  0.007174  0.000000  0.034174  0.000000  0.104213  0.000000
                                 0.217752 -0.000000 -0.000198  0.000000  0.308059  0.000000  0.320004  0.000000  0.250608  0.000000
                                 0.141837  0.000000  0.044914  0.000000  0.003104 -0.000000  0.000006  0.000000 -0.000177 -0.000000
                                 0.000079 -0.000000 -0.000117 -0.000000 -0.000000 -0.000335  0.000000 -0.000000 -0.000651 -0.000000

   5.2   2    -0.9107 -102.9067 -0.000000 -0.000000 -0.000000 -0.000001 -0.000002 -0.000005 -0.000014 -0.000041 -0.000118 -0.000296
                                -0.000603 -0.000781 -0.000001  0.002172  0.003379 -0.000980 -0.000084 -0.006635 -0.000329 -0.005153
                                 0.005290  0.012076 -0.000202  0.007371  0.005522  0.000155 -0.000470 -0.005452  0.000111 -0.000047
                                 0.000010  0.000826 -0.000000  0.007185 -0.000000  0.034226 -0.000000  0.104375 -0.000000  0.218095
                                -0.000000 -0.000216 -0.000000  0.308475 -0.000000  0.320182 -0.000000  0.249855 -0.000000  0.140108
                                -0.000000  0.045802 -0.000000  0.005261  0.000000 -0.000513 -0.000000  0.000200 -0.000000 -0.000039
                                 0.000000 -0.000480 -0.000000 -0.000000 -0.001325  0.000000 -0.000000 -0.001185 -0.000000  0.000000

   6.2   2    -1.5454  -58.0798 -0.000001 -0.000003 -0.000010 -0.000028 -0.000079 -0.000228 -0.000672 -0.001977 -0.005601 -0.014118
                                -0.028727 -0.037209 -0.000094  0.102710  0.159249 -0.044652 -0.000144 -0.308906 -0.003007 -0.257366
                                 0.197611  0.551805 -0.009791  0.406561  0.199784  0.067764 -0.009773 -0.197852  0.004324 -0.001833
                                 0.000404 -0.000011 -0.000000 -0.000099 -0.000000 -0.000467 -0.000000 -0.001430 -0.000000 -0.002917
                                -0.000000 -0.000076 -0.000000 -0.004139 -0.000000 -0.004539 -0.000000 -0.004922 -0.000000 -0.009531
                                -0.000000 -0.008049 -0.000000 -0.001277 -0.000000 -0.000114  0.000000  0.000018 -0.000000 -0.000017
                                -0.000000 -0.000015  0.000000 -0.000000 -0.000518 -0.000000  0.000000  0.000198  0.000000 -0.000000

   7.2   +    -0.0244   -6.3283  0.000000  0.000000  0.000000  0.000000  0.000000  0.000000  0.000000  0.000000  0.000000  0.000000
                                 0.000001  0.000001  0.000000 -0.000002 -0.000004  0.000001  0.000001  0.000007  0.000001  0.000006
                                -0.000005 -0.000018  0.000003 -0.000019  0.000241  0.000002  0.000054 -0.000156  0.000034 -0.000004
                                 0.000001  0.000000 -0.000003  0.000000 -0.000037  0.000000 -0.000126  0.000000 -0.000569  0.000000
                                -0.000077  0.000000 -0.001614  0.000000  0.000001  0.000000 -0.002604  0.000000  0.001094  0.000000
                                -0.004211 -0.000001  0.013397 -0.000003 -0.053185 -0.000003  0.201783 -0.000003 -0.256553 -0.000001
                                 1.126943  0.000000 -0.000004  0.000000  0.000000  0.000042 -0.000000 -0.000000 -0.000127  0.000000

   8.2   0     7.2819  -53.3311 -0.000000 -0.000000 -0.000000 -0.000001 -0.000001 -0.000005 -0.000012 -0.000041 -0.000099 -0.000308
                                -0.000469 -0.000994  0.000753 -0.000136  0.011475 -0.067935  0.160656 -0.274410  0.317005 -0.216701
                                 0.172296 -0.331254  0.366822 -0.157570  0.423506  0.030715 -0.019668 -0.419684  0.009247 -0.003922
                                 0.000861 -0.000296  0.000000 -0.009392  0.000000 -0.016215  0.000000 -0.158744  0.000000  0.350746
                                -0.000000 -1.006594  0.000001  0.632647 -0.000001 -1.036119  0.000001  2.259008 -0.000003 -1.776229
                                 0.000002  0.894420 -0.000001 -0.629243  0.000001  0.530304 -0.000001 -0.262585  0.000000  0.085004
                                -0.000000 -0.000962 -0.000000  0.000000 -0.005833  0.000000 -0.000002  0.000499 -0.000000  0.000001

   9.2   0    -0.0298  -13.2462  0.000000  0.000001  0.000002  0.000004  0.000012  0.000034  0.000100  0.000294  0.000832  0.002097
                                 0.004271  0.005524  0.000016 -0.015416 -0.023663  0.005591  0.003432  0.041708  0.007340  0.035518
                                -0.032188 -0.110059  0.021401 -0.118383  1.795319  0.013183  0.328611 -1.316811  0.298594  0.022340
                                 0.013720  0.000003  0.000000  0.000026  0.000000  0.000119  0.000000  0.000389  0.000000  0.000653
                                -0.000000  0.000225  0.000000  0.000903 -0.000000  0.001294  0.000000  0.000597 -0.000000  0.001358
                                 0.000001 -0.004628 -0.000003 -0.020673  0.000013 -0.015972 -0.000039 -0.007930  0.000070 -0.007990
                                -0.000192 -0.000000  0.000000  0.000001  0.000176 -0.000000 -0.000006 -0.000024  0.000000  0.000014

                                   1 2py     1 2py     1 2py     1 2py     1 2py     1 2py     1 2py     1 2py     1 2py     1 2py  
                                   1 2py     1 2py     1 2py     1 2py     1 2py     1 2py     1 2py     1 2py     1 2py     1 2py  
                                   1 2py     1 2py     1 2py     1 2py     1 2py     1 2py     1 2py     1 2py     1 2py     1 2py  
                                   1 2py     1 4f1-    1 4f3-    1 4f1-    1 4f3-    1 4f1-    1 4f3-    1 4f1-    1 4f3-    1 4f1- 
                                   1 4f3-    1 4f1-    1 4f3-    1 4f1-    1 4f3-    1 4f1-    1 4f3-    1 4f1-    1 4f3-    1 4f1- 
                                   1 4f3-    1 4f1-    1 4f3-    1 4f1-    1 4f3-    1 4f1-    1 4f3-    1 4f1-    1 4f3-    1 4f1- 
                                   1 4f3-    1 6h1-    1 6h3-    1 6h5-    1 6h1-    1 6h3-    1 6h5-    1 6h1-    1 6h3-    1 6h5- 


   1.3   2  -355.3868-1008.0254  0.000016  0.000042  0.000122  0.000334  0.000941  0.002702  0.007905  0.022919  0.063093  0.152098
                                 0.288638  0.364193  0.236686  0.055894  0.002700 -0.001238  0.002734 -0.003221  0.002403 -0.000958
                                 0.000193 -0.000195  0.000192 -0.000077  0.000194  0.000014 -0.000009 -0.000193  0.000004 -0.000002
                                 0.000000 -0.000001  0.000000 -0.000002 -0.000000 -0.000002 -0.000000  0.000000  0.000000  0.000001
                                -0.000000 -0.000000  0.000000  0.000000 -0.000000 -0.000000  0.000000 -0.000000 -0.000000 -0.000000
                                -0.000000 -0.000000 -0.000000 -0.000000 -0.000000  0.000000 -0.000000 -0.000000  0.000000  0.000000
                                 0.000000 -0.000000 -0.000000 -0.000000  0.000000  0.000000  0.000000 -0.000000  0.000000 -0.000000

   2.3   2   -78.9129 -357.6396 -0.000008 -0.000021 -0.000061 -0.000169 -0.000477 -0.001375 -0.004052 -0.011890 -0.033438 -0.083583
                                -0.167010 -0.215931 -0.041721  0.366862  0.520396  0.209497  0.012480  0.005773  0.014700 -0.005174
                                 0.001592 -0.001592  0.001577 -0.000642  0.001669  0.000117 -0.000075 -0.001655  0.000037 -0.000016
                                 0.000003  0.000000 -0.000000 -0.000001  0.000000 -0.000004 -0.000000 -0.000007  0.000000 -0.000016
                                 0.000000  0.000001 -0.000000 -0.000007  0.000000  0.000002 -0.000000  0.000003  0.000000  0.000002
                                 0.000000  0.000001  0.000000  0.000000  0.000000 -0.000000  0.000000  0.000000 -0.000000 -0.000000
                                 0.000000 -0.000001 -0.000000 -0.000000 -0.000000 -0.000000  0.000000 -0.000000 -0.000000 -0.000000

   3.3   2   -14.8670 -151.3897  0.000004  0.000010  0.000029  0.000081  0.000229  0.000661  0.001953  0.005739  0.016244  0.040881
                                 0.082950  0.107372  0.004043 -0.274271 -0.415880  0.025647  0.054915  0.530368  0.062333  0.427160
                                 0.091783 -0.015144  0.016974 -0.006286  0.016073  0.001150 -0.000724 -0.015939  0.000358 -0.000152
                                 0.000034 -0.000000 -0.000000 -0.000002 -0.000000 -0.000009 -0.000000 -0.000033 -0.000000 -0.000102
                                -0.000000 -0.000021  0.000000 -0.000179 -0.000000 -0.000158 -0.000000 -0.000101 -0.000000 -0.000028
                                -0.000000 -0.000011 -0.000000 -0.000002 -0.000000 -0.000000  0.000000 -0.000000 -0.000000  0.000000
                                 0.000000 -0.000060 -0.000000 -0.000000 -0.000003 -0.000000  0.000000  0.000012  0.000000  0.000000

   4.3   2    -0.9232 -102.8403 -0.000000 -0.000000 -0.000000 -0.000000 -0.000000 -0.000000 -0.000000 -0.000000 -0.000000 -0.000000
                                -0.000000 -0.000000  0.000000  0.000000  0.000000 -0.000000  0.000000 -0.000000  0.000000 -0.000000
                                 0.000000  0.000000  0.000000  0.000000  0.000000 -0.000000 -0.000000 -0.000000 -0.000000  0.000000
                                -0.000000  0.000000  0.000825  0.000000  0.007174  0.000000  0.034174  0.000000  0.104213  0.000000
                                 0.217751 -0.000000 -0.000198  0.000000  0.308058  0.000000  0.320003  0.000000  0.250609  0.000000
                                 0.141838  0.000000  0.044917  0.000000  0.003108 -0.000000  0.000005  0.000000 -0.000179 -0.000000
                                 0.000081 -0.000000 -0.000117 -0.000000 -0.000000 -0.000335  0.000000 -0.000000 -0.000651 -0.000000

   5.3   2    -0.9107 -102.9067 -0.000000 -0.000000 -0.000000 -0.000001 -0.000002 -0.000005 -0.000014 -0.000041 -0.000118 -0.000296
                                -0.000603 -0.000781 -0.000001  0.002172  0.003379 -0.000980 -0.000084 -0.006635 -0.000329 -0.005153
                                 0.005290  0.012076 -0.000202  0.007371  0.005522  0.000155 -0.000470 -0.005452  0.000111 -0.000047
                                 0.000010  0.000826 -0.000000  0.007185 -0.000000  0.034226 -0.000000  0.104375 -0.000000  0.218095
                                -0.000000 -0.000216  0.000000  0.308475 -0.000000  0.320182 -0.000000  0.249855 -0.000000  0.140108
                                -0.000000  0.045802 -0.000000  0.005261  0.000000 -0.000513 -0.000000  0.000200  0.000000 -0.000039
                                -0.000000 -0.000480 -0.000000  0.000000 -0.001325  0.000000  0.000000 -0.001185 -0.000000 -0.000000

   6.3   2    -1.5454  -58.0798 -0.000001 -0.000003 -0.000010 -0.000028 -0.000079 -0.000228 -0.000672 -0.001977 -0.005601 -0.014118
                                -0.028727 -0.037209 -0.000094  0.102710  0.159249 -0.044652 -0.000144 -0.308906 -0.003007 -0.257366
                                 0.197611  0.551805 -0.009791  0.406561  0.199785  0.067764 -0.009773 -0.197852  0.004324 -0.001833
                                 0.000404 -0.000011 -0.000000 -0.000099 -0.000000 -0.000467 -0.000000 -0.001430 -0.000000 -0.002917
                                -0.000000 -0.000076 -0.000000 -0.004139 -0.000000 -0.004539 -0.000000 -0.004922 -0.000000 -0.009531
                                -0.000000 -0.008049 -0.000000 -0.001277 -0.000000 -0.000114  0.000000  0.000018 -0.000000 -0.000017
                                 0.000000 -0.000015  0.000000  0.000000 -0.000518 -0.000000 -0.000000  0.000198  0.000000  0.000000

   7.3   0     0.0528   -5.8519 -0.000000 -0.000000 -0.000000 -0.000000 -0.000000 -0.000000 -0.000000 -0.000000 -0.000000 -0.000001
                                -0.000001 -0.000002  0.000000  0.000004  0.000009 -0.000023  0.000050 -0.000095  0.000093 -0.000069
                                 0.000047 -0.000088  0.000205 -0.000128  0.040103  0.000127 -0.000518 -0.041615  0.004037 -0.002906
                                 0.000795 -0.000000 -0.000001 -0.000000 -0.000030 -0.000000 -0.000066 -0.000000 -0.000497 -0.000000
                                 0.000756  0.000000 -0.002608 -0.000000  0.001236 -0.000000 -0.002951 -0.000000  0.002601  0.000000
                                -0.006828 -0.000001  0.019746  0.000017 -0.096705 -0.000026  0.304913  0.000057 -0.528925 -0.000106
                                 1.290872  0.000000 -0.000003 -0.000000 -0.000000  0.000028  0.000000  0.000000 -0.000085 -0.000000

   8.3   0     7.2819  -53.3311 -0.000000 -0.000000 -0.000000 -0.000001 -0.000001 -0.000005 -0.000012 -0.000041 -0.000099 -0.000308
                                -0.000469 -0.000994  0.000753 -0.000136  0.011475 -0.067935  0.160658 -0.274413  0.317008 -0.216704
                                 0.172297 -0.331257  0.366826 -0.157571  0.423513  0.030715 -0.019668 -0.419691  0.009247 -0.003922
                                 0.000861 -0.000296  0.000000 -0.009392  0.000000 -0.016215  0.000000 -0.158744  0.000000  0.350746
                                -0.000000 -1.006594  0.000001  0.632647 -0.000000 -1.036119  0.000001  2.259008 -0.000002 -1.776229
                                 0.000001  0.894420 -0.000001 -0.629242  0.000000  0.530304 -0.000000 -0.262585  0.000000  0.085004
                                -0.000000 -0.000962 -0.000000 -0.000000 -0.005833  0.000000  0.000002  0.000499 -0.000000 -0.000001

                                   1 3d2-    1 3d2-    1 3d2-    1 3d2-    1 3d2-    1 3d2-    1 3d2-    1 3d2-    1 3d2-    1 3d2- 
                                   1 3d2-    1 3d2-    1 3d2-    1 3d2-    1 3d2-    1 3d2-    1 3d2-    1 3d2-    1 3d2-    1 3d2- 
                                   1 3d2-    1 3d2-    1 5g2-    1 5g4-    1 5g2-    1 5g4-    1 5g2-    1 5g4-    1 5g2-    1 5g4- 
                                   1 5g2-    1 5g4-    1 5g2-    1 5g4-    1 5g2-    1 5g4- 

   1.4   2   -60.8240 -329.4342  0.000105  0.000790  0.004461  0.019793  0.067751  0.174602  0.315599  0.365648  0.218333 -0.000318
                                 0.051466  0.003184  0.000579  0.000003  0.000043 -0.000036  0.000129 -0.000185  0.000093 -0.000018
                                 0.000007 -0.000002 -0.000010 -0.000000  0.000001 -0.000000  0.000000  0.000000 -0.000000  0.000000
                                 0.000000  0.000000 -0.000000 -0.000000  0.000000  0.000000

   2.4   2    -8.2501 -132.9384 -0.000051 -0.000386 -0.002187 -0.009782 -0.033902 -0.089044 -0.159125 -0.162413  0.049493  0.001229
                                 0.375352  0.461018  0.230140  0.033511 -0.000659  0.001576 -0.005349  0.007676 -0.003837  0.000765
                                -0.000276  0.000074 -0.000044 -0.000000 -0.000094 -0.000000 -0.000232  0.000000 -0.000190  0.000000
                                 0.000175  0.000000 -0.000070 -0.000000  0.000022  0.000000

   3.4   0    -0.0088  -18.7279  0.000005  0.000039  0.000223  0.000997  0.003474  0.009115  0.016354  0.016076 -0.007330 -0.002501
                                -0.043200 -0.056017  0.001036  0.117316  0.222310  0.290762  0.098739  0.230937  0.046875  0.279387
                                 0.133346  0.063535 -0.000033 -0.000004  0.000119  0.000020 -0.001093 -0.000078 -0.011538  0.007271
                                 0.001959 -0.016406 -0.009956  0.025459 -0.006816 -0.047900

   4.4   0     0.0110   -5.1213 -0.000002 -0.000015 -0.000088 -0.000389 -0.001367 -0.003552 -0.006467 -0.006114  0.001980  0.003137
                                 0.014970  0.023086 -0.001766 -0.043818 -0.094276 -0.076122 -0.575185  1.170210 -1.119077  0.777812
                                -0.957730  1.460944  0.000012 -0.000002 -0.000045  0.000011  0.000417 -0.000042  0.005152  0.004112
                                -0.002412 -0.009216  0.005868  0.014586 -0.003553 -0.023603

                                   1 2pz     1 2pz     1 2pz     1 2pz     1 2pz     1 2pz     1 2pz     1 2pz     1 2pz     1 2pz  
                                   1 2pz     1 2pz     1 2pz     1 2pz     1 2pz     1 2pz     1 2pz     1 2pz     1 2pz     1 2pz  
                                   1 2pz     1 2pz     1 2pz     1 2pz     1 2pz     1 2pz     1 2pz     1 2pz     1 2pz     1 2pz  
                                   1 2pz     1 4f0     1 4f2+    1 4f0     1 4f2+    1 4f0     1 4f2+    1 4f0     1 4f2+    1 4f0  
                                   1 4f2+    1 4f0     1 4f2+    1 4f0     1 4f2+    1 4f0     1 4f2+    1 4f0     1 4f2+    1 4f0  
                                   1 4f2+    1 4f0     1 4f2+    1 4f0     1 4f2+    1 4f0     1 4f2+    1 4f0     1 4f2+    1 4f0  
                                   1 4f2+    1 6h2+    1 6h4+    1 6h0     1 6h2+    1 6h4+    1 6h0     1 6h2+    1 6h4+    1 6h0  


   1.5   2  -355.3856-1008.0243  0.000016  0.000042  0.000122  0.000334  0.000941  0.002702  0.007905  0.022919  0.063093  0.152098
                                 0.288639  0.364192  0.236687  0.055895  0.002699 -0.001238  0.002732 -0.003220  0.002402 -0.000958
                                 0.000193 -0.000195  0.000191 -0.000077  0.000194  0.000014 -0.000009 -0.000193  0.000004 -0.000002
                                 0.000000 -0.000000  0.000000  0.000000  0.000000  0.000001  0.000000 -0.000002  0.000000  0.000000
                                -0.000000 -0.000002  0.000000  0.000000 -0.000000  0.000000  0.000000  0.000000  0.000000  0.000000
                                 0.000000  0.000000  0.000000  0.000000  0.000000  0.000000 -0.000000 -0.000000  0.000000  0.000000
                                -0.000000 -0.000000  0.000000 -0.000000  0.000000 -0.000000  0.000000 -0.000000  0.000000 -0.000000

   2.5   2   -78.9082 -357.6356 -0.000008 -0.000021 -0.000061 -0.000169 -0.000477 -0.001375 -0.004052 -0.011890 -0.033438 -0.083584
                                -0.167012 -0.215932 -0.041721  0.366877  0.520400  0.209449  0.012528  0.005740  0.014725 -0.005181
                                 0.001591 -0.001596  0.001578 -0.000645  0.001671  0.000116 -0.000076 -0.001657  0.000037 -0.000016
                                 0.000003  0.000000 -0.000000 -0.000000  0.000000 -0.000008 -0.000000 -0.000029  0.000000 -0.000024
                                 0.000000  0.000019 -0.000000 -0.000001 -0.000000 -0.000004 -0.000000 -0.000007 -0.000000 -0.000004
                                -0.000000 -0.000002 -0.000000 -0.000001 -0.000000  0.000000  0.000000 -0.000000  0.000000  0.000000
                                 0.000000 -0.000000 -0.000000 -0.000001 -0.000000  0.000000 -0.000000  0.000000 -0.000000  0.000000

   3.5   2   -14.8568 -151.4027  0.000004  0.000010  0.000029  0.000081  0.000229  0.000661  0.001954  0.005741  0.016249  0.040895
                                 0.082979  0.107407  0.004045 -0.274387 -0.416027  0.025734  0.054942  0.530465  0.062835  0.426999
                                 0.091228 -0.015212  0.016975 -0.006260  0.016075  0.001164 -0.000720 -0.015942  0.000358 -0.000152
                                 0.000034 -0.000000 -0.000000 -0.000001 -0.000000 -0.000003 -0.000000 -0.000002 -0.000000  0.000061
                                -0.000000 -0.000112  0.000000  0.000041 -0.000000 -0.000426 -0.000000 -0.000276 -0.000000  0.000048
                                -0.000000  0.000014 -0.000000  0.000011 -0.000000 -0.000006  0.000000  0.000003 -0.000000 -0.000001
                                -0.000000 -0.000000 -0.000000 -0.000076 -0.000000 -0.000000 -0.000003  0.000000 -0.000000  0.000014

   4.5   2    -0.9172 -103.0062 -0.000000 -0.000000 -0.000000 -0.000000 -0.000000 -0.000000 -0.000000 -0.000000 -0.000000 -0.000000
                                -0.000000 -0.000000 -0.000000  0.000000  0.000000 -0.000000 -0.000000 -0.000000 -0.000000 -0.000000
                                 0.000000  0.000000 -0.000000  0.000000 -0.000000 -0.000000  0.000000  0.000000 -0.000000  0.000000
                                -0.000000  0.000000  0.000826  0.000000  0.007189  0.000000  0.034245  0.000000  0.104432  0.000000
                                 0.218192 -0.000000 -0.000203  0.000000  0.308630  0.000000  0.320546  0.000000  0.250483  0.000000
                                 0.140005  0.000000  0.043028  0.000000  0.002858 -0.000000  0.000040  0.000000 -0.000182 -0.000000
                                 0.000081 -0.000315  0.000000 -0.000000 -0.000888  0.000000 -0.000000 -0.000928 -0.000000 -0.000000

   5.5   2    -0.9081 -102.8277  0.000000  0.000000  0.000000  0.000000  0.000000  0.000001  0.000002  0.000005  0.000015  0.000038
                                 0.000076  0.000100 -0.000003 -0.000280 -0.000486  0.000417 -0.000535  0.001902 -0.000819  0.001134
                                -0.002750 -0.001834 -0.002786  0.006024 -0.023223  0.011941  0.004827  0.023050 -0.000472  0.000195
                                -0.000043  0.000826 -0.000000  0.007181 -0.000000  0.034207 -0.000000  0.104320 -0.000000  0.217986
                                -0.000000 -0.000212  0.000000  0.308318 -0.000000  0.319948 -0.000000  0.249602 -0.000000  0.140672
                                -0.000000  0.047313 -0.000000  0.006366  0.000000 -0.000669 -0.000000  0.000354  0.000000 -0.000084
                                -0.000000 -0.000000  0.000000 -0.000542  0.000000 -0.000000 -0.001457 -0.000000  0.000000 -0.001336

   6.5   2    -1.5272  -57.8347 -0.000001 -0.000003 -0.000010 -0.000028 -0.000078 -0.000226 -0.000669 -0.001967 -0.005574 -0.014050
                                -0.028589 -0.037030 -0.000090  0.102220  0.158522 -0.044746  0.000467 -0.308367 -0.002161 -0.256928
                                 0.198682  0.549404 -0.014758  0.403200  0.165896  0.079630 -0.004050 -0.164193  0.003611 -0.001536
                                 0.000339 -0.000009 -0.000000 -0.000075 -0.000000 -0.000359 -0.000000 -0.001100 -0.000000 -0.002347
                                -0.000000  0.000071 -0.000000 -0.003402 -0.000000 -0.003337 -0.000000 -0.002291 -0.000000 -0.002783
                                -0.000000  0.005544 -0.000000  0.006166 -0.000000 -0.001809  0.000000  0.001113 -0.000000 -0.000346
                                 0.000000 -0.000000 -0.000000 -0.000041 -0.000000  0.000000 -0.000594 -0.000000 -0.000000 -0.000260

   7.5   0     0.0477   -5.8143 -0.000000 -0.000000 -0.000000 -0.000000 -0.000000 -0.000000 -0.000000 -0.000000 -0.000000 -0.000001
                                -0.000001 -0.000002  0.000001  0.000003  0.000015 -0.000062  0.000141 -0.000242  0.000259 -0.000175
                                 0.000115 -0.000298  0.000585 -0.000421  0.113511  0.000362 -0.001140 -0.117653  0.010738 -0.008019
                                 0.002255 -0.000000 -0.000001 -0.000000 -0.000027 -0.000000 -0.000049 -0.000003 -0.000441  0.000005
                                 0.000844 -0.000016 -0.002564  0.000008  0.001355 -0.000017 -0.002757  0.000016  0.002650 -0.000041
                                -0.006700  0.000118  0.019086 -0.000571 -0.096145  0.001784  0.295211 -0.003385 -0.538634  0.007869
                                 1.300119 -0.000004  0.000000 -0.000000  0.000044 -0.000001  0.000000 -0.000115  0.000003 -0.000001

   8.5   0     7.2905  -53.2876 -0.000000 -0.000000 -0.000000 -0.000001 -0.000003 -0.000010 -0.000026 -0.000090 -0.000213 -0.000664
                                -0.001000 -0.002161  0.001684 -0.000472  0.025442 -0.151821  0.358866 -0.612447  0.708638 -0.486542
                                 0.396527 -0.779133  0.864085 -0.370105  0.984280  0.071332 -0.045525 -0.975478  0.021490 -0.009085
                                 0.001992 -0.000296  0.000000 -0.009384  0.000000 -0.016209  0.000000 -0.158609  0.000000  0.350268
                                -0.000001 -1.005443  0.000002  0.631779 -0.000002 -1.034672  0.000003  2.258074 -0.000006 -1.777056
                                 0.000004  0.894933 -0.000002 -0.629319  0.000002  0.530275 -0.000001 -0.262542  0.000001  0.084986
                                -0.000000 -0.000000  0.000000 -0.001113  0.000000 -0.000000 -0.006151 -0.000000  0.000000  0.000320

                                   1 3d1+    1 3d1+    1 3d1+    1 3d1+    1 3d1+    1 3d1+    1 3d1+    1 3d1+    1 3d1+    1 3d1+ 
                                   1 3d1+    1 3d1+    1 3d1+    1 3d1+    1 3d1+    1 3d1+    1 3d1+    1 3d1+    1 3d1+    1 3d1+ 
                                   1 3d1+    1 3d1+    1 5g1+    1 5g3+    1 5g1+    1 5g3+    1 5g1+    1 5g3+    1 5g1+    1 5g3+ 
                                   1 5g1+    1 5g3+    1 5g1+    1 5g3+    1 5g1+    1 5g3+ 

   1.6   2   -60.8215 -329.4327  0.000105  0.000790  0.004461  0.019793  0.067752  0.174603  0.315603  0.365658  0.218329 -0.000324
                                 0.051450  0.003183  0.000585  0.000004  0.000043 -0.000036  0.000129 -0.000185  0.000093 -0.000018
                                 0.000007 -0.000002 -0.000020  0.000000  0.000002 -0.000000 -0.000003  0.000000  0.000000 -0.000000
                                -0.000000  0.000000  0.000000 -0.000000 -0.000000  0.000000

   2.6   2    -8.2424 -132.9488 -0.000051 -0.000386 -0.002187 -0.009784 -0.033910 -0.089062 -0.159166 -0.162428  0.049466  0.001390
                                 0.375280  0.461268  0.229998  0.033128 -0.000710  0.001564 -0.005312  0.007622 -0.003810  0.000760
                                -0.000274  0.000073 -0.000048 -0.000000 -0.000293 -0.000000 -0.000425 -0.000000  0.000025 -0.000000
                                -0.000016  0.000000  0.000008 -0.000000 -0.000002 -0.000000

   3.6   0     0.0076   -7.9372  0.000002  0.000018  0.000101  0.000453  0.001571  0.004141  0.007379  0.007382 -0.003798  0.000008
                                -0.020618 -0.024790 -0.000162  0.054454  0.095508  0.147965 -0.202564  0.700774 -0.459453  0.602557
                                -0.417787  0.944322 -0.000016  0.000000  0.000050 -0.000000 -0.000457  0.000000 -0.006751 -0.000000
                                 0.002917  0.000001 -0.011304 -0.000001 -0.000078  0.000002

   4.6   0     0.0140   -9.6945 -0.000003 -0.000024 -0.000136 -0.000602 -0.002110 -0.005496 -0.009967 -0.009527  0.003445  0.003918
                                 0.023974  0.035182 -0.002210 -0.068626 -0.139722 -0.126743 -0.697090  1.322588 -1.373053  0.695854
                                -1.489576  1.474581  0.000022 -0.000000 -0.000068  0.000000  0.000621 -0.000000  0.008502  0.000000
                                -0.002783 -0.000001  0.013136  0.000001  0.000545 -0.000002

                                   1 3d1-    1 3d1-    1 3d1-    1 3d1-    1 3d1-    1 3d1-    1 3d1-    1 3d1-    1 3d1-    1 3d1- 
                                   1 3d1-    1 3d1-    1 3d1-    1 3d1-    1 3d1-    1 3d1-    1 3d1-    1 3d1-    1 3d1-    1 3d1- 
                                   1 3d1-    1 3d1-    1 5g1-    1 5g3-    1 5g1-    1 5g3-    1 5g1-    1 5g3-    1 5g1-    1 5g3- 
                                   1 5g1-    1 5g3-    1 5g1-    1 5g3-    1 5g1-    1 5g3- 

   1.7   2   -60.8215 -329.4327  0.000105  0.000790  0.004461  0.019793  0.067752  0.174603  0.315603  0.365658  0.218329 -0.000324
                                 0.051450  0.003183  0.000585  0.000004  0.000043 -0.000036  0.000129 -0.000185  0.000093 -0.000018
                                 0.000007 -0.000002 -0.000020  0.000000  0.000002 -0.000000 -0.000003 -0.000000  0.000000 -0.000000
                                -0.000000  0.000000  0.000000 -0.000000 -0.000000  0.000000

   2.7   2    -8.2424 -132.9488 -0.000051 -0.000386 -0.002187 -0.009784 -0.033910 -0.089062 -0.159166 -0.162428  0.049466  0.001390
                                 0.375280  0.461268  0.229998  0.033128 -0.000710  0.001564 -0.005312  0.007622 -0.003810  0.000760
                                -0.000274  0.000073 -0.000048  0.000000 -0.000293 -0.000000 -0.000425 -0.000000  0.000025 -0.000000
                                -0.000016  0.000000  0.000008 -0.000000 -0.000002  0.000000

   3.7   0     0.0076   -7.9375  0.000002  0.000018  0.000101  0.000453  0.001571  0.004141  0.007380  0.007382 -0.003799  0.000008
                                -0.020619 -0.024791 -0.000162  0.054456  0.095512  0.147968 -0.202545  0.700738 -0.459415  0.602537
                                -0.417746  0.944283 -0.000016 -0.000000  0.000050  0.000000 -0.000457 -0.000000 -0.006751  0.000000
                                 0.002917 -0.000001 -0.011304  0.000001 -0.000079 -0.000002

   4.7   0     0.0140   -9.6943 -0.000003 -0.000024 -0.000136 -0.000602 -0.002110 -0.005496 -0.009967 -0.009526  0.003445  0.003918
                                 0.023973  0.035182 -0.002210 -0.068625 -0.139719 -0.126740 -0.697086  1.322583 -1.373047  0.695852
                                -1.489564  1.474595  0.000022  0.000000 -0.000068 -0.000000  0.000621  0.000000  0.008502 -0.000000
                                -0.002783  0.000000  0.013135 -0.000000  0.000546  0.000002

                                   1 4f2-    1 4f2-    1 4f2-    1 4f2-    1 4f2-    1 4f2-    1 4f2-    1 4f2-    1 4f2-    1 4f2- 
                                   1 4f2-    1 4f2-    1 4f2-    1 4f2-    1 4f2-    1 6h4-    1 6h2-    1 6h4-    1 6h2-    1 6h4- 
                                   1 6h2- 

   1.8   2    -0.9172 -103.0062  0.000826  0.007189  0.034245  0.104432  0.218192 -0.000203  0.308630  0.320546  0.250483  0.140005
                                 0.043028  0.002858  0.000040 -0.000182  0.000081 -0.000000 -0.000315 -0.000000 -0.000888  0.000000
                                -0.000928

   2.8   0     0.0477   -5.8143 -0.000001 -0.000027 -0.000049 -0.000441  0.000844 -0.002564  0.001355 -0.002757  0.002650 -0.006700
                                 0.019086 -0.096148  0.295219 -0.538654  1.300149 -0.000000 -0.000004  0.000001  0.000044 -0.000003
                                -0.000115

   3.8   0     0.1217   -8.2757  0.000013  0.000069  0.000495  0.000886  0.005625 -0.005499  0.008259 -0.000477  0.009303 -0.014737
                                 0.033793 -0.270623  0.627340 -2.056569  1.207325  0.000000  0.000018 -0.000002 -0.000204  0.000004
                                 0.000547

 HOMO      7.2    -0.024428 =      -0.6647eV
 LUMO     11.1    -0.115411 =      -3.1405eV
 LUMO-HOMO        -0.090983 =      -2.4758eV


 **********************************************************************************************************************************
 DATASETS  * FILE   NREC   LENGTH (MB)   RECORD NAMES
              1      22       22.03       500      610      700      900      950      970     1000      129      960     1700   
                                          VAR    BASINP    GEOM    SYMINP    ZMAT    AOBASIS   BASIS     P2S    ABASIS    OPER   
                                         1101     1401     1411     1412     1650     1100     1400     1410     1200     1210   
                                          SR      EKINR    POTR     PVPR    MOLCAS      S      EKIN      POT      H0       H01  
                                         1080     1600   
                                         AOSYM     SMH  

              2       5        6.25       200      700     1000      520     4202   
                                        OPTIONS   GEOM     BASIS   MCVARS     RHF  

 PROGRAMS   *        TOTAL       RHF       INT
 CPU TIMES  *       209.14      8.23    200.65
 REAL TIME  *       224.61 SEC
 DISK USED  *         7.91 GB      
 SF USED    *         0.12 MB      
 GA USED    *         0.00 MB       (max)       0.00 MB       (current)
 **********************************************************************************************************************************


 PROGRAM * RHF-SCF (OPEN SHELL)       Authors: W. Meyer, H.-J. Werner


 NUMBER OF ELECTRONS:      36+   35-    SPACE SYMMETRY=2    SPIN SYMMETRY: Doublet 
 CONVERGENCE THRESHOLDS:    1.00E-05 (Density)    1.42E-07 (Energy)
 MAX. NUMBER OF ITERATIONS:        0
 INTERPOLATION TYPE:            DIIS
 INTERPOLATION STEPS:              2 (START)      1 (STEP)
 LEVEL SHIFTS:                 -0.60 (CLOSED) -0.30 (OPEN) 

 Number of closed-shell orbitals:   35 (  10   6   6   2   6   2   2   1 )
 Number of open-shell orbitals:      1 (   0   1   0   0   0   0   0   0 )


 Molecular orbitals read from record     4202.2  Type=RHF/CANONICAL (state 1.2)

 Molecular orbital dump at record        2108.2

 ITERATION    DDIFF          GRAD             ENERGY        2-EL.EN.            DIPOLE MOMENTS         DIIS   ORB.
    1      0.000D+00      0.000D+00    -14559.42032899  10867.587924    0.00000    0.00000    0.00000    0    start

 Final alpha occupancy:  10   7   6   2   6   2   2   1
 Final beta  occupancy:  10   6   6   2   6   2   2   1

 !RHF STATE 1.2 Energy               -14559.4203289936    
 Nuclear energy                         0.00000000
 One-electron energy               -19993.21429096
 Two-electron energy                 5433.79396196
 Virial quotient                       -0.73342127
 !RHF STATE 1.2 Dipole moment           0.00000000     0.00000000     0.00000000
 Dipole moment /Debye                   0.00000000     0.00000000     0.00000000

 Orbital energies:

         1.1          2.1          3.1          4.1          5.1          6.1          7.1          8.1          9.1         10.1
  -2339.330534  -403.205231   -93.582150   -60.824022   -60.823106   -19.782934    -8.250084    -8.245855    -2.787951    -0.255269

        11.1         12.1
     -0.115411    -0.008769

         1.2          2.2          3.2          4.2          5.2          6.2          7.2          8.2          9.2
   -355.386806   -78.912937   -14.866986    -0.923167    -0.910658    -1.545362    -0.024428     7.281867    -0.029820

         1.3          2.3          3.3          4.3          5.3          6.3          7.3          8.3
   -355.386806   -78.912937   -14.866986    -0.923159    -0.910658    -1.545363     0.052831     7.281867

         1.4          2.4          3.4          4.4
    -60.824022    -8.250084    -0.008766     0.011012

         1.5          2.5          3.5          4.5          5.5          6.5          7.5          8.5
   -355.385587   -78.908161   -14.856763    -0.917243    -0.908098    -1.527166     0.047676     7.290532

         1.6          2.6          3.6          4.6
    -60.821453    -8.242370     0.007625     0.013966

         1.7          2.7          3.7          4.7
    -60.821453    -8.242370     0.007625     0.013966

         1.8          2.8          3.8
     -0.917243     0.047677     0.121670

 HOMO      7.2    -0.024428 =      -0.6647eV
 LUMO     11.1    -0.115411 =      -3.1405eV
 LUMO-HOMO        -0.090983 =      -2.4758eV


 **********************************************************************************************************************************
 DATASETS  * FILE   NREC   LENGTH (MB)   RECORD NAMES
              1      22       22.03       500      610      700      900      950      970     1000      129      960     1700   
                                          VAR    BASINP    GEOM    SYMINP    ZMAT    AOBASIS   BASIS     P2S    ABASIS    OPER   
                                         1101     1401     1411     1412     1650     1100     1400     1410     1200     1210   
                                          SR      EKINR    POTR     PVPR    MOLCAS      S      EKIN      POT      H0       H01  
                                         1080     1600   
                                         AOSYM     SMH  

              2       6        9.95       200      700     1000      520     4202     2108   
                                        OPTIONS   GEOM     BASIS   MCVARS     RHF      RHF  

 PROGRAMS   *        TOTAL       RHF       RHF       INT
 CPU TIMES  *       209.48      0.34      8.23    200.65
 REAL TIME  *       225.22 SEC
 DISK USED  *         7.91 GB      
 SF USED    *         0.12 MB      
 GA USED    *         0.00 MB       (max)       0.00 MB       (current)
 **********************************************************************************************************************************
 SETTING SCF(4)         =    -14559.42032899  AU                              
 SETTING _CC_NORM_MAX   =         2.00000000                                  


 PROGRAM * CCSD (Restricted open-shell coupled cluster)     Authors: C. Hampel, H.-J. Werner, 1991, M. Deegan, P.J. Knowles, 1992


 Convergence thresholds:  THRVAR = 1.00D-08  THRDEN = 1.42D-06

 CCSD(T)     terms to be evaluated (factor= 1.000)


 Number of core orbitals:          23 (   8   3   3   2   3   2   2   0 )
 Number of closed-shell orbitals:  12 (   2   3   3   0   3   0   0   1 )
 Number of active  orbitals:        1 (   0   1   0   0   0   0   0   0 )
 Number of external orbitals:     406 (  93  63  64  34  64  34  34  20 )

 Memory could be reduced to 187.72 Mwords without degradation in triples

 Number of N-1 electron functions:              25
 Number of N-2 electron functions:             300
 Number of singly external CSFs:              1628
 Number of doubly external CSFs:           4799062
 Total number of CSFs:                     4800690

 Molecular orbitals read from record     2108.2  Type=RHF/CANONICAL (state 1.2)

 Integral transformation finished. Total CPU:   4.49 sec, npass=  1  Memory used:  41.52 MW

 Starting RMP2 calculation

 Wavefunction is spin-projected

 ITER.      SQ.NORM     CORR.ENERGY   TOTAL ENERGY   ENERGY CHANGE        DEN1      VAR(S)    VAR(P)  DIIS     TIME
   1      1.15081857    -1.45383529-14560.87416429    -1.45383529    -0.02984531  0.41D-08  0.51D-02  0  0     5.19
   2      1.16512033    -1.48368060-14560.90400959    -0.02984531    -0.00254320  0.29D-08  0.71D-03  1  1     5.54
   3      1.17319399    -1.49435391-14560.91468291    -0.01067332    -0.00026630  0.18D-08  0.12D-03  2  2     5.99
   4      1.17685987    -1.49581090-14560.91613989    -0.00145698    -0.00005436  0.92D-09  0.26D-04  3  3     6.45
   5      1.17902535    -1.49633696-14560.91666595    -0.00052606    -0.00000946  0.38D-09  0.47D-05  4  4     6.92
   6      1.17972878    -1.49644999-14560.91677899    -0.00011303    -0.00000234  0.18D-09  0.12D-05  5  5     7.67
   7      1.18000288    -1.49647754-14560.91680653    -0.00002754    -0.00000053  0.90D-10  0.27D-06  6  6     8.35
   8      1.18009205    -1.49648493-14560.91681393    -0.00000740    -0.00000015  0.60D-10  0.72D-07  6  1     8.79
   9      1.18013456    -1.49649000-14560.91681900    -0.00000507    -0.00000002  0.45D-10  0.11D-07  6  2     9.28
  10      1.18014721    -1.49649122-14560.91682022    -0.00000122    -0.00000000  0.40D-10  0.18D-08  6  3     9.76

 Norm of t1 vector:      0.00068347      S-energy:    -0.00000014      T1 diagnostic:  0.00001807
 Norm of t2 vector:      0.42443698      P-energy:    -1.49649108
                                         Alpha-Beta:  -0.92895871
                                         Alpha-Alpha: -0.28399261
                                         Beta-Beta:   -0.28353976

 Spin contamination <S**2-Sz**2-Sz>     0.00000000
  Reference energy                   -14559.4203289936    
  RHF-RMP2 correlation energy          -1.496491222483
 !RHF-RMP2 energy                    -14560.9168202161    
 (NB above energy spin projected)

 Starting RCCSD calculation

 ITER.      SQ.NORM     CORR.ENERGY   TOTAL ENERGY   ENERGY CHANGE        DEN1      VAR(S)    VAR(P)  DIIS     TIME
   1      1.11065143    -1.22914912-14560.64947811    -1.22914912    -0.04344737  0.14D-02  0.45D-02  0  0    14.62
   2      1.12558916    -1.26590019-14560.68622919    -0.03675107    -0.00459531  0.18D-03  0.90D-03  1  1    19.28
   3      1.13277471    -1.26925076-14560.68957975    -0.00335057    -0.00145254  0.12D-03  0.34D-03  2  2    24.06
   4      1.14348934    -1.27664075-14560.69696974    -0.00738999    -0.00041682  0.22D-04  0.15D-03  3  3    28.77
   5      1.15176372    -1.27821284-14560.69854183    -0.00157209    -0.00018748  0.54D-05  0.83D-04  4  4    33.56
   6      1.15848816    -1.27929754-14560.69962653    -0.00108470    -0.00014089  0.28D-05  0.69D-04  5  5    38.38
   7      1.16306369    -1.27966153-14560.69999053    -0.00036399    -0.00013339  0.21D-05  0.68D-04  6  6    43.27
   8      1.16442860    -1.27976930-14560.70009830    -0.00010777    -0.00013494  0.19D-05  0.69D-04  7  7    48.07
   9      1.15911792    -1.27941933-14560.69974833     0.00034997    -0.00011715  0.26D-05  0.57D-04  8  8    53.03
  10      1.15692809    -1.27901417-14560.69934317     0.00040516    -0.00007499  0.38D-05  0.32D-04  9  9    58.12
  11      1.16183493    -1.27890161-14560.69923061     0.00011256    -0.00004613  0.46D-05  0.16D-04 10 10    63.32
  12      1.16707430    -1.27900821-14560.69933720    -0.00010659    -0.00003222  0.51D-05  0.90D-05 11 11    68.40
  13      1.16965501    -1.27909795-14560.69942694    -0.00008974    -0.00002707  0.59D-05  0.55D-05 12 12    73.55
  14      1.17045584    -1.27913978-14560.69946877    -0.00004183    -0.00002611  0.66D-05  0.43D-05 13 13    78.70
  15      1.17027104    -1.27910379-14560.69943278     0.00003599    -0.00002564  0.60D-05  0.48D-05 14 14    84.34
  16      1.17149481    -1.27904674-14560.69937574     0.00005705    -0.00002078  0.39D-05  0.50D-05 15 15    89.63
  17      1.17570881    -1.27893718-14560.69926618     0.00010956    -0.00001221  0.16D-05  0.37D-05 15  1    94.82
  18      1.17970717    -1.27889825-14560.69922725     0.00003893    -0.00000664  0.73D-06  0.22D-05 15  2   100.05
  19      1.18266140    -1.27889332-14560.69922231     0.00000494    -0.00000352  0.39D-06  0.12D-05 15  3   105.26
  20      1.18391751    -1.27884944-14560.69917843     0.00004388    -0.00000223  0.25D-06  0.81D-06 15  4   110.35
  21      1.18441320    -1.27883877-14560.69916776     0.00001067    -0.00000174  0.21D-06  0.64D-06 15  5   115.58
  22      1.18480323    -1.27883770-14560.69916669     0.00000107    -0.00000141  0.16D-06  0.53D-06 15 11   120.83
  23      1.18519517    -1.27888468-14560.69921368    -0.00004699    -0.00000124  0.13D-06  0.49D-06 15  9   126.08
  24      1.18542229    -1.27888726-14560.69921625    -0.00000258    -0.00000118  0.99D-07  0.51D-06 15  6   131.33
  25      1.18547257    -1.27888620-14560.69921520     0.00000106    -0.00000118  0.89D-07  0.53D-06 15 10   136.57
  26      1.18545560    -1.27888390-14560.69921290     0.00000230    -0.00000116  0.92D-07  0.51D-06 15 12   141.57
  27      1.18550752    -1.27887778-14560.69920677     0.00000613    -0.00000107  0.90D-07  0.46D-06 15  7   146.89
  28      1.18564665    -1.27888526-14560.69921425    -0.00000748    -0.00000098  0.75D-07  0.42D-06 15  8   152.06
  29      1.18580895    -1.27890342-14560.69923242    -0.00001816    -0.00000093  0.58D-07  0.43D-06 15  4   157.35
  30      1.18582579    -1.27890510-14560.69923410    -0.00000168    -0.00000094  0.54D-07  0.44D-06 15 13   162.54
  31      1.18587157    -1.27891184-14560.69924083    -0.00000674    -0.00000090  0.58D-07  0.41D-06 15  1   167.67
  32      1.18600638    -1.27892610-14560.69925510    -0.00001426    -0.00000080  0.60D-07  0.35D-06 15 15   172.81
  33      1.18619585    -1.27893291-14560.69926190    -0.00000680    -0.00000064  0.53D-07  0.27D-06 15 14   178.00
  34      1.18627966    -1.27891684-14560.69924584     0.00001607    -0.00000051  0.40D-07  0.22D-06 15  5   183.17
  35      1.18618423    -1.27890626-14560.69923525     0.00001059    -0.00000047  0.31D-07  0.22D-06 15  3   188.33
  36      1.18614184    -1.27890480-14560.69923380     0.00000145    -0.00000048  0.28D-07  0.23D-06 15  2   193.53
  37      1.18615617    -1.27890231-14560.69923130     0.00000250    -0.00000046  0.30D-07  0.21D-06 15  6   198.71
  38      1.18612242    -1.27890046-14560.69922946     0.00000184    -0.00000042  0.30D-07  0.19D-06 15  8   203.94
  39      1.18605945    -1.27889330-14560.69922229     0.00000717    -0.00000037  0.25D-07  0.17D-06 15 10   209.18
  40      1.18600623    -1.27889669-14560.69922568    -0.00000339    -0.00000033  0.20D-07  0.16D-06 15 11   214.16
  41      1.18598596    -1.27890478-14560.69923377    -0.00000809    -0.00000031  0.14D-07  0.15D-06 15  9   219.32
  42      1.18596486    -1.27891184-14560.69924083    -0.00000706    -0.00000031  0.11D-07  0.16D-06 15 12   224.72
  43      1.18596262    -1.27891199-14560.69924098    -0.00000015    -0.00000031  0.11D-07  0.16D-06 15  7   229.88
  44      1.18604014    -1.27890895-14560.69923794     0.00000304    -0.00000030  0.10D-07  0.15D-06 15  1   235.13
  45      1.18612702    -1.27890649-14560.69923549     0.00000246    -0.00000029  0.97D-08  0.15D-06 15  4   240.18
  46      1.18638425    -1.27890089-14560.69922988     0.00000561    -0.00000026  0.65D-08  0.13D-06 15 15   245.83
  47      1.18685989    -1.27890080-14560.69922979     0.00000009    -0.00000020  0.36D-08  0.10D-06 15 13   251.07
  48      1.18706784    -1.27890316-14560.69923215    -0.00000236    -0.00000018  0.39D-08  0.90D-07 15 14   256.22
  49      1.18723534    -1.27890635-14560.69923534    -0.00000319    -0.00000015  0.51D-08  0.76D-07 15  5   261.41
  50      1.18736490    -1.27889546-14560.69922445     0.00001089    -0.00000014  0.71D-08  0.64D-07 15  3   266.59
  51      1.18737542    -1.27889342-14560.69922241     0.00000204    -0.00000013  0.77D-08  0.63D-07 15  9   271.77
  52      1.18737442    -1.27889373-14560.69922272    -0.00000031    -0.00000013  0.75D-08  0.63D-07 15 11   276.93
  53      1.18739691    -1.27889168-14560.69922068     0.00000204    -0.00000013  0.59D-08  0.61D-07 15 12   282.02
  54      1.18747781    -1.27889033-14560.69921932     0.00000136    -0.00000011  0.33D-08  0.56D-07 15  6   287.21
  55      1.18755313    -1.27889117-14560.69922016    -0.00000084    -0.00000010  0.20D-08  0.52D-07 15 10   292.42
  56      1.18760657    -1.27889227-14560.69922126    -0.00000110    -0.00000009  0.13D-08  0.48D-07 15 13   297.66
  57      1.18766621    -1.27889215-14560.69922115     0.00000012    -0.00000008  0.81D-09  0.43D-07 15  5   302.78
  58      1.18772734    -1.27888805-14560.69921704     0.00000410    -0.00000007  0.62D-09  0.37D-07 15 14   307.99
  59      1.18777948    -1.27888384-14560.69921284     0.00000420    -0.00000006  0.54D-09  0.33D-07 15  3   313.24
  60      1.18785947    -1.27887979-14560.69920878     0.00000406    -0.00000006  0.43D-09  0.30D-07 15  2   318.39
  61      1.18795908    -1.27887994-14560.69920893    -0.00000015    -0.00000005  0.33D-09  0.29D-07 15  8   323.60
  62      1.18798715    -1.27888001-14560.69920901    -0.00000008    -0.00000005  0.32D-09  0.29D-07 15  4   329.09
  63      1.18796656    -1.27888045-14560.69920944    -0.00000043    -0.00000005  0.35D-09  0.29D-07 15 14   334.11
  64      1.18797300    -1.27888167-14560.69921066    -0.00000122    -0.00000005  0.37D-09  0.27D-07 15  6   339.43
  65      1.18800855    -1.27888020-14560.69920920     0.00000147    -0.00000005  0.37D-09  0.26D-07 15 14   344.78
  66      1.18818240    -1.27887694-14560.69920593     0.00000327    -0.00000004  0.45D-09  0.23D-07 15  2   350.08
  67      1.18831611    -1.27887517-14560.69920416     0.00000177    -0.00000004  0.53D-09  0.23D-07 15 10   355.44
  68      1.18837568    -1.27887558-14560.69920457    -0.00000041    -0.00000004  0.56D-09  0.23D-07 15 15   360.70
  69      1.18836327    -1.27887563-14560.69920463    -0.00000006    -0.00000004  0.55D-09  0.23D-07 15  3   365.98
  70      1.18834549    -1.27887718-14560.69920617    -0.00000154    -0.00000004  0.54D-09  0.20D-07 15  9   371.23
  71      1.18837966    -1.27888151-14560.69921051    -0.00000434    -0.00000003  0.62D-09  0.18D-07 15  5   376.50
  72      1.18847189    -1.27888412-14560.69921312    -0.00000261    -0.00000003  0.71D-09  0.16D-07 15 13   381.74
  73      1.18858669    -1.27888547-14560.69921446    -0.00000135    -0.00000003  0.75D-09  0.15D-07 15 15   387.05
  74      1.18861010    -1.27888556-14560.69921456    -0.00000010    -0.00000003  0.75D-09  0.16D-07 15  8   392.28
  75      1.18859746    -1.27888545-14560.69921445     0.00000011    -0.00000003  0.75D-09  0.15D-07 15  4   397.65
  76      1.18857133    -1.27888598-14560.69921497    -0.00000053    -0.00000003  0.78D-09  0.14D-07 15 10   403.05
  77      1.18857471    -1.27888772-14560.69921671    -0.00000174    -0.00000002  0.75D-09  0.13D-07 15 11   408.43
  78      1.18861820    -1.27889297-14560.69922196    -0.00000525    -0.00000002  0.71D-09  0.11D-07 15 12   413.76
  79      1.18869269    -1.27889659-14560.69922559    -0.00000363    -0.00000002  0.70D-09  0.94D-08 15  5   419.10
  80      1.18874470    -1.27889727-14560.69922626    -0.00000068    -0.00000002  0.68D-09  0.84D-08 15  9   424.52

 Norm of t1 vector:      0.10575385      S-energy:    -0.00000001      T1 diagnostic:  0.01495522
                                                                       D1 diagnostic:  0.04399400
 Norm of t2 vector:      0.42137967      P-energy:    -1.27889726
                                         Alpha-Beta:  -0.82348306
                                         Alpha-Alpha: -0.22800022
                                         Beta-Beta:   -0.22741398

 Doubles amplitudes (print threshold =  0.500E-01):

         I         J         SYM. A    SYM. B    A         B      T(IJ, AB) [Alpha-Beta]

         2         2         1         1         1         1      0.09132773
         2         2         5         5         3         3     -0.05592831

 Spin contamination <S**2-Sz**2-Sz>     0.00000000

 Memory could be reduced to 192.33 Mwords without degradation in triples
 

 RESULTS
 =======

  Reference energy                   -14559.4203289936    
  RCCSD singles energy                 -0.000000008368
  RCCSD pair energy                    -1.278897262883
  RCCSD correlation energy             -1.278897271251
  Triples (T) contribution             -0.053167028875
  Total correlation energy             -1.332064300126
 
  RHF-RCCSD energy                   -14560.6992262649    
  RHF-RCCSD[T] energy                -14560.7577656607    
  RHF-RCCSD-T energy                 -14560.7518025994    
 !RHF-RCCSD(T) energy                -14560.7523932938    

 Program statistics:

 Available memory in ccsd:              1999998418
 Min. memory needed in ccsd:              13710340
 Max. memory used in ccsd:                19674646
 Max. memory used in cckext:              16620354 (80 integral passes)
 Max. memory used in cckint:              41521912 ( 1 integral passes)



 **********************************************************************************************************************************
 DATASETS  * FILE   NREC   LENGTH (MB)   RECORD NAMES
              1      22       22.03       500      610      700      900      950      970     1000      129      960     1700   
                                          VAR    BASINP    GEOM    SYMINP    ZMAT    AOBASIS   BASIS     P2S    ABASIS    OPER   
                                         1101     1401     1411     1412     1650     1100     1400     1410     1200     1210   
                                          SR      EKINR    POTR     PVPR    MOLCAS      S      EKIN      POT      H0       H01  
                                         1080     1600   
                                         AOSYM     SMH  

              2       6        9.95       200      700     1000      520     4202     2108   
                                        OPTIONS   GEOM     BASIS   MCVARS     RHF      RHF  

 PROGRAMS   *        TOTAL  RCCSD(T)       RHF       RHF       INT
 CPU TIMES  *       817.91    608.43      0.34      8.23    200.65
 REAL TIME  *       958.24 SEC
 DISK USED  *        15.48 GB      
 SF USED    *         3.26 GB      
 GA USED    *         0.00 MB       (max)       0.00 MB       (current)
 **********************************************************************************************************************************
 SETTING CCSD(4)        =    -14560.75239329  AU                              
 Output type csv         
                                                                                                                                                                                                                                                                

          SCF,CCSD
        0.00000,        0.00000
        0.00000,        0.00000
        0.00000,        0.00000
   -14559.42033,   -14560.75239
                                                  

 RCCSD(T)/USERDEF energy= -14560.752393293767

        RCCSD(T)        RHF-SCF         RHF-SCF 
 -14560.75239329 -14559.42032899 -14559.42032899
 **********************************************************************************************************************************
 Molpro calculation terminated
 Variable memory released
