 ENTER Z, NR
 PLEASE ENTER RELATIVITY FACTOR.  (0=NR, 1=REL.)
 PLEASE ENTER IUFLAG. (0=U, 1=SU, 2=R).
 PLEASE ENTER NFC, NEL, RATIO, ETOL, XNUM
 PLEASE ENTER N L M J S OCC.
     800.000000  -3271.919135
      89.598960  -3464.968635
      34.241151  -3503.541616
      11.981765  -3508.537841
       4.081672  -3509.041512
       1.488501  -3509.106973
       0.603891  -3509.120226
       0.265623  -3509.123595
       0.121972  -3509.124574
       0.057125  -3509.124902
       0.026960  -3509.125028
       0.012752  -3509.125083
       0.006064  -3509.125108
       0.002929  -3509.125120
       0.001418  -3509.125126
       0.000703  -3509.125129
       0.000349  -3509.125131
       0.000173  -3509.125131
       0.000086  -3509.125132
    1   0 0   0/2   1    2.0000       -657.508277
    2   0 0   0/2   1    2.0000        -98.026153
    2   1-1   2/2   1    2.0000        -90.139009
    2   1 0   2/2   1    2.0000        -90.139009
    2   1 1   2/2   1    2.0000        -90.139009
    3   0 0   0/2   1    2.0000        -22.477823
    3   1-1   2/2   1    2.0000        -19.421277
    3   1 0   2/2   1    2.0000        -19.421277
    3   1 1   2/2   1    2.0000        -19.421277
    3   2-2   4/2   1    2.0000        -13.956067
    3   2-1   4/2   1    2.0000        -13.956067
    3   2 0   4/2   1    2.0000        -13.956067
    3   2 1   4/2   1    2.0000        -13.956067
    3   2 2   4/2   1    2.0000        -13.956067
    4   0 0   0/2   1    2.0000         -7.686790
 TOTAL ENERGY =    -3509.125132 -95488.909436
 PLEASE ENTER FULL FILENAME.
