
 Primary working directories    : /global/cscratch1/sd/haihan
 Secondary working directories  : /global/cscratch1/sd/haihan
 Wavefunction directory         : /global/homes/h/haihan/Research/ECP/f_group_element_ecps/Lu/Molpro/atom/ECP46_1_SapQZdiff/wfu/
 Main file repository           : /global/cscratch1/sd/haihan/

 SHA1      : 19cd028119e0e09f93f0674bd8af7968d9b3eff6
 NAME      : 2015.1.36
 ARCHNAME  : linux/x86_64
 FC        : /opt/cray/pe/craype/2.5.14/bin/ftn
 BLASLIB   : -L/opt/intel/compilers_and_libraries_2018.1.163/linux/mkl/lib/intel64 -Wl,-_start-group -lmkl_intel_ilp64 -lmkl_intel_thread -lmkl_core -Wl,-_end-group -liomp5
 id        : lbl

 Nodes     nprocs
 nid00885    11
 Number of processes for MPI-2 version of Molpro:   nprocs(total)=   12   nprocs(compute)=   11   nprocs(helper)=    1

 Using customized tuning parameters: mindgm=7; mindgv=16; mindgc=1; mindgr=1; noblas=0; minvec=7
 default implementation of scratch files=sf  

 ***,Calculation for Lu atom, singlet and triplet
 memory,1,g
 
 gthresh,twoint=1.e-15
 gthresh,oneint=1.e-15
 
 
 geometry={
 1
 Lu
 Lu  0.0 0.0 0.0
 }
 
 basis={
 ECP,Lu,46,4,0;
 4                                                                               !ul
 1,    4.526254,   25.000000
 3,    3.879308,   113.15635
 2,    4.406058,  -85.722649
 2,    1.899664,   -3.133952
 2                                                                               !s
 2,    8.996757,  161.119164
 2,    5.104371,   89.334835
 2                                                                               !p
 2,    7.640657,   88.693021
 2,    3.878305,   57.109488
 2                                                                               !d
 2,    7.456305,   55.901690
 2,    2.530445,   29.364333
 2                                                                               !f
 2,    4.939345,  -23.952530
 2,    3.912490,   -7.090915
 Including file /global/u2/h/haihan/Research/ECP/f_group_element_ecps/Lu/Molpro/atom/ECP46_1_SapQZdiff/1/../SapQZdiff.basis
 }
 
 
 
 Including file /global/u2/h/haihan/Research/ECP/f_group_element_ecps/Lu/Molpro/atom/ECP46_1_SapQZdiff/1/../Lu46_states_ecp.proc
 
 do i=1,1
     if (i.eq.1) then
         Id1s2
     else if (i.eq.2) then
         Ip1s2
     else if (i.eq.3) then
         IEd2s1
     else if (i.eq.4) then
         IEf1s2
     else if (i.eq.5) then
         IIds2
     else if (i.eq.6) then
         IId1s1
     else if (i.eq.7) then
         IIIds1
     else if (i.eq.8) then
         IIIp1
     else if (i.eq.9) then
         IIId1
     else if (i.eq.10) then
         IIIEf1
     else if (i.eq.11) then
         VIp6
     else if (i.eq.12) then
         VIIp5
     else if (i.eq.13) then
         VIIIp4
     else if (i.eq.14) then
         IXp3
     else if (i.eq.15) then
         Xp
     else if (i.eq.16) then
         XIds2
     else if (i.eq.17) then
         IIIEf2
     endif
     scf(i)=energy
     _CC_NORM_MAX=2.0
     {rccsd(t),shifts=0.5,shiftp=0.5,thrdis=1.0;diis,1,1,15,1;maxit,100;core}
     ccsd(i)=energy
 enddo
 
 table,scf,ccsd
 type,csv
 save

 Variables initialized (889), CPU time= 0.00 sec
 Commands  initialized (702), CPU time= 0.01 sec, 572 directives.
 Default parameters read. Elapsed time= 0.12 sec

 Checking input...
 Passed
1


                                         ***  PROGRAM SYSTEM MOLPRO  ***
                                       Copyright, TTI GmbH Stuttgart, 2015
                                    Version 2015.1 linked Dec 29 2018 15:55:43


 **********************************************************************************************************************************
 LABEL *   Calculation for Lu atom, singlet and triplet                                  
  64 bit mpp version                                                                     DATE: 17-Apr-23          TIME: 12:13:38  
 **********************************************************************************************************************************

 SHA1:             19cd028119e0e09f93f0674bd8af7968d9b3eff6
 **********************************************************************************************************************************

 THRESHOLDS:

 ZERO    =  1.00D-12  ONEINT  =  1.00D-12  TWOINT  =  1.00D-15  PREFAC  =  1.00D-14  LOCALI  =  1.00D-09  EORDER  =  1.00D-04
 ENERGY  =  0.00D+00  ETEST   =  0.00D+00  EDENS   =  0.00D+00  THRDEDEF=  1.00D-06  GRADIENT=  1.00D-02  STEP    =  1.00D-03
 ORBITAL =  1.00D-05  CIVEC   =  1.00D-05  COEFF   =  1.00D-04  PRINTCI =  5.00D-02  PUNCHCI =  9.90D+01  OPTGRAD =  3.00D-04
 OPTENERG=  1.00D-06  OPTSTEP =  3.00D-04  THRGRAD =  1.00D-10  COMPRESS=  1.00D-11  VARMIN  =  1.00D-07  VARMAX  =  1.00D-03
 THRDOUB =  0.00D+00  THRDIV  =  1.00D-05  THRRED  =  1.00D-07  THRPSP  =  1.00D+00  THRDC   =  1.00D-10  THRCS   =  1.00D-10
 THRNRM  =  1.00D-08  THREQ   =  0.00D+00  THRDE   =  1.00D+00  THRREF  =  1.00D-05  SPARFAC =  1.00D+00  THRDLP  =  1.00D-07
 THRDIA  =  1.00D-10  THRDLS  =  1.00D-07  THRGPS  =  0.00D+00  THRKEX  =  0.00D+00  THRDIS  =  2.00D-01  THRVAR  =  1.00D-10
 THRLOC  =  1.00D-06  THRGAP  =  1.00D-06  THRLOCT = -1.00D+00  THRGAPT = -1.00D+00  THRORB  =  1.00D-06  THRMLTP =  0.00D+00
 THRCPQCI=  1.00D-10  KEXTA   =  0.00D+00  THRCOARS=  0.00D+00  SYMTOL  =  1.00D-06  GRADTOL =  1.00D-06  THROVL  =  1.00D-08
 THRORTH =  1.00D-08  GRID    =  1.00D-06  GRIDMAX =  1.00D-03  DTMAX   =  0.00D+00  THROCCDE=  1.00D-01  THROCCDE=  1.00D-01



 THRESHOLDS:

 ZERO    =  1.00D-12  ONEINT  =  1.00D-15  TWOINT  =  1.00D-15  PREFAC  =  1.00D-14  LOCALI  =  1.00D-09  EORDER  =  1.00D-04
 ENERGY  =  0.00D+00  ETEST   =  0.00D+00  EDENS   =  0.00D+00  THRDEDEF=  1.00D-06  GRADIENT=  1.00D-02  STEP    =  1.00D-03
 ORBITAL =  1.00D-05  CIVEC   =  1.00D-05  COEFF   =  1.00D-04  PRINTCI =  5.00D-02  PUNCHCI =  9.90D+01  OPTGRAD =  3.00D-04
 OPTENERG=  1.00D-06  OPTSTEP =  3.00D-04  THRGRAD =  1.00D-10  COMPRESS=  1.00D-11  VARMIN  =  1.00D-07  VARMAX  =  1.00D-03
 THRDOUB =  0.00D+00  THRDIV  =  1.00D-05  THRRED  =  1.00D-07  THRPSP  =  1.00D+00  THRDC   =  1.00D-10  THRCS   =  1.00D-10
 THRNRM  =  1.00D-08  THREQ   =  0.00D+00  THRDE   =  1.00D+00  THRREF  =  1.00D-05  SPARFAC =  1.00D+00  THRDLP  =  1.00D-07
 THRDIA  =  1.00D-10  THRDLS  =  1.00D-07  THRGPS  =  0.00D+00  THRKEX  =  0.00D+00  THRDIS  =  2.00D-01  THRVAR  =  1.00D-10
 THRLOC  =  1.00D-06  THRGAP  =  1.00D-06  THRLOCT = -1.00D+00  THRGAPT = -1.00D+00  THRORB  =  1.00D-06  THRMLTP =  0.00D+00
 THRCPQCI=  1.00D-10  KEXTA   =  0.00D+00  THRCOARS=  0.00D+00  SYMTOL  =  1.00D-06  GRADTOL =  1.00D-06  THROVL  =  1.00D-08
 THRORTH =  1.00D-08  GRID    =  1.00D-06  GRIDMAX =  1.00D-03  DTMAX   =  0.00D+00  THROCCDE=  1.00D-01  THROCCDE=  1.00D-01



Geometry recognized as XYZ


 Variable memory set to 1000000000 words,  buffer space   230000 words

 SETTING BASIS          =    USERDEF

 DO I                   =         1.00000000   

 Running procedure=ID1S2


 Recomputing integrals since basis changed


 Using spherical harmonics



 PROGRAM * SEWARD (Integral evaluation for generally contracted gaussian basis sets)     Author: Roland Lindh, 1990

 Geometry written to block  1 of record 700

 Orientation using atomic masses  
 Molecule type: Atom
 Symmetry elements: X,Y,Z
 Rotational constants:       0.0000000      0.0000000      0.0000000 GHz  (calculated with average atomic masses)

 Point group  D2h 



 ATOMIC COORDINATES

 NR  ATOM    CHARGE       X              Y              Z

   1  LU     25.00    0.000000000    0.000000000    0.000000000

 NUCLEAR CHARGE:                   25
 NUMBER OF PRIMITIVE AOS:         463
 NUMBER OF SYMMETRY AOS:          341
 NUMBER OF CONTRACTIONS:          341   (  77Ag  +  54B3u +  54B2u +  28B1g +  54B1u +  28B2g +  28B3g +  18Au  )
 NUMBER OF CORE ORBITALS:           0   (   0Ag  +   0B3u +   0B2u +   0B1g +   0B1u +   0B2g +   0B3g +   0Au  )
 NUMBER OF VALENCE ORBITALS:       17   (   4Ag  +   3B3u +   3B2u +   1B1g +   3B1u +   1B2g +   1B3g +   1Au  )


 NUCLEAR REPULSION ENERGY    0.00000000

 EXTRA SYMMETRY OF AOS IN SYMMETRY 1:   1 1 1 1 1 1 1 1 1 1   1 1 1 1 1 1 1 1 1 1   1 1 1 1 1 1 1 2 3 2   3 2 3 2 3 2 3 2 3 2
                                        3 2 3 2 3 2 3 2 3 2   3 2 3 2 3 2 3 2 3 4   5 6 4 5 6 4 5 6 4 5   6 4 5 6 4 5 6
 EXTRA SYMMETRY OF AOS IN SYMMETRY 2:   1 1 1 1 1 1 1 1 1 1   1 1 1 1 1 1 1 1 1 1   1 1 2 3 2 3 2 3 2 3   2 3 2 3 2 3 2 3 2 3
                                        2 3 4 5 6 4 5 6 4 5   6 4 5 6
 EXTRA SYMMETRY OF AOS IN SYMMETRY 3:   1 1 1 1 1 1 1 1 1 1   1 1 1 1 1 1 1 1 1 1   1 1 2 3 2 3 2 3 2 3   2 3 2 3 2 3 2 3 2 3
                                        2 3 4 5 6 4 5 6 4 5   6 4 5 6
 EXTRA SYMMETRY OF AOS IN SYMMETRY 4:   1 1 1 1 1 1 1 1 1 1   1 1 1 1 1 1 2 3 2 3   2 3 2 3 2 3 2 3
 EXTRA SYMMETRY OF AOS IN SYMMETRY 5:   1 1 1 1 1 1 1 1 1 1   1 1 1 1 1 1 1 1 1 1   1 1 2 3 2 3 2 3 2 3   2 3 2 3 2 3 2 3 2 3
                                        2 3 4 5 6 4 5 6 4 5   6 4 5 6
 EXTRA SYMMETRY OF AOS IN SYMMETRY 6:   1 1 1 1 1 1 1 1 1 1   1 1 1 1 1 1 2 3 2 3   2 3 2 3 2 3 2 3
 EXTRA SYMMETRY OF AOS IN SYMMETRY 7:   1 1 1 1 1 1 1 1 1 1   1 1 1 1 1 1 2 3 2 3   2 3 2 3 2 3 2 3
 EXTRA SYMMETRY OF AOS IN SYMMETRY 8:   1 1 1 1 1 1 1 1 1 1   2 3 2 3 2 3 2 3

 Eigenvalues of metric

         1 0.198E-06 0.285E-05 0.880E-05 0.110E-03 0.147E-03 0.147E-03 0.226E-03 0.428E-03
         2 0.115E-06 0.864E-04 0.280E-03 0.685E-03 0.202E-02 0.951E-02 0.162E-01 0.364E-01
         3 0.115E-06 0.864E-04 0.280E-03 0.685E-03 0.202E-02 0.951E-02 0.162E-01 0.364E-01
         4 0.147E-03 0.324E-02 0.233E-01 0.406E-01 0.866E-01 0.997E-01 0.997E-01 0.141E+00
         5 0.115E-06 0.864E-04 0.280E-03 0.685E-03 0.202E-02 0.951E-02 0.162E-01 0.364E-01
         6 0.147E-03 0.324E-02 0.233E-01 0.406E-01 0.866E-01 0.997E-01 0.997E-01 0.141E+00
         7 0.147E-03 0.324E-02 0.233E-01 0.406E-01 0.866E-01 0.997E-01 0.997E-01 0.141E+00
         8 0.437E-01 0.880E-01 0.207E+00 0.366E+00 0.366E+00 0.370E+00 0.551E+00 0.646E+00


 Contracted 2-electron integrals neglected if value below      1.0D-15
 AO integral compression algorithm  1   Integral accuracy      1.0D-15

     1449.394 MB (compressed) written to integral file ( 50.1%)

     Node minimum: 82.313 MB, node maximum: 171.442 MB


 NUMBER OF SORTED TWO-ELECTRON INTEGRALS:   19772499.     BUFFER LENGTH:  32768
 NUMBER OF SEGMENTS:   1  SEGMENT LENGTH:   19772499      RECORD LENGTH: 524288

 Memory used in sort:      20.33 MW

 SORT1 READ   362089039. AND WROTE    12327426. INTEGRALS IN     36 RECORDS. CPU TIME:     8.71 SEC, REAL TIME:     9.03 SEC
 SORT2 READ   135657947. AND WROTE   217701552. INTEGRALS IN   3806 RECORDS. CPU TIME:     0.60 SEC, REAL TIME:     0.92 SEC

 Node minimum:    19722951.  Node maximum:    19859000. integrals

 OPERATOR DM      FOR CENTER  0  COORDINATES:    0.000000    0.000000    0.000000


 **********************************************************************************************************************************
 DATASETS  * FILE   NREC   LENGTH (MB)   RECORD NAMES
              1      19       20.70       500      610      700      900      950      970     1000      129      960     1100   
                                          VAR    BASINP    GEOM    SYMINP    ZMAT    AOBASIS   BASIS     P2S    ABASIS      S 
                                         1400     1410     1420     1200     1210     1080     1600     1650     1700   
                                           T        V       ECP      H0       H01     AOSYM     SMH    MOLCAS    OPER   

 PROGRAMS   *        TOTAL       INT
 CPU TIMES  *        31.80     31.32
 REAL TIME  *        36.90 SEC
 DISK USED  *         3.08 GB      
 GA USED    *         0.00 MB       (max)       0.00 MB       (current)
 **********************************************************************************************************************************


 PROGRAM * RHF-SCF (OPEN SHELL)       Authors: W. Meyer, H.-J. Werner


 NUMBER OF ELECTRONS:      13+   12-    SPACE SYMMETRY=1    SPIN SYMMETRY: Doublet 
 CONVERGENCE THRESHOLDS:    1.00E-05 (Density)    1.00E-07 (Energy)
 MAX. NUMBER OF ITERATIONS:      150
 INTERPOLATION TYPE:            DIIS
 INTERPOLATION STEPS:              2 (START)      1 (STEP)
 LEVEL SHIFTS:                 -0.60 (CLOSED) -0.30 (OPEN) 

 Number of closed-shell orbitals:   12 (   2   3   3   0   3   0   0   1 )
 Number of open-shell orbitals:      1 (   1   0   0   0   0   0   0   0 )


 
 Extra symmetries of mos in symmetry 1:   1   1   3   2
 Extra symmetries of mos in symmetry 2:   1   3   2
 Extra symmetries of mos in symmetry 3:   1   3   2
 Extra symmetries of mos in symmetry 5:   1   3   2
 Guess basis ATOMIC-GUESS,LU=ECP46_GUESS not found. No density guess!


 Molecular orbital dump at record        4202.2

 ITERATION    DDIFF          GRAD             ENERGY        2-EL.EN.            DIPOLE MOMENTS         DIIS   ORB.
    1      0.000D+00      0.000D+00      -160.62119214    597.678950    0.00000    0.00000    0.00000    0    start
    2      0.000D+00      0.470D+00       -81.83120400     70.416632    0.00000    0.00000    0.00000    0    diag,B
    3      0.259D+01      0.278D+00      -164.06279902    590.459220    0.00000    0.00000    0.00000    1    diag,B
    4      0.216D+01      0.456D+00      -186.25711737    536.004163    0.00000    0.00000    0.00000    2    diag,B
    5      0.105D+01      0.305D+00      -202.02210304    475.588342    0.00000    0.00000    0.00000    3    diag,B
    6      0.840D+00      0.166D+00      -209.61716970    410.634166    0.00000    0.00000    0.00000    4    diag,B
    7      0.263D+00      0.359D-01      -210.35102349    382.086567    0.00000    0.00000    0.00000    5    diag,B
    8      0.116D+00      0.131D-01      -210.43231719    381.457553    0.00000    0.00000    0.00000    6    diag,B
    9      0.380D-01      0.600D-02      -210.46990760    381.156091    0.00000    0.00000    0.00000    7    diag,B
   10      0.270D-01      0.158D-02      -210.47798389    380.764736    0.00000    0.00000    0.00000    8    orth
   11      0.107D-01      0.107D-02      -210.48133703    379.840204    0.00000    0.00000    0.00000    9    diag,B
   12      0.969D-02      0.369D-03      -210.48190906    379.700061    0.00000    0.00000    0.00000    9    diag,B
   13      0.302D-02      0.238D-03      -210.48227256    379.658336    0.00000    0.00000    0.00000    9    diag,B
   14      0.142D-02      0.196D-03      -210.48241089    379.639430    0.00000    0.00000    0.00000    9    diag,B
   15      0.221D-03      0.197D-03      -210.48212959    379.649641    0.00000    0.00000    0.00000    9    diag,B
   16      0.475D-03      0.180D-03      -210.48165441    379.635158    0.00000    0.00000    0.00000    9    diag,B
   17      0.800D-03      0.121D-03      -210.48152640    379.602119    0.00000    0.00000    0.00000    9    diag,B
   18      0.140D-02      0.438D-04      -210.48153223    379.598936    0.00000    0.00000    0.00000    9    diag,B
   19      0.274D-03      0.321D-04      -210.48154145    379.593588    0.00000    0.00000    0.00000    9    diag,B
   20      0.103D-03      0.276D-04      -210.48155233    379.594029    0.00000    0.00000    0.00000    9    orth
   21      0.614D-04      0.256D-04      -210.48155638    379.593472    0.00000    0.00000    0.00000    9    diag,B
   22      0.181D-04      0.260D-04      -210.48154692    379.591756    0.00000    0.00000    0.00000    9    diag,B
   23      0.493D-04      0.242D-04      -210.48153548    379.597049    0.00000    0.00000    0.00000    9    diag,B
   24      0.674D-04      0.205D-04      -210.48153100    379.593156    0.00000    0.00000    0.00000    9    diag,B
   25      0.977D-04      0.122D-04      -210.48153064    379.592643    0.00000    0.00000    0.00000    9    diag,B
   26      0.539D-04      0.837D-05      -210.48153138    379.591669    0.00000    0.00000    0.00000    9    diag,B
   27      0.328D-04      0.758D-05      -210.48153237    379.590873    0.00000    0.00000    0.00000    9    diag,B
   28      0.351D-04      0.714D-05      -210.48153388    379.589626    0.00000    0.00000    0.00000    9    diag,B
   29      0.255D-04      0.667D-05      -210.48153784    379.588027    0.00000    0.00000    0.00000    9    diag,B
   30      0.529D-04      0.550D-05      -210.48154062    379.587638    0.00000    0.00000    0.00000    9    orth
   31      0.568D-04      0.464D-05      -210.48154169    379.588444    0.00000    0.00000    0.00000    9    diag,B
   32      0.299D-04      0.448D-05      -210.48154179    379.588417    0.00000    0.00000    0.00000    9    diag,B
   33      0.301D-05      0.454D-05      -210.48154164    379.588809    0.00000    0.00000    0.00000    9    diag,B
   34      0.106D-04      0.412D-05      -210.48154177    379.589393    0.00000    0.00000    0.00000    9    diag,B
   35      0.132D-04      0.330D-05      -210.48154208    379.590227    0.00000    0.00000    0.00000    9    diag,B
   36      0.242D-04      0.217D-05      -210.48154221    379.590625    0.00000    0.00000    0.00000    9    diag,B
   37      0.158D-04      0.163D-05      -210.48154225    379.590874    0.00000    0.00000    0.00000    9    diag,B
   38      0.133D-04      0.994D-06      -210.48154226    379.590774    0.00000    0.00000    0.00000    9    diag,B
   39      0.527D-05      0.717D-06      -210.48154227    379.590748    0.00000    0.00000    0.00000    0    orth

 Final alpha occupancy:   3   3   3   0   3   0   0   1
 Final beta  occupancy:   2   3   3   0   3   0   0   1

 !RHF STATE 1.1 Energy               -210.481542268456
 Nuclear energy                         0.00000000
 One-electron energy                 -400.27691625
 Two-electron energy                  189.79537399
 Virial quotient                       -1.22512417
 !RHF STATE 1.1 Dipole moment           0.00000000     0.00000000     0.00000000
 Dipole moment /Debye                   0.00000000     0.00000000     0.00000000

 ELECTRON ORBITALS
 =================


   Orb  Occ    Energy  Couls-En    Coefficients

                                   1 1s      1 1s      1 1s      1 1s      1 1s      1 1s      1 1s      1 1s      1 1s      1 1s   
                                   1 1s      1 1s      1 1s      1 1s      1 1s      1 1s      1 1s      1 1s      1 1s      1 1s   
                                   1 1s      1 1s      1 1s      1 1s      1 1s      1 1s      1 1s      1 3d0     1 3d2+    1 3d0  
                                   1 3d2+    1 3d0     1 3d2+    1 3d0     1 3d2+    1 3d0     1 3d2+    1 3d0     1 3d2+    1 3d0  
                                   1 3d2+    1 3d0     1 3d2+    1 3d0     1 3d2+    1 3d0     1 3d2+    1 3d0     1 3d2+    1 3d0  
                                   1 3d2+    1 3d0     1 3d2+    1 3d0     1 3d2+    1 3d0     1 3d2+    1 3d0     1 3d2+    1 5g0  
                                   1 5g4+    1 5g2+    1 5g0     1 5g4+    1 5g2+    1 5g0     1 5g4+    1 5g2+    1 5g0     1 5g4+ 
                                   1 5g2+    1 5g0     1 5g4+    1 5g2+    1 5g0     1 5g4+    1 5g2+ 

   1.1   2    -2.8032  -20.8117 -0.000000  0.000000 -0.000000  0.000000 -0.000000  0.000001 -0.000015  0.000023 -0.000373  0.000395
                                -0.000082  0.000590 -0.001095  0.001024 -0.041430  0.045404 -0.107298  0.262954  0.058134 -0.968562
                                 0.217812  0.888115  0.421696 -0.004423  0.009677 -0.002922  0.000654  0.000000  0.000000 -0.000001
                                -0.000000  0.000003  0.000000 -0.000014 -0.000000  0.000062  0.000000 -0.000506 -0.000001  0.001285
                                 0.000002 -0.002095 -0.000003  0.001847  0.000003 -0.001472 -0.000002  0.001537  0.000002  0.006447
                                 0.000008 -0.000862  0.000003 -0.000030  0.000002 -0.000054 -0.000001  0.000018  0.000000 -0.000001
                                -0.000006 -0.000000  0.000001 -0.000003  0.000000 -0.000015 -0.000076 -0.000000  0.000032  0.000051
                                 0.000000  0.000231  0.001222  0.000001  0.000015  0.000121  0.000000

   2.1   2    -0.2090   -7.1293  0.000000 -0.000000  0.000000 -0.000000  0.000000 -0.000001  0.000012 -0.000018  0.000302 -0.000320
                                 0.000067 -0.000490  0.000925 -0.000907  0.056888 -0.062933  0.063577 -0.147360  0.042007  0.292631
                                -0.086400 -0.348737 -0.311829 -0.009987  0.650312  0.546263  0.010501 -0.000000  0.000000  0.000002
                                -0.000000 -0.000012  0.000000  0.000052 -0.000000 -0.000227  0.000001  0.001864 -0.000012 -0.004767
                                 0.000031  0.007861 -0.000051 -0.007005  0.000045  0.005914 -0.000037 -0.005391  0.000035 -0.034072
                                 0.000186 -0.023455  0.000194 -0.003008  0.000116  0.005943 -0.000016 -0.000783  0.000008  0.000001
                                -0.000007 -0.000000 -0.000001  0.000047  0.000000  0.000009 -0.000032 -0.000000 -0.000005  0.000846
                                 0.000000 -0.000301  0.000881  0.000001 -0.000169 -0.000396 -0.000000

   3.1   +    -0.4432  -12.5734 -0.000000  0.000000 -0.000000  0.000000 -0.000000  0.000000 -0.000000  0.000000 -0.000000  0.000000
                                -0.000000  0.000000 -0.000000  0.000000 -0.000025  0.000028 -0.000026  0.000061 -0.000020 -0.000109
                                 0.000031  0.000142  0.000120 -0.000017 -0.000260 -0.000209 -0.000003  0.000000  0.000005 -0.000000
                                -0.000037  0.000000  0.000192 -0.000000 -0.000825  0.000002  0.003579 -0.000015 -0.029318  0.000038
                                 0.074842 -0.000063 -0.122976  0.000056  0.109130 -0.000047 -0.090817  0.000044  0.085894  0.000239
                                 0.462485  0.000232  0.448060  0.000116  0.235494 -0.000025 -0.045321  0.000008  0.016016  0.000000
                                 0.000000  0.000002 -0.000000 -0.000000 -0.000011  0.000000  0.000000  0.000020 -0.000000 -0.000001
                                -0.000460 -0.000001 -0.000004 -0.000181 -0.000000 -0.000002  0.000141

   4.1   0    -0.0456  -11.1229 -0.000000  0.000000 -0.000000  0.000000 -0.000000  0.000000 -0.000000  0.000000 -0.000001  0.000002
                                -0.000000  0.000002 -0.000004  0.000003  0.000139 -0.000159 -0.000910  0.002503  0.001175 -0.012206
                                 0.003425  0.008981  0.012653  0.006782 -0.001442 -0.041455 -0.024563 -0.000004  0.000000  0.000032
                                -0.000000 -0.000167  0.000000  0.000715 -0.000000 -0.003103  0.000002  0.025407 -0.000013 -0.064826
                                 0.000032  0.106421 -0.000053 -0.094321  0.000047  0.077969 -0.000039 -0.072352  0.000036 -0.385602
                                 0.000192 -0.416325  0.000204 -0.352090  0.000171 -0.026426  0.000012 -0.043861  0.000021  0.000012
                                -0.000021  0.000000 -0.000062  0.000104 -0.000000  0.000100 -0.000173  0.000000 -0.001045  0.002155
                                -0.000001 -0.004488  0.005739 -0.000002 -0.004148  0.002695  0.000000

   5.1   0     0.0254   -2.4427  0.000000 -0.000000  0.000000 -0.000000  0.000000 -0.000002  0.000030 -0.000047  0.000767 -0.000812
                                 0.000170 -0.001256  0.002380 -0.002372  0.167865 -0.185552  0.093162 -0.166651  0.154320 -0.192664
                                 0.204006 -0.152789  0.408745 -0.611910  0.800655 -1.817026  1.865658 -0.000000  0.000000  0.000001
                                -0.000000 -0.000004  0.000000  0.000016 -0.000000 -0.000068  0.000000  0.000558 -0.000000 -0.001419
                                 0.000001  0.002317 -0.000001 -0.002040  0.000001  0.001647 -0.000001 -0.001642  0.000001 -0.006402
                                 0.000004 -0.010413  0.000003 -0.012547  0.000002 -0.005274  0.000001  0.027739 -0.000009  0.000001
                                 0.000002  0.000000 -0.000004 -0.000014 -0.000000  0.000005  0.000014  0.000000 -0.000056 -0.000179
                                -0.000000 -0.000246 -0.000709 -0.000001 -0.000243 -0.000544 -0.000000

                                   1 2px     1 2px     1 2px     1 2px     1 2px     1 2px     1 2px     1 2px     1 2px     1 2px  
                                   1 2px     1 2px     1 2px     1 2px     1 2px     1 2px     1 2px     1 2px     1 2px     1 2px  
                                   1 2px     1 2px     1 4f1+    1 4f3+    1 4f1+    1 4f3+    1 4f1+    1 4f3+    1 4f1+    1 4f3+ 
                                   1 4f1+    1 4f3+    1 4f1+    1 4f3+    1 4f1+    1 4f3+    1 4f1+    1 4f3+    1 4f1+    1 4f3+ 
                                   1 4f1+    1 4f3+    1 6h1+    1 6h3+    1 6h5+    1 6h1+    1 6h3+    1 6h5+    1 6h1+    1 6h3+ 
                                   1 6h5+    1 6h1+    1 6h3+    1 6h5+ 

   1.2   2    -1.6863  -17.7420  0.000000 -0.000000  0.000002 -0.000012  0.000078 -0.001618  0.002381 -0.002092  0.010956 -0.018996
                                 0.042173 -2.686371  2.955592 -0.412992  0.226766  0.412315 -0.693670 -0.566858 -0.214797  0.009940
                                -0.009860  0.001993  0.000001  0.000000 -0.000003 -0.000003 -0.000026 -0.000029 -0.001005 -0.001025
                                -0.001291 -0.001400 -0.002363 -0.002861 -0.003748 -0.004803  0.000326 -0.004151  0.000144 -0.001277
                                 0.000012  0.000163  0.000001 -0.000001  0.000007 -0.000002  0.000002 -0.000016  0.000049 -0.000066
                                 0.000408 -0.000003 -0.000028  0.000050

   2.2   2    -0.2881  -17.5592  0.000000 -0.000000  0.000000 -0.000000  0.000002 -0.000036  0.000052 -0.000046  0.000242 -0.000421
                                 0.000945 -0.061630  0.067940 -0.009781  0.005980  0.009945 -0.019809 -0.014959  0.000736  0.015740
                                 0.010525  0.000527  0.000001  0.000003 -0.000047 -0.000158  0.002696  0.009319  0.057548  0.199683
                                 0.088542  0.306879  0.108946  0.378872  0.078944  0.278239  0.032142  0.120146  0.021783  0.083043
                                -0.001659 -0.005543 -0.000000 -0.000002 -0.000000  0.000017  0.000043  0.000004  0.000320  0.000749
                                 0.000084  0.000652  0.001440  0.000038

   3.2   2    -0.2944  -17.5658 -0.000000  0.000000 -0.000000  0.000000 -0.000001  0.000015 -0.000022  0.000019 -0.000101  0.000176
                                -0.000395  0.026023 -0.028712  0.004200 -0.002840 -0.003296  0.008534  0.007624 -0.003245 -0.016589
                                -0.011565 -0.000729  0.000003 -0.000001 -0.000157  0.000042  0.009325 -0.002614  0.199860 -0.056247
                                 0.307179 -0.086352  0.379597 -0.107074  0.279196 -0.079745  0.118641 -0.036113  0.080233 -0.025082
                                -0.005953  0.001573 -0.000002  0.000002 -0.000001  0.000074 -0.000026  0.000015  0.001338 -0.000430
                                 0.000218  0.002559 -0.000617  0.000224

   4.2   0     0.0188   -3.8164  0.000000 -0.000000  0.000000 -0.000001  0.000004 -0.000075  0.000111 -0.000098  0.000534 -0.000947
                                 0.002296 -0.172179  0.191546 -0.030880  0.021195  0.073317 -0.125357 -0.052180 -0.111060  0.215552
                                 0.013504  0.921444  0.000000 -0.000000 -0.000002  0.000004  0.000111 -0.000221  0.002373 -0.004697
                                 0.003645 -0.007230  0.004503 -0.008923  0.002554 -0.006336  0.001610 -0.000345  0.004899  0.000724
                                 0.009620  0.000189  0.000000 -0.000000  0.000001  0.000001 -0.000001 -0.000003  0.000016 -0.000020
                                 0.000047  0.000047 -0.000029  0.000134

   5.2   0     0.0974   -4.2328  0.000000 -0.000000  0.000001 -0.000007  0.000048 -0.000984  0.001447 -0.001266  0.006553 -0.011264
                                 0.024134 -1.421931  1.555152 -0.199547  0.099240 -0.070682  0.066999 -0.358415  0.317479 -0.639926
                                 1.904577 -1.246656  0.000000 -0.000000 -0.000002  0.000005  0.000103 -0.000240  0.002152 -0.005033
                                 0.003330 -0.007770  0.004041 -0.009521  0.002017 -0.006610  0.001494  0.001005  0.009217  0.001918
                                 0.009845  0.004453  0.000000 -0.000000  0.000002  0.000001 -0.000001 -0.000006  0.000018 -0.000026
                                 0.000079  0.000059 -0.000031  0.000180

                                   1 2py     1 2py     1 2py     1 2py     1 2py     1 2py     1 2py     1 2py     1 2py     1 2py  
                                   1 2py     1 2py     1 2py     1 2py     1 2py     1 2py     1 2py     1 2py     1 2py     1 2py  
                                   1 2py     1 2py     1 4f1-    1 4f3-    1 4f1-    1 4f3-    1 4f1-    1 4f3-    1 4f1-    1 4f3- 
                                   1 4f1-    1 4f3-    1 4f1-    1 4f3-    1 4f1-    1 4f3-    1 4f1-    1 4f3-    1 4f1-    1 4f3- 
                                   1 4f1-    1 4f3-    1 6h1-    1 6h3-    1 6h5-    1 6h1-    1 6h3-    1 6h5-    1 6h1-    1 6h3- 
                                   1 6h5-    1 6h1-    1 6h3-    1 6h5- 

   1.3   2    -1.6863  -17.7419  0.000000 -0.000000  0.000002 -0.000012  0.000078 -0.001618  0.002381 -0.002092  0.010956 -0.018996
                                 0.042173 -2.686379  2.955601 -0.412993  0.226767  0.412311 -0.693665 -0.566857 -0.214801  0.009941
                                -0.009860  0.001993  0.000001 -0.000000 -0.000003  0.000003 -0.000026  0.000029 -0.001005  0.001023
                                -0.001289  0.001398 -0.002362  0.002856 -0.003745  0.004797  0.000330  0.004152  0.000145  0.001277
                                 0.000011 -0.000163  0.000001  0.000001  0.000007 -0.000002 -0.000002 -0.000016  0.000049  0.000067
                                 0.000408 -0.000002  0.000028  0.000050

   2.3   2    -0.2881  -17.5592 -0.000000  0.000000 -0.000000  0.000000 -0.000002  0.000036 -0.000052  0.000046 -0.000242  0.000421
                                -0.000944  0.061577 -0.067882  0.009773 -0.005976 -0.009937  0.019797  0.014945 -0.000742 -0.015727
                                -0.010505 -0.000523 -0.000001  0.000003  0.000047 -0.000157 -0.002698  0.009318 -0.057600  0.199669
                                -0.088622  0.306858 -0.109044  0.378846 -0.079014  0.278218 -0.032168  0.120135 -0.021799  0.083035
                                 0.001660 -0.005543  0.000000 -0.000002  0.000000 -0.000017  0.000043 -0.000003 -0.000321  0.000748
                                -0.000081 -0.000653  0.001439 -0.000035

   3.3   2    -0.2944  -17.5657 -0.000000  0.000000 -0.000000  0.000000 -0.000001  0.000015 -0.000022  0.000019 -0.000101  0.000176
                                -0.000396  0.026056 -0.028748  0.004206 -0.002844 -0.003302  0.008549  0.007631 -0.003251 -0.016597
                                -0.011558 -0.000726  0.000003  0.000001 -0.000157 -0.000042  0.009324  0.002616  0.199844  0.056296
                                 0.307156  0.086428  0.379568  0.107169  0.279175  0.079817  0.118637  0.036148  0.080232  0.025107
                                -0.005953 -0.001575 -0.000002 -0.000002 -0.000001  0.000074  0.000026  0.000015  0.001339  0.000431
                                 0.000219  0.002560  0.000620  0.000225

   4.3   0     0.0188   -3.8164 -0.000000  0.000000 -0.000000  0.000001 -0.000004  0.000075 -0.000111  0.000098 -0.000534  0.000947
                                -0.002295  0.172177 -0.191545  0.030880 -0.021195 -0.073318  0.125358  0.052180  0.111059 -0.215553
                                -0.013499 -0.921448 -0.000000 -0.000000  0.000002  0.000004 -0.000111 -0.000221 -0.002373 -0.004693
                                -0.003645 -0.007224 -0.004503 -0.008914 -0.002553 -0.006329 -0.001608 -0.000343 -0.004897  0.000725
                                -0.009619  0.000191 -0.000000 -0.000000 -0.000001 -0.000001 -0.000001  0.000003 -0.000016 -0.000020
                                -0.000047 -0.000047 -0.000029 -0.000134

   5.3   0     0.0974   -4.2329  0.000000 -0.000000  0.000001 -0.000007  0.000048 -0.000984  0.001447 -0.001266  0.006553 -0.011264
                                 0.024134 -1.421931  1.555152 -0.199547  0.099240 -0.070680  0.066996 -0.358415  0.317478 -0.639924
                                 1.904576 -1.246652  0.000000  0.000000 -0.000002 -0.000005  0.000103  0.000240  0.002153  0.005031
                                 0.003332  0.007766  0.004043  0.009516  0.002018  0.006605  0.001491 -0.001006  0.009213 -0.001920
                                 0.009841 -0.004451  0.000000  0.000000  0.000002  0.000001  0.000001 -0.000006  0.000018  0.000026
                                 0.000079  0.000059  0.000031  0.000180

                                   1 3d2-    1 3d2-    1 3d2-    1 3d2-    1 3d2-    1 3d2-    1 3d2-    1 3d2-    1 3d2-    1 3d2- 
                                   1 3d2-    1 3d2-    1 3d2-    1 3d2-    1 3d2-    1 3d2-    1 5g2-    1 5g4-    1 5g2-    1 5g4- 
                                   1 5g2-    1 5g4-    1 5g2-    1 5g4-    1 5g2-    1 5g4-    1 5g2-    1 5g4- 

   1.4   0    -0.0127  -10.7831 -0.000004  0.000031 -0.000162  0.000695 -0.003016  0.024690 -0.062997  0.103421 -0.091664  0.075833
                                -0.071258 -0.372597 -0.400607 -0.363036 -0.055168 -0.083597  0.000010  0.000000 -0.000050 -0.000000
                                 0.000083  0.000000 -0.000890 -0.000000 -0.003452  0.000000 -0.003296  0.000001

   2.4   0     0.0411   -2.2380 -0.000001  0.000006 -0.000034  0.000144 -0.000624  0.005084 -0.012912  0.021006 -0.018428  0.014696
                                -0.015969 -0.050274 -0.090074  0.025703 -0.283858  1.134408  0.000001  0.000000 -0.000007 -0.000000
                                 0.000010  0.000000 -0.000139 -0.000000 -0.000643  0.000000 -0.000085  0.000000

                                   1 2pz     1 2pz     1 2pz     1 2pz     1 2pz     1 2pz     1 2pz     1 2pz     1 2pz     1 2pz  
                                   1 2pz     1 2pz     1 2pz     1 2pz     1 2pz     1 2pz     1 2pz     1 2pz     1 2pz     1 2pz  
                                   1 2pz     1 2pz     1 4f0     1 4f2+    1 4f0     1 4f2+    1 4f0     1 4f2+    1 4f0     1 4f2+ 
                                   1 4f0     1 4f2+    1 4f0     1 4f2+    1 4f0     1 4f2+    1 4f0     1 4f2+    1 4f0     1 4f2+ 
                                   1 4f0     1 4f2+    1 6h2+    1 6h4+    1 6h0     1 6h2+    1 6h4+    1 6h0     1 6h2+    1 6h4+ 
                                   1 6h0     1 6h2+    1 6h4+    1 6h0  

   1.5   2    -1.6938  -17.7724 -0.000000  0.000000 -0.000002  0.000012 -0.000078  0.001617 -0.002379  0.002090 -0.010948  0.018983
                                -0.042147  2.685373 -2.954554  0.412958 -0.226679 -0.415767  0.697246  0.572506  0.209671 -0.013395
                                 0.009492 -0.001987 -0.000001 -0.000000  0.000005  0.000000  0.000042  0.000000  0.001593  0.000001
                                 0.002077  0.000002  0.003888  0.000004  0.006249  0.000006  0.000918  0.000002  0.000219  0.000001
                                -0.000067 -0.000000 -0.000000 -0.000005 -0.000001  0.000000  0.000011  0.000004 -0.000000 -0.000256
                                -0.000059  0.000000 -0.000026  0.000018

   2.5   2    -0.2939  -17.5534  0.000000 -0.000000  0.000000 -0.000000  0.000000 -0.000000  0.000000 -0.000000  0.000000 -0.000001
                                 0.000002 -0.000108  0.000119 -0.000017  0.000008  0.000023 -0.000033 -0.000020 -0.000017 -0.000027
                                -0.000018 -0.000001  0.000000  0.000003 -0.000001 -0.000162  0.000047  0.009667  0.001011  0.207359
                                 0.001554  0.318626  0.001920  0.393939  0.001412  0.290371  0.000601  0.125621  0.000407  0.085825
                                -0.000030 -0.006018 -0.000003 -0.000000 -0.000000  0.000075  0.000000  0.000000  0.001327  0.000003
                                 0.000008  0.002386  0.000003  0.000014

   3.5   2    -0.2949  -17.5856  0.000000 -0.000000  0.000000 -0.000000  0.000000 -0.000006  0.000009 -0.000008  0.000041 -0.000071
                                 0.000158 -0.010101  0.011111 -0.001534  0.000644  0.002740 -0.003260 -0.000923 -0.003002 -0.008966
                                -0.006835 -0.000554  0.000003 -0.000000 -0.000164  0.000001  0.009704 -0.000047  0.207950 -0.001009
                                 0.319638 -0.001551  0.394937 -0.001917  0.290278 -0.001412  0.122921 -0.000609  0.082944 -0.000415
                                -0.006226  0.000029  0.000000 -0.000002 -0.000002 -0.000000  0.000023  0.000079 -0.000006  0.000366
                                 0.001432 -0.000011  0.000334  0.002767

   4.5   0     0.0155   -3.8975  0.000000 -0.000000  0.000000 -0.000001  0.000005 -0.000096  0.000141 -0.000125  0.000670 -0.001181
                                 0.002790 -0.200505  0.222454 -0.034703  0.022952  0.070056 -0.120663 -0.059303 -0.107467  0.204478
                                 0.063807  0.886671  0.000000 -0.000000 -0.000001  0.000000  0.000081 -0.000000  0.001731 -0.000005
                                 0.002656 -0.000007  0.003270 -0.000009  0.001506 -0.000007  0.002028 -0.000001  0.006676  0.000000
                                 0.011666 -0.000001  0.000000  0.000001  0.000000 -0.000000 -0.000002  0.000000  0.000000  0.000030
                                 0.000015  0.000000  0.000088  0.000059

   5.5   0     0.0937   -4.1551  0.000000 -0.000000  0.000001 -0.000007  0.000046 -0.000960  0.001412 -0.001235  0.006393 -0.010989
                                 0.023539 -1.386163  1.515971 -0.194393  0.096547 -0.070933  0.069234 -0.350372  0.305205 -0.618854
                                 1.885480 -1.267509  0.000000 -0.000000 -0.000001  0.000000  0.000060 -0.000000  0.001245 -0.000004
                                 0.001935 -0.000007  0.002310 -0.000008  0.000672 -0.000006  0.002175  0.000001  0.011978  0.000001
                                 0.011802  0.000004  0.000000  0.000001  0.000000 -0.000000 -0.000004 -0.000000  0.000000  0.000049
                                 0.000016  0.000000  0.000113  0.000075

                                   1 3d1+    1 3d1+    1 3d1+    1 3d1+    1 3d1+    1 3d1+    1 3d1+    1 3d1+    1 3d1+    1 3d1+ 
                                   1 3d1+    1 3d1+    1 3d1+    1 3d1+    1 3d1+    1 3d1+    1 5g1+    1 5g3+    1 5g1+    1 5g3+ 
                                   1 5g1+    1 5g3+    1 5g1+    1 5g3+    1 5g1+    1 5g3+    1 5g1+    1 5g3+ 

   1.6   0    -0.0370  -11.0701 -0.000004  0.000032 -0.000166  0.000712 -0.003090  0.025293 -0.064537  0.105945 -0.093899  0.077634
                                -0.072269 -0.383270 -0.413604 -0.355747 -0.033036 -0.050133  0.000010  0.000013 -0.000048 -0.000064
                                 0.000079  0.000102 -0.000783 -0.001325 -0.003618 -0.003589 -0.003672 -0.001723

   2.6   0     0.0402   -2.1651 -0.000001  0.000005 -0.000027  0.000116 -0.000501  0.004078 -0.010345  0.016799 -0.014706  0.011631
                                -0.012943 -0.036146 -0.074097  0.040383 -0.266887  1.130437  0.000001  0.000002 -0.000004 -0.000008
                                 0.000004  0.000013 -0.000089 -0.000153 -0.000577 -0.000372  0.000238 -0.000229

                                   1 3d1-    1 3d1-    1 3d1-    1 3d1-    1 3d1-    1 3d1-    1 3d1-    1 3d1-    1 3d1-    1 3d1- 
                                   1 3d1-    1 3d1-    1 3d1-    1 3d1-    1 3d1-    1 3d1-    1 5g1-    1 5g3-    1 5g1-    1 5g3- 
                                   1 5g1-    1 5g3-    1 5g1-    1 5g3-    1 5g1-    1 5g3-    1 5g1-    1 5g3- 

   1.7   0    -0.0370  -11.0699 -0.000004  0.000032 -0.000166  0.000712 -0.003090  0.025293 -0.064535  0.105943 -0.093897  0.077632
                                -0.072268 -0.383257 -0.413595 -0.355759 -0.033056 -0.050152  0.000010 -0.000013 -0.000048  0.000064
                                 0.000079 -0.000102 -0.000783  0.001322 -0.003616  0.003583 -0.003671  0.001722

   2.7   0     0.0402   -2.1652 -0.000001  0.000005 -0.000027  0.000116 -0.000501  0.004078 -0.010347  0.016802 -0.014708  0.011633
                                -0.012945 -0.036155 -0.074108  0.040371 -0.266892  1.130437  0.000001 -0.000002 -0.000004  0.000008
                                 0.000004 -0.000013 -0.000089  0.000152 -0.000577  0.000371  0.000238  0.000229

                                   1 4f2-    1 4f2-    1 4f2-    1 4f2-    1 4f2-    1 4f2-    1 4f2-    1 4f2-    1 4f2-    1 4f2- 
                                   1 6h4-    1 6h2-    1 6h4-    1 6h2-    1 6h4-    1 6h2-    1 6h4-    1 6h2- 

   1.8   2    -0.2892  -17.6085  0.000004 -0.000168  0.009755  0.208703  0.320899  0.395704  0.289122  0.121094  0.082460 -0.006020
                                -0.000000 -0.000002  0.000000  0.000058  0.000001  0.001058  0.000001  0.002109

   2.8   0     0.1654   -3.1496 -0.000009  0.000067 -0.000727 -0.009142 -0.017958 -0.010799 -0.041263  0.058807 -0.162496  1.072290
                                 0.000000 -0.000001 -0.000000  0.000001 -0.000000 -0.000076  0.000000  0.000121

   3.8   0     0.5152   -5.2425 -0.000025  0.000129  0.001579  0.051714  0.067348  0.114626 -0.059639  0.225446 -1.270475  0.535727
                                -0.000000  0.000006  0.000000 -0.000013  0.000000  0.000425 -0.000000 -0.001587

 HOMO      1.8    -0.289248 =      -7.8708eV
 LUMO      4.1    -0.045616 =      -1.2413eV
 LUMO-HOMO         0.243632 =       6.6296eV


 **********************************************************************************************************************************
 DATASETS  * FILE   NREC   LENGTH (MB)   RECORD NAMES
              1      19       20.73       500      610      700      900      950      970     1000      129      960     1100   
                                          VAR    BASINP    GEOM    SYMINP    ZMAT    AOBASIS   BASIS     P2S    ABASIS      S 
                                         1400     1410     1420     1200     1210     1080     1600     1650     1700   
                                           T        V       ECP      H0       H01     AOSYM     SMH    MOLCAS    OPER   

              2       5        5.89       200      700     1000      520     4202   
                                        OPTIONS   GEOM     BASIS   MCVARS     RHF  

 PROGRAMS   *        TOTAL       RHF       INT
 CPU TIMES  *        34.27      2.47     31.32
 REAL TIME  *        39.87 SEC
 DISK USED  *         3.40 GB      
 SF USED    *         0.07 MB      
 GA USED    *         0.00 MB       (max)       0.00 MB       (current)
 **********************************************************************************************************************************


 PROGRAM * POP (Mulliken population analysis)

 
 Density matrix read from record         4202.2  Type=RHF/CHARGE (state 1.1)
 
 Population analysis by basis function type

 Unique atom        s        p        d        f        g    Total    Charge
   1  LU      3.99337  6.00586  1.00662 13.99402  0.00001 25.00000  + 0.00000


 **********************************************************************************************************************************
 DATASETS  * FILE   NREC   LENGTH (MB)   RECORD NAMES
              1      19       20.73       500      610      700      900      950      970     1000      129      960     1100   
                                          VAR    BASINP    GEOM    SYMINP    ZMAT    AOBASIS   BASIS     P2S    ABASIS      S 
                                         1400     1410     1420     1200     1210     1080     1600     1650     1700   
                                           T        V       ECP      H0       H01     AOSYM     SMH    MOLCAS    OPER   

              2       5        5.89       200      700     1000      520     4202   
                                        OPTIONS   GEOM     BASIS   MCVARS     RHF  

 PROGRAMS   *        TOTAL       POP       RHF       INT
 CPU TIMES  *        34.27      0.00      2.47     31.32
 REAL TIME  *        39.88 SEC
 DISK USED  *         3.40 GB      
 SF USED    *         0.07 MB      
 GA USED    *         0.00 MB       (max)       0.00 MB       (current)
 **********************************************************************************************************************************


 PROGRAM * MULTI (Direct Multiconfiguration SCF)       Authors: P.J. Knowles, H.-J. Werner (1984)     S.T. Elbert (1988)


 Number of closed-shell orbitals:  12 (   2   3   3   0   3   0   0   1 )
 Number of active  orbitals:        5 (   2   0   0   1   0   1   1   0 )
 Number of external orbitals:     324 (  73  51  51  27  51  27  27  17 )

 State symmetry 1

 Number of electrons:     1    Spin symmetry=Doublet   Space symmetry=1
 Number of states:        2
 Number of CSFs:          2   (2 determinants, 5 intermediate states)

 State symmetry 2

 Number of electrons:     1    Spin symmetry=Doublet   Space symmetry=4
 Number of states:        1
 Number of CSFs:          1   (1 determinants, 5 intermediate states)

 State symmetry 3

 Number of electrons:     1    Spin symmetry=Doublet   Space symmetry=6
 Number of states:        1
 Number of CSFs:          1   (1 determinants, 5 intermediate states)

 State symmetry 4

 Number of electrons:     1    Spin symmetry=Doublet   Space symmetry=7
 Number of states:        1
 Number of CSFs:          1   (1 determinants, 5 intermediate states)

 Molecular orbitals read from record     4202.2  Type=RHF/CANONICAL (state 1.1)
 *** IN SYMMETRY 1 ORBITAL  1 SYMMETRY CONTAMINATION OF 0.591D-02 HAS BEEN REMOVED
 *** IN SYMMETRY 1 ORBITAL  2 SYMMETRY CONTAMINATION OF 0.379D-01 HAS BEEN REMOVED
 *** IN SYMMETRY 1 ORBITAL  3 SYMMETRY CONTAMINATION OF 0.160D-02 HAS BEEN REMOVED
 *** IN SYMMETRY 1 ORBITAL  4 SYMMETRY CONTAMINATION OF 0.763D-01 HAS BEEN REMOVED

 EXTRA SYMMETRY OF MOS IN SYMMETRY 1:   1 1 3 2 1 2 3 3 2 1   3 2 1 4 6 5 2 3 1 4   6 5 4 6 5 1 2 3 1 4   6 5 2 3 1 4 6 5 2 3
                                        1 2 3 4 6 5 1 2 3 1   2 3 1 2 3 1 1 2 3 1   2 3 1 1 2 3 1 2 3 1   1 1 1 1 1 1 1
 *** IN SYMMETRY 2 ORBITAL  1 SYMMETRY CONTAMINATION OF 0.305D-02 HAS BEEN REMOVED
 *** IN SYMMETRY 2 ORBITAL  2 SYMMETRY CONTAMINATION OF 0.308D+00 HAS BEEN REMOVED
 *** IN SYMMETRY 2 ORBITAL  3 SYMMETRY CONTAMINATION OF 0.272D+00 HAS BEEN REMOVED
 EXTRA SYMMETRY OF MOS IN SYMMETRY 2:   1 3 2 1 1 2 3 1 2 3   1 2 3 4 5 6 2 3 1 2   3 4 5 6 1 1 2 3 4 5   6 1 2 3 4 5 6 1 1 1
                                        2 3 1 1 2 3 1 1 1 1   1 1 1 1
 *** IN SYMMETRY 3 ORBITAL  1 SYMMETRY CONTAMINATION OF 0.304D-02 HAS BEEN REMOVED
 *** IN SYMMETRY 3 ORBITAL  2 SYMMETRY CONTAMINATION OF 0.308D+00 HAS BEEN REMOVED
 *** IN SYMMETRY 3 ORBITAL  3 SYMMETRY CONTAMINATION OF 0.272D+00 HAS BEEN REMOVED
 EXTRA SYMMETRY OF MOS IN SYMMETRY 3:   1 3 2 1 1 2 3 1 2 3   1 2 3 4 5 6 2 3 1 2   3 4 5 6 1 1 2 3 4 5   6 1 2 3 4 5 6 1 1 1
                                        2 3 1 1 2 3 1 1 1 1   1 1 1 1
 *** IN SYMMETRY 4 ORBITAL  1 SYMMETRY CONTAMINATION OF 0.453D-02 HAS BEEN REMOVED
 EXTRA SYMMETRY OF MOS IN SYMMETRY 4:   1 1 1 1 2 3 1 2 3 2   3 1 2 3 1 2 3 1 1 2   3 1 1 1 1 1 1 1
 *** IN SYMMETRY 5 ORBITAL  1 SYMMETRY CONTAMINATION OF 0.186D-02 HAS BEEN REMOVED
 *** IN SYMMETRY 5 ORBITAL  2 SYMMETRY CONTAMINATION OF 0.773D-02 HAS BEEN REMOVED
 *** IN SYMMETRY 5 ORBITAL  3 SYMMETRY CONTAMINATION OF 0.414D-01 HAS BEEN REMOVED
 EXTRA SYMMETRY OF MOS IN SYMMETRY 5:   1 3 2 1 1 2 3 1 2 3   1 3 2 6 4 5 2 3 1 2   3 6 4 5 1 1 2 3 6 4   5 1 2 3 6 4 5 1 1 1
                                        2 3 1 1 2 3 1 1 1 1   1 1 1 1
 *** IN SYMMETRY 6 ORBITAL  1 SYMMETRY CONTAMINATION OF 0.887D-02 HAS BEEN REMOVED
 EXTRA SYMMETRY OF MOS IN SYMMETRY 6:   1 1 1 1 2 3 1 2 3 2   3 1 2 3 1 2 3 1 1 2   3 1 1 1 1 1 1 1
 *** IN SYMMETRY 7 ORBITAL  1 SYMMETRY CONTAMINATION OF 0.886D-02 HAS BEEN REMOVED
 EXTRA SYMMETRY OF MOS IN SYMMETRY 7:   1 1 1 1 2 3 1 2 3 2   3 1 2 3 1 2 3 1 1 2   3 1 1 1 1 1 1 1
 *** IN SYMMETRY 8 ORBITAL  1 SYMMETRY CONTAMINATION OF 0.225D-02 HAS BEEN REMOVED
 EXTRA SYMMETRY OF MOS IN SYMMETRY 8:   1 1 1 1 3 2 1 1 3 2   1 3 2 1 3 2 1 1

 Wavefunction dump at record             5202.2

 Convergence thresholds  0.10E-01 (gradient)  0.10E-05 (energy)  0.10E-02 (step length)

 Weight factors for state symmetry  1:    0.20000   0.20000
 Weight factors for state symmetry  2:    0.20000
 Weight factors for state symmetry  3:    0.20000
 Weight factors for state symmetry  4:    0.20000

 Number of orbital rotations:      853   (     4 Core/Active    622 Core/Virtual   0 Active/Active    227 Active/Virtual)
 Total number of variables:        860


 ITER. MIC  NCI  NEG     ENERGY(VAR)     ENERGY(PROJ)   ENERGY CHANGE     GRAD(0)  GRAD(ORB)   GRAD(CI)     STEP       TIME

   1   49   16    0    -210.46301739    -210.47973329   -0.01671590    0.07619199 0.00000000 0.00000000  0.43D+00      0.68
   2   19   20    0    -210.47970832    -210.47972200   -0.00001368    0.00492899 0.00000000 0.00000000  0.54D-02      1.23
   3   32   28    0    -210.47972202    -210.47972202   -0.00000000    0.00000638 0.00000000 0.00000000  0.80D-05      1.82

 ** WVFN ****  CONVERGENCE REACHED, FINAL GRADIENT:  0.24D-08



 Results for state 1.1
 =====================

 !MCSCF STATE 1.1 Energy             -210.479722016822
 Nuclear energy                         0.00000000
 Kinetic energy                       171.82190951
 One electron energy                 -400.28181990
 Two electron energy                  189.80209788
 Virial ratio                           2.22498768

 !MCSCF STATE 1.1 Dipole moment         0.00000000     0.00000000     0.00000000
 Dipole moment /Debye                   0.00000000     0.00000000     0.00000000

 Results for state 2.1
 =====================

 !MCSCF STATE 2.1 Energy             -210.479722016822
 Nuclear energy                         0.00000000
 Kinetic energy                       171.82190951
 One electron energy                 -400.28181990
 Two electron energy                  189.80209788
 Virial ratio                           2.22498768

 !MCSCF STATE 2.1 Dipole moment         0.00000000     0.00000000     0.00000000
 Dipole moment /Debye                   0.00000000     0.00000000     0.00000000



 Results for state 1.4
 =====================

 !MCSCF STATE 1.4 Energy             -210.479722016822
 Nuclear energy                         0.00000000
 Kinetic energy                       171.82190951
 One electron energy                 -400.28181990
 Two electron energy                  189.80209788
 Virial ratio                           2.22498768

 !MCSCF STATE 1.4 Dipole moment         0.00000000     0.00000000     0.00000000
 Dipole moment /Debye                   0.00000000     0.00000000     0.00000000



 Results for state 1.6
 =====================

 !MCSCF STATE 1.6 Energy             -210.479722016822
 Nuclear energy                         0.00000000
 Kinetic energy                       171.82190951
 One electron energy                 -400.28181990
 Two electron energy                  189.80209788
 Virial ratio                           2.22498768

 !MCSCF STATE 1.6 Dipole moment         0.00000000     0.00000000     0.00000000
 Dipole moment /Debye                   0.00000000     0.00000000     0.00000000



 Results for state 1.7
 =====================

 !MCSCF STATE 1.7 Energy             -210.479722016822
 Nuclear energy                         0.00000000
 Kinetic energy                       171.82190951
 One electron energy                 -400.28181990
 Two electron energy                  189.80209788
 Virial ratio                           2.22498768

 !MCSCF STATE 1.7 Dipole moment         0.00000000     0.00000000     0.00000000
 Dipole moment /Debye                   0.00000000     0.00000000     0.00000000

 State-averaged charge density matrix saved on record  5202.2 (density set 1)


 NATURAL ORBITALS (state averaged)
 =================================

   Orb     Occ        Energy       Coefficients

                                   1 1s      1 1s      1 1s      1 1s      1 1s      1 1s      1 1s      1 1s      1 1s      1 1s   
                                   1 1s      1 1s      1 1s      1 1s      1 1s      1 1s      1 1s      1 1s      1 1s      1 1s   
                                   1 1s      1 1s      1 1s      1 1s      1 1s      1 1s      1 1s      1 3d0     1 3d2+    1 3d0  
                                   1 3d2+    1 3d0     1 3d2+    1 3d0     1 3d2+    1 3d0     1 3d2+    1 3d0     1 3d2+    1 3d0  
                                   1 3d2+    1 3d0     1 3d2+    1 3d0     1 3d2+    1 3d0     1 3d2+    1 3d0     1 3d2+    1 3d0  
                                   1 3d2+    1 3d0     1 3d2+    1 3d0     1 3d2+    1 3d0     1 3d2+    1 3d0     1 3d2+    1 5g0  
                                   1 5g4+    1 5g2+    1 5g0     1 5g4+    1 5g2+    1 5g0     1 5g4+    1 5g2+    1 5g0     1 5g4+ 
                                   1 5g2+    1 5g0     1 5g4+    1 5g2+    1 5g0     1 5g4+    1 5g2+ 

   1.1  2.00000    -2.803006    -0.000000  0.000000 -0.000000  0.000000 -0.000000  0.000001 -0.000015  0.000023 -0.000373  0.000395
                                -0.000082  0.000589 -0.001094  0.001023 -0.041340  0.045305 -0.107237  0.262826  0.058240 -0.968589
                                 0.217785  0.888119  0.421703 -0.004376  0.009666 -0.002918  0.000653  0.000000  0.000000  0.000000
                                 0.000000  0.000000  0.000000  0.000000  0.000000  0.000000  0.000000  0.000000  0.000000  0.000000
                                 0.000000  0.000000  0.000000  0.000000  0.000000  0.000000  0.000000  0.000000  0.000000  0.000000
                                 0.000000  0.000000  0.000000  0.000000  0.000000  0.000000  0.000000  0.000000  0.000000  0.000000
                                 0.000000  0.000000  0.000000  0.000000  0.000000  0.000000  0.000000  0.000000  0.000000  0.000000
                                 0.000000  0.000000  0.000000  0.000000  0.000000  0.000000  0.000000

   2.1  2.00000    -0.208835     0.000000 -0.000000  0.000000 -0.000000  0.000000 -0.000001  0.000012 -0.000018  0.000303 -0.000320
                                 0.000067 -0.000492  0.000927 -0.000909  0.057020 -0.063079  0.063754 -0.147779  0.042065  0.293695
                                -0.086639 -0.350308 -0.312053 -0.009428  0.650654  0.547259  0.010665  0.000000  0.000000  0.000000
                                 0.000000  0.000000  0.000000  0.000000  0.000000  0.000000  0.000000  0.000000  0.000000  0.000000
                                 0.000000  0.000000  0.000000  0.000000  0.000000  0.000000  0.000000  0.000000  0.000000  0.000000
                                 0.000000  0.000000  0.000000  0.000000  0.000000  0.000000  0.000000  0.000000  0.000000  0.000000
                                 0.000000  0.000000  0.000000  0.000000  0.000000  0.000000  0.000000  0.000000  0.000000  0.000000
                                 0.000000  0.000000  0.000000  0.000000  0.000000  0.000000  0.000000

   3.1  0.20000    -0.048329     0.000000  0.000000  0.000000  0.000000  0.000000  0.000000  0.000000  0.000000  0.000000  0.000000
                                 0.000000  0.000000  0.000000  0.000000  0.000000  0.000000  0.000000  0.000000  0.000000  0.000000
                                 0.000000  0.000000  0.000000  0.000000  0.000000  0.000000  0.000000 -0.000005  0.000000  0.000037
                                 0.000000 -0.000192  0.000000  0.000824  0.000000 -0.003578  0.000000  0.029305  0.000000 -0.074812
                                 0.000000  0.122933  0.000000 -0.109097  0.000000  0.090824  0.000000 -0.086124  0.000000 -0.462857
                                 0.000000 -0.447873  0.000000 -0.235017  0.000000  0.045363  0.000000 -0.016030  0.000000  0.000000
                                 0.000000  0.000000  0.000000  0.000000  0.000000  0.000000  0.000000  0.000000  0.000000  0.000000
                                 0.000000  0.000000  0.000000  0.000000  0.000000  0.000000  0.000000

   4.1  0.20000    -0.048329     0.000000  0.000000  0.000000  0.000000  0.000000  0.000000  0.000000  0.000000  0.000000  0.000000
                                 0.000000  0.000000  0.000000  0.000000  0.000000  0.000000  0.000000  0.000000  0.000000  0.000000
                                 0.000000  0.000000  0.000000  0.000000  0.000000  0.000000  0.000000  0.000000  0.000005  0.000000
                                -0.000037  0.000000  0.000192  0.000000 -0.000824  0.000000  0.003578  0.000000 -0.029305  0.000000
                                 0.074812  0.000000 -0.122933  0.000000  0.109097  0.000000 -0.090824  0.000000  0.086124  0.000000
                                 0.462857  0.000000  0.447873  0.000000  0.235017  0.000000 -0.045363  0.000000  0.016030  0.000000
                                 0.000000  0.000000  0.000000  0.000000  0.000000  0.000000  0.000000  0.000000  0.000000  0.000000
                                 0.000000  0.000000  0.000000  0.000000  0.000000  0.000000  0.000000

                                   1 2px     1 2px     1 2px     1 2px     1 2px     1 2px     1 2px     1 2px     1 2px     1 2px  
                                   1 2px     1 2px     1 2px     1 2px     1 2px     1 2px     1 2px     1 2px     1 2px     1 2px  
                                   1 2px     1 2px     1 4f1+    1 4f3+    1 4f1+    1 4f3+    1 4f1+    1 4f3+    1 4f1+    1 4f3+ 
                                   1 4f1+    1 4f3+    1 4f1+    1 4f3+    1 4f1+    1 4f3+    1 4f1+    1 4f3+    1 4f1+    1 4f3+ 
                                   1 4f1+    1 4f3+    1 6h1+    1 6h3+    1 6h5+    1 6h1+    1 6h3+    1 6h5+    1 6h1+    1 6h3+ 
                                   1 6h5+    1 6h1+    1 6h3+    1 6h5+ 

   1.2  2.00000    -1.688406     0.000000 -0.000000  0.000002 -0.000012  0.000078 -0.001618  0.002380 -0.002091  0.010953 -0.018992
                                 0.042164 -2.686024  2.955230 -0.412978  0.226729  0.413519 -0.694899 -0.568764 -0.213154  0.011086
                                -0.009741  0.001990  0.000000  0.000000  0.000000  0.000000  0.000000  0.000000  0.000000  0.000000
                                 0.000000  0.000000  0.000000  0.000000  0.000000  0.000000  0.000000  0.000000  0.000000  0.000000
                                 0.000000  0.000000  0.000000  0.000000  0.000000  0.000000  0.000000  0.000000  0.000000  0.000000
                                 0.000000  0.000000  0.000000  0.000000

   2.2  2.00000    -0.291700     0.000000  0.000000  0.000000  0.000000  0.000000  0.000000  0.000000  0.000000  0.000000  0.000000
                                 0.000000  0.000000  0.000000  0.000000  0.000000  0.000000  0.000000  0.000000  0.000000  0.000000
                                 0.000000  0.000000  0.000000  0.000003  0.000000 -0.000164  0.000000  0.009699  0.000000  0.207854
                                 0.000000  0.319466  0.000000  0.394618  0.000000  0.289933  0.000000  0.123903  0.000000  0.084595
                                 0.000000 -0.006008  0.000000  0.000000  0.000000  0.000000  0.000000  0.000000  0.000000  0.000000
                                 0.000000  0.000000  0.000000  0.000000

   3.2  2.00000    -0.291700     0.000000  0.000000  0.000000  0.000000  0.000000  0.000000  0.000000  0.000000  0.000000  0.000000
                                 0.000000  0.000000  0.000000  0.000000  0.000000  0.000000  0.000000  0.000000  0.000000  0.000000
                                 0.000000  0.000000  0.000003  0.000000 -0.000164  0.000000  0.009699  0.000000  0.207854  0.000000
                                 0.319466  0.000000  0.394618  0.000000  0.289933  0.000000  0.123903  0.000000  0.084595  0.000000
                                -0.006008  0.000000  0.000000  0.000000  0.000000  0.000000  0.000000  0.000000  0.000000  0.000000
                                 0.000000  0.000000  0.000000  0.000000

                                   1 2py     1 2py     1 2py     1 2py     1 2py     1 2py     1 2py     1 2py     1 2py     1 2py  
                                   1 2py     1 2py     1 2py     1 2py     1 2py     1 2py     1 2py     1 2py     1 2py     1 2py  
                                   1 2py     1 2py     1 4f1-    1 4f3-    1 4f1-    1 4f3-    1 4f1-    1 4f3-    1 4f1-    1 4f3- 
                                   1 4f1-    1 4f3-    1 4f1-    1 4f3-    1 4f1-    1 4f3-    1 4f1-    1 4f3-    1 4f1-    1 4f3- 
                                   1 4f1-    1 4f3-    1 6h1-    1 6h3-    1 6h5-    1 6h1-    1 6h3-    1 6h5-    1 6h1-    1 6h3- 
                                   1 6h5-    1 6h1-    1 6h3-    1 6h5- 

   1.3  2.00000    -1.688406     0.000000 -0.000000  0.000002 -0.000012  0.000078 -0.001618  0.002380 -0.002091  0.010953 -0.018992
                                 0.042164 -2.686024  2.955230 -0.412978  0.226729  0.413519 -0.694899 -0.568764 -0.213154  0.011086
                                -0.009741  0.001990  0.000000  0.000000  0.000000  0.000000  0.000000  0.000000  0.000000  0.000000
                                 0.000000  0.000000  0.000000  0.000000  0.000000  0.000000  0.000000  0.000000  0.000000  0.000000
                                 0.000000  0.000000  0.000000  0.000000  0.000000  0.000000  0.000000  0.000000  0.000000  0.000000
                                 0.000000  0.000000  0.000000  0.000000

   2.3  2.00000    -0.291700     0.000000  0.000000  0.000000  0.000000  0.000000  0.000000  0.000000  0.000000  0.000000  0.000000
                                 0.000000  0.000000  0.000000  0.000000  0.000000  0.000000  0.000000  0.000000  0.000000  0.000000
                                 0.000000  0.000000  0.000000  0.000003  0.000000 -0.000164  0.000000  0.009699  0.000000  0.207854
                                 0.000000  0.319466  0.000000  0.394618  0.000000  0.289933  0.000000  0.123903  0.000000  0.084595
                                 0.000000 -0.006008  0.000000  0.000000  0.000000  0.000000  0.000000  0.000000  0.000000  0.000000
                                 0.000000  0.000000  0.000000  0.000000

   3.3  2.00000    -0.291700     0.000000  0.000000  0.000000  0.000000  0.000000  0.000000  0.000000  0.000000  0.000000  0.000000
                                 0.000000  0.000000  0.000000  0.000000  0.000000  0.000000  0.000000  0.000000  0.000000  0.000000
                                 0.000000  0.000000  0.000003  0.000000 -0.000164  0.000000  0.009699  0.000000  0.207854  0.000000
                                 0.319466  0.000000  0.394618  0.000000  0.289933  0.000000  0.123903  0.000000  0.084595  0.000000
                                -0.006008  0.000000  0.000000  0.000000  0.000000  0.000000  0.000000  0.000000  0.000000  0.000000
                                 0.000000  0.000000  0.000000  0.000000

                                   1 3d2-    1 3d2-    1 3d2-    1 3d2-    1 3d2-    1 3d2-    1 3d2-    1 3d2-    1 3d2-    1 3d2- 
                                   1 3d2-    1 3d2-    1 3d2-    1 3d2-    1 3d2-    1 3d2-    1 5g2-    1 5g4-    1 5g2-    1 5g4- 
                                   1 5g2-    1 5g4-    1 5g2-    1 5g4-    1 5g2-    1 5g4-    1 5g2-    1 5g4- 

   1.4  0.20000    -0.048329    -0.000005  0.000037 -0.000192  0.000824 -0.003578  0.029305 -0.074812  0.122933 -0.109097  0.090824
                                -0.086124 -0.462857 -0.447873 -0.235017  0.045363 -0.016030  0.000000  0.000000  0.000000  0.000000
                                 0.000000  0.000000  0.000000  0.000000  0.000000  0.000000  0.000000  0.000000

                                   1 2pz     1 2pz     1 2pz     1 2pz     1 2pz     1 2pz     1 2pz     1 2pz     1 2pz     1 2pz  
                                   1 2pz     1 2pz     1 2pz     1 2pz     1 2pz     1 2pz     1 2pz     1 2pz     1 2pz     1 2pz  
                                   1 2pz     1 2pz     1 4f0     1 4f2+    1 4f0     1 4f2+    1 4f0     1 4f2+    1 4f0     1 4f2+ 
                                   1 4f0     1 4f2+    1 4f0     1 4f2+    1 4f0     1 4f2+    1 4f0     1 4f2+    1 4f0     1 4f2+ 
                                   1 4f0     1 4f2+    1 6h2+    1 6h4+    1 6h0     1 6h2+    1 6h4+    1 6h0     1 6h2+    1 6h4+ 
                                   1 6h0     1 6h2+    1 6h4+    1 6h0  

   1.5  2.00000    -1.688406    -0.000000  0.000000 -0.000002  0.000012 -0.000078  0.001618 -0.002380  0.002091 -0.010953  0.018992
                                -0.042164  2.686024 -2.955230  0.412978 -0.226729 -0.413519  0.694899  0.568764  0.213154 -0.011086
                                 0.009741 -0.001990  0.000000  0.000000  0.000000  0.000000  0.000000  0.000000  0.000000  0.000000
                                 0.000000  0.000000  0.000000  0.000000  0.000000  0.000000  0.000000  0.000000  0.000000  0.000000
                                 0.000000  0.000000  0.000000  0.000000  0.000000  0.000000  0.000000  0.000000  0.000000  0.000000
                                 0.000000  0.000000  0.000000  0.000000

   2.5  2.00000    -0.291700     0.000000  0.000000  0.000000  0.000000  0.000000  0.000000  0.000000  0.000000  0.000000  0.000000
                                 0.000000  0.000000  0.000000  0.000000  0.000000  0.000000  0.000000  0.000000  0.000000  0.000000
                                 0.000000  0.000000  0.000000  0.000003  0.000000 -0.000164  0.000000  0.009699  0.000000  0.207854
                                 0.000000  0.319466  0.000000  0.394618  0.000000  0.289933  0.000000  0.123903  0.000000  0.084595
                                 0.000000 -0.006008  0.000000  0.000000  0.000000  0.000000  0.000000  0.000000  0.000000  0.000000
                                 0.000000  0.000000  0.000000  0.000000

   3.5  2.00000    -0.291700     0.000000 -0.000000  0.000000 -0.000000  0.000000 -0.000000  0.000000 -0.000000  0.000000 -0.000000
                                 0.000000 -0.000000  0.000000 -0.000000  0.000000  0.000000 -0.000000 -0.000000 -0.000000  0.000000
                                -0.000000  0.000000  0.000003  0.000000 -0.000164  0.000000  0.009699  0.000000  0.207854  0.000000
                                 0.319466  0.000000  0.394618  0.000000  0.289933  0.000000  0.123903  0.000000  0.084595  0.000000
                                -0.006008  0.000000  0.000000  0.000000  0.000000  0.000000  0.000000  0.000000  0.000000  0.000000
                                 0.000000  0.000000  0.000000  0.000000

                                   1 3d1+    1 3d1+    1 3d1+    1 3d1+    1 3d1+    1 3d1+    1 3d1+    1 3d1+    1 3d1+    1 3d1+ 
                                   1 3d1+    1 3d1+    1 3d1+    1 3d1+    1 3d1+    1 3d1+    1 5g1+    1 5g3+    1 5g1+    1 5g3+ 
                                   1 5g1+    1 5g3+    1 5g1+    1 5g3+    1 5g1+    1 5g3+    1 5g1+    1 5g3+ 

   1.6  0.20000    -0.048329    -0.000005  0.000037 -0.000192  0.000824 -0.003578  0.029305 -0.074812  0.122933 -0.109097  0.090824
                                -0.086124 -0.462857 -0.447873 -0.235017  0.045363 -0.016030  0.000000  0.000000  0.000000  0.000000
                                 0.000000  0.000000  0.000000  0.000000  0.000000  0.000000  0.000000  0.000000

                                   1 3d1-    1 3d1-    1 3d1-    1 3d1-    1 3d1-    1 3d1-    1 3d1-    1 3d1-    1 3d1-    1 3d1- 
                                   1 3d1-    1 3d1-    1 3d1-    1 3d1-    1 3d1-    1 3d1-    1 5g1-    1 5g3-    1 5g1-    1 5g3- 
                                   1 5g1-    1 5g3-    1 5g1-    1 5g3-    1 5g1-    1 5g3-    1 5g1-    1 5g3- 

   1.7  0.20000    -0.048329    -0.000005  0.000037 -0.000192  0.000824 -0.003578  0.029305 -0.074812  0.122933 -0.109097  0.090824
                                -0.086124 -0.462857 -0.447873 -0.235017  0.045363 -0.016030  0.000000  0.000000  0.000000  0.000000
                                 0.000000  0.000000  0.000000  0.000000  0.000000  0.000000  0.000000  0.000000

                                   1 4f2-    1 4f2-    1 4f2-    1 4f2-    1 4f2-    1 4f2-    1 4f2-    1 4f2-    1 4f2-    1 4f2- 
                                   1 6h4-    1 6h2-    1 6h4-    1 6h2-    1 6h4-    1 6h2-    1 6h4-    1 6h2- 

   1.8  2.00000    -0.291700     0.000003 -0.000164  0.009699  0.207854  0.319466  0.394618  0.289933  0.123903  0.084595 -0.006008
                                 0.000000  0.000000  0.000000  0.000000  0.000000  0.000000  0.000000  0.000000
 

 EXTRA SYMMETRY OF MOS IN SYMMETRY 1:   1 1 2 3 1 2 3 3 2 1   3 2 1 5 4 6 3 2 1 5   6 4 4 6 5 1 2 3 1 5   4 6 3 2 1 6 5 4 3 2
                                        1 3 2 4 6 5 1 2 3 1   2 3 1 2 3 1 1 2 3 1   2 3 1 1 3 2 1 2 3 1   1 1 1 1 1 1 1
 EXTRA SYMMETRY OF MOS IN SYMMETRY 2:   1 3 2 1 1 3 2 1 3 2   1 3 2 4 5 6 2 3 1 3   2 6 5 4 1 1 2 3 6 5   4 1 2 3 5 4 6 1 1 1
                                        2 3 1 1 2 3 1 1 1 1   1 1 1 1
 EXTRA SYMMETRY OF MOS IN SYMMETRY 3:   1 3 2 1 1 2 3 1 3 2   1 2 3 5 6 4 3 2 1 2   3 5 6 4 1 1 2 3 6 4   5 1 2 3 6 5 4 1 1 1
                                        2 3 1 1 3 2 1 1 1 1   1 1 1 1
 EXTRA SYMMETRY OF MOS IN SYMMETRY 4:   1 1 1 1 3 2 1 3 2 3   2 1 3 2 1 2 3 1 1 2   3 1 1 1 1 1 1 1
 EXTRA SYMMETRY OF MOS IN SYMMETRY 5:   1 3 2 1 1 2 3 1 3 2   1 3 2 6 4 5 3 2 1 3   2 6 5 4 1 1 3 2 6 4   5 1 2 3 6 4 5 1 1 1
                                        2 3 1 1 2 3 1 1 1 1   1 1 1 1
 EXTRA SYMMETRY OF MOS IN SYMMETRY 6:   1 1 1 1 3 2 1 2 3 2   3 1 3 2 1 3 2 1 1 3   2 1 1 1 1 1 1 1
 EXTRA SYMMETRY OF MOS IN SYMMETRY 7:   1 1 1 1 2 3 1 2 3 2   3 1 2 3 1 2 3 1 1 3   2 1 1 1 1 1 1 1
 EXTRA SYMMETRY OF MOS IN SYMMETRY 8:   1 1 1 1 2 3 1 1 3 2   1 3 2 1 2 3 1 1

 Natural orbital dump (state averaged) at molpro section  5202.2    (Orbital set 2)


 CI vector for state symmetry 1
 ==============================

 0a 0 0 0         -0.1331075   0.9911016
 a0 0 0 0          0.9911016   0.1331075

 TOTAL ENERGIES                      -210.47972202  -210.47972202

 CI vector for state symmetry 2
 ==============================

 00 a 0 0          1.0000000

 TOTAL ENERGIES                      -210.47972202

 CI vector for state symmetry 3
 ==============================

 00 0 a 0          1.0000000

 TOTAL ENERGIES                      -210.47972202

 CI vector for state symmetry 4
 ==============================

 00 0 0 a          1.0000000

 TOTAL ENERGIES                      -210.47972202



 **********************************************************************************************************************************
 DATASETS  * FILE   NREC   LENGTH (MB)   RECORD NAMES
              1      20       48.44       500      610      700      900      950      970     1000      129      960     1100   
                                          VAR    BASINP    GEOM    SYMINP    ZMAT    AOBASIS   BASIS     P2S    ABASIS      S 
                                         1400     1410     1420     1200     1210     1080     1600     1650     1700     1380   
                                           T        V       ECP      H0       H01     AOSYM     SMH    MOLCAS    OPER     JKOP   

              2       6        9.02       200      700     1000      520     4202     5202   
                                        OPTIONS   GEOM     BASIS   MCVARS     RHF     MCSCF   

 PROGRAMS   *        TOTAL     MULTI       POP       RHF       INT
 CPU TIMES  *        36.67      2.39      0.00      2.47     31.32
 REAL TIME  *        43.93 SEC
 DISK USED  *         3.40 GB      
 SF USED    *       100.50 MB      
 GA USED    *         0.00 MB       (max)       0.00 MB       (current)
 **********************************************************************************************************************************


 PROGRAM * RHF-SCF (OPEN SHELL)       Authors: W. Meyer, H.-J. Werner


 NUMBER OF ELECTRONS:      13+   12-    SPACE SYMMETRY=1    SPIN SYMMETRY: Doublet 
 CONVERGENCE THRESHOLDS:    1.00E-05 (Density)    1.00E-07 (Energy)
 MAX. NUMBER OF ITERATIONS:        0
 INTERPOLATION TYPE:            DIIS
 INTERPOLATION STEPS:              2 (START)      1 (STEP)
 LEVEL SHIFTS:                 -0.60 (CLOSED) -0.30 (OPEN) 

 Number of closed-shell orbitals:   12 (   2   3   3   0   3   0   0   1 )
 Number of open-shell orbitals:      1 (   1   0   0   0   0   0   0   0 )


 Molecular orbitals read from record     5202.2  Type=MCSCF/NATURAL (state averaged)

 Molecular orbital dump at record        2101.2

 ITERATION    DDIFF          GRAD             ENERGY        2-EL.EN.            DIPOLE MOMENTS         DIIS   ORB.
    1      0.000D+00      0.000D+00      -210.47972202    379.604196    0.00000    0.00000    0.00000    0    start

 Final alpha occupancy:   3   3   3   0   3   0   0   1
 Final beta  occupancy:   2   3   3   0   3   0   0   1

 !RHF STATE 1.1 Energy               -210.479722016812
 Nuclear energy                         0.00000000
 One-electron energy                 -400.28181990
 Two-electron energy                  189.80209788
 Virial quotient                       -1.22498768
 !RHF STATE 1.1 Dipole moment           0.00000000     0.00000000     0.00000000
 Dipole moment /Debye                   0.00000000     0.00000000     0.00000000

 Orbital energies:

         1.1          2.1          3.1          4.1          5.1
     -2.803006    -0.208835    -0.048329    -0.048329     0.025680

         1.2          2.2          3.2          4.2          5.2
     -1.688406    -0.291700    -0.291700     0.018491     0.097761

         1.3          2.3          3.3          4.3          5.3
     -1.688406    -0.291700    -0.291700     0.018491     0.097761

         1.4          2.4
     -0.048329     0.039875

         1.5          2.5          3.5          4.5          5.5
     -1.688406    -0.291700    -0.291700     0.018491     0.097761

         1.6          2.6
     -0.048329     0.039875

         1.7          2.7
     -0.048329     0.039875

         1.8          2.8          3.8
     -0.291700     0.165552     0.516136

 HOMO      3.1    -0.048329 =      -1.3151eV
 LUMO      4.1    -0.048329 =      -1.3151eV
 LUMO-HOMO        -0.000000 =      -0.0000eV


 **********************************************************************************************************************************
 DATASETS  * FILE   NREC   LENGTH (MB)   RECORD NAMES
              1      20       48.44       500      610      700      900      950      970     1000      129      960     1100   
                                          VAR    BASINP    GEOM    SYMINP    ZMAT    AOBASIS   BASIS     P2S    ABASIS      S 
                                         1400     1410     1420     1200     1210     1080     1600     1650     1700     1380   
                                           T        V       ECP      H0       H01     AOSYM     SMH    MOLCAS    OPER     JKOP   

              2       7       12.44       200      700     1000      520     4202     5202     2101   
                                        OPTIONS   GEOM     BASIS   MCVARS     RHF     MCSCF     RHF  

 PROGRAMS   *        TOTAL       RHF     MULTI       POP       RHF       INT
 CPU TIMES  *        36.74      0.07      2.39      0.00      2.47     31.32
 REAL TIME  *        44.05 SEC
 DISK USED  *         3.40 GB      
 SF USED    *       100.50 MB      
 GA USED    *         0.00 MB       (max)       0.00 MB       (current)
 **********************************************************************************************************************************
 SETTING SCF(1)         =      -210.47972202  AU                              
 SETTING _CC_NORM_MAX   =         2.00000000                                  


 PROGRAM * CCSD (Restricted open-shell coupled cluster)     Authors: C. Hampel, H.-J. Werner, 1991, M. Deegan, P.J. Knowles, 1992


 Convergence thresholds:  THRVAR = 1.00D-08  THRDEN = 1.00D-06

 CCSD(T)     terms to be evaluated (factor= 1.000)


 Number of closed-shell orbitals:  12 (   2   3   3   0   3   0   0   1 )
 Number of active  orbitals:        1 (   1   0   0   0   0   0   0   0 )
 Number of external orbitals:     328 (  74  51  51  28  51  28  28  17 )

 Memory could be reduced to 100.04 Mwords without degradation in triples

 Number of N-1 electron functions:              25
 Number of N-2 electron functions:             300
 Number of singly external CSFs:              1327
 Number of doubly external CSFs:           3141098
 Total number of CSFs:                     3142425

 Molecular orbitals read from record     2101.2  Type=RHF/CANONICAL (state 1.1)

 Integral transformation finished. Total CPU:   2.08 sec, npass=  1  Memory used:  19.50 MW

 Starting RMP2 calculation

 Wavefunction is spin-projected

 ITER.      SQ.NORM     CORR.ENERGY   TOTAL ENERGY   ENERGY CHANGE        DEN1      VAR(S)    VAR(P)  DIIS     TIME
   1      1.90720974    -2.70419864  -213.18392066    -2.70419864    -0.05813957  0.14D-03  0.42D-01  1  1     2.41
   2      2.07003277    -2.77606463  -213.25578665    -0.07186599    -0.00462030  0.40D-04  0.41D-02  2  2     2.71
   3      2.15151330    -2.79809703  -213.27781905    -0.02203240    -0.00013635  0.84D-05  0.89D-04  3  3     3.06
   4      2.15846022    -2.79908194  -213.27880396    -0.00098491    -0.00000671  0.24D-05  0.38D-05  4  4     3.44
   5      2.15881855    -2.79911515  -213.27883717    -0.00003321    -0.00000082  0.67D-06  0.28D-06  5  5     3.85
   6      2.15895596    -2.79913176  -213.27885378    -0.00001661    -0.00000010  0.10D-06  0.17D-07  6  6     4.30
   7      2.15900792    -2.79913801  -213.27886002    -0.00000625    -0.00000001  0.82D-08  0.29D-08  6  1     4.72
   8      2.15901752    -2.79913938  -213.27886140    -0.00000137    -0.00000000  0.48D-09  0.55D-09  6  2     5.16
   9      2.15901921    -2.79913939  -213.27886140    -0.00000000    -0.00000000  0.23D-10  0.70D-10  6  3     5.63

 Norm of t1 vector:      0.05960966      S-energy:    -0.00415213      T1 diagnostic:  0.00751655
 Norm of t2 vector:      1.07492600      P-energy:    -2.79498726
                                         Alpha-Beta:  -1.83710659
                                         Alpha-Alpha: -0.45892728
                                         Beta-Beta:   -0.49895339

 Spin contamination <S**2-Sz**2-Sz>     0.00000000
  Reference energy                   -210.479722016821
  RHF-RMP2 correlation energy          -2.799139385354
 !RHF-RMP2 energy                    -213.278861402174
 (NB above energy spin projected)

 Starting RCCSD calculation

 ITER.      SQ.NORM     CORR.ENERGY   TOTAL ENERGY   ENERGY CHANGE        DEN1      VAR(S)    VAR(P)  DIIS     TIME
   1      1.27467203    -1.61190882  -212.09163083    -1.61190882    -0.42532704  0.96D-02  0.12D+00  0  0     7.81
   2      1.48326367    -2.02940667  -212.50912868    -0.41749785    -0.09987934  0.31D-02  0.37D-01  0  0     9.70
   3      1.42677973    -1.84985526  -212.32957727     0.17955141    -0.02608591  0.27D-02  0.76D-02  1  1    11.63
   4      1.46847884    -1.91179663  -212.39151865    -0.06194137    -0.00190424  0.51D-03  0.12D-02  2  2    13.63
   5      1.49651967    -1.91681118  -212.39653320    -0.00501455    -0.00104486  0.30D-03  0.68D-03  3  3    15.63
   6      1.55346079    -1.92272752  -212.40244953    -0.00591634    -0.00026569  0.87D-04  0.17D-03  4  4    17.68
   7      1.58165234    -1.92536305  -212.40508507    -0.00263554    -0.00010100  0.56D-04  0.44D-04  5  5    19.80
   8      1.59704195    -1.92636829  -212.40609030    -0.00100523    -0.00005033  0.42D-04  0.13D-04  6  6    21.89
   9      1.60692903    -1.92642566  -212.40614767    -0.00005737    -0.00002606  0.26D-04  0.44D-05  7  7    24.14
  10      1.61340765    -1.92697444  -212.40669645    -0.00054878    -0.00001654  0.16D-04  0.30D-05  8  8    26.38
  11      1.62154223    -1.92705621  -212.40677822    -0.00008177    -0.00000832  0.72D-05  0.19D-05  9  9    28.71
  12      1.62820149    -1.92697579  -212.40669781     0.00008042    -0.00000409  0.28D-05  0.15D-05 10 10    30.95
  13      1.63312931    -1.92719994  -212.40692196    -0.00022415    -0.00000155  0.80D-06  0.73D-06 11 11    33.31
  14      1.63610378    -1.92722672  -212.40694874    -0.00002678    -0.00000055  0.17D-06  0.36D-06 12 12    35.67
  15      1.63706287    -1.92724526  -212.40696728    -0.00001854    -0.00000020  0.47D-07  0.15D-06 13 13    38.05
  16      1.63755161    -1.92725183  -212.40697384    -0.00000657    -0.00000007  0.14D-07  0.50D-07 14 14    40.54
  17      1.63780166    -1.92724349  -212.40696551     0.00000834    -0.00000002  0.72D-08  0.14D-07 15 15    42.98
  18      1.63787175    -1.92724641  -212.40696843    -0.00000292    -0.00000001  0.45D-08  0.39D-08 15  3    45.42
  19      1.63787765    -1.92724746  -212.40696947    -0.00000105    -0.00000000  0.28D-08  0.11D-08 15  1    47.96
  20      1.63788204    -1.92724805  -212.40697006    -0.00000059    -0.00000000  0.15D-08  0.48D-09 15  2    50.45

 Norm of t1 vector:      0.30309856      S-energy:    -0.00565961      T1 diagnostic:  0.04267615
                                                                       D1 diagnostic:  0.15033455
 Norm of t2 vector:      0.73892713      P-energy:    -1.92158844
                                         Alpha-Beta:  -1.38891581
                                         Alpha-Alpha: -0.26248747
                                         Beta-Beta:   -0.27018515

 Singles amplitudes (print threshold =  0.500E-01):

         I         SYM. A    A   T(IA) [Alpha-Alpha]

         2         1         3     -0.06929597
         2         1         8      0.10380974
         2         1        11     -0.05468048
         3         1        10     -0.05012507
 
         I         SYM. A    A   T(IA) [Beta-Beta]

         2         1         1      0.21245218
         2         1         3     -0.06451780
         2         1         8      0.09405140

 Doubles amplitudes (print threshold =  0.500E-01):

         I         J         SYM. A    SYM. B    A         B      T(IJ, AB) [Alpha-Beta]

         2         2         1         1         2         2     -0.07060988
         2         2         4         4         1         1     -0.07060988
         3         2         1         1         2         2     -0.05743236
         3         2         4         4         1         1     -0.05743236
         5         5         1         1         2         2     -0.08170777
         5         5         4         4         1         1     -0.08170777
         6         6         6         6         1         1     -0.09066253
         8         8         1         1         2         2     -0.08170777
         8         8         4         4         1         1     -0.08170777
         9         9         7         7         1         1     -0.09066253
        11        11         1         1         2         2     -0.07003421
        11        11         6         6         1         1     -0.06544805
        11        11         7         7         1         1     -0.06544805
        13        13         4         4         1         1     -0.07003421
        13        13         6         6         1         1     -0.06544805
        13        13         7         7         1         1     -0.06544805

 Spin contamination <S**2-Sz**2-Sz>     0.00000000

 Memory could be reduced to 103.95 Mwords without degradation in triples
 

 RESULTS
 =======

  Reference energy                   -210.479722016821
  RCCSD singles energy                 -0.005659611232
  RCCSD pair energy                    -1.921588435022
  RCCSD correlation energy             -1.927248046254
  Triples (T) contribution             -0.264762161111
  Total correlation energy             -2.192010207365
 
  RHF-RCCSD energy                   -212.406970063075
  RHF-RCCSD[T] energy                -212.682506031527
  RHF-RCCSD-T energy                 -212.669239171993
 !RHF-RCCSD(T) energy                -212.671732224186

 Program statistics:

 Available memory in ccsd:               999998418
 Min. memory needed in ccsd:               8946719
 Max. memory used in ccsd:                12870852
 Max. memory used in cckext:               9842558 (20 integral passes)
 Max. memory used in cckint:              19495575 ( 1 integral passes)



 **********************************************************************************************************************************
 DATASETS  * FILE   NREC   LENGTH (MB)   RECORD NAMES
              1      20       48.44       500      610      700      900      950      970     1000      129      960     1100   
                                          VAR    BASINP    GEOM    SYMINP    ZMAT    AOBASIS   BASIS     P2S    ABASIS      S 
                                         1400     1410     1420     1200     1210     1080     1600     1650     1700     1380   
                                           T        V       ECP      H0       H01     AOSYM     SMH    MOLCAS    OPER     JKOP   

              2       7       12.44       200      700     1000      520     4202     5202     2101   
                                        OPTIONS   GEOM     BASIS   MCVARS     RHF     MCSCF     RHF  

 PROGRAMS   *        TOTAL  RCCSD(T)       RHF     MULTI       POP       RHF       INT
 CPU TIMES  *       144.76    107.68      0.07      2.39      0.00      2.47     31.32
 REAL TIME  *       180.67 SEC
 DISK USED  *        14.66 GB      
 SF USED    *         1.75 GB      
 GA USED    *         0.00 MB       (max)       0.00 MB       (current)
 **********************************************************************************************************************************
 SETTING CCSD(1)        =      -212.67173222  AU                              
 Output type csv         
                                                                                                                                                                                                                                                                

        SCF,CCSD
   -210.4797220,   -212.6717322
                                                  

 RCCSD(T)/USERDEF energy=   -212.671732224186

        RCCSD(T)        RHF-SCF         MULTI           RHF-SCF 
   -212.67173222   -210.47972202   -210.47972202   -210.48154227
 **********************************************************************************************************************************
 Molpro calculation terminated
 Variable memory released
