
 Primary working directories    : /global/cscratch1/sd/aannabe
 Secondary working directories  : /global/cscratch1/sd/aannabe
 Wavefunction directory         : /global/homes/a/aannabe/wfu/
 Main file repository           : /global/cscratch1/sd/aannabe/

 SHA1      : 19cd028119e0e09f93f0674bd8af7968d9b3eff6
 NAME      : 2015.1.36
 ARCHNAME  : linux/x86_64
 FC        : /opt/cray/pe/craype/2.5.14/bin/ftn
 BLASLIB   : -L/opt/intel/compilers_and_libraries_2018.1.163/linux/mkl/lib/intel64 -Wl,-_start-group -lmkl_intel_ilp64 -lmkl_intel_thread -lmkl_core -Wl,-_end-group -liomp5
 id        : lbl

 Nodes     nprocs
 nid00848    11
 Number of processes for MPI-2 version of Molpro:   nprocs(total)=   12   nprocs(compute)=   11   nprocs(helper)=    1

 Using customized tuning parameters: mindgm=7; mindgv=16; mindgc=1; mindgr=1; noblas=0; minvec=7
 default implementation of scratch files=sf  

 ***,atomic
 memory,1,g
 
 gthresh,twoint=1.e-15
 gthresh,oneint=1.e-15
 
 angstrom
 geometry={
 1
 Tb  0.0 0.0 0.0
 }
 
 basis={
 Including file /global/homes/a/aannabe/docs/Tb_project/ccECP/basis_sets/Tb_aug-cc-pwCVTZ.basis
 }
 
 set,dkroll=1,dkho=99,dkhp=2
 
 Including file /global/u1/a/aannabe/docs/Tb_project/ccECP/atoms/AE/9/states.proc
 Including file /global/homes/a/aannabe/docs/Tb_project/ccECP/basis_sets/Tb_con-cc-pVDZ.basis
 Including file /global/homes/a/aannabe/docs/Tb_project/ccECP/basis_sets/Tb_aug-cc-pwCVTZ.basis
 Including file /global/homes/a/aannabe/docs/Tb_project/ccECP/basis_sets/Tb_con-cc-pVDZ.basis
 Including file /global/homes/a/aannabe/docs/Tb_project/ccECP/basis_sets/Tb_aug-cc-pwCVTZ.basis
 Including file /global/homes/a/aannabe/docs/Tb_project/ccECP/basis_sets/Tb_con-cc-pVDZ.basis
 Including file /global/homes/a/aannabe/docs/Tb_project/ccECP/basis_sets/Tb_aug-cc-pwCVTZ.basis
 Including file /global/homes/a/aannabe/docs/Tb_project/ccECP/basis_sets/Tb_con-cc-pVDZ.basis
 Including file /global/homes/a/aannabe/docs/Tb_project/ccECP/basis_sets/Tb_aug-cc-pwCVTZ.basis
 
 do i=9,9
    if (i.eq.1) then
       GS_5s2_5p6_6s2_4f9
    else if (i.eq.2) then
       EX_5s2_5p6_6s2_4f8_5d1
    else if (i.eq.3) then
       EX_5s2_5p6_6s1_4f8_5d2
    else if (i.eq.4) then
       EX_5s2_5p6_6s2_4f8_6p1
    else if (i.eq.5) then
       IP1_5s2_5p6_6s1_4f9
    else if (i.eq.6) then
       IP1_5s2_5p6_6s1_4f8_5d
    else if (i.eq.7) then
       IP1_5s2_5p6_6s2_4f8
    else if (i.eq.8) then
       IP2_5s2_5p6_4f9
    else if (i.eq.9) then
       IP2_5s2_5p6_4f8_5d1
    else if (i.eq.10) then
       IP2_5s2_5p6_6s1_4f8
    else if (i.eq.11) then
       IP3_5s2_5p6_4f8
    else if (i.eq.12) then
       IP3_5s2_5p6_4f7_5d1
    else if (i.eq.13) then
       IP3_5s2_5p6_6s1_4f7
    else if (i.eq.14) then
       IP4_5s2_5p6_4f7
    else if (i.eq.15) then
       IP7_5s2_5p3_4f7
    end if
    scf(i)=energy
    pop
    _CC_NORM_MAX=2.0
    {uccsd(t),shifts=0.2,shiftp=0.2,thrdis=1.0;diis,1,1,15,1;maxit,100;core;
    THRESH,ENERGY=5.e-6,COEFF=1e-3
    }
    ccsd(i)=energy
 enddo
 
 table,scf,ccsd
 save, 3.csv, new
 

 Variables initialized (889), CPU time= 0.00 sec
 Commands  initialized (702), CPU time= 0.01 sec, 572 directives.
 Default parameters read. Elapsed time= 0.12 sec

 Checking input...
 Passed
1


                                         ***  PROGRAM SYSTEM MOLPRO  ***
                                       Copyright, TTI GmbH Stuttgart, 2015
                                    Version 2015.1 linked Dec 29 2018 15:55:43


 **********************************************************************************************************************************
 LABEL *   atomic                                                                        
  64 bit mpp version                                                                     DATE: 09-Feb-22          TIME: 16:10:56  
 **********************************************************************************************************************************

 SHA1:             19cd028119e0e09f93f0674bd8af7968d9b3eff6
 **********************************************************************************************************************************

 THRESHOLDS:

 ZERO    =  1.00D-12  ONEINT  =  1.00D-12  TWOINT  =  1.00D-15  PREFAC  =  1.00D-14  LOCALI  =  1.00D-09  EORDER  =  1.00D-04
 ENERGY  =  0.00D+00  ETEST   =  0.00D+00  EDENS   =  0.00D+00  THRDEDEF=  1.00D-06  GRADIENT=  1.00D-02  STEP    =  1.00D-03
 ORBITAL =  1.00D-05  CIVEC   =  1.00D-05  COEFF   =  1.00D-04  PRINTCI =  5.00D-02  PUNCHCI =  9.90D+01  OPTGRAD =  3.00D-04
 OPTENERG=  1.00D-06  OPTSTEP =  3.00D-04  THRGRAD =  1.00D-10  COMPRESS=  1.00D-11  VARMIN  =  1.00D-07  VARMAX  =  1.00D-03
 THRDOUB =  0.00D+00  THRDIV  =  1.00D-05  THRRED  =  1.00D-07  THRPSP  =  1.00D+00  THRDC   =  1.00D-10  THRCS   =  1.00D-10
 THRNRM  =  1.00D-08  THREQ   =  0.00D+00  THRDE   =  1.00D+00  THRREF  =  1.00D-05  SPARFAC =  1.00D+00  THRDLP  =  1.00D-07
 THRDIA  =  1.00D-10  THRDLS  =  1.00D-07  THRGPS  =  0.00D+00  THRKEX  =  0.00D+00  THRDIS  =  2.00D-01  THRVAR  =  1.00D-10
 THRLOC  =  1.00D-06  THRGAP  =  1.00D-06  THRLOCT = -1.00D+00  THRGAPT = -1.00D+00  THRORB  =  1.00D-06  THRMLTP =  0.00D+00
 THRCPQCI=  1.00D-10  KEXTA   =  0.00D+00  THRCOARS=  0.00D+00  SYMTOL  =  1.00D-06  GRADTOL =  1.00D-06  THROVL  =  1.00D-08
 THRORTH =  1.00D-08  GRID    =  1.00D-06  GRIDMAX =  1.00D-03  DTMAX   =  0.00D+00  THROCCDE=  1.00D-01  THROCCDE=  1.00D-01



 THRESHOLDS:

 ZERO    =  1.00D-12  ONEINT  =  1.00D-15  TWOINT  =  1.00D-15  PREFAC  =  1.00D-14  LOCALI  =  1.00D-09  EORDER  =  1.00D-04
 ENERGY  =  0.00D+00  ETEST   =  0.00D+00  EDENS   =  0.00D+00  THRDEDEF=  1.00D-06  GRADIENT=  1.00D-02  STEP    =  1.00D-03
 ORBITAL =  1.00D-05  CIVEC   =  1.00D-05  COEFF   =  1.00D-04  PRINTCI =  5.00D-02  PUNCHCI =  9.90D+01  OPTGRAD =  3.00D-04
 OPTENERG=  1.00D-06  OPTSTEP =  3.00D-04  THRGRAD =  1.00D-10  COMPRESS=  1.00D-11  VARMIN  =  1.00D-07  VARMAX  =  1.00D-03
 THRDOUB =  0.00D+00  THRDIV  =  1.00D-05  THRRED  =  1.00D-07  THRPSP  =  1.00D+00  THRDC   =  1.00D-10  THRCS   =  1.00D-10
 THRNRM  =  1.00D-08  THREQ   =  0.00D+00  THRDE   =  1.00D+00  THRREF  =  1.00D-05  SPARFAC =  1.00D+00  THRDLP  =  1.00D-07
 THRDIA  =  1.00D-10  THRDLS  =  1.00D-07  THRGPS  =  0.00D+00  THRKEX  =  0.00D+00  THRDIS  =  2.00D-01  THRVAR  =  1.00D-10
 THRLOC  =  1.00D-06  THRGAP  =  1.00D-06  THRLOCT = -1.00D+00  THRGAPT = -1.00D+00  THRORB  =  1.00D-06  THRMLTP =  0.00D+00
 THRCPQCI=  1.00D-10  KEXTA   =  0.00D+00  THRCOARS=  0.00D+00  SYMTOL  =  1.00D-06  GRADTOL =  1.00D-06  THROVL  =  1.00D-08
 THRORTH =  1.00D-08  GRID    =  1.00D-06  GRIDMAX =  1.00D-03  DTMAX   =  0.00D+00  THROCCDE=  1.00D-01  THROCCDE=  1.00D-01


 ZUNIT=ANG
 

Geometry recognized as XYZ


 Variable memory set to 1000000000 words,  buffer space   230000 words

 SETTING BASIS          =    USERDEF
 SETTING DKROLL         =         1.00000000                                  
 SETTING DKHO           =        99.00000000                                  
 SETTING DKHP           =         2.00000000                                  

 DO I                   =         9.00000000   

 Running procedure=IP2_5S2_5P6_4F8_5D1
 SETTING BASIS          =    USERDEF


 Recomputing integrals since basis changed


 Using spherical harmonics



 PROGRAM * SEWARD (Integral evaluation for generally contracted gaussian basis sets)     Author: Roland Lindh, 1990

 Geometry written to block  1 of record 700

 Orientation using atomic masses  
 Molecule type: Atom
 Symmetry elements: X,Y,Z
 Rotational constants:       0.0000000      0.0000000      0.0000000 GHz  (calculated with average atomic masses)

 Point group  D2h 



 ATOMIC COORDINATES

 NR  ATOM    CHARGE       X              Y              Z

   1  TB     65.00    0.000000000    0.000000000    0.000000000

 NUCLEAR CHARGE:                   65
 NUMBER OF PRIMITIVE AOS:         254
 NUMBER OF SYMMETRY AOS:          211
 NUMBER OF CONTRACTIONS:           84   (  21Ag  +  13B3u +  13B2u +   7B1g +  13B1u +   7B2g +   7B3g +   3Au  )
 NUMBER OF CORE ORBITALS:          23   (   8Ag  +   3B3u +   3B2u +   2B1g +   3B1u +   2B2g +   2B3g +   0Au  )
 NUMBER OF VALENCE ORBITALS:       17   (   4Ag  +   3B3u +   3B2u +   1B1g +   3B1u +   1B2g +   1B3g +   1Au  )


 NUCLEAR REPULSION ENERGY    0.00000000

 One-electron integrals computed with SEWARD

 99nd-order Douglas-Kroll-Hess method activated. Exponential DKH parametrization is used.

 Computing Douglas-Kroll / X2C integrals

 AO integral compression algorithm  1   Integral accuracy      1.0D-15

     11.796 MB (compressed) written to integral file ( 87.6%)

     Node minimum: 0.786 MB, node maximum: 1.311 MB


 NUMBER OF SORTED TWO-ELECTRON INTEGRALS:      77187.     BUFFER LENGTH:  32768
 NUMBER OF SEGMENTS:   1  SEGMENT LENGTH:      77187      RECORD LENGTH: 524288

 Memory used in sort:       0.63 MW

 SORT1 READ     1576327. AND WROTE       59948. INTEGRALS IN      1 RECORDS. CPU TIME:     0.04 SEC, REAL TIME:     0.06 SEC
 SORT2 READ      657599. AND WROTE      857253. INTEGRALS IN     55 RECORDS. CPU TIME:     0.00 SEC, REAL TIME:     0.03 SEC

 Node minimum:       69780.  Node maximum:       86333. integrals

 OPERATOR DM      FOR CENTER  0  COORDINATES:    0.000000    0.000000    0.000000

 EXTRA SYMMETRY OF AOS IN SYMMETRY 1:   1 1 1 1 1 1 1 1 2 3   2 3 2 3 2 3 2 3 4 5   6
 EXTRA SYMMETRY OF AOS IN SYMMETRY 2:   1 1 1 1 1 1 1 2 3 2   3 2 3
 EXTRA SYMMETRY OF AOS IN SYMMETRY 3:   1 1 1 1 1 1 1 2 3 2   3 2 3
 EXTRA SYMMETRY OF AOS IN SYMMETRY 4:   1 1 1 1 1 2 3
 EXTRA SYMMETRY OF AOS IN SYMMETRY 5:   1 1 1 1 1 1 1 2 3 2   3 2 3
 EXTRA SYMMETRY OF AOS IN SYMMETRY 6:   1 1 1 1 1 2 3
 EXTRA SYMMETRY OF AOS IN SYMMETRY 7:   1 1 1 1 1 2 3

 Eigenvalues of metric

         1 0.254E-01 0.102E+00 0.102E+00 0.942E+00 0.942E+00 0.986E+00 0.100E+01 0.100E+01
         2 0.679E-02 0.351E+00 0.510E+00 0.510E+00 0.100E+01 0.100E+01 0.100E+01 0.101E+01
         3 0.679E-02 0.351E+00 0.510E+00 0.510E+00 0.100E+01 0.100E+01 0.100E+01 0.101E+01
         4 0.102E+00 0.942E+00 0.100E+01 0.100E+01 0.100E+01 0.100E+01 0.196E+01
         5 0.679E-02 0.351E+00 0.510E+00 0.510E+00 0.100E+01 0.100E+01 0.100E+01 0.101E+01
         6 0.102E+00 0.942E+00 0.100E+01 0.100E+01 0.100E+01 0.100E+01 0.196E+01
         7 0.102E+00 0.942E+00 0.100E+01 0.100E+01 0.100E+01 0.100E+01 0.196E+01
         8 0.510E+00 0.101E+01 0.148E+01


 **********************************************************************************************************************************
 DATASETS  * FILE   NREC   LENGTH (MB)   RECORD NAMES
              1      22       20.11       500      610      700      900      950      970     1000      129      960     1700   
                                          VAR    BASINP    GEOM    SYMINP    ZMAT    AOBASIS   BASIS     P2S    ABASIS    OPER   
                                         1101     1401     1411     1412     1650     1100     1400     1410     1200     1210   
                                          SR      EKINR    POTR     PVPR    MOLCAS      S      EKIN      POT      H0       H01  
                                         1080     1600   
                                         AOSYM     SMH  

 PROGRAMS   *        TOTAL       INT
 CPU TIMES  *         8.60      7.95
 REAL TIME  *         9.68 SEC
 DISK USED  *        52.84 MB      
 GA USED    *         0.00 MB       (max)       0.00 MB       (current)
 **********************************************************************************************************************************


 PROGRAM * RHF-SCF (OPEN SHELL)       Authors: W. Meyer, H.-J. Werner


 NUMBER OF ELECTRONS:      35+   28-    SPACE SYMMETRY=7    SPIN SYMMETRY: Octet   
 CONVERGENCE THRESHOLDS:    1.00E-05 (Density)    1.30E-07 (Energy)
 MAX. NUMBER OF ITERATIONS:      100
 INTERPOLATION TYPE:            DIIS
 INTERPOLATION STEPS:              2 (START)      1 (STEP)
 LEVEL SHIFTS:                 -1.00 (CLOSED) -0.50 (OPEN) 

 Number of closed-shell orbitals:   28 (   9   4   5   2   4   2   2   0 )
 Number of open-shell orbitals:      7 (   0   2   1   1   2   0   0   1 )


 
 Extra symmetries of mos in symmetry 1:   1   1   1   1   3   2   1   3   2   1   3   2
 Orbital guess generated from atomic densities. Full valence occupancy:   10   6   6   2   6   2   2   1


 Molecular orbital dump at record        2111.2

 ITERATION    DDIFF          GRAD             ENERGY        2-EL.EN.            DIPOLE MOMENTS         DIIS   ORB.
    1      0.000D+00      0.000D+00    -11687.89864151   9212.088768    0.00000    0.00000    0.00000    0    start
    2      0.000D+00      0.352D+00    -11658.04229327   7281.834559    0.00000    0.00000    0.00000    1    diag,B
    3      0.335D+01      0.568D+00    -11704.04245945   8615.439498    0.00000    0.00000    0.00000    2    diag,B
    4      0.347D+01      0.373D-01    -11704.27632890   8559.509860    0.00000    0.00000    0.00000    3    diag,B
    5      0.464D-01      0.911D-02    -11704.29688282   8551.212179    0.00000    0.00000    0.00000    4    diag,B
    6      0.767D-02      0.336D-02    -11704.30015383   8554.643671    0.00000    0.00000    0.00000    5    diag,B
    7      0.585D-02      0.751D-03    -11704.30069231   8554.394250    0.00000    0.00000    0.00000    6    diag,B
    8      0.233D-02      0.470D-03    -11704.30091565   8553.482269    0.00000    0.00000    0.00000    7    diag,B
    9      0.128D-02      0.238D-03    -11704.30100564   8553.498494    0.00000    0.00000    0.00000    8    diag,B
   10      0.376D-03      0.210D-03    -11704.30117313   8553.631297    0.00000    0.00000    0.00000    9    orth
   11      0.569D-03      0.199D-03    -11704.30150829   8553.528690    0.00000    0.00000    0.00000   10    diag,B
   12      0.113D-02      0.181D-03    -11704.30283732   8553.455156    0.00000    0.00000    0.00000   11    diag,B
   13      0.632D-02      0.377D-03    -11704.30286741   8553.435491    0.00000    0.00000    0.00000   12    diag,B
   14      0.281D-03      0.433D-03    -11704.30309921   8553.605575    0.00000    0.00000    0.00000   13    diag,B
   15      0.316D-02      0.476D-03    -11704.30313065   8553.643693    0.00000    0.00000    0.00000   14    diag,B
   16      0.859D-03      0.311D-03    -11704.30314270   8553.595047    0.00000    0.00000    0.00000   15    diag,B
   17      0.281D-03      0.758D-04    -11704.30314370   8553.598375    0.00000    0.00000    0.00000   16    diag,B
   18      0.122D-03      0.113D-04    -11704.30314374   8553.594996    0.00000    0.00000    0.00000   17    diag,B
   19      0.478D-04      0.538D-05    -11704.30314374   8553.595163    0.00000    0.00000    0.00000   18    diag,B
   20      0.136D-04      0.179D-05    -11704.30314374   8553.595102    0.00000    0.00000    0.00000   19    orth
   21      0.223D-05      0.161D-06    -11704.30314374   8553.595094    0.00000    0.00000    0.00000    0    orth

 Final alpha occupancy:   9   6   6   3   6   2   2   1
 Final beta  occupancy:   9   4   5   2   4   2   2   0

 !RHF STATE 1.7 Energy               -11704.3031437404    
 Nuclear energy                         0.00000000
 One-electron energy               -15981.10069052
 Two-electron energy                 4276.79754678
 Virial quotient                       -0.77690383
 !RHF STATE 1.7 Dipole moment           0.00000000     0.00000000     0.00000000
 Dipole moment /Debye                   0.00000000     0.00000000     0.00000000

 ELECTRON ORBITALS
 =================


   Orb  Occ    Energy  Couls-En    Coefficients

                                   1 1s      1 1s      1 1s      1 1s      1 1s      1 1s      1 1s      1 1s      1 3d0     1 3d2+ 
                                   1 3d0     1 3d2+    1 3d0     1 3d2+    1 3d0     1 3d2+    1 3d0     1 3d2+    1 5g0     1 5g4+ 
                                   1 5g2+ 

   1.1   2 -1921.1413-4167.7850  0.981503 -0.191141  0.010783  0.000264 -0.000019 -0.000008 -0.000007  0.000013 -0.000000  0.000000
                                 0.000000 -0.000000  0.000000 -0.000000 -0.000000  0.000000 -0.000000  0.000000  0.000000 -0.000000
                                -0.000000

   2.1   2  -323.5893 -890.9820  0.187103  0.945795 -0.265200 -0.011520  0.000339 -0.000015  0.000019 -0.000036 -0.000018  0.000033
                                 0.000005 -0.000009  0.000000 -0.000001 -0.000003  0.000006 -0.000003  0.000004  0.000000  0.000000
                                -0.000000

   3.1   2   -74.2903 -314.1708  0.040528  0.262450  0.961530  0.070170 -0.002141  0.000183 -0.000070  0.000128 -0.000692  0.001211
                                -0.000071  0.000124 -0.000006  0.000010  0.000054 -0.000090  0.000039 -0.000065  0.000001  0.000004
                                -0.000004

   4.1   2   -16.2251 -134.9454 -0.000955 -0.007502 -0.070728  0.995360 -0.062648  0.008983 -0.000654  0.001033  0.000134 -0.000239
                                -0.002800  0.005337  0.000014 -0.000073  0.000774 -0.001062  0.000506 -0.000669 -0.000021  0.000074
                                 0.000016

   5.1   2   -48.0501 -270.6522 -0.000064 -0.000405 -0.001350  0.000093 -0.000156 -0.000103 -0.000093  0.000170 -0.521705  0.853064
                                -0.005339  0.008657  0.000007 -0.000012  0.000062 -0.000093  0.000042 -0.000063  0.000026  0.000031
                                -0.000004

   6.1   2   -48.0200 -270.6155 -0.000002 -0.000013 -0.000040  0.000004  0.000005  0.000001  0.000002 -0.000003  0.853063  0.521705
                                 0.008870  0.005380 -0.000013 -0.000008 -0.000015 -0.000003 -0.000010 -0.000002 -0.000177 -0.000031
                                -0.000177

   7.1   2    -2.7921  -56.7677  0.000006 -0.000120 -0.002204  0.063626  0.973286 -0.232298  0.011669 -0.009447 -0.000029  0.000060
                                -0.000923 -0.000437  0.001181  0.004966 -0.001994  0.008611 -0.002167  0.003396 -0.000063  0.000004
                                 0.000178

   8.1   2    -6.9887 -108.7899  0.000004  0.000027  0.000301 -0.005841  0.000305  0.000433  0.000201 -0.000491  0.006507 -0.007830
                                -0.634215  0.773122  0.000922 -0.001660  0.002194 -0.003636  0.001111 -0.001745  0.001177  0.001640
                                -0.000589

   9.1   2    -6.9634 -108.6986  0.000003  0.000013  0.000073 -0.001088  0.001318  0.000130  0.000487 -0.000678 -0.008050 -0.006520
                                 0.773115  0.634215 -0.000477 -0.000825 -0.001332 -0.001857 -0.000764 -0.000934 -0.002770  0.000546
                                -0.001829

  10.1   0    -0.4176  -20.0344  0.001675  0.006224  0.007862  0.058852  0.497270  1.388848 -0.035371 -0.538092  0.000000 -0.000018
                                -0.000198  0.000066  0.002863 -0.008840  0.001222 -0.005737  0.015364  0.000720  0.000137 -0.000319
                                -0.000139

  11.1   0    -0.3559  -28.7310 -0.000004 -0.000014 -0.000011 -0.000162 -0.005582  0.004223  0.001289  0.001435 -0.000022 -0.000040
                                -0.001482 -0.002456  0.207919  0.881764 -0.010875 -0.024410  0.033025  0.119667  0.000057  0.000950
                                 0.000153

                                   1 2px     1 2px     1 2px     1 2px     1 2px     1 2px     1 2px     1 4f1+    1 4f3+    1 4f1+ 
                                   1 4f3+    1 4f1+    1 4f3+ 

   1.2   2  -287.8538 -830.5536  0.974675 -0.223533 -0.006522  0.000154 -0.000019  0.000043 -0.000030 -0.000002  0.000003  0.000003
                                -0.000005 -0.000001  0.000002

   2.2   2   -63.0353 -293.5359  0.223592  0.973593  0.046043 -0.001255  0.000238 -0.000542  0.000387 -0.000144  0.000185  0.000180
                                -0.000223 -0.000063  0.000080

   3.2   2   -12.4425 -124.3849 -0.003949 -0.046354  0.997467 -0.051619  0.004304 -0.008620  0.005993 -0.001746  0.002533  0.001102
                                -0.001203 -0.000279  0.000213

   4.2   2    -1.7877  -49.1579 -0.000073 -0.001146  0.050748  1.000162 -0.049061  0.025426 -0.010923  0.005012  0.008829 -0.001713
                                 0.000110  0.000249 -0.004919

   5.2   +    -1.3905  -84.1196 -0.000044 -0.000093 -0.003145 -0.001803 -0.010839  0.012240 -0.007368 -0.632125  0.775287  0.023066
                                -0.025694  0.009826 -0.008602

   6.2   +    -1.3607  -83.6859  0.000004  0.000022 -0.000557 -0.008449 -0.010880  0.009230 -0.004959  0.775588  0.631883 -0.021917
                                -0.015604 -0.009561 -0.004825

   7.2   0    -0.2984  -16.1179 -0.000295 -0.000492 -0.013706 -0.114528  0.005465 -1.443022  0.469646 -0.000900 -0.007796  0.000223
                                 0.005138 -0.004936  0.017699

   8.2   0    -0.1079  -13.8332 -0.002711 -0.004687 -0.120411 -0.863149  0.064178 -3.963031  4.242746 -0.000578 -0.007821 -0.000256
                                 0.005560 -0.004918  0.031293

                                   1 2py     1 2py     1 2py     1 2py     1 2py     1 2py     1 2py     1 4f1-    1 4f3-    1 4f1- 
                                   1 4f3-    1 4f1-    1 4f3- 

   1.3   2  -287.8429 -830.5444  0.974668 -0.223563 -0.006513  0.000146 -0.000005  0.000012 -0.000009 -0.000000  0.000001  0.000000
                                -0.000002 -0.000000  0.000001

   2.3   2   -62.9845 -293.4901  0.223623  0.973591  0.045954 -0.001110  0.000002 -0.000006  0.000004 -0.000017  0.000059  0.000059
                                -0.000234 -0.000022  0.000085

   3.3   2   -12.3730 -124.2735 -0.003936 -0.046249  0.997583 -0.050291  0.002760 -0.005552  0.003870 -0.000076  0.000870  0.000414
                                -0.001436 -0.000143  0.000393

   4.3   2    -1.7531  -48.8567 -0.000091 -0.001185  0.049395  0.997280 -0.029844 -0.000431  0.005142  0.009891 -0.000239  0.000470
                                 0.010437 -0.000459  0.002029

   5.3   2    -1.1750  -82.3622  0.000002  0.000020 -0.000586 -0.009850 -0.001266 -0.000983  0.001122  0.983232  0.187512 -0.004196
                                -0.001349 -0.008355 -0.001990

   6.3   +    -1.3831  -83.8563 -0.000017 -0.000039 -0.000910  0.002202  0.006232 -0.003576  0.001571 -0.187301  0.982546  0.004959
                                -0.029507  0.001428 -0.009542

   7.3   0    -0.2946  -15.9203  0.000269  0.000457  0.012339  0.099434 -0.018404  1.411232 -0.423188  0.000964 -0.005459 -0.000831
                                 0.001486  0.006394  0.024198

   8.3   0    -0.1041  -13.9712 -0.002742 -0.004751 -0.121629 -0.866928  0.082678 -4.036168  4.285910 -0.000387  0.006643  0.000434
                                -0.001888 -0.007170 -0.042735

                                   1 3d2-    1 3d2-    1 3d2-    1 3d2-    1 3d2-    1 5g2-    1 5g4- 

   1.4   2   -48.0424 -270.6525  0.999950  0.010035  0.000239 -0.000058 -0.000074 -0.000021  0.000029

   2.4   2    -6.9757 -108.8153 -0.010031  1.000018 -0.001265 -0.006171 -0.003377 -0.000561  0.001867

   3.4   +    -0.7357  -33.6048 -0.000112  0.004976  1.106037 -0.011486 -0.161723 -0.000544  0.000997

   4.4   0    -0.0765  -17.5127 -0.000895 -0.037189 -0.942082  0.125443  1.519247  0.000200 -0.000592

   5.4   0     1.3061  -39.4552 -0.001026 -0.035946 -1.101413  1.649833  1.719535 -0.000285  0.002622

                                   1 2pz     1 2pz     1 2pz     1 2pz     1 2pz     1 2pz     1 2pz     1 4f0     1 4f2+    1 4f0  
                                   1 4f2+    1 4f0     1 4f2+ 

   1.5   2  -287.8432 -830.5447  0.974668 -0.223564 -0.006511  0.000144 -0.000003  0.000007 -0.000005 -0.000000  0.000000  0.000002
                                -0.000003 -0.000001  0.000001

   2.5   2   -62.9851 -293.4907  0.223624  0.973591  0.045957 -0.001096 -0.000007  0.000014 -0.000010 -0.000025  0.000027  0.000140
                                -0.000182 -0.000053  0.000069

   3.5   2   -12.3764 -124.2589 -0.003938 -0.046250  0.997638 -0.049655  0.001883 -0.003717  0.002586 -0.000191  0.000485  0.000895
                                -0.001061 -0.000266  0.000277

   4.5   2    -1.7581  -48.9378 -0.000097 -0.001189  0.048737  0.995449 -0.030690 -0.011525  0.014283  0.008372  0.001912  0.000764
                                 0.004570  0.001050 -0.001290

   5.5   +    -1.3844  -84.1313 -0.000009 -0.000028 -0.000286  0.004904 -0.004725  0.007077 -0.004588 -0.621279  0.784226  0.020581
                                -0.027710  0.008743 -0.011403

   6.5   +    -1.3094  -83.5346  0.000002  0.000018 -0.000518 -0.007590 -0.001319  0.000596 -0.000129  0.784492  0.621449 -0.018231
                                -0.015957 -0.009855 -0.008131

   7.5   0    -0.2976  -15.8664 -0.000280 -0.000469 -0.013135 -0.106766  0.026279 -1.436006  0.442558  0.001405 -0.000934 -0.000631
                                 0.001640 -0.013459 -0.002966

   8.5   0    -0.1074  -13.9165 -0.002749 -0.004756 -0.122170 -0.871871  0.087213 -4.050880  4.297816  0.002092 -0.000577 -0.001388
                                 0.001790 -0.019655 -0.004487

                                   1 3d1+    1 3d1+    1 3d1+    1 3d1+    1 3d1+    1 5g1+    1 5g3+ 

   1.6   2   -48.0409 -270.6464  0.999949  0.010091 -0.000017 -0.000081 -0.000054 -0.000024  0.000025

   2.6   2    -6.9740 -108.7612 -0.010089  0.999990 -0.001754 -0.003915 -0.001916 -0.001182  0.001524

   3.6   0    -0.3783  -29.3666 -0.000011 -0.001472  0.937707 -0.027301  0.082386 -0.000431  0.000170

   4.6   0    -0.0522  -20.4925 -0.000935 -0.037549 -1.152810  0.158741  1.557366  0.000327 -0.000277

                                   1 3d1-    1 3d1-    1 3d1-    1 3d1-    1 3d1-    1 5g1-    1 5g3- 

   1.7   2   -48.0205 -270.6144  0.999946  0.010412 -0.000015 -0.000020 -0.000013  0.000258  0.000060

   2.7   2    -6.9667 -108.6979 -0.010412  0.999965 -0.000807 -0.002049 -0.001117  0.003444  0.001974

   3.7   0    -0.3672  -28.7799 -0.000038 -0.003388  0.917085 -0.034563  0.108065 -0.000126  0.001048

   4.7   0    -0.0449  -20.7989 -0.000933 -0.036862 -1.182913  0.172127  1.568055  0.000094 -0.000831

                                   1 4f2-    1 4f2-    1 4f2- 

   1.8   +    -1.3597  -83.7018  1.000495 -0.026990 -0.010651

   2.8   0     0.0564  -17.9620 -0.104508  0.036607  0.990269

   3.8   0     2.0269  -53.4574  0.112338  1.135254 -0.576398

 HOMO      3.4    -0.735735 =     -20.0204eV
 LUMO     10.1    -0.417567 =     -11.3626eV
 LUMO-HOMO         0.318168 =       8.6578eV


 **********************************************************************************************************************************
 DATASETS  * FILE   NREC   LENGTH (MB)   RECORD NAMES
              1      22       20.11       500      610      700      900      950      970     1000      129      960     1700   
                                          VAR    BASINP    GEOM    SYMINP    ZMAT    AOBASIS   BASIS     P2S    ABASIS    OPER   
                                         1101     1401     1411     1412     1650     1100     1400     1410     1200     1210   
                                          SR      EKINR    POTR     PVPR    MOLCAS      S      EKIN      POT      H0       H01  
                                         1080     1600   
                                         AOSYM     SMH  

              2       5        5.39       200      700     1000      520     2111   
                                        OPTIONS   GEOM     BASIS   MCVARS     RHF  

 PROGRAMS   *        TOTAL       RHF       INT
 CPU TIMES  *         8.69      0.09      7.95
 REAL TIME  *         9.93 SEC
 DISK USED  *       339.14 MB      
 SF USED    *         0.00 MB      
 GA USED    *         0.00 MB       (max)       0.00 MB       (current)
 **********************************************************************************************************************************
 SETTING BASIS          =    USERDEF


 Recomputing integrals since basis changed


 Using spherical harmonics



 PROGRAM * SEWARD (Integral evaluation for generally contracted gaussian basis sets)     Author: Roland Lindh, 1990

 Geometry written to block  1 of record 700

 Orientation using atomic masses  
 Molecule type: Atom
 Symmetry elements: X,Y,Z
 Rotational constants:       0.0000000      0.0000000      0.0000000 GHz  (calculated with average atomic masses)

 Point group  D2h 



 ATOMIC COORDINATES

 NR  ATOM    CHARGE       X              Y              Z

   1  TB     65.00    0.000000000    0.000000000    0.000000000

 NUCLEAR CHARGE:                   65
 NUMBER OF PRIMITIVE AOS:         470
 NUMBER OF SYMMETRY AOS:          361
 NUMBER OF CONTRACTIONS:          361   (  82Ag  +  60B3u +  60B2u +  27B1g +  60B1u +  27B2g +  27B3g +  18Au  )
 NUMBER OF CORE ORBITALS:          23   (   8Ag  +   3B3u +   3B2u +   2B1g +   3B1u +   2B2g +   2B3g +   0Au  )
 NUMBER OF VALENCE ORBITALS:       17   (   4Ag  +   3B3u +   3B2u +   1B1g +   3B1u +   1B2g +   1B3g +   1Au  )


 NUCLEAR REPULSION ENERGY    0.00000000

 One-electron integrals computed with SEWARD

 99nd-order Douglas-Kroll-Hess method activated. Exponential DKH parametrization is used.

 Computing Douglas-Kroll / X2C integrals

 AO integral compression algorithm  1   Integral accuracy      1.0D-15

     1801.978 MB (compressed) written to integral file ( 46.5%)

     Node minimum: 77.595 MB, node maximum: 234.881 MB


 NUMBER OF SORTED TWO-ELECTRON INTEGRALS:   24984912.     BUFFER LENGTH:  32768
 NUMBER OF SEGMENTS:   1  SEGMENT LENGTH:   24984912      RECORD LENGTH: 524288

 Memory used in sort:      25.54 MW

 SORT1 READ   484076335. AND WROTE    14890225. INTEGRALS IN     43 RECORDS. CPU TIME:    10.89 SEC, REAL TIME:    11.27 SEC
 SORT2 READ   163021227. AND WROTE   274384081. INTEGRALS IN   4532 RECORDS. CPU TIME:     0.61 SEC, REAL TIME:     1.13 SEC

 Node minimum:    24848232.  Node maximum:    25142105. integrals

 OPERATOR DM      FOR CENTER  0  COORDINATES:    0.000000    0.000000    0.000000

 EXTRA SYMMETRY OF AOS IN SYMMETRY 1:   1 1 1 1 1 1 1 1 1 1   1 1 1 1 1 1 1 1 1 1   1 1 1 1 1 1 1 1 1 1   1 1 1 2 3 2 3 2 3 2
                                        3 2 3 2 3 2 3 2 3 2   3 2 3 2 3 2 3 2 3 2   3 2 3 2 3 2 3 4 5 6   4 5 6 4 5 6 4 5 6 4
                                        5 6
 EXTRA SYMMETRY OF AOS IN SYMMETRY 2:   1 1 1 1 1 1 1 1 1 1   1 1 1 1 1 1 1 1 1 1   1 1 1 1 1 1 2 3 2 3   2 3 2 3 2 3 2 3 2 3
                                        2 3 2 3 2 3 2 3 2 3   2 3 2 3 4 5 6 4 5 6
 EXTRA SYMMETRY OF AOS IN SYMMETRY 3:   1 1 1 1 1 1 1 1 1 1   1 1 1 1 1 1 1 1 1 1   1 1 1 1 1 1 2 3 2 3   2 3 2 3 2 3 2 3 2 3
                                        2 3 2 3 2 3 2 3 2 3   2 3 2 3 4 5 6 4 5 6
 EXTRA SYMMETRY OF AOS IN SYMMETRY 4:   1 1 1 1 1 1 1 1 1 1   1 1 1 1 1 1 1 2 3 2   3 2 3 2 3 2 3
 EXTRA SYMMETRY OF AOS IN SYMMETRY 5:   1 1 1 1 1 1 1 1 1 1   1 1 1 1 1 1 1 1 1 1   1 1 1 1 1 1 2 3 2 3   2 3 2 3 2 3 2 3 2 3
                                        2 3 2 3 2 3 2 3 2 3   2 3 2 3 4 5 6 4 5 6
 EXTRA SYMMETRY OF AOS IN SYMMETRY 6:   1 1 1 1 1 1 1 1 1 1   1 1 1 1 1 1 1 2 3 2   3 2 3 2 3 2 3
 EXTRA SYMMETRY OF AOS IN SYMMETRY 7:   1 1 1 1 1 1 1 1 1 1   1 1 1 1 1 1 1 2 3 2   3 2 3 2 3 2 3
 EXTRA SYMMETRY OF AOS IN SYMMETRY 8:   1 1 1 1 1 1 1 1 1 1   1 1 1 1 2 3 2 3

 Eigenvalues of metric

         1 0.154E-07 0.147E-05 0.266E-04 0.749E-04 0.181E-03 0.390E-03 0.717E-03 0.122E-02
         2 0.148E-04 0.893E-04 0.893E-04 0.408E-03 0.125E-02 0.125E-02 0.141E-02 0.331E-02
         3 0.148E-04 0.893E-04 0.893E-04 0.408E-03 0.125E-02 0.125E-02 0.141E-02 0.331E-02
         4 0.186E-02 0.687E-02 0.180E-01 0.386E-01 0.694E-01 0.115E+00 0.185E+00 0.289E+00
         5 0.148E-04 0.893E-04 0.893E-04 0.408E-03 0.125E-02 0.125E-02 0.141E-02 0.331E-02
         6 0.186E-02 0.687E-02 0.180E-01 0.386E-01 0.694E-01 0.115E+00 0.185E+00 0.289E+00
         7 0.186E-02 0.687E-02 0.180E-01 0.386E-01 0.694E-01 0.115E+00 0.185E+00 0.289E+00
         8 0.893E-04 0.125E-02 0.174E-01 0.609E-01 0.108E+00 0.212E+00 0.329E+00 0.483E+00


 **********************************************************************************************************************************
 DATASETS  * FILE   NREC   LENGTH (MB)   RECORD NAMES
              1      22       21.35       500      610      700      900      950      970     1001      129      960     1700   
                                          VAR    BASINP    GEOM    SYMINP    ZMAT    AOBASIS   BASIS     P2S    ABASIS    OPER   
                                         1101     1401     1411     1412     1650     1100     1400     1410     1200     1210   
                                          SR      EKINR    POTR     PVPR    MOLCAS      S      EKIN      POT      H0       H01  
                                         1080     1600   
                                         AOSYM     SMH  

              2       6        5.47       200      700     1000      520     2111     1001   
                                        OPTIONS   GEOM     BASIS   MCVARS     RHF     BASIS   

 PROGRAMS   *        TOTAL       INT       RHF       INT
 CPU TIMES  *       101.97     93.28      0.09      7.95
 REAL TIME  *       104.98 SEC
 DISK USED  *         4.07 GB      
 SF USED    *         0.00 MB      
 GA USED    *         0.00 MB       (max)       0.00 MB       (current)
 **********************************************************************************************************************************


 PROGRAM * RHF-SCF (OPEN SHELL)       Authors: W. Meyer, H.-J. Werner


 NUMBER OF ELECTRONS:      35+   28-    SPACE SYMMETRY=7    SPIN SYMMETRY: Octet   
 CONVERGENCE THRESHOLDS:    1.00E-05 (Density)    1.26E-07 (Energy)
 MAX. NUMBER OF ITERATIONS:      100
 INTERPOLATION TYPE:            DIIS
 INTERPOLATION STEPS:              2 (START)      1 (STEP)
 LEVEL SHIFTS:                 -1.00 (CLOSED) -0.50 (OPEN) 

 Number of closed-shell orbitals:   28 (   9   4   5   2   4   2   2   0 )
 Number of open-shell orbitals:      7 (   0   2   1   1   2   0   0   1 )


 
 Extra symmetries of mos in symmetry 1:   1   1   1   1   3   2   1   3   2   1   3   2
 Molecular orbitals read from record     2111.2  Type=RHF/CANONICAL (state 1.7)
 
 Present basis size:      82  60  60  27  60  27  27  18
 Previous basis size:     21  13  13   7  13   7   7   3
 Previous occupation:      9   6   6   3   6   2   2   1
 Previous closed-shells:   9   4   5   2   4   2   2   0
 Previous core-orbitals:   8   3   3   2   3   2   2   0
 Present occupation:       9   6   6   3   6   2   2   1
 Present closed-shells:    9   4   5   2   4   2   2   0
 Present core-orbitals:    8   3   3   2   3   2   2   0
 Wavefunction symmetry:    7   Octet   

 Orbital overlap <old|new>:  < 1.1| 1.1> = 1.000000   < 2.1| 2.1> = 1.000000   < 3.1| 3.1> = 1.000000   < 4.1| 4.1> = 1.000000
                             < 5.1| 5.1> = 1.000000   < 6.1| 6.1> = 1.000000   < 7.1| 7.1> = 0.999999   < 8.1| 8.1> = 0.999999
                             < 1.2| 1.2> = 1.000000   < 2.2| 2.2> = 1.000000   < 3.2| 3.2> = 1.000000   < 1.3| 1.3> = 1.000000
                             < 2.3| 2.3> = 1.000000   < 3.3| 3.3> = 1.000000   < 1.4| 1.4> = 1.000000   < 2.4| 2.4> = 0.999999
                             < 1.5| 1.5> = 1.000000   < 2.5| 2.5> = 1.000000   < 3.5| 3.5> = 1.000000   < 1.6| 1.6> = 1.000000
                             < 2.6| 2.6> = 0.999999   < 1.7| 1.7> = 1.000000   < 2.7| 2.7> = 0.999999   < 9.1| 9.1> = 0.999999
                             < 4.2| 4.2> = 0.999996   < 4.3| 4.3> = 0.999996   < 5.3| 5.3> = 0.999993   < 4.5| 4.5> = 0.999996
                             < 5.2| 5.2> = 0.999992   < 6.2| 6.2> = 0.999993   < 6.3| 6.3> = 0.999993   < 3.4| 3.4> = 0.999817
                             < 5.5| 5.5> = 0.999992   < 6.5| 6.5> = 0.999992   < 1.8| 1.8> = 0.999993

 Molecular orbital dump at record        2112.2

 ITERATION    DDIFF          GRAD             ENERGY        2-EL.EN.            DIPOLE MOMENTS         DIIS   ORB.
    1      0.000D+00      0.000D+00    -11704.31601794   8553.631104    0.00000    0.00000    0.00000    0    start
    2      0.000D+00      0.110D+01    -11704.32728932   8553.778681    0.00000    0.00000    0.00000    1    diag,B
    3      0.224D+00      0.435D-03    -11704.32746194   8553.935435    0.00000    0.00000    0.00000    2    diag,B
    4      0.951D-02      0.101D-03    -11704.32748914   8553.804807    0.00000    0.00000    0.00000    3    diag,B
    5      0.900D-03      0.400D-04    -11704.32749422   8553.880816    0.00000    0.00000    0.00000    4    diag,B
    6      0.747D-04      0.199D-04    -11704.32749568   8553.841851    0.00000    0.00000    0.00000    5    diag,B
    7      0.497D-04      0.635D-05    -11704.32749599   8553.853199    0.00000    0.00000    0.00000    6    diag,B
    8      0.146D-04      0.382D-05    -11704.32749619   8553.853578    0.00000    0.00000    0.00000    7    orth
    9      0.333D-05      0.336D-05    -11704.32749640   8553.856065    0.00000    0.00000    0.00000    8    diag,B
   10      0.207D-05      0.317D-05    -11704.32749685   8553.857012    0.00000    0.00000    0.00000    9    diag,B
   11      0.327D-05      0.289D-05    -11704.32749817   8553.856956    0.00000    0.00000    0.00000   10    diag,B
   12      0.124D-04      0.188D-05    -11704.32749891   8553.856153    0.00000    0.00000    0.00000   11    diag,B
   13      0.159D-04      0.468D-06    -11704.32749893   8553.855661    0.00000    0.00000    0.00000   12    diag,B
   14      0.314D-05      0.130D-06    -11704.32749893   8553.855684    0.00000    0.00000    0.00000    0    orth

 Final alpha occupancy:   9   6   6   3   6   2   2   1
 Final beta  occupancy:   9   4   5   2   4   2   2   0

 !RHF STATE 1.7 Energy               -11704.3274989285    
 Nuclear energy                         0.00000000
 One-electron energy               -15981.25534074
 Two-electron energy                 4276.92784182
 Virial quotient                       -0.77675056
 !RHF STATE 1.7 Dipole moment           0.00000000     0.00000000     0.00000000
 Dipole moment /Debye                   0.00000000     0.00000000     0.00000000

 ELECTRON ORBITALS
 =================


   Orb  Occ    Energy  Couls-En    Coefficients

                                   1 1s      1 1s      1 1s      1 1s      1 1s      1 1s      1 1s      1 1s      1 1s      1 1s   
                                   1 1s      1 1s      1 1s      1 1s      1 1s      1 1s      1 1s      1 1s      1 1s      1 1s   
                                   1 1s      1 1s      1 1s      1 1s      1 1s      1 1s      1 1s      1 1s      1 1s      1 1s   
                                   1 1s      1 1s      1 1s      1 3d0     1 3d2+    1 3d0     1 3d2+    1 3d0     1 3d2+    1 3d0  
                                   1 3d2+    1 3d0     1 3d2+    1 3d0     1 3d2+    1 3d0     1 3d2+    1 3d0     1 3d2+    1 3d0  
                                   1 3d2+    1 3d0     1 3d2+    1 3d0     1 3d2+    1 3d0     1 3d2+    1 3d0     1 3d2+    1 3d0  
                                   1 3d2+    1 3d0     1 3d2+    1 3d0     1 3d2+    1 3d0     1 3d2+    1 5g0     1 5g4+    1 5g2+ 
                                   1 5g0     1 5g4+    1 5g2+    1 5g0     1 5g4+    1 5g2+    1 5g0     1 5g4+    1 5g2+    1 5g0  
                                   1 5g4+    1 5g2+ 

   1.1   2 -1921.1505-4167.7942  0.000372  0.000370  0.001056  0.001565  0.003155  0.005254  0.009597  0.016539  0.029434  0.051305
                                 0.089392  0.148555  0.224678  0.275560  0.230697  0.098377  0.013282  0.000370 -0.000021 -0.000013
                                -0.000144  0.000249 -0.000320  0.000196 -0.000017  0.000004 -0.000001  0.000000 -0.000000  0.000000
                                -0.000000  0.000000 -0.000000 -0.000000  0.000000 -0.000000  0.000000  0.000000  0.000000 -0.000000
                                 0.000000 -0.000000  0.000000 -0.000000  0.000000 -0.000000 -0.000000  0.000000 -0.000000 -0.000000
                                 0.000000 -0.000000  0.000000 -0.000000  0.000000  0.000000 -0.000000 -0.000000 -0.000000 -0.000000
                                -0.000000  0.000000  0.000000 -0.000000 -0.000000 -0.000000  0.000000  0.000000 -0.000000 -0.000000
                                -0.000000  0.000000  0.000000  0.000000 -0.000000 -0.000000 -0.000000  0.000000  0.000000  0.000000
                                -0.000000 -0.000000

   2.1   2  -323.5905 -890.9792 -0.000135 -0.000135 -0.000385 -0.000572 -0.001156 -0.001934 -0.003555 -0.006188 -0.011177 -0.019934
                                -0.036031 -0.063532 -0.106182 -0.152551 -0.153361 -0.006822  0.318528  0.500520  0.283702  0.044914
                                -0.001035  0.000343  0.002193 -0.001887  0.000113 -0.000070  0.000017 -0.000001  0.000002 -0.000001
                                 0.000001 -0.000000  0.000000 -0.000000  0.000000 -0.000000  0.000000 -0.000000  0.000000 -0.000000
                                 0.000001 -0.000001  0.000003 -0.000005  0.000012 -0.000012  0.000019 -0.000003  0.000005  0.000001
                                -0.000001  0.000001 -0.000000  0.000000 -0.000000 -0.000000  0.000000 -0.000000  0.000000  0.000000
                                 0.000000 -0.000000 -0.000000  0.000000  0.000000 -0.000000 -0.000000 -0.000000  0.000001 -0.000000
                                 0.000000 -0.000000 -0.000000 -0.000000  0.000000  0.000000  0.000000 -0.000000 -0.000000 -0.000000
                                 0.000000  0.000000

   3.1   2   -74.2887 -314.1634  0.000063  0.000063  0.000179  0.000266  0.000538  0.000901  0.001659  0.002891  0.005235  0.009369
                                 0.017040  0.030327  0.051574  0.076169  0.079720 -0.002511 -0.242287 -0.502095 -0.306894  0.460304
                                 0.715596 -0.029700  0.281010 -0.032829  0.020360  0.000708  0.000053 -0.000094 -0.000006 -0.000003
                                 0.000002 -0.000001  0.000000 -0.000000  0.000000 -0.000000  0.000001 -0.000002  0.000003 -0.000008
                                 0.000015 -0.000028  0.000049 -0.000069  0.000125 -0.000120  0.000221 -0.000242  0.000433 -0.000259
                                 0.000471 -0.000062  0.000100  0.000008 -0.000011  0.000003 -0.000003  0.000001 -0.000001  0.000000
                                 0.000000  0.000000 -0.000000 -0.000000  0.000000  0.000000 -0.000000 -0.000004 -0.000007  0.000009
                                 0.000004  0.000006 -0.000009 -0.000001  0.000001  0.000002  0.000000  0.000000 -0.000000 -0.000000
                                -0.000000  0.000000

   4.1   2   -16.2205 -134.9401 -0.000030 -0.000030 -0.000086 -0.000128 -0.000259 -0.000434 -0.000799 -0.001393 -0.002523 -0.004523
                                -0.008228 -0.014698 -0.025043 -0.037348 -0.039213  0.001522  0.132012  0.287892  0.196118 -0.405420
                                -0.874168 -0.033523 -0.065230 -0.042275  0.866946  0.569586  0.053596 -0.003688  0.001460 -0.000376
                                 0.000337 -0.000154  0.000033  0.000000 -0.000000  0.000001 -0.000002  0.000006 -0.000011  0.000026
                                -0.000047  0.000091 -0.000165  0.000233 -0.000431  0.000433 -0.000793  0.000562 -0.001034  0.000246
                                -0.000422 -0.001322  0.002314 -0.001634  0.002944 -0.000020  0.000519  0.000018 -0.000007 -0.000005
                                -0.000002 -0.000002  0.000000  0.000000 -0.000000 -0.000000  0.000000 -0.000021 -0.000066  0.000051
                                -0.000028  0.000060  0.000029  0.000011  0.000033 -0.000024  0.000001 -0.000013  0.000002 -0.000000
                                 0.000005 -0.000001

   5.1   2   -48.0472 -270.6425 -0.000000 -0.000000 -0.000000 -0.000000 -0.000001 -0.000001 -0.000002 -0.000004 -0.000008 -0.000014
                                -0.000025 -0.000044 -0.000076 -0.000112 -0.000118  0.000005  0.000373  0.000802  0.000459 -0.001001
                                -0.001222  0.000142 -0.000225  0.000246  0.000075 -0.000030 -0.000010 -0.000003 -0.000001 -0.000000
                                 0.000000 -0.000000  0.000000 -0.000048  0.000076 -0.000368  0.000590 -0.002111  0.003384 -0.009439
                                 0.015130 -0.032455  0.052024 -0.084533  0.135503 -0.156695  0.251178 -0.193013  0.309412 -0.129262
                                 0.207219 -0.036699  0.058790 -0.002892  0.004598 -0.000262  0.000410  0.000013 -0.000024 -0.000019
                                 0.000030  0.000007 -0.000011 -0.000003  0.000005  0.000001 -0.000002  0.000122  0.000211 -0.000139
                                -0.000020 -0.000050  0.000052  0.000011  0.000020 -0.000012 -0.000002 -0.000003  0.000003  0.000001
                                 0.000001 -0.000001

   6.1   2   -48.0202 -270.6169 -0.000000 -0.000000 -0.000000 -0.000000 -0.000000 -0.000000 -0.000000 -0.000000 -0.000000 -0.000001
                                -0.000001 -0.000002 -0.000003 -0.000005 -0.000005  0.000000  0.000017  0.000035  0.000029 -0.000050
                                -0.000071  0.000055 -0.000054  0.000018 -0.000012  0.000006  0.000005  0.000001 -0.000000 -0.000000
                                 0.000000 -0.000000  0.000000  0.000076  0.000048  0.000590  0.000368  0.003384  0.002111  0.015133
                                 0.009441  0.052034  0.032462  0.135530  0.084550  0.251225  0.156727  0.309367  0.193010  0.207057
                                 0.129182  0.058860  0.036695  0.004780  0.002958  0.000489  0.000299  0.000003  0.000001  0.000034
                                 0.000021 -0.000011 -0.000007  0.000005  0.000003 -0.000002 -0.000001 -0.000350  0.000072 -0.000168
                                -0.000063 -0.000066 -0.000137 -0.000037  0.000002 -0.000023  0.000001 -0.000002 -0.000002 -0.000001
                                 0.000001  0.000001

   7.1   2    -2.7894  -56.7499  0.000012  0.000012  0.000034  0.000051  0.000102  0.000171  0.000315  0.000549  0.000994  0.001782
                                 0.003243  0.005798  0.009882  0.014771  0.015517 -0.000621 -0.053477 -0.117875 -0.083020  0.183645
                                 0.436685 -0.002020  0.008548  0.048279 -0.629296 -0.626977  0.306686  0.810939  0.298901  0.002835
                                -0.000141 -0.000246  0.000082 -0.000000  0.000000 -0.000000  0.000002 -0.000000  0.000011 -0.000003
                                 0.000051 -0.000008  0.000176 -0.000030  0.000470 -0.000029  0.000854 -0.000117  0.001030  0.000019
                                -0.000009  0.000349 -0.002757  0.000879 -0.003824 -0.002744  0.002097  0.000085  0.006411  0.001172
                                 0.002114 -0.000710 -0.000134  0.000154  0.000060 -0.000057 -0.000022  0.000027  0.000068 -0.000050
                                -0.000044  0.000171  0.000059 -0.000025 -0.000388  0.000203  0.000235 -0.001321  0.000009 -0.000058
                                 0.000319 -0.000003

   8.1   2    -6.9824 -108.7994  0.000000  0.000000  0.000000  0.000001  0.000001  0.000002  0.000004  0.000008  0.000014  0.000025
                                 0.000045  0.000081  0.000138  0.000206  0.000217 -0.000010 -0.000739 -0.001637 -0.001095  0.002547
                                 0.005388 -0.000845  0.002099 -0.002458 -0.004184 -0.001721 -0.001124 -0.000331  0.000052  0.000007
                                -0.000003  0.000001 -0.000000  0.000028 -0.000032  0.000217 -0.000251  0.001249 -0.001444  0.005634
                                -0.006516  0.019564 -0.022626  0.052016 -0.060158  0.095487 -0.110432  0.108524 -0.125538  0.000490
                                -0.000603 -0.208058  0.240773 -0.305713  0.354090 -0.186464  0.215311 -0.038875  0.044156 -0.000920
                                 0.000876 -0.000349  0.000392  0.000140 -0.000161 -0.000051  0.000059  0.000645  0.000700 -0.000401
                                 0.001070  0.001380 -0.000632  0.000154  0.000262  0.000229  0.000021 -0.000046  0.000021 -0.000007
                                 0.000016 -0.000006

   9.1   2    -6.9615 -108.7184  0.000000  0.000000  0.000000  0.000000  0.000000  0.000001  0.000002  0.000003  0.000005  0.000009
                                 0.000016  0.000028  0.000047  0.000071  0.000074 -0.000003 -0.000254 -0.000556 -0.000394  0.000881
                                 0.001777  0.000310 -0.000907  0.000945 -0.002420 -0.001587  0.001349  0.000498 -0.000150 -0.000016
                                 0.000007 -0.000003  0.000000 -0.000032 -0.000028 -0.000251 -0.000217 -0.001443 -0.001249 -0.006513
                                -0.005634 -0.022618 -0.019565 -0.060138 -0.052021 -0.110397 -0.095494 -0.125415 -0.108508 -0.000424
                                -0.000397  0.240247  0.207942  0.352618  0.305468  0.216134  0.186685  0.045922  0.039041  0.001278
                                 0.000945  0.000416  0.000349 -0.000163 -0.000140  0.000059  0.000051 -0.001220  0.000389 -0.000703
                                -0.002166  0.000584 -0.001287 -0.000815 -0.000137 -0.000903 -0.000071  0.000031 -0.000078  0.000022
                                -0.000011  0.000024

  10.1   0    -0.4189  -20.4921 -0.000004 -0.000004 -0.000011 -0.000016 -0.000032 -0.000054 -0.000099 -0.000173 -0.000312 -0.000562
                                -0.001016 -0.001833 -0.003086 -0.004701 -0.004759 -0.000084  0.017539  0.035702  0.030399 -0.074553
                                -0.019899 -0.376963  0.801651 -0.664852  0.373124  0.164285 -0.077486 -0.519513 -0.249982  1.007040
                                 0.182546  0.064927 -0.012664  0.000000 -0.000000  0.000000 -0.000002  0.000001 -0.000009  0.000004
                                -0.000042  0.000014 -0.000147  0.000035 -0.000392  0.000066 -0.000716  0.000083 -0.000827  0.000015
                                 0.000085 -0.000348  0.002156 -0.000400  0.002982  0.001102 -0.000885  0.000526 -0.005364 -0.004089
                                -0.004624  0.006681  0.000091  0.008228  0.000937 -0.000637 -0.000076 -0.000000 -0.000089  0.000028
                                 0.000028  0.000142 -0.000078  0.000308 -0.001466 -0.000108  0.001227 -0.007380  0.000106  0.000103
                                -0.000170  0.000003

  11.1   0    -0.3554  -28.6363 -0.000000 -0.000000 -0.000000 -0.000000 -0.000001 -0.000001 -0.000002 -0.000004 -0.000006 -0.000011
                                -0.000021 -0.000037 -0.000064 -0.000093 -0.000102  0.000010  0.000329  0.000794  0.000444 -0.000882
                                -0.005444  0.008241 -0.017347  0.013884  0.000525  0.004147 -0.002245  0.000194 -0.008791 -0.001057
                                 0.008977 -0.001359  0.000357  0.000002  0.000009  0.000014  0.000067  0.000083  0.000387  0.000374
                                 0.001746  0.001302  0.006075  0.003470  0.016194  0.006365  0.029695  0.007126  0.033307 -0.001013
                                -0.004731 -0.016574 -0.077925 -0.023773 -0.112561 -0.008201 -0.034500  0.035192  0.175251  0.078967
                                 0.364780  0.105980  0.455657  0.055411  0.231485 -0.000980 -0.004069 -0.000019 -0.000242  0.000032
                                -0.000044 -0.000196 -0.000112  0.000288  0.002701  0.000801  0.001388  0.004578  0.004562  0.000456
                                -0.000235  0.001175

                                   1 2px     1 2px     1 2px     1 2px     1 2px     1 2px     1 2px     1 2px     1 2px     1 2px  
                                   1 2px     1 2px     1 2px     1 2px     1 2px     1 2px     1 2px     1 2px     1 2px     1 2px  
                                   1 2px     1 2px     1 2px     1 2px     1 2px     1 2px     1 4f1+    1 4f3+    1 4f1+    1 4f3+ 
                                   1 4f1+    1 4f3+    1 4f1+    1 4f3+    1 4f1+    1 4f3+    1 4f1+    1 4f3+    1 4f1+    1 4f3+ 
                                   1 4f1+    1 4f3+    1 4f1+    1 4f3+    1 4f1+    1 4f3+    1 4f1+    1 4f3+    1 4f1+    1 4f3+ 
                                   1 4f1+    1 4f3+    1 4f1+    1 4f3+    1 6h1+    1 6h3+    1 6h5+    1 6h1+    1 6h3+    1 6h5+ 


   1.2   2  -287.8551 -830.5548  0.000013  0.000036  0.000109  0.000314  0.000925  0.002776  0.008419  0.025019  0.069323  0.164656
                                 0.301587  0.359209  0.215490  0.045696  0.002053 -0.000343  0.000760 -0.000653  0.000096 -0.000049
                                 0.000025 -0.000011  0.000005 -0.000002  0.000001 -0.000000 -0.000001  0.000001 -0.000006  0.000006
                                -0.000008  0.000008  0.000001  0.000001 -0.000005  0.000003  0.000007 -0.000004 -0.000004  0.000003
                                 0.000004 -0.000002 -0.000002  0.000000  0.000000 -0.000001 -0.000000 -0.000000  0.000000 -0.000000
                                -0.000000  0.000000  0.000000 -0.000000  0.000000  0.000000  0.000000 -0.000000 -0.000000 -0.000000

   2.2   2   -63.0320 -293.5256 -0.000006 -0.000018 -0.000054 -0.000156 -0.000460 -0.001386 -0.004234 -0.012737 -0.036120 -0.089126
                                -0.172384 -0.208054 -0.012987  0.388156  0.505008  0.199352 -0.001480  0.020231  0.001099 -0.000056
                                 0.000049 -0.000038  0.000016 -0.000008  0.000004 -0.000001 -0.000001  0.000001 -0.000003  0.000004
                                -0.000048  0.000067 -0.000169  0.000241 -0.000095  0.000124 -0.000012 -0.000001  0.000016 -0.000023
                                -0.000016  0.000018  0.000017 -0.000017  0.000006 -0.000002  0.000004 -0.000001  0.000000  0.000000
                                 0.000000 -0.000000 -0.000000  0.000000  0.000000  0.000002  0.000001 -0.000000 -0.000001 -0.000000

   3.2   2   -12.4349 -124.3839  0.000003  0.000008  0.000026  0.000074  0.000218  0.000658  0.002016  0.006077  0.017339  0.043109
                                 0.084646  0.102043 -0.012395 -0.282143 -0.403788  0.071555  0.004181  0.602213  0.445146  0.074546
                                -0.000162  0.001218 -0.000368  0.000167 -0.000072  0.000022 -0.000001  0.000002 -0.000013  0.000016
                                -0.000029  0.000038 -0.000095  0.000088 -0.000518  0.000633 -0.000243  0.000246 -0.000970  0.001294
                                -0.000234  0.000192 -0.000090  0.000616  0.000101 -0.000037  0.000027 -0.000085  0.000005 -0.000013
                                -0.000001 -0.000001  0.000000  0.000000 -0.000048  0.000061  0.000042  0.000022 -0.000020 -0.000013

   4.2   2    -1.7845  -49.1205 -0.000001 -0.000003 -0.000009 -0.000026 -0.000078 -0.000236 -0.000723 -0.002179 -0.006230 -0.015502
                                -0.030565 -0.036754  0.005822  0.110459  0.159866 -0.057379  0.005466 -0.334358 -0.266325  0.238465
                                 0.580020  0.361872  0.038978 -0.002824  0.000935 -0.000253  0.000006  0.000007  0.000057  0.000064
                                 0.000241  0.000299  0.000746  0.000910  0.001406  0.001508  0.000526  0.000146  0.001651  0.001912
                                 0.001187  0.000459  0.000094  0.003386  0.000619  0.003847  0.001265 -0.002262 -0.000523 -0.003645
                                -0.000068 -0.000027  0.000008 -0.000050 -0.000095  0.000092  0.000048 -0.000129  0.000043  0.000330

   5.2   +    -1.3865  -84.1151 -0.000000 -0.000000 -0.000000 -0.000000 -0.000001 -0.000003 -0.000008 -0.000025 -0.000072 -0.000179
                                -0.000352 -0.000426  0.000078  0.001282  0.001914 -0.000948  0.000569 -0.004543 -0.001522  0.003702
                                 0.002262 -0.005241 -0.003760  0.000128 -0.000100  0.000031 -0.000652  0.000770 -0.005558  0.006569
                                -0.025200  0.029783 -0.074522  0.088075 -0.150546  0.178015 -0.001135  0.001300 -0.208486  0.246546
                                -0.002347  0.002655 -0.210559  0.248633 -0.152061  0.179978 -0.066420  0.081963 -0.009208  0.014055
                                 0.000226 -0.000134 -0.000081  0.000112  0.001033 -0.001256  0.001728 -0.000426  0.000308 -0.000029

   6.2   +    -1.3581  -83.6904  0.000000  0.000000  0.000000  0.000000  0.000000  0.000000  0.000000  0.000001  0.000004  0.000009
                                 0.000019  0.000019  0.000005 -0.000068  0.000015 -0.000283  0.000679 -0.001083  0.000909  0.002515
                                -0.000102 -0.007919 -0.005422  0.000142 -0.000133  0.000041  0.000768  0.000646  0.006548  0.005511
                                 0.029684  0.024982  0.087776  0.073871  0.177271  0.149269  0.001404  0.001134  0.245425  0.206684
                                 0.002819  0.002245  0.248169  0.208705  0.181639  0.153117  0.083832  0.073628  0.014046  0.014659
                                -0.000238 -0.000072  0.000131  0.000123 -0.000918  0.001230  0.001559  0.000406  0.000052  0.000270

   7.2   0    -0.2988  -16.1441  0.000000  0.000001  0.000002  0.000007  0.000021  0.000063  0.000193  0.000582  0.001667  0.004137
                                 0.008190  0.009778 -0.001474 -0.030100 -0.042298  0.012180  0.008860  0.084715  0.079910 -0.090130
                                -0.188201 -0.207482  0.225380  0.771181  0.170565 -0.009934  0.000001  0.000012  0.000009  0.000104
                                 0.000041  0.000466  0.000135  0.001385  0.000090  0.002752  0.000200  0.000206 -0.000047  0.003649
                                 0.000434  0.000436  0.000400  0.002948  0.000898  0.001442 -0.001767 -0.003335  0.001470 -0.012898
                                 0.007310 -0.008545  0.001034 -0.000123  0.000039 -0.000042  0.000089  0.000056  0.000034 -0.000349

   8.2   0    -0.1508   -8.5710 -0.000000 -0.000000 -0.000001 -0.000004 -0.000012 -0.000037 -0.000113 -0.000341 -0.000976 -0.002428
                                -0.004789 -0.005761  0.000945  0.017449  0.025415 -0.009836  0.001724 -0.056452 -0.043709  0.049909
                                 0.120866  0.127288 -0.158235 -0.920897  0.925329  0.492990 -0.000001 -0.000008 -0.000007 -0.000067
                                -0.000030 -0.000302 -0.000095 -0.000893 -0.000095 -0.001822 -0.000100 -0.000045 -0.000043 -0.002478
                                -0.000216 -0.000090 -0.000312 -0.002051 -0.000513 -0.000745  0.001134  0.002369 -0.001240  0.009716
                                 0.000014  0.018779  0.016516  0.024419 -0.000024  0.000023 -0.000047 -0.000030 -0.000017  0.000198

                                   1 2py     1 2py     1 2py     1 2py     1 2py     1 2py     1 2py     1 2py     1 2py     1 2py  
                                   1 2py     1 2py     1 2py     1 2py     1 2py     1 2py     1 2py     1 2py     1 2py     1 2py  
                                   1 2py     1 2py     1 2py     1 2py     1 2py     1 2py     1 4f1-    1 4f3-    1 4f1-    1 4f3- 
                                   1 4f1-    1 4f3-    1 4f1-    1 4f3-    1 4f1-    1 4f3-    1 4f1-    1 4f3-    1 4f1-    1 4f3- 
                                   1 4f1-    1 4f3-    1 4f1-    1 4f3-    1 4f1-    1 4f3-    1 4f1-    1 4f3-    1 4f1-    1 4f3- 
                                   1 4f1-    1 4f3-    1 4f1-    1 4f3-    1 6h1-    1 6h3-    1 6h5-    1 6h1-    1 6h3-    1 6h5- 


   1.3   2  -287.8448 -830.5468  0.000013  0.000036  0.000109  0.000314  0.000925  0.002776  0.008419  0.025019  0.069325  0.164662
                                 0.301598  0.359221  0.215475  0.045668  0.002055 -0.000345  0.000767 -0.000656  0.000097 -0.000050
                                 0.000025 -0.000011  0.000005 -0.000002  0.000001 -0.000000  0.000000  0.000002 -0.000002  0.000010
                                -0.000004  0.000012  0.000001 -0.000003 -0.000003  0.000005  0.000005 -0.000009 -0.000003  0.000005
                                 0.000002 -0.000004 -0.000001  0.000002  0.000000 -0.000000 -0.000000  0.000000  0.000000 -0.000000
                                -0.000000  0.000000  0.000000 -0.000000  0.000000  0.000000  0.000000 -0.000000 -0.000000 -0.000000

   2.3   2   -62.9838 -293.4907 -0.000006 -0.000018 -0.000054 -0.000156 -0.000460 -0.001386 -0.004235 -0.012740 -0.036129 -0.089148
                                -0.172427 -0.208107 -0.012922  0.388455  0.504924  0.199021 -0.001387  0.020226  0.001154 -0.000046
                                 0.000054 -0.000040  0.000016 -0.000008  0.000004 -0.000001 -0.000000  0.000001 -0.000000  0.000004
                                -0.000014  0.000061 -0.000059  0.000221 -0.000020  0.000112 -0.000007 -0.000004  0.000025 -0.000061
                                -0.000008  0.000014  0.000017 -0.000063  0.000008 -0.000038  0.000004 -0.000018  0.000001 -0.000003
                                 0.000000 -0.000000 -0.000000 -0.000000  0.000047  0.000018  0.000005 -0.000014 -0.000005 -0.000001

   3.3   2   -12.3698 -124.2842  0.000003  0.000008  0.000026  0.000074  0.000218  0.000658  0.002015  0.006075  0.017333  0.043094
                                 0.084620  0.102005 -0.012423 -0.282283 -0.403257  0.071959  0.004942  0.599741  0.445444  0.075792
                                -0.000097  0.001263 -0.000396  0.000176 -0.000077  0.000023  0.000000 -0.000000 -0.000001  0.000003
                                 0.000009 -0.000027  0.000028 -0.000077 -0.000054  0.000332 -0.000134  0.000384 -0.000174  0.000854
                                -0.000132  0.000317  0.000288 -0.000379  0.000165 -0.000495  0.000033 -0.000195  0.000009 -0.000036
                                -0.000001  0.000001  0.000000 -0.000001  0.000573  0.000273  0.000088 -0.000072 -0.000051 -0.000019

   4.3   2    -1.7519  -48.8359 -0.000001 -0.000003 -0.000009 -0.000026 -0.000078 -0.000234 -0.000717 -0.002162 -0.006181 -0.015379
                                -0.030325 -0.036461  0.005779  0.109662  0.158332 -0.056787  0.004249 -0.328896 -0.264249  0.230147
                                 0.573754  0.370711  0.042839 -0.003297  0.001127 -0.000309  0.000009 -0.000008  0.000080 -0.000074
                                 0.000351 -0.000318  0.001066 -0.000962  0.001960 -0.002033  0.000489 -0.000402  0.002432 -0.002719
                                 0.001120 -0.000868  0.001675 -0.000520  0.002718  0.002755  0.002466  0.006274 -0.000424  0.004084
                                -0.000075  0.000051  0.000009  0.000042  0.000315  0.000214  0.000052  0.000261  0.000256  0.000414

   5.3   2    -1.1753  -82.4146  0.000000  0.000000  0.000000  0.000000  0.000001  0.000002  0.000006  0.000017  0.000049  0.000122
                                 0.000241  0.000289 -0.000046 -0.000878 -0.001256  0.000430  0.000073  0.002561  0.002043 -0.001811
                                -0.003842 -0.004226 -0.001816  0.000098 -0.000057  0.000017  0.000969  0.000197  0.008266  0.001677
                                 0.037486  0.007608  0.110825  0.022491  0.223187  0.045290  0.001522  0.000297  0.308159  0.062533
                                 0.002977  0.000585  0.315429  0.064019  0.240786  0.048641  0.122618  0.024218  0.025687  0.004779
                                -0.000296 -0.000070  0.000255  0.000048  0.000023  0.000671  0.000166  0.001105  0.000018 -0.000139

   6.3   +    -1.3793  -83.8399 -0.000000 -0.000000 -0.000000 -0.000000 -0.000000 -0.000000 -0.000000 -0.000001 -0.000003 -0.000006
                                -0.000013 -0.000013  0.000000  0.000075 -0.000037  0.000069 -0.000508  0.000995 -0.000101 -0.002151
                                -0.001489  0.003280  0.003636  0.000061  0.000050 -0.000017 -0.000199  0.000985 -0.001696  0.008406
                                -0.007686  0.038106 -0.022733  0.112687 -0.045943  0.227741 -0.000398  0.001718 -0.063604  0.315373
                                -0.000784  0.003462 -0.064061  0.318099 -0.046998  0.231558 -0.022630  0.107972 -0.004405  0.019825
                                 0.000040 -0.000154 -0.000040  0.000163  0.000480 -0.000491  0.002257 -0.000121  0.000201  0.000083

   7.3   0    -0.2951  -15.9596  0.000000  0.000001  0.000002  0.000007  0.000021  0.000062  0.000190  0.000572  0.001638  0.004065
                                 0.008047  0.009606 -0.001448 -0.029587 -0.041463  0.011924  0.009033  0.082144  0.078548 -0.085387
                                -0.183261 -0.209646  0.204183  0.775689  0.183908 -0.011053  0.000002 -0.000007  0.000014 -0.000058
                                 0.000061 -0.000266  0.000198 -0.000788  0.000227 -0.001486  0.000235  0.000001  0.000119 -0.001996
                                 0.000509 -0.000053  0.000332 -0.002668  0.000642 -0.002479 -0.001900  0.002896  0.002108  0.016090
                                 0.008382  0.012428  0.001232  0.000525  0.000095  0.000008  0.000052  0.000065 -0.000044 -0.000280

   8.3   0    -0.1496   -8.5127 -0.000000 -0.000000 -0.000001 -0.000004 -0.000012 -0.000037 -0.000112 -0.000338 -0.000965 -0.002403
                                -0.004736 -0.005702  0.000945  0.017241  0.025161 -0.010043  0.002402 -0.056028 -0.042807  0.046877
                                 0.119374  0.127734 -0.138680 -0.936260  0.900363  0.514775 -0.000001  0.000005 -0.000009  0.000045
                                -0.000039  0.000209 -0.000125  0.000615 -0.000159  0.001227 -0.000121 -0.000082 -0.000118  0.001718
                                -0.000261 -0.000146 -0.000247  0.002109 -0.000341  0.001486  0.001235 -0.002199 -0.001668 -0.012452
                                -0.000979 -0.022825  0.016900 -0.025364 -0.000058 -0.000003 -0.000022 -0.000035  0.000023  0.000148

                                   1 3d2-    1 3d2-    1 3d2-    1 3d2-    1 3d2-    1 3d2-    1 3d2-    1 3d2-    1 3d2-    1 3d2- 
                                   1 3d2-    1 3d2-    1 3d2-    1 3d2-    1 3d2-    1 3d2-    1 3d2-    1 5g2-    1 5g4-    1 5g2- 
                                   1 5g4-    1 5g2-    1 5g4-    1 5g2-    1 5g4-    1 5g2-    1 5g4- 

   1.4   2   -48.0403 -270.6489  0.000090  0.000696  0.003989  0.017838  0.061335  0.159755  0.296125  0.364706  0.244131  0.069227
                                 0.005376  0.000465  0.000021  0.000151  0.000087  0.000018 -0.000003 -0.000103  0.000246  0.000019
                                -0.000066 -0.000009  0.000022  0.000001 -0.000003 -0.000001  0.000002

   2.4   2    -6.9705 -108.8573 -0.000043 -0.000333 -0.001911 -0.008625 -0.029952 -0.079640 -0.146183 -0.166145 -0.000554  0.318935
                                 0.468566  0.283605  0.057954  0.001700  0.000803 -0.000172  0.000072 -0.000397  0.000895 -0.000520
                                 0.001632  0.000052  0.000230 -0.000051 -0.000003  0.000017  0.000002

   3.4   +    -0.7353  -33.5297  0.000011  0.000084  0.000482  0.002187  0.007577  0.020290  0.036993  0.041895 -0.006733 -0.096996
                                -0.143453 -0.038064  0.223192  0.495162  0.427716  0.050810 -0.003323  0.000115 -0.000299  0.000082
                                -0.000153 -0.001504  0.002667 -0.001855  0.002781  0.000358 -0.000574

   4.4   0    -0.1725  -10.3297 -0.000003 -0.000022 -0.000124 -0.000562 -0.001951 -0.005213 -0.009532 -0.010732  0.001723  0.025258
                                 0.036856  0.009528 -0.062103 -0.139545 -0.143191  0.378295  0.735568 -0.000035  0.000077 -0.000001
                                 0.000027  0.000239 -0.000709 -0.000207 -0.000596  0.006769  0.001333

   5.4   0    -0.0599  -11.1017  0.000004  0.000029  0.000176  0.000761  0.002764  0.007042  0.013677  0.013768 -0.000167 -0.039316
                                -0.043552 -0.026146  0.112055  0.146037  0.371257 -1.634545  1.282447  0.000050 -0.000107 -0.000008
                                -0.000032 -0.000290  0.000990 -0.000358  0.000686 -0.011761 -0.002289

                                   1 2pz     1 2pz     1 2pz     1 2pz     1 2pz     1 2pz     1 2pz     1 2pz     1 2pz     1 2pz  
                                   1 2pz     1 2pz     1 2pz     1 2pz     1 2pz     1 2pz     1 2pz     1 2pz     1 2pz     1 2pz  
                                   1 2pz     1 2pz     1 2pz     1 2pz     1 2pz     1 2pz     1 4f0     1 4f2+    1 4f0     1 4f2+ 
                                   1 4f0     1 4f2+    1 4f0     1 4f2+    1 4f0     1 4f2+    1 4f0     1 4f2+    1 4f0     1 4f2+ 
                                   1 4f0     1 4f2+    1 4f0     1 4f2+    1 4f0     1 4f2+    1 4f0     1 4f2+    1 4f0     1 4f2+ 
                                   1 4f0     1 4f2+    1 4f0     1 4f2+    1 6h2+    1 6h4+    1 6h0     1 6h2+    1 6h4+    1 6h0  


   1.5   2  -287.8453 -830.5473  0.000013  0.000036  0.000109  0.000314  0.000925  0.002776  0.008419  0.025019  0.069325  0.164662
                                 0.301599  0.359223  0.215472  0.045665  0.002057 -0.000345  0.000768 -0.000656  0.000097 -0.000050
                                 0.000025 -0.000011  0.000005 -0.000002  0.000001 -0.000000 -0.000000  0.000001 -0.000004  0.000007
                                -0.000007  0.000009  0.000002 -0.000001 -0.000005  0.000003  0.000007 -0.000006 -0.000004  0.000003
                                 0.000004 -0.000003 -0.000001  0.000001  0.000000 -0.000001  0.000000 -0.000000  0.000000 -0.000000
                                -0.000000  0.000000  0.000000 -0.000000 -0.000000 -0.000000 -0.000000  0.000000  0.000000  0.000000

   2.5   2   -62.9850 -293.4921 -0.000006 -0.000018 -0.000054 -0.000156 -0.000460 -0.001386 -0.004235 -0.012740 -0.036129 -0.089148
                                -0.172426 -0.208110 -0.012917  0.388449  0.504929  0.199037 -0.001419  0.020234  0.001156 -0.000040
                                 0.000057 -0.000036  0.000017 -0.000008  0.000004 -0.000001 -0.000001  0.000001 -0.000001  0.000003
                                -0.000037  0.000051 -0.000145  0.000194 -0.000052  0.000081 -0.000007 -0.000007  0.000056 -0.000065
                                -0.000015  0.000013  0.000043 -0.000055  0.000022 -0.000030  0.000010 -0.000014  0.000001 -0.000002
                                 0.000000 -0.000000 -0.000000  0.000000 -0.000037 -0.000006 -0.000035  0.000011  0.000002  0.000011

   3.5   2   -12.3735 -124.2674  0.000003  0.000008  0.000026  0.000074  0.000218  0.000658  0.002015  0.006072  0.017327  0.043078
                                 0.084590  0.101969 -0.012419 -0.282178 -0.403057  0.071698  0.005570  0.598640  0.445615  0.076389
                                -0.000142  0.001261 -0.000401  0.000180 -0.000078  0.000024  0.000000 -0.000000 -0.000000 -0.000000
                                 0.000025 -0.000032  0.000084 -0.000116 -0.000113  0.000171 -0.000251  0.000297 -0.000420  0.000613
                                -0.000230  0.000228  0.000392 -0.000227  0.000387 -0.000431  0.000137 -0.000191  0.000022 -0.000027
                                -0.000001  0.000001  0.000000 -0.000000 -0.000411 -0.000062 -0.000483  0.000038  0.000004  0.000078

   4.5   2    -1.7566  -48.9166 -0.000001 -0.000003 -0.000009 -0.000026 -0.000078 -0.000235 -0.000719 -0.002168 -0.006197 -0.015419
                                -0.030402 -0.036561  0.005808  0.109907  0.158822 -0.057274  0.005067 -0.330324 -0.264163  0.228017
                                 0.579251  0.370085  0.037732 -0.002906  0.000905 -0.000241  0.000008 -0.000002  0.000067 -0.000018
                                 0.000288 -0.000070  0.000878 -0.000202  0.001646 -0.000593  0.000561 -0.000132  0.002010 -0.000888
                                 0.001247 -0.000205  0.000624  0.000712  0.001916  0.002454  0.003754  0.001494  0.000705  0.000082
                                -0.000082  0.000008  0.000027 -0.000004 -0.000158 -0.000027 -0.000322 -0.000144  0.000183 -0.000354

   5.5   +    -1.3812  -84.1314 -0.000000 -0.000000 -0.000000 -0.000000 -0.000001 -0.000002 -0.000006 -0.000019 -0.000053 -0.000132
                                -0.000261 -0.000315  0.000058  0.000980  0.001390 -0.000775  0.000209 -0.003183 -0.001410  0.002886
                                 0.003485 -0.000282 -0.000710  0.000078 -0.000034  0.000010 -0.000627  0.000790 -0.005349  0.006742
                                -0.024251  0.030566 -0.071714  0.090389 -0.144867  0.182616 -0.001131  0.001348 -0.200600  0.252909
                                -0.002304  0.002783 -0.202624  0.255442 -0.147117  0.184626 -0.065814  0.081417 -0.009943  0.011952
                                 0.000211 -0.000238 -0.000091  0.000101 -0.001733  0.001437  0.000638  0.000494 -0.000129 -0.000357

   6.5   +    -1.3082  -83.5613  0.000000  0.000000  0.000000  0.000000  0.000000  0.000001  0.000004  0.000013  0.000036  0.000091
                                 0.000179  0.000215 -0.000034 -0.000651 -0.000933  0.000320  0.000050  0.001883  0.001564 -0.001191
                                -0.003120 -0.003578 -0.001177  0.000100 -0.000045  0.000013  0.000784  0.000624  0.006687  0.005324
                                 0.030320  0.024141  0.089641  0.071372  0.180900  0.144055  0.001394  0.001048  0.250351  0.199391
                                 0.002782  0.002117  0.253978  0.202236  0.187604  0.148657  0.087912  0.068661  0.014954  0.011380
                                -0.000302 -0.000221  0.000151  0.000110  0.000582  0.001122 -0.000582  0.000467  0.000343  0.000569

   7.5   0    -0.2981  -15.8830  0.000000  0.000001  0.000002  0.000007  0.000020  0.000060  0.000185  0.000557  0.001596  0.003960
                                 0.007844  0.009356 -0.001397 -0.028866 -0.040288  0.011113  0.010111  0.078714  0.077131 -0.083218
                                -0.176066 -0.214518  0.201606  0.783856  0.178532 -0.010621 -0.000002  0.000002 -0.000017  0.000020
                                -0.000079  0.000087 -0.000214  0.000259 -0.000641  0.000554  0.000237  0.000092 -0.001088  0.000728
                                 0.000518  0.000161 -0.000597  0.000088  0.000347 -0.000513 -0.001288 -0.000153  0.006764  0.001406
                                 0.012994  0.001616  0.001468  0.000150 -0.000127  0.000027 -0.000049 -0.000016 -0.000193  0.000059

   8.5   0    -0.1510   -8.5629 -0.000000 -0.000000 -0.000001 -0.000004 -0.000012 -0.000036 -0.000112 -0.000336 -0.000961 -0.002392
                                -0.004719 -0.005672  0.000922  0.017219  0.024911 -0.009355  0.000701 -0.054152 -0.043443  0.047245
                                 0.116536  0.136389 -0.150010 -0.944299  0.927994  0.495214  0.000002 -0.000001  0.000012 -0.000010
                                 0.000058 -0.000044  0.000158 -0.000132  0.000451 -0.000284 -0.000153 -0.000057  0.000750 -0.000368
                                -0.000332 -0.000101  0.000444  0.000024 -0.000194  0.000361  0.000741  0.000078 -0.005601 -0.001113
                                -0.008179 -0.001542  0.011099  0.000101  0.000078 -0.000011  0.000029  0.000005  0.000107 -0.000035

                                   1 3d1+    1 3d1+    1 3d1+    1 3d1+    1 3d1+    1 3d1+    1 3d1+    1 3d1+    1 3d1+    1 3d1+ 
                                   1 3d1+    1 3d1+    1 3d1+    1 3d1+    1 3d1+    1 3d1+    1 3d1+    1 5g1+    1 5g3+    1 5g1+ 
                                   1 5g3+    1 5g1+    1 5g3+    1 5g1+    1 5g3+    1 5g1+    1 5g3+ 

   1.6   2   -48.0389 -270.6396  0.000090  0.000696  0.003989  0.017835  0.061324  0.159727  0.296078  0.364688  0.244198  0.069264
                                 0.005415  0.000481 -0.000029  0.000035 -0.000013  0.000006 -0.000002 -0.000196  0.000187  0.000052
                                -0.000047 -0.000017  0.000017  0.000003 -0.000003 -0.000001  0.000001

   2.6   2    -6.9689 -108.7740 -0.000043 -0.000332 -0.001908 -0.008611 -0.029904 -0.079510 -0.145955 -0.165885 -0.000742  0.318180
                                 0.467659  0.284925  0.059006  0.001285  0.000530 -0.000215  0.000078 -0.000723  0.000665 -0.001138
                                 0.001315  0.000071  0.000202 -0.000013 -0.000047  0.000005  0.000016

   3.6   0    -0.3776  -29.3067  0.000009  0.000071  0.000407  0.001838  0.006390  0.017045  0.031231  0.035082 -0.005015 -0.081916
                                -0.118768 -0.035870  0.184085  0.389241  0.470178  0.208740 -0.007296  0.000240 -0.000220  0.000014
                                 0.000029 -0.000792  0.000043  0.003096 -0.003314  0.001554 -0.000071

   4.6   0    -0.1664  -10.8814 -0.000004 -0.000028 -0.000161 -0.000729 -0.002533 -0.006757 -0.012377 -0.013901  0.002073  0.032640
                                 0.047354  0.013548 -0.076327 -0.167603 -0.217196  0.266183  0.817934 -0.000097  0.000082  0.000008
                                -0.000005  0.000278 -0.000170 -0.001401  0.000597  0.007529  0.001847

                                   1 3d1-    1 3d1-    1 3d1-    1 3d1-    1 3d1-    1 3d1-    1 3d1-    1 3d1-    1 3d1-    1 3d1- 
                                   1 3d1-    1 3d1-    1 3d1-    1 3d1-    1 3d1-    1 3d1-    1 3d1-    1 5g1-    1 5g3-    1 5g1- 
                                   1 5g3-    1 5g1-    1 5g3-    1 5g1-    1 5g3-    1 5g1-    1 5g3- 

   1.7   2   -48.0206 -270.6160  0.000090  0.000696  0.003989  0.017836  0.061329  0.159739  0.296100  0.364631  0.244046  0.069380
                                 0.005638  0.000577  0.000004  0.000040 -0.000013  0.000006 -0.000002  0.000303  0.000256  0.000175
                                -0.000030  0.000039  0.000023  0.000002 -0.000003 -0.000001  0.000001

   2.7   2    -6.9644 -108.7171 -0.000043 -0.000332 -0.001909 -0.008612 -0.029908 -0.079519 -0.145974 -0.165845 -0.000577  0.317710
                                 0.466417  0.285641  0.060419  0.001617  0.000544 -0.000215  0.000078  0.001116  0.000951  0.002335
                                 0.001677  0.001761  0.000403  0.000093  0.000054 -0.000026 -0.000017

   3.7   0    -0.3671  -28.7310  0.000009  0.000069  0.000395  0.001786  0.006212  0.016562  0.030361  0.034061 -0.004864 -0.079423
                                -0.114678 -0.036419  0.175123  0.377411  0.474658  0.226537 -0.006213  0.000222 -0.000155  0.000013
                                -0.000247 -0.000044  0.003249  0.004508  0.007443  0.001676 -0.000299

   4.7   0    -0.1647  -10.8472 -0.000004 -0.000028 -0.000161 -0.000728 -0.002531 -0.006750 -0.012370 -0.013876  0.002065  0.032527
                                 0.046999  0.014214 -0.074540 -0.166601 -0.225975  0.238622  0.837628 -0.000091  0.000068  0.000008
                                 0.000079 -0.000008 -0.001209 -0.002009 -0.002205  0.007934 -0.000090

                                   1 4f2-    1 4f2-    1 4f2-    1 4f2-    1 4f2-    1 4f2-    1 4f2-    1 4f2-    1 4f2-    1 4f2- 
                                   1 4f2-    1 4f2-    1 4f2-    1 4f2-    1 6h4-    1 6h2-    1 6h4-    1 6h2- 

   1.8   +    -1.3572  -83.7123  0.001003  0.008560  0.038808  0.114755  0.231801  0.001805  0.320931  0.003608  0.324366  0.237596
                                 0.111280  0.019909 -0.000243  0.000178  0.001786 -0.001113  0.000132  0.000440

   2.8   0    -0.1235   -9.1366 -0.000032 -0.000257 -0.001226 -0.003380 -0.008977  0.003586 -0.015037  0.007754 -0.015291 -0.000504
                                 0.002114  0.056641  0.208210  0.838274 -0.000052  0.000007  0.000087  0.000008

   3.8   0    -0.0074  -11.7023  0.000068  0.000669  0.002660  0.009413  0.005477  0.022506 -0.009868  0.048901 -0.015337  0.029736
                                -0.056400 -0.027732 -1.228142  0.983188  0.000121 -0.000004 -0.000226 -0.000055

 HOMO      3.4    -0.735311 =     -20.0088eV
 LUMO     10.1    -0.418934 =     -11.3998eV
 LUMO-HOMO         0.316377 =       8.6090eV


 **********************************************************************************************************************************
 DATASETS  * FILE   NREC   LENGTH (MB)   RECORD NAMES
              1      22       21.35       500      610      700      900      950      970     1001      129      960     1700   
                                          VAR    BASINP    GEOM    SYMINP    ZMAT    AOBASIS   BASIS     P2S    ABASIS    OPER   
                                         1101     1401     1411     1412     1650     1100     1400     1410     1200     1210   
                                          SR      EKINR    POTR     PVPR    MOLCAS      S      EKIN      POT      H0       H01  
                                         1080     1600   
                                         AOSYM     SMH  

              2       7        8.53       200      700     1000      520     2111     1001     2112   
                                        OPTIONS   GEOM     BASIS   MCVARS     RHF     BASIS     RHF  

 PROGRAMS   *        TOTAL       RHF       INT       RHF       INT
 CPU TIMES  *       103.20      1.23     93.28      0.09      7.95
 REAL TIME  *       106.70 SEC
 DISK USED  *         4.18 GB      
 SF USED    *         0.08 MB      
 GA USED    *         0.00 MB       (max)       0.00 MB       (current)
 **********************************************************************************************************************************
 SETTING SCF(9)         =    -11704.32749893  AU                              


 PROGRAM * POP (Mulliken population analysis)

 
 Density matrix read from record         2112.2  Type=RHF/CHARGE (state 1.7)
 
 Population analysis by basis function type

 Unique atom        s        p        d        f        g    Total    Charge
   1  TB      9.99982 23.99952 21.00003  8.00044  0.00014 63.00000  + 2.00000


 **********************************************************************************************************************************
 DATASETS  * FILE   NREC   LENGTH (MB)   RECORD NAMES
              1      22       21.35       500      610      700      900      950      970     1001      129      960     1700   
                                          VAR    BASINP    GEOM    SYMINP    ZMAT    AOBASIS   BASIS     P2S    ABASIS    OPER   
                                         1101     1401     1411     1412     1650     1100     1400     1410     1200     1210   
                                          SR      EKINR    POTR     PVPR    MOLCAS      S      EKIN      POT      H0       H01  
                                         1080     1600   
                                         AOSYM     SMH  

              2       7        8.53       200      700     1000      520     2111     1001     2112   
                                        OPTIONS   GEOM     BASIS   MCVARS     RHF     BASIS     RHF  

 PROGRAMS   *        TOTAL       POP       RHF       INT       RHF       INT
 CPU TIMES  *       103.21      0.00      1.23     93.28      0.09      7.95
 REAL TIME  *       106.71 SEC
 DISK USED  *         4.18 GB      
 SF USED    *         0.08 MB      
 GA USED    *         0.00 MB       (max)       0.00 MB       (current)
 **********************************************************************************************************************************
 SETTING _CC_NORM_MAX   =         2.00000000                                  


 PROGRAM * CCSD (Unrestricted open-shell coupled cluster)     Authors: C. Hampel, H.-J. Werner, 1991, M. Deegan, P.J. Knowles, 1992


 Input parameters for THRESH:

 THRDIS =    1.000000
 ONEINT =    1.00D-15
 TWOINT =    1.00D-15
 ENERGY =    5.00D-06
 COEFF  =    0.001000

 Convergence thresholds:  THRVAR = 1.00D-06  THRDEN = 5.00D-06

 CCSD(T)     terms to be evaluated (factor= 1.000)


 Number of closed-shell orbitals:  28 (   9   4   5   2   4   2   2   0 )
 Number of active  orbitals:        7 (   0   2   1   1   2   0   0   1 )
 Number of external orbitals:     326 (  73  54  54  24  54  25  25  17 )

 Memory could be reduced to 272.43 Mwords without degradation in triples

 Number of N-1 electron functions:              63
 Number of N-2 electron functions:            1953
 Number of singly external CSFs:              3382
 Number of doubly external CSFs:          20802934
 Total number of CSFs:                    20806316

 Molecular orbitals read from record     2112.2  Type=RHF/CANONICAL (state 1.7)

 Integral transformation finished. Total CPU:   6.91 sec, npass=  1  Memory used:  63.99 MW

 Starting RMP2 calculation

 ITER.      SQ.NORM     CORR.ENERGY   TOTAL ENERGY   ENERGY CHANGE        DEN1      VAR(S)    VAR(P)  DIIS     TIME
   1      1.15428161    -3.30760573-11707.63510466    -3.30760573    -0.00096654  0.13D-04  0.19D-03  1  1     9.46
   2      1.15473755    -3.30859235-11707.63609128    -0.00098662    -0.00000384  0.17D-06  0.98D-06  2  2    11.96
   3      1.15476552    -3.30862971-11707.63612864    -0.00003736    -0.00000003  0.27D-08  0.77D-08  3  3    15.33
   4      1.15476657    -3.30863060-11707.63612953    -0.00000089    -0.00000000  0.15D-10  0.54D-10  4  4    24.10

 Norm of t1 vector:      0.04230139      S-energy:    -0.00725465      T1 diagnostic:  0.00024854
 Norm of t2 vector:      0.39112295      P-energy:    -3.30137595
                                         Alpha-Beta:  -2.08095052
                                         Alpha-Alpha: -0.73194837
                                         Beta-Beta:   -0.48847707

 Spin contamination <S**2-Sz**2-Sz>     0.00270445
  Reference energy                   -11704.3274989285    
  RHF-RMP2 correlation energy          -3.308630604864
 !RHF-RMP2 energy                    -11707.6361295333    

 Starting UCCSD calculation

 ITER.      SQ.NORM     CORR.ENERGY   TOTAL ENERGY   ENERGY CHANGE        DEN1      VAR(S)    VAR(P)  DIIS     TIME
   1      1.11959628    -3.00810396-11707.33560289    -3.00810396    -0.08729286  0.39D-02  0.65D-02  0  0    55.85
   2      1.13347554    -3.08998652-11707.41748545    -0.08188256    -0.00782465  0.21D-03  0.90D-03  1  1    89.48
   3      1.13260189    -3.07451394-11707.40201287     0.01547258    -0.00032990  0.96D-04  0.40D-04  2  2   121.51
   4      1.13351567    -3.07547126-11707.40297019    -0.00095732    -0.00007197  0.12D-04  0.16D-04  3  3   154.14
   5      1.13455707    -3.07635197-11707.40385090    -0.00088071    -0.00001058  0.13D-05  0.46D-05  4  4   182.47
   6      1.13478773    -3.07643239-11707.40393132    -0.00008042    -0.00000491  0.11D-06  0.26D-05  5  5   211.57
   7      1.13496261    -3.07644489-11707.40394382    -0.00001250    -0.00000206  0.50D-07  0.11D-05  6  6   240.88
   8      1.13512077    -3.07646859-11707.40396752    -0.00002370    -0.00000063  0.83D-07  0.28D-06  7  7   272.15
   9      1.13520970    -3.07648175-11707.40398068    -0.00001316    -0.00000015  0.46D-07  0.41D-07  8  8   301.32
  10      1.13524188    -3.07648468-11707.40398361    -0.00000293    -0.00000007  0.37D-07  0.78D-08  9  9   335.56

 Norm of t1 vector:      0.08660703      S-energy:    -0.00786246      T1 diagnostic:  0.00612317
                                                                       D1 diagnostic:  0.02684089
 Norm of t2 vector:      0.35740888      P-energy:    -3.06862222
                                         Alpha-Beta:  -1.98264407
                                         Alpha-Alpha: -0.64290451
                                         Beta-Beta:   -0.44307364

 Spin contamination <S**2-Sz**2-Sz>     0.00252952

 Memory could be reduced to 312.45 Mwords without degradation in triples
 

  Correlated core orbitals:             1.1       2.1       3.1       4.1       5.1       6.1       7.1       8.1       1.2       2.2
                                        3.2       1.3       2.3       3.3       1.4       2.4       1.5       2.5       3.5       1.6
                                        2.6       1.7       2.7
  Orbital energies:                 -1921.1506 -323.5949  -74.3646  -16.4178  -48.1494  -48.0987   -2.8661   -7.2870 -287.8599  -63.1295
                                      -12.6828 -287.8491  -63.0642  -12.5754  -48.1484   -7.2956 -287.8480  -63.0640  -12.5749  -48.1437
                                       -7.2864  -48.0973   -7.1980
 
  UCCSD core-core energy               -1.686498268965
  UCCSD core-valence energy            -0.789465581711
  UCCSD valence correlation energy     -0.600520828962
 

 RESULTS
 =======

  Reference energy                   -11704.3274989285    
  UCCSD singles energy                 -0.007862458626
  UCCSD pair energy                    -3.068622221012
  UCCSD correlation energy             -3.076484679638
  Triples (T) contribution             -0.043627687326
  Total correlation energy             -3.120112366964
 
  RHF-UCCSD energy                   -11707.4039836081    
  RHF-UCCSD[T] energy                -11707.4497120463    
  RHF-UCCSD-T energy                 -11707.4473208445    
 !RHF-UCCSD(T) energy                -11707.4476112954    

 Program statistics:

 Available memory in ccsd:               999989750
 Min. memory needed in ccsd:              57535370
 Max. memory used in ccsd:                84627427
 Max. memory used in cckext:              68146137 (10 integral passes)
 Max. memory used in cckint:              63994746 ( 1 integral passes)



 **********************************************************************************************************************************
 DATASETS  * FILE   NREC   LENGTH (MB)   RECORD NAMES
              1      22       21.35       500      610      700      900      950      970     1001      129      960     1700   
                                          VAR    BASINP    GEOM    SYMINP    ZMAT    AOBASIS   BASIS     P2S    ABASIS    OPER   
                                         1101     1401     1411     1412     1650     1100     1400     1410     1200     1210   
                                          SR      EKINR    POTR     PVPR    MOLCAS      S      EKIN      POT      H0       H01  
                                         1080     1600   
                                         AOSYM     SMH  

              2       7        8.53       200      700     1000      520     2111     1001     2112   
                                        OPTIONS   GEOM     BASIS   MCVARS     RHF     BASIS     RHF  

 PROGRAMS   *        TOTAL  UCCSD(T)       POP       RHF       INT       RHF       INT
 CPU TIMES  *      1371.10   1267.83      0.00      1.23     93.28      0.09      7.95
 REAL TIME  *      1727.91 SEC
 DISK USED  *        48.00 GB      
 SF USED    *         6.30 GB      
 GA USED    *         0.00 MB       (max)       0.00 MB       (current)
 **********************************************************************************************************************************
 SETTING CCSD(9)        =    -11707.44761130  AU                              
                                                                                                                                                                                                                                                                

           SCF            CCSD
         0.00000        0.00000
         0.00000        0.00000
         0.00000        0.00000
         0.00000        0.00000
         0.00000        0.00000
         0.00000        0.00000
         0.00000        0.00000
         0.00000        0.00000
    -11704.32750   -11707.44761
                                                  

 UCCSD(T)/USERDEF energy= -11707.447611295436

        UCCSD(T)        RHF-SCF         RHF-SCF 
 -11707.44761130 -11704.32749893 -11704.30314374
 **********************************************************************************************************************************
 Molpro calculation terminated
 Variable memory released
