
 Primary working directories    : /global/cscratch1/sd/haihan
 Secondary working directories  : /global/cscratch1/sd/haihan
 Wavefunction directory         : /global/homes/h/haihan/Research/ECP/f_group_element_ecps/Lu/Molpro/atom/ECP46_2/wfu/
 Main file repository           : /global/cscratch1/sd/haihan/

 SHA1      : 19cd028119e0e09f93f0674bd8af7968d9b3eff6
 NAME      : 2015.1.36
 ARCHNAME  : linux/x86_64
 FC        : /opt/cray/pe/craype/2.5.14/bin/ftn
 BLASLIB   : -L/opt/intel/compilers_and_libraries_2018.1.163/linux/mkl/lib/intel64 -Wl,-_start-group -lmkl_intel_ilp64 -lmkl_intel_thread -lmkl_core -Wl,-_end-group -liomp5
 id        : lbl

 Nodes     nprocs
 nid12836    11
 Number of processes for MPI-2 version of Molpro:   nprocs(total)=   12   nprocs(compute)=   11   nprocs(helper)=    1

 Using customized tuning parameters: mindgm=7; mindgv=16; mindgc=1; mindgr=1; noblas=0; minvec=7
 default implementation of scratch files=sf  

 ***,Calculation for Lu atom, singlet and triplet
 memory,1,g
 
 gthresh,twoint=1.e-15
 gthresh,oneint=1.e-15
 
 
 geometry={
 1
 Lu
 Lu  0.0 0.0 0.0
 }
 
 basis={
 ECP,Lu,46,4,0;
 4
 1, 3.14833474446234,  25.0
 3, 2.65115497652619,  78.7083686115585
 2, 2.78295903287120,  -72.60509167627022
 2, 3.46628519446209,  -2.15683842991001
 2
 2, 5.79136585352643,  250.310476835938
 2, 3.07955851231268,  11.4226597920253
 2
 2, 3.72571172950070,  61.7986494141870
 2, 4.05271563112787,  47.2939639434762
 2
 2, 2.52321040379140,  25.8874030444728
 2, 3.47082531866092,  35.4288883812381
 2
 2, 5.03278656337232,  -3.36898369803320
 2, 3.20307702617417,  -1.22025489182895
 Including file /global/u2/h/haihan/Research/ECP/f_group_element_ecps/Lu/Molpro/atom/ECP46_2/13/../aug-cc-pwCVTZ.basis
 }
 
 
 
 Including file /global/u2/h/haihan/Research/ECP/f_group_element_ecps/Lu/Molpro/atom/ECP46_2/13/../Lu46_states_ecp.proc
 
 do i=13,13
     if (i.eq.1) then
         Id1s2
     else if (i.eq.2) then
         Ip1s2
     else if (i.eq.3) then
         IEd2s1
     else if (i.eq.4) then
         IEf1s2
     else if (i.eq.5) then
         IIds2
     else if (i.eq.6) then
         IId1s1
     else if (i.eq.7) then
         IIIds1
     else if (i.eq.8) then
         IIIp1
     else if (i.eq.9) then
         IIId1
     else if (i.eq.10) then
         IIIEf1
     else if (i.eq.11) then
         VIp6
     else if (i.eq.12) then
         VIIp5
     else if (i.eq.13) then
         VIIIp4
     else if (i.eq.14) then
         IXp3
     else if (i.eq.15) then
         Xp
     else if (i.eq.16) then
         XIds2
     else if (i.eq.17) then
         IIIEf2
     endif
     scf(i)=energy
     _CC_NORM_MAX=2.0
     {rccsd(t),shifts=0.5,shiftp=0.5,thrdis=1.0;diis,1,1,15,1;maxit,100;core}
     ccsd(i)=energy
 enddo
 
 table,scf,ccsd
 type,csv
 save

 Variables initialized (889), CPU time= 0.01 sec
 Commands  initialized (702), CPU time= 0.01 sec, 572 directives.
 Default parameters read. Elapsed time= 0.19 sec

 Checking input...
 Passed
1


                                         ***  PROGRAM SYSTEM MOLPRO  ***
                                       Copyright, TTI GmbH Stuttgart, 2015
                                    Version 2015.1 linked Dec 29 2018 15:55:43


 **********************************************************************************************************************************
 LABEL *   Calculation for Lu atom, singlet and triplet                                  
  64 bit mpp version                                                                     DATE: 31-Mar-23          TIME: 18:09:38  
 **********************************************************************************************************************************

 SHA1:             19cd028119e0e09f93f0674bd8af7968d9b3eff6
 **********************************************************************************************************************************

 THRESHOLDS:

 ZERO    =  1.00D-12  ONEINT  =  1.00D-12  TWOINT  =  1.00D-15  PREFAC  =  1.00D-14  LOCALI  =  1.00D-09  EORDER  =  1.00D-04
 ENERGY  =  0.00D+00  ETEST   =  0.00D+00  EDENS   =  0.00D+00  THRDEDEF=  1.00D-06  GRADIENT=  1.00D-02  STEP    =  1.00D-03
 ORBITAL =  1.00D-05  CIVEC   =  1.00D-05  COEFF   =  1.00D-04  PRINTCI =  5.00D-02  PUNCHCI =  9.90D+01  OPTGRAD =  3.00D-04
 OPTENERG=  1.00D-06  OPTSTEP =  3.00D-04  THRGRAD =  1.00D-10  COMPRESS=  1.00D-11  VARMIN  =  1.00D-07  VARMAX  =  1.00D-03
 THRDOUB =  0.00D+00  THRDIV  =  1.00D-05  THRRED  =  1.00D-07  THRPSP  =  1.00D+00  THRDC   =  1.00D-10  THRCS   =  1.00D-10
 THRNRM  =  1.00D-08  THREQ   =  0.00D+00  THRDE   =  1.00D+00  THRREF  =  1.00D-05  SPARFAC =  1.00D+00  THRDLP  =  1.00D-07
 THRDIA  =  1.00D-10  THRDLS  =  1.00D-07  THRGPS  =  0.00D+00  THRKEX  =  0.00D+00  THRDIS  =  2.00D-01  THRVAR  =  1.00D-10
 THRLOC  =  1.00D-06  THRGAP  =  1.00D-06  THRLOCT = -1.00D+00  THRGAPT = -1.00D+00  THRORB  =  1.00D-06  THRMLTP =  0.00D+00
 THRCPQCI=  1.00D-10  KEXTA   =  0.00D+00  THRCOARS=  0.00D+00  SYMTOL  =  1.00D-06  GRADTOL =  1.00D-06  THROVL  =  1.00D-08
 THRORTH =  1.00D-08  GRID    =  1.00D-06  GRIDMAX =  1.00D-03  DTMAX   =  0.00D+00  THROCCDE=  1.00D-01  THROCCDE=  1.00D-01



 THRESHOLDS:

 ZERO    =  1.00D-12  ONEINT  =  1.00D-15  TWOINT  =  1.00D-15  PREFAC  =  1.00D-14  LOCALI  =  1.00D-09  EORDER  =  1.00D-04
 ENERGY  =  0.00D+00  ETEST   =  0.00D+00  EDENS   =  0.00D+00  THRDEDEF=  1.00D-06  GRADIENT=  1.00D-02  STEP    =  1.00D-03
 ORBITAL =  1.00D-05  CIVEC   =  1.00D-05  COEFF   =  1.00D-04  PRINTCI =  5.00D-02  PUNCHCI =  9.90D+01  OPTGRAD =  3.00D-04
 OPTENERG=  1.00D-06  OPTSTEP =  3.00D-04  THRGRAD =  1.00D-10  COMPRESS=  1.00D-11  VARMIN  =  1.00D-07  VARMAX  =  1.00D-03
 THRDOUB =  0.00D+00  THRDIV  =  1.00D-05  THRRED  =  1.00D-07  THRPSP  =  1.00D+00  THRDC   =  1.00D-10  THRCS   =  1.00D-10
 THRNRM  =  1.00D-08  THREQ   =  0.00D+00  THRDE   =  1.00D+00  THRREF  =  1.00D-05  SPARFAC =  1.00D+00  THRDLP  =  1.00D-07
 THRDIA  =  1.00D-10  THRDLS  =  1.00D-07  THRGPS  =  0.00D+00  THRKEX  =  0.00D+00  THRDIS  =  2.00D-01  THRVAR  =  1.00D-10
 THRLOC  =  1.00D-06  THRGAP  =  1.00D-06  THRLOCT = -1.00D+00  THRGAPT = -1.00D+00  THRORB  =  1.00D-06  THRMLTP =  0.00D+00
 THRCPQCI=  1.00D-10  KEXTA   =  0.00D+00  THRCOARS=  0.00D+00  SYMTOL  =  1.00D-06  GRADTOL =  1.00D-06  THROVL  =  1.00D-08
 THRORTH =  1.00D-08  GRID    =  1.00D-06  GRIDMAX =  1.00D-03  DTMAX   =  0.00D+00  THROCCDE=  1.00D-01  THROCCDE=  1.00D-01



Geometry recognized as XYZ


 Variable memory set to 1000000000 words,  buffer space   230000 words

 SETTING BASIS          =    USERDEF

 DO I                   =        13.00000000   

 Running procedure=VIIIP4


 Recomputing integrals since basis changed


 Using spherical harmonics



 PROGRAM * SEWARD (Integral evaluation for generally contracted gaussian basis sets)     Author: Roland Lindh, 1990

 Geometry written to block  1 of record 700

 Orientation using atomic masses  
 Molecule type: Atom
 Symmetry elements: X,Y,Z
 Rotational constants:       0.0000000      0.0000000      0.0000000 GHz  (calculated with average atomic masses)

 Point group  D2h 



 ATOMIC COORDINATES

 NR  ATOM    CHARGE       X              Y              Z

   1  LU     25.00    0.000000000    0.000000000    0.000000000

 NUCLEAR CHARGE:                   25
 NUMBER OF PRIMITIVE AOS:         581
 NUMBER OF SYMMETRY AOS:          442
 NUMBER OF CONTRACTIONS:          442   ( 103Ag  +  70B3u +  70B2u +  36B1g +  70B1u +  36B2g +  36B3g +  21Au  )
 NUMBER OF CORE ORBITALS:           0   (   0Ag  +   0B3u +   0B2u +   0B1g +   0B1u +   0B2g +   0B3g +   0Au  )
 NUMBER OF VALENCE ORBITALS:       17   (   4Ag  +   3B3u +   3B2u +   1B1g +   3B1u +   1B2g +   1B3g +   1Au  )


 NUCLEAR REPULSION ENERGY    0.00000000

 EXTRA SYMMETRY OF AOS IN SYMMETRY 1:   1 1 1 1 1 1 1 1 1 1   1 1 1 1 1 1 1 1 1 1   1 1 1 1 1 1 1 1 1 1   1 1 1 1 1 1 1 1 2 3
                                        2 3 2 3 2 3 2 3 2 3   2 3 2 3 2 3 2 3 2 3   2 3 2 3 2 3 2 3 2 3   2 3 2 3 2 3 2 3 2 3
                                        2 3 4 5 6 4 5 6 4 5   6 4 5 6 4 5 6 4 5 6   4 5 6
 EXTRA SYMMETRY OF AOS IN SYMMETRY 2:   1 1 1 1 1 1 1 1 1 1   1 1 1 1 1 1 1 1 1 1   1 1 1 1 1 1 1 1 1 1   1 2 3 2 3 2 3 2 3 2
                                        3 2 3 2 3 2 3 2 3 2   3 2 3 2 3 2 3 2 3 2   3 4 5 6 4 5 6 4 5 6
 EXTRA SYMMETRY OF AOS IN SYMMETRY 3:   1 1 1 1 1 1 1 1 1 1   1 1 1 1 1 1 1 1 1 1   1 1 1 1 1 1 1 1 1 1   1 2 3 2 3 2 3 2 3 2
                                        3 2 3 2 3 2 3 2 3 2   3 2 3 2 3 2 3 2 3 2   3 4 5 6 4 5 6 4 5 6
 EXTRA SYMMETRY OF AOS IN SYMMETRY 4:   1 1 1 1 1 1 1 1 1 1   1 1 1 1 1 1 1 1 1 1   1 1 2 3 2 3 2 3 2 3   2 3 2 3 2 3
 EXTRA SYMMETRY OF AOS IN SYMMETRY 5:   1 1 1 1 1 1 1 1 1 1   1 1 1 1 1 1 1 1 1 1   1 1 1 1 1 1 1 1 1 1   1 2 3 2 3 2 3 2 3 2
                                        3 2 3 2 3 2 3 2 3 2   3 2 3 2 3 2 3 2 3 2   3 4 5 6 4 5 6 4 5 6
 EXTRA SYMMETRY OF AOS IN SYMMETRY 6:   1 1 1 1 1 1 1 1 1 1   1 1 1 1 1 1 1 1 1 1   1 1 2 3 2 3 2 3 2 3   2 3 2 3 2 3
 EXTRA SYMMETRY OF AOS IN SYMMETRY 7:   1 1 1 1 1 1 1 1 1 1   1 1 1 1 1 1 1 1 1 1   1 1 2 3 2 3 2 3 2 3   2 3 2 3 2 3
 EXTRA SYMMETRY OF AOS IN SYMMETRY 8:   1 1 1 1 1 1 1 1 1 1   1 1 1 1 1 2 3 2 3 2   3

 Eigenvalues of metric

         1 0.333E-06 0.964E-06 0.340E-05 0.186E-04 0.475E-04 0.703E-04 0.799E-04 0.799E-04
         2 0.960E-06 0.179E-05 0.251E-04 0.110E-03 0.525E-03 0.525E-03 0.534E-03 0.156E-02
         3 0.960E-06 0.179E-05 0.251E-04 0.110E-03 0.525E-03 0.525E-03 0.534E-03 0.156E-02
         4 0.799E-04 0.144E-03 0.223E-02 0.632E-02 0.897E-02 0.238E-01 0.240E-01 0.240E-01
         5 0.960E-06 0.179E-05 0.251E-04 0.110E-03 0.525E-03 0.525E-03 0.534E-03 0.156E-02
         6 0.799E-04 0.144E-03 0.223E-02 0.632E-02 0.897E-02 0.238E-01 0.240E-01 0.240E-01
         7 0.799E-04 0.144E-03 0.223E-02 0.632E-02 0.897E-02 0.238E-01 0.240E-01 0.240E-01
         8 0.525E-03 0.142E-01 0.219E-01 0.528E-01 0.103E+00 0.167E+00 0.268E+00 0.268E+00


 Contracted 2-electron integrals neglected if value below      1.0D-15
 AO integral compression algorithm  1   Integral accuracy      1.0D-15

     3531.604 MB (compressed) written to integral file ( 42.0%)

     Node minimum: 170.656 MB, node maximum: 442.761 MB


 NUMBER OF SORTED TWO-ELECTRON INTEGRALS:   55754337.     BUFFER LENGTH:  32768
 NUMBER OF SEGMENTS:   2  SEGMENT LENGTH:   31983219      RECORD LENGTH: 524288

 Memory used in sort:      32.54 MW

 SORT1 READ  1050599776. AND WROTE    32342641. INTEGRALS IN     94 RECORDS. CPU TIME:    28.09 SEC, REAL TIME:    32.80 SEC
 SORT2 READ   352987961. AND WROTE   613618504. INTEGRALS IN  12892 RECORDS. CPU TIME:     3.47 SEC, REAL TIME:     6.85 SEC

 Node minimum:    55639389.  Node maximum:    55868715. integrals

 OPERATOR DM      FOR CENTER  0  COORDINATES:    0.000000    0.000000    0.000000


 **********************************************************************************************************************************
 DATASETS  * FILE   NREC   LENGTH (MB)   RECORD NAMES
              1      19       21.26       500      610      700      900      950      970     1000      129      960     1100   
                                          VAR    BASINP    GEOM    SYMINP    ZMAT    AOBASIS   BASIS     P2S    ABASIS      S 
                                         1400     1410     1420     1200     1210     1080     1600     1650     1700   
                                           T        V       ECP      H0       H01     AOSYM     SMH    MOLCAS    OPER   

 PROGRAMS   *        TOTAL       INT
 CPU TIMES  *       162.82    162.32
 REAL TIME  *       173.37 SEC
 DISK USED  *         7.78 GB      
 GA USED    *         0.00 MB       (max)       0.00 MB       (current)
 **********************************************************************************************************************************


 PROGRAM * RHF-SCF (OPEN SHELL)       Authors: W. Meyer, H.-J. Werner


 NUMBER OF ELECTRONS:      11+    9-    SPACE SYMMETRY=7    SPIN SYMMETRY: Triplet 
 CONVERGENCE THRESHOLDS:    1.00E-05 (Density)    1.00E-07 (Energy)
 MAX. NUMBER OF ITERATIONS:       60
 INTERPOLATION TYPE:            DIIS
 INTERPOLATION STEPS:              2 (START)      1 (STEP)
 LEVEL SHIFTS:                 -0.60 (CLOSED) -0.30 (OPEN) 

 Number of closed-shell orbitals:    9 (   1   3   2   0   2   0   0   1 )
 Number of open-shell orbitals:      2 (   0   0   1   0   1   0   0   0 )


 
 Extra symmetries of mos in symmetry 2:   3   2   1
 Extra symmetries of mos in symmetry 3:   3   2   1
 Extra symmetries of mos in symmetry 5:   3   2   1
 Guess basis ATOMIC-GUESS,LU=ECP46_GUESS not found. No density guess!


 Molecular orbital dump at record        4202.2

 ITERATION    DDIFF          GRAD             ENERGY        2-EL.EN.            DIPOLE MOMENTS         DIIS   ORB.
    1      0.000D+00      0.000D+00      -148.86711106    348.446954    0.00000    0.00000    0.00000    0    start
    2      0.000D+00      0.301D+00      -144.85949709    132.966635    0.00000    0.00000    0.00000    0    diag,B
    3      0.195D+00      0.208D+00      -160.57164161    319.617644    0.00000    0.00000    0.00000    1    diag,B
    4      0.101D+00      0.232D+00      -172.74622066    269.427630    0.00000    0.00000    0.00000    2    diag,B
    5      0.516D-01      0.735D-01      -174.26356331    249.853319    0.00000    0.00000    0.00000    3    diag,B
    6      0.324D-01      0.159D-01      -174.34909358    244.193769    0.00000    0.00000    0.00000    4    diag,B
    7      0.691D-02      0.141D-02      -174.35015513    244.337999    0.00000    0.00000    0.00000    5    fixocc
    8      0.145D-02      0.469D-03      -174.35026777    244.455456    0.00000    0.00000    0.00000    6    diag,B
    9      0.198D-03      0.189D-03      -174.35024490    244.482249    0.00000    0.00000    0.00000    7    diag,B
   10      0.423D-04      0.627D-04      -174.35024667    244.508860    0.00000    0.00000    0.00000    8    orth
   11      0.295D-04      0.394D-05      -174.35024669    244.508970    0.00000    0.00000    0.00000    9    diag,B
   12      0.617D-05      0.191D-05      -174.35024670    244.508333    0.00000    0.00000    0.00000    0    orth

 Final alpha occupancy:   1   3   3   0   3   0   0   1
 Final beta  occupancy:   1   3   2   0   2   0   0   1

 !RHF STATE 1.7 Energy               -174.350246696834
 Nuclear energy                         0.00000000
 One-electron energy                 -296.60441326
 Two-electron energy                  122.25416656
 Virial quotient                       -1.68250988
 !RHF STATE 1.7 Dipole moment           0.00000000     0.00000000     0.00000000
 Dipole moment /Debye                   0.00000000     0.00000000     0.00000000

 ELECTRON ORBITALS
 =================


   Orb  Occ    Energy  Couls-En    Coefficients

                                   1 1s      1 1s      1 1s      1 1s      1 1s      1 1s      1 1s      1 1s      1 1s      1 1s   
                                   1 1s      1 1s      1 1s      1 1s      1 1s      1 1s      1 1s      1 1s      1 1s      1 1s   
                                   1 1s      1 1s      1 1s      1 1s      1 1s      1 1s      1 1s      1 1s      1 1s      1 1s   
                                   1 1s      1 1s      1 1s      1 1s      1 1s      1 1s      1 1s      1 1s      1 3d0     1 3d2+ 
                                   1 3d0     1 3d2+    1 3d0     1 3d2+    1 3d0     1 3d2+    1 3d0     1 3d2+    1 3d0     1 3d2+ 
                                   1 3d0     1 3d2+    1 3d0     1 3d2+    1 3d0     1 3d2+    1 3d0     1 3d2+    1 3d0     1 3d2+ 
                                   1 3d0     1 3d2+    1 3d0     1 3d2+    1 3d0     1 3d2+    1 3d0     1 3d2+    1 3d0     1 3d2+ 
                                   1 3d0     1 3d2+    1 3d0     1 3d2+    1 3d0     1 3d2+    1 3d0     1 3d2+    1 3d0     1 3d2+ 
                                   1 3d0     1 3d2+    1 5g0     1 5g4+    1 5g2+    1 5g0     1 5g4+    1 5g2+    1 5g0     1 5g4+ 
                                   1 5g2+    1 5g0     1 5g4+    1 5g2+    1 5g0     1 5g4+    1 5g2+    1 5g0     1 5g4+    1 5g2+ 
                                   1 5g0     1 5g4+    1 5g2+ 

   1.1   2    -4.5123  -20.9870 -0.000000  0.000000 -0.000000  0.000000 -0.000000  0.000000 -0.000000  0.000000 -0.000000  0.000000
                                -0.000000  0.000000 -0.000001  0.000003 -0.000031 -0.000182  0.000243 -0.000697  0.002630  0.000134
                                -0.014942  0.164928 -0.251341  0.064570  0.464672 -0.885848 -0.436382  1.239852  0.393480  0.030671
                                -0.035827  0.058503 -0.089923  0.067866 -0.026854  0.010354 -0.002669  0.000475  0.000000 -0.000000
                                -0.000000  0.000000  0.000000 -0.000000 -0.000001  0.000001  0.000002 -0.000003 -0.000006  0.000010
                                 0.000017 -0.000030 -0.000055  0.000094  0.000271 -0.000470 -0.000667  0.001156  0.000619 -0.001072
                                -0.000344  0.000596  0.000407 -0.000705 -0.001047  0.001813 -0.001844  0.003193  0.000554 -0.000959
                                -0.001913  0.003313  0.002736 -0.004739 -0.001363  0.002361  0.000270 -0.000468 -0.000097  0.000168
                                 0.000026 -0.000045 -0.000000 -0.000000  0.000000  0.000002  0.000003 -0.000002 -0.000001 -0.000002
                                 0.000001 -0.000008 -0.000015  0.000011  0.000008  0.000015 -0.000012 -0.000003 -0.000006  0.000005
                                 0.000001  0.000002 -0.000001

   2.1   0    -2.0727  -14.8248  0.000000  0.000000 -0.000000  0.000000 -0.000000  0.000000 -0.000000  0.000000 -0.000000  0.000000
                                -0.000000  0.000000 -0.000000  0.000000 -0.000000 -0.000000  0.000000 -0.000000  0.000000  0.000000
                                -0.000000  0.000000 -0.000000  0.000000 -0.000000 -0.000000 -0.000000  0.000000 -0.000000  0.000000
                                -0.000000  0.000000 -0.000000  0.000000 -0.000000  0.000000 -0.000000  0.000000 -0.000000 -0.000000
                                 0.000001  0.000001 -0.000007 -0.000004  0.000030  0.000017 -0.000108 -0.000062  0.000340  0.000197
                                -0.001016 -0.000587  0.003200  0.001847 -0.015753 -0.009095  0.038633  0.022305 -0.036493 -0.021069
                                 0.032840  0.018960 -0.144573 -0.083469  0.484507  0.279730  0.525166  0.303205 -0.015610 -0.009012
                                 0.207977  0.120076 -0.314590 -0.181629  0.163186  0.094215 -0.033901 -0.019573  0.012401  0.007160
                                -0.003319 -0.001916  0.000074 -0.000088 -0.000066 -0.000223  0.000264  0.000200  0.003271 -0.003871
                                -0.002926  0.008293 -0.009812 -0.007417 -0.007895  0.009341  0.007061  0.003210 -0.003798 -0.002871
                                -0.001064  0.001259  0.000952

   3.1   0    -2.0078  -14.7015  0.000000 -0.000000  0.000000 -0.000000  0.000000 -0.000000  0.000000 -0.000000  0.000000 -0.000000
                                 0.000000 -0.000001  0.000002 -0.000006  0.000033  0.000108 -0.000077  0.000116 -0.000219 -0.000102
                                 0.000567 -0.002900  0.003770 -0.003221  0.007863 -0.017138  0.017739  0.003807 -0.011427 -0.002691
                                -0.001897  0.002303 -0.003607  0.002770 -0.001122  0.000440 -0.000115  0.000021  0.000000 -0.000000
                                -0.000001  0.000001  0.000004 -0.000007 -0.000016  0.000028  0.000058 -0.000100 -0.000182  0.000316
                                 0.000544 -0.000942 -0.001712  0.002965  0.008417 -0.014578 -0.020617  0.035710  0.019461 -0.033707
                                -0.017723  0.030697  0.080355 -0.139179 -0.271122  0.469598 -0.306146  0.530261  0.000317 -0.000549
                                -0.102659  0.177811  0.157661 -0.273078 -0.082601  0.143070  0.017337 -0.030029 -0.006366  0.011027
                                 0.001706 -0.002955 -0.000077 -0.000151  0.000114  0.000226  0.000445 -0.000336 -0.003400 -0.006705
                                 0.005069 -0.008935 -0.017621  0.013320  0.008452  0.016667 -0.012599 -0.003442 -0.006787  0.005131
                                 0.001142  0.002252 -0.001702

                                   1 2px     1 2px     1 2px     1 2px     1 2px     1 2px     1 2px     1 2px     1 2px     1 2px  
                                   1 2px     1 2px     1 2px     1 2px     1 2px     1 2px     1 2px     1 2px     1 2px     1 2px  
                                   1 2px     1 2px     1 2px     1 2px     1 2px     1 2px     1 2px     1 2px     1 2px     1 2px  
                                   1 2px     1 4f1+    1 4f3+    1 4f1+    1 4f3+    1 4f1+    1 4f3+    1 4f1+    1 4f3+    1 4f1+ 
                                   1 4f3+    1 4f1+    1 4f3+    1 4f1+    1 4f3+    1 4f1+    1 4f3+    1 4f1+    1 4f3+    1 4f1+ 
                                   1 4f3+    1 4f1+    1 4f3+    1 4f1+    1 4f3+    1 4f1+    1 4f3+    1 4f1+    1 4f3+    1 4f1+ 
                                   1 4f3+    1 6h1+    1 6h3+    1 6h5+    1 6h1+    1 6h3+    1 6h5+    1 6h1+    1 6h3+    1 6h5+ 


   1.2   2    -2.0189  -16.5323 -0.000000  0.000000 -0.000000  0.000000 -0.000000  0.000000 -0.000000  0.000000 -0.000000  0.000000
                                -0.000000  0.000000 -0.000001  0.000004 -0.000017  0.000152 -0.000439  0.001478 -0.003342  0.002240
                                 0.004941 -0.006382  0.003741 -0.012822 -0.012199 -0.004253  0.000568  0.012085 -0.000263  0.000111
                                -0.000024  0.000008 -0.000011 -0.000056  0.000072  0.000273 -0.000353 -0.001327  0.001713  0.013752
                                -0.017753 -0.021868  0.028231  0.077588 -0.100166  0.126053 -0.162734  0.217016 -0.280166  0.269903
                                -0.348443  0.115263 -0.148804  0.001594 -0.002058  0.002501 -0.003228 -0.001589  0.002052  0.000551
                                -0.000712  0.000503 -0.000544  0.000730  0.002230 -0.002408  0.003231  0.001374 -0.001484  0.001991

   2.2   2    -2.0383  -16.5623 -0.000000 -0.000000 -0.000000  0.000000  0.000000 -0.000000  0.000000 -0.000000  0.000000 -0.000000
                                 0.000000 -0.000000  0.000000 -0.000000  0.000000 -0.000000  0.000000 -0.000000  0.000000 -0.000000
                                 0.000000  0.000000  0.000000  0.000000  0.000000 -0.000000 -0.000000 -0.000000  0.000000 -0.000000
                                 0.000000 -0.000011 -0.000008  0.000073  0.000056 -0.000354 -0.000274  0.001721  0.001333 -0.017818
                                -0.013802  0.028359  0.021966 -0.100254 -0.077657 -0.162690 -0.126019 -0.280972 -0.217640 -0.349159
                                -0.270458 -0.146848 -0.113748 -0.001396 -0.001081 -0.003511 -0.002719  0.002167  0.001678 -0.000746
                                -0.000578 -0.000545  0.000252  0.000565 -0.002420  0.001120  0.002505 -0.001470  0.000681  0.001522

   3.2   2    -3.5709  -18.6342  0.000000 -0.000000  0.000000 -0.000000  0.000000 -0.000000  0.000001 -0.000004  0.000013 -0.000039
                                 0.000115 -0.000320  0.000884 -0.002685  0.009904 -0.082086  0.199550 -0.377279  0.655374 -0.635566
                                -0.068540  0.776356  0.043749  0.381165 -0.111532  0.006486  0.003948  0.110893 -0.002634  0.001137
                                -0.000252  0.000000 -0.000000 -0.000002  0.000003  0.000010 -0.000013 -0.000049  0.000064  0.000446
                                -0.000575 -0.000803  0.001036  0.001317 -0.001700  0.000761 -0.000982  0.003374 -0.004356  0.004986
                                -0.006437  0.000454 -0.000586  0.000045 -0.000058 -0.000051  0.000066  0.000029 -0.000037 -0.000010
                                 0.000013  0.000006 -0.000006  0.000008  0.000029 -0.000032  0.000042  0.000008 -0.000008  0.000011

   4.2   0    -1.1300   -8.9434 -0.000000  0.000000 -0.000000  0.000000 -0.000000  0.000000 -0.000000  0.000001 -0.000004  0.000014
                                -0.000041  0.000114 -0.000316  0.000969 -0.003630  0.030773 -0.075551  0.150143 -0.293385  0.320269
                                 0.019515 -0.535101  0.025799 -0.350932 -3.890135  0.952929  0.442814  3.833915 -0.074648  0.030418
                                -0.006529 -0.000000  0.000000  0.000002 -0.000003 -0.000010  0.000013  0.000047 -0.000060 -0.000425
                                 0.000549  0.000771 -0.000995 -0.001265  0.001633 -0.000559  0.000721 -0.003677  0.004747 -0.002306
                                 0.002978  0.013569 -0.017518  0.010051 -0.012975 -0.003479  0.004492  0.001636 -0.002112 -0.000514
                                 0.000664 -0.000003  0.000004 -0.000005 -0.000029  0.000031 -0.000042  0.000109 -0.000117  0.000157

   5.2   0    -0.7173   -6.9952 -0.000000  0.000000 -0.000000  0.000000  0.000000 -0.000000  0.000000 -0.000000  0.000000 -0.000000
                                 0.000000 -0.000000  0.000000 -0.000000  0.000000 -0.000000  0.000000  0.000000 -0.000000  0.000000
                                -0.000000 -0.000000  0.000000 -0.000000 -0.000000  0.000000 -0.000000  0.000000 -0.000000  0.000000
                                -0.000000 -0.000001 -0.000001  0.000005  0.000004 -0.000028 -0.000021  0.000158  0.000122 -0.002586
                                -0.002003  0.003051  0.002364 -0.030396 -0.023544 -0.063506 -0.049192 -0.092681 -0.071790 -0.101953
                                -0.078972  0.181636  0.140695  0.603408  0.467396  0.058044  0.044961  0.070382  0.054517 -0.020073
                                -0.015548 -0.000162  0.000075  0.000168 -0.001302  0.000603  0.001348  0.002373 -0.001098 -0.002456

                                   1 2py     1 2py     1 2py     1 2py     1 2py     1 2py     1 2py     1 2py     1 2py     1 2py  
                                   1 2py     1 2py     1 2py     1 2py     1 2py     1 2py     1 2py     1 2py     1 2py     1 2py  
                                   1 2py     1 2py     1 2py     1 2py     1 2py     1 2py     1 2py     1 2py     1 2py     1 2py  
                                   1 2py     1 4f1-    1 4f3-    1 4f1-    1 4f3-    1 4f1-    1 4f3-    1 4f1-    1 4f3-    1 4f1- 
                                   1 4f3-    1 4f1-    1 4f3-    1 4f1-    1 4f3-    1 4f1-    1 4f3-    1 4f1-    1 4f3-    1 4f1- 
                                   1 4f3-    1 4f1-    1 4f3-    1 4f1-    1 4f3-    1 4f1-    1 4f3-    1 4f1-    1 4f3-    1 4f1- 
                                   1 4f3-    1 6h1-    1 6h3-    1 6h5-    1 6h1-    1 6h3-    1 6h5-    1 6h1-    1 6h3-    1 6h5- 


   1.3   2    -2.0241  -16.5403  0.000000 -0.000000  0.000000 -0.000000  0.000000 -0.000000  0.000000 -0.000000  0.000000 -0.000001
                                 0.000001 -0.000004  0.000011 -0.000035  0.000127 -0.001043  0.002480 -0.004164  0.006595 -0.007202
                                 0.003069  0.005922  0.003333 -0.004929 -0.011150 -0.003149  0.000508  0.011050 -0.000243  0.000103
                                -0.000022  0.000003 -0.000013 -0.000023  0.000089  0.000112 -0.000433 -0.000542  0.002101  0.005621
                                -0.021769 -0.008940  0.034626  0.031685 -0.122717  0.051457 -0.199291  0.088667 -0.343406  0.110255
                                -0.427014  0.046905 -0.181664  0.000601 -0.002327  0.001042 -0.004035 -0.000657  0.002546  0.000228
                                -0.000881  0.000123 -0.000400  0.000893  0.000546 -0.001770  0.003958  0.000335 -0.001087  0.002430

   2.3   2    -2.0623  -16.5994 -0.000000  0.000000  0.000000 -0.000000  0.000000 -0.000000  0.000000 -0.000000  0.000000 -0.000000
                                 0.000000 -0.000000  0.000000 -0.000000  0.000000 -0.000000  0.000000  0.000000 -0.000000  0.000000
                                 0.000000 -0.000000  0.000000 -0.000000 -0.000000  0.000000  0.000000  0.000000 -0.000000  0.000000
                                -0.000000 -0.000013 -0.000003  0.000090  0.000023 -0.000437 -0.000113  0.002120  0.000547 -0.021926
                                -0.005661  0.034934  0.009020 -0.122924 -0.031739 -0.199172 -0.051426 -0.345367 -0.089173 -0.428579
                                -0.110659 -0.176782 -0.045645 -0.000773 -0.000200 -0.004689 -0.001211  0.002810  0.000725 -0.000961
                                -0.000248 -0.000222  0.000446  0.000230 -0.000989  0.001984  0.001024 -0.000590  0.001184  0.000611

   3.3   +    -3.6965  -18.7924  0.000000 -0.000000  0.000000 -0.000000  0.000000 -0.000000  0.000001 -0.000004  0.000013 -0.000041
                                 0.000121 -0.000337  0.000930 -0.002826  0.010427 -0.086537  0.210738 -0.397709  0.681657 -0.651097
                                -0.074883  0.802000  0.044702  0.363583 -0.140637  0.002211  0.005396  0.139719 -0.003261  0.001401
                                -0.000310  0.000000 -0.000001 -0.000001  0.000004  0.000005 -0.000018 -0.000022  0.000085  0.000178
                                -0.000690 -0.000355  0.001373  0.000092 -0.000358 -0.000903  0.003496  0.000049 -0.000191  0.000517
                                -0.002001 -0.000987  0.003821  0.000035 -0.000136 -0.000080  0.000308  0.000046 -0.000177 -0.000016
                                 0.000060 -0.000002  0.000005 -0.000011 -0.000002  0.000007 -0.000016 -0.000007  0.000022 -0.000050

   4.3   0    -1.1529   -9.0421 -0.000000  0.000000 -0.000000  0.000000 -0.000000  0.000000 -0.000000  0.000002 -0.000005  0.000017
                                -0.000049  0.000138 -0.000382  0.001170 -0.004367  0.036873 -0.090428  0.175845 -0.326741  0.344444
                                 0.012463 -0.534401 -0.027621 -0.286576 -3.487978  0.970475  0.400957  3.436242 -0.066330  0.026960
                                -0.005779 -0.000000  0.000000  0.000001 -0.000003 -0.000003  0.000013  0.000016 -0.000064 -0.000149
                                 0.000578  0.000271 -0.001050 -0.000430  0.001665 -0.000163  0.000633 -0.001244  0.004818 -0.000723
                                 0.002800  0.004476 -0.017336  0.003096 -0.011989 -0.001088  0.004214  0.000505 -0.001955 -0.000158
                                 0.000613 -0.000001  0.000002 -0.000005 -0.000006  0.000018 -0.000040  0.000021 -0.000068  0.000153

   5.3   0    -0.7251   -7.0698  0.000000 -0.000000 -0.000000  0.000000 -0.000000  0.000000 -0.000000  0.000000 -0.000000  0.000000
                                -0.000000  0.000000 -0.000000  0.000000 -0.000000  0.000000 -0.000000  0.000000 -0.000000  0.000000
                                -0.000000  0.000000 -0.000000  0.000000 -0.000000 -0.000000 -0.000000  0.000000  0.000000 -0.000000
                                 0.000000 -0.000001 -0.000000  0.000007  0.000002 -0.000038 -0.000010  0.000213  0.000055 -0.003366
                                -0.000869  0.004073  0.001052 -0.038175 -0.009857 -0.079009 -0.020400 -0.116863 -0.030174 -0.126067
                                -0.032550  0.237175  0.061238  0.743406  0.191947  0.053873  0.013910  0.086848  0.022424 -0.025154
                                -0.006495 -0.000067  0.000135  0.000070 -0.000537  0.001077  0.000556  0.001000 -0.002006 -0.001035

                                   1 3d2-    1 3d2-    1 3d2-    1 3d2-    1 3d2-    1 3d2-    1 3d2-    1 3d2-    1 3d2-    1 3d2- 
                                   1 3d2-    1 3d2-    1 3d2-    1 3d2-    1 3d2-    1 3d2-    1 3d2-    1 3d2-    1 3d2-    1 3d2- 
                                   1 3d2-    1 3d2-    1 5g2-    1 5g4-    1 5g2-    1 5g4-    1 5g2-    1 5g4-    1 5g2-    1 5g4- 
                                   1 5g2-    1 5g4-    1 5g2-    1 5g4-    1 5g2-    1 5g4- 

   1.4   0    -2.0234  -14.7319 -0.000000  0.000001 -0.000008  0.000033 -0.000117  0.000371 -0.001108  0.003485 -0.017140  0.041994
                                -0.039645  0.036003 -0.162169  0.546484  0.610885 -0.004932  0.213807 -0.327000  0.170860 -0.035763
                                 0.013119 -0.003515  0.000066 -0.000175 -0.000196  0.000517  0.002927 -0.007745  0.007625 -0.020173
                                -0.007224  0.019112  0.002940 -0.007780 -0.000975  0.002580

   2.4   0    -0.8449   -7.1990  0.000000 -0.000001  0.000004 -0.000016  0.000055 -0.000174  0.000519 -0.001625  0.007888 -0.019027
                                 0.017590 -0.015303  0.075747 -0.292987 -0.308445  0.782077  0.414505  0.012692 -0.062110  0.024815
                                -0.010239  0.002850 -0.000023  0.000062  0.000049 -0.000129 -0.001250  0.003307  0.000111 -0.000293
                                 0.003583 -0.009480  0.000488 -0.001292  0.000235 -0.000622

                                   1 2pz     1 2pz     1 2pz     1 2pz     1 2pz     1 2pz     1 2pz     1 2pz     1 2pz     1 2pz  
                                   1 2pz     1 2pz     1 2pz     1 2pz     1 2pz     1 2pz     1 2pz     1 2pz     1 2pz     1 2pz  
                                   1 2pz     1 2pz     1 2pz     1 2pz     1 2pz     1 2pz     1 2pz     1 2pz     1 2pz     1 2pz  
                                   1 2pz     1 4f0     1 4f2+    1 4f0     1 4f2+    1 4f0     1 4f2+    1 4f0     1 4f2+    1 4f0  
                                   1 4f2+    1 4f0     1 4f2+    1 4f0     1 4f2+    1 4f0     1 4f2+    1 4f0     1 4f2+    1 4f0  
                                   1 4f2+    1 4f0     1 4f2+    1 4f0     1 4f2+    1 4f0     1 4f2+    1 4f0     1 4f2+    1 4f0  
                                   1 4f2+    1 6h2+    1 6h4+    1 6h0     1 6h2+    1 6h4+    1 6h0     1 6h2+    1 6h4+    1 6h0  


   1.5   2    -2.0241  -16.5403  0.000000 -0.000000  0.000000 -0.000000  0.000000 -0.000000  0.000000 -0.000000  0.000000 -0.000001
                                 0.000001 -0.000004  0.000011 -0.000035  0.000127 -0.001043  0.002480 -0.004164  0.006595 -0.007202
                                 0.003069  0.005922  0.003333 -0.004929 -0.011150 -0.003149  0.000508  0.011050 -0.000243  0.000103
                                -0.000022  0.000008 -0.000011 -0.000056  0.000073  0.000274 -0.000353 -0.001329  0.001715  0.013768
                                -0.017774 -0.021899  0.028272  0.077613 -0.100198  0.126043 -0.162721  0.217189 -0.280389  0.270067
                                -0.348655  0.114894 -0.148328  0.001471 -0.001900  0.002552 -0.003295 -0.001610  0.002079  0.000557
                                -0.000720 -0.000652  0.000565  0.000478 -0.002891  0.002503  0.002116 -0.001775  0.001537  0.001299

   2.5   2    -2.0623  -16.5994  0.000000  0.000000 -0.000000  0.000000 -0.000000  0.000000  0.000000 -0.000000  0.000000 -0.000000
                                -0.000000  0.000000 -0.000000  0.000000 -0.000000  0.000000 -0.000000  0.000000 -0.000000  0.000000
                                -0.000000  0.000000 -0.000000  0.000000  0.000000  0.000000 -0.000000 -0.000000  0.000000 -0.000000
                                 0.000000 -0.000011 -0.000008  0.000073  0.000057 -0.000356 -0.000276  0.001731  0.001341 -0.017902
                                -0.013867  0.028523  0.022094 -0.100367 -0.077744 -0.162623 -0.125968 -0.281991 -0.218429 -0.349933
                                -0.271057 -0.144342 -0.111806 -0.000631 -0.000489 -0.003829 -0.002966  0.002294  0.001777 -0.000784
                                -0.000608  0.000168  0.000437 -0.000287  0.000748  0.001942 -0.001277  0.000446  0.001159 -0.000762

   3.5   +    -3.6965  -18.7924  0.000000 -0.000000  0.000000 -0.000000  0.000000 -0.000000  0.000001 -0.000004  0.000013 -0.000041
                                 0.000121 -0.000337  0.000930 -0.002826  0.010427 -0.086537  0.210738 -0.397709  0.681657 -0.651097
                                -0.074883  0.802000  0.044702  0.363583 -0.140637  0.002211  0.005396  0.139719 -0.003261  0.001401
                                -0.000310  0.000000 -0.000000 -0.000002  0.000003  0.000012 -0.000015 -0.000054  0.000069  0.000436
                                -0.000563 -0.000869  0.001121  0.000226 -0.000292 -0.002211  0.002854  0.000121 -0.000156  0.001266
                                -0.001634 -0.002417  0.003120  0.000086 -0.000111 -0.000195  0.000252  0.000112 -0.000144 -0.000038
                                 0.000049  0.000008 -0.000007 -0.000006  0.000011 -0.000010 -0.000008  0.000037 -0.000032 -0.000027

   4.5   0    -1.1529   -9.0421 -0.000000  0.000000 -0.000000  0.000000 -0.000000  0.000000 -0.000000  0.000002 -0.000005  0.000017
                                -0.000049  0.000138 -0.000382  0.001170 -0.004367  0.036873 -0.090428  0.175845 -0.326741  0.344444
                                 0.012463 -0.534401 -0.027621 -0.286576 -3.487978  0.970475  0.400957  3.436242 -0.066330  0.026960
                                -0.005779 -0.000000  0.000000  0.000002 -0.000002 -0.000009  0.000011  0.000040 -0.000052 -0.000365
                                 0.000472  0.000664 -0.000857 -0.001053  0.001359 -0.000400  0.000517 -0.003047  0.003934 -0.001771
                                 0.002286  0.010964 -0.014155  0.007583 -0.009789 -0.002665  0.003441  0.001236 -0.001596 -0.000388
                                 0.000500  0.000004 -0.000003 -0.000003  0.000030 -0.000026 -0.000022 -0.000112  0.000097  0.000082

   5.5   0    -0.7251   -7.0698  0.000000 -0.000000  0.000000  0.000000 -0.000000  0.000000 -0.000000  0.000000 -0.000000  0.000000
                                -0.000000  0.000000 -0.000000  0.000000 -0.000000  0.000000 -0.000000  0.000000 -0.000000  0.000000
                                -0.000000 -0.000000 -0.000000  0.000000  0.000000  0.000000  0.000000 -0.000000  0.000000 -0.000000
                                 0.000000 -0.000001 -0.000001  0.000006  0.000005 -0.000031 -0.000024  0.000174  0.000135 -0.002749
                                -0.002129  0.003325  0.002576 -0.031170 -0.024144 -0.064511 -0.049970 -0.095418 -0.073911 -0.102933
                                -0.079732  0.193653  0.150003  0.606989  0.470171  0.043987  0.034072  0.070911  0.054927 -0.020538
                                -0.015909  0.000051  0.000132 -0.000087  0.000406  0.001055 -0.000693 -0.000756 -0.001964  0.001291

                                   1 3d1+    1 3d1+    1 3d1+    1 3d1+    1 3d1+    1 3d1+    1 3d1+    1 3d1+    1 3d1+    1 3d1+ 
                                   1 3d1+    1 3d1+    1 3d1+    1 3d1+    1 3d1+    1 3d1+    1 3d1+    1 3d1+    1 3d1+    1 3d1+ 
                                   1 3d1+    1 3d1+    1 5g1+    1 5g3+    1 5g1+    1 5g3+    1 5g1+    1 5g3+    1 5g1+    1 5g3+ 
                                   1 5g1+    1 5g3+    1 5g1+    1 5g3+    1 5g1+    1 5g3+ 

   1.6   0    -2.0234  -14.7319 -0.000000  0.000001 -0.000008  0.000033 -0.000117  0.000371 -0.001108  0.003485 -0.017140  0.041994
                                -0.039645  0.036003 -0.162169  0.546484  0.610885 -0.004932  0.213807 -0.327000  0.170860 -0.035763
                                 0.013119 -0.003515  0.000140 -0.000124 -0.000415  0.000366  0.006210 -0.005476  0.016174 -0.014264
                                -0.015324  0.013514  0.006238 -0.005501 -0.002069  0.001825

   2.6   0    -0.8449   -7.1990  0.000000 -0.000001  0.000004 -0.000016  0.000055 -0.000174  0.000519 -0.001625  0.007888 -0.019027
                                 0.017590 -0.015303  0.075747 -0.292987 -0.308445  0.782077  0.414505  0.012692 -0.062110  0.024815
                                -0.010239  0.002850 -0.000049  0.000044  0.000103 -0.000091 -0.002652  0.002339  0.000235 -0.000207
                                 0.007601 -0.006703  0.001036 -0.000914  0.000498 -0.000439

                                   1 3d1-    1 3d1-    1 3d1-    1 3d1-    1 3d1-    1 3d1-    1 3d1-    1 3d1-    1 3d1-    1 3d1- 
                                   1 3d1-    1 3d1-    1 3d1-    1 3d1-    1 3d1-    1 3d1-    1 3d1-    1 3d1-    1 3d1-    1 3d1- 
                                   1 3d1-    1 3d1-    1 5g1-    1 5g3-    1 5g1-    1 5g3-    1 5g1-    1 5g3-    1 5g1-    1 5g3- 
                                   1 5g1-    1 5g3-    1 5g1-    1 5g3-    1 5g1-    1 5g3- 

   1.7   0    -2.0727  -14.8248 -0.000000  0.000002 -0.000008  0.000035 -0.000124  0.000393 -0.001174  0.003695 -0.018190  0.044609
                                -0.042139  0.037921 -0.166939  0.559460  0.606410 -0.018025  0.240152 -0.363258  0.188431 -0.039145
                                 0.014320 -0.003832  0.000047 -0.000124 -0.000141  0.000373  0.002069 -0.005474  0.005245 -0.013876
                                -0.004993  0.013211  0.002030 -0.005372 -0.000673  0.001781

   2.7   0    -0.8560   -7.2610  0.000000 -0.000001  0.000004 -0.000017  0.000061 -0.000193  0.000574 -0.001797  0.008737 -0.021106
                                 0.019526 -0.016642  0.079044 -0.304778 -0.298604  0.817111  0.315267  0.122944 -0.116419  0.035064
                                -0.013879  0.003810 -0.000016  0.000043  0.000035 -0.000092 -0.000885  0.002341  0.000228 -0.000604
                                 0.002400 -0.006351  0.000349 -0.000924  0.000147 -0.000388

                                   1 4f2-    1 4f2-    1 4f2-    1 4f2-    1 4f2-    1 4f2-    1 4f2-    1 4f2-    1 4f2-    1 4f2- 
                                   1 4f2-    1 4f2-    1 4f2-    1 4f2-    1 4f2-    1 6h4-    1 6h2-    1 6h4-    1 6h2-    1 6h4- 
                                   1 6h2- 

   1.8   2    -2.0383  -16.5623 -0.000014  0.000092 -0.000448  0.002176 -0.022538  0.035871 -0.126813 -0.205789 -0.355404 -0.441656
                                -0.185750 -0.001766 -0.004441  0.002741 -0.000944  0.000714 -0.000412  0.003169 -0.001829  0.001925
                                -0.001111

   2.8   0    -0.7173   -6.9952 -0.000001  0.000007 -0.000035  0.000199 -0.003271  0.003860 -0.038448 -0.080330 -0.117233 -0.128961
                                 0.229754  0.763256  0.073421  0.089027 -0.025390  0.000212 -0.000122  0.001704 -0.000984 -0.003106
                                 0.001794

   3.8   0    -0.4629   -4.5370  0.000000 -0.000001  0.000009 -0.000072  0.001832 -0.001674  0.028517  0.062644  0.088178  0.091193
                                -0.252269 -0.753267  0.793041  0.548342  0.016384 -0.000161  0.000093 -0.001189  0.000687  0.002779
                                -0.001604

 HOMO      1.8    -2.038277 =     -55.4643eV
 LUMO      2.1    -2.072656 =     -56.3998eV
 LUMO-HOMO        -0.034379 =      -0.9355eV


 **********************************************************************************************************************************
 DATASETS  * FILE   NREC   LENGTH (MB)   RECORD NAMES
              1      19       21.31       500      610      700      900      950      970     1000      129      960     1100   
                                          VAR    BASINP    GEOM    SYMINP    ZMAT    AOBASIS   BASIS     P2S    ABASIS      S 
                                         1400     1410     1420     1200     1210     1080     1600     1650     1700   
                                           T        V       ECP      H0       H01     AOSYM     SMH    MOLCAS    OPER   

              2       5        6.25       200      700     1000      520     4202   
                                        OPTIONS   GEOM     BASIS   MCVARS     RHF  

 PROGRAMS   *        TOTAL       RHF       INT
 CPU TIMES  *       164.99      2.17    162.32
 REAL TIME  *       176.61 SEC
 DISK USED  *         8.13 GB      
 SF USED    *         0.12 MB      
 GA USED    *         0.00 MB       (max)       0.00 MB       (current)
 **********************************************************************************************************************************


 PROGRAM * POP (Mulliken population analysis)

 
 Density matrix read from record         4202.2  Type=RHF/CHARGE (state 1.7)
 
 Population analysis by basis function type

 Unique atom        s        p        d        f        g    Total    Charge
   1  LU      1.99996  4.00018  0.00004 13.99935  0.00000 20.00000  + 5.00000


 **********************************************************************************************************************************
 DATASETS  * FILE   NREC   LENGTH (MB)   RECORD NAMES
              1      19       21.31       500      610      700      900      950      970     1000      129      960     1100   
                                          VAR    BASINP    GEOM    SYMINP    ZMAT    AOBASIS   BASIS     P2S    ABASIS      S 
                                         1400     1410     1420     1200     1210     1080     1600     1650     1700   
                                           T        V       ECP      H0       H01     AOSYM     SMH    MOLCAS    OPER   

              2       5        6.25       200      700     1000      520     4202   
                                        OPTIONS   GEOM     BASIS   MCVARS     RHF  

 PROGRAMS   *        TOTAL       POP       RHF       INT
 CPU TIMES  *       165.08      0.07      2.17    162.32
 REAL TIME  *       176.72 SEC
 DISK USED  *         8.13 GB      
 SF USED    *         0.12 MB      
 GA USED    *         0.00 MB       (max)       0.00 MB       (current)
 **********************************************************************************************************************************


 PROGRAM * MULTI (Direct Multiconfiguration SCF)       Authors: P.J. Knowles, H.-J. Werner (1984)     S.T. Elbert (1988)


 Number of closed-shell orbitals:   8 (   1   2   2   0   2   0   0   1 )
 Number of active  orbitals:        3 (   0   1   1   0   1   0   0   0 )
 Number of external orbitals:     431 ( 102  67  67  36  67  36  36  20 )

 State symmetry 1

 Number of electrons:     4    Spin symmetry=Triplet   Space symmetry=7
 Number of states:        1
 Number of CSFs:          1   (1 determinants, 3 intermediate states)

 State symmetry 2

 Number of electrons:     4    Spin symmetry=Triplet   Space symmetry=6
 Number of states:        1
 Number of CSFs:          1   (1 determinants, 3 intermediate states)

 State symmetry 3

 Number of electrons:     4    Spin symmetry=Triplet   Space symmetry=4
 Number of states:        1
 Number of CSFs:          1   (1 determinants, 3 intermediate states)

 Molecular orbitals read from record     4202.2  Type=RHF/CANONICAL (state 1.7)
 *** IN SYMMETRY 1 ORBITAL  1 SYMMETRY CONTAMINATION OF 0.784D-02 HAS BEEN REMOVED

 EXTRA SYMMETRY OF MOS IN SYMMETRY 1:   1 2 3 1 2 3 1 2 3 4   5 6 1 2 3 4 5 6 1 2   3 1 2 3 1 2 3 1 1 4   5 3 2 3 1 6 5 6 2 1
                                        1 4 5 6 1 2 3 4 5 6   1 2 3 2 3 1 4 5 6 2   3 1 2 3 1 1 2 3 1 2   3 1 1 2 3 1 2 3 1 1
                                        2 3 1 2 3 1 1 2 3 1   1 2 3 1 1 1 1 1 1 1   1 1 4
 *** IN SYMMETRY 2 ORBITAL  1 SYMMETRY CONTAMINATION OF 0.459D+00 HAS BEEN REMOVED
 *** IN SYMMETRY 2 ORBITAL  2 SYMMETRY CONTAMINATION OF 0.440D+00 HAS BEEN REMOVED
 *** IN SYMMETRY 2 ORBITAL  3 SYMMETRY CONTAMINATION OF 0.812D-02 HAS BEEN REMOVED
 EXTRA SYMMETRY OF MOS IN SYMMETRY 2:   3 2 1 1 2 3 1 2 3 1   2 3 1 2 3 1 1 1 2 3   1 5 6 4 2 1 1 5 6 4   1 2 3 1 5 6 4 2 3 1
                                        2 3 1 1 2 3 1 2 3 1   1 2 3 1 2 3 1 1 2 3   1 1 1 1 1 1 1 1 1 3
 *** IN SYMMETRY 3 ORBITAL  1 SYMMETRY CONTAMINATION OF 0.240D+00 HAS BEEN REMOVED
 *** IN SYMMETRY 3 ORBITAL  2 SYMMETRY CONTAMINATION OF 0.209D+00 HAS BEEN REMOVED
 *** IN SYMMETRY 3 ORBITAL  3 SYMMETRY CONTAMINATION OF 0.443D-02 HAS BEEN REMOVED
 EXTRA SYMMETRY OF MOS IN SYMMETRY 3:   3 2 1 1 2 3 1 2 3 1   2 3 1 2 3 1 1 1 2 3   1 4 5 6 2 1 1 4 5 6   1 2 3 1 4 5 6 2 3 1
                                        2 3 1 1 2 3 1 2 3 1   1 2 3 1 2 3 1 1 2 3   1 1 1 1 1 1 1 1 1 3
 EXTRA SYMMETRY OF MOS IN SYMMETRY 4:   1 1 1 2 3 1 2 3 1 1   1 2 3 1 2 3 1 2 3 1   2 3 1 1 2 3 1 1 1 1   1 1 1 1 1 1
 *** IN SYMMETRY 5 ORBITAL  1 SYMMETRY CONTAMINATION OF 0.458D+00 HAS BEEN REMOVED
 *** IN SYMMETRY 5 ORBITAL  2 SYMMETRY CONTAMINATION OF 0.439D+00 HAS BEEN REMOVED
 *** IN SYMMETRY 5 ORBITAL  3 SYMMETRY CONTAMINATION OF 0.510D-02 HAS BEEN REMOVED
 EXTRA SYMMETRY OF MOS IN SYMMETRY 5:   3 2 1 1 2 3 1 2 3 1   2 3 1 2 3 1 1 1 2 3   1 6 5 4 2 1 1 6 5 4   1 2 3 1 6 5 4 2 3 1
                                        2 3 1 1 2 3 1 2 3 1   1 2 3 1 2 3 1 1 2 3   1 1 1 1 1 1 1 1 1 3
 EXTRA SYMMETRY OF MOS IN SYMMETRY 6:   1 1 1 3 2 1 3 2 1 1   1 3 2 1 3 2 1 3 2 1   3 2 1 1 3 2 1 1 1 1   1 1 1 1 1 1
 EXTRA SYMMETRY OF MOS IN SYMMETRY 7:   1 1 1 2 3 1 2 3 1 1   1 2 3 1 2 3 1 2 3 1   2 3 1 1 2 3 1 1 1 1   1 1 1 1 1 1
 *** IN SYMMETRY 8 ORBITAL  1 SYMMETRY CONTAMINATION OF 0.656D-02 HAS BEEN REMOVED
 EXTRA SYMMETRY OF MOS IN SYMMETRY 8:   1 1 1 1 1 1 3 2 1 3   2 1 3 2 1 1 1 1 1 1   1

 Wavefunction dump at record             5202.2

 Convergence thresholds  0.10E-01 (gradient)  0.10E-05 (energy)  0.10E-02 (step length)

 Weight factors for state symmetry  1:    0.33333
 Weight factors for state symmetry  2:    0.33333
 Weight factors for state symmetry  3:    0.33333

 Number of orbital rotations:      731   (     6 Core/Active    524 Core/Virtual   0 Active/Active    201 Active/Virtual)
 Total number of variables:        734


 ITER. MIC  NCI  NEG     ENERGY(VAR)     ENERGY(PROJ)   ENERGY CHANGE     GRAD(0)  GRAD(ORB)   GRAD(CI)     STEP       TIME

   1   57   12    0    -174.34650821    -174.34688022   -0.00037201    3.04369918 0.00000000 0.00000000  0.11D-01      2.17
   2   20   15    0    -174.34646679    -174.34687519   -0.00040840   *********** 0.00000427 0.00000000  0.74D-05      4.23
   3   22   15    0    -174.34687519    -174.34687519    0.00000000    0.00000427 0.00000000 0.00000000  0.13D-09      6.19

 ** WVFN ****  CONVERGENCE REACHED, FINAL GRADIENT:  0.48D-10



 Results for state 1.7
 =====================

 !MCSCF STATE 1.7 Energy             -174.346875187117
 Nuclear energy                         0.00000000
 Kinetic energy                       103.62464090
 One electron energy                 -296.60806041
 Two electron energy                  122.26118522
 Virial ratio                           2.68248472

 !MCSCF STATE 1.7 Dipole moment         0.00000000     0.00000000     0.00000000
 Dipole moment /Debye                   0.00000000     0.00000000     0.00000000



 Results for state 1.6
 =====================

 !MCSCF STATE 1.6 Energy             -174.346875187117
 Nuclear energy                         0.00000000
 Kinetic energy                       103.62464090
 One electron energy                 -296.60806041
 Two electron energy                  122.26118522
 Virial ratio                           2.68248472

 !MCSCF STATE 1.6 Dipole moment         0.00000000     0.00000000     0.00000000
 Dipole moment /Debye                   0.00000000     0.00000000     0.00000000



 Results for state 1.4
 =====================

 !MCSCF STATE 1.4 Energy             -174.346875187117
 Nuclear energy                         0.00000000
 Kinetic energy                       103.62464090
 One electron energy                 -296.60806041
 Two electron energy                  122.26118522
 Virial ratio                           2.68248472

 !MCSCF STATE 1.4 Dipole moment         0.00000000     0.00000000     0.00000000
 Dipole moment /Debye                   0.00000000     0.00000000     0.00000000

 State-averaged charge density matrix saved on record  5202.2 (density set 1)


 NATURAL ORBITALS (state averaged)
 =================================

   Orb     Occ        Energy       Coefficients

                                   1 1s      1 1s      1 1s      1 1s      1 1s      1 1s      1 1s      1 1s      1 1s      1 1s   
                                   1 1s      1 1s      1 1s      1 1s      1 1s      1 1s      1 1s      1 1s      1 1s      1 1s   
                                   1 1s      1 1s      1 1s      1 1s      1 1s      1 1s      1 1s      1 1s      1 1s      1 1s   
                                   1 1s      1 1s      1 1s      1 1s      1 1s      1 1s      1 1s      1 1s      1 3d0     1 3d2+ 
                                   1 3d0     1 3d2+    1 3d0     1 3d2+    1 3d0     1 3d2+    1 3d0     1 3d2+    1 3d0     1 3d2+ 
                                   1 3d0     1 3d2+    1 3d0     1 3d2+    1 3d0     1 3d2+    1 3d0     1 3d2+    1 3d0     1 3d2+ 
                                   1 3d0     1 3d2+    1 3d0     1 3d2+    1 3d0     1 3d2+    1 3d0     1 3d2+    1 3d0     1 3d2+ 
                                   1 3d0     1 3d2+    1 3d0     1 3d2+    1 3d0     1 3d2+    1 3d0     1 3d2+    1 3d0     1 3d2+ 
                                   1 3d0     1 3d2+    1 5g0     1 5g4+    1 5g2+    1 5g0     1 5g4+    1 5g2+    1 5g0     1 5g4+ 
                                   1 5g2+    1 5g0     1 5g4+    1 5g2+    1 5g0     1 5g4+    1 5g2+    1 5g0     1 5g4+    1 5g2+ 
                                   1 5g0     1 5g4+    1 5g2+ 

   1.1  2.00000    -4.512232    -0.000000  0.000000 -0.000000  0.000000 -0.000000  0.000000 -0.000000  0.000000 -0.000000  0.000000
                                -0.000000  0.000000 -0.000001  0.000003 -0.000031 -0.000183  0.000244 -0.000698  0.002632  0.000135
                                -0.014947  0.164958 -0.251381  0.064597  0.464642 -0.885811 -0.436395  1.239793  0.393555  0.030651
                                -0.035813  0.058485 -0.089897  0.067847 -0.026846  0.010351 -0.002669  0.000474  0.000000  0.000000
                                 0.000000  0.000000  0.000000  0.000000  0.000000  0.000000  0.000000  0.000000  0.000000  0.000000
                                 0.000000  0.000000  0.000000  0.000000  0.000000  0.000000  0.000000  0.000000  0.000000  0.000000
                                 0.000000  0.000000  0.000000  0.000000  0.000000  0.000000  0.000000  0.000000  0.000000  0.000000
                                 0.000000  0.000000  0.000000  0.000000  0.000000  0.000000  0.000000  0.000000  0.000000  0.000000
                                 0.000000  0.000000  0.000000  0.000000  0.000000  0.000000  0.000000  0.000000  0.000000  0.000000
                                 0.000000  0.000000  0.000000  0.000000  0.000000  0.000000  0.000000  0.000000  0.000000  0.000000
                                 0.000000  0.000000  0.000000

                                   1 2px     1 2px     1 2px     1 2px     1 2px     1 2px     1 2px     1 2px     1 2px     1 2px  
                                   1 2px     1 2px     1 2px     1 2px     1 2px     1 2px     1 2px     1 2px     1 2px     1 2px  
                                   1 2px     1 2px     1 2px     1 2px     1 2px     1 2px     1 2px     1 2px     1 2px     1 2px  
                                   1 2px     1 4f1+    1 4f3+    1 4f1+    1 4f3+    1 4f1+    1 4f3+    1 4f1+    1 4f3+    1 4f1+ 
                                   1 4f3+    1 4f1+    1 4f3+    1 4f1+    1 4f3+    1 4f1+    1 4f3+    1 4f1+    1 4f3+    1 4f1+ 
                                   1 4f3+    1 4f1+    1 4f3+    1 4f1+    1 4f3+    1 4f1+    1 4f3+    1 4f1+    1 4f3+    1 4f1+ 
                                   1 4f3+    1 6h1+    1 6h3+    1 6h5+    1 6h1+    1 6h3+    1 6h5+    1 6h1+    1 6h3+    1 6h5+ 


   1.2  2.00000    -2.038125     0.000000  0.000000  0.000000  0.000000  0.000000  0.000000  0.000000  0.000000  0.000000  0.000000
                                 0.000000  0.000000  0.000000  0.000000  0.000000  0.000000  0.000000  0.000000  0.000000  0.000000
                                 0.000000  0.000000  0.000000  0.000000  0.000000  0.000000  0.000000  0.000000  0.000000  0.000000
                                 0.000000  0.000000 -0.000014  0.000000  0.000092  0.000000 -0.000448  0.000000  0.002176  0.000000
                                -0.022539  0.000000  0.035872  0.000000 -0.126818  0.000000 -0.205797  0.000000 -0.355421  0.000000
                                -0.441636  0.000000 -0.185765  0.000000 -0.001777  0.000000 -0.004436  0.000000  0.002739  0.000000
                                -0.000943  0.000000  0.000000  0.000000  0.000000  0.000000  0.000000  0.000000  0.000000  0.000000

   2.2  2.00000    -2.038125     0.000000  0.000000  0.000000  0.000000  0.000000  0.000000  0.000000  0.000000  0.000000  0.000000
                                 0.000000  0.000000  0.000000  0.000000  0.000000  0.000000  0.000000  0.000000  0.000000  0.000000
                                 0.000000  0.000000  0.000000  0.000000  0.000000  0.000000  0.000000  0.000000  0.000000  0.000000
                                 0.000000 -0.000014  0.000000  0.000092  0.000000 -0.000448  0.000000  0.002176  0.000000 -0.022539
                                 0.000000  0.035872  0.000000 -0.126818  0.000000 -0.205797  0.000000 -0.355421  0.000000 -0.441636
                                 0.000000 -0.185765  0.000000 -0.001777  0.000000 -0.004436  0.000000  0.002739  0.000000 -0.000943
                                 0.000000  0.000000  0.000000  0.000000  0.000000  0.000000  0.000000  0.000000  0.000000  0.000000

   3.2  1.33333    -3.415164     0.000000 -0.000000  0.000000 -0.000000  0.000000 -0.000000  0.000001 -0.000004  0.000013 -0.000040
                                 0.000118 -0.000328  0.000906 -0.002753  0.010155 -0.084222  0.204920 -0.387089  0.668004 -0.643022
                                -0.071684  0.788615  0.044794  0.372390 -0.126068  0.004297  0.004671  0.125290 -0.002947  0.001269
                                -0.000281  0.000000  0.000000  0.000000  0.000000  0.000000  0.000000  0.000000  0.000000  0.000000
                                 0.000000  0.000000  0.000000  0.000000  0.000000  0.000000  0.000000  0.000000  0.000000  0.000000
                                 0.000000  0.000000  0.000000  0.000000  0.000000  0.000000  0.000000  0.000000  0.000000  0.000000
                                 0.000000  0.000000  0.000000  0.000000  0.000000  0.000000  0.000000  0.000000  0.000000  0.000000

                                   1 2py     1 2py     1 2py     1 2py     1 2py     1 2py     1 2py     1 2py     1 2py     1 2py  
                                   1 2py     1 2py     1 2py     1 2py     1 2py     1 2py     1 2py     1 2py     1 2py     1 2py  
                                   1 2py     1 2py     1 2py     1 2py     1 2py     1 2py     1 2py     1 2py     1 2py     1 2py  
                                   1 2py     1 4f1-    1 4f3-    1 4f1-    1 4f3-    1 4f1-    1 4f3-    1 4f1-    1 4f3-    1 4f1- 
                                   1 4f3-    1 4f1-    1 4f3-    1 4f1-    1 4f3-    1 4f1-    1 4f3-    1 4f1-    1 4f3-    1 4f1- 
                                   1 4f3-    1 4f1-    1 4f3-    1 4f1-    1 4f3-    1 4f1-    1 4f3-    1 4f1-    1 4f3-    1 4f1- 
                                   1 4f3-    1 6h1-    1 6h3-    1 6h5-    1 6h1-    1 6h3-    1 6h5-    1 6h1-    1 6h3-    1 6h5- 


   1.3  2.00000    -2.038125     0.000000  0.000000  0.000000  0.000000  0.000000  0.000000  0.000000  0.000000  0.000000  0.000000
                                 0.000000  0.000000  0.000000  0.000000  0.000000  0.000000  0.000000  0.000000  0.000000  0.000000
                                 0.000000  0.000000  0.000000  0.000000  0.000000  0.000000  0.000000  0.000000  0.000000  0.000000
                                 0.000000  0.000000 -0.000014  0.000000  0.000092  0.000000 -0.000448  0.000000  0.002176  0.000000
                                -0.022539  0.000000  0.035872  0.000000 -0.126818  0.000000 -0.205797  0.000000 -0.355421  0.000000
                                -0.441636  0.000000 -0.185765  0.000000 -0.001777  0.000000 -0.004436  0.000000  0.002739  0.000000
                                -0.000943  0.000000  0.000000  0.000000  0.000000  0.000000  0.000000  0.000000  0.000000  0.000000

   2.3  2.00000    -2.038125     0.000000  0.000000  0.000000  0.000000  0.000000  0.000000  0.000000  0.000000  0.000000  0.000000
                                 0.000000  0.000000  0.000000  0.000000  0.000000  0.000000  0.000000  0.000000  0.000000  0.000000
                                 0.000000  0.000000  0.000000  0.000000  0.000000  0.000000  0.000000  0.000000  0.000000  0.000000
                                 0.000000 -0.000014  0.000000  0.000092  0.000000 -0.000448  0.000000  0.002176  0.000000 -0.022539
                                 0.000000  0.035872  0.000000 -0.126818  0.000000 -0.205797  0.000000 -0.355421  0.000000 -0.441636
                                 0.000000 -0.185765  0.000000 -0.001777  0.000000 -0.004436  0.000000  0.002739  0.000000 -0.000943
                                 0.000000  0.000000  0.000000  0.000000  0.000000  0.000000  0.000000  0.000000  0.000000  0.000000

   3.3  1.33333    -3.415164     0.000000 -0.000000  0.000000 -0.000000  0.000000 -0.000000  0.000001 -0.000004  0.000013 -0.000040
                                 0.000118 -0.000328  0.000906 -0.002753  0.010155 -0.084222  0.204920 -0.387089  0.668004 -0.643022
                                -0.071684  0.788615  0.044794  0.372390 -0.126068  0.004297  0.004671  0.125290 -0.002947  0.001269
                                -0.000281  0.000000  0.000000  0.000000  0.000000  0.000000  0.000000  0.000000  0.000000  0.000000
                                 0.000000  0.000000  0.000000  0.000000  0.000000  0.000000  0.000000  0.000000  0.000000  0.000000
                                 0.000000  0.000000  0.000000  0.000000  0.000000  0.000000  0.000000  0.000000  0.000000  0.000000
                                 0.000000  0.000000  0.000000  0.000000  0.000000  0.000000  0.000000  0.000000  0.000000  0.000000

                                   1 2pz     1 2pz     1 2pz     1 2pz     1 2pz     1 2pz     1 2pz     1 2pz     1 2pz     1 2pz  
                                   1 2pz     1 2pz     1 2pz     1 2pz     1 2pz     1 2pz     1 2pz     1 2pz     1 2pz     1 2pz  
                                   1 2pz     1 2pz     1 2pz     1 2pz     1 2pz     1 2pz     1 2pz     1 2pz     1 2pz     1 2pz  
                                   1 2pz     1 4f0     1 4f2+    1 4f0     1 4f2+    1 4f0     1 4f2+    1 4f0     1 4f2+    1 4f0  
                                   1 4f2+    1 4f0     1 4f2+    1 4f0     1 4f2+    1 4f0     1 4f2+    1 4f0     1 4f2+    1 4f0  
                                   1 4f2+    1 4f0     1 4f2+    1 4f0     1 4f2+    1 4f0     1 4f2+    1 4f0     1 4f2+    1 4f0  
                                   1 4f2+    1 6h2+    1 6h4+    1 6h0     1 6h2+    1 6h4+    1 6h0     1 6h2+    1 6h4+    1 6h0  


   1.5  2.00000    -2.038125     0.000000  0.000000  0.000000  0.000000  0.000000  0.000000  0.000000  0.000000  0.000000  0.000000
                                 0.000000  0.000000  0.000000  0.000000  0.000000  0.000000  0.000000  0.000000  0.000000  0.000000
                                 0.000000  0.000000  0.000000  0.000000  0.000000  0.000000  0.000000  0.000000  0.000000  0.000000
                                 0.000000 -0.000014  0.000000  0.000092  0.000000 -0.000448  0.000000  0.002176  0.000000 -0.022539
                                 0.000000  0.035872  0.000000 -0.126818  0.000000 -0.205797  0.000000 -0.355421  0.000000 -0.441636
                                 0.000000 -0.185765  0.000000 -0.001777  0.000000 -0.004436  0.000000  0.002739  0.000000 -0.000943
                                 0.000000  0.000000  0.000000  0.000000  0.000000  0.000000  0.000000  0.000000  0.000000  0.000000

   2.5  2.00000    -2.038125     0.000000  0.000000  0.000000  0.000000  0.000000  0.000000  0.000000  0.000000  0.000000  0.000000
                                 0.000000  0.000000  0.000000  0.000000  0.000000  0.000000  0.000000  0.000000  0.000000  0.000000
                                 0.000000  0.000000  0.000000  0.000000  0.000000  0.000000  0.000000  0.000000  0.000000  0.000000
                                 0.000000  0.000000 -0.000014  0.000000  0.000092  0.000000 -0.000448  0.000000  0.002176  0.000000
                                -0.022539  0.000000  0.035872  0.000000 -0.126818  0.000000 -0.205797  0.000000 -0.355421  0.000000
                                -0.441636  0.000000 -0.185765  0.000000 -0.001777  0.000000 -0.004436  0.000000  0.002739  0.000000
                                -0.000943  0.000000  0.000000  0.000000  0.000000  0.000000  0.000000  0.000000  0.000000  0.000000

   3.5  1.33333    -3.415164     0.000000 -0.000000  0.000000 -0.000000  0.000000 -0.000000  0.000001 -0.000004  0.000013 -0.000040
                                 0.000118 -0.000328  0.000906 -0.002753  0.010155 -0.084222  0.204920 -0.387089  0.668004 -0.643022
                                -0.071684  0.788615  0.044794  0.372390 -0.126068  0.004297  0.004671  0.125290 -0.002947  0.001269
                                -0.000281  0.000000  0.000000 -0.000000  0.000000  0.000000  0.000000 -0.000000  0.000000  0.000000
                                 0.000000 -0.000000  0.000000  0.000000  0.000000  0.000000  0.000000  0.000000  0.000000  0.000000
                                 0.000000  0.000000  0.000000  0.000000  0.000000  0.000000  0.000000 -0.000000  0.000000  0.000000
                                 0.000000  0.000000  0.000000  0.000000  0.000000  0.000000  0.000000  0.000000  0.000000  0.000000

                                   1 4f2-    1 4f2-    1 4f2-    1 4f2-    1 4f2-    1 4f2-    1 4f2-    1 4f2-    1 4f2-    1 4f2- 
                                   1 4f2-    1 4f2-    1 4f2-    1 4f2-    1 4f2-    1 6h4-    1 6h2-    1 6h4-    1 6h2-    1 6h4- 
                                   1 6h2- 

   1.8  2.00000    -2.038125    -0.000014  0.000092 -0.000448  0.002176 -0.022539  0.035872 -0.126818 -0.205797 -0.355421 -0.441636
                                -0.185765 -0.001777 -0.004436  0.002739 -0.000943  0.000000  0.000000  0.000000  0.000000  0.000000
                                 0.000000

 Total charge:   5.000000000000
 

 EXTRA SYMMETRY OF MOS IN SYMMETRY 1:   1 2 3 1 3 2 1 3 2 5   4 6 1 3 2 4 6 5 1 3   2 1 3 2 1 2 3 1 1 4   6 5 3 2 1 5 4 6 3 2
                                        1 5 4 6 1 3 2 6 4 5   1 3 2 3 2 1 6 5 4 3   2 1 3 2 1 1 3 2 1 3   2 1 1 3 2 1 3 2 1 1
                                        3 2 1 2 3 1 1 2 3 1   1 3 2 1 1 1 1 1 1 1   1 1 1
 EXTRA SYMMETRY OF MOS IN SYMMETRY 2:   3 2 1 1 2 3 1 3 2 1   3 2 1 3 2 1 1 1 2 3   1 6 4 5 2 3 1 6 5 4   1 3 2 1 5 6 4 3 2 1
                                        3 2 1 1 3 2 1 2 3 1   1 3 2 1 3 2 1 1 3 2   1 1 1 1 1 1 1 1 1 1
 EXTRA SYMMETRY OF MOS IN SYMMETRY 3:   3 2 1 1 3 2 1 2 3 1   2 3 1 3 2 1 1 1 3 2   1 5 6 4 2 3 1 5 6 4   1 3 2 1 5 4 6 2 3 1
                                        3 2 1 1 3 2 1 3 2 1   1 3 2 1 3 2 1 1 3 2   1 1 1 1 1 1 1 1 1 1
 EXTRA SYMMETRY OF MOS IN SYMMETRY 4:   1 1 1 2 3 1 2 3 1 1   1 3 2 1 3 2 1 3 2 1   3 2 1 1 3 2 1 1 1 1   1 1 1 1 1 1
 EXTRA SYMMETRY OF MOS IN SYMMETRY 5:   2 3 1 1 2 3 1 3 2 1   2 3 1 2 3 1 1 1 2 3   1 4 6 5 3 2 1 6 5 4   1 2 3 1 4 5 6 2 3 1
                                        2 3 1 1 2 3 1 2 3 1   1 2 3 1 3 2 1 1 2 3   1 1 1 1 1 1 1 1 1 1
 EXTRA SYMMETRY OF MOS IN SYMMETRY 6:   1 1 1 2 3 1 3 2 1 1   1 2 3 1 2 3 1 2 3 1   2 3 1 1 2 3 1 1 1 1   1 1 1 1 1 1
 EXTRA SYMMETRY OF MOS IN SYMMETRY 7:   1 1 1 3 2 1 2 3 1 1   1 2 3 1 2 3 1 2 3 1   2 3 1 1 2 3 1 1 1 1   1 1 1 1 1 1
 EXTRA SYMMETRY OF MOS IN SYMMETRY 8:   1 1 1 1 1 1 2 3 1 3   2 1 3 2 1 1 1 1 1 1   1

 Natural orbital dump (state averaged) at molpro section  5202.2    (Orbital set 2)


 CI vector for state symmetry 1
 ==============================

 2 a a           1.0000000

 TOTAL ENERGIES                      -174.34687519

 CI vector for state symmetry 2
 ==============================

 a 2 a           1.0000000

 TOTAL ENERGIES                      -174.34687519

 CI vector for state symmetry 3
 ==============================

 a a 2           1.0000000

 TOTAL ENERGIES                      -174.34687519



 **********************************************************************************************************************************
 DATASETS  * FILE   NREC   LENGTH (MB)   RECORD NAMES
              1      20       41.81       500      610      700      900      950      970     1000      129      960     1100   
                                          VAR    BASINP    GEOM    SYMINP    ZMAT    AOBASIS   BASIS     P2S    ABASIS      S 
                                         1400     1410     1420     1200     1210     1080     1600     1650     1700     1380   
                                           T        V       ECP      H0       H01     AOSYM     SMH    MOLCAS    OPER     JKOP   

              2       6        9.83       200      700     1000      520     4202     5202   
                                        OPTIONS   GEOM     BASIS   MCVARS     RHF     MCSCF   

 PROGRAMS   *        TOTAL     MULTI       POP       RHF       INT
 CPU TIMES  *       173.83      8.70      0.07      2.17    162.32
 REAL TIME  *       190.35 SEC
 DISK USED  *         8.13 GB      
 SF USED    *        76.43 MB      
 GA USED    *         0.00 MB       (max)       0.00 MB       (current)
 **********************************************************************************************************************************


 PROGRAM * RHF-SCF (OPEN SHELL)       Authors: W. Meyer, H.-J. Werner


 NUMBER OF ELECTRONS:      11+    9-    SPACE SYMMETRY=7    SPIN SYMMETRY: Triplet 
 CONVERGENCE THRESHOLDS:    1.00E-05 (Density)    1.00E-07 (Energy)
 MAX. NUMBER OF ITERATIONS:        0
 INTERPOLATION TYPE:            DIIS
 INTERPOLATION STEPS:              2 (START)      1 (STEP)
 LEVEL SHIFTS:                 -0.60 (CLOSED) -0.30 (OPEN) 

 Number of closed-shell orbitals:    9 (   1   3   2   0   2   0   0   1 )
 Number of open-shell orbitals:      2 (   0   0   1   0   1   0   0   0 )


 Molecular orbitals read from record     5202.2  Type=MCSCF/NATURAL (state averaged)

 Molecular orbital dump at record        2128.2

 ITERATION    DDIFF          GRAD             ENERGY        2-EL.EN.            DIPOLE MOMENTS         DIIS   ORB.
    1      0.000D+00      0.000D+00      -174.34687519    244.522370    0.00000    0.00000    0.00000    0    start

 Final alpha occupancy:   1   3   3   0   3   0   0   1
 Final beta  occupancy:   1   3   2   0   2   0   0   1

 !RHF STATE 1.7 Energy               -174.346875187117
 Nuclear energy                         0.00000000
 One-electron energy                 -296.60806041
 Two-electron energy                  122.26118522
 Virial quotient                       -1.68248472
 !RHF STATE 1.7 Dipole moment           0.00000000     0.00000000     0.00000000
 Dipole moment /Debye                   0.00000000     0.00000000     0.00000000

 Orbital energies:

         1.1          2.1          3.1
     -4.512232    -1.966229    -1.966229

         1.2          2.2          3.2          4.2          5.2
     -2.038125    -2.038125    -3.415164    -1.136666    -0.715657

         1.3          2.3          3.3          4.3          5.3
     -2.038125    -2.038125    -3.415164    -1.136666    -0.715657

         1.4          2.4
     -1.966229    -0.842591

         1.5          2.5          3.5          4.5          5.5
     -2.038125    -2.038125    -3.415164    -1.136666    -0.715657

         1.6          2.6
     -1.966229    -0.842591

         1.7          2.7
     -1.966229    -0.842591

         1.8          2.8          3.8
     -2.038125    -0.715657    -0.461992

 HOMO      1.8    -2.038125 =     -55.4602eV
 LUMO      2.1    -1.966229 =     -53.5038eV
 LUMO-HOMO         0.071896 =       1.9564eV


 **********************************************************************************************************************************
 DATASETS  * FILE   NREC   LENGTH (MB)   RECORD NAMES
              1      20       41.81       500      610      700      900      950      970     1000      129      960     1100   
                                          VAR    BASINP    GEOM    SYMINP    ZMAT    AOBASIS   BASIS     P2S    ABASIS      S 
                                         1400     1410     1420     1200     1210     1080     1600     1650     1700     1380   
                                           T        V       ECP      H0       H01     AOSYM     SMH    MOLCAS    OPER     JKOP   

              2       7       13.66       200      700     1000      520     4202     5202     2128   
                                        OPTIONS   GEOM     BASIS   MCVARS     RHF     MCSCF     RHF  

 PROGRAMS   *        TOTAL       RHF     MULTI       POP       RHF       INT
 CPU TIMES  *       174.64      0.70      8.70      0.07      2.17    162.32
 REAL TIME  *       191.39 SEC
 DISK USED  *         8.13 GB      
 SF USED    *        76.43 MB      
 GA USED    *         0.00 MB       (max)       0.00 MB       (current)
 **********************************************************************************************************************************
 SETTING SCF(13)        =      -174.34687519  AU                              
 SETTING _CC_NORM_MAX   =         2.00000000                                  


 PROGRAM * CCSD (Restricted open-shell coupled cluster)     Authors: C. Hampel, H.-J. Werner, 1991, M. Deegan, P.J. Knowles, 1992


 Convergence thresholds:  THRVAR = 1.00D-08  THRDEN = 1.00D-06

 CCSD(T)     terms to be evaluated (factor= 1.000)


 Number of closed-shell orbitals:   9 (   1   3   2   0   2   0   0   1 )
 Number of active  orbitals:        2 (   0   0   1   0   1   0   0   0 )
 Number of external orbitals:     431 ( 102  67  67  36  67  36  36  20 )

 Memory could be reduced to 192.51 Mwords without degradation in triples

 Number of N-1 electron functions:              20
 Number of N-2 electron functions:             190
 Number of singly external CSFs:              1326
 Number of doubly external CSFs:           3412847
 Total number of CSFs:                     3414173

 Molecular orbitals read from record     2128.2  Type=RHF/CANONICAL (state 1.7)

 Integral transformation finished. Total CPU:   4.71 sec, npass=  1  Memory used:  36.42 MW

 Starting RMP2 calculation

 Wavefunction is spin-projected

 ITER.      SQ.NORM     CORR.ENERGY   TOTAL ENERGY   ENERGY CHANGE        DEN1      VAR(S)    VAR(P)  DIIS     TIME
   1      5.73359830    -3.72753798  -178.07441317    -3.72753798    -0.54158193  0.37D-04  0.81D+00  0  0     5.07
   2      9.11393785    -4.26911990  -178.61599509    -0.54158193    -0.31569288  0.15D-05  0.50D+00  0  0     5.30
   3     12.48140724    -4.67443091  -179.02130610    -0.40531100    -0.19906528  0.51D-06  0.32D+00  1  1     5.63
   4     29.06985544    -6.02782407  -180.37469926    -1.35339317    -0.03692166  0.35D-05  0.83D-01  2  2     6.55

 UNREASONABLE NORM: 29.069855 CALCULATION WILL BE STOPPED

 The threshold can be changed using option CC_NORM_MAX (see manual). The current value is CC_NORM_MAX=2.00

 Norm of t1 vector:      0.04785059      S-energy:    -0.00815830      T1 diagnostic:  0.00448213
 Norm of t2 vector:      5.29788314      P-energy:    -6.01966577
                                         Alpha-Beta:  -3.80752339
                                         Alpha-Alpha: -1.12583114
                                         Beta-Beta:   -1.08631124

 Spin contamination <S**2-Sz**2-Sz>     0.00000000
 

 RESULTS
 =======

  Reference energy                   -174.346875187117
  RCCSD singles energy                 -0.008158302322
  RCCSD pair energy                    -6.019665772158
  RCCSD correlation energy             -6.027824074480
 
 !RHF-RCCSD energy                   -180.374699261597

 Program statistics:

 Available memory in ccsd:               999998822
 Min. memory needed in ccsd:               9647694
 Max. memory used in ccsd:                13838809
 Max. memory used in cckext:                     0 ( 0 integral passes)
 Max. memory used in cckint:              36423320 ( 1 integral passes)

 
 ? Error
 ? No convergence. This error exit can be avoided using the NOCHECK option
 ? The problem occurs in ccsd
