
 Primary working directories    : /global/cscratch1/sd/haihan
 Secondary working directories  : /global/cscratch1/sd/haihan
 Wavefunction directory         : /global/homes/h/haihan/Research/ECP/f_group_element_ecps/Ta/Molpro/atom/UC/wfu/
 Main file repository           : /global/cscratch1/sd/haihan/

 SHA1      : 19cd028119e0e09f93f0674bd8af7968d9b3eff6
 NAME      : 2015.1.36
 ARCHNAME  : linux/x86_64
 FC        : /opt/cray/pe/craype/2.5.14/bin/ftn
 BLASLIB   : -L/opt/intel/compilers_and_libraries_2018.1.163/linux/mkl/lib/intel64 -Wl,-_start-group -lmkl_intel_ilp64 -lmkl_intel_thread -lmkl_core -Wl,-_end-group -liomp5
 id        : lbl

 Nodes     nprocs
 nid00785     3
 Number of processes for MPI-2 version of Molpro:   nprocs(total)=    4   nprocs(compute)=    3   nprocs(helper)=    1

 Using customized tuning parameters: mindgm=7; mindgv=16; mindgc=1; mindgr=1; noblas=0; minvec=7
 default implementation of scratch files=sf  

 ***,Calculation for Nb atom, singlet and triplet
 memory,3,g
 
 gthresh,twoint=1.e-15
 gthresh,oneint=1.e-15
 
 set,dkroll=1,dkho=10,dkhp=4
 
 geometry={
 1
 Ta
 Ta  0.0 0.0 0.0
 }
 
 basis={
 Including file /global/u2/h/haihan/Research/ECP/f_group_element_ecps/Ta/Molpro/atom/UC/14/../aug-cc-pwCVTZ.basis
 }
 
 
 
 Including file /global/u2/h/haihan/Research/ECP/f_group_element_ecps/Ta/Molpro/atom/UC/14/../Ta_states_ae.proc
 Including file /global/u2/h/haihan/Research/ECP/f_group_element_ecps/Ta/Molpro/atom/UC/14/../contracted.basis
 Including file /global/u2/h/haihan/Research/ECP/f_group_element_ecps/Ta/Molpro/atom/UC/14/../aug-cc-pwCVTZ.basis
 Including file /global/u2/h/haihan/Research/ECP/f_group_element_ecps/Ta/Molpro/atom/UC/14/../contracted.basis
 Including file /global/u2/h/haihan/Research/ECP/f_group_element_ecps/Ta/Molpro/atom/UC/14/../aug-cc-pwCVTZ.basis
 Including file /global/u2/h/haihan/Research/ECP/f_group_element_ecps/Ta/Molpro/atom/UC/14/../contracted.basis
 Including file /global/u2/h/haihan/Research/ECP/f_group_element_ecps/Ta/Molpro/atom/UC/14/../aug-cc-pwCVTZ.basis
 Including file /global/u2/h/haihan/Research/ECP/f_group_element_ecps/Ta/Molpro/atom/UC/14/../contracted.basis
 Including file /global/u2/h/haihan/Research/ECP/f_group_element_ecps/Ta/Molpro/atom/UC/14/../aug-cc-pwCVTZ.basis
 Including file /global/u2/h/haihan/Research/ECP/f_group_element_ecps/Ta/Molpro/atom/UC/14/../contracted.basis
 Including file /global/u2/h/haihan/Research/ECP/f_group_element_ecps/Ta/Molpro/atom/UC/14/../aug-cc-pwCVTZ.basis
 Including file /global/u2/h/haihan/Research/ECP/f_group_element_ecps/Ta/Molpro/atom/UC/14/../contracted.basis
 Including file /global/u2/h/haihan/Research/ECP/f_group_element_ecps/Ta/Molpro/atom/UC/14/../aug-cc-pwCVTZ.basis
 Including file /global/u2/h/haihan/Research/ECP/f_group_element_ecps/Ta/Molpro/atom/UC/14/../contracted.basis
 Including file /global/u2/h/haihan/Research/ECP/f_group_element_ecps/Ta/Molpro/atom/UC/14/../aug-cc-pwCVTZ.basis
 Including file /global/u2/h/haihan/Research/ECP/f_group_element_ecps/Ta/Molpro/atom/UC/14/../contracted.basis
 Including file /global/u2/h/haihan/Research/ECP/f_group_element_ecps/Ta/Molpro/atom/UC/14/../aug-cc-pwCVTZ.basis
 Including file /global/u2/h/haihan/Research/ECP/f_group_element_ecps/Ta/Molpro/atom/UC/14/../contracted.basis
 Including file /global/u2/h/haihan/Research/ECP/f_group_element_ecps/Ta/Molpro/atom/UC/14/../aug-cc-pwCVTZ.basis
 Including file /global/u2/h/haihan/Research/ECP/f_group_element_ecps/Ta/Molpro/atom/UC/14/../contracted.basis
 Including file /global/u2/h/haihan/Research/ECP/f_group_element_ecps/Ta/Molpro/atom/UC/14/../aug-cc-pwCVTZ.basis
 Including file /global/u2/h/haihan/Research/ECP/f_group_element_ecps/Ta/Molpro/atom/UC/14/../contracted.basis
 Including file /global/u2/h/haihan/Research/ECP/f_group_element_ecps/Ta/Molpro/atom/UC/14/../aug-cc-pwCVTZ.basis
 Including file /global/u2/h/haihan/Research/ECP/f_group_element_ecps/Ta/Molpro/atom/UC/14/../contracted.basis
 Including file /global/u2/h/haihan/Research/ECP/f_group_element_ecps/Ta/Molpro/atom/UC/14/../aug-cc-pwCVTZ.basis
 Including file /global/u2/h/haihan/Research/ECP/f_group_element_ecps/Ta/Molpro/atom/UC/14/../contracted.basis
 Including file /global/u2/h/haihan/Research/ECP/f_group_element_ecps/Ta/Molpro/atom/UC/14/../aug-cc-pwCVTZ.basis
 Including file /global/u2/h/haihan/Research/ECP/f_group_element_ecps/Ta/Molpro/atom/UC/14/../contracted.basis
 Including file /global/u2/h/haihan/Research/ECP/f_group_element_ecps/Ta/Molpro/atom/UC/14/../aug-cc-pwCVTZ.basis
 Including file /global/u2/h/haihan/Research/ECP/f_group_element_ecps/Ta/Molpro/atom/UC/14/../contracted.basis
 Including file /global/u2/h/haihan/Research/ECP/f_group_element_ecps/Ta/Molpro/atom/UC/14/../aug-cc-pwCVTZ.basis
 Including file /global/u2/h/haihan/Research/ECP/f_group_element_ecps/Ta/Molpro/atom/UC/14/../contracted.basis
 Including file /global/u2/h/haihan/Research/ECP/f_group_element_ecps/Ta/Molpro/atom/UC/14/../aug-cc-pwCVTZ.basis
 Including file /global/u2/h/haihan/Research/ECP/f_group_element_ecps/Ta/Molpro/atom/UC/14/../contracted.basis
 Including file /global/u2/h/haihan/Research/ECP/f_group_element_ecps/Ta/Molpro/atom/UC/14/../aug-cc-pwCVTZ.basis
 
 
 do i=14,14
     if (i.eq.1) then
         Id3s2
     else if (i.eq.2) then
         Id4s1
     else if (i.eq.3) then
         EAd5s1
     else if (i.eq.4) then
         IPd4
     else if (i.eq.5) then
         IPd3s1
     else if (i.eq.6) then
         IId3
     else if (i.eq.7) then
         IIId2
     else if (i.eq.8) then
         IVd1
     else if (i.eq.9) then
         IVf1
     else if (i.eq.10) then
         IVs1
     else if (i.eq.11) then
         IVp1
     else if (i.eq.12) then
         Vp6
     else if (i.eq.13) then
         VIIp4
     else if (i.eq.14) then
         VIIIp3
     else if (i.eq.15) then
         IXp2
     else if (i.eq.16) then
         Xp1
     else if (i.eq.17) then
         XIp
     endif
     scf(i)=energy
     _CC_NORM_MAX=2.0
     {rccsd(t),maxit=100;core,8,5,5,2,5,2,2,1}
     ccsd(i)=energy
 enddo
 
 table,scf,ccsd
 type,csv
 save

 Variables initialized (889), CPU time= 0.00 sec
 Commands  initialized (702), CPU time= 0.01 sec, 572 directives.
 Default parameters read. Elapsed time= 0.09 sec

 Checking input...
 Passed
1


                                         ***  PROGRAM SYSTEM MOLPRO  ***
                                       Copyright, TTI GmbH Stuttgart, 2015
                                    Version 2015.1 linked Dec 29 2018 15:55:43


 **********************************************************************************************************************************
 LABEL *   Calculation for Nb atom, singlet and triplet                                  
  64 bit mpp version                                                                     DATE: 09-Oct-22          TIME: 09:52:41  
 **********************************************************************************************************************************

 SHA1:             19cd028119e0e09f93f0674bd8af7968d9b3eff6
 **********************************************************************************************************************************

 THRESHOLDS:

 ZERO    =  1.00D-12  ONEINT  =  1.00D-12  TWOINT  =  1.00D-15  PREFAC  =  1.00D-14  LOCALI  =  1.00D-09  EORDER  =  1.00D-04
 ENERGY  =  0.00D+00  ETEST   =  0.00D+00  EDENS   =  0.00D+00  THRDEDEF=  1.00D-06  GRADIENT=  1.00D-02  STEP    =  1.00D-03
 ORBITAL =  1.00D-05  CIVEC   =  1.00D-05  COEFF   =  1.00D-04  PRINTCI =  5.00D-02  PUNCHCI =  9.90D+01  OPTGRAD =  3.00D-04
 OPTENERG=  1.00D-06  OPTSTEP =  3.00D-04  THRGRAD =  1.00D-10  COMPRESS=  1.00D-11  VARMIN  =  1.00D-07  VARMAX  =  1.00D-03
 THRDOUB =  0.00D+00  THRDIV  =  1.00D-05  THRRED  =  1.00D-07  THRPSP  =  1.00D+00  THRDC   =  1.00D-10  THRCS   =  1.00D-10
 THRNRM  =  1.00D-08  THREQ   =  0.00D+00  THRDE   =  1.00D+00  THRREF  =  1.00D-05  SPARFAC =  1.00D+00  THRDLP  =  1.00D-07
 THRDIA  =  1.00D-10  THRDLS  =  1.00D-07  THRGPS  =  0.00D+00  THRKEX  =  0.00D+00  THRDIS  =  2.00D-01  THRVAR  =  1.00D-10
 THRLOC  =  1.00D-06  THRGAP  =  1.00D-06  THRLOCT = -1.00D+00  THRGAPT = -1.00D+00  THRORB  =  1.00D-06  THRMLTP =  0.00D+00
 THRCPQCI=  1.00D-10  KEXTA   =  0.00D+00  THRCOARS=  0.00D+00  SYMTOL  =  1.00D-06  GRADTOL =  1.00D-06  THROVL  =  1.00D-08
 THRORTH =  1.00D-08  GRID    =  1.00D-06  GRIDMAX =  1.00D-03  DTMAX   =  0.00D+00  THROCCDE=  1.00D-01  THROCCDE=  1.00D-01



 THRESHOLDS:

 ZERO    =  1.00D-12  ONEINT  =  1.00D-15  TWOINT  =  1.00D-15  PREFAC  =  1.00D-14  LOCALI  =  1.00D-09  EORDER  =  1.00D-04
 ENERGY  =  0.00D+00  ETEST   =  0.00D+00  EDENS   =  0.00D+00  THRDEDEF=  1.00D-06  GRADIENT=  1.00D-02  STEP    =  1.00D-03
 ORBITAL =  1.00D-05  CIVEC   =  1.00D-05  COEFF   =  1.00D-04  PRINTCI =  5.00D-02  PUNCHCI =  9.90D+01  OPTGRAD =  3.00D-04
 OPTENERG=  1.00D-06  OPTSTEP =  3.00D-04  THRGRAD =  1.00D-10  COMPRESS=  1.00D-11  VARMIN  =  1.00D-07  VARMAX  =  1.00D-03
 THRDOUB =  0.00D+00  THRDIV  =  1.00D-05  THRRED  =  1.00D-07  THRPSP  =  1.00D+00  THRDC   =  1.00D-10  THRCS   =  1.00D-10
 THRNRM  =  1.00D-08  THREQ   =  0.00D+00  THRDE   =  1.00D+00  THRREF  =  1.00D-05  SPARFAC =  1.00D+00  THRDLP  =  1.00D-07
 THRDIA  =  1.00D-10  THRDLS  =  1.00D-07  THRGPS  =  0.00D+00  THRKEX  =  0.00D+00  THRDIS  =  2.00D-01  THRVAR  =  1.00D-10
 THRLOC  =  1.00D-06  THRGAP  =  1.00D-06  THRLOCT = -1.00D+00  THRGAPT = -1.00D+00  THRORB  =  1.00D-06  THRMLTP =  0.00D+00
 THRCPQCI=  1.00D-10  KEXTA   =  0.00D+00  THRCOARS=  0.00D+00  SYMTOL  =  1.00D-06  GRADTOL =  1.00D-06  THROVL  =  1.00D-08
 THRORTH =  1.00D-08  GRID    =  1.00D-06  GRIDMAX =  1.00D-03  DTMAX   =  0.00D+00  THROCCDE=  1.00D-01  THROCCDE=  1.00D-01


 SETTING DKROLL         =         1.00000000                                  
 SETTING DKHO           =        10.00000000                                  
 SETTING DKHP           =         4.00000000                                  

Geometry recognized as XYZ


 Variable memory set to 3000000000 words,  buffer space   230000 words

 SETTING BASIS          =    USERDEF

 DO I                   =        14.00000000   

 Running procedure=VIIIP3
 SETTING BASIS          =    USERDEF


 Recomputing integrals since basis changed


 Using spherical harmonics



 PROGRAM * SEWARD (Integral evaluation for generally contracted gaussian basis sets)     Author: Roland Lindh, 1990

 Geometry written to block  1 of record 700

 Orientation using atomic masses  
 Molecule type: Atom
 Symmetry elements: X,Y,Z
 Rotational constants:       0.0000000      0.0000000      0.0000000 GHz  (calculated with average atomic masses)

 Point group  D2h 



 ATOMIC COORDINATES

 NR  ATOM    CHARGE       X              Y              Z

   1  TA     73.00    0.000000000    0.000000000    0.000000000

 NUCLEAR CHARGE:                   73
 NUMBER OF PRIMITIVE AOS:         455
 NUMBER OF SYMMETRY AOS:          370
 NUMBER OF CONTRACTIONS:          138   (  38Ag  +  18B3u +  18B2u +  14B1g +  18B1u +  14B2g +  14B3g +   4Au  )
 NUMBER OF CORE ORBITALS:          34   (   9Ag  +   6B3u +   6B2u +   2B1g +   6B1u +   2B2g +   2B3g +   1Au  )
 NUMBER OF VALENCE ORBITALS:        6   (   3Ag  +   0B3u +   0B2u +   1B1g +   0B1u +   1B2g +   1B3g +   0Au  )


 NUCLEAR REPULSION ENERGY    0.00000000

 One-electron integrals computed with SEWARD

 10nd-order Douglas-Kroll-Hess method activated. McWeeny DKH parametrization is used.

 Computing Douglas-Kroll / X2C integrals

 AO integral compression algorithm  1   Integral accuracy      1.0D-15

     66.847 MB (compressed) written to integral file ( 75.5%)

     Node minimum: 18.874 MB, node maximum: 24.379 MB


 NUMBER OF SORTED TWO-ELECTRON INTEGRALS:    2018811.     BUFFER LENGTH:  32768
 NUMBER OF SEGMENTS:   1  SEGMENT LENGTH:    2018811      RECORD LENGTH: 524288

 Memory used in sort:       2.58 MW

 SORT1 READ    11127267. AND WROTE     1487512. INTEGRALS IN      5 RECORDS. CPU TIME:     0.21 SEC, REAL TIME:     0.26 SEC
 SORT2 READ     4469215. AND WROTE     6048064. INTEGRALS IN    216 RECORDS. CPU TIME:     0.07 SEC, REAL TIME:     0.15 SEC

 Node minimum:     2009345.  Node maximum:     2019908. integrals

 OPERATOR DM      FOR CENTER  0  COORDINATES:    0.000000    0.000000    0.000000

 EXTRA SYMMETRY OF AOS IN SYMMETRY 1:   1 1 1 1 1 1 1 1 1 1   1 1 1 2 3 2 3 2 3 2   3 2 3 2 3 2 3 2 3 4   5 6 4 5 6 4 5 6
 EXTRA SYMMETRY OF AOS IN SYMMETRY 2:   1 1 1 1 1 1 1 1 1 1   2 3 2 3 2 3 2 3
 EXTRA SYMMETRY OF AOS IN SYMMETRY 3:   1 1 1 1 1 1 1 1 1 1   2 3 2 3 2 3 2 3
 EXTRA SYMMETRY OF AOS IN SYMMETRY 4:   1 1 1 1 1 1 1 1 2 3   2 3 2 3
 EXTRA SYMMETRY OF AOS IN SYMMETRY 5:   1 1 1 1 1 1 1 1 1 1   2 3 2 3 2 3 2 3
 EXTRA SYMMETRY OF AOS IN SYMMETRY 6:   1 1 1 1 1 1 1 1 2 3   2 3 2 3
 EXTRA SYMMETRY OF AOS IN SYMMETRY 7:   1 1 1 1 1 1 1 1 2 3   2 3 2 3

 Eigenvalues of metric

         1 0.204E-05 0.603E-04 0.139E-03 0.178E-03 0.178E-03 0.400E-02 0.702E-02 0.702E-02
         2 0.771E-04 0.761E-03 0.535E-02 0.838E-01 0.247E+00 0.247E+00 0.601E+00 0.703E+00
         3 0.771E-04 0.761E-03 0.535E-02 0.838E-01 0.247E+00 0.247E+00 0.601E+00 0.703E+00
         4 0.178E-03 0.702E-02 0.282E+00 0.282E+00 0.620E+00 0.891E+00 0.891E+00 0.905E+00
         5 0.771E-04 0.761E-03 0.535E-02 0.838E-01 0.247E+00 0.247E+00 0.601E+00 0.703E+00
         6 0.178E-03 0.702E-02 0.282E+00 0.282E+00 0.620E+00 0.891E+00 0.891E+00 0.905E+00
         7 0.178E-03 0.702E-02 0.282E+00 0.282E+00 0.620E+00 0.891E+00 0.891E+00 0.905E+00
         8 0.247E+00 0.703E+00 0.111E+01 0.194E+01


 **********************************************************************************************************************************
 DATASETS  * FILE   NREC   LENGTH (MB)   RECORD NAMES
              1      22       20.53       500      610      700      900      950      970     1000      129      960     1700   
                                          VAR    BASINP    GEOM    SYMINP    ZMAT    AOBASIS   BASIS     P2S    ABASIS    OPER   
                                         1101     1401     1411     1412     1650     1100     1400     1410     1200     1210   
                                          SR      EKINR    POTR     PVPR    MOLCAS      S      EKIN      POT      H0       H01  
                                         1080     1600   
                                         AOSYM     SMH  

 PROGRAMS   *        TOTAL       INT
 CPU TIMES  *        19.82     19.55
 REAL TIME  *        21.92 SEC
 DISK USED  *       118.24 MB      
 GA USED    *         0.00 MB       (max)       0.00 MB       (current)
 **********************************************************************************************************************************


 PROGRAM * RHF-SCF (OPEN SHELL)       Authors: W. Meyer, H.-J. Werner


 NUMBER OF ELECTRONS:      34+   31-    SPACE SYMMETRY=8    SPIN SYMMETRY: Quartet 
 CONVERGENCE THRESHOLDS:    1.00E-05 (Density)    1.46E-07 (Energy)
 MAX. NUMBER OF ITERATIONS:       60
 INTERPOLATION TYPE:            DIIS
 INTERPOLATION STEPS:              2 (START)      1 (STEP)
 LEVEL SHIFTS:                 -0.60 (CLOSED) -0.30 (OPEN) 

 Number of closed-shell orbitals:   31 (   9   5   5   2   5   2   2   1 )
 Number of open-shell orbitals:      3 (   0   1   1   0   1   0   0   0 )


 Orbital guess generated from atomic densities. Full valence occupancy:   12   6   6   3   6   3   3   1


 Molecular orbital dump at record        4202.2

 ITERATION    DDIFF          GRAD             ENERGY        2-EL.EN.            DIPOLE MOMENTS         DIIS   ORB.
    1      0.000D+00      0.000D+00    -15206.93901497  10703.738864    0.00000    0.00000    0.00000    0    start
    2      0.000D+00      0.688D-01    -15207.61793729  10814.844740    0.00000    0.00000    0.00000    1    diag,B
    3      0.603D+01      0.237D-01    -15207.66090459  10781.140623    0.00000    0.00000    0.00000    2    diag,B
    4      0.290D+00      0.605D-02    -15207.66768854  10793.674540    0.00000    0.00000    0.00000    3    diag,B
    5      0.682D-01      0.199D-02    -15207.67126330  10795.468149    0.00000    0.00000    0.00000    4    diag,B
    6      0.189D-01      0.134D-02    -15207.67647940  10799.450055    0.00000    0.00000    0.00000    5    diag,B
    7      0.289D-01      0.114D-02    -15207.68680624  10807.974191    0.00000    0.00000    0.00000    6    fixocc
    8      0.848D-01      0.800D-03    -15207.68727611  10808.830587    0.00000    0.00000    0.00000    7    diag,B
    9      0.315D-02      0.651D-03    -15207.69370969  10817.396834    0.00000    0.00000    0.00000    8    diag,B
   10      0.712D-01      0.935D-03    -15207.69566488  10821.114975    0.00000    0.00000    0.00000    9    orth
   11      0.218D-01      0.424D-03    -15207.69708033  10821.462833    0.00000    0.00000    0.00000    9    diag,B
   12      0.417D-01      0.196D-02    -15207.69706285  10825.758558    0.00000    0.00000    0.00000    9    diag,B
   13      0.266D-01      0.995D-03    -15207.69736904  10823.307563    0.00000    0.00000    0.00000    9    diag,B
   14      0.237D-01      0.975D-03    -15207.69746087  10825.613187    0.00000    0.00000    0.00000    9    diag,B
   15      0.983D-02      0.396D-03    -15207.69745086  10826.012029    0.00000    0.00000    0.00000    9    diag,B
   16      0.126D-02      0.578D-03    -15207.69743572  10826.337381    0.00000    0.00000    0.00000    9    diag,B
   17      0.104D-02      0.749D-03    -15207.69744294  10826.547895    0.00000    0.00000    0.00000    9    diag,B
   18      0.103D-02      0.780D-03    -15207.69748879  10826.380991    0.00000    0.00000    0.00000    9    diag,B
   19      0.327D-02      0.540D-03    -15207.69755571  10826.739926    0.00000    0.00000    0.00000    9    diag,B
   20      0.694D-02      0.336D-03    -15207.69756441  10826.695815    0.00000    0.00000    0.00000    9    orth
   21      0.110D-02      0.259D-03    -15207.69755960  10827.084757    0.00000    0.00000    0.00000    9    diag,B
   22      0.131D-02      0.459D-03    -15207.69753676  10826.772001    0.00000    0.00000    0.00000    9    diag,B
   23      0.273D-02      0.457D-03    -15207.69752274  10826.493859    0.00000    0.00000    0.00000    9    diag,B
   24      0.185D-02      0.422D-03    -15207.69752597  10825.657366    0.00000    0.00000    0.00000    9    diag,B
   25      0.264D-02      0.252D-04    -15207.69752169  10825.630969    0.00000    0.00000    0.00000    9    diag,B
   26      0.688D-03      0.186D-04    -15207.69752311  10825.649496    0.00000    0.00000    0.00000    9    diag,B
   27      0.212D-03      0.179D-04    -15207.69752891  10825.758565    0.00000    0.00000    0.00000    9    diag,B
   28      0.798D-03      0.200D-04    -15207.69752947  10825.769297    0.00000    0.00000    0.00000    9    diag,B
   29      0.521D-04      0.211D-04    -15207.69751269  10825.180896    0.00000    0.00000    0.00000    9    diag,B
   30      0.609D-02      0.445D-04    -15207.69750829  10823.883927    0.00000    0.00000    0.00000    9    orth
   31      0.886D-02      0.453D-04    -15207.69750525  10824.128065    0.00000    0.00000    0.00000    9    diag,B
   32      0.173D-02      0.291D-04    -15207.69750438  10824.351625    0.00000    0.00000    0.00000    9    diag,B
   33      0.140D-02      0.705D-05    -15207.69750434  10824.412022    0.00000    0.00000    0.00000    9    diag,B
   34      0.372D-03      0.409D-06    -15207.69750435  10824.396172    0.00000    0.00000    0.00000    9    diag,B
   35      0.100D-03      0.213D-05    -15207.69750435  10824.413573    0.00000    0.00000    0.00000    9    diag,B
   36      0.108D-03      0.202D-06    -15207.69750435  10824.413477    0.00000    0.00000    0.00000    9    diag,B
   37      0.806D-05      0.387D-07    -15207.69750435  10824.413448    0.00000    0.00000    0.00000    0    orth

 Final alpha occupancy:   9   6   6   2   6   2   2   1
 Final beta  occupancy:   9   5   5   2   5   2   2   1

 !RHF STATE 1.8 Energy               -15207.6975043464    
 Nuclear energy                         0.00000000
 One-electron energy               -20619.90422854
 Two-electron energy                 5412.20672419
 Virial quotient                       -1.01768461
 !RHF STATE 1.8 Dipole moment           0.00000000     0.00000000     0.00000000
 Dipole moment /Debye                   0.00000000     0.00000000     0.00000000

 ELECTRON ORBITALS
 =================


   Orb  Occ    Energy  Couls-En    Coefficients

                                   1 1s      1 1s      1 1s      1 1s      1 1s      1 1s      1 1s      1 1s      1 1s      1 1s   
                                   1 1s      1 1s      1 1s      1 3d0     1 3d2+    1 3d0     1 3d2+    1 3d0     1 3d2+    1 3d0  
                                   1 3d2+    1 3d0     1 3d2+    1 3d0     1 3d2+    1 3d0     1 3d2+    1 3d0     1 3d2+    1 5g0  
                                   1 5g4+    1 5g2+    1 5g0     1 5g4+    1 5g2+    1 5g0     1 5g4+    1 5g2+ 

   1.1   2 -2380.1210-5126.5201  1.003068 -0.009306  0.029100 -0.219704 -0.796720  0.038681 -0.262347 -0.120125 -0.380536  1.883465
                                -1.002888 -0.136922 -0.021858 -0.000000  0.000000 -0.000000 -0.000000 -0.000000 -0.000000 -0.000000
                                 0.000000 -0.000000  0.000000  0.000000 -0.000000  0.000000  0.000000 -0.000000  0.000000 -0.000000
                                 0.000000 -0.000000  0.000000 -0.000000  0.000000 -0.000000  0.000000  0.000000

   2.1   2  -414.9375-1111.0922  0.024725  0.975618 -0.022632  0.596557  1.871390 -0.095535  0.788823  0.037876  1.098808 -4.504453
                                 1.871052  0.447579  0.053416  0.000006  0.000000  0.000001 -0.000000  0.000003  0.000000  0.000001
                                 0.000000 -0.000008 -0.000000  0.000009  0.000000 -0.000003 -0.000000 -0.000000 -0.000000  0.000001
                                -0.000000 -0.000000 -0.000000  0.000000  0.000000  0.000000 -0.000000 -0.000000

   3.1   2   -99.8121 -394.8490 -0.003761  0.089362  0.976600 -1.037234 -3.213681  0.165837 -1.385483 -0.040235 -1.938188  7.903253
                                -3.267671 -0.870624 -0.095214  0.000261  0.000000 -0.000029  0.000000 -0.000101 -0.000000 -0.000031
                                -0.000000  0.000806  0.000000 -0.000854 -0.000000  0.000170  0.000000  0.000009  0.000000 -0.000006
                                 0.000000  0.000000  0.000004 -0.000000 -0.000000 -0.000001  0.000000  0.000000

   4.1   2   -71.8405 -356.4769 -0.000002 -0.000043 -0.000256  0.000523  0.001836 -0.000089  0.000588  0.000172  0.000770 -0.003633
                                 0.001849 -0.000016  0.000039  1.000814 -0.000000  0.002998 -0.000000  0.041907 -0.000000  0.012357
                                -0.000000 -0.362258  0.000000  0.383250 -0.000000 -0.072237  0.000000 -0.004114  0.000000 -0.000015
                                -0.000000  0.000000  0.000008  0.000000 -0.000000 -0.000003 -0.000000  0.000000

   5.1   2   -71.8323 -356.4621  0.000000  0.000000  0.000000  0.000000  0.000000 -0.000000  0.000000  0.000000  0.000000 -0.000000
                                 0.000000 -0.000000  0.000000  0.000000  1.000812  0.000000  0.003041  0.000000  0.041696  0.000000
                                 0.012248 -0.000000 -0.361746  0.000000  0.382725 -0.000000 -0.072033 -0.000000 -0.004109  0.000000
                                 0.000000 -0.000000 -0.000000 -0.000000 -0.000000  0.000000 -0.000000  0.000000

   6.1   2   -24.6297 -171.8350 -0.013176 -0.119534 -0.041765  1.913884  3.847578 -0.205847  1.747226  0.127267  2.575592-10.910462
                                 4.761323  1.878428  0.141360  0.000023 -0.000000 -0.000032  0.000000 -0.000719 -0.000000 -0.000245
                                -0.000000  0.005129 -0.000000 -0.005417  0.000000  0.001144 -0.000000  0.000058 -0.000000  0.000064
                                -0.000000 -0.000000 -0.000008  0.000000  0.000000  0.000003 -0.000000 -0.000000

   7.1   2   -13.9623 -147.4426 -0.000000 -0.000000 -0.000000 -0.000000 -0.000000  0.000000 -0.000000  0.000000 -0.000000  0.000000
                                 0.000000 -0.000000 -0.000000 -0.000000  0.010281 -0.000000  0.980670  0.000000 -0.064611  0.000000
                                -0.020018 -0.000000  0.564577  0.000000 -0.595850 -0.000000  0.098955 -0.000000  0.006462  0.000000
                                 0.000000 -0.000184 -0.000000 -0.000000  0.000051  0.000000  0.000000 -0.000017

   8.1   2   -13.9564 -147.3706  0.000044  0.000268  0.000434 -0.001262 -0.004755  0.000158 -0.000622 -0.002200 -0.001306  0.010113
                                -0.009320  0.001748 -0.000091  0.010398  0.000000  0.981041  0.000000 -0.062596 -0.000000 -0.018759
                                -0.000000  0.562263  0.000000 -0.593739 -0.000000  0.098035  0.000000  0.006432  0.000000 -0.000243
                                 0.000000  0.000000  0.000131  0.000000 -0.000000 -0.000044 -0.000000  0.000000

   9.1   2    -6.9032  -78.3431  0.022056  0.146611  0.238548 -0.463684 -1.635430  0.084051 -1.013401 -0.557844 -2.027069  9.290561
                                -5.049702 -1.936660 -0.133712 -0.000017  0.000000 -0.000258  0.000000  0.001202  0.000000  0.000210
                                 0.000000 -0.013596 -0.000000  0.014440  0.000000 -0.002551 -0.000000 -0.000154 -0.000000  0.001381
                                -0.000000 -0.000000 -0.000304  0.000000  0.000000  0.000137 -0.000000 -0.000000

  10.1   0    -3.5283  -57.9130 -0.000000 -0.000000 -0.000000 -0.000000  0.000000 -0.000000  0.000000  0.000000  0.000000 -0.000000
                                 0.000000  0.000000  0.000000  0.000000 -0.003842 -0.000000  0.007263 -0.000000  0.887063 -0.000000
                                 0.347910  0.000000 -0.918049 -0.000000  0.996627 -0.000000  0.018547  0.000000 -0.007546  0.000000
                                 0.000000 -0.000085  0.000000  0.000000 -0.000414  0.000000  0.000000  0.000010

  11.1   0    -3.5096  -57.8537  0.000086  0.000588  0.001533  0.001978 -0.000474 -0.001262  0.001798 -0.005233 -0.007479  0.032053
                                -0.023778 -0.011394 -0.000630 -0.003783 -0.000000  0.007986  0.000000  0.893862  0.000000  0.347349
                                 0.000000 -0.943995 -0.000000  1.026490  0.000000  0.008376  0.000000 -0.007775 -0.000000 -0.002724
                                -0.000000  0.000000 -0.001552 -0.000000  0.000000 -0.000025 -0.000000  0.000000

                                   1 2px     1 2px     1 2px     1 2px     1 2px     1 2px     1 2px     1 2px     1 2px     1 2px  
                                   1 4f1+    1 4f3+    1 4f1+    1 4f3+    1 4f1+    1 4f3+    1 4f1+    1 4f3+ 

   1.2   2  -386.8932-1071.2442  1.004107  0.011095  0.239444  0.499070 -0.061322 -0.042104 -0.890471  0.345751  0.004490 -0.000379
                                 0.000000 -0.000000 -0.000000  0.000000  0.000000 -0.000000 -0.000000  0.000000

   2.2   2   -89.7319 -380.5891  0.024348  0.907836 -0.500014 -1.024727  0.125522  0.083725  1.843334 -0.712526 -0.030757  0.000811
                                 0.000031 -0.000000 -0.000017  0.000000  0.000007 -0.000000 -0.000003  0.000000

   3.2   2   -20.7236 -163.8722  0.001746  0.170987  1.650529  1.479771 -0.178372 -0.102256 -2.754245  1.034505  0.138971 -0.001480
                                 0.000661  0.000000 -0.000325 -0.000000  0.000132  0.000000 -0.000046 -0.000000

   4.2   2    -5.9346 -121.4070 -0.000741 -0.011840 -0.051353 -0.027984  0.001010 -0.024832  0.232578 -0.071932 -0.013161  0.000151
                                -1.001907  0.000003  0.015370 -0.000000  0.008972 -0.000000 -0.001733  0.000000

   5.2   2    -5.9330 -121.7297  0.000000  0.000000  0.000000  0.000000 -0.000000  0.000000 -0.000001  0.000000  0.000000 -0.000000
                                 0.000003  1.005295 -0.000000 -0.014381 -0.000000 -0.009376  0.000000  0.001866

   6.2   +    -5.8632  -72.8724 -0.007540 -0.127236 -0.550100 -0.197443  0.003453 -0.261085  2.319740 -0.697637 -0.071140  0.001743
                                 0.086049  0.000000 -0.001847 -0.000000 -0.000674 -0.000000  0.000115  0.000000

   7.2   0    -2.4228  -36.4558 -0.008997 -0.111382 -0.521643 -1.409901 -0.783031 -1.195334 -0.997656 -1.183796  4.386489 -0.004906
                                 0.000276  0.000000  0.001957 -0.000000  0.002443 -0.000000 -0.000172  0.000000

   8.2   0    -1.9799  -36.5812  0.000000  0.000000  0.000000  0.000000 -0.000000  0.000000 -0.000000 -0.000000  0.000000 -0.000000
                                 0.000000 -0.210478 -0.000000  0.527869 -0.000000  0.616938 -0.000000  0.023491

                                   1 2py     1 2py     1 2py     1 2py     1 2py     1 2py     1 2py     1 2py     1 2py     1 2py  
                                   1 4f1-    1 4f3-    1 4f1-    1 4f3-    1 4f1-    1 4f3-    1 4f1-    1 4f3- 

   1.3   2  -386.8932-1071.2442  1.004107  0.011095  0.239444  0.499070 -0.061322 -0.042104 -0.890471  0.345751  0.004490 -0.000379
                                 0.000000  0.000000 -0.000000 -0.000000  0.000000  0.000000 -0.000000 -0.000000

   2.3   2   -89.7319 -380.5891  0.024348  0.907836 -0.500014 -1.024727  0.125522  0.083725  1.843334 -0.712526 -0.030757  0.000811
                                 0.000031  0.000000 -0.000017 -0.000000  0.000007  0.000000 -0.000003 -0.000000

   3.3   2   -20.7236 -163.8722  0.001746  0.170987  1.650529  1.479771 -0.178372 -0.102256 -2.754245  1.034505  0.138971 -0.001480
                                 0.000661 -0.000000 -0.000325  0.000000  0.000132 -0.000000 -0.000046  0.000000

   4.3   2    -5.9346 -121.4070  0.000741  0.011840  0.051353  0.027984 -0.001010  0.024832 -0.232578  0.071932  0.013161 -0.000151
                                 1.001907  0.000003 -0.015370 -0.000000 -0.008972 -0.000000  0.001733  0.000000

   5.3   2    -5.9330 -121.7297 -0.000000 -0.000000 -0.000000 -0.000000  0.000000 -0.000000  0.000001 -0.000000 -0.000000  0.000000
                                -0.000003  1.005295  0.000000 -0.014381  0.000000 -0.009376 -0.000000  0.001866

   6.3   +    -5.8632  -72.8724 -0.007540 -0.127236 -0.550100 -0.197443  0.003453 -0.261085  2.319740 -0.697637 -0.071140  0.001743
                                 0.086049 -0.000000 -0.001847  0.000000 -0.000674  0.000000  0.000115 -0.000000

   7.3   0    -2.4228  -36.4558 -0.008997 -0.111382 -0.521643 -1.409901 -0.783031 -1.195334 -0.997656 -1.183796  4.386489 -0.004906
                                 0.000276 -0.000000  0.001957  0.000000  0.002443  0.000000 -0.000172 -0.000000

   8.3   0    -1.9799  -36.5812 -0.000000 -0.000000 -0.000000 -0.000000  0.000000 -0.000000  0.000000  0.000000 -0.000000  0.000000
                                -0.000000 -0.210478  0.000000  0.527869  0.000000  0.616938  0.000000  0.023491

                                   1 3d2-    1 3d2-    1 3d2-    1 3d2-    1 3d2-    1 3d2-    1 3d2-    1 3d2-    1 5g2-    1 5g4- 
                                   1 5g2-    1 5g4-    1 5g2-    1 5g4- 

   1.4   2   -71.8323 -356.4621  1.000812  0.003041  0.041696  0.012248 -0.361746  0.382725 -0.072033 -0.004109 -0.000000  0.000000
                                -0.000000 -0.000000  0.000000  0.000000

   2.4   2   -13.9623 -147.4426  0.010281  0.980670 -0.064611 -0.020018  0.564577 -0.595850  0.098955  0.006462 -0.000184  0.000000
                                 0.000051 -0.000000 -0.000017  0.000000

   3.4   0    -3.5283  -57.9130 -0.003842  0.007263  0.887063  0.347910 -0.918049  0.996627  0.018547 -0.007546 -0.000085  0.000000
                                -0.000414  0.000000  0.000010  0.000000

   4.4   0    -1.8522  -30.7962  0.010793  0.134910  0.849514 -0.607083  2.538482 -2.652975 -0.464039 -0.016035  0.000059 -0.000000
                                -0.000338  0.000000 -0.000903  0.000000

                                   1 2pz     1 2pz     1 2pz     1 2pz     1 2pz     1 2pz     1 2pz     1 2pz     1 2pz     1 2pz  
                                   1 4f0     1 4f2+    1 4f0     1 4f2+    1 4f0     1 4f2+    1 4f0     1 4f2+ 

   1.5   2  -386.8942-1071.2450  1.004107  0.011096  0.239428  0.499037 -0.061318 -0.042101 -0.890409  0.345725  0.004490 -0.000379
                                 0.000001  0.000000 -0.000000 -0.000000  0.000000  0.000000 -0.000000 -0.000000

   2.5   2   -89.7428 -380.6011  0.024349  0.907884 -0.499786 -1.024140  0.125446  0.083648  1.842467 -0.712188 -0.030793  0.000811
                                 0.000073 -0.000000 -0.000026  0.000000  0.000010 -0.000000 -0.000004  0.000000

   3.5   2   -20.7288 -163.8706  0.001786  0.171356  1.652321  1.484473 -0.178916 -0.102468 -2.763750  1.038753  0.139733 -0.001477
                                -0.001821  0.000000  0.000563 -0.000000 -0.000199  0.000000  0.000071 -0.000000

   4.5   2    -5.9311 -121.7640 -0.000000 -0.000000 -0.000000 -0.000000 -0.000000 -0.000000  0.000000 -0.000000 -0.000000  0.000000
                                 0.000000  1.005647 -0.000000 -0.015650 -0.000000 -0.008943  0.000000  0.001719

   5.5   2    -5.9000 -116.9474 -0.002612 -0.042245 -0.182625 -0.089607  0.003885 -0.083881  0.802455 -0.249192 -0.035148  0.000535
                                 0.955203 -0.000000 -0.013038  0.000000 -0.008974  0.000000  0.001800 -0.000000

   6.5   +    -5.8667  -77.3030 -0.007308 -0.122708 -0.532161 -0.202753  0.005150 -0.248452  2.247685 -0.680735 -0.071575  0.001655
                                -0.311632  0.000000  0.000326  0.000000  0.004204 -0.000000 -0.001011  0.000000

   7.5   0    -2.4174  -36.3860 -0.008943 -0.110788 -0.518674 -1.403669 -0.785091 -1.189393 -1.020185 -1.195327  4.406948 -0.004933
                                -0.002897  0.000000  0.004101 -0.000000  0.005202 -0.000000 -0.000463  0.000000

   8.5   0    -1.9782  -36.5521  0.000000  0.000000  0.000000  0.000000 -0.000000 -0.000000 -0.000000 -0.000000  0.000000 -0.000000
                                 0.000000 -0.209655 -0.000000  0.527373 -0.000000  0.617205 -0.000000  0.023825

                                   1 3d1+    1 3d1+    1 3d1+    1 3d1+    1 3d1+    1 3d1+    1 3d1+    1 3d1+    1 5g1+    1 5g3+ 
                                   1 5g1+    1 5g3+    1 5g1+    1 5g3+ 

   1.6   2   -71.8343 -356.4594  1.000807  0.002990  0.041383  0.012123 -0.359958  0.380844 -0.071604 -0.004089  0.000004 -0.000000
                                -0.000002  0.000000  0.000001 -0.000000

   2.6   2   -13.9650 -147.5409  0.010165  0.979391 -0.069201 -0.022227  0.582839 -0.614793  0.103830  0.006669  0.000002 -0.000000
                                 0.000010  0.000000 -0.000002 -0.000000

   3.6   0    -3.5234  -57.8634 -0.003730  0.009348  0.889045  0.348256 -0.923833  1.003056  0.015813 -0.007602 -0.002002  0.000000
                                -0.001224  0.000000 -0.000016  0.000000

   4.6   0    -1.8503  -30.7701  0.010675  0.132984  0.845165 -0.608961  2.540110 -2.657070 -0.458239 -0.016142  0.001335 -0.000000
                                -0.000464  0.000000 -0.001408  0.000000

                                   1 3d1-    1 3d1-    1 3d1-    1 3d1-    1 3d1-    1 3d1-    1 3d1-    1 3d1-    1 5g1-    1 5g3- 
                                   1 5g1-    1 5g3-    1 5g1-    1 5g3- 

   1.7   2   -71.8343 -356.4594  1.000807  0.002990  0.041383  0.012123 -0.359958  0.380844 -0.071604 -0.004089  0.000004  0.000000
                                -0.000002 -0.000000  0.000001  0.000000

   2.7   2   -13.9650 -147.5409  0.010165  0.979391 -0.069201 -0.022227  0.582839 -0.614793  0.103830  0.006669  0.000002  0.000000
                                 0.000010 -0.000000 -0.000002  0.000000

   3.7   0    -3.5234  -57.8634 -0.003730  0.009348  0.889045  0.348256 -0.923833  1.003056  0.015813 -0.007602 -0.002002 -0.000000
                                -0.001224 -0.000000 -0.000016 -0.000000

   4.7   0    -1.8503  -30.7701  0.010675  0.132984  0.845165 -0.608961  2.540110 -2.657070 -0.458239 -0.016142  0.001335  0.000000
                                -0.000464 -0.000000 -0.001408 -0.000000

                                   1 4f2-    1 4f2-    1 4f2-    1 4f2- 

   1.8   2    -5.9311 -121.7640  1.005647 -0.015650 -0.008943  0.001719

   2.8   0    -1.9782  -36.5521 -0.209655  0.527373  0.617205  0.023825

   3.8   0    -1.2405  -21.8223  0.145082 -0.528428  0.029596  0.925379

 HOMO      6.3    -5.863237 =    -159.5468eV
 LUMO     10.1    -3.528276 =     -96.0093eV
 LUMO-HOMO         2.334960 =      63.5375eV


 **********************************************************************************************************************************
 DATASETS  * FILE   NREC   LENGTH (MB)   RECORD NAMES
              1      22       20.53       500      610      700      900      950      970     1000      129      960     1700   
                                          VAR    BASINP    GEOM    SYMINP    ZMAT    AOBASIS   BASIS     P2S    ABASIS    OPER   
                                         1101     1401     1411     1412     1650     1100     1400     1410     1200     1210   
                                          SR      EKINR    POTR     PVPR    MOLCAS      S      EKIN      POT      H0       H01  
                                         1080     1600   
                                         AOSYM     SMH  

              2       5        5.47       200      700     1000      520     4202   
                                        OPTIONS   GEOM     BASIS   MCVARS     RHF  

 PROGRAMS   *        TOTAL       RHF       INT
 CPU TIMES  *        20.19      0.37     19.55
 REAL TIME  *        22.54 SEC
 DISK USED  *       197.86 MB      
 SF USED    *         0.01 MB      
 GA USED    *         0.00 MB       (max)       0.00 MB       (current)
 **********************************************************************************************************************************


 PROGRAM * POP (Mulliken population analysis)

 
 Density matrix read from record         4202.2  Type=RHF/CHARGE (state 1.8)
 
 Population analysis by basis function type

 Unique atom        s        p        d        f        g    Total    Charge
   1  TA     10.00000 21.11142 20.00000 13.88858  0.00000 65.00000  + 8.00000


 **********************************************************************************************************************************
 DATASETS  * FILE   NREC   LENGTH (MB)   RECORD NAMES
              1      22       20.53       500      610      700      900      950      970     1000      129      960     1700   
                                          VAR    BASINP    GEOM    SYMINP    ZMAT    AOBASIS   BASIS     P2S    ABASIS    OPER   
                                         1101     1401     1411     1412     1650     1100     1400     1410     1200     1210   
                                          SR      EKINR    POTR     PVPR    MOLCAS      S      EKIN      POT      H0       H01  
                                         1080     1600   
                                         AOSYM     SMH  

              2       5        5.47       200      700     1000      520     4202   
                                        OPTIONS   GEOM     BASIS   MCVARS     RHF  

 PROGRAMS   *        TOTAL       POP       RHF       INT
 CPU TIMES  *        20.19      0.00      0.37     19.55
 REAL TIME  *        22.55 SEC
 DISK USED  *       197.86 MB      
 SF USED    *         0.01 MB      
 GA USED    *         0.00 MB       (max)       0.00 MB       (current)
 **********************************************************************************************************************************
 SETTING BASIS          =    USERDEF


 Recomputing integrals since basis changed


 Using spherical harmonics



 PROGRAM * SEWARD (Integral evaluation for generally contracted gaussian basis sets)     Author: Roland Lindh, 1990

 Geometry written to block  1 of record 700

 Orientation using atomic masses  
 Molecule type: Atom
 Symmetry elements: X,Y,Z
 Rotational constants:       0.0000000      0.0000000      0.0000000 GHz  (calculated with average atomic masses)

 Point group  D2h 



 ATOMIC COORDINATES

 NR  ATOM    CHARGE       X              Y              Z

   1  TA     73.00    0.000000000    0.000000000    0.000000000

 NUCLEAR CHARGE:                   73
 NUMBER OF PRIMITIVE AOS:         455
 NUMBER OF SYMMETRY AOS:          370
 NUMBER OF CONTRACTIONS:          370   (  88Ag  +  61B3u +  61B2u +  28B1g +  61B1u +  28B2g +  28B3g +  15Au  )
 NUMBER OF CORE ORBITALS:          34   (   9Ag  +   6B3u +   6B2u +   2B1g +   6B1u +   2B2g +   2B3g +   1Au  )
 NUMBER OF VALENCE ORBITALS:        6   (   3Ag  +   0B3u +   0B2u +   1B1g +   0B1u +   1B2g +   1B3g +   0Au  )


 NUCLEAR REPULSION ENERGY    0.00000000

 One-electron integrals computed with SEWARD

 10nd-order Douglas-Kroll-Hess method activated. McWeeny DKH parametrization is used.

 Computing Douglas-Kroll / X2C integrals

 AO integral compression algorithm  1   Integral accuracy      1.0D-15

     2357.461 MB (compressed) written to integral file ( 47.5%)

     Node minimum: 618.922 MB, node maximum: 1042.809 MB


 NUMBER OF SORTED TWO-ELECTRON INTEGRALS:  101359485.     BUFFER LENGTH:  32768
 NUMBER OF SEGMENTS:   4  SEGMENT LENGTH:   31999029      RECORD LENGTH: 524288

 Memory used in sort:      32.56 MW

 SORT1 READ   620842336. AND WROTE    63934281. INTEGRALS IN    185 RECORDS. CPU TIME:    11.41 SEC, REAL TIME:    13.71 SEC
 SORT2 READ   190733767. AND WROTE   304061875. INTEGRALS IN  11934 RECORDS. CPU TIME:     1.55 SEC, REAL TIME:     2.60 SEC

 Node minimum:   101278730.  Node maximum:   101423660. integrals

 OPERATOR DM      FOR CENTER  0  COORDINATES:    0.000000    0.000000    0.000000

 EXTRA SYMMETRY OF AOS IN SYMMETRY 1:   1 1 1 1 1 1 1 1 1 1   1 1 1 1 1 1 1 1 1 1   1 1 1 1 1 1 1 1 1 1   1 1 1 1 1 1 1 1 1 1
                                        1 1 1 1 1 1 1 1 1 1   1 1 1 1 1 1 1 1 1 1   1 1 1 1 1 1 1 1 1 1   1 1 1 1 1 1 1 1 1 2
                                        3 4 2 3 4 2 3 4
 EXTRA SYMMETRY OF AOS IN SYMMETRY 2:   1 1 1 1 1 1 1 1 1 1   1 1 1 1 1 1 1 1 1 1   1 1 1 1 1 1 1 1 1 1   1 2 3 2 3 2 3 2 3 2
                                        3 2 3 2 3 2 3 2 3 2   3 2 3 2 3 2 3 2 3 2   3
 EXTRA SYMMETRY OF AOS IN SYMMETRY 3:   1 1 1 1 1 1 1 1 1 1   1 1 1 1 1 1 1 1 1 1   1 1 1 1 1 1 1 1 1 1   1 2 3 2 3 2 3 2 3 2
                                        3 2 3 2 3 2 3 2 3 2   3 2 3 2 3 2 3 2 3 2   3
 EXTRA SYMMETRY OF AOS IN SYMMETRY 4:   1 1 1 1 1 1 1 1 1 1   1 1 1 1 1 1 1 1 1 1   1 1 2 3 2 3 2 3
 EXTRA SYMMETRY OF AOS IN SYMMETRY 5:   1 1 1 1 1 1 1 1 1 1   1 1 1 1 1 1 1 1 1 1   1 1 1 1 1 1 1 1 1 1   1 2 3 2 3 2 3 2 3 2
                                        3 2 3 2 3 2 3 2 3 2   3 2 3 2 3 2 3 2 3 2   3
 EXTRA SYMMETRY OF AOS IN SYMMETRY 6:   1 1 1 1 1 1 1 1 1 1   1 1 1 1 1 1 1 1 1 1   1 1 2 3 2 3 2 3
 EXTRA SYMMETRY OF AOS IN SYMMETRY 7:   1 1 1 1 1 1 1 1 1 1   1 1 1 1 1 1 1 1 1 1   1 1 2 3 2 3 2 3

 Eigenvalues of metric

         1 0.694E-06 0.139E-04 0.139E-04 0.237E-04 0.481E-04 0.143E-03 0.143E-03 0.146E-03
         2 0.469E-06 0.114E-04 0.100E-03 0.100E-03 0.132E-03 0.442E-03 0.112E-02 0.146E-02
         3 0.469E-06 0.114E-04 0.100E-03 0.100E-03 0.132E-03 0.442E-03 0.112E-02 0.146E-02
         4 0.139E-04 0.143E-03 0.607E-03 0.227E-02 0.654E-02 0.151E-01 0.281E-01 0.503E-01
         5 0.469E-06 0.114E-04 0.100E-03 0.100E-03 0.132E-03 0.442E-03 0.112E-02 0.146E-02
         6 0.139E-04 0.143E-03 0.607E-03 0.227E-02 0.654E-02 0.151E-01 0.281E-01 0.503E-01
         7 0.139E-04 0.143E-03 0.607E-03 0.227E-02 0.654E-02 0.151E-01 0.281E-01 0.503E-01
         8 0.100E-03 0.146E-02 0.736E-02 0.189E-01 0.417E-01 0.101E+00 0.199E+00 0.345E+00


 **********************************************************************************************************************************
 DATASETS  * FILE   NREC   LENGTH (MB)   RECORD NAMES
              1      22       21.46       500      610      700      900      950      970     1001      129      960     1700   
                                          VAR    BASINP    GEOM    SYMINP    ZMAT    AOBASIS   BASIS     P2S    ABASIS    OPER   
                                         1101     1401     1411     1412     1650     1100     1400     1410     1200     1210   
                                          SR      EKINR    POTR     PVPR    MOLCAS      S      EKIN      POT      H0       H01  
                                         1080     1600   
                                         AOSYM     SMH  

              2       6        5.57       200      700     1000      520     4202     1001   
                                        OPTIONS   GEOM     BASIS   MCVARS     RHF     BASIS   

 PROGRAMS   *        TOTAL       INT       POP       RHF       INT
 CPU TIMES  *       202.47    182.28      0.00      0.37     19.55
 REAL TIME  *       209.90 SEC
 DISK USED  *         4.71 GB      
 SF USED    *         0.01 MB      
 GA USED    *         0.00 MB       (max)       0.00 MB       (current)
 **********************************************************************************************************************************


 PROGRAM * MULTI (Direct Multiconfiguration SCF)       Authors: P.J. Knowles, H.-J. Werner (1984)     S.T. Elbert (1988)


 Number of closed-shell orbitals:  31 (   9   5   5   2   5   2   2   1 )
 Number of active  orbitals:        3 (   0   1   1   0   1   0   0   0 )
 Number of external orbitals:     336 (  79  55  55  26  55  26  26  14 )

 State symmetry 1

 Number of electrons:     3    Spin symmetry=Quartet   Space symmetry=8
 Number of states:        1
 Number of CSFs:          1   (1 determinants, 1 intermediate states)

 Molecular orbitals read from record     4202.2  Type=RHF/CANONICAL (state 1.8)
 
 Present basis size:      88  61  61  28  61  28  28  15
 Previous basis size:     38  18  18  14  18  14  14   4
 Previous occupation:      9   6   6   2   6   2   2   1
 Previous closed-shells:   9   5   5   2   5   2   2   1
 Previous core-orbitals:   9   6   6   2   6   2   2   1
 Present occupation:       9   7   7   2   7   2   2   1
 Present closed-shells:    9   6   6   2   6   2   2   1
 Present core-orbitals:    9   6   6   2   6   2   2   1
 Wavefunction symmetry:    8   Quartet 

 Orbital overlap <old|new>:  < 2.6| 1.1> = 1.000000   < 3.6| 2.1> = 1.000000   < 5.6| 3.1> = 1.000000   < 4.1| 4.1> = 1.000000
                             < 5.1| 5.1> = 1.000000   < 6.1| 6.1> = 1.000000   < 7.1| 7.1> = 1.000000   < 8.1| 8.1> = 1.000000
                             < 9.1| 9.1> = 1.000000   < 1.2| 1.2> = 1.000000   < 2.2| 2.2> = 1.000000   < 3.2| 3.2> = 1.000000
                             < 4.2| 4.2> = 1.000000   < 5.2| 5.2> = 1.000000   < 6.2| 6.2> = 1.000000   < 1.3| 1.3> = 1.000000
                             < 2.3| 2.3> = 1.000000   < 3.3| 3.3> = 1.000000   < 4.3| 4.3> = 1.000000   < 5.3| 5.3> = 1.000000
                             < 6.3| 6.3> = 1.000000   < 1.4| 1.4> = 1.000000   < 2.4| 2.4> = 1.000000   < 1.5| 1.5> = 1.000000
                             < 2.5| 2.5> = 1.000000   < 3.5| 3.5> = 1.000000   < 4.5| 4.5> = 1.000000   < 5.5| 5.5> = 1.000000
                             < 6.5| 6.5> = 1.000000   < 1.6| 1.6> = 1.000000   < 2.6| 2.6> = 1.000000   < 1.7| 1.7> = 1.000000
                             < 2.7| 2.7> = 1.000000   < 1.8| 1.8> = 1.000000

 ?ERROR IN VIRTORB: INCORRECT NUMBER OF ORBITALS: SYM=2  N= 61  M=  7  N-M= 54 NV= 55
