Note: The following floating-point exceptions are signalling: IEEE_UNDERFLOW_FLAG IEEE_DENORMAL
 ENTER Z, NR
 PLEASE ENTER RELATIVITY FACTOR.  (0=NR, 1=REL.)
 PLEASE ENTER IUFLAG. (0=U, 1=SU, 2=R).
 PLEASE ENTER NFC, NEL, RATIO, ETOL, XNUM
 PLEASE ENTER N L M J S OCC.
    6143.999999 -10026.320047
     271.690469 -10357.925692
     189.557922 -10550.440888
     131.002501 -10656.450217
      89.752918 -10712.406190
      61.011451 -10740.584880
      41.212432 -10754.148506
      27.736534 -10760.513395
      18.615509 -10763.405556
      12.486927 -10764.694985
       8.383544 -10765.261908
       5.641699 -10765.509562
       3.811004 -10765.618154
       2.584689 -10765.665736
       1.760659 -10765.686619
       1.204594 -10765.695646
       0.828527 -10765.699475
       0.572762 -10765.701005
       0.397997 -10765.701530
       0.277991 -10765.701630
       0.195135 -10765.701564
       0.137615 -10765.701445
       0.097473 -10765.701321
       0.069317 -10765.701210
       0.049474 -10765.701118
       0.035428 -10765.701044
       0.025444 -10765.700986
       0.018322 -10765.700941
       0.013224 -10765.700907
       0.009564 -10765.700881
       0.006929 -10765.700861
       0.005027 -10765.700846
       0.003652 -10765.700835
       0.002656 -10765.700826
       0.001934 -10765.700820
       0.001409 -10765.700815
       0.001035 -10765.700811
       0.000772 -10765.700809
       0.000576 -10765.700807
       0.000430 -10765.700805
       0.000321 -10765.700804
       0.000239 -10765.700803
       0.000179 -10765.700802
       0.000133 -10765.700802
       0.000100 -10765.700802
    1   0 0   0/2   1    2.0000      -1758.264565
    2   0 0   0/2   1    2.0000       -293.829994
    2   1-1   2/2   1    2.0000       -279.551830
    2   1 0   2/2   1    2.0000       -279.551830
    2   1 1   2/2   1    2.0000       -279.551830
    3   0 0   0/2   1    2.0000        -75.541570
    3   1-1   2/2   1    2.0000        -69.134031
    3   1 0   2/2   1    2.0000        -69.134031
    3   1 1   2/2   1    2.0000        -69.134031
    3   2-2   4/2   1    2.0000        -57.352702
    3   2-1   4/2   1    2.0000        -57.352702
    3   2 0   4/2   1    2.0000        -57.352702
    3   2 1   4/2   1    2.0000        -57.352702
    3   2 2   4/2   1    2.0000        -57.352702
    4   0 0   0/2   1    2.0000        -24.057977
    4   1-1   2/2   1    2.0000        -21.387422
    4   1 0   2/2   1    2.0000        -21.387422
    4   1 1   2/2   1    2.0000        -21.387422
    4   2-2   4/2   1    2.0000        -16.569190
    4   2-1   4/2   1    2.0000        -16.569190
    4   2 0   4/2   1    2.0000        -16.569190
    4   2 1   4/2   1    2.0000        -16.569190
    4   2 2   4/2   1    2.0000        -16.569190
    5   0 0   0/2   1    2.0000         -9.812390
    5   1-1   2/2   1    1.0000         -8.963245
    5   1 0   2/2   1    1.0000         -8.963245
    5   1 1   2/2   1    1.0000         -8.963245
 TOTAL ENERGY =   -10765.700802-292951.943932
 PLEASE ENTER FULL FILENAME.
