Tb
\begin{tabular}{llllr}
\toprule
{} &        State &  Expt. & COSCI/AE &  COSCI/ccECP \\
\midrule
0   &      GS-mult & 0.0000 &   0.0000 &       0.0000 \\
1   &           {} & 0.3436 &   0.3588 &      -0.0022 \\
2   &           {} & 0.5791 &   0.6150 &      -0.0079 \\
3   &           {} & 0.7656 &   0.8121 &      -0.0130 \\
4   &  f8s2d1-mult & 0.0000 &   0.0000 &       0.0000 \\
5   &           {} & 0.0219 &   0.0075 &       0.0010 \\
6   &           {} & 0.0278 &   0.0580 &       0.0021 \\
7   &           {} & 0.1346 &   0.1716 &       0.0040 \\
8   &           {} & 0.2646 &   0.2863 &       0.0025 \\
9   &           {} & 0.3582 &   0.3751 &      -0.0006 \\
10  &           {} & 0.4241 &   0.4399 &      -0.0032 \\
11  &           {} & 0.4628 &   0.4792 &      -0.0050 \\
12  &    f9s1-mult & 0.0000 &   0.0000 &       0.0000 \\
13  &           {} & 0.1260 &   0.1656 &      -0.0391 \\
14  &           {} & 0.3732 &   0.4019 &      -0.0301 \\
15  &           {} & 0.4392 &   0.4783 &      -0.0224 \\
16  &      f9-mult & 0.0000 &   0.0000 &       0.0000 \\
17  &           {} & 0.3477 &   0.3593 &      -0.0014 \\
18  &           {} & 0.5870 &   0.6160 &      -0.0068 \\
19  &           {} & 0.7759 &   0.8137 &      -0.0115 \\
20  &           {} & 0.9202 &   0.9660 &      -0.0153 \\
21  &           {} & 1.0273 &   1.0792 &      -0.0182 \\
22  &    f8d1-mult & 0.0000 &   0.0000 &       0.0000 \\
23  &           {} & 0.0305 &   0.0546 &       0.0027 \\
24  &           {} & 0.0376 &   0.0214 &       0.0018 \\
25  &           {} & 0.1361 &   0.1626 &       0.0045 \\
26  &           {} & 0.2509 &   0.2691 &       0.0025 \\
27  &           {} & 0.3356 &   0.3526 &      -0.0008 \\
28  &           {} & 0.3959 &   0.4136 &      -0.0035 \\
29  &           {} & 0.4317 &   0.4507 &      -0.0053 \\
30  &    f8p1-mult & 0.0000 &   0.0000 &       0.0000 \\
31  &           {} & 0.0265 &   0.0045 &       0.0021 \\
32  &           {} & 0.2222 &   0.2260 &       0.0110 \\
33  &           {} & 0.3215 &   0.3192 &      -0.0147 \\
34  &           {} & 0.3628 &   0.3792 &       0.0101 \\
35  &           {} & 0.4827 &   0.4918 &      -0.0005 \\
MAD &              &        &          &       0.0082 \\
\bottomrule
\end{tabular}

