
 Primary working directories    : /global/cscratch1/sd/aannabe
 Secondary working directories  : /global/cscratch1/sd/aannabe
 Wavefunction directory         : /global/homes/a/aannabe/wfu/
 Main file repository           : /global/cscratch1/sd/aannabe/

 SHA1      : 19cd028119e0e09f93f0674bd8af7968d9b3eff6
 NAME      : 2015.1.36
 ARCHNAME  : linux/x86_64
 FC        : /opt/cray/pe/craype/2.5.14/bin/ftn
 BLASLIB   : -L/opt/intel/compilers_and_libraries_2018.1.163/linux/mkl/lib/intel64 -Wl,-_start-group -lmkl_intel_ilp64 -lmkl_intel_thread -lmkl_core -Wl,-_end-group -liomp5
 id        : lbl

 Nodes     nprocs
 nid00786    11
 Number of processes for MPI-2 version of Molpro:   nprocs(total)=   12   nprocs(compute)=   11   nprocs(helper)=    1

 Using customized tuning parameters: mindgm=7; mindgv=16; mindgc=1; mindgr=1; noblas=0; minvec=7
 default implementation of scratch files=sf  

 ***,atomic
 memory,1,g
 
 gthresh,twoint=1.e-15
 gthresh,oneint=1.e-15
 
 angstrom
 geometry={
 1
 Tb  0.0 0.0 0.0
 }
 
 basis={
 Including file /global/homes/a/aannabe/docs/Tb_project/ccECP/basis_sets/Tb_aug-cc-pwCVTZ.basis
 }
 
 set,dkroll=1,dkho=99,dkhp=2
 
 Including file /global/u1/a/aannabe/docs/Tb_project/ccECP/atoms/AE/15/states.proc
 Including file /global/homes/a/aannabe/docs/Tb_project/ccECP/basis_sets/Tb_con-cc-pVDZ.basis
 Including file /global/homes/a/aannabe/docs/Tb_project/ccECP/basis_sets/Tb_aug-cc-pwCVTZ.basis
 Including file /global/homes/a/aannabe/docs/Tb_project/ccECP/basis_sets/Tb_con-cc-pVDZ.basis
 Including file /global/homes/a/aannabe/docs/Tb_project/ccECP/basis_sets/Tb_aug-cc-pwCVTZ.basis
 Including file /global/homes/a/aannabe/docs/Tb_project/ccECP/basis_sets/Tb_con-cc-pVDZ.basis
 Including file /global/homes/a/aannabe/docs/Tb_project/ccECP/basis_sets/Tb_aug-cc-pwCVTZ.basis
 Including file /global/homes/a/aannabe/docs/Tb_project/ccECP/basis_sets/Tb_con-cc-pVDZ.basis
 Including file /global/homes/a/aannabe/docs/Tb_project/ccECP/basis_sets/Tb_aug-cc-pwCVTZ.basis
 
 do i=15,15
    if (i.eq.1) then
       GS_5s2_5p6_6s2_4f9
    else if (i.eq.2) then
       EX_5s2_5p6_6s2_4f8_5d1
    else if (i.eq.3) then
       EX_5s2_5p6_6s1_4f8_5d2
    else if (i.eq.4) then
       EX_5s2_5p6_6s2_4f8_6p1
    else if (i.eq.5) then
       IP1_5s2_5p6_6s1_4f9
    else if (i.eq.6) then
       IP1_5s2_5p6_6s1_4f8_5d
    else if (i.eq.7) then
       IP1_5s2_5p6_6s2_4f8
    else if (i.eq.8) then
       IP2_5s2_5p6_4f9
    else if (i.eq.9) then
       IP2_5s2_5p6_4f8_5d1
    else if (i.eq.10) then
       IP2_5s2_5p6_6s1_4f8
    else if (i.eq.11) then
       IP3_5s2_5p6_4f8
    else if (i.eq.12) then
       IP3_5s2_5p6_4f7_5d1
    else if (i.eq.13) then
       IP3_5s2_5p6_6s1_4f7
    else if (i.eq.14) then
       IP4_5s2_5p6_4f7
    else if (i.eq.15) then
       IP7_5s2_5p3_4f7
    end if
    scf(i)=energy
    pop
    _CC_NORM_MAX=2.0
    {uccsd(t),shifts=0.2,shiftp=0.2,thrdis=1.0;diis,1,1,15,1;maxit,100;core;
    THRESH,ENERGY=5.e-6,COEFF=1e-3
    }
    ccsd(i)=energy
 enddo
 
 table,scf,ccsd
 save, 3.csv, new
 

 Variables initialized (889), CPU time= 0.01 sec
 Commands  initialized (702), CPU time= 0.01 sec, 572 directives.
 Default parameters read. Elapsed time= 0.12 sec

 Checking input...
 Passed
1


                                         ***  PROGRAM SYSTEM MOLPRO  ***
                                       Copyright, TTI GmbH Stuttgart, 2015
                                    Version 2015.1 linked Dec 29 2018 15:55:43


 **********************************************************************************************************************************
 LABEL *   atomic                                                                        
  64 bit mpp version                                                                     DATE: 02-Feb-22          TIME: 12:15:13  
 **********************************************************************************************************************************

 SHA1:             19cd028119e0e09f93f0674bd8af7968d9b3eff6
 **********************************************************************************************************************************

 THRESHOLDS:

 ZERO    =  1.00D-12  ONEINT  =  1.00D-12  TWOINT  =  1.00D-15  PREFAC  =  1.00D-14  LOCALI  =  1.00D-09  EORDER  =  1.00D-04
 ENERGY  =  0.00D+00  ETEST   =  0.00D+00  EDENS   =  0.00D+00  THRDEDEF=  1.00D-06  GRADIENT=  1.00D-02  STEP    =  1.00D-03
 ORBITAL =  1.00D-05  CIVEC   =  1.00D-05  COEFF   =  1.00D-04  PRINTCI =  5.00D-02  PUNCHCI =  9.90D+01  OPTGRAD =  3.00D-04
 OPTENERG=  1.00D-06  OPTSTEP =  3.00D-04  THRGRAD =  1.00D-10  COMPRESS=  1.00D-11  VARMIN  =  1.00D-07  VARMAX  =  1.00D-03
 THRDOUB =  0.00D+00  THRDIV  =  1.00D-05  THRRED  =  1.00D-07  THRPSP  =  1.00D+00  THRDC   =  1.00D-10  THRCS   =  1.00D-10
 THRNRM  =  1.00D-08  THREQ   =  0.00D+00  THRDE   =  1.00D+00  THRREF  =  1.00D-05  SPARFAC =  1.00D+00  THRDLP  =  1.00D-07
 THRDIA  =  1.00D-10  THRDLS  =  1.00D-07  THRGPS  =  0.00D+00  THRKEX  =  0.00D+00  THRDIS  =  2.00D-01  THRVAR  =  1.00D-10
 THRLOC  =  1.00D-06  THRGAP  =  1.00D-06  THRLOCT = -1.00D+00  THRGAPT = -1.00D+00  THRORB  =  1.00D-06  THRMLTP =  0.00D+00
 THRCPQCI=  1.00D-10  KEXTA   =  0.00D+00  THRCOARS=  0.00D+00  SYMTOL  =  1.00D-06  GRADTOL =  1.00D-06  THROVL  =  1.00D-08
 THRORTH =  1.00D-08  GRID    =  1.00D-06  GRIDMAX =  1.00D-03  DTMAX   =  0.00D+00  THROCCDE=  1.00D-01  THROCCDE=  1.00D-01



 THRESHOLDS:

 ZERO    =  1.00D-12  ONEINT  =  1.00D-15  TWOINT  =  1.00D-15  PREFAC  =  1.00D-14  LOCALI  =  1.00D-09  EORDER  =  1.00D-04
 ENERGY  =  0.00D+00  ETEST   =  0.00D+00  EDENS   =  0.00D+00  THRDEDEF=  1.00D-06  GRADIENT=  1.00D-02  STEP    =  1.00D-03
 ORBITAL =  1.00D-05  CIVEC   =  1.00D-05  COEFF   =  1.00D-04  PRINTCI =  5.00D-02  PUNCHCI =  9.90D+01  OPTGRAD =  3.00D-04
 OPTENERG=  1.00D-06  OPTSTEP =  3.00D-04  THRGRAD =  1.00D-10  COMPRESS=  1.00D-11  VARMIN  =  1.00D-07  VARMAX  =  1.00D-03
 THRDOUB =  0.00D+00  THRDIV  =  1.00D-05  THRRED  =  1.00D-07  THRPSP  =  1.00D+00  THRDC   =  1.00D-10  THRCS   =  1.00D-10
 THRNRM  =  1.00D-08  THREQ   =  0.00D+00  THRDE   =  1.00D+00  THRREF  =  1.00D-05  SPARFAC =  1.00D+00  THRDLP  =  1.00D-07
 THRDIA  =  1.00D-10  THRDLS  =  1.00D-07  THRGPS  =  0.00D+00  THRKEX  =  0.00D+00  THRDIS  =  2.00D-01  THRVAR  =  1.00D-10
 THRLOC  =  1.00D-06  THRGAP  =  1.00D-06  THRLOCT = -1.00D+00  THRGAPT = -1.00D+00  THRORB  =  1.00D-06  THRMLTP =  0.00D+00
 THRCPQCI=  1.00D-10  KEXTA   =  0.00D+00  THRCOARS=  0.00D+00  SYMTOL  =  1.00D-06  GRADTOL =  1.00D-06  THROVL  =  1.00D-08
 THRORTH =  1.00D-08  GRID    =  1.00D-06  GRIDMAX =  1.00D-03  DTMAX   =  0.00D+00  THROCCDE=  1.00D-01  THROCCDE=  1.00D-01


 ZUNIT=ANG
 

Geometry recognized as XYZ


 Variable memory set to 1000000000 words,  buffer space   230000 words

 SETTING BASIS          =    USERDEF
 SETTING DKROLL         =         1.00000000                                  
 SETTING DKHO           =        99.00000000                                  
 SETTING DKHP           =         2.00000000                                  

 DO I                   =        15.00000000   

 Running procedure=IP7_5S2_5P3_4F7


 Recomputing integrals since basis changed


 Using spherical harmonics



 PROGRAM * SEWARD (Integral evaluation for generally contracted gaussian basis sets)     Author: Roland Lindh, 1990

 Geometry written to block  1 of record 700

 Orientation using atomic masses  
 Molecule type: Atom
 Symmetry elements: X,Y,Z
 Rotational constants:       0.0000000      0.0000000      0.0000000 GHz  (calculated with average atomic masses)

 Point group  D2h 



 ATOMIC COORDINATES

 NR  ATOM    CHARGE       X              Y              Z

   1  TB     65.00    0.000000000    0.000000000    0.000000000

 NUCLEAR CHARGE:                   65
 NUMBER OF PRIMITIVE AOS:         470
 NUMBER OF SYMMETRY AOS:          361
 NUMBER OF CONTRACTIONS:          361   (  82Ag  +  60B3u +  60B2u +  27B1g +  60B1u +  27B2g +  27B3g +  18Au  )
 NUMBER OF CORE ORBITALS:          23   (   8Ag  +   3B3u +   3B2u +   2B1g +   3B1u +   2B2g +   2B3g +   0Au  )
 NUMBER OF VALENCE ORBITALS:       17   (   4Ag  +   3B3u +   3B2u +   1B1g +   3B1u +   1B2g +   1B3g +   1Au  )


 NUCLEAR REPULSION ENERGY    0.00000000

 One-electron integrals computed with SEWARD

 99nd-order Douglas-Kroll-Hess method activated. Exponential DKH parametrization is used.

 Computing Douglas-Kroll / X2C integrals

 AO integral compression algorithm  1   Integral accuracy      1.0D-15

     1802.240 MB (compressed) written to integral file ( 46.5%)

     Node minimum: 77.595 MB, node maximum: 234.881 MB


 NUMBER OF SORTED TWO-ELECTRON INTEGRALS:   24984912.     BUFFER LENGTH:  32768
 NUMBER OF SEGMENTS:   1  SEGMENT LENGTH:   24984912      RECORD LENGTH: 524288

 Memory used in sort:      25.54 MW

 SORT1 READ   484076335. AND WROTE    14890225. INTEGRALS IN     43 RECORDS. CPU TIME:    10.65 SEC, REAL TIME:    11.06 SEC
 SORT2 READ   163021228. AND WROTE   274384081. INTEGRALS IN   6974 RECORDS. CPU TIME:     0.51 SEC, REAL TIME:     1.28 SEC

 Node minimum:    24848232.  Node maximum:    25142105. integrals

 OPERATOR DM      FOR CENTER  0  COORDINATES:    0.000000    0.000000    0.000000

 EXTRA SYMMETRY OF AOS IN SYMMETRY 1:   1 1 1 1 1 1 1 1 1 1   1 1 1 1 1 1 1 1 1 1   1 1 1 1 1 1 1 1 1 1   1 1 1 2 3 2 3 2 3 2
                                        3 2 3 2 3 2 3 2 3 2   3 2 3 2 3 2 3 2 3 2   3 2 3 2 3 2 3 4 5 6   4 5 6 4 5 6 4 5 6 4
                                        5 6
 EXTRA SYMMETRY OF AOS IN SYMMETRY 2:   1 1 1 1 1 1 1 1 1 1   1 1 1 1 1 1 1 1 1 1   1 1 1 1 1 1 2 3 2 3   2 3 2 3 2 3 2 3 2 3
                                        2 3 2 3 2 3 2 3 2 3   2 3 2 3 4 5 6 4 5 6
 EXTRA SYMMETRY OF AOS IN SYMMETRY 3:   1 1 1 1 1 1 1 1 1 1   1 1 1 1 1 1 1 1 1 1   1 1 1 1 1 1 2 3 2 3   2 3 2 3 2 3 2 3 2 3
                                        2 3 2 3 2 3 2 3 2 3   2 3 2 3 4 5 6 4 5 6
 EXTRA SYMMETRY OF AOS IN SYMMETRY 4:   1 1 1 1 1 1 1 1 1 1   1 1 1 1 1 1 1 2 3 2   3 2 3 2 3 2 3
 EXTRA SYMMETRY OF AOS IN SYMMETRY 5:   1 1 1 1 1 1 1 1 1 1   1 1 1 1 1 1 1 1 1 1   1 1 1 1 1 1 2 3 2 3   2 3 2 3 2 3 2 3 2 3
                                        2 3 2 3 2 3 2 3 2 3   2 3 2 3 4 5 6 4 5 6
 EXTRA SYMMETRY OF AOS IN SYMMETRY 6:   1 1 1 1 1 1 1 1 1 1   1 1 1 1 1 1 1 2 3 2   3 2 3 2 3 2 3
 EXTRA SYMMETRY OF AOS IN SYMMETRY 7:   1 1 1 1 1 1 1 1 1 1   1 1 1 1 1 1 1 2 3 2   3 2 3 2 3 2 3
 EXTRA SYMMETRY OF AOS IN SYMMETRY 8:   1 1 1 1 1 1 1 1 1 1   1 1 1 1 2 3 2 3

 Eigenvalues of metric

         1 0.154E-07 0.147E-05 0.266E-04 0.749E-04 0.181E-03 0.390E-03 0.717E-03 0.122E-02
         2 0.148E-04 0.893E-04 0.893E-04 0.408E-03 0.125E-02 0.125E-02 0.141E-02 0.331E-02
         3 0.148E-04 0.893E-04 0.893E-04 0.408E-03 0.125E-02 0.125E-02 0.141E-02 0.331E-02
         4 0.186E-02 0.687E-02 0.180E-01 0.386E-01 0.694E-01 0.115E+00 0.185E+00 0.289E+00
         5 0.148E-04 0.893E-04 0.893E-04 0.408E-03 0.125E-02 0.125E-02 0.141E-02 0.331E-02
         6 0.186E-02 0.687E-02 0.180E-01 0.386E-01 0.694E-01 0.115E+00 0.185E+00 0.289E+00
         7 0.186E-02 0.687E-02 0.180E-01 0.386E-01 0.694E-01 0.115E+00 0.185E+00 0.289E+00
         8 0.893E-04 0.125E-02 0.174E-01 0.609E-01 0.108E+00 0.212E+00 0.329E+00 0.483E+00


 **********************************************************************************************************************************
 DATASETS  * FILE   NREC   LENGTH (MB)   RECORD NAMES
              1      22       21.35       500      610      700      900      950      970     1000      129      960     1700   
                                          VAR    BASINP    GEOM    SYMINP    ZMAT    AOBASIS   BASIS     P2S    ABASIS    OPER   
                                         1101     1401     1411     1412     1650     1100     1400     1410     1200     1210   
                                          SR      EKINR    POTR     PVPR    MOLCAS      S      EKIN      POT      H0       H01  
                                         1080     1600   
                                         AOSYM     SMH  

 PROGRAMS   *        TOTAL       INT
 CPU TIMES  *        89.80     89.47
 REAL TIME  *        92.82 SEC
 DISK USED  *         3.78 GB      
 GA USED    *         0.00 MB       (max)       0.00 MB       (current)
 **********************************************************************************************************************************


 PROGRAM * RHF-SCF (OPEN SHELL)       Authors: W. Meyer, H.-J. Werner


 NUMBER OF ELECTRONS:      34+   24-    SPACE SYMMETRY=1    SPIN SYMMETRY: S=5     
 CONVERGENCE THRESHOLDS:    1.00E-05 (Density)    1.30E-07 (Energy)
 MAX. NUMBER OF ITERATIONS:      100
 INTERPOLATION TYPE:            DIIS
 INTERPOLATION STEPS:              2 (START)      1 (STEP)
 LEVEL SHIFTS:                 -0.60 (CLOSED) -0.30 (OPEN) 

 Number of closed-shell orbitals:   24 (   9   3   3   2   3   2   2   0 )
 Number of open-shell orbitals:     10 (   0   3   3   0   3   0   0   1 )


 
 Extra symmetries of mos in symmetry 1:   1   1   1   1   3   2   1   3   2   1   3   2
 Orbital guess generated from atomic densities. Full valence occupancy:   10   6   6   2   6   2   2   1


 Molecular orbital dump at record        2118.2

 ITERATION    DDIFF          GRAD             ENERGY        2-EL.EN.            DIPOLE MOMENTS         DIIS   ORB.
    1      0.000D+00      0.000D+00    -11674.29482934   7617.394677    0.00000    0.00000    0.00000    0    start
    2      0.000D+00      0.796D-01    -11689.77921077   8424.757603    0.00000    0.00000    0.00000    1    diag,B
    3      0.988D-01      0.104D+00    -11692.32035676   8268.144284    0.00000    0.00000    0.00000    2    diag,B
    4      0.700D-01      0.344D-01    -11692.72527505   8204.495021    0.00000    0.00000    0.00000    3    diag,B
    5      0.360D-01      0.101D-01    -11692.76582038   8181.161906    0.00000    0.00000    0.00000    4    diag,B
    6      0.652D-02      0.164D-02    -11692.76697100   8177.271691    0.00000    0.00000    0.00000    5    diag,B
    7      0.549D-02      0.254D-03    -11692.76699815   8176.686653    0.00000    0.00000    0.00000    6    diag,B
    8      0.103D-02      0.382D-04    -11692.76699874   8176.597011    0.00000    0.00000    0.00000    7    diag,B
    9      0.244D-04      0.334D-05    -11692.76699875   8176.589160    0.00000    0.00000    0.00000    8    diag,B
   10      0.160D-04      0.126D-06    -11692.76699875   8176.588897    0.00000    0.00000    0.00000    9    orth
   11      0.242D-06      0.768D-08    -11692.76699875   8176.588902    0.00000    0.00000    0.00000    0    orth

 Final alpha occupancy:   9   6   6   2   6   2   2   1
 Final beta  occupancy:   9   3   3   2   3   2   2   0

 !RHF STATE 1.1 Energy               -11692.7669987477    
 Nuclear energy                         0.00000000
 One-electron energy               -15781.06144994
 Two-electron energy                 4088.29445119
 Virial quotient                       -0.77655442
 !RHF STATE 1.1 Dipole moment           0.00000000     0.00000000     0.00000000
 Dipole moment /Debye                   0.00000000     0.00000000     0.00000000

 ELECTRON ORBITALS
 =================


   Orb  Occ    Energy  Couls-En    Coefficients

                                   1 1s      1 1s      1 1s      1 1s      1 1s      1 1s      1 1s      1 1s      1 1s      1 1s   
                                   1 1s      1 1s      1 1s      1 1s      1 1s      1 1s      1 1s      1 1s      1 1s      1 1s   
                                   1 1s      1 1s      1 1s      1 1s      1 1s      1 1s      1 1s      1 1s      1 1s      1 1s   
                                   1 1s      1 1s      1 1s      1 3d0     1 3d2+    1 3d0     1 3d2+    1 3d0     1 3d2+    1 3d0  
                                   1 3d2+    1 3d0     1 3d2+    1 3d0     1 3d2+    1 3d0     1 3d2+    1 3d0     1 3d2+    1 3d0  
                                   1 3d2+    1 3d0     1 3d2+    1 3d0     1 3d2+    1 3d0     1 3d2+    1 3d0     1 3d2+    1 3d0  
                                   1 3d2+    1 3d0     1 3d2+    1 3d0     1 3d2+    1 3d0     1 3d2+    1 5g0     1 5g4+    1 5g2+ 
                                   1 5g0     1 5g4+    1 5g2+    1 5g0     1 5g4+    1 5g2+    1 5g0     1 5g4+    1 5g2+    1 5g0  
                                   1 5g4+    1 5g2+ 

   1.1   2 -1924.4148-4171.0586  0.000372  0.000370  0.001056  0.001565  0.003155  0.005254  0.009597  0.016539  0.029434  0.051305
                                 0.089392  0.148556  0.224679  0.275562  0.230697  0.098374  0.013281  0.000370 -0.000021 -0.000012
                                -0.000143  0.000249 -0.000320  0.000196 -0.000017  0.000004 -0.000001  0.000000 -0.000000  0.000000
                                -0.000000  0.000000 -0.000000 -0.000000  0.000000  0.000000 -0.000000 -0.000000  0.000000  0.000000
                                -0.000000 -0.000000  0.000000  0.000000 -0.000000 -0.000000  0.000000  0.000000  0.000000 -0.000000
                                -0.000000  0.000000  0.000000 -0.000000 -0.000000  0.000000  0.000000 -0.000000 -0.000000  0.000000
                                 0.000000 -0.000000 -0.000000  0.000000  0.000000 -0.000000 -0.000000 -0.000000  0.000000 -0.000000
                                 0.000000 -0.000000  0.000000 -0.000000  0.000000 -0.000000  0.000000 -0.000000  0.000000 -0.000000
                                -0.000000 -0.000000

   2.1   2  -326.8440 -894.2340 -0.000135 -0.000135 -0.000385 -0.000572 -0.001156 -0.001934 -0.003555 -0.006188 -0.011177 -0.019935
                                -0.036032 -0.063533 -0.106185 -0.152555 -0.153364 -0.006810  0.318542  0.500525  0.283693  0.044891
                                -0.001019  0.000310  0.002242 -0.001913  0.000120 -0.000071  0.000016 -0.000003  0.000002 -0.000001
                                 0.000001 -0.000000  0.000000 -0.000000  0.000000 -0.000000  0.000000 -0.000000  0.000000 -0.000000
                                -0.000000 -0.000000  0.000000 -0.000000 -0.000000  0.000000 -0.000000 -0.000000  0.000000 -0.000000
                                -0.000000 -0.000000  0.000000  0.000000 -0.000000 -0.000000  0.000000 -0.000000 -0.000000  0.000000
                                 0.000000  0.000000 -0.000000 -0.000000  0.000000  0.000000 -0.000000  0.000000  0.000000  0.000000
                                -0.000000 -0.000000  0.000000  0.000000 -0.000000  0.000000 -0.000000 -0.000000  0.000000  0.000000
                                -0.000000  0.000000

   3.1   2   -77.5362 -317.4191  0.000063  0.000063  0.000179  0.000266  0.000539  0.000902  0.001659  0.002891  0.005236  0.009370
                                 0.017042  0.030330  0.051580  0.076178  0.079729 -0.002522 -0.242319 -0.502166 -0.306919  0.460460
                                 0.715675 -0.029432  0.280701 -0.032807  0.020184  0.000686  0.000062 -0.000063  0.000007 -0.000003
                                 0.000002 -0.000001  0.000000  0.000000 -0.000000  0.000000  0.000000  0.000000 -0.000000  0.000000
                                -0.000000  0.000000 -0.000000  0.000000 -0.000000  0.000000 -0.000000  0.000000 -0.000000 -0.000000
                                -0.000000  0.000000  0.000000 -0.000000 -0.000000  0.000000  0.000000 -0.000000 -0.000000 -0.000000
                                 0.000000 -0.000000 -0.000000  0.000000 -0.000000 -0.000000 -0.000000  0.000000  0.000000 -0.000000
                                -0.000000 -0.000000 -0.000000  0.000000  0.000000  0.000000 -0.000000 -0.000000  0.000000  0.000000
                                -0.000000  0.000000

   4.1   2   -19.4154 -138.2872 -0.000030 -0.000030 -0.000087 -0.000129 -0.000260 -0.000435 -0.000801 -0.001397 -0.002529 -0.004534
                                -0.008249 -0.014735 -0.025106 -0.037445 -0.039310  0.001525  0.132383  0.288658  0.196766 -0.407255
                                -0.874566 -0.042630 -0.046742 -0.055579  0.875651  0.569783  0.048398 -0.004364  0.001109 -0.000339
                                 0.000298 -0.000135  0.000029 -0.000000  0.000000 -0.000000  0.000000 -0.000000  0.000000 -0.000000
                                 0.000000 -0.000000  0.000000 -0.000000  0.000000 -0.000000  0.000000 -0.000000  0.000000  0.000000
                                 0.000000  0.000000 -0.000000  0.000000 -0.000000 -0.000000 -0.000000  0.000000 -0.000000  0.000000
                                -0.000000  0.000000 -0.000000 -0.000000 -0.000000  0.000000  0.000000 -0.000000 -0.000000 -0.000000
                                 0.000000 -0.000000 -0.000000  0.000000  0.000000  0.000000 -0.000000 -0.000000  0.000000  0.000000
                                -0.000000  0.000000

   5.1   2   -51.2794 -273.8892 -0.000000 -0.000000  0.000000 -0.000000  0.000000  0.000000  0.000000  0.000000 -0.000000  0.000000
                                -0.000000  0.000000 -0.000000  0.000000 -0.000000  0.000000 -0.000000  0.000000 -0.000000  0.000000
                                -0.000000  0.000000 -0.000000  0.000000 -0.000000  0.000000 -0.000000  0.000000 -0.000000  0.000000
                                -0.000000  0.000000  0.000000  0.000000  0.000090  0.000000  0.000696  0.000001  0.003990  0.000006
                                 0.017839  0.000019  0.061338  0.000051  0.159756  0.000094  0.296131  0.000115  0.364708  0.000077
                                 0.244140  0.000022  0.069178  0.000002  0.005408  0.000000  0.000496 -0.000000 -0.000032  0.000000
                                 0.000031 -0.000000 -0.000013  0.000000  0.000006 -0.000000 -0.000002  0.000000 -0.000000  0.000000
                                 0.000000  0.000000  0.000000 -0.000000 -0.000000 -0.000000  0.000000  0.000000 -0.000000 -0.000000
                                 0.000000  0.000000

   6.1   2   -51.2794 -273.8892  0.000000  0.000000  0.000000  0.000000  0.000000  0.000000  0.000000  0.000000  0.000000  0.000000
                                 0.000000  0.000000  0.000000  0.000000  0.000000  0.000000 -0.000000 -0.000000 -0.000000  0.000000
                                -0.000000  0.000000 -0.000000  0.000000 -0.000000 -0.000000 -0.000000  0.000000  0.000000  0.000000
                                -0.000000  0.000000 -0.000000  0.000090 -0.000000  0.000696 -0.000000  0.003990 -0.000001  0.017839
                                -0.000006  0.061338 -0.000019  0.159756 -0.000051  0.296131 -0.000094  0.364708 -0.000115  0.244140
                                -0.000077  0.069178 -0.000022  0.005408 -0.000002  0.000496 -0.000000 -0.000032  0.000000  0.000031
                                -0.000000 -0.000013  0.000000  0.000006 -0.000000 -0.000002  0.000000  0.000000  0.000000 -0.000000
                                 0.000000  0.000000 -0.000000 -0.000000  0.000000  0.000000 -0.000000  0.000000  0.000000  0.000000
                                 0.000000  0.000000

   7.1   2    -5.4692  -62.6970  0.000013  0.000013  0.000037  0.000056  0.000113  0.000188  0.000347  0.000605  0.001096  0.001964
                                 0.003579  0.006382  0.010920  0.016233  0.017238 -0.000974 -0.058377 -0.131775 -0.087811  0.188261
                                 0.608557 -0.380794  0.813632 -0.595520 -0.560904 -0.805048  0.566347  0.908830  0.071395  0.000140
                                -0.000707  0.000443 -0.000108  0.000000  0.000000  0.000000 -0.000000  0.000000 -0.000000  0.000000
                                -0.000000  0.000000 -0.000000  0.000000 -0.000000  0.000000 -0.000000  0.000000 -0.000000 -0.000000
                                -0.000000 -0.000000  0.000000 -0.000000  0.000000 -0.000000  0.000000  0.000000  0.000000  0.000000
                                -0.000000  0.000000 -0.000000 -0.000000 -0.000000  0.000000  0.000000  0.000000 -0.000000  0.000000
                                 0.000000  0.000000  0.000000 -0.000000  0.000000  0.000000 -0.000000 -0.000000  0.000000  0.000000
                                -0.000000  0.000000

   8.1   2   -10.1269 -112.4705 -0.000000 -0.000000 -0.000000 -0.000000 -0.000000  0.000000 -0.000000  0.000000 -0.000000 -0.000000
                                -0.000000 -0.000000  0.000000 -0.000000  0.000000 -0.000000  0.000000 -0.000000  0.000000 -0.000000
                                 0.000000 -0.000000  0.000000 -0.000000  0.000000 -0.000000  0.000000 -0.000000  0.000000 -0.000000
                                 0.000000 -0.000000  0.000000  0.000000 -0.000043  0.000000 -0.000335  0.000001 -0.001925  0.000003
                                -0.008690  0.000012 -0.030172  0.000032 -0.080234  0.000058 -0.147251  0.000066 -0.167350  0.000000
                                -0.000148 -0.000127  0.321931 -0.000186  0.472617 -0.000112  0.283458 -0.000018  0.046894  0.000001
                                -0.001348 -0.000000  0.000648  0.000000 -0.000267 -0.000000  0.000095 -0.000000 -0.000000  0.000000
                                 0.000000 -0.000000 -0.000000  0.000000 -0.000000 -0.000000 -0.000000 -0.000000  0.000000  0.000000
                                 0.000000 -0.000000

   9.1   2   -10.1269 -112.4705 -0.000000 -0.000000 -0.000000 -0.000000 -0.000000 -0.000000 -0.000000 -0.000000 -0.000000 -0.000000
                                -0.000000 -0.000000 -0.000000 -0.000000 -0.000000 -0.000000  0.000000  0.000000  0.000000 -0.000000
                                 0.000000 -0.000000  0.000000 -0.000000  0.000000  0.000000 -0.000000  0.000000  0.000000  0.000000
                                -0.000000  0.000000  0.000000 -0.000043 -0.000000 -0.000335 -0.000000 -0.001925 -0.000001 -0.008690
                                -0.000003 -0.030172 -0.000012 -0.080234 -0.000032 -0.147251 -0.000058 -0.167350 -0.000066 -0.000148
                                -0.000000  0.321931  0.000127  0.472617  0.000186  0.283458  0.000112  0.046894  0.000018 -0.001348
                                -0.000001  0.000648  0.000000 -0.000267 -0.000000  0.000095  0.000000  0.000000  0.000000 -0.000000
                                -0.000000  0.000000 -0.000000 -0.000000  0.000000  0.000000 -0.000000 -0.000000 -0.000000  0.000000
                                 0.000000  0.000000

  10.1   0    -2.1622  -32.0831 -0.000007 -0.000007 -0.000019 -0.000029 -0.000058 -0.000098 -0.000179 -0.000316 -0.000564 -0.001031
                                -0.001825 -0.003388 -0.005480 -0.008858 -0.007958 -0.001714  0.035592  0.056666  0.077460 -0.221701
                                 0.607986 -2.687153  5.671180 -4.576193  1.478539  0.063813 -0.001020 -2.199079  1.778832  0.819466
                                -0.539102  0.219637 -0.043920  0.000000  0.000000  0.000000  0.000000  0.000000  0.000000  0.000000
                                 0.000000  0.000000  0.000000  0.000000  0.000000  0.000000  0.000000  0.000000  0.000000 -0.000000
                                 0.000000 -0.000000 -0.000000 -0.000000 -0.000000 -0.000000 -0.000000  0.000000  0.000000 -0.000000
                                 0.000000 -0.000000  0.000000  0.000000  0.000000 -0.000000 -0.000000 -0.000000  0.000000 -0.000000
                                -0.000000  0.000000 -0.000000 -0.000000  0.000000  0.000000 -0.000000 -0.000000 -0.000000  0.000000
                                 0.000000 -0.000000

  11.1   0    -2.6846  -45.0279  0.000000  0.000000  0.000000  0.000000  0.000000  0.000000  0.000000  0.000000  0.000000  0.000000
                                 0.000000  0.000000  0.000000  0.000000  0.000000 -0.000000  0.000000 -0.000000  0.000000 -0.000000
                                 0.000000 -0.000000  0.000000 -0.000000  0.000000 -0.000000  0.000000 -0.000000  0.000000 -0.000000
                                 0.000000 -0.000000  0.000000  0.000000  0.000016  0.000000  0.000123  0.000000  0.000715  0.000000
                                 0.003186  0.000000  0.011228  0.000000  0.029539  0.000001  0.055119  0.000001  0.059733 -0.000000
                                -0.007488 -0.000002 -0.153241 -0.000003 -0.202562 -0.000001 -0.068414  0.000008  0.497746  0.000009
                                 0.595214  0.000001  0.044999 -0.000000 -0.000421 -0.000000 -0.000292 -0.000000 -0.000000 -0.000000
                                 0.000000 -0.000000 -0.000000 -0.000000  0.000000 -0.000000  0.000000  0.000000 -0.000000 -0.000000
                                -0.000000  0.000000

                                   1 2px     1 2px     1 2px     1 2px     1 2px     1 2px     1 2px     1 2px     1 2px     1 2px  
                                   1 2px     1 2px     1 2px     1 2px     1 2px     1 2px     1 2px     1 2px     1 2px     1 2px  
                                   1 2px     1 2px     1 2px     1 2px     1 2px     1 2px     1 4f1+    1 4f3+    1 4f1+    1 4f3+ 
                                   1 4f1+    1 4f3+    1 4f1+    1 4f3+    1 4f1+    1 4f3+    1 4f1+    1 4f3+    1 4f1+    1 4f3+ 
                                   1 4f1+    1 4f3+    1 4f1+    1 4f3+    1 4f1+    1 4f3+    1 4f1+    1 4f3+    1 4f1+    1 4f3+ 
                                   1 4f1+    1 4f3+    1 4f1+    1 4f3+    1 6h1+    1 6h3+    1 6h5+    1 6h1+    1 6h3+    1 6h5+ 


   1.2   2  -291.1006 -833.8019  0.000013  0.000036  0.000109  0.000314  0.000925  0.002776  0.008419  0.025019  0.069324  0.164662
                                 0.301594  0.359213  0.215482  0.045678  0.002055 -0.000348  0.000766 -0.000658  0.000097 -0.000049
                                 0.000026 -0.000011  0.000005 -0.000002  0.000001 -0.000000  0.000000 -0.000000 -0.000000 -0.000000
                                 0.000000 -0.000000 -0.000000  0.000000  0.000000 -0.000000 -0.000000  0.000000  0.000000 -0.000000
                                -0.000000  0.000000  0.000000 -0.000000 -0.000000  0.000000  0.000000 -0.000000 -0.000000  0.000000
                                 0.000000 -0.000000 -0.000000  0.000000 -0.000000  0.000000 -0.000000  0.000000 -0.000000  0.000000

   2.2   2   -66.2435 -296.7531 -0.000006 -0.000018 -0.000054 -0.000156 -0.000460 -0.001386 -0.004235 -0.012740 -0.036129 -0.089149
                                -0.172423 -0.208103 -0.012953  0.388387  0.505069  0.199199 -0.001566  0.020121  0.000987  0.000055
                                 0.000264 -0.000001  0.000015 -0.000007  0.000003 -0.000001 -0.000000 -0.000000 -0.000000  0.000000
                                -0.000000 -0.000000 -0.000000  0.000000 -0.000000 -0.000000  0.000000  0.000000 -0.000000 -0.000000
                                 0.000000  0.000000 -0.000000 -0.000000 -0.000000  0.000000  0.000000 -0.000000  0.000000  0.000000
                                -0.000000 -0.000000  0.000000  0.000000 -0.000000 -0.000000  0.000000  0.000000  0.000000  0.000000

   3.2   2   -15.5699 -127.6682  0.000003  0.000008  0.000026  0.000074  0.000219  0.000660  0.002021  0.006092  0.017381  0.043216
                                 0.084858  0.102295 -0.012457 -0.283104 -0.404770  0.072231  0.005548  0.602968  0.447155  0.070630
                                -0.001913  0.001176 -0.000421  0.000185 -0.000080  0.000024  0.000000  0.000000  0.000000  0.000000
                                 0.000000  0.000000  0.000000 -0.000000 -0.000000  0.000000  0.000000 -0.000000 -0.000000  0.000000
                                 0.000000 -0.000000 -0.000000  0.000000  0.000000  0.000000  0.000000  0.000000  0.000000 -0.000000
                                 0.000000  0.000000 -0.000000 -0.000000 -0.000000 -0.000000  0.000000  0.000000  0.000000  0.000000

   4.2   +    -4.5909  -57.0015 -0.000001 -0.000004 -0.000011 -0.000031 -0.000092 -0.000278 -0.000853 -0.002567 -0.007354 -0.018256
                                -0.036124 -0.043156  0.006490  0.132293  0.186007 -0.051163 -0.046787 -0.355219 -0.357519  0.414453
                                 0.732252  0.114737 -0.003312  0.000697 -0.000185  0.000043 -0.000000  0.000000 -0.000000  0.000000
                                -0.000000  0.000000 -0.000000  0.000000 -0.000000  0.000000  0.000000 -0.000000 -0.000000  0.000000
                                 0.000000 -0.000000 -0.000000  0.000000 -0.000000  0.000000 -0.000000  0.000000  0.000000  0.000000
                                -0.000000 -0.000000  0.000000  0.000000  0.000000 -0.000000 -0.000000  0.000000  0.000000 -0.000000

   5.2   +    -4.5419  -90.6002 -0.000000 -0.000000 -0.000000 -0.000000 -0.000000 -0.000000 -0.000000 -0.000000 -0.000000 -0.000000
                                -0.000000 -0.000000  0.000000  0.000000  0.000000 -0.000000 -0.000000 -0.000000 -0.000000  0.000000
                                 0.000000  0.000000 -0.000000  0.000000 -0.000000  0.000000  0.000006  0.001066  0.000053  0.009082
                                 0.000243  0.041236  0.000716  0.121661  0.001458  0.247839 -0.000007 -0.001133  0.002021  0.343666
                                -0.000033 -0.005630  0.002020  0.343382  0.001265  0.215151  0.000255  0.043394 -0.000012 -0.002088
                                 0.000005  0.000877 -0.000002 -0.000311 -0.000000 -0.000000  0.000000 -0.000000 -0.000000  0.000000

   6.2   +    -4.5419  -90.6002 -0.000000 -0.000000 -0.000000 -0.000000 -0.000000 -0.000000 -0.000000 -0.000000 -0.000000 -0.000000
                                -0.000000 -0.000000  0.000000  0.000000  0.000000 -0.000000 -0.000000 -0.000000 -0.000000  0.000000
                                 0.000000  0.000000 -0.000000  0.000000 -0.000000  0.000000  0.001066 -0.000006  0.009082 -0.000053
                                 0.041236 -0.000243  0.121661 -0.000716  0.247839 -0.001458 -0.001133  0.000007  0.343666 -0.002021
                                -0.005630  0.000033  0.343382 -0.002020  0.215151 -0.001265  0.043394 -0.000255 -0.002088  0.000012
                                 0.000877 -0.000005 -0.000311  0.000002 -0.000000  0.000000 -0.000000 -0.000000  0.000000 -0.000000

   7.2   0    -1.8479  -28.2492  0.000001  0.000002  0.000005  0.000015  0.000045  0.000135  0.000411  0.001251  0.003540  0.008922
                                 0.017311  0.021494 -0.004794 -0.061234 -0.103449  0.080315 -0.113677  0.319204  0.125999 -0.210765
                                -0.889764  0.671917  0.819889 -0.088691  0.037204 -0.010709 -0.000000 -0.000000 -0.000000 -0.000000
                                -0.000000 -0.000000 -0.000000 -0.000000 -0.000000  0.000000  0.000000 -0.000000 -0.000000  0.000000
                                 0.000000 -0.000000 -0.000000  0.000000 -0.000000  0.000000 -0.000000 -0.000000 -0.000000  0.000000
                                 0.000000 -0.000000 -0.000000  0.000000 -0.000000 -0.000000  0.000000 -0.000000 -0.000000  0.000000

   8.2   0    -1.5099  -29.5637  0.000000  0.000000  0.000000  0.000000  0.000000  0.000000  0.000000  0.000000  0.000000  0.000000
                                 0.000000  0.000000 -0.000000 -0.000000 -0.000000  0.000000 -0.000000  0.000000  0.000000  0.000000
                                -0.000000 -0.000000  0.000000  0.000000  0.000000 -0.000000 -0.000006 -0.000314 -0.000050 -0.002781
                                -0.000220 -0.012225 -0.000681 -0.037832 -0.001101 -0.061161 -0.000434 -0.024127 -0.001087 -0.060339
                                -0.000966 -0.053634 -0.000643 -0.035692  0.000529  0.029380  0.008486  0.471216  0.010616  0.589529
                                 0.000623  0.034596 -0.000024 -0.001315 -0.000000  0.000000 -0.000000  0.000000 -0.000000  0.000000

                                   1 2py     1 2py     1 2py     1 2py     1 2py     1 2py     1 2py     1 2py     1 2py     1 2py  
                                   1 2py     1 2py     1 2py     1 2py     1 2py     1 2py     1 2py     1 2py     1 2py     1 2py  
                                   1 2py     1 2py     1 2py     1 2py     1 2py     1 2py     1 4f1-    1 4f3-    1 4f1-    1 4f3- 
                                   1 4f1-    1 4f3-    1 4f1-    1 4f3-    1 4f1-    1 4f3-    1 4f1-    1 4f3-    1 4f1-    1 4f3- 
                                   1 4f1-    1 4f3-    1 4f1-    1 4f3-    1 4f1-    1 4f3-    1 4f1-    1 4f3-    1 4f1-    1 4f3- 
                                   1 4f1-    1 4f3-    1 4f1-    1 4f3-    1 6h1-    1 6h3-    1 6h5-    1 6h1-    1 6h3-    1 6h5- 


   1.3   2  -291.1006 -833.8019  0.000013  0.000036  0.000109  0.000314  0.000925  0.002776  0.008419  0.025019  0.069324  0.164662
                                 0.301594  0.359213  0.215482  0.045678  0.002055 -0.000348  0.000766 -0.000658  0.000097 -0.000049
                                 0.000026 -0.000011  0.000005 -0.000002  0.000001 -0.000000  0.000000 -0.000000 -0.000000  0.000000
                                 0.000000  0.000000 -0.000000 -0.000000  0.000000  0.000000 -0.000000 -0.000000  0.000000  0.000000
                                -0.000000 -0.000000  0.000000  0.000000 -0.000000 -0.000000  0.000000  0.000000 -0.000000 -0.000000
                                 0.000000  0.000000 -0.000000 -0.000000 -0.000000  0.000000  0.000000  0.000000 -0.000000 -0.000000

   2.3   2   -66.2435 -296.7531 -0.000006 -0.000018 -0.000054 -0.000156 -0.000460 -0.001386 -0.004235 -0.012740 -0.036129 -0.089149
                                -0.172423 -0.208103 -0.012953  0.388387  0.505069  0.199199 -0.001566  0.020121  0.000987  0.000055
                                 0.000264 -0.000001  0.000015 -0.000007  0.000003 -0.000001 -0.000000  0.000000 -0.000000 -0.000000
                                -0.000000  0.000000 -0.000000 -0.000000 -0.000000  0.000000  0.000000 -0.000000 -0.000000  0.000000
                                 0.000000 -0.000000 -0.000000  0.000000 -0.000000 -0.000000  0.000000  0.000000  0.000000 -0.000000
                                -0.000000  0.000000  0.000000 -0.000000 -0.000000  0.000000  0.000000  0.000000 -0.000000  0.000000

   3.3   2   -15.5699 -127.6682  0.000003  0.000008  0.000026  0.000074  0.000219  0.000660  0.002021  0.006092  0.017381  0.043216
                                 0.084858  0.102295 -0.012457 -0.283104 -0.404770  0.072231  0.005548  0.602968  0.447155  0.070630
                                -0.001913  0.001176 -0.000421  0.000185 -0.000080  0.000024  0.000000 -0.000000  0.000000  0.000000
                                 0.000000 -0.000000  0.000000  0.000000 -0.000000 -0.000000  0.000000  0.000000 -0.000000 -0.000000
                                 0.000000  0.000000 -0.000000 -0.000000  0.000000 -0.000000  0.000000 -0.000000  0.000000  0.000000
                                 0.000000 -0.000000 -0.000000  0.000000 -0.000000  0.000000  0.000000  0.000000 -0.000000  0.000000

   4.3   +    -4.5909  -57.0015 -0.000001 -0.000004 -0.000011 -0.000031 -0.000092 -0.000278 -0.000853 -0.002567 -0.007354 -0.018256
                                -0.036124 -0.043156  0.006490  0.132293  0.186007 -0.051163 -0.046787 -0.355219 -0.357519  0.414453
                                 0.732252  0.114737 -0.003312  0.000697 -0.000185  0.000043 -0.000000 -0.000000 -0.000000 -0.000000
                                -0.000000 -0.000000 -0.000000 -0.000000 -0.000000 -0.000000  0.000000  0.000000 -0.000000 -0.000000
                                 0.000000  0.000000 -0.000000 -0.000000 -0.000000 -0.000000 -0.000000 -0.000000  0.000000  0.000000
                                -0.000000 -0.000000  0.000000  0.000000  0.000000  0.000000 -0.000000  0.000000 -0.000000 -0.000000

   5.3   +    -4.5419  -90.6002  0.000000  0.000000  0.000000  0.000000  0.000000  0.000000  0.000000  0.000000  0.000000  0.000000
                                 0.000000  0.000000 -0.000000 -0.000000 -0.000000  0.000000  0.000000  0.000000  0.000000 -0.000000
                                -0.000000 -0.000000  0.000000 -0.000000  0.000000 -0.000000 -0.000005  0.001066 -0.000042  0.009082
                                -0.000190  0.041236 -0.000562  0.121662 -0.001144  0.247841  0.000005 -0.001133 -0.001587  0.343669
                                 0.000026 -0.005630 -0.001585  0.343384 -0.000993  0.215152 -0.000200  0.043394  0.000010 -0.002088
                                -0.000004  0.000877  0.000001 -0.000311  0.000000 -0.000000  0.000000  0.000000 -0.000000  0.000000

   6.3   +    -4.5419  -90.6002 -0.000000 -0.000000 -0.000000 -0.000000 -0.000000 -0.000000 -0.000000 -0.000000 -0.000000 -0.000000
                                -0.000000 -0.000000  0.000000  0.000000  0.000000 -0.000000 -0.000000 -0.000000 -0.000000  0.000000
                                 0.000000  0.000000 -0.000000  0.000000 -0.000000  0.000000  0.001066  0.000005  0.009082  0.000042
                                 0.041236  0.000190  0.121662  0.000562  0.247841  0.001144 -0.001133 -0.000005  0.343669  0.001587
                                -0.005630 -0.000026  0.343384  0.001585  0.215152  0.000993  0.043394  0.000200 -0.002088 -0.000010
                                 0.000877  0.000004 -0.000311 -0.000001 -0.000000 -0.000000 -0.000000 -0.000000 -0.000000  0.000000

   7.3   0    -1.8479  -28.2492  0.000001  0.000002  0.000005  0.000015  0.000045  0.000135  0.000411  0.001251  0.003540  0.008922
                                 0.017311  0.021494 -0.004794 -0.061234 -0.103449  0.080315 -0.113677  0.319204  0.125999 -0.210765
                                -0.889764  0.671917  0.819889 -0.088691  0.037204 -0.010709 -0.000000 -0.000000 -0.000000  0.000000
                                -0.000000 -0.000000 -0.000000  0.000000 -0.000000 -0.000000  0.000000  0.000000 -0.000000 -0.000000
                                 0.000000  0.000000 -0.000000 -0.000000 -0.000000  0.000000 -0.000000 -0.000000 -0.000000  0.000000
                                 0.000000 -0.000000 -0.000000  0.000000 -0.000000 -0.000000  0.000000 -0.000000 -0.000000  0.000000

   8.3   0    -1.5099  -29.5637 -0.000000 -0.000000 -0.000000 -0.000000 -0.000000 -0.000000 -0.000000 -0.000000 -0.000000 -0.000000
                                -0.000000 -0.000000  0.000000  0.000000  0.000000 -0.000000  0.000000 -0.000000 -0.000000 -0.000000
                                 0.000000  0.000000 -0.000000 -0.000000 -0.000000  0.000000  0.000004 -0.000314  0.000035 -0.002781
                                 0.000156 -0.012226  0.000482 -0.037835  0.000779 -0.061166  0.000307 -0.024129  0.000768 -0.060343
                                 0.000683 -0.053638  0.000454 -0.035695 -0.000374  0.029383 -0.005999  0.471254 -0.007506  0.589577
                                -0.000440  0.034599  0.000017 -0.001316  0.000000  0.000000 -0.000000 -0.000000 -0.000000  0.000000

                                   1 3d2-    1 3d2-    1 3d2-    1 3d2-    1 3d2-    1 3d2-    1 3d2-    1 3d2-    1 3d2-    1 3d2- 
                                   1 3d2-    1 3d2-    1 3d2-    1 3d2-    1 3d2-    1 3d2-    1 3d2-    1 5g2-    1 5g4-    1 5g2- 
                                   1 5g4-    1 5g2-    1 5g4-    1 5g2-    1 5g4-    1 5g2-    1 5g4- 

   1.4   2   -51.2794 -273.8892  0.000090  0.000696  0.003990  0.017839  0.061338  0.159756  0.296131  0.364708  0.244140  0.069178
                                 0.005408  0.000496 -0.000032  0.000031 -0.000013  0.000006 -0.000002  0.000000 -0.000000  0.000000
                                 0.000000 -0.000000 -0.000000 -0.000000  0.000000  0.000000 -0.000000

   2.4   2   -10.1269 -112.4705 -0.000043 -0.000335 -0.001925 -0.008690 -0.030172 -0.080234 -0.147251 -0.167350 -0.000148  0.321931
                                 0.472617  0.283458  0.046894 -0.001348  0.000648 -0.000267  0.000095  0.000000 -0.000000 -0.000000
                                 0.000000 -0.000000 -0.000000  0.000000 -0.000000 -0.000000  0.000000

   3.4   0    -2.6846  -45.0279  0.000016  0.000123  0.000715  0.003186  0.011228  0.029539  0.055119  0.059733 -0.007488 -0.153241
                                -0.202562 -0.068414  0.497746  0.595214  0.044999 -0.000421 -0.000292 -0.000000 -0.000000 -0.000000
                                 0.000000 -0.000000 -0.000000 -0.000000  0.000000  0.000000 -0.000000

   4.4   0    -1.4065  -23.5965  0.000009  0.000066  0.000394  0.001707  0.006185  0.015812  0.030629  0.030810 -0.001951 -0.092446
                                -0.102175 -0.049822  0.412608  0.322949 -1.054498 -0.138811  0.019912 -0.000000 -0.000000 -0.000000
                                -0.000000 -0.000000 -0.000000  0.000000  0.000000  0.000000  0.000000

                                   1 2pz     1 2pz     1 2pz     1 2pz     1 2pz     1 2pz     1 2pz     1 2pz     1 2pz     1 2pz  
                                   1 2pz     1 2pz     1 2pz     1 2pz     1 2pz     1 2pz     1 2pz     1 2pz     1 2pz     1 2pz  
                                   1 2pz     1 2pz     1 2pz     1 2pz     1 2pz     1 2pz     1 4f0     1 4f2+    1 4f0     1 4f2+ 
                                   1 4f0     1 4f2+    1 4f0     1 4f2+    1 4f0     1 4f2+    1 4f0     1 4f2+    1 4f0     1 4f2+ 
                                   1 4f0     1 4f2+    1 4f0     1 4f2+    1 4f0     1 4f2+    1 4f0     1 4f2+    1 4f0     1 4f2+ 
                                   1 4f0     1 4f2+    1 4f0     1 4f2+    1 6h2+    1 6h4+    1 6h0     1 6h2+    1 6h4+    1 6h0  


   1.5   2  -291.1006 -833.8019  0.000013  0.000036  0.000109  0.000314  0.000925  0.002776  0.008419  0.025019  0.069324  0.164662
                                 0.301594  0.359213  0.215482  0.045678  0.002055 -0.000348  0.000766 -0.000658  0.000097 -0.000049
                                 0.000026 -0.000011  0.000005 -0.000002  0.000001 -0.000000  0.000000 -0.000000 -0.000000  0.000000
                                 0.000000 -0.000000 -0.000000 -0.000000  0.000000  0.000000 -0.000000 -0.000000  0.000000  0.000000
                                -0.000000 -0.000000  0.000000  0.000000 -0.000000 -0.000000  0.000000  0.000000 -0.000000 -0.000000
                                 0.000000  0.000000 -0.000000 -0.000000  0.000000  0.000000  0.000000 -0.000000 -0.000000 -0.000000

   2.5   2   -66.2435 -296.7531 -0.000006 -0.000018 -0.000054 -0.000156 -0.000460 -0.001386 -0.004235 -0.012740 -0.036129 -0.089149
                                -0.172423 -0.208103 -0.012953  0.388387  0.505069  0.199199 -0.001566  0.020121  0.000987  0.000055
                                 0.000264 -0.000001  0.000015 -0.000007  0.000003 -0.000001  0.000000  0.000000  0.000000 -0.000000
                                 0.000000 -0.000000 -0.000000  0.000000 -0.000000 -0.000000  0.000000  0.000000 -0.000000 -0.000000
                                 0.000000  0.000000  0.000000 -0.000000  0.000000  0.000000 -0.000000 -0.000000  0.000000  0.000000
                                -0.000000 -0.000000  0.000000  0.000000 -0.000000  0.000000  0.000000  0.000000  0.000000 -0.000000

   3.5   2   -15.5699 -127.6682  0.000003  0.000008  0.000026  0.000074  0.000219  0.000660  0.002021  0.006092  0.017381  0.043216
                                 0.084858  0.102295 -0.012457 -0.283104 -0.404770  0.072231  0.005548  0.602968  0.447155  0.070630
                                -0.001913  0.001176 -0.000421  0.000185 -0.000080  0.000024 -0.000000 -0.000000 -0.000000  0.000000
                                -0.000000 -0.000000  0.000000  0.000000 -0.000000 -0.000000  0.000000  0.000000 -0.000000 -0.000000
                                -0.000000  0.000000 -0.000000  0.000000  0.000000  0.000000  0.000000  0.000000  0.000000 -0.000000
                                 0.000000 -0.000000 -0.000000 -0.000000  0.000000  0.000000  0.000000  0.000000  0.000000 -0.000000

   4.5   +    -4.5909  -57.0015 -0.000001 -0.000004 -0.000011 -0.000031 -0.000092 -0.000278 -0.000853 -0.002567 -0.007354 -0.018256
                                -0.036124 -0.043156  0.006490  0.132293  0.186007 -0.051163 -0.046787 -0.355219 -0.357519  0.414453
                                 0.732252  0.114737 -0.003312  0.000697 -0.000185  0.000043 -0.000000  0.000000 -0.000000  0.000000
                                -0.000000  0.000000 -0.000000  0.000000 -0.000000  0.000000 -0.000000  0.000000 -0.000000  0.000000
                                -0.000000  0.000000 -0.000000  0.000000 -0.000000  0.000000 -0.000000  0.000000  0.000000 -0.000000
                                -0.000000  0.000000  0.000000 -0.000000 -0.000000  0.000000 -0.000000  0.000000 -0.000000 -0.000000

   5.5   +    -4.5419  -90.6002 -0.000000 -0.000000 -0.000000 -0.000000 -0.000000 -0.000000 -0.000000 -0.000000 -0.000000 -0.000000
                                -0.000000 -0.000000  0.000000  0.000000  0.000000 -0.000000 -0.000000 -0.000000 -0.000000  0.000000
                                 0.000000  0.000000 -0.000000  0.000000 -0.000000  0.000000  0.001066 -0.000000  0.009082 -0.000000
                                 0.041237 -0.000002  0.121663 -0.000006  0.247844 -0.000012 -0.001133  0.000000  0.343672 -0.000017
                                -0.005630  0.000000  0.343388 -0.000017  0.215155 -0.000011  0.043395 -0.000002 -0.002088  0.000000
                                 0.000877 -0.000000 -0.000311  0.000000  0.000000 -0.000000 -0.000000 -0.000000  0.000000 -0.000000

   6.5   +    -4.5419  -90.6002  0.000000  0.000000  0.000000  0.000000  0.000000  0.000000  0.000000  0.000000  0.000000  0.000000
                                 0.000000  0.000000 -0.000000 -0.000000 -0.000000  0.000000 -0.000000  0.000000  0.000000 -0.000000
                                -0.000000  0.000000 -0.000000  0.000000 -0.000000  0.000000  0.000000  0.001066  0.000000  0.009082
                                 0.000002  0.041237  0.000006  0.121663  0.000012  0.247844 -0.000000 -0.001133  0.000017  0.343672
                                -0.000000 -0.005630  0.000017  0.343388  0.000011  0.215155  0.000002  0.043395 -0.000000 -0.002088
                                 0.000000  0.000877 -0.000000 -0.000311 -0.000000  0.000000  0.000000  0.000000  0.000000 -0.000000

   7.5   0    -1.8479  -28.2492  0.000001  0.000002  0.000005  0.000015  0.000045  0.000135  0.000411  0.001251  0.003540  0.008922
                                 0.017311  0.021494 -0.004794 -0.061234 -0.103449  0.080315 -0.113677  0.319204  0.125999 -0.210765
                                -0.889764  0.671917  0.819889 -0.088691  0.037204 -0.010709  0.000000 -0.000000  0.000000 -0.000000
                                 0.000000 -0.000000  0.000000 -0.000000 -0.000000 -0.000000  0.000000  0.000000 -0.000000 -0.000000
                                 0.000000  0.000000 -0.000000 -0.000000  0.000000 -0.000000 -0.000000 -0.000000 -0.000000 -0.000000
                                 0.000000 -0.000000 -0.000000  0.000000 -0.000000  0.000000  0.000000  0.000000 -0.000000  0.000000

   8.5   0    -1.5099  -29.5637  0.000000 -0.000000  0.000000 -0.000000 -0.000000  0.000000  0.000000  0.000000  0.000000  0.000000
                                 0.000000  0.000000 -0.000000 -0.000000 -0.000000  0.000000 -0.000000  0.000000  0.000000 -0.000000
                                -0.000000  0.000000 -0.000000 -0.000000  0.000000  0.000000  0.000000 -0.000314  0.000001 -0.002782
                                 0.000006 -0.012227  0.000020 -0.037838  0.000032 -0.061171  0.000013 -0.024131  0.000031 -0.060348
                                 0.000028 -0.053642  0.000019 -0.035698 -0.000015  0.029385 -0.000245  0.471292 -0.000306  0.589624
                                -0.000018  0.034602  0.000001 -0.001316  0.000000  0.000000 -0.000000 -0.000000  0.000000  0.000000

                                   1 3d1+    1 3d1+    1 3d1+    1 3d1+    1 3d1+    1 3d1+    1 3d1+    1 3d1+    1 3d1+    1 3d1+ 
                                   1 3d1+    1 3d1+    1 3d1+    1 3d1+    1 3d1+    1 3d1+    1 3d1+    1 5g1+    1 5g3+    1 5g1+ 
                                   1 5g3+    1 5g1+    1 5g3+    1 5g1+    1 5g3+    1 5g1+    1 5g3+ 

   1.6   2   -51.2794 -273.8892  0.000090  0.000696  0.003990  0.017839  0.061338  0.159756  0.296131  0.364708  0.244140  0.069178
                                 0.005408  0.000496 -0.000032  0.000031 -0.000013  0.000006 -0.000002 -0.000000  0.000000 -0.000000
                                 0.000000  0.000000  0.000000  0.000000 -0.000000 -0.000000  0.000000

   2.6   2   -10.1269 -112.4705 -0.000043 -0.000335 -0.001925 -0.008690 -0.030172 -0.080234 -0.147251 -0.167350 -0.000148  0.321931
                                 0.472617  0.283458  0.046894 -0.001348  0.000648 -0.000267  0.000095 -0.000000 -0.000000 -0.000000
                                -0.000000  0.000000  0.000000  0.000000  0.000000 -0.000000 -0.000000

   3.6   0    -2.6846  -45.0279  0.000016  0.000123  0.000715  0.003186  0.011228  0.029539  0.055119  0.059733 -0.007488 -0.153241
                                -0.202562 -0.068414  0.497746  0.595214  0.044999 -0.000421 -0.000292  0.000000 -0.000000  0.000000
                                 0.000000  0.000000 -0.000000 -0.000000  0.000000  0.000000  0.000000

   4.6   0    -1.4065  -23.5965  0.000009  0.000066  0.000394  0.001707  0.006185  0.015812  0.030629  0.030810 -0.001951 -0.092446
                                -0.102175 -0.049822  0.412608  0.322949 -1.054498 -0.138811  0.019912  0.000000 -0.000000  0.000000
                                -0.000000  0.000000 -0.000000  0.000000 -0.000000  0.000000 -0.000000

                                   1 3d1-    1 3d1-    1 3d1-    1 3d1-    1 3d1-    1 3d1-    1 3d1-    1 3d1-    1 3d1-    1 3d1- 
                                   1 3d1-    1 3d1-    1 3d1-    1 3d1-    1 3d1-    1 3d1-    1 3d1-    1 5g1-    1 5g3-    1 5g1- 
                                   1 5g3-    1 5g1-    1 5g3-    1 5g1-    1 5g3-    1 5g1-    1 5g3- 

   1.7   2   -51.2794 -273.8892  0.000090  0.000696  0.003990  0.017839  0.061338  0.159756  0.296131  0.364708  0.244140  0.069178
                                 0.005408  0.000496 -0.000032  0.000031 -0.000013  0.000006 -0.000002 -0.000000 -0.000000 -0.000000
                                 0.000000  0.000000 -0.000000  0.000000  0.000000 -0.000000 -0.000000

   2.7   2   -10.1269 -112.4705 -0.000043 -0.000335 -0.001925 -0.008690 -0.030172 -0.080234 -0.147251 -0.167350 -0.000148  0.321931
                                 0.472617  0.283458  0.046894 -0.001348  0.000648 -0.000267  0.000095 -0.000000 -0.000000 -0.000000
                                 0.000000  0.000000 -0.000000  0.000000 -0.000000 -0.000000  0.000000

   3.7   0    -2.6846  -45.0279  0.000016  0.000123  0.000715  0.003186  0.011228  0.029539  0.055119  0.059733 -0.007488 -0.153241
                                -0.202562 -0.068414  0.497746  0.595214  0.044999 -0.000421 -0.000292  0.000000  0.000000  0.000000
                                -0.000000  0.000000  0.000000 -0.000000  0.000000  0.000000 -0.000000

   4.7   0    -1.4065  -23.5965  0.000009  0.000066  0.000394  0.001707  0.006185  0.015812  0.030629  0.030810 -0.001951 -0.092446
                                -0.102175 -0.049822  0.412608  0.322949 -1.054498 -0.138811  0.019912  0.000000  0.000000  0.000000
                                 0.000000  0.000000  0.000000  0.000000  0.000000  0.000000 -0.000000

                                   1 4f2-    1 4f2-    1 4f2-    1 4f2-    1 4f2-    1 4f2-    1 4f2-    1 4f2-    1 4f2-    1 4f2- 
                                   1 4f2-    1 4f2-    1 4f2-    1 4f2-    1 6h4-    1 6h2-    1 6h4-    1 6h2- 

   1.8   +    -4.5419  -90.6002  0.001066  0.009082  0.041237  0.121663  0.247844 -0.001133  0.343672 -0.005630  0.343388  0.215155
                                 0.043395 -0.002088  0.000877 -0.000311 -0.000000 -0.000000  0.000000  0.000000

   2.8   0    -1.5099  -29.5637 -0.000314 -0.002782 -0.012227 -0.037838 -0.061171 -0.024131 -0.060348 -0.053642 -0.035698  0.029385
                                 0.471292  0.589624  0.034602 -0.001316  0.000000  0.000000  0.000000 -0.000000

   3.8   0    -0.9545  -17.9805  0.000217  0.002093  0.008495  0.029338  0.021690  0.061538 -0.022836  0.136869 -0.054619  0.002410
                                -0.524687  0.058937  0.952703 -0.057824 -0.000000 -0.000000 -0.000000  0.000000

 HOMO      6.2    -4.541913 =    -123.5917eV
 LUMO      3.4    -2.684566 =     -73.0508eV
 LUMO-HOMO         1.857346 =      50.5410eV


 **********************************************************************************************************************************
 DATASETS  * FILE   NREC   LENGTH (MB)   RECORD NAMES
              1      22       21.35       500      610      700      900      950      970     1000      129      960     1700   
                                          VAR    BASINP    GEOM    SYMINP    ZMAT    AOBASIS   BASIS     P2S    ABASIS    OPER   
                                         1101     1401     1411     1412     1650     1100     1400     1410     1200     1210   
                                          SR      EKINR    POTR     PVPR    MOLCAS      S      EKIN      POT      H0       H01  
                                         1080     1600   
                                         AOSYM     SMH  

              2       5        5.97       200      700     1000      520     2118   
                                        OPTIONS   GEOM     BASIS   MCVARS     RHF  

 PROGRAMS   *        TOTAL       RHF       INT
 CPU TIMES  *        91.18      1.38     89.47
 REAL TIME  *        94.44 SEC
 DISK USED  *         4.11 GB      
 SF USED    *         0.08 MB      
 GA USED    *         0.00 MB       (max)       0.00 MB       (current)
 **********************************************************************************************************************************
 SETTING SCF(15)        =    -11692.76699875  AU                              


 PROGRAM * POP (Mulliken population analysis)

 
 Density matrix read from record         2118.2  Type=RHF/CHARGE (state 1.1)
 
 Population analysis by basis function type

 Unique atom        s        p        d        f        g    Total    Charge
   1  TB     10.00000 21.00000 20.00000  7.00000  0.00000 58.00000  + 7.00000


 **********************************************************************************************************************************
 DATASETS  * FILE   NREC   LENGTH (MB)   RECORD NAMES
              1      22       21.35       500      610      700      900      950      970     1000      129      960     1700   
                                          VAR    BASINP    GEOM    SYMINP    ZMAT    AOBASIS   BASIS     P2S    ABASIS    OPER   
                                         1101     1401     1411     1412     1650     1100     1400     1410     1200     1210   
                                          SR      EKINR    POTR     PVPR    MOLCAS      S      EKIN      POT      H0       H01  
                                         1080     1600   
                                         AOSYM     SMH  

              2       5        5.97       200      700     1000      520     2118   
                                        OPTIONS   GEOM     BASIS   MCVARS     RHF  

 PROGRAMS   *        TOTAL       POP       RHF       INT
 CPU TIMES  *        91.18      0.00      1.38     89.47
 REAL TIME  *        94.47 SEC
 DISK USED  *         4.11 GB      
 SF USED    *         0.08 MB      
 GA USED    *         0.00 MB       (max)       0.00 MB       (current)
 **********************************************************************************************************************************
 SETTING _CC_NORM_MAX   =         2.00000000                                  


 PROGRAM * CCSD (Unrestricted open-shell coupled cluster)     Authors: C. Hampel, H.-J. Werner, 1991, M. Deegan, P.J. Knowles, 1992


 Input parameters for THRESH:

 THRDIS =    1.000000
 ONEINT =    1.00D-15
 TWOINT =    1.00D-15
 ENERGY =    5.00D-06
 COEFF  =    0.001000

 Convergence thresholds:  THRVAR = 1.00D-06  THRDEN = 5.00D-06

 CCSD(T)     terms to be evaluated (factor= 1.000)


 Number of closed-shell orbitals:  24 (   9   3   3   2   3   2   2   0 )
 Number of active  orbitals:       10 (   0   3   3   0   3   0   0   1 )
 Number of external orbitals:     327 (  73  54  54  25  54  25  25  17 )

 Memory could be reduced to 260.97 Mwords without degradation in triples

 Number of N-1 electron functions:              58
 Number of N-2 electron functions:            1653
 Number of singly external CSFs:              3171
 Number of doubly external CSFs:          17970060
 Total number of CSFs:                    17973231

 Molecular orbitals read from record     2118.2  Type=RHF/CANONICAL (state 1.1)

 Integral transformation finished. Total CPU:   6.37 sec, npass=  1  Memory used:  61.31 MW

 Starting RMP2 calculation

 ITER.      SQ.NORM     CORR.ENERGY   TOTAL ENERGY   ENERGY CHANGE        DEN1      VAR(S)    VAR(P)  DIIS     TIME
   1      1.09114881    -2.93512988-11695.70212863    -2.93512988    -0.00054329  0.49D-06  0.72D-04  1  1     8.87
   2      1.09132836    -2.93567744-11695.70267619    -0.00054756    -0.00000132  0.13D-08  0.26D-06  2  2    11.23
   3      1.09133718    -2.93569288-11695.70269163    -0.00001544    -0.00000000  0.12D-11  0.66D-09  3  3    13.24
   4      1.09133758    -2.93569348-11695.70269223    -0.00000060    -0.00000000  0.13D-14  0.47D-12  4  4    23.15

 Norm of t1 vector:      0.01604603      S-energy:    -0.00194243      T1 diagnostic:  0.00010163
 Norm of t2 vector:      0.30179481      P-energy:    -2.93375105
                                         Alpha-Beta:  -1.82757845
                                         Alpha-Alpha: -0.68657333
                                         Beta-Beta:   -0.41959927

 Spin contamination <S**2-Sz**2-Sz>     0.00040185
  Reference energy                   -11692.7669987477    
  RHF-RMP2 correlation energy          -2.935693482693
 !RHF-RMP2 energy                    -11695.7026922304    

 Starting UCCSD calculation

 ITER.      SQ.NORM     CORR.ENERGY   TOTAL ENERGY   ENERGY CHANGE        DEN1      VAR(S)    VAR(P)  DIIS     TIME
   1      1.07328552    -2.72561751-11695.49261626    -2.72561751    -0.04445100  0.69D-03  0.22D-02  0  0    47.58
   2      1.07831664    -2.76802716-11695.53502591    -0.04240965    -0.00185058  0.95D-05  0.14D-03  1  1    71.68
   3      1.07797082    -2.76206970-11695.52906845     0.00595746    -0.00003844  0.36D-05  0.49D-05  2  2    96.45
   4      1.07815772    -2.76241378-11695.52941253    -0.00034407    -0.00000296  0.11D-06  0.46D-06  3  3   121.03
   5      1.07821681    -2.76250229-11695.52950103    -0.00008851    -0.00000007  0.25D-08  0.12D-07  4  4   146.29
   6      1.07822082    -2.76250469-11695.52950343    -0.00000240    -0.00000001  0.55D-10  0.12D-08  5  5   181.19

 Norm of t1 vector:      0.03073708      S-energy:    -0.00181328      T1 diagnostic:  0.00251968
                                                                       D1 diagnostic:  0.00733595
 Norm of t2 vector:      0.27798571      P-energy:    -2.76069141
                                         Alpha-Beta:  -1.75316503
                                         Alpha-Alpha: -0.61964943
                                         Beta-Beta:   -0.38787694

 Spin contamination <S**2-Sz**2-Sz>     0.00091866

 Memory could be reduced to 304.20 Mwords without degradation in triples
 

  Correlated core orbitals:             1.1       2.1       3.1       4.1       5.1       6.1       7.1       8.1       1.2       2.2
                                        3.2       1.3       2.3       3.3       1.4       2.4       1.5       2.5       3.5       1.6
                                        2.6       1.7       2.7
  Orbital energies:                 -1924.4255 -326.8545  -77.6456  -19.6911  -51.4082  -51.4082   -5.7784  -10.4999 -291.1156  -66.3702
                                      -15.8753 -291.1156  -66.3702  -15.8753  -51.4082  -10.4999 -291.1156  -66.3702  -15.8753  -51.4082
                                      -10.4999  -51.4082  -10.4999
 
  UCCSD core-core energy               -1.720100927157
  UCCSD core-valence energy            -0.772535477408
  UCCSD valence correlation energy     -0.269868280879
 

 RESULTS
 =======

  Reference energy                   -11692.7669987477    
  UCCSD singles energy                 -0.001813277243
  UCCSD pair energy                    -2.760691408201
  UCCSD correlation energy             -2.762504685444
  Triples (T) contribution             -0.024740953832
  Total correlation energy             -2.787245639276
 
  RHF-UCCSD energy                   -11695.5295034331    
  RHF-UCCSD[T] energy                -11695.5546328196    
  RHF-UCCSD-T energy                 -11695.5541047922    
 !RHF-UCCSD(T) energy                -11695.5542443870    

 Program statistics:

 Available memory in ccsd:               999990312
 Min. memory needed in ccsd:              50170858
 Max. memory used in ccsd:                73635537
 Max. memory used in cckext:              58008888 ( 6 integral passes)
 Max. memory used in cckint:              61309481 ( 1 integral passes)



 **********************************************************************************************************************************
 DATASETS  * FILE   NREC   LENGTH (MB)   RECORD NAMES
              1      22       21.35       500      610      700      900      950      970     1000      129      960     1700   
                                          VAR    BASINP    GEOM    SYMINP    ZMAT    AOBASIS   BASIS     P2S    ABASIS    OPER   
                                         1101     1401     1411     1412     1650     1100     1400     1410     1200     1210   
                                          SR      EKINR    POTR     PVPR    MOLCAS      S      EKIN      POT      H0       H01  
                                         1080     1600   
                                         AOSYM     SMH  

              2       5        5.97       200      700     1000      520     2118   
                                        OPTIONS   GEOM     BASIS   MCVARS     RHF  

 PROGRAMS   *        TOTAL  UCCSD(T)       POP       RHF       INT
 CPU TIMES  *       971.82    880.61      0.00      1.38     89.47
 REAL TIME  *      1102.67 SEC
 DISK USED  *        25.26 GB      
 SF USED    *         6.08 GB      
 GA USED    *         0.00 MB       (max)       0.00 MB       (current)
 **********************************************************************************************************************************
 SETTING CCSD(15)       =    -11695.55424439  AU                              
                                                                                                                                                                                                                                                                

           SCF            CCSD
         0.00000        0.00000
         0.00000        0.00000
         0.00000        0.00000
         0.00000        0.00000
         0.00000        0.00000
         0.00000        0.00000
         0.00000        0.00000
         0.00000        0.00000
         0.00000        0.00000
         0.00000        0.00000
         0.00000        0.00000
         0.00000        0.00000
         0.00000        0.00000
         0.00000        0.00000
    -11692.76700   -11695.55424
                                                  

 UCCSD(T)/USERDEF energy= -11695.554244386976

        UCCSD(T)        RHF-SCF 
 -11695.55424439 -11692.76699875
 **********************************************************************************************************************************
 Molpro calculation terminated
 Variable memory released
