
 Primary working directories    : /global/cscratch1/sd/haihan
 Secondary working directories  : /global/cscratch1/sd/haihan
 Wavefunction directory         : /global/homes/h/haihan/Research/ECP/f_group_element_ecps/Ta/Molpro/atom/UC/wfu/
 Main file repository           : /global/cscratch1/sd/haihan/

 SHA1      : 19cd028119e0e09f93f0674bd8af7968d9b3eff6
 NAME      : 2015.1.36
 ARCHNAME  : linux/x86_64
 FC        : /opt/cray/pe/craype/2.5.14/bin/ftn
 BLASLIB   : -L/opt/intel/compilers_and_libraries_2018.1.163/linux/mkl/lib/intel64 -Wl,-_start-group -lmkl_intel_ilp64 -lmkl_intel_thread -lmkl_core -Wl,-_end-group -liomp5
 id        : lbl

 Nodes     nprocs
 nid00918     3
 Number of processes for MPI-2 version of Molpro:   nprocs(total)=    4   nprocs(compute)=    3   nprocs(helper)=    1

 Using customized tuning parameters: mindgm=7; mindgv=16; mindgc=1; mindgr=1; noblas=0; minvec=7
 default implementation of scratch files=sf  

 ***,Calculation for Nb atom, singlet and triplet
 memory,3,g
 
 gthresh,twoint=1.e-15
 gthresh,oneint=1.e-15
 
 set,dkroll=1,dkho=10,dkhp=4
 
 geometry={
 1
 Ta
 Ta  0.0 0.0 0.0
 }
 
 basis={
 Including file /global/u2/h/haihan/Research/ECP/f_group_element_ecps/Ta/Molpro/atom/UC/16/../aug-cc-pwCVTZ.basis
 }
 
 
 
 Including file /global/u2/h/haihan/Research/ECP/f_group_element_ecps/Ta/Molpro/atom/UC/16/../Ta_states_ae.proc
 Including file /global/u2/h/haihan/Research/ECP/f_group_element_ecps/Ta/Molpro/atom/UC/16/../contracted.basis
 Including file /global/u2/h/haihan/Research/ECP/f_group_element_ecps/Ta/Molpro/atom/UC/16/../aug-cc-pwCVTZ.basis
 Including file /global/u2/h/haihan/Research/ECP/f_group_element_ecps/Ta/Molpro/atom/UC/16/../contracted.basis
 Including file /global/u2/h/haihan/Research/ECP/f_group_element_ecps/Ta/Molpro/atom/UC/16/../aug-cc-pwCVTZ.basis
 Including file /global/u2/h/haihan/Research/ECP/f_group_element_ecps/Ta/Molpro/atom/UC/16/../contracted.basis
 Including file /global/u2/h/haihan/Research/ECP/f_group_element_ecps/Ta/Molpro/atom/UC/16/../aug-cc-pwCVTZ.basis
 Including file /global/u2/h/haihan/Research/ECP/f_group_element_ecps/Ta/Molpro/atom/UC/16/../contracted.basis
 Including file /global/u2/h/haihan/Research/ECP/f_group_element_ecps/Ta/Molpro/atom/UC/16/../aug-cc-pwCVTZ.basis
 Including file /global/u2/h/haihan/Research/ECP/f_group_element_ecps/Ta/Molpro/atom/UC/16/../contracted.basis
 Including file /global/u2/h/haihan/Research/ECP/f_group_element_ecps/Ta/Molpro/atom/UC/16/../aug-cc-pwCVTZ.basis
 Including file /global/u2/h/haihan/Research/ECP/f_group_element_ecps/Ta/Molpro/atom/UC/16/../contracted.basis
 Including file /global/u2/h/haihan/Research/ECP/f_group_element_ecps/Ta/Molpro/atom/UC/16/../aug-cc-pwCVTZ.basis
 Including file /global/u2/h/haihan/Research/ECP/f_group_element_ecps/Ta/Molpro/atom/UC/16/../contracted.basis
 Including file /global/u2/h/haihan/Research/ECP/f_group_element_ecps/Ta/Molpro/atom/UC/16/../aug-cc-pwCVTZ.basis
 Including file /global/u2/h/haihan/Research/ECP/f_group_element_ecps/Ta/Molpro/atom/UC/16/../contracted.basis
 Including file /global/u2/h/haihan/Research/ECP/f_group_element_ecps/Ta/Molpro/atom/UC/16/../aug-cc-pwCVTZ.basis
 Including file /global/u2/h/haihan/Research/ECP/f_group_element_ecps/Ta/Molpro/atom/UC/16/../contracted.basis
 Including file /global/u2/h/haihan/Research/ECP/f_group_element_ecps/Ta/Molpro/atom/UC/16/../aug-cc-pwCVTZ.basis
 Including file /global/u2/h/haihan/Research/ECP/f_group_element_ecps/Ta/Molpro/atom/UC/16/../contracted.basis
 Including file /global/u2/h/haihan/Research/ECP/f_group_element_ecps/Ta/Molpro/atom/UC/16/../aug-cc-pwCVTZ.basis
 Including file /global/u2/h/haihan/Research/ECP/f_group_element_ecps/Ta/Molpro/atom/UC/16/../contracted.basis
 Including file /global/u2/h/haihan/Research/ECP/f_group_element_ecps/Ta/Molpro/atom/UC/16/../aug-cc-pwCVTZ.basis
 Including file /global/u2/h/haihan/Research/ECP/f_group_element_ecps/Ta/Molpro/atom/UC/16/../contracted.basis
 Including file /global/u2/h/haihan/Research/ECP/f_group_element_ecps/Ta/Molpro/atom/UC/16/../aug-cc-pwCVTZ.basis
 Including file /global/u2/h/haihan/Research/ECP/f_group_element_ecps/Ta/Molpro/atom/UC/16/../contracted.basis
 Including file /global/u2/h/haihan/Research/ECP/f_group_element_ecps/Ta/Molpro/atom/UC/16/../aug-cc-pwCVTZ.basis
 Including file /global/u2/h/haihan/Research/ECP/f_group_element_ecps/Ta/Molpro/atom/UC/16/../contracted.basis
 Including file /global/u2/h/haihan/Research/ECP/f_group_element_ecps/Ta/Molpro/atom/UC/16/../aug-cc-pwCVTZ.basis
 Including file /global/u2/h/haihan/Research/ECP/f_group_element_ecps/Ta/Molpro/atom/UC/16/../contracted.basis
 Including file /global/u2/h/haihan/Research/ECP/f_group_element_ecps/Ta/Molpro/atom/UC/16/../aug-cc-pwCVTZ.basis
 Including file /global/u2/h/haihan/Research/ECP/f_group_element_ecps/Ta/Molpro/atom/UC/16/../contracted.basis
 Including file /global/u2/h/haihan/Research/ECP/f_group_element_ecps/Ta/Molpro/atom/UC/16/../aug-cc-pwCVTZ.basis
 Including file /global/u2/h/haihan/Research/ECP/f_group_element_ecps/Ta/Molpro/atom/UC/16/../contracted.basis
 Including file /global/u2/h/haihan/Research/ECP/f_group_element_ecps/Ta/Molpro/atom/UC/16/../aug-cc-pwCVTZ.basis
 
 
 do i=16,16
     if (i.eq.1) then
         Id3s2
     else if (i.eq.2) then
         Id4s1
     else if (i.eq.3) then
         EAd5s1
     else if (i.eq.4) then
         IPd4
     else if (i.eq.5) then
         IPd3s1
     else if (i.eq.6) then
         IId3
     else if (i.eq.7) then
         IIId2
     else if (i.eq.8) then
         IVd1
     else if (i.eq.9) then
         IVf1
     else if (i.eq.10) then
         IVs1
     else if (i.eq.11) then
         IVp1
     else if (i.eq.12) then
         Vp6
     else if (i.eq.13) then
         VIIp4
     else if (i.eq.14) then
         VIIIp3
     else if (i.eq.15) then
         IXp2
     else if (i.eq.16) then
         Xp1
     else if (i.eq.17) then
         XIp
     endif
     scf(i)=energy
     _CC_NORM_MAX=2.0
     {rccsd(t),maxit=100;core,8,5,5,2,5,2,2,1}
     ccsd(i)=energy
 enddo
 
 table,scf,ccsd
 type,csv
 save

 Variables initialized (889), CPU time= 0.01 sec
 Commands  initialized (702), CPU time= 0.01 sec, 572 directives.
 Default parameters read. Elapsed time= 0.12 sec

 Checking input...
 Passed
1


                                         ***  PROGRAM SYSTEM MOLPRO  ***
                                       Copyright, TTI GmbH Stuttgart, 2015
                                    Version 2015.1 linked Dec 29 2018 15:55:43


 **********************************************************************************************************************************
 LABEL *   Calculation for Nb atom, singlet and triplet                                  
  64 bit mpp version                                                                     DATE: 09-Oct-22          TIME: 10:17:06  
 **********************************************************************************************************************************

 SHA1:             19cd028119e0e09f93f0674bd8af7968d9b3eff6
 **********************************************************************************************************************************

 THRESHOLDS:

 ZERO    =  1.00D-12  ONEINT  =  1.00D-12  TWOINT  =  1.00D-15  PREFAC  =  1.00D-14  LOCALI  =  1.00D-09  EORDER  =  1.00D-04
 ENERGY  =  0.00D+00  ETEST   =  0.00D+00  EDENS   =  0.00D+00  THRDEDEF=  1.00D-06  GRADIENT=  1.00D-02  STEP    =  1.00D-03
 ORBITAL =  1.00D-05  CIVEC   =  1.00D-05  COEFF   =  1.00D-04  PRINTCI =  5.00D-02  PUNCHCI =  9.90D+01  OPTGRAD =  3.00D-04
 OPTENERG=  1.00D-06  OPTSTEP =  3.00D-04  THRGRAD =  1.00D-10  COMPRESS=  1.00D-11  VARMIN  =  1.00D-07  VARMAX  =  1.00D-03
 THRDOUB =  0.00D+00  THRDIV  =  1.00D-05  THRRED  =  1.00D-07  THRPSP  =  1.00D+00  THRDC   =  1.00D-10  THRCS   =  1.00D-10
 THRNRM  =  1.00D-08  THREQ   =  0.00D+00  THRDE   =  1.00D+00  THRREF  =  1.00D-05  SPARFAC =  1.00D+00  THRDLP  =  1.00D-07
 THRDIA  =  1.00D-10  THRDLS  =  1.00D-07  THRGPS  =  0.00D+00  THRKEX  =  0.00D+00  THRDIS  =  2.00D-01  THRVAR  =  1.00D-10
 THRLOC  =  1.00D-06  THRGAP  =  1.00D-06  THRLOCT = -1.00D+00  THRGAPT = -1.00D+00  THRORB  =  1.00D-06  THRMLTP =  0.00D+00
 THRCPQCI=  1.00D-10  KEXTA   =  0.00D+00  THRCOARS=  0.00D+00  SYMTOL  =  1.00D-06  GRADTOL =  1.00D-06  THROVL  =  1.00D-08
 THRORTH =  1.00D-08  GRID    =  1.00D-06  GRIDMAX =  1.00D-03  DTMAX   =  0.00D+00  THROCCDE=  1.00D-01  THROCCDE=  1.00D-01



 THRESHOLDS:

 ZERO    =  1.00D-12  ONEINT  =  1.00D-15  TWOINT  =  1.00D-15  PREFAC  =  1.00D-14  LOCALI  =  1.00D-09  EORDER  =  1.00D-04
 ENERGY  =  0.00D+00  ETEST   =  0.00D+00  EDENS   =  0.00D+00  THRDEDEF=  1.00D-06  GRADIENT=  1.00D-02  STEP    =  1.00D-03
 ORBITAL =  1.00D-05  CIVEC   =  1.00D-05  COEFF   =  1.00D-04  PRINTCI =  5.00D-02  PUNCHCI =  9.90D+01  OPTGRAD =  3.00D-04
 OPTENERG=  1.00D-06  OPTSTEP =  3.00D-04  THRGRAD =  1.00D-10  COMPRESS=  1.00D-11  VARMIN  =  1.00D-07  VARMAX  =  1.00D-03
 THRDOUB =  0.00D+00  THRDIV  =  1.00D-05  THRRED  =  1.00D-07  THRPSP  =  1.00D+00  THRDC   =  1.00D-10  THRCS   =  1.00D-10
 THRNRM  =  1.00D-08  THREQ   =  0.00D+00  THRDE   =  1.00D+00  THRREF  =  1.00D-05  SPARFAC =  1.00D+00  THRDLP  =  1.00D-07
 THRDIA  =  1.00D-10  THRDLS  =  1.00D-07  THRGPS  =  0.00D+00  THRKEX  =  0.00D+00  THRDIS  =  2.00D-01  THRVAR  =  1.00D-10
 THRLOC  =  1.00D-06  THRGAP  =  1.00D-06  THRLOCT = -1.00D+00  THRGAPT = -1.00D+00  THRORB  =  1.00D-06  THRMLTP =  0.00D+00
 THRCPQCI=  1.00D-10  KEXTA   =  0.00D+00  THRCOARS=  0.00D+00  SYMTOL  =  1.00D-06  GRADTOL =  1.00D-06  THROVL  =  1.00D-08
 THRORTH =  1.00D-08  GRID    =  1.00D-06  GRIDMAX =  1.00D-03  DTMAX   =  0.00D+00  THROCCDE=  1.00D-01  THROCCDE=  1.00D-01


 SETTING DKROLL         =         1.00000000                                  
 SETTING DKHO           =        10.00000000                                  
 SETTING DKHP           =         4.00000000                                  

Geometry recognized as XYZ


 Variable memory set to 3000000000 words,  buffer space   230000 words

 SETTING BASIS          =    USERDEF

 DO I                   =        16.00000000   

 Running procedure=XP1
 SETTING BASIS          =    USERDEF


 Recomputing integrals since basis changed


 Using spherical harmonics



 PROGRAM * SEWARD (Integral evaluation for generally contracted gaussian basis sets)     Author: Roland Lindh, 1990

 Geometry written to block  1 of record 700

 Orientation using atomic masses  
 Molecule type: Atom
 Symmetry elements: X,Y,Z
 Rotational constants:       0.0000000      0.0000000      0.0000000 GHz  (calculated with average atomic masses)

 Point group  D2h 



 ATOMIC COORDINATES

 NR  ATOM    CHARGE       X              Y              Z

   1  TA     73.00    0.000000000    0.000000000    0.000000000

 NUCLEAR CHARGE:                   73
 NUMBER OF PRIMITIVE AOS:         455
 NUMBER OF SYMMETRY AOS:          370
 NUMBER OF CONTRACTIONS:          138   (  38Ag  +  18B3u +  18B2u +  14B1g +  18B1u +  14B2g +  14B3g +   4Au  )
 NUMBER OF CORE ORBITALS:          34   (   9Ag  +   6B3u +   6B2u +   2B1g +   6B1u +   2B2g +   2B3g +   1Au  )
 NUMBER OF VALENCE ORBITALS:        6   (   3Ag  +   0B3u +   0B2u +   1B1g +   0B1u +   1B2g +   1B3g +   0Au  )


 NUCLEAR REPULSION ENERGY    0.00000000

 One-electron integrals computed with SEWARD

 10nd-order Douglas-Kroll-Hess method activated. McWeeny DKH parametrization is used.

 Computing Douglas-Kroll / X2C integrals

 AO integral compression algorithm  1   Integral accuracy      1.0D-15

     67.109 MB (compressed) written to integral file ( 75.2%)

     Node minimum: 16.777 MB, node maximum: 26.739 MB


 NUMBER OF SORTED TWO-ELECTRON INTEGRALS:    2018811.     BUFFER LENGTH:  32768
 NUMBER OF SEGMENTS:   1  SEGMENT LENGTH:    2018811      RECORD LENGTH: 524288

 Memory used in sort:       2.58 MW

 SORT1 READ    11127267. AND WROTE     1487512. INTEGRALS IN      5 RECORDS. CPU TIME:     0.22 SEC, REAL TIME:     0.26 SEC
 SORT2 READ     4469215. AND WROTE     6048064. INTEGRALS IN    306 RECORDS. CPU TIME:     0.06 SEC, REAL TIME:     0.15 SEC

 Node minimum:     2009345.  Node maximum:     2019908. integrals

 OPERATOR DM      FOR CENTER  0  COORDINATES:    0.000000    0.000000    0.000000

 EXTRA SYMMETRY OF AOS IN SYMMETRY 1:   1 1 1 1 1 1 1 1 1 1   1 1 1 2 3 2 3 2 3 2   3 2 3 2 3 2 3 2 3 4   5 6 4 5 6 4 5 6
 EXTRA SYMMETRY OF AOS IN SYMMETRY 2:   1 1 1 1 1 1 1 1 1 1   2 3 2 3 2 3 2 3
 EXTRA SYMMETRY OF AOS IN SYMMETRY 3:   1 1 1 1 1 1 1 1 1 1   2 3 2 3 2 3 2 3
 EXTRA SYMMETRY OF AOS IN SYMMETRY 4:   1 1 1 1 1 1 1 1 2 3   2 3 2 3
 EXTRA SYMMETRY OF AOS IN SYMMETRY 5:   1 1 1 1 1 1 1 1 1 1   2 3 2 3 2 3 2 3
 EXTRA SYMMETRY OF AOS IN SYMMETRY 6:   1 1 1 1 1 1 1 1 2 3   2 3 2 3
 EXTRA SYMMETRY OF AOS IN SYMMETRY 7:   1 1 1 1 1 1 1 1 2 3   2 3 2 3

 Eigenvalues of metric

         1 0.204E-05 0.603E-04 0.139E-03 0.178E-03 0.178E-03 0.400E-02 0.702E-02 0.702E-02
         2 0.771E-04 0.761E-03 0.535E-02 0.838E-01 0.247E+00 0.247E+00 0.601E+00 0.703E+00
         3 0.771E-04 0.761E-03 0.535E-02 0.838E-01 0.247E+00 0.247E+00 0.601E+00 0.703E+00
         4 0.178E-03 0.702E-02 0.282E+00 0.282E+00 0.620E+00 0.891E+00 0.891E+00 0.905E+00
         5 0.771E-04 0.761E-03 0.535E-02 0.838E-01 0.247E+00 0.247E+00 0.601E+00 0.703E+00
         6 0.178E-03 0.702E-02 0.282E+00 0.282E+00 0.620E+00 0.891E+00 0.891E+00 0.905E+00
         7 0.178E-03 0.702E-02 0.282E+00 0.282E+00 0.620E+00 0.891E+00 0.891E+00 0.905E+00
         8 0.247E+00 0.703E+00 0.111E+01 0.194E+01


 **********************************************************************************************************************************
 DATASETS  * FILE   NREC   LENGTH (MB)   RECORD NAMES
              1      22       20.53       500      610      700      900      950      970     1000      129      960     1700   
                                          VAR    BASINP    GEOM    SYMINP    ZMAT    AOBASIS   BASIS     P2S    ABASIS    OPER   
                                         1101     1401     1411     1412     1650     1100     1400     1410     1200     1210   
                                          SR      EKINR    POTR     PVPR    MOLCAS      S      EKIN      POT      H0       H01  
                                         1080     1600   
                                         AOSYM     SMH  

 PROGRAMS   *        TOTAL       INT
 CPU TIMES  *        19.89     19.61
 REAL TIME  *        21.98 SEC
 DISK USED  *       118.50 MB      
 GA USED    *         0.00 MB       (max)       0.00 MB       (current)
 **********************************************************************************************************************************


 PROGRAM * RHF-SCF (OPEN SHELL)       Authors: W. Meyer, H.-J. Werner


 NUMBER OF ELECTRONS:      32+   31-    SPACE SYMMETRY=2    SPIN SYMMETRY: Doublet 
 CONVERGENCE THRESHOLDS:    1.00E-05 (Density)    1.46E-07 (Energy)
 MAX. NUMBER OF ITERATIONS:       60
 INTERPOLATION TYPE:            DIIS
 INTERPOLATION STEPS:              2 (START)      1 (STEP)
 LEVEL SHIFTS:                 -0.60 (CLOSED) -0.30 (OPEN) 

 Number of closed-shell orbitals:   31 (   9   5   5   2   5   2   2   1 )
 Number of open-shell orbitals:      1 (   0   1   0   0   0   0   0   0 )


 Orbital guess generated from atomic densities. Full valence occupancy:   12   6   6   3   6   3   3   1


 Molecular orbital dump at record        4202.2

 ITERATION    DDIFF          GRAD             ENERGY        2-EL.EN.            DIPOLE MOMENTS         DIIS   ORB.
    1      0.000D+00      0.000D+00    -15193.48974085  10423.019055    0.00000    0.00000    0.00000    0    start
    2      0.000D+00      0.955D-01    -15195.00016060  10636.437171    0.00000    0.00000    0.00000    1    diag,B
    3      0.685D+01      0.513D-01    -15195.20206647  10597.275300    0.00000    0.00000    0.00000    2    diag,B
    4      0.515D+00      0.103D-01    -15195.27974039  10607.886767    0.00000    0.00000    0.00000    3    diag,B
    5      0.135D+00      0.749D-02    -15195.34611949  10612.908465    0.00000    0.00000    0.00000    4    diag,B
    6      0.925D-01      0.379D-02    -15195.39527956  10614.468853    0.00000    0.00000    0.00000    5    diag,B
    7      0.862D-01      0.379D-02    -15195.39980344  10620.453857    0.00000    0.00000    0.00000    6    fixocc
    8      0.325D-01      0.126D-02    -15195.40160784  10618.471207    0.00000    0.00000    0.00000    7    diag,B
    9      0.166D-01      0.827D-03    -15195.40260287  10621.417787    0.00000    0.00000    0.00000    8    diag,B
   10      0.168D-01      0.169D-02    -15195.40309516  10619.834402    0.00000    0.00000    0.00000    9    orth
   11      0.948D-02      0.458D-03    -15195.40314705  10619.361053    0.00000    0.00000    0.00000    9    diag,B
   12      0.400D-02      0.577D-04    -15195.40316205  10619.225161    0.00000    0.00000    0.00000    9    diag,B
   13      0.126D-02      0.137D-03    -15195.40316979  10619.371039    0.00000    0.00000    0.00000    9    diag,B
   14      0.671D-03      0.392D-04    -15195.40317032  10619.428834    0.00000    0.00000    0.00000    9    diag,B
   15      0.263D-03      0.573D-05    -15195.40317037  10619.428339    0.00000    0.00000    0.00000    9    diag,B
   16      0.278D-04      0.464D-05    -15195.40317046  10619.427896    0.00000    0.00000    0.00000    9    diag,B
   17      0.855D-04      0.135D-05    -15195.40317046  10619.426018    0.00000    0.00000    0.00000    9    diag,B
   18      0.151D-04      0.454D-06    -15195.40317046  10619.426303    0.00000    0.00000    0.00000    9    diag,B
   19      0.381D-05      0.229D-06    -15195.40317046  10619.426003    0.00000    0.00000    0.00000    0    orth

 Final alpha occupancy:   9   6   5   2   5   2   2   1
 Final beta  occupancy:   9   5   5   2   5   2   2   1

 !RHF STATE 1.2 Energy               -15195.4031704648    
 Nuclear energy                         0.00000000
 One-electron energy               -20505.11617181
 Two-electron energy                 5309.71300135
 Virial quotient                       -1.01773639
 !RHF STATE 1.2 Dipole moment           0.00000000     0.00000000     0.00000000
 Dipole moment /Debye                   0.00000000     0.00000000     0.00000000

 ELECTRON ORBITALS
 =================


   Orb  Occ    Energy  Couls-En    Coefficients

                                   1 1s      1 1s      1 1s      1 1s      1 1s      1 1s      1 1s      1 1s      1 1s      1 1s   
                                   1 1s      1 1s      1 1s      1 3d0     1 3d2+    1 3d0     1 3d2+    1 3d0     1 3d2+    1 3d0  
                                   1 3d2+    1 3d0     1 3d2+    1 3d0     1 3d2+    1 3d0     1 3d2+    1 3d0     1 3d2+    1 5g0  
                                   1 5g4+    1 5g2+    1 5g0     1 5g4+    1 5g2+    1 5g0     1 5g4+    1 5g2+ 

   1.1   2 -2381.8535-5128.2528  1.003066 -0.009319  0.029091 -0.219604 -0.796333  0.038663 -0.262289 -0.120000 -0.380448  1.882677
                                -1.002317 -0.136944 -0.021848  0.000000 -0.000000  0.000000 -0.000000  0.000000 -0.000001  0.000000
                                -0.000000 -0.000001  0.000002  0.000001 -0.000002 -0.000001  0.000001 -0.000000  0.000000 -0.000000
                                -0.000000  0.000000  0.000000  0.000000 -0.000000 -0.000000 -0.000000  0.000000

   2.1   2  -416.6212-1112.7780  0.024756  0.975764 -0.022485  0.595356  1.866465 -0.095302  0.788140  0.036203  1.097730 -4.494366
                                 1.863566  0.447836  0.053293  0.000011 -0.000018 -0.000000  0.000000  0.000000 -0.000001 -0.000001
                                 0.000002 -0.000042  0.000073  0.000045 -0.000078 -0.000004  0.000007 -0.000001  0.000001  0.000000
                                 0.000000 -0.000000 -0.000000 -0.000000  0.000000  0.000000  0.000000 -0.000000

   3.1   2  -101.4467 -396.4902 -0.003914  0.088587  0.976090 -1.027107 -3.176477  0.164035 -1.378898 -0.029957 -1.928581  7.828023
                                -3.216725 -0.872231 -0.094290  0.000373 -0.000646 -0.000002  0.000003 -0.000096  0.000167 -0.000017
                                 0.000030  0.001196 -0.002071 -0.001267  0.002194  0.000203 -0.000351  0.000014 -0.000024 -0.000000
                                -0.000000  0.000000  0.000000  0.000000 -0.000000 -0.000000 -0.000000  0.000000

   4.1   2   -73.4960 -358.1283 -0.000000 -0.000000 -0.000000  0.000000  0.000000 -0.000000  0.000000  0.000000  0.000000 -0.000000
                                 0.000000 -0.000000  0.000000  0.866738  0.500399  0.002672  0.001543  0.036317  0.020967  0.010727
                                 0.006193 -0.312831 -0.180609  0.330981  0.191087 -0.062550 -0.036112 -0.003548 -0.002048  0.000002
                                -0.000002 -0.000002 -0.000001  0.000001  0.000001  0.000000 -0.000000 -0.000000

   5.1   2   -73.4687 -358.1091 -0.000008  0.000039  0.000388 -0.002421 -0.006702  0.000333 -0.002483 -0.000087 -0.003166  0.012986
                                -0.005276  0.000073 -0.000137 -0.500401  0.866741 -0.001521  0.002634 -0.021098  0.036544 -0.006225
                                 0.010782  0.181937 -0.315132 -0.192495  0.333419  0.036361 -0.062981  0.002063 -0.003574 -0.000002
                                -0.000005  0.000004  0.000001  0.000003 -0.000002 -0.000001 -0.000001  0.000001

   6.1   2   -26.2376 -173.4490 -0.012608 -0.116440 -0.038958  1.881189  3.723074 -0.198641  1.713906  0.107110  2.525882-10.597725
                                 4.594815  1.838685  0.136574  0.000020 -0.000035  0.001849 -0.003203  0.000619 -0.001072  0.000113
                                -0.000195 -0.007033  0.012182  0.007469 -0.012938 -0.001350  0.002339 -0.000080  0.000139  0.000001
                                 0.000002 -0.000002 -0.000000 -0.000001  0.000001  0.000000  0.000000 -0.000000

   7.1   2   -15.6041 -149.2252  0.000000  0.000000  0.000000  0.000000 -0.000000 -0.000000  0.000000 -0.000000  0.000000 -0.000000
                                -0.000000  0.000000  0.000000  0.008977  0.005183  0.849799  0.490637 -0.057463 -0.033177 -0.019708
                                -0.011379  0.456914  0.263803 -0.481283 -0.277873  0.080589  0.046529  0.005223  0.003015  0.000371
                                -0.000439 -0.000332 -0.000173  0.000205  0.000155  0.000058 -0.000069 -0.000052

   8.1   2   -15.5520 -149.1973  0.000014 -0.000112  0.001171  0.009072  0.016152 -0.000841  0.010036  0.001847  0.017661 -0.073282
                                 0.028205  0.021336  0.001029 -0.005214  0.009032 -0.489976  0.848654  0.034878 -0.060409  0.011899
                                -0.020610 -0.276621  0.479116  0.291467 -0.504830 -0.049559  0.085838 -0.003155  0.005465 -0.000391
                                -0.000771  0.000582  0.000183  0.000361 -0.000273 -0.000061 -0.000121  0.000092

   9.1   2    -8.2116  -80.9149  0.021995  0.147137  0.242743 -0.432368 -1.561485  0.060362 -0.947747 -0.695507 -2.033044  9.144369
                                -5.225111 -1.801503 -0.125903 -0.000024  0.000041 -0.000878  0.001521 -0.001029  0.001782 -0.000748
                                 0.001295  0.001098 -0.001903 -0.000829  0.001437 -0.001360  0.002355  0.000028 -0.000049  0.000006
                                 0.000012 -0.000009 -0.000001 -0.000001  0.000001  0.000000  0.000001 -0.000000

  10.1   0    -4.6983  -61.6288  0.000198  0.001260  0.003825  0.006745  0.014606  0.004752 -0.024385  0.026365 -0.016613  0.080392
                                 0.028757 -0.091159 -0.001807 -0.002355  0.004080  0.001230 -0.002130  0.412797 -0.714992  0.197569
                                -0.342203 -0.516279  0.894228  0.528343 -0.915123  0.043918 -0.076069 -0.005157  0.008932  0.000801
                                 0.001581 -0.001195  0.001049  0.002069 -0.001564 -0.000055 -0.000109  0.000082

  11.1   0    -4.6340  -61.0445  0.000000  0.000000  0.000000 -0.000000 -0.000000 -0.000000 -0.000000 -0.000000 -0.000001  0.000003
                                -0.000002 -0.000001 -0.000000 -0.004174 -0.002410 -0.000259 -0.000150  0.712715  0.411482  0.330824
                                 0.190999 -0.887826 -0.512581  0.917720  0.529840  0.077257  0.044604 -0.008554 -0.004939  0.001196
                                -0.001415 -0.001069  0.001088 -0.001287 -0.000973 -0.000030  0.000036  0.000027

                                   1 2px     1 2px     1 2px     1 2px     1 2px     1 2px     1 2px     1 2px     1 2px     1 2px  
                                   1 4f1+    1 4f3+    1 4f1+    1 4f3+    1 4f1+    1 4f3+    1 4f1+    1 4f3+ 

   1.2   2  -388.5818-1072.9353  1.004106  0.011051  0.239477  0.499104 -0.061325 -0.042090 -0.890672  0.345942  0.004445 -0.000377
                                 0.000002 -0.000003 -0.000001  0.000001  0.000000 -0.000000 -0.000000  0.000000

   2.2   2   -91.3542 -382.2189  0.024398  0.907815 -0.500214 -1.024822  0.125525  0.083594  1.844700 -0.714081 -0.030325  0.000796
                                 0.000122 -0.000157 -0.000043  0.000055  0.000017 -0.000022 -0.000006  0.000008

   3.2   2   -22.3080 -165.5149  0.001563  0.169661  1.642809  1.461135 -0.175782 -0.098394 -2.734024  1.032222  0.137439 -0.001370
                                 0.001085 -0.001400 -0.000237  0.000307  0.000057 -0.000074 -0.000020  0.000026

   4.2   2    -7.5332 -123.9641  0.000000  0.000001  0.000004  0.000003  0.000000  0.000003 -0.000021  0.000006  0.000002 -0.000000
                                 0.799620  0.619354 -0.028428 -0.022019 -0.005042 -0.003905  0.000576  0.000446

   5.2   2    -7.5019 -123.3944  0.000913  0.015321  0.067215  0.040903  0.001115  0.042596 -0.324138  0.093507  0.033492 -0.000213
                                -0.615781  0.795005  0.021258 -0.027445  0.004013 -0.005181 -0.000487  0.000629

   6.2   +    -7.1644  -75.8915 -0.007475 -0.128873 -0.553382 -0.224453 -0.020802 -0.364906  2.563130 -0.708239 -0.197492  0.001946
                                -0.064308  0.083036  0.000566 -0.000732  0.000952 -0.001230 -0.000226  0.000292

   7.2   0    -3.3029  -40.3238 -0.016575 -0.184865 -0.889168 -2.286595 -0.578492 -1.468088  1.456835 -0.848025  2.851953 -0.002045
                                 0.004003 -0.005167 -0.015913  0.020544 -0.009153  0.011817  0.000992 -0.001281

   8.2   0    -2.9281  -41.7273  0.000000  0.000000  0.000001  0.000002  0.000001  0.000001  0.000001  0.000002 -0.000005  0.000000
                                -0.192214 -0.148896  0.591067  0.457861  0.330882  0.256313 -0.019345 -0.014986

                                   1 2py     1 2py     1 2py     1 2py     1 2py     1 2py     1 2py     1 2py     1 2py     1 2py  
                                   1 4f1-    1 4f3-    1 4f1-    1 4f3-    1 4f1-    1 4f3-    1 4f1-    1 4f3- 

   1.3   2  -388.5857-1072.9381  1.004105  0.011056  0.239383  0.498908 -0.061301 -0.042074 -0.890322  0.345809  0.004439 -0.000377
                                 0.000001 -0.000003 -0.000000  0.000001  0.000000 -0.000000 -0.000000  0.000000

   2.3   2   -91.3805 -382.2359  0.024410  0.908180 -0.498260 -1.020825  0.125033  0.083248  1.837629 -0.711355 -0.030265  0.000792
                                 0.000040 -0.000155 -0.000014  0.000055  0.000006 -0.000022 -0.000002  0.000008

   3.3   2   -22.3426 -165.4414  0.001323  0.167029  1.630668  1.435082 -0.172909 -0.098592 -2.673272  1.007795  0.132448 -0.001369
                                 0.000359 -0.001392 -0.000075  0.000290  0.000017 -0.000067 -0.000006  0.000024

   4.3   2    -7.5672 -124.0144 -0.000000 -0.000001 -0.000005 -0.000003 -0.000000 -0.000003  0.000025 -0.000007 -0.000003  0.000000
                                 0.979465  0.252902 -0.035358 -0.009130 -0.006148 -0.001587  0.000696  0.000180

   5.3   2    -7.5124 -123.8325 -0.000440 -0.007342 -0.032682 -0.023791 -0.000363 -0.021167  0.163504 -0.047554 -0.020762  0.000101
                                 0.252555 -0.978122 -0.008843  0.034246 -0.001614  0.006251  0.000189 -0.000732

   6.3   0    -6.4528  -73.7620 -0.007449 -0.127363 -0.548988 -0.197949 -0.008045 -0.302305  2.373115 -0.683226 -0.104619  0.001825
                                -0.011466  0.044373 -0.000204  0.000791  0.000251 -0.000970 -0.000068  0.000263

   7.3   0    -3.3022  -40.7128 -0.016785 -0.187861 -0.903320 -2.289622 -0.582227 -1.464970  1.399820 -0.845026  2.933075 -0.002087
                                 0.001137 -0.004406 -0.005856  0.022682 -0.003194  0.012372  0.000337 -0.001303

                                   1 3d2-    1 3d2-    1 3d2-    1 3d2-    1 3d2-    1 3d2-    1 3d2-    1 3d2-    1 5g2-    1 5g4- 
                                   1 5g2-    1 5g4-    1 5g2-    1 5g4- 

   1.4   2   -73.4755 -358.1136  1.000819  0.003055  0.042119  0.012429 -0.363159  0.384233 -0.072584 -0.004118  0.000002 -0.000005
                                -0.000001  0.000003  0.000000 -0.000001

   2.4   2   -15.5656 -149.2078  0.010406  0.980246 -0.069039 -0.023608  0.547240 -0.576554  0.097727  0.006245  0.000331 -0.000876
                                -0.000155  0.000410  0.000052 -0.000137

   3.4   0    -4.6774  -61.4501 -0.004741  0.001678  0.824881  0.391162 -1.030961  1.058286  0.088171 -0.010189  0.000793 -0.002097
                                 0.000924 -0.002444 -0.000042  0.000111

   4.4   0    -2.6231  -34.9287 -0.019398 -0.265399 -1.293320  0.379170 -2.774344  2.522339  1.069482 -0.012549  0.000690 -0.001827
                                -0.002793  0.007389 -0.002269  0.006002

                                   1 2pz     1 2pz     1 2pz     1 2pz     1 2pz     1 2pz     1 2pz     1 2pz     1 2pz     1 2pz  
                                   1 4f0     1 4f2+    1 4f0     1 4f2+    1 4f0     1 4f2+    1 4f0     1 4f2+ 

   1.5   2  -388.5857-1072.9381  1.004105  0.011056  0.239383  0.498908 -0.061301 -0.042074 -0.890322  0.345809  0.004439 -0.000377
                                 0.000002 -0.000002 -0.000001  0.000001  0.000000 -0.000000 -0.000000  0.000000

   2.5   2   -91.3805 -382.2359  0.024410  0.908180 -0.498260 -1.020825  0.125033  0.083248  1.837629 -0.711355 -0.030265  0.000792
                                 0.000098 -0.000127 -0.000035  0.000045  0.000014 -0.000018 -0.000005  0.000006

   3.5   2   -22.3426 -165.4414  0.001323  0.167029  1.630668  1.435082 -0.172909 -0.098592 -2.673272  1.007796  0.132448 -0.001369
                                 0.000880 -0.001136 -0.000183  0.000237  0.000042 -0.000055 -0.000015  0.000019

   4.5   2    -7.5672 -124.0144 -0.000000 -0.000000 -0.000001 -0.000001 -0.000000 -0.000001  0.000007 -0.000002 -0.000001  0.000000
                                 0.799729  0.619471 -0.028870 -0.022363 -0.005020 -0.003888  0.000568  0.000440

   5.5   2    -7.5124 -123.8325  0.000440  0.007343  0.032686  0.023794  0.000364  0.021170 -0.163525  0.047560  0.020764 -0.000101
                                -0.618621  0.798633  0.021659 -0.027962  0.003953 -0.005104 -0.000463  0.000598

   6.5   0    -6.4528  -73.7621 -0.007449 -0.127363 -0.548988 -0.197950 -0.008044 -0.302305  2.373115 -0.683226 -0.104619  0.001825
                                -0.028071  0.036236 -0.000500  0.000645  0.000613 -0.000792 -0.000167  0.000215

   7.5   0    -3.3022  -40.7128 -0.016785 -0.187861 -0.903320 -2.289622 -0.582227 -1.464970  1.399819 -0.845027  2.933077 -0.002087
                                 0.002786 -0.003598 -0.014345  0.018520 -0.007825  0.010102  0.000824 -0.001064

                                   1 3d1+    1 3d1+    1 3d1+    1 3d1+    1 3d1+    1 3d1+    1 3d1+    1 3d1+    1 5g1+    1 5g3+ 
                                   1 5g1+    1 5g3+    1 5g1+    1 5g3+ 

   1.6   2   -73.4755 -358.1136  1.000819  0.003055  0.042119  0.012428 -0.363158  0.384233 -0.072584 -0.004118  0.000004 -0.000003
                                -0.000002  0.000002  0.000001 -0.000001

   2.6   2   -15.5656 -149.2078  0.010406  0.980246 -0.069039 -0.023608  0.547242 -0.576556  0.097727  0.006245  0.000702 -0.000619
                                -0.000329  0.000290  0.000110 -0.000097

   3.6   0    -4.6774  -61.4501 -0.004741  0.001678  0.824881  0.391162 -1.030961  1.058286  0.088171 -0.010189  0.001682 -0.001483
                                 0.001959 -0.001728 -0.000089  0.000078

   4.6   0    -2.6231  -34.9287 -0.019398 -0.265399 -1.293320  0.379171 -2.774344  2.522340  1.069482 -0.012549  0.001464 -0.001292
                                -0.005924  0.005225 -0.004812  0.004244

                                   1 3d1-    1 3d1-    1 3d1-    1 3d1-    1 3d1-    1 3d1-    1 3d1-    1 3d1-    1 5g1-    1 5g3- 
                                   1 5g1-    1 5g3-    1 5g1-    1 5g3- 

   1.7   2   -73.4960 -358.1283  1.000816  0.003085  0.041935  0.012387 -0.361224  0.382182 -0.072226 -0.004096  0.000001 -0.000003
                                -0.000001  0.000002  0.000000 -0.000001

   2.7   2   -15.6041 -149.2252  0.010366  0.981266 -0.066353 -0.022757  0.527600 -0.555739  0.093057  0.006030  0.000235 -0.000621
                                -0.000110  0.000290  0.000037 -0.000097

   3.7   0    -4.6340  -61.0445 -0.004820 -0.000300  0.822971  0.382001 -1.025171  1.059690  0.089209 -0.009877  0.000756 -0.002001
                                 0.000688 -0.001820 -0.000019  0.000051

   4.7   0    -2.6283  -35.1247 -0.019642 -0.268857 -1.295522  0.378515 -2.769585  2.514862  1.083103 -0.012680  0.000634 -0.001676
                                -0.001876  0.004965 -0.001551  0.004104

                                   1 4f2-    1 4f2-    1 4f2-    1 4f2- 

   1.8   2    -7.5332 -123.9641  1.011430 -0.035958 -0.006377  0.000728

   2.8   0    -2.9281  -41.7273 -0.243138  0.747661  0.418544 -0.024471

   3.8   0    -1.8486  -26.7600  0.171683 -0.795954  0.692630  0.509875

 HOMO      6.2    -7.164393 =    -194.9531eV
 LUMO      6.3    -6.452820 =    -175.5902eV
 LUMO-HOMO         0.711573 =      19.3629eV


 **********************************************************************************************************************************
 DATASETS  * FILE   NREC   LENGTH (MB)   RECORD NAMES
              1      22       20.53       500      610      700      900      950      970     1000      129      960     1700   
                                          VAR    BASINP    GEOM    SYMINP    ZMAT    AOBASIS   BASIS     P2S    ABASIS    OPER   
                                         1101     1401     1411     1412     1650     1100     1400     1410     1200     1210   
                                          SR      EKINR    POTR     PVPR    MOLCAS      S      EKIN      POT      H0       H01  
                                         1080     1600   
                                         AOSYM     SMH  

              2       5        5.47       200      700     1000      520     4202   
                                        OPTIONS   GEOM     BASIS   MCVARS     RHF  

 PROGRAMS   *        TOTAL       RHF       INT
 CPU TIMES  *        20.12      0.23     19.61
 REAL TIME  *        22.38 SEC
 DISK USED  *       198.12 MB      
 SF USED    *         0.01 MB      
 GA USED    *         0.00 MB       (max)       0.00 MB       (current)
 **********************************************************************************************************************************


 PROGRAM * POP (Mulliken population analysis)

 
 Density matrix read from record         4202.2  Type=RHF/CHARGE (state 1.2)
 
 Population analysis by basis function type

 Unique atom        s        p        d        f        g    Total    Charge
   1  TA      9.99996 19.01946 20.00004 13.98054  0.00000 63.00000  +10.00000


 **********************************************************************************************************************************
 DATASETS  * FILE   NREC   LENGTH (MB)   RECORD NAMES
              1      22       20.53       500      610      700      900      950      970     1000      129      960     1700   
                                          VAR    BASINP    GEOM    SYMINP    ZMAT    AOBASIS   BASIS     P2S    ABASIS    OPER   
                                         1101     1401     1411     1412     1650     1100     1400     1410     1200     1210   
                                          SR      EKINR    POTR     PVPR    MOLCAS      S      EKIN      POT      H0       H01  
                                         1080     1600   
                                         AOSYM     SMH  

              2       5        5.47       200      700     1000      520     4202   
                                        OPTIONS   GEOM     BASIS   MCVARS     RHF  

 PROGRAMS   *        TOTAL       POP       RHF       INT
 CPU TIMES  *        20.13      0.00      0.23     19.61
 REAL TIME  *        22.40 SEC
 DISK USED  *       198.12 MB      
 SF USED    *         0.01 MB      
 GA USED    *         0.00 MB       (max)       0.00 MB       (current)
 **********************************************************************************************************************************
 SETTING BASIS          =    USERDEF


 Recomputing integrals since basis changed


 Using spherical harmonics



 PROGRAM * SEWARD (Integral evaluation for generally contracted gaussian basis sets)     Author: Roland Lindh, 1990

 Geometry written to block  1 of record 700

 Orientation using atomic masses  
 Molecule type: Atom
 Symmetry elements: X,Y,Z
 Rotational constants:       0.0000000      0.0000000      0.0000000 GHz  (calculated with average atomic masses)

 Point group  D2h 



 ATOMIC COORDINATES

 NR  ATOM    CHARGE       X              Y              Z

   1  TA     73.00    0.000000000    0.000000000    0.000000000

 NUCLEAR CHARGE:                   73
 NUMBER OF PRIMITIVE AOS:         455
 NUMBER OF SYMMETRY AOS:          370
 NUMBER OF CONTRACTIONS:          370   (  88Ag  +  61B3u +  61B2u +  28B1g +  61B1u +  28B2g +  28B3g +  15Au  )
 NUMBER OF CORE ORBITALS:          34   (   9Ag  +   6B3u +   6B2u +   2B1g +   6B1u +   2B2g +   2B3g +   1Au  )
 NUMBER OF VALENCE ORBITALS:        6   (   3Ag  +   0B3u +   0B2u +   1B1g +   0B1u +   1B2g +   1B3g +   0Au  )


 NUCLEAR REPULSION ENERGY    0.00000000

 One-electron integrals computed with SEWARD

 10nd-order Douglas-Kroll-Hess method activated. McWeeny DKH parametrization is used.

 Computing Douglas-Kroll / X2C integrals

 AO integral compression algorithm  1   Integral accuracy      1.0D-15

     2357.461 MB (compressed) written to integral file ( 47.5%)

     Node minimum: 618.922 MB, node maximum: 1013.187 MB


 NUMBER OF SORTED TWO-ELECTRON INTEGRALS:  101359485.     BUFFER LENGTH:  32768
 NUMBER OF SEGMENTS:   4  SEGMENT LENGTH:   31999029      RECORD LENGTH: 524288

 Memory used in sort:      32.56 MW

 SORT1 READ   620842336. AND WROTE    63934281. INTEGRALS IN    185 RECORDS. CPU TIME:    11.42 SEC, REAL TIME:    13.58 SEC
 SORT2 READ   190733767. AND WROTE   304061875. INTEGRALS IN   7083 RECORDS. CPU TIME:     1.50 SEC, REAL TIME:     2.57 SEC

 Node minimum:   101278730.  Node maximum:   101423660. integrals

 OPERATOR DM      FOR CENTER  0  COORDINATES:    0.000000    0.000000    0.000000

 EXTRA SYMMETRY OF AOS IN SYMMETRY 1:   1 1 1 1 1 1 1 1 1 1   1 1 1 1 1 1 1 1 1 1   1 1 1 1 1 1 1 1 1 1   1 1 1 1 1 1 1 1 1 1
                                        1 1 1 1 1 1 1 1 1 1   1 1 1 1 1 1 1 1 1 1   1 1 1 1 1 1 1 1 1 1   1 1 1 1 1 1 1 1 1 2
                                        3 4 2 3 4 2 3 4
 EXTRA SYMMETRY OF AOS IN SYMMETRY 2:   1 1 1 1 1 1 1 1 1 1   1 1 1 1 1 1 1 1 1 1   1 1 1 1 1 1 1 1 1 1   1 2 3 2 3 2 3 2 3 2
                                        3 2 3 2 3 2 3 2 3 2   3 2 3 2 3 2 3 2 3 2   3
 EXTRA SYMMETRY OF AOS IN SYMMETRY 3:   1 1 1 1 1 1 1 1 1 1   1 1 1 1 1 1 1 1 1 1   1 1 1 1 1 1 1 1 1 1   1 2 3 2 3 2 3 2 3 2
                                        3 2 3 2 3 2 3 2 3 2   3 2 3 2 3 2 3 2 3 2   3
 EXTRA SYMMETRY OF AOS IN SYMMETRY 4:   1 1 1 1 1 1 1 1 1 1   1 1 1 1 1 1 1 1 1 1   1 1 2 3 2 3 2 3
 EXTRA SYMMETRY OF AOS IN SYMMETRY 5:   1 1 1 1 1 1 1 1 1 1   1 1 1 1 1 1 1 1 1 1   1 1 1 1 1 1 1 1 1 1   1 2 3 2 3 2 3 2 3 2
                                        3 2 3 2 3 2 3 2 3 2   3 2 3 2 3 2 3 2 3 2   3
 EXTRA SYMMETRY OF AOS IN SYMMETRY 6:   1 1 1 1 1 1 1 1 1 1   1 1 1 1 1 1 1 1 1 1   1 1 2 3 2 3 2 3
 EXTRA SYMMETRY OF AOS IN SYMMETRY 7:   1 1 1 1 1 1 1 1 1 1   1 1 1 1 1 1 1 1 1 1   1 1 2 3 2 3 2 3

 Eigenvalues of metric

         1 0.694E-06 0.139E-04 0.139E-04 0.237E-04 0.481E-04 0.143E-03 0.143E-03 0.146E-03
         2 0.469E-06 0.114E-04 0.100E-03 0.100E-03 0.132E-03 0.442E-03 0.112E-02 0.146E-02
         3 0.469E-06 0.114E-04 0.100E-03 0.100E-03 0.132E-03 0.442E-03 0.112E-02 0.146E-02
         4 0.139E-04 0.143E-03 0.607E-03 0.227E-02 0.654E-02 0.151E-01 0.281E-01 0.503E-01
         5 0.469E-06 0.114E-04 0.100E-03 0.100E-03 0.132E-03 0.442E-03 0.112E-02 0.146E-02
         6 0.139E-04 0.143E-03 0.607E-03 0.227E-02 0.654E-02 0.151E-01 0.281E-01 0.503E-01
         7 0.139E-04 0.143E-03 0.607E-03 0.227E-02 0.654E-02 0.151E-01 0.281E-01 0.503E-01
         8 0.100E-03 0.146E-02 0.736E-02 0.189E-01 0.417E-01 0.101E+00 0.199E+00 0.345E+00


 **********************************************************************************************************************************
 DATASETS  * FILE   NREC   LENGTH (MB)   RECORD NAMES
              1      22       21.46       500      610      700      900      950      970     1001      129      960     1700   
                                          VAR    BASINP    GEOM    SYMINP    ZMAT    AOBASIS   BASIS     P2S    ABASIS    OPER   
                                         1101     1401     1411     1412     1650     1100     1400     1410     1200     1210   
                                          SR      EKINR    POTR     PVPR    MOLCAS      S      EKIN      POT      H0       H01  
                                         1080     1600   
                                         AOSYM     SMH  

              2       6        5.57       200      700     1000      520     4202     1001   
                                        OPTIONS   GEOM     BASIS   MCVARS     RHF     BASIS   

 PROGRAMS   *        TOTAL       INT       POP       RHF       INT
 CPU TIMES  *       201.69    181.56      0.00      0.23     19.61
 REAL TIME  *       208.77 SEC
 DISK USED  *         4.71 GB      
 SF USED    *         0.01 MB      
 GA USED    *         0.00 MB       (max)       0.00 MB       (current)
 **********************************************************************************************************************************


 PROGRAM * MULTI (Direct Multiconfiguration SCF)       Authors: P.J. Knowles, H.-J. Werner (1984)     S.T. Elbert (1988)


 Number of closed-shell orbitals:  31 (   9   5   5   2   5   2   2   1 )
 Number of active  orbitals:        3 (   0   1   1   0   1   0   0   0 )
 Number of external orbitals:     336 (  79  55  55  26  55  26  26  14 )

 State symmetry 1

 Number of electrons:     1    Spin symmetry=Doublet   Space symmetry=2
 Number of states:        1
 Number of CSFs:          1   (1 determinants, 3 intermediate states)

 State symmetry 2

 Number of electrons:     1    Spin symmetry=Doublet   Space symmetry=3
 Number of states:        1
 Number of CSFs:          1   (1 determinants, 3 intermediate states)

 State symmetry 3

 Number of electrons:     1    Spin symmetry=Doublet   Space symmetry=5
 Number of states:        1
 Number of CSFs:          1   (1 determinants, 3 intermediate states)

 Molecular orbitals read from record     4202.2  Type=RHF/CANONICAL (state 1.2)
 
 Present basis size:      88  61  61  28  61  28  28  15
 Previous basis size:     38  18  18  14  18  14  14   4
 Previous occupation:      9   6   5   2   5   2   2   1
 Previous closed-shells:   9   5   5   2   5   2   2   1
 Previous core-orbitals:   9   6   6   2   6   2   2   1
 Present occupation:       9   7   5   3   5   3   2   1
 Present closed-shells:    9   6   5   3   5   3   2   1
 Present core-orbitals:    9   6   5   3   5   3   2   1
 Wavefunction symmetry:    2   Doublet 

 Orbital overlap <old|new>:  < 7.2| 1.1> = 1.000000   < 8.1| 2.1> = 1.000000   < 2.6| 3.1> = 1.000000   < 4.1| 4.1> = 1.000000
                             < 5.1| 5.1> = 1.000000   < 6.1| 6.1> = 1.000000   < 7.1| 7.1> = 1.000000   < 8.1| 8.1> = 1.000000
                             < 9.1| 9.1> = 1.000000   < 1.2| 1.2> = 1.000000   < 2.2| 2.2> = 1.000000   < 3.2| 3.2> = 1.000000
                             < 4.2| 4.2> = 1.000000   < 5.2| 5.2> = 1.000000   < 6.2| 6.2> = 1.000000   < 1.3| 1.3> = 1.000000
                             < 2.3| 2.3> = 1.000000   < 3.3| 3.3> = 1.000000   < 4.3| 4.3> = 1.000000   < 5.3| 5.3> = 1.000000
                             < 6.3| 1.4> = 1.000000   < 1.4| 2.4> = 1.000000   < 2.4| 3.4> = 1.000000   < 1.5| 1.5> = 1.000000
                             < 2.5| 2.5> = 1.000000   < 3.5| 3.5> = 1.000000   < 4.5| 4.5> = 1.000000   < 5.5| 5.5> = 1.000000
                             < 6.5| 1.6> = 1.000000   < 1.6| 2.6> = 1.000000   < 2.6| 3.6> = 1.000000   < 1.7| 1.7> = 1.000000

 ?ERROR IN VIRTORB: INCORRECT NUMBER OF ORBITALS: SYM=2  N= 61  M=  7  N-M= 54 NV= 55
