
 Primary working directories    : /global/cscratch1/sd/haihan
 Secondary working directories  : /global/cscratch1/sd/haihan
 Wavefunction directory         : /global/homes/h/haihan/Research/ECP/f_group_element_ecps/Lu/Molpro/atom/ECP46_2/wfu/
 Main file repository           : /global/cscratch1/sd/haihan/

 SHA1      : 19cd028119e0e09f93f0674bd8af7968d9b3eff6
 NAME      : 2015.1.36
 ARCHNAME  : linux/x86_64
 FC        : /opt/cray/pe/craype/2.5.14/bin/ftn
 BLASLIB   : -L/opt/intel/compilers_and_libraries_2018.1.163/linux/mkl/lib/intel64 -Wl,-_start-group -lmkl_intel_ilp64 -lmkl_intel_thread -lmkl_core -Wl,-_end-group -liomp5
 id        : lbl

 Nodes     nprocs
 nid01703    11
 Number of processes for MPI-2 version of Molpro:   nprocs(total)=   12   nprocs(compute)=   11   nprocs(helper)=    1

 Using customized tuning parameters: mindgm=7; mindgv=16; mindgc=1; mindgr=1; noblas=0; minvec=7
 default implementation of scratch files=sf  

 ***,Calculation for Lu atom, singlet and triplet
 memory,1,g
 
 gthresh,twoint=1.e-15
 gthresh,oneint=1.e-15
 
 
 geometry={
 1
 Lu
 Lu  0.0 0.0 0.0
 }
 
 basis={
 ECP,Lu,46,4,0;
 4
 1, 3.14833474446234,  25.0
 3, 2.65115497652619,  78.7083686115585
 2, 2.78295903287120,  -72.60509167627022
 2, 3.46628519446209,  -2.15683842991001
 2
 2, 5.79136585352643,  250.310476835938
 2, 3.07955851231268,  11.4226597920253
 2
 2, 3.72571172950070,  61.7986494141870
 2, 4.05271563112787,  47.2939639434762
 2
 2, 2.52321040379140,  25.8874030444728
 2, 3.47082531866092,  35.4288883812381
 2
 2, 5.03278656337232,  -3.36898369803320
 2, 3.20307702617417,  -1.22025489182895
 Including file /global/u2/h/haihan/Research/ECP/f_group_element_ecps/Lu/Molpro/atom/ECP46_2/6/../aug-cc-pwCVTZ.basis
 }
 
 
 
 Including file /global/u2/h/haihan/Research/ECP/f_group_element_ecps/Lu/Molpro/atom/ECP46_2/6/../Lu46_states_ecp.proc
 
 do i=6,6
     if (i.eq.1) then
         Id1s2
     else if (i.eq.2) then
         Ip1s2
     else if (i.eq.3) then
         IEd2s1
     else if (i.eq.4) then
         IEf1s2
     else if (i.eq.5) then
         IIds2
     else if (i.eq.6) then
         IId1s1
     else if (i.eq.7) then
         IIIds1
     else if (i.eq.8) then
         IIIp1
     else if (i.eq.9) then
         IIId1
     else if (i.eq.10) then
         IIIEf1
     else if (i.eq.11) then
         VIp6
     else if (i.eq.12) then
         VIIp5
     else if (i.eq.13) then
         VIIIp4
     else if (i.eq.14) then
         IXp3
     else if (i.eq.15) then
         Xp
     else if (i.eq.16) then
         XIds2
     else if (i.eq.17) then
         IIIEf2
     endif
     scf(i)=energy
     _CC_NORM_MAX=2.0
     {rccsd(t),shifts=0.5,shiftp=0.5,thrdis=1.0;diis,1,1,15,1;maxit,100;core}
     ccsd(i)=energy
 enddo
 
 table,scf,ccsd
 type,csv
 save

 Variables initialized (889), CPU time= 0.01 sec
 Commands  initialized (702), CPU time= 0.00 sec, 572 directives.
 Default parameters read. Elapsed time= 0.13 sec

 Checking input...
 Passed
1


                                         ***  PROGRAM SYSTEM MOLPRO  ***
                                       Copyright, TTI GmbH Stuttgart, 2015
                                    Version 2015.1 linked Dec 29 2018 15:55:43


 **********************************************************************************************************************************
 LABEL *   Calculation for Lu atom, singlet and triplet                                  
  64 bit mpp version                                                                     DATE: 31-Mar-23          TIME: 18:09:38  
 **********************************************************************************************************************************

 SHA1:             19cd028119e0e09f93f0674bd8af7968d9b3eff6
 **********************************************************************************************************************************

 THRESHOLDS:

 ZERO    =  1.00D-12  ONEINT  =  1.00D-12  TWOINT  =  1.00D-15  PREFAC  =  1.00D-14  LOCALI  =  1.00D-09  EORDER  =  1.00D-04
 ENERGY  =  0.00D+00  ETEST   =  0.00D+00  EDENS   =  0.00D+00  THRDEDEF=  1.00D-06  GRADIENT=  1.00D-02  STEP    =  1.00D-03
 ORBITAL =  1.00D-05  CIVEC   =  1.00D-05  COEFF   =  1.00D-04  PRINTCI =  5.00D-02  PUNCHCI =  9.90D+01  OPTGRAD =  3.00D-04
 OPTENERG=  1.00D-06  OPTSTEP =  3.00D-04  THRGRAD =  1.00D-10  COMPRESS=  1.00D-11  VARMIN  =  1.00D-07  VARMAX  =  1.00D-03
 THRDOUB =  0.00D+00  THRDIV  =  1.00D-05  THRRED  =  1.00D-07  THRPSP  =  1.00D+00  THRDC   =  1.00D-10  THRCS   =  1.00D-10
 THRNRM  =  1.00D-08  THREQ   =  0.00D+00  THRDE   =  1.00D+00  THRREF  =  1.00D-05  SPARFAC =  1.00D+00  THRDLP  =  1.00D-07
 THRDIA  =  1.00D-10  THRDLS  =  1.00D-07  THRGPS  =  0.00D+00  THRKEX  =  0.00D+00  THRDIS  =  2.00D-01  THRVAR  =  1.00D-10
 THRLOC  =  1.00D-06  THRGAP  =  1.00D-06  THRLOCT = -1.00D+00  THRGAPT = -1.00D+00  THRORB  =  1.00D-06  THRMLTP =  0.00D+00
 THRCPQCI=  1.00D-10  KEXTA   =  0.00D+00  THRCOARS=  0.00D+00  SYMTOL  =  1.00D-06  GRADTOL =  1.00D-06  THROVL  =  1.00D-08
 THRORTH =  1.00D-08  GRID    =  1.00D-06  GRIDMAX =  1.00D-03  DTMAX   =  0.00D+00  THROCCDE=  1.00D-01  THROCCDE=  1.00D-01



 THRESHOLDS:

 ZERO    =  1.00D-12  ONEINT  =  1.00D-15  TWOINT  =  1.00D-15  PREFAC  =  1.00D-14  LOCALI  =  1.00D-09  EORDER  =  1.00D-04
 ENERGY  =  0.00D+00  ETEST   =  0.00D+00  EDENS   =  0.00D+00  THRDEDEF=  1.00D-06  GRADIENT=  1.00D-02  STEP    =  1.00D-03
 ORBITAL =  1.00D-05  CIVEC   =  1.00D-05  COEFF   =  1.00D-04  PRINTCI =  5.00D-02  PUNCHCI =  9.90D+01  OPTGRAD =  3.00D-04
 OPTENERG=  1.00D-06  OPTSTEP =  3.00D-04  THRGRAD =  1.00D-10  COMPRESS=  1.00D-11  VARMIN  =  1.00D-07  VARMAX  =  1.00D-03
 THRDOUB =  0.00D+00  THRDIV  =  1.00D-05  THRRED  =  1.00D-07  THRPSP  =  1.00D+00  THRDC   =  1.00D-10  THRCS   =  1.00D-10
 THRNRM  =  1.00D-08  THREQ   =  0.00D+00  THRDE   =  1.00D+00  THRREF  =  1.00D-05  SPARFAC =  1.00D+00  THRDLP  =  1.00D-07
 THRDIA  =  1.00D-10  THRDLS  =  1.00D-07  THRGPS  =  0.00D+00  THRKEX  =  0.00D+00  THRDIS  =  2.00D-01  THRVAR  =  1.00D-10
 THRLOC  =  1.00D-06  THRGAP  =  1.00D-06  THRLOCT = -1.00D+00  THRGAPT = -1.00D+00  THRORB  =  1.00D-06  THRMLTP =  0.00D+00
 THRCPQCI=  1.00D-10  KEXTA   =  0.00D+00  THRCOARS=  0.00D+00  SYMTOL  =  1.00D-06  GRADTOL =  1.00D-06  THROVL  =  1.00D-08
 THRORTH =  1.00D-08  GRID    =  1.00D-06  GRIDMAX =  1.00D-03  DTMAX   =  0.00D+00  THROCCDE=  1.00D-01  THROCCDE=  1.00D-01



Geometry recognized as XYZ


 Variable memory set to 1000000000 words,  buffer space   230000 words

 SETTING BASIS          =    USERDEF

 DO I                   =         6.00000000   

 Running procedure=IID1S1


 Recomputing integrals since basis changed


 Using spherical harmonics



 PROGRAM * SEWARD (Integral evaluation for generally contracted gaussian basis sets)     Author: Roland Lindh, 1990

 Geometry written to block  1 of record 700

 Orientation using atomic masses  
 Molecule type: Atom
 Symmetry elements: X,Y,Z
 Rotational constants:       0.0000000      0.0000000      0.0000000 GHz  (calculated with average atomic masses)

 Point group  D2h 



 ATOMIC COORDINATES

 NR  ATOM    CHARGE       X              Y              Z

   1  LU     25.00    0.000000000    0.000000000    0.000000000

 NUCLEAR CHARGE:                   25
 NUMBER OF PRIMITIVE AOS:         581
 NUMBER OF SYMMETRY AOS:          442
 NUMBER OF CONTRACTIONS:          442   ( 103Ag  +  70B3u +  70B2u +  36B1g +  70B1u +  36B2g +  36B3g +  21Au  )
 NUMBER OF CORE ORBITALS:           0   (   0Ag  +   0B3u +   0B2u +   0B1g +   0B1u +   0B2g +   0B3g +   0Au  )
 NUMBER OF VALENCE ORBITALS:       17   (   4Ag  +   3B3u +   3B2u +   1B1g +   3B1u +   1B2g +   1B3g +   1Au  )


 NUCLEAR REPULSION ENERGY    0.00000000

 EXTRA SYMMETRY OF AOS IN SYMMETRY 1:   1 1 1 1 1 1 1 1 1 1   1 1 1 1 1 1 1 1 1 1   1 1 1 1 1 1 1 1 1 1   1 1 1 1 1 1 1 1 2 3
                                        2 3 2 3 2 3 2 3 2 3   2 3 2 3 2 3 2 3 2 3   2 3 2 3 2 3 2 3 2 3   2 3 2 3 2 3 2 3 2 3
                                        2 3 4 5 6 4 5 6 4 5   6 4 5 6 4 5 6 4 5 6   4 5 6
 EXTRA SYMMETRY OF AOS IN SYMMETRY 2:   1 1 1 1 1 1 1 1 1 1   1 1 1 1 1 1 1 1 1 1   1 1 1 1 1 1 1 1 1 1   1 2 3 2 3 2 3 2 3 2
                                        3 2 3 2 3 2 3 2 3 2   3 2 3 2 3 2 3 2 3 2   3 4 5 6 4 5 6 4 5 6
 EXTRA SYMMETRY OF AOS IN SYMMETRY 3:   1 1 1 1 1 1 1 1 1 1   1 1 1 1 1 1 1 1 1 1   1 1 1 1 1 1 1 1 1 1   1 2 3 2 3 2 3 2 3 2
                                        3 2 3 2 3 2 3 2 3 2   3 2 3 2 3 2 3 2 3 2   3 4 5 6 4 5 6 4 5 6
 EXTRA SYMMETRY OF AOS IN SYMMETRY 4:   1 1 1 1 1 1 1 1 1 1   1 1 1 1 1 1 1 1 1 1   1 1 2 3 2 3 2 3 2 3   2 3 2 3 2 3
 EXTRA SYMMETRY OF AOS IN SYMMETRY 5:   1 1 1 1 1 1 1 1 1 1   1 1 1 1 1 1 1 1 1 1   1 1 1 1 1 1 1 1 1 1   1 2 3 2 3 2 3 2 3 2
                                        3 2 3 2 3 2 3 2 3 2   3 2 3 2 3 2 3 2 3 2   3 4 5 6 4 5 6 4 5 6
 EXTRA SYMMETRY OF AOS IN SYMMETRY 6:   1 1 1 1 1 1 1 1 1 1   1 1 1 1 1 1 1 1 1 1   1 1 2 3 2 3 2 3 2 3   2 3 2 3 2 3
 EXTRA SYMMETRY OF AOS IN SYMMETRY 7:   1 1 1 1 1 1 1 1 1 1   1 1 1 1 1 1 1 1 1 1   1 1 2 3 2 3 2 3 2 3   2 3 2 3 2 3
 EXTRA SYMMETRY OF AOS IN SYMMETRY 8:   1 1 1 1 1 1 1 1 1 1   1 1 1 1 1 2 3 2 3 2   3

 Eigenvalues of metric

         1 0.333E-06 0.964E-06 0.340E-05 0.186E-04 0.475E-04 0.703E-04 0.799E-04 0.799E-04
         2 0.960E-06 0.179E-05 0.251E-04 0.110E-03 0.525E-03 0.525E-03 0.534E-03 0.156E-02
         3 0.960E-06 0.179E-05 0.251E-04 0.110E-03 0.525E-03 0.525E-03 0.534E-03 0.156E-02
         4 0.799E-04 0.144E-03 0.223E-02 0.632E-02 0.897E-02 0.238E-01 0.240E-01 0.240E-01
         5 0.960E-06 0.179E-05 0.251E-04 0.110E-03 0.525E-03 0.525E-03 0.534E-03 0.156E-02
         6 0.799E-04 0.144E-03 0.223E-02 0.632E-02 0.897E-02 0.238E-01 0.240E-01 0.240E-01
         7 0.799E-04 0.144E-03 0.223E-02 0.632E-02 0.897E-02 0.238E-01 0.240E-01 0.240E-01
         8 0.525E-03 0.142E-01 0.219E-01 0.528E-01 0.103E+00 0.167E+00 0.268E+00 0.268E+00


 Contracted 2-electron integrals neglected if value below      1.0D-15
 AO integral compression algorithm  1   Integral accuracy      1.0D-15

     3531.604 MB (compressed) written to integral file ( 42.0%)

     Node minimum: 149.946 MB, node maximum: 418.906 MB


 NUMBER OF SORTED TWO-ELECTRON INTEGRALS:   55754337.     BUFFER LENGTH:  32768
 NUMBER OF SEGMENTS:   2  SEGMENT LENGTH:   31983219      RECORD LENGTH: 524288

 Memory used in sort:      32.54 MW

 SORT1 READ  1050599776. AND WROTE    32342641. INTEGRALS IN     94 RECORDS. CPU TIME:    29.22 SEC, REAL TIME:    33.92 SEC
 SORT2 READ   352987961. AND WROTE   613618504. INTEGRALS IN  17578 RECORDS. CPU TIME:     2.43 SEC, REAL TIME:     6.04 SEC

 Node minimum:    55639389.  Node maximum:    55868715. integrals

 OPERATOR DM      FOR CENTER  0  COORDINATES:    0.000000    0.000000    0.000000


 **********************************************************************************************************************************
 DATASETS  * FILE   NREC   LENGTH (MB)   RECORD NAMES
              1      19       21.26       500      610      700      900      950      970     1000      129      960     1100   
                                          VAR    BASINP    GEOM    SYMINP    ZMAT    AOBASIS   BASIS     P2S    ABASIS      S 
                                         1400     1410     1420     1200     1210     1080     1600     1650     1700   
                                           T        V       ECP      H0       H01     AOSYM     SMH    MOLCAS    OPER   

 PROGRAMS   *        TOTAL       INT
 CPU TIMES  *       161.87    161.42
 REAL TIME  *       173.16 SEC
 DISK USED  *         7.81 GB      
 GA USED    *         0.00 MB       (max)       0.00 MB       (current)
 **********************************************************************************************************************************


 PROGRAM * RHF-SCF (OPEN SHELL)       Authors: W. Meyer, H.-J. Werner


 NUMBER OF ELECTRONS:      13+   11-    SPACE SYMMETRY=1    SPIN SYMMETRY: Triplet 
 CONVERGENCE THRESHOLDS:    1.00E-05 (Density)    1.00E-07 (Energy)
 MAX. NUMBER OF ITERATIONS:       60
 INTERPOLATION TYPE:            DIIS
 INTERPOLATION STEPS:              2 (START)      1 (STEP)
 LEVEL SHIFTS:                 -0.60 (CLOSED) -0.30 (OPEN) 

 Number of closed-shell orbitals:   11 (   1   3   3   0   3   0   0   1 )
 Number of open-shell orbitals:      2 (   2   0   0   0   0   0   0   0 )


 
 Extra symmetries of mos in symmetry 1:   1   1   3   2
 Guess basis ATOMIC-GUESS,LU=ECP46_GUESS not found. No density guess!


 Molecular orbital dump at record        4202.2

 ITERATION    DDIFF          GRAD             ENERGY        2-EL.EN.            DIPOLE MOMENTS         DIIS   ORB.
    1      0.000D+00      0.000D+00      -143.26420456    474.021893    0.00000    0.00000    0.00000    0    start
    2      0.000D+00      0.315D+00      -115.84136634     70.801552    0.00000    0.00000    0.00000    0    diag,B
    3      0.610D+00      0.179D+00      -152.25683180    453.656591    0.00000    0.00000    0.00000    1    diag,B
    4      0.365D+00      0.279D+00      -170.46918514    401.543564    0.00000    0.00000    0.00000    2    diag,B
    5      0.271D+00      0.157D+00      -178.56062681    360.204412    0.00000    0.00000    0.00000    3    diag,B
    6      0.161D+00      0.757D-01      -181.48625594    320.477482    0.00000    0.00000    0.00000    4    diag,B
    7      0.711D-01      0.931D-02      -181.60704939    309.709826    0.00000    0.00000    0.00000    5    fixocc
    8      0.195D-01      0.778D-02      -181.63091311    310.085267    0.00000    0.00000    0.00000    6    diag,B
    9      0.100D-01      0.397D-02      -181.64280428    311.003836    0.00000    0.00000    0.00000    7    diag,B
   10      0.407D-02      0.873D-03      -181.64209136    310.984524    0.00000    0.00000    0.00000    8    orth
   11      0.108D-03      0.842D-03      -181.63814951    311.241950    0.00000    0.00000    0.00000    9    diag,B
   12      0.292D-02      0.198D-03      -181.63819195    311.117784    0.00000    0.00000    0.00000    9    diag,B
   13      0.863D-03      0.952D-04      -181.63821653    311.070242    0.00000    0.00000    0.00000    9    diag,B
   14      0.480D-03      0.457D-04      -181.63823421    311.060984    0.00000    0.00000    0.00000    9    diag,B
   15      0.180D-03      0.337D-04      -181.63825271    311.059516    0.00000    0.00000    0.00000    9    diag,B
   16      0.387D-03      0.206D-04      -181.63826252    311.058163    0.00000    0.00000    0.00000    9    diag,B
   17      0.190D-03      0.100D-04      -181.63826415    311.058330    0.00000    0.00000    0.00000    9    diag,B
   18      0.152D-03      0.747D-05      -181.63826505    311.058543    0.00000    0.00000    0.00000    9    diag,B
   19      0.209D-04      0.708D-05      -181.63826597    311.058195    0.00000    0.00000    0.00000    9    diag,B
   20      0.434D-04      0.699D-05      -181.63826780    311.058179    0.00000    0.00000    0.00000    9    orth
   21      0.166D-04      0.696D-05      -181.63826844    311.058139    0.00000    0.00000    0.00000    9    diag,B
   22      0.936D-05      0.703D-05      -181.63826850    311.058108    0.00000    0.00000    0.00000    9    diag,B
   23      0.227D-05      0.694D-05      -181.63826898    311.058121    0.00000    0.00000    0.00000    0    orth

 Final alpha occupancy:   3   3   3   0   3   0   0   1
 Final beta  occupancy:   1   3   3   0   3   0   0   1

 !RHF STATE 1.1 Energy               -181.638268976425
 Nuclear energy                         0.00000000
 One-electron energy                 -337.16732971
 Two-electron energy                  155.52906073
 Virial quotient                       -1.85025397
 !RHF STATE 1.1 Dipole moment           0.00000000     0.00000000     0.00000000
 Dipole moment /Debye                   0.00000000     0.00000000     0.00000000

 ELECTRON ORBITALS
 =================


   Orb  Occ    Energy  Couls-En    Coefficients

                                   1 1s      1 1s      1 1s      1 1s      1 1s      1 1s      1 1s      1 1s      1 1s      1 1s   
                                   1 1s      1 1s      1 1s      1 1s      1 1s      1 1s      1 1s      1 1s      1 1s      1 1s   
                                   1 1s      1 1s      1 1s      1 1s      1 1s      1 1s      1 1s      1 1s      1 1s      1 1s   
                                   1 1s      1 1s      1 1s      1 1s      1 1s      1 1s      1 1s      1 1s      1 3d0     1 3d2+ 
                                   1 3d0     1 3d2+    1 3d0     1 3d2+    1 3d0     1 3d2+    1 3d0     1 3d2+    1 3d0     1 3d2+ 
                                   1 3d0     1 3d2+    1 3d0     1 3d2+    1 3d0     1 3d2+    1 3d0     1 3d2+    1 3d0     1 3d2+ 
                                   1 3d0     1 3d2+    1 3d0     1 3d2+    1 3d0     1 3d2+    1 3d0     1 3d2+    1 3d0     1 3d2+ 
                                   1 3d0     1 3d2+    1 3d0     1 3d2+    1 3d0     1 3d2+    1 3d0     1 3d2+    1 3d0     1 3d2+ 
                                   1 3d0     1 3d2+    1 5g0     1 5g4+    1 5g2+    1 5g0     1 5g4+    1 5g2+    1 5g0     1 5g4+ 
                                   1 5g2+    1 5g0     1 5g4+    1 5g2+    1 5g0     1 5g4+    1 5g2+    1 5g0     1 5g4+    1 5g2+ 
                                   1 5g0     1 5g4+    1 5g2+ 

   1.1   2    -3.0188  -19.4243 -0.000000  0.000000 -0.000000  0.000000 -0.000000  0.000000 -0.000000  0.000000 -0.000000  0.000000
                                -0.000000  0.000001 -0.000002  0.000009 -0.000064 -0.000291  0.000321 -0.000814  0.002853  0.000237
                                -0.015540  0.168471 -0.256488  0.069859  0.456084 -0.884592 -0.385366  1.150148  0.405581  0.087227
                                -0.065742  0.096798 -0.146229  0.109733 -0.043348  0.016743 -0.004331  0.000773  0.000000  0.000000
                                -0.000000 -0.000000  0.000000  0.000000 -0.000000 -0.000000  0.000000  0.000000 -0.000000 -0.000001
                                 0.000001  0.000002 -0.000003 -0.000006  0.000022  0.000022 -0.000068 -0.000044  0.000067  0.000040
                                 0.000099 -0.000171 -0.001619  0.001784  0.006588 -0.006973  0.002592 -0.004742 -0.000721 -0.000118
                                 0.003013 -0.002361 -0.004338  0.003515  0.002184 -0.001826 -0.000442  0.000384  0.000161 -0.000142
                                -0.000043  0.000038  0.000003  0.000008 -0.000004 -0.000016 -0.000057  0.000024  0.000091  0.000278
                                -0.000128  0.000704  0.002532 -0.001058 -0.000625 -0.002230  0.000937  0.000246  0.000875 -0.000368
                                -0.000080 -0.000286  0.000120

   2.1   +    -0.4462   -7.9105  0.000000 -0.000000  0.000000 -0.000000  0.000000 -0.000000  0.000000 -0.000000  0.000000 -0.000001
                                 0.000002 -0.000005  0.000015 -0.000050  0.000276  0.000873 -0.000583  0.000756 -0.000970 -0.000840
                                -0.000389  0.034359 -0.059578  0.004244  0.208084 -0.415854 -0.122183  0.608555  0.378376  0.118463
                                -0.667760 -0.676249  0.065925 -0.101438  0.020677 -0.005865  0.001167 -0.000176 -0.000000  0.000000
                                 0.000000 -0.000000 -0.000000  0.000000  0.000000 -0.000000 -0.000001  0.000001  0.000005 -0.000003
                                -0.000014  0.000009  0.000043 -0.000027 -0.000205  0.000132  0.000490 -0.000314 -0.000446  0.000285
                                 0.000351 -0.000215 -0.001528  0.000890  0.005858 -0.003462  0.003326 -0.001563 -0.013250  0.009222
                                 0.004930 -0.003405 -0.015304  0.010450  0.008039 -0.005479 -0.001919  0.001304  0.000740 -0.000503
                                -0.000205  0.000139 -0.000007 -0.000028  0.000011  0.000019  0.000075 -0.000030 -0.000253 -0.001020
                                 0.000400 -0.002026 -0.007622  0.003087  0.001657  0.006492 -0.002581 -0.000884 -0.003302  0.001341
                                 0.000307  0.001184 -0.000474

   3.1   +    -0.9643  -13.3422 -0.000000  0.000000 -0.000000  0.000000 -0.000000  0.000000 -0.000000  0.000000 -0.000000  0.000000
                                -0.000000  0.000000 -0.000000  0.000001 -0.000004 -0.000013  0.000010 -0.000019  0.000048  0.000012
                                -0.000205  0.001914 -0.002846  0.000945  0.003801 -0.007148 -0.004791  0.009174  0.004360  0.003787
                                 0.000282  0.001661 -0.002188  0.001585 -0.000604  0.000229 -0.000058  0.000010  0.000000 -0.000000
                                -0.000000  0.000001  0.000001 -0.000004 -0.000005  0.000018  0.000020 -0.000062 -0.000062  0.000197
                                 0.000183 -0.000587 -0.000574  0.001838  0.002801 -0.008964 -0.006835  0.021872  0.006487 -0.020760
                                -0.007066  0.022637  0.040946 -0.131338 -0.145160  0.465716 -0.175707  0.563951 -0.035257  0.113683
                                -0.019828  0.062965  0.035349 -0.112425 -0.021128  0.067286  0.005116 -0.016312 -0.002000  0.006378
                                 0.000554 -0.001768  0.000006  0.000012 -0.000011 -0.000021 -0.000038  0.000038  0.000290  0.000535
                                -0.000526  0.000937  0.001749 -0.001697 -0.000846 -0.001585  0.001531  0.000372  0.000697 -0.000674
                                -0.000131 -0.000246  0.000238

   4.1   0    -0.5259  -12.5619  0.000000 -0.000000  0.000000 -0.000000  0.000000 -0.000000  0.000000 -0.000000  0.000000 -0.000000
                                 0.000000 -0.000000  0.000000 -0.000001  0.000003  0.000011 -0.000008  0.000013 -0.000028 -0.000010
                                 0.000093 -0.000703  0.001003 -0.000445 -0.000555  0.000985  0.001709 -0.001127 -0.001574 -0.002531
                                -0.000062 -0.000940  0.001383 -0.000942  0.000356 -0.000133  0.000034 -0.000006 -0.000000 -0.000000
                                 0.000001  0.000000 -0.000004 -0.000001  0.000015  0.000005 -0.000054 -0.000017  0.000169  0.000053
                                -0.000505 -0.000157  0.001584  0.000492 -0.007756 -0.002410  0.019029  0.005914 -0.018224 -0.005664
                                 0.020696  0.006438 -0.121174 -0.037726  0.420359  0.130891  0.549319  0.171124  0.187296  0.058493
                                 0.022412  0.006830 -0.031631 -0.009593  0.026236  0.008037 -0.008011 -0.002466  0.003425  0.001056
                                -0.000994 -0.000306  0.000045 -0.000067 -0.000024 -0.000140  0.000212  0.000076  0.001860 -0.002831
                                -0.001007  0.009597 -0.013191 -0.004913 -0.008174  0.011628  0.004267  0.004058 -0.005621 -0.002086
                                -0.001448  0.002036  0.000751

   5.1   0    -0.0765   -2.8638  0.000000 -0.000000  0.000000 -0.000000  0.000000 -0.000000  0.000000 -0.000000  0.000000 -0.000000
                                 0.000001 -0.000002  0.000005 -0.000015  0.000082  0.000259 -0.000173  0.000226 -0.000294 -0.000249
                                -0.000081  0.009840 -0.017157  0.001156  0.060928 -0.122398 -0.035490  0.181108  0.122988  0.060522
                                -0.233389 -0.445407 -0.240699 -0.089805  0.513137  0.769400  0.131910 -0.004318 -0.000000  0.000000
                                 0.000000 -0.000000 -0.000000  0.000000  0.000000 -0.000000 -0.000000  0.000000  0.000001 -0.000001
                                -0.000004  0.000003  0.000013 -0.000009 -0.000062  0.000043  0.000147 -0.000102 -0.000133  0.000092
                                 0.000090 -0.000063 -0.000293  0.000208  0.001160 -0.000813 -0.000095  0.000003 -0.004806  0.003199
                                 0.005689 -0.003759 -0.009400  0.006274  0.010979 -0.007285  0.006850 -0.004539  0.003309 -0.002204
                                -0.000094  0.000063 -0.000002 -0.000007  0.000003  0.000006  0.000021 -0.000009 -0.000070 -0.000270
                                 0.000108 -0.000530 -0.001905  0.000790  0.000444  0.001625 -0.000667 -0.000331 -0.001233  0.000502
                                 0.000029 -0.000060 -0.000008

                                   1 2px     1 2px     1 2px     1 2px     1 2px     1 2px     1 2px     1 2px     1 2px     1 2px  
                                   1 2px     1 2px     1 2px     1 2px     1 2px     1 2px     1 2px     1 2px     1 2px     1 2px  
                                   1 2px     1 2px     1 2px     1 2px     1 2px     1 2px     1 2px     1 2px     1 2px     1 2px  
                                   1 2px     1 4f1+    1 4f3+    1 4f1+    1 4f3+    1 4f1+    1 4f3+    1 4f1+    1 4f3+    1 4f1+ 
                                   1 4f3+    1 4f1+    1 4f3+    1 4f1+    1 4f3+    1 4f1+    1 4f3+    1 4f1+    1 4f3+    1 4f1+ 
                                   1 4f3+    1 4f1+    1 4f3+    1 4f1+    1 4f3+    1 4f1+    1 4f3+    1 4f1+    1 4f3+    1 4f1+ 
                                   1 4f3+    1 6h1+    1 6h3+    1 6h5+    1 6h1+    1 6h3+    1 6h5+    1 6h1+    1 6h3+    1 6h5+ 


   1.2   2    -2.0384  -16.9577  0.000000 -0.000000  0.000000 -0.000000  0.000000 -0.000000  0.000001 -0.000003  0.000011 -0.000035
                                 0.000104 -0.000289  0.000799 -0.002429  0.008969 -0.074351  0.180635 -0.343965  0.610688 -0.604025
                                -0.062629  0.759213 -0.039769  0.451863 -0.018005  0.041644 -0.000000  0.018322 -0.000660  0.000315
                                -0.000074  0.000000 -0.000000 -0.000001  0.000000  0.000005 -0.000000 -0.000022 -0.000000  0.000195
                                 0.000019 -0.000357 -0.000012  0.000473  0.000390  0.000058  0.000960  0.000939  0.001478  0.001453
                                 0.003863 -0.001426  0.004213 -0.000119  0.000122 -0.000032  0.000165  0.000030 -0.000108 -0.000012
                                 0.000038 -0.000002  0.000004 -0.000008 -0.000185  0.000245 -0.000523  0.000004  0.000000  0.000009

   2.2   2    -0.4618  -14.3647 -0.000000  0.000000 -0.000000  0.000000 -0.000000  0.000000 -0.000000  0.000000 -0.000000  0.000001
                                -0.000003  0.000007 -0.000019  0.000059 -0.000219  0.001836 -0.004470  0.008424 -0.015204  0.016292
                                -0.002602 -0.018742 -0.001369 -0.005647 -0.071493  0.018187  0.017429  0.071838 -0.001739  0.000749
                                -0.000167 -0.000009  0.000009  0.000064 -0.000060 -0.000312  0.000294  0.001512 -0.001427 -0.015590
                                 0.014703  0.024844 -0.023442 -0.086856  0.081778 -0.140286  0.131926 -0.238880  0.224704 -0.292781
                                 0.276555 -0.186616  0.177934 -0.077186  0.073955  0.015581 -0.014909 -0.011615  0.011118  0.003731
                                -0.003572 -0.000281  0.000232 -0.000190 -0.001433  0.001191 -0.000973 -0.002269  0.001851 -0.001501

   3.2   2    -0.4517  -14.3862  0.000000 -0.000000  0.000000 -0.000000  0.000000 -0.000000  0.000000 -0.000000  0.000000 -0.000000
                                 0.000001 -0.000003  0.000010 -0.000029  0.000109 -0.000913  0.002223 -0.004267  0.007775 -0.008065
                                 0.000168  0.010241 -0.000598  0.005049  0.023975 -0.005339 -0.006161 -0.024167  0.000598 -0.000258
                                 0.000058 -0.000009 -0.000009  0.000061  0.000064 -0.000295 -0.000312  0.001431  0.001513 -0.014771
                                -0.015605  0.023513  0.024854 -0.082597 -0.087102 -0.133727 -0.140837 -0.227368 -0.239544 -0.275890
                                -0.291890 -0.174132 -0.185736 -0.073255 -0.078341  0.014422  0.015409 -0.011157 -0.011913  0.003575
                                 0.003818 -0.000210 -0.000026  0.000134 -0.001053 -0.000122  0.000646 -0.001729 -0.000236  0.001134

   4.2   0    -0.1455   -5.6373  0.000000 -0.000000  0.000000 -0.000000  0.000000 -0.000000  0.000000 -0.000001  0.000002 -0.000007
                                 0.000020 -0.000055  0.000152 -0.000467  0.001744 -0.014693  0.035918 -0.071268  0.139826 -0.152225
                                -0.011505  0.255266 -0.074895  0.217800 -1.570144 -0.125611 -0.537843  1.131386 -0.071130  0.011696
                                -0.002165 -0.000000  0.000000  0.000001 -0.000003 -0.000006  0.000012  0.000028 -0.000059 -0.000276
                                 0.000593  0.000456 -0.000967 -0.001265  0.002958 -0.001779  0.004401 -0.003413  0.008137 -0.002886
                                 0.008457 -0.003679  0.004611 -0.008669  0.006834 -0.002010  0.001329 -0.003630  0.002781  0.000334
                                -0.000280 -0.000001  0.000001  0.000003 -0.000048  0.000068 -0.000136 -0.000051  0.000052 -0.000070

   5.2   0    -0.0542   -2.2817  0.000000 -0.000000  0.000000 -0.000000  0.000000 -0.000000  0.000000 -0.000000  0.000001 -0.000003
                                 0.000008 -0.000023  0.000064 -0.000195  0.000728 -0.006117  0.014934 -0.029344  0.056599 -0.061097
                                -0.003620  0.099439 -0.026759  0.085618 -2.117882 -0.048706 -0.273742  1.819517  0.410117  0.676652
                                 0.084525 -0.000000  0.000000  0.000000 -0.000001 -0.000002  0.000003  0.000007 -0.000016 -0.000069
                                 0.000158  0.000115 -0.000261 -0.000283  0.000755 -0.000361  0.001080 -0.000754  0.002079 -0.000403
                                 0.001911 -0.001095  0.001004 -0.003648  0.002557 -0.000151 -0.000017 -0.001439  0.000901  0.004036
                                -0.002841  0.000000 -0.000000  0.000002 -0.000019  0.000027 -0.000056 -0.000013  0.000011 -0.000011

                                   1 2py     1 2py     1 2py     1 2py     1 2py     1 2py     1 2py     1 2py     1 2py     1 2py  
                                   1 2py     1 2py     1 2py     1 2py     1 2py     1 2py     1 2py     1 2py     1 2py     1 2py  
                                   1 2py     1 2py     1 2py     1 2py     1 2py     1 2py     1 2py     1 2py     1 2py     1 2py  
                                   1 2py     1 4f1-    1 4f3-    1 4f1-    1 4f3-    1 4f1-    1 4f3-    1 4f1-    1 4f3-    1 4f1- 
                                   1 4f3-    1 4f1-    1 4f3-    1 4f1-    1 4f3-    1 4f1-    1 4f3-    1 4f1-    1 4f3-    1 4f1- 
                                   1 4f3-    1 4f1-    1 4f3-    1 4f1-    1 4f3-    1 4f1-    1 4f3-    1 4f1-    1 4f3-    1 4f1- 
                                   1 4f3-    1 6h1-    1 6h3-    1 6h5-    1 6h1-    1 6h3-    1 6h5-    1 6h1-    1 6h3-    1 6h5- 


   1.3   2    -2.0424  -16.9692  0.000000 -0.000000  0.000000 -0.000000  0.000000 -0.000000  0.000001 -0.000003  0.000011 -0.000036
                                 0.000104 -0.000291  0.000803 -0.002440  0.009011 -0.074704  0.181517 -0.345593  0.612931 -0.605536
                                -0.063157  0.760114 -0.035376  0.448136 -0.021873  0.039907  0.000144  0.022162 -0.000748  0.000352
                                -0.000082  0.000000 -0.000000 -0.000001  0.000002  0.000005 -0.000008 -0.000023  0.000037  0.000214
                                -0.000355 -0.000379  0.000616  0.000718 -0.001409  0.000614 -0.001621  0.001829 -0.003922  0.003718
                                -0.008573  0.000916 -0.004334 -0.000056  0.000004  0.000062 -0.000210 -0.000030  0.000122  0.000010
                                -0.000042  0.000000 -0.000000 -0.000006 -0.000028  0.000076 -0.000505  0.000009 -0.000021  0.000042

   2.3   2    -0.4631  -14.3986  0.000000 -0.000000  0.000000 -0.000000  0.000000 -0.000000  0.000000 -0.000000  0.000000 -0.000000
                                 0.000001 -0.000001  0.000004 -0.000012  0.000046 -0.000388  0.000946 -0.001776  0.003217 -0.003506
                                 0.000703  0.004021  0.000409  0.001033  0.018805 -0.004803 -0.004582 -0.018900  0.000459 -0.000198
                                 0.000044  0.000012  0.000005 -0.000082 -0.000033  0.000398  0.000161 -0.001929 -0.000783  0.019901
                                 0.008073 -0.031701 -0.012866  0.111064  0.044962  0.179607  0.072608  0.305769  0.123644  0.373322
                                 0.151741  0.235985  0.097068  0.097159  0.040220 -0.019696 -0.008140  0.014632  0.006049 -0.004699
                                -0.001943  0.000190  0.000005 -0.000043  0.000951  0.000078 -0.000186  0.001585 -0.000060 -0.000407

   3.3   2    -0.4548  -14.3662  0.000000 -0.000000  0.000000 -0.000000  0.000000 -0.000000  0.000000 -0.000000  0.000000 -0.000001
                                 0.000003 -0.000007  0.000020 -0.000061  0.000226 -0.001889  0.004604 -0.008874  0.016209 -0.016677
                                -0.000258  0.021698 -0.001743  0.011572  0.046111 -0.009567 -0.011554 -0.046437  0.001141 -0.000491
                                 0.000109 -0.000005  0.000012  0.000033 -0.000082 -0.000162  0.000397  0.000784 -0.001925 -0.008090
                                 0.019854  0.012882 -0.031632 -0.045194  0.110671 -0.073127  0.178800 -0.124377  0.304224 -0.151380
                                 0.372214 -0.095955  0.238435 -0.040235  0.100372  0.007981 -0.019888 -0.006107  0.015207  0.001958
                                -0.004878 -0.000096  0.000192 -0.000229 -0.000482  0.000967 -0.001206 -0.000788  0.001567 -0.001791

   4.3   0    -0.1499   -5.6936  0.000000 -0.000000  0.000000 -0.000000  0.000000 -0.000000  0.000000 -0.000001  0.000002 -0.000007
                                 0.000019 -0.000053  0.000148 -0.000453  0.001693 -0.014286  0.034952 -0.069832  0.138783 -0.152236
                                -0.012794  0.260964 -0.081095  0.227264 -1.534135 -0.133832 -0.554456  1.109511 -0.061401  0.009708
                                -0.001699  0.000000 -0.000000 -0.000000  0.000002  0.000001 -0.000010 -0.000003  0.000048  0.000038
                                -0.000495 -0.000056  0.000798  0.000297 -0.002665  0.000539 -0.004144  0.000885 -0.007438  0.001589
                                -0.008832 -0.001383 -0.001371 -0.005229  0.003295 -0.001248  0.001114 -0.002133  0.001449  0.000217
                                -0.000118  0.000001 -0.000004  0.000012 -0.000002  0.000005 -0.000110 -0.000010  0.000004 -0.000038

   5.3   0    -0.0548   -2.2955  0.000000 -0.000000  0.000000 -0.000000  0.000000 -0.000000  0.000000 -0.000000  0.000001 -0.000003
                                 0.000008 -0.000022  0.000061 -0.000187  0.000699 -0.005887  0.014382 -0.028431  0.055484 -0.060320
                                -0.004065  0.100339 -0.028738  0.088309 -2.176846 -0.051821 -0.280271  1.893925  0.434275  0.656732
                                 0.077861  0.000000 -0.000000 -0.000000  0.000001  0.000000 -0.000003 -0.000001  0.000013  0.000016
                                -0.000137 -0.000024  0.000222  0.000120 -0.000727  0.000214 -0.001112  0.000356 -0.002041  0.000618
                                -0.002343 -0.000605  0.000197 -0.002337  0.001876 -0.000124  0.000205 -0.000904  0.000814  0.002574
                                -0.002204  0.000000 -0.000001  0.000004 -0.000001  0.000004 -0.000049 -0.000004  0.000002 -0.000004

                                   1 3d2-    1 3d2-    1 3d2-    1 3d2-    1 3d2-    1 3d2-    1 3d2-    1 3d2-    1 3d2-    1 3d2- 
                                   1 3d2-    1 3d2-    1 3d2-    1 3d2-    1 3d2-    1 3d2-    1 3d2-    1 3d2-    1 3d2-    1 3d2- 
                                   1 3d2-    1 3d2-    1 5g2-    1 5g4-    1 5g2-    1 5g4-    1 5g2-    1 5g4-    1 5g2-    1 5g4- 
                                   1 5g2-    1 5g4-    1 5g2-    1 5g4-    1 5g2-    1 5g4- 

   1.4   0    -0.4929  -12.4897 -0.000000  0.000001 -0.000003  0.000015 -0.000052  0.000165 -0.000492  0.001542 -0.007540  0.018483
                                -0.017718  0.020691 -0.124879  0.436484  0.570903  0.205095  0.021044 -0.024250  0.022803 -0.007312
                                 0.003181 -0.000930  0.000026 -0.000009 -0.000078  0.000028  0.001052 -0.000368  0.005639 -0.002538
                                -0.004732  0.001973  0.002401 -0.001066 -0.000853  0.000366

   2.4   0    -0.0550   -2.7166 -0.000000  0.000000 -0.000000  0.000001 -0.000003  0.000011 -0.000032  0.000098 -0.000470  0.001139
                                -0.001098  0.001670 -0.012694  0.047213  0.065199  0.012793 -0.096117  0.057090 -0.230445 -0.436297
                                -0.382840 -0.065324  0.000003 -0.000002 -0.000008  0.000005  0.000111 -0.000061  0.000647 -0.000479
                                -0.001250  0.001157  0.000029  0.000127 -0.002290  0.002445

                                   1 2pz     1 2pz     1 2pz     1 2pz     1 2pz     1 2pz     1 2pz     1 2pz     1 2pz     1 2pz  
                                   1 2pz     1 2pz     1 2pz     1 2pz     1 2pz     1 2pz     1 2pz     1 2pz     1 2pz     1 2pz  
                                   1 2pz     1 2pz     1 2pz     1 2pz     1 2pz     1 2pz     1 2pz     1 2pz     1 2pz     1 2pz  
                                   1 2pz     1 4f0     1 4f2+    1 4f0     1 4f2+    1 4f0     1 4f2+    1 4f0     1 4f2+    1 4f0  
                                   1 4f2+    1 4f0     1 4f2+    1 4f0     1 4f2+    1 4f0     1 4f2+    1 4f0     1 4f2+    1 4f0  
                                   1 4f2+    1 4f0     1 4f2+    1 4f0     1 4f2+    1 4f0     1 4f2+    1 4f0     1 4f2+    1 4f0  
                                   1 4f2+    1 6h2+    1 6h4+    1 6h0     1 6h2+    1 6h4+    1 6h0     1 6h2+    1 6h4+    1 6h0  


   1.5   2    -2.0448  -16.9775  0.000000 -0.000000  0.000000 -0.000000  0.000000 -0.000000  0.000001 -0.000003  0.000011 -0.000036
                                 0.000105 -0.000292  0.000806 -0.002449  0.009043 -0.074978  0.182203 -0.346863  0.614694 -0.606742
                                -0.063572  0.760874 -0.032008  0.445350 -0.024737  0.038583  0.000245  0.025005 -0.000813  0.000380
                                -0.000088  0.000000 -0.000000 -0.000002  0.000001  0.000008 -0.000005 -0.000037  0.000024  0.000347
                                -0.000221 -0.000614  0.000387  0.001191 -0.000818  0.001070 -0.000845  0.003076 -0.002202  0.006313
                                -0.004678  0.001819 -0.001928 -0.000081  0.000027  0.000113 -0.000101 -0.000058  0.000056  0.000019
                                -0.000019  0.000001 -0.000004  0.000000  0.000189 -0.000321 -0.000129 -0.000027  0.000025  0.000024

   2.5   2    -0.4631  -14.3984  0.000000 -0.000000  0.000000 -0.000000  0.000000 -0.000000  0.000000 -0.000000  0.000000 -0.000000
                                 0.000000 -0.000000  0.000001 -0.000004  0.000014 -0.000121  0.000294 -0.000538  0.000973 -0.001131
                                 0.000460  0.001162  0.000358 -0.000067  0.009434 -0.002534 -0.002290 -0.009477  0.000230 -0.000099
                                 0.000022  0.000009  0.000010 -0.000059 -0.000065  0.000289  0.000317 -0.001403 -0.001539  0.014469
                                 0.015869 -0.023046 -0.025284  0.080781  0.088487  0.130671  0.143012  0.222445  0.243492  0.271320
                                 0.297953  0.171135  0.189341  0.070392  0.078184 -0.014272 -0.015836  0.010604  0.011768 -0.003406
                                -0.003780  0.000121 -0.000063  0.000143  0.000641 -0.000267  0.000702  0.000948 -0.000616  0.001211

   3.5   2    -0.4590  -14.3789  0.000000 -0.000000  0.000000 -0.000000  0.000000 -0.000000  0.000000 -0.000000  0.000000 -0.000001
                                 0.000001 -0.000004  0.000012 -0.000035  0.000130 -0.001084  0.002643 -0.005145  0.009408 -0.009436
                                -0.001010  0.012804 -0.001720  0.008003  0.015697 -0.002186 -0.003744 -0.015786  0.000381 -0.000163
                                 0.000036 -0.000010  0.000009  0.000065 -0.000059 -0.000317  0.000289  0.001539 -0.001399 -0.015869
                                 0.014429  0.025279 -0.022993 -0.088548  0.080409 -0.143166  0.129889 -0.243636  0.221084 -0.297559
                                 0.270898 -0.189113  0.173378 -0.078697  0.072374  0.015777 -0.014497 -0.011889  0.010923  0.003816
                                -0.003506  0.000274 -0.000156 -0.000263  0.001406 -0.000832 -0.001338  0.002193 -0.001182 -0.002126

   4.5   0    -0.1533   -5.7346 -0.000000  0.000000 -0.000000  0.000000 -0.000000  0.000000 -0.000000  0.000001 -0.000002  0.000006
                                -0.000019  0.000052 -0.000144  0.000441 -0.001653  0.013965 -0.034191  0.068701 -0.137956  0.152215
                                 0.013882 -0.265466  0.085981 -0.234747  1.496256  0.140264  0.566880 -1.082726  0.054317 -0.008155
                                 0.001342 -0.000000  0.000000  0.000000 -0.000001 -0.000002  0.000004  0.000009 -0.000018 -0.000102
                                 0.000186  0.000157 -0.000298 -0.000680  0.001044 -0.001164  0.001659 -0.001982  0.002941 -0.003129
                                 0.003726  0.001958 -0.000197  0.007906 -0.003491  0.001805 -0.000891  0.003127 -0.001409 -0.000351
                                 0.000150  0.000005 -0.000006 -0.000003 -0.000035  0.000075  0.000021 -0.000025  0.000033  0.000028

   5.5   0    -0.0553   -2.3062  0.000000 -0.000000  0.000000 -0.000000  0.000000 -0.000000  0.000000 -0.000000  0.000001 -0.000003
                                 0.000008 -0.000021  0.000059 -0.000181  0.000678 -0.005711  0.013961 -0.027738  0.054648 -0.059743
                                -0.004432  0.101104 -0.030292  0.090450 -2.219576 -0.054302 -0.285225  1.948813  0.452036  0.641371
                                 0.073097  0.000000 -0.000000 -0.000000  0.000000  0.000001 -0.000001 -0.000003  0.000005  0.000036
                                -0.000053 -0.000057  0.000086  0.000243 -0.000299  0.000414 -0.000471  0.000710 -0.000849  0.001112
                                -0.001064 -0.000915  0.000353 -0.003532  0.001680 -0.000147  0.000094 -0.001284  0.000629  0.003916
                                -0.001930 -0.000002  0.000002  0.000001  0.000016 -0.000032 -0.000009  0.000006 -0.000004 -0.000008

                                   1 3d1+    1 3d1+    1 3d1+    1 3d1+    1 3d1+    1 3d1+    1 3d1+    1 3d1+    1 3d1+    1 3d1+ 
                                   1 3d1+    1 3d1+    1 3d1+    1 3d1+    1 3d1+    1 3d1+    1 3d1+    1 3d1+    1 3d1+    1 3d1+ 
                                   1 3d1+    1 3d1+    1 5g1+    1 5g3+    1 5g1+    1 5g3+    1 5g1+    1 5g3+    1 5g1+    1 5g3+ 
                                   1 5g1+    1 5g3+    1 5g1+    1 5g3+    1 5g1+    1 5g3+ 

   1.6   0    -0.5066  -12.5202 -0.000000  0.000001 -0.000004  0.000015 -0.000054  0.000170 -0.000507  0.001590 -0.007782  0.019084
                                -0.018286  0.021101 -0.125734  0.438092  0.572791  0.201395  0.021950 -0.027879  0.024711 -0.007756
                                 0.003349 -0.000976  0.000024  0.000012 -0.000072 -0.000040  0.000951  0.000544  0.005684  0.001923
                                -0.004614 -0.001886  0.002395  0.000842 -0.000838 -0.000321

   2.6   0    -0.0554   -2.7423 -0.000000  0.000000 -0.000000  0.000001 -0.000004  0.000011 -0.000033  0.000103 -0.000496  0.001201
                                -0.001157  0.001725 -0.012959  0.048123  0.066457  0.011501 -0.101202  0.058992 -0.237225 -0.438566
                                -0.374981 -0.061742  0.000003  0.000000 -0.000009 -0.000001  0.000131  0.000013  0.000885 -0.000138
                                -0.001995  0.000689 -0.000164  0.000279 -0.003976  0.001817

                                   1 3d1-    1 3d1-    1 3d1-    1 3d1-    1 3d1-    1 3d1-    1 3d1-    1 3d1-    1 3d1-    1 3d1- 
                                   1 3d1-    1 3d1-    1 3d1-    1 3d1-    1 3d1-    1 3d1-    1 3d1-    1 3d1-    1 3d1-    1 3d1- 
                                   1 3d1-    1 3d1-    1 5g1-    1 5g3-    1 5g1-    1 5g3-    1 5g1-    1 5g3-    1 5g1-    1 5g3- 
                                   1 5g1-    1 5g3-    1 5g1-    1 5g3-    1 5g1-    1 5g3- 

   1.7   0    -0.5240  -12.5576 -0.000000  0.000001 -0.000004  0.000016 -0.000056  0.000177 -0.000526  0.001651 -0.008087  0.019841
                                -0.019003  0.021616 -0.126786  0.440015  0.575107  0.196789  0.023199 -0.032414  0.027103 -0.008306
                                 0.003556 -0.001032  0.000035 -0.000070 -0.000110  0.000219  0.001459 -0.002923  0.007534 -0.013980
                                -0.006413  0.012215  0.003187 -0.005947 -0.001137  0.002147

   2.7   0    -0.0560   -2.7762 -0.000000  0.000000 -0.000000  0.000001 -0.000004  0.000012 -0.000035  0.000110 -0.000530  0.001286
                                -0.001237  0.001801 -0.013320  0.049365  0.068173  0.009768 -0.107942  0.061483 -0.246049 -0.441201
                                -0.364644 -0.057271  0.000003 -0.000005 -0.000011  0.000016  0.000151 -0.000239  0.000808 -0.001012
                                -0.001520  0.001325  0.000040 -0.000461 -0.002613  0.001492

                                   1 4f2-    1 4f2-    1 4f2-    1 4f2-    1 4f2-    1 4f2-    1 4f2-    1 4f2-    1 4f2-    1 4f2- 
                                   1 4f2-    1 4f2-    1 4f2-    1 4f2-    1 4f2-    1 6h4-    1 6h2-    1 6h4-    1 6h2-    1 6h4- 
                                   1 6h2- 

   1.8   2    -0.4514  -14.3902  0.000013 -0.000088  0.000430 -0.002083  0.021495 -0.034223  0.120119  0.194382  0.330540  0.401658
                                 0.254206  0.107044 -0.021056  0.016296 -0.005222 -0.000153  0.000222 -0.000757  0.001102 -0.001254
                                 0.001835

   2.8   0    -0.0223   -2.1642  0.000000 -0.000002  0.000012 -0.000051  0.000296 -0.000705 -0.002061 -0.006941 -0.007422 -0.015426
                                 0.006866 -0.061700  0.208363 -0.305179  1.161625  0.000003 -0.000004  0.000030 -0.000044 -0.000006
                                 0.000008

   3.8   0     0.0432   -2.7733 -0.000003  0.000021 -0.000102  0.000480 -0.004335  0.007529 -0.014139 -0.012923 -0.034137 -0.018566
                                -0.049193  0.241179 -0.554697  2.018314 -1.304893  0.000008 -0.000012  0.000092 -0.000135 -0.000034
                                 0.000049

 HOMO      1.8    -0.451442 =     -12.2844eV
 LUMO      4.1    -0.525907 =     -14.3107eV
 LUMO-HOMO        -0.074466 =      -2.0263eV


 **********************************************************************************************************************************
 DATASETS  * FILE   NREC   LENGTH (MB)   RECORD NAMES
              1      19       21.31       500      610      700      900      950      970     1000      129      960     1100   
                                          VAR    BASINP    GEOM    SYMINP    ZMAT    AOBASIS   BASIS     P2S    ABASIS      S 
                                         1400     1410     1420     1200     1210     1080     1600     1650     1700   
                                           T        V       ECP      H0       H01     AOSYM     SMH    MOLCAS    OPER   

              2       5        6.25       200      700     1000      520     4202   
                                        OPTIONS   GEOM     BASIS   MCVARS     RHF  

 PROGRAMS   *        TOTAL       RHF       INT
 CPU TIMES  *       165.78      3.91    161.42
 REAL TIME  *       177.96 SEC
 DISK USED  *         8.16 GB      
 SF USED    *         0.12 MB      
 GA USED    *         0.00 MB       (max)       0.00 MB       (current)
 **********************************************************************************************************************************


 PROGRAM * POP (Mulliken population analysis)

 
 Density matrix read from record         4202.2  Type=RHF/CHARGE (state 1.1)
 
 Population analysis by basis function type

 Unique atom        s        p        d        f        g    Total    Charge
   1  LU      2.99949  6.00271  1.00049 13.99709  0.00002 24.00000  + 1.00000


 **********************************************************************************************************************************
 DATASETS  * FILE   NREC   LENGTH (MB)   RECORD NAMES
              1      19       21.31       500      610      700      900      950      970     1000      129      960     1100   
                                          VAR    BASINP    GEOM    SYMINP    ZMAT    AOBASIS   BASIS     P2S    ABASIS      S 
                                         1400     1410     1420     1200     1210     1080     1600     1650     1700   
                                           T        V       ECP      H0       H01     AOSYM     SMH    MOLCAS    OPER   

              2       5        6.25       200      700     1000      520     4202   
                                        OPTIONS   GEOM     BASIS   MCVARS     RHF  

 PROGRAMS   *        TOTAL       POP       RHF       INT
 CPU TIMES  *       165.79      0.01      3.91    161.42
 REAL TIME  *       177.98 SEC
 DISK USED  *         8.16 GB      
 SF USED    *         0.12 MB      
 GA USED    *         0.00 MB       (max)       0.00 MB       (current)
 **********************************************************************************************************************************


 PROGRAM * MULTI (Direct Multiconfiguration SCF)       Authors: P.J. Knowles, H.-J. Werner (1984)     S.T. Elbert (1988)


 Number of closed-shell orbitals:  11 (   1   3   3   0   3   0   0   1 )
 Number of active  orbitals:        6 (   3   0   0   1   0   1   1   0 )
 Number of external orbitals:     425 (  99  67  67  35  67  35  35  20 )

 State symmetry 1

 Orbital occupancy restrictions for symmetry 1
  1      1       200000                          

 Number of electrons:     2    Spin symmetry=Triplet   Space symmetry=1
 Number of states:        2
 Number of CSFs:          2

 State symmetry 2

 Orbital occupancy restrictions for symmetry 4
  1      1       200000                          

 Number of electrons:     2    Spin symmetry=Triplet   Space symmetry=4
 Number of states:        1
 Number of CSFs:          1

 State symmetry 3

 Orbital occupancy restrictions for symmetry 6
  1      1       200000                          

 Number of electrons:     2    Spin symmetry=Triplet   Space symmetry=6
 Number of states:        1
 Number of CSFs:          1

 State symmetry 4

 Orbital occupancy restrictions for symmetry 7
  1      1       200000                          

 Number of electrons:     2    Spin symmetry=Triplet   Space symmetry=7
 Number of states:        1
 Number of CSFs:          1
 
 Maximum number of shells:             1
 Maximum number of spin couplings:     1

 Storage for configuration lists      27, coupling coefficients      2, address lists    158

 Molecular orbitals read from record     4202.2  Type=RHF/CANONICAL (state 1.1)
 *** IN SYMMETRY 1 ORBITAL  1 SYMMETRY CONTAMINATION OF 0.124D-01 HAS BEEN REMOVED
 *** IN SYMMETRY 1 ORBITAL  2 SYMMETRY CONTAMINATION OF 0.350D-01 HAS BEEN REMOVED
 *** IN SYMMETRY 1 ORBITAL  3 SYMMETRY CONTAMINATION OF 0.258D+00 HAS BEEN REMOVED
 *** IN SYMMETRY 1 ORBITAL  4 SYMMETRY CONTAMINATION OF 0.272D+00 HAS BEEN REMOVED

 EXTRA SYMMETRY OF MOS IN SYMMETRY 1:   1 1 3 2 1 2 3 1 2 3   1 2 3 1 3 2 1 4 6 5   3 2 1 2 3 6 2 5 1 3   4 4 6 5 1 4 6 5 2 3
                                        1 4 6 5 1 2 3 4 6 5   1 2 3 2 3 1 4 6 5 2   3 1 2 3 1 1 2 3 1 2   3 1 1 2 3 1 2 3 1 1
                                        2 3 1 2 3 1 1 2 3 1   1 2 3 1 1 1 1 1 1 1   1 1 1
 *** IN SYMMETRY 2 ORBITAL  1 SYMMETRY CONTAMINATION OF 0.540D-02 HAS BEEN REMOVED
 *** IN SYMMETRY 2 ORBITAL  2 SYMMETRY CONTAMINATION OF 0.543D+00 HAS BEEN REMOVED
 *** IN SYMMETRY 2 ORBITAL  3 SYMMETRY CONTAMINATION OF 0.510D+00 HAS BEEN REMOVED
 EXTRA SYMMETRY OF MOS IN SYMMETRY 2:   1 2 3 1 1 1 2 3 1 1   2 3 1 2 3 2 3 1 2 3   1 4 5 6 2 3 1 4 5 6   1 2 3 1 4 5 6 2 3 1
                                        2 3 1 1 2 3 1 2 3 1   1 2 3 1 2 3 1 1 2 3   1 1 1 1 1 1 1 1 1 1
 *** IN SYMMETRY 3 ORBITAL  1 SYMMETRY CONTAMINATION OF 0.937D-02 HAS BEEN REMOVED
 *** IN SYMMETRY 3 ORBITAL  2 SYMMETRY CONTAMINATION OF 0.313D+00 HAS BEEN REMOVED
 *** IN SYMMETRY 3 ORBITAL  3 SYMMETRY CONTAMINATION OF 0.357D+00 HAS BEEN REMOVED
 EXTRA SYMMETRY OF MOS IN SYMMETRY 3:   1 2 3 1 1 1 2 3 1 1   2 3 1 2 3 2 3 1 2 3   1 4 5 6 2 3 1 4 5 6   1 2 3 1 4 5 6 2 3 1
                                        2 3 1 1 2 3 1 2 3 1   1 2 3 1 2 3 1 1 2 3   1 1 1 1 1 1 1 1 1 1
 *** IN SYMMETRY 4 ORBITAL  1 SYMMETRY CONTAMINATION OF 0.140D-01 HAS BEEN REMOVED
 EXTRA SYMMETRY OF MOS IN SYMMETRY 4:   1 1 1 1 1 2 3 1 2 1   1 2 2 3 3 3 1 2 3 1   2 3 1 1 2 3 1 1 1 1   1 1 1 1 1 1
 *** IN SYMMETRY 5 ORBITAL  1 SYMMETRY CONTAMINATION OF 0.822D-02 HAS BEEN REMOVED
 *** IN SYMMETRY 5 ORBITAL  2 SYMMETRY CONTAMINATION OF 0.485D+00 HAS BEEN REMOVED
 *** IN SYMMETRY 5 ORBITAL  3 SYMMETRY CONTAMINATION OF 0.500D+00 HAS BEEN REMOVED
 EXTRA SYMMETRY OF MOS IN SYMMETRY 5:   1 3 2 1 1 1 2 3 1 1   2 3 1 2 3 2 3 1 2 3   1 6 4 5 2 3 1 6 4 5   1 2 3 1 6 4 5 2 3 1
                                        2 3 1 1 2 3 1 2 3 1   1 2 3 1 2 3 1 1 2 3   1 1 1 1 1 1 1 1 1 1
 *** IN SYMMETRY 6 ORBITAL  1 SYMMETRY CONTAMINATION OF 0.133D-01 HAS BEEN REMOVED
 EXTRA SYMMETRY OF MOS IN SYMMETRY 6:   1 1 1 1 1 2 3 1 1 3   1 2 2 3 2 3 1 2 3 1   2 3 1 1 2 3 1 1 1 1   1 1 1 1 1 1
 *** IN SYMMETRY 7 ORBITAL  1 SYMMETRY CONTAMINATION OF 0.367D-01 HAS BEEN REMOVED
 EXTRA SYMMETRY OF MOS IN SYMMETRY 7:   1 1 1 1 1 2 3 1 1 3   1 1 2 3 2 3 1 2 3 1   2 3 1 1 2 3 1 1 1 1   1 1 1 1 1 2
 *** IN SYMMETRY 8 ORBITAL  1 SYMMETRY CONTAMINATION OF 0.352D-02 HAS BEEN REMOVED
 EXTRA SYMMETRY OF MOS IN SYMMETRY 8:   1 1 1 1 1 1 3 2 1 3   2 1 3 2 1 1 1 1 1 1   1

 Wavefunction dump at record             5202.2

 Convergence thresholds  0.10E-01 (gradient)  0.10E-05 (energy)  0.10E-02 (step length)

 Weight factors for state symmetry  1:    0.20000   0.20000
 Weight factors for state symmetry  2:    0.20000
 Weight factors for state symmetry  3:    0.20000
 Weight factors for state symmetry  4:    0.20000

 Eigenvalues of redundancy matrix
   1-  3    0.000000    3.000000    4.000000

 Non-redundant active-active orbital rotations:
     1  2  3  4  5
  2  +
  3  +   
  4         
  5            
  6               

 Number of orbital rotations:     1129   (     3 Core/Active    722 Core/Virtual   2 Active/Active    402 Active/Virtual)
 Total number of variables:       1136


 ITER. MIC  NCI  NEG     ENERGY(VAR)     ENERGY(PROJ)   ENERGY CHANGE     GRAD(0)  GRAD(ORB)   GRAD(CI)     STEP       TIME

   1   35   28    0    -181.63098166    -181.63609014   -0.00510848    0.04664697 0.00000000 0.00000000  0.16D+00      1.46
   2   27   32    0    -181.63609002    -181.63609042   -0.00000041    0.00112267 0.00000000 0.00000000  0.76D-03      2.92
   3   29   20    0    -181.63609042    -181.63609042   -0.00000000    0.00000014 0.00000000 0.00000000  0.11D-06      4.16

 ** WVFN ****  CONVERGENCE REACHED, FINAL GRADIENT:  0.48D-10



 Results for state 1.1
 =====================

 !MCSCF STATE 1.1 Energy             -181.636090424818
 Nuclear energy                         0.00000000
 Kinetic energy                        98.17083623
 One electron energy                 -337.17463396
 Two electron energy                  155.53854353
 Virial ratio                           2.85020417

 !MCSCF STATE 1.1 Dipole moment         0.00000000     0.00000000     0.00000000
 Dipole moment /Debye                   0.00000000     0.00000000     0.00000000

 Results for state 2.1
 =====================

 !MCSCF STATE 2.1 Energy             -181.636090424818
 Nuclear energy                         0.00000000
 Kinetic energy                        98.17083623
 One electron energy                 -337.17463396
 Two electron energy                  155.53854353
 Virial ratio                           2.85020417

 !MCSCF STATE 2.1 Dipole moment         0.00000000     0.00000000     0.00000000
 Dipole moment /Debye                   0.00000000     0.00000000     0.00000000



 Results for state 1.4
 =====================

 !MCSCF STATE 1.4 Energy             -181.636090424818
 Nuclear energy                         0.00000000
 Kinetic energy                        98.17083623
 One electron energy                 -337.17463396
 Two electron energy                  155.53854353
 Virial ratio                           2.85020417

 !MCSCF STATE 1.4 Dipole moment         0.00000000     0.00000000     0.00000000
 Dipole moment /Debye                   0.00000000     0.00000000     0.00000000



 Results for state 1.6
 =====================

 !MCSCF STATE 1.6 Energy             -181.636090424818
 Nuclear energy                         0.00000000
 Kinetic energy                        98.17083623
 One electron energy                 -337.17463396
 Two electron energy                  155.53854353
 Virial ratio                           2.85020417

 !MCSCF STATE 1.6 Dipole moment         0.00000000     0.00000000     0.00000000
 Dipole moment /Debye                   0.00000000     0.00000000     0.00000000



 Results for state 1.7
 =====================

 !MCSCF STATE 1.7 Energy             -181.636090424818
 Nuclear energy                         0.00000000
 Kinetic energy                        98.17083623
 One electron energy                 -337.17463396
 Two electron energy                  155.53854353
 Virial ratio                           2.85020417

 !MCSCF STATE 1.7 Dipole moment         0.00000000     0.00000000     0.00000000
 Dipole moment /Debye                   0.00000000     0.00000000     0.00000000

 State-averaged charge density matrix saved on record  5202.2 (density set 1)


 NATURAL ORBITALS (state averaged)
 =================================

   Orb     Occ        Energy       Coefficients

                                   1 1s      1 1s      1 1s      1 1s      1 1s      1 1s      1 1s      1 1s      1 1s      1 1s   
                                   1 1s      1 1s      1 1s      1 1s      1 1s      1 1s      1 1s      1 1s      1 1s      1 1s   
                                   1 1s      1 1s      1 1s      1 1s      1 1s      1 1s      1 1s      1 1s      1 1s      1 1s   
                                   1 1s      1 1s      1 1s      1 1s      1 1s      1 1s      1 1s      1 1s      1 3d0     1 3d2+ 
                                   1 3d0     1 3d2+    1 3d0     1 3d2+    1 3d0     1 3d2+    1 3d0     1 3d2+    1 3d0     1 3d2+ 
                                   1 3d0     1 3d2+    1 3d0     1 3d2+    1 3d0     1 3d2+    1 3d0     1 3d2+    1 3d0     1 3d2+ 
                                   1 3d0     1 3d2+    1 3d0     1 3d2+    1 3d0     1 3d2+    1 3d0     1 3d2+    1 3d0     1 3d2+ 
                                   1 3d0     1 3d2+    1 3d0     1 3d2+    1 3d0     1 3d2+    1 3d0     1 3d2+    1 3d0     1 3d2+ 
                                   1 3d0     1 3d2+    1 5g0     1 5g4+    1 5g2+    1 5g0     1 5g4+    1 5g2+    1 5g0     1 5g4+ 
                                   1 5g2+    1 5g0     1 5g4+    1 5g2+    1 5g0     1 5g4+    1 5g2+    1 5g0     1 5g4+    1 5g2+ 
                                   1 5g0     1 5g4+    1 5g2+ 

   1.1  2.00000    -3.018517    -0.000000  0.000000 -0.000000  0.000000 -0.000000  0.000000 -0.000000  0.000000 -0.000000  0.000000
                                -0.000000  0.000001 -0.000002  0.000009 -0.000063 -0.000290  0.000320 -0.000813  0.002851  0.000236
                                -0.015534  0.168439 -0.256446  0.069827  0.456138 -0.884678 -0.385294  1.150091  0.405571  0.087346
                                -0.065768  0.096903 -0.146346  0.109820 -0.043381  0.016756 -0.004334  0.000773  0.000000  0.000000
                                 0.000000  0.000000  0.000000  0.000000  0.000000  0.000000  0.000000  0.000000  0.000000  0.000000
                                 0.000000  0.000000  0.000000  0.000000  0.000000  0.000000  0.000000  0.000000  0.000000  0.000000
                                 0.000000  0.000000  0.000000  0.000000  0.000000  0.000000  0.000000  0.000000  0.000000  0.000000
                                 0.000000  0.000000  0.000000  0.000000  0.000000  0.000000  0.000000  0.000000  0.000000  0.000000
                                 0.000000  0.000000  0.000000  0.000000  0.000000  0.000000  0.000000  0.000000  0.000000  0.000000
                                 0.000000  0.000000  0.000000  0.000000  0.000000  0.000000  0.000000  0.000000  0.000000  0.000000
                                 0.000000  0.000000  0.000000

   2.1  1.00000    -0.316815     0.000000 -0.000000  0.000000 -0.000000  0.000000 -0.000000  0.000000 -0.000000  0.000000 -0.000001
                                 0.000002 -0.000005  0.000015 -0.000050  0.000276  0.000873 -0.000583  0.000756 -0.000971 -0.000840
                                -0.000386  0.034343 -0.059555  0.004229  0.208093 -0.415855 -0.122149  0.608483  0.378144  0.118670
                                -0.666999 -0.676736  0.065543 -0.101411  0.020633 -0.005851  0.001164 -0.000176  0.000000  0.000000
                                 0.000000  0.000000  0.000000  0.000000  0.000000  0.000000  0.000000  0.000000  0.000000  0.000000
                                 0.000000  0.000000  0.000000  0.000000  0.000000  0.000000  0.000000  0.000000  0.000000  0.000000
                                 0.000000  0.000000  0.000000  0.000000  0.000000  0.000000  0.000000  0.000000  0.000000  0.000000
                                 0.000000  0.000000  0.000000  0.000000  0.000000  0.000000  0.000000  0.000000  0.000000  0.000000
                                 0.000000  0.000000  0.000000  0.000000  0.000000  0.000000  0.000000  0.000000  0.000000  0.000000
                                 0.000000  0.000000  0.000000  0.000000  0.000000  0.000000  0.000000  0.000000  0.000000  0.000000
                                 0.000000  0.000000  0.000000

   3.1  0.20000    -0.531809     0.000000  0.000000  0.000000  0.000000  0.000000  0.000000  0.000000  0.000000  0.000000  0.000000
                                 0.000000  0.000000  0.000000  0.000000  0.000000  0.000000  0.000000  0.000000  0.000000  0.000000
                                 0.000000  0.000000  0.000000  0.000000  0.000000  0.000000  0.000000  0.000000  0.000000  0.000000
                                 0.000000  0.000000  0.000000  0.000000  0.000000  0.000000  0.000000  0.000000 -0.000000  0.000000
                                 0.000001  0.000000 -0.000004  0.000000  0.000018  0.000000 -0.000065  0.000000  0.000205  0.000000
                                -0.000609  0.000000  0.001908  0.000000 -0.009300  0.000000  0.022679  0.000000 -0.021521  0.000000
                                 0.023542  0.000000 -0.137390  0.000000  0.488401  0.000000  0.590497  0.000000  0.118488  0.000000
                                 0.066785  0.000000 -0.119110  0.000000  0.071181  0.000000 -0.017237  0.000000  0.006738  0.000000
                                -0.001867  0.000000  0.000000  0.000000  0.000000  0.000000  0.000000  0.000000  0.000000  0.000000
                                 0.000000  0.000000  0.000000  0.000000  0.000000  0.000000  0.000000  0.000000  0.000000  0.000000
                                 0.000000  0.000000  0.000000

   4.1  0.20000    -0.531809     0.000000  0.000000  0.000000  0.000000  0.000000  0.000000  0.000000  0.000000  0.000000  0.000000
                                 0.000000  0.000000  0.000000  0.000000  0.000000  0.000000  0.000000  0.000000  0.000000  0.000000
                                 0.000000  0.000000  0.000000  0.000000  0.000000  0.000000  0.000000  0.000000  0.000000  0.000000
                                 0.000000  0.000000  0.000000  0.000000  0.000000  0.000000  0.000000  0.000000  0.000000 -0.000000
                                 0.000000  0.000001  0.000000 -0.000004  0.000000  0.000018  0.000000 -0.000065  0.000000  0.000205
                                 0.000000 -0.000609  0.000000  0.001908  0.000000 -0.009300  0.000000  0.022679  0.000000 -0.021521
                                 0.000000  0.023542  0.000000 -0.137390  0.000000  0.488401  0.000000  0.590497  0.000000  0.118488
                                 0.000000  0.066785  0.000000 -0.119110  0.000000  0.071181  0.000000 -0.017237  0.000000  0.006738
                                 0.000000 -0.001867  0.000000  0.000000  0.000000  0.000000  0.000000  0.000000  0.000000  0.000000
                                 0.000000  0.000000  0.000000  0.000000  0.000000  0.000000  0.000000  0.000000  0.000000  0.000000
                                 0.000000  0.000000  0.000000

                                   1 2px     1 2px     1 2px     1 2px     1 2px     1 2px     1 2px     1 2px     1 2px     1 2px  
                                   1 2px     1 2px     1 2px     1 2px     1 2px     1 2px     1 2px     1 2px     1 2px     1 2px  
                                   1 2px     1 2px     1 2px     1 2px     1 2px     1 2px     1 2px     1 2px     1 2px     1 2px  
                                   1 2px     1 4f1+    1 4f3+    1 4f1+    1 4f3+    1 4f1+    1 4f3+    1 4f1+    1 4f3+    1 4f1+ 
                                   1 4f3+    1 4f1+    1 4f3+    1 4f1+    1 4f3+    1 4f1+    1 4f3+    1 4f1+    1 4f3+    1 4f1+ 
                                   1 4f3+    1 4f1+    1 4f3+    1 4f1+    1 4f3+    1 4f1+    1 4f3+    1 4f1+    1 4f3+    1 4f1+ 
                                   1 4f3+    1 6h1+    1 6h3+    1 6h5+    1 6h1+    1 6h3+    1 6h5+    1 6h1+    1 6h3+    1 6h5+ 


   1.2  2.00000    -2.041331     0.000000 -0.000000  0.000000 -0.000000  0.000000 -0.000000  0.000001 -0.000003  0.000011 -0.000036
                                 0.000104 -0.000290  0.000802 -0.002440  0.009008 -0.074681  0.181460 -0.345493  0.612811 -0.605480
                                -0.063111  0.760117 -0.035790  0.448555 -0.021440  0.040070  0.000125  0.021732 -0.000739  0.000348
                                -0.000081  0.000000  0.000000  0.000000  0.000000  0.000000  0.000000  0.000000  0.000000  0.000000
                                 0.000000  0.000000  0.000000  0.000000  0.000000  0.000000  0.000000  0.000000  0.000000  0.000000
                                 0.000000  0.000000  0.000000  0.000000  0.000000  0.000000  0.000000  0.000000  0.000000  0.000000
                                 0.000000  0.000000  0.000000  0.000000  0.000000  0.000000  0.000000  0.000000  0.000000  0.000000

   2.2  2.00000    -0.457648     0.000000  0.000000  0.000000  0.000000  0.000000  0.000000  0.000000  0.000000  0.000000  0.000000
                                 0.000000  0.000000  0.000000  0.000000  0.000000  0.000000  0.000000  0.000000  0.000000  0.000000
                                 0.000000  0.000000  0.000000  0.000000  0.000000  0.000000  0.000000  0.000000  0.000000  0.000000
                                 0.000000  0.000000 -0.000013  0.000000  0.000088  0.000000 -0.000429  0.000000  0.002081  0.000000
                                -0.021466  0.000000  0.034195  0.000000 -0.119754  0.000000 -0.193589  0.000000 -0.329451  0.000000
                                -0.402344  0.000000 -0.255907  0.000000 -0.106779  0.000000  0.021336  0.000000 -0.016147  0.000000
                                 0.005178  0.000000  0.000000  0.000000  0.000000  0.000000  0.000000  0.000000  0.000000  0.000000

   3.2  2.00000    -0.457648     0.000000  0.000000  0.000000  0.000000  0.000000  0.000000  0.000000  0.000000  0.000000  0.000000
                                 0.000000  0.000000  0.000000  0.000000  0.000000  0.000000  0.000000  0.000000  0.000000  0.000000
                                 0.000000  0.000000  0.000000  0.000000  0.000000  0.000000  0.000000  0.000000  0.000000  0.000000
                                 0.000000 -0.000013  0.000000  0.000088  0.000000 -0.000429  0.000000  0.002081  0.000000 -0.021466
                                 0.000000  0.034195  0.000000 -0.119754  0.000000 -0.193589  0.000000 -0.329451  0.000000 -0.402344
                                 0.000000 -0.255907  0.000000 -0.106779  0.000000  0.021336  0.000000 -0.016147  0.000000  0.005178
                                 0.000000  0.000000  0.000000  0.000000  0.000000  0.000000  0.000000  0.000000  0.000000  0.000000

                                   1 2py     1 2py     1 2py     1 2py     1 2py     1 2py     1 2py     1 2py     1 2py     1 2py  
                                   1 2py     1 2py     1 2py     1 2py     1 2py     1 2py     1 2py     1 2py     1 2py     1 2py  
                                   1 2py     1 2py     1 2py     1 2py     1 2py     1 2py     1 2py     1 2py     1 2py     1 2py  
                                   1 2py     1 4f1-    1 4f3-    1 4f1-    1 4f3-    1 4f1-    1 4f3-    1 4f1-    1 4f3-    1 4f1- 
                                   1 4f3-    1 4f1-    1 4f3-    1 4f1-    1 4f3-    1 4f1-    1 4f3-    1 4f1-    1 4f3-    1 4f1- 
                                   1 4f3-    1 4f1-    1 4f3-    1 4f1-    1 4f3-    1 4f1-    1 4f3-    1 4f1-    1 4f3-    1 4f1- 
                                   1 4f3-    1 6h1-    1 6h3-    1 6h5-    1 6h1-    1 6h3-    1 6h5-    1 6h1-    1 6h3-    1 6h5- 


   1.3  2.00000    -2.041331     0.000000 -0.000000  0.000000 -0.000000  0.000000 -0.000000  0.000001 -0.000003  0.000011 -0.000036
                                 0.000104 -0.000290  0.000802 -0.002440  0.009008 -0.074681  0.181460 -0.345493  0.612811 -0.605480
                                -0.063111  0.760117 -0.035790  0.448555 -0.021440  0.040070  0.000125  0.021732 -0.000739  0.000348
                                -0.000081  0.000000  0.000000  0.000000  0.000000  0.000000  0.000000  0.000000  0.000000  0.000000
                                 0.000000  0.000000  0.000000  0.000000  0.000000  0.000000  0.000000  0.000000  0.000000  0.000000
                                 0.000000  0.000000  0.000000  0.000000  0.000000  0.000000  0.000000  0.000000  0.000000  0.000000
                                 0.000000  0.000000  0.000000  0.000000  0.000000  0.000000  0.000000  0.000000  0.000000  0.000000

   2.3  2.00000    -0.457648     0.000000  0.000000  0.000000  0.000000  0.000000  0.000000  0.000000  0.000000  0.000000  0.000000
                                 0.000000  0.000000  0.000000  0.000000  0.000000  0.000000  0.000000  0.000000  0.000000  0.000000
                                 0.000000  0.000000  0.000000  0.000000  0.000000  0.000000  0.000000  0.000000  0.000000  0.000000
                                 0.000000  0.000000  0.000013  0.000000 -0.000088  0.000000  0.000429  0.000000 -0.002081  0.000000
                                 0.021466  0.000000 -0.034195  0.000000  0.119754  0.000000  0.193589  0.000000  0.329451  0.000000
                                 0.402344  0.000000  0.255907  0.000000  0.106779  0.000000 -0.021336  0.000000  0.016147  0.000000
                                -0.005178  0.000000  0.000000  0.000000  0.000000  0.000000  0.000000  0.000000  0.000000  0.000000

   3.3  2.00000    -0.457648     0.000000  0.000000  0.000000  0.000000  0.000000  0.000000  0.000000  0.000000  0.000000  0.000000
                                 0.000000  0.000000  0.000000  0.000000  0.000000  0.000000  0.000000  0.000000  0.000000  0.000000
                                 0.000000  0.000000  0.000000  0.000000  0.000000  0.000000  0.000000  0.000000  0.000000  0.000000
                                 0.000000  0.000013  0.000000 -0.000088  0.000000  0.000429  0.000000 -0.002081  0.000000  0.021466
                                 0.000000 -0.034195  0.000000  0.119754  0.000000  0.193589  0.000000  0.329451  0.000000  0.402344
                                 0.000000  0.255907  0.000000  0.106779  0.000000 -0.021336  0.000000  0.016147  0.000000 -0.005178
                                 0.000000  0.000000  0.000000  0.000000  0.000000  0.000000  0.000000  0.000000  0.000000  0.000000

                                   1 3d2-    1 3d2-    1 3d2-    1 3d2-    1 3d2-    1 3d2-    1 3d2-    1 3d2-    1 3d2-    1 3d2- 
                                   1 3d2-    1 3d2-    1 3d2-    1 3d2-    1 3d2-    1 3d2-    1 3d2-    1 3d2-    1 3d2-    1 3d2- 
                                   1 3d2-    1 3d2-    1 5g2-    1 5g4-    1 5g2-    1 5g4-    1 5g2-    1 5g4-    1 5g2-    1 5g4- 
                                   1 5g2-    1 5g4-    1 5g2-    1 5g4-    1 5g2-    1 5g4- 

   1.4  0.20000    -0.531809    -0.000000  0.000001 -0.000004  0.000018 -0.000065  0.000205 -0.000609  0.001908 -0.009300  0.022679
                                -0.021521  0.023542 -0.137390  0.488401  0.590497  0.118488  0.066785 -0.119110  0.071181 -0.017237
                                 0.006738 -0.001867  0.000000  0.000000  0.000000  0.000000  0.000000  0.000000  0.000000  0.000000
                                 0.000000  0.000000  0.000000  0.000000  0.000000  0.000000

                                   1 2pz     1 2pz     1 2pz     1 2pz     1 2pz     1 2pz     1 2pz     1 2pz     1 2pz     1 2pz  
                                   1 2pz     1 2pz     1 2pz     1 2pz     1 2pz     1 2pz     1 2pz     1 2pz     1 2pz     1 2pz  
                                   1 2pz     1 2pz     1 2pz     1 2pz     1 2pz     1 2pz     1 2pz     1 2pz     1 2pz     1 2pz  
                                   1 2pz     1 4f0     1 4f2+    1 4f0     1 4f2+    1 4f0     1 4f2+    1 4f0     1 4f2+    1 4f0  
                                   1 4f2+    1 4f0     1 4f2+    1 4f0     1 4f2+    1 4f0     1 4f2+    1 4f0     1 4f2+    1 4f0  
                                   1 4f2+    1 4f0     1 4f2+    1 4f0     1 4f2+    1 4f0     1 4f2+    1 4f0     1 4f2+    1 4f0  
                                   1 4f2+    1 6h2+    1 6h4+    1 6h0     1 6h2+    1 6h4+    1 6h0     1 6h2+    1 6h4+    1 6h0  


   1.5  2.00000    -2.041331     0.000000 -0.000000  0.000000 -0.000000  0.000000 -0.000000  0.000001 -0.000003  0.000011 -0.000036
                                 0.000104 -0.000290  0.000802 -0.002440  0.009008 -0.074681  0.181460 -0.345493  0.612811 -0.605480
                                -0.063111  0.760117 -0.035790  0.448555 -0.021440  0.040070  0.000125  0.021732 -0.000739  0.000348
                                -0.000081  0.000000  0.000000  0.000000  0.000000  0.000000  0.000000  0.000000  0.000000  0.000000
                                 0.000000  0.000000  0.000000  0.000000  0.000000  0.000000  0.000000  0.000000  0.000000  0.000000
                                 0.000000  0.000000  0.000000  0.000000  0.000000  0.000000  0.000000  0.000000  0.000000  0.000000
                                 0.000000  0.000000  0.000000  0.000000  0.000000  0.000000  0.000000  0.000000  0.000000  0.000000

   2.5  2.00000    -0.457648    -0.000000  0.000000 -0.000000  0.000000 -0.000000  0.000000 -0.000000  0.000000 -0.000000  0.000000
                                -0.000000  0.000000 -0.000000  0.000000 -0.000000  0.000000 -0.000000  0.000000 -0.000000  0.000000
                                 0.000000 -0.000000  0.000000 -0.000000  0.000000 -0.000000 -0.000000 -0.000000  0.000000 -0.000000
                                 0.000000 -0.000013  0.000000  0.000088  0.000000 -0.000429  0.000000  0.002081  0.000000 -0.021466
                                 0.000000  0.034195  0.000000 -0.119754  0.000000 -0.193589  0.000000 -0.329451  0.000000 -0.402344
                                 0.000000 -0.255907  0.000000 -0.106779  0.000000  0.021336  0.000000 -0.016147  0.000000  0.005178
                                 0.000000  0.000000  0.000000  0.000000  0.000000  0.000000  0.000000  0.000000  0.000000  0.000000

   3.5  2.00000    -0.457648     0.000000  0.000000  0.000000  0.000000  0.000000  0.000000  0.000000  0.000000  0.000000  0.000000
                                 0.000000  0.000000  0.000000  0.000000  0.000000  0.000000  0.000000  0.000000  0.000000  0.000000
                                 0.000000  0.000000  0.000000  0.000000  0.000000  0.000000  0.000000  0.000000  0.000000  0.000000
                                 0.000000  0.000000  0.000013  0.000000 -0.000088  0.000000  0.000429  0.000000 -0.002081  0.000000
                                 0.021466  0.000000 -0.034195  0.000000  0.119754  0.000000  0.193589  0.000000  0.329451  0.000000
                                 0.402344  0.000000  0.255907  0.000000  0.106779  0.000000 -0.021336  0.000000  0.016147  0.000000
                                -0.005178  0.000000  0.000000  0.000000  0.000000  0.000000  0.000000  0.000000  0.000000  0.000000

                                   1 3d1+    1 3d1+    1 3d1+    1 3d1+    1 3d1+    1 3d1+    1 3d1+    1 3d1+    1 3d1+    1 3d1+ 
                                   1 3d1+    1 3d1+    1 3d1+    1 3d1+    1 3d1+    1 3d1+    1 3d1+    1 3d1+    1 3d1+    1 3d1+ 
                                   1 3d1+    1 3d1+    1 5g1+    1 5g3+    1 5g1+    1 5g3+    1 5g1+    1 5g3+    1 5g1+    1 5g3+ 
                                   1 5g1+    1 5g3+    1 5g1+    1 5g3+    1 5g1+    1 5g3+ 

   1.6  0.20000    -0.531809    -0.000000  0.000001 -0.000004  0.000018 -0.000065  0.000205 -0.000609  0.001908 -0.009300  0.022679
                                -0.021521  0.023542 -0.137390  0.488401  0.590497  0.118488  0.066785 -0.119110  0.071181 -0.017237
                                 0.006738 -0.001867  0.000000  0.000000  0.000000  0.000000  0.000000  0.000000  0.000000  0.000000
                                 0.000000  0.000000  0.000000  0.000000  0.000000  0.000000

                                   1 3d1-    1 3d1-    1 3d1-    1 3d1-    1 3d1-    1 3d1-    1 3d1-    1 3d1-    1 3d1-    1 3d1- 
                                   1 3d1-    1 3d1-    1 3d1-    1 3d1-    1 3d1-    1 3d1-    1 3d1-    1 3d1-    1 3d1-    1 3d1- 
                                   1 3d1-    1 3d1-    1 5g1-    1 5g3-    1 5g1-    1 5g3-    1 5g1-    1 5g3-    1 5g1-    1 5g3- 
                                   1 5g1-    1 5g3-    1 5g1-    1 5g3-    1 5g1-    1 5g3- 

   1.7  0.20000    -0.531809    -0.000000  0.000001 -0.000004  0.000018 -0.000065  0.000205 -0.000609  0.001908 -0.009300  0.022679
                                -0.021521  0.023542 -0.137390  0.488401  0.590497  0.118488  0.066785 -0.119110  0.071181 -0.017237
                                 0.006738 -0.001867  0.000000  0.000000  0.000000  0.000000  0.000000  0.000000  0.000000  0.000000
                                 0.000000  0.000000  0.000000  0.000000  0.000000  0.000000

                                   1 4f2-    1 4f2-    1 4f2-    1 4f2-    1 4f2-    1 4f2-    1 4f2-    1 4f2-    1 4f2-    1 4f2- 
                                   1 4f2-    1 4f2-    1 4f2-    1 4f2-    1 4f2-    1 6h4-    1 6h2-    1 6h4-    1 6h2-    1 6h4- 
                                   1 6h2- 

   1.8  2.00000    -0.457648     0.000013 -0.000088  0.000429 -0.002081  0.021466 -0.034195  0.119754  0.193589  0.329451  0.402344
                                 0.255907  0.106779 -0.021336  0.016147 -0.005178  0.000000  0.000000  0.000000  0.000000  0.000000
                                 0.000000

 Total charge:   1.000000000000
 

 EXTRA SYMMETRY OF MOS IN SYMMETRY 1:   1 1 2 3 1 3 2 1 2 3   1 3 2 1 3 2 1 4 6 5   2 3 1 4 6 5 2 3 1 2   3 4 5 6 1 4 6 5 2 3
                                        1 4 5 6 1 3 2 6 4 5   1 3 2 3 2 1 6 4 5 3   2 1 3 2 1 1 3 2 1 2   3 1 1 2 3 1 2 3 1 1
                                        2 3 1 3 2 1 1 3 2 1   1 3 2 1 1 1 1 1 1 1   1 1 1
 EXTRA SYMMETRY OF MOS IN SYMMETRY 2:   1 3 2 1 1 1 3 2 1 2   3 1 1 3 2 3 2 1 3 2   1 6 5 4 2 3 1 5 6 4   1 3 2 1 4 5 6 3 2 1
                                        3 2 1 1 3 2 1 3 2 1   1 2 3 1 2 3 1 1 3 2   1 1 1 1 1 1 1 1 1 1
 EXTRA SYMMETRY OF MOS IN SYMMETRY 3:   1 3 2 1 1 1 3 2 1 3   2 1 1 3 2 3 2 1 2 3   1 4 5 6 3 2 1 4 5 6   1 3 2 1 5 6 4 3 2 1
                                        3 2 1 1 3 2 1 3 2 1   1 3 2 1 3 2 1 1 3 2   1 1 1 1 1 1 1 1 1 1
 EXTRA SYMMETRY OF MOS IN SYMMETRY 4:   1 1 1 1 1 3 2 1 3 2   1 1 3 2 3 2 1 3 2 1   3 2 1 1 3 2 1 1 1 1   1 1 1 1 1 1
 EXTRA SYMMETRY OF MOS IN SYMMETRY 5:   1 2 3 1 1 1 3 2 1 3   2 1 1 2 3 3 2 1 3 2   1 6 4 5 3 2 1 5 6 4   1 2 3 1 6 4 5 2 3 1
                                        2 3 1 1 2 3 1 2 3 1   1 2 3 1 2 3 1 1 2 3   1 1 1 1 1 1 1 1 1 1
 EXTRA SYMMETRY OF MOS IN SYMMETRY 6:   1 1 1 1 1 3 2 1 3 2   1 1 2 3 2 3 1 2 3 1   2 3 1 1 2 3 1 1 1 1   1 1 1 1 1 1
 EXTRA SYMMETRY OF MOS IN SYMMETRY 7:   1 1 1 1 1 2 3 1 2 3   1 1 2 3 2 3 1 2 3 1   2 3 1 1 2 3 1 1 1 1   1 1 1 1 1 1
 EXTRA SYMMETRY OF MOS IN SYMMETRY 8:   1 1 1 1 1 1 3 2 1 2   3 1 3 2 1 1 1 1 1 1   1

 Natural orbital dump (state averaged) at molpro section  5202.2    (Orbital set 2)


 CI vector for state symmetry 1
 ==============================

 /0/ 0 0 0          0.0000000   1.0000000
 //0 0 0 0          1.0000000   0.0000000

 TOTAL ENERGIES                      -181.63609042  -181.63609042

 CI vector for state symmetry 2
 ==============================

 /00 / 0 0          1.0000000

 TOTAL ENERGIES                      -181.63609042

 CI vector for state symmetry 3
 ==============================

 /00 0 / 0          1.0000000

 TOTAL ENERGIES                      -181.63609042

 CI vector for state symmetry 4
 ==============================

 /00 0 0 /          1.0000000

 TOTAL ENERGIES                      -181.63609042



 **********************************************************************************************************************************
 DATASETS  * FILE   NREC   LENGTH (MB)   RECORD NAMES
              1      20       67.98       500      610      700      900      950      970     1000      129      960     1100   
                                          VAR    BASINP    GEOM    SYMINP    ZMAT    AOBASIS   BASIS     P2S    ABASIS      S 
                                         1400     1410     1420     1200     1210     1080     1600     1650     1700     1380   
                                           T        V       ECP      H0       H01     AOSYM     SMH    MOLCAS    OPER     JKOP   

              2       6        9.83       200      700     1000      520     4202     5202   
                                        OPTIONS   GEOM     BASIS   MCVARS     RHF     MCSCF   

 PROGRAMS   *        TOTAL     MULTI       POP       RHF       INT
 CPU TIMES  *       171.33      5.54      0.01      3.91    161.42
 REAL TIME  *       186.86 SEC
 DISK USED  *         8.16 GB      
 SF USED    *       192.54 MB      
 GA USED    *         0.00 MB       (max)       0.00 MB       (current)
 **********************************************************************************************************************************


 PROGRAM * RHF-SCF (OPEN SHELL)       Authors: W. Meyer, H.-J. Werner


 NUMBER OF ELECTRONS:      13+   11-    SPACE SYMMETRY=1    SPIN SYMMETRY: Triplet 
 CONVERGENCE THRESHOLDS:    1.00E-05 (Density)    1.00E-07 (Energy)
 MAX. NUMBER OF ITERATIONS:        0
 INTERPOLATION TYPE:            DIIS
 INTERPOLATION STEPS:              2 (START)      1 (STEP)
 LEVEL SHIFTS:                 -0.60 (CLOSED) -0.30 (OPEN) 

 Number of closed-shell orbitals:   11 (   1   3   3   0   3   0   0   1 )
 Number of open-shell orbitals:      2 (   2   0   0   0   0   0   0   0 )


 Molecular orbitals read from record     5202.2  Type=MCSCF/NATURAL (state averaged)

 Molecular orbital dump at record        2112.2

 ITERATION    DDIFF          GRAD             ENERGY        2-EL.EN.            DIPOLE MOMENTS         DIIS   ORB.
    1      0.000D+00      0.000D+00      -181.63609042    311.077087    0.00000    0.00000    0.00000    0    start

 Final alpha occupancy:   3   3   3   0   3   0   0   1
 Final beta  occupancy:   1   3   3   0   3   0   0   1

 !RHF STATE 1.1 Energy               -181.636090424818
 Nuclear energy                         0.00000000
 One-electron energy                 -337.17463396
 Two-electron energy                  155.53854353
 Virial quotient                       -1.85020417
 !RHF STATE 1.1 Dipole moment           0.00000000     0.00000000     0.00000000
 Dipole moment /Debye                   0.00000000     0.00000000     0.00000000

 Orbital energies:

         1.1          2.1          3.1          4.1          5.1
     -3.018517    -0.316815    -0.531809    -0.531809    -0.074496

         1.2          2.2          3.2          4.2          5.2
     -2.041331    -0.457648    -0.457648    -0.128954    -0.052640

         1.3          2.3          3.3          4.3          5.3
     -2.041331    -0.457648    -0.457648    -0.128954    -0.052640

         1.4          2.4
     -0.531809    -0.054807

         1.5          2.5          3.5          4.5          5.5
     -2.041331    -0.457648    -0.457648    -0.128954    -0.052640

         1.6          2.6
     -0.531809    -0.054807

         1.7          2.7
     -0.531809    -0.054807

         1.8          2.8          3.8
     -0.457648    -0.022182     0.043969

 HOMO      3.2    -0.457648 =     -12.4532eV
 LUMO      4.1    -0.531809 =     -14.4713eV
 LUMO-HOMO        -0.074161 =      -2.0180eV


 **********************************************************************************************************************************
 DATASETS  * FILE   NREC   LENGTH (MB)   RECORD NAMES
              1      20       67.98       500      610      700      900      950      970     1000      129      960     1100   
                                          VAR    BASINP    GEOM    SYMINP    ZMAT    AOBASIS   BASIS     P2S    ABASIS      S 
                                         1400     1410     1420     1200     1210     1080     1600     1650     1700     1380   
                                           T        V       ECP      H0       H01     AOSYM     SMH    MOLCAS    OPER     JKOP   

              2       7       13.90       200      700     1000      520     4202     5202     2112   
                                        OPTIONS   GEOM     BASIS   MCVARS     RHF     MCSCF     RHF  

 PROGRAMS   *        TOTAL       RHF     MULTI       POP       RHF       INT
 CPU TIMES  *       171.66      0.33      5.54      0.01      3.91    161.42
 REAL TIME  *       187.34 SEC
 DISK USED  *         8.16 GB      
 SF USED    *       192.54 MB      
 GA USED    *         0.00 MB       (max)       0.00 MB       (current)
 **********************************************************************************************************************************
 SETTING SCF(6)         =      -181.63609042  AU                              
 SETTING _CC_NORM_MAX   =         2.00000000                                  


 PROGRAM * CCSD (Restricted open-shell coupled cluster)     Authors: C. Hampel, H.-J. Werner, 1991, M. Deegan, P.J. Knowles, 1992


 Convergence thresholds:  THRVAR = 1.00D-08  THRDEN = 1.00D-06

 CCSD(T)     terms to be evaluated (factor= 1.000)


 Number of closed-shell orbitals:  11 (   1   3   3   0   3   0   0   1 )
 Number of active  orbitals:        2 (   2   0   0   0   0   0   0   0 )
 Number of external orbitals:     429 ( 100  67  67  36  67  36  36  20 )

 Memory could be reduced to 216.96 Mwords without degradation in triples

 Number of N-1 electron functions:              24
 Number of N-2 electron functions:             276
 Number of singly external CSFs:              1654
 Number of doubly external CSFs:           4944361
 Total number of CSFs:                     4946015

 Molecular orbitals read from record     2112.2  Type=RHF/CANONICAL (state 1.1)

 Integral transformation finished. Total CPU:   4.82 sec, npass=  1  Memory used:  41.27 MW

 Starting RMP2 calculation

 Wavefunction is spin-projected

 ITER.      SQ.NORM     CORR.ENERGY   TOTAL ENERGY   ENERGY CHANGE        DEN1      VAR(S)    VAR(P)  DIIS     TIME
   1     11.18801436    -4.31825268  -185.95434310    -4.31825268    -1.18792820  0.37D-04  0.27D+01  0  0     5.34
   2     26.31956962    -5.50618087  -187.14227130    -1.18792820    -1.55604757  0.55D-05  0.36D+01  0  0     5.66
   3     53.08491509    -6.84474999  -188.48084042    -1.33856912    -2.14798427  0.13D-05  0.49D+01  0  0     5.99

 UNREASONABLE NORM: 53.084915 CALCULATION WILL BE STOPPED

 The threshold can be changed using option CC_NORM_MAX (see manual). The current value is CC_NORM_MAX=2.00

 Norm of t1 vector:      0.03529350      S-energy:    -0.00348139      T1 diagnostic:  0.00404389
 Norm of t2 vector:      7.21690165      P-energy:    -6.84126861
                                         Alpha-Beta:  -4.27158013
                                         Alpha-Alpha: -1.09662625
                                         Beta-Beta:   -1.47306222

 Spin contamination <S**2-Sz**2-Sz>     0.00000000
 

 RESULTS
 =======

  Reference energy                   -181.636090424818
  RCCSD singles energy                 -0.003481387927
  RCCSD pair energy                    -6.841268606327
  RCCSD correlation energy             -6.844749994255
 
 !RHF-RCCSD energy                   -188.480840419073

 Program statistics:

 Available memory in ccsd:               999998418
 Min. memory needed in ccsd:              13792919
 Max. memory used in ccsd:                19952665
 Max. memory used in cckext:                     0 ( 0 integral passes)
 Max. memory used in cckint:              41265422 ( 1 integral passes)

 
 ? Error
 ? No convergence. This error exit can be avoided using the NOCHECK option
 ? The problem occurs in ccsd
