
 Primary working directories    : /global/cscratch1/sd/haihan
 Secondary working directories  : /global/cscratch1/sd/haihan
 Wavefunction directory         : /global/homes/h/haihan/Research/ECP/f_group_element_ecps/Lu/Molpro/atom/ECP46_1_SapQZdiff/wfu/
 Main file repository           : /global/cscratch1/sd/haihan/

 SHA1      : 19cd028119e0e09f93f0674bd8af7968d9b3eff6
 NAME      : 2015.1.36
 ARCHNAME  : linux/x86_64
 FC        : /opt/cray/pe/craype/2.5.14/bin/ftn
 BLASLIB   : -L/opt/intel/compilers_and_libraries_2018.1.163/linux/mkl/lib/intel64 -Wl,-_start-group -lmkl_intel_ilp64 -lmkl_intel_thread -lmkl_core -Wl,-_end-group -liomp5
 id        : lbl

 Nodes     nprocs
 nid02085    11
 Number of processes for MPI-2 version of Molpro:   nprocs(total)=   12   nprocs(compute)=   11   nprocs(helper)=    1

 Using customized tuning parameters: mindgm=7; mindgv=16; mindgc=1; mindgr=1; noblas=0; minvec=7
 default implementation of scratch files=sf  

 ***,Calculation for Lu atom, singlet and triplet
 memory,1,g
 
 gthresh,twoint=1.e-15
 gthresh,oneint=1.e-15
 
 
 geometry={
 1
 Lu
 Lu  0.0 0.0 0.0
 }
 
 basis={
 ECP,Lu,46,4,0;
 4                                                                               !ul
 1,    4.526254,   25.000000
 3,    3.879308,   113.15635
 2,    4.406058,  -85.722649
 2,    1.899664,   -3.133952
 2                                                                               !s
 2,    8.996757,  161.119164
 2,    5.104371,   89.334835
 2                                                                               !p
 2,    7.640657,   88.693021
 2,    3.878305,   57.109488
 2                                                                               !d
 2,    7.456305,   55.901690
 2,    2.530445,   29.364333
 2                                                                               !f
 2,    4.939345,  -23.952530
 2,    3.912490,   -7.090915
 Including file /global/u2/h/haihan/Research/ECP/f_group_element_ecps/Lu/Molpro/atom/ECP46_1_SapQZdiff/11/../SapQZdiff.basis
 }
 
 
 
 Including file /global/u2/h/haihan/Research/ECP/f_group_element_ecps/Lu/Molpro/atom/ECP46_1_SapQZdiff/11/../Lu46_states_ecp.proc
 
 do i=11,11
     if (i.eq.1) then
         Id1s2
     else if (i.eq.2) then
         Ip1s2
     else if (i.eq.3) then
         IEd2s1
     else if (i.eq.4) then
         IEf1s2
     else if (i.eq.5) then
         IIds2
     else if (i.eq.6) then
         IId1s1
     else if (i.eq.7) then
         IIIds1
     else if (i.eq.8) then
         IIIp1
     else if (i.eq.9) then
         IIId1
     else if (i.eq.10) then
         IIIEf1
     else if (i.eq.11) then
         VIp6
     else if (i.eq.12) then
         VIIp5
     else if (i.eq.13) then
         VIIIp4
     else if (i.eq.14) then
         IXp3
     else if (i.eq.15) then
         Xp
     else if (i.eq.16) then
         XIds2
     else if (i.eq.17) then
         IIIEf2
     endif
     scf(i)=energy
     _CC_NORM_MAX=2.0
     {rccsd(t),shifts=0.5,shiftp=0.5,thrdis=1.0;diis,1,1,15,1;maxit,100;core}
     ccsd(i)=energy
 enddo
 
 table,scf,ccsd
 type,csv
 save

 Variables initialized (889), CPU time= 0.00 sec
 Commands  initialized (702), CPU time= 0.01 sec, 572 directives.
 Default parameters read. Elapsed time= 0.14 sec

 Checking input...
 Passed
1


                                         ***  PROGRAM SYSTEM MOLPRO  ***
                                       Copyright, TTI GmbH Stuttgart, 2015
                                    Version 2015.1 linked Dec 29 2018 15:55:43


 **********************************************************************************************************************************
 LABEL *   Calculation for Lu atom, singlet and triplet                                  
  64 bit mpp version                                                                     DATE: 17-Apr-23          TIME: 12:14:44  
 **********************************************************************************************************************************

 SHA1:             19cd028119e0e09f93f0674bd8af7968d9b3eff6
 **********************************************************************************************************************************

 THRESHOLDS:

 ZERO    =  1.00D-12  ONEINT  =  1.00D-12  TWOINT  =  1.00D-15  PREFAC  =  1.00D-14  LOCALI  =  1.00D-09  EORDER  =  1.00D-04
 ENERGY  =  0.00D+00  ETEST   =  0.00D+00  EDENS   =  0.00D+00  THRDEDEF=  1.00D-06  GRADIENT=  1.00D-02  STEP    =  1.00D-03
 ORBITAL =  1.00D-05  CIVEC   =  1.00D-05  COEFF   =  1.00D-04  PRINTCI =  5.00D-02  PUNCHCI =  9.90D+01  OPTGRAD =  3.00D-04
 OPTENERG=  1.00D-06  OPTSTEP =  3.00D-04  THRGRAD =  1.00D-10  COMPRESS=  1.00D-11  VARMIN  =  1.00D-07  VARMAX  =  1.00D-03
 THRDOUB =  0.00D+00  THRDIV  =  1.00D-05  THRRED  =  1.00D-07  THRPSP  =  1.00D+00  THRDC   =  1.00D-10  THRCS   =  1.00D-10
 THRNRM  =  1.00D-08  THREQ   =  0.00D+00  THRDE   =  1.00D+00  THRREF  =  1.00D-05  SPARFAC =  1.00D+00  THRDLP  =  1.00D-07
 THRDIA  =  1.00D-10  THRDLS  =  1.00D-07  THRGPS  =  0.00D+00  THRKEX  =  0.00D+00  THRDIS  =  2.00D-01  THRVAR  =  1.00D-10
 THRLOC  =  1.00D-06  THRGAP  =  1.00D-06  THRLOCT = -1.00D+00  THRGAPT = -1.00D+00  THRORB  =  1.00D-06  THRMLTP =  0.00D+00
 THRCPQCI=  1.00D-10  KEXTA   =  0.00D+00  THRCOARS=  0.00D+00  SYMTOL  =  1.00D-06  GRADTOL =  1.00D-06  THROVL  =  1.00D-08
 THRORTH =  1.00D-08  GRID    =  1.00D-06  GRIDMAX =  1.00D-03  DTMAX   =  0.00D+00  THROCCDE=  1.00D-01  THROCCDE=  1.00D-01



 THRESHOLDS:

 ZERO    =  1.00D-12  ONEINT  =  1.00D-15  TWOINT  =  1.00D-15  PREFAC  =  1.00D-14  LOCALI  =  1.00D-09  EORDER  =  1.00D-04
 ENERGY  =  0.00D+00  ETEST   =  0.00D+00  EDENS   =  0.00D+00  THRDEDEF=  1.00D-06  GRADIENT=  1.00D-02  STEP    =  1.00D-03
 ORBITAL =  1.00D-05  CIVEC   =  1.00D-05  COEFF   =  1.00D-04  PRINTCI =  5.00D-02  PUNCHCI =  9.90D+01  OPTGRAD =  3.00D-04
 OPTENERG=  1.00D-06  OPTSTEP =  3.00D-04  THRGRAD =  1.00D-10  COMPRESS=  1.00D-11  VARMIN  =  1.00D-07  VARMAX  =  1.00D-03
 THRDOUB =  0.00D+00  THRDIV  =  1.00D-05  THRRED  =  1.00D-07  THRPSP  =  1.00D+00  THRDC   =  1.00D-10  THRCS   =  1.00D-10
 THRNRM  =  1.00D-08  THREQ   =  0.00D+00  THRDE   =  1.00D+00  THRREF  =  1.00D-05  SPARFAC =  1.00D+00  THRDLP  =  1.00D-07
 THRDIA  =  1.00D-10  THRDLS  =  1.00D-07  THRGPS  =  0.00D+00  THRKEX  =  0.00D+00  THRDIS  =  2.00D-01  THRVAR  =  1.00D-10
 THRLOC  =  1.00D-06  THRGAP  =  1.00D-06  THRLOCT = -1.00D+00  THRGAPT = -1.00D+00  THRORB  =  1.00D-06  THRMLTP =  0.00D+00
 THRCPQCI=  1.00D-10  KEXTA   =  0.00D+00  THRCOARS=  0.00D+00  SYMTOL  =  1.00D-06  GRADTOL =  1.00D-06  THROVL  =  1.00D-08
 THRORTH =  1.00D-08  GRID    =  1.00D-06  GRIDMAX =  1.00D-03  DTMAX   =  0.00D+00  THROCCDE=  1.00D-01  THROCCDE=  1.00D-01



Geometry recognized as XYZ


 Variable memory set to 1000000000 words,  buffer space   230000 words

 SETTING BASIS          =    USERDEF

 DO I                   =        11.00000000   

 Running procedure=VIP6


 Recomputing integrals since basis changed


 Using spherical harmonics



 PROGRAM * SEWARD (Integral evaluation for generally contracted gaussian basis sets)     Author: Roland Lindh, 1990

 Geometry written to block  1 of record 700

 Orientation using atomic masses  
 Molecule type: Atom
 Symmetry elements: X,Y,Z
 Rotational constants:       0.0000000      0.0000000      0.0000000 GHz  (calculated with average atomic masses)

 Point group  D2h 



 ATOMIC COORDINATES

 NR  ATOM    CHARGE       X              Y              Z

   1  LU     25.00    0.000000000    0.000000000    0.000000000

 NUCLEAR CHARGE:                   25
 NUMBER OF PRIMITIVE AOS:         463
 NUMBER OF SYMMETRY AOS:          341
 NUMBER OF CONTRACTIONS:          341   (  77Ag  +  54B3u +  54B2u +  28B1g +  54B1u +  28B2g +  28B3g +  18Au  )
 NUMBER OF CORE ORBITALS:           0   (   0Ag  +   0B3u +   0B2u +   0B1g +   0B1u +   0B2g +   0B3g +   0Au  )
 NUMBER OF VALENCE ORBITALS:       17   (   4Ag  +   3B3u +   3B2u +   1B1g +   3B1u +   1B2g +   1B3g +   1Au  )


 NUCLEAR REPULSION ENERGY    0.00000000

 EXTRA SYMMETRY OF AOS IN SYMMETRY 1:   1 1 1 1 1 1 1 1 1 1   1 1 1 1 1 1 1 1 1 1   1 1 1 1 1 1 1 2 3 2   3 2 3 2 3 2 3 2 3 2
                                        3 2 3 2 3 2 3 2 3 2   3 2 3 2 3 2 3 2 3 4   5 6 4 5 6 4 5 6 4 5   6 4 5 6 4 5 6
 EXTRA SYMMETRY OF AOS IN SYMMETRY 2:   1 1 1 1 1 1 1 1 1 1   1 1 1 1 1 1 1 1 1 1   1 1 2 3 2 3 2 3 2 3   2 3 2 3 2 3 2 3 2 3
                                        2 3 4 5 6 4 5 6 4 5   6 4 5 6
 EXTRA SYMMETRY OF AOS IN SYMMETRY 3:   1 1 1 1 1 1 1 1 1 1   1 1 1 1 1 1 1 1 1 1   1 1 2 3 2 3 2 3 2 3   2 3 2 3 2 3 2 3 2 3
                                        2 3 4 5 6 4 5 6 4 5   6 4 5 6
 EXTRA SYMMETRY OF AOS IN SYMMETRY 4:   1 1 1 1 1 1 1 1 1 1   1 1 1 1 1 1 2 3 2 3   2 3 2 3 2 3 2 3
 EXTRA SYMMETRY OF AOS IN SYMMETRY 5:   1 1 1 1 1 1 1 1 1 1   1 1 1 1 1 1 1 1 1 1   1 1 2 3 2 3 2 3 2 3   2 3 2 3 2 3 2 3 2 3
                                        2 3 4 5 6 4 5 6 4 5   6 4 5 6
 EXTRA SYMMETRY OF AOS IN SYMMETRY 6:   1 1 1 1 1 1 1 1 1 1   1 1 1 1 1 1 2 3 2 3   2 3 2 3 2 3 2 3
 EXTRA SYMMETRY OF AOS IN SYMMETRY 7:   1 1 1 1 1 1 1 1 1 1   1 1 1 1 1 1 2 3 2 3   2 3 2 3 2 3 2 3
 EXTRA SYMMETRY OF AOS IN SYMMETRY 8:   1 1 1 1 1 1 1 1 1 1   2 3 2 3 2 3 2 3

 Eigenvalues of metric

         1 0.198E-06 0.285E-05 0.880E-05 0.110E-03 0.147E-03 0.147E-03 0.226E-03 0.428E-03
         2 0.115E-06 0.864E-04 0.280E-03 0.685E-03 0.202E-02 0.951E-02 0.162E-01 0.364E-01
         3 0.115E-06 0.864E-04 0.280E-03 0.685E-03 0.202E-02 0.951E-02 0.162E-01 0.364E-01
         4 0.147E-03 0.324E-02 0.233E-01 0.406E-01 0.866E-01 0.997E-01 0.997E-01 0.141E+00
         5 0.115E-06 0.864E-04 0.280E-03 0.685E-03 0.202E-02 0.951E-02 0.162E-01 0.364E-01
         6 0.147E-03 0.324E-02 0.233E-01 0.406E-01 0.866E-01 0.997E-01 0.997E-01 0.141E+00
         7 0.147E-03 0.324E-02 0.233E-01 0.406E-01 0.866E-01 0.997E-01 0.997E-01 0.141E+00
         8 0.437E-01 0.880E-01 0.207E+00 0.366E+00 0.366E+00 0.370E+00 0.551E+00 0.646E+00


 Contracted 2-electron integrals neglected if value below      1.0D-15
 AO integral compression algorithm  1   Integral accuracy      1.0D-15

     1449.394 MB (compressed) written to integral file ( 50.1%)

     Node minimum: 81.789 MB, node maximum: 178.782 MB


 NUMBER OF SORTED TWO-ELECTRON INTEGRALS:   19772499.     BUFFER LENGTH:  32768
 NUMBER OF SEGMENTS:   1  SEGMENT LENGTH:   19772499      RECORD LENGTH: 524288

 Memory used in sort:      20.33 MW

 SORT1 READ   362089039. AND WROTE    12327426. INTEGRALS IN     36 RECORDS. CPU TIME:     8.66 SEC, REAL TIME:     9.01 SEC
 SORT2 READ   135657947. AND WROTE   217701552. INTEGRALS IN   3432 RECORDS. CPU TIME:     0.59 SEC, REAL TIME:     0.89 SEC

 Node minimum:    19722951.  Node maximum:    19859000. integrals

 OPERATOR DM      FOR CENTER  0  COORDINATES:    0.000000    0.000000    0.000000


 **********************************************************************************************************************************
 DATASETS  * FILE   NREC   LENGTH (MB)   RECORD NAMES
              1      19       20.70       500      610      700      900      950      970     1000      129      960     1100   
                                          VAR    BASINP    GEOM    SYMINP    ZMAT    AOBASIS   BASIS     P2S    ABASIS      S 
                                         1400     1410     1420     1200     1210     1080     1600     1650     1700   
                                           T        V       ECP      H0       H01     AOSYM     SMH    MOLCAS    OPER   

 PROGRAMS   *        TOTAL       INT
 CPU TIMES  *        30.50     30.16
 REAL TIME  *        32.61 SEC
 DISK USED  *         3.08 GB      
 GA USED    *         0.00 MB       (max)       0.00 MB       (current)
 **********************************************************************************************************************************


 PROGRAM * RHF-SCF (CLOSED SHELL)       Authors: W. Meyer, H.-J. Werner


 NUMBER OF ELECTRONS:      11+   11-    SPACE SYMMETRY=1    SPIN SYMMETRY: Singlet 
 CONVERGENCE THRESHOLDS:    1.00E-05 (Density)    1.00E-07 (Energy)
 MAX. NUMBER OF ITERATIONS:      150
 INTERPOLATION TYPE:            DIIS
 INTERPOLATION STEPS:              2 (START)      1 (STEP)
 LEVEL SHIFTS:                  0.00 (CLOSED)  0.00 (OPEN) 

 Number of closed-shell orbitals:   11 (   1   3   3   0   3   0   0   1 )


 Guess basis ATOMIC-GUESS,LU=ECP46_GUESS not found. No density guess!


 Molecular orbital dump at record        4202.2

 ITERATION    DDIFF          GRAD             ENERGY        2-EL.EN.            DIPOLE MOMENTS         DIIS   ORB.
    1      0.000D+00      0.000D+00      -171.40656043    496.269816    0.00000    0.00000    0.00000    0    start
    2      0.000D+00      0.486D+00      -136.74572894    103.365683    0.00000    0.00000    0.00000    0    diag
    3      0.196D+01      0.271D+00      -177.35265792    483.299530    0.00000    0.00000    0.00000    1    diag
    4      0.132D+01      0.450D+00      -195.65929785    433.888464    0.00000    0.00000    0.00000    2    diag
    5      0.421D+00      0.271D+00      -204.90135285    391.374212    0.00000    0.00000    0.00000    3    diag
    6      0.500D+00      0.143D+00      -208.87048961    342.929098    0.00000    0.00000    0.00000    4    diag
    7      0.134D+00      0.114D-01      -208.91828808    335.731776    0.00000    0.00000    0.00000    5    diag
    8      0.155D-01      0.446D-02      -208.92128728    336.707201    0.00000    0.00000    0.00000    6    diag
    9      0.230D-02      0.108D-02      -208.92147059    337.030275    0.00000    0.00000    0.00000    7    diag
   10      0.124D-02      0.374D-04      -208.92147083    337.050025    0.00000    0.00000    0.00000    8    orth
   11      0.702D-04      0.152D-04      -208.92147088    337.044433    0.00000    0.00000    0.00000    9    diag
   12      0.152D-04      0.311D-06      -208.92147088    337.044383    0.00000    0.00000    0.00000    9    diag
   13      0.687D-06      0.278D-06      -208.92147088    337.044606    0.00000    0.00000    0.00000    0    orth

 Final occupancy:   1   3   3   0   3   0   0   1

 !RHF STATE 1.1 Energy               -208.921470875792
 Nuclear energy                         0.00000000
 One-electron energy                 -377.44377384
 Two-electron energy                  168.52230296
 Virial quotient                       -1.20740070
 !RHF STATE 1.1 Dipole moment           0.00000000     0.00000000     0.00000000
 Dipole moment /Debye                   0.00000000     0.00000000     0.00000000

 ELECTRON ORBITALS
 =================


   Orb  Occ    Energy  Couls-En    Coefficients

                                   1 1s      1 1s      1 1s      1 1s      1 1s      1 1s      1 1s      1 1s      1 1s      1 1s   
                                   1 1s      1 1s      1 1s      1 1s      1 1s      1 1s      1 1s      1 1s      1 1s      1 1s   
                                   1 1s      1 1s      1 1s      1 1s      1 1s      1 1s      1 1s      1 3d0     1 3d2+    1 3d0  
                                   1 3d2+    1 3d0     1 3d2+    1 3d0     1 3d2+    1 3d0     1 3d2+    1 3d0     1 3d2+    1 3d0  
                                   1 3d2+    1 3d0     1 3d2+    1 3d0     1 3d2+    1 3d0     1 3d2+    1 3d0     1 3d2+    1 3d0  
                                   1 3d2+    1 3d0     1 3d2+    1 3d0     1 3d2+    1 3d0     1 3d2+    1 3d0     1 3d2+    1 5g0  
                                   1 5g4+    1 5g2+    1 5g0     1 5g4+    1 5g2+    1 5g0     1 5g4+    1 5g2+    1 5g0     1 5g4+ 
                                   1 5g2+    1 5g0     1 5g4+    1 5g2+    1 5g0     1 5g4+    1 5g2+ 

   1.1   2    -3.7440  -21.7663 -0.000000  0.000000 -0.000000  0.000000 -0.000000  0.000001 -0.000016  0.000024 -0.000394  0.000417
                                -0.000087  0.000623 -0.001158  0.001086 -0.045518  0.049899 -0.108725  0.263486  0.058775 -0.962173
                                 0.191424  0.916973  0.419933 -0.016371  0.011615 -0.003381  0.000735  0.000000  0.000000 -0.000000
                                -0.000000  0.000000  0.000000 -0.000000 -0.000000  0.000000  0.000000 -0.000000 -0.000000  0.000000
                                 0.000000 -0.000000 -0.000000  0.000000  0.000000 -0.000000 -0.000000  0.000000  0.000000  0.000000
                                 0.000000 -0.000000 -0.000000  0.000000  0.000000 -0.000000 -0.000000  0.000000  0.000000  0.000000
                                 0.000000 -0.000000  0.000000  0.000000 -0.000000  0.000000  0.000000 -0.000000  0.000000  0.000000
                                -0.000000 -0.000000 -0.000000  0.000000 -0.000000 -0.000000  0.000000

   2.1   0    -0.9020  -13.1060  0.000000 -0.000000  0.000000 -0.000000  0.000000 -0.000000  0.000000 -0.000000  0.000000 -0.000000
                                 0.000000 -0.000000  0.000000 -0.000000  0.000000 -0.000000  0.000000 -0.000000  0.000000  0.000000
                                -0.000000 -0.000000 -0.000000  0.000000  0.000000 -0.000000  0.000000  0.000003 -0.000003 -0.000026
                                 0.000026  0.000134 -0.000136 -0.000574  0.000584  0.002493 -0.002535 -0.020417  0.020760  0.052106
                                -0.052981 -0.085577  0.087014  0.075888 -0.077162 -0.062850  0.063906  0.057732 -0.058702  0.319367
                                -0.324729  0.336084 -0.341727  0.139095 -0.141431 -0.034968  0.035556  0.009963 -0.010130 -0.000000
                                 0.000000 -0.000000  0.000000 -0.000000 -0.000000 -0.000000  0.000000 -0.000000  0.000000 -0.000000
                                 0.000000  0.000000 -0.000000  0.000000 -0.000000  0.000000  0.000000

   3.1   0    -0.9020  -13.1060  0.000000 -0.000000  0.000000 -0.000000  0.000000 -0.000000  0.000000 -0.000000  0.000000 -0.000000
                                 0.000000 -0.000000  0.000000 -0.000000  0.000000 -0.000000  0.000000 -0.000000  0.000000  0.000000
                                -0.000000 -0.000000 -0.000000  0.000000  0.000000 -0.000000  0.000000  0.000003  0.000003 -0.000026
                                -0.000026  0.000136  0.000134 -0.000584 -0.000574  0.002535  0.002493 -0.020760 -0.020417  0.052981
                                 0.052106 -0.087014 -0.085577  0.077162  0.075888 -0.063906 -0.062850  0.058702  0.057732  0.324729
                                 0.319367  0.341727  0.336084  0.141431  0.139095 -0.035556 -0.034968  0.010130  0.009963 -0.000000
                                -0.000000 -0.000000  0.000000  0.000000  0.000000 -0.000000 -0.000000 -0.000000  0.000000  0.000000
                                 0.000000  0.000000  0.000000  0.000000 -0.000000 -0.000000 -0.000000

                                   1 2px     1 2px     1 2px     1 2px     1 2px     1 2px     1 2px     1 2px     1 2px     1 2px  
                                   1 2px     1 2px     1 2px     1 2px     1 2px     1 2px     1 2px     1 2px     1 2px     1 2px  
                                   1 2px     1 2px     1 4f1+    1 4f3+    1 4f1+    1 4f3+    1 4f1+    1 4f3+    1 4f1+    1 4f3+ 
                                   1 4f1+    1 4f3+    1 4f1+    1 4f3+    1 4f1+    1 4f3+    1 4f1+    1 4f3+    1 4f1+    1 4f3+ 
                                   1 4f1+    1 4f3+    1 6h1+    1 6h3+    1 6h5+    1 6h1+    1 6h3+    1 6h5+    1 6h1+    1 6h3+ 
                                   1 6h5+    1 6h1+    1 6h3+    1 6h5+ 

   1.2   2    -2.6212  -18.7621 -0.000000  0.000000 -0.000002  0.000012 -0.000079  0.001641 -0.002415  0.002122 -0.011110  0.019262
                                -0.042748  2.721069 -2.993592  0.417901 -0.228418 -0.420531  0.700358  0.593837  0.191572 -0.022679
                                 0.008797 -0.001949 -0.000000 -0.000000  0.000000  0.000000 -0.000000 -0.000000 -0.000000 -0.000000
                                -0.000000 -0.000000 -0.000000  0.000000 -0.000000  0.000000  0.000000 -0.000000  0.000000  0.000000
                                -0.000000 -0.000000  0.000000 -0.000000  0.000000  0.000000  0.000000  0.000000 -0.000000  0.000000
                                -0.000000 -0.000000 -0.000000 -0.000000

   2.2   2    -1.2274  -18.6955 -0.000000  0.000000 -0.000000  0.000000 -0.000000  0.000000 -0.000000  0.000000 -0.000000  0.000000
                                -0.000000  0.000001 -0.000001  0.000000 -0.000000 -0.000000  0.000000  0.000000 -0.000000 -0.000000
                                -0.000000 -0.000000 -0.000003  0.000000  0.000158 -0.000030 -0.009574  0.001832 -0.205669  0.039347
                                -0.316226  0.060498 -0.393680  0.075316 -0.294027  0.056251 -0.109622  0.020972 -0.041581  0.007955
                                 0.007515 -0.001438  0.000000  0.000000 -0.000000 -0.000000 -0.000000  0.000000 -0.000000 -0.000000
                                 0.000000  0.000000  0.000000 -0.000000

   3.2   2    -1.2274  -18.6955  0.000000 -0.000000  0.000000 -0.000000  0.000000 -0.000000  0.000000 -0.000000  0.000000 -0.000000
                                 0.000000 -0.000001  0.000001 -0.000000  0.000000  0.000000 -0.000000 -0.000000  0.000000  0.000001
                                 0.000000  0.000000  0.000000  0.000003 -0.000030 -0.000158  0.001832  0.009574  0.039347  0.205669
                                 0.060498  0.316226  0.075316  0.393680  0.056251  0.294027  0.020972  0.109622  0.007955  0.041581
                                -0.001438 -0.007515 -0.000000 -0.000000 -0.000000  0.000000  0.000000  0.000000  0.000000  0.000000
                                 0.000000  0.000000 -0.000000 -0.000000

   4.2   0    -0.5550   -7.3560  0.000000 -0.000000  0.000001 -0.000004  0.000025 -0.000511  0.000751 -0.000661  0.003474 -0.006037
                                 0.013527 -0.879043  0.968596 -0.138315  0.082446  0.131264 -0.246418 -0.269769 -0.154690  0.725502
                                 0.480384 -0.005398  0.000000  0.000000  0.000000  0.000000 -0.000000 -0.000000 -0.000000 -0.000000
                                -0.000000 -0.000000 -0.000000 -0.000000 -0.000000 -0.000000 -0.000000 -0.000000 -0.000000 -0.000000
                                 0.000000 -0.000000 -0.000000  0.000000 -0.000000  0.000000 -0.000000 -0.000000 -0.000000  0.000000
                                -0.000000 -0.000000 -0.000000 -0.000000

   5.2   0    -0.2942   -4.1351 -0.000000  0.000000 -0.000000  0.000000 -0.000003  0.000068 -0.000100  0.000090 -0.000512  0.000935
                                -0.002508  0.217962 -0.244560  0.043470 -0.033702 -0.138796  0.238782  0.099072  0.290731 -1.181282
                                 0.433564  0.876922 -0.000000 -0.000000 -0.000000 -0.000000  0.000000  0.000000  0.000000  0.000000
                                 0.000000  0.000000  0.000000  0.000000  0.000000  0.000000  0.000000  0.000000  0.000000  0.000000
                                 0.000000  0.000000  0.000000 -0.000000  0.000000 -0.000000  0.000000  0.000000  0.000000 -0.000000
                                 0.000000 -0.000000  0.000000  0.000000

                                   1 2py     1 2py     1 2py     1 2py     1 2py     1 2py     1 2py     1 2py     1 2py     1 2py  
                                   1 2py     1 2py     1 2py     1 2py     1 2py     1 2py     1 2py     1 2py     1 2py     1 2py  
                                   1 2py     1 2py     1 4f1-    1 4f3-    1 4f1-    1 4f3-    1 4f1-    1 4f3-    1 4f1-    1 4f3- 
                                   1 4f1-    1 4f3-    1 4f1-    1 4f3-    1 4f1-    1 4f3-    1 4f1-    1 4f3-    1 4f1-    1 4f3- 
                                   1 4f1-    1 4f3-    1 6h1-    1 6h3-    1 6h5-    1 6h1-    1 6h3-    1 6h5-    1 6h1-    1 6h3- 
                                   1 6h5-    1 6h1-    1 6h3-    1 6h5- 

   1.3   2    -2.6212  -18.7621 -0.000000  0.000000 -0.000002  0.000012 -0.000079  0.001641 -0.002415  0.002122 -0.011110  0.019262
                                -0.042748  2.721069 -2.993592  0.417901 -0.228418 -0.420531  0.700358  0.593837  0.191572 -0.022679
                                 0.008797 -0.001949 -0.000000 -0.000000  0.000000  0.000000 -0.000000 -0.000000 -0.000000 -0.000000
                                -0.000000 -0.000000 -0.000000 -0.000000  0.000000  0.000000 -0.000000 -0.000000  0.000000  0.000000
                                -0.000000 -0.000000  0.000000 -0.000000  0.000000  0.000000  0.000000 -0.000000 -0.000000  0.000000
                                -0.000000 -0.000000 -0.000000  0.000000

   2.3   2    -1.2274  -18.6955  0.000000 -0.000000  0.000000 -0.000000  0.000000 -0.000000  0.000000 -0.000000  0.000000 -0.000000
                                 0.000000 -0.000001  0.000001 -0.000000  0.000000  0.000000 -0.000000 -0.000000  0.000000  0.000000
                                 0.000000  0.000000  0.000003 -0.000001 -0.000156  0.000040  0.009438 -0.002434  0.202763 -0.052297
                                 0.311758 -0.080409  0.388119 -0.100104  0.289873 -0.074764  0.108073 -0.027874  0.040993 -0.010573
                                -0.007409  0.001911 -0.000000 -0.000000  0.000000  0.000000  0.000000 -0.000000  0.000000  0.000000
                                -0.000000 -0.000000 -0.000000  0.000000

   3.3   2    -1.2274  -18.6955  0.000000 -0.000000  0.000000 -0.000000  0.000000 -0.000000  0.000000 -0.000000  0.000000 -0.000000
                                 0.000000 -0.000002  0.000002 -0.000000  0.000000  0.000000 -0.000000 -0.000000  0.000000  0.000001
                                 0.000000  0.000000  0.000001  0.000003 -0.000040 -0.000156  0.002434  0.009438  0.052297  0.202763
                                 0.080409  0.311758  0.100104  0.388119  0.074764  0.289873  0.027874  0.108074  0.010573  0.040993
                                -0.001911 -0.007409 -0.000000 -0.000000 -0.000000  0.000000  0.000000  0.000000  0.000000  0.000000
                                 0.000000 -0.000000 -0.000000 -0.000000

   4.3   0    -0.5550   -7.3560  0.000000 -0.000000  0.000001 -0.000004  0.000025 -0.000511  0.000751 -0.000661  0.003474 -0.006037
                                 0.013527 -0.879042  0.968596 -0.138315  0.082446  0.131264 -0.246418 -0.269769 -0.154690  0.725502
                                 0.480384 -0.005398  0.000000  0.000000  0.000000  0.000000 -0.000000 -0.000000 -0.000000 -0.000000
                                -0.000000 -0.000000 -0.000000 -0.000000 -0.000000 -0.000000 -0.000000 -0.000000 -0.000000 -0.000000
                                 0.000000  0.000000 -0.000000  0.000000 -0.000000 -0.000000 -0.000000  0.000000 -0.000000  0.000000
                                -0.000000 -0.000000  0.000000  0.000000

   5.3   0    -0.2942   -4.1351 -0.000000  0.000000 -0.000000  0.000000 -0.000003  0.000068 -0.000100  0.000090 -0.000512  0.000935
                                -0.002508  0.217962 -0.244560  0.043470 -0.033702 -0.138796  0.238782  0.099072  0.290731 -1.181282
                                 0.433564  0.876922 -0.000000 -0.000000 -0.000000 -0.000000  0.000000  0.000000  0.000000  0.000000
                                 0.000000  0.000000  0.000000  0.000000  0.000000  0.000000  0.000000  0.000000  0.000000  0.000000
                                 0.000000  0.000000  0.000000 -0.000000  0.000000  0.000000  0.000000 -0.000000  0.000000 -0.000000
                                 0.000000  0.000000  0.000000 -0.000000

                                   1 3d2-    1 3d2-    1 3d2-    1 3d2-    1 3d2-    1 3d2-    1 3d2-    1 3d2-    1 3d2-    1 3d2- 
                                   1 3d2-    1 3d2-    1 3d2-    1 3d2-    1 3d2-    1 3d2-    1 5g2-    1 5g4-    1 5g2-    1 5g4- 
                                   1 5g2-    1 5g4-    1 5g2-    1 5g4-    1 5g2-    1 5g4-    1 5g2-    1 5g4- 

   1.4   0    -0.9020  -13.1060  0.000005 -0.000037  0.000191 -0.000819  0.003556 -0.029117  0.074310 -0.122044  0.108227 -0.089633
                                 0.082334  0.455460  0.479301  0.198369 -0.049870  0.014208 -0.000000 -0.000000  0.000000  0.000000
                                -0.000000 -0.000000  0.000000  0.000000  0.000000  0.000000 -0.000000 -0.000000

   2.4   0    -0.3581   -5.3482 -0.000002  0.000014 -0.000071  0.000306 -0.001329  0.010893 -0.027815  0.045727 -0.040620  0.034063
                                -0.033771 -0.171699 -0.223822  0.440447  0.687367 -0.017383  0.000000  0.000000  0.000000  0.000000
                                 0.000000  0.000000 -0.000000 -0.000000  0.000000  0.000000 -0.000000 -0.000000

                                   1 2pz     1 2pz     1 2pz     1 2pz     1 2pz     1 2pz     1 2pz     1 2pz     1 2pz     1 2pz  
                                   1 2pz     1 2pz     1 2pz     1 2pz     1 2pz     1 2pz     1 2pz     1 2pz     1 2pz     1 2pz  
                                   1 2pz     1 2pz     1 4f0     1 4f2+    1 4f0     1 4f2+    1 4f0     1 4f2+    1 4f0     1 4f2+ 
                                   1 4f0     1 4f2+    1 4f0     1 4f2+    1 4f0     1 4f2+    1 4f0     1 4f2+    1 4f0     1 4f2+ 
                                   1 4f0     1 4f2+    1 6h2+    1 6h4+    1 6h0     1 6h2+    1 6h4+    1 6h0     1 6h2+    1 6h4+ 
                                   1 6h0     1 6h2+    1 6h4+    1 6h0  

   1.5   2    -2.6212  -18.7621 -0.000000  0.000000 -0.000002  0.000012 -0.000079  0.001641 -0.002415  0.002122 -0.011110  0.019262
                                -0.042748  2.721069 -2.993592  0.417901 -0.228418 -0.420531  0.700358  0.593837  0.191572 -0.022679
                                 0.008797 -0.001949 -0.000000 -0.000000  0.000000  0.000000 -0.000000 -0.000000 -0.000000 -0.000000
                                -0.000000 -0.000000  0.000000 -0.000000  0.000000 -0.000000 -0.000000  0.000000  0.000000  0.000000
                                -0.000000 -0.000000 -0.000000  0.000000  0.000000 -0.000000  0.000000 -0.000000  0.000000 -0.000000
                                 0.000000  0.000000 -0.000000  0.000000

   2.5   2    -1.2274  -18.6955  0.000000 -0.000000  0.000000 -0.000000  0.000000 -0.000000  0.000000 -0.000000  0.000000 -0.000000
                                 0.000000 -0.000000  0.000000 -0.000000  0.000000  0.000000 -0.000000 -0.000000  0.000000  0.000000
                                 0.000000  0.000000  0.000002 -0.000002 -0.000124  0.000102  0.007526 -0.006194  0.161677 -0.133074
                                 0.248585 -0.204607  0.309473 -0.254722  0.231135 -0.190243  0.086174 -0.070929  0.032687 -0.026904
                                -0.005908  0.004863 -0.000000  0.000000 -0.000000 -0.000000 -0.000000  0.000000 -0.000000 -0.000000
                                 0.000000  0.000000  0.000000 -0.000000

   3.5   2    -1.2274  -18.6955  0.000000 -0.000000  0.000000 -0.000000  0.000000 -0.000000  0.000000 -0.000000  0.000000 -0.000000
                                 0.000000 -0.000002  0.000002 -0.000000  0.000000  0.000000 -0.000000 -0.000001  0.000000  0.000001
                                 0.000000  0.000000  0.000002  0.000002 -0.000102 -0.000124  0.006194  0.007526  0.133074  0.161677
                                 0.204607  0.248585  0.254722  0.309473  0.190243  0.231135  0.070929  0.086174  0.026904  0.032687
                                -0.004863 -0.005908 -0.000000 -0.000000 -0.000000  0.000000  0.000000  0.000000  0.000000  0.000000
                                 0.000000 -0.000000 -0.000000 -0.000000

   4.5   0    -0.5550   -7.3560  0.000000 -0.000000  0.000001 -0.000004  0.000025 -0.000511  0.000751 -0.000661  0.003474 -0.006037
                                 0.013527 -0.879043  0.968596 -0.138315  0.082446  0.131264 -0.246418 -0.269769 -0.154690  0.725502
                                 0.480384 -0.005398  0.000000  0.000000  0.000000  0.000000 -0.000000 -0.000000 -0.000000 -0.000000
                                -0.000000 -0.000000 -0.000000 -0.000000 -0.000000 -0.000000 -0.000000 -0.000000 -0.000000 -0.000000
                                -0.000000  0.000000  0.000000 -0.000000 -0.000000  0.000000 -0.000000  0.000000  0.000000 -0.000000
                                -0.000000  0.000000 -0.000000  0.000000

   5.5   0    -0.2942   -4.1351 -0.000000  0.000000 -0.000000  0.000000 -0.000003  0.000068 -0.000100  0.000090 -0.000512  0.000935
                                -0.002508  0.217962 -0.244560  0.043470 -0.033702 -0.138796  0.238782  0.099072  0.290731 -1.181282
                                 0.433564  0.876922 -0.000000 -0.000000 -0.000000 -0.000000  0.000000  0.000000  0.000000  0.000000
                                 0.000000  0.000000  0.000000  0.000000  0.000000  0.000000  0.000000  0.000000  0.000000  0.000000
                                 0.000000  0.000000 -0.000000  0.000000  0.000000 -0.000000  0.000000 -0.000000 -0.000000  0.000000
                                -0.000000 -0.000000  0.000000 -0.000000

                                   1 3d1+    1 3d1+    1 3d1+    1 3d1+    1 3d1+    1 3d1+    1 3d1+    1 3d1+    1 3d1+    1 3d1+ 
                                   1 3d1+    1 3d1+    1 3d1+    1 3d1+    1 3d1+    1 3d1+    1 5g1+    1 5g3+    1 5g1+    1 5g3+ 
                                   1 5g1+    1 5g3+    1 5g1+    1 5g3+    1 5g1+    1 5g3+    1 5g1+    1 5g3+ 

   1.6   0    -0.9020  -13.1060  0.000005 -0.000037  0.000191 -0.000819  0.003556 -0.029117  0.074310 -0.122044  0.108227 -0.089633
                                 0.082334  0.455460  0.479301  0.198369 -0.049870  0.014208 -0.000000 -0.000000  0.000000  0.000000
                                -0.000000 -0.000000  0.000000  0.000000  0.000000 -0.000000 -0.000000 -0.000000

   2.6   0    -0.3581   -5.3482 -0.000002  0.000014 -0.000071  0.000306 -0.001329  0.010893 -0.027815  0.045727 -0.040620  0.034063
                                -0.033771 -0.171699 -0.223822  0.440447  0.687367 -0.017383  0.000000  0.000000  0.000000  0.000000
                                 0.000000  0.000000 -0.000000 -0.000000  0.000000  0.000000 -0.000000 -0.000000

                                   1 3d1-    1 3d1-    1 3d1-    1 3d1-    1 3d1-    1 3d1-    1 3d1-    1 3d1-    1 3d1-    1 3d1- 
                                   1 3d1-    1 3d1-    1 3d1-    1 3d1-    1 3d1-    1 3d1-    1 5g1-    1 5g3-    1 5g1-    1 5g3- 
                                   1 5g1-    1 5g3-    1 5g1-    1 5g3-    1 5g1-    1 5g3-    1 5g1-    1 5g3- 

   1.7   0    -0.9020  -13.1060  0.000005 -0.000037  0.000191 -0.000819  0.003556 -0.029117  0.074310 -0.122044  0.108227 -0.089633
                                 0.082334  0.455460  0.479301  0.198369 -0.049870  0.014208 -0.000000 -0.000000  0.000000  0.000000
                                -0.000000 -0.000000  0.000000  0.000000 -0.000000  0.000000 -0.000000 -0.000000

   2.7   0    -0.3581   -5.3482 -0.000002  0.000014 -0.000071  0.000306 -0.001329  0.010893 -0.027815  0.045727 -0.040620  0.034063
                                -0.033771 -0.171699 -0.223822  0.440447  0.687367 -0.017383  0.000000  0.000000  0.000000  0.000000
                                 0.000000  0.000000 -0.000000 -0.000000  0.000000  0.000000 -0.000000 -0.000000

                                   1 4f2-    1 4f2-    1 4f2-    1 4f2-    1 4f2-    1 4f2-    1 4f2-    1 4f2-    1 4f2-    1 4f2- 
                                   1 6h4-    1 6h2-    1 6h4-    1 6h2-    1 6h4-    1 6h2-    1 6h4-    1 6h2- 

   1.8   2    -1.2274  -18.6955  0.000003 -0.000161  0.009747  0.209399  0.321961  0.400820  0.299359  0.111610  0.042335 -0.007651
                                -0.000000 -0.000000  0.000000  0.000000  0.000000  0.000000 -0.000000 -0.000000

   2.8   0    -0.2768   -4.6358 -0.000002  0.000032 -0.001287 -0.026221 -0.040549 -0.047474 -0.019262  0.010884  0.380962  0.740815
                                 0.000000  0.000000 -0.000000 -0.000000  0.000000  0.000000 -0.000000 -0.000000

   3.8   0    -0.1048   -5.1851 -0.000001 -0.000027  0.002156  0.046891  0.070273  0.087462  0.006748  0.006132 -1.096949  0.910311
                                -0.000000 -0.000000  0.000000  0.000000 -0.000000 -0.000000  0.000000  0.000000

 HOMO      3.3    -1.227435 =     -33.4002eV
 LUMO      1.6    -0.901981 =     -24.5442eV
 LUMO-HOMO         0.325454 =       8.8561eV


 **********************************************************************************************************************************
 DATASETS  * FILE   NREC   LENGTH (MB)   RECORD NAMES
              1      19       20.73       500      610      700      900      950      970     1000      129      960     1100   
                                          VAR    BASINP    GEOM    SYMINP    ZMAT    AOBASIS   BASIS     P2S    ABASIS      S 
                                         1400     1410     1420     1200     1210     1080     1600     1650     1700   
                                           T        V       ECP      H0       H01     AOSYM     SMH    MOLCAS    OPER   

              2       5        5.75       200      700     1000      520     4202   
                                        OPTIONS   GEOM     BASIS   MCVARS     RHF  

 PROGRAMS   *        TOTAL       RHF       INT
 CPU TIMES  *        31.23      0.73     30.16
 REAL TIME  *        33.59 SEC
 DISK USED  *         3.39 GB      
 SF USED    *         0.07 MB      
 GA USED    *         0.00 MB       (max)       0.00 MB       (current)
 **********************************************************************************************************************************


 PROGRAM * POP (Mulliken population analysis)

 
 Density matrix read from record         4202.2  Type=RHF/CHARGE (state 1.1)
 
 Population analysis by basis function type

 Unique atom        s        p        d        f        g    Total    Charge
   1  LU      2.00000  6.00000  0.00000 14.00000  0.00000 22.00000  + 3.00000


 **********************************************************************************************************************************
 DATASETS  * FILE   NREC   LENGTH (MB)   RECORD NAMES
              1      19       20.73       500      610      700      900      950      970     1000      129      960     1100   
                                          VAR    BASINP    GEOM    SYMINP    ZMAT    AOBASIS   BASIS     P2S    ABASIS      S 
                                         1400     1410     1420     1200     1210     1080     1600     1650     1700   
                                           T        V       ECP      H0       H01     AOSYM     SMH    MOLCAS    OPER   

              2       5        5.75       200      700     1000      520     4202   
                                        OPTIONS   GEOM     BASIS   MCVARS     RHF  

 PROGRAMS   *        TOTAL       POP       RHF       INT
 CPU TIMES  *        31.24      0.01      0.73     30.16
 REAL TIME  *        33.61 SEC
 DISK USED  *         3.39 GB      
 SF USED    *         0.07 MB      
 GA USED    *         0.00 MB       (max)       0.00 MB       (current)
 **********************************************************************************************************************************


 PROGRAM * MULTI (Direct Multiconfiguration SCF)       Authors: P.J. Knowles, H.-J. Werner (1984)     S.T. Elbert (1988)


 Number of closed-shell orbitals:  11 (   1   3   3   0   3   0   0   1 )
 Number of active  orbitals:        0 (   0   0   0   0   0   0   0   0 )
 Number of external orbitals:     330 (  76  51  51  28  51  28  28  17 )

 State symmetry 1

 Number of electrons:     0    Spin symmetry=Singlet   Space symmetry=1
 Number of states:        1
 Number of CSFs:          1   (1 determinants, 1 intermediate states)

 State symmetry 1

 Number of electrons:   -22    Spin symmetry=Singlet   Space symmetry=1
 Number of states:        1
 Number of CSFs:          0   (1 determinants, 0 intermediate states)

 Molecular orbitals read from record     4202.2  Type=RHF/CANONICAL (state 1.1)

 EXTRA SYMMETRY OF MOS IN SYMMETRY 1:   1 3 2 1 3 2 1 1 2 3   2 3 1 6 5 4 3 2 1 6   4 5 6 5 4 1 3 2 1 4   6 5 2 3 1 4 6 5 3 2
                                        1 3 2 4 6 5 1 3 2 1   3 2 1 3 2 1 1 3 2 1   3 2 1 1 3 2 1 3 2 1   1 1 1 1 1 1 1
 *** IN SYMMETRY 2 ORBITAL  2 SYMMETRY CONTAMINATION OF 0.161D+00 HAS BEEN REMOVED
 *** IN SYMMETRY 2 ORBITAL  3 SYMMETRY CONTAMINATION OF 0.161D+00 HAS BEEN REMOVED
 EXTRA SYMMETRY OF MOS IN SYMMETRY 2:   1 2 3 1 1 3 2 1 3 2   1 2 3 6 5 4 2 3 1 2   3 4 5 6 1 1 2 3 4 5   6 1 2 3 4 5 6 1 1 1
                                        2 3 1 1 2 3 1 1 1 1   1 1 1 1
 *** IN SYMMETRY 3 ORBITAL  2 SYMMETRY CONTAMINATION OF 0.205D+00 HAS BEEN REMOVED
 *** IN SYMMETRY 3 ORBITAL  3 SYMMETRY CONTAMINATION OF 0.205D+00 HAS BEEN REMOVED
 EXTRA SYMMETRY OF MOS IN SYMMETRY 3:   1 2 3 1 1 3 2 1 2 3   1 2 3 6 4 5 2 3 1 2   3 5 4 6 1 1 2 3 5 4   6 1 2 3 5 4 6 1 1 1
                                        2 3 1 1 2 3 1 1 1 1   1 1 1 1
 EXTRA SYMMETRY OF MOS IN SYMMETRY 4:   1 1 1 1 3 2 1 3 2 2   3 1 2 3 1 2 3 1 1 2   3 1 1 1 1 1 1 1
 *** IN SYMMETRY 5 ORBITAL  2 SYMMETRY CONTAMINATION OF 0.451D+00 HAS BEEN REMOVED
 *** IN SYMMETRY 5 ORBITAL  3 SYMMETRY CONTAMINATION OF 0.451D+00 HAS BEEN REMOVED
 EXTRA SYMMETRY OF MOS IN SYMMETRY 5:   1 2 3 1 1 3 2 1 3 2   1 3 2 5 6 4 2 3 1 2   3 6 5 4 1 1 2 3 6 5   4 1 2 3 6 5 4 1 1 1
                                        2 3 1 1 2 3 1 1 1 1   1 1 1 1
 EXTRA SYMMETRY OF MOS IN SYMMETRY 6:   1 1 1 1 3 2 1 3 2 2   3 1 2 3 1 2 3 1 1 2   3 1 1 1 1 1 1 1
 EXTRA SYMMETRY OF MOS IN SYMMETRY 7:   1 1 1 1 3 2 1 3 2 2   3 1 2 3 1 2 3 1 1 2   3 1 1 1 1 1 1 1
 EXTRA SYMMETRY OF MOS IN SYMMETRY 8:   1 1 1 1 2 3 1 1 3 2   1 3 2 1 3 2 1 1

 Wavefunction dump at record             5202.2

 Convergence thresholds  0.10E-01 (gradient)  0.10E-05 (energy)  0.10E-02 (step length)

 Number of orbital rotations:      552   (     0 Core/Active    552 Core/Virtual   0 Active/Active      0 Active/Virtual)
 Total number of variables:        553


 ITER. MIC  NCI  NEG     ENERGY(VAR)     ENERGY(PROJ)   ENERGY CHANGE     GRAD(0)  GRAD(ORB)   GRAD(CI)     STEP       TIME

   1   27    4    0    -208.92147088    -208.92147088   -0.00000000    0.00001828 0.00000000 0.00000000  0.17D-05      0.38

 ** WVFN ****  CONVERGENCE REACHED, FINAL GRADIENT:  0.20D-08


 First order charge density matrix for state 1.1 saved on record  5202.2 (density set 1)

 Results for state 1.1
 =====================

 !MCSCF STATE 1.1 Energy             -208.921470875824
 Nuclear energy                         0.00000000
 Kinetic energy                       173.03394594
 One electron energy                 -377.44370727
 Two electron energy                  168.52223640
 Virial ratio                           2.20740164

 !MCSCF STATE 1.1 Dipole moment         0.00000000     0.00000000     0.00000000
 Dipole moment /Debye                   0.00000000     0.00000000     0.00000000


 NATURAL ORBITALS
 ================

   Orb     Occ        Energy       Coefficients

                                   1 1s      1 1s      1 1s      1 1s      1 1s      1 1s      1 1s      1 1s      1 1s      1 1s   
                                   1 1s      1 1s      1 1s      1 1s      1 1s      1 1s      1 1s      1 1s      1 1s      1 1s   
                                   1 1s      1 1s      1 1s      1 1s      1 1s      1 1s      1 1s      1 3d0     1 3d2+    1 3d0  
                                   1 3d2+    1 3d0     1 3d2+    1 3d0     1 3d2+    1 3d0     1 3d2+    1 3d0     1 3d2+    1 3d0  
                                   1 3d2+    1 3d0     1 3d2+    1 3d0     1 3d2+    1 3d0     1 3d2+    1 3d0     1 3d2+    1 3d0  
                                   1 3d2+    1 3d0     1 3d2+    1 3d0     1 3d2+    1 3d0     1 3d2+    1 3d0     1 3d2+    1 5g0  
                                   1 5g4+    1 5g2+    1 5g0     1 5g4+    1 5g2+    1 5g0     1 5g4+    1 5g2+    1 5g0     1 5g4+ 
                                   1 5g2+    1 5g0     1 5g4+    1 5g2+    1 5g0     1 5g4+    1 5g2+ 

   1.1  2.00000    -3.743971    -0.000000  0.000000 -0.000000  0.000000 -0.000000  0.000001 -0.000016  0.000024 -0.000394  0.000417
                                -0.000087  0.000623 -0.001158  0.001086 -0.045518  0.049899 -0.108725  0.263486  0.058775 -0.962173
                                 0.191423  0.916973  0.419933 -0.016371  0.011615 -0.003381  0.000735  0.000000  0.000000  0.000000
                                 0.000000  0.000000  0.000000  0.000000  0.000000  0.000000  0.000000  0.000000  0.000000  0.000000
                                 0.000000  0.000000  0.000000  0.000000  0.000000  0.000000  0.000000  0.000000  0.000000  0.000000
                                 0.000000  0.000000  0.000000  0.000000  0.000000  0.000000  0.000000  0.000000  0.000000  0.000000
                                 0.000000  0.000000  0.000000  0.000000  0.000000  0.000000  0.000000  0.000000  0.000000  0.000000
                                 0.000000  0.000000  0.000000  0.000000  0.000000  0.000000  0.000000

                                   1 2px     1 2px     1 2px     1 2px     1 2px     1 2px     1 2px     1 2px     1 2px     1 2px  
                                   1 2px     1 2px     1 2px     1 2px     1 2px     1 2px     1 2px     1 2px     1 2px     1 2px  
                                   1 2px     1 2px     1 4f1+    1 4f3+    1 4f1+    1 4f3+    1 4f1+    1 4f3+    1 4f1+    1 4f3+ 
                                   1 4f1+    1 4f3+    1 4f1+    1 4f3+    1 4f1+    1 4f3+    1 4f1+    1 4f3+    1 4f1+    1 4f3+ 
                                   1 4f1+    1 4f3+    1 6h1+    1 6h3+    1 6h5+    1 6h1+    1 6h3+    1 6h5+    1 6h1+    1 6h3+ 
                                   1 6h5+    1 6h1+    1 6h3+    1 6h5+ 

   1.2  2.00000    -2.621191    -0.000000  0.000000 -0.000002  0.000012 -0.000079  0.001641 -0.002415  0.002122 -0.011110  0.019262
                                -0.042748  2.721068 -2.993591  0.417901 -0.228417 -0.420531  0.700358  0.593837  0.191573 -0.022679
                                 0.008797 -0.001949  0.000000  0.000000  0.000000  0.000000  0.000000  0.000000  0.000000  0.000000
                                 0.000000  0.000000  0.000000  0.000000  0.000000  0.000000  0.000000  0.000000  0.000000  0.000000
                                 0.000000  0.000000  0.000000  0.000000  0.000000  0.000000  0.000000  0.000000  0.000000  0.000000
                                 0.000000  0.000000  0.000000  0.000000

   2.2  2.00000    -1.227439     0.000000  0.000000  0.000000  0.000000  0.000000  0.000000  0.000000  0.000000  0.000000  0.000000
                                 0.000000  0.000000  0.000000  0.000000  0.000000  0.000000  0.000000  0.000000  0.000000  0.000000
                                 0.000000  0.000000 -0.000003  0.000000  0.000161  0.000000 -0.009747  0.000000 -0.209399  0.000000
                                -0.321960  0.000000 -0.400820  0.000000 -0.299359  0.000000 -0.111611  0.000000 -0.042335  0.000000
                                 0.007652  0.000000  0.000000  0.000000  0.000000  0.000000  0.000000  0.000000  0.000000  0.000000
                                 0.000000  0.000000  0.000000  0.000000

   3.2  2.00000    -1.227439     0.000000  0.000000  0.000000  0.000000  0.000000  0.000000  0.000000  0.000000  0.000000  0.000000
                                 0.000000  0.000000  0.000000  0.000000  0.000000  0.000000  0.000000  0.000000  0.000000  0.000000
                                 0.000000  0.000000  0.000000  0.000003  0.000000 -0.000161  0.000000  0.009747  0.000000  0.209399
                                 0.000000  0.321960  0.000000  0.400820  0.000000  0.299359  0.000000  0.111611  0.000000  0.042335
                                 0.000000 -0.007652  0.000000  0.000000  0.000000  0.000000  0.000000  0.000000  0.000000  0.000000
                                 0.000000  0.000000  0.000000  0.000000

                                   1 2py     1 2py     1 2py     1 2py     1 2py     1 2py     1 2py     1 2py     1 2py     1 2py  
                                   1 2py     1 2py     1 2py     1 2py     1 2py     1 2py     1 2py     1 2py     1 2py     1 2py  
                                   1 2py     1 2py     1 4f1-    1 4f3-    1 4f1-    1 4f3-    1 4f1-    1 4f3-    1 4f1-    1 4f3- 
                                   1 4f1-    1 4f3-    1 4f1-    1 4f3-    1 4f1-    1 4f3-    1 4f1-    1 4f3-    1 4f1-    1 4f3- 
                                   1 4f1-    1 4f3-    1 6h1-    1 6h3-    1 6h5-    1 6h1-    1 6h3-    1 6h5-    1 6h1-    1 6h3- 
                                   1 6h5-    1 6h1-    1 6h3-    1 6h5- 

   1.3  2.00000    -2.621191    -0.000000  0.000000 -0.000002  0.000012 -0.000079  0.001641 -0.002415  0.002122 -0.011110  0.019262
                                -0.042748  2.721068 -2.993591  0.417901 -0.228417 -0.420531  0.700358  0.593837  0.191573 -0.022679
                                 0.008797 -0.001949  0.000000  0.000000  0.000000  0.000000  0.000000  0.000000  0.000000  0.000000
                                 0.000000  0.000000  0.000000  0.000000  0.000000  0.000000  0.000000  0.000000  0.000000  0.000000
                                 0.000000  0.000000  0.000000  0.000000  0.000000  0.000000  0.000000  0.000000  0.000000  0.000000
                                 0.000000  0.000000  0.000000  0.000000

   2.3  2.00000    -1.227439     0.000000  0.000000  0.000000  0.000000  0.000000  0.000000  0.000000  0.000000  0.000000  0.000000
                                 0.000000  0.000000  0.000000  0.000000  0.000000  0.000000  0.000000  0.000000  0.000000  0.000000
                                 0.000000  0.000000  0.000003  0.000000 -0.000161  0.000000  0.009747  0.000000  0.209399  0.000000
                                 0.321960  0.000000  0.400820  0.000000  0.299359  0.000000  0.111611  0.000000  0.042335  0.000000
                                -0.007652  0.000000  0.000000  0.000000  0.000000  0.000000  0.000000  0.000000  0.000000  0.000000
                                 0.000000  0.000000  0.000000  0.000000

   3.3  2.00000    -1.227439     0.000000  0.000000  0.000000  0.000000  0.000000  0.000000  0.000000  0.000000  0.000000  0.000000
                                 0.000000  0.000000  0.000000  0.000000  0.000000  0.000000  0.000000  0.000000  0.000000  0.000000
                                 0.000000  0.000000  0.000000  0.000003  0.000000 -0.000161  0.000000  0.009747  0.000000  0.209399
                                 0.000000  0.321960  0.000000  0.400820  0.000000  0.299359  0.000000  0.111611  0.000000  0.042335
                                 0.000000 -0.007652  0.000000  0.000000  0.000000  0.000000  0.000000  0.000000  0.000000  0.000000
                                 0.000000  0.000000  0.000000  0.000000

                                   1 2pz     1 2pz     1 2pz     1 2pz     1 2pz     1 2pz     1 2pz     1 2pz     1 2pz     1 2pz  
                                   1 2pz     1 2pz     1 2pz     1 2pz     1 2pz     1 2pz     1 2pz     1 2pz     1 2pz     1 2pz  
                                   1 2pz     1 2pz     1 4f0     1 4f2+    1 4f0     1 4f2+    1 4f0     1 4f2+    1 4f0     1 4f2+ 
                                   1 4f0     1 4f2+    1 4f0     1 4f2+    1 4f0     1 4f2+    1 4f0     1 4f2+    1 4f0     1 4f2+ 
                                   1 4f0     1 4f2+    1 6h2+    1 6h4+    1 6h0     1 6h2+    1 6h4+    1 6h0     1 6h2+    1 6h4+ 
                                   1 6h0     1 6h2+    1 6h4+    1 6h0  

   1.5  2.00000    -2.621191    -0.000000  0.000000 -0.000002  0.000012 -0.000079  0.001641 -0.002415  0.002122 -0.011110  0.019262
                                -0.042748  2.721068 -2.993591  0.417901 -0.228417 -0.420531  0.700358  0.593837  0.191573 -0.022679
                                 0.008797 -0.001949  0.000000  0.000000  0.000000  0.000000  0.000000  0.000000  0.000000  0.000000
                                 0.000000  0.000000  0.000000  0.000000  0.000000  0.000000  0.000000  0.000000  0.000000  0.000000
                                 0.000000  0.000000  0.000000  0.000000  0.000000  0.000000  0.000000  0.000000  0.000000  0.000000
                                 0.000000  0.000000  0.000000  0.000000

   2.5  2.00000    -1.227439     0.000000 -0.000000  0.000000 -0.000000  0.000000 -0.000000  0.000000 -0.000000  0.000000 -0.000000
                                 0.000000 -0.000000  0.000000 -0.000000  0.000000  0.000000 -0.000000 -0.000000 -0.000000  0.000000
                                -0.000000  0.000000  0.000003  0.000000 -0.000161  0.000000  0.009747  0.000000  0.209399  0.000000
                                 0.321960  0.000000  0.400820  0.000000  0.299359  0.000000  0.111611  0.000000  0.042335  0.000000
                                -0.007652  0.000000  0.000000  0.000000  0.000000  0.000000  0.000000  0.000000  0.000000  0.000000
                                 0.000000  0.000000  0.000000  0.000000

   3.5  2.00000    -1.227439     0.000000  0.000000  0.000000  0.000000  0.000000  0.000000  0.000000  0.000000  0.000000  0.000000
                                 0.000000  0.000000  0.000000  0.000000  0.000000  0.000000  0.000000  0.000000  0.000000  0.000000
                                 0.000000  0.000000  0.000000  0.000003  0.000000 -0.000161  0.000000  0.009747  0.000000  0.209399
                                 0.000000  0.321960  0.000000  0.400820  0.000000  0.299359  0.000000  0.111611  0.000000  0.042335
                                 0.000000 -0.007652  0.000000  0.000000  0.000000  0.000000  0.000000  0.000000  0.000000  0.000000
                                 0.000000  0.000000  0.000000  0.000000

                                   1 4f2-    1 4f2-    1 4f2-    1 4f2-    1 4f2-    1 4f2-    1 4f2-    1 4f2-    1 4f2-    1 4f2- 
                                   1 6h4-    1 6h2-    1 6h4-    1 6h2-    1 6h4-    1 6h2-    1 6h4-    1 6h2- 

   1.8  2.00000    -1.227439     0.000003 -0.000161  0.009747  0.209399  0.321960  0.400820  0.299359  0.111611  0.042335 -0.007652
                                 0.000000  0.000000  0.000000  0.000000  0.000000  0.000000  0.000000  0.000000

 Total charge:   3.000000000000
 

 EXTRA SYMMETRY OF MOS IN SYMMETRY 1:   1 2 3 1 3 2 1 1 3 2   3 2 1 6 4 5 3 2 1 6   4 5 4 6 5 1 2 3 1 4   6 5 2 3 1 6 4 5 2 3
                                        1 3 2 6 4 5 1 3 2 1   2 3 1 2 3 1 1 2 3 1   3 2 1 1 3 2 1 3 2 1   1 1 1 1 1 1 1
 EXTRA SYMMETRY OF MOS IN SYMMETRY 2:   1 2 3 1 1 3 2 1 2 3   1 2 3 5 6 4 3 2 1 3   2 5 6 4 1 1 3 2 6 5   4 1 2 3 6 5 4 1 1 1
                                        3 2 1 1 2 3 1 1 1 1   1 1 1 1
 EXTRA SYMMETRY OF MOS IN SYMMETRY 3:   1 2 3 1 1 2 3 1 2 3   1 3 2 6 4 5 3 2 1 3   2 6 5 4 1 1 2 3 5 6   4 1 3 2 6 4 5 1 1 1
                                        2 3 1 1 3 2 1 1 1 1   1 1 1 1
 EXTRA SYMMETRY OF MOS IN SYMMETRY 4:   1 1 1 1 3 2 1 3 2 3   2 1 3 2 1 2 3 1 1 2   3 1 1 1 1 1 1 1
 EXTRA SYMMETRY OF MOS IN SYMMETRY 5:   1 2 3 1 1 3 2 1 2 3   1 3 2 4 6 5 2 3 1 2   3 6 4 5 1 1 3 2 5 4   6 1 2 3 6 4 5 1 1 1
                                        2 3 1 1 3 2 1 1 1 1   1 1 1 1
 EXTRA SYMMETRY OF MOS IN SYMMETRY 6:   1 1 1 1 3 2 1 2 3 2   3 1 3 2 1 3 2 1 1 3   2 1 1 1 1 1 1 1
 EXTRA SYMMETRY OF MOS IN SYMMETRY 7:   1 1 1 1 3 2 1 2 3 2   3 1 2 3 1 2 3 1 1 3   2 1 1 1 1 1 1 1
 EXTRA SYMMETRY OF MOS IN SYMMETRY 8:   1 1 1 1 3 2 1 1 3 2   1 2 3 1 2 3 1 1

 Natural orbital dump at molpro section  5202.2    (Orbital set 2)


 CI vector
 =========

              1.0000000

 TOTAL ENERGIES                      -208.92147088



 **********************************************************************************************************************************
 DATASETS  * FILE   NREC   LENGTH (MB)   RECORD NAMES
              1      20       32.90       500      610      700      900      950      970     1000      129      960     1100   
                                          VAR    BASINP    GEOM    SYMINP    ZMAT    AOBASIS   BASIS     P2S    ABASIS      S 
                                         1400     1410     1420     1200     1210     1080     1600     1650     1700     1380   
                                           T        V       ECP      H0       H01     AOSYM     SMH    MOLCAS    OPER     JKOP   

              2       6        9.02       200      700     1000      520     4202     5202   
                                        OPTIONS   GEOM     BASIS   MCVARS     RHF     MCSCF   

 PROGRAMS   *        TOTAL     MULTI       POP       RHF       INT
 CPU TIMES  *        31.96      0.72      0.01      0.73     30.16
 REAL TIME  *        34.63 SEC
 DISK USED  *         3.39 GB      
 SF USED    *        43.17 MB      
 GA USED    *         0.00 MB       (max)       0.00 MB       (current)
 **********************************************************************************************************************************


 PROGRAM * RHF-SCF (CLOSED SHELL)       Authors: W. Meyer, H.-J. Werner


 NUMBER OF ELECTRONS:      11+   11-    SPACE SYMMETRY=1    SPIN SYMMETRY: Singlet 
 CONVERGENCE THRESHOLDS:    1.00E-05 (Density)    1.00E-07 (Energy)
 MAX. NUMBER OF ITERATIONS:        0
 INTERPOLATION TYPE:            DIIS
 INTERPOLATION STEPS:              2 (START)      1 (STEP)
 LEVEL SHIFTS:                  0.00 (CLOSED)  0.00 (OPEN) 

 Number of closed-shell orbitals:   11 (   1   3   3   0   3   0   0   1 )


 Molecular orbitals read from record     5202.2  Type=MCSCF/NATURAL (state 1.1)

 Molecular orbital dump at record        2124.2

 ITERATION    DDIFF          GRAD             ENERGY        2-EL.EN.            DIPOLE MOMENTS         DIIS   ORB.
    1      0.000D+00      0.000D+00      -208.92147088    337.044473    0.00000    0.00000    0.00000    0    start

 Final occupancy:   1   3   3   0   3   0   0   1

 !RHF STATE 1.1 Energy               -208.921470875823
 Nuclear energy                         0.00000000
 One-electron energy                 -377.44370727
 Two-electron energy                  168.52223640
 Virial quotient                       -1.20740164
 !RHF STATE 1.1 Dipole moment           0.00000000     0.00000000     0.00000000
 Dipole moment /Debye                   0.00000000     0.00000000     0.00000000

 Orbital energies:

         1.1          2.1          3.1
     -3.743971    -0.901982    -0.901982

         1.2          2.2          3.2          4.2          5.2
     -2.621191    -1.227439    -1.227439    -0.555049    -0.294247

         1.3          2.3          3.3          4.3          5.3
     -2.621191    -1.227439    -1.227439    -0.555049    -0.294247

         1.4          2.4
     -0.901982    -0.358089

         1.5          2.5          3.5          4.5          5.5
     -2.621191    -1.227439    -1.227439    -0.555049    -0.294247

         1.6          2.6
     -0.901982    -0.358089

         1.7          2.7
     -0.901982    -0.358089

         1.8          2.8          3.8
     -1.227439    -0.276825    -0.104760

 HOMO      3.2    -1.227439 =     -33.4003eV
 LUMO      2.1    -0.901982 =     -24.5442eV
 LUMO-HOMO         0.325457 =       8.8561eV


 **********************************************************************************************************************************
 DATASETS  * FILE   NREC   LENGTH (MB)   RECORD NAMES
              1      20       32.90       500      610      700      900      950      970     1000      129      960     1100   
                                          VAR    BASINP    GEOM    SYMINP    ZMAT    AOBASIS   BASIS     P2S    ABASIS      S 
                                         1400     1410     1420     1200     1210     1080     1600     1650     1700     1380   
                                           T        V       ECP      H0       H01     AOSYM     SMH    MOLCAS    OPER     JKOP   

              2       7       11.94       200      700     1000      520     4202     5202     2124   
                                        OPTIONS   GEOM     BASIS   MCVARS     RHF     MCSCF     RHF  

 PROGRAMS   *        TOTAL       RHF     MULTI       POP       RHF       INT
 CPU TIMES  *        32.02      0.06      0.72      0.01      0.73     30.16
 REAL TIME  *        34.75 SEC
 DISK USED  *         3.39 GB      
 SF USED    *        43.17 MB      
 GA USED    *         0.00 MB       (max)       0.00 MB       (current)
 **********************************************************************************************************************************
 SETTING SCF(11)        =      -208.92147088  AU                              
 SETTING _CC_NORM_MAX   =         2.00000000                                  


 PROGRAM * CCSD (Restricted open-shell coupled cluster)     Authors: C. Hampel, H.-J. Werner, 1991, M. Deegan, P.J. Knowles, 1992


 Convergence thresholds:  THRVAR = 1.00D-08  THRDEN = 1.00D-06

 CCSD(T)     terms to be evaluated (factor= 1.000)


 Number of closed-shell orbitals:  11 (   1   3   3   0   3   0   0   1 )
 Number of external orbitals:     330 (  76  51  51  28  51  28  28  17 )

 Memory could be reduced to 88.96 Mwords without degradation in triples

 Number of N-1 electron functions:              22
 Number of N-2 electron functions:             231
 Number of singly external CSFs:              1104
 Number of doubly external CSFs:           2414158
 Total number of CSFs:                     2415262

 Molecular orbitals read from record     2124.2  Type=RHF/CANONICAL (state 1.1)

 Integral transformation finished. Total CPU:   1.56 sec, npass=  1  Memory used:  17.15 MW

 Starting RMP2 calculation

 Wavefunction is spin-projected

 ITER.      SQ.NORM     CORR.ENERGY   TOTAL ENERGY   ENERGY CHANGE        DEN1      VAR(S)    VAR(P)  DIIS     TIME
   1      1.81880929    -2.62116489  -211.54263577    -2.62116489    -0.06071123  0.63D-24  0.40D-01  1  1     1.84
   2      1.96918442    -2.69696324  -211.61843412    -0.07579835    -0.00350009  0.11D-25  0.29D-02  2  2     2.04
   3      2.02565865    -2.71519493  -211.63666581    -0.01823169    -0.00003355  0.77D-27  0.18D-04  3  3     2.32
   4      2.02827952    -2.71565310  -211.63712397    -0.00045817    -0.00000027  0.22D-28  0.14D-06  4  4     2.93
   5      2.02832304    -2.71565806  -211.63712894    -0.00000496    -0.00000000  0.46D-30  0.14D-08  5  5     3.37
   6      2.02832414    -2.71565844  -211.63712932    -0.00000038    -0.00000000  0.84D-32  0.80D-11  6  6     3.82

 Norm of t1 vector:      0.00000000      S-energy:    -0.00000000      T1 diagnostic:  0.00000000
 Norm of t2 vector:      1.01406318      P-energy:    -2.71565844
                                         Alpha-Beta:  -1.80024917
                                         Alpha-Alpha: -0.45770463
                                         Beta-Beta:   -0.45770463

 Spin contamination <S**2-Sz**2-Sz>     0.00000000
  Reference energy                   -208.921470875824
  RHF-RMP2 correlation energy          -2.715658443605
 !RHF-RMP2 energy                    -211.637129319429
 (NB above energy spin projected)

 Starting RCCSD calculation

 ITER.      SQ.NORM     CORR.ENERGY   TOTAL ENERGY   ENERGY CHANGE        DEN1      VAR(S)    VAR(P)  DIIS     TIME
   1      1.24469055    -1.59346890  -210.51493978    -1.59346890    -0.35234145  0.24D-02  0.88D-01  0  0     5.67
   2      1.40732947    -1.94430127  -210.86577215    -0.35083237    -0.07105128  0.14D-02  0.25D-01  0  0     7.14
   3      1.36217213    -1.80582166  -210.72729253     0.13847961    -0.01548057  0.69D-03  0.45D-02  1  1     8.65
   4      1.39092666    -1.85149098  -210.77296186    -0.04566932    -0.00133152  0.60D-05  0.10D-02  2  2    10.21
   5      1.41098723    -1.85564245  -210.77711332    -0.00415147    -0.00066216  0.37D-05  0.51D-03  3  3    11.75
   6      1.44735084    -1.85994087  -210.78141175    -0.00429843    -0.00013892  0.56D-06  0.10D-03  4  4    13.31
   7      1.46672581    -1.86235343  -210.78382431    -0.00241255    -0.00001263  0.24D-06  0.77D-05  5  5    14.95
   8      1.46907902    -1.86251795  -210.78398883    -0.00016452    -0.00000390  0.21D-08  0.28D-05  6  6    16.62
   9      1.46943559    -1.86247524  -210.78394612     0.00004271    -0.00000056  0.70D-09  0.40D-06  7  7    18.32
  10      1.46962566    -1.86258705  -210.78405793    -0.00011181    -0.00000011  0.15D-08  0.85D-07  8  8    20.08
  11      1.46967605    -1.86254947  -210.78402035     0.00003758    -0.00000002  0.53D-10  0.81D-08  9  9    21.85
  12      1.46967714    -1.86253727  -210.78400815     0.00001220    -0.00000000  0.96D-11  0.37D-09 10 10    23.77
  13      1.46969507    -1.86254119  -210.78401207    -0.00000392    -0.00000000  0.46D-12  0.43D-10 11 11    25.78
  14      1.46969805    -1.86254149  -210.78401237    -0.00000030    -0.00000000  0.11D-12  0.12D-10 12 12    27.64

 Norm of t1 vector:      0.03339333      S-energy:    -0.00000000      T1 diagnostic:  0.00503423
                                                                       D1 diagnostic:  0.00796993
 Norm of t2 vector:      0.68453118      P-energy:    -1.86254149
                                         Alpha-Beta:  -1.36253059
                                         Alpha-Alpha: -0.25000545
                                         Beta-Beta:   -0.25000545

 Doubles amplitudes (print threshold =  0.500E-01):

         I         J         SYM. A    SYM. B    A         B      T(IJ, AB) [Alpha-Beta]

         3         3         1         1         1         1     -0.06594648
         3         3         6         6         1         1     -0.08639072
         4         4         1         1         2         2     -0.07790957
         4         4         4         4         1         1     -0.07790957
         6         6         1         1         1         1     -0.06594648
         6         6         7         7         1         1     -0.08639072
         7         7         1         1         2         2     -0.07790957
         7         7         4         4         1         1     -0.07790957
         9         9         1         1         1         1     -0.10142726
        10        10         1         1         2         2     -0.06439030
        10        10         6         6         1         1     -0.06439030
        10        10         7         7         1         1     -0.06439030
        11        11         4         4         1         1     -0.06439030
        11        11         6         6         1         1     -0.06439030
        11        11         7         7         1         1     -0.06439030

 Spin contamination <S**2-Sz**2-Sz>     0.00000000

 Memory could be reduced to 91.15 Mwords without degradation in triples
 

 RESULTS
 =======

  Reference energy                   -208.921470875824
  RCCSD singles energy                 -0.000000000000
  RCCSD pair energy                    -1.862541494095
  RCCSD correlation energy             -1.862541494096
  Triples (T) contribution             -0.234008010546
  Total correlation energy             -2.096549504641
 
  RHF-RCCSD energy                   -210.784012369919
  RHF-RCCSD[T] energy                -211.021639856108
  RHF-RCCSD-T energy                 -211.013584516751
 !RHF-RCCSD(T) energy                -211.018020380465

 Program statistics:

 Available memory in ccsd:               999998822
 Min. memory needed in ccsd:               6959727
 Max. memory used in ccsd:                 9953480
 Max. memory used in cckext:               7663708 (14 integral passes)
 Max. memory used in cckint:              17147559 ( 1 integral passes)



 **********************************************************************************************************************************
 DATASETS  * FILE   NREC   LENGTH (MB)   RECORD NAMES
              1      20       32.90       500      610      700      900      950      970     1000      129      960     1100   
                                          VAR    BASINP    GEOM    SYMINP    ZMAT    AOBASIS   BASIS     P2S    ABASIS      S 
                                         1400     1410     1420     1200     1210     1080     1600     1650     1700     1380   
                                           T        V       ECP      H0       H01     AOSYM     SMH    MOLCAS    OPER     JKOP   

              2       7       11.94       200      700     1000      520     4202     5202     2124   
                                        OPTIONS   GEOM     BASIS   MCVARS     RHF     MCSCF     RHF  

 PROGRAMS   *        TOTAL  RCCSD(T)       RHF     MULTI       POP       RHF       INT
 CPU TIMES  *        97.19     65.17      0.06      0.72      0.01      0.73     30.16
 REAL TIME  *       115.48 SEC
 DISK USED  *        10.26 GB      
 SF USED    *         1.45 GB      
 GA USED    *         0.00 MB       (max)       0.00 MB       (current)
 **********************************************************************************************************************************
 SETTING CCSD(11)       =      -211.01802038  AU                              
 Output type csv         
                                                                                                                                                                                                                                                                

        SCF,CCSD
      0.0000000,      0.0000000
      0.0000000,      0.0000000
      0.0000000,      0.0000000
      0.0000000,      0.0000000
      0.0000000,      0.0000000
      0.0000000,      0.0000000
      0.0000000,      0.0000000
      0.0000000,      0.0000000
      0.0000000,      0.0000000
      0.0000000,      0.0000000
   -208.9214709,   -211.0180204
                                                  

 RCCSD(T)/USERDEF energy=   -211.018020380465

        RCCSD(T)        RHF-SCF         MULTI           RHF-SCF 
   -211.01802038   -208.92147088   -208.92147088   -208.92147088
 **********************************************************************************************************************************
 Molpro calculation terminated
 Variable memory released
