
 Primary working directories    : /global/cscratch1/sd/haihan
 Secondary working directories  : /global/cscratch1/sd/haihan
 Wavefunction directory         : /global/homes/h/haihan/Research/ECP/f_group_element_ecps/Lu/Molpro/atom/ECP46/wfu/
 Main file repository           : /global/cscratch1/sd/haihan/

 SHA1      : 19cd028119e0e09f93f0674bd8af7968d9b3eff6
 NAME      : 2015.1.36
 ARCHNAME  : linux/x86_64
 FC        : /opt/cray/pe/craype/2.5.14/bin/ftn
 BLASLIB   : -L/opt/intel/compilers_and_libraries_2018.1.163/linux/mkl/lib/intel64 -Wl,-_start-group -lmkl_intel_ilp64 -lmkl_intel_thread -lmkl_core -Wl,-_end-group -liomp5
 id        : lbl

 Nodes     nprocs
 nid01060    11
 Number of processes for MPI-2 version of Molpro:   nprocs(total)=   12   nprocs(compute)=   11   nprocs(helper)=    1

 Using customized tuning parameters: mindgm=7; mindgv=16; mindgc=1; mindgr=1; noblas=0; minvec=7
 default implementation of scratch files=sf  

 ***,Calculation for Lu atom, singlet and triplet
 memory,1,g
 
 gthresh,twoint=1.e-15
 gthresh,oneint=1.e-15
 
 
 geometry={
 1
 Lu
 Lu  0.0 0.0 0.0
 }
 
 basis={
 ECP,Lu,46,4,0;
 4                                                                               !ul
 1,    4.526254,   25.000000
 3,    3.879308,   113.15635
 2,    4.406058,  -85.722649
 2,    1.899664,   -3.133952
 2                                                                               !s
 2,    8.996757,  161.119164
 2,    5.104371,   89.334835
 2                                                                               !p
 2,    7.640657,   88.693021
 2,    3.878305,   57.109488
 2                                                                               !d
 2,    7.456305,   55.901690
 2,    2.530445,   29.364333
 2                                                                               !f
 2,    4.939345,  -23.952530
 2,    3.912490,   -7.090915
 Including file /global/u2/h/haihan/Research/ECP/f_group_element_ecps/Lu/Molpro/atom/ECP46/14/../aug-cc-pwCVTZ.basis
 }
 
 
 
 Including file /global/u2/h/haihan/Research/ECP/f_group_element_ecps/Lu/Molpro/atom/ECP46/14/../Lu46_states_ecp.proc
 
 do i=14,14
     if (i.eq.1) then
         Id1s2
     else if (i.eq.2) then
         Ip1s2
     else if (i.eq.3) then
         IEd2s1
     else if (i.eq.4) then
         IEf1s2
     else if (i.eq.5) then
         IIds2
     else if (i.eq.6) then
         IId1s1
     else if (i.eq.7) then
         IIIds1
     else if (i.eq.8) then
         IIIp1
     else if (i.eq.9) then
         IIId1
     else if (i.eq.10) then
         IIIEf1
     else if (i.eq.11) then
         VIp6
     else if (i.eq.12) then
         VIIp5
     else if (i.eq.13) then
         VIIIp4
     else if (i.eq.14) then
         IXp3
     else if (i.eq.15) then
         Xp
     else if (i.eq.16) then
         XIds2
     else if (i.eq.17) then
         IIIEf2
     endif
     scf(i)=energy
     _CC_NORM_MAX=2.0
     {rccsd(t),shifts=0.5,shiftp=0.5,thrdis=1.0;diis,1,1,15,1;maxit,100;core}
     ccsd(i)=energy
 enddo
 
 table,scf,ccsd
 type,csv
 save

 Variables initialized (889), CPU time= 0.01 sec
 Commands  initialized (702), CPU time= 0.01 sec, 572 directives.
 Default parameters read. Elapsed time= 0.12 sec

 Checking input...
 Passed
1


                                         ***  PROGRAM SYSTEM MOLPRO  ***
                                       Copyright, TTI GmbH Stuttgart, 2015
                                    Version 2015.1 linked Dec 29 2018 15:55:43


 **********************************************************************************************************************************
 LABEL *   Calculation for Lu atom, singlet and triplet                                  
  64 bit mpp version                                                                     DATE: 30-Mar-23          TIME: 06:23:40  
 **********************************************************************************************************************************

 SHA1:             19cd028119e0e09f93f0674bd8af7968d9b3eff6
 **********************************************************************************************************************************

 THRESHOLDS:

 ZERO    =  1.00D-12  ONEINT  =  1.00D-12  TWOINT  =  1.00D-15  PREFAC  =  1.00D-14  LOCALI  =  1.00D-09  EORDER  =  1.00D-04
 ENERGY  =  0.00D+00  ETEST   =  0.00D+00  EDENS   =  0.00D+00  THRDEDEF=  1.00D-06  GRADIENT=  1.00D-02  STEP    =  1.00D-03
 ORBITAL =  1.00D-05  CIVEC   =  1.00D-05  COEFF   =  1.00D-04  PRINTCI =  5.00D-02  PUNCHCI =  9.90D+01  OPTGRAD =  3.00D-04
 OPTENERG=  1.00D-06  OPTSTEP =  3.00D-04  THRGRAD =  1.00D-10  COMPRESS=  1.00D-11  VARMIN  =  1.00D-07  VARMAX  =  1.00D-03
 THRDOUB =  0.00D+00  THRDIV  =  1.00D-05  THRRED  =  1.00D-07  THRPSP  =  1.00D+00  THRDC   =  1.00D-10  THRCS   =  1.00D-10
 THRNRM  =  1.00D-08  THREQ   =  0.00D+00  THRDE   =  1.00D+00  THRREF  =  1.00D-05  SPARFAC =  1.00D+00  THRDLP  =  1.00D-07
 THRDIA  =  1.00D-10  THRDLS  =  1.00D-07  THRGPS  =  0.00D+00  THRKEX  =  0.00D+00  THRDIS  =  2.00D-01  THRVAR  =  1.00D-10
 THRLOC  =  1.00D-06  THRGAP  =  1.00D-06  THRLOCT = -1.00D+00  THRGAPT = -1.00D+00  THRORB  =  1.00D-06  THRMLTP =  0.00D+00
 THRCPQCI=  1.00D-10  KEXTA   =  0.00D+00  THRCOARS=  0.00D+00  SYMTOL  =  1.00D-06  GRADTOL =  1.00D-06  THROVL  =  1.00D-08
 THRORTH =  1.00D-08  GRID    =  1.00D-06  GRIDMAX =  1.00D-03  DTMAX   =  0.00D+00  THROCCDE=  1.00D-01  THROCCDE=  1.00D-01



 THRESHOLDS:

 ZERO    =  1.00D-12  ONEINT  =  1.00D-15  TWOINT  =  1.00D-15  PREFAC  =  1.00D-14  LOCALI  =  1.00D-09  EORDER  =  1.00D-04
 ENERGY  =  0.00D+00  ETEST   =  0.00D+00  EDENS   =  0.00D+00  THRDEDEF=  1.00D-06  GRADIENT=  1.00D-02  STEP    =  1.00D-03
 ORBITAL =  1.00D-05  CIVEC   =  1.00D-05  COEFF   =  1.00D-04  PRINTCI =  5.00D-02  PUNCHCI =  9.90D+01  OPTGRAD =  3.00D-04
 OPTENERG=  1.00D-06  OPTSTEP =  3.00D-04  THRGRAD =  1.00D-10  COMPRESS=  1.00D-11  VARMIN  =  1.00D-07  VARMAX  =  1.00D-03
 THRDOUB =  0.00D+00  THRDIV  =  1.00D-05  THRRED  =  1.00D-07  THRPSP  =  1.00D+00  THRDC   =  1.00D-10  THRCS   =  1.00D-10
 THRNRM  =  1.00D-08  THREQ   =  0.00D+00  THRDE   =  1.00D+00  THRREF  =  1.00D-05  SPARFAC =  1.00D+00  THRDLP  =  1.00D-07
 THRDIA  =  1.00D-10  THRDLS  =  1.00D-07  THRGPS  =  0.00D+00  THRKEX  =  0.00D+00  THRDIS  =  2.00D-01  THRVAR  =  1.00D-10
 THRLOC  =  1.00D-06  THRGAP  =  1.00D-06  THRLOCT = -1.00D+00  THRGAPT = -1.00D+00  THRORB  =  1.00D-06  THRMLTP =  0.00D+00
 THRCPQCI=  1.00D-10  KEXTA   =  0.00D+00  THRCOARS=  0.00D+00  SYMTOL  =  1.00D-06  GRADTOL =  1.00D-06  THROVL  =  1.00D-08
 THRORTH =  1.00D-08  GRID    =  1.00D-06  GRIDMAX =  1.00D-03  DTMAX   =  0.00D+00  THROCCDE=  1.00D-01  THROCCDE=  1.00D-01



Geometry recognized as XYZ


 Variable memory set to 1000000000 words,  buffer space   230000 words

 SETTING BASIS          =    USERDEF

 DO I                   =        14.00000000   

 Running procedure=IXP3


 Recomputing integrals since basis changed


 Using spherical harmonics



 PROGRAM * SEWARD (Integral evaluation for generally contracted gaussian basis sets)     Author: Roland Lindh, 1990

 Geometry written to block  1 of record 700

 Orientation using atomic masses  
 Molecule type: Atom
 Symmetry elements: X,Y,Z
 Rotational constants:       0.0000000      0.0000000      0.0000000 GHz  (calculated with average atomic masses)

 Point group  D2h 



 ATOMIC COORDINATES

 NR  ATOM    CHARGE       X              Y              Z

   1  LU     25.00    0.000000000    0.000000000    0.000000000

 NUCLEAR CHARGE:                   25
 NUMBER OF PRIMITIVE AOS:         581
 NUMBER OF SYMMETRY AOS:          442
 NUMBER OF CONTRACTIONS:          442   ( 103Ag  +  70B3u +  70B2u +  36B1g +  70B1u +  36B2g +  36B3g +  21Au  )
 NUMBER OF CORE ORBITALS:           0   (   0Ag  +   0B3u +   0B2u +   0B1g +   0B1u +   0B2g +   0B3g +   0Au  )
 NUMBER OF VALENCE ORBITALS:       17   (   4Ag  +   3B3u +   3B2u +   1B1g +   3B1u +   1B2g +   1B3g +   1Au  )


 NUCLEAR REPULSION ENERGY    0.00000000

 EXTRA SYMMETRY OF AOS IN SYMMETRY 1:   1 1 1 1 1 1 1 1 1 1   1 1 1 1 1 1 1 1 1 1   1 1 1 1 1 1 1 1 1 1   1 1 1 1 1 1 1 1 2 3
                                        2 3 2 3 2 3 2 3 2 3   2 3 2 3 2 3 2 3 2 3   2 3 2 3 2 3 2 3 2 3   2 3 2 3 2 3 2 3 2 3
                                        2 3 4 5 6 4 5 6 4 5   6 4 5 6 4 5 6 4 5 6   4 5 6
 EXTRA SYMMETRY OF AOS IN SYMMETRY 2:   1 1 1 1 1 1 1 1 1 1   1 1 1 1 1 1 1 1 1 1   1 1 1 1 1 1 1 1 1 1   1 2 3 2 3 2 3 2 3 2
                                        3 2 3 2 3 2 3 2 3 2   3 2 3 2 3 2 3 2 3 2   3 4 5 6 4 5 6 4 5 6
 EXTRA SYMMETRY OF AOS IN SYMMETRY 3:   1 1 1 1 1 1 1 1 1 1   1 1 1 1 1 1 1 1 1 1   1 1 1 1 1 1 1 1 1 1   1 2 3 2 3 2 3 2 3 2
                                        3 2 3 2 3 2 3 2 3 2   3 2 3 2 3 2 3 2 3 2   3 4 5 6 4 5 6 4 5 6
 EXTRA SYMMETRY OF AOS IN SYMMETRY 4:   1 1 1 1 1 1 1 1 1 1   1 1 1 1 1 1 1 1 1 1   1 1 2 3 2 3 2 3 2 3   2 3 2 3 2 3
 EXTRA SYMMETRY OF AOS IN SYMMETRY 5:   1 1 1 1 1 1 1 1 1 1   1 1 1 1 1 1 1 1 1 1   1 1 1 1 1 1 1 1 1 1   1 2 3 2 3 2 3 2 3 2
                                        3 2 3 2 3 2 3 2 3 2   3 2 3 2 3 2 3 2 3 2   3 4 5 6 4 5 6 4 5 6
 EXTRA SYMMETRY OF AOS IN SYMMETRY 6:   1 1 1 1 1 1 1 1 1 1   1 1 1 1 1 1 1 1 1 1   1 1 2 3 2 3 2 3 2 3   2 3 2 3 2 3
 EXTRA SYMMETRY OF AOS IN SYMMETRY 7:   1 1 1 1 1 1 1 1 1 1   1 1 1 1 1 1 1 1 1 1   1 1 2 3 2 3 2 3 2 3   2 3 2 3 2 3
 EXTRA SYMMETRY OF AOS IN SYMMETRY 8:   1 1 1 1 1 1 1 1 1 1   1 1 1 1 1 2 3 2 3 2   3

 Eigenvalues of metric

         1 0.333E-06 0.964E-06 0.340E-05 0.186E-04 0.475E-04 0.703E-04 0.799E-04 0.799E-04
         2 0.960E-06 0.179E-05 0.251E-04 0.110E-03 0.525E-03 0.525E-03 0.534E-03 0.156E-02
         3 0.960E-06 0.179E-05 0.251E-04 0.110E-03 0.525E-03 0.525E-03 0.534E-03 0.156E-02
         4 0.799E-04 0.144E-03 0.223E-02 0.632E-02 0.897E-02 0.238E-01 0.240E-01 0.240E-01
         5 0.960E-06 0.179E-05 0.251E-04 0.110E-03 0.525E-03 0.525E-03 0.534E-03 0.156E-02
         6 0.799E-04 0.144E-03 0.223E-02 0.632E-02 0.897E-02 0.238E-01 0.240E-01 0.240E-01
         7 0.799E-04 0.144E-03 0.223E-02 0.632E-02 0.897E-02 0.238E-01 0.240E-01 0.240E-01
         8 0.525E-03 0.142E-01 0.219E-01 0.528E-01 0.103E+00 0.167E+00 0.268E+00 0.268E+00


 Contracted 2-electron integrals neglected if value below      1.0D-15
 AO integral compression algorithm  1   Integral accuracy      1.0D-15

     3531.866 MB (compressed) written to integral file ( 42.0%)

     Node minimum: 148.111 MB, node maximum: 431.489 MB


 NUMBER OF SORTED TWO-ELECTRON INTEGRALS:   55754337.     BUFFER LENGTH:  32768
 NUMBER OF SEGMENTS:   2  SEGMENT LENGTH:   31983219      RECORD LENGTH: 524288

 Memory used in sort:      32.54 MW

 SORT1 READ  1050599776. AND WROTE    32342641. INTEGRALS IN     94 RECORDS. CPU TIME:    25.20 SEC, REAL TIME:    29.65 SEC
 SORT2 READ   352987961. AND WROTE   613618504. INTEGRALS IN  11561 RECORDS. CPU TIME:     1.00 SEC, REAL TIME:     1.77 SEC

 Node minimum:    55639389.  Node maximum:    55868715. integrals

 OPERATOR DM      FOR CENTER  0  COORDINATES:    0.000000    0.000000    0.000000


 **********************************************************************************************************************************
 DATASETS  * FILE   NREC   LENGTH (MB)   RECORD NAMES
              1      19       21.26       500      610      700      900      950      970     1000      129      960     1100   
                                          VAR    BASINP    GEOM    SYMINP    ZMAT    AOBASIS   BASIS     P2S    ABASIS      S 
                                         1400     1410     1420     1200     1210     1080     1600     1650     1700   
                                           T        V       ECP      H0       H01     AOSYM     SMH    MOLCAS    OPER   

 PROGRAMS   *        TOTAL       INT
 CPU TIMES  *       158.02    157.71
 REAL TIME  *       165.46 SEC
 DISK USED  *         7.81 GB      
 GA USED    *         0.00 MB       (max)       0.00 MB       (current)
 **********************************************************************************************************************************


 PROGRAM * RHF-SCF (OPEN SHELL)       Authors: W. Meyer, H.-J. Werner


 NUMBER OF ELECTRONS:      11+    8-    SPACE SYMMETRY=8    SPIN SYMMETRY: Quartet 
 CONVERGENCE THRESHOLDS:    1.00E-05 (Density)    1.00E-07 (Energy)
 MAX. NUMBER OF ITERATIONS:       60
 INTERPOLATION TYPE:            DIIS
 INTERPOLATION STEPS:              2 (START)      1 (STEP)
 LEVEL SHIFTS:                 -0.60 (CLOSED) -0.30 (OPEN) 

 Number of closed-shell orbitals:    8 (   1   2   2   0   2   0   0   1 )
 Number of open-shell orbitals:      3 (   0   1   1   0   1   0   0   0 )


 
 Extra symmetries of mos in symmetry 2:   3   2   1
 Extra symmetries of mos in symmetry 3:   3   2   1
 Extra symmetries of mos in symmetry 5:   3   2   1
 Guess basis ATOMIC-GUESS,LU=ECP46_GUESS not found. No density guess!


 Molecular orbital dump at record        4202.2

 ITERATION    DDIFF          GRAD             ENERGY        2-EL.EN.            DIPOLE MOMENTS         DIIS   ORB.
    1      0.000D+00      0.000D+00      -171.99863271    389.663865    0.00000    0.00000    0.00000    0    start
    2      0.000D+00      0.357D+00      -161.80401359    144.774581    0.00000    0.00000    0.00000    0    diag,B
    3      0.128D+00      0.269D+00      -183.23548930    362.397443    0.00000    0.00000    0.00000    1    diag,B
    4      0.721D-01      0.291D+00      -197.71687186    305.084247    0.00000    0.00000    0.00000    2    diag,B
    5      0.485D-01      0.955D-01      -199.71676880    280.835614    0.00000    0.00000    0.00000    3    diag,B
    6      0.244D-01      0.217D-01      -199.83400952    273.669675    0.00000    0.00000    0.00000    4    diag,B
    7      0.912D-02      0.873D-03      -199.83439497    273.622738    0.00000    0.00000    0.00000    5    fixocc
    8      0.837D-03      0.390D-03      -199.83444361    273.735906    0.00000    0.00000    0.00000    6    diag,B
    9      0.179D-03      0.450D-04      -199.83444437    273.751917    0.00000    0.00000    0.00000    7    diag,B
   10      0.177D-04      0.459D-05      -199.83444438    273.753669    0.00000    0.00000    0.00000    8    orth
   11      0.439D-05      0.182D-06      -199.83444438    273.753704    0.00000    0.00000    0.00000    0    orth

 Final alpha occupancy:   1   3   3   0   3   0   0   1
 Final beta  occupancy:   1   2   2   0   2   0   0   1

 !RHF STATE 1.8 Energy               -199.834444377897
 Nuclear energy                         0.00000000
 One-electron energy                 -336.71129622
 Two-electron energy                  136.87685185
 Virial quotient                       -1.11030026
 !RHF STATE 1.8 Dipole moment           0.00000000     0.00000000     0.00000000
 Dipole moment /Debye                   0.00000000     0.00000000     0.00000000

 ELECTRON ORBITALS
 =================


   Orb  Occ    Energy  Couls-En    Coefficients

                                   1 1s      1 1s      1 1s      1 1s      1 1s      1 1s      1 1s      1 1s      1 1s      1 1s   
                                   1 1s      1 1s      1 1s      1 1s      1 1s      1 1s      1 1s      1 1s      1 1s      1 1s   
                                   1 1s      1 1s      1 1s      1 1s      1 1s      1 1s      1 1s      1 1s      1 1s      1 1s   
                                   1 1s      1 1s      1 1s      1 1s      1 1s      1 1s      1 1s      1 1s      1 3d0     1 3d2+ 
                                   1 3d0     1 3d2+    1 3d0     1 3d2+    1 3d0     1 3d2+    1 3d0     1 3d2+    1 3d0     1 3d2+ 
                                   1 3d0     1 3d2+    1 3d0     1 3d2+    1 3d0     1 3d2+    1 3d0     1 3d2+    1 3d0     1 3d2+ 
                                   1 3d0     1 3d2+    1 3d0     1 3d2+    1 3d0     1 3d2+    1 3d0     1 3d2+    1 3d0     1 3d2+ 
                                   1 3d0     1 3d2+    1 3d0     1 3d2+    1 3d0     1 3d2+    1 3d0     1 3d2+    1 3d0     1 3d2+ 
                                   1 3d0     1 3d2+    1 5g0     1 5g4+    1 5g2+    1 5g0     1 5g4+    1 5g2+    1 5g0     1 5g4+ 
                                   1 5g2+    1 5g0     1 5g4+    1 5g2+    1 5g0     1 5g4+    1 5g2+    1 5g0     1 5g4+    1 5g2+ 
                                   1 5g0     1 5g4+    1 5g2+ 

   1.1   2    -5.1948  -23.3804  0.000000 -0.000000  0.000000 -0.000000  0.000000 -0.000000  0.000000 -0.000001  0.000002 -0.000006
                                 0.000015 -0.000040  0.000112 -0.000368  0.002074  0.006818 -0.004918  0.007514 -0.014799 -0.006436
                                 0.041422 -0.224890  0.274658 -0.162177  0.503917 -1.111088  0.058305  1.133841  0.260908  0.011991
                                -0.022837  0.039888 -0.061903  0.046888 -0.018597  0.007176 -0.001850  0.000329 -0.000000  0.000000
                                 0.000000 -0.000000 -0.000000  0.000000  0.000000 -0.000000 -0.000000  0.000000  0.000000 -0.000000
                                -0.000000  0.000000  0.000000 -0.000000 -0.000000  0.000000  0.000000 -0.000000 -0.000000  0.000000
                                -0.000000 -0.000000  0.000000  0.000000  0.000000  0.000000 -0.000000 -0.000000 -0.000000  0.000000
                                -0.000000 -0.000000  0.000000  0.000000 -0.000000 -0.000000  0.000000  0.000000 -0.000000 -0.000000
                                 0.000000  0.000000 -0.000000 -0.000000 -0.000000 -0.000000 -0.000000 -0.000000 -0.000000 -0.000000
                                -0.000000 -0.000000 -0.000000 -0.000000  0.000000  0.000000  0.000000 -0.000000 -0.000000 -0.000000
                                 0.000000  0.000000  0.000000

   2.1   0    -2.3717  -15.7139 -0.000000 -0.000000  0.000000  0.000000 -0.000000 -0.000000  0.000000 -0.000000 -0.000000  0.000000
                                -0.000000  0.000000 -0.000000  0.000000 -0.000000 -0.000000  0.000000 -0.000000  0.000000  0.000000
                                -0.000000  0.000000 -0.000000  0.000000 -0.000000  0.000000 -0.000000 -0.000000  0.000000  0.000000
                                 0.000000 -0.000000  0.000000 -0.000000 -0.000000  0.000000 -0.000000  0.000000  0.000000  0.000000
                                -0.000000 -0.000001  0.000000  0.000003 -0.000000 -0.000014  0.000000  0.000051 -0.000000 -0.000163
                                 0.000001  0.000507 -0.000004 -0.001737  0.000025  0.009978 -0.000070 -0.027327  0.000069  0.026919
                                -0.000031 -0.012274 -0.000269 -0.105716  0.001463  0.574415  0.001460  0.573313 -0.000050 -0.019716
                                 0.000526  0.206692 -0.000790 -0.310461  0.000407  0.160012 -0.000084 -0.032914  0.000030  0.011970
                                -0.000008 -0.003192 -0.000000  0.000000 -0.000000  0.000000 -0.000000  0.000000 -0.000000  0.000000
                                -0.000000  0.000000  0.000000 -0.000000 -0.000000 -0.000000  0.000000  0.000000  0.000000 -0.000000
                                -0.000000 -0.000000 -0.000000

   3.1   0    -2.3717  -15.7139 -0.000000  0.000000 -0.000000  0.000000 -0.000000  0.000000 -0.000000  0.000000 -0.000000  0.000000
                                -0.000000  0.000000 -0.000000  0.000000 -0.000000 -0.000000  0.000000 -0.000000  0.000000  0.000000
                                -0.000000  0.000000 -0.000000  0.000000 -0.000000  0.000000  0.000000 -0.000000  0.000000  0.000000
                                -0.000001  0.000001 -0.000001  0.000001 -0.000000  0.000000 -0.000000  0.000000  0.000000 -0.000000
                                -0.000001  0.000000  0.000003 -0.000000 -0.000014  0.000000  0.000051 -0.000000 -0.000163  0.000000
                                 0.000507 -0.000001 -0.001737  0.000004  0.009978 -0.000025 -0.027327  0.000070  0.026919 -0.000069
                                -0.012274  0.000031 -0.105716  0.000269  0.574415 -0.001463  0.573313 -0.001460 -0.019716  0.000050
                                 0.206692 -0.000526 -0.310461  0.000790  0.160012 -0.000407 -0.032914  0.000084  0.011970 -0.000030
                                -0.003192  0.000008 -0.000000 -0.000000  0.000000  0.000000  0.000000  0.000000  0.000000 -0.000000
                                 0.000000  0.000000 -0.000000  0.000000  0.000000  0.000000 -0.000000  0.000000 -0.000000  0.000000
                                -0.000000  0.000000 -0.000000

                                   1 2px     1 2px     1 2px     1 2px     1 2px     1 2px     1 2px     1 2px     1 2px     1 2px  
                                   1 2px     1 2px     1 2px     1 2px     1 2px     1 2px     1 2px     1 2px     1 2px     1 2px  
                                   1 2px     1 2px     1 2px     1 2px     1 2px     1 2px     1 2px     1 2px     1 2px     1 2px  
                                   1 2px     1 4f1+    1 4f3+    1 4f1+    1 4f3+    1 4f1+    1 4f3+    1 4f1+    1 4f3+    1 4f1+ 
                                   1 4f3+    1 4f1+    1 4f3+    1 4f1+    1 4f3+    1 4f1+    1 4f3+    1 4f1+    1 4f3+    1 4f1+ 
                                   1 4f3+    1 4f1+    1 4f3+    1 4f1+    1 4f3+    1 4f1+    1 4f3+    1 4f1+    1 4f3+    1 4f1+ 
                                   1 4f3+    1 6h1+    1 6h3+    1 6h5+    1 6h1+    1 6h3+    1 6h5+    1 6h1+    1 6h3+    1 6h5+ 


   1.2   2    -2.8380  -20.7674  0.000000 -0.000000  0.000000 -0.000000  0.000000 -0.000000  0.000000 -0.000000  0.000000 -0.000000
                                 0.000000 -0.000000  0.000000 -0.000000  0.000000 -0.000000  0.000000 -0.000000  0.000000 -0.000000
                                 0.000000  0.000000  0.000000  0.000000 -0.000000 -0.000000  0.000000  0.000000 -0.000000  0.000000
                                -0.000000  0.000003  0.000004 -0.000018 -0.000028  0.000079  0.000123 -0.000040 -0.000063  0.024867
                                 0.038881  0.015492  0.024222  0.121794  0.190431  0.148289  0.231857  0.205953  0.322017  0.164702
                                 0.257518  0.039877  0.062350 -0.003277 -0.005123  0.002852  0.004459 -0.001392 -0.002177  0.000448
                                 0.000701 -0.000000  0.000000  0.000000 -0.000000  0.000000  0.000000 -0.000000  0.000000  0.000000

   2.2   2    -2.8380  -20.7674  0.000000 -0.000000  0.000000  0.000000 -0.000000  0.000000 -0.000000  0.000000 -0.000000  0.000000
                                -0.000000  0.000000 -0.000000  0.000000 -0.000000  0.000000 -0.000000  0.000000 -0.000000  0.000000
                                -0.000000 -0.000000  0.000000 -0.000000  0.000000  0.000000 -0.000000 -0.000000  0.000000 -0.000000
                                 0.000000  0.000004 -0.000003 -0.000028  0.000018  0.000123 -0.000079 -0.000063  0.000040  0.038881
                                -0.024867  0.024222 -0.015492  0.190431 -0.121794  0.231857 -0.148289  0.322017 -0.205953  0.257518
                                -0.164702  0.062350 -0.039877 -0.005123  0.003277  0.004459 -0.002852 -0.002177  0.001392  0.000701
                                -0.000448 -0.000000  0.000000 -0.000000 -0.000000  0.000000 -0.000000 -0.000000  0.000000 -0.000000

   3.2   +    -4.2789  -20.7213  0.000000 -0.000000  0.000000 -0.000000  0.000000 -0.000000  0.000001 -0.000003  0.000009 -0.000028
                                 0.000081 -0.000225  0.000619 -0.001876  0.006924 -0.061894  0.161277 -0.321866  0.623319 -0.741902
                                 0.166358  0.772054  0.046007  0.264464 -0.157670 -0.005706  0.006672  0.156464 -0.003555  0.001515
                                -0.000334 -0.000000 -0.000000  0.000000  0.000000 -0.000000  0.000000  0.000000 -0.000000 -0.000000
                                -0.000000  0.000000 -0.000000 -0.000000 -0.000000 -0.000000 -0.000000 -0.000000 -0.000000 -0.000000
                                -0.000000 -0.000000 -0.000000  0.000000  0.000000  0.000000 -0.000000 -0.000000  0.000000  0.000000
                                -0.000000 -0.000000  0.000000  0.000000 -0.000000  0.000000  0.000000  0.000000 -0.000000 -0.000000

   4.2   0    -1.5082  -10.0855 -0.000000  0.000000 -0.000000  0.000000 -0.000000  0.000000 -0.000000  0.000002 -0.000006  0.000019
                                -0.000054  0.000151 -0.000415  0.001250 -0.004551  0.039004 -0.098219  0.182970 -0.341185  0.422476
                                -0.155441 -0.366590 -0.451641  0.187260 -0.874085  1.021949  0.145133  0.854038 -0.013278  0.004993
                                -0.001021  0.000000 -0.000000 -0.000000  0.000000 -0.000000 -0.000000  0.000000  0.000000 -0.000000
                                -0.000000  0.000000  0.000000  0.000000 -0.000000  0.000000 -0.000000  0.000000 -0.000000 -0.000000
                                 0.000000 -0.000000  0.000000 -0.000000  0.000000  0.000000 -0.000000 -0.000000  0.000000  0.000000
                                -0.000000  0.000000 -0.000000 -0.000000  0.000000 -0.000000 -0.000000 -0.000000  0.000000  0.000000

   5.2   0    -1.0544   -8.7745  0.000000  0.000000 -0.000000 -0.000000  0.000000 -0.000000  0.000000 -0.000000  0.000000 -0.000000
                                 0.000000 -0.000000  0.000000 -0.000000  0.000000 -0.000000  0.000000 -0.000000  0.000000 -0.000000
                                 0.000000 -0.000000  0.000000 -0.000000 -0.000000  0.000000  0.000000  0.000000 -0.000000  0.000000
                                -0.000000  0.000003 -0.000002 -0.000023  0.000015  0.000115 -0.000074 -0.000730  0.000469 -0.007695
                                 0.004948 -0.020982  0.013492 -0.056766  0.036503 -0.092408  0.059422 -0.088184  0.056706 -0.016479
                                 0.010597  0.428325 -0.275430  0.588125 -0.378188 -0.143227  0.092100  0.082162 -0.052834 -0.025862
                                 0.016630  0.000000 -0.000000  0.000000  0.000000 -0.000000  0.000000 -0.000000  0.000000 -0.000000

                                   1 2py     1 2py     1 2py     1 2py     1 2py     1 2py     1 2py     1 2py     1 2py     1 2py  
                                   1 2py     1 2py     1 2py     1 2py     1 2py     1 2py     1 2py     1 2py     1 2py     1 2py  
                                   1 2py     1 2py     1 2py     1 2py     1 2py     1 2py     1 2py     1 2py     1 2py     1 2py  
                                   1 2py     1 4f1-    1 4f3-    1 4f1-    1 4f3-    1 4f1-    1 4f3-    1 4f1-    1 4f3-    1 4f1- 
                                   1 4f3-    1 4f1-    1 4f3-    1 4f1-    1 4f3-    1 4f1-    1 4f3-    1 4f1-    1 4f3-    1 4f1- 
                                   1 4f3-    1 4f1-    1 4f3-    1 4f1-    1 4f3-    1 4f1-    1 4f3-    1 4f1-    1 4f3-    1 4f1- 
                                   1 4f3-    1 6h1-    1 6h3-    1 6h5-    1 6h1-    1 6h3-    1 6h5-    1 6h1-    1 6h3-    1 6h5- 


   1.3   2    -2.8380  -20.7674 -0.000000  0.000000 -0.000000  0.000000 -0.000000  0.000000 -0.000000  0.000000 -0.000000  0.000000
                                -0.000000  0.000000 -0.000000  0.000000 -0.000000  0.000000 -0.000000  0.000000 -0.000000  0.000000
                                 0.000000 -0.000000 -0.000000 -0.000000 -0.000000 -0.000000  0.000000  0.000000 -0.000000  0.000000
                                -0.000000 -0.000003  0.000004  0.000021 -0.000025 -0.000094  0.000112  0.000048 -0.000057 -0.029670
                                 0.035353 -0.018484  0.022024 -0.145317  0.173149 -0.176929  0.210816 -0.245730  0.292794 -0.196511
                                 0.234149 -0.047579  0.056691  0.003909 -0.004658 -0.003403  0.004055  0.001661 -0.001980 -0.000535
                                 0.000637 -0.000000 -0.000000  0.000000 -0.000000 -0.000000  0.000000  0.000000 -0.000000  0.000000

   2.3   2    -2.8380  -20.7674  0.000000 -0.000000  0.000000 -0.000000  0.000000 -0.000000  0.000000 -0.000000  0.000000 -0.000000
                                 0.000000 -0.000000  0.000000 -0.000000  0.000000 -0.000000  0.000000 -0.000000  0.000000 -0.000000
                                 0.000000  0.000000  0.000000  0.000000 -0.000000  0.000000  0.000000  0.000000 -0.000000  0.000000
                                -0.000000 -0.000004 -0.000003  0.000025  0.000021 -0.000112 -0.000094  0.000057  0.000048 -0.035353
                                -0.029670 -0.022024 -0.018484 -0.173149 -0.145317 -0.210816 -0.176929 -0.292794 -0.245730 -0.234149
                                -0.196511 -0.056691 -0.047579  0.004658  0.003909 -0.004055 -0.003403  0.001980  0.001661 -0.000637
                                -0.000535 -0.000000 -0.000000 -0.000000 -0.000000 -0.000000 -0.000000  0.000000 -0.000000 -0.000000

   3.3   +    -4.2789  -20.7213  0.000000 -0.000000  0.000000 -0.000000  0.000000 -0.000000  0.000001 -0.000003  0.000009 -0.000028
                                 0.000081 -0.000225  0.000619 -0.001876  0.006924 -0.061894  0.161277 -0.321866  0.623319 -0.741902
                                 0.166358  0.772054  0.046007  0.264464 -0.157670 -0.005706  0.006672  0.156464 -0.003555  0.001515
                                -0.000334  0.000000  0.000000 -0.000000 -0.000000  0.000000  0.000000  0.000000 -0.000000  0.000000
                                 0.000000  0.000000  0.000000  0.000000  0.000000  0.000000  0.000000  0.000000  0.000000  0.000000
                                 0.000000  0.000000  0.000000 -0.000000 -0.000000  0.000000  0.000000 -0.000000 -0.000000  0.000000
                                 0.000000  0.000000  0.000000  0.000000  0.000000  0.000000  0.000000 -0.000000 -0.000000 -0.000000

   4.3   0    -1.5082  -10.0855 -0.000000  0.000000 -0.000000  0.000000 -0.000000  0.000000 -0.000000  0.000002 -0.000006  0.000019
                                -0.000054  0.000151 -0.000415  0.001250 -0.004551  0.039004 -0.098219  0.182970 -0.341185  0.422476
                                -0.155441 -0.366590 -0.451641  0.187260 -0.874085  1.021949  0.145133  0.854039 -0.013278  0.004993
                                -0.001021 -0.000000 -0.000000  0.000000  0.000000 -0.000000 -0.000000  0.000000  0.000000 -0.000000
                                -0.000000  0.000000  0.000000 -0.000000 -0.000000 -0.000000 -0.000000 -0.000000 -0.000000  0.000000
                                 0.000000  0.000000  0.000000  0.000000  0.000000 -0.000000 -0.000000  0.000000  0.000000 -0.000000
                                -0.000000 -0.000000 -0.000000 -0.000000 -0.000000 -0.000000 -0.000000  0.000000  0.000000  0.000000

   5.3   0    -1.0544   -8.7745 -0.000000  0.000000 -0.000000  0.000000 -0.000000  0.000000 -0.000000  0.000000 -0.000000  0.000000
                                -0.000000  0.000000 -0.000000  0.000000 -0.000000  0.000000 -0.000000  0.000000 -0.000000  0.000000
                                -0.000000  0.000000 -0.000000  0.000000  0.000000 -0.000000 -0.000000 -0.000000  0.000000 -0.000000
                                 0.000000 -0.000001  0.000004  0.000009 -0.000026 -0.000044  0.000130  0.000277 -0.000822  0.002924
                                -0.008669  0.007974 -0.023637  0.021572 -0.063949  0.035117 -0.104101  0.033512 -0.099342  0.006263
                                -0.018564 -0.162773  0.482524 -0.223501  0.662544  0.054429 -0.161350 -0.031224  0.092559  0.009828
                                -0.029134  0.000000  0.000000 -0.000000 -0.000000  0.000000 -0.000000 -0.000000 -0.000000  0.000000

                                   1 3d2-    1 3d2-    1 3d2-    1 3d2-    1 3d2-    1 3d2-    1 3d2-    1 3d2-    1 3d2-    1 3d2- 
                                   1 3d2-    1 3d2-    1 3d2-    1 3d2-    1 3d2-    1 3d2-    1 3d2-    1 3d2-    1 3d2-    1 3d2- 
                                   1 3d2-    1 3d2-    1 5g2-    1 5g4-    1 5g2-    1 5g4-    1 5g2-    1 5g4-    1 5g2-    1 5g4- 
                                   1 5g2-    1 5g4-    1 5g2-    1 5g4-    1 5g2-    1 5g4- 

   1.4   0    -2.3717  -15.7139  0.000000 -0.000001  0.000003 -0.000014  0.000051 -0.000163  0.000507 -0.001737  0.009978 -0.027327
                                 0.026919 -0.012274 -0.105717  0.574417  0.573315 -0.019717  0.206693 -0.310462  0.160013 -0.032914
                                 0.011970 -0.003192  0.000000  0.000000 -0.000000 -0.000000  0.000000  0.000000  0.000000  0.000000
                                -0.000000 -0.000000  0.000000  0.000000 -0.000000 -0.000000

   2.4   0    -1.1250   -8.0840  0.000000 -0.000000  0.000002 -0.000010  0.000036 -0.000111  0.000318 -0.000921  0.003643 -0.006844
                                 0.004808 -0.003002  0.068792 -0.379800 -0.262369  1.077325 -0.416087  0.896811 -0.484886  0.101967
                                -0.037096  0.009855 -0.000000 -0.000000  0.000000  0.000000 -0.000000 -0.000000 -0.000000  0.000000
                                 0.000000  0.000000 -0.000000  0.000000  0.000000  0.000000

                                   1 2pz     1 2pz     1 2pz     1 2pz     1 2pz     1 2pz     1 2pz     1 2pz     1 2pz     1 2pz  
                                   1 2pz     1 2pz     1 2pz     1 2pz     1 2pz     1 2pz     1 2pz     1 2pz     1 2pz     1 2pz  
                                   1 2pz     1 2pz     1 2pz     1 2pz     1 2pz     1 2pz     1 2pz     1 2pz     1 2pz     1 2pz  
                                   1 2pz     1 4f0     1 4f2+    1 4f0     1 4f2+    1 4f0     1 4f2+    1 4f0     1 4f2+    1 4f0  
                                   1 4f2+    1 4f0     1 4f2+    1 4f0     1 4f2+    1 4f0     1 4f2+    1 4f0     1 4f2+    1 4f0  
                                   1 4f2+    1 4f0     1 4f2+    1 4f0     1 4f2+    1 4f0     1 4f2+    1 4f0     1 4f2+    1 4f0  
                                   1 4f2+    1 6h2+    1 6h4+    1 6h0     1 6h2+    1 6h4+    1 6h0     1 6h2+    1 6h4+    1 6h0  


   1.5   2    -2.8380  -20.7674  0.000000 -0.000000  0.000000 -0.000000  0.000000 -0.000000  0.000000 -0.000000  0.000000 -0.000000
                                 0.000000 -0.000000  0.000000 -0.000000  0.000000 -0.000000  0.000000 -0.000000  0.000000 -0.000000
                                 0.000000  0.000000  0.000000  0.000000 -0.000000 -0.000000  0.000000  0.000000 -0.000000  0.000000
                                -0.000000  0.000003  0.000004 -0.000021 -0.000025  0.000093  0.000114 -0.000047 -0.000058  0.029161
                                 0.035774  0.018166  0.022286  0.142822  0.175212  0.173892  0.213328  0.241511  0.296283  0.193138
                                 0.236939  0.046762  0.057367 -0.003842 -0.004714  0.003344  0.004103 -0.001633 -0.002003  0.000526
                                 0.000645  0.000000  0.000000  0.000000  0.000000  0.000000  0.000000  0.000000  0.000000  0.000000

   2.5   2    -2.8380  -20.7674 -0.000000  0.000000 -0.000000  0.000000 -0.000000  0.000000 -0.000000  0.000000 -0.000000  0.000000
                                -0.000000  0.000000 -0.000000  0.000000 -0.000000  0.000000 -0.000000  0.000000 -0.000000  0.000000
                                -0.000000 -0.000000 -0.000000 -0.000000  0.000000  0.000000 -0.000000 -0.000000  0.000000 -0.000000
                                 0.000000  0.000004 -0.000003 -0.000025  0.000021  0.000114 -0.000093 -0.000058  0.000047  0.035774
                                -0.029161  0.022286 -0.018166  0.175212 -0.142822  0.213328 -0.173892  0.296283 -0.241511  0.236939
                                -0.193138  0.057367 -0.046762 -0.004714  0.003842  0.004103 -0.003344 -0.002003  0.001633  0.000645
                                -0.000526  0.000000 -0.000000 -0.000000  0.000000 -0.000000 -0.000000  0.000000  0.000000 -0.000000

   3.5   +    -4.2789  -20.7213  0.000000 -0.000000  0.000000 -0.000000  0.000000 -0.000000  0.000001 -0.000003  0.000009 -0.000028
                                 0.000081 -0.000225  0.000619 -0.001876  0.006924 -0.061894  0.161277 -0.321866  0.623319 -0.741902
                                 0.166358  0.772054  0.046007  0.264464 -0.157670 -0.005706  0.006672  0.156464 -0.003555  0.001515
                                -0.000334  0.000000  0.000000 -0.000000 -0.000000  0.000000  0.000000 -0.000000 -0.000000  0.000000
                                -0.000000 -0.000000 -0.000000 -0.000000 -0.000000 -0.000000 -0.000000 -0.000000 -0.000000 -0.000000
                                -0.000000 -0.000000 -0.000000  0.000000  0.000000  0.000000 -0.000000 -0.000000  0.000000  0.000000
                                -0.000000  0.000000  0.000000  0.000000  0.000000  0.000000  0.000000 -0.000000 -0.000000 -0.000000

   4.5   0    -1.5082  -10.0855 -0.000000  0.000000 -0.000000  0.000000 -0.000000  0.000000 -0.000000  0.000002 -0.000006  0.000019
                                -0.000054  0.000151 -0.000415  0.001250 -0.004551  0.039004 -0.098219  0.182970 -0.341185  0.422476
                                -0.155441 -0.366590 -0.451641  0.187260 -0.874085  1.021949  0.145133  0.854039 -0.013278  0.004993
                                -0.001021 -0.000000 -0.000000  0.000000  0.000000 -0.000000 -0.000000  0.000000  0.000000 -0.000000
                                -0.000000  0.000000  0.000000 -0.000000 -0.000000 -0.000000 -0.000000 -0.000000 -0.000000  0.000000
                                 0.000000  0.000000  0.000000  0.000000  0.000000 -0.000000 -0.000000  0.000000  0.000000 -0.000000
                                -0.000000 -0.000000 -0.000000 -0.000000 -0.000000 -0.000000 -0.000000  0.000000  0.000000  0.000000

   5.5   0    -1.0544   -8.7745 -0.000000 -0.000000  0.000000 -0.000000  0.000000 -0.000000  0.000000 -0.000000  0.000000 -0.000000
                                 0.000000 -0.000000  0.000000 -0.000000  0.000000 -0.000000  0.000000 -0.000000  0.000000 -0.000000
                                 0.000000 -0.000000  0.000000 -0.000000 -0.000000  0.000000  0.000000  0.000000 -0.000000  0.000000
                                -0.000000  0.000003 -0.000003 -0.000021  0.000017  0.000107 -0.000086 -0.000674  0.000546 -0.007108
                                 0.005760 -0.019381  0.015706 -0.052434  0.042490 -0.085358  0.069169 -0.081455  0.066007 -0.015222
                                 0.012335  0.395644 -0.320609  0.543251 -0.440221 -0.132299  0.107208  0.075893 -0.061500 -0.023889
                                 0.019358 -0.000000  0.000000  0.000000 -0.000000  0.000000  0.000000  0.000000 -0.000000 -0.000000

                                   1 3d1+    1 3d1+    1 3d1+    1 3d1+    1 3d1+    1 3d1+    1 3d1+    1 3d1+    1 3d1+    1 3d1+ 
                                   1 3d1+    1 3d1+    1 3d1+    1 3d1+    1 3d1+    1 3d1+    1 3d1+    1 3d1+    1 3d1+    1 3d1+ 
                                   1 3d1+    1 3d1+    1 5g1+    1 5g3+    1 5g1+    1 5g3+    1 5g1+    1 5g3+    1 5g1+    1 5g3+ 
                                   1 5g1+    1 5g3+    1 5g1+    1 5g3+    1 5g1+    1 5g3+ 

   1.6   0    -2.3717  -15.7139  0.000000 -0.000001  0.000003 -0.000014  0.000051 -0.000163  0.000507 -0.001737  0.009978 -0.027327
                                 0.026919 -0.012274 -0.105717  0.574417  0.573315 -0.019717  0.206693 -0.310462  0.160013 -0.032914
                                 0.011970 -0.003192 -0.000000  0.000000  0.000000 -0.000000 -0.000000  0.000000 -0.000000  0.000000
                                 0.000000 -0.000000 -0.000000  0.000000  0.000000 -0.000000

   2.6   0    -1.1250   -8.0840  0.000000 -0.000000  0.000002 -0.000010  0.000036 -0.000111  0.000318 -0.000921  0.003643 -0.006844
                                 0.004808 -0.003002  0.068792 -0.379800 -0.262369  1.077325 -0.416087  0.896811 -0.484886  0.101967
                                -0.037096  0.009855  0.000000 -0.000000 -0.000000  0.000000  0.000000 -0.000000 -0.000000  0.000000
                                -0.000000  0.000000 -0.000000 -0.000000 -0.000000  0.000000

                                   1 3d1-    1 3d1-    1 3d1-    1 3d1-    1 3d1-    1 3d1-    1 3d1-    1 3d1-    1 3d1-    1 3d1- 
                                   1 3d1-    1 3d1-    1 3d1-    1 3d1-    1 3d1-    1 3d1-    1 3d1-    1 3d1-    1 3d1-    1 3d1- 
                                   1 3d1-    1 3d1-    1 5g1-    1 5g3-    1 5g1-    1 5g3-    1 5g1-    1 5g3-    1 5g1-    1 5g3- 
                                   1 5g1-    1 5g3-    1 5g1-    1 5g3-    1 5g1-    1 5g3- 

   1.7   0    -2.3717  -15.7139  0.000000 -0.000001  0.000003 -0.000014  0.000051 -0.000163  0.000507 -0.001737  0.009978 -0.027327
                                 0.026919 -0.012274 -0.105717  0.574417  0.573315 -0.019717  0.206693 -0.310462  0.160013 -0.032914
                                 0.011970 -0.003192  0.000000  0.000000 -0.000000 -0.000000  0.000000  0.000000  0.000000  0.000000
                                -0.000000 -0.000000  0.000000  0.000000 -0.000000 -0.000000

   2.7   0    -1.1250   -8.0840  0.000000 -0.000000  0.000002 -0.000010  0.000036 -0.000111  0.000318 -0.000921  0.003643 -0.006844
                                 0.004808 -0.003002  0.068792 -0.379800 -0.262369  1.077325 -0.416086  0.896811 -0.484886  0.101967
                                -0.037096  0.009855 -0.000000 -0.000000  0.000000  0.000000 -0.000000 -0.000000  0.000000  0.000000
                                 0.000000  0.000000  0.000000  0.000000  0.000000  0.000000

                                   1 4f2-    1 4f2-    1 4f2-    1 4f2-    1 4f2-    1 4f2-    1 4f2-    1 4f2-    1 4f2-    1 4f2- 
                                   1 4f2-    1 4f2-    1 4f2-    1 4f2-    1 4f2-    1 6h4-    1 6h2-    1 6h4-    1 6h2-    1 6h4- 
                                   1 6h2- 

   1.8   2    -2.8380  -20.7674  0.000005 -0.000033  0.000147 -0.000074  0.046154  0.028752  0.226048  0.275223  0.382245  0.305683
                                 0.074011 -0.006081  0.005293 -0.002584  0.000832  0.000000  0.000000  0.000000  0.000000  0.000000
                                -0.000000

   2.8   0    -1.0544   -8.7745  0.000004 -0.000028  0.000137 -0.000867 -0.009149 -0.024946 -0.067489 -0.109865 -0.104842 -0.019592
                                 0.509239  0.699226 -0.170283  0.097683 -0.030747 -0.000000 -0.000000 -0.000000 -0.000000  0.000000
                                 0.000000

   3.8   0    -0.6802   -5.6744 -0.000003  0.000020 -0.000101  0.000647  0.007032  0.018981  0.050910  0.083441  0.075878 -0.015482
                                -0.511243 -0.202652  1.048183  0.050363  0.020048  0.000000  0.000000  0.000000 -0.000000 -0.000000
                                -0.000000

 HOMO      1.8    -2.837959 =     -77.2248eV
 LUMO      1.6    -2.371695 =     -64.5371eV
 LUMO-HOMO         0.466264 =      12.6877eV


 **********************************************************************************************************************************
 DATASETS  * FILE   NREC   LENGTH (MB)   RECORD NAMES
              1      19       21.31       500      610      700      900      950      970     1000      129      960     1100   
                                          VAR    BASINP    GEOM    SYMINP    ZMAT    AOBASIS   BASIS     P2S    ABASIS      S 
                                         1400     1410     1420     1200     1210     1080     1600     1650     1700   
                                           T        V       ECP      H0       H01     AOSYM     SMH    MOLCAS    OPER   

              2       5        6.25       200      700     1000      520     4202   
                                        OPTIONS   GEOM     BASIS   MCVARS     RHF  

 PROGRAMS   *        TOTAL       RHF       INT
 CPU TIMES  *       159.93      1.89    157.71
 REAL TIME  *       167.66 SEC
 DISK USED  *         8.15 GB      
 SF USED    *         0.12 MB      
 GA USED    *         0.00 MB       (max)       0.00 MB       (current)
 **********************************************************************************************************************************


 PROGRAM * POP (Mulliken population analysis)

 
 Density matrix read from record         4202.2  Type=RHF/CHARGE (state 1.8)
 
 Population analysis by basis function type

 Unique atom        s        p        d        f        g    Total    Charge
   1  LU      2.00000  3.00000  0.00000 14.00000  0.00000 19.00000  + 6.00000


 **********************************************************************************************************************************
 DATASETS  * FILE   NREC   LENGTH (MB)   RECORD NAMES
              1      19       21.31       500      610      700      900      950      970     1000      129      960     1100   
                                          VAR    BASINP    GEOM    SYMINP    ZMAT    AOBASIS   BASIS     P2S    ABASIS      S 
                                         1400     1410     1420     1200     1210     1080     1600     1650     1700   
                                           T        V       ECP      H0       H01     AOSYM     SMH    MOLCAS    OPER   

              2       5        6.25       200      700     1000      520     4202   
                                        OPTIONS   GEOM     BASIS   MCVARS     RHF  

 PROGRAMS   *        TOTAL       POP       RHF       INT
 CPU TIMES  *       159.93      0.00      1.89    157.71
 REAL TIME  *       167.67 SEC
 DISK USED  *         8.15 GB      
 SF USED    *         0.12 MB      
 GA USED    *         0.00 MB       (max)       0.00 MB       (current)
 **********************************************************************************************************************************


 PROGRAM * MULTI (Direct Multiconfiguration SCF)       Authors: P.J. Knowles, H.-J. Werner (1984)     S.T. Elbert (1988)


 Number of closed-shell orbitals:   8 (   1   2   2   0   2   0   0   1 )
 Number of active  orbitals:        3 (   0   1   1   0   1   0   0   0 )
 Number of external orbitals:     431 ( 102  67  67  36  67  36  36  20 )

 State symmetry 1

 Number of electrons:     3    Spin symmetry=Quartet   Space symmetry=8
 Number of states:        1
 Number of CSFs:          1   (1 determinants, 1 intermediate states)

 Molecular orbitals read from record     4202.2  Type=RHF/CANONICAL (state 1.8)

 EXTRA SYMMETRY OF MOS IN SYMMETRY 1:   1 3 2 1 2 3 1 6 4 5   3 2 1 6 4 5 3 2 1 3   2 1 4 5 4 3 2 1 3 2   1 1 3 2 1 6 5 6 3 2
                                        1 6 4 5 1 2 3 1 6 4   5 3 2 1 3 2 6 4 5 1   2 3 1 3 2 1 3 2 1 2   3 1 1 2 3 1 3 2 1 1
                                        3 2 1 2 3 1 1 3 2 1   1 3 2 1 1 1 1 1 1 1   1 1 1
 *** IN SYMMETRY 2 ORBITAL  1 SYMMETRY CONTAMINATION OF 0.390D+00 HAS BEEN REMOVED
 *** IN SYMMETRY 2 ORBITAL  2 SYMMETRY CONTAMINATION OF 0.390D+00 HAS BEEN REMOVED
 EXTRA SYMMETRY OF MOS IN SYMMETRY 2:   3 2 1 1 2 3 1 2 3 1   2 3 1 2 3 1 1 2 3 1   1 4 6 5 2 3 1 4 5 6   2 3 1 1 2 3 4 5 6 1
                                        2 3 1 1 2 3 1 2 3 1   1 3 2 1 3 2 1 1 3 2   1 1 1 1 1 1 1 1 1 1
 *** IN SYMMETRY 3 ORBITAL  1 SYMMETRY CONTAMINATION OF 0.456D+00 HAS BEEN REMOVED
 *** IN SYMMETRY 3 ORBITAL  2 SYMMETRY CONTAMINATION OF 0.456D+00 HAS BEEN REMOVED
 EXTRA SYMMETRY OF MOS IN SYMMETRY 3:   3 2 1 1 3 2 1 3 2 1   3 2 1 3 2 1 1 3 2 1   1 5 6 4 3 2 1 6 5 4   3 2 1 1 3 2 6 5 4 1
                                        3 2 1 1 3 2 1 3 2 1   1 2 3 1 2 3 1 1 2 3   1 1 1 1 1 1 1 1 1 1
 EXTRA SYMMETRY OF MOS IN SYMMETRY 4:   1 1 3 2 1 3 2 1 1 3   2 1 1 1 3 2 1 3 2 1   3 2 1 1 3 2 1 1 1 1   1 1 1 1 1 1
 *** IN SYMMETRY 5 ORBITAL  1 SYMMETRY CONTAMINATION OF 0.449D+00 HAS BEEN REMOVED
 *** IN SYMMETRY 5 ORBITAL  2 SYMMETRY CONTAMINATION OF 0.449D+00 HAS BEEN REMOVED
 EXTRA SYMMETRY OF MOS IN SYMMETRY 5:   3 2 1 1 2 3 1 2 3 1   2 3 1 2 3 1 1 2 3 1   1 4 5 6 2 3 1 4 5 6   2 3 1 1 2 3 4 5 6 1
                                        2 3 1 1 2 3 1 2 3 1   1 2 3 1 2 3 1 1 2 3   1 1 1 1 1 1 1 1 1 1
 EXTRA SYMMETRY OF MOS IN SYMMETRY 6:   1 1 2 3 1 2 3 1 1 2   3 1 1 1 2 3 1 2 3 1   2 3 1 1 2 3 1 1 1 1   1 1 1 1 1 1
 EXTRA SYMMETRY OF MOS IN SYMMETRY 7:   1 1 3 2 1 3 2 1 1 3   2 1 1 1 3 2 1 3 2 1   3 2 1 1 3 2 1 1 1 1   1 1 1 1 1 1
 EXTRA SYMMETRY OF MOS IN SYMMETRY 8:   1 1 1 1 1 1 2 3 1 2   3 1 1 2 3 1 1 1 1 1   1

 Wavefunction dump at record             5202.2

 Convergence thresholds  0.10E-01 (gradient)  0.10E-05 (energy)  0.10E-02 (step length)

 Number of orbital rotations:      731   (     6 Core/Active    524 Core/Virtual   0 Active/Active    201 Active/Virtual)
 Total number of variables:        732


 ITER. MIC  NCI  NEG     ENERGY(VAR)     ENERGY(PROJ)   ENERGY CHANGE     GRAD(0)  GRAD(ORB)   GRAD(CI)     STEP       TIME

   1   22    4    0    -199.83444438    -199.83444438   -0.00000000    0.00000387 0.00000000 0.00000000  0.67D-06      0.75

 ** WVFN ****  CONVERGENCE REACHED, FINAL GRADIENT:  0.66D-10


 First order charge density matrix for state 1.8 saved on record  5202.2 (density set 1)

 Results for state 1.8
 =====================

 !MCSCF STATE 1.8 Energy             -199.834444377898
 Nuclear energy                         0.00000000
 Kinetic energy                       179.98233051
 One electron energy                 -336.71128945
 Two electron energy                  136.87684508
 Virial ratio                           2.11030035

 !MCSCF STATE 1.8 Dipole moment         0.00000000     0.00000000     0.00000000
 Dipole moment /Debye                   0.00000000     0.00000000     0.00000000


 NATURAL ORBITALS
 ================

   Orb     Occ        Energy       Coefficients

                                   1 1s      1 1s      1 1s      1 1s      1 1s      1 1s      1 1s      1 1s      1 1s      1 1s   
                                   1 1s      1 1s      1 1s      1 1s      1 1s      1 1s      1 1s      1 1s      1 1s      1 1s   
                                   1 1s      1 1s      1 1s      1 1s      1 1s      1 1s      1 1s      1 1s      1 1s      1 1s   
                                   1 1s      1 1s      1 1s      1 1s      1 1s      1 1s      1 1s      1 1s      1 3d0     1 3d2+ 
                                   1 3d0     1 3d2+    1 3d0     1 3d2+    1 3d0     1 3d2+    1 3d0     1 3d2+    1 3d0     1 3d2+ 
                                   1 3d0     1 3d2+    1 3d0     1 3d2+    1 3d0     1 3d2+    1 3d0     1 3d2+    1 3d0     1 3d2+ 
                                   1 3d0     1 3d2+    1 3d0     1 3d2+    1 3d0     1 3d2+    1 3d0     1 3d2+    1 3d0     1 3d2+ 
                                   1 3d0     1 3d2+    1 3d0     1 3d2+    1 3d0     1 3d2+    1 3d0     1 3d2+    1 3d0     1 3d2+ 
                                   1 3d0     1 3d2+    1 5g0     1 5g4+    1 5g2+    1 5g0     1 5g4+    1 5g2+    1 5g0     1 5g4+ 
                                   1 5g2+    1 5g0     1 5g4+    1 5g2+    1 5g0     1 5g4+    1 5g2+    1 5g0     1 5g4+    1 5g2+ 
                                   1 5g0     1 5g4+    1 5g2+ 

   1.1  2.00000    -5.194754     0.000000 -0.000000  0.000000 -0.000000  0.000000 -0.000000  0.000000 -0.000001  0.000002 -0.000006
                                 0.000015 -0.000040  0.000112 -0.000368  0.002074  0.006818 -0.004918  0.007515 -0.014799 -0.006436
                                 0.041422 -0.224890  0.274659 -0.162177  0.503917 -1.111088  0.058306  1.133840  0.260908  0.011992
                                -0.022838  0.039889 -0.061905  0.046889 -0.018598  0.007176 -0.001850  0.000329  0.000000  0.000000
                                 0.000000  0.000000  0.000000  0.000000  0.000000  0.000000  0.000000  0.000000  0.000000  0.000000
                                 0.000000  0.000000  0.000000  0.000000  0.000000  0.000000  0.000000  0.000000  0.000000  0.000000
                                 0.000000  0.000000  0.000000  0.000000  0.000000  0.000000  0.000000  0.000000  0.000000  0.000000
                                 0.000000  0.000000  0.000000  0.000000  0.000000  0.000000  0.000000  0.000000  0.000000  0.000000
                                 0.000000  0.000000  0.000000  0.000000  0.000000  0.000000  0.000000  0.000000  0.000000  0.000000
                                 0.000000  0.000000  0.000000  0.000000  0.000000  0.000000  0.000000  0.000000  0.000000  0.000000
                                 0.000000  0.000000  0.000000

                                   1 2px     1 2px     1 2px     1 2px     1 2px     1 2px     1 2px     1 2px     1 2px     1 2px  
                                   1 2px     1 2px     1 2px     1 2px     1 2px     1 2px     1 2px     1 2px     1 2px     1 2px  
                                   1 2px     1 2px     1 2px     1 2px     1 2px     1 2px     1 2px     1 2px     1 2px     1 2px  
                                   1 2px     1 4f1+    1 4f3+    1 4f1+    1 4f3+    1 4f1+    1 4f3+    1 4f1+    1 4f3+    1 4f1+ 
                                   1 4f3+    1 4f1+    1 4f3+    1 4f1+    1 4f3+    1 4f1+    1 4f3+    1 4f1+    1 4f3+    1 4f1+ 
                                   1 4f3+    1 4f1+    1 4f3+    1 4f1+    1 4f3+    1 4f1+    1 4f3+    1 4f1+    1 4f3+    1 4f1+ 
                                   1 4f3+    1 6h1+    1 6h3+    1 6h5+    1 6h1+    1 6h3+    1 6h5+    1 6h1+    1 6h3+    1 6h5+ 


   1.2  2.00000    -2.837958     0.000000  0.000000  0.000000  0.000000  0.000000  0.000000  0.000000  0.000000  0.000000  0.000000
                                 0.000000  0.000000  0.000000  0.000000  0.000000  0.000000  0.000000  0.000000  0.000000  0.000000
                                 0.000000  0.000000  0.000000  0.000000  0.000000  0.000000  0.000000  0.000000  0.000000  0.000000
                                 0.000000  0.000000  0.000005  0.000000 -0.000033  0.000000  0.000147  0.000000 -0.000074  0.000000
                                 0.046154  0.000000  0.028752  0.000000  0.226048  0.000000  0.275222  0.000000  0.382245  0.000000
                                 0.305683  0.000000  0.074011  0.000000 -0.006081  0.000000  0.005293  0.000000 -0.002585  0.000000
                                 0.000832  0.000000  0.000000  0.000000  0.000000  0.000000  0.000000  0.000000  0.000000  0.000000

   2.2  2.00000    -2.837958     0.000000  0.000000  0.000000  0.000000  0.000000  0.000000  0.000000  0.000000  0.000000  0.000000
                                 0.000000  0.000000  0.000000  0.000000  0.000000  0.000000  0.000000  0.000000  0.000000  0.000000
                                 0.000000  0.000000  0.000000  0.000000  0.000000  0.000000  0.000000  0.000000  0.000000  0.000000
                                 0.000000  0.000005  0.000000 -0.000033  0.000000  0.000147  0.000000 -0.000074  0.000000  0.046154
                                 0.000000  0.028752  0.000000  0.226048  0.000000  0.275222  0.000000  0.382245  0.000000  0.305683
                                 0.000000  0.074011  0.000000 -0.006081  0.000000  0.005293  0.000000 -0.002585  0.000000  0.000832
                                 0.000000  0.000000  0.000000  0.000000  0.000000  0.000000  0.000000  0.000000  0.000000  0.000000

   3.2  1.00000    -3.871455     0.000000 -0.000000  0.000000 -0.000000  0.000000 -0.000000  0.000001 -0.000003  0.000009 -0.000028
                                 0.000081 -0.000225  0.000619 -0.001876  0.006924 -0.061894  0.161277 -0.321866  0.623319 -0.741901
                                 0.166357  0.772054  0.046006  0.264464 -0.157670 -0.005706  0.006672  0.156463 -0.003555  0.001515
                                -0.000334  0.000000  0.000000  0.000000  0.000000  0.000000  0.000000  0.000000  0.000000  0.000000
                                 0.000000  0.000000  0.000000  0.000000  0.000000  0.000000  0.000000  0.000000  0.000000  0.000000
                                 0.000000  0.000000  0.000000  0.000000  0.000000  0.000000  0.000000  0.000000  0.000000  0.000000
                                 0.000000  0.000000  0.000000  0.000000  0.000000  0.000000  0.000000  0.000000  0.000000  0.000000

                                   1 2py     1 2py     1 2py     1 2py     1 2py     1 2py     1 2py     1 2py     1 2py     1 2py  
                                   1 2py     1 2py     1 2py     1 2py     1 2py     1 2py     1 2py     1 2py     1 2py     1 2py  
                                   1 2py     1 2py     1 2py     1 2py     1 2py     1 2py     1 2py     1 2py     1 2py     1 2py  
                                   1 2py     1 4f1-    1 4f3-    1 4f1-    1 4f3-    1 4f1-    1 4f3-    1 4f1-    1 4f3-    1 4f1- 
                                   1 4f3-    1 4f1-    1 4f3-    1 4f1-    1 4f3-    1 4f1-    1 4f3-    1 4f1-    1 4f3-    1 4f1- 
                                   1 4f3-    1 4f1-    1 4f3-    1 4f1-    1 4f3-    1 4f1-    1 4f3-    1 4f1-    1 4f3-    1 4f1- 
                                   1 4f3-    1 6h1-    1 6h3-    1 6h5-    1 6h1-    1 6h3-    1 6h5-    1 6h1-    1 6h3-    1 6h5- 


   1.3  2.00000    -2.837958     0.000000  0.000000  0.000000  0.000000  0.000000  0.000000  0.000000  0.000000  0.000000  0.000000
                                 0.000000  0.000000  0.000000  0.000000  0.000000  0.000000  0.000000  0.000000  0.000000  0.000000
                                 0.000000  0.000000  0.000000  0.000000  0.000000  0.000000  0.000000  0.000000  0.000000  0.000000
                                 0.000000  0.000000  0.000005  0.000000 -0.000033  0.000000  0.000147  0.000000 -0.000074  0.000000
                                 0.046154  0.000000  0.028752  0.000000  0.226048  0.000000  0.275222  0.000000  0.382245  0.000000
                                 0.305683  0.000000  0.074011  0.000000 -0.006081  0.000000  0.005293  0.000000 -0.002585  0.000000
                                 0.000832  0.000000  0.000000  0.000000  0.000000  0.000000  0.000000  0.000000  0.000000  0.000000

   2.3  2.00000    -2.837958     0.000000  0.000000  0.000000  0.000000  0.000000  0.000000  0.000000  0.000000  0.000000  0.000000
                                 0.000000  0.000000  0.000000  0.000000  0.000000  0.000000  0.000000  0.000000  0.000000  0.000000
                                 0.000000  0.000000  0.000000  0.000000  0.000000  0.000000  0.000000  0.000000  0.000000  0.000000
                                 0.000000 -0.000005  0.000000  0.000033  0.000000 -0.000147  0.000000  0.000074  0.000000 -0.046154
                                 0.000000 -0.028752  0.000000 -0.226048  0.000000 -0.275222  0.000000 -0.382245  0.000000 -0.305683
                                 0.000000 -0.074011  0.000000  0.006081  0.000000 -0.005293  0.000000  0.002585  0.000000 -0.000832
                                 0.000000  0.000000  0.000000  0.000000  0.000000  0.000000  0.000000  0.000000  0.000000  0.000000

   3.3  1.00000    -3.871455     0.000000 -0.000000  0.000000 -0.000000  0.000000 -0.000000  0.000001 -0.000003  0.000009 -0.000028
                                 0.000081 -0.000225  0.000619 -0.001876  0.006924 -0.061894  0.161277 -0.321866  0.623319 -0.741901
                                 0.166357  0.772054  0.046006  0.264464 -0.157670 -0.005706  0.006672  0.156463 -0.003555  0.001515
                                -0.000334  0.000000  0.000000  0.000000  0.000000  0.000000  0.000000  0.000000  0.000000  0.000000
                                 0.000000  0.000000  0.000000  0.000000  0.000000  0.000000  0.000000  0.000000  0.000000  0.000000
                                 0.000000  0.000000  0.000000  0.000000  0.000000  0.000000  0.000000  0.000000  0.000000  0.000000
                                 0.000000  0.000000  0.000000  0.000000  0.000000  0.000000  0.000000  0.000000  0.000000  0.000000

                                   1 2pz     1 2pz     1 2pz     1 2pz     1 2pz     1 2pz     1 2pz     1 2pz     1 2pz     1 2pz  
                                   1 2pz     1 2pz     1 2pz     1 2pz     1 2pz     1 2pz     1 2pz     1 2pz     1 2pz     1 2pz  
                                   1 2pz     1 2pz     1 2pz     1 2pz     1 2pz     1 2pz     1 2pz     1 2pz     1 2pz     1 2pz  
                                   1 2pz     1 4f0     1 4f2+    1 4f0     1 4f2+    1 4f0     1 4f2+    1 4f0     1 4f2+    1 4f0  
                                   1 4f2+    1 4f0     1 4f2+    1 4f0     1 4f2+    1 4f0     1 4f2+    1 4f0     1 4f2+    1 4f0  
                                   1 4f2+    1 4f0     1 4f2+    1 4f0     1 4f2+    1 4f0     1 4f2+    1 4f0     1 4f2+    1 4f0  
                                   1 4f2+    1 6h2+    1 6h4+    1 6h0     1 6h2+    1 6h4+    1 6h0     1 6h2+    1 6h4+    1 6h0  


   1.5  2.00000    -2.837958     0.000000  0.000000  0.000000  0.000000  0.000000  0.000000  0.000000  0.000000  0.000000  0.000000
                                 0.000000  0.000000  0.000000  0.000000  0.000000  0.000000  0.000000  0.000000  0.000000  0.000000
                                 0.000000  0.000000  0.000000  0.000000  0.000000  0.000000  0.000000  0.000000  0.000000  0.000000
                                 0.000000  0.000005  0.000000 -0.000033  0.000000  0.000147  0.000000 -0.000074  0.000000  0.046154
                                 0.000000  0.028752  0.000000  0.226048  0.000000  0.275222  0.000000  0.382245  0.000000  0.305683
                                 0.000000  0.074011  0.000000 -0.006081  0.000000  0.005293  0.000000 -0.002585  0.000000  0.000832
                                 0.000000  0.000000  0.000000  0.000000  0.000000  0.000000  0.000000  0.000000  0.000000  0.000000

   2.5  2.00000    -2.837958     0.000000  0.000000  0.000000  0.000000  0.000000  0.000000  0.000000  0.000000  0.000000  0.000000
                                 0.000000  0.000000  0.000000  0.000000  0.000000  0.000000  0.000000  0.000000  0.000000  0.000000
                                 0.000000  0.000000  0.000000  0.000000  0.000000  0.000000  0.000000  0.000000  0.000000  0.000000
                                 0.000000  0.000000  0.000005  0.000000 -0.000033  0.000000  0.000147  0.000000 -0.000074  0.000000
                                 0.046154  0.000000  0.028752  0.000000  0.226048  0.000000  0.275222  0.000000  0.382245  0.000000
                                 0.305683  0.000000  0.074011  0.000000 -0.006081  0.000000  0.005293  0.000000 -0.002585  0.000000
                                 0.000832  0.000000  0.000000  0.000000  0.000000  0.000000  0.000000  0.000000  0.000000  0.000000

   3.5  1.00000    -3.871455     0.000000 -0.000000  0.000000 -0.000000  0.000000 -0.000000  0.000001 -0.000003  0.000009 -0.000028
                                 0.000081 -0.000225  0.000619 -0.001876  0.006924 -0.061894  0.161277 -0.321866  0.623319 -0.741901
                                 0.166357  0.772054  0.046006  0.264464 -0.157670 -0.005706  0.006672  0.156463 -0.003555  0.001515
                                -0.000334  0.000000  0.000000 -0.000000  0.000000  0.000000  0.000000 -0.000000  0.000000  0.000000
                                 0.000000  0.000000  0.000000  0.000000  0.000000  0.000000  0.000000  0.000000  0.000000  0.000000
                                 0.000000  0.000000  0.000000 -0.000000  0.000000  0.000000  0.000000 -0.000000  0.000000  0.000000
                                 0.000000  0.000000  0.000000  0.000000  0.000000  0.000000  0.000000  0.000000  0.000000  0.000000

                                   1 4f2-    1 4f2-    1 4f2-    1 4f2-    1 4f2-    1 4f2-    1 4f2-    1 4f2-    1 4f2-    1 4f2- 
                                   1 4f2-    1 4f2-    1 4f2-    1 4f2-    1 4f2-    1 6h4-    1 6h2-    1 6h4-    1 6h2-    1 6h4- 
                                   1 6h2- 

   1.8  2.00000    -2.837958     0.000005 -0.000033  0.000147 -0.000074  0.046154  0.028752  0.226048  0.275222  0.382245  0.305683
                                 0.074011 -0.006081  0.005293 -0.002585  0.000832  0.000000  0.000000  0.000000  0.000000  0.000000
                                 0.000000

 Total charge:   6.000000000000
 

 EXTRA SYMMETRY OF MOS IN SYMMETRY 1:   1 2 3 1 3 2 1 5 6 4   2 3 1 5 4 6 2 3 1 2   3 1 5 6 4 3 2 1 3 2   1 1 2 3 1 6 4 5 2 3
                                        1 6 5 4 1 3 2 1 6 5   4 3 2 1 2 3 6 4 5 1   3 2 1 3 2 1 3 2 1 3   2 1 1 3 2 1 3 2 1 1
                                        2 3 1 3 2 1 1 3 2 1   1 2 3 1 1 1 1 1 1 1   1 1 1
 EXTRA SYMMETRY OF MOS IN SYMMETRY 2:   3 2 1 1 2 3 1 3 2 1   2 3 1 2 3 1 1 3 2 1   1 5 6 4 2 3 1 4 6 5   3 2 1 1 3 2 5 6 4 1
                                        3 2 1 1 3 2 1 2 3 1   1 2 3 1 2 3 1 1 3 2   1 1 1 1 1 1 1 1 1 1
 EXTRA SYMMETRY OF MOS IN SYMMETRY 3:   3 2 1 1 2 3 1 3 2 1   3 2 1 2 3 1 1 2 3 1   1 6 5 4 2 3 1 5 6 4   3 2 1 1 3 2 5 4 6 1
                                        3 2 1 1 3 2 1 3 2 1   1 3 2 1 3 2 1 1 3 2   1 1 1 1 1 1 1 1 1 1
 EXTRA SYMMETRY OF MOS IN SYMMETRY 4:   1 1 2 3 1 3 2 1 1 3   2 1 1 1 3 2 1 3 2 1   3 2 1 1 3 2 1 1 1 1   1 1 1 1 1 1
 EXTRA SYMMETRY OF MOS IN SYMMETRY 5:   2 3 1 1 3 2 1 2 3 1   3 2 1 2 3 1 1 2 3 1   1 6 4 5 2 3 1 4 6 5   2 3 1 1 2 3 6 5 4 1
                                        2 3 1 1 2 3 1 2 3 1   1 3 2 1 3 2 1 1 2 3   1 1 1 1 1 1 1 1 1 1
 EXTRA SYMMETRY OF MOS IN SYMMETRY 6:   1 1 3 2 1 2 3 1 1 2   3 1 1 1 2 3 1 2 3 1   2 3 1 1 2 3 1 1 1 1   1 1 1 1 1 1
 EXTRA SYMMETRY OF MOS IN SYMMETRY 7:   1 1 3 2 1 3 2 1 1 2   3 1 1 1 2 3 1 2 3 1   2 3 1 1 2 3 1 1 1 1   1 1 1 1 1 1

 Natural orbital dump at molpro section  5202.2    (Orbital set 2)


 CI vector
 =========

 a a a           1.0000000

 TOTAL ENERGIES                      -199.83444438



 **********************************************************************************************************************************
 DATASETS  * FILE   NREC   LENGTH (MB)   RECORD NAMES
              1      20       41.81       500      610      700      900      950      970     1000      129      960     1100   
                                          VAR    BASINP    GEOM    SYMINP    ZMAT    AOBASIS   BASIS     P2S    ABASIS      S 
                                         1400     1410     1420     1200     1210     1080     1600     1650     1700     1380   
                                           T        V       ECP      H0       H01     AOSYM     SMH    MOLCAS    OPER     JKOP   

              2       6        9.83       200      700     1000      520     4202     5202   
                                        OPTIONS   GEOM     BASIS   MCVARS     RHF     MCSCF   

 PROGRAMS   *        TOTAL     MULTI       POP       RHF       INT
 CPU TIMES  *       161.47      1.54      0.00      1.89    157.71
 REAL TIME  *       169.72 SEC
 DISK USED  *         8.15 GB      
 SF USED    *        70.62 MB      
 GA USED    *         0.00 MB       (max)       0.00 MB       (current)
 **********************************************************************************************************************************


 PROGRAM * RHF-SCF (OPEN SHELL)       Authors: W. Meyer, H.-J. Werner


 NUMBER OF ELECTRONS:      11+    8-    SPACE SYMMETRY=8    SPIN SYMMETRY: Quartet 
 CONVERGENCE THRESHOLDS:    1.00E-05 (Density)    1.00E-07 (Energy)
 MAX. NUMBER OF ITERATIONS:        0
 INTERPOLATION TYPE:            DIIS
 INTERPOLATION STEPS:              2 (START)      1 (STEP)
 LEVEL SHIFTS:                 -0.60 (CLOSED) -0.30 (OPEN) 

 Number of closed-shell orbitals:    8 (   1   2   2   0   2   0   0   1 )
 Number of open-shell orbitals:      3 (   0   1   1   0   1   0   0   0 )


 Molecular orbitals read from record     5202.2  Type=MCSCF/NATURAL (state 1.8)

 Molecular orbital dump at record        2130.2

 ITERATION    DDIFF          GRAD             ENERGY        2-EL.EN.            DIPOLE MOMENTS         DIIS   ORB.
    1      0.000D+00      0.000D+00      -199.83444438    273.753690    0.00000    0.00000    0.00000    0    start

 Final alpha occupancy:   1   3   3   0   3   0   0   1
 Final beta  occupancy:   1   2   2   0   2   0   0   1

 !RHF STATE 1.8 Energy               -199.834444377898
 Nuclear energy                         0.00000000
 One-electron energy                 -336.71128945
 Two-electron energy                  136.87684508
 Virial quotient                       -1.11030035
 !RHF STATE 1.8 Dipole moment           0.00000000     0.00000000     0.00000000
 Dipole moment /Debye                   0.00000000     0.00000000     0.00000000

 Orbital energies:

         1.1          2.1          3.1
     -5.194754    -2.261492    -2.261492

         1.2          2.2          3.2          4.2          5.2
     -2.837958    -2.837958    -3.871455    -1.494084    -1.050506

         1.3          2.3          3.3          4.3          5.3
     -2.837958    -2.837958    -3.871455    -1.494084    -1.050506

         1.4          2.4
     -2.261492    -1.112821

         1.5          2.5          3.5          4.5          5.5
     -2.837958    -2.837958    -3.871455    -1.494084    -1.050506

         1.6          2.6
     -2.261492    -1.112821

         1.7          2.7
     -2.261492    -1.112821

         1.8          2.8          3.8
     -2.837958    -1.050506    -0.677889

 HOMO      1.8    -2.837958 =     -77.2248eV
 LUMO      2.1    -2.261492 =     -61.5383eV
 LUMO-HOMO         0.576466 =      15.6864eV


 **********************************************************************************************************************************
 DATASETS  * FILE   NREC   LENGTH (MB)   RECORD NAMES
              1      20       41.81       500      610      700      900      950      970     1000      129      960     1100   
                                          VAR    BASINP    GEOM    SYMINP    ZMAT    AOBASIS   BASIS     P2S    ABASIS      S 
                                         1400     1410     1420     1200     1210     1080     1600     1650     1700     1380   
                                           T        V       ECP      H0       H01     AOSYM     SMH    MOLCAS    OPER     JKOP   

              2       7       13.30       200      700     1000      520     4202     5202     2130   
                                        OPTIONS   GEOM     BASIS   MCVARS     RHF     MCSCF     RHF  

 PROGRAMS   *        TOTAL       RHF     MULTI       POP       RHF       INT
 CPU TIMES  *       161.66      0.19      1.54      0.00      1.89    157.71
 REAL TIME  *       169.96 SEC
 DISK USED  *         8.15 GB      
 SF USED    *        70.62 MB      
 GA USED    *         0.00 MB       (max)       0.00 MB       (current)
 **********************************************************************************************************************************
 SETTING SCF(14)        =      -199.83444438  AU                              
 SETTING _CC_NORM_MAX   =         2.00000000                                  


 PROGRAM * CCSD (Restricted open-shell coupled cluster)     Authors: C. Hampel, H.-J. Werner, 1991, M. Deegan, P.J. Knowles, 1992


 Convergence thresholds:  THRVAR = 1.00D-08  THRDEN = 1.00D-06

 CCSD(T)     terms to be evaluated (factor= 1.000)


 Number of closed-shell orbitals:   8 (   1   2   2   0   2   0   0   1 )
 Number of active  orbitals:        3 (   0   1   1   0   1   0   0   0 )
 Number of external orbitals:     431 ( 102  67  67  36  67  36  36  20 )

 Memory could be reduced to 192.03 Mwords without degradation in triples

 Number of N-1 electron functions:              19
 Number of N-2 electron functions:             171
 Number of singly external CSFs:              1264
 Number of doubly external CSFs:           3069716
 Total number of CSFs:                     3070980

 Molecular orbitals read from record     2130.2  Type=RHF/CANONICAL (state 1.8)

 Integral transformation finished. Total CPU:   4.49 sec, npass=  1  Memory used:  36.42 MW

 Starting RMP2 calculation

 Wavefunction is spin-projected

 ITER.      SQ.NORM     CORR.ENERGY   TOTAL ENERGY   ENERGY CHANGE        DEN1      VAR(S)    VAR(P)  DIIS     TIME
   1      1.51171729    -2.19020381  -202.02464819    -2.19020381    -0.02670730  0.63D-05  0.20D-01  1  1     4.95
   2      1.55750988    -2.21921292  -202.05365730    -0.02900911     0.00092383  0.17D-07  0.31D-02  2  2     5.23
   3      1.56344080    -2.22694145  -202.06138583    -0.00772852    -0.00011640  0.86D-08  0.10D-03  3  3     5.61
   4      1.56702659    -2.22839198  -202.06283636    -0.00145053    -0.00000200  0.13D-09  0.14D-05  4  4     6.01
   5      1.56716225    -2.22841936  -202.06286374    -0.00002738    -0.00000009  0.46D-11  0.67D-07  5  5     6.44
   6      1.56716953    -2.22842264  -202.06286702    -0.00000328    -0.00000000  0.93D-13  0.31D-09  6  6     6.91
   7      1.56716938    -2.22842274  -202.06286712    -0.00000010    -0.00000000  0.18D-14  0.30D-11  6  1     7.40

 Norm of t1 vector:      0.02584384      S-energy:    -0.00338414      T1 diagnostic:  0.00005856
 Norm of t2 vector:      0.75266292      P-energy:    -2.22503860
                                         Alpha-Beta:  -1.48718814
                                         Alpha-Alpha: -0.40530134
                                         Beta-Beta:   -0.33254912

 Spin contamination <S**2-Sz**2-Sz>     0.00000000
  Reference energy                   -199.834444377898
  RHF-RMP2 correlation energy          -2.228422739189
 !RHF-RMP2 energy                    -202.062867117088
 (NB above energy spin projected)

 Starting RCCSD calculation

 ITER.      SQ.NORM     CORR.ENERGY   TOTAL ENERGY   ENERGY CHANGE        DEN1      VAR(S)    VAR(P)  DIIS     TIME
   1      1.22944734    -1.48784692  -201.32229129    -1.48784692    -0.18715364  0.79D-03  0.84D-01  0  0    10.12
   2      1.34281115    -1.66929370  -201.50373808    -0.18144679     0.03360119  0.20D-03  0.83D-01  0  0    12.50
   3      1.35136360    -1.65695953  -201.49140391     0.01233417     0.12740940  0.53D-04  0.16D+00  0  0    14.86
   4      1.43275644    -1.61162075  -201.44606513     0.04533878     0.25575493  0.79D-05  0.30D+00  0  0    17.26
   5      1.52869678    -1.71146105  -201.54590543    -0.09984030     0.50984619  0.20D-04  0.60D+00  0  0    19.68
   6      1.72175366    -1.56795887  -201.40240324     0.14350218     0.96817313  0.59D-04  0.11D+01  0  0    22.09
   7      2.12638817    -1.77636537  -201.61080974    -0.20840650     1.93381818  0.12D-03  0.23D+01  0  0    24.47
   8      2.68169661    -1.49091098  -201.32535536     0.28545439     3.55801292  0.25D-03  0.42D+01  0  0    26.85
   9      4.41218951    -1.89359900  -201.72804338    -0.40268802     7.22151016  0.46D-03  0.85D+01  0  0    29.24
  10      5.64870704    -1.35148136  -201.18592574     0.54211763    12.48154260  0.93D-03  0.15D+02  0  0    31.60
  11     12.92204784    -2.10854405  -201.94298842    -0.75706268    25.65104729  0.18D-02  0.30D+02  0  0    33.98
  12     12.38516402    -1.13317554  -200.96761992     0.97536850    38.52784029  0.52D-02  0.45D+02  0  0    36.39
  13     37.69906208    -2.43597523  -202.27041961    -1.30279968    74.62765732  0.68D-01  0.87D+02  0  0    38.76

 UNREASONABLE NORM: 37.699062 CALCULATION WILL BE STOPPED

 The threshold can be changed using option CC_NORM_MAX (see manual). The current value is CC_NORM_MAX=2.00

 Norm of t1 vector:      0.22098409      S-energy:    -0.00543568      T1 diagnostic:  0.03518560
                                                                       D1 diagnostic:  0.13531321
 Norm of t2 vector:      6.05394319      P-energy:    -2.43053955
                                         Alpha-Beta:  -1.31703218
                                         Alpha-Alpha: -0.28577929
                                         Beta-Beta:   -0.82772808

 Singles amplitudes (print threshold =  0.500E-01):

         I         SYM. A    A   T(IA) [Beta-Beta]

         3         2         1     -0.07069328
         6         3         1      0.07056831
         8         5         1      0.19136175

 Doubles amplitudes (print threshold =  0.500E-01):

         I         J         SYM. A    SYM. B    A         B      T(IJ, AB) [Alpha-Alpha]

         5         2         1         4         2         1      0.06234612
         5         2         4         1         1         2     -0.06234612
 
         I         J         SYM. A    SYM. B    A         B      T(IJ, AB) [Beta-Beta]

         5         2         1         4         2         1      0.06234612
         5         2         2         3         1         1      2.77936713
         5         2         3         2         1         1     -2.77936712
         5         2         4         1         1         2     -0.06234612
         6         3         2         3         1         1     -0.92710855
         6         3         3         2         1         1      0.92710855
        11         9         2         3         1         1      1.85264265
        11         9         3         2         1         1     -1.85263388
         8         3         2         5         1         1      2.26849076
         8         3         5         2         1         1     -2.26849090
         9         2         2         5         1         1      1.13548980
         9         2         5         2         1         1     -1.13549593
         9         3         2         5         1         1     -1.46430858
         9         3         5         2         1         1      1.46430848
        11         5         2         5         1         1      1.13549233
        11         5         5         2         1         1     -1.13549214
        11         6         2         5         1         1      1.46430900
        11         6         5         2         1         1     -1.46430893
         8         6         3         5         1         1     -2.26848935
         8         6         5         3         1         1      2.26849027
         9         5         3         5         1         1      1.13549345
         9         5         5         3         1         1     -1.13549355
         9         6         3         5         1         1     -1.46430765
         9         6         5         3         1         1      1.46430771
        11         2         3         5         1         1     -1.13549451
        11         2         5         3         1         1      1.13549123
        11         3         3         5         1         1     -1.46430890
        11         3         5         3         1         1      1.46430899
 
         I         J         SYM. A    SYM. B    A         B      T(IJ, AB) [Alpha-Beta]

         2         2         1         1         2         2     -0.05484125
         2         2         4         4         1         1     -0.05484226
         3         3         6         6         1         1     -0.06097273
         5         5         1         1         2         2     -0.05484126
         5         5         4         4         1         1     -0.05484224
         6         6         7         7         1         1     -0.06097206
         8         8         1         1         1         1     -0.06944406
         8         8         5         5         2         1      0.05305772
         1         2         1         2         2         1     -0.05003282
         1         2         4         3         1         1      0.05003293
         1         3         6         5         1         1     -0.05179423
         1         5         1         3         2         1     -0.05003272
         1         5         4         2         1         1     -0.05003303
         1         6         7         5         1         1      0.05179432
         1         8         1         5         1         1     -0.05482099

 ?ERROR: NO CONVERGENCE. TRIPLES WILL NOT BE DONE. THIS CAN BE AVOIDED USING THE NOCHECK OPTION.

 Spin contamination <S**2-Sz**2-Sz>     0.00000000
 

 RESULTS
 =======

  Reference energy                   -199.834444377898
  RCCSD singles energy                 -0.005435677118
  RCCSD pair energy                    -2.430539550863
  RCCSD correlation energy             -2.435975227981
 
 !RHF-RCCSD energy                   -202.270419605879

 Program statistics:

 Available memory in ccsd:               999998822
 Min. memory needed in ccsd:               9154333
 Max. memory used in ccsd:                12911109
 Max. memory used in cckext:              10012577 (13 integral passes)
 Max. memory used in cckint:              36423462 ( 1 integral passes)

 
 ? Error
 ? No convergence. This error exit can be avoided using the NOCHECK option
 ? The problem occurs in ccsd
