Note: The following floating-point exceptions are signalling: IEEE_UNDERFLOW_FLAG
 ENTER Z, NR
 PLEASE ENTER RELATIVITY FACTOR.  (0=NR, 1=REL.)
 PLEASE ENTER IUFLAG. (0=U, 1=SU, 2=R).
 PLEASE ENTER NFC, NEL, RATIO, ETOL, XNUM
 PLEASE ENTER N L M J S OCC.
     840.500000  -3479.279609
      91.840428  -3671.714653
      35.416165  -3710.423150
      12.599369  -3715.569799
       4.376006  -3716.100256
       1.609597  -3716.163200
       0.649849  -3716.173550
       0.283379  -3716.175422
       0.129368  -3716.175670
       0.060430  -3716.175638
       0.028518  -3716.175585
       0.013511  -3716.175551
       0.006459  -3716.175531
       0.003126  -3716.175521
       0.001514  -3716.175516
       0.000743  -3716.175514
       0.000369  -3716.175512
       0.000183  -3716.175512
       0.000091  -3716.175512
    1   0 0   0/2   1    2.0000       -693.481267
    2   0 0   0/2   1    2.0000       -104.843080
    2   1-1   2/2   1    2.0000        -96.704847
    2   1 0   2/2   1    2.0000        -96.704847
    2   1 1   2/2   1    2.0000        -96.704847
    3   0 0   0/2   1    2.0000        -24.835179
    3   1-1   2/2   1    2.0000        -21.646438
    3   1 0   2/2   1    2.0000        -21.646438
    3   1 1   2/2   1    2.0000        -21.646438
    3   2-2   4/2   1    2.0000        -15.938499
    3   2-1   4/2   1    2.0000        -15.938499
    3   2 0   4/2   1    2.0000        -15.938499
    3   2 1   4/2   1    2.0000        -15.938499
    3   2 2   4/2   1    2.0000        -15.938499
    4   0 0   0/2   1    2.0000         -8.803283
 TOTAL ENERGY =    -3716.175512-101123.081550
 PLEASE ENTER FULL FILENAME.
