
 Primary working directories    : /global/cscratch1/sd/haihan
 Secondary working directories  : /global/cscratch1/sd/haihan
 Wavefunction directory         : /global/homes/h/haihan/Research/ECP/f_group_element_ecps/Gd/Molpro/atom/AE/dkh/wfu/
 Main file repository           : /global/cscratch1/sd/haihan/

 SHA1      : 19cd028119e0e09f93f0674bd8af7968d9b3eff6
 NAME      : 2015.1.36
 ARCHNAME  : linux/x86_64
 FC        : /opt/cray/pe/craype/2.5.14/bin/ftn
 BLASLIB   : -L/opt/intel/compilers_and_libraries_2018.1.163/linux/mkl/lib/intel64 -Wl,-_start-group -lmkl_intel_ilp64 -lmkl_intel_thread -lmkl_core -Wl,-_end-group -liomp5
 id        : lbl

 Nodes     nprocs
 nid01891     5
 Number of processes for MPI-2 version of Molpro:   nprocs(total)=    6   nprocs(compute)=    5   nprocs(helper)=    1

 Using customized tuning parameters: mindgm=7; mindgv=16; mindgc=1; mindgr=1; noblas=0; minvec=7
 default implementation of scratch files=sf  

 ***,Calculation for Gd atom, singlet and triplet
 memory,2,g
 
 
 gthresh,twoint=1.e-15
 gthresh,oneint=1.e-15
 
 set,dkroll=1,dkho=10,dkhp=4
 
 geometry={
 1
 Gd
 Gd  0.0 0.0 0.0
 }
 
 basis={
 Including file /global/u2/h/haihan/Research/ECP/f_group_element_ecps/Gd/Molpro/atom/AE/dkh/10/../aug-cc-pwCVTZ.basis
 }
 
 
 
 Including file /global/u2/h/haihan/Research/ECP/f_group_element_ecps/Gd/Molpro/atom/AE/dkh/10/../Gd_states_ae.proc
 
 
 do i=10,10
     if (i.eq.1) then
         Id1f7s2
     else if (i.eq.2) then
         Id2f7s1
     else if (i.eq.3) then
         EAd2f7s2
     else if (i.eq.4) then
         IId1f7s1
     else if (i.eq.5) then
         IIdf7s2
     else if (i.eq.6) then
         IIId1f7
     else if (i.eq.7) then
         IVdf7
     else if (i.eq.8) then
         Vdf6
     else if (i.eq.9) then
         VIdf5
     else if (i.eq.10) then
         VIIdf4
     else if (i.eq.11) then
         VIIIdf3
     else if (i.eq.12) then
         IXdf2
     else if (i.eq.13) then
         Xdf1
     else if (i.eq.14) then
         XIdf
     else if (i.eq.15) then
         XIIp4
     else if (i.eq.16) then
         XIIIp3
     endif
     scf(i)=energy
     _CC_NORM_MAX=2.0
     {rccsd(t),shifts=0.5,shiftp=0.5,thrdis=1.0;diis,1,1,15,1;maxit,100;core}
     ccsd(i)=energy
 enddo
 
 table,scf,ccsd
 type,csv
 save

 Variables initialized (889), CPU time= 0.01 sec
 Commands  initialized (702), CPU time= 0.00 sec, 572 directives.
 Default parameters read. Elapsed time= 0.13 sec

 Checking input...
 Passed
1


                                         ***  PROGRAM SYSTEM MOLPRO  ***
                                       Copyright, TTI GmbH Stuttgart, 2015
                                    Version 2015.1 linked Dec 29 2018 15:55:43


 **********************************************************************************************************************************
 LABEL *   Calculation for Gd atom, singlet and triplet                                  
  64 bit mpp version                                                                     DATE: 11-Nov-22          TIME: 07:25:25  
 **********************************************************************************************************************************

 SHA1:             19cd028119e0e09f93f0674bd8af7968d9b3eff6
 **********************************************************************************************************************************

 THRESHOLDS:

 ZERO    =  1.00D-12  ONEINT  =  1.00D-12  TWOINT  =  1.00D-15  PREFAC  =  1.00D-14  LOCALI  =  1.00D-09  EORDER  =  1.00D-04
 ENERGY  =  0.00D+00  ETEST   =  0.00D+00  EDENS   =  0.00D+00  THRDEDEF=  1.00D-06  GRADIENT=  1.00D-02  STEP    =  1.00D-03
 ORBITAL =  1.00D-05  CIVEC   =  1.00D-05  COEFF   =  1.00D-04  PRINTCI =  5.00D-02  PUNCHCI =  9.90D+01  OPTGRAD =  3.00D-04
 OPTENERG=  1.00D-06  OPTSTEP =  3.00D-04  THRGRAD =  1.00D-10  COMPRESS=  1.00D-11  VARMIN  =  1.00D-07  VARMAX  =  1.00D-03
 THRDOUB =  0.00D+00  THRDIV  =  1.00D-05  THRRED  =  1.00D-07  THRPSP  =  1.00D+00  THRDC   =  1.00D-10  THRCS   =  1.00D-10
 THRNRM  =  1.00D-08  THREQ   =  0.00D+00  THRDE   =  1.00D+00  THRREF  =  1.00D-05  SPARFAC =  1.00D+00  THRDLP  =  1.00D-07
 THRDIA  =  1.00D-10  THRDLS  =  1.00D-07  THRGPS  =  0.00D+00  THRKEX  =  0.00D+00  THRDIS  =  2.00D-01  THRVAR  =  1.00D-10
 THRLOC  =  1.00D-06  THRGAP  =  1.00D-06  THRLOCT = -1.00D+00  THRGAPT = -1.00D+00  THRORB  =  1.00D-06  THRMLTP =  0.00D+00
 THRCPQCI=  1.00D-10  KEXTA   =  0.00D+00  THRCOARS=  0.00D+00  SYMTOL  =  1.00D-06  GRADTOL =  1.00D-06  THROVL  =  1.00D-08
 THRORTH =  1.00D-08  GRID    =  1.00D-06  GRIDMAX =  1.00D-03  DTMAX   =  0.00D+00  THROCCDE=  1.00D-01  THROCCDE=  1.00D-01



 THRESHOLDS:

 ZERO    =  1.00D-12  ONEINT  =  1.00D-15  TWOINT  =  1.00D-15  PREFAC  =  1.00D-14  LOCALI  =  1.00D-09  EORDER  =  1.00D-04
 ENERGY  =  0.00D+00  ETEST   =  0.00D+00  EDENS   =  0.00D+00  THRDEDEF=  1.00D-06  GRADIENT=  1.00D-02  STEP    =  1.00D-03
 ORBITAL =  1.00D-05  CIVEC   =  1.00D-05  COEFF   =  1.00D-04  PRINTCI =  5.00D-02  PUNCHCI =  9.90D+01  OPTGRAD =  3.00D-04
 OPTENERG=  1.00D-06  OPTSTEP =  3.00D-04  THRGRAD =  1.00D-10  COMPRESS=  1.00D-11  VARMIN  =  1.00D-07  VARMAX  =  1.00D-03
 THRDOUB =  0.00D+00  THRDIV  =  1.00D-05  THRRED  =  1.00D-07  THRPSP  =  1.00D+00  THRDC   =  1.00D-10  THRCS   =  1.00D-10
 THRNRM  =  1.00D-08  THREQ   =  0.00D+00  THRDE   =  1.00D+00  THRREF  =  1.00D-05  SPARFAC =  1.00D+00  THRDLP  =  1.00D-07
 THRDIA  =  1.00D-10  THRDLS  =  1.00D-07  THRGPS  =  0.00D+00  THRKEX  =  0.00D+00  THRDIS  =  2.00D-01  THRVAR  =  1.00D-10
 THRLOC  =  1.00D-06  THRGAP  =  1.00D-06  THRLOCT = -1.00D+00  THRGAPT = -1.00D+00  THRORB  =  1.00D-06  THRMLTP =  0.00D+00
 THRCPQCI=  1.00D-10  KEXTA   =  0.00D+00  THRCOARS=  0.00D+00  SYMTOL  =  1.00D-06  GRADTOL =  1.00D-06  THROVL  =  1.00D-08
 THRORTH =  1.00D-08  GRID    =  1.00D-06  GRIDMAX =  1.00D-03  DTMAX   =  0.00D+00  THROCCDE=  1.00D-01  THROCCDE=  1.00D-01


 SETTING DKROLL         =         1.00000000                                  
 SETTING DKHO           =        10.00000000                                  
 SETTING DKHP           =         4.00000000                                  

Geometry recognized as XYZ


 Variable memory set to 2000000000 words,  buffer space   230000 words

 SETTING BASIS          =    USERDEF

 DO I                   =        10.00000000   

 Running procedure=VIIDF4


 Recomputing integrals since basis changed


 Using spherical harmonics



 PROGRAM * SEWARD (Integral evaluation for generally contracted gaussian basis sets)     Author: Roland Lindh, 1990

 Geometry written to block  1 of record 700

 Orientation using atomic masses  
 Molecule type: Atom
 Symmetry elements: X,Y,Z
 Rotational constants:       0.0000000      0.0000000      0.0000000 GHz  (calculated with average atomic masses)

 Point group  D2h 



 ATOMIC COORDINATES

 NR  ATOM    CHARGE       X              Y              Z

   1  GD     64.00    0.000000000    0.000000000    0.000000000

 NUCLEAR CHARGE:                   64
 NUMBER OF PRIMITIVE AOS:         631
 NUMBER OF SYMMETRY AOS:          481
 NUMBER OF CONTRACTIONS:          481   ( 113Ag  +  74B3u +  74B2u +  42B1g +  74B1u +  42B2g +  42B3g +  20Au  )
 NUMBER OF CORE ORBITALS:          23   (   8Ag  +   3B3u +   3B2u +   2B1g +   3B1u +   2B2g +   2B3g +   0Au  )
 NUMBER OF VALENCE ORBITALS:       17   (   4Ag  +   3B3u +   3B2u +   1B1g +   3B1u +   1B2g +   1B3g +   1Au  )


 NUCLEAR REPULSION ENERGY    0.00000000

 One-electron integrals computed with SEWARD

 10nd-order Douglas-Kroll-Hess method activated. McWeeny DKH parametrization is used.

 Computing Douglas-Kroll / X2C integrals

 AO integral compression algorithm  1   Integral accuracy      1.0D-15

     5087.429 MB (compressed) written to integral file ( 43.1%)

     Node minimum: 440.140 MB, node maximum: 1580.466 MB


 NUMBER OF SORTED TWO-ELECTRON INTEGRALS:  171778298.     BUFFER LENGTH:  32768
 NUMBER OF SEGMENTS:   6  SEGMENT LENGTH:   31998348      RECORD LENGTH: 524288

 Memory used in sort:      32.56 MW

 SORT1 READ  1474683826. AND WROTE    98537690. INTEGRALS IN    285 RECORDS. CPU TIME:    32.64 SEC, REAL TIME:    38.50 SEC
 SORT2 READ   489175437. AND WROTE   859050309. INTEGRALS IN   8395 RECORDS. CPU TIME:     2.76 SEC, REAL TIME:     4.40 SEC

 Node minimum:   171650191.  Node maximum:   171905998. integrals

 OPERATOR DM      FOR CENTER  0  COORDINATES:    0.000000    0.000000    0.000000

 EXTRA SYMMETRY OF AOS IN SYMMETRY 1:   1 1 1 1 1 1 1 1 1 1   1 1 1 1 1 1 1 1 1 1   1 1 1 1 1 1 1 1 1 1   1 1 1 1 1 1 1 1 2 3
                                        2 3 2 3 2 3 2 3 2 3   2 3 2 3 2 3 2 3 2 3   2 3 2 3 2 3 2 3 2 3   2 3 2 3 2 3 2 3 2 3
                                        2 3 2 3 2 3 4 5 6 4   5 6 4 5 6 4 5 6 4 5   6 4 5 6 4 5 6 4 5 6   4 5 6
 EXTRA SYMMETRY OF AOS IN SYMMETRY 2:   1 1 1 1 1 1 1 1 1 1   1 1 1 1 1 1 1 1 1 1   1 1 1 1 1 1 1 1 1 1   1 1 1 1 1 1 1 2 3 2
                                        3 2 3 2 3 2 3 2 3 2   3 2 3 2 3 2 3 2 3 2   3 2 3 2 3 4 5 6 4 5   6 4 5 6
 EXTRA SYMMETRY OF AOS IN SYMMETRY 3:   1 1 1 1 1 1 1 1 1 1   1 1 1 1 1 1 1 1 1 1   1 1 1 1 1 1 1 1 1 1   1 1 1 1 1 1 1 2 3 2
                                        3 2 3 2 3 2 3 2 3 2   3 2 3 2 3 2 3 2 3 2   3 2 3 2 3 4 5 6 4 5   6 4 5 6
 EXTRA SYMMETRY OF AOS IN SYMMETRY 4:   1 1 1 1 1 1 1 1 1 1   1 1 1 1 1 1 1 1 1 1   1 1 1 1 2 3 2 3 2 3   2 3 2 3 2 3 2 3 2 3
                                        2 3
 EXTRA SYMMETRY OF AOS IN SYMMETRY 5:   1 1 1 1 1 1 1 1 1 1   1 1 1 1 1 1 1 1 1 1   1 1 1 1 1 1 1 1 1 1   1 1 1 1 1 1 1 2 3 2
                                        3 2 3 2 3 2 3 2 3 2   3 2 3 2 3 2 3 2 3 2   3 2 3 2 3 4 5 6 4 5   6 4 5 6
 EXTRA SYMMETRY OF AOS IN SYMMETRY 6:   1 1 1 1 1 1 1 1 1 1   1 1 1 1 1 1 1 1 1 1   1 1 1 1 2 3 2 3 2 3   2 3 2 3 2 3 2 3 2 3
                                        2 3
 EXTRA SYMMETRY OF AOS IN SYMMETRY 7:   1 1 1 1 1 1 1 1 1 1   1 1 1 1 1 1 1 1 1 1   1 1 1 1 2 3 2 3 2 3   2 3 2 3 2 3 2 3 2 3
                                        2 3
 EXTRA SYMMETRY OF AOS IN SYMMETRY 8:   1 1 1 1 1 1 1 1 1 1   1 1 1 1 2 3 2 3 2 3

 Eigenvalues of metric

         1 0.117E-06 0.313E-06 0.724E-06 0.724E-06 0.728E-06 0.135E-05 0.447E-05 0.619E-05
         2 0.616E-06 0.439E-05 0.139E-04 0.449E-04 0.885E-04 0.303E-03 0.501E-03 0.668E-03
         3 0.616E-06 0.439E-05 0.139E-04 0.449E-04 0.885E-04 0.303E-03 0.501E-03 0.668E-03
         4 0.724E-06 0.237E-04 0.148E-03 0.537E-03 0.925E-03 0.419E-02 0.877E-02 0.166E-01
         5 0.616E-06 0.439E-05 0.139E-04 0.449E-04 0.885E-04 0.303E-03 0.501E-03 0.668E-03
         6 0.724E-06 0.237E-04 0.148E-03 0.537E-03 0.925E-03 0.419E-02 0.877E-02 0.166E-01
         7 0.724E-06 0.237E-04 0.148E-03 0.537E-03 0.925E-03 0.419E-02 0.877E-02 0.166E-01
         8 0.826E-03 0.126E-01 0.208E-01 0.681E-01 0.138E+00 0.253E+00 0.351E+00 0.351E+00


 **********************************************************************************************************************************
 DATASETS  * FILE   NREC   LENGTH (MB)   RECORD NAMES
              1      22       22.40       500      610      700      900      950      970     1000      129      960     1700   
                                          VAR    BASINP    GEOM    SYMINP    ZMAT    AOBASIS   BASIS     P2S    ABASIS    OPER   
                                         1101     1401     1411     1412     1650     1100     1400     1410     1200     1210   
                                          SR      EKINR    POTR     PVPR    MOLCAS      S      EKIN      POT      H0       H01  
                                         1080     1600   
                                         AOSYM     SMH  

 PROGRAMS   *        TOTAL       INT
 CPU TIMES  *       331.24    330.81
 REAL TIME  *       342.76 SEC
 DISK USED  *        11.09 GB      
 GA USED    *         0.00 MB       (max)       0.00 MB       (current)
 **********************************************************************************************************************************


 PROGRAM * RHF-SCF (OPEN SHELL)       Authors: W. Meyer, H.-J. Werner


 NUMBER OF ELECTRONS:      31+   27-    SPACE SYMMETRY=1    SPIN SYMMETRY: Quintet 
 CONVERGENCE THRESHOLDS:    1.00E-05 (Density)    1.28E-07 (Energy)
 MAX. NUMBER OF ITERATIONS:       60
 INTERPOLATION TYPE:            DIIS
 INTERPOLATION STEPS:              2 (START)      1 (STEP)
 LEVEL SHIFTS:                 -0.60 (CLOSED) -0.30 (OPEN) 

 Number of closed-shell orbitals:   27 (   9   4   4   2   4   2   2   0 )
 Number of open-shell orbitals:      4 (   0   2   2   0   0   0   0   0 )


 
 Extra symmetries of mos in symmetry 1:   1   1   1   3   2   1   3   2   1   3   2
 Extra symmetries of mos in symmetry 2:   1   1   1   1   3   2
 Extra symmetries of mos in symmetry 3:   1   1   1   1   3   2
 Extra symmetries of mos in symmetry 5:   1   1   1   1   3   2
 Orbital guess generated from atomic densities. Full valence occupancy:   12   6   6   3   6   3   3   1


 Molecular orbital dump at record        4202.2

 ITERATION    DDIFF          GRAD             ENERGY        2-EL.EN.            DIPOLE MOMENTS         DIIS   ORB.
    1      0.000D+00      0.000D+00    -11257.95537832   7742.934613    0.00000    0.00000    0.00000    0    start
    2      0.000D+00      0.322D-01    -11258.83209338   7894.087531    0.00000    0.00000    0.00000    1    diag,B
    3      0.152D-01      0.201D-01    -11258.92723209   7858.801448    0.00000    0.00000    0.00000    2    diag,B
    4      0.504D-02      0.274D-02    -11258.93229385   7857.716695    0.00000    0.00000    0.00000    3    diag,B
    5      0.207D-02      0.510D-03    -11258.93270750   7858.080732    0.00000    0.00000    0.00000    4    diag,B
    6      0.993D-03      0.822D-04    -11258.93273493   7858.186466    0.00000    0.00000    0.00000    5    diag,B
    7      0.289D-03      0.372D-04    -11258.93274945   7858.194290    0.00000    0.00000    0.00000    6    fixocc
    8      0.576D-04      0.232D-04    -11258.93275940   7858.194906    0.00000    0.00000    0.00000    7    diag,B
    9      0.254D-04      0.377D-05    -11258.93275958   7858.192344    0.00000    0.00000    0.00000    8    diag,B
   10      0.585D-05      0.492D-06    -11258.93275958   7858.191861    0.00000    0.00000    0.00000    9    orth
   11      0.197D-05      0.276D-06    -11258.93275953   7858.191407    0.00000    0.00000    0.00000    0    orth

 Final alpha occupancy:   9   6   6   2   4   2   2   0
 Final beta  occupancy:   9   4   4   2   4   2   2   0

 !RHF STATE 1.1 Energy               -11258.9327595346    
 Nuclear energy                         0.00000000
 One-electron energy               -15188.02846280
 Two-electron energy                 3929.09570327
 Virial quotient                       -0.78325806
 !RHF STATE 1.1 Dipole moment           0.00000000     0.00000000     0.00000000
 Dipole moment /Debye                   0.00000000     0.00000000     0.00000000

 ELECTRON ORBITALS
 =================


   Orb  Occ    Energy  Couls-En    Coefficients

                                   1 1s      1 1s      1 1s      1 1s      1 1s      1 1s      1 1s      1 1s      1 1s      1 1s   
                                   1 1s      1 1s      1 1s      1 1s      1 1s      1 1s      1 1s      1 1s      1 1s      1 1s   
                                   1 1s      1 1s      1 1s      1 1s      1 1s      1 1s      1 1s      1 1s      1 1s      1 1s   
                                   1 1s      1 1s      1 1s      1 1s      1 1s      1 1s      1 1s      1 1s      1 3d0     1 3d2+ 
                                   1 3d0     1 3d2+    1 3d0     1 3d2+    1 3d0     1 3d2+    1 3d0     1 3d2+    1 3d0     1 3d2+ 
                                   1 3d0     1 3d2+    1 3d0     1 3d2+    1 3d0     1 3d2+    1 3d0     1 3d2+    1 3d0     1 3d2+ 
                                   1 3d0     1 3d2+    1 3d0     1 3d2+    1 3d0     1 3d2+    1 3d0     1 3d2+    1 3d0     1 3d2+ 
                                   1 3d0     1 3d2+    1 3d0     1 3d2+    1 3d0     1 3d2+    1 3d0     1 3d2+    1 3d0     1 3d2+ 
                                   1 3d0     1 3d2+    1 3d0     1 3d2+    1 3d0     1 3d2+    1 5g0     1 5g4+    1 5g2+    1 5g0  
                                   1 5g4+    1 5g2+    1 5g0     1 5g4+    1 5g2+    1 5g0     1 5g4+    1 5g2+    1 5g0     1 5g4+ 
                                   1 5g2+    1 5g0     1 5g4+    1 5g2+    1 5g0     1 5g4+    1 5g2+    1 5g0     1 5g4+    1 5g2+ 
                                   1 5g0     1 5g4+    1 5g2+ 

   1.1   2 -1859.2648-4032.8044  0.000378  0.000162  0.001374  0.003951  0.007271  0.013555  0.025766  0.050323  0.101574  0.199603
                                 0.335900  0.343650  0.145959  0.063934 -0.008682  0.007228 -0.028313 -0.031888 -0.019185  0.016141
                                 0.018528 -0.002214 -0.005973 -0.003846 -0.001465  0.015513  0.014987 -0.037649 -0.081847  0.031783
                                 0.035606 -0.026369  0.003064  0.006973  0.002198  0.000066 -0.000023  0.000005  0.000000  0.000000
                                 0.000000  0.000000  0.000000 -0.000000  0.000000  0.000000  0.000000 -0.000000  0.000000  0.000000
                                -0.000000 -0.000000 -0.000001 -0.000000  0.000000  0.000000 -0.000000 -0.000000 -0.000000 -0.000000
                                -0.000000 -0.000000  0.000000  0.000000  0.000001  0.000000 -0.000001 -0.000000  0.000000  0.000000
                                 0.000000  0.000000  0.000000  0.000000 -0.000000 -0.000000  0.000000  0.000000 -0.000000 -0.000000
                                 0.000000  0.000000 -0.000000 -0.000000  0.000000  0.000000 -0.000000  0.000000  0.000000  0.000000
                                -0.000000  0.000000 -0.000000  0.000000 -0.000000  0.000000  0.000000  0.000000 -0.000000 -0.000000
                                -0.000000  0.000000 -0.000000  0.000000 -0.000000  0.000000 -0.000000  0.000000 -0.000000 -0.000000
                                -0.000000  0.000000 -0.000000

   2.1   2  -314.4793 -863.0394 -0.000137 -0.000059 -0.000499 -0.001440 -0.002668 -0.005007 -0.009687 -0.019224 -0.040872 -0.080318
                                -0.145997 -0.154123  0.138371  0.601316  0.420041  0.033515  0.012770  0.048239  0.034782 -0.031190
                                -0.037173  0.004565  0.012497  0.008074  0.003083 -0.016671 -0.050875 -0.078861  0.001721 -0.027134
                                -0.058917  0.052484 -0.006384 -0.014618 -0.004623 -0.000139  0.000049 -0.000010  0.000000 -0.000000
                                 0.000000 -0.000000  0.000000  0.000000  0.000002 -0.000000  0.000011  0.000000  0.000028 -0.000000
                                 0.000004  0.000000 -0.000022  0.000000  0.000014 -0.000000 -0.000002  0.000000 -0.000001  0.000000
                                -0.000000  0.000000  0.000008 -0.000000  0.000029 -0.000000 -0.000027  0.000000  0.000002 -0.000000
                                 0.000000 -0.000000  0.000000 -0.000000 -0.000000  0.000000  0.000000 -0.000000 -0.000000  0.000000
                                 0.000000 -0.000000 -0.000000  0.000000  0.000000 -0.000000  0.000001 -0.000000 -0.000000  0.000000
                                 0.000000  0.000000 -0.000000 -0.000000 -0.000000  0.000000 -0.000000  0.000000 -0.000000  0.000000
                                -0.000000  0.000000 -0.000000  0.000000 -0.000000 -0.000000 -0.000000  0.000000 -0.000000  0.000000
                                -0.000000  0.000000 -0.000000

   3.1   2   -74.5516 -306.3724  0.000064  0.000027  0.000232  0.000668  0.001241  0.002327  0.004534  0.008950  0.019480  0.034548
                                 0.055457  0.028579 -0.207565 -0.819477 -0.327539  0.920722  0.057031 -0.486737 -0.350886  0.315505
                                 0.379492 -0.047237 -0.130836 -0.084817 -0.032467  0.014524  0.054415  0.131431  0.280784  0.478503
                                 0.601228 -0.534373  0.066586  0.153335  0.048674  0.001464 -0.000513  0.000111  0.000000 -0.000000
                                 0.000001 -0.000000  0.000008 -0.000000  0.000038 -0.000000  0.000131 -0.000000  0.000302  0.000000
                                 0.000587 -0.000000  0.000764 -0.000000 -0.000206  0.000000  0.000012 -0.000000  0.000013 -0.000000
                                 0.000002 -0.000000  0.000041  0.000000 -0.000418  0.000000  0.000420 -0.000000 -0.000019  0.000000
                                -0.000005  0.000000 -0.000001  0.000000  0.000001 -0.000000 -0.000001  0.000000  0.000000 -0.000000
                                -0.000000  0.000000  0.000000 -0.000000 -0.000000  0.000000 -0.000080  0.000000 -0.000000  0.000098
                                -0.000000  0.000000 -0.000059 -0.000000 -0.000000  0.000042  0.000000  0.000000 -0.000027 -0.000000
                                -0.000000  0.000016  0.000000  0.000000 -0.000010 -0.000000 -0.000000  0.000005  0.000000 -0.000000
                                -0.000002 -0.000000 -0.000000

   4.1   2   -49.2134 -264.5405 -0.000000 -0.000000 -0.000000 -0.000000 -0.000000 -0.000000 -0.000000 -0.000000 -0.000000 -0.000000
                                -0.000000  0.000000  0.000000  0.000000  0.000000 -0.000000 -0.000000 -0.000000  0.000000 -0.000000
                                -0.000000  0.000000  0.000000  0.000000  0.000000 -0.000000 -0.000000 -0.000000 -0.000000  0.000000
                                 0.000000  0.000000 -0.000000 -0.000000 -0.000000 -0.000000  0.000000 -0.000000  0.000000  0.000109
                                 0.000000  0.001341  0.000000  0.008433  0.000000  0.038093  0.000000  0.140176  0.000000  0.327934
                                 0.000000  0.475300  0.000000  0.406434 -0.000000 -0.075679  0.000000  0.009812  0.000000  0.005510
                                 0.000000  0.000618 -0.000000 -0.076953 -0.000000 -0.234874  0.000000  0.207580 -0.000000 -0.007758
                                -0.000000 -0.002004 -0.000000 -0.000510  0.000000  0.000426 -0.000000 -0.000275  0.000000  0.000157
                                -0.000000 -0.000057  0.000000  0.000024 -0.000000 -0.000007 -0.000000 -0.000000 -0.000002 -0.000000
                                 0.000000 -0.000255 -0.000000 -0.000000  0.000019 -0.000000  0.000000 -0.000067 -0.000000 -0.000000
                                 0.000034  0.000000  0.000000 -0.000022 -0.000000 -0.000000  0.000013  0.000000  0.000000 -0.000006
                                -0.000000 -0.000000  0.000002

   5.1   2   -49.2431 -264.5636 -0.000000 -0.000000 -0.000000 -0.000001 -0.000002 -0.000004 -0.000007 -0.000013 -0.000030 -0.000050
                                -0.000075 -0.000014  0.000388  0.001483  0.000438 -0.001933  0.000685  0.001786  0.001123 -0.001008
                                -0.001211  0.000152  0.000423  0.000274  0.000105 -0.000026 -0.000100 -0.000253 -0.000604 -0.001168
                                -0.002028  0.001707 -0.000215 -0.000496 -0.000158 -0.000005  0.000002 -0.000000  0.000109 -0.000000
                                 0.001340 -0.000000  0.008431 -0.000000  0.038084 -0.000000  0.140139 -0.000000  0.327853 -0.000000
                                 0.475296 -0.000000  0.406738 -0.000000 -0.076057 -0.000000  0.009748  0.000000  0.005508  0.000000
                                 0.000618  0.000000 -0.076916  0.000000 -0.235188 -0.000000  0.208020  0.000000 -0.007781 -0.000000
                                -0.002008 -0.000000 -0.000509 -0.000000  0.000425  0.000000 -0.000275 -0.000000  0.000157  0.000000
                                -0.000057 -0.000000  0.000024  0.000000 -0.000007 -0.000000 -0.000268 -0.000000  0.000000 -0.000230
                                 0.000000  0.000000 -0.000100 -0.000000 -0.000000 -0.000013  0.000000  0.000000 -0.000006 -0.000000
                                -0.000000  0.000002  0.000000  0.000000 -0.000001  0.000000 -0.000000  0.000001  0.000000  0.000000
                                -0.000000 -0.000000 -0.000000

   6.1   2   -18.7467 -133.8997 -0.000031 -0.000013 -0.000113 -0.000325 -0.000603 -0.001130 -0.002205 -0.004346 -0.009515 -0.016414
                                -0.025302 -0.008067  0.121163  0.487585  0.192786 -0.907698 -0.654283  1.128011  0.654130 -0.312234
                                -0.422813  0.055534  0.159610  0.104679  0.040413 -0.007901 -0.030377 -0.076781 -0.180467  0.211932
                                -0.211478  0.591371 -0.080241 -0.188277 -0.060508 -0.001830  0.000643 -0.000139 -0.000000  0.000000
                                -0.000004  0.000000 -0.000025 -0.000000 -0.000114  0.000000 -0.000427 -0.000000 -0.000984  0.000000
                                -0.001598 -0.000000 -0.002099 -0.000000  0.006727  0.000000  0.001708  0.000000  0.000371  0.000000
                                 0.000040  0.000000  0.000464  0.000000  0.004123  0.000000 -0.004550 -0.000000 -0.000428 -0.000000
                                -0.000126 -0.000000 -0.000034 -0.000000  0.000028  0.000000 -0.000018 -0.000000  0.000011  0.000000
                                -0.000004 -0.000000  0.000002  0.000000 -0.000000 -0.000000 -0.000154  0.000000 -0.000000 -0.000278
                                -0.000000  0.000000  0.000138  0.000000 -0.000000 -0.000040 -0.000000  0.000000  0.000038  0.000000
                                -0.000000 -0.000024 -0.000000  0.000000  0.000014  0.000000 -0.000000 -0.000007 -0.000000  0.000000
                                 0.000002  0.000000 -0.000000

   7.1   2    -9.6958 -109.2156 -0.000000 -0.000000 -0.000000 -0.000000 -0.000000 -0.000000 -0.000000 -0.000000 -0.000000 -0.000000
                                -0.000000 -0.000000  0.000000  0.000000  0.000000 -0.000000 -0.000000 -0.000000 -0.000000  0.000000
                                 0.000000 -0.000000 -0.000000 -0.000000 -0.000000 -0.000000 -0.000000 -0.000000 -0.000000  0.000000
                                 0.000000 -0.000000  0.000000  0.000000  0.000000  0.000000 -0.000000  0.000000  0.000000 -0.000053
                                 0.000000 -0.000650  0.000000 -0.004148  0.000000 -0.018762  0.000000 -0.070953  0.000000 -0.164665
                                 0.000000 -0.244090  0.000000 -0.253414 -0.000000  0.931488 -0.000000  0.396334 -0.000000  0.082415
                                -0.000000  0.006650 -0.000000  0.102486 -0.000000  0.574068  0.000000 -0.681219 -0.000000  0.037338
                                 0.000000 -0.011038  0.000000 -0.005572 -0.000000  0.004751  0.000000 -0.003120 -0.000000  0.001792
                                 0.000000 -0.000651 -0.000000  0.000277  0.000000 -0.000079  0.000000 -0.000000 -0.000371  0.000000
                                -0.000000  0.000146  0.000000  0.000000 -0.000905  0.000000 -0.000000 -0.000213  0.000000  0.000000
                                -0.000181 -0.000000 -0.000000  0.000080  0.000000  0.000000 -0.000048 -0.000000 -0.000000  0.000024
                                 0.000000  0.000000 -0.000008

   8.1   2    -9.7264 -109.2876  0.000000  0.000000  0.000001  0.000002  0.000003  0.000006  0.000012  0.000025  0.000054  0.000091
                                 0.000135  0.000018 -0.000754 -0.002975 -0.001039  0.005754  0.003114 -0.007382 -0.004655  0.002361
                                 0.003598 -0.000467 -0.001440 -0.000959 -0.000374  0.000048  0.000188  0.000485  0.001189 -0.001590
                                 0.003267 -0.004730  0.000711  0.001713  0.000559  0.000017 -0.000006  0.000001 -0.000053 -0.000000
                                -0.000650 -0.000000 -0.004149 -0.000000 -0.018766 -0.000000 -0.070965 -0.000000 -0.164695 -0.000000
                                -0.244220 -0.000000 -0.253867 -0.000000  0.933310  0.000000  0.396419 -0.000000  0.082149 -0.000000
                                 0.006640 -0.000000  0.102474  0.000000  0.574828  0.000000 -0.682421 -0.000000  0.036375  0.000000
                                -0.011306  0.000000 -0.005564  0.000000  0.004743 -0.000000 -0.003114  0.000000  0.001789 -0.000000
                                -0.000650  0.000000  0.000277 -0.000000 -0.000079  0.000000 -0.001117  0.000000 -0.000000 -0.000771
                                -0.000000  0.000000 -0.001929  0.000000 -0.000000 -0.000367 -0.000000 -0.000000 -0.000291  0.000000
                                -0.000000  0.000133 -0.000000  0.000000 -0.000079  0.000000 -0.000000  0.000040 -0.000000  0.000000
                                -0.000013  0.000000 -0.000000

   9.1   2    -5.1500  -61.0518  0.000014  0.000006  0.000049  0.000142  0.000264  0.000495  0.000967  0.001905  0.004176  0.007170
                                 0.010980  0.003112 -0.054888 -0.222810 -0.089641  0.478755  0.398113 -0.818394 -0.674161  0.778364
                                 1.396088  0.150935  0.085474  0.042817  0.013844  0.003527  0.013620  0.034703  0.082949 -0.183338
                                -0.087385 -0.618151 -0.059106 -0.086371 -0.021268 -0.000570  0.000194 -0.000041  0.000000 -0.000000
                                 0.000004 -0.000000  0.000024 -0.000000  0.000110 -0.000000  0.000415 -0.000000  0.000958 -0.000000
                                 0.001518  0.000000  0.001938  0.000000 -0.008117 -0.000000 -0.000704  0.000000  0.002178  0.000000
                                 0.000275  0.000000 -0.000657 -0.000000 -0.004738 -0.000000  0.005507  0.000000  0.004158 -0.000000
                                 0.002916 -0.000000 -0.000050 -0.000000  0.000030  0.000000 -0.000015  0.000000  0.000008 -0.000000
                                -0.000002 -0.000000  0.000001  0.000000 -0.000000 -0.000000  0.000190 -0.000000 -0.000000  0.000142
                                 0.000000 -0.000000 -0.000536 -0.000000 -0.000000 -0.000334  0.000000 -0.000000 -0.000077 -0.000000
                                -0.000000  0.000011  0.000000  0.000000 -0.000008 -0.000000  0.000000  0.000004  0.000000 -0.000000
                                -0.000001  0.000000 -0.000000

  10.1   0    -2.1688  -42.5603  0.000000  0.000000 -0.000000 -0.000000 -0.000000 -0.000000 -0.000000 -0.000000 -0.000000  0.000000
                                 0.000000  0.000000  0.000000  0.000000 -0.000000 -0.000000 -0.000000 -0.000000 -0.000000 -0.000000
                                -0.000000  0.000000  0.000000  0.000000  0.000000 -0.000000 -0.000000 -0.000000 -0.000000  0.000000
                                 0.000000  0.000000 -0.000000 -0.000000 -0.000000 -0.000000  0.000000 -0.000000  0.000000  0.000019
                                 0.000000  0.000233  0.000000  0.001484  0.000000  0.006738  0.000000  0.025501  0.000000  0.059468
                                 0.000000  0.083606  0.000000  0.050207 -0.000000 -0.320304 -0.000000 -0.190197  0.000000 -0.014593
                                 0.000000  0.435847 -0.000000 -0.030601 -0.000000 -0.159822  0.000000  0.168953  0.000000  0.182539
                                 0.000000  0.535762  0.000000  0.040970  0.000000  0.021001 -0.000000 -0.015507  0.000000  0.009401
                                -0.000000 -0.003529  0.000000  0.001518 -0.000000 -0.000433  0.000000  0.000000  0.000140 -0.000000
                                -0.000000 -0.000271 -0.000000  0.000000 -0.000168 -0.000000  0.000000  0.000001 -0.000000  0.000000
                                 0.000360  0.000000  0.000000  0.000117 -0.000000 -0.000000  0.000051 -0.000000 -0.000000 -0.000021
                                -0.000000  0.000000  0.000008

  11.1   0    -2.1791  -42.6797 -0.000000 -0.000000 -0.000000 -0.000001 -0.000002 -0.000003 -0.000006 -0.000011 -0.000025 -0.000042
                                -0.000063 -0.000012  0.000340  0.001362  0.000506 -0.002861 -0.001936  0.005411  0.003732 -0.002050
                                -0.006470 -0.005948  0.001980  0.001019  0.000355 -0.000022 -0.000084 -0.000217 -0.000529  0.000962
                                -0.002378  0.007015 -0.003183 -0.002022 -0.000538 -0.000016  0.000005 -0.000001  0.000019 -0.000000
                                 0.000234 -0.000000  0.001489 -0.000000  0.006760 -0.000000  0.025585 -0.000000  0.059662 -0.000000
                                 0.083953  0.000000  0.050865  0.000000 -0.323048 -0.000000 -0.190528  0.000000 -0.012987  0.000000
                                 0.432704 -0.000000 -0.030790 -0.000000 -0.161335 -0.000000  0.171088  0.000000  0.184640 -0.000000
                                 0.537892 -0.000000  0.038676 -0.000000  0.021394  0.000000 -0.015750 -0.000000  0.009528  0.000000
                                -0.003573 -0.000000  0.001536  0.000000 -0.000439 -0.000000  0.000403 -0.000000 -0.000000 -0.000152
                                 0.000000 -0.000000 -0.000526 -0.000000 -0.000000 -0.000780 -0.000000 -0.000000  0.000021 -0.000000
                                -0.000000  0.000015  0.000000  0.000000  0.000073  0.000000 -0.000000 -0.000035 -0.000000 -0.000000
                                 0.000013 -0.000000 -0.000000

                                   1 2px     1 2px     1 2px     1 2px     1 2px     1 2px     1 2px     1 2px     1 2px     1 2px  
                                   1 2px     1 2px     1 2px     1 2px     1 2px     1 2px     1 2px     1 2px     1 2px     1 2px  
                                   1 2px     1 2px     1 2px     1 2px     1 2px     1 2px     1 2px     1 2px     1 2px     1 2px  
                                   1 2px     1 2px     1 2px     1 2px     1 2px     1 2px     1 2px     1 4f1+    1 4f3+    1 4f1+ 
                                   1 4f3+    1 4f1+    1 4f3+    1 4f1+    1 4f3+    1 4f1+    1 4f3+    1 4f1+    1 4f3+    1 4f1+ 
                                   1 4f3+    1 4f1+    1 4f3+    1 4f1+    1 4f3+    1 4f1+    1 4f3+    1 4f1+    1 4f3+    1 4f1+ 
                                   1 4f3+    1 4f1+    1 4f3+    1 4f1+    1 4f3+    1 6h1+    1 6h3+    1 6h5+    1 6h1+    1 6h3+ 
                                   1 6h5+    1 6h1+    1 6h3+    1 6h5+ 

   1.2   2  -280.4149 -805.8684  0.000012  0.000002  0.000028  0.000033  0.000094  0.000159  0.000333  0.000651  0.001194  0.004145
                                 0.002035  0.014538  0.043310  0.124403  0.296641  0.418987  0.251171  0.023978 -0.015609 -0.041835
                                -0.015446 -0.006537 -0.001046  0.000524 -0.000351  0.000347  0.005357  0.017601  0.040007  0.021417
                                 0.005105  0.004045 -0.000117 -0.000419  0.000305  0.000031 -0.000005  0.000002  0.000000  0.000015
                                -0.000000  0.000010 -0.000000 -0.000012 -0.000000 -0.000015 -0.000000 -0.000001 -0.000000  0.000001
                                 0.000000  0.000017  0.000000  0.000010  0.000000 -0.000001 -0.000000  0.000000  0.000000 -0.000000
                                -0.000000  0.000000  0.000000 -0.000000 -0.000000  0.000003 -0.000000 -0.000000 -0.000001  0.000000
                                -0.000000  0.000000 -0.000000  0.000000

   2.2   2   -63.7243 -286.6637 -0.000006 -0.000001 -0.000014 -0.000016 -0.000047 -0.000078 -0.000166 -0.000319 -0.000600 -0.002046
                                -0.001082 -0.007252 -0.022318 -0.065643 -0.166596 -0.241756 -0.049829  0.331340  0.374999 -0.026249
                                 0.009915  0.007154  0.001268 -0.000655  0.000446 -0.000445  0.131095  0.205654  0.115646 -0.007051
                                -0.005124 -0.004639  0.000151  0.000539 -0.000393 -0.000040  0.000007  0.000001  0.000000  0.000018
                                -0.000000  0.000260 -0.000000  0.000482 -0.000000  0.000342 -0.000000  0.000114 -0.000000  0.000015
                                 0.000000 -0.000311  0.000000 -0.000149  0.000000 -0.000001 -0.000000  0.000000  0.000000 -0.000000
                                -0.000000  0.000000  0.000000 -0.000000 -0.000000  0.000112  0.000000  0.000000  0.000029  0.000000
                                 0.000000  0.000004 -0.000000  0.000000

   3.2   2   -15.0120 -123.8297  0.000003  0.000001  0.000007  0.000008  0.000022  0.000037  0.000080  0.000152  0.000291  0.000976
                                 0.000541  0.003468  0.010826  0.031900  0.082426  0.119697  0.011898 -0.194163 -0.154935  0.432560
                                 0.141692 -0.139019 -0.020527  0.010313 -0.006962  0.006940 -0.107646 -0.260914  0.097024  0.445019
                                 0.158427  0.082797 -0.002350 -0.008411  0.006134  0.000625 -0.000111  0.000005 -0.000000  0.000079
                                -0.000000  0.000387 -0.000000  0.001397 -0.000000  0.002329 -0.000000  0.001106 -0.000000  0.000287
                                -0.000000  0.001200 -0.000000  0.000555 -0.000000 -0.000081  0.000000  0.000048  0.000000 -0.000033
                                 0.000000  0.000017 -0.000000 -0.000006  0.000000  0.000219  0.000000 -0.000000  0.000407  0.000000
                                 0.000000  0.000138 -0.000000 -0.000000

   4.2   2    -3.9797  -54.6955 -0.000001 -0.000000 -0.000003 -0.000003 -0.000009 -0.000016 -0.000033 -0.000063 -0.000122 -0.000408
                                -0.000228 -0.001449 -0.004539 -0.013380 -0.034711 -0.050411 -0.003677  0.085757  0.053774 -0.241320
                                 0.030642  0.274441  0.161751 -0.016542  0.012218 -0.012010  0.049761  0.130175 -0.096272 -0.419126
                                 0.333861  0.427765  0.004032  0.014490 -0.010545 -0.001070  0.000189  0.000004 -0.000000  0.000071
                                -0.000000  0.000466 -0.000000  0.001304 -0.000000  0.002756 -0.000000  0.006078 -0.000000  0.003107
                                -0.000000 -0.000981 -0.000000 -0.000576 -0.000000 -0.000932  0.000000  0.000598 -0.000000 -0.000410
                                 0.000000  0.000214 -0.000000 -0.000070  0.000000  0.000141  0.000000  0.000000 -0.000025  0.000000
                                -0.000000 -0.000115  0.000000  0.000000

   5.2   +    -4.2326  -89.4434 -0.000000  0.000000 -0.000000 -0.000000 -0.000000 -0.000000 -0.000000 -0.000000 -0.000000 -0.000000
                                -0.000000 -0.000000 -0.000000 -0.000000 -0.000000 -0.000000 -0.000000  0.000000  0.000000 -0.000000
                                 0.000000  0.000000  0.000000 -0.000000  0.000000 -0.000000  0.000000  0.000000 -0.000000 -0.000000
                                 0.000000  0.000000  0.000000  0.000000 -0.000000 -0.000000  0.000000 -0.000000  0.001099 -0.000000
                                 0.017176 -0.000000  0.107574 -0.000000  0.294047 -0.000000  0.403405 -0.000000  0.339758 -0.000000
                                 0.100943 -0.000000  0.036377 -0.000000  0.064302  0.000000 -0.030052 -0.000000  0.018063  0.000000
                                -0.012229 -0.000000  0.006353  0.000000 -0.002087  0.000000 -0.000780 -0.000000 -0.000000 -0.001214
                                 0.000000 -0.000000 -0.000710  0.000000

   6.2   +    -4.3262  -89.8494 -0.000000 -0.000000 -0.000000 -0.000000 -0.000000 -0.000000 -0.000000 -0.000000 -0.000000 -0.000001
                                -0.000001 -0.000004 -0.000013 -0.000039 -0.000101 -0.000146 -0.000018  0.000212  0.000277 -0.000362
                                -0.001784 -0.001084 -0.000739  0.000042 -0.000029  0.000027  0.000136  0.000279  0.000295  0.001384
                                -0.004371 -0.003527 -0.000009 -0.000032  0.000023  0.000002 -0.000000  0.001105  0.000000  0.017248
                                 0.000000  0.108097  0.000000  0.295306  0.000000  0.403120  0.000000  0.334844  0.000000  0.095714
                                 0.000000  0.038105  0.000000  0.067469  0.000000 -0.028909 -0.000000  0.017194  0.000000 -0.011627
                                -0.000000  0.006037  0.000000 -0.001983 -0.000000  0.000783 -0.000000  0.000000  0.001029 -0.000000
                                 0.000000  0.000512 -0.000000 -0.000000

   7.2   0    -1.4853  -25.9715 -0.000001 -0.000000 -0.000001 -0.000001 -0.000004 -0.000007 -0.000015 -0.000029 -0.000056 -0.000185
                                -0.000105 -0.000659 -0.002068 -0.006091 -0.015828 -0.022943 -0.001854  0.036243  0.019140 -0.147870
                                 0.000961  0.039765 -0.179234 -0.912885 -0.198221 -0.012934  0.024237  0.065735 -0.025521 -0.189950
                                 0.287077  0.586960  0.007010  0.020355 -0.016850 -0.001956  0.000355 -0.000001  0.000000 -0.000007
                                 0.000000 -0.000032  0.000000 -0.000092  0.000000  0.000096  0.000000  0.001466  0.000000  0.000299
                                -0.000000 -0.000376  0.000000 -0.000238  0.000000 -0.001973 -0.000000 -0.000449 -0.000000 -0.000029
                                 0.000000  0.000022 -0.000000 -0.000009  0.000000 -0.000035 -0.000000 -0.000000  0.000220 -0.000000
                                -0.000000  0.000325 -0.000000 -0.000000

   8.2   0    -1.1445  -25.8569  0.000000  0.000000  0.000000  0.000000  0.000000  0.000000  0.000000  0.000000  0.000000  0.000001
                                 0.000001  0.000004  0.000012  0.000036  0.000092  0.000134  0.000012 -0.000186 -0.000074  0.001033
                                -0.000032 -0.000364  0.000342 -0.000961 -0.001473  0.000022 -0.000148 -0.000420 -0.000056  0.000822
                                -0.000758 -0.000611 -0.000046 -0.000143  0.000115  0.000012 -0.000002 -0.000269  0.000000 -0.003975
                                 0.000000 -0.026011  0.000000 -0.062337  0.000000 -0.036170  0.000000  0.029131 -0.000000  0.228397
                                -0.000000 -0.028885  0.000000 -0.074847  0.000000  0.495802 -0.000000  0.426081 -0.000000 -0.042640
                                 0.000000  0.032706 -0.000000 -0.010676  0.000000 -0.000164 -0.000000 -0.000000 -0.000112 -0.000000
                                -0.000000  0.000616 -0.000000 -0.000000

                                   1 2py     1 2py     1 2py     1 2py     1 2py     1 2py     1 2py     1 2py     1 2py     1 2py  
                                   1 2py     1 2py     1 2py     1 2py     1 2py     1 2py     1 2py     1 2py     1 2py     1 2py  
                                   1 2py     1 2py     1 2py     1 2py     1 2py     1 2py     1 2py     1 2py     1 2py     1 2py  
                                   1 2py     1 2py     1 2py     1 2py     1 2py     1 2py     1 2py     1 4f1-    1 4f3-    1 4f1- 
                                   1 4f3-    1 4f1-    1 4f3-    1 4f1-    1 4f3-    1 4f1-    1 4f3-    1 4f1-    1 4f3-    1 4f1- 
                                   1 4f3-    1 4f1-    1 4f3-    1 4f1-    1 4f3-    1 4f1-    1 4f3-    1 4f1-    1 4f3-    1 4f1- 
                                   1 4f3-    1 4f1-    1 4f3-    1 4f1-    1 4f3-    1 6h1-    1 6h3-    1 6h5-    1 6h1-    1 6h3- 
                                   1 6h5-    1 6h1-    1 6h3-    1 6h5- 

   1.3   2  -280.4149 -805.8684  0.000012  0.000002  0.000028  0.000033  0.000094  0.000159  0.000333  0.000651  0.001194  0.004145
                                 0.002035  0.014538  0.043310  0.124403  0.296641  0.418987  0.251171  0.023978 -0.015609 -0.041835
                                -0.015446 -0.006537 -0.001046  0.000524 -0.000351  0.000347  0.005357  0.017601  0.040007  0.021417
                                 0.005105  0.004045 -0.000117 -0.000419  0.000305  0.000031 -0.000005  0.000002 -0.000000  0.000015
                                 0.000000  0.000010 -0.000000 -0.000012  0.000000 -0.000015  0.000000 -0.000001  0.000000  0.000001
                                -0.000000  0.000017 -0.000000  0.000010 -0.000000 -0.000001  0.000000  0.000000 -0.000000 -0.000000
                                 0.000000  0.000000 -0.000000 -0.000000  0.000000  0.000003 -0.000000 -0.000000 -0.000001 -0.000000
                                -0.000000  0.000000 -0.000000  0.000000

   2.3   2   -63.7243 -286.6637 -0.000006 -0.000001 -0.000014 -0.000016 -0.000047 -0.000078 -0.000166 -0.000319 -0.000600 -0.002046
                                -0.001082 -0.007252 -0.022318 -0.065643 -0.166596 -0.241756 -0.049829  0.331340  0.374999 -0.026249
                                 0.009915  0.007154  0.001268 -0.000655  0.000446 -0.000445  0.131095  0.205654  0.115646 -0.007051
                                -0.005124 -0.004639  0.000151  0.000539 -0.000393 -0.000040  0.000007  0.000001 -0.000000  0.000018
                                 0.000000  0.000260 -0.000000  0.000482  0.000000  0.000342  0.000000  0.000114  0.000000  0.000015
                                -0.000000 -0.000311 -0.000000 -0.000149 -0.000000 -0.000001  0.000000  0.000000 -0.000000 -0.000000
                                 0.000000  0.000000 -0.000000 -0.000000  0.000000  0.000112  0.000000  0.000000  0.000029  0.000000
                                -0.000000  0.000004 -0.000000  0.000000

   3.3   2   -15.0120 -123.8297  0.000003  0.000001  0.000007  0.000008  0.000022  0.000037  0.000080  0.000152  0.000291  0.000976
                                 0.000541  0.003468  0.010826  0.031900  0.082426  0.119697  0.011898 -0.194163 -0.154935  0.432560
                                 0.141692 -0.139019 -0.020527  0.010313 -0.006962  0.006940 -0.107646 -0.260914  0.097024  0.445019
                                 0.158427  0.082797 -0.002350 -0.008411  0.006134  0.000625 -0.000111  0.000005 -0.000000  0.000079
                                -0.000000  0.000387 -0.000000  0.001397 -0.000000  0.002329 -0.000000  0.001106 -0.000000  0.000287
                                -0.000000  0.001200  0.000000  0.000555  0.000000 -0.000081  0.000000  0.000048 -0.000000 -0.000033
                                 0.000000  0.000017 -0.000000 -0.000006 -0.000000  0.000219  0.000000  0.000000  0.000407  0.000000
                                 0.000000  0.000138 -0.000000 -0.000000

   4.3   2    -3.9797  -54.6955 -0.000001 -0.000000 -0.000003 -0.000003 -0.000009 -0.000016 -0.000033 -0.000063 -0.000122 -0.000408
                                -0.000228 -0.001449 -0.004539 -0.013380 -0.034711 -0.050411 -0.003677  0.085757  0.053774 -0.241320
                                 0.030642  0.274441  0.161751 -0.016542  0.012218 -0.012010  0.049761  0.130175 -0.096272 -0.419126
                                 0.333861  0.427765  0.004032  0.014490 -0.010545 -0.001070  0.000189  0.000004 -0.000000  0.000071
                                -0.000000  0.000466 -0.000000  0.001304 -0.000000  0.002756 -0.000000  0.006078 -0.000000  0.003107
                                -0.000000 -0.000981 -0.000000 -0.000576 -0.000000 -0.000932  0.000000  0.000598 -0.000000 -0.000410
                                 0.000000  0.000214 -0.000000 -0.000070  0.000000  0.000141  0.000000 -0.000000 -0.000025  0.000000
                                -0.000000 -0.000115  0.000000 -0.000000

   5.3   +    -4.2326  -89.4434 -0.000000  0.000000 -0.000000 -0.000000 -0.000000 -0.000000 -0.000000 -0.000000 -0.000000 -0.000000
                                -0.000000 -0.000000 -0.000000 -0.000000 -0.000000 -0.000000 -0.000000  0.000000  0.000000 -0.000000
                                 0.000000  0.000000  0.000000 -0.000000  0.000000 -0.000000  0.000000  0.000000 -0.000000 -0.000000
                                 0.000000  0.000000  0.000000  0.000000 -0.000000 -0.000000  0.000000  0.000000  0.001099  0.000000
                                 0.017176  0.000000  0.107574  0.000000  0.294047  0.000000  0.403405  0.000000  0.339758  0.000000
                                 0.100943  0.000000  0.036377  0.000000  0.064302 -0.000000 -0.030052  0.000000  0.018063 -0.000000
                                -0.012229  0.000000  0.006353 -0.000000 -0.002087  0.000000 -0.000780 -0.000000  0.000000 -0.001214
                                 0.000000  0.000000 -0.000710  0.000000

   6.3   +    -4.3262  -89.8494 -0.000000 -0.000000 -0.000000 -0.000000 -0.000000 -0.000000 -0.000000 -0.000000 -0.000000 -0.000001
                                -0.000001 -0.000004 -0.000013 -0.000039 -0.000101 -0.000146 -0.000018  0.000212  0.000277 -0.000362
                                -0.001784 -0.001084 -0.000739  0.000042 -0.000029  0.000027  0.000136  0.000279  0.000295  0.001384
                                -0.004371 -0.003527 -0.000009 -0.000032  0.000023  0.000002 -0.000000  0.001105 -0.000000  0.017248
                                -0.000000  0.108097 -0.000000  0.295306 -0.000000  0.403120 -0.000000  0.334844 -0.000000  0.095714
                                -0.000000  0.038105 -0.000000  0.067469 -0.000000 -0.028909  0.000000  0.017194 -0.000000 -0.011627
                                 0.000000  0.006037 -0.000000 -0.001983  0.000000  0.000783  0.000000 -0.000000  0.001029  0.000000
                                 0.000000  0.000512  0.000000  0.000000

   7.3   0    -1.4853  -25.9715 -0.000001 -0.000000 -0.000001 -0.000001 -0.000004 -0.000007 -0.000015 -0.000029 -0.000056 -0.000185
                                -0.000105 -0.000659 -0.002068 -0.006091 -0.015828 -0.022943 -0.001854  0.036243  0.019140 -0.147870
                                 0.000961  0.039765 -0.179234 -0.912885 -0.198221 -0.012934  0.024237  0.065735 -0.025521 -0.189950
                                 0.287077  0.586960  0.007010  0.020355 -0.016850 -0.001956  0.000355 -0.000001  0.000000 -0.000007
                                 0.000000 -0.000032  0.000000 -0.000092  0.000000  0.000096  0.000000  0.001466  0.000000  0.000299
                                -0.000000 -0.000376  0.000000 -0.000238  0.000000 -0.001973 -0.000000 -0.000449 -0.000000 -0.000029
                                 0.000000  0.000022  0.000000 -0.000009 -0.000000 -0.000035 -0.000000 -0.000000  0.000220  0.000000
                                -0.000000  0.000325  0.000000 -0.000000

   8.3   0    -1.1445  -25.8569  0.000000  0.000000  0.000000  0.000000  0.000000  0.000000  0.000000  0.000000  0.000000  0.000001
                                 0.000001  0.000004  0.000012  0.000036  0.000092  0.000134  0.000012 -0.000186 -0.000074  0.001033
                                -0.000032 -0.000364  0.000342 -0.000961 -0.001473  0.000022 -0.000148 -0.000420 -0.000056  0.000822
                                -0.000758 -0.000611 -0.000046 -0.000143  0.000115  0.000012 -0.000002 -0.000269 -0.000000 -0.003975
                                -0.000000 -0.026011 -0.000000 -0.062337 -0.000000 -0.036170 -0.000000  0.029131  0.000000  0.228397
                                 0.000000 -0.028885 -0.000000 -0.074847 -0.000000  0.495802  0.000000  0.426081  0.000000 -0.042640
                                -0.000000  0.032706  0.000000 -0.010676 -0.000000 -0.000164  0.000000  0.000000 -0.000112  0.000000
                                -0.000000  0.000616  0.000000 -0.000000

                                   1 3d2-    1 3d2-    1 3d2-    1 3d2-    1 3d2-    1 3d2-    1 3d2-    1 3d2-    1 3d2-    1 3d2- 
                                   1 3d2-    1 3d2-    1 3d2-    1 3d2-    1 3d2-    1 3d2-    1 3d2-    1 3d2-    1 3d2-    1 3d2- 
                                   1 3d2-    1 3d2-    1 3d2-    1 3d2-    1 5g2-    1 5g4-    1 5g2-    1 5g4-    1 5g2-    1 5g4- 
                                   1 5g2-    1 5g4-    1 5g2-    1 5g4-    1 5g2-    1 5g4-    1 5g2-    1 5g4-    1 5g2-    1 5g4- 
                                   1 5g2-    1 5g4- 

   1.4   2   -49.2134 -264.5405  0.000109  0.001341  0.008433  0.038093  0.140176  0.327934  0.475300  0.406434 -0.075679  0.009812
                                 0.005510  0.000618 -0.076953 -0.234874  0.207580 -0.007758 -0.002004 -0.000510  0.000426 -0.000275
                                 0.000157 -0.000057  0.000024 -0.000007 -0.000002 -0.000000 -0.000255  0.000000  0.000019 -0.000000
                                -0.000067  0.000000  0.000034 -0.000000 -0.000022  0.000000  0.000013 -0.000000 -0.000006  0.000000
                                 0.000002 -0.000000

   2.4   2    -9.6958 -109.2156 -0.000053 -0.000650 -0.004148 -0.018762 -0.070953 -0.164665 -0.244090 -0.253414  0.931488  0.396334
                                 0.082415  0.006650  0.102486  0.574068 -0.681219  0.037338 -0.011038 -0.005572  0.004751 -0.003120
                                 0.001792 -0.000651  0.000277 -0.000079 -0.000371 -0.000000  0.000146 -0.000000 -0.000905  0.000000
                                -0.000213  0.000000 -0.000181  0.000000  0.000080  0.000000 -0.000048  0.000000  0.000024  0.000000
                                -0.000008 -0.000000

   3.4   0    -2.1688  -42.5603  0.000019  0.000233  0.001484  0.006738  0.025501  0.059468  0.083606  0.050207 -0.320304 -0.190197
                                -0.014593  0.435847 -0.030601 -0.159822  0.168953  0.182539  0.535762  0.040970  0.021001 -0.015507
                                 0.009401 -0.003529  0.001518 -0.000433  0.000140  0.000000 -0.000271 -0.000000 -0.000168  0.000000
                                 0.000001  0.000000  0.000360  0.000000  0.000117  0.000000  0.000051 -0.000000 -0.000021 -0.000000
                                 0.000008 -0.000000

   4.4   0    -1.1016  -21.3610 -0.000010 -0.000120 -0.000762 -0.003475 -0.013111 -0.030765 -0.040579 -0.002994  0.122968  0.117427
                                 0.065617 -0.217070  0.010176  0.041241 -0.024294 -0.156816 -0.426281  0.614115  0.457920  0.137881
                                -0.039015  0.012869 -0.005291  0.001479 -0.000065  0.000000  0.000148  0.000000  0.000026  0.000000
                                -0.000058 -0.000000  0.000052  0.000000  0.000734  0.000000  0.000763  0.000000  0.000173  0.000000
                                -0.000005  0.000000

                                   1 2pz     1 2pz     1 2pz     1 2pz     1 2pz     1 2pz     1 2pz     1 2pz     1 2pz     1 2pz  
                                   1 2pz     1 2pz     1 2pz     1 2pz     1 2pz     1 2pz     1 2pz     1 2pz     1 2pz     1 2pz  
                                   1 2pz     1 2pz     1 2pz     1 2pz     1 2pz     1 2pz     1 2pz     1 2pz     1 2pz     1 2pz  
                                   1 2pz     1 2pz     1 2pz     1 2pz     1 2pz     1 2pz     1 2pz     1 4f0     1 4f2+    1 4f0  
                                   1 4f2+    1 4f0     1 4f2+    1 4f0     1 4f2+    1 4f0     1 4f2+    1 4f0     1 4f2+    1 4f0  
                                   1 4f2+    1 4f0     1 4f2+    1 4f0     1 4f2+    1 4f0     1 4f2+    1 4f0     1 4f2+    1 4f0  
                                   1 4f2+    1 4f0     1 4f2+    1 4f0     1 4f2+    1 6h2+    1 6h4+    1 6h0     1 6h2+    1 6h4+ 
                                   1 6h0     1 6h2+    1 6h4+    1 6h0  

   1.5   2  -280.4253 -805.8766  0.000012  0.000002  0.000028  0.000033  0.000094  0.000159  0.000333  0.000651  0.001194  0.004145
                                 0.002035  0.014537  0.043309  0.124399  0.296629  0.418972  0.251183  0.023999 -0.015607 -0.041824
                                -0.015441 -0.006536 -0.001046  0.000524 -0.000350  0.000347  0.005372  0.017595  0.039995  0.021411
                                 0.005103  0.004044 -0.000117 -0.000419  0.000305  0.000031 -0.000005  0.000002 -0.000000  0.000014
                                 0.000000  0.000010 -0.000000 -0.000006  0.000000 -0.000010  0.000000 -0.000001  0.000000  0.000000
                                -0.000000  0.000010 -0.000000  0.000006 -0.000000 -0.000000  0.000000  0.000000 -0.000000 -0.000000
                                 0.000000  0.000000 -0.000000 -0.000000  0.000000 -0.000000 -0.000000 -0.000004  0.000000  0.000000
                                 0.000001 -0.000000 -0.000000 -0.000000

   2.5   2   -63.7720 -286.6990 -0.000006 -0.000001 -0.000014 -0.000016 -0.000047 -0.000078 -0.000166 -0.000319 -0.000600 -0.002046
                                -0.001081 -0.007250 -0.022313 -0.065628 -0.166555 -0.241698 -0.049869  0.331138  0.375263 -0.026581
                                 0.009848  0.007147  0.001266 -0.000654  0.000445 -0.000444  0.130964  0.205663  0.116011 -0.007017
                                -0.005124 -0.004634  0.000150  0.000538 -0.000393 -0.000040  0.000007  0.000000 -0.000000  0.000020
                                -0.000000  0.000234 -0.000000  0.000398 -0.000000  0.000234  0.000000  0.000029  0.000000 -0.000007
                                -0.000000 -0.000185  0.000000 -0.000114 -0.000000  0.000005 -0.000000 -0.000003 -0.000000  0.000002
                                 0.000000 -0.000001  0.000000  0.000000  0.000000 -0.000000  0.000000 -0.000250  0.000000  0.000000
                                 0.000015 -0.000000  0.000000 -0.000019

   3.5   2   -15.0716 -123.9243  0.000003  0.000001  0.000007  0.000008  0.000022  0.000037  0.000080  0.000152  0.000291  0.000977
                                 0.000541  0.003469  0.010831  0.031913  0.082459  0.119746  0.011926 -0.194179 -0.155653  0.434833
                                 0.139774 -0.138242 -0.020411  0.010257 -0.006924  0.006902 -0.107574 -0.261051  0.096035  0.446670
                                 0.157190  0.082334 -0.002337 -0.008365  0.006101  0.000621 -0.000110  0.000004  0.000000  0.000044
                                 0.000000  0.000229  0.000000  0.001017 -0.000000  0.001556 -0.000000  0.000438 -0.000000 -0.000005
                                -0.000000  0.000855  0.000000  0.000546  0.000000  0.000012  0.000000 -0.000008  0.000000  0.000006
                                -0.000000 -0.000003 -0.000000  0.000001  0.000000 -0.000000  0.000000 -0.000912  0.000000  0.000000
                                -0.000831 -0.000000  0.000000 -0.000145

   4.5   2    -4.0099  -54.8775 -0.000001 -0.000000 -0.000003 -0.000003 -0.000009 -0.000016 -0.000034 -0.000064 -0.000122 -0.000410
                                -0.000229 -0.001456 -0.004560 -0.013442 -0.034870 -0.050646 -0.003684  0.086334  0.054637 -0.242221
                                 0.038259  0.275377  0.156987 -0.016421  0.011987 -0.011763  0.049879  0.130568 -0.097786 -0.427628
                                 0.341791  0.424035  0.003946  0.014185 -0.010321 -0.001047  0.000185  0.000006 -0.000000  0.000103
                                -0.000000  0.000638 -0.000000  0.001734 -0.000000  0.003477 -0.000000  0.006035 -0.000000  0.003022
                                -0.000000 -0.000571 -0.000000 -0.000311 -0.000000 -0.000888  0.000000  0.000568  0.000000 -0.000389
                                 0.000000  0.000203 -0.000000 -0.000067  0.000000 -0.000000 -0.000000  0.000209 -0.000000 -0.000000
                                -0.000569 -0.000000  0.000000 -0.000763

   5.5   0    -3.0556  -84.7903  0.000000 -0.000000  0.000000 -0.000000  0.000000 -0.000000  0.000000 -0.000000 -0.000000 -0.000000
                                -0.000000 -0.000000 -0.000000 -0.000000 -0.000000 -0.000000 -0.000000  0.000000  0.000000  0.000000
                                 0.000000  0.000000  0.000000 -0.000000 -0.000000 -0.000000  0.000000  0.000000 -0.000000 -0.000000
                                 0.000000  0.000000  0.000000  0.000000 -0.000000 -0.000000  0.000000 -0.000000  0.001012 -0.000000
                                 0.015915 -0.000000  0.099147 -0.000000  0.275041 -0.000000  0.400966 -0.000000  0.377009 -0.000000
                                 0.155297 -0.000000  0.026088 -0.000000  0.042144  0.000000 -0.035968 -0.000000  0.026337  0.000000
                                -0.018125 -0.000000  0.009515  0.000000 -0.003144  0.001436 -0.000000  0.000000  0.002136  0.000000
                                 0.000000  0.001258  0.000000 -0.000000

   6.5   0    -2.9984  -84.4428  0.000000  0.000000  0.000000  0.000000  0.000000  0.000000  0.000000  0.000000  0.000000  0.000000
                                 0.000000  0.000001  0.000002  0.000007  0.000019  0.000025  0.000015 -0.000014 -0.000088 -0.000141
                                -0.000370 -0.001786 -0.003065 -0.000087 -0.000071  0.000079 -0.000053 -0.000082  0.000550  0.001610
                                -0.001879 -0.004789 -0.000029 -0.000100  0.000074  0.000008 -0.000001  0.001007  0.000000  0.015852
                                 0.000000  0.098707  0.000000  0.273986  0.000000  0.400909  0.000000  0.379771  0.000000  0.160474
                                 0.000000  0.024874  0.000000  0.039520  0.000000 -0.036070 -0.000000  0.027034 -0.000000 -0.018612
                                 0.000000  0.009774 -0.000000 -0.003230  0.000000  0.000000 -0.000000 -0.000065  0.000000  0.000000
                                -0.000147  0.000000 -0.000000 -0.000018

                                   1 3d1+    1 3d1+    1 3d1+    1 3d1+    1 3d1+    1 3d1+    1 3d1+    1 3d1+    1 3d1+    1 3d1+ 
                                   1 3d1+    1 3d1+    1 3d1+    1 3d1+    1 3d1+    1 3d1+    1 3d1+    1 3d1+    1 3d1+    1 3d1+ 
                                   1 3d1+    1 3d1+    1 3d1+    1 3d1+    1 5g1+    1 5g3+    1 5g1+    1 5g3+    1 5g1+    1 5g3+ 
                                   1 5g1+    1 5g3+    1 5g1+    1 5g3+    1 5g1+    1 5g3+    1 5g1+    1 5g3+    1 5g1+    1 5g3+ 
                                   1 5g1+    1 5g3+ 

   1.6   2   -49.2285 -264.5679  0.000109  0.001341  0.008433  0.038094  0.140178  0.327940  0.475405  0.406920 -0.076563  0.009640
                                 0.005492  0.000616 -0.076965 -0.235591  0.208431 -0.007791 -0.002008 -0.000507  0.000424 -0.000274
                                 0.000156 -0.000056  0.000024 -0.000007  0.000899 -0.000000 -0.000247  0.000000  0.000442 -0.000000
                                -0.000232  0.000000  0.000164 -0.000000 -0.000101  0.000000  0.000058 -0.000000 -0.000029  0.000000
                                 0.000010 -0.000000

   2.6   2    -9.6910 -109.2404 -0.000053 -0.000650 -0.004146 -0.018750 -0.070909 -0.164561 -0.243956 -0.253344  0.933083  0.396598
                                 0.082185  0.006637  0.102291  0.574053 -0.681667  0.036068 -0.011413 -0.005559  0.004737 -0.003110
                                 0.001787 -0.000649  0.000276 -0.000079  0.002252 -0.000000  0.002696 -0.000000  0.002941  0.000000
                                 0.000487 -0.000000  0.000318  0.000000 -0.000147 -0.000000  0.000088  0.000000 -0.000044 -0.000000
                                 0.000015  0.000000

   3.6   0    -2.1725  -42.5556 -0.000019 -0.000232 -0.001478 -0.006713 -0.025408 -0.059249 -0.083355 -0.050477  0.320553  0.190160
                                 0.014229 -0.435044  0.030553  0.160026 -0.169773 -0.182827 -0.536729 -0.040351 -0.021027  0.015521
                                -0.009407  0.003531 -0.001519  0.000434  0.000766  0.000000  0.000345  0.000000 -0.001315  0.000000
                                -0.002917 -0.000000 -0.001939 -0.000000 -0.000755 -0.000000  0.000030 -0.000000 -0.000046 -0.000000
                                 0.000017 -0.000000

   4.6   0    -1.1031  -21.3867 -0.000010 -0.000120 -0.000762 -0.003472 -0.013099 -0.030737 -0.040555 -0.003090  0.123388  0.117732
                                 0.065500 -0.214594  0.010163  0.041365 -0.024672 -0.157633 -0.427848  0.617216  0.454754  0.137161
                                -0.039084  0.012904 -0.005308  0.001484  0.000385  0.000000  0.000132  0.000000 -0.000798  0.000000
                                -0.001704  0.000000 -0.001344  0.000000 -0.000452  0.000000  0.000373  0.000000  0.000076  0.000000
                                 0.000010  0.000000

                                   1 3d1-    1 3d1-    1 3d1-    1 3d1-    1 3d1-    1 3d1-    1 3d1-    1 3d1-    1 3d1-    1 3d1- 
                                   1 3d1-    1 3d1-    1 3d1-    1 3d1-    1 3d1-    1 3d1-    1 3d1-    1 3d1-    1 3d1-    1 3d1- 
                                   1 3d1-    1 3d1-    1 3d1-    1 3d1-    1 5g1-    1 5g3-    1 5g1-    1 5g3-    1 5g1-    1 5g3- 
                                   1 5g1-    1 5g3-    1 5g1-    1 5g3-    1 5g1-    1 5g3-    1 5g1-    1 5g3-    1 5g1-    1 5g3- 
                                   1 5g1-    1 5g3- 

   1.7   2   -49.2285 -264.5679  0.000109  0.001341  0.008433  0.038094  0.140178  0.327940  0.475405  0.406920 -0.076563  0.009640
                                 0.005492  0.000616 -0.076965 -0.235591  0.208431 -0.007791 -0.002008 -0.000507  0.000424 -0.000274
                                 0.000156 -0.000056  0.000024 -0.000007  0.000899 -0.000000 -0.000247  0.000000  0.000442 -0.000000
                                -0.000232  0.000000  0.000164 -0.000000 -0.000101  0.000000  0.000058 -0.000000 -0.000029  0.000000
                                 0.000010 -0.000000

   2.7   2    -9.6910 -109.2404 -0.000053 -0.000650 -0.004146 -0.018750 -0.070909 -0.164561 -0.243956 -0.253344  0.933083  0.396598
                                 0.082185  0.006637  0.102291  0.574053 -0.681667  0.036068 -0.011413 -0.005559  0.004737 -0.003110
                                 0.001787 -0.000649  0.000276 -0.000079  0.002252 -0.000000  0.002696  0.000000  0.002941  0.000000
                                 0.000487 -0.000000  0.000318  0.000000 -0.000147 -0.000000  0.000088  0.000000 -0.000044 -0.000000
                                 0.000015  0.000000

   3.7   0    -2.1725  -42.5556 -0.000019 -0.000232 -0.001478 -0.006713 -0.025408 -0.059249 -0.083355 -0.050477  0.320553  0.190160
                                 0.014229 -0.435044  0.030553  0.160026 -0.169773 -0.182827 -0.536729 -0.040351 -0.021027  0.015521
                                -0.009407  0.003531 -0.001519  0.000434  0.000766  0.000000  0.000345  0.000000 -0.001315  0.000000
                                -0.002917 -0.000000 -0.001939 -0.000000 -0.000755 -0.000000  0.000030 -0.000000 -0.000046 -0.000000
                                 0.000017 -0.000000

   4.7   0    -1.1031  -21.3867 -0.000010 -0.000120 -0.000762 -0.003472 -0.013099 -0.030737 -0.040555 -0.003090  0.123388  0.117732
                                 0.065500 -0.214594  0.010163  0.041365 -0.024672 -0.157633 -0.427848  0.617216  0.454754  0.137161
                                -0.039084  0.012904 -0.005308  0.001484  0.000385  0.000000  0.000132  0.000000 -0.000798  0.000000
                                -0.001704 -0.000000 -0.001344 -0.000000 -0.000452 -0.000000  0.000373 -0.000000  0.000076 -0.000000
                                 0.000010 -0.000000

                                   1 4f2-    1 4f2-    1 4f2-    1 4f2-    1 4f2-    1 4f2-    1 4f2-    1 4f2-    1 4f2-    1 4f2- 
                                   1 4f2-    1 4f2-    1 4f2-    1 4f2-    1 6h4-    1 6h2-    1 6h4-    1 6h2-    1 6h4-    1 6h2- 


   1.8   0    -3.0556  -84.7903  0.001012  0.015915  0.099147  0.275041  0.400966  0.377009  0.155297  0.026088  0.042144 -0.035968
                                 0.026337 -0.018125  0.009515 -0.003144 -0.000000  0.001436  0.000000  0.002136  0.000000  0.001258

   2.8   0    -1.1230  -25.7167 -0.000289 -0.004338 -0.028068 -0.069512 -0.055602 -0.004422  0.186528 -0.026358 -0.068167  0.500663
                                 0.453542 -0.034749  0.031408 -0.010278  0.000000 -0.000344 -0.000000 -0.000306  0.000000  0.000523

 HOMO      4.5    -4.009886 =    -109.1145eV
 LUMO      5.5    -3.055616 =     -83.1475eV
 LUMO-HOMO         0.954270 =      25.9670eV


 **********************************************************************************************************************************
 DATASETS  * FILE   NREC   LENGTH (MB)   RECORD NAMES
              1      22       22.40       500      610      700      900      950      970     1000      129      960     1700   
                                          VAR    BASINP    GEOM    SYMINP    ZMAT    AOBASIS   BASIS     P2S    ABASIS    OPER   
                                         1101     1401     1411     1412     1650     1100     1400     1410     1200     1210   
                                          SR      EKINR    POTR     PVPR    MOLCAS      S      EKIN      POT      H0       H01  
                                         1080     1600   
                                         AOSYM     SMH  

              2       5        6.41       200      700     1000      520     4202   
                                        OPTIONS   GEOM     BASIS   MCVARS     RHF  

 PROGRAMS   *        TOTAL       RHF       INT
 CPU TIMES  *       337.08      5.84    330.81
 REAL TIME  *       349.28 SEC
 DISK USED  *        11.26 GB      
 SF USED    *         0.14 MB      
 GA USED    *         0.00 MB       (max)       0.00 MB       (current)
 **********************************************************************************************************************************


 PROGRAM * POP (Mulliken population analysis)

 
 Density matrix read from record         4202.2  Type=RHF/CHARGE (state 1.1)
 
 Population analysis by basis function type

 Unique atom        s        p        d        f        g    Total    Charge
   1  GD      9.99986 23.99947 19.99991  4.00050  0.00023 58.00000  + 6.00000


 **********************************************************************************************************************************
 DATASETS  * FILE   NREC   LENGTH (MB)   RECORD NAMES
              1      22       22.40       500      610      700      900      950      970     1000      129      960     1700   
                                          VAR    BASINP    GEOM    SYMINP    ZMAT    AOBASIS   BASIS     P2S    ABASIS    OPER   
                                         1101     1401     1411     1412     1650     1100     1400     1410     1200     1210   
                                          SR      EKINR    POTR     PVPR    MOLCAS      S      EKIN      POT      H0       H01  
                                         1080     1600   
                                         AOSYM     SMH  

              2       5        6.41       200      700     1000      520     4202   
                                        OPTIONS   GEOM     BASIS   MCVARS     RHF  

 PROGRAMS   *        TOTAL       POP       RHF       INT
 CPU TIMES  *       337.08      0.00      5.84    330.81
 REAL TIME  *       349.30 SEC
 DISK USED  *        11.26 GB      
 SF USED    *         0.14 MB      
 GA USED    *         0.00 MB       (max)       0.00 MB       (current)
 **********************************************************************************************************************************


 PROGRAM * RHF-SCF (OPEN SHELL)       Authors: W. Meyer, H.-J. Werner


 NUMBER OF ELECTRONS:      31+   27-    SPACE SYMMETRY=1    SPIN SYMMETRY: Quintet 
 CONVERGENCE THRESHOLDS:    1.00E-05 (Density)    1.16E-07 (Energy)
 MAX. NUMBER OF ITERATIONS:        0
 INTERPOLATION TYPE:            DIIS
 INTERPOLATION STEPS:              2 (START)      1 (STEP)
 LEVEL SHIFTS:                 -0.60 (CLOSED) -0.30 (OPEN) 

 Number of closed-shell orbitals:   27 (   9   4   4   2   4   2   2   0 )
 Number of open-shell orbitals:      4 (   0   2   2   0   0   0   0   0 )


 Molecular orbitals read from record     4202.2  Type=RHF/CANONICAL (state 1.1)

 Molecular orbital dump at record        2119.2

 ITERATION    DDIFF          GRAD             ENERGY        2-EL.EN.            DIPOLE MOMENTS         DIIS   ORB.
    1      0.000D+00      0.000D+00    -11258.93275953   7858.191407    0.00000    0.00000    0.00000    0    start

 Final alpha occupancy:   9   6   6   2   4   2   2   0
 Final beta  occupancy:   9   4   4   2   4   2   2   0

 !RHF STATE 1.1 Energy               -11258.9327595346    
 Nuclear energy                         0.00000000
 One-electron energy               -15188.02846280
 Two-electron energy                 3929.09570327
 Virial quotient                       -0.78325806
 !RHF STATE 1.1 Dipole moment           0.00000000     0.00000000     0.00000000
 Dipole moment /Debye                   0.00000000     0.00000000     0.00000000

 Orbital energies:

         1.1          2.1          3.1          4.1          5.1          6.1          7.1          8.1          9.1         10.1
  -1859.264763  -314.479277   -74.551605   -49.213401   -49.243057   -18.746733    -9.695802    -9.726441    -5.150019    -2.168801

        11.1
     -2.179140

         1.2          2.2          3.2          4.2          5.2          6.2          7.2          8.2
   -280.414900   -63.724302   -15.011995    -3.979677    -4.232550    -4.326227    -1.485267    -1.144535

         1.3          2.3          3.3          4.3          5.3          6.3          7.3          8.3
   -280.414900   -63.724302   -15.011995    -3.979677    -4.232550    -4.326227    -1.485267    -1.144535

         1.4          2.4          3.4          4.4
    -49.213401    -9.695802    -2.168801    -1.101556

         1.5          2.5          3.5          4.5          5.5          6.5
   -280.425297   -63.771973   -15.071585    -4.009886    -3.055616    -2.998353

         1.6          2.6          3.6          4.6
    -49.228463    -9.690960    -2.172526    -1.103134

         1.7          2.7          3.7          4.7
    -49.228463    -9.690960    -2.172526    -1.103134

         1.8          2.8
     -3.055616    -1.123010

 HOMO      4.5    -4.009886 =    -109.1145eV
 LUMO      5.5    -3.055616 =     -83.1475eV
 LUMO-HOMO         0.954270 =      25.9670eV


 **********************************************************************************************************************************
 DATASETS  * FILE   NREC   LENGTH (MB)   RECORD NAMES
              1      22       22.40       500      610      700      900      950      970     1000      129      960     1700   
                                          VAR    BASINP    GEOM    SYMINP    ZMAT    AOBASIS   BASIS     P2S    ABASIS    OPER   
                                         1101     1401     1411     1412     1650     1100     1400     1410     1200     1210   
                                          SR      EKINR    POTR     PVPR    MOLCAS      S      EKIN      POT      H0       H01  
                                         1080     1600   
                                         AOSYM     SMH  

              2       6       10.32       200      700     1000      520     4202     2119   
                                        OPTIONS   GEOM     BASIS   MCVARS     RHF      RHF  

 PROGRAMS   *        TOTAL       RHF       POP       RHF       INT
 CPU TIMES  *       337.53      0.44      0.00      5.84    330.81
 REAL TIME  *       349.82 SEC
 DISK USED  *        11.26 GB      
 SF USED    *         0.14 MB      
 GA USED    *         0.00 MB       (max)       0.00 MB       (current)
 **********************************************************************************************************************************
 SETTING SCF(10)        =    -11258.93275953  AU                              
 SETTING _CC_NORM_MAX   =         2.00000000                                  


 PROGRAM * CCSD (Restricted open-shell coupled cluster)     Authors: C. Hampel, H.-J. Werner, 1991, M. Deegan, P.J. Knowles, 1992


 Convergence thresholds:  THRVAR = 1.00D-08  THRDEN = 1.16D-06

 CCSD(T)     terms to be evaluated (factor= 1.000)


 Number of closed-shell orbitals:  27 (   9   4   4   2   4   2   2   0 )
 Number of active  orbitals:        4 (   0   2   2   0   0   0   0   0 )
 Number of external orbitals:     450 ( 104  68  68  40  70  40  40  20 )

 Memory could be reduced to 572.60 Mwords without degradation in triples

 Number of N-1 electron functions:              58
 Number of N-2 electron functions:            1653
 Number of singly external CSFs:              4312
 Number of doubly external CSFs:          32973944
 Total number of CSFs:                    32978256

 Molecular orbitals read from record     2119.2  Type=RHF/CANONICAL (state 1.1)

 Integral transformation finished. Total CPU:  13.81 sec, npass=  1  Memory used: 128.54 MW

 Starting RMP2 calculation

 Wavefunction is spin-projected

 ITER.      SQ.NORM     CORR.ENERGY   TOTAL ENERGY   ENERGY CHANGE        DEN1      VAR(S)    VAR(P)  DIIS     TIME
   1      1.10942181    -3.05932014-11261.99207967    -3.05932014    -0.00254005  0.28D-05  0.45D-03  1  1    17.10
   2      1.11050868    -3.06201721-11261.99477674    -0.00269707    -0.00001111  0.29D-07  0.32D-05  2  2    19.85
   3      1.11058803    -3.06213419-11261.99489372    -0.00011698    -0.00000006  0.13D-08  0.19D-07  3  3    22.98
   4      1.11058969    -3.06213420-11261.99489374    -0.00000002    -0.00000000  0.67D-10  0.57D-10  4  4    25.99

 Norm of t1 vector:      0.02372530      S-energy:    -0.00739312      T1 diagnostic:  0.00006934
 Norm of t2 vector:      0.33170288      P-energy:    -3.05474108
                                         Alpha-Beta:  -1.98598691
                                         Alpha-Alpha: -0.58731596
                                         Beta-Beta:   -0.48143822

 Spin contamination <S**2-Sz**2-Sz>     0.00000000
  Reference energy                   -11258.9327595346    
  RHF-RMP2 correlation energy          -3.062134201339
 !RHF-RMP2 energy                    -11261.9948937359    
 (NB above energy spin projected)

 Starting RCCSD calculation

 ITER.      SQ.NORM     CORR.ENERGY   TOTAL ENERGY   ENERGY CHANGE        DEN1      VAR(S)    VAR(P)  DIIS     TIME
   1      1.09465287    -2.88660752-11261.81936705    -2.88660752    -0.03255252  0.42D-03  0.22D-02  0  0    77.77
   2      1.10159358    -2.91783425-11261.85059379    -0.03122674    -0.00178357  0.94D-05  0.38D-03  1  1   128.09
   3      1.10375561    -2.91687173-11261.84963126     0.00096252    -0.00058725  0.34D-05  0.19D-03  2  2   178.77
   4      1.10926558    -2.92019743-11261.85295697    -0.00332570    -0.00020981  0.14D-05  0.64D-04  3  3   229.35
   5      1.11580451    -2.92164351-11261.85440305    -0.00144608    -0.00004813  0.26D-06  0.15D-04  4  4   280.39
   6      1.11825611    -2.92200909-11261.85476863    -0.00036558    -0.00001104  0.23D-07  0.36D-05  5  5   331.46
   7      1.11873474    -2.92207559-11261.85483513    -0.00006650    -0.00000242  0.13D-07  0.74D-06  6  6   382.46
   8      1.11887911    -2.92208482-11261.85484435    -0.00000922    -0.00000092  0.15D-08  0.30D-06  7  7   434.22
   9      1.11897446    -2.92210112-11261.85486066    -0.00001631    -0.00000024  0.21D-08  0.70D-07  8  8   486.51
  10      1.11902445    -2.92210778-11261.85486732    -0.00000666    -0.00000004  0.61D-09  0.11D-07  9  9   539.79
  11      1.11903252    -2.92210956-11261.85486910    -0.00000178    -0.00000001  0.19D-09  0.36D-08 10 10   592.24
  12      1.11903455    -2.92211043-11261.85486996    -0.00000087    -0.00000000  0.56D-10  0.58D-09 11 11   644.86

 Norm of t1 vector:      0.03550197      S-energy:    -0.00704040      T1 diagnostic:  0.00229094
                                                                       D1 diagnostic:  0.00695487
 Norm of t2 vector:      0.34318240      P-energy:    -2.91507003
                                         Alpha-Beta:  -1.92712609
                                         Alpha-Alpha: -0.54518161
                                         Beta-Beta:   -0.44276233

 Doubles amplitudes (print threshold =  0.500E-01):

         I         J         SYM. A    SYM. B    A         B      T(IJ, AB) [Alpha-Alpha]

        20        14         5         8         1         1      0.10689267
        20        14         8         5         1         1     -0.10689267
        21        15         5         8         1         1      0.06007566
        21        15         8         5         1         1     -0.06007566

 Spin contamination <S**2-Sz**2-Sz>     0.00000000

 Memory could be reduced to 621.07 Mwords without degradation in triples
 

  Correlated core orbitals:             1.1       2.1       3.1       4.1       5.1       6.1       7.1       8.1       1.2       2.2
                                        3.2       1.3       2.3       3.3       1.4       2.4       1.5       2.5       3.5       1.6
                                        2.6       1.7       2.7
  Orbital energies:                 -1859.2648 -314.4818  -74.6109  -49.3030  -49.3208  -18.8906   -9.9450   -9.9446 -280.4172  -63.7964
                                      -15.1827 -280.4172  -63.7964  -15.1827  -49.3030   -9.9450 -280.4271  -63.8282  -15.2041  -49.2827
                                       -9.8428  -49.2827   -9.8428
 
  RCCSD core-core energy               -1.940759900806
  RCCSD core-valence energy            -0.626263923641
  RCCSD valence correlation energy     -0.355086605248
 

 RESULTS
 =======

  Reference energy                   -11258.9327595346    
  RCCSD singles energy                 -0.007040403152
  RCCSD pair energy                    -2.915070026543
  RCCSD correlation energy             -2.922110429695
  Triples (T) contribution             -0.039712604567
  Total correlation energy             -2.961823034262
 
  RHF-RCCSD energy                   -11261.8548699643    
  RHF-RCCSD[T] energy                -11261.8948096900    
  RHF-RCCSD-T energy                 -11261.8945272312    
 !RHF-RCCSD(T) energy                -11261.8945825689    

 Program statistics:

 Available memory in ccsd:              1999991902
 Min. memory needed in ccsd:              90360969
 Max. memory used in ccsd:               133165538
 Max. memory used in cckext:             102640997 (12 integral passes)
 Max. memory used in cckint:             128539549 ( 1 integral passes)



 **********************************************************************************************************************************
 DATASETS  * FILE   NREC   LENGTH (MB)   RECORD NAMES
              1      22       22.40       500      610      700      900      950      970     1000      129      960     1700   
                                          VAR    BASINP    GEOM    SYMINP    ZMAT    AOBASIS   BASIS     P2S    ABASIS    OPER   
                                         1101     1401     1411     1412     1650     1100     1400     1410     1200     1210   
                                          SR      EKINR    POTR     PVPR    MOLCAS      S      EKIN      POT      H0       H01  
                                         1080     1600   
                                         AOSYM     SMH  

              2       6       10.32       200      700     1000      520     4202     2119   
                                        OPTIONS   GEOM     BASIS   MCVARS     RHF      RHF  

 PROGRAMS   *        TOTAL  RCCSD(T)       RHF       POP       RHF       INT
 CPU TIMES  *      4352.02   4014.45      0.44      0.00      5.84    330.81
 REAL TIME  *      4584.85 SEC
 DISK USED  *        49.78 GB      
 SF USED    *        12.43 GB      
 GA USED    *         0.00 MB       (max)       0.00 MB       (current)
 **********************************************************************************************************************************
 SETTING CCSD(10)       =    -11261.89458257  AU                              
 Output type csv         
                                                                                                                                                                                                                                                                

          SCF,CCSD
        0.00000,        0.00000
        0.00000,        0.00000
        0.00000,        0.00000
        0.00000,        0.00000
        0.00000,        0.00000
        0.00000,        0.00000
        0.00000,        0.00000
        0.00000,        0.00000
        0.00000,        0.00000
   -11258.93276,   -11261.89458
                                                  

 RCCSD(T)/USERDEF energy= -11261.894582568859

        RCCSD(T)        RHF-SCF         RHF-SCF 
 -11261.89458257 -11258.93275953 -11258.93275953
 **********************************************************************************************************************************
 Molpro calculation terminated
 Variable memory released
