
 Primary working directories    : /global/cscratch1/sd/haihan
 Secondary working directories  : /global/cscratch1/sd/haihan
 Wavefunction directory         : /global/homes/h/haihan/Research/ECP/f_group_element_ecps/Lu/Molpro/atom/AE/dkh/wfu/
 Main file repository           : /global/cscratch1/sd/haihan/

 SHA1      : 19cd028119e0e09f93f0674bd8af7968d9b3eff6
 NAME      : 2015.1.36
 ARCHNAME  : linux/x86_64
 FC        : /opt/cray/pe/craype/2.5.14/bin/ftn
 BLASLIB   : -L/opt/intel/compilers_and_libraries_2018.1.163/linux/mkl/lib/intel64 -Wl,-_start-group -lmkl_intel_ilp64 -lmkl_intel_thread -lmkl_core -Wl,-_end-group -liomp5
 id        : lbl

 Nodes     nprocs
 nid01269     5
 Number of processes for MPI-2 version of Molpro:   nprocs(total)=    6   nprocs(compute)=    5   nprocs(helper)=    1

 Using customized tuning parameters: mindgm=7; mindgv=16; mindgc=1; mindgr=1; noblas=0; minvec=7
 default implementation of scratch files=sf  

 ***,Calculation for Gd atom, singlet and triplet
 memory,2,g
 
 gthresh,twoint=1.e-15
 gthresh,oneint=1.e-15
 
 set,dkroll=1,dkho=10,dkhp=4
 
 
 geometry={
 1
 Lu
 Lu  0.0 0.0 0.0
 }
 
 basis={
 Including file /global/u2/h/haihan/Research/ECP/f_group_element_ecps/Lu/Molpro/atom/AE/dkh/17/../aug-cc-pwCVTZ.basis
 }
 
 
 
 Including file /global/u2/h/haihan/Research/ECP/f_group_element_ecps/Lu/Molpro/atom/AE/dkh/17/../Lu_states_ae.proc
 
 
 do i=17,17
     if (i.eq.1) then
         Id1s2
     else if (i.eq.2) then
         Ip1s2
     else if (i.eq.3) then
 IEd2s1
     else if (i.eq.4) then
         IEf1s2
     else if (i.eq.5) then
         IIds2
     else if (i.eq.6) then
         IId1s1
     else if (i.eq.7) then
         IIIds1
     else if (i.eq.8) then
 IIIp1
     else if (i.eq.9) then
         IIId1
     else if (i.eq.10) then
         IIIEf1
     else if (i.eq.11) then
         VIp6
     else if (i.eq.12) then
         VIIp5
     else if (i.eq.13) then
         VIIIp4
     else if (i.eq.14) then
         IXp3
     else if (i.eq.15) then
         Xp
     else if (i.eq.16) then
         XIds2
     else if (i.eq.17) then
         IIIEf2
     endif
     scf(i)=energy
     _CC_NORM_MAX=2.0
     {rccsd(t),shifts=3.0,shiftp=1.5,thrdis=1.0;diis,2,1,30,2;maxit,100;core}
     ccsd(i)=energy
 enddo
 
 table,scf,ccsd
 type,csv
 save

 Variables initialized (889), CPU time= 0.01 sec
 Commands  initialized (702), CPU time= 0.01 sec, 572 directives.
 Default parameters read. Elapsed time= 0.11 sec

 Checking input...
 Passed
1


                                         ***  PROGRAM SYSTEM MOLPRO  ***
                                       Copyright, TTI GmbH Stuttgart, 2015
                                    Version 2015.1 linked Dec 29 2018 15:55:43


 **********************************************************************************************************************************
 LABEL *   Calculation for Gd atom, singlet and triplet                                  
  64 bit mpp version                                                                     DATE: 22-Mar-23          TIME: 10:57:55  
 **********************************************************************************************************************************

 SHA1:             19cd028119e0e09f93f0674bd8af7968d9b3eff6
 **********************************************************************************************************************************

 THRESHOLDS:

 ZERO    =  1.00D-12  ONEINT  =  1.00D-12  TWOINT  =  1.00D-15  PREFAC  =  1.00D-14  LOCALI  =  1.00D-09  EORDER  =  1.00D-04
 ENERGY  =  0.00D+00  ETEST   =  0.00D+00  EDENS   =  0.00D+00  THRDEDEF=  1.00D-06  GRADIENT=  1.00D-02  STEP    =  1.00D-03
 ORBITAL =  1.00D-05  CIVEC   =  1.00D-05  COEFF   =  1.00D-04  PRINTCI =  5.00D-02  PUNCHCI =  9.90D+01  OPTGRAD =  3.00D-04
 OPTENERG=  1.00D-06  OPTSTEP =  3.00D-04  THRGRAD =  1.00D-10  COMPRESS=  1.00D-11  VARMIN  =  1.00D-07  VARMAX  =  1.00D-03
 THRDOUB =  0.00D+00  THRDIV  =  1.00D-05  THRRED  =  1.00D-07  THRPSP  =  1.00D+00  THRDC   =  1.00D-10  THRCS   =  1.00D-10
 THRNRM  =  1.00D-08  THREQ   =  0.00D+00  THRDE   =  1.00D+00  THRREF  =  1.00D-05  SPARFAC =  1.00D+00  THRDLP  =  1.00D-07
 THRDIA  =  1.00D-10  THRDLS  =  1.00D-07  THRGPS  =  0.00D+00  THRKEX  =  0.00D+00  THRDIS  =  2.00D-01  THRVAR  =  1.00D-10
 THRLOC  =  1.00D-06  THRGAP  =  1.00D-06  THRLOCT = -1.00D+00  THRGAPT = -1.00D+00  THRORB  =  1.00D-06  THRMLTP =  0.00D+00
 THRCPQCI=  1.00D-10  KEXTA   =  0.00D+00  THRCOARS=  0.00D+00  SYMTOL  =  1.00D-06  GRADTOL =  1.00D-06  THROVL  =  1.00D-08
 THRORTH =  1.00D-08  GRID    =  1.00D-06  GRIDMAX =  1.00D-03  DTMAX   =  0.00D+00  THROCCDE=  1.00D-01  THROCCDE=  1.00D-01



 THRESHOLDS:

 ZERO    =  1.00D-12  ONEINT  =  1.00D-15  TWOINT  =  1.00D-15  PREFAC  =  1.00D-14  LOCALI  =  1.00D-09  EORDER  =  1.00D-04
 ENERGY  =  0.00D+00  ETEST   =  0.00D+00  EDENS   =  0.00D+00  THRDEDEF=  1.00D-06  GRADIENT=  1.00D-02  STEP    =  1.00D-03
 ORBITAL =  1.00D-05  CIVEC   =  1.00D-05  COEFF   =  1.00D-04  PRINTCI =  5.00D-02  PUNCHCI =  9.90D+01  OPTGRAD =  3.00D-04
 OPTENERG=  1.00D-06  OPTSTEP =  3.00D-04  THRGRAD =  1.00D-10  COMPRESS=  1.00D-11  VARMIN  =  1.00D-07  VARMAX  =  1.00D-03
 THRDOUB =  0.00D+00  THRDIV  =  1.00D-05  THRRED  =  1.00D-07  THRPSP  =  1.00D+00  THRDC   =  1.00D-10  THRCS   =  1.00D-10
 THRNRM  =  1.00D-08  THREQ   =  0.00D+00  THRDE   =  1.00D+00  THRREF  =  1.00D-05  SPARFAC =  1.00D+00  THRDLP  =  1.00D-07
 THRDIA  =  1.00D-10  THRDLS  =  1.00D-07  THRGPS  =  0.00D+00  THRKEX  =  0.00D+00  THRDIS  =  2.00D-01  THRVAR  =  1.00D-10
 THRLOC  =  1.00D-06  THRGAP  =  1.00D-06  THRLOCT = -1.00D+00  THRGAPT = -1.00D+00  THRORB  =  1.00D-06  THRMLTP =  0.00D+00
 THRCPQCI=  1.00D-10  KEXTA   =  0.00D+00  THRCOARS=  0.00D+00  SYMTOL  =  1.00D-06  GRADTOL =  1.00D-06  THROVL  =  1.00D-08
 THRORTH =  1.00D-08  GRID    =  1.00D-06  GRIDMAX =  1.00D-03  DTMAX   =  0.00D+00  THROCCDE=  1.00D-01  THROCCDE=  1.00D-01


 SETTING DKROLL         =         1.00000000                                  
 SETTING DKHO           =        10.00000000                                  
 SETTING DKHP           =         4.00000000                                  

Geometry recognized as XYZ


 Variable memory set to 2000000000 words,  buffer space   230000 words

 SETTING BASIS          =    USERDEF

 DO I                   =        17.00000000   

 Running procedure=IIIEF2


 Recomputing integrals since basis changed


 Using spherical harmonics



 PROGRAM * SEWARD (Integral evaluation for generally contracted gaussian basis sets)     Author: Roland Lindh, 1990

 Geometry written to block  1 of record 700

 Orientation using atomic masses  
 Molecule type: Atom
 Symmetry elements: X,Y,Z
 Rotational constants:       0.0000000      0.0000000      0.0000000 GHz  (calculated with average atomic masses)

 Point group  D2h 



 ATOMIC COORDINATES

 NR  ATOM    CHARGE       X              Y              Z

   1  LU     71.00    0.000000000    0.000000000    0.000000000

 NUCLEAR CHARGE:                   71
 NUMBER OF PRIMITIVE AOS:         581
 NUMBER OF SYMMETRY AOS:          442
 NUMBER OF CONTRACTIONS:          442   ( 103Ag  +  70B3u +  70B2u +  36B1g +  70B1u +  36B2g +  36B3g +  21Au  )
 NUMBER OF CORE ORBITALS:          23   (   8Ag  +   3B3u +   3B2u +   2B1g +   3B1u +   2B2g +   2B3g +   0Au  )
 NUMBER OF VALENCE ORBITALS:       17   (   4Ag  +   3B3u +   3B2u +   1B1g +   3B1u +   1B2g +   1B3g +   1Au  )


 NUCLEAR REPULSION ENERGY    0.00000000

 One-electron integrals computed with SEWARD

 10nd-order Douglas-Kroll-Hess method activated. McWeeny DKH parametrization is used.

 Computing Douglas-Kroll / X2C integrals

 AO integral compression algorithm  1   Integral accuracy      1.0D-15

     3531.080 MB (compressed) written to integral file ( 42.0%)

     Node minimum: 555.221 MB, node maximum: 882.639 MB


 NUMBER OF SORTED TWO-ELECTRON INTEGRALS:  122769956.     BUFFER LENGTH:  32768
 NUMBER OF SEGMENTS:   4  SEGMENT LENGTH:   31998750      RECORD LENGTH: 524288

 Memory used in sort:      32.56 MW

 SORT1 READ  1050599776. AND WROTE    70509520. INTEGRALS IN    204 RECORDS. CPU TIME:    23.27 SEC, REAL TIME:    27.86 SEC
 SORT2 READ   352987772. AND WROTE   613618504. INTEGRALS IN  16835 RECORDS. CPU TIME:     2.06 SEC, REAL TIME:     3.40 SEC

 Node minimum:   122669171.  Node maximum:   122832014. integrals

 OPERATOR DM      FOR CENTER  0  COORDINATES:    0.000000    0.000000    0.000000

 EXTRA SYMMETRY OF AOS IN SYMMETRY 1:   1 1 1 1 1 1 1 1 1 1   1 1 1 1 1 1 1 1 1 1   1 1 1 1 1 1 1 1 1 1   1 1 1 1 1 1 1 1 2 3
                                        2 3 2 3 2 3 2 3 2 3   2 3 2 3 2 3 2 3 2 3   2 3 2 3 2 3 2 3 2 3   2 3 2 3 2 3 2 3 2 3
                                        2 3 4 5 6 4 5 6 4 5   6 4 5 6 4 5 6 4 5 6   4 5 6
 EXTRA SYMMETRY OF AOS IN SYMMETRY 2:   1 1 1 1 1 1 1 1 1 1   1 1 1 1 1 1 1 1 1 1   1 1 1 1 1 1 1 1 1 1   1 2 3 2 3 2 3 2 3 2
                                        3 2 3 2 3 2 3 2 3 2   3 2 3 2 3 2 3 2 3 2   3 4 5 6 4 5 6 4 5 6
 EXTRA SYMMETRY OF AOS IN SYMMETRY 3:   1 1 1 1 1 1 1 1 1 1   1 1 1 1 1 1 1 1 1 1   1 1 1 1 1 1 1 1 1 1   1 2 3 2 3 2 3 2 3 2
                                        3 2 3 2 3 2 3 2 3 2   3 2 3 2 3 2 3 2 3 2   3 4 5 6 4 5 6 4 5 6
 EXTRA SYMMETRY OF AOS IN SYMMETRY 4:   1 1 1 1 1 1 1 1 1 1   1 1 1 1 1 1 1 1 1 1   1 1 2 3 2 3 2 3 2 3   2 3 2 3 2 3
 EXTRA SYMMETRY OF AOS IN SYMMETRY 5:   1 1 1 1 1 1 1 1 1 1   1 1 1 1 1 1 1 1 1 1   1 1 1 1 1 1 1 1 1 1   1 2 3 2 3 2 3 2 3 2
                                        3 2 3 2 3 2 3 2 3 2   3 2 3 2 3 2 3 2 3 2   3 4 5 6 4 5 6 4 5 6
 EXTRA SYMMETRY OF AOS IN SYMMETRY 6:   1 1 1 1 1 1 1 1 1 1   1 1 1 1 1 1 1 1 1 1   1 1 2 3 2 3 2 3 2 3   2 3 2 3 2 3
 EXTRA SYMMETRY OF AOS IN SYMMETRY 7:   1 1 1 1 1 1 1 1 1 1   1 1 1 1 1 1 1 1 1 1   1 1 2 3 2 3 2 3 2 3   2 3 2 3 2 3
 EXTRA SYMMETRY OF AOS IN SYMMETRY 8:   1 1 1 1 1 1 1 1 1 1   1 1 1 1 1 2 3 2 3 2   3

 Eigenvalues of metric

         1 0.333E-06 0.964E-06 0.340E-05 0.186E-04 0.475E-04 0.703E-04 0.799E-04 0.799E-04
         2 0.960E-06 0.179E-05 0.251E-04 0.110E-03 0.525E-03 0.525E-03 0.534E-03 0.156E-02
         3 0.960E-06 0.179E-05 0.251E-04 0.110E-03 0.525E-03 0.525E-03 0.534E-03 0.156E-02
         4 0.799E-04 0.144E-03 0.223E-02 0.632E-02 0.897E-02 0.238E-01 0.240E-01 0.240E-01
         5 0.960E-06 0.179E-05 0.251E-04 0.110E-03 0.525E-03 0.525E-03 0.534E-03 0.156E-02
         6 0.799E-04 0.144E-03 0.223E-02 0.632E-02 0.897E-02 0.238E-01 0.240E-01 0.240E-01
         7 0.799E-04 0.144E-03 0.223E-02 0.632E-02 0.897E-02 0.238E-01 0.240E-01 0.240E-01
         8 0.525E-03 0.142E-01 0.219E-01 0.528E-01 0.103E+00 0.167E+00 0.268E+00 0.268E+00


 **********************************************************************************************************************************
 DATASETS  * FILE   NREC   LENGTH (MB)   RECORD NAMES
              1      22       22.03       500      610      700      900      950      970     1000      129      960     1700   
                                          VAR    BASINP    GEOM    SYMINP    ZMAT    AOBASIS   BASIS     P2S    ABASIS    OPER   
                                         1101     1401     1411     1412     1650     1100     1400     1410     1200     1210   
                                          SR      EKINR    POTR     PVPR    MOLCAS      S      EKIN      POT      H0       H01  
                                         1080     1600   
                                         AOSYM     SMH  

 PROGRAMS   *        TOTAL       INT
 CPU TIMES  *       201.42    201.19
 REAL TIME  *       212.72 SEC
 DISK USED  *         7.75 GB      
 GA USED    *         0.00 MB       (max)       0.00 MB       (current)
 **********************************************************************************************************************************


 PROGRAM * RHF-SCF (OPEN SHELL)       Authors: W. Meyer, H.-J. Werner


 NUMBER OF ELECTRONS:      36+   34-    SPACE SYMMETRY=4    SPIN SYMMETRY: Triplet 
 CONVERGENCE THRESHOLDS:    1.00E-05 (Density)    1.42E-07 (Energy)
 MAX. NUMBER OF ITERATIONS:       60
 INTERPOLATION TYPE:            DIIS
 INTERPOLATION STEPS:              2 (START)      1 (STEP)
 LEVEL SHIFTS:                 -0.60 (CLOSED) -0.30 (OPEN) 

 Number of closed-shell orbitals:   34 (   9   6   6   2   6   2   2   1 )
 Number of open-shell orbitals:      2 (   0   1   1   0   0   0   0   0 )


 
 Extra symmetries of mos in symmetry 2:   1   1   1   1   3   2   3   2
 Extra symmetries of mos in symmetry 3:   1   1   1   1   3   2   3   2
 Extra symmetries of mos in symmetry 5:   1   1   1   1   3   2   3   2
 Orbital guess generated from atomic densities. Full valence occupancy:   12   6   6   3   6   3   3   1


 Molecular orbital dump at record        4202.2

 ITERATION    DDIFF          GRAD             ENERGY        2-EL.EN.            DIPOLE MOMENTS         DIIS   ORB.
    1      0.000D+00      0.000D+00    -14558.48336865  10708.418191    0.00000    0.00000    0.00000    0    start
    2      0.000D+00      0.137D-01    -14558.56544721  10818.684979    0.00000    0.00000    0.00000    1    diag,B
    3      0.125D-01      0.182D-01    -14558.65099930  10773.806251    0.00000    0.00000    0.00000    2    diag,B
    4      0.418D-02      0.223D-02    -14558.67801678  10769.599394    0.00000    0.00000    0.00000    3    diag,B
    5      0.818D-02      0.854D-03    -14558.70622345  10773.271695    0.00000    0.00000    0.00000    4    diag,B
    6      0.698D-02      0.703D-03    -14558.73065279  10776.173722    0.00000    0.00000    0.00000    5    diag,B
    7      0.480D-02      0.666D-03    -14558.78394542  10785.862656    0.00000    0.00000    0.00000    6    fixocc
    8      0.986D-02      0.324D-03    -14558.79473320  10791.186807    0.00000    0.00000    0.00000    7    diag,B
    9      0.333D-02      0.939D-04    -14558.79593020  10792.170241    0.00000    0.00000    0.00000    8    diag,B
   10      0.618D-03      0.162D-03    -14558.79506434  10792.579397    0.00000    0.00000    0.00000    9    orth
   11      0.764D-03      0.264D-04    -14558.79510806  10792.687239    0.00000    0.00000    0.00000    9    diag,B
   12      0.244D-03      0.291D-04    -14558.79508309  10792.701753    0.00000    0.00000    0.00000    9    diag,B
   13      0.783D-04      0.158D-04    -14558.79508529  10792.633599    0.00000    0.00000    0.00000    9    diag,B
   14      0.148D-03      0.478D-05    -14558.79508526  10792.606066    0.00000    0.00000    0.00000    9    diag,B
   15      0.291D-04      0.143D-05    -14558.79508530  10792.615358    0.00000    0.00000    0.00000    9    diag,B
   16      0.114D-04      0.503D-06    -14558.79508531  10792.618541    0.00000    0.00000    0.00000    9    diag,B
   17      0.593D-05      0.399D-06    -14558.79508532  10792.618134    0.00000    0.00000    0.00000    0    orth

 Final alpha occupancy:   9   7   7   2   6   2   2   1
 Final beta  occupancy:   9   6   6   2   6   2   2   1

 !RHF STATE 1.4 Energy               -14558.7950853164    
 Nuclear energy                         0.00000000
 One-electron energy               -19955.10415242
 Two-electron energy                 5396.30906711
 Virial quotient                       -0.73340795
 !RHF STATE 1.4 Dipole moment           0.00000000     0.00000000     0.00000000
 Dipole moment /Debye                   0.00000000     0.00000000     0.00000000

 ELECTRON ORBITALS
 =================


   Orb  Occ    Energy  Couls-En    Coefficients

                                   1 1s      1 1s      1 1s      1 1s      1 1s      1 1s      1 1s      1 1s      1 1s      1 1s   
                                   1 1s      1 1s      1 1s      1 1s      1 1s      1 1s      1 1s      1 1s      1 1s      1 1s   
                                   1 1s      1 1s      1 1s      1 1s      1 1s      1 1s      1 1s      1 1s      1 1s      1 1s   
                                   1 1s      1 1s      1 1s      1 1s      1 1s      1 1s      1 1s      1 1s      1 3d0     1 3d2+ 
                                   1 3d0     1 3d2+    1 3d0     1 3d2+    1 3d0     1 3d2+    1 3d0     1 3d2+    1 3d0     1 3d2+ 
                                   1 3d0     1 3d2+    1 3d0     1 3d2+    1 3d0     1 3d2+    1 3d0     1 3d2+    1 3d0     1 3d2+ 
                                   1 3d0     1 3d2+    1 3d0     1 3d2+    1 3d0     1 3d2+    1 3d0     1 3d2+    1 3d0     1 3d2+ 
                                   1 3d0     1 3d2+    1 3d0     1 3d2+    1 3d0     1 3d2+    1 3d0     1 3d2+    1 3d0     1 3d2+ 
                                   1 3d0     1 3d2+    1 5g0     1 5g4+    1 5g2+    1 5g0     1 5g4+    1 5g2+    1 5g0     1 5g4+ 
                                   1 5g2+    1 5g0     1 5g4+    1 5g2+    1 5g0     1 5g4+    1 5g2+    1 5g0     1 5g4+    1 5g2+ 
                                   1 5g0     1 5g4+    1 5g2+ 

   1.1   2 -2339.8780-5056.6094  0.000557  0.000534  0.001533  0.002162  0.004338  0.006949  0.012527  0.020942  0.036467  0.061405
                                 0.103343  0.164150  0.236136  0.269729  0.207066  0.077677  0.006033  0.001625 -0.001238 -0.003740
                                 0.001345 -0.003408  0.003340 -0.000987  0.000337 -0.000119  0.000055 -0.000036  0.000027 -0.000028
                                 0.000027 -0.000034  0.000049 -0.000036  0.000014 -0.000005  0.000001 -0.000000  0.000000 -0.000000
                                 0.000000 -0.000000  0.000000 -0.000000  0.000000 -0.000000  0.000000 -0.000000  0.000000 -0.000000
                                 0.000000 -0.000000  0.000000 -0.000000  0.000000 -0.000000 -0.000000  0.000000  0.000000 -0.000000
                                 0.000000 -0.000000  0.000000 -0.000000 -0.000000  0.000000 -0.000000  0.000000  0.000000  0.000000
                                -0.000000  0.000000  0.000000 -0.000000 -0.000000  0.000000  0.000000  0.000000 -0.000000  0.000000
                                 0.000000 -0.000000 -0.000000  0.000000  0.000000  0.000000 -0.000000 -0.000000  0.000000  0.000000
                                 0.000000  0.000000 -0.000000 -0.000000 -0.000000  0.000000  0.000000  0.000000 -0.000000 -0.000000
                                -0.000000 -0.000000 -0.000000

   2.1   2  -403.7552-1092.6314 -0.000208 -0.000200 -0.000574 -0.000812 -0.001633 -0.002630 -0.004775 -0.008076 -0.014296 -0.024711
                                -0.043281 -0.073363 -0.117105 -0.156699 -0.133738  0.052247  0.375345  0.474144  0.225868  0.001379
                                 0.029561  0.000969 -0.000400  0.000128 -0.000199  0.000005 -0.000007  0.000011 -0.000005  0.000006
                                -0.000005  0.000007 -0.000010  0.000007 -0.000003  0.000001 -0.000000  0.000000  0.000000 -0.000000
                                -0.000000 -0.000000  0.000000 -0.000000  0.000000 -0.000000  0.000000 -0.000000  0.000000 -0.000000
                                 0.000000 -0.000000 -0.000000  0.000000  0.000000 -0.000000 -0.000000  0.000000  0.000000 -0.000000
                                -0.000000  0.000000 -0.000000  0.000000  0.000000 -0.000000  0.000000 -0.000000 -0.000000 -0.000000
                                 0.000000 -0.000000 -0.000000  0.000000  0.000000 -0.000000 -0.000000 -0.000000  0.000000 -0.000000
                                -0.000000  0.000000  0.000000 -0.000000 -0.000000  0.000000  0.000000  0.000000 -0.000000 -0.000000
                                -0.000000 -0.000000  0.000000  0.000000  0.000000 -0.000000 -0.000000 -0.000000  0.000000  0.000000
                                 0.000000  0.000000  0.000000

   3.1   2   -94.1275 -385.7481  0.000098  0.000094  0.000271  0.000383  0.000771  0.001244  0.002260  0.003829  0.006797  0.011800
                                 0.020802  0.035658  0.057955  0.079934  0.069998 -0.042321 -0.305939 -0.508443 -0.205880 -0.000303
                                 0.563456  0.609193  0.072955  0.158375  0.001646  0.004072 -0.001317  0.000800 -0.000652  0.000667
                                -0.000634  0.000821 -0.001185  0.000865 -0.000332  0.000126 -0.000032  0.000006  0.000000  0.000000
                                 0.000000  0.000000  0.000000  0.000000  0.000000  0.000000  0.000000  0.000000  0.000001  0.000000
                                 0.000002 -0.000000  0.000004  0.000000  0.000003  0.000000  0.000000 -0.000000  0.000001  0.000000
                                 0.000000 -0.000000  0.000000  0.000000 -0.000000  0.000000 -0.000000  0.000000  0.000000  0.000000
                                -0.000000  0.000000  0.000000 -0.000000 -0.000000  0.000000  0.000000 -0.000000 -0.000000  0.000000
                                 0.000000 -0.000000 -0.000000  0.000000  0.000000  0.000000  0.000000  0.000000 -0.000000 -0.000000
                                -0.000000  0.000000 -0.000000 -0.000000 -0.000000  0.000000  0.000000  0.000000 -0.000000 -0.000000
                                -0.000000 -0.000000 -0.000000

   4.1   2   -61.3684 -329.9809 -0.000000 -0.000000 -0.000000 -0.000000 -0.000000 -0.000000 -0.000000 -0.000000 -0.000000 -0.000000
                                -0.000000 -0.000000 -0.000001 -0.000001 -0.000001  0.000000  0.000003  0.000006  0.000002  0.000000
                                -0.000008 -0.000010 -0.000000  0.000001  0.000003 -0.000000 -0.000001 -0.000000  0.000000  0.000000
                                -0.000000  0.000000 -0.000000  0.000000 -0.000000  0.000000 -0.000000  0.000000  0.000105 -0.000000
                                 0.000790 -0.000000  0.004461 -0.000001  0.019794 -0.000003  0.067754 -0.000010  0.174613 -0.000026
                                 0.315614 -0.000047  0.365640 -0.000055  0.218312 -0.000033 -0.000315  0.000000  0.051459 -0.000008
                                 0.003188 -0.000000  0.000582 -0.000000  0.000003 -0.000000  0.000042 -0.000000 -0.000036  0.000000
                                 0.000128 -0.000000 -0.000184  0.000000  0.000092 -0.000000 -0.000018  0.000000  0.000007 -0.000000
                                -0.000002  0.000000  0.000002  0.000000  0.000000 -0.000000 -0.000000 -0.000000  0.000000  0.000000
                                 0.000000  0.000000  0.000000 -0.000000 -0.000000  0.000000  0.000000  0.000000  0.000000 -0.000000
                                -0.000000  0.000000  0.000000

   5.1   2   -61.3682 -329.9806 -0.000000 -0.000000 -0.000000 -0.000000 -0.000000 -0.000000 -0.000000 -0.000000 -0.000000 -0.000000
                                -0.000000 -0.000000 -0.000000 -0.000000 -0.000000  0.000000  0.000000  0.000000  0.000000 -0.000000
                                -0.000000  0.000000  0.000000 -0.000000 -0.000000  0.000000  0.000000  0.000000 -0.000000 -0.000000
                                -0.000000 -0.000000  0.000000  0.000000  0.000000 -0.000000 -0.000000  0.000000  0.000000  0.000105
                                 0.000000  0.000790  0.000001  0.004461  0.000003  0.019794  0.000010  0.067754  0.000026  0.174613
                                 0.000047  0.315614  0.000055  0.365640  0.000033  0.218311 -0.000000 -0.000315  0.000008  0.051460
                                 0.000000  0.003189  0.000000  0.000582  0.000000  0.000003  0.000000  0.000041 -0.000000 -0.000037
                                 0.000000  0.000128 -0.000000 -0.000184  0.000000  0.000092 -0.000000 -0.000018  0.000000  0.000007
                                -0.000000 -0.000002  0.000000  0.000000  0.000001 -0.000000 -0.000000 -0.000000  0.000000  0.000000
                                 0.000000 -0.000000  0.000000  0.000000  0.000000  0.000000 -0.000000 -0.000000  0.000000  0.000000
                                -0.000000  0.000000  0.000000

   6.1   2   -20.3302 -165.5756 -0.000048 -0.000046 -0.000132 -0.000187 -0.000375 -0.000605 -0.001100 -0.001865 -0.003313 -0.005756
                                -0.010168 -0.017462 -0.028541 -0.039543 -0.035393  0.021409  0.171488  0.300298  0.134489  0.001606
                                -0.530541 -0.848137 -0.003684  0.026042  0.859102  0.510177  0.050637 -0.002397  0.001805 -0.001108
                                 0.000893 -0.001012  0.001396 -0.000995  0.000372 -0.000139  0.000035 -0.000006 -0.000000  0.000000
                                -0.000000  0.000000 -0.000000  0.000000 -0.000001  0.000000 -0.000002  0.000000 -0.000006  0.000000
                                -0.000010  0.000000 -0.000012  0.000000  0.000002 -0.000000 -0.000003  0.000000  0.000026 -0.000000
                                 0.000032 -0.000000  0.000013 -0.000000  0.000002 -0.000000  0.000001 -0.000000  0.000000 -0.000000
                                 0.000000 -0.000000 -0.000000  0.000000  0.000000 -0.000000 -0.000000 -0.000000  0.000000  0.000000
                                -0.000000 -0.000000 -0.000000  0.000000  0.000000 -0.000000  0.000000  0.000000 -0.000000 -0.000000
                                 0.000000 -0.000000  0.000000  0.000000  0.000000 -0.000000 -0.000000 -0.000000  0.000000  0.000000
                                 0.000000  0.000000  0.000000

   7.1   2    -8.7944 -133.4724  0.000000  0.000000  0.000000  0.000000  0.000000  0.000000  0.000000  0.000000  0.000000  0.000000
                                 0.000001  0.000001  0.000002  0.000003  0.000003 -0.000001 -0.000015 -0.000026 -0.000013 -0.000001
                                 0.000052  0.000064  0.000020 -0.000022 -0.000085 -0.000052 -0.000002  0.000036  0.000043 -0.000027
                                 0.000036 -0.000051  0.000071 -0.000049  0.000017 -0.000006  0.000001 -0.000000 -0.000051 -0.000000
                                -0.000386 -0.000000 -0.002186 -0.000000 -0.009780 -0.000001 -0.033897 -0.000002 -0.089035 -0.000005
                                -0.159094 -0.000008 -0.162395 -0.000009  0.049602  0.000003  0.000967  0.000000  0.375509  0.000020
                                 0.460663  0.000024  0.230687  0.000012  0.033415  0.000002 -0.000972 -0.000000  0.001626  0.000000
                                -0.005569 -0.000000  0.007988  0.000000 -0.003990 -0.000000  0.000794  0.000000 -0.000286 -0.000000
                                 0.000076  0.000000  0.000006 -0.000000  0.000000  0.000021  0.000000 -0.000000  0.000033 -0.000000
                                -0.000000  0.000021 -0.000000 -0.000000 -0.000020  0.000000  0.000000  0.000008 -0.000000 -0.000000
                                -0.000002 -0.000000  0.000000

   8.1   2    -8.7937 -133.4746 -0.000000 -0.000000 -0.000000 -0.000000 -0.000000 -0.000000 -0.000000 -0.000000 -0.000000 -0.000000
                                -0.000000 -0.000000 -0.000000 -0.000000 -0.000000 -0.000000  0.000000  0.000000  0.000000  0.000000
                                -0.000000 -0.000000 -0.000000  0.000000  0.000000 -0.000000  0.000000 -0.000000 -0.000000 -0.000000
                                -0.000000 -0.000000  0.000000 -0.000000  0.000000 -0.000000 -0.000000  0.000000  0.000000 -0.000051
                                 0.000000 -0.000386  0.000000 -0.002186  0.000001 -0.009781  0.000002 -0.033898  0.000005 -0.089039
                                 0.000008 -0.159101  0.000009 -0.162401 -0.000003  0.049607 -0.000000  0.000967 -0.000020  0.375529
                                -0.000024  0.460675 -0.000012  0.230676 -0.000002  0.033368  0.000000 -0.000992 -0.000000  0.001621
                                 0.000000 -0.005579 -0.000000  0.007998  0.000000 -0.003997 -0.000000  0.000795  0.000000 -0.000287
                                -0.000000  0.000076 -0.000000  0.000000  0.000004 -0.000000 -0.000000  0.000013 -0.000000 -0.000000
                                 0.000023 -0.000000 -0.000000  0.000017  0.000000  0.000000 -0.000016 -0.000000 -0.000000  0.000007
                                 0.000000 -0.000000 -0.000002

   9.1   2    -3.3354  -69.2268  0.000019  0.000018  0.000051  0.000073  0.000146  0.000236  0.000429  0.000727  0.001291  0.002244
                                 0.003965  0.006812  0.011150  0.015460  0.013917 -0.008383 -0.068982 -0.122175 -0.056810 -0.000789
                                 0.241411  0.429654 -0.029246 -0.022524 -0.623050 -0.566326  0.270476  0.793057  0.352248 -0.022679
                                 0.029421 -0.034272  0.048009 -0.034555  0.013097 -0.004940  0.001257 -0.000222  0.000000 -0.000000
                                 0.000000 -0.000000  0.000001 -0.000000  0.000004 -0.000000  0.000014 -0.000000  0.000039 -0.000000
                                 0.000064 -0.000000  0.000078 -0.000000 -0.000084  0.000000  0.000128 -0.000000 -0.000299  0.000000
                                -0.000154  0.000000 -0.000109  0.000000  0.000540 -0.000000  0.001047 -0.000000 -0.000103  0.000000
                                 0.000408 -0.000000 -0.000622  0.000001  0.000320 -0.000000 -0.000067  0.000000  0.000024 -0.000000
                                -0.000007  0.000000 -0.000000 -0.000000 -0.000000  0.000002 -0.000000 -0.000000 -0.000011  0.000000
                                 0.000000 -0.000070  0.000000  0.000000  0.000071 -0.000000 -0.000000 -0.000022  0.000000  0.000000
                                 0.000008 -0.000000 -0.000000

  10.1   0    -0.4242  -25.7968 -0.000006 -0.000006 -0.000016 -0.000023 -0.000047 -0.000075 -0.000137 -0.000233 -0.000413 -0.000718
                                -0.001268 -0.002182 -0.003564 -0.004964 -0.004371  0.002975  0.021958  0.039651  0.017752 -0.000014
                                -0.077226 -0.152422  0.024457 -0.001097  0.225586  0.208185 -0.109457 -0.431918 -0.457072  0.157889
                                 0.705301  0.594048 -0.272352  0.219006 -0.073944  0.028061 -0.007236  0.001299  0.000002  0.000000
                                 0.000012  0.000000  0.000067  0.000000  0.000299  0.000000  0.001042  0.000000  0.002733  0.000001
                                 0.004904  0.000002  0.004818  0.000002 -0.002213 -0.000001 -0.000753  0.000000 -0.012989 -0.000005
                                -0.016822 -0.000006  0.000438 -0.000000  0.036266  0.000014  0.069983  0.000027  0.083013  0.000028
                                -0.016555  0.000015  0.054002 -0.000001 -0.030895  0.000000  0.006238  0.000001 -0.002478 -0.000000
                                 0.000689  0.000000  0.000002  0.000000  0.000000 -0.000004  0.000000  0.000000  0.000047 -0.000000
                                -0.000000  0.000680 -0.000001 -0.000000  0.000276 -0.000005 -0.000000  0.001930 -0.000005 -0.000000
                                 0.000864  0.000001 -0.000000

  11.1   0    -0.3757  -35.2672 -0.000001 -0.000001 -0.000003 -0.000004 -0.000007 -0.000012 -0.000022 -0.000037 -0.000066 -0.000115
                                -0.000203 -0.000348 -0.000570 -0.000792 -0.000703  0.000459  0.003519  0.006316  0.002870  0.000013
                                -0.012433 -0.023856  0.003243  0.000220  0.035800  0.033682 -0.018019 -0.069140 -0.075548  0.033205
                                 0.102113  0.097177 -0.035651  0.036568 -0.009061  0.003172 -0.000703  0.000113 -0.000010  0.000000
                                -0.000077  0.000000 -0.000438  0.000000 -0.001958  0.000002 -0.006818  0.000007 -0.017893  0.000018
                                -0.032093  0.000032 -0.031551  0.000032  0.014648 -0.000015  0.004640 -0.000004  0.085384 -0.000087
                                 0.110045 -0.000111 -0.003112  0.000003 -0.240422  0.000244 -0.475367  0.000478 -0.452485  0.000456
                                 0.249149 -0.000205 -0.477283  0.000447  0.237915 -0.000205 -0.052588  0.000055  0.019928 -0.000019
                                -0.005522  0.000005 -0.000009 -0.000000  0.000000  0.000024 -0.000000 -0.000000 -0.000273  0.000000
                                 0.000000 -0.004720 -0.000000  0.000004 -0.001813 -0.000004 -0.000001 -0.004599 -0.000002 -0.000000
                                 0.000745  0.000001 -0.000004

                                   1 2px     1 2px     1 2px     1 2px     1 2px     1 2px     1 2px     1 2px     1 2px     1 2px  
                                   1 2px     1 2px     1 2px     1 2px     1 2px     1 2px     1 2px     1 2px     1 2px     1 2px  
                                   1 2px     1 2px     1 2px     1 2px     1 2px     1 2px     1 2px     1 2px     1 2px     1 2px  
                                   1 2px     1 4f1+    1 4f3+    1 4f1+    1 4f3+    1 4f1+    1 4f3+    1 4f1+    1 4f3+    1 4f1+ 
                                   1 4f3+    1 4f1+    1 4f3+    1 4f1+    1 4f3+    1 4f1+    1 4f3+    1 4f1+    1 4f3+    1 4f1+ 
                                   1 4f3+    1 4f1+    1 4f3+    1 4f1+    1 4f3+    1 4f1+    1 4f3+    1 4f1+    1 4f3+    1 4f1+ 
                                   1 4f3+    1 6h1+    1 6h3+    1 6h5+    1 6h1+    1 6h3+    1 6h5+    1 6h1+    1 6h3+    1 6h5+ 


   1.2   2  -355.9363-1008.5753  0.000016  0.000042  0.000122  0.000334  0.000941  0.002702  0.007905  0.022919  0.063093  0.152098
                                 0.288640  0.364197  0.236682  0.055890  0.002700 -0.001238  0.002735 -0.003221  0.002404 -0.000959
                                 0.000193 -0.000195  0.000191 -0.000077  0.000194  0.000014 -0.000009 -0.000193  0.000004 -0.000002
                                 0.000000  0.000000 -0.000000  0.000000 -0.000000  0.000000 -0.000000 -0.000000  0.000000  0.000000
                                 0.000000 -0.000000  0.000000  0.000000 -0.000000 -0.000000 -0.000000  0.000000 -0.000000 -0.000000
                                 0.000000  0.000000  0.000000 -0.000000  0.000000  0.000000 -0.000000 -0.000000  0.000000  0.000000
                                 0.000000  0.000000 -0.000000 -0.000000 -0.000000  0.000000  0.000000  0.000000 -0.000000 -0.000000

   2.2   2   -79.4568 -358.1858 -0.000008 -0.000021 -0.000061 -0.000169 -0.000477 -0.001375 -0.004053 -0.011890 -0.033439 -0.083586
                                -0.167016 -0.215942 -0.041706  0.366902  0.520377  0.209482  0.012467  0.005782  0.014688 -0.005167
                                 0.001592 -0.001588  0.001574 -0.000640  0.001663  0.000117 -0.000075 -0.001649  0.000037 -0.000016
                                 0.000003 -0.000000  0.000000  0.000000 -0.000000  0.000000 -0.000000  0.000001 -0.000000  0.000001
                                 0.000000  0.000000 -0.000000  0.000000  0.000000  0.000000 -0.000000  0.000000 -0.000000  0.000000
                                 0.000000  0.000000  0.000000  0.000000 -0.000000 -0.000000  0.000000  0.000000  0.000000 -0.000000
                                 0.000000  0.000000 -0.000000  0.000000 -0.000000  0.000000 -0.000000 -0.000000  0.000000 -0.000000

   3.2   2   -15.4113 -151.9291  0.000004  0.000010  0.000029  0.000081  0.000229  0.000661  0.001953  0.005739  0.016243  0.040878
                                 0.082946  0.107368  0.004030 -0.274270 -0.415835  0.025747  0.054757  0.530723  0.061650  0.427404
                                 0.092061 -0.015218  0.016953 -0.006329  0.015912  0.001136 -0.000718 -0.015779  0.000354 -0.000150
                                 0.000033  0.000000  0.000000  0.000000  0.000000  0.000001  0.000000  0.000003  0.000000  0.000009
                                 0.000000 -0.000001  0.000000  0.000017  0.000000  0.000016 -0.000000  0.000009 -0.000000  0.000003
                                 0.000000  0.000000  0.000000  0.000000  0.000000 -0.000000 -0.000000  0.000000  0.000000 -0.000000
                                 0.000000 -0.000000  0.000000 -0.000000 -0.000000  0.000000  0.000000 -0.000000 -0.000000  0.000000

   4.2   2    -2.0594  -59.3995 -0.000001 -0.000004 -0.000010 -0.000028 -0.000080 -0.000232 -0.000686 -0.002018 -0.005717 -0.014413
                                -0.029322 -0.037994 -0.000060  0.104797  0.162898 -0.048096  0.005590 -0.325104  0.007885 -0.269897
                                 0.205876  0.560054  0.026286  0.375661  0.125651  0.041006 -0.006825 -0.124206  0.002607 -0.001088
                                 0.000238  0.000001 -0.000000  0.000008 -0.000000  0.000036 -0.000000  0.000113 -0.000000  0.000205
                                -0.000000  0.000046 -0.000000  0.000289 -0.000000  0.000390 -0.000000  0.000288 -0.000000  0.000704
                                -0.000000  0.001116 -0.000000 -0.000031 -0.000000 -0.000008  0.000000 -0.000023  0.000000  0.000005
                                 0.000000 -0.000001  0.000000 -0.000000  0.000002 -0.000000  0.000000 -0.000035  0.000000  0.000000

   5.2   2    -1.4658 -103.7361 -0.000000 -0.000000 -0.000000 -0.000000 -0.000000 -0.000000 -0.000000 -0.000000 -0.000000 -0.000000
                                -0.000000 -0.000000 -0.000000  0.000000  0.000000 -0.000000 -0.000000 -0.000000 -0.000000 -0.000000
                                 0.000000  0.000000 -0.000000  0.000000  0.000001  0.000000 -0.000000 -0.000001  0.000000 -0.000000
                                 0.000000  0.000000  0.000828  0.000000  0.007197  0.000001  0.034292  0.000003  0.104548  0.000006
                                 0.218543 -0.000000 -0.000354  0.000009  0.309142  0.000009  0.320764  0.000007  0.251843  0.000004
                                 0.140016  0.000001  0.035467  0.000000 -0.000680  0.000000  0.001413 -0.000000 -0.000791  0.000000
                                 0.000262  0.000000  0.000019 -0.000000 -0.000000  0.000028 -0.000000  0.000000  0.000153 -0.000000

   6.2   2    -1.4663 -103.6898  0.000000  0.000000  0.000000  0.000000  0.000000  0.000000  0.000001  0.000004  0.000010  0.000026
                                 0.000053  0.000069 -0.000000 -0.000191 -0.000300  0.000112 -0.000054  0.000680 -0.000091  0.000553
                                -0.000494 -0.001095 -0.000333 -0.000279  0.002016  0.000390 -0.000115 -0.002011  0.000045 -0.000019
                                 0.000004  0.000827 -0.000000  0.007193 -0.000000  0.034273 -0.000001  0.104491 -0.000003  0.218417
                                -0.000006 -0.000343  0.000000  0.308976 -0.000009  0.320651 -0.000009  0.251841 -0.000007  0.140402
                                -0.000004  0.036232 -0.000001 -0.000510  0.000000  0.001348 -0.000000 -0.000752  0.000000  0.000258
                                -0.000000  0.000034 -0.000000  0.000000  0.000046 -0.000000 -0.000000  0.000251 -0.000000 -0.000000

   7.2   +    -0.1443  -11.5706 -0.000000 -0.000000 -0.000000 -0.000000 -0.000000 -0.000000 -0.000000 -0.000000 -0.000000 -0.000001
                                -0.000001 -0.000002 -0.000000  0.000005  0.000007  0.000003 -0.000012  0.000005 -0.000023  0.000002
                                 0.000002  0.000064 -0.000054  0.000086  0.000764 -0.000099 -0.000196 -0.000506  0.000080 -0.000028
                                 0.000006  0.000000 -0.000031  0.000000 -0.000281  0.000000 -0.001290  0.000001 -0.004121  0.000001
                                -0.007464  0.000000 -0.001619  0.000001 -0.010281  0.000002 -0.012895  0.000001 -0.004632  0.000000
                                -0.000123 -0.000007  0.052983 -0.000029  0.209538 -0.000046  0.301518 -0.000067  0.457873 -0.000008
                                 0.195641 -0.000000  0.000010 -0.000000  0.000000 -0.000091  0.000000 -0.000000  0.000238 -0.000000

   8.2   0    -0.0434   -8.8211  0.000000  0.000000  0.000000  0.000000  0.000001  0.000002  0.000005  0.000014  0.000040  0.000101
                                 0.000207  0.000265  0.000005 -0.000759 -0.001094 -0.000121  0.001113  0.000508  0.002126  0.000638
                                -0.000933 -0.008199  0.004961 -0.010703  0.123116  0.013110  0.030999 -0.152269  0.012105 -0.093404
                                -0.042241 -0.000018 -0.000000 -0.000165 -0.000000 -0.000743 -0.000000 -0.002426 -0.000001 -0.004089
                                -0.000001 -0.001397 -0.000000 -0.005600 -0.000001 -0.007867 -0.000002 -0.002221 -0.000001 -0.001609
                                -0.000000  0.032133  0.000007  0.089022  0.000028  0.242057  0.000043  0.219270  0.000026  0.622809
                                 0.000074  0.000016 -0.000000  0.000000 -0.000153  0.000000 -0.000000  0.000401 -0.000000 -0.000000

   9.2   0    -0.2551  -19.8440  0.000000  0.000001  0.000003  0.000008  0.000022  0.000063  0.000187  0.000550  0.001563  0.003927
                                 0.008029  0.010314  0.000149 -0.029360 -0.043087 -0.000344  0.032606  0.036783  0.062373  0.037170
                                -0.043300 -0.281349  0.135610 -0.332248 -1.180650  0.326640  0.733030  1.358698 -0.046768  0.023947
                                -0.005712 -0.000001  0.000000 -0.000013  0.000000 -0.000059  0.000000 -0.000196  0.000000 -0.000315
                                 0.000000 -0.000136  0.000000 -0.000430  0.000000 -0.000660  0.000001 -0.000188 -0.000000 -0.000433
                                 0.000001  0.001699 -0.000004  0.015959 -0.000017  0.007228  0.000012 -0.001545  0.000007 -0.001153
                                -0.000001  0.000002 -0.000000 -0.000000 -0.000022  0.000000  0.000000  0.000069 -0.000000 -0.000000

                                   1 2py     1 2py     1 2py     1 2py     1 2py     1 2py     1 2py     1 2py     1 2py     1 2py  
                                   1 2py     1 2py     1 2py     1 2py     1 2py     1 2py     1 2py     1 2py     1 2py     1 2py  
                                   1 2py     1 2py     1 2py     1 2py     1 2py     1 2py     1 2py     1 2py     1 2py     1 2py  
                                   1 2py     1 4f1-    1 4f3-    1 4f1-    1 4f3-    1 4f1-    1 4f3-    1 4f1-    1 4f3-    1 4f1- 
                                   1 4f3-    1 4f1-    1 4f3-    1 4f1-    1 4f3-    1 4f1-    1 4f3-    1 4f1-    1 4f3-    1 4f1- 
                                   1 4f3-    1 4f1-    1 4f3-    1 4f1-    1 4f3-    1 4f1-    1 4f3-    1 4f1-    1 4f3-    1 4f1- 
                                   1 4f3-    1 6h1-    1 6h3-    1 6h5-    1 6h1-    1 6h3-    1 6h5-    1 6h1-    1 6h3-    1 6h5- 


   1.3   2  -355.9363-1008.5753  0.000016  0.000042  0.000122  0.000334  0.000941  0.002702  0.007905  0.022919  0.063093  0.152098
                                 0.288640  0.364197  0.236682  0.055890  0.002700 -0.001238  0.002735 -0.003221  0.002404 -0.000959
                                 0.000193 -0.000195  0.000191 -0.000077  0.000194  0.000014 -0.000009 -0.000193  0.000004 -0.000002
                                 0.000000  0.000000 -0.000000  0.000000 -0.000000  0.000000 -0.000000 -0.000000  0.000000  0.000000
                                -0.000000 -0.000000  0.000000  0.000000 -0.000000 -0.000000  0.000000  0.000000 -0.000000 -0.000000
                                 0.000000  0.000000 -0.000000 -0.000000  0.000000  0.000000 -0.000000 -0.000000  0.000000  0.000000
                                -0.000000  0.000000 -0.000000 -0.000000 -0.000000  0.000000  0.000000  0.000000 -0.000000 -0.000000

   2.3   2   -79.4568 -358.1858 -0.000008 -0.000021 -0.000061 -0.000169 -0.000477 -0.001375 -0.004053 -0.011890 -0.033439 -0.083586
                                -0.167016 -0.215942 -0.041706  0.366902  0.520377  0.209482  0.012467  0.005782  0.014688 -0.005167
                                 0.001592 -0.001588  0.001574 -0.000640  0.001663  0.000117 -0.000075 -0.001649  0.000037 -0.000016
                                 0.000003 -0.000000  0.000000  0.000000  0.000000  0.000000  0.000000  0.000001  0.000000  0.000001
                                 0.000000  0.000000 -0.000000  0.000000  0.000000  0.000000  0.000000  0.000000  0.000000  0.000000
                                -0.000000  0.000000 -0.000000  0.000000 -0.000000 -0.000000 -0.000000  0.000000 -0.000000 -0.000000
                                -0.000000  0.000000  0.000000  0.000000 -0.000000 -0.000000 -0.000000 -0.000000  0.000000  0.000000

   3.3   2   -15.4113 -151.9291  0.000004  0.000010  0.000029  0.000081  0.000229  0.000661  0.001953  0.005739  0.016243  0.040878
                                 0.082946  0.107368  0.004030 -0.274270 -0.415835  0.025747  0.054757  0.530723  0.061650  0.427404
                                 0.092061 -0.015218  0.016953 -0.006329  0.015912  0.001136 -0.000718 -0.015779  0.000354 -0.000150
                                 0.000033  0.000000 -0.000000  0.000000 -0.000000  0.000001 -0.000000  0.000003 -0.000000  0.000009
                                -0.000000 -0.000001  0.000000  0.000017 -0.000000  0.000016 -0.000000  0.000009 -0.000000  0.000003
                                -0.000000  0.000000 -0.000000  0.000000 -0.000000 -0.000000 -0.000000  0.000000 -0.000000 -0.000000
                                -0.000000 -0.000000  0.000000  0.000000 -0.000000  0.000000  0.000000 -0.000000  0.000000  0.000000

   4.3   2    -2.0594  -59.3995 -0.000001 -0.000004 -0.000010 -0.000028 -0.000080 -0.000232 -0.000686 -0.002018 -0.005717 -0.014413
                                -0.029322 -0.037994 -0.000060  0.104797  0.162898 -0.048096  0.005590 -0.325104  0.007885 -0.269897
                                 0.205876  0.560053  0.026286  0.375663  0.125654  0.041006 -0.006826 -0.124209  0.002607 -0.001088
                                 0.000238  0.000001  0.000000  0.000008  0.000000  0.000036  0.000000  0.000113  0.000000  0.000205
                                 0.000000  0.000046 -0.000000  0.000288  0.000000  0.000390  0.000000  0.000288  0.000000  0.000704
                                -0.000000  0.001116 -0.000000 -0.000031  0.000000 -0.000009 -0.000000 -0.000023  0.000000  0.000005
                                -0.000000 -0.000001 -0.000000 -0.000000  0.000002  0.000000  0.000000 -0.000035  0.000000  0.000000

   5.3   2    -1.4658 -103.7361 -0.000000 -0.000000 -0.000000 -0.000000 -0.000000 -0.000000 -0.000000 -0.000000 -0.000000 -0.000000
                                -0.000000 -0.000000  0.000000  0.000000  0.000000 -0.000000  0.000000 -0.000000  0.000000 -0.000000
                                 0.000000  0.000000  0.000001 -0.000001 -0.000002 -0.000000  0.000000  0.000002 -0.000000  0.000000
                                -0.000000 -0.000000  0.000828 -0.000001  0.007197 -0.000003  0.034292 -0.000008  0.104548 -0.000017
                                 0.218543  0.000000 -0.000354 -0.000024  0.309142 -0.000025  0.320764 -0.000019  0.251843 -0.000011
                                 0.140016 -0.000003  0.035467 -0.000000 -0.000680 -0.000000  0.001413  0.000000 -0.000791 -0.000000
                                 0.000262 -0.000000  0.000019 -0.000000 -0.000000  0.000028 -0.000000 -0.000000  0.000153 -0.000000

   6.3   2    -1.4663 -103.6898  0.000000  0.000000  0.000000  0.000000  0.000000  0.000000  0.000001  0.000004  0.000010  0.000026
                                 0.000053  0.000069 -0.000000 -0.000191 -0.000300  0.000112 -0.000054  0.000680 -0.000091  0.000553
                                -0.000494 -0.001094 -0.000333 -0.000279  0.002016  0.000390 -0.000115 -0.002010  0.000045 -0.000019
                                 0.000004  0.000827  0.000000  0.007193  0.000001  0.034273  0.000003  0.104491  0.000008  0.218417
                                 0.000017 -0.000343 -0.000000  0.308976  0.000024  0.320651  0.000025  0.251841  0.000019  0.140402
                                 0.000011  0.036232  0.000003 -0.000510 -0.000000  0.001348  0.000000 -0.000752 -0.000000  0.000258
                                 0.000000  0.000034 -0.000000  0.000000  0.000046 -0.000000 -0.000000  0.000251 -0.000000 -0.000000

   7.3   +    -0.1443  -11.5708  0.000000  0.000000  0.000000  0.000000  0.000000  0.000000  0.000000  0.000000  0.000001  0.000002
                                 0.000005  0.000006  0.000000 -0.000019 -0.000025 -0.000011  0.000046 -0.000019  0.000087 -0.000007
                                -0.000008 -0.000246  0.000204 -0.000330 -0.001939  0.000397  0.000756  0.000881 -0.000379  0.000122
                                -0.000025  0.000000 -0.000031  0.000000 -0.000281  0.000000 -0.001290  0.000000 -0.004122  0.000000
                                -0.007464  0.000000 -0.001619  0.000000 -0.010281  0.000000 -0.012895  0.000000 -0.004632 -0.000000
                                -0.000123 -0.000002  0.052985  0.000001  0.209546 -0.000017  0.301528 -0.000042  0.457871 -0.000011
                                 0.195621 -0.000000  0.000010 -0.000000  0.000000 -0.000091  0.000000 -0.000000  0.000238 -0.000000

   8.3   0    -0.0434   -8.8211  0.000000  0.000000  0.000000  0.000000  0.000001  0.000002  0.000005  0.000014  0.000040  0.000101
                                 0.000207  0.000265  0.000005 -0.000760 -0.001095 -0.000122  0.001114  0.000508  0.002127  0.000638
                                -0.000933 -0.008203  0.004964 -0.010709  0.123378  0.013116  0.031024 -0.152599  0.012101 -0.093317
                                -0.042232 -0.000018  0.000000 -0.000165  0.000000 -0.000743  0.000000 -0.002426  0.000000 -0.004089
                                 0.000000 -0.001398  0.000000 -0.005600  0.000000 -0.007867  0.000000 -0.002221  0.000000 -0.001609
                                 0.000000  0.032133 -0.000002  0.089019 -0.000009  0.242066 -0.000010  0.219240  0.000024  0.622843
                                -0.000040  0.000016 -0.000000 -0.000000 -0.000153  0.000000  0.000000  0.000401 -0.000000 -0.000000

   9.3   0    -0.2551  -19.8438  0.000000  0.000001  0.000003  0.000008  0.000022  0.000063  0.000187  0.000550  0.001563  0.003927
                                 0.008029  0.010314  0.000149 -0.029359 -0.043086 -0.000344  0.032605  0.036784  0.062371  0.037171
                                -0.043301 -0.281345  0.135605 -0.332242 -1.180522  0.326643  0.732996  1.358602 -0.046761  0.023945
                                -0.005712 -0.000001 -0.000000 -0.000013 -0.000000 -0.000059 -0.000000 -0.000196 -0.000001 -0.000315
                                -0.000001 -0.000136 -0.000000 -0.000430 -0.000001 -0.000660 -0.000002 -0.000188 -0.000001 -0.000433
                                -0.000000  0.001700  0.000009  0.015966  0.000045  0.007231  0.000017 -0.001546  0.000004 -0.001153
                                 0.000002  0.000002  0.000000 -0.000000 -0.000022  0.000000  0.000000  0.000069 -0.000000 -0.000000

                                   1 3d2-    1 3d2-    1 3d2-    1 3d2-    1 3d2-    1 3d2-    1 3d2-    1 3d2-    1 3d2-    1 3d2- 
                                   1 3d2-    1 3d2-    1 3d2-    1 3d2-    1 3d2-    1 3d2-    1 3d2-    1 3d2-    1 3d2-    1 3d2- 
                                   1 3d2-    1 3d2-    1 5g2-    1 5g4-    1 5g2-    1 5g4-    1 5g2-    1 5g4-    1 5g2-    1 5g4- 
                                   1 5g2-    1 5g4-    1 5g2-    1 5g4-    1 5g2-    1 5g4- 

   1.4   2   -61.3682 -329.9806  0.000105  0.000790  0.004461  0.019794  0.067754  0.174613  0.315614  0.365640  0.218311 -0.000315
                                 0.051460  0.003189  0.000582  0.000003  0.000041 -0.000037  0.000128 -0.000184  0.000092 -0.000018
                                 0.000007 -0.000002  0.000001  0.000000 -0.000000 -0.000000  0.000000  0.000000  0.000000  0.000000
                                -0.000000  0.000000  0.000000  0.000000  0.000000  0.000000

   2.4   2    -8.7937 -133.4746 -0.000051 -0.000386 -0.002186 -0.009781 -0.033898 -0.089039 -0.159101 -0.162401  0.049607  0.000967
                                 0.375529  0.460675  0.230676  0.033368 -0.000992  0.001621 -0.005579  0.007998 -0.003997  0.000795
                                -0.000287  0.000076  0.000004  0.000000  0.000013 -0.000000  0.000023 -0.000000  0.000017 -0.000000
                                -0.000016  0.000000  0.000007 -0.000000 -0.000002  0.000000

   3.4   0    -0.3735  -35.1641  0.000010  0.000077  0.000440  0.001963  0.006837  0.017946  0.032181  0.031655 -0.014760 -0.004489
                                -0.085783 -0.110274  0.003029  0.241480  0.475757  0.449079 -0.223871  0.461852 -0.213727  0.055913
                                -0.019755  0.005482  0.000006 -0.000000 -0.000012  0.000000  0.000168 -0.000000  0.003022 -0.000001
                                 0.000255  0.000003  0.001048  0.000004 -0.003309  0.000002

   4.4   0    -0.0996  -12.8098 -0.000004 -0.000031 -0.000179 -0.000799 -0.002788 -0.007307 -0.013131 -0.012828  0.005831  0.002511
                                 0.034541  0.045497 -0.002688 -0.103129 -0.221287 -0.156685  0.612630 -0.541632  0.762977  0.282161
                                 0.062735 -0.005936 -0.000003 -0.000000  0.000008  0.000000 -0.000083 -0.000000 -0.001992  0.000001
                                -0.000086 -0.000005  0.000451 -0.000001  0.009415 -0.000014

                                   1 2pz     1 2pz     1 2pz     1 2pz     1 2pz     1 2pz     1 2pz     1 2pz     1 2pz     1 2pz  
                                   1 2pz     1 2pz     1 2pz     1 2pz     1 2pz     1 2pz     1 2pz     1 2pz     1 2pz     1 2pz  
                                   1 2pz     1 2pz     1 2pz     1 2pz     1 2pz     1 2pz     1 2pz     1 2pz     1 2pz     1 2pz  
                                   1 2pz     1 4f0     1 4f2+    1 4f0     1 4f2+    1 4f0     1 4f2+    1 4f0     1 4f2+    1 4f0  
                                   1 4f2+    1 4f0     1 4f2+    1 4f0     1 4f2+    1 4f0     1 4f2+    1 4f0     1 4f2+    1 4f0  
                                   1 4f2+    1 4f0     1 4f2+    1 4f0     1 4f2+    1 4f0     1 4f2+    1 4f0     1 4f2+    1 4f0  
                                   1 4f2+    1 6h2+    1 6h4+    1 6h0     1 6h2+    1 6h4+    1 6h0     1 6h2+    1 6h4+    1 6h0  


   1.5   2  -355.9364-1008.5754  0.000016  0.000042  0.000122  0.000334  0.000941  0.002702  0.007905  0.022919  0.063093  0.152098
                                 0.288640  0.364197  0.236682  0.055890  0.002700 -0.001238  0.002735 -0.003221  0.002404 -0.000959
                                 0.000193 -0.000195  0.000191 -0.000077  0.000194  0.000014 -0.000009 -0.000193  0.000004 -0.000002
                                 0.000000  0.000000 -0.000000  0.000000 -0.000000  0.000000 -0.000000 -0.000000  0.000000  0.000000
                                -0.000000 -0.000000  0.000000  0.000000 -0.000000 -0.000000  0.000000  0.000000 -0.000000 -0.000000
                                 0.000000  0.000000 -0.000000 -0.000000  0.000000  0.000000 -0.000000 -0.000000  0.000000  0.000000
                                -0.000000 -0.000000 -0.000000  0.000000  0.000000  0.000000 -0.000000 -0.000000 -0.000000  0.000000

   2.5   2   -79.4572 -358.1860 -0.000008 -0.000021 -0.000061 -0.000169 -0.000477 -0.001375 -0.004053 -0.011890 -0.033439 -0.083585
                                -0.167016 -0.215942 -0.041707  0.366900  0.520377  0.209484  0.012468  0.005782  0.014688 -0.005167
                                 0.001592 -0.001588  0.001574 -0.000640  0.001663  0.000117 -0.000075 -0.001649  0.000037 -0.000016
                                 0.000003 -0.000000  0.000000  0.000000  0.000000  0.000001 -0.000000  0.000002  0.000000  0.000001
                                 0.000000  0.000000 -0.000000  0.000000  0.000000  0.000000 -0.000000 -0.000000  0.000000 -0.000000
                                 0.000000 -0.000000  0.000000  0.000000  0.000000 -0.000000  0.000000  0.000000  0.000000 -0.000000
                                -0.000000  0.000000  0.000000 -0.000000 -0.000000 -0.000000  0.000000  0.000000 -0.000000 -0.000000

   3.5   2   -15.4121 -151.9287  0.000004  0.000010  0.000029  0.000081  0.000229  0.000661  0.001953  0.005739  0.016242  0.040878
                                 0.082944  0.107365  0.004031 -0.274263 -0.415827  0.025737  0.054758  0.530696  0.061664  0.427398
                                 0.092078 -0.015207  0.016954 -0.006326  0.015910  0.001137 -0.000718 -0.015778  0.000354 -0.000150
                                 0.000033  0.000000 -0.000000  0.000000 -0.000000  0.000001 -0.000000  0.000003 -0.000000  0.000011
                                -0.000000 -0.000002  0.000000  0.000021 -0.000000  0.000020 -0.000000  0.000010 -0.000000  0.000003
                                -0.000000  0.000000 -0.000000  0.000000 -0.000000 -0.000000 -0.000000  0.000000 -0.000000 -0.000000
                                 0.000000  0.000000 -0.000000 -0.000000  0.000000  0.000000 -0.000000  0.000000  0.000000 -0.000000

   4.5   2    -2.0645  -59.3505 -0.000001 -0.000004 -0.000010 -0.000028 -0.000080 -0.000232 -0.000685 -0.002015 -0.005709 -0.014392
                                -0.029280 -0.037939 -0.000064  0.104652  0.162633 -0.047793  0.005061 -0.323747  0.006906 -0.268868
                                 0.204986  0.559652  0.023612  0.378484  0.132898  0.042403 -0.007383 -0.131423  0.002763 -0.001154
                                 0.000252  0.000001 -0.000000  0.000009 -0.000000  0.000040 -0.000000  0.000127 -0.000000  0.000232
                                -0.000000  0.000049 -0.000000  0.000326 -0.000000  0.000436 -0.000000  0.000330 -0.000000  0.000802
                                -0.000000  0.001249 -0.000000  0.000050  0.000000  0.000001 -0.000000 -0.000010  0.000000  0.000004
                                -0.000000 -0.000000 -0.000000 -0.000001  0.000000  0.000000  0.000005  0.000000  0.000000 -0.000050

   5.5   2    -1.4660 -103.7023 -0.000000 -0.000000 -0.000000 -0.000000 -0.000000 -0.000000 -0.000000 -0.000000 -0.000000 -0.000000
                                -0.000000 -0.000000  0.000000  0.000000  0.000000 -0.000000  0.000000 -0.000000  0.000000 -0.000000
                                 0.000000  0.000000  0.000000  0.000000 -0.000000  0.000000  0.000000  0.000000 -0.000000  0.000000
                                -0.000000 -0.000000  0.000827 -0.000001  0.007195 -0.000007  0.034278 -0.000020  0.104506 -0.000042
                                 0.218451  0.000000 -0.000346 -0.000060  0.309022 -0.000062  0.320682 -0.000049  0.251846 -0.000027
                                 0.140293 -0.000007  0.036019  0.000000 -0.000544 -0.000000  0.001370  0.000000 -0.000757 -0.000000
                                 0.000260  0.000028 -0.000000 -0.000000  0.000039 -0.000000 -0.000000  0.000217 -0.000000 -0.000000

   6.5   2    -1.4664 -103.6859  0.000000  0.000000  0.000000  0.000000  0.000000  0.000000  0.000001  0.000004  0.000012  0.000030
                                 0.000060  0.000078 -0.000000 -0.000216 -0.000339  0.000123 -0.000053  0.000755 -0.000089  0.000616
                                -0.000552 -0.001256 -0.000333 -0.000366  0.001783  0.000439 -0.000065 -0.001772  0.000040 -0.000017
                                 0.000004  0.000827  0.000000  0.007193  0.000001  0.034271  0.000007  0.104486  0.000020  0.218406
                                 0.000042 -0.000341 -0.000000  0.308962  0.000060  0.320642  0.000062  0.251841  0.000049  0.140438
                                 0.000027  0.036295  0.000007 -0.000507 -0.000000  0.001342  0.000000 -0.000752 -0.000000  0.000258
                                 0.000000  0.000000  0.000000  0.000035 -0.000000 -0.000000  0.000049  0.000000 -0.000000  0.000261

   7.5   0    -0.0404   -8.7022 -0.000000 -0.000000 -0.000000 -0.000000 -0.000000 -0.000000 -0.000000 -0.000000 -0.000000 -0.000001
                                -0.000002 -0.000002 -0.000000  0.000006  0.000009  0.000002 -0.000013  0.000002 -0.000024 -0.000001
                                 0.000005  0.000077 -0.000057  0.000102 -0.000518 -0.000119 -0.000277  0.000848  0.000767 -0.000806
                                -0.000618 -0.000000 -0.000017 -0.000000 -0.000160 -0.000000 -0.000720 -0.000001 -0.002364 -0.000002
                                -0.003917 -0.000001 -0.001459 -0.000003 -0.005355 -0.000004 -0.007720 -0.000001 -0.002023 -0.000000
                                -0.001814  0.000016  0.032106  0.000051  0.082312  0.000120  0.245242  0.000210  0.188000  0.000252
                                 0.665521  0.000012 -0.000000  0.000000 -0.000109  0.000000 -0.000000  0.000285 -0.000000  0.000000

   8.5   0    -0.0432   -8.1030 -0.000000 -0.000000 -0.000000 -0.000001 -0.000002 -0.000005 -0.000014 -0.000042 -0.000119 -0.000297
                                -0.000611 -0.000778 -0.000024  0.002270  0.003133  0.001143 -0.005153  0.001515 -0.009754  0.000293
                                 0.001353  0.028991 -0.023179  0.038748 -0.087167 -0.044918 -0.098707  0.242593  0.254684 -0.447197
                                -0.208564 -0.000016  0.000000 -0.000150  0.000000 -0.000676  0.000001 -0.002200  0.000002 -0.003754
                                 0.000003 -0.001199  0.000001 -0.005149  0.000004 -0.007094  0.000006 -0.002108  0.000002 -0.001253
                                 0.000002  0.028717 -0.000027  0.081199 -0.000068  0.215464 -0.000208  0.229557 -0.000152  0.540255
                                -0.000586 -0.000000  0.000000  0.000016  0.000000 -0.000000 -0.000154 -0.000000  0.000000  0.000404

                                   1 3d1+    1 3d1+    1 3d1+    1 3d1+    1 3d1+    1 3d1+    1 3d1+    1 3d1+    1 3d1+    1 3d1+ 
                                   1 3d1+    1 3d1+    1 3d1+    1 3d1+    1 3d1+    1 3d1+    1 3d1+    1 3d1+    1 3d1+    1 3d1+ 
                                   1 3d1+    1 3d1+    1 5g1+    1 5g3+    1 5g1+    1 5g3+    1 5g1+    1 5g3+    1 5g1+    1 5g3+ 
                                   1 5g1+    1 5g3+    1 5g1+    1 5g3+    1 5g1+    1 5g3+ 

   1.6   2   -61.3684 -329.9808  0.000105  0.000790  0.004461  0.019794  0.067754  0.174613  0.315614  0.365640  0.218311 -0.000315
                                 0.051459  0.003188  0.000582  0.000003  0.000042 -0.000036  0.000128 -0.000184  0.000092 -0.000018
                                 0.000007 -0.000002  0.000002  0.000000 -0.000000 -0.000000  0.000000 -0.000000  0.000000  0.000000
                                -0.000000 -0.000000  0.000000  0.000000 -0.000000  0.000000

   2.6   2    -8.7942 -133.4727 -0.000051 -0.000386 -0.002186 -0.009781 -0.033897 -0.089036 -0.159095 -0.162396  0.049603  0.000967
                                 0.375514  0.460665  0.230684  0.033406 -0.000975  0.001625 -0.005570  0.007989 -0.003991  0.000795
                                -0.000286  0.000076  0.000006  0.000000  0.000020 -0.000000  0.000030 -0.000000  0.000020  0.000000
                                -0.000019 -0.000000  0.000007  0.000000 -0.000002  0.000000

   3.6   0    -0.3741  -35.5971  0.000010  0.000078  0.000445  0.001988  0.006923  0.018169  0.032587  0.032038 -0.014883 -0.004693
                                -0.086717 -0.111730  0.003162  0.244230  0.482592  0.459421 -0.255121  0.485025 -0.243255  0.053325
                                -0.020264  0.005618  0.000009 -0.000000 -0.000022  0.000000  0.000259 -0.000000  0.004471 -0.000001
                                 0.001785 -0.000001  0.004555 -0.000000 -0.000535 -0.000000

   4.6   0    -0.0871  -12.0465 -0.000004 -0.000028 -0.000158 -0.000706 -0.002461 -0.006448 -0.011596 -0.011308  0.005079  0.002392
                                 0.030337  0.040264 -0.002525 -0.091014 -0.197165 -0.140597  0.563348 -0.485323  0.719692  0.300633
                                 0.085333 -0.005065  0.000001  0.000000 -0.000001 -0.000000 -0.000008  0.000000 -0.004997 -0.000002
                                 0.009212  0.000003  0.000713 -0.000006  0.062551  0.000034

                                   1 3d1-    1 3d1-    1 3d1-    1 3d1-    1 3d1-    1 3d1-    1 3d1-    1 3d1-    1 3d1-    1 3d1- 
                                   1 3d1-    1 3d1-    1 3d1-    1 3d1-    1 3d1-    1 3d1-    1 3d1-    1 3d1-    1 3d1-    1 3d1- 
                                   1 3d1-    1 3d1-    1 5g1-    1 5g3-    1 5g1-    1 5g3-    1 5g1-    1 5g3-    1 5g1-    1 5g3- 
                                   1 5g1-    1 5g3-    1 5g1-    1 5g3-    1 5g1-    1 5g3- 

   1.7   2   -61.3684 -329.9808  0.000105  0.000790  0.004461  0.019794  0.067754  0.174613  0.315614  0.365640  0.218311 -0.000315
                                 0.051459  0.003188  0.000582  0.000003  0.000042 -0.000036  0.000128 -0.000184  0.000092 -0.000018
                                 0.000007 -0.000002  0.000002  0.000000 -0.000000 -0.000000  0.000000  0.000000  0.000000  0.000000
                                -0.000000  0.000000  0.000000  0.000000 -0.000000  0.000000

   2.7   2    -8.7942 -133.4727 -0.000051 -0.000386 -0.002186 -0.009781 -0.033897 -0.089036 -0.159095 -0.162396  0.049603  0.000967
                                 0.375514  0.460665  0.230684  0.033406 -0.000975  0.001625 -0.005570  0.007989 -0.003991  0.000795
                                -0.000286  0.000076  0.000006  0.000000  0.000020 -0.000000  0.000030 -0.000000  0.000020 -0.000000
                                -0.000019  0.000000  0.000007 -0.000000 -0.000002  0.000000

   3.7   0    -0.3741  -35.5972  0.000010  0.000078  0.000445  0.001988  0.006923  0.018169  0.032587  0.032038 -0.014883 -0.004694
                                -0.086717 -0.111731  0.003163  0.244230  0.482595  0.459421 -0.255136  0.485041 -0.243262  0.053326
                                -0.020265  0.005618  0.000009 -0.000000 -0.000022  0.000000  0.000259 -0.000000  0.004470 -0.000001
                                 0.001787  0.000004  0.004556  0.000003 -0.000536  0.000000

   4.7   0    -0.0871  -12.0465 -0.000004 -0.000028 -0.000158 -0.000706 -0.002461 -0.006448 -0.011596 -0.011308  0.005079  0.002392
                                 0.030337  0.040264 -0.002525 -0.091014 -0.197166 -0.140595  0.563360 -0.485333  0.719695  0.300626
                                 0.085337 -0.005065  0.000001 -0.000000 -0.000001  0.000000 -0.000008 -0.000000 -0.004997  0.000002
                                 0.009214 -0.000007  0.000712  0.000001  0.062558 -0.000037

                                   1 4f2-    1 4f2-    1 4f2-    1 4f2-    1 4f2-    1 4f2-    1 4f2-    1 4f2-    1 4f2-    1 4f2- 
                                   1 4f2-    1 4f2-    1 4f2-    1 4f2-    1 4f2-    1 6h4-    1 6h2-    1 6h4-    1 6h2-    1 6h4- 
                                   1 6h2- 

   1.8   2    -1.4660 -103.7023  0.000827  0.007195  0.034278  0.104506  0.218451 -0.000346  0.309022  0.320682  0.251846  0.140293
                                 0.036019 -0.000544  0.001370 -0.000757  0.000260 -0.000000  0.000028 -0.000000  0.000039 -0.000000
                                 0.000217

   2.8   0    -0.0404   -8.7019 -0.000017 -0.000160 -0.000720 -0.002364 -0.003917 -0.001460 -0.005355 -0.007720 -0.002023 -0.001815
                                 0.032108  0.082316  0.245256  0.187885  0.665626 -0.000000  0.000012  0.000000 -0.000109 -0.000000
                                 0.000285

   3.8   0     0.0044   -8.5743  0.000027  0.000223  0.001114  0.003204  0.007848 -0.001722  0.011066  0.008321  0.007736 -0.008083
                                -0.020139 -0.305041  0.124299 -1.310995  1.394741  0.000000 -0.000018 -0.000000  0.000174  0.000000
                                -0.000457

 HOMO      7.2    -0.144348 =      -3.9279eV
 LUMO     10.1    -0.424167 =     -11.5422eV
 LUMO-HOMO        -0.279819 =      -7.6143eV


 **********************************************************************************************************************************
 DATASETS  * FILE   NREC   LENGTH (MB)   RECORD NAMES
              1      22       22.03       500      610      700      900      950      970     1000      129      960     1700   
                                          VAR    BASINP    GEOM    SYMINP    ZMAT    AOBASIS   BASIS     P2S    ABASIS    OPER   
                                         1101     1401     1411     1412     1650     1100     1400     1410     1200     1210   
                                          SR      EKINR    POTR     PVPR    MOLCAS      S      EKIN      POT      H0       H01  
                                         1080     1600   
                                         AOSYM     SMH  

              2       5        6.25       200      700     1000      520     4202   
                                        OPTIONS   GEOM     BASIS   MCVARS     RHF  

 PROGRAMS   *        TOTAL       RHF       INT
 CPU TIMES  *       207.66      6.24    201.19
 REAL TIME  *       222.67 SEC
 DISK USED  *         7.91 GB      
 SF USED    *         0.12 MB      
 GA USED    *         0.00 MB       (max)       0.00 MB       (current)
 **********************************************************************************************************************************


 PROGRAM * POP (Mulliken population analysis)

 
 Density matrix read from record         4202.2  Type=RHF/CHARGE (state 1.4)
 
 Population analysis by basis function type

 Unique atom        s        p        d        f        g    Total    Charge
   1  LU     10.00000 23.99999 20.00000 16.00001  0.00000 70.00000  + 1.00000


 **********************************************************************************************************************************
 DATASETS  * FILE   NREC   LENGTH (MB)   RECORD NAMES
              1      22       22.03       500      610      700      900      950      970     1000      129      960     1700   
                                          VAR    BASINP    GEOM    SYMINP    ZMAT    AOBASIS   BASIS     P2S    ABASIS    OPER   
                                         1101     1401     1411     1412     1650     1100     1400     1410     1200     1210   
                                          SR      EKINR    POTR     PVPR    MOLCAS      S      EKIN      POT      H0       H01  
                                         1080     1600   
                                         AOSYM     SMH  

              2       5        6.25       200      700     1000      520     4202   
                                        OPTIONS   GEOM     BASIS   MCVARS     RHF  

 PROGRAMS   *        TOTAL       POP       RHF       INT
 CPU TIMES  *       207.66      0.00      6.24    201.19
 REAL TIME  *       222.97 SEC
 DISK USED  *         7.91 GB      
 SF USED    *         0.12 MB      
 GA USED    *         0.00 MB       (max)       0.00 MB       (current)
 **********************************************************************************************************************************


 PROGRAM * RHF-SCF (OPEN SHELL)       Authors: W. Meyer, H.-J. Werner


 NUMBER OF ELECTRONS:      36+   34-    SPACE SYMMETRY=4    SPIN SYMMETRY: Triplet 
 CONVERGENCE THRESHOLDS:    1.00E-05 (Density)    1.40E-07 (Energy)
 MAX. NUMBER OF ITERATIONS:        0
 INTERPOLATION TYPE:            DIIS
 INTERPOLATION STEPS:              2 (START)      1 (STEP)
 LEVEL SHIFTS:                 -0.60 (CLOSED) -0.30 (OPEN) 

 Number of closed-shell orbitals:   34 (   9   6   6   2   6   2   2   1 )
 Number of open-shell orbitals:      2 (   0   1   1   0   0   0   0   0 )


 Molecular orbitals read from record     4202.2  Type=RHF/CANONICAL (state 1.4)

 Molecular orbital dump at record        2114.2

 ITERATION    DDIFF          GRAD             ENERGY        2-EL.EN.            DIPOLE MOMENTS         DIIS   ORB.
    1      0.000D+00      0.000D+00    -14558.79508532  10792.618134    0.00000    0.00000    0.00000    0    start

 Final alpha occupancy:   9   7   7   2   6   2   2   1
 Final beta  occupancy:   9   6   6   2   6   2   2   1

 !RHF STATE 1.4 Energy               -14558.7950853164    
 Nuclear energy                         0.00000000
 One-electron energy               -19955.10415242
 Two-electron energy                 5396.30906711
 Virial quotient                       -0.73340795
 !RHF STATE 1.4 Dipole moment           0.00000000     0.00000000     0.00000000
 Dipole moment /Debye                   0.00000000     0.00000000     0.00000000

 Orbital energies:

         1.1          2.1          3.1          4.1          5.1          6.1          7.1          8.1          9.1         10.1
  -2339.878033  -403.755162   -94.127524   -61.368426   -61.368198   -20.330233    -8.794409    -8.793738    -3.335447    -0.424167

        11.1
     -0.375650

         1.2          2.2          3.2          4.2          5.2          6.2          7.2          8.2          9.2
   -355.936270   -79.456780   -15.411327    -2.059436    -1.465759    -1.466320    -0.144348    -0.043440    -0.255120

         1.3          2.3          3.3          4.3          5.3          6.3          7.3          8.3          9.3
   -355.936270   -79.456780   -15.411327    -2.059437    -1.465759    -1.466320    -0.144349    -0.043435    -0.255114

         1.4          2.4          3.4          4.4
    -61.368198    -8.793737    -0.373484    -0.099646

         1.5          2.5          3.5          4.5          5.5          6.5          7.5          8.5
   -355.936385   -79.457163   -15.412150    -2.064478    -1.465959    -1.466428    -0.040436    -0.043171

         1.6          2.6          3.6          4.6
    -61.368355    -8.794218    -0.374106    -0.087112

         1.7          2.7          3.7          4.7
    -61.368355    -8.794218    -0.374106    -0.087109

         1.8          2.8          3.8
     -1.465959    -0.040429     0.004390

 HOMO      7.2    -0.144348 =      -3.9279eV
 LUMO     10.1    -0.424167 =     -11.5422eV
 LUMO-HOMO        -0.279819 =      -7.6143eV


 **********************************************************************************************************************************
 DATASETS  * FILE   NREC   LENGTH (MB)   RECORD NAMES
              1      22       22.03       500      610      700      900      950      970     1000      129      960     1700   
                                          VAR    BASINP    GEOM    SYMINP    ZMAT    AOBASIS   BASIS     P2S    ABASIS    OPER   
                                         1101     1401     1411     1412     1650     1100     1400     1410     1200     1210   
                                          SR      EKINR    POTR     PVPR    MOLCAS      S      EKIN      POT      H0       H01  
                                         1080     1600   
                                         AOSYM     SMH  

              2       6        9.95       200      700     1000      520     4202     2114   
                                        OPTIONS   GEOM     BASIS   MCVARS     RHF      RHF  

 PROGRAMS   *        TOTAL       RHF       POP       RHF       INT
 CPU TIMES  *       208.00      0.34      0.00      6.24    201.19
 REAL TIME  *       223.72 SEC
 DISK USED  *         7.91 GB      
 SF USED    *         0.12 MB      
 GA USED    *         0.00 MB       (max)       0.00 MB       (current)
 **********************************************************************************************************************************
 SETTING SCF(17)        =    -14558.79508532  AU                              
 SETTING _CC_NORM_MAX   =         2.00000000                                  


 PROGRAM * CCSD (Restricted open-shell coupled cluster)     Authors: C. Hampel, H.-J. Werner, 1991, M. Deegan, P.J. Knowles, 1992


 Convergence thresholds:  THRVAR = 1.00D-08  THRDEN = 1.40D-06

 CCSD(T)     terms to be evaluated (factor= 1.000)


 Number of closed-shell orbitals:  34 (   9   6   6   2   6   2   2   1 )
 Number of active  orbitals:        2 (   0   1   1   0   0   0   0   0 )
 Number of external orbitals:     406 (  94  63  63  34  64  34  34  20 )

 Memory could be reduced to 517.92 Mwords without degradation in triples

 Number of N-1 electron functions:              70
 Number of N-2 electron functions:            2415
 Number of singly external CSFs:              4572
 Number of doubly external CSFs:          38677936
 Total number of CSFs:                    38682508

 Molecular orbitals read from record     2114.2  Type=RHF/CANONICAL (state 1.4)

 Integral transformation finished. Total CPU:  12.01 sec, npass=  1  Memory used: 118.50 MW

 Starting RMP2 calculation

 Wavefunction is spin-projected

 ITER.      SQ.NORM     CORR.ENERGY   TOTAL ENERGY   ENERGY CHANGE        DEN1      VAR(S)    VAR(P)  DIIS     TIME
   1      1.17517065    -4.06965730-14562.86474262    -4.06965730    -0.02891259  0.46D-07  0.50D-02  1  1    15.64
   2      1.19572934    -4.10560371-14562.90068902    -0.03594640    -0.00339185  0.12D-07  0.17D-02  2  2    18.81
   3      1.18678148    -4.10618649-14562.90127180    -0.00058278    -0.00252726  0.22D-08  0.20D-02  3  3    22.24
   4      1.19345913    -4.10490391-14562.89998923     0.00128258    -0.00174205  0.49D-08  0.11D-02  4  4    25.89
   5      1.20055158    -4.10720900-14562.90229432    -0.00230509    -0.00126625  0.39D-09  0.84D-03  5  5    29.78
   6      1.19532921    -4.10681038-14562.90189569     0.00039862    -0.00129106  0.16D-09  0.90D-03  6  6    33.96
   7      1.20914122    -4.10546283-14562.90054815     0.00134755    -0.00094120  0.20D-08  0.60D-03  6  3    38.18
   8      1.22420042    -4.10735099-14562.90243631    -0.00188816    -0.00056977  0.36D-08  0.35D-03  6  1    42.42
   9      1.23923835    -4.10917488-14562.90426019    -0.00182389    -0.00040995  0.18D-09  0.26D-03  6  2    46.39
  10      1.24414576    -4.10980989-14562.90489521    -0.00063502    -0.00036103  0.64D-09  0.24D-03  6  4    50.34
  11      1.23956292    -4.10886804-14562.90395336     0.00094185    -0.00036803  0.30D-09  0.25D-03  6  2    54.30
  12      1.24733748    -4.11024873-14562.90533404    -0.00138068    -0.00034293  0.96D-09  0.23D-03  6  6    58.28
  13      1.25965890    -4.11131525-14562.90640057    -0.00106653    -0.00030352  0.28D-09  0.21D-03  6  5    62.45
  14      1.26196249    -4.11199420-14562.90707952    -0.00067895    -0.00029782  0.12D-09  0.21D-03  6  3    66.52
  15      1.28416298    -4.11238989-14562.90747521    -0.00039569    -0.00026611  0.26D-09  0.18D-03  6  1    70.50
  16      1.29941428    -4.11299637-14562.90808169    -0.00060648    -0.00022212  0.53D-09  0.15D-03  6  2    74.43
  17      1.29359044    -4.11221729-14562.90730260     0.00077908    -0.00022038  0.17D-09  0.16D-03  6  4    78.37
  18      1.30342982    -4.11314691-14562.90823223    -0.00092962    -0.00019925  0.17D-09  0.13D-03  6  6    82.37
  19      1.29679173    -4.11306516-14562.90815048     0.00008175    -0.00019361  0.14D-09  0.14D-03  6  4    86.37
  20      1.29974628    -4.11333739-14562.90842271    -0.00027223    -0.00017215  0.17D-09  0.11D-03  6  5    90.38
  21      1.30827051    -4.11348001-14562.90856533    -0.00014262    -0.00015525  0.11D-09  0.10D-03  6  3    95.24
  22      1.30957476    -4.11349686-14562.90858218    -0.00001685    -0.00015121  0.10D-09  0.10D-03  6  1    99.15
  23      1.31423005    -4.11378186-14562.90886718    -0.00028500    -0.00014762  0.20D-09  0.99D-04  6  2   103.04
  24      1.31417294    -4.11379767-14562.90888298    -0.00001581    -0.00014293  0.23D-09  0.96D-04  6  6   106.97
  25      1.31357855    -4.11409246-14562.90917777    -0.00029479    -0.00014378  0.16D-09  0.97D-04  6  4   110.78
  26      1.31035961    -4.11382066-14562.90890597     0.00027180    -0.00013445  0.25D-09  0.90D-04  6  5   114.96
  27      1.31050487    -4.11373402-14562.90881934     0.00008664    -0.00013188  0.15D-09  0.89D-04  6  3   118.87
  28      1.30946335    -4.11375815-14562.90884347    -0.00002413    -0.00013219  0.14D-09  0.90D-04  6  5   122.83
  29      1.30557472    -4.11337690-14562.90846221     0.00038126    -0.00013100  0.14D-09  0.89D-04  6  4   126.73

 Norm of t1 vector:      0.00106643      S-energy:    -0.00000220      T1 diagnostic:  0.00001608
 Norm of t2 vector:      0.55278710      P-energy:    -4.11337470
                                         Alpha-Beta:  -2.60087391
                                         Alpha-Alpha: -0.76514579
                                         Beta-Beta:   -0.74735499

 ?CONVERGENCE NOT REACHED AFTER MAX. ITERATIONS

 Spin contamination <S**2-Sz**2-Sz>     0.00000000
  Reference energy                   -14558.7950853164    
  RHF-RMP2 correlation energy          -4.113376895774
 !RHF-RMP2 energy                    -14562.9084622122    
 (NB above energy spin projected)

 Starting RCCSD calculation

 ITER.      SQ.NORM     CORR.ENERGY   TOTAL ENERGY   ENERGY CHANGE        DEN1      VAR(S)    VAR(P)  DIIS     TIME
   1      1.11971474    -3.56382934-14562.35891466    -3.56382934    -0.12354198  0.17D-02  0.81D-02  1  1   188.78
   2      1.13791994    -3.65046711-14562.44555242    -0.08663777    -0.01239962  0.14D-03  0.26D-02  2  2   253.31
   3      1.13323446    -3.64869189-14562.44377721     0.00177522    -0.00446421  0.14D-03  0.26D-02  3  3   315.77
   4      1.13840077    -3.65919941-14562.45428473    -0.01050752    -0.00433812  0.17D-03  0.21D-02  4  4   377.97
   5      1.14627210    -3.65901980-14562.45410511     0.00017962    -0.00217765  0.71D-04  0.11D-02  5  5   442.16
   6      1.14039758    -3.65474463-14562.44982994     0.00427517    -0.00202460  0.39D-04  0.12D-02  6  6   505.71
   7      1.15090373    -3.66224609-14562.45733141    -0.00750147    -0.00178142  0.55D-04  0.91D-03  7  7   569.56
   8      1.15770822    -3.66228973-14562.45737505    -0.00004364    -0.00126210  0.15D-04  0.69D-03  8  8   632.67
   9      1.15388762    -3.66060602-14562.45569133     0.00168372    -0.00121622  0.95D-05  0.73D-03  9  9   697.55
  10      1.16094688    -3.66227396-14562.45735928    -0.00166795    -0.00112195  0.14D-04  0.62D-03 10 10   764.64
  11      1.15941330    -3.66184109-14562.45692641     0.00043287    -0.00101798  0.13D-04  0.59D-03 11 11   832.20
  12      1.16311476    -3.66324168-14562.45832700    -0.00140059    -0.00100617  0.16D-04  0.56D-03 12 12   899.28
  13      1.16524397    -3.66252078-14562.45760610     0.00072090    -0.00086662  0.22D-04  0.45D-03 13 13   962.99
  14      1.16600525    -3.65920967-14562.45429499     0.00331111    -0.00084134  0.16D-04  0.47D-03 14 14  1028.65
  15      1.17989334    -3.65863962-14562.45372494     0.00057005    -0.00077100  0.27D-04  0.37D-03 15 15  1101.74
  16      1.18162780    -3.65937284-14562.45445816    -0.00073322    -0.00056990  0.16D-04  0.29D-03 15  5  1168.72
  17      1.18760091    -3.65867459-14562.45375990     0.00069826    -0.00055974  0.11D-04  0.32D-03 15  1  1235.29
  18      1.18981151    -3.65862207-14562.45370738     0.00005252    -0.00049492  0.16D-04  0.25D-03 15  3  1302.26
  19      1.19669446    -3.65683373-14562.45191905     0.00178833    -0.00048543  0.11D-04  0.27D-03 15  2  1368.11
  20      1.21882966    -3.65684001-14562.45192533    -0.00000628    -0.00043979  0.18D-04  0.20D-03 15  4  1430.74
  21      1.22366686    -3.65634089-14562.45142620     0.00049913    -0.00031210  0.13D-04  0.14D-03 15  7  1496.14
  22      1.22564385    -3.65596743-14562.45105275     0.00037346    -0.00027076  0.49D-05  0.15D-03 15  6  1563.94
  23      1.23084964    -3.65627424-14562.45135956    -0.00030681    -0.00026360  0.58D-05  0.14D-03 15  8  1628.43
  24      1.23130261    -3.65635490-14562.45144021    -0.00008065    -0.00024859  0.48D-05  0.14D-03 15  9  1713.85
  25      1.23642208    -3.65524281-14562.45032813     0.00111209    -0.00024710  0.50D-05  0.13D-03 15 14  1779.65
  26      1.24400271    -3.65474340-14562.44982871     0.00049941    -0.00021869  0.51D-05  0.11D-03 15 10  1876.56
  27      1.24389146    -3.65477539-14562.44986071    -0.00003199    -0.00019944  0.38D-05  0.11D-03 15  4  1944.20
  28      1.24354037    -3.65496894-14562.45005425    -0.00019355    -0.00020007  0.35D-05  0.11D-03 15 15  2009.57
  29      1.24829612    -3.65444492-14562.44953024     0.00052402    -0.00018963  0.41D-05  0.10D-03 15  2  2074.44
  30      1.24936632    -3.65614055-14562.45122586    -0.00169563    -0.00016939  0.29D-05  0.90D-04 15  5  2139.44
  31      1.24950257    -3.65608399-14562.45116930     0.00005656    -0.00015879  0.22D-05  0.89D-04 15  1  2206.93
  32      1.24900265    -3.65620750-14562.45129281    -0.00012351    -0.00015906  0.22D-05  0.89D-04 15  3  2272.32
  33      1.24964042    -3.65611927-14562.45120458     0.00008823    -0.00015922  0.22D-05  0.89D-04 15 15  2337.50
  34      1.25194594    -3.65581939-14562.45090470     0.00029988    -0.00015844  0.22D-05  0.88D-04 15 13  2404.10
  35      1.25195149    -3.65585925-14562.45094457    -0.00003987    -0.00015572  0.25D-05  0.86D-04 15 10  2473.57
  36      1.25554344    -3.65581232-14562.45089763     0.00004694    -0.00015576  0.24D-05  0.87D-04 15 11  2541.51
  37      1.25861596    -3.65571349-14562.45079881     0.00009883    -0.00015202  0.30D-05  0.81D-04 15 12  2625.02
  38      1.25847875    -3.65575504-14562.45084036    -0.00004155    -0.00014764  0.31D-05  0.79D-04 15 14  2690.74
  39      1.25809864    -3.65556847-14562.45065379     0.00018657    -0.00014579  0.25D-05  0.80D-04 15  4  2755.20
  40      1.25673413    -3.65570752-14562.45079284    -0.00013905    -0.00014342  0.28D-05  0.77D-04 15  6  2821.46
  41      1.25628017    -3.65569832-14562.45078363     0.00000920    -0.00014011  0.25D-05  0.77D-04 15  7  2888.50
  42      1.25677774    -3.65569621-14562.45078153     0.00000210    -0.00014001  0.25D-05  0.77D-04 15  8  2953.88
  43      1.25574935    -3.65580961-14562.45089492    -0.00011339    -0.00014000  0.25D-05  0.76D-04 15  9  3028.99
  44      1.25754645    -3.65572270-14562.45080802     0.00008691    -0.00014008  0.24D-05  0.77D-04 15  8  3093.28
  45      1.25515776    -3.65549796-14562.45058328     0.00022474    -0.00013911  0.25D-05  0.75D-04 15  4  3160.38
  46      1.25564906    -3.65540427-14562.45048959     0.00009369    -0.00013510  0.23D-05  0.74D-04 15  2  3228.40
  47      1.25558515    -3.65547517-14562.45056048    -0.00007090    -0.00013499  0.23D-05  0.74D-04 15  5  3297.29
  48      1.25524812    -3.65531156-14562.45039688     0.00016361    -0.00013522  0.23D-05  0.74D-04 15  3  3364.73
  49      1.25394327    -3.65549785-14562.45058317    -0.00018629    -0.00013480  0.23D-05  0.74D-04 15 11  3431.88
  50      1.25364403    -3.65552712-14562.45061243    -0.00002927    -0.00013340  0.21D-05  0.74D-04 15 14  3497.75
  51      1.25448040    -3.65526427-14562.45034959     0.00026285    -0.00013351  0.21D-05  0.74D-04 15 10  3562.34
  52      1.25534073    -3.65545894-14562.45054426    -0.00019467    -0.00013337  0.22D-05  0.74D-04 15 13  3628.11
  53      1.25544011    -3.65543403-14562.45051935     0.00002491    -0.00013327  0.23D-05  0.73D-04 15  1  3707.69
  54      1.25549429    -3.65545932-14562.45054464    -0.00002529    -0.00013339  0.23D-05  0.73D-04 15  6  3772.94
  55      1.25483909    -3.65551198-14562.45059730    -0.00005266    -0.00013340  0.23D-05  0.73D-04 15 15  3851.55
  56      1.25556702    -3.65547297-14562.45055828     0.00003901    -0.00013361  0.23D-05  0.73D-04 15 12  3918.15
  57      1.25516976    -3.65548656-14562.45057188    -0.00001359    -0.00013357  0.24D-05  0.73D-04 15  6  3984.92
  58      1.25534969    -3.65546617-14562.45055149     0.00002039    -0.00013326  0.23D-05  0.73D-04 15  1  4053.08
  59      1.25518842    -3.65557886-14562.45066417    -0.00011269    -0.00013323  0.23D-05  0.73D-04 15 12  4118.92
  60      1.25473781    -3.65582069-14562.45090600    -0.00024183    -0.00013228  0.23D-05  0.73D-04 15 10  4192.20
  61      1.25567337    -3.65571010-14562.45079542     0.00011058    -0.00013188  0.22D-05  0.73D-04 15 14  4260.16
  62      1.25665727    -3.65542512-14562.45051044     0.00028498    -0.00013112  0.21D-05  0.72D-04 15  1  4336.04
  63      1.25685535    -3.65540898-14562.45049430     0.00001614    -0.00013070  0.22D-05  0.72D-04 15 12  4402.46
  64      1.25721133    -3.65531334-14562.45039866     0.00009564    -0.00013050  0.22D-05  0.72D-04 15 10  4470.93
  65      1.25706304    -3.65529228-14562.45037759     0.00002107    -0.00013028  0.21D-05  0.72D-04 15 13  4539.22
  66      1.25660865    -3.65535045-14562.45043576    -0.00005817    -0.00013014  0.21D-05  0.72D-04 15  6  4609.56
  67      1.25680882    -3.65517971-14562.45026503     0.00017074    -0.00013020  0.21D-05  0.72D-04 15 10  4676.83
  68      1.25717283    -3.65504718-14562.45013249     0.00013254    -0.00012955  0.21D-05  0.72D-04 15 15  4742.20
  69      1.25773443    -3.65496265-14562.45004796     0.00008453    -0.00012700  0.21D-05  0.70D-04 15  2  4805.77
  70      1.25784386    -3.65489388-14562.44997919     0.00006877    -0.00012704  0.23D-05  0.70D-04 15  3  4876.93
  71      1.25860029    -3.65503809-14562.45012340    -0.00014421    -0.00012672  0.23D-05  0.69D-04 15 14  4942.56
  72      1.25741822    -3.65514289-14562.45022821    -0.00010481    -0.00012599  0.24D-05  0.69D-04 15  1  5018.18
  73      1.25925502    -3.65486925-14562.44995456     0.00027364    -0.00012598  0.23D-05  0.69D-04 15 12  5083.63
  74      1.25997402    -3.65511286-14562.45019817    -0.00024361    -0.00012565  0.25D-05  0.68D-04 15  2  5148.90
  75      1.26076004    -3.65502559-14562.45011091     0.00008727    -0.00012378  0.24D-05  0.67D-04 15  8  5215.40
  76      1.26111290    -3.65484276-14562.44992807     0.00018283    -0.00012074  0.20D-05  0.67D-04 15  7  5281.82
  77      1.26032834    -3.65529119-14562.45037650    -0.00044843    -0.00011952  0.20D-05  0.66D-04 15  9  5349.16
  78      1.25959733    -3.65526297-14562.45034829     0.00002821    -0.00011863  0.20D-05  0.65D-04 15  2  5435.99
  79      1.26003758    -3.65485714-14562.44994245     0.00040584    -0.00011851  0.20D-05  0.66D-04 15  4  5501.20
  80      1.25878811    -3.65533527-14562.45042059    -0.00047814    -0.00011811  0.20D-05  0.65D-04 15  7  5568.57
  81      1.25931827    -3.65540337-14562.45048868    -0.00006809    -0.00011706  0.19D-05  0.65D-04 15  2  5635.77
  82      1.25976896    -3.65486181-14562.44994713     0.00054156    -0.00011698  0.20D-05  0.65D-04 15 12  5702.34
  83      1.25507238    -3.65554024-14562.45062556    -0.00067843    -0.00011626  0.21D-05  0.63D-04 15 15  5781.88
  84      1.25459188    -3.65557330-14562.45065862    -0.00003306    -0.00011431  0.19D-05  0.63D-04 15 13  5848.32
  85      1.25581602    -3.65555363-14562.45063894     0.00001968    -0.00011432  0.19D-05  0.63D-04 15  1  5916.14
  86      1.25514410    -3.65562516-14562.45071048    -0.00007154    -0.00011339  0.19D-05  0.63D-04 15 10  5981.90
  87      1.25684734    -3.65555363-14562.45063894     0.00007154    -0.00011336  0.18D-05  0.63D-04 15  6  6062.29
  88      1.25660816    -3.65558088-14562.45066619    -0.00002725    -0.00011282  0.18D-05  0.62D-04 15  9  6125.80
  89      1.25673353    -3.65560984-14562.45069516    -0.00002897    -0.00011237  0.17D-05  0.62D-04 15  8  6204.39
  90      1.25654405    -3.65562684-14562.45071216    -0.00001700    -0.00011241  0.18D-05  0.62D-04 15 14  6272.57
  91      1.25646165    -3.65566034-14562.45074566    -0.00003350    -0.00011197  0.17D-05  0.62D-04 15  3  6342.08
  92      1.25687816    -3.65559781-14562.45068313     0.00006253    -0.00011217  0.16D-05  0.63D-04 15  6  6406.51
  93      1.26034565    -3.65537655-14562.45046187     0.00022126    -0.00011148  0.17D-05  0.62D-04 15  2  6476.02
  94      1.26040743    -3.65536877-14562.45045409     0.00000778    -0.00010903  0.16D-05  0.61D-04 15 10  6542.37
  95      1.25873137    -3.65545644-14562.45054176    -0.00008767    -0.00010904  0.16D-05  0.61D-04 15 12  6609.14
  96      1.26058258    -3.65535136-14562.45043667     0.00010509    -0.00010930  0.16D-05  0.61D-04 15 11  6675.88
  97      1.26059686    -3.65551976-14562.45060508    -0.00016840    -0.00010923  0.18D-05  0.60D-04 15  5  6742.29
